<?xml version="1.0" encoding="UTF-8"?>
<con:testCase id="3932db23-6f62-4012-b9e8-3083abd85478" discardOkResults="true" failOnError="true" failTestCaseOnErrors="true" keepSession="false" name="Test Case 1" searchProperties="true" timeout="0" xmlns:con="http://eviware.com/soapui/config">
  <con:settings>
    <con:setting id="3932db23-6f62-4012-b9e8-3083abd85478fileName">Test-Case-1</con:setting>
  </con:settings>
  <con:savedRecentRuns>1</con:savedRecentRuns>
  <con:testStep type="properties" name="Properties" id="cf142e3d-3f6c-470a-a58c-306776560ab0">
    <con:settings/>
    <con:config xsi:type="con:PropertiesStep" saveFirst="true" xmlns:xsi="http://www.w3.org/2001/XMLSchema-instance">
      <con:properties>
        <con:property>
          <con:name>condition_OrgTypeRWH</con:name>
          <con:value>OrgTypeRWHCondition</con:value>
        </con:property>
        <con:property>
          <con:name>condition_DealerOrShop</con:name>
          <con:value>OrganizationTypeDealerOrShopCondition</con:value>
        </con:property>
        <con:property>
          <con:name>condition_Null</con:name>
          <con:value>NullCondition</con:value>
        </con:property>
        <con:property>
          <con:name>domain_SalesOrganization</con:name>
          <con:value>SOC</con:value>
        </con:property>
        <con:property>
          <con:name>action_CreateSalesOrganization</con:name>
          <con:value>SOC.Create</con:value>
        </con:property>
        <con:property>
          <con:name>profile_CSR</con:name>
          <con:value>CSR</con:value>
        </con:property>
        <con:property>
          <con:name>scope_Null</con:name>
          <con:value>PermitAllScope</con:value>
        </con:property>
        <con:property>
          <con:name>null</con:name>
          <con:value/>
        </con:property>
        <con:property>
          <con:name>random-SoextId</con:name>
          <con:value>ext-${=java.util.UUID.randomUUID()}</con:value>
        </con:property>
        <con:property>
          <con:name>createUser_biSpecCode</con:name>
          <con:value>USERCREATEBISPEC</con:value>
        </con:property>
        <con:property>
          <con:name>random_userExtId</con:name>
          <con:value>ext-${=java.util.UUID.randomUUID()}</con:value>
        </con:property>
        <con:property>
          <con:name>domain_User</con:name>
          <con:value>USR</con:value>
        </con:property>
        <con:property>
          <con:name>action_CreateUser</con:name>
          <con:value>USR.Create</con:value>
        </con:property>
        <con:property>
          <con:name>random_inventoryExtId</con:name>
          <con:value>ext-${=java.util.UUID.randomUUID()}</con:value>
        </con:property>
        <con:property>
          <con:name>random_terminalExtId</con:name>
          <con:value>ext-${=java.util.UUID.randomUUID()}</con:value>
        </con:property>
        <con:property>
          <con:name>product_transfer_biSpec</con:name>
          <con:value>PRD_TRANSFER</con:value>
        </con:property>
        <con:property>
          <con:name>domain_ProductTransfer</con:name>
          <con:value>PT</con:value>
        </con:property>
        <con:property>
          <con:name>action_ProductTransferCreate</con:name>
          <con:value>PT.Create</con:value>
        </con:property>
        <con:property>
          <con:name>false</con:name>
          <con:value>false</con:value>
        </con:property>
        <con:property>
          <con:name>firstname</con:name>
          <con:value>Fender</con:value>
        </con:property>
        <con:property>
          <con:name>lastname</con:name>
          <con:value>Bender</con:value>
        </con:property>
        <con:property>
          <con:name>domain_Inventory</con:name>
          <con:value>INV</con:value>
        </con:property>
        <con:property>
          <con:name>action_CreateInventory</con:name>
          <con:value>INV.Create</con:value>
        </con:property>
        <con:property>
          <con:name>inventoryBiSpec</con:name>
          <con:value>INVROLEBISPEC</con:value>
        </con:property>
        <con:property>
          <con:name>action_UpdateInventory</con:name>
          <con:value>INV.Update</con:value>
        </con:property>
        <con:property>
          <con:name>quantity2</con:name>
          <con:value>2</con:value>
        </con:property>
        <con:property>
          <con:name>random_inventoryName</con:name>
          <con:value>inv-${=java.util.UUID.randomUUID()}</con:value>
        </con:property>
        <con:property>
          <con:name>random_orgName</con:name>
          <con:value>org-${=java.util.UUID.randomUUID()}</con:value>
        </con:property>
        <con:property>
          <con:name>domain_terminal</con:name>
          <con:value>TRM</con:value>
        </con:property>
        <con:property>
          <con:name>action_CreateTerminal</con:name>
          <con:value>TRM.Create</con:value>
        </con:property>
        <con:property>
          <con:name>action_GetTerminal</con:name>
          <con:value>TRM.Get</con:value>
        </con:property>
        <con:property>
          <con:name>action_UpdateTerminal</con:name>
          <con:value>TRM.Update</con:value>
        </con:property>
        <con:property>
          <con:name>action_SubmitTerminal</con:name>
          <con:value>TRM.Submit</con:value>
        </con:property>
        <con:property>
          <con:name>action_ViewTerminal</con:name>
          <con:value>TRM.View</con:value>
        </con:property>
        <con:property>
          <con:name>deleteId</con:name>
          <con:value>7</con:value>
        </con:property>
        <con:property>
          <con:name>name_terminalCreateCreate</con:name>
          <con:value>Terminal Create Create</con:value>
        </con:property>
        <con:property>
          <con:name>statusTrue</con:name>
          <con:value>true</con:value>
        </con:property>
        <con:property>
          <con:name>statusFalse</con:name>
          <con:value>false</con:value>
        </con:property>
        <con:property>
          <con:name>http403</con:name>
          <con:value>403</con:value>
        </con:property>
        <con:property>
          <con:name>http200</con:name>
          <con:value>200</con:value>
        </con:property>
        <con:property>
          <con:name>http400</con:name>
          <con:value>400</con:value>
        </con:property>
        <con:property>
          <con:name>scope_CreatedBySelfOrgScope</con:name>
          <con:value>CreatedByMyOrgScope</con:value>
        </con:property>
        <con:property>
          <con:name>responseChecker</con:name>
          <con:value>2211</con:value>
        </con:property>
        <con:property>
          <con:name>org1TerminalId</con:name>
          <con:value>1851</con:value>
        </con:property>
        <con:property>
          <con:name>org2TerminalId</con:name>
          <con:value>2271</con:value>
        </con:property>
        <con:property>
          <con:name>scope_CreatedBySelfScope</con:name>
          <con:value>CreatedByMeScope</con:value>
        </con:property>
        <con:property>
          <con:name>biSpec_ChangeSalesOrgParent</con:name>
          <con:value>USERCREATEBISPEC</con:value>
        </con:property>
        <con:property>
          <con:name>scope_CreatedByBelowMyOrgScope</con:name>
          <con:value>CreatedByBelowMyOrgScope</con:value>
        </con:property>
        <con:property>
          <con:name>org3TerminalId</con:name>
          <con:value>2211</con:value>
        </con:property>
        <con:property>
          <con:name>org4TerminalId</con:name>
          <con:value>2221</con:value>
        </con:property>
        <con:property>
          <con:name>temp</con:name>
          <con:value>1851</con:value>
        </con:property>
        <con:property>
          <con:name>temp2</con:name>
          <con:value>2211</con:value>
        </con:property>
        <con:property>
          <con:name>empty</con:name>
          <con:value/>
        </con:property>
        <con:property>
          <con:name>errorMessage BI_CANNOT_SUBMIT_WITHOUT_ITEM</con:name>
          <con:value>BI_CANNOT_SUBMIT_WITHOUT_ITEM</con:value>
        </con:property>
      </con:properties>
    </con:config>
  </con:testStep>
  <con:testStep type="transfer" name="Property Transfer 24" id="9af190cc-f4a4-467c-8277-14458f6452a9">
    <con:settings/>
    <con:config xsi:type="con:PropertyTransfersStep" xmlns:xsi="http://www.w3.org/2001/XMLSchema-instance">
      <con:transfers setNullOnMissingSource="true" transferTextContent="true" failOnError="true" ignoreEmpty="false" transferToAll="false" entitize="false" transferChildNodes="false">
        <con:name>status_auth</con:name>
        <con:sourceType>statusTrue</con:sourceType>
        <con:sourceStep>Properties</con:sourceStep>
        <con:targetType>req_status</con:targetType>
        <con:targetStep>Enable authorization</con:targetStep>
        <con:upgraded>true</con:upgraded>
      </con:transfers>
    </con:config>
  </con:testStep>
  <con:testStep type="transfer" name="Property Transfer 5" id="aa93e691-7ef6-4f69-b373-79b5063b31c8">
    <con:settings/>
    <con:config xsi:type="con:PropertyTransfersStep" xmlns:xsi="http://www.w3.org/2001/XMLSchema-instance">
      <con:transfers setNullOnMissingSource="true" transferTextContent="true" failOnError="true" ignoreEmpty="false" transferToAll="false" entitize="false" transferChildNodes="false">
        <con:name>nullify token</con:name>
        <con:sourceType>null</con:sourceType>
        <con:sourceStep>Properties</con:sourceStep>
        <con:sourcePath/>
        <con:targetType>AuthorizationUser</con:targetType>
        <con:targetStep>#Project#</con:targetStep>
        <con:targetPath/>
        <con:upgraded>true</con:upgraded>
      </con:transfers>
    </con:config>
  </con:testStep>
  <con:testStep type="transfer" name="Property Transfer" id="05d722db-b5f8-450f-9afd-996fef6ceb16">
    <con:settings/>
    <con:config xsi:type="con:PropertyTransfersStep" xmlns:xsi="http://www.w3.org/2001/XMLSchema-instance">
      <con:transfers setNullOnMissingSource="true" transferTextContent="true" failOnError="true" ignoreEmpty="false" transferToAll="false" entitize="false" transferChildNodes="false">
        <con:name>createdByuserId</con:name>
        <con:sourceType>DefaultUserRoleId</con:sourceType>
        <con:sourceStep>#Project#</con:sourceStep>
        <con:sourcePath/>
        <con:targetType>req_createdByUserRoleId</con:targetType>
        <con:targetStep>Create initial data</con:targetStep>
        <con:targetPath/>
        <con:upgraded>true</con:upgraded>
      </con:transfers>
      <con:transfers setNullOnMissingSource="true" transferTextContent="true" failOnError="true" ignoreEmpty="false" transferToAll="false" entitize="false" transferChildNodes="false">
        <con:name>createdBySoId</con:name>
        <con:sourceType>DefaultSalesOrganizationRoleId</con:sourceType>
        <con:sourceStep>#Project#</con:sourceStep>
        <con:targetType>req_createdBySalesOrgRoleId</con:targetType>
        <con:targetStep>Create initial data</con:targetStep>
        <con:upgraded>true</con:upgraded>
      </con:transfers>
      <con:transfers setNullOnMissingSource="true" transferTextContent="true" failOnError="true" ignoreEmpty="false" transferToAll="false" entitize="false" transferChildNodes="false">
        <con:name>nullify user token</con:name>
        <con:sourceType>null</con:sourceType>
        <con:sourceStep>Properties</con:sourceStep>
        <con:targetType>AuthorizationUser</con:targetType>
        <con:targetStep>#Project#</con:targetStep>
        <con:upgraded>true</con:upgraded>
      </con:transfers>
      <con:transfers setNullOnMissingSource="true" transferTextContent="true" failOnError="true" ignoreEmpty="false" transferToAll="false" entitize="false" transferChildNodes="false">
        <con:name>req_soExtId</con:name>
        <con:sourceType>random-SoextId</con:sourceType>
        <con:sourceStep>Properties</con:sourceStep>
        <con:targetType>req_salesOrgRoleExtId</con:targetType>
        <con:targetStep>Create initial data</con:targetStep>
        <con:upgraded>true</con:upgraded>
      </con:transfers>
      <con:transfers setNullOnMissingSource="true" transferTextContent="true" failOnError="true" ignoreEmpty="false" transferToAll="false" entitize="false" transferChildNodes="false">
        <con:name>req_terminalExtId</con:name>
        <con:sourceType>random_terminalExtId</con:sourceType>
        <con:sourceStep>Properties</con:sourceStep>
        <con:targetType>req_terminalExtId</con:targetType>
        <con:targetStep>Create initial data</con:targetStep>
        <con:upgraded>true</con:upgraded>
      </con:transfers>
      <con:transfers setNullOnMissingSource="true" transferTextContent="true" failOnError="true" ignoreEmpty="false" transferToAll="false" entitize="false" transferChildNodes="false">
        <con:name>req_inventoryExtId</con:name>
        <con:sourceType>random_inventoryExtId</con:sourceType>
        <con:sourceStep>Properties</con:sourceStep>
        <con:targetType>req_inventoryExtId</con:targetType>
        <con:targetStep>Create initial data</con:targetStep>
        <con:upgraded>true</con:upgraded>
      </con:transfers>
      <con:transfers setNullOnMissingSource="true" transferTextContent="true" failOnError="true" ignoreEmpty="false" transferToAll="false" entitize="false" transferChildNodes="false">
        <con:name>req_userExtId</con:name>
        <con:sourceType>random_userExtId</con:sourceType>
        <con:sourceStep>Properties</con:sourceStep>
        <con:targetType>req_userRoleExtId</con:targetType>
        <con:targetStep>Create initial data</con:targetStep>
        <con:upgraded>true</con:upgraded>
      </con:transfers>
    </con:config>
  </con:testStep>
  <con:testStep type="calltestcase" name="Create initial data" id="adb7a0f5-b04c-4e77-9ffe-bd84f587bd94">
    <con:settings/>
    <con:config xsi:type="con:RunTestCaseStep" xmlns:xsi="http://www.w3.org/2001/XMLSchema-instance">
      <con:targetTestCase>8ea121d7-634e-4416-b9f8-69ad1eb193ea</con:targetTestCase>
      <con:properties>
        <con:property>
          <con:name>req_createdByUserRoleId</con:name>
          <con:value>2</con:value>
        </con:property>
        <con:property>
          <con:name>req_createdBySalesOrgRoleId</con:name>
          <con:value>1</con:value>
        </con:property>
        <con:property>
          <con:name>res_soExtId</con:name>
          <con:value>ext-7ec0b598-48cb-4af6-9d50-f17c84983d93</con:value>
        </con:property>
        <con:property>
          <con:name>req_inventoryExtId</con:name>
          <con:value>ext-${=java.util.UUID.randomUUID()}</con:value>
        </con:property>
        <con:property>
          <con:name>req_salesOrgRoleExtId</con:name>
          <con:value>ext-${=java.util.UUID.randomUUID()}</con:value>
        </con:property>
        <con:property>
          <con:name>req_terminalExtId</con:name>
          <con:value>ext-${=java.util.UUID.randomUUID()}</con:value>
        </con:property>
        <con:property>
          <con:name>req_userRoleExtId</con:name>
          <con:value>ext-${=java.util.UUID.randomUUID()}</con:value>
        </con:property>
        <con:property>
          <con:name>res_inventoryRoleBiId</con:name>
          <con:value>1701</con:value>
        </con:property>
        <con:property>
          <con:name>res_inventoryRoleId</con:name>
          <con:value>58</con:value>
        </con:property>
        <con:property>
          <con:name>res_placeId</con:name>
          <con:value>24</con:value>
        </con:property>
        <con:property>
          <con:name>res_salesOrganisationExternalId</con:name>
          <con:value>ext-7ec0b598-48cb-4af6-9d50-f17c84983d93</con:value>
        </con:property>
        <con:property>
          <con:name>res_salesOrgBiId</con:name>
          <con:value>1671</con:value>
        </con:property>
        <con:property>
          <con:name>res_salesOrgId</con:name>
          <con:value>55</con:value>
        </con:property>
        <con:property>
          <con:name>res_terminalBiId</con:name>
          <con:value>1711</con:value>
        </con:property>
        <con:property>
          <con:name>res_terminalId</con:name>
          <con:value>13</con:value>
        </con:property>
        <con:property>
          <con:name>res_userRoleBiId</con:name>
          <con:value>1691</con:value>
        </con:property>
        <con:property>
          <con:name>res_userRoleId</con:name>
          <con:value>57</con:value>
        </con:property>
        <con:property>
          <con:name>userToken</con:name>
          <con:value>Bearer eyJraWQiOiIxIiwiYWxnIjoiUlMyNTYifQ.eyJpc3MiOiJVTVMtUHJlZmlsdGVyLUNoZWNrQXV0aG9yaXplIiwic3ViIjoiVEVTVCIsImF1ZCI6IlJNIiwiaWF0IjoxNDg3MTYwOTc5LCJleHAiOjE1NTE5NDMyNDYsImF1dGhfdGltZSI6IjEzMTEyODA4NzAiLCJub25jZSI6Im4tMFM2X1d6QTJNaiIsIm5hbWUiOiJVTVMgVGVzdCBVc2VyIiwieF9kYnNzIjp7ImF1dGh6UHJvZmlsZU5hbWUiOiJDU1JfQXV0aHpQcm9maWxlIiwidmVyc2lvbiI6InYxIiwicGFydHlfaWQiOiIxMjMiLCJleHRlcm5hbF91c2VybmFtZSI6ImV4dC05Y2MwMzllZi0wNjAxLTQyOWUtYjI3Ny0yN2ExODcxYWM0OTkifX0.Gkbi3vVAVy1qS_hTegCsphC5eDLyiAJVY9j7AkdvgEFgtAdVNGw712_-mLl23tQcaXR71tZzA6Gwy6jGm7R1IOCVl1FOPrLhVE9qjS939cCVC4t5ANrPpmjkLqTaWkEV-IKclUY4y156Ntva6OBwzAtosic7wNpDLYo5waCk8Ss</con:value>
        </con:property>
        <con:property>
          <con:name>userIntToken</con:name>
          <con:value>Bearer eyJraWQiOiIxIiwiYWxnIjoiUlMyNTYifQ.eyJpc3MiOiJVTVMtUHJlZmlsdGVyLUNoZWNrQXV0aG9yaXplIiwic3ViIjoiVEVTVCIsImF1ZCI6IlJNIiwiaWF0IjoxNDg3MTYwOTc5LCJleHAiOjE1NTE5NDMyNDcsImF1dGhfdGltZSI6IjEzMTEyODA4NzAiLCJub25jZSI6Im4tMFM2X1d6QTJNaiIsIm5hbWUiOiJVTVMgVGVzdCBVc2VyIiwieF9kYnNzIjp7ImF1dGh6UHJvZmlsZU5hbWUiOiJFUk1TX0FETUlOX0F1dGh6UHJvZmlsZSIsInZlcnNpb24iOiJ2MSIsInBhcnR5X2lkIjoiMTIzIiwiZXh0ZXJuYWxfdXNlcm5hbWUiOiJleHQtOWNjMDM5ZWYtMDYwMS00MjllLWIyNzctMjdhMTg3MWFjNDk5In19.Z_aGSvBVnfIVc_l8UNjiLHoAygLF28b1JfZiBuS9DItR4HUc_orZRxUN0hHBHw6nWiPPO6KhxV7D4rGXHPRBkrAIM1rk8jT9nolIJhH94ewk-6LoDG56lqQWHWTW3z9mHRD-dcQKOhGrLwNMIxyk-TG3xYIt2jgDW8gwdbDmjrk</con:value>
        </con:property>
      </con:properties>
      <con:returnProperties>
        <con:entry>res_inventoryRoleBiId</con:entry>
        <con:entry>res_inventoryRoleId</con:entry>
        <con:entry>res_placeId</con:entry>
        <con:entry>res_salesOrganisationExternalId</con:entry>
        <con:entry>res_salesOrgBiId</con:entry>
        <con:entry>res_salesOrgId</con:entry>
        <con:entry>res_soExtId</con:entry>
        <con:entry>res_terminalBiId</con:entry>
        <con:entry>res_terminalId</con:entry>
        <con:entry>res_userRoleBiId</con:entry>
        <con:entry>res_userRoleId</con:entry>
        <con:entry>userToken</con:entry>
        <con:entry>userIntToken</con:entry>
      </con:returnProperties>
      <con:runMode>PARALLELL</con:runMode>
    </con:config>
  </con:testStep>
  <con:testStep type="transfer" name="Property Transfer 11" id="012d3706-1936-4cae-97a1-ded13fe57405">
    <con:settings/>
    <con:config xsi:type="con:PropertyTransfersStep" xmlns:xsi="http://www.w3.org/2001/XMLSchema-instance">
      <con:transfers setNullOnMissingSource="true" transferTextContent="true" failOnError="true" ignoreEmpty="false" transferToAll="false" entitize="false" transferChildNodes="false">
        <con:name>soId</con:name>
        <con:sourceType>res_salesOrgId</con:sourceType>
        <con:sourceStep>Create initial data</con:sourceStep>
        <con:sourcePath/>
        <con:targetType>req_soRoleId</con:targetType>
        <con:targetStep>Create another user from initial data</con:targetStep>
        <con:targetPath/>
        <con:upgraded>true</con:upgraded>
      </con:transfers>
      <con:transfers setNullOnMissingSource="true" transferTextContent="true" failOnError="true" ignoreEmpty="false" transferToAll="false" entitize="false" transferChildNodes="false">
        <con:name>createdBySoId</con:name>
        <con:sourceType>DefaultSalesOrganizationRoleId</con:sourceType>
        <con:sourceStep>#Project#</con:sourceStep>
        <con:targetType>req_createdBySalesOrgRoleId</con:targetType>
        <con:targetStep>Create another user from initial data</con:targetStep>
        <con:upgraded>true</con:upgraded>
      </con:transfers>
      <con:transfers setNullOnMissingSource="true" transferTextContent="true" failOnError="true" ignoreEmpty="false" transferToAll="false" entitize="false" transferChildNodes="false">
        <con:name>createdByUserId</con:name>
        <con:sourceType>DefaultUserRoleId</con:sourceType>
        <con:sourceStep>#Project#</con:sourceStep>
        <con:targetType>req_createdByUserRoleId</con:targetType>
        <con:targetStep>Create another user from initial data</con:targetStep>
        <con:upgraded>true</con:upgraded>
      </con:transfers>
      <con:transfers setNullOnMissingSource="true" transferTextContent="true" failOnError="true" ignoreEmpty="false" transferToAll="false" entitize="false" transferChildNodes="false">
        <con:name>biSpec</con:name>
        <con:sourceType>createUser_biSpecCode</con:sourceType>
        <con:sourceStep>Properties</con:sourceStep>
        <con:targetType>req_biSpecCode</con:targetType>
        <con:targetStep>Create another user from initial data</con:targetStep>
        <con:upgraded>true</con:upgraded>
      </con:transfers>
      <con:transfers setNullOnMissingSource="true" transferTextContent="true" failOnError="true" ignoreEmpty="false" transferToAll="false" entitize="false" transferChildNodes="false">
        <con:name>userExtId</con:name>
        <con:sourceType>random_userExtId</con:sourceType>
        <con:sourceStep>Properties</con:sourceStep>
        <con:targetType>req_userExternalID</con:targetType>
        <con:targetStep>Create another user from initial data</con:targetStep>
        <con:upgraded>true</con:upgraded>
      </con:transfers>
      <con:transfers setNullOnMissingSource="true" transferTextContent="true" failOnError="true" ignoreEmpty="false" transferToAll="false" entitize="false" transferChildNodes="false">
        <con:name>forceSession</con:name>
        <con:sourceType>false</con:sourceType>
        <con:sourceStep>Properties</con:sourceStep>
        <con:targetType>req_forceToUseSession</con:targetType>
        <con:targetStep>Create another user from initial data</con:targetStep>
        <con:upgraded>true</con:upgraded>
      </con:transfers>
      <con:transfers setNullOnMissingSource="true" transferTextContent="true" failOnError="true" ignoreEmpty="false" transferToAll="false" entitize="false" transferChildNodes="false">
        <con:name>nullify userToken</con:name>
        <con:sourceType>null</con:sourceType>
        <con:sourceStep>Properties</con:sourceStep>
        <con:targetType>AuthorizationUser</con:targetType>
        <con:targetStep>#Project#</con:targetStep>
        <con:upgraded>true</con:upgraded>
      </con:transfers>
      <con:transfers setNullOnMissingSource="true" transferTextContent="true" failOnError="true" ignoreEmpty="false" transferToAll="false" entitize="false" transferChildNodes="false">
        <con:name>Fname</con:name>
        <con:sourceType>firstname</con:sourceType>
        <con:sourceStep>Properties</con:sourceStep>
        <con:targetType>req_indFirstName</con:targetType>
        <con:targetStep>Create another user from initial data</con:targetStep>
        <con:upgraded>true</con:upgraded>
      </con:transfers>
      <con:transfers setNullOnMissingSource="true" transferTextContent="true" failOnError="true" ignoreEmpty="false" transferToAll="false" entitize="false" transferChildNodes="false">
        <con:name>Lname</con:name>
        <con:sourceType>lastname</con:sourceType>
        <con:sourceStep>Properties</con:sourceStep>
        <con:targetType>req_indLastName</con:targetType>
        <con:targetStep>Create another user from initial data</con:targetStep>
        <con:upgraded>true</con:upgraded>
      </con:transfers>
    </con:config>
  </con:testStep>
  <con:testStep type="calltestcase" name="Create another user from initial data" id="3c15bc92-cae9-415e-a041-74cb1f0821e5">
    <con:settings/>
    <con:config xsi:type="con:RunTestCaseStep" xmlns:xsi="http://www.w3.org/2001/XMLSchema-instance">
      <con:targetTestCase>f95d12d9-6cd5-4f61-b30f-72301b48157f</con:targetTestCase>
      <con:properties>
        <con:property>
          <con:name>req_createdByUserRoleId</con:name>
          <con:value>2</con:value>
        </con:property>
        <con:property>
          <con:name>req_createdBySalesOrgRoleId</con:name>
          <con:value>1</con:value>
        </con:property>
        <con:property>
          <con:name>req_soRoleId</con:name>
          <con:value>55</con:value>
        </con:property>
        <con:property>
          <con:name>req_biSpecCode</con:name>
          <con:value>USERCREATEBISPEC</con:value>
        </con:property>
        <con:property>
          <con:name>req_userExternalID</con:name>
          <con:value>ext-${=java.util.UUID.randomUUID()}</con:value>
        </con:property>
        <con:property>
          <con:name>req_forceToUseSession</con:name>
          <con:value>false</con:value>
        </con:property>
        <con:property>
          <con:name>req_biId</con:name>
          <con:value xsi:nil="true"/>
        </con:property>
        <con:property>
          <con:name>req_name</con:name>
          <con:value xsi:nil="true"/>
        </con:property>
        <con:property>
          <con:name>req_indFirstName</con:name>
          <con:value>Fender</con:value>
        </con:property>
        <con:property>
          <con:name>req_indLastName</con:name>
          <con:value>Bender</con:value>
        </con:property>
        <con:property>
          <con:name>req_indName</con:name>
          <con:value xsi:nil="true"/>
        </con:property>
        <con:property>
          <con:name>res_biId</con:name>
          <con:value>1721</con:value>
        </con:property>
        <con:property>
          <con:name>res_userId</con:name>
          <con:value>59</con:value>
        </con:property>
        <con:property>
          <con:name>userToken</con:name>
          <con:value>Bearer eyJraWQiOiIxIiwiYWxnIjoiUlMyNTYifQ.eyJpc3MiOiJVTVMtUHJlZmlsdGVyLUNoZWNrQXV0aG9yaXplIiwic3ViIjoiVEVTVCIsImF1ZCI6IlJNIiwiaWF0IjoxNDg3MTYwOTc5LCJleHAiOjE1NTE5NDMyNDgsImF1dGhfdGltZSI6IjEzMTEyODA4NzAiLCJub25jZSI6Im4tMFM2X1d6QTJNaiIsIm5hbWUiOiJVTVMgVGVzdCBVc2VyIiwieF9kYnNzIjp7ImF1dGh6UHJvZmlsZU5hbWUiOiJDU1JfQXV0aHpQcm9maWxlIiwidmVyc2lvbiI6InYxIiwicGFydHlfaWQiOiIxMjMiLCJleHRlcm5hbF91c2VybmFtZSI6ImV4dC1kZTZjYjRlZC1hZjhjLTQ1YzItODU3Ny0yMDI3OThjNTUzZmQifX0.VLWrDAkELp_KaysEWWxT_1cBq3BDHDQt9N1VYAJ_Tw4HLq5zpcCacQwW9vlv-Cyx713s70Pu8Nj6eVU5QKYokpy5OCttszRnLt1G4sOLBmzyWqByCRB3nQL5WLcz7Yf06PNnkK9smgvGsS7GMBe3nMz9Hr2ZzKRP4PUDPt-nYj8</con:value>
        </con:property>
        <con:property>
          <con:name>intUserToken</con:name>
        </con:property>
        <con:property>
          <con:name>req_email</con:name>
        </con:property>
        <con:property>
          <con:name>res_error</con:name>
        </con:property>
        <con:property>
          <con:name>res_forceToUseSession</con:name>
        </con:property>
      </con:properties>
      <con:returnProperties>
        <con:entry>res_biId</con:entry>
        <con:entry>res_userId</con:entry>
        <con:entry>userToken</con:entry>
      </con:returnProperties>
      <con:runMode>PARALLELL</con:runMode>
    </con:config>
  </con:testStep>
  <con:testStep type="transfer" name="Property Transfer 2" id="24e28401-451e-443b-838a-05f81b3d9ab9">
    <con:settings/>
    <con:config xsi:type="con:PropertyTransfersStep" xmlns:xsi="http://www.w3.org/2001/XMLSchema-instance">
      <con:transfers setNullOnMissingSource="true" transferTextContent="true" failOnError="true" ignoreEmpty="false" transferToAll="false" entitize="false" transferChildNodes="false">
        <con:name>createdByuserId</con:name>
        <con:sourceType>DefaultUserRoleId</con:sourceType>
        <con:sourceStep>#Project#</con:sourceStep>
        <con:sourcePath/>
        <con:targetType>req_createdByUserRoleId</con:targetType>
        <con:targetStep>Create initial data2</con:targetStep>
        <con:targetPath/>
        <con:upgraded>true</con:upgraded>
      </con:transfers>
      <con:transfers setNullOnMissingSource="true" transferTextContent="true" failOnError="true" ignoreEmpty="false" transferToAll="false" entitize="false" transferChildNodes="false">
        <con:name>createdBySoId</con:name>
        <con:sourceType>DefaultSalesOrganizationRoleId</con:sourceType>
        <con:sourceStep>#Project#</con:sourceStep>
        <con:targetType>req_createdBySalesOrgRoleId</con:targetType>
        <con:targetStep>Create initial data2</con:targetStep>
        <con:upgraded>true</con:upgraded>
      </con:transfers>
      <con:transfers setNullOnMissingSource="true" transferTextContent="true" failOnError="true" ignoreEmpty="false" transferToAll="false" entitize="false" transferChildNodes="false">
        <con:name>nullify user token</con:name>
        <con:sourceType>null</con:sourceType>
        <con:sourceStep>Properties</con:sourceStep>
        <con:targetType>AuthorizationUser</con:targetType>
        <con:targetStep>#Project#</con:targetStep>
        <con:upgraded>true</con:upgraded>
      </con:transfers>
      <con:transfers setNullOnMissingSource="true" transferTextContent="true" failOnError="true" ignoreEmpty="false" transferToAll="false" entitize="false" transferChildNodes="false">
        <con:name>req_soExtId</con:name>
        <con:sourceType>random-SoextId</con:sourceType>
        <con:sourceStep>Properties</con:sourceStep>
        <con:targetType>req_salesOrgRoleExtId</con:targetType>
        <con:targetStep>Create initial data2</con:targetStep>
        <con:upgraded>true</con:upgraded>
      </con:transfers>
      <con:transfers setNullOnMissingSource="true" transferTextContent="true" failOnError="true" ignoreEmpty="false" transferToAll="false" entitize="false" transferChildNodes="false">
        <con:name>req_terminalExtId</con:name>
        <con:sourceType>random_terminalExtId</con:sourceType>
        <con:sourceStep>Properties</con:sourceStep>
        <con:targetType>req_terminalExtId</con:targetType>
        <con:targetStep>Create initial data2</con:targetStep>
        <con:upgraded>true</con:upgraded>
      </con:transfers>
      <con:transfers setNullOnMissingSource="true" transferTextContent="true" failOnError="true" ignoreEmpty="false" transferToAll="false" entitize="false" transferChildNodes="false">
        <con:name>req_inventoryExtId</con:name>
        <con:sourceType>random_inventoryExtId</con:sourceType>
        <con:sourceStep>Properties</con:sourceStep>
        <con:targetType>req_inventoryExtId</con:targetType>
        <con:targetStep>Create initial data2</con:targetStep>
        <con:upgraded>true</con:upgraded>
      </con:transfers>
      <con:transfers setNullOnMissingSource="true" transferTextContent="true" failOnError="true" ignoreEmpty="false" transferToAll="false" entitize="false" transferChildNodes="false">
        <con:name>req_userExtId</con:name>
        <con:sourceType>random_userExtId</con:sourceType>
        <con:sourceStep>Properties</con:sourceStep>
        <con:targetType>req_userRoleExtId</con:targetType>
        <con:targetStep>Create initial data2</con:targetStep>
        <con:upgraded>true</con:upgraded>
      </con:transfers>
    </con:config>
  </con:testStep>
  <con:testStep type="calltestcase" name="Create initial data2" id="dad53d93-7a78-43ee-a17f-5b788428893c">
    <con:settings/>
    <con:config xsi:type="con:RunTestCaseStep" xmlns:xsi="http://www.w3.org/2001/XMLSchema-instance">
      <con:targetTestCase>8ea121d7-634e-4416-b9f8-69ad1eb193ea</con:targetTestCase>
      <con:properties>
        <con:property>
          <con:name>req_createdByUserRoleId</con:name>
          <con:value>2</con:value>
        </con:property>
        <con:property>
          <con:name>req_createdBySalesOrgRoleId</con:name>
          <con:value>1</con:value>
        </con:property>
        <con:property>
          <con:name>res_soExtId</con:name>
          <con:value>ext-6ba84153-8915-4aba-adb9-ed49e9523647</con:value>
        </con:property>
        <con:property>
          <con:name>req_inventoryExtId</con:name>
          <con:value>ext-${=java.util.UUID.randomUUID()}</con:value>
        </con:property>
        <con:property>
          <con:name>req_salesOrgRoleExtId</con:name>
          <con:value>ext-${=java.util.UUID.randomUUID()}</con:value>
        </con:property>
        <con:property>
          <con:name>req_terminalExtId</con:name>
          <con:value>ext-${=java.util.UUID.randomUUID()}</con:value>
        </con:property>
        <con:property>
          <con:name>req_userRoleExtId</con:name>
          <con:value>ext-${=java.util.UUID.randomUUID()}</con:value>
        </con:property>
        <con:property>
          <con:name>res_inventoryRoleBiId</con:name>
          <con:value>1761</con:value>
        </con:property>
        <con:property>
          <con:name>res_inventoryRoleId</con:name>
          <con:value>63</con:value>
        </con:property>
        <con:property>
          <con:name>res_placeId</con:name>
          <con:value>26</con:value>
        </con:property>
        <con:property>
          <con:name>res_salesOrganisationExternalId</con:name>
          <con:value>ext-6ba84153-8915-4aba-adb9-ed49e9523647</con:value>
        </con:property>
        <con:property>
          <con:name>res_salesOrgBiId</con:name>
          <con:value>1731</con:value>
        </con:property>
        <con:property>
          <con:name>res_salesOrgId</con:name>
          <con:value>60</con:value>
        </con:property>
        <con:property>
          <con:name>res_terminalBiId</con:name>
          <con:value>1771</con:value>
        </con:property>
        <con:property>
          <con:name>res_terminalId</con:name>
          <con:value>14</con:value>
        </con:property>
        <con:property>
          <con:name>res_userRoleBiId</con:name>
          <con:value>1751</con:value>
        </con:property>
        <con:property>
          <con:name>res_userRoleId</con:name>
          <con:value>62</con:value>
        </con:property>
        <con:property>
          <con:name>userToken</con:name>
          <con:value>Bearer eyJraWQiOiIxIiwiYWxnIjoiUlMyNTYifQ.eyJpc3MiOiJVTVMtUHJlZmlsdGVyLUNoZWNrQXV0aG9yaXplIiwic3ViIjoiVEVTVCIsImF1ZCI6IlJNIiwiaWF0IjoxNDg3MTYwOTc5LCJleHAiOjE1NTE5NDMyNDksImF1dGhfdGltZSI6IjEzMTEyODA4NzAiLCJub25jZSI6Im4tMFM2X1d6QTJNaiIsIm5hbWUiOiJVTVMgVGVzdCBVc2VyIiwieF9kYnNzIjp7ImF1dGh6UHJvZmlsZU5hbWUiOiJDU1JfQXV0aHpQcm9maWxlIiwidmVyc2lvbiI6InYxIiwicGFydHlfaWQiOiIxMjMiLCJleHRlcm5hbF91c2VybmFtZSI6ImV4dC01OGE4MGI4Zi04OGY1LTRiNzItOGFmYi05YTUzMTI4YWMyYjEifX0.ceKhS2_-FFZUe7Z3cYNkvExt_3nwZcH9wVguJPGeXlpDxJf1gB3h0sY940z7tPb61ebQkscZzd-aPUDzfEhf95rJnDXkqjWVm98uE_TcS2CflnUsz51hYFfCor0TJLnoYHfIE2yVhOY_66jh7IFdJHU5b9DbccUUahL4wuM5VCM</con:value>
        </con:property>
        <con:property>
          <con:name>userIntToken</con:name>
          <con:value>Bearer eyJraWQiOiIxIiwiYWxnIjoiUlMyNTYifQ.eyJpc3MiOiJVTVMtUHJlZmlsdGVyLUNoZWNrQXV0aG9yaXplIiwic3ViIjoiVEVTVCIsImF1ZCI6IlJNIiwiaWF0IjoxNDg3MTYwOTc5LCJleHAiOjE1NTE5NDMyNDksImF1dGhfdGltZSI6IjEzMTEyODA4NzAiLCJub25jZSI6Im4tMFM2X1d6QTJNaiIsIm5hbWUiOiJVTVMgVGVzdCBVc2VyIiwieF9kYnNzIjp7ImF1dGh6UHJvZmlsZU5hbWUiOiJFUk1TX0FETUlOX0F1dGh6UHJvZmlsZSIsInZlcnNpb24iOiJ2MSIsInBhcnR5X2lkIjoiMTIzIiwiZXh0ZXJuYWxfdXNlcm5hbWUiOiJleHQtNThhODBiOGYtODhmNS00YjcyLThhZmItOWE1MzEyOGFjMmIxIn19.UebVyi1rKLcLKPsINBOybLjCNyDqdC6rEJPLT6-dS3T58gS6f8K5JBbkImcYSDgqnVgLrE4Foc7dxRt_aPOKZ84VUE4MpeA6_jruKq8j09VPtNRfGQla_aveBSIofUQz9uDwuBFzDlFrrLByUewdAoDXQ6atIABmoaKaRqvWLvM</con:value>
        </con:property>
      </con:properties>
      <con:returnProperties>
        <con:entry>res_inventoryRoleBiId</con:entry>
        <con:entry>res_inventoryRoleId</con:entry>
        <con:entry>res_placeId</con:entry>
        <con:entry>res_salesOrganisationExternalId</con:entry>
        <con:entry>res_salesOrgBiId</con:entry>
        <con:entry>res_salesOrgId</con:entry>
        <con:entry>res_soExtId</con:entry>
        <con:entry>res_terminalBiId</con:entry>
        <con:entry>res_terminalId</con:entry>
        <con:entry>res_userRoleBiId</con:entry>
        <con:entry>res_userRoleId</con:entry>
        <con:entry>userToken</con:entry>
        <con:entry>userIntToken</con:entry>
      </con:returnProperties>
      <con:runMode>PARALLELL</con:runMode>
    </con:config>
  </con:testStep>
  <con:testStep type="transfer" name="Property Transfer 3" id="640d7e78-6e06-426f-8be0-a1954cac8956">
    <con:settings/>
    <con:config xsi:type="con:PropertyTransfersStep" xmlns:xsi="http://www.w3.org/2001/XMLSchema-instance">
      <con:transfers setNullOnMissingSource="true" transferTextContent="true" failOnError="true" ignoreEmpty="false" transferToAll="false" entitize="false" transferChildNodes="false">
        <con:name>soId</con:name>
        <con:sourceType>res_salesOrgId</con:sourceType>
        <con:sourceStep>Create initial data2</con:sourceStep>
        <con:sourcePath/>
        <con:targetType>req_soRoleId</con:targetType>
        <con:targetStep>Create another user from initial data2</con:targetStep>
        <con:targetPath/>
        <con:upgraded>true</con:upgraded>
      </con:transfers>
      <con:transfers setNullOnMissingSource="true" transferTextContent="true" failOnError="true" ignoreEmpty="false" transferToAll="false" entitize="false" transferChildNodes="false">
        <con:name>createdBySoId</con:name>
        <con:sourceType>DefaultSalesOrganizationRoleId</con:sourceType>
        <con:sourceStep>#Project#</con:sourceStep>
        <con:targetType>req_createdBySalesOrgRoleId</con:targetType>
        <con:targetStep>Create another user from initial data2</con:targetStep>
        <con:upgraded>true</con:upgraded>
      </con:transfers>
      <con:transfers setNullOnMissingSource="true" transferTextContent="true" failOnError="true" ignoreEmpty="false" transferToAll="false" entitize="false" transferChildNodes="false">
        <con:name>createdByUserId</con:name>
        <con:sourceType>DefaultUserRoleId</con:sourceType>
        <con:sourceStep>#Project#</con:sourceStep>
        <con:targetType>req_createdByUserRoleId</con:targetType>
        <con:targetStep>Create another user from initial data2</con:targetStep>
        <con:upgraded>true</con:upgraded>
      </con:transfers>
      <con:transfers setNullOnMissingSource="true" transferTextContent="true" failOnError="true" ignoreEmpty="false" transferToAll="false" entitize="false" transferChildNodes="false">
        <con:name>biSpec</con:name>
        <con:sourceType>createUser_biSpecCode</con:sourceType>
        <con:sourceStep>Properties</con:sourceStep>
        <con:targetType>req_biSpecCode</con:targetType>
        <con:targetStep>Create another user from initial data2</con:targetStep>
        <con:upgraded>true</con:upgraded>
      </con:transfers>
      <con:transfers setNullOnMissingSource="true" transferTextContent="true" failOnError="true" ignoreEmpty="false" transferToAll="false" entitize="false" transferChildNodes="false">
        <con:name>userExtId</con:name>
        <con:sourceType>random_userExtId</con:sourceType>
        <con:sourceStep>Properties</con:sourceStep>
        <con:targetType>req_userExternalID</con:targetType>
        <con:targetStep>Create another user from initial data2</con:targetStep>
        <con:upgraded>true</con:upgraded>
      </con:transfers>
      <con:transfers setNullOnMissingSource="true" transferTextContent="true" failOnError="true" ignoreEmpty="false" transferToAll="false" entitize="false" transferChildNodes="false">
        <con:name>forceSession</con:name>
        <con:sourceType>false</con:sourceType>
        <con:sourceStep>Properties</con:sourceStep>
        <con:targetType>req_forceToUseSession</con:targetType>
        <con:targetStep>Create another user from initial data2</con:targetStep>
        <con:upgraded>true</con:upgraded>
      </con:transfers>
      <con:transfers setNullOnMissingSource="true" transferTextContent="true" failOnError="true" ignoreEmpty="false" transferToAll="false" entitize="false" transferChildNodes="false">
        <con:name>nullify userToken</con:name>
        <con:sourceType>null</con:sourceType>
        <con:sourceStep>Properties</con:sourceStep>
        <con:targetType>AuthorizationUser</con:targetType>
        <con:targetStep>#Project#</con:targetStep>
        <con:upgraded>true</con:upgraded>
      </con:transfers>
      <con:transfers setNullOnMissingSource="true" transferTextContent="true" failOnError="true" ignoreEmpty="false" transferToAll="false" entitize="false" transferChildNodes="false">
        <con:name>Fname</con:name>
        <con:sourceType>firstname</con:sourceType>
        <con:sourceStep>Properties</con:sourceStep>
        <con:targetType>req_indFirstName</con:targetType>
        <con:targetStep>Create another user from initial data2</con:targetStep>
        <con:upgraded>true</con:upgraded>
      </con:transfers>
      <con:transfers setNullOnMissingSource="true" transferTextContent="true" failOnError="true" ignoreEmpty="false" transferToAll="false" entitize="false" transferChildNodes="false">
        <con:name>Lname</con:name>
        <con:sourceType>lastname</con:sourceType>
        <con:sourceStep>Properties</con:sourceStep>
        <con:targetType>req_indLastName</con:targetType>
        <con:targetStep>Create another user from initial data2</con:targetStep>
        <con:upgraded>true</con:upgraded>
      </con:transfers>
    </con:config>
  </con:testStep>
  <con:testStep type="calltestcase" name="Create another user from initial data2" id="5ea80866-b90a-4261-9519-7fc96865eb78">
    <con:settings/>
    <con:config xsi:type="con:RunTestCaseStep" xmlns:xsi="http://www.w3.org/2001/XMLSchema-instance">
      <con:targetTestCase>f95d12d9-6cd5-4f61-b30f-72301b48157f</con:targetTestCase>
      <con:properties>
        <con:property>
          <con:name>req_createdByUserRoleId</con:name>
          <con:value>2</con:value>
        </con:property>
        <con:property>
          <con:name>req_createdBySalesOrgRoleId</con:name>
          <con:value>1</con:value>
        </con:property>
        <con:property>
          <con:name>req_soRoleId</con:name>
          <con:value>60</con:value>
        </con:property>
        <con:property>
          <con:name>req_biSpecCode</con:name>
          <con:value>USERCREATEBISPEC</con:value>
        </con:property>
        <con:property>
          <con:name>req_userExternalID</con:name>
          <con:value>ext-${=java.util.UUID.randomUUID()}</con:value>
        </con:property>
        <con:property>
          <con:name>req_forceToUseSession</con:name>
          <con:value>false</con:value>
        </con:property>
        <con:property>
          <con:name>req_biId</con:name>
          <con:value xsi:nil="true"/>
        </con:property>
        <con:property>
          <con:name>req_name</con:name>
          <con:value xsi:nil="true"/>
        </con:property>
        <con:property>
          <con:name>req_indFirstName</con:name>
          <con:value>Fender</con:value>
        </con:property>
        <con:property>
          <con:name>req_indLastName</con:name>
          <con:value>Bender</con:value>
        </con:property>
        <con:property>
          <con:name>req_indName</con:name>
          <con:value xsi:nil="true"/>
        </con:property>
        <con:property>
          <con:name>res_biId</con:name>
          <con:value>1781</con:value>
        </con:property>
        <con:property>
          <con:name>res_userId</con:name>
          <con:value>64</con:value>
        </con:property>
        <con:property>
          <con:name>userToken</con:name>
          <con:value>Bearer eyJraWQiOiIxIiwiYWxnIjoiUlMyNTYifQ.eyJpc3MiOiJVTVMtUHJlZmlsdGVyLUNoZWNrQXV0aG9yaXplIiwic3ViIjoiVEVTVCIsImF1ZCI6IlJNIiwiaWF0IjoxNDg3MTYwOTc5LCJleHAiOjE1NTE5NDMyNTAsImF1dGhfdGltZSI6IjEzMTEyODA4NzAiLCJub25jZSI6Im4tMFM2X1d6QTJNaiIsIm5hbWUiOiJVTVMgVGVzdCBVc2VyIiwieF9kYnNzIjp7ImF1dGh6UHJvZmlsZU5hbWUiOiJDU1JfQXV0aHpQcm9maWxlIiwidmVyc2lvbiI6InYxIiwicGFydHlfaWQiOiIxMjMiLCJleHRlcm5hbF91c2VybmFtZSI6ImV4dC05ODg2Y2NlNS0zOWRiLTRiOTItOWE1YS02NDkzYTA3YWVkMDEifX0.xKSrAQTIJCWQxhgNbUoEfjNX4nurXdZI7QYf7BdH0FwCyDNlpShO-YjbXtfrZyOIeBWu401EawGL4o-n7zA4yE_Nik8sSSRca-U5aWV1fVA04uS6JM7_e5OUWiDCjCdLH3bhLKS9dNJDo6PB7xZbkMetF3IrkjGF9nc-veoRMZw</con:value>
        </con:property>
        <con:property>
          <con:name>intUserToken</con:name>
          <con:value>Bearer eyJraWQiOiIxIiwiYWxnIjoiUlMyNTYifQ.eyJpc3MiOiJVTVMtUHJlZmlsdGVyLUNoZWNrQXV0aG9yaXplIiwic3ViIjoiVEVTVCIsImF1ZCI6IlJNIiwiaWF0IjoxNDg3MTYwOTc5LCJleHAiOjE1NTE5NDMyNTAsImF1dGhfdGltZSI6IjEzMTEyODA4NzAiLCJub25jZSI6Im4tMFM2X1d6QTJNaiIsIm5hbWUiOiJVTVMgVGVzdCBVc2VyIiwieF9kYnNzIjp7ImF1dGh6UHJvZmlsZU5hbWUiOiJFUk1TX0FETUlOX0F1dGh6UHJvZmlsZSIsInZlcnNpb24iOiJ2MSIsInBhcnR5X2lkIjoiMTIzIiwiZXh0ZXJuYWxfdXNlcm5hbWUiOiJleHQtOTg4NmNjZTUtMzlkYi00YjkyLTlhNWEtNjQ5M2EwN2FlZDAxIn19.UdKZlLKXprEfdcj9J-uG3xXTt5oDgwcuRY8Y9qHbbPHK0GhczMMG4_4VQZffEPjQ6dNszFU9EVUyS4flghr8zH6DX4vuClOZE1AXtv95C4fJ59FAHhip22F03Y4_AyKxgICNISg5z_z_SYb90STDiGGVaCjKry2cAtKq9TAH98k</con:value>
        </con:property>
        <con:property>
          <con:name>req_email</con:name>
        </con:property>
        <con:property>
          <con:name>res_error</con:name>
        </con:property>
        <con:property>
          <con:name>res_forceToUseSession</con:name>
        </con:property>
      </con:properties>
      <con:returnProperties>
        <con:entry>res_biId</con:entry>
        <con:entry>res_userId</con:entry>
        <con:entry>userToken</con:entry>
        <con:entry>intUserToken</con:entry>
      </con:returnProperties>
      <con:runMode>PARALLELL</con:runMode>
    </con:config>
  </con:testStep>
  <con:testStep type="calltestcase" name="Enable authorization" id="428ace7c-9922-4aca-97e9-d674508e0696" disabled="true">
    <con:settings/>
    <con:config xsi:type="con:RunTestCaseStep" xmlns:xsi="http://www.w3.org/2001/XMLSchema-instance">
      <con:targetTestCase>b9e75504-97ad-4b37-b581-97fe464f9739</con:targetTestCase>
      <con:properties>
        <con:property>
          <con:name>res_code</con:name>
          <con:value>200</con:value>
        </con:property>
        <con:property>
          <con:name>res_errorMessage</con:name>
          <con:value/>
        </con:property>
        <con:property>
          <con:name>response</con:name>
          <con:value>Ok</con:value>
        </con:property>
        <con:property>
          <con:name>req_status</con:name>
          <con:value>true</con:value>
        </con:property>
      </con:properties>
      <con:returnProperties>
        <con:entry>res_code</con:entry>
        <con:entry>res_errorMessage</con:entry>
        <con:entry>response</con:entry>
      </con:returnProperties>
      <con:runMode>PARALLELL</con:runMode>
    </con:config>
  </con:testStep>
  <con:testStep type="transfer" name="Property Transfer 21" id="c549997a-7825-4153-bf2b-297a44b22c00">
    <con:settings/>
    <con:config xsi:type="con:PropertyTransfersStep" xmlns:xsi="http://www.w3.org/2001/XMLSchema-instance">
      <con:transfers setNullOnMissingSource="true" transferTextContent="true" failOnError="true" ignoreEmpty="false" transferToAll="false" entitize="false" transferChildNodes="false">
        <con:name>userId</con:name>
        <con:sourceType>res_userRoleId</con:sourceType>
        <con:sourceStep>Create initial data</con:sourceStep>
        <con:sourcePath/>
        <con:targetType>req_userRoleId</con:targetType>
        <con:targetStep>Create product transfer</con:targetStep>
        <con:targetPath/>
        <con:upgraded>true</con:upgraded>
      </con:transfers>
      <con:transfers setNullOnMissingSource="true" transferTextContent="true" failOnError="true" ignoreEmpty="false" transferToAll="false" entitize="false" transferChildNodes="false">
        <con:name>soId</con:name>
        <con:sourceType>res_salesOrgId</con:sourceType>
        <con:sourceStep>Create initial data</con:sourceStep>
        <con:targetType>req_salesOrgRoleId</con:targetType>
        <con:targetStep>Create product transfer</con:targetStep>
        <con:upgraded>true</con:upgraded>
      </con:transfers>
      <con:transfers setNullOnMissingSource="true" transferTextContent="true" failOnError="true" ignoreEmpty="false" transferToAll="false" entitize="false" transferChildNodes="false">
        <con:name>specCode</con:name>
        <con:sourceType>product_transfer_biSpec</con:sourceType>
        <con:sourceStep>Properties</con:sourceStep>
        <con:targetType>req_biSpecCode</con:targetType>
        <con:targetStep>Create product transfer</con:targetStep>
        <con:upgraded>true</con:upgraded>
      </con:transfers>
    </con:config>
  </con:testStep>
  <con:testStep type="transfer" name="Property Transfer 19" id="76b89d6b-61f4-49d0-aaa4-cf86674b5cf1">
    <con:settings/>
    <con:config xsi:type="con:PropertyTransfersStep" xmlns:xsi="http://www.w3.org/2001/XMLSchema-instance">
      <con:transfers setNullOnMissingSource="true" transferTextContent="true" failOnError="true" ignoreEmpty="false" transferToAll="false" entitize="false" transferChildNodes="false">
        <con:name>userId</con:name>
        <con:sourceType>res_userRoleId</con:sourceType>
        <con:sourceStep>Create initial data</con:sourceStep>
        <con:sourcePath/>
        <con:targetType>req_userRoleId</con:targetType>
        <con:targetStep>Cannot Create terminal bi</con:targetStep>
        <con:targetPath/>
        <con:upgraded>true</con:upgraded>
      </con:transfers>
      <con:transfers setNullOnMissingSource="true" transferTextContent="true" failOnError="true" ignoreEmpty="false" transferToAll="false" entitize="false" transferChildNodes="false">
        <con:name>soId</con:name>
        <con:sourceType>res_salesOrgId</con:sourceType>
        <con:sourceStep>Create initial data</con:sourceStep>
        <con:targetType>req_salesOrgRoleId</con:targetType>
        <con:targetStep>Cannot Create terminal bi</con:targetStep>
        <con:upgraded>true</con:upgraded>
      </con:transfers>
      <con:transfers setNullOnMissingSource="true" transferTextContent="true" failOnError="true" ignoreEmpty="false" transferToAll="false" entitize="false" transferChildNodes="false" disabled="false">
        <con:name>setUserToken</con:name>
        <con:sourceType>userToken</con:sourceType>
        <con:sourceStep>Create initial data</con:sourceStep>
        <con:targetType>AuthorizationUser</con:targetType>
        <con:targetStep>#Project#</con:targetStep>
        <con:upgraded>true</con:upgraded>
      </con:transfers>
    </con:config>
  </con:testStep>
  <con:testStep type="calltestcase" name="Create product transfer" id="f4fec327-1db8-40ce-b7a1-ab218452d7d1">
    <con:settings/>
    <con:config xsi:type="con:RunTestCaseStep" xmlns:xsi="http://www.w3.org/2001/XMLSchema-instance">
      <con:targetTestCase>0eaadb51-eaa4-48ba-82d0-42592e2839fc</con:targetTestCase>
      <con:properties>
        <con:property>
          <con:name>req_userRoleId</con:name>
          <con:value>57</con:value>
        </con:property>
        <con:property>
          <con:name>req_salesOrgRoleId</con:name>
          <con:value>55</con:value>
        </con:property>
        <con:property>
          <con:name>req_biSpecCode</con:name>
          <con:value>PRD_TRANSFER</con:value>
        </con:property>
        <con:property>
          <con:name>res_code</con:name>
          <con:value>403</con:value>
        </con:property>
        <con:property>
          <con:name>res_biId</con:name>
        </con:property>
        <con:property>
          <con:name>res_errorMessage</con:name>
        </con:property>
        <con:property>
          <con:name>req_fromSalesOrganizationId</con:name>
        </con:property>
      </con:properties>
      <con:returnProperties>
        <con:entry>res_code</con:entry>
      </con:returnProperties>
      <con:runMode>PARALLELL</con:runMode>
    </con:config>
  </con:testStep>
  <con:testStep type="calltestcase" name="Cannot Create terminal bi" id="ac1a849c-a499-4c46-b2d7-844bd59bc802">
    <con:settings/>
    <con:config xsi:type="con:RunTestCaseStep" xmlns:xsi="http://www.w3.org/2001/XMLSchema-instance">
      <con:targetTestCase>dd134965-c927-42c2-b77c-aa9898d86735</con:targetTestCase>
      <con:properties>
        <con:property>
          <con:name>res_biId</con:name>
          <con:value xsi:nil="true"/>
        </con:property>
        <con:property>
          <con:name>req_userRoleId</con:name>
          <con:value>57</con:value>
        </con:property>
        <con:property>
          <con:name>req_salesOrgRoleId</con:name>
          <con:value>55</con:value>
        </con:property>
      </con:properties>
      <con:returnProperties>
        <con:entry>res_biId</con:entry>
      </con:returnProperties>
      <con:runMode>PARALLELL</con:runMode>
    </con:config>
  </con:testStep>
  <con:testStep type="assertionteststep" name="Assertion cannot create without authorization" id="6376ce5c-efde-4533-b20a-f134d538d241">
    <con:settings/>
    <con:config xsi:type="con:AssertionTestStep" xmlns:xsi="http://www.w3.org/2001/XMLSchema-instance">
      <con:entry>
        <con:id>be7191e3-0d6b-461a-90c2-c93a6c3819c4</con:id>
        <con:isGroup>false</con:isGroup>
        <con:sourceId>ac1a849c-a499-4c46-b2d7-844bd59bc802</con:sourceId>
        <con:propertyName>res_biId</con:propertyName>
        <con:assertion type="Simple Contains" name="Contains" id="f0da02aa-05a8-4583-af24-0e205b449e06">
          <con:configuration>
            <token>^\s*$</token>
            <ignoreCase>false</ignoreCase>
            <useRegEx>true</useRegEx>
          </con:configuration>
        </con:assertion>
      </con:entry>
    </con:config>
  </con:testStep>
  <con:testStep type="transfer" name="Property Transfer 20" id="c1586165-397e-4257-a52d-7babd50a7a73">
    <con:settings/>
    <con:config xsi:type="con:PropertyTransfersStep" xmlns:xsi="http://www.w3.org/2001/XMLSchema-instance">
      <con:transfers setNullOnMissingSource="true" transferTextContent="true" failOnError="true" ignoreEmpty="false" transferToAll="false" entitize="false" transferChildNodes="false">
        <con:name>invExtId</con:name>
        <con:sourceType>random_inventoryExtId</con:sourceType>
        <con:sourceStep>Properties</con:sourceStep>
        <con:sourcePath/>
        <con:targetType>req_externalId</con:targetType>
        <con:targetStep>Cannot add item to create terminal bi</con:targetStep>
        <con:targetPath/>
        <con:upgraded>true</con:upgraded>
      </con:transfers>
      <con:transfers setNullOnMissingSource="true" transferTextContent="true" failOnError="true" ignoreEmpty="false" transferToAll="false" entitize="false" transferChildNodes="false">
        <con:name>biId</con:name>
        <con:sourceType>res_biId</con:sourceType>
        <con:sourceStep>Cannot Create terminal bi</con:sourceStep>
        <con:targetType>req_biId</con:targetType>
        <con:targetStep>Cannot add item to create terminal bi</con:targetStep>
        <con:upgraded>true</con:upgraded>
      </con:transfers>
      <con:transfers setNullOnMissingSource="true" transferTextContent="true" failOnError="true" ignoreEmpty="false" transferToAll="false" entitize="false" transferChildNodes="false">
        <con:name>soId</con:name>
        <con:sourceType>res_salesOrgId</con:sourceType>
        <con:sourceStep>Create initial data</con:sourceStep>
        <con:targetType>req_salesOrgId</con:targetType>
        <con:targetStep>Cannot add item to create terminal bi</con:targetStep>
        <con:upgraded>true</con:upgraded>
      </con:transfers>
    </con:config>
  </con:testStep>
  <con:testStep type="calltestcase" name="Cannot add item to create terminal bi" id="f752037e-035f-4ef0-896e-55b9168ba420">
    <con:settings/>
    <con:config xsi:type="con:RunTestCaseStep" xmlns:xsi="http://www.w3.org/2001/XMLSchema-instance">
      <con:targetTestCase>c2cf8d8e-d749-4306-b31a-9517cd1e26d6</con:targetTestCase>
      <con:properties>
        <con:property>
          <con:name>req_biId</con:name>
          <con:value xsi:nil="true"/>
        </con:property>
        <con:property>
          <con:name>req_externalId</con:name>
          <con:value>ext-${=java.util.UUID.randomUUID()}</con:value>
        </con:property>
        <con:property>
          <con:name>res_biId</con:name>
          <con:value xsi:nil="true"/>
        </con:property>
        <con:property>
          <con:name>res_biItemId</con:name>
          <con:value xsi:nil="true"/>
        </con:property>
        <con:property>
          <con:name>req_salesOrgId</con:name>
          <con:value>55</con:value>
        </con:property>
        <con:property>
          <con:name>res_errorMessage</con:name>
          <con:value>404</con:value>
        </con:property>
      </con:properties>
      <con:returnProperties>
        <con:entry>res_biId</con:entry>
        <con:entry>res_biItemId</con:entry>
        <con:entry>res_errorMessage</con:entry>
      </con:returnProperties>
      <con:runMode>PARALLELL</con:runMode>
    </con:config>
  </con:testStep>
  <con:testStep type="assertionteststep" name="Assertion cannot add item authorization" id="4e54d638-dfc6-4891-ad4f-a1ccb1605c0e">
    <con:settings/>
    <con:config xsi:type="con:AssertionTestStep" xmlns:xsi="http://www.w3.org/2001/XMLSchema-instance">
      <con:entry>
        <con:id>1906a0f8-bbbf-45d9-9072-606cf00afa42</con:id>
        <con:isGroup>false</con:isGroup>
        <con:sourceId>f752037e-035f-4ef0-896e-55b9168ba420</con:sourceId>
        <con:propertyName>res_biItemId</con:propertyName>
        <con:assertion type="Simple Contains" name="Contains" id="d61b415f-6010-437b-ad2d-5af9ca240251">
          <con:configuration>
            <token>^\s*$</token>
            <ignoreCase>false</ignoreCase>
            <useRegEx>true</useRegEx>
          </con:configuration>
        </con:assertion>
      </con:entry>
    </con:config>
  </con:testStep>
  <con:testStep type="transfer" name="Property Transfer 10-1" id="d896c39e-33a6-46ba-b0b4-804e5290220d">
    <con:settings/>
    <con:config xsi:type="con:PropertyTransfersStep" xmlns:xsi="http://www.w3.org/2001/XMLSchema-instance">
      <con:transfers setNullOnMissingSource="true" transferTextContent="true" failOnError="true" ignoreEmpty="false" transferToAll="false" entitize="false" transferChildNodes="false">
        <con:name>userId</con:name>
        <con:sourceType>res_userRoleId</con:sourceType>
        <con:sourceStep>Create initial data</con:sourceStep>
        <con:sourcePath/>
        <con:targetType>req_UserId</con:targetType>
        <con:targetStep>Authorize create terminal - wrongDomain</con:targetStep>
        <con:targetPath/>
        <con:upgraded>true</con:upgraded>
      </con:transfers>
      <con:transfers setNullOnMissingSource="true" transferTextContent="true" failOnError="false" ignoreEmpty="false" transferToAll="false" entitize="false" transferChildNodes="false">
        <con:name>soId</con:name>
        <con:sourceType>res_salesOrgId</con:sourceType>
        <con:sourceStep>Create initial data</con:sourceStep>
        <con:targetType>req_SoId</con:targetType>
        <con:targetStep>Authorize create terminal - wrongDomain</con:targetStep>
        <con:upgraded>true</con:upgraded>
      </con:transfers>
      <con:transfers setNullOnMissingSource="true" transferTextContent="false" failOnError="true" ignoreEmpty="false" transferToAll="false" entitize="false" transferChildNodes="true">
        <con:name>domain</con:name>
        <con:sourceType>firstname</con:sourceType>
        <con:sourceStep>Properties</con:sourceStep>
        <con:targetType>req_Domain</con:targetType>
        <con:targetStep>Authorize create terminal - wrongDomain</con:targetStep>
        <con:upgraded>true</con:upgraded>
      </con:transfers>
      <con:transfers setNullOnMissingSource="true" transferTextContent="true" failOnError="true" ignoreEmpty="false" transferToAll="false" entitize="false" transferChildNodes="false">
        <con:name>action</con:name>
        <con:sourceType>action_CreateTerminal</con:sourceType>
        <con:sourceStep>Properties</con:sourceStep>
        <con:targetType>req_Action</con:targetType>
        <con:targetStep>Authorize create terminal - wrongDomain</con:targetStep>
        <con:upgraded>true</con:upgraded>
      </con:transfers>
      <con:transfers setNullOnMissingSource="true" transferTextContent="true" failOnError="true" ignoreEmpty="false" transferToAll="false" entitize="false" transferChildNodes="false">
        <con:name>scope</con:name>
        <con:sourceType>scope_Null</con:sourceType>
        <con:sourceStep>Properties</con:sourceStep>
        <con:targetType>req_Scope</con:targetType>
        <con:targetStep>Authorize create terminal - wrongDomain</con:targetStep>
        <con:upgraded>true</con:upgraded>
      </con:transfers>
      <con:transfers setNullOnMissingSource="true" transferTextContent="true" failOnError="true" ignoreEmpty="false" transferToAll="false" entitize="false" transferChildNodes="false">
        <con:name>profile</con:name>
        <con:sourceType>profile_CSR</con:sourceType>
        <con:sourceStep>Properties</con:sourceStep>
        <con:targetType>req_Profile</con:targetType>
        <con:targetStep>Authorize create terminal - wrongDomain</con:targetStep>
        <con:upgraded>true</con:upgraded>
      </con:transfers>
      <con:transfers setNullOnMissingSource="true" transferTextContent="true" failOnError="true" ignoreEmpty="true" transferToAll="false" entitize="false" transferChildNodes="false">
        <con:name>condition</con:name>
        <con:sourceType>condition_Null</con:sourceType>
        <con:sourceStep>Properties</con:sourceStep>
        <con:targetType>req_Condition</con:targetType>
        <con:targetStep>Authorize create terminal - wrongDomain</con:targetStep>
        <con:upgraded>true</con:upgraded>
      </con:transfers>
      <con:transfers setNullOnMissingSource="true" transferTextContent="true" failOnError="true" ignoreEmpty="false" transferToAll="false" entitize="false" transferChildNodes="false">
        <con:name>createdForSORoleId</con:name>
        <con:sourceType>DefaultSalesOrganizationRoleId</con:sourceType>
        <con:sourceStep>#Project#</con:sourceStep>
        <con:targetType>req_createdForSalesOrg</con:targetType>
        <con:targetStep>Authorize create terminal - wrongDomain</con:targetStep>
        <con:upgraded>true</con:upgraded>
      </con:transfers>
    </con:config>
  </con:testStep>
  <con:testStep type="calltestcase" name="Authorize create terminal - wrongDomain" id="d9f08782-241f-4bff-90b9-36c384b29775">
    <con:settings/>
    <con:config xsi:type="con:RunTestCaseStep" xmlns:xsi="http://www.w3.org/2001/XMLSchema-instance">
      <con:targetTestCase>7598e6a9-915e-450f-9530-8976eb29de47</con:targetTestCase>
      <con:properties>
        <con:property>
          <con:name>req_UserId</con:name>
          <con:value>57</con:value>
        </con:property>
        <con:property>
          <con:name>req_SoId</con:name>
          <con:value>55</con:value>
        </con:property>
        <con:property>
          <con:name>req_Domain</con:name>
          <con:value>Fender</con:value>
        </con:property>
        <con:property>
          <con:name>req_Action</con:name>
          <con:value>TRM.Create</con:value>
        </con:property>
        <con:property>
          <con:name>req_Scope</con:name>
          <con:value>PermitAllScope</con:value>
        </con:property>
        <con:property>
          <con:name>req_Profile</con:name>
          <con:value>CSR</con:value>
        </con:property>
        <con:property>
          <con:name>req_Condition</con:name>
          <con:value>NullCondition</con:value>
        </con:property>
        <con:property>
          <con:name>res_code</con:name>
          <con:value>400</con:value>
        </con:property>
        <con:property>
          <con:name>res_errorMessageCreate</con:name>
          <con:value xsi:nil="true"/>
        </con:property>
        <con:property>
          <con:name>res_errorMessageAdd</con:name>
          <con:value>No Available Domain for Fender</con:value>
        </con:property>
        <con:property>
          <con:name>res_errorMessageSubmit</con:name>
          <con:value>BI_CANNOT_SUBMIT_WITHOUT_ITEM</con:value>
        </con:property>
        <con:property>
          <con:name>response</con:name>
          <con:value>{"code":"BI_CANNOT_SUBMIT_WITHOUT_ITEM","description":"BI_CANNOT_SUBMIT_WITHOUT_ITEM","errorDetails":"BI_CANNOT_SUBMIT_WITHOUT_ITEM","errorMessage":"BI_CANNOT_SUBMIT_WITHOUT_ITEM","httpStatusCode":"BI_CANNOT_SUBMIT_WITHOUT_ITEM","httpStatusCodeDescription":"BI_CANNOT_SUBMIT_WITHOUT_ITEM"}</con:value>
        </con:property>
        <con:property>
          <con:name>req_createdForSalesOrg</con:name>
          <con:value>1</con:value>
        </con:property>
      </con:properties>
      <con:returnProperties>
        <con:entry>res_code</con:entry>
        <con:entry>res_errorMessageCreate</con:entry>
        <con:entry>res_errorMessageAdd</con:entry>
        <con:entry>res_errorMessageSubmit</con:entry>
        <con:entry>response</con:entry>
      </con:returnProperties>
      <con:runMode>PARALLELL</con:runMode>
    </con:config>
  </con:testStep>
  <con:testStep type="assertionteststep" name="Assertion for Authorize create terminal - wrongDomain" id="021a6723-8ee5-4485-a9b0-8bfebfd2e71d">
    <con:settings/>
    <con:config xsi:type="con:AssertionTestStep" xmlns:xsi="http://www.w3.org/2001/XMLSchema-instance">
      <con:entry>
        <con:id>6c00ff8e-3555-4ca4-9cbd-cc4b2aa8ba8e</con:id>
        <con:isGroup>false</con:isGroup>
        <con:sourceId>cf142e3d-3f6c-470a-a58c-306776560ab0</con:sourceId>
        <con:propertyName>http400</con:propertyName>
        <con:assertion type="Simple Equals" name="Equals" id="6c9c25bd-3b69-4398-ae52-ce4b8900fb96">
          <con:configuration>
            <patternObjectId>d9f08782-241f-4bff-90b9-36c384b29775</patternObjectId>
            <patternProperty>res_code</patternProperty>
            <caseSensitive>true</caseSensitive>
          </con:configuration>
        </con:assertion>
      </con:entry>
      <con:entry>
        <con:id>e0a6bac0-de16-4056-b665-28c06561639f</con:id>
        <con:isGroup>false</con:isGroup>
        <con:sourceId>d9f08782-241f-4bff-90b9-36c384b29775</con:sourceId>
        <con:propertyName>res_errorMessageSubmit</con:propertyName>
        <con:assertion type="Simple Equals" name="Equals 2" id="b59b00cd-4947-4c68-a4c4-06a0b8f71730">
          <con:configuration>
            <patternObjectId>cf142e3d-3f6c-470a-a58c-306776560ab0</patternObjectId>
            <patternProperty>errorMessage BI_CANNOT_SUBMIT_WITHOUT_ITEM</patternProperty>
            <caseSensitive>true</caseSensitive>
          </con:configuration>
        </con:assertion>
      </con:entry>
    </con:config>
  </con:testStep>
  <con:testStep type="transfer" name="Property Transfer 10-2" id="3c1f8225-00c3-4cc9-8022-3c5924bfb4be">
    <con:settings/>
    <con:config xsi:type="con:PropertyTransfersStep" xmlns:xsi="http://www.w3.org/2001/XMLSchema-instance">
      <con:transfers setNullOnMissingSource="true" transferTextContent="true" failOnError="true" ignoreEmpty="false" transferToAll="false" entitize="false" transferChildNodes="false">
        <con:name>userId</con:name>
        <con:sourceType>res_userRoleId</con:sourceType>
        <con:sourceStep>Create initial data</con:sourceStep>
        <con:sourcePath/>
        <con:targetType>req_UserId</con:targetType>
        <con:targetStep>Authorize create terminal - wrongAction</con:targetStep>
        <con:targetPath/>
        <con:upgraded>true</con:upgraded>
      </con:transfers>
      <con:transfers setNullOnMissingSource="true" transferTextContent="true" failOnError="true" ignoreEmpty="false" transferToAll="false" entitize="false" transferChildNodes="false">
        <con:name>soId</con:name>
        <con:sourceType>res_salesOrgId</con:sourceType>
        <con:sourceStep>Create initial data</con:sourceStep>
        <con:targetType>req_SoId</con:targetType>
        <con:targetStep>Authorize create terminal - wrongAction</con:targetStep>
        <con:upgraded>true</con:upgraded>
      </con:transfers>
      <con:transfers setNullOnMissingSource="true" transferTextContent="false" failOnError="true" ignoreEmpty="false" transferToAll="false" entitize="false" transferChildNodes="false">
        <con:name>domain</con:name>
        <con:sourceType>domain_terminal</con:sourceType>
        <con:sourceStep>Properties</con:sourceStep>
        <con:targetType>req_Domain</con:targetType>
        <con:targetStep>Authorize create terminal - wrongAction</con:targetStep>
        <con:upgraded>true</con:upgraded>
      </con:transfers>
      <con:transfers setNullOnMissingSource="true" transferTextContent="true" failOnError="true" ignoreEmpty="false" transferToAll="false" entitize="false" transferChildNodes="false">
        <con:name>action</con:name>
        <con:sourceType>firstname</con:sourceType>
        <con:sourceStep>Properties</con:sourceStep>
        <con:targetType>req_Action</con:targetType>
        <con:targetStep>Authorize create terminal - wrongAction</con:targetStep>
        <con:upgraded>true</con:upgraded>
      </con:transfers>
      <con:transfers setNullOnMissingSource="true" transferTextContent="true" failOnError="true" ignoreEmpty="false" transferToAll="false" entitize="false" transferChildNodes="false">
        <con:name>scope</con:name>
        <con:sourceType>scope_Null</con:sourceType>
        <con:sourceStep>Properties</con:sourceStep>
        <con:targetType>req_Scope</con:targetType>
        <con:targetStep>Authorize create terminal - wrongAction</con:targetStep>
        <con:upgraded>true</con:upgraded>
      </con:transfers>
      <con:transfers setNullOnMissingSource="true" transferTextContent="true" failOnError="true" ignoreEmpty="false" transferToAll="false" entitize="false" transferChildNodes="false">
        <con:name>profile</con:name>
        <con:sourceType>profile_CSR</con:sourceType>
        <con:sourceStep>Properties</con:sourceStep>
        <con:targetType>req_Profile</con:targetType>
        <con:targetStep>Authorize create terminal - wrongAction</con:targetStep>
        <con:upgraded>true</con:upgraded>
      </con:transfers>
      <con:transfers setNullOnMissingSource="true" transferTextContent="true" failOnError="true" ignoreEmpty="false" transferToAll="false" entitize="false" transferChildNodes="false">
        <con:name>condition</con:name>
        <con:sourceType>condition_Null</con:sourceType>
        <con:sourceStep>Properties</con:sourceStep>
        <con:targetType>req_Condition</con:targetType>
        <con:targetStep>Authorize create terminal - wrongAction</con:targetStep>
        <con:upgraded>true</con:upgraded>
      </con:transfers>
      <con:transfers setNullOnMissingSource="true" transferTextContent="true" failOnError="true" ignoreEmpty="false" transferToAll="false" entitize="false" transferChildNodes="false">
        <con:name>createdForSORoleId</con:name>
        <con:sourceType>DefaultSalesOrganizationRoleId</con:sourceType>
        <con:sourceStep>#Project#</con:sourceStep>
        <con:targetType>req_createdForSalesOrg</con:targetType>
        <con:targetStep>Authorize create terminal - wrongAction</con:targetStep>
        <con:upgraded>true</con:upgraded>
      </con:transfers>
    </con:config>
  </con:testStep>
  <con:testStep type="calltestcase" name="Authorize create terminal - wrongAction" id="ca5c779e-d61f-4ab3-83f4-c184899ad658">
    <con:settings/>
    <con:config xsi:type="con:RunTestCaseStep" xmlns:xsi="http://www.w3.org/2001/XMLSchema-instance">
      <con:targetTestCase>7598e6a9-915e-450f-9530-8976eb29de47</con:targetTestCase>
      <con:properties>
        <con:property>
          <con:name>req_UserId</con:name>
          <con:value>57</con:value>
        </con:property>
        <con:property>
          <con:name>req_SoId</con:name>
          <con:value>55</con:value>
        </con:property>
        <con:property>
          <con:name>req_Domain</con:name>
          <con:value>TRM</con:value>
        </con:property>
        <con:property>
          <con:name>req_Action</con:name>
          <con:value>Fender</con:value>
        </con:property>
        <con:property>
          <con:name>req_Scope</con:name>
          <con:value>PermitAllScope</con:value>
        </con:property>
        <con:property>
          <con:name>req_Profile</con:name>
          <con:value>CSR</con:value>
        </con:property>
        <con:property>
          <con:name>req_Condition</con:name>
          <con:value>NullCondition</con:value>
        </con:property>
        <con:property>
          <con:name>res_code</con:name>
          <con:value>400</con:value>
        </con:property>
        <con:property>
          <con:name>res_errorMessageCreate</con:name>
          <con:value xsi:nil="true"/>
        </con:property>
        <con:property>
          <con:name>res_errorMessageAdd</con:name>
          <con:value>No Available Permission Action for Fender</con:value>
        </con:property>
        <con:property>
          <con:name>res_errorMessageSubmit</con:name>
          <con:value>BI_CANNOT_SUBMIT_WITHOUT_ITEM</con:value>
        </con:property>
        <con:property>
          <con:name>response</con:name>
          <con:value>{"code":"BI_CANNOT_SUBMIT_WITHOUT_ITEM","description":"BI_CANNOT_SUBMIT_WITHOUT_ITEM","errorDetails":"BI_CANNOT_SUBMIT_WITHOUT_ITEM","errorMessage":"BI_CANNOT_SUBMIT_WITHOUT_ITEM","httpStatusCode":"BI_CANNOT_SUBMIT_WITHOUT_ITEM","httpStatusCodeDescription":"BI_CANNOT_SUBMIT_WITHOUT_ITEM"}</con:value>
        </con:property>
        <con:property>
          <con:name>req_createdForSalesOrg</con:name>
          <con:value>1</con:value>
        </con:property>
      </con:properties>
      <con:returnProperties>
        <con:entry>res_code</con:entry>
        <con:entry>res_errorMessageCreate</con:entry>
        <con:entry>res_errorMessageAdd</con:entry>
        <con:entry>res_errorMessageSubmit</con:entry>
        <con:entry>response</con:entry>
      </con:returnProperties>
      <con:runMode>PARALLELL</con:runMode>
    </con:config>
  </con:testStep>
  <con:testStep type="assertionteststep" name="Assertion for Authorize create terminal - wrongAction" id="5b89c983-59bf-4854-9d72-c7f1e26529ef">
    <con:settings/>
    <con:config xsi:type="con:AssertionTestStep" xmlns:xsi="http://www.w3.org/2001/XMLSchema-instance">
      <con:entry>
        <con:id>18097114-eea8-4700-9104-bb6d5947dd7c</con:id>
        <con:isGroup>false</con:isGroup>
        <con:sourceId>cf142e3d-3f6c-470a-a58c-306776560ab0</con:sourceId>
        <con:propertyName>http400</con:propertyName>
        <con:assertion type="Simple Equals" name="Equals" id="173d9422-c437-43e4-a8f1-0628991e040b">
          <con:configuration>
            <patternObjectId>ca5c779e-d61f-4ab3-83f4-c184899ad658</patternObjectId>
            <patternProperty>res_code</patternProperty>
            <caseSensitive>true</caseSensitive>
          </con:configuration>
        </con:assertion>
      </con:entry>
      <con:entry>
        <con:id>3aa04f74-47fe-433d-9f26-8f27af710855</con:id>
        <con:isGroup>false</con:isGroup>
        <con:sourceId>ca5c779e-d61f-4ab3-83f4-c184899ad658</con:sourceId>
        <con:propertyName>res_errorMessageSubmit</con:propertyName>
        <con:assertion type="Simple Equals" name="Equals 2" id="792b2344-db7f-4845-bdb8-c4ff0444896a">
          <con:configuration>
            <patternObjectId>cf142e3d-3f6c-470a-a58c-306776560ab0</patternObjectId>
            <patternProperty>errorMessage BI_CANNOT_SUBMIT_WITHOUT_ITEM</patternProperty>
            <caseSensitive>true</caseSensitive>
          </con:configuration>
        </con:assertion>
      </con:entry>
    </con:config>
  </con:testStep>
  <con:testStep type="transfer" name="Property Transfer 10-3" id="df45800e-c87b-4dd3-a3a1-47e9ed8e5dad">
    <con:settings/>
    <con:config xsi:type="con:PropertyTransfersStep" xmlns:xsi="http://www.w3.org/2001/XMLSchema-instance">
      <con:transfers setNullOnMissingSource="true" transferTextContent="true" failOnError="true" ignoreEmpty="false" transferToAll="false" entitize="false" transferChildNodes="false">
        <con:name>userId</con:name>
        <con:sourceType>res_userRoleId</con:sourceType>
        <con:sourceStep>Create initial data</con:sourceStep>
        <con:sourcePath/>
        <con:targetType>req_UserId</con:targetType>
        <con:targetStep>Authorize create terminal - wrongScope</con:targetStep>
        <con:targetPath/>
        <con:upgraded>true</con:upgraded>
      </con:transfers>
      <con:transfers setNullOnMissingSource="true" transferTextContent="true" failOnError="true" ignoreEmpty="false" transferToAll="false" entitize="false" transferChildNodes="false">
        <con:name>soId</con:name>
        <con:sourceType>res_salesOrgId</con:sourceType>
        <con:sourceStep>Create initial data</con:sourceStep>
        <con:targetType>req_SoId</con:targetType>
        <con:targetStep>Authorize create terminal - wrongScope</con:targetStep>
        <con:upgraded>true</con:upgraded>
      </con:transfers>
      <con:transfers setNullOnMissingSource="true" transferTextContent="false" failOnError="true" ignoreEmpty="false" transferToAll="false" entitize="false" transferChildNodes="false">
        <con:name>domain</con:name>
        <con:sourceType>domain_terminal</con:sourceType>
        <con:sourceStep>Properties</con:sourceStep>
        <con:targetType>req_Domain</con:targetType>
        <con:targetStep>Authorize create terminal - wrongScope</con:targetStep>
        <con:upgraded>true</con:upgraded>
      </con:transfers>
      <con:transfers setNullOnMissingSource="true" transferTextContent="true" failOnError="true" ignoreEmpty="false" transferToAll="false" entitize="false" transferChildNodes="false">
        <con:name>action</con:name>
        <con:sourceType>action_CreateTerminal</con:sourceType>
        <con:sourceStep>Properties</con:sourceStep>
        <con:targetType>req_Action</con:targetType>
        <con:targetStep>Authorize create terminal - wrongScope</con:targetStep>
        <con:upgraded>true</con:upgraded>
      </con:transfers>
      <con:transfers setNullOnMissingSource="true" transferTextContent="true" failOnError="true" ignoreEmpty="false" transferToAll="false" entitize="false" transferChildNodes="false">
        <con:name>scope</con:name>
        <con:sourceType>firstname</con:sourceType>
        <con:sourceStep>Properties</con:sourceStep>
        <con:targetType>req_Scope</con:targetType>
        <con:targetStep>Authorize create terminal - wrongScope</con:targetStep>
        <con:upgraded>true</con:upgraded>
      </con:transfers>
      <con:transfers setNullOnMissingSource="true" transferTextContent="true" failOnError="true" ignoreEmpty="false" transferToAll="false" entitize="false" transferChildNodes="false">
        <con:name>profile</con:name>
        <con:sourceType>profile_CSR</con:sourceType>
        <con:sourceStep>Properties</con:sourceStep>
        <con:targetType>req_Profile</con:targetType>
        <con:targetStep>Authorize create terminal - wrongScope</con:targetStep>
        <con:upgraded>true</con:upgraded>
      </con:transfers>
      <con:transfers setNullOnMissingSource="true" transferTextContent="true" failOnError="true" ignoreEmpty="false" transferToAll="false" entitize="false" transferChildNodes="false">
        <con:name>condition</con:name>
        <con:sourceType>condition_Null</con:sourceType>
        <con:sourceStep>Properties</con:sourceStep>
        <con:targetType>req_Condition</con:targetType>
        <con:targetStep>Authorize create terminal - wrongScope</con:targetStep>
        <con:upgraded>true</con:upgraded>
      </con:transfers>
      <con:transfers setNullOnMissingSource="true" transferTextContent="true" failOnError="true" ignoreEmpty="false" transferToAll="false" entitize="false" transferChildNodes="false">
        <con:name>createdForSORoleId</con:name>
        <con:sourceType>DefaultSalesOrganizationRoleId</con:sourceType>
        <con:sourceStep>#Project#</con:sourceStep>
        <con:targetType>req_createdForSalesOrg</con:targetType>
        <con:targetStep>Authorize create terminal - wrongScope</con:targetStep>
        <con:upgraded>true</con:upgraded>
      </con:transfers>
    </con:config>
  </con:testStep>
  <con:testStep type="calltestcase" name="Authorize create terminal - wrongScope" id="d7249c3c-635f-4285-a866-e906b1cde14e">
    <con:settings/>
    <con:config xsi:type="con:RunTestCaseStep" xmlns:xsi="http://www.w3.org/2001/XMLSchema-instance">
      <con:targetTestCase>7598e6a9-915e-450f-9530-8976eb29de47</con:targetTestCase>
      <con:properties>
        <con:property>
          <con:name>req_UserId</con:name>
          <con:value>57</con:value>
        </con:property>
        <con:property>
          <con:name>req_SoId</con:name>
          <con:value>55</con:value>
        </con:property>
        <con:property>
          <con:name>req_Domain</con:name>
          <con:value>TRM</con:value>
        </con:property>
        <con:property>
          <con:name>req_Action</con:name>
          <con:value>TRM.Create</con:value>
        </con:property>
        <con:property>
          <con:name>req_Scope</con:name>
          <con:value>Fender</con:value>
        </con:property>
        <con:property>
          <con:name>req_Profile</con:name>
          <con:value>CSR</con:value>
        </con:property>
        <con:property>
          <con:name>req_Condition</con:name>
          <con:value>NullCondition</con:value>
        </con:property>
        <con:property>
          <con:name>res_code</con:name>
          <con:value>400</con:value>
        </con:property>
        <con:property>
          <con:name>res_errorMessageCreate</con:name>
          <con:value xsi:nil="true"/>
        </con:property>
        <con:property>
          <con:name>res_errorMessageAdd</con:name>
          <con:value>No Available Permission Scope for Fender</con:value>
        </con:property>
        <con:property>
          <con:name>res_errorMessageSubmit</con:name>
          <con:value>BI_CANNOT_SUBMIT_WITHOUT_ITEM</con:value>
        </con:property>
        <con:property>
          <con:name>response</con:name>
          <con:value>{"code":"BI_CANNOT_SUBMIT_WITHOUT_ITEM","description":"BI_CANNOT_SUBMIT_WITHOUT_ITEM","errorDetails":"BI_CANNOT_SUBMIT_WITHOUT_ITEM","errorMessage":"BI_CANNOT_SUBMIT_WITHOUT_ITEM","httpStatusCode":"BI_CANNOT_SUBMIT_WITHOUT_ITEM","httpStatusCodeDescription":"BI_CANNOT_SUBMIT_WITHOUT_ITEM"}</con:value>
        </con:property>
        <con:property>
          <con:name>req_createdForSalesOrg</con:name>
          <con:value>1</con:value>
        </con:property>
      </con:properties>
      <con:returnProperties>
        <con:entry>res_code</con:entry>
        <con:entry>res_errorMessageCreate</con:entry>
        <con:entry>res_errorMessageAdd</con:entry>
        <con:entry>res_errorMessageSubmit</con:entry>
        <con:entry>response</con:entry>
      </con:returnProperties>
      <con:runMode>PARALLELL</con:runMode>
    </con:config>
  </con:testStep>
  <con:testStep type="assertionteststep" name="Assertion for Authorize create terminal - wrongScope" id="355bf270-d7ed-4ddd-ba50-5aeb275e8214">
    <con:settings/>
    <con:config xsi:type="con:AssertionTestStep" xmlns:xsi="http://www.w3.org/2001/XMLSchema-instance">
      <con:entry>
        <con:id>2b261077-2c30-4b4e-9f3d-6e040b6c2ce2</con:id>
        <con:isGroup>false</con:isGroup>
        <con:sourceId>cf142e3d-3f6c-470a-a58c-306776560ab0</con:sourceId>
        <con:propertyName>http400</con:propertyName>
        <con:assertion type="Simple Equals" name="Equals" id="4f649be0-2173-4fe7-a015-d3c2bf4b3e8a">
          <con:configuration>
            <patternObjectId>d7249c3c-635f-4285-a866-e906b1cde14e</patternObjectId>
            <patternProperty>res_code</patternProperty>
            <caseSensitive>true</caseSensitive>
          </con:configuration>
        </con:assertion>
      </con:entry>
      <con:entry>
        <con:id>4b0e256c-4303-447d-a0c1-0916a8285193</con:id>
        <con:isGroup>false</con:isGroup>
        <con:sourceId>d7249c3c-635f-4285-a866-e906b1cde14e</con:sourceId>
        <con:propertyName>res_errorMessageSubmit</con:propertyName>
        <con:assertion type="Simple Equals" name="Equals 2" id="6813acde-fa76-472a-87d9-a9d03f5733aa">
          <con:configuration>
            <patternObjectId>cf142e3d-3f6c-470a-a58c-306776560ab0</patternObjectId>
            <patternProperty>errorMessage BI_CANNOT_SUBMIT_WITHOUT_ITEM</patternProperty>
            <caseSensitive>true</caseSensitive>
          </con:configuration>
        </con:assertion>
      </con:entry>
    </con:config>
  </con:testStep>
  <con:testStep type="transfer" name="Property Transfer 10-4" id="eeeb3600-d0d1-4129-a4a5-e0ded226a29f">
    <con:settings/>
    <con:config xsi:type="con:PropertyTransfersStep" xmlns:xsi="http://www.w3.org/2001/XMLSchema-instance">
      <con:transfers setNullOnMissingSource="true" transferTextContent="true" failOnError="true" ignoreEmpty="false" transferToAll="false" entitize="false" transferChildNodes="false">
        <con:name>userId</con:name>
        <con:sourceType>res_userRoleId</con:sourceType>
        <con:sourceStep>Create initial data</con:sourceStep>
        <con:sourcePath/>
        <con:targetType>req_UserId</con:targetType>
        <con:targetStep>Authorize create terminal - wrongProfile</con:targetStep>
        <con:targetPath/>
        <con:upgraded>true</con:upgraded>
      </con:transfers>
      <con:transfers setNullOnMissingSource="true" transferTextContent="true" failOnError="true" ignoreEmpty="false" transferToAll="false" entitize="false" transferChildNodes="false">
        <con:name>soId</con:name>
        <con:sourceType>res_salesOrgId</con:sourceType>
        <con:sourceStep>Create initial data</con:sourceStep>
        <con:targetType>req_SoId</con:targetType>
        <con:targetStep>Authorize create terminal - wrongProfile</con:targetStep>
        <con:upgraded>true</con:upgraded>
      </con:transfers>
      <con:transfers setNullOnMissingSource="true" transferTextContent="false" failOnError="true" ignoreEmpty="false" transferToAll="false" entitize="false" transferChildNodes="false">
        <con:name>domain</con:name>
        <con:sourceType>domain_terminal</con:sourceType>
        <con:sourceStep>Properties</con:sourceStep>
        <con:targetType>req_Domain</con:targetType>
        <con:targetStep>Authorize create terminal - wrongProfile</con:targetStep>
        <con:upgraded>true</con:upgraded>
      </con:transfers>
      <con:transfers setNullOnMissingSource="true" transferTextContent="true" failOnError="true" ignoreEmpty="false" transferToAll="false" entitize="false" transferChildNodes="false">
        <con:name>action</con:name>
        <con:sourceType>action_CreateTerminal</con:sourceType>
        <con:sourceStep>Properties</con:sourceStep>
        <con:targetType>req_Action</con:targetType>
        <con:targetStep>Authorize create terminal - wrongProfile</con:targetStep>
        <con:upgraded>true</con:upgraded>
      </con:transfers>
      <con:transfers setNullOnMissingSource="true" transferTextContent="true" failOnError="true" ignoreEmpty="false" transferToAll="false" entitize="false" transferChildNodes="false">
        <con:name>scope</con:name>
        <con:sourceType>scope_Null</con:sourceType>
        <con:sourceStep>Properties</con:sourceStep>
        <con:targetType>req_Scope</con:targetType>
        <con:targetStep>Authorize create terminal - wrongProfile</con:targetStep>
        <con:upgraded>true</con:upgraded>
      </con:transfers>
      <con:transfers setNullOnMissingSource="true" transferTextContent="true" failOnError="true" ignoreEmpty="false" transferToAll="false" entitize="false" transferChildNodes="false">
        <con:name>profile</con:name>
        <con:sourceType>firstname</con:sourceType>
        <con:sourceStep>Properties</con:sourceStep>
        <con:targetType>req_Profile</con:targetType>
        <con:targetStep>Authorize create terminal - wrongProfile</con:targetStep>
        <con:upgraded>true</con:upgraded>
      </con:transfers>
      <con:transfers setNullOnMissingSource="true" transferTextContent="true" failOnError="true" ignoreEmpty="false" transferToAll="false" entitize="false" transferChildNodes="false">
        <con:name>condition</con:name>
        <con:sourceType>condition_Null</con:sourceType>
        <con:sourceStep>Properties</con:sourceStep>
        <con:targetType>req_Condition</con:targetType>
        <con:targetStep>Authorize create terminal - wrongProfile</con:targetStep>
        <con:upgraded>true</con:upgraded>
      </con:transfers>
      <con:transfers setNullOnMissingSource="true" transferTextContent="true" failOnError="true" ignoreEmpty="false" transferToAll="false" entitize="false" transferChildNodes="false">
        <con:name>createdForSORoleId</con:name>
        <con:sourceType>DefaultSalesOrganizationRoleId</con:sourceType>
        <con:sourceStep>#Project#</con:sourceStep>
        <con:targetType>req_createdForSalesOrg</con:targetType>
        <con:targetStep>Authorize create terminal - wrongProfile</con:targetStep>
        <con:upgraded>true</con:upgraded>
      </con:transfers>
    </con:config>
  </con:testStep>
  <con:testStep type="calltestcase" name="Authorize create terminal - wrongProfile" id="2bf8c17c-5978-440e-b204-4801e19ade30">
    <con:settings/>
    <con:config xsi:type="con:RunTestCaseStep" xmlns:xsi="http://www.w3.org/2001/XMLSchema-instance">
      <con:targetTestCase>7598e6a9-915e-450f-9530-8976eb29de47</con:targetTestCase>
      <con:properties>
        <con:property>
          <con:name>req_UserId</con:name>
          <con:value>57</con:value>
        </con:property>
        <con:property>
          <con:name>req_SoId</con:name>
          <con:value>55</con:value>
        </con:property>
        <con:property>
          <con:name>req_Domain</con:name>
          <con:value>TRM</con:value>
        </con:property>
        <con:property>
          <con:name>req_Action</con:name>
          <con:value>TRM.Create</con:value>
        </con:property>
        <con:property>
          <con:name>req_Scope</con:name>
          <con:value>PermitAllScope</con:value>
        </con:property>
        <con:property>
          <con:name>req_Profile</con:name>
          <con:value>Fender</con:value>
        </con:property>
        <con:property>
          <con:name>req_Condition</con:name>
          <con:value>NullCondition</con:value>
        </con:property>
        <con:property>
          <con:name>res_code</con:name>
          <con:value>400</con:value>
        </con:property>
        <con:property>
          <con:name>res_errorMessageCreate</con:name>
          <con:value xsi:nil="true"/>
        </con:property>
        <con:property>
          <con:name>res_errorMessageAdd</con:name>
          <con:value>No Available Permission Profile for Fender</con:value>
        </con:property>
        <con:property>
          <con:name>res_errorMessageSubmit</con:name>
          <con:value>BI_CANNOT_SUBMIT_WITHOUT_ITEM</con:value>
        </con:property>
        <con:property>
          <con:name>response</con:name>
          <con:value>{"code":"BI_CANNOT_SUBMIT_WITHOUT_ITEM","description":"BI_CANNOT_SUBMIT_WITHOUT_ITEM","errorDetails":"BI_CANNOT_SUBMIT_WITHOUT_ITEM","errorMessage":"BI_CANNOT_SUBMIT_WITHOUT_ITEM","httpStatusCode":"BI_CANNOT_SUBMIT_WITHOUT_ITEM","httpStatusCodeDescription":"BI_CANNOT_SUBMIT_WITHOUT_ITEM"}</con:value>
        </con:property>
        <con:property>
          <con:name>req_createdForSalesOrg</con:name>
          <con:value>1</con:value>
        </con:property>
      </con:properties>
      <con:returnProperties>
        <con:entry>res_code</con:entry>
        <con:entry>res_errorMessageCreate</con:entry>
        <con:entry>res_errorMessageAdd</con:entry>
        <con:entry>res_errorMessageSubmit</con:entry>
        <con:entry>response</con:entry>
      </con:returnProperties>
      <con:runMode>PARALLELL</con:runMode>
    </con:config>
  </con:testStep>
  <con:testStep type="assertionteststep" name="Assertion for Authorize create terminal - wrongProfile" id="214c7bb8-7949-4e62-b9fa-faf31854ae20">
    <con:settings/>
    <con:config xsi:type="con:AssertionTestStep" xmlns:xsi="http://www.w3.org/2001/XMLSchema-instance">
      <con:entry>
        <con:id>e109d50e-582d-4585-b9dc-13eddd79fbcf</con:id>
        <con:isGroup>false</con:isGroup>
        <con:sourceId>cf142e3d-3f6c-470a-a58c-306776560ab0</con:sourceId>
        <con:propertyName>http400</con:propertyName>
        <con:assertion type="Simple Equals" name="Equals" id="b4d85ce0-4b26-4f66-abe0-d33ead08197f">
          <con:configuration>
            <patternObjectId>2bf8c17c-5978-440e-b204-4801e19ade30</patternObjectId>
            <patternProperty>res_code</patternProperty>
            <caseSensitive>true</caseSensitive>
          </con:configuration>
        </con:assertion>
      </con:entry>
      <con:entry>
        <con:id>4173c63e-197c-45e1-b24e-afa6cc547cfc</con:id>
        <con:isGroup>false</con:isGroup>
        <con:sourceId>2bf8c17c-5978-440e-b204-4801e19ade30</con:sourceId>
        <con:propertyName>res_errorMessageSubmit</con:propertyName>
        <con:assertion type="Simple Equals" name="Equals 2" id="03b1507a-b09a-4753-86a0-e273d1c40a72">
          <con:configuration>
            <patternObjectId>cf142e3d-3f6c-470a-a58c-306776560ab0</patternObjectId>
            <patternProperty>errorMessage BI_CANNOT_SUBMIT_WITHOUT_ITEM</patternProperty>
            <caseSensitive>true</caseSensitive>
          </con:configuration>
        </con:assertion>
      </con:entry>
    </con:config>
  </con:testStep>
  <con:testStep type="transfer" name="Property Transfer 10-5" id="7c168bc5-a300-40d1-bf73-fb5d8b8a4e48">
    <con:settings/>
    <con:config xsi:type="con:PropertyTransfersStep" xmlns:xsi="http://www.w3.org/2001/XMLSchema-instance">
      <con:transfers setNullOnMissingSource="true" transferTextContent="true" failOnError="true" ignoreEmpty="false" transferToAll="false" entitize="false" transferChildNodes="false">
        <con:name>userId</con:name>
        <con:sourceType>res_userRoleId</con:sourceType>
        <con:sourceStep>Create initial data</con:sourceStep>
        <con:sourcePath/>
        <con:targetType>req_UserId</con:targetType>
        <con:targetStep>Authorize create terminal - wrongCondition</con:targetStep>
        <con:targetPath/>
        <con:upgraded>true</con:upgraded>
      </con:transfers>
      <con:transfers setNullOnMissingSource="true" transferTextContent="true" failOnError="true" ignoreEmpty="false" transferToAll="false" entitize="false" transferChildNodes="false">
        <con:name>soId</con:name>
        <con:sourceType>res_salesOrgId</con:sourceType>
        <con:sourceStep>Create initial data</con:sourceStep>
        <con:targetType>req_SoId</con:targetType>
        <con:targetStep>Authorize create terminal - wrongCondition</con:targetStep>
        <con:upgraded>true</con:upgraded>
      </con:transfers>
      <con:transfers setNullOnMissingSource="true" transferTextContent="false" failOnError="true" ignoreEmpty="false" transferToAll="false" entitize="false" transferChildNodes="false">
        <con:name>domain</con:name>
        <con:sourceType>domain_terminal</con:sourceType>
        <con:sourceStep>Properties</con:sourceStep>
        <con:targetType>req_Domain</con:targetType>
        <con:targetStep>Authorize create terminal - wrongCondition</con:targetStep>
        <con:upgraded>true</con:upgraded>
      </con:transfers>
      <con:transfers setNullOnMissingSource="true" transferTextContent="true" failOnError="true" ignoreEmpty="false" transferToAll="false" entitize="false" transferChildNodes="false">
        <con:name>action</con:name>
        <con:sourceType>action_CreateTerminal</con:sourceType>
        <con:sourceStep>Properties</con:sourceStep>
        <con:targetType>req_Action</con:targetType>
        <con:targetStep>Authorize create terminal - wrongCondition</con:targetStep>
        <con:upgraded>true</con:upgraded>
      </con:transfers>
      <con:transfers setNullOnMissingSource="true" transferTextContent="true" failOnError="true" ignoreEmpty="false" transferToAll="false" entitize="false" transferChildNodes="false">
        <con:name>scope</con:name>
        <con:sourceType>scope_Null</con:sourceType>
        <con:sourceStep>Properties</con:sourceStep>
        <con:targetType>req_Scope</con:targetType>
        <con:targetStep>Authorize create terminal - wrongCondition</con:targetStep>
        <con:upgraded>true</con:upgraded>
      </con:transfers>
      <con:transfers setNullOnMissingSource="true" transferTextContent="true" failOnError="true" ignoreEmpty="false" transferToAll="false" entitize="false" transferChildNodes="false">
        <con:name>profile</con:name>
        <con:sourceType>profile_CSR</con:sourceType>
        <con:sourceStep>Properties</con:sourceStep>
        <con:targetType>req_Profile</con:targetType>
        <con:targetStep>Authorize create terminal - wrongCondition</con:targetStep>
        <con:upgraded>true</con:upgraded>
      </con:transfers>
      <con:transfers setNullOnMissingSource="true" transferTextContent="true" failOnError="true" ignoreEmpty="false" transferToAll="false" entitize="false" transferChildNodes="false">
        <con:name>condition</con:name>
        <con:sourceType>firstname</con:sourceType>
        <con:sourceStep>Properties</con:sourceStep>
        <con:targetType>req_Condition</con:targetType>
        <con:targetStep>Authorize create terminal - wrongCondition</con:targetStep>
        <con:upgraded>true</con:upgraded>
      </con:transfers>
      <con:transfers setNullOnMissingSource="true" transferTextContent="true" failOnError="true" ignoreEmpty="false" transferToAll="false" entitize="false" transferChildNodes="false">
        <con:name>createdForSORoleId</con:name>
        <con:sourceType>DefaultSalesOrganizationRoleId</con:sourceType>
        <con:sourceStep>#Project#</con:sourceStep>
        <con:targetType>req_createdForSalesOrg</con:targetType>
        <con:targetStep>Authorize create terminal - wrongCondition</con:targetStep>
        <con:upgraded>true</con:upgraded>
      </con:transfers>
    </con:config>
  </con:testStep>
  <con:testStep type="calltestcase" name="Authorize create terminal - wrongCondition" id="0bb36216-43fc-4ff3-a599-b3c750b58087">
    <con:settings/>
    <con:config xsi:type="con:RunTestCaseStep" xmlns:xsi="http://www.w3.org/2001/XMLSchema-instance">
      <con:targetTestCase>7598e6a9-915e-450f-9530-8976eb29de47</con:targetTestCase>
      <con:properties>
        <con:property>
          <con:name>req_UserId</con:name>
          <con:value>57</con:value>
        </con:property>
        <con:property>
          <con:name>req_SoId</con:name>
          <con:value>55</con:value>
        </con:property>
        <con:property>
          <con:name>req_Domain</con:name>
          <con:value>TRM</con:value>
        </con:property>
        <con:property>
          <con:name>req_Action</con:name>
          <con:value>TRM.Create</con:value>
        </con:property>
        <con:property>
          <con:name>req_Scope</con:name>
          <con:value>PermitAllScope</con:value>
        </con:property>
        <con:property>
          <con:name>req_Profile</con:name>
          <con:value>CSR</con:value>
        </con:property>
        <con:property>
          <con:name>req_Condition</con:name>
          <con:value>Fender</con:value>
        </con:property>
        <con:property>
          <con:name>res_code</con:name>
          <con:value>400</con:value>
        </con:property>
        <con:property>
          <con:name>res_errorMessageCreate</con:name>
          <con:value xsi:nil="true"/>
        </con:property>
        <con:property>
          <con:name>res_errorMessageAdd</con:name>
          <con:value>No Available Permission Condition for Fender</con:value>
        </con:property>
        <con:property>
          <con:name>res_errorMessageSubmit</con:name>
          <con:value>BI_CANNOT_SUBMIT_WITHOUT_ITEM</con:value>
        </con:property>
        <con:property>
          <con:name>response</con:name>
          <con:value>{"code":"BI_CANNOT_SUBMIT_WITHOUT_ITEM","description":"BI_CANNOT_SUBMIT_WITHOUT_ITEM","errorDetails":"BI_CANNOT_SUBMIT_WITHOUT_ITEM","errorMessage":"BI_CANNOT_SUBMIT_WITHOUT_ITEM","httpStatusCode":"BI_CANNOT_SUBMIT_WITHOUT_ITEM","httpStatusCodeDescription":"BI_CANNOT_SUBMIT_WITHOUT_ITEM"}</con:value>
        </con:property>
        <con:property>
          <con:name>req_createdForSalesOrg</con:name>
          <con:value>1</con:value>
        </con:property>
      </con:properties>
      <con:returnProperties>
        <con:entry>res_code</con:entry>
        <con:entry>res_errorMessageCreate</con:entry>
        <con:entry>res_errorMessageAdd</con:entry>
        <con:entry>res_errorMessageSubmit</con:entry>
        <con:entry>response</con:entry>
      </con:returnProperties>
      <con:runMode>PARALLELL</con:runMode>
    </con:config>
  </con:testStep>
  <con:testStep type="assertionteststep" name="Assertion for Authorize create terminal - wrongCondition" id="73c9cbf0-c3d0-4c95-a3a5-4af0bf8ed4ac">
    <con:settings/>
    <con:config xsi:type="con:AssertionTestStep" xmlns:xsi="http://www.w3.org/2001/XMLSchema-instance">
      <con:entry>
        <con:id>7f10ee4e-1234-44b5-a873-f0785850c90e</con:id>
        <con:isGroup>false</con:isGroup>
        <con:sourceId>cf142e3d-3f6c-470a-a58c-306776560ab0</con:sourceId>
        <con:propertyName>http400</con:propertyName>
        <con:assertion type="Simple Equals" name="Equals" id="1d4fa68e-5e66-4f17-95ef-ab0987e43d0d">
          <con:configuration>
            <patternObjectId>0bb36216-43fc-4ff3-a599-b3c750b58087</patternObjectId>
            <patternProperty>res_code</patternProperty>
            <caseSensitive>true</caseSensitive>
          </con:configuration>
        </con:assertion>
      </con:entry>
      <con:entry>
        <con:id>659fa1c0-601c-43d9-ac26-5ab714173c10</con:id>
        <con:isGroup>false</con:isGroup>
        <con:sourceId>0bb36216-43fc-4ff3-a599-b3c750b58087</con:sourceId>
        <con:propertyName>res_errorMessageSubmit</con:propertyName>
        <con:assertion type="Simple Equals" name="Equals 2" id="4250ee4c-6561-4e8a-81d2-fc5e885a3f0a">
          <con:configuration>
            <patternObjectId>cf142e3d-3f6c-470a-a58c-306776560ab0</patternObjectId>
            <patternProperty>errorMessage BI_CANNOT_SUBMIT_WITHOUT_ITEM</patternProperty>
            <caseSensitive>true</caseSensitive>
          </con:configuration>
        </con:assertion>
      </con:entry>
    </con:config>
  </con:testStep>
  <con:testStep type="manualTestStep" name="****CREATE TERMINAL permission************************" id="382a1e20-9ce1-43a5-8c89-84acf7ffe9b3" disabled="true">
    <con:settings/>
    <con:config xsi:type="con:ManualTestStep" xmlns:xsi="http://www.w3.org/2001/XMLSchema-instance"/>
  </con:testStep>
  <con:testStep type="transfer" name="Property Transfer 10" id="902f5d04-0172-463e-a4f1-5ffeadc6137c">
    <con:settings/>
    <con:config xsi:type="con:PropertyTransfersStep" xmlns:xsi="http://www.w3.org/2001/XMLSchema-instance">
      <con:transfers setNullOnMissingSource="true" transferTextContent="true" failOnError="true" ignoreEmpty="false" transferToAll="false" entitize="false" transferChildNodes="false">
        <con:name>userId</con:name>
        <con:sourceType>res_userRoleId</con:sourceType>
        <con:sourceStep>Create initial data</con:sourceStep>
        <con:sourcePath/>
        <con:targetType>req_UserId</con:targetType>
        <con:targetStep>Authorize create terminal</con:targetStep>
        <con:targetPath/>
        <con:upgraded>true</con:upgraded>
      </con:transfers>
      <con:transfers setNullOnMissingSource="true" transferTextContent="true" failOnError="true" ignoreEmpty="false" transferToAll="false" entitize="false" transferChildNodes="false">
        <con:name>soId</con:name>
        <con:sourceType>res_salesOrgId</con:sourceType>
        <con:sourceStep>Create initial data</con:sourceStep>
        <con:targetType>req_SoId</con:targetType>
        <con:targetStep>Authorize create terminal</con:targetStep>
        <con:upgraded>true</con:upgraded>
      </con:transfers>
      <con:transfers setNullOnMissingSource="true" transferTextContent="false" failOnError="true" ignoreEmpty="false" transferToAll="false" entitize="false" transferChildNodes="false">
        <con:name>domain</con:name>
        <con:sourceType>domain_terminal</con:sourceType>
        <con:sourceStep>Properties</con:sourceStep>
        <con:targetType>req_Domain</con:targetType>
        <con:targetStep>Authorize create terminal</con:targetStep>
        <con:upgraded>true</con:upgraded>
      </con:transfers>
      <con:transfers setNullOnMissingSource="true" transferTextContent="true" failOnError="true" ignoreEmpty="false" transferToAll="false" entitize="false" transferChildNodes="false">
        <con:name>action</con:name>
        <con:sourceType>action_CreateTerminal</con:sourceType>
        <con:sourceStep>Properties</con:sourceStep>
        <con:targetType>req_Action</con:targetType>
        <con:targetStep>Authorize create terminal</con:targetStep>
        <con:upgraded>true</con:upgraded>
      </con:transfers>
      <con:transfers setNullOnMissingSource="true" transferTextContent="true" failOnError="true" ignoreEmpty="false" transferToAll="false" entitize="false" transferChildNodes="false">
        <con:name>scope</con:name>
        <con:sourceType>scope_Null</con:sourceType>
        <con:sourceStep>Properties</con:sourceStep>
        <con:targetType>req_Scope</con:targetType>
        <con:targetStep>Authorize create terminal</con:targetStep>
        <con:upgraded>true</con:upgraded>
      </con:transfers>
      <con:transfers setNullOnMissingSource="true" transferTextContent="true" failOnError="true" ignoreEmpty="false" transferToAll="false" entitize="false" transferChildNodes="false">
        <con:name>profile</con:name>
        <con:sourceType>profile_CSR</con:sourceType>
        <con:sourceStep>Properties</con:sourceStep>
        <con:targetType>req_Profile</con:targetType>
        <con:targetStep>Authorize create terminal</con:targetStep>
        <con:upgraded>true</con:upgraded>
      </con:transfers>
      <con:transfers setNullOnMissingSource="true" transferTextContent="true" failOnError="true" ignoreEmpty="false" transferToAll="false" entitize="false" transferChildNodes="false">
        <con:name>condition</con:name>
        <con:sourceType>condition_Null</con:sourceType>
        <con:sourceStep>Properties</con:sourceStep>
        <con:targetType>req_Condition</con:targetType>
        <con:targetStep>Authorize create terminal</con:targetStep>
        <con:upgraded>true</con:upgraded>
      </con:transfers>
      <con:transfers setNullOnMissingSource="true" transferTextContent="true" failOnError="true" ignoreEmpty="false" transferToAll="false" entitize="false" transferChildNodes="false">
        <con:name>userId-delete</con:name>
        <con:sourceType>res_userRoleId</con:sourceType>
        <con:sourceStep>Create initial data</con:sourceStep>
        <con:targetType>req_userId</con:targetType>
        <con:targetStep>Delete create permission</con:targetStep>
        <con:upgraded>true</con:upgraded>
      </con:transfers>
      <con:transfers setNullOnMissingSource="true" transferTextContent="true" failOnError="true" ignoreEmpty="false" transferToAll="false" entitize="false" transferChildNodes="false">
        <con:name>soId-delete</con:name>
        <con:sourceType>res_salesOrgId</con:sourceType>
        <con:sourceStep>Create initial data</con:sourceStep>
        <con:targetType>req_soId</con:targetType>
        <con:targetStep>Delete create permission</con:targetStep>
        <con:upgraded>true</con:upgraded>
      </con:transfers>
      <con:transfers setNullOnMissingSource="true" transferTextContent="true" failOnError="true" ignoreEmpty="false" transferToAll="false" entitize="false" transferChildNodes="false">
        <con:name>action-delete</con:name>
        <con:sourceType>action_CreateTerminal</con:sourceType>
        <con:sourceStep>Properties</con:sourceStep>
        <con:targetType>req_action</con:targetType>
        <con:targetStep>Delete create permission</con:targetStep>
        <con:upgraded>true</con:upgraded>
      </con:transfers>
      <con:transfers setNullOnMissingSource="true" transferTextContent="true" failOnError="true" ignoreEmpty="false" transferToAll="false" entitize="false" transferChildNodes="false">
        <con:name>userIntToken</con:name>
        <con:sourceType>userIntToken</con:sourceType>
        <con:sourceStep>Create initial data</con:sourceStep>
        <con:targetType>AuthorizationIntUser</con:targetType>
        <con:targetStep>#Project#</con:targetStep>
        <con:upgraded>true</con:upgraded>
      </con:transfers>
      <con:transfers setNullOnMissingSource="true" transferTextContent="true" failOnError="true" ignoreEmpty="false" transferToAll="false" entitize="false" transferChildNodes="false">
        <con:name>userSo</con:name>
        <con:sourceType>res_salesOrgId</con:sourceType>
        <con:sourceStep>Create initial data</con:sourceStep>
        <con:targetType>UserSo</con:targetType>
        <con:targetStep>#Project#</con:targetStep>
        <con:upgraded>true</con:upgraded>
      </con:transfers>
      <con:transfers setNullOnMissingSource="true" transferTextContent="true" failOnError="true" ignoreEmpty="false" transferToAll="false" entitize="false" transferChildNodes="false">
        <con:name>createdForSalesOrg</con:name>
        <con:sourceType>DefaultSalesOrganizationRoleId</con:sourceType>
        <con:sourceStep>#Project#</con:sourceStep>
        <con:targetType>req_createdForSalesOrg</con:targetType>
        <con:targetStep>Authorize create terminal</con:targetStep>
        <con:upgraded>true</con:upgraded>
      </con:transfers>
    </con:config>
  </con:testStep>
  <con:testStep type="calltestcase" name="Authorize create terminal" id="e2f00004-2649-48a1-932a-dbb379b92776">
    <con:settings/>
    <con:config xsi:type="con:RunTestCaseStep" xmlns:xsi="http://www.w3.org/2001/XMLSchema-instance">
      <con:targetTestCase>7598e6a9-915e-450f-9530-8976eb29de47</con:targetTestCase>
      <con:properties>
        <con:property>
          <con:name>req_UserId</con:name>
          <con:value>57</con:value>
        </con:property>
        <con:property>
          <con:name>req_SoId</con:name>
          <con:value>55</con:value>
        </con:property>
        <con:property>
          <con:name>req_Domain</con:name>
          <con:value>TRM</con:value>
        </con:property>
        <con:property>
          <con:name>req_Action</con:name>
          <con:value>TRM.Create</con:value>
        </con:property>
        <con:property>
          <con:name>req_Scope</con:name>
          <con:value>PermitAllScope</con:value>
        </con:property>
        <con:property>
          <con:name>req_Profile</con:name>
          <con:value>CSR</con:value>
        </con:property>
        <con:property>
          <con:name>req_Condition</con:name>
          <con:value>NullCondition</con:value>
        </con:property>
        <con:property>
          <con:name>res_code</con:name>
          <con:value>200</con:value>
        </con:property>
        <con:property>
          <con:name>res_errorMessageCreate</con:name>
          <con:value xsi:nil="true"/>
        </con:property>
        <con:property>
          <con:name>res_errorMessageAdd</con:name>
          <con:value xsi:nil="true"/>
        </con:property>
        <con:property>
          <con:name>res_errorMessageSubmit</con:name>
          <con:value xsi:nil="true"/>
        </con:property>
        <con:property>
          <con:name>response</con:name>
          <con:value>{"businessInteractionType":34,"code":"PP-1841","description":"Profile Permission at [name-ext-7ec0b598-48cb-4af6-9d50-f17c84983d93] by [John Smith]","mainState":0,"state":5,"createdDate":"2018-03-07T07:26:02+0000","businessInteractionSpec":{"id":75,"journaled":false,"name":"Profile Permission bi spec","specificationType":0,"allowSubmitBIWithoutItem":false,"requiresSession":false,"code":"PROFILE_PERMISSION","requiresActiveSO":false,"biOperationAllowedWhenSOSuspended":false,"reserveAllNonSerializedSpec":false,"allowStockLevelNegative":false,"dynamicMap":{},"type":"com.ericsson.bss.rm.erms.core.entity.dto.bi.BusinessInteractionSpecDTO"},"createdByUserId":"57","createdBySalesOrganizationId":"55","createdForSalesOrganizationRoleId":"1","preventUpdateFromOtherSystem":false,"items":[],"isLocked":false,"businessInteractionRoleId1":98,"businessInteractionRoleId2":95,"businessInteractionRoleId3":95,"id":1841,"href":"/v1/profilePermission/1841","dynamicMap":{},"type":"com.ericsson.bss.rm.erms.core.entity.dto.bi.profilepermission.ProfilePermissionBIResponseDTO"}</con:value>
        </con:property>
        <con:property>
          <con:name>req_createdForSalesOrg</con:name>
          <con:value>1</con:value>
        </con:property>
      </con:properties>
      <con:returnProperties>
        <con:entry>res_code</con:entry>
        <con:entry>res_errorMessageCreate</con:entry>
        <con:entry>res_errorMessageAdd</con:entry>
        <con:entry>res_errorMessageSubmit</con:entry>
        <con:entry>response</con:entry>
      </con:returnProperties>
      <con:runMode>PARALLELL</con:runMode>
    </con:config>
  </con:testStep>
  <con:testStep type="assertionteststep" name="Assertion terminal create permission successfully created" id="a14ce0b3-8a51-490f-8845-f86065e802e9">
    <con:settings/>
    <con:config xsi:type="con:AssertionTestStep" xmlns:xsi="http://www.w3.org/2001/XMLSchema-instance">
      <con:entry>
        <con:id>29cdc196-f21d-4a7e-a726-1b5334b285e5</con:id>
        <con:isGroup>false</con:isGroup>
        <con:sourceId>e2f00004-2649-48a1-932a-dbb379b92776</con:sourceId>
        <con:propertyName>res_code</con:propertyName>
        <con:assertion type="Simple Contains" name="Contains" id="bd4088d8-98d3-47f9-9d83-a1987b3976f0">
          <con:configuration>
            <token>200</token>
            <ignoreCase>false</ignoreCase>
            <useRegEx>false</useRegEx>
          </con:configuration>
        </con:assertion>
      </con:entry>
      <con:entry>
        <con:id>91d9aa1c-a372-4128-bf0a-a1cef5eb23e9</con:id>
        <con:isGroup>false</con:isGroup>
        <con:sourceId>e2f00004-2649-48a1-932a-dbb379b92776</con:sourceId>
        <con:propertyName>res_errorMessageSubmit</con:propertyName>
        <con:assertion type="Simple Contains" name="Contains 2" id="20b7d823-05a3-4be1-a867-4c2a92761b5d">
          <con:configuration>
            <token>^\s*$</token>
            <ignoreCase>false</ignoreCase>
            <useRegEx>true</useRegEx>
          </con:configuration>
        </con:assertion>
      </con:entry>
    </con:config>
  </con:testStep>
  <con:testStep type="transfer" name="Property Transfer 12" id="22c477a9-82f0-42df-af97-85ded8d54091">
    <con:settings/>
    <con:config xsi:type="con:PropertyTransfersStep" xmlns:xsi="http://www.w3.org/2001/XMLSchema-instance">
      <con:transfers setNullOnMissingSource="true" transferTextContent="true" failOnError="true" ignoreEmpty="false" transferToAll="false" entitize="false" transferChildNodes="false">
        <con:name>userId</con:name>
        <con:sourceType>res_userRoleId</con:sourceType>
        <con:sourceStep>Create initial data</con:sourceStep>
        <con:sourcePath/>
        <con:targetType>req_userRoleId</con:targetType>
        <con:targetStep>Create terminal bi</con:targetStep>
        <con:targetPath/>
        <con:upgraded>true</con:upgraded>
      </con:transfers>
      <con:transfers setNullOnMissingSource="true" transferTextContent="true" failOnError="true" ignoreEmpty="false" transferToAll="false" entitize="false" transferChildNodes="false">
        <con:name>soId</con:name>
        <con:sourceType>res_salesOrgId</con:sourceType>
        <con:sourceStep>Create initial data</con:sourceStep>
        <con:targetType>req_salesOrgRoleId</con:targetType>
        <con:targetStep>Create terminal bi</con:targetStep>
        <con:upgraded>true</con:upgraded>
      </con:transfers>
      <con:transfers setNullOnMissingSource="true" transferTextContent="true" failOnError="true" ignoreEmpty="false" transferToAll="false" entitize="false" transferChildNodes="false">
        <con:name>userIdORG2</con:name>
        <con:sourceType>res_userRoleId</con:sourceType>
        <con:sourceStep>Create initial data2</con:sourceStep>
        <con:targetType>req_userRoleId</con:targetType>
        <con:targetStep>Create terminal bi ORG2</con:targetStep>
        <con:upgraded>true</con:upgraded>
      </con:transfers>
      <con:transfers setNullOnMissingSource="true" transferTextContent="true" failOnError="true" ignoreEmpty="false" transferToAll="false" entitize="false" transferChildNodes="false">
        <con:name>soIdORG2</con:name>
        <con:sourceType>res_salesOrgId</con:sourceType>
        <con:sourceStep>Create initial data2</con:sourceStep>
        <con:targetType>req_salesOrgRoleId</con:targetType>
        <con:targetStep>Create terminal bi ORG2</con:targetStep>
        <con:upgraded>true</con:upgraded>
      </con:transfers>
      <con:transfers setNullOnMissingSource="true" transferTextContent="true" failOnError="true" ignoreEmpty="false" transferToAll="false" entitize="false" transferChildNodes="false">
        <con:name>userToken</con:name>
        <con:sourceType>userToken</con:sourceType>
        <con:sourceStep>Create initial data</con:sourceStep>
        <con:targetType>AuthorizationUser</con:targetType>
        <con:targetStep>#Project#</con:targetStep>
        <con:upgraded>true</con:upgraded>
      </con:transfers>
    </con:config>
  </con:testStep>
  <con:testStep type="calltestcase" name="Create terminal bi" id="bb08d807-75c7-4353-ae5d-1e42cb37435b">
    <con:settings/>
    <con:config xsi:type="con:RunTestCaseStep" xmlns:xsi="http://www.w3.org/2001/XMLSchema-instance">
      <con:targetTestCase>dd134965-c927-42c2-b77c-aa9898d86735</con:targetTestCase>
      <con:properties>
        <con:property>
          <con:name>res_biId</con:name>
          <con:value>1851</con:value>
        </con:property>
        <con:property>
          <con:name>req_userRoleId</con:name>
          <con:value>57</con:value>
        </con:property>
        <con:property>
          <con:name>req_salesOrgRoleId</con:name>
          <con:value>55</con:value>
        </con:property>
      </con:properties>
      <con:returnProperties>
        <con:entry>res_biId</con:entry>
      </con:returnProperties>
      <con:runMode>PARALLELL</con:runMode>
    </con:config>
  </con:testStep>
  <con:testStep type="transfer" name="Property Transfer token org2" id="3422cecf-23ba-447a-a6f2-524c95f7e01e">
    <con:settings/>
    <con:config xsi:type="con:PropertyTransfersStep" xmlns:xsi="http://www.w3.org/2001/XMLSchema-instance">
      <con:transfers setNullOnMissingSource="true" transferTextContent="true" failOnError="true" ignoreEmpty="false" transferToAll="false" entitize="false" transferChildNodes="false">
        <con:name>userToken</con:name>
        <con:sourceType>userToken</con:sourceType>
        <con:sourceStep>Create initial data2</con:sourceStep>
        <con:sourcePath/>
        <con:targetType>AuthorizationUser</con:targetType>
        <con:targetStep>#Project#</con:targetStep>
        <con:targetPath/>
        <con:upgraded>true</con:upgraded>
      </con:transfers>
      <con:transfers setNullOnMissingSource="true" transferTextContent="true" failOnError="true" ignoreEmpty="false" transferToAll="false" entitize="false" transferChildNodes="false">
        <con:name>userSo</con:name>
        <con:sourceType>res_salesOrgId</con:sourceType>
        <con:sourceStep>Create initial data2</con:sourceStep>
        <con:targetType>UserSo</con:targetType>
        <con:targetStep>#Project#</con:targetStep>
        <con:upgraded>true</con:upgraded>
      </con:transfers>
    </con:config>
  </con:testStep>
  <con:testStep type="calltestcase" name="Create terminal bi ORG2" id="034b46b7-e161-4e01-9733-2f3478cdd909">
    <con:settings/>
    <con:config xsi:type="con:RunTestCaseStep" xmlns:xsi="http://www.w3.org/2001/XMLSchema-instance">
      <con:targetTestCase>dd134965-c927-42c2-b77c-aa9898d86735</con:targetTestCase>
      <con:properties>
        <con:property>
          <con:name>res_biId</con:name>
          <con:value>1861</con:value>
        </con:property>
        <con:property>
          <con:name>req_userRoleId</con:name>
          <con:value>62</con:value>
        </con:property>
        <con:property>
          <con:name>req_salesOrgRoleId</con:name>
          <con:value>60</con:value>
        </con:property>
      </con:properties>
      <con:returnProperties>
        <con:entry>res_biId</con:entry>
      </con:returnProperties>
      <con:runMode>PARALLELL</con:runMode>
    </con:config>
  </con:testStep>
  <con:testStep type="transfer" name="Property Transfer org1TerminalId" id="94b8acca-ea2a-4597-849a-c27cf8315f4e">
    <con:settings/>
    <con:config xsi:type="con:PropertyTransfersStep" xmlns:xsi="http://www.w3.org/2001/XMLSchema-instance">
      <con:transfers setNullOnMissingSource="true" transferTextContent="true" failOnError="true" ignoreEmpty="false" transferToAll="false" entitize="false" transferChildNodes="false">
        <con:name>org1TerminalId</con:name>
        <con:sourceType>res_biId</con:sourceType>
        <con:sourceStep>Create terminal bi</con:sourceStep>
        <con:sourcePath/>
        <con:targetType>org1TerminalId</con:targetType>
        <con:targetStep>Properties</con:targetStep>
        <con:targetPath/>
        <con:upgraded>true</con:upgraded>
      </con:transfers>
      <con:transfers setNullOnMissingSource="true" transferTextContent="true" failOnError="true" ignoreEmpty="false" transferToAll="false" entitize="false" transferChildNodes="false">
        <con:name>userToken</con:name>
        <con:sourceType>userToken</con:sourceType>
        <con:sourceStep>Create initial data</con:sourceStep>
        <con:targetType>AuthorizationUser</con:targetType>
        <con:targetStep>#Project#</con:targetStep>
        <con:upgraded>true</con:upgraded>
      </con:transfers>
    </con:config>
  </con:testStep>
  <con:testStep type="transfer" name="Property Transfer org2TerminalId" id="fc3b6892-caa3-4766-86b8-542d50956193">
    <con:settings/>
    <con:config xsi:type="con:PropertyTransfersStep" xmlns:xsi="http://www.w3.org/2001/XMLSchema-instance">
      <con:transfers setNullOnMissingSource="true" transferTextContent="true" failOnError="true" ignoreEmpty="false" transferToAll="false" entitize="false" transferChildNodes="false">
        <con:name>org2TerminalId</con:name>
        <con:sourceType>res_biId</con:sourceType>
        <con:sourceStep>Create terminal bi ORG2</con:sourceStep>
        <con:sourcePath/>
        <con:targetType>org2TerminalId</con:targetType>
        <con:targetStep>Properties</con:targetStep>
        <con:targetPath/>
        <con:upgraded>true</con:upgraded>
      </con:transfers>
      <con:transfers setNullOnMissingSource="true" transferTextContent="true" failOnError="true" ignoreEmpty="false" transferToAll="false" entitize="false" transferChildNodes="false">
        <con:name>userSo</con:name>
        <con:sourceType>res_salesOrgId</con:sourceType>
        <con:sourceStep>Create initial data</con:sourceStep>
        <con:targetType>UserSo</con:targetType>
        <con:targetStep>#Project#</con:targetStep>
        <con:upgraded>true</con:upgraded>
      </con:transfers>
    </con:config>
  </con:testStep>
  <con:testStep type="assertionteststep" name="Assertion terminal successfully created" id="0aa7f837-f989-45ce-bef8-53fb5e869f14">
    <con:settings/>
    <con:config xsi:type="con:AssertionTestStep" xmlns:xsi="http://www.w3.org/2001/XMLSchema-instance">
      <con:entry>
        <con:id>6ba10892-abf6-4fc5-b61b-5ea3cf804d8b</con:id>
        <con:isGroup>false</con:isGroup>
        <con:sourceId>bb08d807-75c7-4353-ae5d-1e42cb37435b</con:sourceId>
        <con:propertyName>res_biId</con:propertyName>
        <con:assertion type="Simple Contains" name="Contains" id="ab1c36db-3f97-47d8-850d-beb3e3b6e8f0">
          <con:configuration>
            <token>\d+</token>
            <ignoreCase>false</ignoreCase>
            <useRegEx>true</useRegEx>
          </con:configuration>
        </con:assertion>
      </con:entry>
    </con:config>
  </con:testStep>
  <con:testStep type="transfer" name="Property Transfer 30" id="ce0e091c-48a7-40dd-a9ab-267247ff3809">
    <con:settings/>
    <con:config xsi:type="con:PropertyTransfersStep" xmlns:xsi="http://www.w3.org/2001/XMLSchema-instance">
      <con:transfers setNullOnMissingSource="true" transferTextContent="true" failOnError="true" ignoreEmpty="false" transferToAll="false" entitize="false" transferChildNodes="false">
        <con:name>createdForSalesOrg</con:name>
        <con:sourceType>DefaultSalesOrganizationRoleId</con:sourceType>
        <con:sourceStep>#Project#</con:sourceStep>
        <con:sourcePath/>
        <con:targetType>req_createdForSalesOrg</con:targetType>
        <con:targetStep>Delete create permission</con:targetStep>
        <con:targetPath/>
        <con:upgraded>true</con:upgraded>
      </con:transfers>
      <con:transfers setNullOnMissingSource="true" transferTextContent="true" failOnError="true" ignoreEmpty="false" transferToAll="false" entitize="false" transferChildNodes="false">
        <con:name>action</con:name>
        <con:sourceType>action_CreateTerminal</con:sourceType>
        <con:sourceStep>Properties</con:sourceStep>
        <con:targetType>req_action</con:targetType>
        <con:targetStep>Delete create permission</con:targetStep>
        <con:upgraded>true</con:upgraded>
      </con:transfers>
    </con:config>
  </con:testStep>
  <con:testStep type="calltestcase" name="Delete create permission" id="e94676c7-0b10-49d4-afeb-0da5478a333c">
    <con:settings/>
    <con:config xsi:type="con:RunTestCaseStep" xmlns:xsi="http://www.w3.org/2001/XMLSchema-instance">
      <con:targetTestCase>ef1ecdf4-8483-46d8-a3c9-87064bd44ad2</con:targetTestCase>
      <con:properties>
        <con:property>
          <con:name>req_userId</con:name>
          <con:value>57</con:value>
        </con:property>
        <con:property>
          <con:name>req_soId</con:name>
          <con:value>55</con:value>
        </con:property>
        <con:property>
          <con:name>res_code</con:name>
          <con:value>200</con:value>
        </con:property>
        <con:property>
          <con:name>res_errorMessage</con:name>
          <con:value xsi:nil="true"/>
        </con:property>
        <con:property>
          <con:name>req_action</con:name>
          <con:value>TRM.Create</con:value>
        </con:property>
        <con:property>
          <con:name>req_createdForSalesOrg</con:name>
          <con:value>1</con:value>
        </con:property>
      </con:properties>
      <con:returnProperties>
        <con:entry>res_code</con:entry>
        <con:entry>res_errorMessage</con:entry>
      </con:returnProperties>
      <con:runMode>PARALLELL</con:runMode>
    </con:config>
  </con:testStep>
  <con:testStep type="assertionteststep" name="Assertion create permission is deleted" id="de4b41f2-4d3b-4377-b97f-59596cd35a95">
    <con:settings/>
    <con:config xsi:type="con:AssertionTestStep" xmlns:xsi="http://www.w3.org/2001/XMLSchema-instance">
      <con:entry>
        <con:id>a28e58ea-651b-4adc-84e2-16a4f823f7a2</con:id>
        <con:isGroup>false</con:isGroup>
        <con:sourceId>e94676c7-0b10-49d4-afeb-0da5478a333c</con:sourceId>
        <con:propertyName>res_code</con:propertyName>
        <con:assertion type="Simple Contains" name="Contains" id="db56e73f-8731-4596-957a-090d2f383706">
          <con:configuration>
            <token>200</token>
            <ignoreCase>false</ignoreCase>
            <useRegEx>false</useRegEx>
          </con:configuration>
        </con:assertion>
      </con:entry>
      <con:entry>
        <con:id>992866a7-d3c8-4f83-b8fc-15e6b0bd2d64</con:id>
        <con:isGroup>false</con:isGroup>
        <con:sourceId>e94676c7-0b10-49d4-afeb-0da5478a333c</con:sourceId>
        <con:propertyName>res_errorMessage</con:propertyName>
        <con:assertion type="Simple Contains" name="Contains 2" id="f6dfabe8-c9f3-4605-b054-8859c29b17b8">
          <con:configuration>
            <token>^\s*$</token>
            <ignoreCase>false</ignoreCase>
            <useRegEx>true</useRegEx>
          </con:configuration>
        </con:assertion>
      </con:entry>
    </con:config>
  </con:testStep>
  <con:testStep type="manualTestStep" name="****VIEW TERMINAL premission************************" id="6e39f6fb-da92-4752-8c16-10f56c1128e4" disabled="true">
    <con:settings/>
    <con:config xsi:type="con:ManualTestStep" xmlns:xsi="http://www.w3.org/2001/XMLSchema-instance"/>
  </con:testStep>
  <con:testStep type="transfer" name="Property Transfer 12-1" id="7fab411d-7b95-4dc8-b861-1c27e22177e3">
    <con:settings/>
    <con:config xsi:type="con:PropertyTransfersStep" xmlns:xsi="http://www.w3.org/2001/XMLSchema-instance">
      <con:transfers setNullOnMissingSource="true" transferTextContent="true" failOnError="true" ignoreEmpty="false" transferToAll="false" entitize="false" transferChildNodes="false">
        <con:name>terminalId</con:name>
        <con:sourceType>res_terminalId</con:sourceType>
        <con:sourceStep>Create initial data</con:sourceStep>
        <con:sourcePath/>
        <con:targetType>req_terminalId</con:targetType>
        <con:targetStep>Display Terminal</con:targetStep>
        <con:targetPath/>
        <con:upgraded>true</con:upgraded>
      </con:transfers>
      <con:transfers setNullOnMissingSource="true" transferTextContent="true" failOnError="true" ignoreEmpty="false" transferToAll="false" entitize="false" transferChildNodes="true">
        <con:name>token</con:name>
        <con:sourceType>userToken</con:sourceType>
        <con:sourceStep>Create initial data</con:sourceStep>
        <con:targetType>AuthorizationUser</con:targetType>
        <con:targetStep>#Project#</con:targetStep>
        <con:upgraded>true</con:upgraded>
      </con:transfers>
      <con:transfers setNullOnMissingSource="true" transferTextContent="true" failOnError="true" transferChildNodes="false" ignoreEmpty="true" transferToAll="false" entitize="false">
        <con:name>biId</con:name>
        <con:sourceType>res_terminalBiId</con:sourceType>
        <con:sourceStep>Create initial data</con:sourceStep>
        <con:targetType>req_biId</con:targetType>
        <con:targetStep>Display terminal all item - fail</con:targetStep>
        <con:upgraded>true</con:upgraded>
      </con:transfers>
    </con:config>
  </con:testStep>
  <con:testStep type="calltestcase" name="Display terminal all item - fail" id="28440ae4-c050-4a6e-99da-c7d8d73990c8">
    <con:settings/>
    <con:config xsi:type="con:RunTestCaseStep" xmlns:xsi="http://www.w3.org/2001/XMLSchema-instance">
      <con:targetTestCase>681a40fb-9759-42d4-8ec6-0d2fa7bb613b</con:targetTestCase>
      <con:properties>
        <con:property>
          <con:name>req_biId</con:name>
          <con:value>1711</con:value>
        </con:property>
        <con:property>
          <con:name>res_code</con:name>
          <con:value>403</con:value>
        </con:property>
        <con:property>
          <con:name>response</con:name>
          <con:value>{
  "error" : "User cannot perform the requested action",
  "code" : "NOT_PERMITTED_ACTION_EXCEPTION",
  "httpStatusCode" : 403,
  "httpStatusCodeDescription" : "Forbidden",
  "errorMessage" : "No Permitted Action [TRM.Get]",
  "context" : {
    "salesOrganizationId" : 55,
    "userId" : 57,
    "action" : "TRM.Get",
    "profileId" : "CSR"
  },
  "localizedMessage" : "No Permitted Action [TRM.Get]"
}</con:value>
        </con:property>
      </con:properties>
      <con:returnProperties>
        <con:entry>res_code</con:entry>
        <con:entry>response</con:entry>
      </con:returnProperties>
      <con:runMode>PARALLELL</con:runMode>
    </con:config>
  </con:testStep>
  <con:testStep type="assertionteststep" name="Assertion for display all terminal items - fail" id="e87b2945-ba3e-46d1-bec1-98147dcfec4a">
    <con:settings/>
    <con:config xsi:type="con:AssertionTestStep" xmlns:xsi="http://www.w3.org/2001/XMLSchema-instance">
      <con:entry>
        <con:id>aaaa764e-3a5c-4b97-96e9-8153c40d7dce</con:id>
        <con:isGroup>false</con:isGroup>
        <con:sourceId>28440ae4-c050-4a6e-99da-c7d8d73990c8</con:sourceId>
        <con:propertyName>res_code</con:propertyName>
        <con:assertion type="Simple Equals" name="Equals" id="224054ee-9121-4378-9e5f-887862b81cff">
          <con:configuration>
            <patternObjectId>cf142e3d-3f6c-470a-a58c-306776560ab0</patternObjectId>
            <patternProperty>http403</patternProperty>
            <caseSensitive>true</caseSensitive>
          </con:configuration>
        </con:assertion>
      </con:entry>
    </con:config>
  </con:testStep>
  <con:testStep type="calltestcase" name="Display Terminal" id="d18cc7c3-5006-497c-ae0b-d315ddccbb95">
    <con:settings/>
    <con:config xsi:type="con:RunTestCaseStep" xmlns:xsi="http://www.w3.org/2001/XMLSchema-instance">
      <con:targetTestCase>44ccdbda-8124-4f7e-97fe-aa5ab70341b7</con:targetTestCase>
      <con:properties>
        <con:property>
          <con:name>req_terminalId</con:name>
          <con:value>13</con:value>
        </con:property>
        <con:property>
          <con:name>res_terminalId</con:name>
          <con:value>13</con:value>
        </con:property>
        <con:property>
          <con:name>res_Status</con:name>
          <con:value>Active</con:value>
        </con:property>
        <con:property>
          <con:name>res_externalId</con:name>
          <con:value>ext-649e94a2-f4d1-49de-89fd-17a5056ea674</con:value>
        </con:property>
        <con:property>
          <con:name>res_httpCode</con:name>
        </con:property>
      </con:properties>
      <con:returnProperties>
        <con:entry>res_terminalId</con:entry>
        <con:entry>res_Status</con:entry>
        <con:entry>res_externalId</con:entry>
      </con:returnProperties>
      <con:runMode>PARALLELL</con:runMode>
    </con:config>
  </con:testStep>
  <con:testStep type="assertionteststep" name="Assertion display terminal" id="933d9993-2531-4bb0-9fb6-b12d9d863a18">
    <con:settings/>
    <con:config xsi:type="con:AssertionTestStep" xmlns:xsi="http://www.w3.org/2001/XMLSchema-instance">
      <con:entry>
        <con:id>c9ba579c-f9b7-40c1-b832-f97dcb433da4</con:id>
        <con:isGroup>false</con:isGroup>
        <con:sourceId>d18cc7c3-5006-497c-ae0b-d315ddccbb95</con:sourceId>
        <con:propertyName>res_terminalId</con:propertyName>
        <con:assertion type="Simple Contains" name="Contains" id="19bb6cd3-0ff8-4ef4-b249-61bc216522a1">
          <con:configuration>
            <token>^\d+$</token>
            <ignoreCase>false</ignoreCase>
            <useRegEx>true</useRegEx>
          </con:configuration>
        </con:assertion>
      </con:entry>
    </con:config>
  </con:testStep>
  <con:testStep type="calltestcase" name="Display all Create Terminal interactions - fail" id="6b9a5989-2004-4d8e-b6fe-c641cf535d0e">
    <con:settings/>
    <con:config xsi:type="con:RunTestCaseStep" xmlns:xsi="http://www.w3.org/2001/XMLSchema-instance">
      <con:targetTestCase>b749e299-451e-41da-a1b2-04068fc40f31</con:targetTestCase>
      <con:properties>
        <con:property>
          <con:name>res_status</con:name>
          <con:value>403</con:value>
        </con:property>
        <con:property>
          <con:name>response</con:name>
          <con:value>{
  "error" : "User cannot perform the requested action",
  "code" : "NOT_PERMITTED_ACTION_EXCEPTION",
  "httpStatusCode" : 403,
  "httpStatusCodeDescription" : "Forbidden",
  "errorMessage" : "No Permitted Action [TRM.View]",
  "context" : {
    "salesOrganizationId" : 55,
    "userId" : 57,
    "action" : "TRM.View",
    "profileId" : "CSR"
  },
  "localizedMessage" : "No Permitted Action [TRM.View]"
}</con:value>
        </con:property>
      </con:properties>
      <con:returnProperties>
        <con:entry>res_status</con:entry>
        <con:entry>response</con:entry>
      </con:returnProperties>
      <con:runMode>PARALLELL</con:runMode>
    </con:config>
  </con:testStep>
  <con:testStep type="assertionteststep" name="Assertion for Display all Create Terminal - fail" id="3a406604-fcb8-414a-84b1-ddd9948fa556">
    <con:settings/>
    <con:config xsi:type="con:AssertionTestStep" xmlns:xsi="http://www.w3.org/2001/XMLSchema-instance">
      <con:entry>
        <con:id>4365cf51-2411-4739-8ce7-afe6b4a2c1b8</con:id>
        <con:isGroup>false</con:isGroup>
        <con:sourceId>cf142e3d-3f6c-470a-a58c-306776560ab0</con:sourceId>
        <con:propertyName>http403</con:propertyName>
        <con:assertion type="Simple Equals" name="Equals" id="9c304643-b101-465e-be88-2da5dcf64018">
          <con:configuration>
            <patternObjectId>6b9a5989-2004-4d8e-b6fe-c641cf535d0e</patternObjectId>
            <patternProperty>res_status</patternProperty>
            <caseSensitive>true</caseSensitive>
          </con:configuration>
        </con:assertion>
      </con:entry>
    </con:config>
  </con:testStep>
  <con:testStep type="transfer" name="Property Transfer for viewTerminal Auth." id="b208d112-bc20-4fe0-b3a1-26c10ed2511b">
    <con:settings/>
    <con:config xsi:type="con:PropertyTransfersStep" xmlns:xsi="http://www.w3.org/2001/XMLSchema-instance">
      <con:transfers setNullOnMissingSource="true" transferTextContent="true" failOnError="true" ignoreEmpty="false" transferToAll="false" entitize="false" transferChildNodes="false">
        <con:name>userId</con:name>
        <con:sourceType>res_userRoleId</con:sourceType>
        <con:sourceStep>Create initial data</con:sourceStep>
        <con:sourcePath/>
        <con:targetType>req_UserId</con:targetType>
        <con:targetStep>Authorize view terminal</con:targetStep>
        <con:targetPath/>
        <con:upgraded>true</con:upgraded>
      </con:transfers>
      <con:transfers setNullOnMissingSource="true" transferTextContent="true" failOnError="true" ignoreEmpty="false" transferToAll="false" entitize="false" transferChildNodes="false">
        <con:name>soId</con:name>
        <con:sourceType>res_salesOrgId</con:sourceType>
        <con:sourceStep>Create initial data</con:sourceStep>
        <con:targetType>req_SoId</con:targetType>
        <con:targetStep>Authorize view terminal</con:targetStep>
        <con:upgraded>true</con:upgraded>
      </con:transfers>
      <con:transfers setNullOnMissingSource="true" transferTextContent="true" failOnError="true" ignoreEmpty="false" transferToAll="false" entitize="false" transferChildNodes="false">
        <con:name>domain</con:name>
        <con:sourceType>domain_terminal</con:sourceType>
        <con:sourceStep>Properties</con:sourceStep>
        <con:targetType>req_Domain</con:targetType>
        <con:targetStep>Authorize view terminal</con:targetStep>
        <con:upgraded>true</con:upgraded>
      </con:transfers>
      <con:transfers setNullOnMissingSource="false" transferTextContent="true" failOnError="true" ignoreEmpty="false" transferToAll="false" entitize="false" transferChildNodes="false">
        <con:name>action</con:name>
        <con:sourceType>action_ViewTerminal</con:sourceType>
        <con:sourceStep>Properties</con:sourceStep>
        <con:targetType>req_Action</con:targetType>
        <con:targetStep>Authorize view terminal</con:targetStep>
        <con:upgraded>true</con:upgraded>
      </con:transfers>
      <con:transfers setNullOnMissingSource="true" transferTextContent="true" failOnError="true" ignoreEmpty="false" transferToAll="false" entitize="false" transferChildNodes="false">
        <con:name>scope</con:name>
        <con:sourceType>scope_Null</con:sourceType>
        <con:sourceStep>Properties</con:sourceStep>
        <con:targetType>req_Scope</con:targetType>
        <con:targetStep>Authorize view terminal</con:targetStep>
        <con:upgraded>true</con:upgraded>
      </con:transfers>
      <con:transfers setNullOnMissingSource="true" transferTextContent="true" failOnError="true" ignoreEmpty="false" transferToAll="false" entitize="false" transferChildNodes="false">
        <con:name>profile</con:name>
        <con:sourceType>profile_CSR</con:sourceType>
        <con:sourceStep>Properties</con:sourceStep>
        <con:targetType>req_Profile</con:targetType>
        <con:targetStep>Authorize view terminal</con:targetStep>
        <con:upgraded>true</con:upgraded>
      </con:transfers>
      <con:transfers setNullOnMissingSource="true" transferTextContent="true" failOnError="true" ignoreEmpty="false" transferToAll="false" entitize="false" transferChildNodes="false">
        <con:name>condition</con:name>
        <con:sourceType>condition_Null</con:sourceType>
        <con:sourceStep>Properties</con:sourceStep>
        <con:targetType>req_Condition</con:targetType>
        <con:targetStep>Authorize view terminal</con:targetStep>
        <con:upgraded>true</con:upgraded>
      </con:transfers>
      <con:transfers setNullOnMissingSource="true" transferTextContent="true" failOnError="true" ignoreEmpty="false" transferToAll="false" entitize="false" transferChildNodes="false">
        <con:name>userId-delete</con:name>
        <con:sourceType>res_userRoleId</con:sourceType>
        <con:sourceStep>Create initial data</con:sourceStep>
        <con:targetType>req_userId</con:targetType>
        <con:targetStep>Delete view permission</con:targetStep>
        <con:upgraded>true</con:upgraded>
      </con:transfers>
      <con:transfers setNullOnMissingSource="true" transferTextContent="true" failOnError="true" ignoreEmpty="false" transferToAll="false" entitize="false" transferChildNodes="false">
        <con:name>soId-delete</con:name>
        <con:sourceType>res_salesOrgId</con:sourceType>
        <con:sourceStep>Create initial data</con:sourceStep>
        <con:targetType>req_soId</con:targetType>
        <con:targetStep>Delete view permission</con:targetStep>
        <con:upgraded>true</con:upgraded>
      </con:transfers>
      <con:transfers setNullOnMissingSource="true" transferTextContent="true" failOnError="true" ignoreEmpty="false" transferToAll="false" entitize="false" transferChildNodes="false">
        <con:name>action-delete</con:name>
        <con:sourceType>action_ViewTerminal</con:sourceType>
        <con:sourceStep>Properties</con:sourceStep>
        <con:targetType>req_action</con:targetType>
        <con:targetStep>Delete view permission</con:targetStep>
        <con:upgraded>true</con:upgraded>
      </con:transfers>
      <con:transfers setNullOnMissingSource="true" transferTextContent="true" failOnError="true" ignoreEmpty="false" transferToAll="false" entitize="false" transferChildNodes="false">
        <con:name>createdForSalesOrg</con:name>
        <con:sourceType>DefaultSalesOrganizationRoleId</con:sourceType>
        <con:sourceStep>#Project#</con:sourceStep>
        <con:targetType>req_createdForSalesOrg</con:targetType>
        <con:targetStep>Authorize view terminal</con:targetStep>
        <con:upgraded>true</con:upgraded>
      </con:transfers>
    </con:config>
  </con:testStep>
  <con:testStep type="calltestcase" name="Authorize view terminal" id="3f14bc33-f87d-4414-9537-4b6516343cb9">
    <con:settings/>
    <con:config xsi:type="con:RunTestCaseStep" xmlns:xsi="http://www.w3.org/2001/XMLSchema-instance">
      <con:targetTestCase>7598e6a9-915e-450f-9530-8976eb29de47</con:targetTestCase>
      <con:properties>
        <con:property>
          <con:name>req_UserId</con:name>
          <con:value>57</con:value>
        </con:property>
        <con:property>
          <con:name>req_SoId</con:name>
          <con:value>55</con:value>
        </con:property>
        <con:property>
          <con:name>req_Domain</con:name>
          <con:value>TRM</con:value>
        </con:property>
        <con:property>
          <con:name>req_Action</con:name>
          <con:value>TRM.View</con:value>
        </con:property>
        <con:property>
          <con:name>req_Scope</con:name>
          <con:value>PermitAllScope</con:value>
        </con:property>
        <con:property>
          <con:name>req_Profile</con:name>
          <con:value>CSR</con:value>
        </con:property>
        <con:property>
          <con:name>req_Condition</con:name>
          <con:value>NullCondition</con:value>
        </con:property>
        <con:property>
          <con:name>res_code</con:name>
          <con:value>200</con:value>
        </con:property>
        <con:property>
          <con:name>res_errorMessageCreate</con:name>
          <con:value xsi:nil="true"/>
        </con:property>
        <con:property>
          <con:name>res_errorMessageAdd</con:name>
          <con:value xsi:nil="true"/>
        </con:property>
        <con:property>
          <con:name>res_errorMessageSubmit</con:name>
          <con:value xsi:nil="true"/>
        </con:property>
        <con:property>
          <con:name>response</con:name>
          <con:value>{"businessInteractionType":34,"code":"PP-1881","description":"Profile Permission at [name-ext-7ec0b598-48cb-4af6-9d50-f17c84983d93] by [John Smith]","mainState":0,"state":5,"createdDate":"2018-03-07T07:26:03+0000","businessInteractionSpec":{"id":75,"journaled":false,"name":"Profile Permission bi spec","specificationType":0,"allowSubmitBIWithoutItem":false,"requiresSession":false,"code":"PROFILE_PERMISSION","requiresActiveSO":false,"biOperationAllowedWhenSOSuspended":false,"reserveAllNonSerializedSpec":false,"allowStockLevelNegative":false,"dynamicMap":{},"type":"com.ericsson.bss.rm.erms.core.entity.dto.bi.BusinessInteractionSpecDTO"},"createdByUserId":"57","createdBySalesOrganizationId":"55","createdForSalesOrganizationRoleId":"1","preventUpdateFromOtherSystem":false,"items":[],"isLocked":false,"businessInteractionRoleId1":98,"businessInteractionRoleId2":95,"businessInteractionRoleId3":95,"id":1881,"href":"/v1/profilePermission/1881","dynamicMap":{},"type":"com.ericsson.bss.rm.erms.core.entity.dto.bi.profilepermission.ProfilePermissionBIResponseDTO"}</con:value>
        </con:property>
        <con:property>
          <con:name>req_createdForSalesOrg</con:name>
          <con:value>1</con:value>
        </con:property>
      </con:properties>
      <con:returnProperties>
        <con:entry>res_code</con:entry>
        <con:entry>res_errorMessageCreate</con:entry>
        <con:entry>res_errorMessageAdd</con:entry>
        <con:entry>res_errorMessageSubmit</con:entry>
        <con:entry>response</con:entry>
      </con:returnProperties>
      <con:runMode>PARALLELL</con:runMode>
    </con:config>
  </con:testStep>
  <con:testStep type="calltestcase" name="Display all Create Terminal interactions" id="22755d75-ae4d-48c6-8e6e-ee80e7eef8cd">
    <con:settings/>
    <con:config xsi:type="con:RunTestCaseStep" xmlns:xsi="http://www.w3.org/2001/XMLSchema-instance">
      <con:targetTestCase>b749e299-451e-41da-a1b2-04068fc40f31</con:targetTestCase>
      <con:properties>
        <con:property>
          <con:name>res_status</con:name>
          <con:value>200</con:value>
        </con:property>
        <con:property>
          <con:name>response</con:name>
          <con:value>{"items":[{"businessInteractionType":3,"code":"TRM-1861","description":"Terminal is created at [name-ext-6ba84153-8915-4aba-adb9-ed49e9523647] by [John Smith]","mainState":"Draft","state":"Draft","createdDate":"2018-03-07T07:26:02.732Z","preventUpdateFromOtherSystem":false,"id":"1861"},{"businessInteractionType":3,"code":"TRM-1851","description":"Terminal is created at [name-ext-7ec0b598-48cb-4af6-9d50-f17c84983d93] by [John Smith]","mainState":"Draft","state":"Draft","createdDate":"2018-03-07T07:26:02.703Z","preventUpdateFromOtherSystem":false,"id":"1851"},{"businessInteractionType":3,"code":"TRM-1771","description":"Terminal is created at [ROOT ORGANIZATION] by [ADMIN USER]","mainState":"Closed","state":"Closed","createdDate":"2018-03-07T07:26:00.136Z","preventUpdateFromOtherSystem":false,"id":"1771"},{"businessInteractionType":3,"code":"TRM-1711","description":"Terminal is created at [ROOT ORGANIZATION] by [ADMIN USER]","mainState":"Closed","state":"Closed","createdDate":"2018-03-07T07:25:57.584Z","preventUpdateFromOtherSystem":false,"id":"1711"},{"businessInteractionType":3,"code":"TRM-1641","description":"Terminal is created at [name-ext-56ddf5d0-8995-4a06-969a-0336ea968b80] by [John Smith]","mainState":"Draft","state":"Draft","createdDate":"2018-03-07T07:25:20.421Z","preventUpdateFromOtherSystem":false,"id":"1641"},{"businessInteractionType":3,"code":"TRM-1621","description":"Terminal is created at [ROOT ORGANIZATION] by [ADMIN USER]","mainState":"Closed","state":"Closed","createdDate":"2018-03-07T07:25:19.799Z","preventUpdateFromOtherSystem":false,"id":"1621"},{"businessInteractionType":3,"code":"TRM-1561","description":"Terminal is created at [ROOT ORGANIZATION] by [ADMIN USER]","mainState":"Closed","state":"Closed","createdDate":"2018-03-07T07:25:16.629Z","preventUpdateFromOtherSystem":false,"id":"1561"},{"businessInteractionType":3,"code":"TRM-1491","description":"Terminal is created at [name-ext-244814e3-24cd-497e-baf3-dd9c409f6953] by [John Smith]","mainState":"Draft","state":"Draft","createdDate":"2018-03-07T07:24:45.087Z","preventUpdateFromOtherSystem":false,"id":"1491"},{"businessInteractionType":3,"code":"TRM-1441","description":"Terminal is created at [name-ext-9b8a9c1a-a6e3-46da-b1cf-b1f9a8537916] by [John Smith]","mainState":"Draft","state":"Draft","createdDate":"2018-03-07T07:24:43.021Z","preventUpdateFromOtherSystem":false,"id":"1441"},{"businessInteractionType":3,"code":"TRM-1431","description":"Terminal is created at [name-ext-409b2815-d55e-49f3-82f6-2048a791db8d] by [John Smith]","mainState":"Draft","state":"Draft","createdDate":"2018-03-07T07:24:42.995Z","preventUpdateFromOtherSystem":false,"id":"1431"}]}</con:value>
        </con:property>
      </con:properties>
      <con:returnProperties>
        <con:entry>res_status</con:entry>
        <con:entry>response</con:entry>
      </con:returnProperties>
      <con:runMode>PARALLELL</con:runMode>
    </con:config>
  </con:testStep>
  <con:testStep type="assertionteststep" name="Assertion for Display all Create Terminal" id="74eabd90-8610-47a1-9adf-d3ebd5caf5e7">
    <con:settings/>
    <con:config xsi:type="con:AssertionTestStep" xmlns:xsi="http://www.w3.org/2001/XMLSchema-instance">
      <con:entry>
        <con:id>ca7272dc-4332-414b-bae0-ada2967b43c5</con:id>
        <con:isGroup>false</con:isGroup>
        <con:sourceId>22755d75-ae4d-48c6-8e6e-ee80e7eef8cd</con:sourceId>
        <con:propertyName>res_status</con:propertyName>
        <con:assertion type="Simple Equals" name="Equals 2" id="7e73144f-b84a-4418-b303-569f8446efb6">
          <con:configuration>
            <patternObjectId>cf142e3d-3f6c-470a-a58c-306776560ab0</patternObjectId>
            <patternProperty>http200</patternProperty>
            <caseSensitive>true</caseSensitive>
          </con:configuration>
        </con:assertion>
      </con:entry>
    </con:config>
  </con:testStep>
  <con:testStep type="calltestcase" name="Delete view permission" id="eb6d3b36-76d4-4b3b-81df-5660ec8f3ef1">
    <con:settings/>
    <con:config xsi:type="con:RunTestCaseStep" xmlns:xsi="http://www.w3.org/2001/XMLSchema-instance">
      <con:targetTestCase>ef1ecdf4-8483-46d8-a3c9-87064bd44ad2</con:targetTestCase>
      <con:properties>
        <con:property>
          <con:name>req_userId</con:name>
          <con:value>57</con:value>
        </con:property>
        <con:property>
          <con:name>req_soId</con:name>
          <con:value>55</con:value>
        </con:property>
        <con:property>
          <con:name>res_code</con:name>
          <con:value>404</con:value>
        </con:property>
        <con:property>
          <con:name>res_errorMessage</con:name>
          <con:value>404</con:value>
        </con:property>
        <con:property>
          <con:name>req_action</con:name>
          <con:value>TRM.View</con:value>
        </con:property>
        <con:property>
          <con:name>req_createdForSalesOrg</con:name>
        </con:property>
      </con:properties>
      <con:returnProperties>
        <con:entry>res_code</con:entry>
        <con:entry>res_errorMessage</con:entry>
      </con:returnProperties>
      <con:runMode>PARALLELL</con:runMode>
    </con:config>
  </con:testStep>
  <con:testStep type="manualTestStep" name="****GET TERMINAL permission************************" id="602873ef-26c3-4e9a-884f-3ce776f0be5d" disabled="true">
    <con:settings/>
    <con:config xsi:type="con:ManualTestStep" xmlns:xsi="http://www.w3.org/2001/XMLSchema-instance"/>
  </con:testStep>
  <con:testStep type="transfer" name="Property Transfer for getTerminal Auth." id="b47b9628-2067-4c5f-b04b-951c80d2a463">
    <con:settings/>
    <con:config xsi:type="con:PropertyTransfersStep" xmlns:xsi="http://www.w3.org/2001/XMLSchema-instance">
      <con:transfers setNullOnMissingSource="true" transferTextContent="true" failOnError="true" ignoreEmpty="false" transferToAll="false" entitize="false" transferChildNodes="false">
        <con:name>userId</con:name>
        <con:sourceType>res_userRoleId</con:sourceType>
        <con:sourceStep>Create initial data</con:sourceStep>
        <con:sourcePath/>
        <con:targetType>req_UserId</con:targetType>
        <con:targetStep>Authorize get terminal</con:targetStep>
        <con:targetPath/>
        <con:upgraded>true</con:upgraded>
      </con:transfers>
      <con:transfers setNullOnMissingSource="true" transferTextContent="true" failOnError="true" ignoreEmpty="false" transferToAll="false" entitize="false" transferChildNodes="false">
        <con:name>soId</con:name>
        <con:sourceType>res_salesOrgId</con:sourceType>
        <con:sourceStep>Create initial data</con:sourceStep>
        <con:targetType>req_SoId</con:targetType>
        <con:targetStep>Authorize get terminal</con:targetStep>
        <con:upgraded>true</con:upgraded>
      </con:transfers>
      <con:transfers setNullOnMissingSource="true" transferTextContent="true" failOnError="true" ignoreEmpty="false" transferToAll="false" entitize="false" transferChildNodes="false">
        <con:name>domain</con:name>
        <con:sourceType>domain_terminal</con:sourceType>
        <con:sourceStep>Properties</con:sourceStep>
        <con:targetType>req_Domain</con:targetType>
        <con:targetStep>Authorize get terminal</con:targetStep>
        <con:upgraded>true</con:upgraded>
      </con:transfers>
      <con:transfers setNullOnMissingSource="false" transferTextContent="true" failOnError="true" ignoreEmpty="false" transferToAll="false" entitize="false" transferChildNodes="false">
        <con:name>action</con:name>
        <con:sourceType>action_GetTerminal</con:sourceType>
        <con:sourceStep>Properties</con:sourceStep>
        <con:targetType>req_Action</con:targetType>
        <con:targetStep>Authorize get terminal</con:targetStep>
        <con:upgraded>true</con:upgraded>
      </con:transfers>
      <con:transfers setNullOnMissingSource="true" transferTextContent="true" failOnError="true" ignoreEmpty="false" transferToAll="false" entitize="false" transferChildNodes="false">
        <con:name>scope</con:name>
        <con:sourceType>scope_Null</con:sourceType>
        <con:sourceStep>Properties</con:sourceStep>
        <con:targetType>req_Scope</con:targetType>
        <con:targetStep>Authorize get terminal</con:targetStep>
        <con:upgraded>true</con:upgraded>
      </con:transfers>
      <con:transfers setNullOnMissingSource="true" transferTextContent="true" failOnError="true" ignoreEmpty="false" transferToAll="false" entitize="false" transferChildNodes="false">
        <con:name>profile</con:name>
        <con:sourceType>profile_CSR</con:sourceType>
        <con:sourceStep>Properties</con:sourceStep>
        <con:targetType>req_Profile</con:targetType>
        <con:targetStep>Authorize get terminal</con:targetStep>
        <con:upgraded>true</con:upgraded>
      </con:transfers>
      <con:transfers setNullOnMissingSource="true" transferTextContent="true" failOnError="true" ignoreEmpty="false" transferToAll="false" entitize="false" transferChildNodes="false">
        <con:name>condition</con:name>
        <con:sourceType>condition_Null</con:sourceType>
        <con:sourceStep>Properties</con:sourceStep>
        <con:targetType>req_Condition</con:targetType>
        <con:targetStep>Authorize get terminal</con:targetStep>
        <con:upgraded>true</con:upgraded>
      </con:transfers>
      <con:transfers setNullOnMissingSource="true" transferTextContent="true" failOnError="true" ignoreEmpty="false" transferToAll="false" entitize="false" transferChildNodes="false">
        <con:name>createdForSalesOrg</con:name>
        <con:sourceType>DefaultSalesOrganizationRoleId</con:sourceType>
        <con:sourceStep>#Project#</con:sourceStep>
        <con:targetType>req_createdForSalesOrg</con:targetType>
        <con:targetStep>Authorize get terminal</con:targetStep>
        <con:upgraded>true</con:upgraded>
      </con:transfers>
    </con:config>
  </con:testStep>
  <con:testStep type="calltestcase" name="Authorize get terminal" id="5a28ed88-e88c-4e4f-b680-00bd0d3c7875">
    <con:settings/>
    <con:config xsi:type="con:RunTestCaseStep" xmlns:xsi="http://www.w3.org/2001/XMLSchema-instance">
      <con:targetTestCase>7598e6a9-915e-450f-9530-8976eb29de47</con:targetTestCase>
      <con:properties>
        <con:property>
          <con:name>req_UserId</con:name>
          <con:value>57</con:value>
        </con:property>
        <con:property>
          <con:name>req_SoId</con:name>
          <con:value>55</con:value>
        </con:property>
        <con:property>
          <con:name>req_Domain</con:name>
          <con:value>TRM</con:value>
        </con:property>
        <con:property>
          <con:name>req_Action</con:name>
          <con:value>TRM.Get</con:value>
        </con:property>
        <con:property>
          <con:name>req_Scope</con:name>
          <con:value>PermitAllScope</con:value>
        </con:property>
        <con:property>
          <con:name>req_Profile</con:name>
          <con:value>CSR</con:value>
        </con:property>
        <con:property>
          <con:name>req_Condition</con:name>
          <con:value>NullCondition</con:value>
        </con:property>
        <con:property>
          <con:name>res_code</con:name>
          <con:value>200</con:value>
        </con:property>
        <con:property>
          <con:name>res_errorMessageCreate</con:name>
          <con:value xsi:nil="true"/>
        </con:property>
        <con:property>
          <con:name>res_errorMessageAdd</con:name>
          <con:value xsi:nil="true"/>
        </con:property>
        <con:property>
          <con:name>res_errorMessageSubmit</con:name>
          <con:value xsi:nil="true"/>
        </con:property>
        <con:property>
          <con:name>response</con:name>
          <con:value>{"businessInteractionType":34,"code":"PP-1891","description":"Profile Permission at [name-ext-7ec0b598-48cb-4af6-9d50-f17c84983d93] by [John Smith]","mainState":0,"state":5,"createdDate":"2018-03-07T07:26:03+0000","businessInteractionSpec":{"id":75,"journaled":false,"name":"Profile Permission bi spec","specificationType":0,"allowSubmitBIWithoutItem":false,"requiresSession":false,"code":"PROFILE_PERMISSION","requiresActiveSO":false,"biOperationAllowedWhenSOSuspended":false,"reserveAllNonSerializedSpec":false,"allowStockLevelNegative":false,"dynamicMap":{},"type":"com.ericsson.bss.rm.erms.core.entity.dto.bi.BusinessInteractionSpecDTO"},"createdByUserId":"57","createdBySalesOrganizationId":"55","createdForSalesOrganizationRoleId":"1","preventUpdateFromOtherSystem":false,"items":[],"isLocked":false,"businessInteractionRoleId1":98,"businessInteractionRoleId2":95,"businessInteractionRoleId3":95,"id":1891,"href":"/v1/profilePermission/1891","dynamicMap":{},"type":"com.ericsson.bss.rm.erms.core.entity.dto.bi.profilepermission.ProfilePermissionBIResponseDTO"}</con:value>
        </con:property>
        <con:property>
          <con:name>req_createdForSalesOrg</con:name>
          <con:value>1</con:value>
        </con:property>
      </con:properties>
      <con:returnProperties>
        <con:entry>res_code</con:entry>
        <con:entry>res_errorMessageCreate</con:entry>
        <con:entry>res_errorMessageAdd</con:entry>
        <con:entry>res_errorMessageSubmit</con:entry>
        <con:entry>response</con:entry>
      </con:returnProperties>
      <con:runMode>PARALLELL</con:runMode>
    </con:config>
  </con:testStep>
  <con:testStep type="transfer" name="Property Transfer 12-2" id="5b43abc6-76f3-422e-b4f3-60626730ed7d">
    <con:settings/>
    <con:config xsi:type="con:PropertyTransfersStep" xmlns:xsi="http://www.w3.org/2001/XMLSchema-instance">
      <con:transfers setNullOnMissingSource="true" transferTextContent="true" failOnError="true" ignoreEmpty="false" transferToAll="false" entitize="false" transferChildNodes="false">
        <con:name>terminalId</con:name>
        <con:sourceType>res_terminalId</con:sourceType>
        <con:sourceStep>Create initial data</con:sourceStep>
        <con:sourcePath/>
        <con:targetType>req_terminalId</con:targetType>
        <con:targetStep>Display Terminal 2</con:targetStep>
        <con:targetPath/>
        <con:upgraded>true</con:upgraded>
      </con:transfers>
      <con:transfers setNullOnMissingSource="true" transferTextContent="true" failOnError="true" ignoreEmpty="false" transferToAll="false" entitize="false" transferChildNodes="true">
        <con:name>token</con:name>
        <con:sourceType>userToken</con:sourceType>
        <con:sourceStep>Create initial data</con:sourceStep>
        <con:targetType>AuthorizationUser</con:targetType>
        <con:targetStep>#Project#</con:targetStep>
        <con:upgraded>true</con:upgraded>
      </con:transfers>
      <con:transfers setNullOnMissingSource="true" transferTextContent="true" failOnError="true" transferChildNodes="false" ignoreEmpty="true" transferToAll="false" entitize="false">
        <con:name>biId</con:name>
        <con:sourceType>res_terminalBiId</con:sourceType>
        <con:sourceStep>Create initial data</con:sourceStep>
        <con:targetType>req_biId</con:targetType>
        <con:targetStep>Display terminal all item</con:targetStep>
        <con:upgraded>true</con:upgraded>
      </con:transfers>
    </con:config>
  </con:testStep>
  <con:testStep type="calltestcase" name="Display terminal all item" id="30b592c2-64df-4cc8-8a59-e985f419377e">
    <con:settings/>
    <con:config xsi:type="con:RunTestCaseStep" xmlns:xsi="http://www.w3.org/2001/XMLSchema-instance">
      <con:targetTestCase>681a40fb-9759-42d4-8ec6-0d2fa7bb613b</con:targetTestCase>
      <con:properties>
        <con:property>
          <con:name>req_biId</con:name>
          <con:value>1711</con:value>
        </con:property>
        <con:property>
          <con:name>res_code</con:name>
          <con:value>200</con:value>
        </con:property>
        <con:property>
          <con:name>response</con:name>
          <con:value>{"items":[{"externalId":"ext-649e94a2-f4d1-49de-89fd-17a5056ea674","salesOrganizationRoleExternalId":"ext-7ec0b598-48cb-4af6-9d50-f17c84983d93","name":"ext-649e94a2-f4d1-49de-89fd-17a5056ea674","id":"201"}]}</con:value>
        </con:property>
      </con:properties>
      <con:returnProperties>
        <con:entry>res_code</con:entry>
        <con:entry>response</con:entry>
      </con:returnProperties>
      <con:runMode>PARALLELL</con:runMode>
    </con:config>
  </con:testStep>
  <con:testStep type="assertionteststep" name="Assertion for display all terminal items" id="ad312d00-1dfe-4e6a-895c-2eb9a0e41a09">
    <con:settings/>
    <con:config xsi:type="con:AssertionTestStep" xmlns:xsi="http://www.w3.org/2001/XMLSchema-instance">
      <con:entry>
        <con:id>e90c0b5e-f210-4ad1-9a53-7f3658e21a92</con:id>
        <con:isGroup>false</con:isGroup>
        <con:sourceId>30b592c2-64df-4cc8-8a59-e985f419377e</con:sourceId>
        <con:propertyName>res_code</con:propertyName>
        <con:assertion type="Simple Equals" name="Equals" id="6cb1d70a-6ae3-461c-ba99-2e247d0e1ba9">
          <con:configuration>
            <patternObjectId>cf142e3d-3f6c-470a-a58c-306776560ab0</patternObjectId>
            <patternProperty>http200</patternProperty>
            <caseSensitive>true</caseSensitive>
          </con:configuration>
        </con:assertion>
      </con:entry>
    </con:config>
  </con:testStep>
  <con:testStep type="calltestcase" name="Display Terminal 2" id="79881969-ef3b-4b21-bfe0-e0a8d3cd8e1a">
    <con:settings/>
    <con:config xsi:type="con:RunTestCaseStep" xmlns:xsi="http://www.w3.org/2001/XMLSchema-instance">
      <con:targetTestCase>44ccdbda-8124-4f7e-97fe-aa5ab70341b7</con:targetTestCase>
      <con:properties>
        <con:property>
          <con:name>req_terminalId</con:name>
          <con:value>13</con:value>
        </con:property>
        <con:property>
          <con:name>res_terminalId</con:name>
          <con:value>13</con:value>
        </con:property>
        <con:property>
          <con:name>res_Status</con:name>
          <con:value>Active</con:value>
        </con:property>
        <con:property>
          <con:name>res_externalId</con:name>
          <con:value>ext-649e94a2-f4d1-49de-89fd-17a5056ea674</con:value>
        </con:property>
        <con:property>
          <con:name>res_httpCode</con:name>
        </con:property>
      </con:properties>
      <con:returnProperties>
        <con:entry>res_terminalId</con:entry>
        <con:entry>res_Status</con:entry>
        <con:entry>res_externalId</con:entry>
      </con:returnProperties>
      <con:runMode>PARALLELL</con:runMode>
    </con:config>
  </con:testStep>
  <con:testStep type="assertionteststep" name="Assertion display terminal 2" id="b75326c3-9f21-4793-92d4-694a50607de7">
    <con:settings/>
    <con:config xsi:type="con:AssertionTestStep" xmlns:xsi="http://www.w3.org/2001/XMLSchema-instance">
      <con:entry>
        <con:id>0e5f789d-7bf8-435b-a2ad-5beccbed36ee</con:id>
        <con:isGroup>false</con:isGroup>
        <con:sourceId>79881969-ef3b-4b21-bfe0-e0a8d3cd8e1a</con:sourceId>
        <con:propertyName>res_terminalId</con:propertyName>
        <con:assertion type="Simple Contains" name="Contains" id="24e1a3e5-6d65-4a8a-9280-3920c2f31cef">
          <con:configuration>
            <token>^\d+$</token>
            <ignoreCase>false</ignoreCase>
            <useRegEx>true</useRegEx>
          </con:configuration>
        </con:assertion>
      </con:entry>
    </con:config>
  </con:testStep>
  <con:testStep type="transfer" name="Porperty Transfer delete get terminal permission" id="67c79294-77ce-4585-95f5-446cb48bb299">
    <con:settings/>
    <con:config xsi:type="con:PropertyTransfersStep" xmlns:xsi="http://www.w3.org/2001/XMLSchema-instance">
      <con:transfers setNullOnMissingSource="true" transferTextContent="true" failOnError="true" ignoreEmpty="false" transferToAll="false" entitize="false" transferChildNodes="false">
        <con:name>userId</con:name>
        <con:sourceType>res_userRoleId</con:sourceType>
        <con:sourceStep>Create initial data</con:sourceStep>
        <con:sourcePath/>
        <con:targetType>req_userId</con:targetType>
        <con:targetStep>Delete get terminal permission</con:targetStep>
        <con:targetPath/>
        <con:upgraded>true</con:upgraded>
      </con:transfers>
      <con:transfers setNullOnMissingSource="true" transferTextContent="true" failOnError="true" ignoreEmpty="false" transferToAll="false" entitize="false" transferChildNodes="false">
        <con:name>soId</con:name>
        <con:sourceType>res_salesOrgId</con:sourceType>
        <con:sourceStep>Create initial data</con:sourceStep>
        <con:targetType>req_soId</con:targetType>
        <con:targetStep>Delete get terminal permission</con:targetStep>
        <con:upgraded>true</con:upgraded>
      </con:transfers>
      <con:transfers setNullOnMissingSource="true" transferTextContent="true" failOnError="true" ignoreEmpty="false" transferToAll="false" entitize="false" transferChildNodes="false">
        <con:name>action</con:name>
        <con:sourceType>action_GetTerminal</con:sourceType>
        <con:sourceStep>Properties</con:sourceStep>
        <con:targetType>req_action</con:targetType>
        <con:targetStep>Delete get terminal permission</con:targetStep>
        <con:upgraded>true</con:upgraded>
      </con:transfers>
      <con:transfers setNullOnMissingSource="true" transferTextContent="true" failOnError="true" ignoreEmpty="false" transferToAll="false" entitize="false" transferChildNodes="false">
        <con:name>createdForSalesOrg</con:name>
        <con:sourceType>DefaultSalesOrganizationRoleId</con:sourceType>
        <con:sourceStep>#Project#</con:sourceStep>
        <con:targetType>req_createdForSalesOrg</con:targetType>
        <con:targetStep>Delete get terminal permission</con:targetStep>
        <con:upgraded>true</con:upgraded>
      </con:transfers>
    </con:config>
  </con:testStep>
  <con:testStep type="calltestcase" name="Delete get terminal permission" id="266e3932-d053-4a40-994b-50d6b48b4f7c">
    <con:settings/>
    <con:config xsi:type="con:RunTestCaseStep" xmlns:xsi="http://www.w3.org/2001/XMLSchema-instance">
      <con:targetTestCase>ef1ecdf4-8483-46d8-a3c9-87064bd44ad2</con:targetTestCase>
      <con:properties>
        <con:property>
          <con:name>req_userId</con:name>
          <con:value>57</con:value>
        </con:property>
        <con:property>
          <con:name>req_soId</con:name>
          <con:value>55</con:value>
        </con:property>
        <con:property>
          <con:name>res_code</con:name>
          <con:value>200</con:value>
        </con:property>
        <con:property>
          <con:name>res_errorMessage</con:name>
          <con:value xsi:nil="true"/>
        </con:property>
        <con:property>
          <con:name>req_action</con:name>
          <con:value>TRM.Get</con:value>
        </con:property>
        <con:property>
          <con:name>req_createdForSalesOrg</con:name>
          <con:value>1</con:value>
        </con:property>
      </con:properties>
      <con:returnProperties>
        <con:entry>res_code</con:entry>
        <con:entry>res_errorMessage</con:entry>
      </con:returnProperties>
      <con:runMode>PARALLELL</con:runMode>
    </con:config>
  </con:testStep>
  <con:testStep type="assertionteststep" name="Assertion get terminal permission is deleted" id="9fb27dc6-aa82-496f-a438-718fcb0c66b5">
    <con:settings/>
    <con:config xsi:type="con:AssertionTestStep" xmlns:xsi="http://www.w3.org/2001/XMLSchema-instance">
      <con:entry>
        <con:id>4484af46-baeb-40cd-87c4-ee20c8cb8f16</con:id>
        <con:isGroup>false</con:isGroup>
        <con:sourceId>266e3932-d053-4a40-994b-50d6b48b4f7c</con:sourceId>
        <con:propertyName>res_errorMessage</con:propertyName>
        <con:assertion type="Simple Contains" name="Contains 3" id="c6c77c89-2c6a-4dd4-8e93-1eaa5a2800ca">
          <con:configuration>
            <token>^\s*$</token>
            <ignoreCase>false</ignoreCase>
            <useRegEx>true</useRegEx>
          </con:configuration>
        </con:assertion>
      </con:entry>
      <con:entry>
        <con:id>7732c749-874e-421e-a7eb-2336de6d5069</con:id>
        <con:isGroup>false</con:isGroup>
        <con:sourceId>cf142e3d-3f6c-470a-a58c-306776560ab0</con:sourceId>
        <con:propertyName>http200</con:propertyName>
        <con:assertion type="Simple Equals" name="Equals" id="40adac06-24ef-48c3-847f-00ac4069da16">
          <con:configuration>
            <patternObjectId>266e3932-d053-4a40-994b-50d6b48b4f7c</patternObjectId>
            <patternProperty>res_code</patternProperty>
            <caseSensitive>true</caseSensitive>
          </con:configuration>
        </con:assertion>
      </con:entry>
    </con:config>
  </con:testStep>
  <con:testStep type="manualTestStep" name="****UPDATE SUBMIT TERMINAL permission************************" id="1bbb2998-cb89-4d88-9c05-b44ffb165e78" disabled="true">
    <con:settings/>
    <con:config xsi:type="con:ManualTestStep" xmlns:xsi="http://www.w3.org/2001/XMLSchema-instance"/>
  </con:testStep>
  <con:testStep type="transfer" name="Property Transfer 23" id="bef042be-dd9a-4ba2-937c-e58f50c14698">
    <con:settings/>
    <con:config xsi:type="con:PropertyTransfersStep" xmlns:xsi="http://www.w3.org/2001/XMLSchema-instance">
      <con:transfers setNullOnMissingSource="true" transferTextContent="true" failOnError="true" ignoreEmpty="false" transferToAll="false" entitize="false" transferChildNodes="false">
        <con:name>userId</con:name>
        <con:sourceType>res_userRoleId</con:sourceType>
        <con:sourceStep>Create initial data</con:sourceStep>
        <con:sourcePath/>
        <con:targetType>req_userId</con:targetType>
        <con:targetStep>Delete create permission</con:targetStep>
        <con:targetPath/>
        <con:upgraded>true</con:upgraded>
      </con:transfers>
      <con:transfers setNullOnMissingSource="true" transferTextContent="true" failOnError="true" ignoreEmpty="false" transferToAll="false" entitize="false" transferChildNodes="false">
        <con:name>soId</con:name>
        <con:sourceType>res_salesOrgId</con:sourceType>
        <con:sourceStep>Create initial data</con:sourceStep>
        <con:targetType>req_soId</con:targetType>
        <con:targetStep>Delete create permission</con:targetStep>
        <con:upgraded>true</con:upgraded>
      </con:transfers>
      <con:transfers setNullOnMissingSource="true" transferTextContent="true" failOnError="true" ignoreEmpty="false" transferToAll="false" entitize="false" transferChildNodes="false">
        <con:name>action</con:name>
        <con:sourceType>action_CreateTerminal</con:sourceType>
        <con:sourceStep>Properties</con:sourceStep>
        <con:targetType>req_action</con:targetType>
        <con:targetStep>Delete create permission</con:targetStep>
        <con:upgraded>true</con:upgraded>
      </con:transfers>
    </con:config>
  </con:testStep>
  <con:testStep type="transfer" name="Property Transfer 13" id="bafbe3f4-a958-4122-9ecf-37d4bee45b99">
    <con:settings/>
    <con:config xsi:type="con:PropertyTransfersStep" xmlns:xsi="http://www.w3.org/2001/XMLSchema-instance">
      <con:transfers setNullOnMissingSource="true" transferTextContent="true" failOnError="true" ignoreEmpty="false" transferToAll="false" entitize="false" transferChildNodes="false">
        <con:name>userId</con:name>
        <con:sourceType>res_userRoleId</con:sourceType>
        <con:sourceStep>Create initial data</con:sourceStep>
        <con:sourcePath/>
        <con:targetType>req_UserId</con:targetType>
        <con:targetStep>Authorize update item to terminal</con:targetStep>
        <con:targetPath/>
        <con:upgraded>true</con:upgraded>
      </con:transfers>
      <con:transfers setNullOnMissingSource="true" transferTextContent="true" failOnError="true" ignoreEmpty="false" transferToAll="false" entitize="false" transferChildNodes="false">
        <con:name>soId</con:name>
        <con:sourceType>res_salesOrgId</con:sourceType>
        <con:sourceStep>Create initial data</con:sourceStep>
        <con:targetType>req_SoId</con:targetType>
        <con:targetStep>Authorize update item to terminal</con:targetStep>
        <con:upgraded>true</con:upgraded>
      </con:transfers>
      <con:transfers setNullOnMissingSource="true" transferTextContent="true" failOnError="true" ignoreEmpty="false" transferToAll="false" entitize="false" transferChildNodes="false">
        <con:name>domain</con:name>
        <con:sourceType>domain_terminal</con:sourceType>
        <con:sourceStep>Properties</con:sourceStep>
        <con:targetType>req_Domain</con:targetType>
        <con:targetStep>Authorize update item to terminal</con:targetStep>
        <con:upgraded>true</con:upgraded>
      </con:transfers>
      <con:transfers setNullOnMissingSource="true" transferTextContent="true" failOnError="true" ignoreEmpty="false" transferToAll="false" entitize="false" transferChildNodes="false">
        <con:name>action</con:name>
        <con:sourceType>action_UpdateTerminal</con:sourceType>
        <con:sourceStep>Properties</con:sourceStep>
        <con:targetType>req_Action</con:targetType>
        <con:targetStep>Authorize update item to terminal</con:targetStep>
        <con:upgraded>true</con:upgraded>
      </con:transfers>
      <con:transfers setNullOnMissingSource="true" transferTextContent="true" failOnError="true" ignoreEmpty="false" transferToAll="false" entitize="false" transferChildNodes="false">
        <con:name>scope</con:name>
        <con:sourceType>scope_Null</con:sourceType>
        <con:sourceStep>Properties</con:sourceStep>
        <con:targetType>req_Scope</con:targetType>
        <con:targetStep>Authorize update item to terminal</con:targetStep>
        <con:upgraded>true</con:upgraded>
      </con:transfers>
      <con:transfers setNullOnMissingSource="true" transferTextContent="true" failOnError="true" ignoreEmpty="false" transferToAll="false" entitize="false" transferChildNodes="false">
        <con:name>profile</con:name>
        <con:sourceType>profile_CSR</con:sourceType>
        <con:sourceStep>Properties</con:sourceStep>
        <con:targetType>req_Profile</con:targetType>
        <con:targetStep>Authorize update item to terminal</con:targetStep>
        <con:upgraded>true</con:upgraded>
      </con:transfers>
      <con:transfers setNullOnMissingSource="true" transferTextContent="true" failOnError="true" ignoreEmpty="false" transferToAll="false" entitize="false" transferChildNodes="false">
        <con:name>condition</con:name>
        <con:sourceType>condition_Null</con:sourceType>
        <con:sourceStep>Properties</con:sourceStep>
        <con:targetType>req_Condition</con:targetType>
        <con:targetStep>Authorize update item to terminal</con:targetStep>
        <con:upgraded>true</con:upgraded>
      </con:transfers>
      <con:transfers setNullOnMissingSource="true" transferTextContent="true" failOnError="true" ignoreEmpty="false" transferToAll="false" entitize="false" transferChildNodes="false">
        <con:name>createdForSalesOrg</con:name>
        <con:sourceType>DefaultSalesOrganizationRoleId</con:sourceType>
        <con:sourceStep>#Project#</con:sourceStep>
        <con:targetType>req_createdForSalesOrg</con:targetType>
        <con:targetStep>Authorize update item to terminal</con:targetStep>
        <con:upgraded>true</con:upgraded>
      </con:transfers>
    </con:config>
  </con:testStep>
  <con:testStep type="calltestcase" name="Authorize update item to terminal" id="fdecd955-c7a7-4f1d-a824-ec3dc5e926cb">
    <con:settings/>
    <con:config xsi:type="con:RunTestCaseStep" xmlns:xsi="http://www.w3.org/2001/XMLSchema-instance">
      <con:targetTestCase>7598e6a9-915e-450f-9530-8976eb29de47</con:targetTestCase>
      <con:properties>
        <con:property>
          <con:name>req_UserId</con:name>
          <con:value>57</con:value>
        </con:property>
        <con:property>
          <con:name>req_SoId</con:name>
          <con:value>55</con:value>
        </con:property>
        <con:property>
          <con:name>req_Domain</con:name>
          <con:value>TRM</con:value>
        </con:property>
        <con:property>
          <con:name>req_Action</con:name>
          <con:value>TRM.Update</con:value>
        </con:property>
        <con:property>
          <con:name>req_Scope</con:name>
          <con:value>PermitAllScope</con:value>
        </con:property>
        <con:property>
          <con:name>req_Profile</con:name>
          <con:value>CSR</con:value>
        </con:property>
        <con:property>
          <con:name>req_Condition</con:name>
          <con:value>NullCondition</con:value>
        </con:property>
        <con:property>
          <con:name>res_code</con:name>
          <con:value>200</con:value>
        </con:property>
        <con:property>
          <con:name>res_errorMessageCreate</con:name>
          <con:value xsi:nil="true"/>
        </con:property>
        <con:property>
          <con:name>res_errorMessageAdd</con:name>
          <con:value xsi:nil="true"/>
        </con:property>
        <con:property>
          <con:name>res_errorMessageSubmit</con:name>
          <con:value xsi:nil="true"/>
        </con:property>
        <con:property>
          <con:name>response</con:name>
          <con:value>{"businessInteractionType":34,"code":"PP-1911","description":"Profile Permission at [name-ext-7ec0b598-48cb-4af6-9d50-f17c84983d93] by [John Smith]","mainState":0,"state":5,"createdDate":"2018-03-07T07:26:04+0000","businessInteractionSpec":{"id":75,"journaled":false,"name":"Profile Permission bi spec","specificationType":0,"allowSubmitBIWithoutItem":false,"requiresSession":false,"code":"PROFILE_PERMISSION","requiresActiveSO":false,"biOperationAllowedWhenSOSuspended":false,"reserveAllNonSerializedSpec":false,"allowStockLevelNegative":false,"dynamicMap":{},"type":"com.ericsson.bss.rm.erms.core.entity.dto.bi.BusinessInteractionSpecDTO"},"createdByUserId":"57","createdBySalesOrganizationId":"55","createdForSalesOrganizationRoleId":"1","preventUpdateFromOtherSystem":false,"items":[],"isLocked":false,"businessInteractionRoleId1":98,"businessInteractionRoleId2":95,"businessInteractionRoleId3":95,"id":1911,"href":"/v1/profilePermission/1911","dynamicMap":{},"type":"com.ericsson.bss.rm.erms.core.entity.dto.bi.profilepermission.ProfilePermissionBIResponseDTO"}</con:value>
        </con:property>
        <con:property>
          <con:name>req_createdForSalesOrg</con:name>
          <con:value>1</con:value>
        </con:property>
      </con:properties>
      <con:returnProperties>
        <con:entry>res_code</con:entry>
        <con:entry>res_errorMessageCreate</con:entry>
        <con:entry>res_errorMessageAdd</con:entry>
        <con:entry>res_errorMessageSubmit</con:entry>
        <con:entry>response</con:entry>
      </con:returnProperties>
      <con:runMode>PARALLELL</con:runMode>
    </con:config>
  </con:testStep>
  <con:testStep type="assertionteststep" name="Assertion terminal update permission is created" id="a918a3fa-bc6e-458c-89bf-afb970adaa6e">
    <con:settings/>
    <con:config xsi:type="con:AssertionTestStep" xmlns:xsi="http://www.w3.org/2001/XMLSchema-instance">
      <con:entry>
        <con:id>3b45bfa7-aa2e-4d56-b41c-223740801dd8</con:id>
        <con:isGroup>false</con:isGroup>
        <con:sourceId>fdecd955-c7a7-4f1d-a824-ec3dc5e926cb</con:sourceId>
        <con:propertyName>res_code</con:propertyName>
        <con:assertion type="Simple Contains" name="Contains" id="6c4c73c3-36f0-4985-a66b-107962e0d528">
          <con:configuration>
            <token>200</token>
            <ignoreCase>false</ignoreCase>
            <useRegEx>false</useRegEx>
          </con:configuration>
        </con:assertion>
      </con:entry>
      <con:entry>
        <con:id>62f052b9-3978-4619-9109-e3c0ade16493</con:id>
        <con:isGroup>false</con:isGroup>
        <con:sourceId>fdecd955-c7a7-4f1d-a824-ec3dc5e926cb</con:sourceId>
        <con:propertyName>res_errorMessageSubmit</con:propertyName>
        <con:assertion type="Simple Contains" name="Contains 2" id="4010b81d-8a7b-4d74-bad1-92abebdb6509">
          <con:configuration>
            <token>^\s*$</token>
            <ignoreCase>false</ignoreCase>
            <useRegEx>true</useRegEx>
          </con:configuration>
        </con:assertion>
      </con:entry>
    </con:config>
  </con:testStep>
  <con:testStep type="transfer" name="Property Transfer 16" id="7d28c015-7f4c-4023-8605-a34139d1dd23">
    <con:settings/>
    <con:config xsi:type="con:PropertyTransfersStep" xmlns:xsi="http://www.w3.org/2001/XMLSchema-instance">
      <con:transfers setNullOnMissingSource="true" transferTextContent="true" failOnError="true" ignoreEmpty="false" transferToAll="false" entitize="false" transferChildNodes="false">
        <con:name>userId</con:name>
        <con:sourceType>res_userRoleId</con:sourceType>
        <con:sourceStep>Create initial data</con:sourceStep>
        <con:sourcePath/>
        <con:targetType>req_UserId</con:targetType>
        <con:targetStep>Authorize get item to terminal</con:targetStep>
        <con:targetPath/>
        <con:upgraded>true</con:upgraded>
      </con:transfers>
      <con:transfers setNullOnMissingSource="true" transferTextContent="true" failOnError="true" ignoreEmpty="false" transferToAll="false" entitize="false" transferChildNodes="false">
        <con:name>soId</con:name>
        <con:sourceType>res_salesOrgId</con:sourceType>
        <con:sourceStep>Create initial data</con:sourceStep>
        <con:targetType>req_SoId</con:targetType>
        <con:targetStep>Authorize get item to terminal</con:targetStep>
        <con:upgraded>true</con:upgraded>
      </con:transfers>
      <con:transfers setNullOnMissingSource="true" transferTextContent="true" failOnError="true" ignoreEmpty="false" transferToAll="false" entitize="false" transferChildNodes="false">
        <con:name>domain</con:name>
        <con:sourceType>domain_terminal</con:sourceType>
        <con:sourceStep>Properties</con:sourceStep>
        <con:targetType>req_Domain</con:targetType>
        <con:targetStep>Authorize get item to terminal</con:targetStep>
        <con:upgraded>true</con:upgraded>
      </con:transfers>
      <con:transfers setNullOnMissingSource="true" transferTextContent="true" failOnError="true" ignoreEmpty="false" transferToAll="false" entitize="false" transferChildNodes="false">
        <con:name>action</con:name>
        <con:sourceType>action_GetTerminal</con:sourceType>
        <con:sourceStep>Properties</con:sourceStep>
        <con:targetType>req_Action</con:targetType>
        <con:targetStep>Authorize get item to terminal</con:targetStep>
        <con:upgraded>true</con:upgraded>
      </con:transfers>
      <con:transfers setNullOnMissingSource="true" transferTextContent="true" failOnError="true" ignoreEmpty="false" transferToAll="false" entitize="false" transferChildNodes="false">
        <con:name>scope</con:name>
        <con:sourceType>scope_Null</con:sourceType>
        <con:sourceStep>Properties</con:sourceStep>
        <con:targetType>req_Scope</con:targetType>
        <con:targetStep>Authorize get item to terminal</con:targetStep>
        <con:upgraded>true</con:upgraded>
      </con:transfers>
      <con:transfers setNullOnMissingSource="true" transferTextContent="true" failOnError="true" ignoreEmpty="false" transferToAll="false" entitize="false" transferChildNodes="false">
        <con:name>profile</con:name>
        <con:sourceType>profile_CSR</con:sourceType>
        <con:sourceStep>Properties</con:sourceStep>
        <con:targetType>req_Profile</con:targetType>
        <con:targetStep>Authorize get item to terminal</con:targetStep>
        <con:upgraded>true</con:upgraded>
      </con:transfers>
      <con:transfers setNullOnMissingSource="true" transferTextContent="true" failOnError="true" ignoreEmpty="false" transferToAll="false" entitize="false" transferChildNodes="false">
        <con:name>condition</con:name>
        <con:sourceType>condition_Null</con:sourceType>
        <con:sourceStep>Properties</con:sourceStep>
        <con:targetType>req_Condition</con:targetType>
        <con:targetStep>Authorize get item to terminal</con:targetStep>
        <con:upgraded>true</con:upgraded>
      </con:transfers>
      <con:transfers setNullOnMissingSource="true" transferTextContent="true" failOnError="true" ignoreEmpty="false" transferToAll="false" entitize="false" transferChildNodes="false">
        <con:name>createdForSalesOrg</con:name>
        <con:sourceType>DefaultSalesOrganizationRoleId</con:sourceType>
        <con:sourceStep>#Project#</con:sourceStep>
        <con:targetType>req_createdForSalesOrg</con:targetType>
        <con:targetStep>Authorize get item to terminal</con:targetStep>
        <con:upgraded>true</con:upgraded>
      </con:transfers>
    </con:config>
  </con:testStep>
  <con:testStep type="calltestcase" name="Authorize get item to terminal" id="cbe1d566-a1db-45b1-b55f-2684f0159a17">
    <con:settings/>
    <con:config xsi:type="con:RunTestCaseStep" xmlns:xsi="http://www.w3.org/2001/XMLSchema-instance">
      <con:targetTestCase>7598e6a9-915e-450f-9530-8976eb29de47</con:targetTestCase>
      <con:properties>
        <con:property>
          <con:name>req_UserId</con:name>
          <con:value>57</con:value>
        </con:property>
        <con:property>
          <con:name>req_SoId</con:name>
          <con:value>55</con:value>
        </con:property>
        <con:property>
          <con:name>req_Domain</con:name>
          <con:value>TRM</con:value>
        </con:property>
        <con:property>
          <con:name>req_Action</con:name>
          <con:value>TRM.Get</con:value>
        </con:property>
        <con:property>
          <con:name>req_Scope</con:name>
          <con:value>PermitAllScope</con:value>
        </con:property>
        <con:property>
          <con:name>req_Profile</con:name>
          <con:value>CSR</con:value>
        </con:property>
        <con:property>
          <con:name>req_Condition</con:name>
          <con:value>NullCondition</con:value>
        </con:property>
        <con:property>
          <con:name>res_code</con:name>
          <con:value>200</con:value>
        </con:property>
        <con:property>
          <con:name>res_errorMessageCreate</con:name>
          <con:value xsi:nil="true"/>
        </con:property>
        <con:property>
          <con:name>res_errorMessageAdd</con:name>
          <con:value xsi:nil="true"/>
        </con:property>
        <con:property>
          <con:name>res_errorMessageSubmit</con:name>
          <con:value xsi:nil="true"/>
        </con:property>
        <con:property>
          <con:name>response</con:name>
          <con:value>{"businessInteractionType":34,"code":"PP-1931","description":"Profile Permission at [name-ext-7ec0b598-48cb-4af6-9d50-f17c84983d93] by [John Smith]","mainState":0,"state":5,"createdDate":"2018-03-07T07:26:05+0000","businessInteractionSpec":{"id":75,"journaled":false,"name":"Profile Permission bi spec","specificationType":0,"allowSubmitBIWithoutItem":false,"requiresSession":false,"code":"PROFILE_PERMISSION","requiresActiveSO":false,"biOperationAllowedWhenSOSuspended":false,"reserveAllNonSerializedSpec":false,"allowStockLevelNegative":false,"dynamicMap":{},"type":"com.ericsson.bss.rm.erms.core.entity.dto.bi.BusinessInteractionSpecDTO"},"createdByUserId":"57","createdBySalesOrganizationId":"55","createdForSalesOrganizationRoleId":"1","preventUpdateFromOtherSystem":false,"items":[],"isLocked":false,"businessInteractionRoleId1":98,"businessInteractionRoleId2":95,"businessInteractionRoleId3":95,"id":1931,"href":"/v1/profilePermission/1931","dynamicMap":{},"type":"com.ericsson.bss.rm.erms.core.entity.dto.bi.profilepermission.ProfilePermissionBIResponseDTO"}</con:value>
        </con:property>
        <con:property>
          <con:name>req_createdForSalesOrg</con:name>
          <con:value>1</con:value>
        </con:property>
      </con:properties>
      <con:returnProperties>
        <con:entry>res_code</con:entry>
        <con:entry>res_errorMessageCreate</con:entry>
        <con:entry>res_errorMessageAdd</con:entry>
        <con:entry>res_errorMessageSubmit</con:entry>
        <con:entry>response</con:entry>
      </con:returnProperties>
      <con:runMode>PARALLELL</con:runMode>
    </con:config>
  </con:testStep>
  <con:testStep type="assertionteststep" name="Assertion terminal get permission is created" id="e9fd6556-fdeb-4b6e-88bd-d28da84109db">
    <con:settings/>
    <con:config xsi:type="con:AssertionTestStep" xmlns:xsi="http://www.w3.org/2001/XMLSchema-instance">
      <con:entry>
        <con:id>d434cc4d-24f2-4f8f-b861-04f94cd68c58</con:id>
        <con:isGroup>false</con:isGroup>
        <con:sourceId>cbe1d566-a1db-45b1-b55f-2684f0159a17</con:sourceId>
        <con:propertyName>res_code</con:propertyName>
        <con:assertion type="Simple Contains" name="Contains" id="ab29cc50-6f2e-4258-b696-f6e85ade2385">
          <con:configuration>
            <token>200</token>
            <ignoreCase>false</ignoreCase>
            <useRegEx>false</useRegEx>
          </con:configuration>
        </con:assertion>
      </con:entry>
      <con:entry>
        <con:id>1f974db7-db38-4484-a3d2-4af9b06c3b85</con:id>
        <con:isGroup>false</con:isGroup>
        <con:sourceId>cbe1d566-a1db-45b1-b55f-2684f0159a17</con:sourceId>
        <con:propertyName>res_errorMessageSubmit</con:propertyName>
        <con:assertion type="Simple Contains" name="Contains 2" id="714cf2ee-a7ac-4cd1-b844-64b9b01c3b14">
          <con:configuration>
            <token>^\s*$</token>
            <ignoreCase>false</ignoreCase>
            <useRegEx>true</useRegEx>
          </con:configuration>
        </con:assertion>
      </con:entry>
    </con:config>
  </con:testStep>
  <con:testStep type="transfer" name="Property Transfer 18" id="1e22ed89-536d-47da-85e8-ad1b91f19bb2">
    <con:settings/>
    <con:config xsi:type="con:PropertyTransfersStep" xmlns:xsi="http://www.w3.org/2001/XMLSchema-instance">
      <con:transfers setNullOnMissingSource="true" transferTextContent="true" failOnError="true" ignoreEmpty="false" transferToAll="false" entitize="false" transferChildNodes="false">
        <con:name>userId</con:name>
        <con:sourceType>res_userRoleId</con:sourceType>
        <con:sourceStep>Create initial data</con:sourceStep>
        <con:sourcePath/>
        <con:targetType>req_UserId</con:targetType>
        <con:targetStep>Authorize view item to terminal</con:targetStep>
        <con:targetPath/>
        <con:upgraded>true</con:upgraded>
      </con:transfers>
      <con:transfers setNullOnMissingSource="true" transferTextContent="true" failOnError="true" ignoreEmpty="false" transferToAll="false" entitize="false" transferChildNodes="false">
        <con:name>soId</con:name>
        <con:sourceType>res_salesOrgId</con:sourceType>
        <con:sourceStep>Create initial data</con:sourceStep>
        <con:targetType>req_SoId</con:targetType>
        <con:targetStep>Authorize view item to terminal</con:targetStep>
        <con:upgraded>true</con:upgraded>
      </con:transfers>
      <con:transfers setNullOnMissingSource="true" transferTextContent="true" failOnError="true" ignoreEmpty="false" transferToAll="false" entitize="false" transferChildNodes="false">
        <con:name>domain</con:name>
        <con:sourceType>domain_terminal</con:sourceType>
        <con:sourceStep>Properties</con:sourceStep>
        <con:targetType>req_Domain</con:targetType>
        <con:targetStep>Authorize view item to terminal</con:targetStep>
        <con:upgraded>true</con:upgraded>
      </con:transfers>
      <con:transfers setNullOnMissingSource="true" transferTextContent="true" failOnError="true" ignoreEmpty="false" transferToAll="false" entitize="false" transferChildNodes="false">
        <con:name>action</con:name>
        <con:sourceType>action_ViewTerminal</con:sourceType>
        <con:sourceStep>Properties</con:sourceStep>
        <con:targetType>req_Action</con:targetType>
        <con:targetStep>Authorize view item to terminal</con:targetStep>
        <con:upgraded>true</con:upgraded>
      </con:transfers>
      <con:transfers setNullOnMissingSource="true" transferTextContent="true" failOnError="true" ignoreEmpty="false" transferToAll="false" entitize="false" transferChildNodes="false">
        <con:name>scope</con:name>
        <con:sourceType>scope_Null</con:sourceType>
        <con:sourceStep>Properties</con:sourceStep>
        <con:targetType>req_Scope</con:targetType>
        <con:targetStep>Authorize view item to terminal</con:targetStep>
        <con:upgraded>true</con:upgraded>
      </con:transfers>
      <con:transfers setNullOnMissingSource="true" transferTextContent="true" failOnError="true" ignoreEmpty="false" transferToAll="false" entitize="false" transferChildNodes="false">
        <con:name>profile</con:name>
        <con:sourceType>profile_CSR</con:sourceType>
        <con:sourceStep>Properties</con:sourceStep>
        <con:targetType>req_Profile</con:targetType>
        <con:targetStep>Authorize view item to terminal</con:targetStep>
        <con:upgraded>true</con:upgraded>
      </con:transfers>
      <con:transfers setNullOnMissingSource="true" transferTextContent="true" failOnError="true" ignoreEmpty="false" transferToAll="false" entitize="false" transferChildNodes="false">
        <con:name>condition</con:name>
        <con:sourceType>condition_Null</con:sourceType>
        <con:sourceStep>Properties</con:sourceStep>
        <con:targetType>req_Condition</con:targetType>
        <con:targetStep>Authorize view item to terminal</con:targetStep>
        <con:upgraded>true</con:upgraded>
      </con:transfers>
      <con:transfers setNullOnMissingSource="true" transferTextContent="true" failOnError="true" ignoreEmpty="false" transferToAll="false" entitize="false" transferChildNodes="false">
        <con:name>createdForSalesOrg</con:name>
        <con:sourceType>DefaultSalesOrganizationRoleId</con:sourceType>
        <con:sourceStep>#Project#</con:sourceStep>
        <con:targetType>req_createdForSalesOrg</con:targetType>
        <con:targetStep>Authorize view item to terminal</con:targetStep>
        <con:upgraded>true</con:upgraded>
      </con:transfers>
    </con:config>
  </con:testStep>
  <con:testStep type="calltestcase" name="Authorize view item to terminal" id="f86167b9-5cf2-4440-a65c-13ccd6d9951d">
    <con:settings/>
    <con:config xsi:type="con:RunTestCaseStep" xmlns:xsi="http://www.w3.org/2001/XMLSchema-instance">
      <con:targetTestCase>7598e6a9-915e-450f-9530-8976eb29de47</con:targetTestCase>
      <con:properties>
        <con:property>
          <con:name>req_UserId</con:name>
          <con:value>57</con:value>
        </con:property>
        <con:property>
          <con:name>req_SoId</con:name>
          <con:value>55</con:value>
        </con:property>
        <con:property>
          <con:name>req_Domain</con:name>
          <con:value>TRM</con:value>
        </con:property>
        <con:property>
          <con:name>req_Action</con:name>
          <con:value>TRM.View</con:value>
        </con:property>
        <con:property>
          <con:name>req_Scope</con:name>
          <con:value>PermitAllScope</con:value>
        </con:property>
        <con:property>
          <con:name>req_Profile</con:name>
          <con:value>CSR</con:value>
        </con:property>
        <con:property>
          <con:name>req_Condition</con:name>
          <con:value>NullCondition</con:value>
        </con:property>
        <con:property>
          <con:name>res_code</con:name>
          <con:value>200</con:value>
        </con:property>
        <con:property>
          <con:name>res_errorMessageCreate</con:name>
          <con:value xsi:nil="true"/>
        </con:property>
        <con:property>
          <con:name>res_errorMessageAdd</con:name>
          <con:value xsi:nil="true"/>
        </con:property>
        <con:property>
          <con:name>res_errorMessageSubmit</con:name>
          <con:value xsi:nil="true"/>
        </con:property>
        <con:property>
          <con:name>response</con:name>
          <con:value>{"businessInteractionType":34,"code":"PP-1941","description":"Profile Permission at [name-ext-7ec0b598-48cb-4af6-9d50-f17c84983d93] by [John Smith]","mainState":0,"state":5,"createdDate":"2018-03-07T07:26:05+0000","businessInteractionSpec":{"id":75,"journaled":false,"name":"Profile Permission bi spec","specificationType":0,"allowSubmitBIWithoutItem":false,"requiresSession":false,"code":"PROFILE_PERMISSION","requiresActiveSO":false,"biOperationAllowedWhenSOSuspended":false,"reserveAllNonSerializedSpec":false,"allowStockLevelNegative":false,"dynamicMap":{},"type":"com.ericsson.bss.rm.erms.core.entity.dto.bi.BusinessInteractionSpecDTO"},"createdByUserId":"57","createdBySalesOrganizationId":"55","createdForSalesOrganizationRoleId":"1","preventUpdateFromOtherSystem":false,"items":[],"isLocked":false,"businessInteractionRoleId1":98,"businessInteractionRoleId2":95,"businessInteractionRoleId3":95,"id":1941,"href":"/v1/profilePermission/1941","dynamicMap":{},"type":"com.ericsson.bss.rm.erms.core.entity.dto.bi.profilepermission.ProfilePermissionBIResponseDTO"}</con:value>
        </con:property>
        <con:property>
          <con:name>req_createdForSalesOrg</con:name>
          <con:value>1</con:value>
        </con:property>
      </con:properties>
      <con:returnProperties>
        <con:entry>res_code</con:entry>
        <con:entry>res_errorMessageCreate</con:entry>
        <con:entry>res_errorMessageAdd</con:entry>
        <con:entry>res_errorMessageSubmit</con:entry>
        <con:entry>response</con:entry>
      </con:returnProperties>
      <con:runMode>PARALLELL</con:runMode>
    </con:config>
  </con:testStep>
  <con:testStep type="assertionteststep" name="Assertion terminal view permission created" id="62edaa54-0a5f-4138-82ee-9bf890e635b3">
    <con:settings/>
    <con:config xsi:type="con:AssertionTestStep" xmlns:xsi="http://www.w3.org/2001/XMLSchema-instance"/>
  </con:testStep>
  <con:testStep type="transfer" name="Property Transfer 14" id="bdcfc1bd-5764-4afa-81af-0704b425639d">
    <con:settings/>
    <con:config xsi:type="con:PropertyTransfersStep" xmlns:xsi="http://www.w3.org/2001/XMLSchema-instance">
      <con:transfers setNullOnMissingSource="true" transferTextContent="true" failOnError="true" ignoreEmpty="false" transferToAll="false" entitize="false" transferChildNodes="false">
        <con:name>invExtId</con:name>
        <con:sourceType>random_inventoryExtId</con:sourceType>
        <con:sourceStep>Properties</con:sourceStep>
        <con:sourcePath/>
        <con:targetType>req_externalId</con:targetType>
        <con:targetStep>Add item to create terminal bi</con:targetStep>
        <con:targetPath/>
        <con:upgraded>true</con:upgraded>
      </con:transfers>
      <con:transfers setNullOnMissingSource="true" transferTextContent="true" failOnError="true" ignoreEmpty="false" transferToAll="false" entitize="false" transferChildNodes="false">
        <con:name>biId</con:name>
        <con:sourceType>res_biId</con:sourceType>
        <con:sourceStep>Create terminal bi</con:sourceStep>
        <con:targetType>req_biId</con:targetType>
        <con:targetStep>Add item to create terminal bi</con:targetStep>
        <con:upgraded>true</con:upgraded>
      </con:transfers>
      <con:transfers setNullOnMissingSource="true" transferTextContent="true" failOnError="true" ignoreEmpty="false" transferToAll="false" entitize="false" transferChildNodes="false">
        <con:name>soId</con:name>
        <con:sourceType>res_salesOrgId</con:sourceType>
        <con:sourceStep>Create initial data</con:sourceStep>
        <con:targetType>req_salesOrgId</con:targetType>
        <con:targetStep>Add item to create terminal bi</con:targetStep>
        <con:upgraded>true</con:upgraded>
      </con:transfers>
    </con:config>
  </con:testStep>
  <con:testStep type="calltestcase" name="Add item to create terminal bi" id="cf51631f-7b8e-4b40-97bb-face0f210ca0">
    <con:settings/>
    <con:config xsi:type="con:RunTestCaseStep" xmlns:xsi="http://www.w3.org/2001/XMLSchema-instance">
      <con:targetTestCase>c2cf8d8e-d749-4306-b31a-9517cd1e26d6</con:targetTestCase>
      <con:properties>
        <con:property>
          <con:name>req_biId</con:name>
          <con:value>1851</con:value>
        </con:property>
        <con:property>
          <con:name>req_externalId</con:name>
          <con:value>ext-${=java.util.UUID.randomUUID()}</con:value>
        </con:property>
        <con:property>
          <con:name>res_biId</con:name>
          <con:value>1851</con:value>
        </con:property>
        <con:property>
          <con:name>res_biItemId</con:name>
          <con:value>217</con:value>
        </con:property>
        <con:property>
          <con:name>req_salesOrgId</con:name>
          <con:value>55</con:value>
        </con:property>
        <con:property>
          <con:name>res_errorMessage</con:name>
          <con:value xsi:nil="true"/>
        </con:property>
      </con:properties>
      <con:returnProperties>
        <con:entry>res_biId</con:entry>
        <con:entry>res_biItemId</con:entry>
        <con:entry>res_errorMessage</con:entry>
      </con:returnProperties>
      <con:runMode>PARALLELL</con:runMode>
    </con:config>
  </con:testStep>
  <con:testStep type="assertionteststep" name="Assertion terminal add item is successful" id="fd2472c8-3770-43c2-b0b4-59a1151aa6c5">
    <con:settings/>
    <con:config xsi:type="con:AssertionTestStep" xmlns:xsi="http://www.w3.org/2001/XMLSchema-instance">
      <con:entry>
        <con:id>d5f40f0d-c5fa-4683-a7da-ed90b327c7cf</con:id>
        <con:isGroup>false</con:isGroup>
        <con:sourceId>cf51631f-7b8e-4b40-97bb-face0f210ca0</con:sourceId>
        <con:propertyName>res_errorMessage</con:propertyName>
        <con:assertion type="Simple Contains" name="Contains" id="82a55786-96d3-4f36-88a9-9d9337b52591">
          <con:configuration>
            <token>^\s*$</token>
            <ignoreCase>false</ignoreCase>
            <useRegEx>true</useRegEx>
          </con:configuration>
        </con:assertion>
      </con:entry>
      <con:entry>
        <con:id>968a0c14-cc8b-4623-897a-e38d7cbfef70</con:id>
        <con:isGroup>false</con:isGroup>
        <con:sourceId>cf51631f-7b8e-4b40-97bb-face0f210ca0</con:sourceId>
        <con:propertyName>res_biItemId</con:propertyName>
        <con:assertion type="Simple Contains" name="Contains 2" id="577ab105-a1c4-4d9f-9b59-cd66e40d0529">
          <con:configuration>
            <token>\d+</token>
            <ignoreCase>false</ignoreCase>
            <useRegEx>true</useRegEx>
          </con:configuration>
        </con:assertion>
      </con:entry>
    </con:config>
  </con:testStep>
  <con:testStep type="transfer" name="Property Transfer 14 ORG2" id="e99c68f3-17ae-4da0-85c6-a662316df24a">
    <con:settings/>
    <con:config xsi:type="con:PropertyTransfersStep" xmlns:xsi="http://www.w3.org/2001/XMLSchema-instance">
      <con:transfers setNullOnMissingSource="true" transferTextContent="true" failOnError="true" ignoreEmpty="false" transferToAll="false" entitize="false" transferChildNodes="false">
        <con:name>invExtId</con:name>
        <con:sourceType>random_inventoryExtId</con:sourceType>
        <con:sourceStep>Properties</con:sourceStep>
        <con:sourcePath/>
        <con:targetType>req_externalId</con:targetType>
        <con:targetStep>Add item to create terminal bi ORG2</con:targetStep>
        <con:targetPath/>
        <con:upgraded>true</con:upgraded>
      </con:transfers>
      <con:transfers setNullOnMissingSource="true" transferTextContent="true" failOnError="true" ignoreEmpty="false" transferToAll="false" entitize="false" transferChildNodes="false">
        <con:name>biId</con:name>
        <con:sourceType>res_biId</con:sourceType>
        <con:sourceStep>Create terminal bi ORG2</con:sourceStep>
        <con:targetType>req_biId</con:targetType>
        <con:targetStep>Add item to create terminal bi ORG2</con:targetStep>
        <con:upgraded>true</con:upgraded>
      </con:transfers>
      <con:transfers setNullOnMissingSource="true" transferTextContent="true" failOnError="true" ignoreEmpty="false" transferToAll="false" entitize="false" transferChildNodes="false">
        <con:name>soId</con:name>
        <con:sourceType>res_salesOrgId</con:sourceType>
        <con:sourceStep>Create initial data2</con:sourceStep>
        <con:targetType>req_salesOrgId</con:targetType>
        <con:targetStep>Add item to create terminal bi ORG2</con:targetStep>
        <con:upgraded>true</con:upgraded>
      </con:transfers>
      <con:transfers setNullOnMissingSource="true" transferTextContent="true" failOnError="true" ignoreEmpty="false" transferToAll="false" entitize="false" transferChildNodes="false">
        <con:name>userToken</con:name>
        <con:sourceType>userToken</con:sourceType>
        <con:sourceStep>Create initial data2</con:sourceStep>
        <con:targetType>AuthorizationUser</con:targetType>
        <con:targetStep>#Project#</con:targetStep>
        <con:upgraded>true</con:upgraded>
      </con:transfers>
      <con:transfers setNullOnMissingSource="true" transferTextContent="true" failOnError="true" ignoreEmpty="false" transferToAll="false" entitize="false" transferChildNodes="false">
        <con:name>userSo</con:name>
        <con:sourceType>res_salesOrgId</con:sourceType>
        <con:sourceStep>Create initial data2</con:sourceStep>
        <con:targetType>UserSo</con:targetType>
        <con:targetStep>#Project#</con:targetStep>
        <con:upgraded>true</con:upgraded>
      </con:transfers>
    </con:config>
  </con:testStep>
  <con:testStep type="calltestcase" name="Add item to create terminal bi ORG2" id="28726ce5-83be-4c79-8e95-2feb6554ffc3">
    <con:settings/>
    <con:config xsi:type="con:RunTestCaseStep" xmlns:xsi="http://www.w3.org/2001/XMLSchema-instance">
      <con:targetTestCase>c2cf8d8e-d749-4306-b31a-9517cd1e26d6</con:targetTestCase>
      <con:properties>
        <con:property>
          <con:name>req_biId</con:name>
          <con:value>1861</con:value>
        </con:property>
        <con:property>
          <con:name>req_externalId</con:name>
          <con:value>ext-${=java.util.UUID.randomUUID()}</con:value>
        </con:property>
        <con:property>
          <con:name>res_biId</con:name>
          <con:value>1861</con:value>
        </con:property>
        <con:property>
          <con:name>res_biItemId</con:name>
          <con:value>218</con:value>
        </con:property>
        <con:property>
          <con:name>req_salesOrgId</con:name>
          <con:value>60</con:value>
        </con:property>
        <con:property>
          <con:name>res_errorMessage</con:name>
          <con:value xsi:nil="true"/>
        </con:property>
      </con:properties>
      <con:returnProperties>
        <con:entry>res_biId</con:entry>
        <con:entry>res_biItemId</con:entry>
        <con:entry>res_errorMessage</con:entry>
      </con:returnProperties>
      <con:runMode>PARALLELL</con:runMode>
    </con:config>
  </con:testStep>
  <con:testStep type="assertionteststep" name="Assertion terminal add item is successful ORG2" id="7113f789-07b5-4023-8e28-4b5aa66e47d2">
    <con:settings/>
    <con:config xsi:type="con:AssertionTestStep" xmlns:xsi="http://www.w3.org/2001/XMLSchema-instance">
      <con:entry>
        <con:id>ecb506fe-db98-42fd-a52f-37505f9554f3</con:id>
        <con:isGroup>false</con:isGroup>
        <con:sourceId>28726ce5-83be-4c79-8e95-2feb6554ffc3</con:sourceId>
        <con:propertyName>res_errorMessage</con:propertyName>
        <con:assertion type="Simple Contains" name="Contains 3" id="04d08a1d-a1d7-462d-b6d2-7e36dfe2cc71">
          <con:configuration>
            <token>^\s*$</token>
            <ignoreCase>false</ignoreCase>
            <useRegEx>true</useRegEx>
          </con:configuration>
        </con:assertion>
      </con:entry>
      <con:entry>
        <con:id>1830cf87-b8c1-4d31-a16c-75780d1b107e</con:id>
        <con:isGroup>false</con:isGroup>
        <con:sourceId>28726ce5-83be-4c79-8e95-2feb6554ffc3</con:sourceId>
        <con:propertyName>res_biItemId</con:propertyName>
        <con:assertion type="Simple Contains" name="Contains 4" id="6216c8cd-0ad3-4024-ba12-8d0e5ee19248">
          <con:configuration>
            <token>\d+</token>
            <ignoreCase>false</ignoreCase>
            <useRegEx>true</useRegEx>
          </con:configuration>
        </con:assertion>
      </con:entry>
    </con:config>
  </con:testStep>
  <con:testStep type="transfer" name="Property Transfer 26" id="adf6c3ea-22ed-43b8-a863-aff56b03cbae">
    <con:settings/>
    <con:config xsi:type="con:PropertyTransfersStep" xmlns:xsi="http://www.w3.org/2001/XMLSchema-instance">
      <con:transfers setNullOnMissingSource="true" transferTextContent="true" failOnError="true" ignoreEmpty="false" transferToAll="false" entitize="false" transferChildNodes="false">
        <con:name>biId</con:name>
        <con:sourceType>res_biId</con:sourceType>
        <con:sourceStep>Create terminal bi</con:sourceStep>
        <con:sourcePath/>
        <con:targetType>req_biId</con:targetType>
        <con:targetStep>Cannot Submit item to create terminal bi</con:targetStep>
        <con:targetPath/>
        <con:upgraded>true</con:upgraded>
      </con:transfers>
      <con:transfers setNullOnMissingSource="true" transferTextContent="true" failOnError="true" ignoreEmpty="false" transferToAll="false" entitize="false" transferChildNodes="false">
        <con:name>userToken</con:name>
        <con:sourceType>userToken</con:sourceType>
        <con:sourceStep>Create initial data</con:sourceStep>
        <con:targetType>AuthorizationUser</con:targetType>
        <con:targetStep>#Project#</con:targetStep>
        <con:upgraded>true</con:upgraded>
      </con:transfers>
    </con:config>
  </con:testStep>
  <con:testStep type="calltestcase" name="Cannot Submit item to create terminal bi" id="60c88af7-60bf-4577-be9d-ee2ceadb2a53">
    <con:settings/>
    <con:config xsi:type="con:RunTestCaseStep" xmlns:xsi="http://www.w3.org/2001/XMLSchema-instance">
      <con:targetTestCase>b9362f84-1b88-4f7e-ac73-8b5c3f0927c8</con:targetTestCase>
      <con:properties>
        <con:property>
          <con:name>req_biId</con:name>
          <con:value>1851</con:value>
        </con:property>
        <con:property>
          <con:name>res_biId</con:name>
          <con:value xsi:nil="true"/>
        </con:property>
        <con:property>
          <con:name>res_errorMessage</con:name>
          <con:value>No Permitted Action [TRM.submit]</con:value>
        </con:property>
        <con:property>
          <con:name>res_code</con:name>
          <con:value>403</con:value>
        </con:property>
      </con:properties>
      <con:returnProperties>
        <con:entry>res_biId</con:entry>
        <con:entry>res_errorMessage</con:entry>
        <con:entry>res_code</con:entry>
      </con:returnProperties>
      <con:runMode>PARALLELL</con:runMode>
    </con:config>
  </con:testStep>
  <con:testStep type="assertionteststep" name="Assertion cannot submit without permission" id="761e38e3-e374-4523-9ba7-f5570337b6f4">
    <con:settings/>
    <con:config xsi:type="con:AssertionTestStep" xmlns:xsi="http://www.w3.org/2001/XMLSchema-instance">
      <con:entry>
        <con:id>6a367555-84ab-42f0-a081-6e01f92ed909</con:id>
        <con:isGroup>false</con:isGroup>
        <con:sourceId>60c88af7-60bf-4577-be9d-ee2ceadb2a53</con:sourceId>
        <con:propertyName>res_code</con:propertyName>
        <con:assertion type="Simple Contains" name="Contains" id="65b1c75b-abed-43bf-9085-f2d4d5407323">
          <con:configuration>
            <token>403</token>
            <ignoreCase>false</ignoreCase>
            <useRegEx>false</useRegEx>
          </con:configuration>
        </con:assertion>
      </con:entry>
    </con:config>
  </con:testStep>
  <con:testStep type="transfer" name="Property Transfer 17" id="b4b6d89d-7d1b-4f7a-a496-3ce38abd26d8">
    <con:settings/>
    <con:config xsi:type="con:PropertyTransfersStep" xmlns:xsi="http://www.w3.org/2001/XMLSchema-instance">
      <con:transfers setNullOnMissingSource="true" transferTextContent="true" failOnError="true" ignoreEmpty="false" transferToAll="false" entitize="false" transferChildNodes="false">
        <con:name>userId</con:name>
        <con:sourceType>res_userRoleId</con:sourceType>
        <con:sourceStep>Create initial data</con:sourceStep>
        <con:sourcePath/>
        <con:targetType>req_UserId</con:targetType>
        <con:targetStep>Authorize submit item to terminal</con:targetStep>
        <con:targetPath/>
        <con:upgraded>true</con:upgraded>
      </con:transfers>
      <con:transfers setNullOnMissingSource="true" transferTextContent="true" failOnError="true" ignoreEmpty="false" transferToAll="false" entitize="false" transferChildNodes="false">
        <con:name>soId</con:name>
        <con:sourceType>res_salesOrgId</con:sourceType>
        <con:sourceStep>Create initial data</con:sourceStep>
        <con:targetType>req_SoId</con:targetType>
        <con:targetStep>Authorize submit item to terminal</con:targetStep>
        <con:upgraded>true</con:upgraded>
      </con:transfers>
      <con:transfers setNullOnMissingSource="true" transferTextContent="true" failOnError="true" ignoreEmpty="false" transferToAll="false" entitize="false" transferChildNodes="false">
        <con:name>action</con:name>
        <con:sourceType>action_SubmitTerminal</con:sourceType>
        <con:sourceStep>Properties</con:sourceStep>
        <con:targetType>req_Action</con:targetType>
        <con:targetStep>Authorize submit item to terminal</con:targetStep>
        <con:upgraded>true</con:upgraded>
      </con:transfers>
      <con:transfers setNullOnMissingSource="true" transferTextContent="true" failOnError="true" ignoreEmpty="false" transferToAll="false" entitize="false" transferChildNodes="false">
        <con:name>domain</con:name>
        <con:sourceType>domain_terminal</con:sourceType>
        <con:sourceStep>Properties</con:sourceStep>
        <con:targetType>req_Domain</con:targetType>
        <con:targetStep>Authorize submit item to terminal</con:targetStep>
        <con:upgraded>true</con:upgraded>
      </con:transfers>
      <con:transfers setNullOnMissingSource="true" transferTextContent="true" failOnError="true" ignoreEmpty="false" transferToAll="false" entitize="false" transferChildNodes="false">
        <con:name>scope</con:name>
        <con:sourceType>scope_Null</con:sourceType>
        <con:sourceStep>Properties</con:sourceStep>
        <con:targetType>req_Scope</con:targetType>
        <con:targetStep>Authorize submit item to terminal</con:targetStep>
        <con:upgraded>true</con:upgraded>
      </con:transfers>
      <con:transfers setNullOnMissingSource="true" transferTextContent="true" failOnError="true" ignoreEmpty="false" transferToAll="false" entitize="false" transferChildNodes="false">
        <con:name>profile</con:name>
        <con:sourceType>profile_CSR</con:sourceType>
        <con:sourceStep>Properties</con:sourceStep>
        <con:targetType>req_Profile</con:targetType>
        <con:targetStep>Authorize submit item to terminal</con:targetStep>
        <con:upgraded>true</con:upgraded>
      </con:transfers>
      <con:transfers setNullOnMissingSource="true" transferTextContent="true" failOnError="true" ignoreEmpty="false" transferToAll="false" entitize="false" transferChildNodes="false">
        <con:name>condition</con:name>
        <con:sourceType>condition_Null</con:sourceType>
        <con:sourceStep>Properties</con:sourceStep>
        <con:targetType>req_Condition</con:targetType>
        <con:targetStep>Authorize submit item to terminal</con:targetStep>
        <con:upgraded>true</con:upgraded>
      </con:transfers>
      <con:transfers setNullOnMissingSource="true" transferTextContent="true" failOnError="true" ignoreEmpty="false" transferToAll="false" entitize="false" transferChildNodes="false">
        <con:name>createdForSalesOrg</con:name>
        <con:sourceType>DefaultSalesOrganizationRoleId</con:sourceType>
        <con:sourceStep>#Project#</con:sourceStep>
        <con:targetType>req_createdForSalesOrg</con:targetType>
        <con:targetStep>Authorize submit item to terminal</con:targetStep>
        <con:upgraded>true</con:upgraded>
      </con:transfers>
    </con:config>
  </con:testStep>
  <con:testStep type="calltestcase" name="Authorize submit item to terminal" id="6e189064-0831-4004-abd9-7e69dda73543">
    <con:settings/>
    <con:config xsi:type="con:RunTestCaseStep" xmlns:xsi="http://www.w3.org/2001/XMLSchema-instance">
      <con:targetTestCase>7598e6a9-915e-450f-9530-8976eb29de47</con:targetTestCase>
      <con:properties>
        <con:property>
          <con:name>req_UserId</con:name>
          <con:value>57</con:value>
        </con:property>
        <con:property>
          <con:name>req_SoId</con:name>
          <con:value>55</con:value>
        </con:property>
        <con:property>
          <con:name>req_Domain</con:name>
          <con:value>TRM</con:value>
        </con:property>
        <con:property>
          <con:name>req_Action</con:name>
          <con:value>TRM.Submit</con:value>
        </con:property>
        <con:property>
          <con:name>req_Scope</con:name>
          <con:value>PermitAllScope</con:value>
        </con:property>
        <con:property>
          <con:name>req_Profile</con:name>
          <con:value>CSR</con:value>
        </con:property>
        <con:property>
          <con:name>req_Condition</con:name>
          <con:value>NullCondition</con:value>
        </con:property>
        <con:property>
          <con:name>res_code</con:name>
          <con:value>200</con:value>
        </con:property>
        <con:property>
          <con:name>res_errorMessageCreate</con:name>
          <con:value xsi:nil="true"/>
        </con:property>
        <con:property>
          <con:name>res_errorMessageAdd</con:name>
          <con:value xsi:nil="true"/>
        </con:property>
        <con:property>
          <con:name>res_errorMessageSubmit</con:name>
          <con:value xsi:nil="true"/>
        </con:property>
        <con:property>
          <con:name>response</con:name>
          <con:value>{"businessInteractionType":34,"code":"PP-1951","description":"Profile Permission at [name-ext-7ec0b598-48cb-4af6-9d50-f17c84983d93] by [John Smith]","mainState":0,"state":5,"createdDate":"2018-03-07T07:26:05+0000","businessInteractionSpec":{"id":75,"journaled":false,"name":"Profile Permission bi spec","specificationType":0,"allowSubmitBIWithoutItem":false,"requiresSession":false,"code":"PROFILE_PERMISSION","requiresActiveSO":false,"biOperationAllowedWhenSOSuspended":false,"reserveAllNonSerializedSpec":false,"allowStockLevelNegative":false,"dynamicMap":{},"type":"com.ericsson.bss.rm.erms.core.entity.dto.bi.BusinessInteractionSpecDTO"},"createdByUserId":"57","createdBySalesOrganizationId":"55","createdForSalesOrganizationRoleId":"1","preventUpdateFromOtherSystem":false,"items":[],"isLocked":false,"businessInteractionRoleId1":98,"businessInteractionRoleId2":95,"businessInteractionRoleId3":95,"id":1951,"href":"/v1/profilePermission/1951","dynamicMap":{},"type":"com.ericsson.bss.rm.erms.core.entity.dto.bi.profilepermission.ProfilePermissionBIResponseDTO"}</con:value>
        </con:property>
        <con:property>
          <con:name>req_createdForSalesOrg</con:name>
          <con:value>1</con:value>
        </con:property>
      </con:properties>
      <con:returnProperties>
        <con:entry>res_code</con:entry>
        <con:entry>res_errorMessageCreate</con:entry>
        <con:entry>res_errorMessageAdd</con:entry>
        <con:entry>res_errorMessageSubmit</con:entry>
        <con:entry>response</con:entry>
      </con:returnProperties>
      <con:runMode>PARALLELL</con:runMode>
    </con:config>
  </con:testStep>
  <con:testStep type="assertionteststep" name="Assertion terminal submit permission is created" id="e11a368b-575c-4e8e-bdd7-0cbe12140135">
    <con:settings/>
    <con:config xsi:type="con:AssertionTestStep" xmlns:xsi="http://www.w3.org/2001/XMLSchema-instance">
      <con:entry>
        <con:id>53883bc1-c33f-40a8-8193-74767c5fa80b</con:id>
        <con:isGroup>false</con:isGroup>
        <con:sourceId>6e189064-0831-4004-abd9-7e69dda73543</con:sourceId>
        <con:propertyName>res_code</con:propertyName>
        <con:assertion type="Simple Contains" name="Contains" id="459001de-bd3a-4ee7-9035-fbf2c969fb68">
          <con:configuration>
            <token>200</token>
            <ignoreCase>false</ignoreCase>
            <useRegEx>false</useRegEx>
          </con:configuration>
        </con:assertion>
      </con:entry>
      <con:entry>
        <con:id>7ce0092b-ea8c-4dbd-af78-69dc1570efe6</con:id>
        <con:isGroup>false</con:isGroup>
        <con:sourceId>6e189064-0831-4004-abd9-7e69dda73543</con:sourceId>
        <con:propertyName>res_errorMessageSubmit</con:propertyName>
        <con:assertion type="Simple Contains" name="Contains 2" id="4bf59eef-95e5-4083-b6aa-ab1db4ecfaec">
          <con:configuration>
            <token>^\s*$</token>
            <ignoreCase>false</ignoreCase>
            <useRegEx>true</useRegEx>
          </con:configuration>
        </con:assertion>
      </con:entry>
    </con:config>
  </con:testStep>
  <con:testStep type="transfer" name="Property Transfer 15" id="9a65802f-7956-4370-9d2f-43851e76cca6">
    <con:settings/>
    <con:config xsi:type="con:PropertyTransfersStep" xmlns:xsi="http://www.w3.org/2001/XMLSchema-instance">
      <con:transfers setNullOnMissingSource="true" transferTextContent="true" failOnError="true" ignoreEmpty="false" transferToAll="false" entitize="false" transferChildNodes="false">
        <con:name>biId</con:name>
        <con:sourceType>res_biId</con:sourceType>
        <con:sourceStep>Create terminal bi</con:sourceStep>
        <con:sourcePath/>
        <con:targetType>req_biId</con:targetType>
        <con:targetStep>Submit item to create terminal bi</con:targetStep>
        <con:targetPath/>
        <con:upgraded>true</con:upgraded>
      </con:transfers>
    </con:config>
  </con:testStep>
  <con:testStep type="calltestcase" name="Submit item to create terminal bi" id="8d44d430-dcbf-4eba-881f-e54eb0ac40cb">
    <con:settings/>
    <con:config xsi:type="con:RunTestCaseStep" xmlns:xsi="http://www.w3.org/2001/XMLSchema-instance">
      <con:targetTestCase>b9362f84-1b88-4f7e-ac73-8b5c3f0927c8</con:targetTestCase>
      <con:properties>
        <con:property>
          <con:name>req_biId</con:name>
          <con:value>1851</con:value>
        </con:property>
        <con:property>
          <con:name>res_biId</con:name>
          <con:value>1851</con:value>
        </con:property>
        <con:property>
          <con:name>res_errorMessage</con:name>
          <con:value xsi:nil="true"/>
        </con:property>
        <con:property>
          <con:name>res_code</con:name>
        </con:property>
      </con:properties>
      <con:returnProperties>
        <con:entry>res_biId</con:entry>
        <con:entry>res_errorMessage</con:entry>
      </con:returnProperties>
      <con:runMode>PARALLELL</con:runMode>
    </con:config>
  </con:testStep>
  <con:testStep type="assertionteststep" name="Assertion bi successfully submitted" id="cc817a06-711b-424b-be29-79db61ba612d">
    <con:settings/>
    <con:config xsi:type="con:AssertionTestStep" xmlns:xsi="http://www.w3.org/2001/XMLSchema-instance">
      <con:entry>
        <con:id>e523cf5f-9798-48de-9dea-6c4db8c0c0b1</con:id>
        <con:isGroup>false</con:isGroup>
        <con:sourceId>8d44d430-dcbf-4eba-881f-e54eb0ac40cb</con:sourceId>
        <con:propertyName>res_biId</con:propertyName>
        <con:assertion type="Simple Contains" name="Contains" id="a2a20d15-c104-430e-a85b-b3947fa661c2">
          <con:configuration>
            <token>\d+</token>
            <ignoreCase>false</ignoreCase>
            <useRegEx>true</useRegEx>
          </con:configuration>
        </con:assertion>
      </con:entry>
    </con:config>
  </con:testStep>
  <con:testStep type="transfer" name="Property transfer for userToken ORG2" id="09c22863-93f7-46a8-8777-167f3cc3a607">
    <con:settings/>
    <con:config xsi:type="con:PropertyTransfersStep" xmlns:xsi="http://www.w3.org/2001/XMLSchema-instance">
      <con:transfers setNullOnMissingSource="true" transferTextContent="true" failOnError="true" ignoreEmpty="false" transferToAll="false" entitize="false" transferChildNodes="false">
        <con:name>userToken</con:name>
        <con:sourceType>userToken</con:sourceType>
        <con:sourceStep>Create initial data2</con:sourceStep>
        <con:sourcePath/>
        <con:targetType>AuthorizationUser</con:targetType>
        <con:targetStep>#Project#</con:targetStep>
        <con:targetPath/>
        <con:upgraded>true</con:upgraded>
      </con:transfers>
      <con:transfers setNullOnMissingSource="true" transferTextContent="true" failOnError="true" ignoreEmpty="false" transferToAll="false" entitize="false" transferChildNodes="false">
        <con:name>biId</con:name>
        <con:sourceType>res_biId</con:sourceType>
        <con:sourceStep>Create terminal bi ORG2</con:sourceStep>
        <con:targetType>req_biId</con:targetType>
        <con:targetStep>Submit item to create terminal bi ORG2</con:targetStep>
        <con:upgraded>true</con:upgraded>
      </con:transfers>
    </con:config>
  </con:testStep>
  <con:testStep type="calltestcase" name="Submit item to create terminal bi ORG2" id="bc41518b-5b5a-458a-92a3-587a3f16a620">
    <con:settings/>
    <con:config xsi:type="con:RunTestCaseStep" xmlns:xsi="http://www.w3.org/2001/XMLSchema-instance">
      <con:targetTestCase>b9362f84-1b88-4f7e-ac73-8b5c3f0927c8</con:targetTestCase>
      <con:properties>
        <con:property>
          <con:name>req_biId</con:name>
          <con:value>1861</con:value>
        </con:property>
        <con:property>
          <con:name>res_biId</con:name>
          <con:value>1861</con:value>
        </con:property>
        <con:property>
          <con:name>res_errorMessage</con:name>
          <con:value xsi:nil="true"/>
        </con:property>
        <con:property>
          <con:name>res_code</con:name>
        </con:property>
      </con:properties>
      <con:returnProperties>
        <con:entry>res_biId</con:entry>
        <con:entry>res_errorMessage</con:entry>
      </con:returnProperties>
      <con:runMode>PARALLELL</con:runMode>
    </con:config>
  </con:testStep>
  <con:testStep type="assertionteststep" name="Assertion bi successfully submitted ORG2" id="4cf5858f-9810-49d4-bdb6-f8c9bc36d72d">
    <con:settings/>
    <con:config xsi:type="con:AssertionTestStep" xmlns:xsi="http://www.w3.org/2001/XMLSchema-instance">
      <con:entry>
        <con:id>af5f22f9-a569-499d-837e-a80f56978a35</con:id>
        <con:isGroup>false</con:isGroup>
        <con:sourceId>bc41518b-5b5a-458a-92a3-587a3f16a620</con:sourceId>
        <con:propertyName>res_biId</con:propertyName>
        <con:assertion type="Simple Contains" name="Contains 2" id="72e90038-d830-470c-bc40-7dbf73fec4b8">
          <con:configuration>
            <token>\d+</token>
            <ignoreCase>false</ignoreCase>
            <useRegEx>true</useRegEx>
          </con:configuration>
        </con:assertion>
      </con:entry>
    </con:config>
  </con:testStep>
  <con:testStep type="transfer" name="Property Transfer for delete view terminal permission" id="1ca59a8b-f04a-432f-9b19-3c88337a3264">
    <con:settings/>
    <con:config xsi:type="con:PropertyTransfersStep" xmlns:xsi="http://www.w3.org/2001/XMLSchema-instance">
      <con:transfers setNullOnMissingSource="true" transferTextContent="true" failOnError="true" ignoreEmpty="false" transferToAll="false" entitize="false" transferChildNodes="false">
        <con:name>userId-delete</con:name>
        <con:sourceType>res_userRoleId</con:sourceType>
        <con:sourceStep>Create initial data</con:sourceStep>
        <con:targetType>req_userId</con:targetType>
        <con:targetStep>Delete view terminal permissions</con:targetStep>
        <con:upgraded>true</con:upgraded>
      </con:transfers>
      <con:transfers setNullOnMissingSource="true" transferTextContent="true" failOnError="true" ignoreEmpty="false" transferToAll="false" entitize="false" transferChildNodes="false">
        <con:name>soId-delete</con:name>
        <con:sourceType>res_salesOrgId</con:sourceType>
        <con:sourceStep>Create initial data</con:sourceStep>
        <con:targetType>req_soId</con:targetType>
        <con:targetStep>Delete view terminal permissions</con:targetStep>
        <con:upgraded>true</con:upgraded>
      </con:transfers>
      <con:transfers setNullOnMissingSource="true" transferTextContent="true" failOnError="true" ignoreEmpty="false" transferToAll="false" entitize="false" transferChildNodes="false">
        <con:name>action-delete</con:name>
        <con:sourceType>action_ViewTerminal</con:sourceType>
        <con:sourceStep>Properties</con:sourceStep>
        <con:targetType>req_action</con:targetType>
        <con:targetStep>Delete view terminal permissions</con:targetStep>
        <con:upgraded>true</con:upgraded>
      </con:transfers>
      <con:transfers setNullOnMissingSource="true" transferTextContent="true" failOnError="true" ignoreEmpty="false" transferToAll="false" entitize="false" transferChildNodes="false">
        <con:name>userToken</con:name>
        <con:sourceType>userToken</con:sourceType>
        <con:sourceStep>Create initial data</con:sourceStep>
        <con:targetType>AuthorizationUser</con:targetType>
        <con:targetStep>#Project#</con:targetStep>
        <con:upgraded>true</con:upgraded>
      </con:transfers>
      <con:transfers setNullOnMissingSource="true" transferTextContent="true" failOnError="true" ignoreEmpty="false" transferToAll="false" entitize="false" transferChildNodes="false">
        <con:name>createdForSalesOrg</con:name>
        <con:sourceType>DefaultSalesOrganizationRoleId</con:sourceType>
        <con:sourceStep>#Project#</con:sourceStep>
        <con:targetType>req_createdForSalesOrg</con:targetType>
        <con:targetStep>Delete view terminal permissions</con:targetStep>
        <con:upgraded>true</con:upgraded>
      </con:transfers>
    </con:config>
  </con:testStep>
  <con:testStep type="calltestcase" name="Delete view terminal permissions" id="8974bd55-5711-4b42-8c52-da5f8f368643">
    <con:settings/>
    <con:config xsi:type="con:RunTestCaseStep" xmlns:xsi="http://www.w3.org/2001/XMLSchema-instance">
      <con:targetTestCase>ef1ecdf4-8483-46d8-a3c9-87064bd44ad2</con:targetTestCase>
      <con:properties>
        <con:property>
          <con:name>req_userId</con:name>
          <con:value>57</con:value>
        </con:property>
        <con:property>
          <con:name>req_soId</con:name>
          <con:value>55</con:value>
        </con:property>
        <con:property>
          <con:name>res_code</con:name>
          <con:value>200</con:value>
        </con:property>
        <con:property>
          <con:name>res_errorMessage</con:name>
          <con:value xsi:nil="true"/>
        </con:property>
        <con:property>
          <con:name>req_action</con:name>
          <con:value>TRM.View</con:value>
        </con:property>
        <con:property>
          <con:name>req_createdForSalesOrg</con:name>
          <con:value>1</con:value>
        </con:property>
      </con:properties>
      <con:returnProperties>
        <con:entry>res_code</con:entry>
        <con:entry>res_errorMessage</con:entry>
      </con:returnProperties>
      <con:runMode>PARALLELL</con:runMode>
    </con:config>
  </con:testStep>
  <con:testStep type="assertionteststep" name="Assertion delete view terminal permissions" id="3921962f-a7a7-4fd3-94b4-483f87805ad9">
    <con:settings/>
    <con:config xsi:type="con:AssertionTestStep" xmlns:xsi="http://www.w3.org/2001/XMLSchema-instance">
      <con:entry>
        <con:id>d8a6cc3f-cce9-40b1-ae5b-642c894f738e</con:id>
        <con:isGroup>false</con:isGroup>
        <con:sourceId>8974bd55-5711-4b42-8c52-da5f8f368643</con:sourceId>
        <con:propertyName>res_code</con:propertyName>
        <con:assertion type="Simple Equals" name="Equals" id="a7d5af32-3048-48bc-b9f1-ec2751ce17e5">
          <con:configuration>
            <patternObjectId>cf142e3d-3f6c-470a-a58c-306776560ab0</patternObjectId>
            <patternProperty>http200</patternProperty>
            <caseSensitive>true</caseSensitive>
          </con:configuration>
        </con:assertion>
      </con:entry>
    </con:config>
  </con:testStep>
  <con:testStep type="transfer" name="Porperty Transfer delete get terminal permissions" id="86f69158-7b6c-4221-b8d6-01215234b940">
    <con:settings/>
    <con:config xsi:type="con:PropertyTransfersStep" xmlns:xsi="http://www.w3.org/2001/XMLSchema-instance">
      <con:transfers setNullOnMissingSource="true" transferTextContent="true" failOnError="true" ignoreEmpty="false" transferToAll="false" entitize="false" transferChildNodes="false">
        <con:name>userId</con:name>
        <con:sourceType>res_userRoleId</con:sourceType>
        <con:sourceStep>Create initial data</con:sourceStep>
        <con:sourcePath/>
        <con:targetType>req_userId</con:targetType>
        <con:targetStep>Delete get terminal permissions</con:targetStep>
        <con:targetPath/>
        <con:upgraded>true</con:upgraded>
      </con:transfers>
      <con:transfers setNullOnMissingSource="true" transferTextContent="true" failOnError="true" ignoreEmpty="false" transferToAll="false" entitize="false" transferChildNodes="false">
        <con:name>soId</con:name>
        <con:sourceType>res_salesOrgId</con:sourceType>
        <con:sourceStep>Create initial data</con:sourceStep>
        <con:targetType>req_soId</con:targetType>
        <con:targetStep>Delete get terminal permissions</con:targetStep>
        <con:upgraded>true</con:upgraded>
      </con:transfers>
      <con:transfers setNullOnMissingSource="true" transferTextContent="true" failOnError="true" ignoreEmpty="false" transferToAll="false" entitize="false" transferChildNodes="false">
        <con:name>action</con:name>
        <con:sourceType>action_GetTerminal</con:sourceType>
        <con:sourceStep>Properties</con:sourceStep>
        <con:targetType>req_action</con:targetType>
        <con:targetStep>Delete get terminal permissions</con:targetStep>
        <con:upgraded>true</con:upgraded>
      </con:transfers>
      <con:transfers setNullOnMissingSource="true" transferTextContent="true" failOnError="true" ignoreEmpty="false" transferToAll="false" entitize="false" transferChildNodes="false">
        <con:name>createdForSalesOrg</con:name>
        <con:sourceType>DefaultSalesOrganizationRoleId</con:sourceType>
        <con:sourceStep>#Project#</con:sourceStep>
        <con:targetType>req_createdForSalesOrg</con:targetType>
        <con:targetStep>Delete get terminal permissions</con:targetStep>
        <con:upgraded>true</con:upgraded>
      </con:transfers>
    </con:config>
  </con:testStep>
  <con:testStep type="calltestcase" name="Delete get terminal permissions" id="c9c2b87e-e1f8-4f07-b167-16a85ce55404">
    <con:settings/>
    <con:config xsi:type="con:RunTestCaseStep" xmlns:xsi="http://www.w3.org/2001/XMLSchema-instance">
      <con:targetTestCase>ef1ecdf4-8483-46d8-a3c9-87064bd44ad2</con:targetTestCase>
      <con:properties>
        <con:property>
          <con:name>req_userId</con:name>
          <con:value>57</con:value>
        </con:property>
        <con:property>
          <con:name>req_soId</con:name>
          <con:value>55</con:value>
        </con:property>
        <con:property>
          <con:name>res_code</con:name>
          <con:value>200</con:value>
        </con:property>
        <con:property>
          <con:name>res_errorMessage</con:name>
          <con:value xsi:nil="true"/>
        </con:property>
        <con:property>
          <con:name>req_action</con:name>
          <con:value>TRM.Get</con:value>
        </con:property>
        <con:property>
          <con:name>req_createdForSalesOrg</con:name>
          <con:value>1</con:value>
        </con:property>
      </con:properties>
      <con:returnProperties>
        <con:entry>res_code</con:entry>
        <con:entry>res_errorMessage</con:entry>
      </con:returnProperties>
      <con:runMode>PARALLELL</con:runMode>
    </con:config>
  </con:testStep>
  <con:testStep type="assertionteststep" name="Assertion delete get terminal permissions" id="4e5704fc-6024-4683-9a3c-82aca77d11ee">
    <con:settings/>
    <con:config xsi:type="con:AssertionTestStep" xmlns:xsi="http://www.w3.org/2001/XMLSchema-instance">
      <con:entry>
        <con:id>d972c1e6-bba2-4e21-844d-88c96cfcfed3</con:id>
        <con:isGroup>false</con:isGroup>
        <con:sourceId>c9c2b87e-e1f8-4f07-b167-16a85ce55404</con:sourceId>
        <con:propertyName>res_code</con:propertyName>
        <con:assertion type="Simple Equals" name="Equals" id="8b7eb006-6c23-49ea-b4a0-1798ab790225">
          <con:configuration>
            <patternObjectId>cf142e3d-3f6c-470a-a58c-306776560ab0</patternObjectId>
            <patternProperty>http200</patternProperty>
            <caseSensitive>true</caseSensitive>
          </con:configuration>
        </con:assertion>
      </con:entry>
    </con:config>
  </con:testStep>
  <con:testStep type="transfer" name="Delete leftover permissions" id="77b8d94a-93ed-46ee-ba28-07f1ca7459d3">
    <con:settings/>
    <con:config xsi:type="con:PropertyTransfersStep" xmlns:xsi="http://www.w3.org/2001/XMLSchema-instance">
      <con:transfers setNullOnMissingSource="true" transferTextContent="true" failOnError="true" ignoreEmpty="false" transferToAll="false" entitize="false" transferChildNodes="false">
        <con:name>req_userId1</con:name>
        <con:sourceType>res_userRoleId</con:sourceType>
        <con:sourceStep>Create initial data</con:sourceStep>
        <con:sourcePath/>
        <con:targetType>req_userId</con:targetType>
        <con:targetStep>Delete update permission</con:targetStep>
        <con:targetPath/>
        <con:upgraded>true</con:upgraded>
      </con:transfers>
      <con:transfers setNullOnMissingSource="true" transferTextContent="true" failOnError="true" ignoreEmpty="false" transferToAll="false" entitize="false" transferChildNodes="false">
        <con:name>req_soId1</con:name>
        <con:sourceType>res_salesOrgId</con:sourceType>
        <con:sourceStep>Create initial data</con:sourceStep>
        <con:targetType>req_soId</con:targetType>
        <con:targetStep>Delete update permission</con:targetStep>
        <con:upgraded>true</con:upgraded>
      </con:transfers>
      <con:transfers setNullOnMissingSource="true" transferTextContent="true" failOnError="true" ignoreEmpty="false" transferToAll="false" entitize="false" transferChildNodes="false">
        <con:name>req_action1</con:name>
        <con:sourceType>action_UpdateTerminal</con:sourceType>
        <con:sourceStep>Properties</con:sourceStep>
        <con:targetType>req_action</con:targetType>
        <con:targetStep>Delete update permission</con:targetStep>
        <con:upgraded>true</con:upgraded>
      </con:transfers>
      <con:transfers setNullOnMissingSource="true" transferTextContent="true" failOnError="true" ignoreEmpty="false" transferToAll="false" entitize="false" transferChildNodes="false">
        <con:name>requserId2</con:name>
        <con:sourceType>res_userRoleId</con:sourceType>
        <con:sourceStep>Create initial data</con:sourceStep>
        <con:targetType>req_userId</con:targetType>
        <con:targetStep>Delete submit permission</con:targetStep>
        <con:upgraded>true</con:upgraded>
      </con:transfers>
      <con:transfers setNullOnMissingSource="true" transferTextContent="true" failOnError="true" ignoreEmpty="false" transferToAll="false" entitize="false" transferChildNodes="false">
        <con:name>req_soId2</con:name>
        <con:sourceType>res_salesOrgId</con:sourceType>
        <con:sourceStep>Create initial data</con:sourceStep>
        <con:targetType>req_soId</con:targetType>
        <con:targetStep>Delete submit permission</con:targetStep>
        <con:upgraded>true</con:upgraded>
      </con:transfers>
      <con:transfers setNullOnMissingSource="true" transferTextContent="true" failOnError="true" ignoreEmpty="false" transferToAll="false" entitize="false" transferChildNodes="false">
        <con:name>req_action2</con:name>
        <con:sourceType>action_SubmitTerminal</con:sourceType>
        <con:sourceStep>Properties</con:sourceStep>
        <con:targetType>req_action</con:targetType>
        <con:targetStep>Delete submit permission</con:targetStep>
        <con:upgraded>true</con:upgraded>
      </con:transfers>
      <con:transfers setNullOnMissingSource="true" transferTextContent="true" failOnError="true" ignoreEmpty="false" transferToAll="false" entitize="false" transferChildNodes="false">
        <con:name>createdForSalesOrg</con:name>
        <con:sourceType>DefaultSalesOrganizationRoleId</con:sourceType>
        <con:sourceStep>#Project#</con:sourceStep>
        <con:targetType>req_createdForSalesOrg</con:targetType>
        <con:targetStep>Delete update permission</con:targetStep>
        <con:upgraded>true</con:upgraded>
      </con:transfers>
      <con:transfers setNullOnMissingSource="true" transferTextContent="true" failOnError="true" ignoreEmpty="false" transferToAll="false" entitize="false" transferChildNodes="false">
        <con:name>createdForSalesOrg2</con:name>
        <con:sourceType>DefaultSalesOrganizationRoleId</con:sourceType>
        <con:sourceStep>#Project#</con:sourceStep>
        <con:targetType>req_createdForSalesOrg</con:targetType>
        <con:targetStep>Delete submit permission</con:targetStep>
        <con:upgraded>true</con:upgraded>
      </con:transfers>
    </con:config>
  </con:testStep>
  <con:testStep type="calltestcase" name="Delete update permission" id="6aea6ec3-d16a-452c-813b-f7e2fe2e0c10">
    <con:settings/>
    <con:config xsi:type="con:RunTestCaseStep" xmlns:xsi="http://www.w3.org/2001/XMLSchema-instance">
      <con:targetTestCase>ef1ecdf4-8483-46d8-a3c9-87064bd44ad2</con:targetTestCase>
      <con:properties>
        <con:property>
          <con:name>req_userId</con:name>
          <con:value>57</con:value>
        </con:property>
        <con:property>
          <con:name>req_soId</con:name>
          <con:value>55</con:value>
        </con:property>
        <con:property>
          <con:name>res_code</con:name>
          <con:value>200</con:value>
        </con:property>
        <con:property>
          <con:name>res_errorMessage</con:name>
          <con:value xsi:nil="true"/>
        </con:property>
        <con:property>
          <con:name>req_action</con:name>
          <con:value>TRM.Update</con:value>
        </con:property>
        <con:property>
          <con:name>req_createdForSalesOrg</con:name>
          <con:value>1</con:value>
        </con:property>
      </con:properties>
      <con:returnProperties>
        <con:entry>res_code</con:entry>
        <con:entry>res_errorMessage</con:entry>
      </con:returnProperties>
      <con:runMode>PARALLELL</con:runMode>
    </con:config>
  </con:testStep>
  <con:testStep type="calltestcase" name="Delete submit permission" id="768f631d-e32a-41c2-8a41-9d0a84f6beb8">
    <con:settings/>
    <con:config xsi:type="con:RunTestCaseStep" xmlns:xsi="http://www.w3.org/2001/XMLSchema-instance">
      <con:targetTestCase>ef1ecdf4-8483-46d8-a3c9-87064bd44ad2</con:targetTestCase>
      <con:properties>
        <con:property>
          <con:name>req_userId</con:name>
          <con:value>57</con:value>
        </con:property>
        <con:property>
          <con:name>req_soId</con:name>
          <con:value>55</con:value>
        </con:property>
        <con:property>
          <con:name>res_code</con:name>
          <con:value>200</con:value>
        </con:property>
        <con:property>
          <con:name>res_errorMessage</con:name>
          <con:value xsi:nil="true"/>
        </con:property>
        <con:property>
          <con:name>req_action</con:name>
          <con:value>TRM.Submit</con:value>
        </con:property>
        <con:property>
          <con:name>req_createdForSalesOrg</con:name>
          <con:value>1</con:value>
        </con:property>
      </con:properties>
      <con:returnProperties>
        <con:entry>res_code</con:entry>
        <con:entry>res_errorMessage</con:entry>
      </con:returnProperties>
      <con:runMode>PARALLELL</con:runMode>
    </con:config>
  </con:testStep>
  <con:testStep type="manualTestStep" name="**** VIEW TERMINAL - CreatedBySelfOrgScope ********************" id="732eaeac-503d-45fd-a773-1d1bd8d4e63f" disabled="true">
    <con:settings/>
    <con:config xsi:type="con:ManualTestStep" xmlns:xsi="http://www.w3.org/2001/XMLSchema-instance"/>
  </con:testStep>
  <con:testStep type="transfer" name="Property Transfer for viewTerminal - CreatedBySelfOrgScope" id="312dfbca-e5aa-48b9-81f8-2be1a586f485">
    <con:settings/>
    <con:config xsi:type="con:PropertyTransfersStep" xmlns:xsi="http://www.w3.org/2001/XMLSchema-instance">
      <con:transfers setNullOnMissingSource="true" transferTextContent="true" failOnError="true" ignoreEmpty="false" transferToAll="false" entitize="false" transferChildNodes="false">
        <con:name>userId</con:name>
        <con:sourceType>res_userRoleId</con:sourceType>
        <con:sourceStep>Create initial data</con:sourceStep>
        <con:sourcePath/>
        <con:targetType>req_UserId</con:targetType>
        <con:targetStep>Authorize view terminal - CreatedBySelfOrgScope</con:targetStep>
        <con:targetPath/>
        <con:upgraded>true</con:upgraded>
      </con:transfers>
      <con:transfers setNullOnMissingSource="true" transferTextContent="true" failOnError="true" ignoreEmpty="false" transferToAll="false" entitize="false" transferChildNodes="false">
        <con:name>soId</con:name>
        <con:sourceType>res_salesOrgId</con:sourceType>
        <con:sourceStep>Create initial data</con:sourceStep>
        <con:targetType>req_SoId</con:targetType>
        <con:targetStep>Authorize view terminal - CreatedBySelfOrgScope</con:targetStep>
        <con:upgraded>true</con:upgraded>
      </con:transfers>
      <con:transfers setNullOnMissingSource="true" transferTextContent="true" failOnError="true" ignoreEmpty="false" transferToAll="false" entitize="false" transferChildNodes="false">
        <con:name>domain</con:name>
        <con:sourceType>domain_terminal</con:sourceType>
        <con:sourceStep>Properties</con:sourceStep>
        <con:targetType>req_Domain</con:targetType>
        <con:targetStep>Authorize view terminal - CreatedBySelfOrgScope</con:targetStep>
        <con:upgraded>true</con:upgraded>
      </con:transfers>
      <con:transfers setNullOnMissingSource="false" transferTextContent="true" failOnError="true" ignoreEmpty="false" transferToAll="false" entitize="false" transferChildNodes="false">
        <con:name>action</con:name>
        <con:sourceType>action_ViewTerminal</con:sourceType>
        <con:sourceStep>Properties</con:sourceStep>
        <con:targetType>req_Action</con:targetType>
        <con:targetStep>Authorize view terminal - CreatedBySelfOrgScope</con:targetStep>
        <con:upgraded>true</con:upgraded>
      </con:transfers>
      <con:transfers setNullOnMissingSource="true" transferTextContent="true" failOnError="true" ignoreEmpty="false" transferToAll="false" entitize="false" transferChildNodes="false">
        <con:name>scope</con:name>
        <con:sourceType>scope_CreatedBySelfOrgScope</con:sourceType>
        <con:sourceStep>Properties</con:sourceStep>
        <con:targetType>req_Scope</con:targetType>
        <con:targetStep>Authorize view terminal - CreatedBySelfOrgScope</con:targetStep>
        <con:upgraded>true</con:upgraded>
      </con:transfers>
      <con:transfers setNullOnMissingSource="true" transferTextContent="true" failOnError="true" ignoreEmpty="false" transferToAll="false" entitize="false" transferChildNodes="false">
        <con:name>profile</con:name>
        <con:sourceType>profile_CSR</con:sourceType>
        <con:sourceStep>Properties</con:sourceStep>
        <con:targetType>req_Profile</con:targetType>
        <con:targetStep>Authorize view terminal - CreatedBySelfOrgScope</con:targetStep>
        <con:upgraded>true</con:upgraded>
      </con:transfers>
      <con:transfers setNullOnMissingSource="true" transferTextContent="true" failOnError="true" ignoreEmpty="false" transferToAll="false" entitize="false" transferChildNodes="false">
        <con:name>condition</con:name>
        <con:sourceType>condition_Null</con:sourceType>
        <con:sourceStep>Properties</con:sourceStep>
        <con:targetType>req_Condition</con:targetType>
        <con:targetStep>Authorize view terminal - CreatedBySelfOrgScope</con:targetStep>
        <con:upgraded>true</con:upgraded>
      </con:transfers>
      <con:transfers setNullOnMissingSource="true" transferTextContent="true" failOnError="true" ignoreEmpty="false" transferToAll="false" entitize="false" transferChildNodes="false">
        <con:name>userId-delete</con:name>
        <con:sourceType>res_userRoleId</con:sourceType>
        <con:sourceStep>Create initial data</con:sourceStep>
        <con:targetType>req_userId</con:targetType>
        <con:targetStep>Delete view permission - CreatedBySelfOrgScope</con:targetStep>
        <con:upgraded>true</con:upgraded>
      </con:transfers>
      <con:transfers setNullOnMissingSource="true" transferTextContent="true" failOnError="true" ignoreEmpty="false" transferToAll="false" entitize="false" transferChildNodes="false">
        <con:name>soId-delete</con:name>
        <con:sourceType>res_salesOrgId</con:sourceType>
        <con:sourceStep>Create initial data</con:sourceStep>
        <con:targetType>req_soId</con:targetType>
        <con:targetStep>Delete view permission - CreatedBySelfOrgScope</con:targetStep>
        <con:upgraded>true</con:upgraded>
      </con:transfers>
      <con:transfers setNullOnMissingSource="true" transferTextContent="true" failOnError="true" ignoreEmpty="false" transferToAll="false" entitize="false" transferChildNodes="false">
        <con:name>action-delete</con:name>
        <con:sourceType>action_ViewTerminal</con:sourceType>
        <con:sourceStep>Properties</con:sourceStep>
        <con:targetType>req_action</con:targetType>
        <con:targetStep>Delete view permission - CreatedBySelfOrgScope</con:targetStep>
        <con:upgraded>true</con:upgraded>
      </con:transfers>
      <con:transfers setNullOnMissingSource="true" transferTextContent="true" failOnError="true" ignoreEmpty="false" transferToAll="false" entitize="false" transferChildNodes="false">
        <con:name>createdForSalesOrg</con:name>
        <con:sourceType>DefaultSalesOrganizationRoleId</con:sourceType>
        <con:sourceStep>#Project#</con:sourceStep>
        <con:targetType>req_createdForSalesOrg</con:targetType>
        <con:targetStep>Authorize view terminal - CreatedBySelfOrgScope</con:targetStep>
        <con:upgraded>true</con:upgraded>
      </con:transfers>
    </con:config>
  </con:testStep>
  <con:testStep type="calltestcase" name="Authorize view terminal - CreatedBySelfOrgScope" id="4cfd84f9-cad3-467f-be71-82dc40914f65">
    <con:settings/>
    <con:config xsi:type="con:RunTestCaseStep" xmlns:xsi="http://www.w3.org/2001/XMLSchema-instance">
      <con:targetTestCase>7598e6a9-915e-450f-9530-8976eb29de47</con:targetTestCase>
      <con:properties>
        <con:property>
          <con:name>req_UserId</con:name>
          <con:value>57</con:value>
        </con:property>
        <con:property>
          <con:name>req_SoId</con:name>
          <con:value>55</con:value>
        </con:property>
        <con:property>
          <con:name>req_Domain</con:name>
          <con:value>TRM</con:value>
        </con:property>
        <con:property>
          <con:name>req_Action</con:name>
          <con:value>TRM.View</con:value>
        </con:property>
        <con:property>
          <con:name>req_Scope</con:name>
          <con:value>CreatedByMyOrgScope</con:value>
        </con:property>
        <con:property>
          <con:name>req_Profile</con:name>
          <con:value>CSR</con:value>
        </con:property>
        <con:property>
          <con:name>req_Condition</con:name>
          <con:value>NullCondition</con:value>
        </con:property>
        <con:property>
          <con:name>res_code</con:name>
          <con:value>200</con:value>
        </con:property>
        <con:property>
          <con:name>res_errorMessageCreate</con:name>
          <con:value xsi:nil="true"/>
        </con:property>
        <con:property>
          <con:name>res_errorMessageAdd</con:name>
          <con:value xsi:nil="true"/>
        </con:property>
        <con:property>
          <con:name>res_errorMessageSubmit</con:name>
          <con:value xsi:nil="true"/>
        </con:property>
        <con:property>
          <con:name>response</con:name>
          <con:value>{"businessInteractionType":34,"code":"PP-2001","description":"Profile Permission at [name-ext-7ec0b598-48cb-4af6-9d50-f17c84983d93] by [John Smith]","mainState":0,"state":5,"createdDate":"2018-03-07T07:26:07+0000","businessInteractionSpec":{"id":75,"journaled":false,"name":"Profile Permission bi spec","specificationType":0,"allowSubmitBIWithoutItem":false,"requiresSession":false,"code":"PROFILE_PERMISSION","requiresActiveSO":false,"biOperationAllowedWhenSOSuspended":false,"reserveAllNonSerializedSpec":false,"allowStockLevelNegative":false,"dynamicMap":{},"type":"com.ericsson.bss.rm.erms.core.entity.dto.bi.BusinessInteractionSpecDTO"},"createdByUserId":"57","createdBySalesOrganizationId":"55","createdForSalesOrganizationRoleId":"1","preventUpdateFromOtherSystem":false,"items":[],"isLocked":false,"businessInteractionRoleId1":98,"businessInteractionRoleId2":95,"businessInteractionRoleId3":95,"id":2001,"href":"/v1/profilePermission/2001","dynamicMap":{},"type":"com.ericsson.bss.rm.erms.core.entity.dto.bi.profilepermission.ProfilePermissionBIResponseDTO"}</con:value>
        </con:property>
        <con:property>
          <con:name>req_createdForSalesOrg</con:name>
          <con:value>1</con:value>
        </con:property>
      </con:properties>
      <con:returnProperties>
        <con:entry>res_code</con:entry>
        <con:entry>res_errorMessageCreate</con:entry>
        <con:entry>res_errorMessageAdd</con:entry>
        <con:entry>res_errorMessageSubmit</con:entry>
        <con:entry>response</con:entry>
      </con:returnProperties>
      <con:runMode>PARALLELL</con:runMode>
    </con:config>
  </con:testStep>
  <con:testStep type="assertionteststep" name="Assertion for Authorize view terminal - CreatedBySelfOrgScope" id="74ee5cc4-5c46-4af0-a698-e4c6a0820b85">
    <con:settings/>
    <con:config xsi:type="con:AssertionTestStep" xmlns:xsi="http://www.w3.org/2001/XMLSchema-instance">
      <con:entry>
        <con:id>ff563e6a-bc4b-4a75-a704-5c7a0c1c7b20</con:id>
        <con:isGroup>false</con:isGroup>
        <con:sourceId>cf142e3d-3f6c-470a-a58c-306776560ab0</con:sourceId>
        <con:propertyName>http200</con:propertyName>
        <con:assertion type="Simple Equals" name="Equals" id="35f9c8c5-f08a-4fae-92e4-1dd2e9dc3715">
          <con:configuration>
            <patternObjectId>4cfd84f9-cad3-467f-be71-82dc40914f65</patternObjectId>
            <patternProperty>res_code</patternProperty>
            <caseSensitive>true</caseSensitive>
          </con:configuration>
        </con:assertion>
      </con:entry>
    </con:config>
  </con:testStep>
  <con:testStep type="transfer" name="Property Transfer userToken org1" id="c0221ddc-0b55-4328-ae1a-7c08b6aa4f2a">
    <con:settings/>
    <con:config xsi:type="con:PropertyTransfersStep" xmlns:xsi="http://www.w3.org/2001/XMLSchema-instance">
      <con:transfers setNullOnMissingSource="true" transferTextContent="true" failOnError="true" ignoreEmpty="false" transferToAll="false" entitize="false" transferChildNodes="false">
        <con:name>userToken</con:name>
        <con:sourceType>userToken</con:sourceType>
        <con:sourceStep>Create initial data</con:sourceStep>
        <con:sourcePath/>
        <con:targetType>AuthorizationUser</con:targetType>
        <con:targetStep>#Project#</con:targetStep>
        <con:targetPath/>
        <con:upgraded>true</con:upgraded>
      </con:transfers>
    </con:config>
  </con:testStep>
  <con:testStep type="calltestcase" name="Display all Create Terminal interactions - CreatedBySelfOrgScope" id="9e6dfd93-c640-455b-a41c-8a88f8f83f1c">
    <con:settings/>
    <con:config xsi:type="con:RunTestCaseStep" xmlns:xsi="http://www.w3.org/2001/XMLSchema-instance">
      <con:targetTestCase>b749e299-451e-41da-a1b2-04068fc40f31</con:targetTestCase>
      <con:properties>
        <con:property>
          <con:name>res_status</con:name>
          <con:value>200</con:value>
        </con:property>
        <con:property>
          <con:name>response</con:name>
          <con:value>{"items":[{"businessInteractionType":3,"code":"TRM-1851","description":"Terminal is created at [name-ext-7ec0b598-48cb-4af6-9d50-f17c84983d93] by [John Smith]","mainState":"Closed","state":"Closed","createdDate":"2018-03-07T07:26:02.703Z","preventUpdateFromOtherSystem":false,"id":"1851"}]}</con:value>
        </con:property>
      </con:properties>
      <con:returnProperties>
        <con:entry>res_status</con:entry>
        <con:entry>response</con:entry>
      </con:returnProperties>
      <con:runMode>PARALLELL</con:runMode>
    </con:config>
  </con:testStep>
  <con:testStep type="transfer" name="Property Transfer responseChecker" id="359de387-ebdb-49e2-97fb-72913ed2b5fc">
    <con:settings/>
    <con:config xsi:type="con:PropertyTransfersStep" xmlns:xsi="http://www.w3.org/2001/XMLSchema-instance">
      <con:transfers setNullOnMissingSource="true" transferTextContent="true" failOnError="true" ignoreEmpty="false" transferToAll="false" entitize="false" transferChildNodes="false">
        <con:name>responseChecker</con:name>
        <con:sourceType>response</con:sourceType>
        <con:sourceStep>Display all Create Terminal interactions - CreatedBySelfOrgScope</con:sourceStep>
        <con:sourcePath>$['items'][0]['id']</con:sourcePath>
        <con:targetType>responseChecker</con:targetType>
        <con:targetStep>Properties</con:targetStep>
        <con:targetPath/>
        <con:type>JSONPATH</con:type>
        <con:upgraded>true</con:upgraded>
      </con:transfers>
    </con:config>
  </con:testStep>
  <con:testStep type="assertionteststep" name="Assertion for Display all Create Terminal - CreatedBySelfOrgScope" id="15c2cb80-4778-4aff-be44-a577ec24d4db">
    <con:settings/>
    <con:config xsi:type="con:AssertionTestStep" xmlns:xsi="http://www.w3.org/2001/XMLSchema-instance">
      <con:entry>
        <con:id>93f9d480-840c-4e39-a810-a6335a08a989</con:id>
        <con:isGroup>false</con:isGroup>
        <con:sourceId>cf142e3d-3f6c-470a-a58c-306776560ab0</con:sourceId>
        <con:propertyName>responseChecker</con:propertyName>
        <con:assertion type="Simple Contains" name="Contains" id="a64f936a-6c82-4336-a7e0-af1614428624">
          <con:configuration>
            <token>\d+</token>
            <ignoreCase>false</ignoreCase>
            <useRegEx>true</useRegEx>
          </con:configuration>
        </con:assertion>
      </con:entry>
      <con:entry>
        <con:id>9584eff6-a028-49c5-9363-ea90e5c29a6e</con:id>
        <con:isGroup>false</con:isGroup>
        <con:sourceId>cf142e3d-3f6c-470a-a58c-306776560ab0</con:sourceId>
        <con:propertyName>responseChecker</con:propertyName>
        <con:assertion type="Simple Equals" name="Equals" id="3dc8b1d6-b420-4df5-a5f1-9bb29769b2f6">
          <con:configuration>
            <patternObjectId>cf142e3d-3f6c-470a-a58c-306776560ab0</patternObjectId>
            <patternProperty>org1TerminalId</patternProperty>
            <caseSensitive>true</caseSensitive>
          </con:configuration>
        </con:assertion>
      </con:entry>
    </con:config>
  </con:testStep>
  <con:testStep type="transfer" name="Property Transfer for different user same org - Authorize view terminal - CreatedBySelfOrgScope" id="ef5148a6-0fc7-478d-9ae3-1bb385213e57">
    <con:settings/>
    <con:config xsi:type="con:PropertyTransfersStep" xmlns:xsi="http://www.w3.org/2001/XMLSchema-instance">
      <con:transfers setNullOnMissingSource="true" transferTextContent="true" failOnError="true" ignoreEmpty="false" transferToAll="false" entitize="false" transferChildNodes="false">
        <con:name>userToken</con:name>
        <con:sourceType>userToken</con:sourceType>
        <con:sourceStep>Create another user from initial data</con:sourceStep>
        <con:sourcePath/>
        <con:targetType>AuthorizationUser</con:targetType>
        <con:targetStep>#Project#</con:targetStep>
        <con:targetPath/>
        <con:upgraded>true</con:upgraded>
      </con:transfers>
    </con:config>
  </con:testStep>
  <con:testStep type="calltestcase" name="Display all Create Terminal interactions different user same org- CreatedBySelfOrgScope" id="d960b8e6-d167-4fb8-b78a-4fcbb63a887b">
    <con:settings/>
    <con:config xsi:type="con:RunTestCaseStep" xmlns:xsi="http://www.w3.org/2001/XMLSchema-instance">
      <con:targetTestCase>b749e299-451e-41da-a1b2-04068fc40f31</con:targetTestCase>
      <con:properties>
        <con:property>
          <con:name>res_status</con:name>
          <con:value>200</con:value>
        </con:property>
        <con:property>
          <con:name>response</con:name>
          <con:value>{"items":[{"businessInteractionType":3,"code":"TRM-1851","description":"Terminal is created at [name-ext-7ec0b598-48cb-4af6-9d50-f17c84983d93] by [John Smith]","mainState":"Closed","state":"Closed","createdDate":"2018-03-07T07:26:02.703Z","preventUpdateFromOtherSystem":false,"id":"1851"}]}</con:value>
        </con:property>
      </con:properties>
      <con:returnProperties>
        <con:entry>res_status</con:entry>
        <con:entry>response</con:entry>
      </con:returnProperties>
      <con:runMode>PARALLELL</con:runMode>
    </con:config>
  </con:testStep>
  <con:testStep type="transfer" name="Property Transfer responseChecker2" id="896a91b1-921a-4388-bfa8-c5f5fcec9896">
    <con:settings/>
    <con:config xsi:type="con:PropertyTransfersStep" xmlns:xsi="http://www.w3.org/2001/XMLSchema-instance">
      <con:transfers setNullOnMissingSource="true" transferTextContent="true" failOnError="true" ignoreEmpty="false" transferToAll="false" entitize="false" transferChildNodes="false">
        <con:name>responseChecker</con:name>
        <con:sourceType>response</con:sourceType>
        <con:sourceStep>Display all Create Terminal interactions different user same org- CreatedBySelfOrgScope</con:sourceStep>
        <con:sourcePath>$['items'][0]['id']</con:sourcePath>
        <con:targetType>responseChecker</con:targetType>
        <con:targetStep>Properties</con:targetStep>
        <con:targetPath/>
        <con:type>JSONPATH</con:type>
        <con:upgraded>true</con:upgraded>
      </con:transfers>
    </con:config>
  </con:testStep>
  <con:testStep type="assertionteststep" name="Assertion for Display all Create Terminal different user same org - CreatedBySelfOrgScope" id="6bdd12db-2acb-418e-b447-da9a029c2778">
    <con:settings/>
    <con:config xsi:type="con:AssertionTestStep" xmlns:xsi="http://www.w3.org/2001/XMLSchema-instance">
      <con:entry>
        <con:id>884a63c7-99b8-4297-9159-3103f61663d5</con:id>
        <con:isGroup>false</con:isGroup>
        <con:sourceId>cf142e3d-3f6c-470a-a58c-306776560ab0</con:sourceId>
        <con:propertyName>http200</con:propertyName>
        <con:assertion type="Simple Equals" name="Equals" id="1cf65934-68f5-47e1-bb4b-1cadcda73949">
          <con:configuration>
            <patternObjectId>d960b8e6-d167-4fb8-b78a-4fcbb63a887b</patternObjectId>
            <patternProperty>res_status</patternProperty>
            <caseSensitive>true</caseSensitive>
          </con:configuration>
        </con:assertion>
      </con:entry>
      <con:entry>
        <con:id>5acfe818-6a88-4e05-99ad-98e691423af9</con:id>
        <con:isGroup>false</con:isGroup>
        <con:sourceId>d960b8e6-d167-4fb8-b78a-4fcbb63a887b</con:sourceId>
        <con:propertyName>res_status</con:propertyName>
        <con:assertion type="Simple Equals" name="Equals" id="b1e926df-1b6b-4c8f-ac0b-23d31720783a">
          <con:configuration>
            <patternObjectId>cf142e3d-3f6c-470a-a58c-306776560ab0</patternObjectId>
            <patternProperty>http200</patternProperty>
            <caseSensitive>true</caseSensitive>
          </con:configuration>
        </con:assertion>
      </con:entry>
      <con:entry>
        <con:id>2b543734-1148-45f1-9bc9-18881f7550dd</con:id>
        <con:isGroup>false</con:isGroup>
        <con:sourceId>cf142e3d-3f6c-470a-a58c-306776560ab0</con:sourceId>
        <con:propertyName>responseChecker</con:propertyName>
        <con:assertion type="Simple Equals" name="Equals 3" id="72e9ff66-d43d-486b-ad70-400020c726cf">
          <con:configuration>
            <patternObjectId>cf142e3d-3f6c-470a-a58c-306776560ab0</patternObjectId>
            <patternProperty>org1TerminalId</patternProperty>
            <caseSensitive>true</caseSensitive>
          </con:configuration>
        </con:assertion>
      </con:entry>
    </con:config>
  </con:testStep>
  <con:testStep type="transfer" name="Property Transfer for different user different org - Authorize view terminal - CreatedBySelfOrgScope" id="f0e73ec4-f01a-44f8-a168-3db578955651">
    <con:settings/>
    <con:config xsi:type="con:PropertyTransfersStep" xmlns:xsi="http://www.w3.org/2001/XMLSchema-instance">
      <con:transfers setNullOnMissingSource="true" transferTextContent="true" failOnError="true" ignoreEmpty="false" transferToAll="false" entitize="false" transferChildNodes="false">
        <con:name>userToken</con:name>
        <con:sourceType>userToken</con:sourceType>
        <con:sourceStep>Create initial data2</con:sourceStep>
        <con:sourcePath/>
        <con:targetType>AuthorizationUser</con:targetType>
        <con:targetStep>#Project#</con:targetStep>
        <con:targetPath/>
        <con:upgraded>true</con:upgraded>
      </con:transfers>
    </con:config>
  </con:testStep>
  <con:testStep type="calltestcase" name="Display all Create Terminal interactions different user different org- CreatedBySelfOrgScope" id="1edf7992-6ebc-4176-bacc-595b94fcabca">
    <con:settings/>
    <con:config xsi:type="con:RunTestCaseStep" xmlns:xsi="http://www.w3.org/2001/XMLSchema-instance">
      <con:targetTestCase>b749e299-451e-41da-a1b2-04068fc40f31</con:targetTestCase>
      <con:properties>
        <con:property>
          <con:name>res_status</con:name>
          <con:value>200</con:value>
        </con:property>
        <con:property>
          <con:name>response</con:name>
          <con:value>{"items":[{"businessInteractionType":3,"code":"TRM-1861","description":"Terminal is created at [name-ext-6ba84153-8915-4aba-adb9-ed49e9523647] by [John Smith]","mainState":"Closed","state":"Closed","createdDate":"2018-03-07T07:26:02.732Z","preventUpdateFromOtherSystem":false,"id":"1861"}]}</con:value>
        </con:property>
      </con:properties>
      <con:returnProperties>
        <con:entry>res_status</con:entry>
        <con:entry>response</con:entry>
      </con:returnProperties>
      <con:runMode>PARALLELL</con:runMode>
    </con:config>
  </con:testStep>
  <con:testStep type="transfer" name="Property Transfer 27" id="1afd2cf7-bc5a-4c7f-ad69-917363c794b5">
    <con:settings/>
    <con:config xsi:type="con:PropertyTransfersStep" xmlns:xsi="http://www.w3.org/2001/XMLSchema-instance">
      <con:transfers setNullOnMissingSource="true" transferTextContent="true" failOnError="true" ignoreEmpty="false" transferToAll="false" entitize="false" transferChildNodes="false">
        <con:name>checkParam</con:name>
        <con:sourceType>response</con:sourceType>
        <con:sourceStep>Display all Create Terminal interactions different user different org- CreatedBySelfOrgScope</con:sourceStep>
        <con:sourcePath>$['items'][0]['id']</con:sourcePath>
        <con:targetType>responseChecker</con:targetType>
        <con:targetStep>Properties</con:targetStep>
        <con:targetPath/>
        <con:type>JSONPATH</con:type>
        <con:upgraded>true</con:upgraded>
      </con:transfers>
      <con:transfers setNullOnMissingSource="true" transferTextContent="true" failOnError="true" ignoreEmpty="false" transferToAll="false" entitize="false" transferChildNodes="false">
        <con:name>createdForSalesOrg</con:name>
        <con:sourceType>DefaultSalesOrganizationRoleId</con:sourceType>
        <con:sourceStep>#Project#</con:sourceStep>
        <con:sourcePath/>
        <con:targetType>req_createdForSalesOrg</con:targetType>
        <con:targetStep>Delete view permission - CreatedBySelfOrgScope</con:targetStep>
        <con:type>XPATH</con:type>
        <con:upgraded>true</con:upgraded>
      </con:transfers>
    </con:config>
  </con:testStep>
  <con:testStep type="assertionteststep" name="Assertion for Display all Create Terminal different user different org - CreatedBySelfOrgScope" id="bb232506-5bfc-4979-ae65-f63a8edd5348">
    <con:settings/>
    <con:config xsi:type="con:AssertionTestStep" xmlns:xsi="http://www.w3.org/2001/XMLSchema-instance">
      <con:entry>
        <con:id>066b4305-1c64-42e6-88f3-88e91c1b355f</con:id>
        <con:isGroup>false</con:isGroup>
        <con:sourceId>cf142e3d-3f6c-470a-a58c-306776560ab0</con:sourceId>
        <con:propertyName>http200</con:propertyName>
        <con:assertion type="Simple Equals" name="Equals" id="290fe83c-b83e-4f8e-a5a7-9ba55cbdb4e6">
          <con:configuration>
            <patternObjectId>1edf7992-6ebc-4176-bacc-595b94fcabca</patternObjectId>
            <patternProperty>res_status</patternProperty>
            <caseSensitive>true</caseSensitive>
          </con:configuration>
        </con:assertion>
      </con:entry>
      <con:entry>
        <con:id>4dc163ee-21f4-456b-90aa-20929dccdd55</con:id>
        <con:isGroup>false</con:isGroup>
        <con:sourceId>cf142e3d-3f6c-470a-a58c-306776560ab0</con:sourceId>
        <con:propertyName>org2TerminalId</con:propertyName>
        <con:assertion type="Simple Equals" name="Equals 2" id="e9c2f524-6d23-44a9-a852-7ab4f7230a2e">
          <con:configuration>
            <patternObjectId>cf142e3d-3f6c-470a-a58c-306776560ab0</patternObjectId>
            <patternProperty>responseChecker</patternProperty>
            <caseSensitive>true</caseSensitive>
          </con:configuration>
        </con:assertion>
      </con:entry>
    </con:config>
  </con:testStep>
  <con:testStep type="calltestcase" name="Delete view permission - CreatedBySelfOrgScope" id="2d7a393e-ea00-4b12-a7f7-257c69f7be23">
    <con:settings/>
    <con:config xsi:type="con:RunTestCaseStep" xmlns:xsi="http://www.w3.org/2001/XMLSchema-instance">
      <con:targetTestCase>ef1ecdf4-8483-46d8-a3c9-87064bd44ad2</con:targetTestCase>
      <con:properties>
        <con:property>
          <con:name>req_userId</con:name>
          <con:value>57</con:value>
        </con:property>
        <con:property>
          <con:name>req_soId</con:name>
          <con:value>55</con:value>
        </con:property>
        <con:property>
          <con:name>res_code</con:name>
          <con:value>200</con:value>
        </con:property>
        <con:property>
          <con:name>res_errorMessage</con:name>
          <con:value xsi:nil="true"/>
        </con:property>
        <con:property>
          <con:name>req_action</con:name>
          <con:value>TRM.View</con:value>
        </con:property>
        <con:property>
          <con:name>req_createdForSalesOrg</con:name>
          <con:value>1</con:value>
        </con:property>
      </con:properties>
      <con:returnProperties>
        <con:entry>res_code</con:entry>
        <con:entry>res_errorMessage</con:entry>
      </con:returnProperties>
      <con:runMode>PARALLELL</con:runMode>
    </con:config>
  </con:testStep>
  <con:testStep type="manualTestStep" name="**** GET TERMINAL - CreatedBySelfOrgScope ********************" id="062423b2-c262-4439-bac2-b1c8411070f3" disabled="true">
    <con:settings/>
    <con:config xsi:type="con:ManualTestStep" xmlns:xsi="http://www.w3.org/2001/XMLSchema-instance"/>
  </con:testStep>
  <con:testStep type="transfer" name="Property Transfer for getTerminal - CreatedBySelfOrgScope - ORG1" id="7cfe6ea0-c775-4435-b796-5088d3b765e0">
    <con:settings/>
    <con:config xsi:type="con:PropertyTransfersStep" xmlns:xsi="http://www.w3.org/2001/XMLSchema-instance">
      <con:transfers setNullOnMissingSource="true" transferTextContent="true" failOnError="true" ignoreEmpty="false" transferToAll="false" entitize="false" transferChildNodes="false">
        <con:name>userId</con:name>
        <con:sourceType>res_userRoleId</con:sourceType>
        <con:sourceStep>Create initial data</con:sourceStep>
        <con:sourcePath/>
        <con:targetType>req_UserId</con:targetType>
        <con:targetStep>Authorize get terminal - CreatedBySelfOrgScope</con:targetStep>
        <con:targetPath/>
        <con:upgraded>true</con:upgraded>
      </con:transfers>
      <con:transfers setNullOnMissingSource="true" transferTextContent="true" failOnError="true" ignoreEmpty="false" transferToAll="false" entitize="false" transferChildNodes="false">
        <con:name>soId</con:name>
        <con:sourceType>res_salesOrgId</con:sourceType>
        <con:sourceStep>Create initial data</con:sourceStep>
        <con:targetType>req_SoId</con:targetType>
        <con:targetStep>Authorize get terminal - CreatedBySelfOrgScope</con:targetStep>
        <con:upgraded>true</con:upgraded>
      </con:transfers>
      <con:transfers setNullOnMissingSource="true" transferTextContent="true" failOnError="true" ignoreEmpty="false" transferToAll="false" entitize="false" transferChildNodes="false">
        <con:name>domain</con:name>
        <con:sourceType>domain_terminal</con:sourceType>
        <con:sourceStep>Properties</con:sourceStep>
        <con:targetType>req_Domain</con:targetType>
        <con:targetStep>Authorize get terminal - CreatedBySelfOrgScope</con:targetStep>
        <con:upgraded>true</con:upgraded>
      </con:transfers>
      <con:transfers setNullOnMissingSource="false" transferTextContent="true" failOnError="true" ignoreEmpty="false" transferToAll="false" entitize="false" transferChildNodes="false">
        <con:name>action</con:name>
        <con:sourceType>action_GetTerminal</con:sourceType>
        <con:sourceStep>Properties</con:sourceStep>
        <con:targetType>req_Action</con:targetType>
        <con:targetStep>Authorize get terminal - CreatedBySelfOrgScope</con:targetStep>
        <con:upgraded>true</con:upgraded>
      </con:transfers>
      <con:transfers setNullOnMissingSource="true" transferTextContent="true" failOnError="true" ignoreEmpty="false" transferToAll="false" entitize="false" transferChildNodes="false">
        <con:name>scope</con:name>
        <con:sourceType>scope_CreatedBySelfOrgScope</con:sourceType>
        <con:sourceStep>Properties</con:sourceStep>
        <con:targetType>req_Scope</con:targetType>
        <con:targetStep>Authorize get terminal - CreatedBySelfOrgScope</con:targetStep>
        <con:upgraded>true</con:upgraded>
      </con:transfers>
      <con:transfers setNullOnMissingSource="true" transferTextContent="true" failOnError="true" ignoreEmpty="false" transferToAll="false" entitize="false" transferChildNodes="false">
        <con:name>profile</con:name>
        <con:sourceType>profile_CSR</con:sourceType>
        <con:sourceStep>Properties</con:sourceStep>
        <con:targetType>req_Profile</con:targetType>
        <con:targetStep>Authorize get terminal - CreatedBySelfOrgScope</con:targetStep>
        <con:upgraded>true</con:upgraded>
      </con:transfers>
      <con:transfers setNullOnMissingSource="true" transferTextContent="true" failOnError="true" ignoreEmpty="false" transferToAll="false" entitize="false" transferChildNodes="false">
        <con:name>condition</con:name>
        <con:sourceType>condition_Null</con:sourceType>
        <con:sourceStep>Properties</con:sourceStep>
        <con:targetType>req_Condition</con:targetType>
        <con:targetStep>Authorize get terminal - CreatedBySelfOrgScope</con:targetStep>
        <con:upgraded>true</con:upgraded>
      </con:transfers>
      <con:transfers setNullOnMissingSource="true" transferTextContent="true" failOnError="true" ignoreEmpty="false" transferToAll="false" entitize="false" transferChildNodes="false">
        <con:name>userId-delete</con:name>
        <con:sourceType>res_userRoleId</con:sourceType>
        <con:sourceStep>Create initial data</con:sourceStep>
        <con:targetType>req_userId</con:targetType>
        <con:targetStep>Delete get permission - CreatedBySelfOrgScope</con:targetStep>
        <con:upgraded>true</con:upgraded>
      </con:transfers>
      <con:transfers setNullOnMissingSource="true" transferTextContent="true" failOnError="true" ignoreEmpty="false" transferToAll="false" entitize="false" transferChildNodes="false">
        <con:name>soId-delete</con:name>
        <con:sourceType>res_salesOrgId</con:sourceType>
        <con:sourceStep>Create initial data</con:sourceStep>
        <con:targetType>req_soId</con:targetType>
        <con:targetStep>Delete get permission - CreatedBySelfOrgScope</con:targetStep>
        <con:upgraded>true</con:upgraded>
      </con:transfers>
      <con:transfers setNullOnMissingSource="true" transferTextContent="true" failOnError="true" ignoreEmpty="false" transferToAll="false" entitize="false" transferChildNodes="false">
        <con:name>action-delete</con:name>
        <con:sourceType>action_GetTerminal</con:sourceType>
        <con:sourceStep>Properties</con:sourceStep>
        <con:targetType>req_action</con:targetType>
        <con:targetStep>Delete get permission - CreatedBySelfOrgScope</con:targetStep>
        <con:upgraded>true</con:upgraded>
      </con:transfers>
      <con:transfers setNullOnMissingSource="true" transferTextContent="true" failOnError="true" ignoreEmpty="false" transferToAll="false" entitize="false" transferChildNodes="false">
        <con:name>userToken</con:name>
        <con:sourceType>userToken</con:sourceType>
        <con:sourceStep>Create initial data</con:sourceStep>
        <con:targetType>AuthorizationUser</con:targetType>
        <con:targetStep>#Project#</con:targetStep>
        <con:upgraded>true</con:upgraded>
      </con:transfers>
      <con:transfers setNullOnMissingSource="true" transferTextContent="true" failOnError="true" ignoreEmpty="false" transferToAll="false" entitize="false" transferChildNodes="false">
        <con:name>createdForSalesOrg</con:name>
        <con:sourceType>DefaultSalesOrganizationRoleId</con:sourceType>
        <con:sourceStep>#Project#</con:sourceStep>
        <con:targetType>req_createdForSalesOrg</con:targetType>
        <con:targetStep>Authorize get terminal - CreatedBySelfOrgScope</con:targetStep>
        <con:upgraded>true</con:upgraded>
      </con:transfers>
    </con:config>
  </con:testStep>
  <con:testStep type="calltestcase" name="Authorize get terminal - CreatedBySelfOrgScope" id="aafa7404-5a40-4d2c-b7ea-6a5a6234a092">
    <con:settings/>
    <con:config xsi:type="con:RunTestCaseStep" xmlns:xsi="http://www.w3.org/2001/XMLSchema-instance">
      <con:targetTestCase>7598e6a9-915e-450f-9530-8976eb29de47</con:targetTestCase>
      <con:properties>
        <con:property>
          <con:name>req_UserId</con:name>
          <con:value>57</con:value>
        </con:property>
        <con:property>
          <con:name>req_SoId</con:name>
          <con:value>55</con:value>
        </con:property>
        <con:property>
          <con:name>req_Domain</con:name>
          <con:value>TRM</con:value>
        </con:property>
        <con:property>
          <con:name>req_Action</con:name>
          <con:value>TRM.Get</con:value>
        </con:property>
        <con:property>
          <con:name>req_Scope</con:name>
          <con:value>CreatedByMyOrgScope</con:value>
        </con:property>
        <con:property>
          <con:name>req_Profile</con:name>
          <con:value>CSR</con:value>
        </con:property>
        <con:property>
          <con:name>req_Condition</con:name>
          <con:value>NullCondition</con:value>
        </con:property>
        <con:property>
          <con:name>res_code</con:name>
          <con:value>200</con:value>
        </con:property>
        <con:property>
          <con:name>res_errorMessageCreate</con:name>
          <con:value xsi:nil="true"/>
        </con:property>
        <con:property>
          <con:name>res_errorMessageAdd</con:name>
          <con:value xsi:nil="true"/>
        </con:property>
        <con:property>
          <con:name>res_errorMessageSubmit</con:name>
          <con:value xsi:nil="true"/>
        </con:property>
        <con:property>
          <con:name>response</con:name>
          <con:value>{"businessInteractionType":34,"code":"PP-2021","description":"Profile Permission at [name-ext-7ec0b598-48cb-4af6-9d50-f17c84983d93] by [John Smith]","mainState":0,"state":5,"createdDate":"2018-03-07T07:26:07+0000","businessInteractionSpec":{"id":75,"journaled":false,"name":"Profile Permission bi spec","specificationType":0,"allowSubmitBIWithoutItem":false,"requiresSession":false,"code":"PROFILE_PERMISSION","requiresActiveSO":false,"biOperationAllowedWhenSOSuspended":false,"reserveAllNonSerializedSpec":false,"allowStockLevelNegative":false,"dynamicMap":{},"type":"com.ericsson.bss.rm.erms.core.entity.dto.bi.BusinessInteractionSpecDTO"},"createdByUserId":"57","createdBySalesOrganizationId":"55","createdForSalesOrganizationRoleId":"1","preventUpdateFromOtherSystem":false,"items":[],"isLocked":false,"businessInteractionRoleId1":98,"businessInteractionRoleId2":95,"businessInteractionRoleId3":95,"id":2021,"href":"/v1/profilePermission/2021","dynamicMap":{},"type":"com.ericsson.bss.rm.erms.core.entity.dto.bi.profilepermission.ProfilePermissionBIResponseDTO"}</con:value>
        </con:property>
        <con:property>
          <con:name>req_createdForSalesOrg</con:name>
          <con:value>1</con:value>
        </con:property>
      </con:properties>
      <con:returnProperties>
        <con:entry>res_code</con:entry>
        <con:entry>res_errorMessageCreate</con:entry>
        <con:entry>res_errorMessageAdd</con:entry>
        <con:entry>res_errorMessageSubmit</con:entry>
        <con:entry>response</con:entry>
      </con:returnProperties>
      <con:runMode>PARALLELL</con:runMode>
    </con:config>
  </con:testStep>
  <con:testStep type="assertionteststep" name="Assertion for Authorize get terminal - CreatedBySelfOrgScope" id="adb29702-cb02-47cd-a4e4-765a7bf751f5">
    <con:settings/>
    <con:config xsi:type="con:AssertionTestStep" xmlns:xsi="http://www.w3.org/2001/XMLSchema-instance">
      <con:entry>
        <con:id>3562f812-9fc7-48fc-bef3-773056629f2d</con:id>
        <con:isGroup>false</con:isGroup>
        <con:sourceId>cf142e3d-3f6c-470a-a58c-306776560ab0</con:sourceId>
        <con:propertyName>http200</con:propertyName>
        <con:assertion type="Simple Equals" name="Equals" id="47010ae5-1c4b-4165-8ca4-2cdc414b2e88">
          <con:configuration>
            <patternObjectId>aafa7404-5a40-4d2c-b7ea-6a5a6234a092</patternObjectId>
            <patternProperty>res_code</patternProperty>
            <caseSensitive>true</caseSensitive>
          </con:configuration>
        </con:assertion>
      </con:entry>
    </con:config>
  </con:testStep>
  <con:testStep type="transfer" name="Property Transfer 12-2 - ORG1" id="27865e74-7ffe-4123-9ab9-63227024d35a">
    <con:settings/>
    <con:config xsi:type="con:PropertyTransfersStep" xmlns:xsi="http://www.w3.org/2001/XMLSchema-instance">
      <con:transfers setNullOnMissingSource="true" transferTextContent="true" failOnError="true" transferChildNodes="false" ignoreEmpty="true" transferToAll="false" entitize="false">
        <con:name>biId</con:name>
        <con:sourceType>res_biId</con:sourceType>
        <con:sourceStep>Create terminal bi</con:sourceStep>
        <con:targetType>req_biId</con:targetType>
        <con:targetStep>Display terminal all item - ORG1</con:targetStep>
        <con:upgraded>true</con:upgraded>
      </con:transfers>
      <con:transfers setNullOnMissingSource="true" transferTextContent="true" failOnError="true" ignoreEmpty="false" transferToAll="false" entitize="false" transferChildNodes="false">
        <con:name>biId Org2</con:name>
        <con:sourceType>res_biId</con:sourceType>
        <con:sourceStep>Create terminal bi ORG2</con:sourceStep>
        <con:targetType>req_biId</con:targetType>
        <con:targetStep>Display terminal all item of organization2 by- ORG1 - fail</con:targetStep>
        <con:upgraded>true</con:upgraded>
      </con:transfers>
    </con:config>
  </con:testStep>
  <con:testStep type="calltestcase" name="Display terminal all item - ORG1" id="1a07f218-5d17-4a82-aa74-0621178bf4d2">
    <con:settings/>
    <con:config xsi:type="con:RunTestCaseStep" xmlns:xsi="http://www.w3.org/2001/XMLSchema-instance">
      <con:targetTestCase>681a40fb-9759-42d4-8ec6-0d2fa7bb613b</con:targetTestCase>
      <con:properties>
        <con:property>
          <con:name>req_biId</con:name>
          <con:value>1851</con:value>
        </con:property>
        <con:property>
          <con:name>res_code</con:name>
          <con:value>200</con:value>
        </con:property>
        <con:property>
          <con:name>response</con:name>
          <con:value>{"items":[{"externalId":"ext-7d813a6a-b130-42b0-901f-10d359b8b1b8","salesOrganizationRoleExternalId":"ext-7ec0b598-48cb-4af6-9d50-f17c84983d93","name":"ext-7d813a6a-b130-42b0-901f-10d359b8b1b8","id":"217"}]}</con:value>
        </con:property>
      </con:properties>
      <con:returnProperties>
        <con:entry>res_code</con:entry>
        <con:entry>response</con:entry>
      </con:returnProperties>
      <con:runMode>PARALLELL</con:runMode>
    </con:config>
  </con:testStep>
  <con:testStep type="calltestcase" name="Display terminal all item of organization2 by- ORG1 - fail" id="abf964a2-8899-4c0c-82aa-69a11f9578e4">
    <con:settings/>
    <con:config xsi:type="con:RunTestCaseStep" xmlns:xsi="http://www.w3.org/2001/XMLSchema-instance">
      <con:targetTestCase>681a40fb-9759-42d4-8ec6-0d2fa7bb613b</con:targetTestCase>
      <con:properties>
        <con:property>
          <con:name>req_biId</con:name>
          <con:value>1861</con:value>
        </con:property>
        <con:property>
          <con:name>res_code</con:name>
          <con:value>403</con:value>
        </con:property>
        <con:property>
          <con:name>response</con:name>
          <con:value>{
  "error" : "User cannot perform the requested action",
  "code" : "NOT_PERMITTED_SCOPE_EXCEPTION",
  "httpStatusCode" : 403,
  "httpStatusCodeDescription" : "Forbidden",
  "errorMessage" : "No Permission with [Always - Created By My Organization]",
  "context" : {
    "salesOrganizationId" : 55,
    "userId" : 57,
    "action" : "TRM.Get",
    "profileId" : "CSR"
  },
  "condition" : "Always",
  "scope" : "Created By My Organization",
  "localizedMessage" : "No Permission with [Always - Created By My Organization]",
  "createdAt" : 60,
  "createdFor" : 60
}</con:value>
        </con:property>
      </con:properties>
      <con:returnProperties>
        <con:entry>res_code</con:entry>
        <con:entry>response</con:entry>
      </con:returnProperties>
      <con:runMode>PARALLELL</con:runMode>
    </con:config>
  </con:testStep>
  <con:testStep type="assertionteststep" name="Assertion for get terminal - CreatedBySelfOrgScope ORG1" id="aa5ff548-ac38-4e43-904d-501fc2ff9361">
    <con:settings/>
    <con:config xsi:type="con:AssertionTestStep" xmlns:xsi="http://www.w3.org/2001/XMLSchema-instance">
      <con:entry>
        <con:id>4142df98-9cb2-42ac-992d-7a0cbd6abd21</con:id>
        <con:isGroup>false</con:isGroup>
        <con:sourceId>1a07f218-5d17-4a82-aa74-0621178bf4d2</con:sourceId>
        <con:propertyName>res_code</con:propertyName>
        <con:assertion type="Simple Equals" name="Equals" id="48ff56e3-9509-407c-9b0f-8029e55fac79">
          <con:configuration>
            <patternObjectId>cf142e3d-3f6c-470a-a58c-306776560ab0</patternObjectId>
            <patternProperty>http200</patternProperty>
            <caseSensitive>true</caseSensitive>
          </con:configuration>
        </con:assertion>
      </con:entry>
      <con:entry>
        <con:id>29dcf3a3-f19c-4aef-95eb-0b306b0e13a7</con:id>
        <con:isGroup>false</con:isGroup>
        <con:sourceId>abf964a2-8899-4c0c-82aa-69a11f9578e4</con:sourceId>
        <con:propertyName>res_code</con:propertyName>
        <con:assertion type="Simple Equals" name="Equals 2" id="fcf1387b-75d7-4c35-805f-a58adddd4633">
          <con:configuration>
            <patternObjectId>cf142e3d-3f6c-470a-a58c-306776560ab0</patternObjectId>
            <patternProperty>http403</patternProperty>
            <caseSensitive>true</caseSensitive>
          </con:configuration>
        </con:assertion>
      </con:entry>
    </con:config>
  </con:testStep>
  <con:testStep type="transfer" name="Property Transfer 12-2 - ORG1 User2" id="e9529ffd-0bc1-45fa-9ecf-9a7d10e90781">
    <con:settings/>
    <con:config xsi:type="con:PropertyTransfersStep" xmlns:xsi="http://www.w3.org/2001/XMLSchema-instance">
      <con:transfers setNullOnMissingSource="true" transferTextContent="true" failOnError="true" transferChildNodes="false" ignoreEmpty="true" transferToAll="false" entitize="false">
        <con:name>biId</con:name>
        <con:sourceType>res_biId</con:sourceType>
        <con:sourceStep>Create terminal bi</con:sourceStep>
        <con:targetType>req_biId</con:targetType>
        <con:targetStep>Display terminal all item - ORG1 User2</con:targetStep>
        <con:upgraded>true</con:upgraded>
      </con:transfers>
      <con:transfers setNullOnMissingSource="true" transferTextContent="true" failOnError="true" ignoreEmpty="false" transferToAll="false" entitize="false" transferChildNodes="false">
        <con:name>userToken</con:name>
        <con:sourceType>userToken</con:sourceType>
        <con:sourceStep>Create another user from initial data</con:sourceStep>
        <con:targetType>AuthorizationUser</con:targetType>
        <con:targetStep>#Project#</con:targetStep>
        <con:upgraded>true</con:upgraded>
      </con:transfers>
      <con:transfers setNullOnMissingSource="true" transferTextContent="true" failOnError="true" ignoreEmpty="false" transferToAll="false" entitize="false" transferChildNodes="false">
        <con:name>biId org2</con:name>
        <con:sourceType>res_biId</con:sourceType>
        <con:sourceStep>Create terminal bi ORG2</con:sourceStep>
        <con:targetType>req_biId</con:targetType>
        <con:targetStep>Display terminal all item of organization2 by- ORG1 user2- fail</con:targetStep>
        <con:upgraded>true</con:upgraded>
      </con:transfers>
    </con:config>
  </con:testStep>
  <con:testStep type="calltestcase" name="Display terminal all item - ORG1 User2" id="0f03415f-c8c7-4bec-af88-1979bd110db0">
    <con:settings/>
    <con:config xsi:type="con:RunTestCaseStep" xmlns:xsi="http://www.w3.org/2001/XMLSchema-instance">
      <con:targetTestCase>681a40fb-9759-42d4-8ec6-0d2fa7bb613b</con:targetTestCase>
      <con:properties>
        <con:property>
          <con:name>req_biId</con:name>
          <con:value>1851</con:value>
        </con:property>
        <con:property>
          <con:name>res_code</con:name>
          <con:value>200</con:value>
        </con:property>
        <con:property>
          <con:name>response</con:name>
          <con:value>{"items":[{"externalId":"ext-7d813a6a-b130-42b0-901f-10d359b8b1b8","salesOrganizationRoleExternalId":"ext-7ec0b598-48cb-4af6-9d50-f17c84983d93","name":"ext-7d813a6a-b130-42b0-901f-10d359b8b1b8","id":"217"}]}</con:value>
        </con:property>
      </con:properties>
      <con:returnProperties>
        <con:entry>res_code</con:entry>
        <con:entry>response</con:entry>
      </con:returnProperties>
      <con:runMode>PARALLELL</con:runMode>
    </con:config>
  </con:testStep>
  <con:testStep type="calltestcase" name="Display terminal all item of organization2 by- ORG1 user2- fail" id="0a73006e-1872-431b-a723-a8018c98a7ab">
    <con:settings/>
    <con:config xsi:type="con:RunTestCaseStep" xmlns:xsi="http://www.w3.org/2001/XMLSchema-instance">
      <con:targetTestCase>681a40fb-9759-42d4-8ec6-0d2fa7bb613b</con:targetTestCase>
      <con:properties>
        <con:property>
          <con:name>req_biId</con:name>
          <con:value>1861</con:value>
        </con:property>
        <con:property>
          <con:name>res_code</con:name>
          <con:value>403</con:value>
        </con:property>
        <con:property>
          <con:name>response</con:name>
          <con:value>{
  "error" : "User cannot perform the requested action",
  "code" : "NOT_PERMITTED_SCOPE_EXCEPTION",
  "httpStatusCode" : 403,
  "httpStatusCodeDescription" : "Forbidden",
  "errorMessage" : "No Permission with [Always - Created By My Organization]",
  "context" : {
    "salesOrganizationId" : 55,
    "userId" : 59,
    "action" : "TRM.Get",
    "profileId" : "CSR"
  },
  "condition" : "Always",
  "scope" : "Created By My Organization",
  "localizedMessage" : "No Permission with [Always - Created By My Organization]",
  "createdAt" : 60,
  "createdFor" : 60
}</con:value>
        </con:property>
      </con:properties>
      <con:returnProperties>
        <con:entry>res_code</con:entry>
        <con:entry>response</con:entry>
      </con:returnProperties>
      <con:runMode>PARALLELL</con:runMode>
    </con:config>
  </con:testStep>
  <con:testStep type="assertionteststep" name="Assertion for get terminal - CreatedBySelfOrgScope ORG1 user2" id="988d5d31-4581-4184-a659-66502b9cf78a">
    <con:settings/>
    <con:config xsi:type="con:AssertionTestStep" xmlns:xsi="http://www.w3.org/2001/XMLSchema-instance">
      <con:entry>
        <con:id>9b9a54de-1e65-4f17-a704-a93db9c4ad7f</con:id>
        <con:isGroup>false</con:isGroup>
        <con:sourceId>0f03415f-c8c7-4bec-af88-1979bd110db0</con:sourceId>
        <con:propertyName>res_code</con:propertyName>
        <con:assertion type="Simple Equals" name="Equals" id="6e7c5127-1f40-488e-854b-eecb3a811499">
          <con:configuration>
            <patternObjectId>cf142e3d-3f6c-470a-a58c-306776560ab0</patternObjectId>
            <patternProperty>http200</patternProperty>
            <caseSensitive>true</caseSensitive>
          </con:configuration>
        </con:assertion>
      </con:entry>
      <con:entry>
        <con:id>028eb011-ad1b-43af-966e-c7f5b4f3b053</con:id>
        <con:isGroup>false</con:isGroup>
        <con:sourceId>0a73006e-1872-431b-a723-a8018c98a7ab</con:sourceId>
        <con:propertyName>res_code</con:propertyName>
        <con:assertion type="Simple Equals" name="Equals 2" id="1fc5e2fc-1173-4571-8674-b38070f3d346">
          <con:configuration>
            <patternObjectId>cf142e3d-3f6c-470a-a58c-306776560ab0</patternObjectId>
            <patternProperty>http403</patternProperty>
            <caseSensitive>true</caseSensitive>
          </con:configuration>
        </con:assertion>
      </con:entry>
    </con:config>
  </con:testStep>
  <con:testStep type="transfer" name="Property Transfer 12-2 - ORG2" id="a4dfb23d-11eb-42c3-9a69-5b392e7b8931">
    <con:settings/>
    <con:config xsi:type="con:PropertyTransfersStep" xmlns:xsi="http://www.w3.org/2001/XMLSchema-instance">
      <con:transfers setNullOnMissingSource="true" transferTextContent="true" failOnError="true" transferChildNodes="false" ignoreEmpty="true" transferToAll="false" entitize="false">
        <con:name>biId</con:name>
        <con:sourceType>res_biId</con:sourceType>
        <con:sourceStep>Create terminal bi ORG2</con:sourceStep>
        <con:targetType>req_biId</con:targetType>
        <con:targetStep>Display terminal all item - ORG2</con:targetStep>
        <con:upgraded>true</con:upgraded>
      </con:transfers>
      <con:transfers setNullOnMissingSource="true" transferTextContent="true" failOnError="true" ignoreEmpty="false" transferToAll="false" entitize="false" transferChildNodes="false">
        <con:name>userToken</con:name>
        <con:sourceType>userToken</con:sourceType>
        <con:sourceStep>Create initial data2</con:sourceStep>
        <con:targetType>AuthorizationUser</con:targetType>
        <con:targetStep>#Project#</con:targetStep>
        <con:upgraded>true</con:upgraded>
      </con:transfers>
      <con:transfers setNullOnMissingSource="true" transferTextContent="true" failOnError="true" ignoreEmpty="false" transferToAll="false" entitize="false" transferChildNodes="false">
        <con:name>biId org1</con:name>
        <con:sourceType>res_biId</con:sourceType>
        <con:sourceStep>Create terminal bi</con:sourceStep>
        <con:targetType>req_biId</con:targetType>
        <con:targetStep>Display terminal all item of organization1 by- ORG2 - fail</con:targetStep>
        <con:upgraded>true</con:upgraded>
      </con:transfers>
    </con:config>
  </con:testStep>
  <con:testStep type="calltestcase" name="Display terminal all item - ORG2" id="dc62e016-23cb-466e-a408-8d2c00842505">
    <con:settings/>
    <con:config xsi:type="con:RunTestCaseStep" xmlns:xsi="http://www.w3.org/2001/XMLSchema-instance">
      <con:targetTestCase>681a40fb-9759-42d4-8ec6-0d2fa7bb613b</con:targetTestCase>
      <con:properties>
        <con:property>
          <con:name>req_biId</con:name>
          <con:value>1861</con:value>
        </con:property>
        <con:property>
          <con:name>res_code</con:name>
          <con:value>200</con:value>
        </con:property>
        <con:property>
          <con:name>response</con:name>
          <con:value>{"items":[{"externalId":"ext-50be67ad-5bd9-40ad-9bdc-1d8cce0f34a6","salesOrganizationRoleExternalId":"ext-6ba84153-8915-4aba-adb9-ed49e9523647","name":"ext-50be67ad-5bd9-40ad-9bdc-1d8cce0f34a6","id":"218"}]}</con:value>
        </con:property>
      </con:properties>
      <con:returnProperties>
        <con:entry>res_code</con:entry>
        <con:entry>response</con:entry>
      </con:returnProperties>
      <con:runMode>PARALLELL</con:runMode>
    </con:config>
  </con:testStep>
  <con:testStep type="calltestcase" name="Display terminal all item of organization1 by- ORG2 - fail" id="3543d2f3-a5cf-4ca6-8965-14949cc26875">
    <con:settings/>
    <con:config xsi:type="con:RunTestCaseStep" xmlns:xsi="http://www.w3.org/2001/XMLSchema-instance">
      <con:targetTestCase>681a40fb-9759-42d4-8ec6-0d2fa7bb613b</con:targetTestCase>
      <con:properties>
        <con:property>
          <con:name>req_biId</con:name>
          <con:value>1851</con:value>
        </con:property>
        <con:property>
          <con:name>res_code</con:name>
          <con:value>403</con:value>
        </con:property>
        <con:property>
          <con:name>response</con:name>
          <con:value>{
  "error" : "User cannot perform the requested action",
  "code" : "NOT_PERMITTED_SCOPE_EXCEPTION",
  "httpStatusCode" : 403,
  "httpStatusCodeDescription" : "Forbidden",
  "errorMessage" : "No Permission with [Always - Created By My Organization]",
  "context" : {
    "salesOrganizationId" : 60,
    "userId" : 62,
    "action" : "TRM.Get",
    "profileId" : "CSR"
  },
  "condition" : "Always",
  "scope" : "Created By My Organization",
  "localizedMessage" : "No Permission with [Always - Created By My Organization]",
  "createdAt" : 55,
  "createdFor" : 55
}</con:value>
        </con:property>
      </con:properties>
      <con:returnProperties>
        <con:entry>res_code</con:entry>
        <con:entry>response</con:entry>
      </con:returnProperties>
      <con:runMode>PARALLELL</con:runMode>
    </con:config>
  </con:testStep>
  <con:testStep type="assertionteststep" name="Assertion for get terminal - CreatedBySelfOrgScope ORG2" id="3afe62f6-95c5-4c84-98a6-5c44b079494b">
    <con:settings/>
    <con:config xsi:type="con:AssertionTestStep" xmlns:xsi="http://www.w3.org/2001/XMLSchema-instance">
      <con:entry>
        <con:id>72cee1d2-f992-46a7-a27e-ef552b4e3bab</con:id>
        <con:isGroup>false</con:isGroup>
        <con:sourceId>dc62e016-23cb-466e-a408-8d2c00842505</con:sourceId>
        <con:propertyName>res_code</con:propertyName>
        <con:assertion type="Simple Equals" name="Equals" id="b11a4cde-573a-47b9-801d-2a7983fdc1f4">
          <con:configuration>
            <patternObjectId>cf142e3d-3f6c-470a-a58c-306776560ab0</patternObjectId>
            <patternProperty>http200</patternProperty>
            <caseSensitive>true</caseSensitive>
          </con:configuration>
        </con:assertion>
      </con:entry>
      <con:entry>
        <con:id>f3d17811-8767-47aa-b5c4-b88967528cb6</con:id>
        <con:isGroup>false</con:isGroup>
        <con:sourceId>3543d2f3-a5cf-4ca6-8965-14949cc26875</con:sourceId>
        <con:propertyName>res_code</con:propertyName>
        <con:assertion type="Simple Equals" name="Equals 2" id="77c6aa0a-7e79-4299-a0ec-70cdd78e6a38">
          <con:configuration>
            <patternObjectId>cf142e3d-3f6c-470a-a58c-306776560ab0</patternObjectId>
            <patternProperty>http403</patternProperty>
            <caseSensitive>true</caseSensitive>
          </con:configuration>
        </con:assertion>
      </con:entry>
    </con:config>
  </con:testStep>
  <con:testStep type="transfer" name="Property Transfer 31" id="9fb4c2a5-f421-4493-8aed-760861008dd7">
    <con:settings/>
    <con:config xsi:type="con:PropertyTransfersStep" xmlns:xsi="http://www.w3.org/2001/XMLSchema-instance">
      <con:transfers setNullOnMissingSource="true" transferTextContent="true" failOnError="true" ignoreEmpty="false" transferToAll="false" entitize="false" transferChildNodes="false">
        <con:name>createdForSalesOrg</con:name>
        <con:sourceType>DefaultSalesOrganizationRoleId</con:sourceType>
        <con:sourceStep>#Project#</con:sourceStep>
        <con:sourcePath/>
        <con:targetType>req_createdForSalesOrg</con:targetType>
        <con:targetStep>Delete get permission - CreatedBySelfOrgScope</con:targetStep>
        <con:targetPath/>
        <con:upgraded>true</con:upgraded>
      </con:transfers>
    </con:config>
  </con:testStep>
  <con:testStep type="calltestcase" name="Delete get permission - CreatedBySelfOrgScope" id="db5cddb5-0f66-4e8f-b619-89610a38b248">
    <con:settings/>
    <con:config xsi:type="con:RunTestCaseStep" xmlns:xsi="http://www.w3.org/2001/XMLSchema-instance">
      <con:targetTestCase>ef1ecdf4-8483-46d8-a3c9-87064bd44ad2</con:targetTestCase>
      <con:properties>
        <con:property>
          <con:name>req_userId</con:name>
          <con:value>57</con:value>
        </con:property>
        <con:property>
          <con:name>req_soId</con:name>
          <con:value>55</con:value>
        </con:property>
        <con:property>
          <con:name>res_code</con:name>
          <con:value>200</con:value>
        </con:property>
        <con:property>
          <con:name>res_errorMessage</con:name>
          <con:value xsi:nil="true"/>
        </con:property>
        <con:property>
          <con:name>req_action</con:name>
          <con:value>TRM.Get</con:value>
        </con:property>
        <con:property>
          <con:name>req_createdForSalesOrg</con:name>
          <con:value>1</con:value>
        </con:property>
      </con:properties>
      <con:returnProperties>
        <con:entry>res_code</con:entry>
        <con:entry>res_errorMessage</con:entry>
      </con:returnProperties>
      <con:runMode>PARALLELL</con:runMode>
    </con:config>
  </con:testStep>
  <con:testStep type="manualTestStep" name="**** VIEW TERMINAL - CreatedBySelfScope ********************" id="03ec80b6-8404-4b7d-9544-4f3ea40579de" disabled="true">
    <con:settings/>
    <con:config xsi:type="con:ManualTestStep" xmlns:xsi="http://www.w3.org/2001/XMLSchema-instance"/>
  </con:testStep>
  <con:testStep type="transfer" name="Property Transfer userToken org1 - CreatedBySelfScope" id="29c032c7-2540-4590-8ca1-a27a65d9c7d8">
    <con:settings/>
    <con:config xsi:type="con:PropertyTransfersStep" xmlns:xsi="http://www.w3.org/2001/XMLSchema-instance">
      <con:transfers setNullOnMissingSource="true" transferTextContent="true" failOnError="true" ignoreEmpty="false" transferToAll="false" entitize="false" transferChildNodes="false">
        <con:name>userToken</con:name>
        <con:sourceType>userToken</con:sourceType>
        <con:sourceStep>Create initial data</con:sourceStep>
        <con:sourcePath/>
        <con:targetType>AuthorizationUser</con:targetType>
        <con:targetStep>#Project#</con:targetStep>
        <con:targetPath/>
        <con:upgraded>true</con:upgraded>
      </con:transfers>
    </con:config>
  </con:testStep>
  <con:testStep type="transfer" name="Property Transfer for viewTerminal - CreatedBySelfScope" id="f24dbbd5-d10e-4d69-8dca-c58f273a3ba3">
    <con:settings/>
    <con:config xsi:type="con:PropertyTransfersStep" xmlns:xsi="http://www.w3.org/2001/XMLSchema-instance">
      <con:transfers setNullOnMissingSource="true" transferTextContent="true" failOnError="true" ignoreEmpty="false" transferToAll="false" entitize="false" transferChildNodes="false">
        <con:name>userId</con:name>
        <con:sourceType>res_userRoleId</con:sourceType>
        <con:sourceStep>Create initial data</con:sourceStep>
        <con:sourcePath/>
        <con:targetType>req_UserId</con:targetType>
        <con:targetStep>Authorize view terminal - CreatedBySelfScope</con:targetStep>
        <con:targetPath/>
        <con:upgraded>true</con:upgraded>
      </con:transfers>
      <con:transfers setNullOnMissingSource="true" transferTextContent="true" failOnError="true" ignoreEmpty="false" transferToAll="false" entitize="false" transferChildNodes="false">
        <con:name>soId</con:name>
        <con:sourceType>res_salesOrgId</con:sourceType>
        <con:sourceStep>Create initial data</con:sourceStep>
        <con:targetType>req_SoId</con:targetType>
        <con:targetStep>Authorize view terminal - CreatedBySelfScope</con:targetStep>
        <con:upgraded>true</con:upgraded>
      </con:transfers>
      <con:transfers setNullOnMissingSource="true" transferTextContent="true" failOnError="true" ignoreEmpty="false" transferToAll="false" entitize="false" transferChildNodes="false">
        <con:name>domain</con:name>
        <con:sourceType>domain_terminal</con:sourceType>
        <con:sourceStep>Properties</con:sourceStep>
        <con:targetType>req_Domain</con:targetType>
        <con:targetStep>Authorize view terminal - CreatedBySelfScope</con:targetStep>
        <con:upgraded>true</con:upgraded>
      </con:transfers>
      <con:transfers setNullOnMissingSource="false" transferTextContent="true" failOnError="true" ignoreEmpty="false" transferToAll="false" entitize="false" transferChildNodes="false">
        <con:name>action</con:name>
        <con:sourceType>action_ViewTerminal</con:sourceType>
        <con:sourceStep>Properties</con:sourceStep>
        <con:targetType>req_Action</con:targetType>
        <con:targetStep>Authorize view terminal - CreatedBySelfScope</con:targetStep>
        <con:upgraded>true</con:upgraded>
      </con:transfers>
      <con:transfers setNullOnMissingSource="true" transferTextContent="true" failOnError="true" ignoreEmpty="false" transferToAll="false" entitize="false" transferChildNodes="false">
        <con:name>scope</con:name>
        <con:sourceType>scope_CreatedBySelfScope</con:sourceType>
        <con:sourceStep>Properties</con:sourceStep>
        <con:targetType>req_Scope</con:targetType>
        <con:targetStep>Authorize view terminal - CreatedBySelfScope</con:targetStep>
        <con:upgraded>true</con:upgraded>
      </con:transfers>
      <con:transfers setNullOnMissingSource="true" transferTextContent="true" failOnError="true" ignoreEmpty="false" transferToAll="false" entitize="false" transferChildNodes="false">
        <con:name>profile</con:name>
        <con:sourceType>profile_CSR</con:sourceType>
        <con:sourceStep>Properties</con:sourceStep>
        <con:targetType>req_Profile</con:targetType>
        <con:targetStep>Authorize view terminal - CreatedBySelfScope</con:targetStep>
        <con:upgraded>true</con:upgraded>
      </con:transfers>
      <con:transfers setNullOnMissingSource="true" transferTextContent="true" failOnError="true" ignoreEmpty="false" transferToAll="false" entitize="false" transferChildNodes="false">
        <con:name>condition</con:name>
        <con:sourceType>condition_Null</con:sourceType>
        <con:sourceStep>Properties</con:sourceStep>
        <con:targetType>req_Condition</con:targetType>
        <con:targetStep>Authorize view terminal - CreatedBySelfScope</con:targetStep>
        <con:upgraded>true</con:upgraded>
      </con:transfers>
      <con:transfers setNullOnMissingSource="true" transferTextContent="true" failOnError="true" ignoreEmpty="false" transferToAll="false" entitize="false" transferChildNodes="false">
        <con:name>userId-delete</con:name>
        <con:sourceType>res_userRoleId</con:sourceType>
        <con:sourceStep>Create initial data</con:sourceStep>
        <con:targetType>req_userId</con:targetType>
        <con:targetStep>Delete view permission - CreatedBySelfScope</con:targetStep>
        <con:upgraded>true</con:upgraded>
      </con:transfers>
      <con:transfers setNullOnMissingSource="true" transferTextContent="true" failOnError="true" ignoreEmpty="false" transferToAll="false" entitize="false" transferChildNodes="false">
        <con:name>soId-delete</con:name>
        <con:sourceType>res_salesOrgId</con:sourceType>
        <con:sourceStep>Create initial data</con:sourceStep>
        <con:targetType>req_soId</con:targetType>
        <con:targetStep>Delete view permission - CreatedBySelfScope</con:targetStep>
        <con:upgraded>true</con:upgraded>
      </con:transfers>
      <con:transfers setNullOnMissingSource="true" transferTextContent="true" failOnError="true" ignoreEmpty="false" transferToAll="false" entitize="false" transferChildNodes="false">
        <con:name>action-delete</con:name>
        <con:sourceType>action_ViewTerminal</con:sourceType>
        <con:sourceStep>Properties</con:sourceStep>
        <con:targetType>req_action</con:targetType>
        <con:targetStep>Delete view permission - CreatedBySelfScope</con:targetStep>
        <con:upgraded>true</con:upgraded>
      </con:transfers>
      <con:transfers setNullOnMissingSource="true" transferTextContent="true" failOnError="true" ignoreEmpty="false" transferToAll="false" entitize="false" transferChildNodes="false">
        <con:name>createdForSalesOrg</con:name>
        <con:sourceType>DefaultSalesOrganizationRoleId</con:sourceType>
        <con:sourceStep>#Project#</con:sourceStep>
        <con:targetType>req_createdForSalesOrg</con:targetType>
        <con:targetStep>Authorize view terminal - CreatedBySelfScope</con:targetStep>
        <con:upgraded>true</con:upgraded>
      </con:transfers>
    </con:config>
  </con:testStep>
  <con:testStep type="calltestcase" name="Authorize view terminal - CreatedBySelfScope" id="a8643867-0f42-4be4-8112-9c1ed0221cda">
    <con:settings/>
    <con:config xsi:type="con:RunTestCaseStep" xmlns:xsi="http://www.w3.org/2001/XMLSchema-instance">
      <con:targetTestCase>7598e6a9-915e-450f-9530-8976eb29de47</con:targetTestCase>
      <con:properties>
        <con:property>
          <con:name>req_UserId</con:name>
          <con:value>57</con:value>
        </con:property>
        <con:property>
          <con:name>req_SoId</con:name>
          <con:value>55</con:value>
        </con:property>
        <con:property>
          <con:name>req_Domain</con:name>
          <con:value>TRM</con:value>
        </con:property>
        <con:property>
          <con:name>req_Action</con:name>
          <con:value>TRM.View</con:value>
        </con:property>
        <con:property>
          <con:name>req_Scope</con:name>
          <con:value>CreatedByMeScope</con:value>
        </con:property>
        <con:property>
          <con:name>req_Profile</con:name>
          <con:value>CSR</con:value>
        </con:property>
        <con:property>
          <con:name>req_Condition</con:name>
          <con:value>NullCondition</con:value>
        </con:property>
        <con:property>
          <con:name>res_code</con:name>
          <con:value>200</con:value>
        </con:property>
        <con:property>
          <con:name>res_errorMessageCreate</con:name>
          <con:value xsi:nil="true"/>
        </con:property>
        <con:property>
          <con:name>res_errorMessageAdd</con:name>
          <con:value xsi:nil="true"/>
        </con:property>
        <con:property>
          <con:name>res_errorMessageSubmit</con:name>
          <con:value xsi:nil="true"/>
        </con:property>
        <con:property>
          <con:name>response</con:name>
          <con:value>{"businessInteractionType":34,"code":"PP-2041","description":"Profile Permission at [name-ext-7ec0b598-48cb-4af6-9d50-f17c84983d93] by [John Smith]","mainState":0,"state":5,"createdDate":"2018-03-07T07:26:08+0000","businessInteractionSpec":{"id":75,"journaled":false,"name":"Profile Permission bi spec","specificationType":0,"allowSubmitBIWithoutItem":false,"requiresSession":false,"code":"PROFILE_PERMISSION","requiresActiveSO":false,"biOperationAllowedWhenSOSuspended":false,"reserveAllNonSerializedSpec":false,"allowStockLevelNegative":false,"dynamicMap":{},"type":"com.ericsson.bss.rm.erms.core.entity.dto.bi.BusinessInteractionSpecDTO"},"createdByUserId":"57","createdBySalesOrganizationId":"55","createdForSalesOrganizationRoleId":"1","preventUpdateFromOtherSystem":false,"items":[],"isLocked":false,"businessInteractionRoleId1":98,"businessInteractionRoleId2":95,"businessInteractionRoleId3":95,"id":2041,"href":"/v1/profilePermission/2041","dynamicMap":{},"type":"com.ericsson.bss.rm.erms.core.entity.dto.bi.profilepermission.ProfilePermissionBIResponseDTO"}</con:value>
        </con:property>
        <con:property>
          <con:name>req_createdForSalesOrg</con:name>
          <con:value>1</con:value>
        </con:property>
      </con:properties>
      <con:returnProperties>
        <con:entry>res_code</con:entry>
        <con:entry>res_errorMessageCreate</con:entry>
        <con:entry>res_errorMessageAdd</con:entry>
        <con:entry>res_errorMessageSubmit</con:entry>
        <con:entry>response</con:entry>
      </con:returnProperties>
      <con:runMode>PARALLELL</con:runMode>
    </con:config>
  </con:testStep>
  <con:testStep type="assertionteststep" name="Assertion for Authorize view terminal - CreatedBySelfScope" id="225551ab-842f-4f3e-a092-b6fc96022faf">
    <con:settings/>
    <con:config xsi:type="con:AssertionTestStep" xmlns:xsi="http://www.w3.org/2001/XMLSchema-instance">
      <con:entry>
        <con:id>e9cbe158-b93a-4353-b488-e70d59d3f891</con:id>
        <con:isGroup>false</con:isGroup>
        <con:sourceId>cf142e3d-3f6c-470a-a58c-306776560ab0</con:sourceId>
        <con:propertyName>http200</con:propertyName>
        <con:assertion type="Simple Equals" name="Equals" id="91b7e405-3839-4b55-9a0e-9205ebe46a3d">
          <con:configuration>
            <patternObjectId>a8643867-0f42-4be4-8112-9c1ed0221cda</patternObjectId>
            <patternProperty>res_code</patternProperty>
            <caseSensitive>true</caseSensitive>
          </con:configuration>
        </con:assertion>
      </con:entry>
    </con:config>
  </con:testStep>
  <con:testStep type="calltestcase" name="Display all Create Terminal interactions - CreatedBySelfScope" id="c34dff32-ef5e-4af3-b343-34a8fb9946b1">
    <con:settings/>
    <con:config xsi:type="con:RunTestCaseStep" xmlns:xsi="http://www.w3.org/2001/XMLSchema-instance">
      <con:targetTestCase>b749e299-451e-41da-a1b2-04068fc40f31</con:targetTestCase>
      <con:properties>
        <con:property>
          <con:name>res_status</con:name>
          <con:value>200</con:value>
        </con:property>
        <con:property>
          <con:name>response</con:name>
          <con:value>{"items":[{"businessInteractionType":3,"code":"TRM-1851","description":"Terminal is created at [name-ext-7ec0b598-48cb-4af6-9d50-f17c84983d93] by [John Smith]","mainState":"Closed","state":"Closed","createdDate":"2018-03-07T07:26:02.703Z","preventUpdateFromOtherSystem":false,"id":"1851"}]}</con:value>
        </con:property>
      </con:properties>
      <con:returnProperties>
        <con:entry>res_status</con:entry>
        <con:entry>response</con:entry>
      </con:returnProperties>
      <con:runMode>PARALLELL</con:runMode>
    </con:config>
  </con:testStep>
  <con:testStep type="transfer" name="Property Transfer responseChecker - CreatedBySelfScope" id="1859774c-d318-4514-b66b-62c4466be1c6">
    <con:settings/>
    <con:config xsi:type="con:PropertyTransfersStep" xmlns:xsi="http://www.w3.org/2001/XMLSchema-instance">
      <con:transfers setNullOnMissingSource="true" transferTextContent="true" failOnError="true" ignoreEmpty="false" transferToAll="false" entitize="false" transferChildNodes="false">
        <con:name>responseChecker</con:name>
        <con:sourceType>response</con:sourceType>
        <con:sourceStep>Display all Create Terminal interactions - CreatedBySelfScope</con:sourceStep>
        <con:sourcePath>$['items'][0]['id']</con:sourcePath>
        <con:targetType>responseChecker</con:targetType>
        <con:targetStep>Properties</con:targetStep>
        <con:targetPath/>
        <con:type>JSONPATH</con:type>
        <con:upgraded>true</con:upgraded>
      </con:transfers>
    </con:config>
  </con:testStep>
  <con:testStep type="assertionteststep" name="Assertion for Display all Create Terminal - CreatedBySelfScope" id="ade46a68-cd71-4e38-bdb5-c45aee6ccc58">
    <con:settings/>
    <con:config xsi:type="con:AssertionTestStep" xmlns:xsi="http://www.w3.org/2001/XMLSchema-instance">
      <con:entry>
        <con:id>b569cd9d-241a-4fb3-881b-59c5c5f04103</con:id>
        <con:isGroup>false</con:isGroup>
        <con:sourceId>cf142e3d-3f6c-470a-a58c-306776560ab0</con:sourceId>
        <con:propertyName>responseChecker</con:propertyName>
        <con:assertion type="Simple Contains" name="Contains" id="30789364-8d23-4ac5-9dc4-4d934b9464d0">
          <con:configuration>
            <token>\d+</token>
            <ignoreCase>false</ignoreCase>
            <useRegEx>true</useRegEx>
          </con:configuration>
        </con:assertion>
      </con:entry>
      <con:entry>
        <con:id>e3899981-f1ee-4e23-a436-4696f2109de7</con:id>
        <con:isGroup>false</con:isGroup>
        <con:sourceId>cf142e3d-3f6c-470a-a58c-306776560ab0</con:sourceId>
        <con:propertyName>responseChecker</con:propertyName>
        <con:assertion type="Simple Equals" name="Equals" id="c76651ef-4186-4f1a-aa31-4c70ae6dc0cc">
          <con:configuration>
            <patternObjectId>cf142e3d-3f6c-470a-a58c-306776560ab0</patternObjectId>
            <patternProperty>org1TerminalId</patternProperty>
            <caseSensitive>true</caseSensitive>
          </con:configuration>
        </con:assertion>
      </con:entry>
    </con:config>
  </con:testStep>
  <con:testStep type="transfer" name="Property Transfer for different user same org - Authorize view terminal - CreatedBySelfScope" id="69450cce-cdb7-4638-9d07-e9b70ce78c53">
    <con:settings/>
    <con:config xsi:type="con:PropertyTransfersStep" xmlns:xsi="http://www.w3.org/2001/XMLSchema-instance">
      <con:transfers setNullOnMissingSource="true" transferTextContent="true" failOnError="true" ignoreEmpty="false" transferToAll="false" entitize="false" transferChildNodes="false">
        <con:name>userToken</con:name>
        <con:sourceType>userToken</con:sourceType>
        <con:sourceStep>Create another user from initial data</con:sourceStep>
        <con:sourcePath/>
        <con:targetType>AuthorizationUser</con:targetType>
        <con:targetStep>#Project#</con:targetStep>
        <con:targetPath/>
        <con:upgraded>true</con:upgraded>
      </con:transfers>
    </con:config>
  </con:testStep>
  <con:testStep type="calltestcase" name="Display all Create Terminal interactions different user same org- CreatedBySelfScope" id="d1c37534-3d06-4e45-8ce1-e81645e942b0">
    <con:settings/>
    <con:config xsi:type="con:RunTestCaseStep" xmlns:xsi="http://www.w3.org/2001/XMLSchema-instance">
      <con:targetTestCase>b749e299-451e-41da-a1b2-04068fc40f31</con:targetTestCase>
      <con:properties>
        <con:property>
          <con:name>res_status</con:name>
          <con:value>200</con:value>
        </con:property>
        <con:property>
          <con:name>response</con:name>
          <con:value>{"items":[]}</con:value>
        </con:property>
      </con:properties>
      <con:returnProperties>
        <con:entry>res_status</con:entry>
        <con:entry>response</con:entry>
      </con:returnProperties>
      <con:runMode>PARALLELL</con:runMode>
    </con:config>
  </con:testStep>
  <con:testStep type="transfer" name="Property Transfer responseChecker2 - CreatedBySelfScope" id="b487d8bd-cee8-45be-bdb6-0b719afa97c0">
    <con:settings/>
    <con:config xsi:type="con:PropertyTransfersStep" xmlns:xsi="http://www.w3.org/2001/XMLSchema-instance">
      <con:transfers setNullOnMissingSource="true" transferTextContent="true" failOnError="true" ignoreEmpty="false" transferToAll="false" entitize="false" transferChildNodes="false">
        <con:name>responseChecker</con:name>
        <con:sourceType>response</con:sourceType>
        <con:sourceStep>Display all Create Terminal interactions different user same org- CreatedBySelfScope</con:sourceStep>
        <con:sourcePath>$['items'][0]['id']</con:sourcePath>
        <con:targetType>responseChecker</con:targetType>
        <con:targetStep>Properties</con:targetStep>
        <con:targetPath/>
        <con:type>JSONPATH</con:type>
        <con:upgraded>true</con:upgraded>
      </con:transfers>
    </con:config>
  </con:testStep>
  <con:testStep type="assertionteststep" name="Assertion for Display all Create Terminal different user same org - CreatedBySelfScope" id="2d474d9e-ca9a-4c21-ac91-78b219132927">
    <con:settings/>
    <con:config xsi:type="con:AssertionTestStep" xmlns:xsi="http://www.w3.org/2001/XMLSchema-instance">
      <con:entry>
        <con:id>5ae3be42-8c71-4c3b-b4fb-9787b924c741</con:id>
        <con:isGroup>false</con:isGroup>
        <con:sourceId>cf142e3d-3f6c-470a-a58c-306776560ab0</con:sourceId>
        <con:propertyName>http200</con:propertyName>
        <con:assertion type="Simple Equals" name="Equals" id="de9b8cc5-49e8-4f28-b73f-32b237597af4">
          <con:configuration>
            <patternObjectId>d1c37534-3d06-4e45-8ce1-e81645e942b0</patternObjectId>
            <patternProperty>res_status</patternProperty>
            <caseSensitive>true</caseSensitive>
          </con:configuration>
        </con:assertion>
      </con:entry>
      <con:entry>
        <con:id>50f4bc99-828c-4379-b4fc-b943275ff3ab</con:id>
        <con:isGroup>false</con:isGroup>
        <con:sourceId>d1c37534-3d06-4e45-8ce1-e81645e942b0</con:sourceId>
        <con:propertyName>response</con:propertyName>
        <con:assertion type="Simple Equals" name="Equals 2" id="195116b8-2bb8-4a4d-a25a-b1f66e065151">
          <con:configuration>
            <patternText>{"items":[]}</patternText>
            <caseSensitive>true</caseSensitive>
          </con:configuration>
        </con:assertion>
      </con:entry>
    </con:config>
  </con:testStep>
  <con:testStep type="transfer" name="Property Transfer for different user different org - Authorize view terminal - CreatedBySelfScope" id="50a6b54f-1f07-4a5a-8402-84d50443aa7e">
    <con:settings/>
    <con:config xsi:type="con:PropertyTransfersStep" xmlns:xsi="http://www.w3.org/2001/XMLSchema-instance">
      <con:transfers setNullOnMissingSource="true" transferTextContent="true" failOnError="true" ignoreEmpty="false" transferToAll="false" entitize="false" transferChildNodes="false">
        <con:name>userToken</con:name>
        <con:sourceType>userToken</con:sourceType>
        <con:sourceStep>Create initial data2</con:sourceStep>
        <con:sourcePath/>
        <con:targetType>AuthorizationUser</con:targetType>
        <con:targetStep>#Project#</con:targetStep>
        <con:targetPath/>
        <con:upgraded>true</con:upgraded>
      </con:transfers>
    </con:config>
  </con:testStep>
  <con:testStep type="calltestcase" name="Display all Create Terminal interactions different user different org- CreatedBySelfScope" id="13aeca51-48c3-4f20-aa43-f01312e05c68">
    <con:settings/>
    <con:config xsi:type="con:RunTestCaseStep" xmlns:xsi="http://www.w3.org/2001/XMLSchema-instance">
      <con:targetTestCase>b749e299-451e-41da-a1b2-04068fc40f31</con:targetTestCase>
      <con:properties>
        <con:property>
          <con:name>res_status</con:name>
          <con:value>200</con:value>
        </con:property>
        <con:property>
          <con:name>response</con:name>
          <con:value>{"items":[{"businessInteractionType":3,"code":"TRM-1861","description":"Terminal is created at [name-ext-6ba84153-8915-4aba-adb9-ed49e9523647] by [John Smith]","mainState":"Closed","state":"Closed","createdDate":"2018-03-07T07:26:02.732Z","preventUpdateFromOtherSystem":false,"id":"1861"}]}</con:value>
        </con:property>
      </con:properties>
      <con:returnProperties>
        <con:entry>res_status</con:entry>
        <con:entry>response</con:entry>
      </con:returnProperties>
      <con:runMode>PARALLELL</con:runMode>
    </con:config>
  </con:testStep>
  <con:testStep type="transfer" name="Property Transfer 27 - CreatedBySelfScope" id="24588401-2721-480a-a133-015312f1783a">
    <con:settings/>
    <con:config xsi:type="con:PropertyTransfersStep" xmlns:xsi="http://www.w3.org/2001/XMLSchema-instance">
      <con:transfers setNullOnMissingSource="true" transferTextContent="true" failOnError="true" ignoreEmpty="false" transferToAll="false" entitize="false" transferChildNodes="false">
        <con:name>checkParam</con:name>
        <con:sourceType>response</con:sourceType>
        <con:sourceStep>Display all Create Terminal interactions different user different org- CreatedBySelfOrgScope</con:sourceStep>
        <con:sourcePath>$['items'][0]['id']</con:sourcePath>
        <con:targetType>responseChecker</con:targetType>
        <con:targetStep>Properties</con:targetStep>
        <con:targetPath/>
        <con:type>JSONPATH</con:type>
        <con:upgraded>true</con:upgraded>
      </con:transfers>
    </con:config>
  </con:testStep>
  <con:testStep type="assertionteststep" name="Assertion for Display all Create Terminal different user different org - CreatedBySelfScope" id="9a3f0205-64e0-4444-9a70-59b895da149c">
    <con:settings/>
    <con:config xsi:type="con:AssertionTestStep" xmlns:xsi="http://www.w3.org/2001/XMLSchema-instance">
      <con:entry>
        <con:id>db896fdb-dedf-4c56-a002-b8d4c56a4f57</con:id>
        <con:isGroup>false</con:isGroup>
        <con:sourceId>cf142e3d-3f6c-470a-a58c-306776560ab0</con:sourceId>
        <con:propertyName>http200</con:propertyName>
        <con:assertion type="Simple Equals" name="Equals" id="61b7c500-0645-45f7-94cc-97d5a8ff9a53">
          <con:configuration>
            <patternObjectId>1edf7992-6ebc-4176-bacc-595b94fcabca</patternObjectId>
            <patternProperty>res_status</patternProperty>
            <caseSensitive>true</caseSensitive>
          </con:configuration>
        </con:assertion>
      </con:entry>
      <con:entry>
        <con:id>3d2dec82-f0ee-4a53-a3a1-63a569c31895</con:id>
        <con:isGroup>false</con:isGroup>
        <con:sourceId>cf142e3d-3f6c-470a-a58c-306776560ab0</con:sourceId>
        <con:propertyName>org2TerminalId</con:propertyName>
        <con:assertion type="Simple Equals" name="Equals 2" id="a04081e6-f3f8-4718-912e-a46717a68c18">
          <con:configuration>
            <patternObjectId>cf142e3d-3f6c-470a-a58c-306776560ab0</patternObjectId>
            <patternProperty>responseChecker</patternProperty>
            <caseSensitive>true</caseSensitive>
          </con:configuration>
        </con:assertion>
      </con:entry>
    </con:config>
  </con:testStep>
  <con:testStep type="transfer" name="Property Transfer 32" id="2268e468-4023-4d06-885d-cdaadbf6e549">
    <con:settings/>
    <con:config xsi:type="con:PropertyTransfersStep" xmlns:xsi="http://www.w3.org/2001/XMLSchema-instance">
      <con:transfers setNullOnMissingSource="true" transferTextContent="true" failOnError="true" ignoreEmpty="false" transferToAll="false" entitize="false" transferChildNodes="false">
        <con:name>createdForSalesOrg</con:name>
        <con:sourceType>DefaultSalesOrganizationRoleId</con:sourceType>
        <con:sourceStep>#Project#</con:sourceStep>
        <con:sourcePath/>
        <con:targetType>req_createdForSalesOrg</con:targetType>
        <con:targetStep>Delete view permission - CreatedBySelfScope</con:targetStep>
        <con:targetPath/>
        <con:upgraded>true</con:upgraded>
      </con:transfers>
    </con:config>
  </con:testStep>
  <con:testStep type="calltestcase" name="Delete view permission - CreatedBySelfScope" id="a7cdb1b3-4362-4696-b99f-4583e6f853be">
    <con:settings/>
    <con:config xsi:type="con:RunTestCaseStep" xmlns:xsi="http://www.w3.org/2001/XMLSchema-instance">
      <con:targetTestCase>ef1ecdf4-8483-46d8-a3c9-87064bd44ad2</con:targetTestCase>
      <con:properties>
        <con:property>
          <con:name>req_userId</con:name>
          <con:value>57</con:value>
        </con:property>
        <con:property>
          <con:name>req_soId</con:name>
          <con:value>55</con:value>
        </con:property>
        <con:property>
          <con:name>res_code</con:name>
          <con:value>200</con:value>
        </con:property>
        <con:property>
          <con:name>res_errorMessage</con:name>
          <con:value xsi:nil="true"/>
        </con:property>
        <con:property>
          <con:name>req_action</con:name>
          <con:value>TRM.View</con:value>
        </con:property>
        <con:property>
          <con:name>req_createdForSalesOrg</con:name>
          <con:value>1</con:value>
        </con:property>
      </con:properties>
      <con:returnProperties>
        <con:entry>res_code</con:entry>
        <con:entry>res_errorMessage</con:entry>
      </con:returnProperties>
      <con:runMode>PARALLELL</con:runMode>
    </con:config>
  </con:testStep>
  <con:testStep type="manualTestStep" name="**** GET TERMINAL - CreatedBySelfScope ********************" id="d2569bc7-f56c-4813-9318-50542e35e607" disabled="true">
    <con:settings/>
    <con:config xsi:type="con:ManualTestStep" xmlns:xsi="http://www.w3.org/2001/XMLSchema-instance"/>
  </con:testStep>
  <con:testStep type="transfer" name="Property Transfer for getTerminal - CreatedBySelfScope - ORG1" id="af960365-007d-412b-8987-c46140464338">
    <con:settings/>
    <con:config xsi:type="con:PropertyTransfersStep" xmlns:xsi="http://www.w3.org/2001/XMLSchema-instance">
      <con:transfers setNullOnMissingSource="true" transferTextContent="true" failOnError="true" ignoreEmpty="false" transferToAll="false" entitize="false" transferChildNodes="false">
        <con:name>userId</con:name>
        <con:sourceType>res_userRoleId</con:sourceType>
        <con:sourceStep>Create initial data</con:sourceStep>
        <con:sourcePath/>
        <con:targetType>req_UserId</con:targetType>
        <con:targetStep>Authorize get terminal - CreatedBySelfScope</con:targetStep>
        <con:targetPath/>
        <con:upgraded>true</con:upgraded>
      </con:transfers>
      <con:transfers setNullOnMissingSource="true" transferTextContent="true" failOnError="true" ignoreEmpty="false" transferToAll="false" entitize="false" transferChildNodes="false">
        <con:name>soId</con:name>
        <con:sourceType>res_salesOrgId</con:sourceType>
        <con:sourceStep>Create initial data</con:sourceStep>
        <con:targetType>req_SoId</con:targetType>
        <con:targetStep>Authorize get terminal - CreatedBySelfScope</con:targetStep>
        <con:upgraded>true</con:upgraded>
      </con:transfers>
      <con:transfers setNullOnMissingSource="true" transferTextContent="true" failOnError="true" ignoreEmpty="false" transferToAll="false" entitize="false" transferChildNodes="false">
        <con:name>domain</con:name>
        <con:sourceType>domain_terminal</con:sourceType>
        <con:sourceStep>Properties</con:sourceStep>
        <con:targetType>req_Domain</con:targetType>
        <con:targetStep>Authorize get terminal - CreatedBySelfScope</con:targetStep>
        <con:upgraded>true</con:upgraded>
      </con:transfers>
      <con:transfers setNullOnMissingSource="false" transferTextContent="true" failOnError="true" ignoreEmpty="false" transferToAll="false" entitize="false" transferChildNodes="false">
        <con:name>action</con:name>
        <con:sourceType>action_GetTerminal</con:sourceType>
        <con:sourceStep>Properties</con:sourceStep>
        <con:targetType>req_Action</con:targetType>
        <con:targetStep>Authorize get terminal - CreatedBySelfScope</con:targetStep>
        <con:upgraded>true</con:upgraded>
      </con:transfers>
      <con:transfers setNullOnMissingSource="true" transferTextContent="true" failOnError="true" ignoreEmpty="false" transferToAll="false" entitize="false" transferChildNodes="false">
        <con:name>scope</con:name>
        <con:sourceType>scope_CreatedBySelfScope</con:sourceType>
        <con:sourceStep>Properties</con:sourceStep>
        <con:targetType>req_Scope</con:targetType>
        <con:targetStep>Authorize get terminal - CreatedBySelfScope</con:targetStep>
        <con:upgraded>true</con:upgraded>
      </con:transfers>
      <con:transfers setNullOnMissingSource="true" transferTextContent="true" failOnError="true" ignoreEmpty="false" transferToAll="false" entitize="false" transferChildNodes="false">
        <con:name>profile</con:name>
        <con:sourceType>profile_CSR</con:sourceType>
        <con:sourceStep>Properties</con:sourceStep>
        <con:targetType>req_Profile</con:targetType>
        <con:targetStep>Authorize get terminal - CreatedBySelfScope</con:targetStep>
        <con:upgraded>true</con:upgraded>
      </con:transfers>
      <con:transfers setNullOnMissingSource="true" transferTextContent="true" failOnError="true" ignoreEmpty="false" transferToAll="false" entitize="false" transferChildNodes="false">
        <con:name>condition</con:name>
        <con:sourceType>condition_Null</con:sourceType>
        <con:sourceStep>Properties</con:sourceStep>
        <con:targetType>req_Condition</con:targetType>
        <con:targetStep>Authorize get terminal - CreatedBySelfScope</con:targetStep>
        <con:upgraded>true</con:upgraded>
      </con:transfers>
      <con:transfers setNullOnMissingSource="true" transferTextContent="true" failOnError="true" ignoreEmpty="false" transferToAll="false" entitize="false" transferChildNodes="false">
        <con:name>userId-delete</con:name>
        <con:sourceType>res_userRoleId</con:sourceType>
        <con:sourceStep>Create initial data</con:sourceStep>
        <con:targetType>req_userId</con:targetType>
        <con:targetStep>Delete get permission - - CreatedBySelfScope</con:targetStep>
        <con:upgraded>true</con:upgraded>
      </con:transfers>
      <con:transfers setNullOnMissingSource="true" transferTextContent="true" failOnError="true" ignoreEmpty="false" transferToAll="false" entitize="false" transferChildNodes="false">
        <con:name>soId-delete</con:name>
        <con:sourceType>res_salesOrgId</con:sourceType>
        <con:sourceStep>Create initial data</con:sourceStep>
        <con:targetType>req_soId</con:targetType>
        <con:targetStep>Delete get permission - - CreatedBySelfScope</con:targetStep>
        <con:upgraded>true</con:upgraded>
      </con:transfers>
      <con:transfers setNullOnMissingSource="true" transferTextContent="true" failOnError="true" ignoreEmpty="false" transferToAll="false" entitize="false" transferChildNodes="false">
        <con:name>action-delete</con:name>
        <con:sourceType>action_GetTerminal</con:sourceType>
        <con:sourceStep>Properties</con:sourceStep>
        <con:targetType>req_action</con:targetType>
        <con:targetStep>Delete get permission - - CreatedBySelfScope</con:targetStep>
        <con:upgraded>true</con:upgraded>
      </con:transfers>
      <con:transfers setNullOnMissingSource="true" transferTextContent="true" failOnError="true" ignoreEmpty="false" transferToAll="false" entitize="false" transferChildNodes="false">
        <con:name>userToken</con:name>
        <con:sourceType>userToken</con:sourceType>
        <con:sourceStep>Create initial data</con:sourceStep>
        <con:targetType>AuthorizationUser</con:targetType>
        <con:targetStep>#Project#</con:targetStep>
        <con:upgraded>true</con:upgraded>
      </con:transfers>
      <con:transfers setNullOnMissingSource="true" transferTextContent="true" failOnError="true" ignoreEmpty="false" transferToAll="false" entitize="false" transferChildNodes="false">
        <con:name>createdForSalesOrg</con:name>
        <con:sourceType>DefaultSalesOrganizationRoleId</con:sourceType>
        <con:sourceStep>#Project#</con:sourceStep>
        <con:targetType>req_createdForSalesOrg</con:targetType>
        <con:targetStep>Authorize get terminal - CreatedBySelfScope</con:targetStep>
        <con:upgraded>true</con:upgraded>
      </con:transfers>
    </con:config>
  </con:testStep>
  <con:testStep type="calltestcase" name="Authorize get terminal - CreatedBySelfScope" id="e425c841-893c-4571-848e-acd9944f378a">
    <con:settings/>
    <con:config xsi:type="con:RunTestCaseStep" xmlns:xsi="http://www.w3.org/2001/XMLSchema-instance">
      <con:targetTestCase>7598e6a9-915e-450f-9530-8976eb29de47</con:targetTestCase>
      <con:properties>
        <con:property>
          <con:name>req_UserId</con:name>
          <con:value>57</con:value>
        </con:property>
        <con:property>
          <con:name>req_SoId</con:name>
          <con:value>55</con:value>
        </con:property>
        <con:property>
          <con:name>req_Domain</con:name>
          <con:value>TRM</con:value>
        </con:property>
        <con:property>
          <con:name>req_Action</con:name>
          <con:value>TRM.Get</con:value>
        </con:property>
        <con:property>
          <con:name>req_Scope</con:name>
          <con:value>CreatedByMeScope</con:value>
        </con:property>
        <con:property>
          <con:name>req_Profile</con:name>
          <con:value>CSR</con:value>
        </con:property>
        <con:property>
          <con:name>req_Condition</con:name>
          <con:value>NullCondition</con:value>
        </con:property>
        <con:property>
          <con:name>res_code</con:name>
          <con:value>200</con:value>
        </con:property>
        <con:property>
          <con:name>res_errorMessageCreate</con:name>
          <con:value xsi:nil="true"/>
        </con:property>
        <con:property>
          <con:name>res_errorMessageAdd</con:name>
          <con:value xsi:nil="true"/>
        </con:property>
        <con:property>
          <con:name>res_errorMessageSubmit</con:name>
          <con:value xsi:nil="true"/>
        </con:property>
        <con:property>
          <con:name>response</con:name>
          <con:value>{"businessInteractionType":34,"code":"PP-2061","description":"Profile Permission at [name-ext-7ec0b598-48cb-4af6-9d50-f17c84983d93] by [John Smith]","mainState":0,"state":5,"createdDate":"2018-03-07T07:26:09+0000","businessInteractionSpec":{"id":75,"journaled":false,"name":"Profile Permission bi spec","specificationType":0,"allowSubmitBIWithoutItem":false,"requiresSession":false,"code":"PROFILE_PERMISSION","requiresActiveSO":false,"biOperationAllowedWhenSOSuspended":false,"reserveAllNonSerializedSpec":false,"allowStockLevelNegative":false,"dynamicMap":{},"type":"com.ericsson.bss.rm.erms.core.entity.dto.bi.BusinessInteractionSpecDTO"},"createdByUserId":"57","createdBySalesOrganizationId":"55","createdForSalesOrganizationRoleId":"1","preventUpdateFromOtherSystem":false,"items":[],"isLocked":false,"businessInteractionRoleId1":98,"businessInteractionRoleId2":95,"businessInteractionRoleId3":95,"id":2061,"href":"/v1/profilePermission/2061","dynamicMap":{},"type":"com.ericsson.bss.rm.erms.core.entity.dto.bi.profilepermission.ProfilePermissionBIResponseDTO"}</con:value>
        </con:property>
        <con:property>
          <con:name>req_createdForSalesOrg</con:name>
          <con:value>1</con:value>
        </con:property>
      </con:properties>
      <con:returnProperties>
        <con:entry>res_code</con:entry>
        <con:entry>res_errorMessageCreate</con:entry>
        <con:entry>res_errorMessageAdd</con:entry>
        <con:entry>res_errorMessageSubmit</con:entry>
        <con:entry>response</con:entry>
      </con:returnProperties>
      <con:runMode>PARALLELL</con:runMode>
    </con:config>
  </con:testStep>
  <con:testStep type="assertionteststep" name="Assertion for Authorize get terminal - CreatedBySelfScope" id="75d16873-d548-4be2-9bd9-239430cba248">
    <con:settings/>
    <con:config xsi:type="con:AssertionTestStep" xmlns:xsi="http://www.w3.org/2001/XMLSchema-instance">
      <con:entry>
        <con:id>ab8a6798-17d0-458d-99b2-6ae1d540fce1</con:id>
        <con:isGroup>false</con:isGroup>
        <con:sourceId>cf142e3d-3f6c-470a-a58c-306776560ab0</con:sourceId>
        <con:propertyName>http200</con:propertyName>
        <con:assertion type="Simple Equals" name="Equals" id="ec62f986-dc55-4c41-b2cf-d5376fbad251">
          <con:configuration>
            <patternObjectId>e425c841-893c-4571-848e-acd9944f378a</patternObjectId>
            <patternProperty>res_code</patternProperty>
            <caseSensitive>true</caseSensitive>
          </con:configuration>
        </con:assertion>
      </con:entry>
    </con:config>
  </con:testStep>
  <con:testStep type="transfer" name="Property Transfer 12-2 - ORG1 - CreatedBySelfScope" id="a7763a5a-669e-4154-a4a4-dfbe000c1f79">
    <con:settings/>
    <con:config xsi:type="con:PropertyTransfersStep" xmlns:xsi="http://www.w3.org/2001/XMLSchema-instance">
      <con:transfers setNullOnMissingSource="true" transferTextContent="true" failOnError="true" transferChildNodes="false" ignoreEmpty="true" transferToAll="false" entitize="false">
        <con:name>biId</con:name>
        <con:sourceType>res_biId</con:sourceType>
        <con:sourceStep>Create terminal bi</con:sourceStep>
        <con:targetType>req_biId</con:targetType>
        <con:targetStep>Display terminal all item - ORG1 - CreatedBySelfScope</con:targetStep>
        <con:upgraded>true</con:upgraded>
      </con:transfers>
      <con:transfers setNullOnMissingSource="true" transferTextContent="true" failOnError="true" ignoreEmpty="false" transferToAll="false" entitize="false" transferChildNodes="false">
        <con:name>biId Org2</con:name>
        <con:sourceType>res_biId</con:sourceType>
        <con:sourceStep>Create terminal bi ORG2</con:sourceStep>
        <con:targetType>req_biId</con:targetType>
        <con:targetStep>Display terminal all item of organization2 by- ORG1 - CreatedBySelfScope - fail</con:targetStep>
        <con:upgraded>true</con:upgraded>
      </con:transfers>
    </con:config>
  </con:testStep>
  <con:testStep type="calltestcase" name="Display terminal all item - ORG1 - CreatedBySelfScope" id="efbbb83c-26dc-4170-b3b6-f2f1e6571e19">
    <con:settings/>
    <con:config xsi:type="con:RunTestCaseStep" xmlns:xsi="http://www.w3.org/2001/XMLSchema-instance">
      <con:targetTestCase>681a40fb-9759-42d4-8ec6-0d2fa7bb613b</con:targetTestCase>
      <con:properties>
        <con:property>
          <con:name>req_biId</con:name>
          <con:value>1851</con:value>
        </con:property>
        <con:property>
          <con:name>res_code</con:name>
          <con:value>200</con:value>
        </con:property>
        <con:property>
          <con:name>response</con:name>
          <con:value>{"items":[{"externalId":"ext-7d813a6a-b130-42b0-901f-10d359b8b1b8","salesOrganizationRoleExternalId":"ext-7ec0b598-48cb-4af6-9d50-f17c84983d93","name":"ext-7d813a6a-b130-42b0-901f-10d359b8b1b8","id":"217"}]}</con:value>
        </con:property>
      </con:properties>
      <con:returnProperties>
        <con:entry>res_code</con:entry>
        <con:entry>response</con:entry>
      </con:returnProperties>
      <con:runMode>PARALLELL</con:runMode>
    </con:config>
  </con:testStep>
  <con:testStep type="calltestcase" name="Display terminal all item of organization2 by- ORG1 - CreatedBySelfScope - fail" id="acc60ea8-ea52-4c64-99d1-3fb4d86ef71b">
    <con:settings/>
    <con:config xsi:type="con:RunTestCaseStep" xmlns:xsi="http://www.w3.org/2001/XMLSchema-instance">
      <con:targetTestCase>681a40fb-9759-42d4-8ec6-0d2fa7bb613b</con:targetTestCase>
      <con:properties>
        <con:property>
          <con:name>req_biId</con:name>
          <con:value>1861</con:value>
        </con:property>
        <con:property>
          <con:name>res_code</con:name>
          <con:value>403</con:value>
        </con:property>
        <con:property>
          <con:name>response</con:name>
          <con:value>{
  "error" : "User cannot perform the requested action",
  "code" : "NOT_PERMITTED_SCOPE_EXCEPTION",
  "httpStatusCode" : 403,
  "httpStatusCodeDescription" : "Forbidden",
  "errorMessage" : "No Permission with [Always - Created By Me]",
  "context" : {
    "salesOrganizationId" : 55,
    "userId" : 57,
    "action" : "TRM.Get",
    "profileId" : "CSR"
  },
  "condition" : "Always",
  "scope" : "Created By Me",
  "localizedMessage" : "No Permission with [Always - Created By Me]",
  "createdAt" : 60,
  "createdFor" : 60
}</con:value>
        </con:property>
      </con:properties>
      <con:returnProperties>
        <con:entry>res_code</con:entry>
        <con:entry>response</con:entry>
      </con:returnProperties>
      <con:runMode>PARALLELL</con:runMode>
    </con:config>
  </con:testStep>
  <con:testStep type="assertionteststep" name="Assertion for get terminal -  - CreatedBySelfScope ORG1" id="5ca3bb17-595e-4467-ba20-1c82c1684f6c">
    <con:settings/>
    <con:config xsi:type="con:AssertionTestStep" xmlns:xsi="http://www.w3.org/2001/XMLSchema-instance">
      <con:entry>
        <con:id>afd064ab-1687-4184-bf92-61372be8b1a9</con:id>
        <con:isGroup>false</con:isGroup>
        <con:sourceId>cf142e3d-3f6c-470a-a58c-306776560ab0</con:sourceId>
        <con:propertyName>http200</con:propertyName>
        <con:assertion type="Simple Equals" name="Equals" id="26c21a4c-6a00-40bf-ba5e-e5f24067ab6f">
          <con:configuration>
            <patternObjectId>efbbb83c-26dc-4170-b3b6-f2f1e6571e19</patternObjectId>
            <patternProperty>res_code</patternProperty>
            <caseSensitive>true</caseSensitive>
          </con:configuration>
        </con:assertion>
      </con:entry>
      <con:entry>
        <con:id>f84f3391-c7cf-4379-888a-56f707d77891</con:id>
        <con:isGroup>false</con:isGroup>
        <con:sourceId>cf142e3d-3f6c-470a-a58c-306776560ab0</con:sourceId>
        <con:propertyName>http403</con:propertyName>
        <con:assertion type="Simple Equals" name="Equals 2" id="72ada13c-6f28-4fa5-83d6-62a92eacdf01">
          <con:configuration>
            <patternObjectId>acc60ea8-ea52-4c64-99d1-3fb4d86ef71b</patternObjectId>
            <patternProperty>res_code</patternProperty>
            <caseSensitive>true</caseSensitive>
          </con:configuration>
        </con:assertion>
      </con:entry>
    </con:config>
  </con:testStep>
  <con:testStep type="transfer" name="Property Transfer 12-2 - ORG1 User2  - CreatedBySelfScope" id="5aa5d04b-c667-497e-9b58-b8944ab2ad46">
    <con:settings/>
    <con:config xsi:type="con:PropertyTransfersStep" xmlns:xsi="http://www.w3.org/2001/XMLSchema-instance">
      <con:transfers setNullOnMissingSource="true" transferTextContent="true" failOnError="true" transferChildNodes="false" ignoreEmpty="true" transferToAll="false" entitize="false">
        <con:name>biId</con:name>
        <con:sourceType>res_biId</con:sourceType>
        <con:sourceStep>Create terminal bi</con:sourceStep>
        <con:targetType>req_biId</con:targetType>
        <con:targetStep>Display terminal all item - ORG1 User2  - CreatedBySelfScope - fail</con:targetStep>
        <con:upgraded>true</con:upgraded>
      </con:transfers>
      <con:transfers setNullOnMissingSource="true" transferTextContent="true" failOnError="true" ignoreEmpty="false" transferToAll="false" entitize="false" transferChildNodes="false">
        <con:name>userToken</con:name>
        <con:sourceType>userToken</con:sourceType>
        <con:sourceStep>Create another user from initial data</con:sourceStep>
        <con:targetType>AuthorizationUser</con:targetType>
        <con:targetStep>#Project#</con:targetStep>
        <con:upgraded>true</con:upgraded>
      </con:transfers>
      <con:transfers setNullOnMissingSource="true" transferTextContent="true" failOnError="true" ignoreEmpty="false" transferToAll="false" entitize="false" transferChildNodes="false">
        <con:name>biId org2</con:name>
        <con:sourceType>res_biId</con:sourceType>
        <con:sourceStep>Create terminal bi ORG2</con:sourceStep>
        <con:targetType>req_biId</con:targetType>
        <con:targetStep>Display terminal all item of organization2 by- ORG1 user2 - CreatedBySelfScope- fail</con:targetStep>
        <con:upgraded>true</con:upgraded>
      </con:transfers>
    </con:config>
  </con:testStep>
  <con:testStep type="calltestcase" name="Display terminal all item - ORG1 User2  - CreatedBySelfScope - fail" id="f9f51d59-236f-401a-b098-a02a8b279065">
    <con:settings/>
    <con:config xsi:type="con:RunTestCaseStep" xmlns:xsi="http://www.w3.org/2001/XMLSchema-instance">
      <con:targetTestCase>681a40fb-9759-42d4-8ec6-0d2fa7bb613b</con:targetTestCase>
      <con:properties>
        <con:property>
          <con:name>req_biId</con:name>
          <con:value>1851</con:value>
        </con:property>
        <con:property>
          <con:name>res_code</con:name>
          <con:value>403</con:value>
        </con:property>
        <con:property>
          <con:name>response</con:name>
          <con:value>{
  "error" : "User cannot perform the requested action",
  "code" : "NOT_PERMITTED_SCOPE_EXCEPTION",
  "httpStatusCode" : 403,
  "httpStatusCodeDescription" : "Forbidden",
  "errorMessage" : "No Permission with [Always - Created By Me]",
  "context" : {
    "salesOrganizationId" : 55,
    "userId" : 59,
    "action" : "TRM.Get",
    "profileId" : "CSR"
  },
  "condition" : "Always",
  "scope" : "Created By Me",
  "localizedMessage" : "No Permission with [Always - Created By Me]",
  "createdAt" : 55,
  "createdFor" : 55
}</con:value>
        </con:property>
      </con:properties>
      <con:returnProperties>
        <con:entry>res_code</con:entry>
        <con:entry>response</con:entry>
      </con:returnProperties>
      <con:runMode>PARALLELL</con:runMode>
    </con:config>
  </con:testStep>
  <con:testStep type="calltestcase" name="Display terminal all item of organization2 by- ORG1 user2 - CreatedBySelfScope- fail" id="45181fbd-2344-49d7-b91e-94f2efbb02e4">
    <con:settings/>
    <con:config xsi:type="con:RunTestCaseStep" xmlns:xsi="http://www.w3.org/2001/XMLSchema-instance">
      <con:targetTestCase>681a40fb-9759-42d4-8ec6-0d2fa7bb613b</con:targetTestCase>
      <con:properties>
        <con:property>
          <con:name>req_biId</con:name>
          <con:value>1861</con:value>
        </con:property>
        <con:property>
          <con:name>res_code</con:name>
          <con:value>403</con:value>
        </con:property>
        <con:property>
          <con:name>response</con:name>
          <con:value>{
  "error" : "User cannot perform the requested action",
  "code" : "NOT_PERMITTED_SCOPE_EXCEPTION",
  "httpStatusCode" : 403,
  "httpStatusCodeDescription" : "Forbidden",
  "errorMessage" : "No Permission with [Always - Created By Me]",
  "context" : {
    "salesOrganizationId" : 55,
    "userId" : 59,
    "action" : "TRM.Get",
    "profileId" : "CSR"
  },
  "condition" : "Always",
  "scope" : "Created By Me",
  "localizedMessage" : "No Permission with [Always - Created By Me]",
  "createdAt" : 60,
  "createdFor" : 60
}</con:value>
        </con:property>
      </con:properties>
      <con:returnProperties>
        <con:entry>res_code</con:entry>
        <con:entry>response</con:entry>
      </con:returnProperties>
      <con:runMode>PARALLELL</con:runMode>
    </con:config>
  </con:testStep>
  <con:testStep type="assertionteststep" name="Assertion for get terminal -  - CreatedBySelfScope ORG1 user2" id="6eddc5c8-2daa-4f2e-8277-a5ccc3b095f6">
    <con:settings/>
    <con:config xsi:type="con:AssertionTestStep" xmlns:xsi="http://www.w3.org/2001/XMLSchema-instance">
      <con:entry>
        <con:id>f5fd179c-6f07-4e8d-8957-6652498e61fb</con:id>
        <con:isGroup>false</con:isGroup>
        <con:sourceId>cf142e3d-3f6c-470a-a58c-306776560ab0</con:sourceId>
        <con:propertyName>http403</con:propertyName>
        <con:assertion type="Simple Equals" name="Equals" id="a7399972-b20e-4d25-ba10-b76c6bf95c3d">
          <con:configuration>
            <patternObjectId>f9f51d59-236f-401a-b098-a02a8b279065</patternObjectId>
            <patternProperty>res_code</patternProperty>
            <caseSensitive>true</caseSensitive>
          </con:configuration>
        </con:assertion>
      </con:entry>
      <con:entry>
        <con:id>661a2b4c-3db5-4b11-8573-53d2f74f6025</con:id>
        <con:isGroup>false</con:isGroup>
        <con:sourceId>cf142e3d-3f6c-470a-a58c-306776560ab0</con:sourceId>
        <con:propertyName>http403</con:propertyName>
        <con:assertion type="Simple Equals" name="Equals 2" id="98a016eb-d83b-42ce-b452-f3536cd56ff4">
          <con:configuration>
            <patternObjectId>45181fbd-2344-49d7-b91e-94f2efbb02e4</patternObjectId>
            <patternProperty>res_code</patternProperty>
            <caseSensitive>true</caseSensitive>
          </con:configuration>
        </con:assertion>
      </con:entry>
    </con:config>
  </con:testStep>
  <con:testStep type="transfer" name="Property Transfer 12-2 - ORG2  - CreatedBySelfScope" id="a1b14c2d-68cb-4546-8b80-fa261b2c2bdb">
    <con:settings/>
    <con:config xsi:type="con:PropertyTransfersStep" xmlns:xsi="http://www.w3.org/2001/XMLSchema-instance">
      <con:transfers setNullOnMissingSource="true" transferTextContent="true" failOnError="true" transferChildNodes="false" ignoreEmpty="true" transferToAll="false" entitize="false">
        <con:name>biId</con:name>
        <con:sourceType>res_biId</con:sourceType>
        <con:sourceStep>Create terminal bi ORG2</con:sourceStep>
        <con:targetType>req_biId</con:targetType>
        <con:targetStep>Display terminal all item - ORG2  - CreatedBySelfScope</con:targetStep>
        <con:upgraded>true</con:upgraded>
      </con:transfers>
      <con:transfers setNullOnMissingSource="true" transferTextContent="true" failOnError="true" ignoreEmpty="false" transferToAll="false" entitize="false" transferChildNodes="false">
        <con:name>userToken</con:name>
        <con:sourceType>userToken</con:sourceType>
        <con:sourceStep>Create initial data2</con:sourceStep>
        <con:targetType>AuthorizationUser</con:targetType>
        <con:targetStep>#Project#</con:targetStep>
        <con:upgraded>true</con:upgraded>
      </con:transfers>
      <con:transfers setNullOnMissingSource="true" transferTextContent="true" failOnError="true" ignoreEmpty="false" transferToAll="false" entitize="false" transferChildNodes="false">
        <con:name>biId org1</con:name>
        <con:sourceType>res_biId</con:sourceType>
        <con:sourceStep>Create terminal bi</con:sourceStep>
        <con:targetType>req_biId</con:targetType>
        <con:targetStep>Display terminal all item of organization1 by- ORG2  - CreatedBySelfScope- fail</con:targetStep>
        <con:upgraded>true</con:upgraded>
      </con:transfers>
    </con:config>
  </con:testStep>
  <con:testStep type="calltestcase" name="Display terminal all item - ORG2  - CreatedBySelfScope" id="081f8a72-ddba-4140-88b6-f9a650d02303">
    <con:settings/>
    <con:config xsi:type="con:RunTestCaseStep" xmlns:xsi="http://www.w3.org/2001/XMLSchema-instance">
      <con:targetTestCase>681a40fb-9759-42d4-8ec6-0d2fa7bb613b</con:targetTestCase>
      <con:properties>
        <con:property>
          <con:name>req_biId</con:name>
          <con:value>1861</con:value>
        </con:property>
        <con:property>
          <con:name>res_code</con:name>
          <con:value>200</con:value>
        </con:property>
        <con:property>
          <con:name>response</con:name>
          <con:value>{"items":[{"externalId":"ext-50be67ad-5bd9-40ad-9bdc-1d8cce0f34a6","salesOrganizationRoleExternalId":"ext-6ba84153-8915-4aba-adb9-ed49e9523647","name":"ext-50be67ad-5bd9-40ad-9bdc-1d8cce0f34a6","id":"218"}]}</con:value>
        </con:property>
      </con:properties>
      <con:returnProperties>
        <con:entry>res_code</con:entry>
        <con:entry>response</con:entry>
      </con:returnProperties>
      <con:runMode>PARALLELL</con:runMode>
    </con:config>
  </con:testStep>
  <con:testStep type="calltestcase" name="Display terminal all item of organization1 by- ORG2  - CreatedBySelfScope- fail" id="fb4bf84a-124e-4baf-a64e-b92cf073b655">
    <con:settings/>
    <con:config xsi:type="con:RunTestCaseStep" xmlns:xsi="http://www.w3.org/2001/XMLSchema-instance">
      <con:targetTestCase>681a40fb-9759-42d4-8ec6-0d2fa7bb613b</con:targetTestCase>
      <con:properties>
        <con:property>
          <con:name>req_biId</con:name>
          <con:value>1851</con:value>
        </con:property>
        <con:property>
          <con:name>res_code</con:name>
          <con:value>403</con:value>
        </con:property>
        <con:property>
          <con:name>response</con:name>
          <con:value>{
  "error" : "User cannot perform the requested action",
  "code" : "NOT_PERMITTED_SCOPE_EXCEPTION",
  "httpStatusCode" : 403,
  "httpStatusCodeDescription" : "Forbidden",
  "errorMessage" : "No Permission with [Always - Created By Me]",
  "context" : {
    "salesOrganizationId" : 60,
    "userId" : 62,
    "action" : "TRM.Get",
    "profileId" : "CSR"
  },
  "condition" : "Always",
  "scope" : "Created By Me",
  "localizedMessage" : "No Permission with [Always - Created By Me]",
  "createdAt" : 55,
  "createdFor" : 55
}</con:value>
        </con:property>
      </con:properties>
      <con:returnProperties>
        <con:entry>res_code</con:entry>
        <con:entry>response</con:entry>
      </con:returnProperties>
      <con:runMode>PARALLELL</con:runMode>
    </con:config>
  </con:testStep>
  <con:testStep type="assertionteststep" name="Assertion for get terminal -  - CreatedBySelfScope ORG2" id="d4204925-6bb1-4611-a838-0197a8269fa1">
    <con:settings/>
    <con:config xsi:type="con:AssertionTestStep" xmlns:xsi="http://www.w3.org/2001/XMLSchema-instance">
      <con:entry>
        <con:id>eb241932-3a06-444f-8cf9-0051dc6587c7</con:id>
        <con:isGroup>false</con:isGroup>
        <con:sourceId>cf142e3d-3f6c-470a-a58c-306776560ab0</con:sourceId>
        <con:propertyName>http200</con:propertyName>
        <con:assertion type="Simple Equals" name="Equals" id="535abcbd-923e-4ce8-b181-ae857912f262">
          <con:configuration>
            <patternObjectId>081f8a72-ddba-4140-88b6-f9a650d02303</patternObjectId>
            <patternProperty>res_code</patternProperty>
            <caseSensitive>true</caseSensitive>
          </con:configuration>
        </con:assertion>
      </con:entry>
      <con:entry>
        <con:id>086dca5d-cd75-40a2-b6ba-307f195ed78a</con:id>
        <con:isGroup>false</con:isGroup>
        <con:sourceId>cf142e3d-3f6c-470a-a58c-306776560ab0</con:sourceId>
        <con:propertyName>http403</con:propertyName>
        <con:assertion type="Simple Equals" name="Equals 2" id="a6bd3e68-4a64-4ded-81a7-9e7769ddf2db">
          <con:configuration>
            <patternObjectId>fb4bf84a-124e-4baf-a64e-b92cf073b655</patternObjectId>
            <patternProperty>res_code</patternProperty>
            <caseSensitive>true</caseSensitive>
          </con:configuration>
        </con:assertion>
      </con:entry>
    </con:config>
  </con:testStep>
  <con:testStep type="transfer" name="Property Transfer 33" id="b15f62bb-8166-44d0-8431-f3f61b461165">
    <con:settings/>
    <con:config xsi:type="con:PropertyTransfersStep" xmlns:xsi="http://www.w3.org/2001/XMLSchema-instance">
      <con:transfers setNullOnMissingSource="true" transferTextContent="true" failOnError="true" ignoreEmpty="false" transferToAll="false" entitize="false" transferChildNodes="false">
        <con:name>createdForSalesOrg</con:name>
        <con:sourceType>DefaultSalesOrganizationRoleId</con:sourceType>
        <con:sourceStep>#Project#</con:sourceStep>
        <con:sourcePath/>
        <con:targetType>req_createdForSalesOrg</con:targetType>
        <con:targetStep>Delete get permission - - CreatedBySelfScope</con:targetStep>
        <con:targetPath/>
        <con:upgraded>true</con:upgraded>
      </con:transfers>
    </con:config>
  </con:testStep>
  <con:testStep type="calltestcase" name="Delete get permission - - CreatedBySelfScope" id="8fa39555-6c95-4fe8-b4c2-911b18383575">
    <con:settings/>
    <con:config xsi:type="con:RunTestCaseStep" xmlns:xsi="http://www.w3.org/2001/XMLSchema-instance">
      <con:targetTestCase>ef1ecdf4-8483-46d8-a3c9-87064bd44ad2</con:targetTestCase>
      <con:properties>
        <con:property>
          <con:name>req_userId</con:name>
          <con:value>57</con:value>
        </con:property>
        <con:property>
          <con:name>req_soId</con:name>
          <con:value>55</con:value>
        </con:property>
        <con:property>
          <con:name>res_code</con:name>
          <con:value>200</con:value>
        </con:property>
        <con:property>
          <con:name>res_errorMessage</con:name>
          <con:value xsi:nil="true"/>
        </con:property>
        <con:property>
          <con:name>req_action</con:name>
          <con:value>TRM.Get</con:value>
        </con:property>
        <con:property>
          <con:name>req_createdForSalesOrg</con:name>
          <con:value>1</con:value>
        </con:property>
      </con:properties>
      <con:returnProperties>
        <con:entry>res_code</con:entry>
        <con:entry>res_errorMessage</con:entry>
      </con:returnProperties>
      <con:runMode>PARALLELL</con:runMode>
    </con:config>
  </con:testStep>
  <con:testStep type="manualTestStep" name="**** Parent - Child relationship creation ******************" id="9c61c637-aece-4e3b-81cf-88cb79b110ef" disabled="true">
    <con:settings/>
    <con:config xsi:type="con:ManualTestStep" xmlns:xsi="http://www.w3.org/2001/XMLSchema-instance"/>
  </con:testStep>
  <con:testStep type="transfer" name="Property Transfer 4" id="bc41982d-5630-464a-8dcc-3ba0bd35b4e7">
    <con:settings/>
    <con:config xsi:type="con:PropertyTransfersStep" xmlns:xsi="http://www.w3.org/2001/XMLSchema-instance">
      <con:transfers setNullOnMissingSource="true" transferTextContent="true" failOnError="true" ignoreEmpty="false" transferToAll="false" entitize="false" transferChildNodes="false">
        <con:name>createdByuserId</con:name>
        <con:sourceType>DefaultUserRoleId</con:sourceType>
        <con:sourceStep>#Project#</con:sourceStep>
        <con:sourcePath/>
        <con:targetType>req_createdByUserRoleId</con:targetType>
        <con:targetStep>Create initial data3_childOfInitialData</con:targetStep>
        <con:targetPath/>
        <con:upgraded>true</con:upgraded>
      </con:transfers>
      <con:transfers setNullOnMissingSource="true" transferTextContent="true" failOnError="true" ignoreEmpty="false" transferToAll="false" entitize="false" transferChildNodes="false">
        <con:name>createdBySoId</con:name>
        <con:sourceType>DefaultSalesOrganizationRoleId</con:sourceType>
        <con:sourceStep>#Project#</con:sourceStep>
        <con:targetType>req_createdBySalesOrgRoleId</con:targetType>
        <con:targetStep>Create initial data3_childOfInitialData</con:targetStep>
        <con:upgraded>true</con:upgraded>
      </con:transfers>
      <con:transfers setNullOnMissingSource="true" transferTextContent="true" failOnError="true" ignoreEmpty="false" transferToAll="false" entitize="false" transferChildNodes="false">
        <con:name>nullify user token</con:name>
        <con:sourceType>null</con:sourceType>
        <con:sourceStep>Properties</con:sourceStep>
        <con:targetType>AuthorizationUser</con:targetType>
        <con:targetStep>#Project#</con:targetStep>
        <con:upgraded>true</con:upgraded>
      </con:transfers>
      <con:transfers setNullOnMissingSource="true" transferTextContent="true" failOnError="true" ignoreEmpty="false" transferToAll="false" entitize="false" transferChildNodes="false">
        <con:name>req_soExtId</con:name>
        <con:sourceType>random-SoextId</con:sourceType>
        <con:sourceStep>Properties</con:sourceStep>
        <con:targetType>req_salesOrgRoleExtId</con:targetType>
        <con:targetStep>Create initial data3_childOfInitialData</con:targetStep>
        <con:upgraded>true</con:upgraded>
      </con:transfers>
      <con:transfers setNullOnMissingSource="true" transferTextContent="true" failOnError="true" ignoreEmpty="false" transferToAll="false" entitize="false" transferChildNodes="false">
        <con:name>req_terminalExtId</con:name>
        <con:sourceType>random_terminalExtId</con:sourceType>
        <con:sourceStep>Properties</con:sourceStep>
        <con:targetType>req_terminalExtId</con:targetType>
        <con:targetStep>Create initial data3_childOfInitialData</con:targetStep>
        <con:upgraded>true</con:upgraded>
      </con:transfers>
      <con:transfers setNullOnMissingSource="true" transferTextContent="true" failOnError="true" ignoreEmpty="false" transferToAll="false" entitize="false" transferChildNodes="false">
        <con:name>req_inventoryExtId</con:name>
        <con:sourceType>random_inventoryExtId</con:sourceType>
        <con:sourceStep>Properties</con:sourceStep>
        <con:targetType>req_inventoryExtId</con:targetType>
        <con:targetStep>Create initial data3_childOfInitialData</con:targetStep>
        <con:upgraded>true</con:upgraded>
      </con:transfers>
      <con:transfers setNullOnMissingSource="true" transferTextContent="true" failOnError="true" ignoreEmpty="false" transferToAll="false" entitize="false" transferChildNodes="false">
        <con:name>req_userExtId</con:name>
        <con:sourceType>random_userExtId</con:sourceType>
        <con:sourceStep>Properties</con:sourceStep>
        <con:targetType>req_userRoleExtId</con:targetType>
        <con:targetStep>Create initial data3_childOfInitialData</con:targetStep>
        <con:upgraded>true</con:upgraded>
      </con:transfers>
    </con:config>
  </con:testStep>
  <con:testStep type="calltestcase" name="Create initial data3_childOfInitialData" id="4f1966bd-8cd3-42a7-a895-124c5631db8f">
    <con:settings/>
    <con:config xsi:type="con:RunTestCaseStep" xmlns:xsi="http://www.w3.org/2001/XMLSchema-instance">
      <con:targetTestCase>8ea121d7-634e-4416-b9f8-69ad1eb193ea</con:targetTestCase>
      <con:properties>
        <con:property>
          <con:name>req_createdByUserRoleId</con:name>
          <con:value>2</con:value>
        </con:property>
        <con:property>
          <con:name>req_createdBySalesOrgRoleId</con:name>
          <con:value>1</con:value>
        </con:property>
        <con:property>
          <con:name>res_soExtId</con:name>
          <con:value>ext-3e272f83-fd6c-47c3-ae0b-811ae421346d</con:value>
        </con:property>
        <con:property>
          <con:name>req_inventoryExtId</con:name>
          <con:value>ext-${=java.util.UUID.randomUUID()}</con:value>
        </con:property>
        <con:property>
          <con:name>req_salesOrgRoleExtId</con:name>
          <con:value>ext-${=java.util.UUID.randomUUID()}</con:value>
        </con:property>
        <con:property>
          <con:name>req_terminalExtId</con:name>
          <con:value>ext-${=java.util.UUID.randomUUID()}</con:value>
        </con:property>
        <con:property>
          <con:name>req_userRoleExtId</con:name>
          <con:value>ext-${=java.util.UUID.randomUUID()}</con:value>
        </con:property>
        <con:property>
          <con:name>res_inventoryRoleBiId</con:name>
          <con:value>2111</con:value>
        </con:property>
        <con:property>
          <con:name>res_inventoryRoleId</con:name>
          <con:value>68</con:value>
        </con:property>
        <con:property>
          <con:name>res_placeId</con:name>
          <con:value>28</con:value>
        </con:property>
        <con:property>
          <con:name>res_salesOrganisationExternalId</con:name>
          <con:value>ext-3e272f83-fd6c-47c3-ae0b-811ae421346d</con:value>
        </con:property>
        <con:property>
          <con:name>res_salesOrgBiId</con:name>
          <con:value>2081</con:value>
        </con:property>
        <con:property>
          <con:name>res_salesOrgId</con:name>
          <con:value>65</con:value>
        </con:property>
        <con:property>
          <con:name>res_terminalBiId</con:name>
          <con:value>2121</con:value>
        </con:property>
        <con:property>
          <con:name>res_terminalId</con:name>
          <con:value>17</con:value>
        </con:property>
        <con:property>
          <con:name>res_userRoleBiId</con:name>
          <con:value>2101</con:value>
        </con:property>
        <con:property>
          <con:name>res_userRoleId</con:name>
          <con:value>67</con:value>
        </con:property>
        <con:property>
          <con:name>userToken</con:name>
          <con:value>Bearer eyJraWQiOiIxIiwiYWxnIjoiUlMyNTYifQ.eyJpc3MiOiJVTVMtUHJlZmlsdGVyLUNoZWNrQXV0aG9yaXplIiwic3ViIjoiVEVTVCIsImF1ZCI6IlJNIiwiaWF0IjoxNDg3MTYwOTc5LCJleHAiOjE1NTE5NDMyNjAsImF1dGhfdGltZSI6IjEzMTEyODA4NzAiLCJub25jZSI6Im4tMFM2X1d6QTJNaiIsIm5hbWUiOiJVTVMgVGVzdCBVc2VyIiwieF9kYnNzIjp7ImF1dGh6UHJvZmlsZU5hbWUiOiJDU1JfQXV0aHpQcm9maWxlIiwidmVyc2lvbiI6InYxIiwicGFydHlfaWQiOiIxMjMiLCJleHRlcm5hbF91c2VybmFtZSI6ImV4dC0zOTNmZWI1NC0wZmRkLTQxNTUtODk0Ni01OTc0ODkzNjQ1MzMifX0.Fq1e6t6Nn1eK1e7I4Z0MEB7V282Cl-tt2jZ6-XDHxpFpVIn_OmnG-A04hcC-DDDdKw1SMHKfe_gEeBNhDU9et5hlbpDtV8mZbkxfzFzBnQsZjPgVAzdFJmLffRJjz5DJHQ1TLup0lh47gMr3eF_FmHnOH7W8koSASKGladL-_nY</con:value>
        </con:property>
        <con:property>
          <con:name>userIntToken</con:name>
          <con:value>Bearer eyJraWQiOiIxIiwiYWxnIjoiUlMyNTYifQ.eyJpc3MiOiJVTVMtUHJlZmlsdGVyLUNoZWNrQXV0aG9yaXplIiwic3ViIjoiVEVTVCIsImF1ZCI6IlJNIiwiaWF0IjoxNDg3MTYwOTc5LCJleHAiOjE1NTE5NDMyNjAsImF1dGhfdGltZSI6IjEzMTEyODA4NzAiLCJub25jZSI6Im4tMFM2X1d6QTJNaiIsIm5hbWUiOiJVTVMgVGVzdCBVc2VyIiwieF9kYnNzIjp7ImF1dGh6UHJvZmlsZU5hbWUiOiJFUk1TX0FETUlOX0F1dGh6UHJvZmlsZSIsInZlcnNpb24iOiJ2MSIsInBhcnR5X2lkIjoiMTIzIiwiZXh0ZXJuYWxfdXNlcm5hbWUiOiJleHQtMzkzZmViNTQtMGZkZC00MTU1LTg5NDYtNTk3NDg5MzY0NTMzIn19.HhjxhkAZ1YznYcFwL5CxovzfFQxgnYF4zqEYrITBb6-yFxDz6xl6mmn87xWNvwA85BiF6E2x0TDOKHpNSrpKFvOZjqEzlbqdlFLZuKb8ouXswd3y9IzCCsMhdSH4PYuqXC-X5pbNlVQqmLChPjwXIGj58kN06-ZdDVFf028DnXw</con:value>
        </con:property>
      </con:properties>
      <con:returnProperties>
        <con:entry>res_inventoryRoleBiId</con:entry>
        <con:entry>res_inventoryRoleId</con:entry>
        <con:entry>res_placeId</con:entry>
        <con:entry>res_salesOrganisationExternalId</con:entry>
        <con:entry>res_salesOrgBiId</con:entry>
        <con:entry>res_salesOrgId</con:entry>
        <con:entry>res_soExtId</con:entry>
        <con:entry>res_terminalBiId</con:entry>
        <con:entry>res_terminalId</con:entry>
        <con:entry>res_userRoleBiId</con:entry>
        <con:entry>res_userRoleId</con:entry>
        <con:entry>userToken</con:entry>
        <con:entry>userIntToken</con:entry>
      </con:returnProperties>
      <con:runMode>PARALLELL</con:runMode>
    </con:config>
  </con:testStep>
  <con:testStep type="transfer" name="Property Transfer for parent initial data" id="9c2f50d2-9e82-4b2b-a96b-0e6135a5c44d">
    <con:settings/>
    <con:config xsi:type="con:PropertyTransfersStep" xmlns:xsi="http://www.w3.org/2001/XMLSchema-instance">
      <con:transfers setNullOnMissingSource="true" transferTextContent="true" failOnError="true" ignoreEmpty="false" transferToAll="false" entitize="false" transferChildNodes="false">
        <con:name>createdByuserId</con:name>
        <con:sourceType>DefaultUserRoleId</con:sourceType>
        <con:sourceStep>#Project#</con:sourceStep>
        <con:sourcePath/>
        <con:targetType>req_createdByUserRoleId</con:targetType>
        <con:targetStep>Create initial data4_parentOfInitialData</con:targetStep>
        <con:targetPath/>
        <con:upgraded>true</con:upgraded>
      </con:transfers>
      <con:transfers setNullOnMissingSource="true" transferTextContent="true" failOnError="true" ignoreEmpty="false" transferToAll="false" entitize="false" transferChildNodes="false">
        <con:name>createdBySoId</con:name>
        <con:sourceType>DefaultSalesOrganizationRoleId</con:sourceType>
        <con:sourceStep>#Project#</con:sourceStep>
        <con:targetType>req_createdBySalesOrgRoleId</con:targetType>
        <con:targetStep>Create initial data4_parentOfInitialData</con:targetStep>
        <con:upgraded>true</con:upgraded>
      </con:transfers>
      <con:transfers setNullOnMissingSource="true" transferTextContent="true" failOnError="true" ignoreEmpty="false" transferToAll="false" entitize="false" transferChildNodes="false">
        <con:name>nullify user token</con:name>
        <con:sourceType>null</con:sourceType>
        <con:sourceStep>Properties</con:sourceStep>
        <con:targetType>AuthorizationUser</con:targetType>
        <con:targetStep>#Project#</con:targetStep>
        <con:upgraded>true</con:upgraded>
      </con:transfers>
      <con:transfers setNullOnMissingSource="true" transferTextContent="true" failOnError="true" ignoreEmpty="false" transferToAll="false" entitize="false" transferChildNodes="false">
        <con:name>req_soExtId</con:name>
        <con:sourceType>random-SoextId</con:sourceType>
        <con:sourceStep>Properties</con:sourceStep>
        <con:targetType>res_soExtId</con:targetType>
        <con:targetStep>Create initial data4_parentOfInitialData</con:targetStep>
        <con:upgraded>true</con:upgraded>
      </con:transfers>
      <con:transfers setNullOnMissingSource="true" transferTextContent="true" failOnError="true" ignoreEmpty="false" transferToAll="false" entitize="false" transferChildNodes="false">
        <con:name>req_terminalExtId</con:name>
        <con:sourceType>random_terminalExtId</con:sourceType>
        <con:sourceStep>Properties</con:sourceStep>
        <con:targetType>req_terminalExtId</con:targetType>
        <con:targetStep>Create initial data4_parentOfInitialData</con:targetStep>
        <con:upgraded>true</con:upgraded>
      </con:transfers>
      <con:transfers setNullOnMissingSource="true" transferTextContent="true" failOnError="true" ignoreEmpty="false" transferToAll="false" entitize="false" transferChildNodes="false">
        <con:name>req_inventoryExtId</con:name>
        <con:sourceType>random_inventoryExtId</con:sourceType>
        <con:sourceStep>Properties</con:sourceStep>
        <con:targetType>req_inventoryExtId</con:targetType>
        <con:targetStep>Create initial data4_parentOfInitialData</con:targetStep>
        <con:upgraded>true</con:upgraded>
      </con:transfers>
      <con:transfers setNullOnMissingSource="true" transferTextContent="true" failOnError="true" ignoreEmpty="false" transferToAll="false" entitize="false" transferChildNodes="false">
        <con:name>req_userExtId</con:name>
        <con:sourceType>random_userExtId</con:sourceType>
        <con:sourceStep>Properties</con:sourceStep>
        <con:targetType>req_userRoleExtId</con:targetType>
        <con:targetStep>Create initial data4_parentOfInitialData</con:targetStep>
        <con:upgraded>true</con:upgraded>
      </con:transfers>
    </con:config>
  </con:testStep>
  <con:testStep type="calltestcase" name="Create initial data4_parentOfInitialData" id="bb4301c7-8740-42ed-b09a-e20ff4c95253">
    <con:settings/>
    <con:config xsi:type="con:RunTestCaseStep" xmlns:xsi="http://www.w3.org/2001/XMLSchema-instance">
      <con:targetTestCase>8ea121d7-634e-4416-b9f8-69ad1eb193ea</con:targetTestCase>
      <con:properties>
        <con:property>
          <con:name>req_createdByUserRoleId</con:name>
          <con:value>2</con:value>
        </con:property>
        <con:property>
          <con:name>req_createdBySalesOrgRoleId</con:name>
          <con:value>1</con:value>
        </con:property>
        <con:property>
          <con:name>res_soExtId</con:name>
          <con:value>ext-daf6da09-6e35-4a91-ae04-50500e8572b4</con:value>
        </con:property>
        <con:property>
          <con:name>req_inventoryExtId</con:name>
          <con:value>ext-${=java.util.UUID.randomUUID()}</con:value>
        </con:property>
        <con:property>
          <con:name>req_salesOrgRoleExtId</con:name>
          <con:value>ext-${=java.util.UUID.randomUUID()}</con:value>
        </con:property>
        <con:property>
          <con:name>req_terminalExtId</con:name>
          <con:value>ext-${=java.util.UUID.randomUUID()}</con:value>
        </con:property>
        <con:property>
          <con:name>req_userRoleExtId</con:name>
          <con:value>ext-${=java.util.UUID.randomUUID()}</con:value>
        </con:property>
        <con:property>
          <con:name>res_inventoryRoleBiId</con:name>
          <con:value>2161</con:value>
        </con:property>
        <con:property>
          <con:name>res_inventoryRoleId</con:name>
          <con:value>72</con:value>
        </con:property>
        <con:property>
          <con:name>res_placeId</con:name>
          <con:value>30</con:value>
        </con:property>
        <con:property>
          <con:name>res_salesOrganisationExternalId</con:name>
          <con:value>ext-daf6da09-6e35-4a91-ae04-50500e8572b4</con:value>
        </con:property>
        <con:property>
          <con:name>res_salesOrgBiId</con:name>
          <con:value>2131</con:value>
        </con:property>
        <con:property>
          <con:name>res_salesOrgId</con:name>
          <con:value>69</con:value>
        </con:property>
        <con:property>
          <con:name>res_terminalBiId</con:name>
          <con:value>2171</con:value>
        </con:property>
        <con:property>
          <con:name>res_terminalId</con:name>
          <con:value>18</con:value>
        </con:property>
        <con:property>
          <con:name>res_userRoleBiId</con:name>
          <con:value>2151</con:value>
        </con:property>
        <con:property>
          <con:name>res_userRoleId</con:name>
          <con:value>71</con:value>
        </con:property>
        <con:property>
          <con:name>userToken</con:name>
          <con:value>Bearer eyJraWQiOiIxIiwiYWxnIjoiUlMyNTYifQ.eyJpc3MiOiJVTVMtUHJlZmlsdGVyLUNoZWNrQXV0aG9yaXplIiwic3ViIjoiVEVTVCIsImF1ZCI6IlJNIiwiaWF0IjoxNDg3MTYwOTc5LCJleHAiOjE1NTE5NDMyNjIsImF1dGhfdGltZSI6IjEzMTEyODA4NzAiLCJub25jZSI6Im4tMFM2X1d6QTJNaiIsIm5hbWUiOiJVTVMgVGVzdCBVc2VyIiwieF9kYnNzIjp7ImF1dGh6UHJvZmlsZU5hbWUiOiJDU1JfQXV0aHpQcm9maWxlIiwidmVyc2lvbiI6InYxIiwicGFydHlfaWQiOiIxMjMiLCJleHRlcm5hbF91c2VybmFtZSI6ImV4dC00NmZmNWI3Ni1mNDM1LTQwNTYtODMwYi0zZjMzOGFmYTE2OTkifX0.vsZWA7F6iC00QTdN5KsEWY-w29AWLA_YfCwjgHemvsp_ykZ4lCwnQj-xiqUtd_skE_9rWudkCtjFzhesxvu9YW5ibonpmbfPCQjsxAt7nLVWkm7Oq9wIW-WgrV0BWXGcJl9vV05uwITVBhjVb3vzNlgBlfkX_3hv_nDOTMeTdtw</con:value>
        </con:property>
        <con:property>
          <con:name>userIntToken</con:name>
          <con:value>Bearer eyJraWQiOiIxIiwiYWxnIjoiUlMyNTYifQ.eyJpc3MiOiJVTVMtUHJlZmlsdGVyLUNoZWNrQXV0aG9yaXplIiwic3ViIjoiVEVTVCIsImF1ZCI6IlJNIiwiaWF0IjoxNDg3MTYwOTc5LCJleHAiOjE1NTE5NDMyNjIsImF1dGhfdGltZSI6IjEzMTEyODA4NzAiLCJub25jZSI6Im4tMFM2X1d6QTJNaiIsIm5hbWUiOiJVTVMgVGVzdCBVc2VyIiwieF9kYnNzIjp7ImF1dGh6UHJvZmlsZU5hbWUiOiJFUk1TX0FETUlOX0F1dGh6UHJvZmlsZSIsInZlcnNpb24iOiJ2MSIsInBhcnR5X2lkIjoiMTIzIiwiZXh0ZXJuYWxfdXNlcm5hbWUiOiJleHQtNDZmZjViNzYtZjQzNS00MDU2LTgzMGItM2YzMzhhZmExNjk5In19.bMYF4fktbEiOKYhO_F70DOUreuknFbIA1uYp9DIEbM2dTLsRYtiquWeohfbJF4jZLudipeTTNX0X7dZtJfBWUHbWXEcw8aLr0qKSKvYyluksuR7_UNV0A5xUtkz4GiPSmoqxyR0kOgqJyImwSX_VsGbANlln4z_cyR7YC0UM0_w</con:value>
        </con:property>
      </con:properties>
      <con:returnProperties>
        <con:entry>res_inventoryRoleBiId</con:entry>
        <con:entry>res_inventoryRoleId</con:entry>
        <con:entry>res_placeId</con:entry>
        <con:entry>res_salesOrganisationExternalId</con:entry>
        <con:entry>res_salesOrgBiId</con:entry>
        <con:entry>res_salesOrgId</con:entry>
        <con:entry>res_soExtId</con:entry>
        <con:entry>res_terminalBiId</con:entry>
        <con:entry>res_terminalId</con:entry>
        <con:entry>res_userRoleBiId</con:entry>
        <con:entry>res_userRoleId</con:entry>
        <con:entry>userToken</con:entry>
        <con:entry>userIntToken</con:entry>
      </con:returnProperties>
      <con:runMode>PARALLELL</con:runMode>
    </con:config>
  </con:testStep>
  <con:testStep type="transfer" name="Property Transfer for creating child" id="1ec96a93-df0d-494d-83d3-42e100ac7dce">
    <con:settings/>
    <con:config xsi:type="con:PropertyTransfersStep" xmlns:xsi="http://www.w3.org/2001/XMLSchema-instance">
      <con:transfers setNullOnMissingSource="true" transferTextContent="true" failOnError="true" ignoreEmpty="false" transferToAll="false" entitize="false" transferChildNodes="false">
        <con:name>soChild</con:name>
        <con:sourceType>res_salesOrgId</con:sourceType>
        <con:sourceStep>Create initial data3_childOfInitialData</con:sourceStep>
        <con:sourcePath/>
        <con:targetType>req_salesOrgChildId</con:targetType>
        <con:targetStep>Create ChangeSalesOrgParent bi_child</con:targetStep>
        <con:targetPath/>
        <con:upgraded>true</con:upgraded>
      </con:transfers>
      <con:transfers setNullOnMissingSource="true" transferTextContent="true" failOnError="true" ignoreEmpty="false" transferToAll="false" entitize="false" transferChildNodes="false">
        <con:name>soParent</con:name>
        <con:sourceType>res_salesOrgId</con:sourceType>
        <con:sourceStep>Create initial data</con:sourceStep>
        <con:targetType>req_salesOrgParentId</con:targetType>
        <con:targetStep>Create ChangeSalesOrgParent bi_child</con:targetStep>
        <con:upgraded>true</con:upgraded>
      </con:transfers>
      <con:transfers setNullOnMissingSource="true" transferTextContent="true" failOnError="true" ignoreEmpty="false" transferToAll="false" entitize="false" transferChildNodes="false">
        <con:name>userId</con:name>
        <con:sourceType>DefaultUserRoleId</con:sourceType>
        <con:sourceStep>#Project#</con:sourceStep>
        <con:targetType>req_userId</con:targetType>
        <con:targetStep>Create ChangeSalesOrgParent bi_child</con:targetStep>
        <con:upgraded>true</con:upgraded>
      </con:transfers>
      <con:transfers setNullOnMissingSource="true" transferTextContent="true" failOnError="true" ignoreEmpty="false" transferToAll="false" entitize="false" transferChildNodes="false">
        <con:name>soId</con:name>
        <con:sourceType>DefaultSalesOrganizationRoleId</con:sourceType>
        <con:sourceStep>#Project#</con:sourceStep>
        <con:targetType>req_salesOrgId</con:targetType>
        <con:targetStep>Create ChangeSalesOrgParent bi_child</con:targetStep>
        <con:upgraded>true</con:upgraded>
      </con:transfers>
      <con:transfers setNullOnMissingSource="true" transferTextContent="true" failOnError="true" ignoreEmpty="false" transferToAll="false" entitize="false" transferChildNodes="false">
        <con:name>biSpec</con:name>
        <con:sourceType>biSpec_ChangeSalesOrgParent</con:sourceType>
        <con:sourceStep>Properties</con:sourceStep>
        <con:targetType>req_biSpecCode</con:targetType>
        <con:targetStep>Create ChangeSalesOrgParent bi_child</con:targetStep>
        <con:upgraded>true</con:upgraded>
      </con:transfers>
      <con:transfers setNullOnMissingSource="true" transferTextContent="true" failOnError="true" ignoreEmpty="false" transferToAll="false" entitize="false" transferChildNodes="false">
        <con:name>nullToken</con:name>
        <con:sourceType>null</con:sourceType>
        <con:sourceStep>Properties</con:sourceStep>
        <con:targetType>AuthorizationUser</con:targetType>
        <con:targetStep>#Project#</con:targetStep>
        <con:upgraded>true</con:upgraded>
      </con:transfers>
    </con:config>
  </con:testStep>
  <con:testStep type="calltestcase" name="Create ChangeSalesOrgParent bi_child" id="ff14421e-e7e3-4a03-a9f9-8e43a143c14a">
    <con:settings/>
    <con:config xsi:type="con:RunTestCaseStep" xmlns:xsi="http://www.w3.org/2001/XMLSchema-instance">
      <con:targetTestCase>6431855d-c997-41f9-86f5-f550ea15fcb9</con:targetTestCase>
      <con:properties>
        <con:property>
          <con:name>res_headerCode</con:name>
          <con:value>201</con:value>
        </con:property>
        <con:property>
          <con:name>res_biId</con:name>
          <con:value>2181</con:value>
        </con:property>
        <con:property>
          <con:name>req_salesOrgChildId</con:name>
          <con:value>65</con:value>
        </con:property>
        <con:property>
          <con:name>req_salesOrgParentId</con:name>
          <con:value>55</con:value>
        </con:property>
        <con:property>
          <con:name>req_userId</con:name>
          <con:value>2</con:value>
        </con:property>
        <con:property>
          <con:name>req_salesOrgId</con:name>
          <con:value>1</con:value>
        </con:property>
        <con:property>
          <con:name>req_biSpecCode</con:name>
          <con:value>USERCREATEBISPEC</con:value>
        </con:property>
        <con:property>
          <con:name>res_errorMessage</con:name>
          <con:value xsi:nil="true"/>
        </con:property>
      </con:properties>
      <con:returnProperties>
        <con:entry>res_headerCode</con:entry>
        <con:entry>res_biId</con:entry>
        <con:entry>res_errorMessage</con:entry>
      </con:returnProperties>
      <con:runMode>PARALLELL</con:runMode>
    </con:config>
  </con:testStep>
  <con:testStep type="assertionteststep" name="Assertion changeParent bi successfully created" id="6c031272-d622-4361-b42f-236a66621b0b">
    <con:settings/>
    <con:config xsi:type="con:AssertionTestStep" xmlns:xsi="http://www.w3.org/2001/XMLSchema-instance">
      <con:entry>
        <con:id>bdc58779-2777-4683-b6ec-da29aeb0a302</con:id>
        <con:isGroup>false</con:isGroup>
        <con:sourceId>ff14421e-e7e3-4a03-a9f9-8e43a143c14a</con:sourceId>
        <con:propertyName>res_headerCode</con:propertyName>
        <con:assertion type="Simple Equals" name="Equals" id="a712dcd7-17d8-43fb-83a8-4f33ecac4746">
          <con:configuration>
            <patternText>201</patternText>
            <caseSensitive>true</caseSensitive>
          </con:configuration>
        </con:assertion>
      </con:entry>
      <con:entry>
        <con:id>5ec99c33-7bb2-4223-9354-f9d4411a05c0</con:id>
        <con:isGroup>false</con:isGroup>
        <con:sourceId>ff14421e-e7e3-4a03-a9f9-8e43a143c14a</con:sourceId>
        <con:propertyName>res_errorMessage</con:propertyName>
        <con:assertion type="Simple Contains" name="Contains 4" id="d4b12753-3bd3-4beb-9389-e802dfba5295">
          <con:configuration>
            <token>^\s*$</token>
            <ignoreCase>false</ignoreCase>
            <useRegEx>true</useRegEx>
          </con:configuration>
        </con:assertion>
      </con:entry>
      <con:entry>
        <con:id>6e7f84aa-680f-48b6-8ea8-5832a973baaf</con:id>
        <con:isGroup>false</con:isGroup>
        <con:sourceId>ff14421e-e7e3-4a03-a9f9-8e43a143c14a</con:sourceId>
        <con:propertyName>res_biId</con:propertyName>
        <con:assertion type="Simple Contains" name="Contains 5" id="22c56010-026b-49c2-a6b8-566d512a6fa8">
          <con:configuration>
            <token>\d+</token>
            <ignoreCase>false</ignoreCase>
            <useRegEx>true</useRegEx>
          </con:configuration>
        </con:assertion>
      </con:entry>
    </con:config>
  </con:testStep>
  <con:testStep type="transfer" name="Property Transfer biId to submit" id="be116b40-288a-4d71-9e99-420d4b43b7e3">
    <con:settings/>
    <con:config xsi:type="con:PropertyTransfersStep" xmlns:xsi="http://www.w3.org/2001/XMLSchema-instance">
      <con:transfers setNullOnMissingSource="true" transferTextContent="true" failOnError="true" ignoreEmpty="false" transferToAll="false" entitize="false" transferChildNodes="false">
        <con:name>biId</con:name>
        <con:sourceType>res_biId</con:sourceType>
        <con:sourceStep>Create ChangeSalesOrgParent bi_child</con:sourceStep>
        <con:sourcePath/>
        <con:targetType>req_biId</con:targetType>
        <con:targetStep>Submit changeSalesOrgParent bi_child</con:targetStep>
        <con:targetPath/>
        <con:upgraded>true</con:upgraded>
      </con:transfers>
    </con:config>
  </con:testStep>
  <con:testStep type="calltestcase" name="Submit changeSalesOrgParent bi_child" id="5d572a88-ecc0-4934-b6cf-bbcf3a4c460a">
    <con:settings/>
    <con:config xsi:type="con:RunTestCaseStep" xmlns:xsi="http://www.w3.org/2001/XMLSchema-instance">
      <con:targetTestCase>244691b9-f34e-468a-bacd-3decd4693b72</con:targetTestCase>
      <con:properties>
        <con:property>
          <con:name>req_biId</con:name>
          <con:value>2181</con:value>
        </con:property>
        <con:property>
          <con:name>res_headerCode</con:name>
          <con:value>200</con:value>
        </con:property>
        <con:property>
          <con:name>res_errorMessage</con:name>
          <con:value xsi:nil="true"/>
        </con:property>
      </con:properties>
      <con:returnProperties>
        <con:entry>res_headerCode</con:entry>
        <con:entry>res_errorMessage</con:entry>
      </con:returnProperties>
      <con:runMode>PARALLELL</con:runMode>
    </con:config>
  </con:testStep>
  <con:testStep type="assertionteststep" name="Assertion changeParent successfully submitted" id="b7e9f995-d06a-4baf-bf3b-5a9397b94c3c">
    <con:settings/>
    <con:config xsi:type="con:AssertionTestStep" xmlns:xsi="http://www.w3.org/2001/XMLSchema-instance">
      <con:entry>
        <con:id>a35124ae-2748-47eb-a30f-977c71df524f</con:id>
        <con:isGroup>false</con:isGroup>
        <con:sourceId>5d572a88-ecc0-4934-b6cf-bbcf3a4c460a</con:sourceId>
        <con:propertyName>res_headerCode</con:propertyName>
        <con:assertion type="Simple Equals" name="Equals" id="dbc7c745-5915-4229-a223-1ae6c4f2b3c3">
          <con:configuration>
            <patternObjectId>cf142e3d-3f6c-470a-a58c-306776560ab0</patternObjectId>
            <patternProperty>http200</patternProperty>
            <caseSensitive>true</caseSensitive>
          </con:configuration>
        </con:assertion>
      </con:entry>
      <con:entry>
        <con:id>1c74bf90-bc02-44be-8765-2289913c5880</con:id>
        <con:isGroup>false</con:isGroup>
        <con:sourceId>5d572a88-ecc0-4934-b6cf-bbcf3a4c460a</con:sourceId>
        <con:propertyName>res_errorMessage</con:propertyName>
        <con:assertion type="Simple Contains" name="Contains 3" id="7723d505-4c5d-43d5-9fd6-1d75014fe283">
          <con:configuration>
            <token>^\s*$</token>
            <ignoreCase>false</ignoreCase>
            <useRegEx>true</useRegEx>
          </con:configuration>
        </con:assertion>
      </con:entry>
    </con:config>
  </con:testStep>
  <con:testStep type="transfer" name="Property Transfer for parent create" id="ef9bd786-022e-48ce-a6cf-cdd55aacfa87">
    <con:settings/>
    <con:config xsi:type="con:PropertyTransfersStep" xmlns:xsi="http://www.w3.org/2001/XMLSchema-instance">
      <con:transfers setNullOnMissingSource="true" transferTextContent="true" failOnError="true" ignoreEmpty="false" transferToAll="false" entitize="false" transferChildNodes="false">
        <con:name>soChild</con:name>
        <con:sourceType>res_salesOrgId</con:sourceType>
        <con:sourceStep>Create initial data</con:sourceStep>
        <con:sourcePath/>
        <con:targetType>req_salesOrgChildId</con:targetType>
        <con:targetStep>Create ChangeSalesOrgParent bi_parent</con:targetStep>
        <con:targetPath/>
        <con:upgraded>true</con:upgraded>
      </con:transfers>
      <con:transfers setNullOnMissingSource="true" transferTextContent="true" failOnError="true" ignoreEmpty="false" transferToAll="false" entitize="false" transferChildNodes="false">
        <con:name>soParent</con:name>
        <con:sourceType>res_salesOrgId</con:sourceType>
        <con:sourceStep>Create initial data4_parentOfInitialData</con:sourceStep>
        <con:targetType>req_salesOrgParentId</con:targetType>
        <con:targetStep>Create ChangeSalesOrgParent bi_parent</con:targetStep>
        <con:upgraded>true</con:upgraded>
      </con:transfers>
      <con:transfers setNullOnMissingSource="true" transferTextContent="true" failOnError="true" ignoreEmpty="false" transferToAll="false" entitize="false" transferChildNodes="false">
        <con:name>userId</con:name>
        <con:sourceType>DefaultUserRoleId</con:sourceType>
        <con:sourceStep>#Project#</con:sourceStep>
        <con:targetType>req_userId</con:targetType>
        <con:targetStep>Create ChangeSalesOrgParent bi_parent</con:targetStep>
        <con:upgraded>true</con:upgraded>
      </con:transfers>
      <con:transfers setNullOnMissingSource="true" transferTextContent="true" failOnError="true" ignoreEmpty="false" transferToAll="false" entitize="false" transferChildNodes="false">
        <con:name>soId</con:name>
        <con:sourceType>DefaultSalesOrganizationRoleId</con:sourceType>
        <con:sourceStep>#Project#</con:sourceStep>
        <con:targetType>req_salesOrgId</con:targetType>
        <con:targetStep>Create ChangeSalesOrgParent bi_parent</con:targetStep>
        <con:upgraded>true</con:upgraded>
      </con:transfers>
      <con:transfers setNullOnMissingSource="true" transferTextContent="true" failOnError="true" ignoreEmpty="false" transferToAll="false" entitize="false" transferChildNodes="false">
        <con:name>biSpec</con:name>
        <con:sourceType>biSpec_ChangeSalesOrgParent</con:sourceType>
        <con:sourceStep>Properties</con:sourceStep>
        <con:targetType>req_biSpecCode</con:targetType>
        <con:targetStep>Create ChangeSalesOrgParent bi_parent</con:targetStep>
        <con:upgraded>true</con:upgraded>
      </con:transfers>
    </con:config>
  </con:testStep>
  <con:testStep type="calltestcase" name="Create ChangeSalesOrgParent bi_parent" id="4282e778-f63f-479c-b66b-228943569b90">
    <con:settings/>
    <con:config xsi:type="con:RunTestCaseStep" xmlns:xsi="http://www.w3.org/2001/XMLSchema-instance">
      <con:targetTestCase>6431855d-c997-41f9-86f5-f550ea15fcb9</con:targetTestCase>
      <con:properties>
        <con:property>
          <con:name>res_headerCode</con:name>
          <con:value>201</con:value>
        </con:property>
        <con:property>
          <con:name>res_biId</con:name>
          <con:value>2191</con:value>
        </con:property>
        <con:property>
          <con:name>req_salesOrgChildId</con:name>
          <con:value>55</con:value>
        </con:property>
        <con:property>
          <con:name>req_salesOrgParentId</con:name>
          <con:value>69</con:value>
        </con:property>
        <con:property>
          <con:name>req_userId</con:name>
          <con:value>2</con:value>
        </con:property>
        <con:property>
          <con:name>req_salesOrgId</con:name>
          <con:value>1</con:value>
        </con:property>
        <con:property>
          <con:name>req_biSpecCode</con:name>
          <con:value>USERCREATEBISPEC</con:value>
        </con:property>
        <con:property>
          <con:name>res_errorMessage</con:name>
          <con:value xsi:nil="true"/>
        </con:property>
      </con:properties>
      <con:returnProperties>
        <con:entry>res_headerCode</con:entry>
        <con:entry>res_biId</con:entry>
        <con:entry>res_errorMessage</con:entry>
      </con:returnProperties>
      <con:runMode>PARALLELL</con:runMode>
    </con:config>
  </con:testStep>
  <con:testStep type="assertionteststep" name="Assertion changeParent bi sucessfully created2" id="33e9d824-e46d-4a29-b00e-7b042a08de90">
    <con:settings/>
    <con:config xsi:type="con:AssertionTestStep" xmlns:xsi="http://www.w3.org/2001/XMLSchema-instance">
      <con:entry>
        <con:id>c13bbe5b-dae0-4cbd-be5c-684a1df6910c</con:id>
        <con:isGroup>false</con:isGroup>
        <con:sourceId>4282e778-f63f-479c-b66b-228943569b90</con:sourceId>
        <con:propertyName>res_headerCode</con:propertyName>
        <con:assertion type="Simple Equals" name="Equals" id="d4429226-c63d-4527-ba7d-1611480c8475">
          <con:configuration>
            <patternText>201</patternText>
            <caseSensitive>true</caseSensitive>
          </con:configuration>
        </con:assertion>
      </con:entry>
      <con:entry>
        <con:id>14e1570e-7dd5-491c-9c2a-869a07776867</con:id>
        <con:isGroup>false</con:isGroup>
        <con:sourceId>4282e778-f63f-479c-b66b-228943569b90</con:sourceId>
        <con:propertyName>res_errorMessage</con:propertyName>
        <con:assertion type="Simple Contains" name="Contains 4" id="2ab0dcc5-d99b-4419-ade3-074163fbefc0">
          <con:configuration>
            <token>^\s*$</token>
            <ignoreCase>false</ignoreCase>
            <useRegEx>true</useRegEx>
          </con:configuration>
        </con:assertion>
      </con:entry>
      <con:entry>
        <con:id>0d731d19-69f4-44b7-bd1d-58114767c6ca</con:id>
        <con:isGroup>false</con:isGroup>
        <con:sourceId>4282e778-f63f-479c-b66b-228943569b90</con:sourceId>
        <con:propertyName>res_biId</con:propertyName>
        <con:assertion type="Simple Contains" name="Contains 5" id="69a548c1-bec2-4ea2-8e07-fe2ec56da6dc">
          <con:configuration>
            <token>\d+</token>
            <ignoreCase>false</ignoreCase>
            <useRegEx>true</useRegEx>
          </con:configuration>
        </con:assertion>
      </con:entry>
    </con:config>
  </con:testStep>
  <con:testStep type="transfer" name="Property Transfer 8" id="4946540e-26d2-4427-94d6-0d605870329f">
    <con:settings/>
    <con:config xsi:type="con:PropertyTransfersStep" xmlns:xsi="http://www.w3.org/2001/XMLSchema-instance">
      <con:transfers setNullOnMissingSource="true" transferTextContent="true" failOnError="true" ignoreEmpty="false" transferToAll="false" entitize="false" transferChildNodes="false">
        <con:name>biId</con:name>
        <con:sourceType>res_biId</con:sourceType>
        <con:sourceStep>Create ChangeSalesOrgParent bi_parent</con:sourceStep>
        <con:sourcePath/>
        <con:targetType>req_biId</con:targetType>
        <con:targetStep>Submit changeSalesOrgParent bi_parent</con:targetStep>
        <con:targetPath/>
        <con:upgraded>true</con:upgraded>
      </con:transfers>
    </con:config>
  </con:testStep>
  <con:testStep type="calltestcase" name="Submit changeSalesOrgParent bi_parent" id="49b9d36b-159d-4f9e-93c3-f40d0f4b7b8f">
    <con:settings/>
    <con:config xsi:type="con:RunTestCaseStep" xmlns:xsi="http://www.w3.org/2001/XMLSchema-instance">
      <con:targetTestCase>244691b9-f34e-468a-bacd-3decd4693b72</con:targetTestCase>
      <con:properties>
        <con:property>
          <con:name>req_biId</con:name>
          <con:value>2191</con:value>
        </con:property>
        <con:property>
          <con:name>res_headerCode</con:name>
          <con:value>200</con:value>
        </con:property>
        <con:property>
          <con:name>res_errorMessage</con:name>
          <con:value xsi:nil="true"/>
        </con:property>
      </con:properties>
      <con:returnProperties>
        <con:entry>res_headerCode</con:entry>
        <con:entry>res_errorMessage</con:entry>
      </con:returnProperties>
      <con:runMode>PARALLELL</con:runMode>
    </con:config>
  </con:testStep>
  <con:testStep type="assertionteststep" name="Assertion changeParent bi successfully submitted2" id="2df4965c-b1a2-43e1-9363-49503d9479a9">
    <con:settings/>
    <con:config xsi:type="con:AssertionTestStep" xmlns:xsi="http://www.w3.org/2001/XMLSchema-instance">
      <con:entry>
        <con:id>3fc913a7-5a0d-4db1-a504-3d60d0b84804</con:id>
        <con:isGroup>false</con:isGroup>
        <con:sourceId>cf142e3d-3f6c-470a-a58c-306776560ab0</con:sourceId>
        <con:propertyName>http200</con:propertyName>
        <con:assertion type="Simple Equals" name="Equals" id="82801d69-39cb-408b-8f33-8402eeb4ed9b">
          <con:configuration>
            <patternObjectId>49b9d36b-159d-4f9e-93c3-f40d0f4b7b8f</patternObjectId>
            <patternProperty>res_headerCode</patternProperty>
            <caseSensitive>true</caseSensitive>
          </con:configuration>
        </con:assertion>
      </con:entry>
      <con:entry>
        <con:id>97cc7954-2f62-4a7a-a782-a714f437779f</con:id>
        <con:isGroup>false</con:isGroup>
        <con:sourceId>49b9d36b-159d-4f9e-93c3-f40d0f4b7b8f</con:sourceId>
        <con:propertyName>res_errorMessage</con:propertyName>
        <con:assertion type="Simple Contains" name="Contains 3" id="720eb4c4-3b0e-4b5a-b1ba-5f5d506a7267">
          <con:configuration>
            <token>^\s*$</token>
            <ignoreCase>false</ignoreCase>
            <useRegEx>true</useRegEx>
          </con:configuration>
        </con:assertion>
      </con:entry>
    </con:config>
  </con:testStep>
  <con:testStep type="transfer" name="Property Transfer to display child" id="a36639ec-9503-42ef-bd75-d99058919d93">
    <con:settings/>
    <con:config xsi:type="con:PropertyTransfersStep" xmlns:xsi="http://www.w3.org/2001/XMLSchema-instance">
      <con:transfers setNullOnMissingSource="true" transferTextContent="true" failOnError="true" ignoreEmpty="false" transferToAll="false" entitize="false" transferChildNodes="false">
        <con:name>soId</con:name>
        <con:sourceType>res_salesOrgId</con:sourceType>
        <con:sourceStep>Create initial data</con:sourceStep>
        <con:sourcePath/>
        <con:targetType>req_soId</con:targetType>
        <con:targetStep>Display parent's child</con:targetStep>
        <con:targetPath/>
        <con:upgraded>true</con:upgraded>
      </con:transfers>
    </con:config>
  </con:testStep>
  <con:testStep type="calltestcase" name="Display parent's child" id="53d13f38-13b1-4ffc-b23d-7f59ff9b44d1">
    <con:settings/>
    <con:config xsi:type="con:RunTestCaseStep" xmlns:xsi="http://www.w3.org/2001/XMLSchema-instance">
      <con:targetTestCase>b4ea9f51-ee4b-48e4-ab1d-e10d921412be</con:targetTestCase>
      <con:properties>
        <con:property>
          <con:name>req_soId</con:name>
          <con:value>55</con:value>
        </con:property>
        <con:property>
          <con:name>res_headerCode</con:name>
          <con:value>200</con:value>
        </con:property>
        <con:property>
          <con:name>response</con:name>
          <con:value>[{"siteId":"1","isPublic":false,"id":65,"externalId":"ext-3e272f83-fd6c-47c3-ae0b-811ae421346d","party":{"name":"name-ext-3e272f83-fd6c-47c3-ae0b-811ae421346d","id":45,"partyType":2,"dynamicMap":{},"type":"com.ericsson.bss.rm.erms.core.entity.dto.party.OrganizationDTO"},"partyRoleSpec":{"placeUsageType":0,"id":52,"name":"sos-bba4e9d3-c230-4334-90b3-ccd9e28cadc7","dynamicMap":{},"type":"com.ericsson.bss.rm.erms.core.entity.dto.salesorganization.SalesOrganizationRoleSpecDTO"},"name":"name-ext-3e272f83-fd6c-47c3-ae0b-811ae421346d","status":1,"partyRoleType":8,"partyInteractionRoleId":113,"href":"/v1/centralWarehouseRole/65","dynamicMap":{},"type":"com.ericsson.bss.rm.erms.core.entity.dto.salesorganization.CentralWarehouseDTO"}]</con:value>
        </con:property>
        <con:property>
          <con:name>res_firstChildrenSoId</con:name>
        </con:property>
        <con:property>
          <con:name>res_firstChildrenSoExtId</con:name>
        </con:property>
      </con:properties>
      <con:returnProperties>
        <con:entry>res_headerCode</con:entry>
        <con:entry>response</con:entry>
      </con:returnProperties>
      <con:runMode>PARALLELL</con:runMode>
    </con:config>
  </con:testStep>
  <con:testStep type="calltestcase" name="Parent-Child relation for permission authorization data" id="9c9c52bb-e409-4027-b138-1171ced2b9a5">
    <con:settings/>
    <con:config xsi:type="con:RunTestCaseStep" xmlns:xsi="http://www.w3.org/2001/XMLSchema-instance">
      <con:targetTestCase>114ffe72-be9a-456a-b1db-5cfac70ffa36</con:targetTestCase>
      <con:properties>
        <con:property>
          <con:name>res_code</con:name>
          <con:value>200</con:value>
        </con:property>
        <con:property>
          <con:name>res_errorMessage</con:name>
          <con:value xsi:nil="true"/>
        </con:property>
        <con:property>
          <con:name>res_response</con:name>
          <con:value>{"33":[],"65":[],"3":[11],"37":[23,33],"69":[55,65],"23":[33],"55":[65],"11":[],"15":[3,11]}</con:value>
        </con:property>
      </con:properties>
      <con:returnProperties>
        <con:entry>res_code</con:entry>
        <con:entry>res_errorMessage</con:entry>
        <con:entry>res_response</con:entry>
      </con:returnProperties>
      <con:runMode>PARALLELL</con:runMode>
    </con:config>
  </con:testStep>
  <con:testStep type="manualTestStep" name="****Terminal Data parent-child creation*************************" id="1934a406-5b9a-4d8b-bc13-55f64af4b9fa" disabled="true">
    <con:settings/>
    <con:config xsi:type="con:ManualTestStep" xmlns:xsi="http://www.w3.org/2001/XMLSchema-instance"/>
  </con:testStep>
  <con:testStep type="transfer" name="Property Transfer create terminal" id="3382cd4a-945a-4b55-9f3f-d9516cd2b6ab">
    <con:settings/>
    <con:config xsi:type="con:PropertyTransfersStep" xmlns:xsi="http://www.w3.org/2001/XMLSchema-instance">
      <con:transfers setNullOnMissingSource="true" transferTextContent="true" failOnError="true" ignoreEmpty="false" transferToAll="false" entitize="false" transferChildNodes="false">
        <con:name>userId</con:name>
        <con:sourceType>res_userRoleId</con:sourceType>
        <con:sourceStep>Create initial data3_childOfInitialData</con:sourceStep>
        <con:sourcePath/>
        <con:targetType>req_UserId</con:targetType>
        <con:targetStep>Authorize create terminal 2</con:targetStep>
        <con:targetPath/>
        <con:upgraded>true</con:upgraded>
      </con:transfers>
      <con:transfers setNullOnMissingSource="true" transferTextContent="true" failOnError="true" ignoreEmpty="false" transferToAll="false" entitize="false" transferChildNodes="false">
        <con:name>soId</con:name>
        <con:sourceType>res_salesOrgId</con:sourceType>
        <con:sourceStep>Create initial data3_childOfInitialData</con:sourceStep>
        <con:targetType>req_SoId</con:targetType>
        <con:targetStep>Authorize create terminal 2</con:targetStep>
        <con:upgraded>true</con:upgraded>
      </con:transfers>
      <con:transfers setNullOnMissingSource="true" transferTextContent="false" failOnError="true" ignoreEmpty="false" transferToAll="false" entitize="false" transferChildNodes="false">
        <con:name>domain</con:name>
        <con:sourceType>domain_terminal</con:sourceType>
        <con:sourceStep>Properties</con:sourceStep>
        <con:targetType>req_Domain</con:targetType>
        <con:targetStep>Authorize create terminal 2</con:targetStep>
        <con:upgraded>true</con:upgraded>
      </con:transfers>
      <con:transfers setNullOnMissingSource="true" transferTextContent="true" failOnError="true" ignoreEmpty="false" transferToAll="false" entitize="false" transferChildNodes="false">
        <con:name>action</con:name>
        <con:sourceType>action_CreateTerminal</con:sourceType>
        <con:sourceStep>Properties</con:sourceStep>
        <con:targetType>req_Action</con:targetType>
        <con:targetStep>Authorize create terminal 2</con:targetStep>
        <con:upgraded>true</con:upgraded>
      </con:transfers>
      <con:transfers setNullOnMissingSource="true" transferTextContent="true" failOnError="true" ignoreEmpty="false" transferToAll="false" entitize="false" transferChildNodes="false">
        <con:name>scope</con:name>
        <con:sourceType>scope_Null</con:sourceType>
        <con:sourceStep>Properties</con:sourceStep>
        <con:targetType>req_Scope</con:targetType>
        <con:targetStep>Authorize create terminal 2</con:targetStep>
        <con:upgraded>true</con:upgraded>
      </con:transfers>
      <con:transfers setNullOnMissingSource="true" transferTextContent="true" failOnError="true" ignoreEmpty="false" transferToAll="false" entitize="false" transferChildNodes="false">
        <con:name>profile</con:name>
        <con:sourceType>profile_CSR</con:sourceType>
        <con:sourceStep>Properties</con:sourceStep>
        <con:targetType>req_Profile</con:targetType>
        <con:targetStep>Authorize create terminal 2</con:targetStep>
        <con:upgraded>true</con:upgraded>
      </con:transfers>
      <con:transfers setNullOnMissingSource="true" transferTextContent="true" failOnError="true" ignoreEmpty="false" transferToAll="false" entitize="false" transferChildNodes="false">
        <con:name>condition</con:name>
        <con:sourceType>condition_Null</con:sourceType>
        <con:sourceStep>Properties</con:sourceStep>
        <con:targetType>req_Condition</con:targetType>
        <con:targetStep>Authorize create terminal 2</con:targetStep>
        <con:upgraded>true</con:upgraded>
      </con:transfers>
      <con:transfers setNullOnMissingSource="true" transferTextContent="true" failOnError="true" ignoreEmpty="false" transferToAll="false" entitize="false" transferChildNodes="false">
        <con:name>userId-delete</con:name>
        <con:sourceType>res_userRoleId</con:sourceType>
        <con:sourceStep>Create initial data3_childOfInitialData</con:sourceStep>
        <con:targetType>req_userId</con:targetType>
        <con:targetStep>Delete create permission 2</con:targetStep>
        <con:upgraded>true</con:upgraded>
      </con:transfers>
      <con:transfers setNullOnMissingSource="true" transferTextContent="true" failOnError="true" ignoreEmpty="false" transferToAll="false" entitize="false" transferChildNodes="false">
        <con:name>soId-delete</con:name>
        <con:sourceType>res_salesOrgId</con:sourceType>
        <con:sourceStep>Create initial data3_childOfInitialData</con:sourceStep>
        <con:targetType>req_soId</con:targetType>
        <con:targetStep>Delete create permission 2</con:targetStep>
        <con:upgraded>true</con:upgraded>
      </con:transfers>
      <con:transfers setNullOnMissingSource="true" transferTextContent="true" failOnError="true" ignoreEmpty="false" transferToAll="false" entitize="false" transferChildNodes="false">
        <con:name>action-delete</con:name>
        <con:sourceType>action_CreateTerminal</con:sourceType>
        <con:sourceStep>Properties</con:sourceStep>
        <con:targetType>req_action</con:targetType>
        <con:targetStep>Delete create permission 2</con:targetStep>
        <con:upgraded>true</con:upgraded>
      </con:transfers>
      <con:transfers setNullOnMissingSource="true" transferTextContent="true" failOnError="true" ignoreEmpty="false" transferToAll="false" entitize="false" transferChildNodes="false">
        <con:name>userIntToken</con:name>
        <con:sourceType>userIntToken</con:sourceType>
        <con:sourceStep>Create initial data3_childOfInitialData</con:sourceStep>
        <con:targetType>AuthorizationIntUser</con:targetType>
        <con:targetStep>#Project#</con:targetStep>
        <con:upgraded>true</con:upgraded>
      </con:transfers>
      <con:transfers setNullOnMissingSource="true" transferTextContent="true" failOnError="true" ignoreEmpty="false" transferToAll="false" entitize="false" transferChildNodes="false">
        <con:name>userSo</con:name>
        <con:sourceType>res_salesOrgId</con:sourceType>
        <con:sourceStep>Create initial data3_childOfInitialData</con:sourceStep>
        <con:targetType>UserSo</con:targetType>
        <con:targetStep>#Project#</con:targetStep>
        <con:upgraded>true</con:upgraded>
      </con:transfers>
      <con:transfers setNullOnMissingSource="true" transferTextContent="true" failOnError="true" ignoreEmpty="false" transferToAll="false" entitize="false" transferChildNodes="false">
        <con:name>createdForSalesOrg</con:name>
        <con:sourceType>DefaultSalesOrganizationRoleId</con:sourceType>
        <con:sourceStep>#Project#</con:sourceStep>
        <con:targetType>req_createdForSalesOrg</con:targetType>
        <con:targetStep>Authorize create terminal 2</con:targetStep>
        <con:upgraded>true</con:upgraded>
      </con:transfers>
    </con:config>
  </con:testStep>
  <con:testStep type="calltestcase" name="Authorize create terminal 2" id="be1d6d4a-d6d3-453e-8c96-9bfce7cfaec9">
    <con:settings/>
    <con:config xsi:type="con:RunTestCaseStep" xmlns:xsi="http://www.w3.org/2001/XMLSchema-instance">
      <con:targetTestCase>7598e6a9-915e-450f-9530-8976eb29de47</con:targetTestCase>
      <con:properties>
        <con:property>
          <con:name>req_UserId</con:name>
          <con:value>67</con:value>
        </con:property>
        <con:property>
          <con:name>req_SoId</con:name>
          <con:value>65</con:value>
        </con:property>
        <con:property>
          <con:name>req_Domain</con:name>
          <con:value>TRM</con:value>
        </con:property>
        <con:property>
          <con:name>req_Action</con:name>
          <con:value>TRM.Create</con:value>
        </con:property>
        <con:property>
          <con:name>req_Scope</con:name>
          <con:value>PermitAllScope</con:value>
        </con:property>
        <con:property>
          <con:name>req_Profile</con:name>
          <con:value>CSR</con:value>
        </con:property>
        <con:property>
          <con:name>req_Condition</con:name>
          <con:value>NullCondition</con:value>
        </con:property>
        <con:property>
          <con:name>res_code</con:name>
          <con:value>200</con:value>
        </con:property>
        <con:property>
          <con:name>res_errorMessageCreate</con:name>
          <con:value xsi:nil="true"/>
        </con:property>
        <con:property>
          <con:name>res_errorMessageAdd</con:name>
          <con:value xsi:nil="true"/>
        </con:property>
        <con:property>
          <con:name>res_errorMessageSubmit</con:name>
          <con:value xsi:nil="true"/>
        </con:property>
        <con:property>
          <con:name>response</con:name>
          <con:value>{"businessInteractionType":34,"code":"PP-2201","description":"Profile Permission at [name-ext-3e272f83-fd6c-47c3-ae0b-811ae421346d] by [John Smith]","mainState":0,"state":5,"createdDate":"2018-03-07T07:26:14+0000","businessInteractionSpec":{"id":75,"journaled":false,"name":"Profile Permission bi spec","specificationType":0,"allowSubmitBIWithoutItem":false,"requiresSession":false,"code":"PROFILE_PERMISSION","requiresActiveSO":false,"biOperationAllowedWhenSOSuspended":false,"reserveAllNonSerializedSpec":false,"allowStockLevelNegative":false,"dynamicMap":{},"type":"com.ericsson.bss.rm.erms.core.entity.dto.bi.BusinessInteractionSpecDTO"},"createdByUserId":"67","createdBySalesOrganizationId":"65","createdForSalesOrganizationRoleId":"1","preventUpdateFromOtherSystem":false,"items":[],"isLocked":false,"businessInteractionRoleId1":116,"businessInteractionRoleId2":113,"businessInteractionRoleId3":113,"id":2201,"href":"/v1/profilePermission/2201","dynamicMap":{},"type":"com.ericsson.bss.rm.erms.core.entity.dto.bi.profilepermission.ProfilePermissionBIResponseDTO"}</con:value>
        </con:property>
        <con:property>
          <con:name>req_createdForSalesOrg</con:name>
          <con:value>1</con:value>
        </con:property>
      </con:properties>
      <con:returnProperties>
        <con:entry>res_code</con:entry>
        <con:entry>res_errorMessageCreate</con:entry>
        <con:entry>res_errorMessageAdd</con:entry>
        <con:entry>res_errorMessageSubmit</con:entry>
        <con:entry>response</con:entry>
      </con:returnProperties>
      <con:runMode>PARALLELL</con:runMode>
    </con:config>
  </con:testStep>
  <con:testStep type="assertionteststep" name="Assertion terminal create permission successfully created 2" id="01fa2f31-f98d-47f1-9d6b-4cfb2b8eb7b9">
    <con:settings/>
    <con:config xsi:type="con:AssertionTestStep" xmlns:xsi="http://www.w3.org/2001/XMLSchema-instance">
      <con:entry>
        <con:id>fb639688-037e-4ef2-b43d-47835c3ea3d3</con:id>
        <con:isGroup>false</con:isGroup>
        <con:sourceId>cf142e3d-3f6c-470a-a58c-306776560ab0</con:sourceId>
        <con:propertyName>http200</con:propertyName>
        <con:assertion type="Simple Equals" name="Equals" id="71a63faa-595a-4075-ba75-fe6036842669">
          <con:configuration>
            <patternObjectId>be1d6d4a-d6d3-453e-8c96-9bfce7cfaec9</patternObjectId>
            <patternProperty>res_code</patternProperty>
            <caseSensitive>true</caseSensitive>
          </con:configuration>
        </con:assertion>
      </con:entry>
    </con:config>
  </con:testStep>
  <con:testStep type="transfer" name="Property Transfer 12 2" id="7f246580-07f5-4671-b561-2fa83c44a460">
    <con:settings/>
    <con:config xsi:type="con:PropertyTransfersStep" xmlns:xsi="http://www.w3.org/2001/XMLSchema-instance">
      <con:transfers setNullOnMissingSource="true" transferTextContent="true" failOnError="true" ignoreEmpty="false" transferToAll="false" entitize="false" transferChildNodes="false">
        <con:name>userId</con:name>
        <con:sourceType>res_userRoleId</con:sourceType>
        <con:sourceStep>Create initial data3_childOfInitialData</con:sourceStep>
        <con:sourcePath/>
        <con:targetType>req_userRoleId</con:targetType>
        <con:targetStep>Create terminal bi for initialData3</con:targetStep>
        <con:targetPath/>
        <con:upgraded>true</con:upgraded>
      </con:transfers>
      <con:transfers setNullOnMissingSource="true" transferTextContent="true" failOnError="true" ignoreEmpty="false" transferToAll="false" entitize="false" transferChildNodes="false">
        <con:name>soId</con:name>
        <con:sourceType>res_salesOrgId</con:sourceType>
        <con:sourceStep>Create initial data3_childOfInitialData</con:sourceStep>
        <con:targetType>req_salesOrgRoleId</con:targetType>
        <con:targetStep>Create terminal bi for initialData3</con:targetStep>
        <con:upgraded>true</con:upgraded>
      </con:transfers>
      <con:transfers setNullOnMissingSource="true" transferTextContent="true" failOnError="true" ignoreEmpty="false" transferToAll="false" entitize="false" transferChildNodes="false">
        <con:name>userToken</con:name>
        <con:sourceType>userToken</con:sourceType>
        <con:sourceStep>Create initial data3_childOfInitialData</con:sourceStep>
        <con:targetType>AuthorizationUser</con:targetType>
        <con:targetStep>#Project#</con:targetStep>
        <con:upgraded>true</con:upgraded>
      </con:transfers>
    </con:config>
  </con:testStep>
  <con:testStep type="calltestcase" name="Create terminal bi for initialData3" id="16a3150f-007d-4169-b9f2-130c0c4baf42">
    <con:settings/>
    <con:config xsi:type="con:RunTestCaseStep" xmlns:xsi="http://www.w3.org/2001/XMLSchema-instance">
      <con:targetTestCase>dd134965-c927-42c2-b77c-aa9898d86735</con:targetTestCase>
      <con:properties>
        <con:property>
          <con:name>res_biId</con:name>
          <con:value>2211</con:value>
        </con:property>
        <con:property>
          <con:name>req_userRoleId</con:name>
          <con:value>67</con:value>
        </con:property>
        <con:property>
          <con:name>req_salesOrgRoleId</con:name>
          <con:value>65</con:value>
        </con:property>
      </con:properties>
      <con:returnProperties>
        <con:entry>res_biId</con:entry>
      </con:returnProperties>
      <con:runMode>PARALLELL</con:runMode>
    </con:config>
  </con:testStep>
  <con:testStep type="transfer" name="Property Transfer 12 2 2" id="76c3f7df-3928-472e-a788-c8f08b49812d">
    <con:settings/>
    <con:config xsi:type="con:PropertyTransfersStep" xmlns:xsi="http://www.w3.org/2001/XMLSchema-instance">
      <con:transfers setNullOnMissingSource="true" transferTextContent="true" failOnError="true" ignoreEmpty="false" transferToAll="false" entitize="false" transferChildNodes="false">
        <con:name>userIdORG2</con:name>
        <con:sourceType>res_userRoleId</con:sourceType>
        <con:sourceStep>Create initial data4_parentOfInitialData</con:sourceStep>
        <con:targetType>req_userRoleId</con:targetType>
        <con:targetStep>Create terminal bi for initialData4</con:targetStep>
        <con:upgraded>true</con:upgraded>
      </con:transfers>
      <con:transfers setNullOnMissingSource="true" transferTextContent="true" failOnError="true" ignoreEmpty="false" transferToAll="false" entitize="false" transferChildNodes="false">
        <con:name>soIdORG2</con:name>
        <con:sourceType>res_salesOrgId</con:sourceType>
        <con:sourceStep>Create initial data4_parentOfInitialData</con:sourceStep>
        <con:targetType>req_salesOrgRoleId</con:targetType>
        <con:targetStep>Create terminal bi for initialData4</con:targetStep>
        <con:upgraded>true</con:upgraded>
      </con:transfers>
      <con:transfers setNullOnMissingSource="true" transferTextContent="true" failOnError="true" ignoreEmpty="false" transferToAll="false" entitize="false" transferChildNodes="false">
        <con:name>userToken</con:name>
        <con:sourceType>userToken</con:sourceType>
        <con:sourceStep>Create initial data4_parentOfInitialData</con:sourceStep>
        <con:targetType>AuthorizationUser</con:targetType>
        <con:targetStep>#Project#</con:targetStep>
        <con:upgraded>true</con:upgraded>
      </con:transfers>
      <con:transfers setNullOnMissingSource="true" transferTextContent="true" failOnError="true" ignoreEmpty="false" transferToAll="false" entitize="false" transferChildNodes="false">
        <con:name>userSo</con:name>
        <con:sourceType>res_salesOrgId</con:sourceType>
        <con:sourceStep>Create initial data4_parentOfInitialData</con:sourceStep>
        <con:targetType>UserSo</con:targetType>
        <con:targetStep>#Project#</con:targetStep>
        <con:upgraded>true</con:upgraded>
      </con:transfers>
    </con:config>
  </con:testStep>
  <con:testStep type="calltestcase" name="Create terminal bi for initialData4" id="980c5a3f-58af-426d-9264-2d1d7e0a1c4c">
    <con:settings/>
    <con:config xsi:type="con:RunTestCaseStep" xmlns:xsi="http://www.w3.org/2001/XMLSchema-instance">
      <con:targetTestCase>dd134965-c927-42c2-b77c-aa9898d86735</con:targetTestCase>
      <con:properties>
        <con:property>
          <con:name>res_biId</con:name>
          <con:value>2221</con:value>
        </con:property>
        <con:property>
          <con:name>req_userRoleId</con:name>
          <con:value>71</con:value>
        </con:property>
        <con:property>
          <con:name>req_salesOrgRoleId</con:name>
          <con:value>69</con:value>
        </con:property>
      </con:properties>
      <con:returnProperties>
        <con:entry>res_biId</con:entry>
      </con:returnProperties>
      <con:runMode>PARALLELL</con:runMode>
    </con:config>
  </con:testStep>
  <con:testStep type="transfer" name="Property Transfer org3TerminalId" id="91b11e4a-17bc-4630-801c-c7d7930133ae">
    <con:settings/>
    <con:config xsi:type="con:PropertyTransfersStep" xmlns:xsi="http://www.w3.org/2001/XMLSchema-instance">
      <con:transfers setNullOnMissingSource="true" transferTextContent="true" failOnError="true" ignoreEmpty="false" transferToAll="false" entitize="false" transferChildNodes="false">
        <con:name>org3TerminalId</con:name>
        <con:sourceType>res_biId</con:sourceType>
        <con:sourceStep>Create terminal bi for initialData3</con:sourceStep>
        <con:sourcePath/>
        <con:targetType>org3TerminalId</con:targetType>
        <con:targetStep>Properties</con:targetStep>
        <con:targetPath/>
        <con:upgraded>true</con:upgraded>
      </con:transfers>
      <con:transfers setNullOnMissingSource="true" transferTextContent="true" failOnError="true" ignoreEmpty="false" transferToAll="false" entitize="false" transferChildNodes="false">
        <con:name>userToken</con:name>
        <con:sourceType>userToken</con:sourceType>
        <con:sourceStep>Create initial data3_childOfInitialData</con:sourceStep>
        <con:targetType>AuthorizationUser</con:targetType>
        <con:targetStep>#Project#</con:targetStep>
        <con:upgraded>true</con:upgraded>
      </con:transfers>
    </con:config>
  </con:testStep>
  <con:testStep type="transfer" name="Property Transfer org4TerminalId" id="8124d29b-6c93-4aa3-8712-77c505da8e83">
    <con:settings/>
    <con:config xsi:type="con:PropertyTransfersStep" xmlns:xsi="http://www.w3.org/2001/XMLSchema-instance">
      <con:transfers setNullOnMissingSource="true" transferTextContent="true" failOnError="true" ignoreEmpty="false" transferToAll="false" entitize="false" transferChildNodes="false">
        <con:name>org4TerminalId</con:name>
        <con:sourceType>res_biId</con:sourceType>
        <con:sourceStep>Create terminal bi for initialData4</con:sourceStep>
        <con:sourcePath/>
        <con:targetType>org4TerminalId</con:targetType>
        <con:targetStep>Properties</con:targetStep>
        <con:targetPath/>
        <con:upgraded>true</con:upgraded>
      </con:transfers>
    </con:config>
  </con:testStep>
  <con:testStep type="assertionteststep" name="Assertion terminal successfully created 2" id="edfcc46a-8e10-4207-a2f4-d688056baf4f">
    <con:settings/>
    <con:config xsi:type="con:AssertionTestStep" xmlns:xsi="http://www.w3.org/2001/XMLSchema-instance">
      <con:entry>
        <con:id>97a7816b-da53-4146-bb0e-f71d64246086</con:id>
        <con:isGroup>false</con:isGroup>
        <con:sourceId>bb08d807-75c7-4353-ae5d-1e42cb37435b</con:sourceId>
        <con:propertyName>res_biId</con:propertyName>
        <con:assertion type="Simple Contains" name="Contains" id="dceafaee-d0d2-4a9f-937c-b1785cce7b47">
          <con:configuration>
            <token>\d+</token>
            <ignoreCase>false</ignoreCase>
            <useRegEx>true</useRegEx>
          </con:configuration>
        </con:assertion>
      </con:entry>
    </con:config>
  </con:testStep>
  <con:testStep type="transfer" name="Property Transfer TerminalId" id="e72950ff-6f9c-438c-a4e5-971f07f23e34" disabled="true">
    <con:settings/>
    <con:config xsi:type="con:PropertyTransfersStep" xmlns:xsi="http://www.w3.org/2001/XMLSchema-instance">
      <con:transfers setNullOnMissingSource="true" transferTextContent="true" failOnError="true" ignoreEmpty="false" transferToAll="false" entitize="false" transferChildNodes="false">
        <con:name>org1TerminalId</con:name>
        <con:sourceType>res_biId</con:sourceType>
        <con:sourceStep>Create terminal bi for initialData3</con:sourceStep>
        <con:sourcePath/>
        <con:targetType>org1TerminalId</con:targetType>
        <con:targetStep>Properties</con:targetStep>
        <con:targetPath/>
        <con:upgraded>true</con:upgraded>
      </con:transfers>
      <con:transfers setNullOnMissingSource="true" transferTextContent="true" failOnError="true" ignoreEmpty="false" transferToAll="false" entitize="false" transferChildNodes="false">
        <con:name>userToken</con:name>
        <con:sourceType>userToken</con:sourceType>
        <con:sourceStep>Create initial data3_childOfInitialData</con:sourceStep>
        <con:targetType>AuthorizationUser</con:targetType>
        <con:targetStep>#Project#</con:targetStep>
        <con:upgraded>true</con:upgraded>
      </con:transfers>
      <con:transfers setNullOnMissingSource="true" transferTextContent="true" failOnError="true" ignoreEmpty="false" transferToAll="false" entitize="false" transferChildNodes="false">
        <con:name>org2TerminalId</con:name>
        <con:sourceType>res_biId</con:sourceType>
        <con:sourceStep>Create terminal bi for initialData4</con:sourceStep>
        <con:targetType>org2TerminalId</con:targetType>
        <con:targetStep>Properties</con:targetStep>
        <con:upgraded>true</con:upgraded>
      </con:transfers>
    </con:config>
  </con:testStep>
  <con:testStep type="assertionteststep" name="Assertion terminal successfully created 2 2" id="df62c0dd-46c5-4f8a-b322-fa5a27e47e80">
    <con:settings/>
    <con:config xsi:type="con:AssertionTestStep" xmlns:xsi="http://www.w3.org/2001/XMLSchema-instance"/>
  </con:testStep>
  <con:testStep type="transfer" name="Property Transfer 34" id="2de80d55-d163-407c-abf5-36ecaf8f04cf">
    <con:settings/>
    <con:config xsi:type="con:PropertyTransfersStep" xmlns:xsi="http://www.w3.org/2001/XMLSchema-instance">
      <con:transfers setNullOnMissingSource="true" transferTextContent="true" failOnError="true" ignoreEmpty="false" transferToAll="false" entitize="false" transferChildNodes="false">
        <con:name>createdForSalesOrg</con:name>
        <con:sourceType>DefaultSalesOrganizationRoleId</con:sourceType>
        <con:sourceStep>#Project#</con:sourceStep>
        <con:sourcePath/>
        <con:targetType>req_createdForSalesOrg</con:targetType>
        <con:targetStep>Delete create permission 2</con:targetStep>
        <con:targetPath/>
        <con:upgraded>true</con:upgraded>
      </con:transfers>
    </con:config>
  </con:testStep>
  <con:testStep type="calltestcase" name="Delete create permission 2" id="5321649c-0293-48be-a25e-78523afc2e85">
    <con:settings/>
    <con:config xsi:type="con:RunTestCaseStep" xmlns:xsi="http://www.w3.org/2001/XMLSchema-instance">
      <con:targetTestCase>ef1ecdf4-8483-46d8-a3c9-87064bd44ad2</con:targetTestCase>
      <con:properties>
        <con:property>
          <con:name>req_userId</con:name>
          <con:value>67</con:value>
        </con:property>
        <con:property>
          <con:name>req_soId</con:name>
          <con:value>65</con:value>
        </con:property>
        <con:property>
          <con:name>res_code</con:name>
          <con:value>200</con:value>
        </con:property>
        <con:property>
          <con:name>res_errorMessage</con:name>
          <con:value xsi:nil="true"/>
        </con:property>
        <con:property>
          <con:name>req_action</con:name>
          <con:value>TRM.Create</con:value>
        </con:property>
        <con:property>
          <con:name>req_createdForSalesOrg</con:name>
          <con:value>1</con:value>
        </con:property>
      </con:properties>
      <con:returnProperties>
        <con:entry>res_code</con:entry>
        <con:entry>res_errorMessage</con:entry>
      </con:returnProperties>
      <con:runMode>PARALLELL</con:runMode>
    </con:config>
  </con:testStep>
  <con:testStep type="assertionteststep" name="Assertion create permission is deleted 2" id="3687453d-ad88-4422-a0c0-08588702fda6">
    <con:settings/>
    <con:config xsi:type="con:AssertionTestStep" xmlns:xsi="http://www.w3.org/2001/XMLSchema-instance">
      <con:entry>
        <con:id>9adbba5a-16eb-42c2-86ff-40d0d2225d31</con:id>
        <con:isGroup>false</con:isGroup>
        <con:sourceId>e94676c7-0b10-49d4-afeb-0da5478a333c</con:sourceId>
        <con:propertyName>res_code</con:propertyName>
        <con:assertion type="Simple Contains" name="Contains" id="47b0877e-c041-4be3-8520-b0b34267fa13">
          <con:configuration>
            <token>200</token>
            <ignoreCase>false</ignoreCase>
            <useRegEx>false</useRegEx>
          </con:configuration>
        </con:assertion>
      </con:entry>
      <con:entry>
        <con:id>3a5e36a5-40d8-4438-8807-5ed68b62217f</con:id>
        <con:isGroup>false</con:isGroup>
        <con:sourceId>e94676c7-0b10-49d4-afeb-0da5478a333c</con:sourceId>
        <con:propertyName>res_errorMessage</con:propertyName>
        <con:assertion type="Simple Contains" name="Contains 2" id="c0e801cc-6786-4cb8-8ab8-e4d961fa5efe">
          <con:configuration>
            <token>^\s*$</token>
            <ignoreCase>false</ignoreCase>
            <useRegEx>true</useRegEx>
          </con:configuration>
        </con:assertion>
      </con:entry>
    </con:config>
  </con:testStep>
  <con:testStep type="manualTestStep" name="**** VIEW TERMINAL - CreatedByBelowMyOrgScope ********************" id="cf17b7ec-7bd6-4ac4-a048-b957f6b374f1" disabled="true">
    <con:settings/>
    <con:config xsi:type="con:ManualTestStep" xmlns:xsi="http://www.w3.org/2001/XMLSchema-instance"/>
  </con:testStep>
  <con:testStep type="transfer" name="Property Transfer for viewTerminal - CreatedByBelowMyOrgScope" id="27aa4e5b-68ac-4c26-83f5-c739505efcb6">
    <con:settings/>
    <con:config xsi:type="con:PropertyTransfersStep" xmlns:xsi="http://www.w3.org/2001/XMLSchema-instance">
      <con:transfers setNullOnMissingSource="true" transferTextContent="true" failOnError="true" ignoreEmpty="false" transferToAll="false" entitize="false" transferChildNodes="false">
        <con:name>userId</con:name>
        <con:sourceType>res_userRoleId</con:sourceType>
        <con:sourceStep>Create initial data</con:sourceStep>
        <con:sourcePath/>
        <con:targetType>req_UserId</con:targetType>
        <con:targetStep>Authorize view terminal - CreatedByBelowMyOrgScope</con:targetStep>
        <con:targetPath/>
        <con:upgraded>true</con:upgraded>
      </con:transfers>
      <con:transfers setNullOnMissingSource="true" transferTextContent="true" failOnError="true" ignoreEmpty="false" transferToAll="false" entitize="false" transferChildNodes="false">
        <con:name>soId</con:name>
        <con:sourceType>res_salesOrgId</con:sourceType>
        <con:sourceStep>Create initial data</con:sourceStep>
        <con:targetType>req_SoId</con:targetType>
        <con:targetStep>Authorize view terminal - CreatedByBelowMyOrgScope</con:targetStep>
        <con:upgraded>true</con:upgraded>
      </con:transfers>
      <con:transfers setNullOnMissingSource="true" transferTextContent="true" failOnError="true" ignoreEmpty="false" transferToAll="false" entitize="false" transferChildNodes="false">
        <con:name>domain</con:name>
        <con:sourceType>domain_terminal</con:sourceType>
        <con:sourceStep>Properties</con:sourceStep>
        <con:targetType>req_Domain</con:targetType>
        <con:targetStep>Authorize view terminal - CreatedByBelowMyOrgScope</con:targetStep>
        <con:upgraded>true</con:upgraded>
      </con:transfers>
      <con:transfers setNullOnMissingSource="false" transferTextContent="true" failOnError="true" ignoreEmpty="false" transferToAll="false" entitize="false" transferChildNodes="false">
        <con:name>action</con:name>
        <con:sourceType>action_ViewTerminal</con:sourceType>
        <con:sourceStep>Properties</con:sourceStep>
        <con:targetType>req_Action</con:targetType>
        <con:targetStep>Authorize view terminal - CreatedByBelowMyOrgScope</con:targetStep>
        <con:upgraded>true</con:upgraded>
      </con:transfers>
      <con:transfers setNullOnMissingSource="true" transferTextContent="true" failOnError="true" ignoreEmpty="false" transferToAll="false" entitize="false" transferChildNodes="false">
        <con:name>scope</con:name>
        <con:sourceType>scope_CreatedByBelowMyOrgScope</con:sourceType>
        <con:sourceStep>Properties</con:sourceStep>
        <con:targetType>req_Scope</con:targetType>
        <con:targetStep>Authorize view terminal - CreatedByBelowMyOrgScope</con:targetStep>
        <con:upgraded>true</con:upgraded>
      </con:transfers>
      <con:transfers setNullOnMissingSource="true" transferTextContent="true" failOnError="true" ignoreEmpty="false" transferToAll="false" entitize="false" transferChildNodes="false">
        <con:name>profile</con:name>
        <con:sourceType>profile_CSR</con:sourceType>
        <con:sourceStep>Properties</con:sourceStep>
        <con:targetType>req_Profile</con:targetType>
        <con:targetStep>Authorize view terminal - CreatedByBelowMyOrgScope</con:targetStep>
        <con:upgraded>true</con:upgraded>
      </con:transfers>
      <con:transfers setNullOnMissingSource="true" transferTextContent="true" failOnError="true" ignoreEmpty="false" transferToAll="false" entitize="false" transferChildNodes="false">
        <con:name>condition</con:name>
        <con:sourceType>condition_Null</con:sourceType>
        <con:sourceStep>Properties</con:sourceStep>
        <con:targetType>req_Condition</con:targetType>
        <con:targetStep>Authorize view terminal - CreatedByBelowMyOrgScope</con:targetStep>
        <con:upgraded>true</con:upgraded>
      </con:transfers>
      <con:transfers setNullOnMissingSource="true" transferTextContent="true" failOnError="true" ignoreEmpty="false" transferToAll="false" entitize="false" transferChildNodes="false">
        <con:name>userId-delete</con:name>
        <con:sourceType>res_userRoleId</con:sourceType>
        <con:sourceStep>Create initial data</con:sourceStep>
        <con:targetType>req_userId</con:targetType>
        <con:targetStep>Delete view permission - CreatedByBelowMyOrgScope</con:targetStep>
        <con:upgraded>true</con:upgraded>
      </con:transfers>
      <con:transfers setNullOnMissingSource="true" transferTextContent="true" failOnError="true" ignoreEmpty="false" transferToAll="false" entitize="false" transferChildNodes="false">
        <con:name>soId-delete</con:name>
        <con:sourceType>res_salesOrgId</con:sourceType>
        <con:sourceStep>Create initial data</con:sourceStep>
        <con:targetType>req_soId</con:targetType>
        <con:targetStep>Delete view permission - CreatedByBelowMyOrgScope</con:targetStep>
        <con:upgraded>true</con:upgraded>
      </con:transfers>
      <con:transfers setNullOnMissingSource="true" transferTextContent="true" failOnError="true" ignoreEmpty="false" transferToAll="false" entitize="false" transferChildNodes="false">
        <con:name>action-delete</con:name>
        <con:sourceType>action_ViewTerminal</con:sourceType>
        <con:sourceStep>Properties</con:sourceStep>
        <con:targetType>req_action</con:targetType>
        <con:targetStep>Delete view permission - CreatedByBelowMyOrgScope</con:targetStep>
        <con:upgraded>true</con:upgraded>
      </con:transfers>
      <con:transfers setNullOnMissingSource="true" transferTextContent="true" failOnError="true" ignoreEmpty="false" transferToAll="false" entitize="false" transferChildNodes="false">
        <con:name>userToken</con:name>
        <con:sourceType>userToken</con:sourceType>
        <con:sourceStep>Create initial data</con:sourceStep>
        <con:targetType>AuthorizationUser</con:targetType>
        <con:targetStep>#Project#</con:targetStep>
        <con:upgraded>true</con:upgraded>
      </con:transfers>
      <con:transfers setNullOnMissingSource="true" transferTextContent="true" failOnError="true" ignoreEmpty="true" transferToAll="false" entitize="false" transferChildNodes="false">
        <con:name>userSo</con:name>
        <con:sourceType>res_salesOrgId</con:sourceType>
        <con:sourceStep>Create initial data</con:sourceStep>
        <con:targetType>UserSo</con:targetType>
        <con:targetStep>#Project#</con:targetStep>
        <con:upgraded>true</con:upgraded>
      </con:transfers>
      <con:transfers setNullOnMissingSource="true" transferTextContent="true" failOnError="true" ignoreEmpty="true" transferToAll="false" entitize="false" transferChildNodes="false">
        <con:name>userIntToken</con:name>
        <con:sourceType>userIntToken</con:sourceType>
        <con:sourceStep>Create initial data</con:sourceStep>
        <con:targetType>AuthorizationIntUser</con:targetType>
        <con:targetStep>#Project#</con:targetStep>
        <con:upgraded>true</con:upgraded>
      </con:transfers>
      <con:transfers setNullOnMissingSource="true" transferTextContent="true" failOnError="true" ignoreEmpty="false" transferToAll="false" entitize="false" transferChildNodes="false">
        <con:name>createdForSalesOrg</con:name>
        <con:sourceType>DefaultSalesOrganizationRoleId</con:sourceType>
        <con:sourceStep>#Project#</con:sourceStep>
        <con:targetType>req_createdForSalesOrg</con:targetType>
        <con:targetStep>Authorize view terminal - CreatedByBelowMyOrgScope</con:targetStep>
        <con:upgraded>true</con:upgraded>
      </con:transfers>
    </con:config>
  </con:testStep>
  <con:testStep type="calltestcase" name="Authorize view terminal - CreatedByBelowMyOrgScope" id="b85b013e-bae8-45c2-b609-4009f91d309b">
    <con:settings/>
    <con:config xsi:type="con:RunTestCaseStep" xmlns:xsi="http://www.w3.org/2001/XMLSchema-instance">
      <con:targetTestCase>7598e6a9-915e-450f-9530-8976eb29de47</con:targetTestCase>
      <con:properties>
        <con:property>
          <con:name>req_UserId</con:name>
          <con:value>57</con:value>
        </con:property>
        <con:property>
          <con:name>req_SoId</con:name>
          <con:value>55</con:value>
        </con:property>
        <con:property>
          <con:name>req_Domain</con:name>
          <con:value>TRM</con:value>
        </con:property>
        <con:property>
          <con:name>req_Action</con:name>
          <con:value>TRM.View</con:value>
        </con:property>
        <con:property>
          <con:name>req_Scope</con:name>
          <con:value>CreatedByBelowMyOrgScope</con:value>
        </con:property>
        <con:property>
          <con:name>req_Profile</con:name>
          <con:value>CSR</con:value>
        </con:property>
        <con:property>
          <con:name>req_Condition</con:name>
          <con:value>NullCondition</con:value>
        </con:property>
        <con:property>
          <con:name>res_code</con:name>
          <con:value>200</con:value>
        </con:property>
        <con:property>
          <con:name>res_errorMessageCreate</con:name>
          <con:value xsi:nil="true"/>
        </con:property>
        <con:property>
          <con:name>res_errorMessageAdd</con:name>
          <con:value xsi:nil="true"/>
        </con:property>
        <con:property>
          <con:name>res_errorMessageSubmit</con:name>
          <con:value xsi:nil="true"/>
        </con:property>
        <con:property>
          <con:name>response</con:name>
          <con:value>{"businessInteractionType":34,"code":"PP-2241","description":"Profile Permission at [name-ext-7ec0b598-48cb-4af6-9d50-f17c84983d93] by [John Smith]","mainState":0,"state":5,"createdDate":"2018-03-07T07:26:15+0000","businessInteractionSpec":{"id":75,"journaled":false,"name":"Profile Permission bi spec","specificationType":0,"allowSubmitBIWithoutItem":false,"requiresSession":false,"code":"PROFILE_PERMISSION","requiresActiveSO":false,"biOperationAllowedWhenSOSuspended":false,"reserveAllNonSerializedSpec":false,"allowStockLevelNegative":false,"dynamicMap":{},"type":"com.ericsson.bss.rm.erms.core.entity.dto.bi.BusinessInteractionSpecDTO"},"createdByUserId":"57","createdBySalesOrganizationId":"55","createdForSalesOrganizationRoleId":"1","preventUpdateFromOtherSystem":false,"items":[],"isLocked":false,"businessInteractionRoleId1":98,"businessInteractionRoleId2":95,"businessInteractionRoleId3":95,"id":2241,"href":"/v1/profilePermission/2241","dynamicMap":{},"type":"com.ericsson.bss.rm.erms.core.entity.dto.bi.profilepermission.ProfilePermissionBIResponseDTO"}</con:value>
        </con:property>
        <con:property>
          <con:name>req_createdForSalesOrg</con:name>
          <con:value>1</con:value>
        </con:property>
      </con:properties>
      <con:returnProperties>
        <con:entry>res_code</con:entry>
        <con:entry>res_errorMessageCreate</con:entry>
        <con:entry>res_errorMessageAdd</con:entry>
        <con:entry>res_errorMessageSubmit</con:entry>
        <con:entry>response</con:entry>
      </con:returnProperties>
      <con:runMode>PARALLELL</con:runMode>
    </con:config>
  </con:testStep>
  <con:testStep type="calltestcase" name="Display all Create Terminal interactions - initialData1 - CreatedByBelowMyOrgScope" id="eb48d761-9535-4f96-bd6c-1cd1a8b79b95">
    <con:settings/>
    <con:config xsi:type="con:RunTestCaseStep" xmlns:xsi="http://www.w3.org/2001/XMLSchema-instance">
      <con:targetTestCase>b749e299-451e-41da-a1b2-04068fc40f31</con:targetTestCase>
      <con:properties>
        <con:property>
          <con:name>res_status</con:name>
          <con:value>200</con:value>
        </con:property>
        <con:property>
          <con:name>response</con:name>
          <con:value>{"items":[{"businessInteractionType":3,"code":"TRM-2211","description":"Terminal is created at [name-ext-3e272f83-fd6c-47c3-ae0b-811ae421346d] by [John Smith]","mainState":"Draft","state":"Draft","createdDate":"2018-03-07T07:26:14.356Z","preventUpdateFromOtherSystem":false,"id":"2211"}]}</con:value>
        </con:property>
      </con:properties>
      <con:returnProperties>
        <con:entry>res_status</con:entry>
        <con:entry>response</con:entry>
      </con:returnProperties>
      <con:runMode>PARALLELL</con:runMode>
    </con:config>
  </con:testStep>
  <con:testStep type="transfer" name="Property Transfer itemIds" id="0f766506-cea6-4604-abfe-6ac820336090">
    <con:settings/>
    <con:config xsi:type="con:PropertyTransfersStep" xmlns:xsi="http://www.w3.org/2001/XMLSchema-instance">
      <con:transfers setNullOnMissingSource="true" transferTextContent="true" failOnError="true" ignoreEmpty="false" transferToAll="false" entitize="false" transferChildNodes="false">
        <con:name>itemIds</con:name>
        <con:sourceType>response</con:sourceType>
        <con:sourceStep>Display all Create Terminal interactions - initialData1 - CreatedByBelowMyOrgScope</con:sourceStep>
        <con:sourcePath>$['items'][0]['id']</con:sourcePath>
        <con:targetType>temp</con:targetType>
        <con:targetStep>Properties</con:targetStep>
        <con:targetPath/>
        <con:type>JSONPATH</con:type>
        <con:upgraded>true</con:upgraded>
      </con:transfers>
    </con:config>
  </con:testStep>
  <con:testStep type="assertionteststep" name="Assertion for Display all Create Terminal - org1 - CreatedByBelowMyOrgScope" id="575a723f-e969-4b30-82d1-9ab52c1d8f8e">
    <con:settings/>
    <con:config xsi:type="con:AssertionTestStep" xmlns:xsi="http://www.w3.org/2001/XMLSchema-instance">
      <con:entry>
        <con:id>25b3e36b-a603-427d-972a-61fc60c8b82e</con:id>
        <con:isGroup>false</con:isGroup>
        <con:sourceId>cf142e3d-3f6c-470a-a58c-306776560ab0</con:sourceId>
        <con:propertyName>http200</con:propertyName>
        <con:assertion type="Simple Equals" name="Equals" id="ef3dc7a1-eee2-4ff8-8534-38de8ca88551">
          <con:configuration>
            <patternObjectId>eb48d761-9535-4f96-bd6c-1cd1a8b79b95</patternObjectId>
            <patternProperty>res_status</patternProperty>
            <caseSensitive>true</caseSensitive>
          </con:configuration>
        </con:assertion>
      </con:entry>
      <con:entry>
        <con:id>537c93fb-07e7-47ab-9de1-304253935e16</con:id>
        <con:isGroup>false</con:isGroup>
        <con:sourceId>cf142e3d-3f6c-470a-a58c-306776560ab0</con:sourceId>
        <con:propertyName>temp</con:propertyName>
        <con:assertion type="Simple Equals" name="Equals 2" id="ddd1993d-7f38-44a8-b16c-44933e6dae29">
          <con:configuration>
            <patternObjectId>16a3150f-007d-4169-b9f2-130c0c4baf42</patternObjectId>
            <patternProperty>res_biId</patternProperty>
            <caseSensitive>true</caseSensitive>
          </con:configuration>
        </con:assertion>
      </con:entry>
    </con:config>
  </con:testStep>
  <con:testStep type="transfer" name="Property Transfer userToken initialData2" id="41f559a5-a68e-4459-94b6-707a5a62bbbc">
    <con:settings/>
    <con:config xsi:type="con:PropertyTransfersStep" xmlns:xsi="http://www.w3.org/2001/XMLSchema-instance">
      <con:transfers setNullOnMissingSource="true" transferTextContent="true" failOnError="true" ignoreEmpty="false" transferToAll="false" entitize="false" transferChildNodes="false">
        <con:name>userToken</con:name>
        <con:sourceType>userToken</con:sourceType>
        <con:sourceStep>Create initial data2</con:sourceStep>
        <con:sourcePath/>
        <con:targetType>AuthorizationUser</con:targetType>
        <con:targetStep>#Project#</con:targetStep>
        <con:targetPath/>
        <con:upgraded>true</con:upgraded>
      </con:transfers>
    </con:config>
  </con:testStep>
  <con:testStep type="calltestcase" name="Display all Create Terminal interactions - initialData2 - CreatedByBelowMyOrgScope" id="49ca013d-3857-40c0-a449-bef3d9e80a09">
    <con:settings/>
    <con:config xsi:type="con:RunTestCaseStep" xmlns:xsi="http://www.w3.org/2001/XMLSchema-instance">
      <con:targetTestCase>b749e299-451e-41da-a1b2-04068fc40f31</con:targetTestCase>
      <con:properties>
        <con:property>
          <con:name>res_status</con:name>
          <con:value>200</con:value>
        </con:property>
        <con:property>
          <con:name>response</con:name>
          <con:value>{"items":[]}</con:value>
        </con:property>
      </con:properties>
      <con:returnProperties>
        <con:entry>res_status</con:entry>
        <con:entry>response</con:entry>
      </con:returnProperties>
      <con:runMode>PARALLELL</con:runMode>
    </con:config>
  </con:testStep>
  <con:testStep type="transfer" name="Property Transfer itemIds org2" id="ba431e7c-9224-495c-b3f5-7db94bf14ba6">
    <con:settings/>
    <con:config xsi:type="con:PropertyTransfersStep" xmlns:xsi="http://www.w3.org/2001/XMLSchema-instance">
      <con:transfers setNullOnMissingSource="true" transferTextContent="true" failOnError="true" ignoreEmpty="false" transferToAll="false" entitize="false" transferChildNodes="false">
        <con:name>itemIds</con:name>
        <con:sourceType>response</con:sourceType>
        <con:sourceStep>Display all Create Terminal interactions - initialData2 - CreatedByBelowMyOrgScope</con:sourceStep>
        <con:sourcePath>$['items'][0]['id']</con:sourcePath>
        <con:targetType>temp</con:targetType>
        <con:targetStep>Properties</con:targetStep>
        <con:targetPath/>
        <con:type>JSONPATH</con:type>
        <con:upgraded>true</con:upgraded>
      </con:transfers>
    </con:config>
  </con:testStep>
  <con:testStep type="assertionteststep" name="Assertion for Display all Create Terminal - org2 - CreatedByBelowMyOrgScope" id="99ff95be-cd7f-416a-8802-3cfb7c52f815">
    <con:settings/>
    <con:config xsi:type="con:AssertionTestStep" xmlns:xsi="http://www.w3.org/2001/XMLSchema-instance">
      <con:entry>
        <con:id>5f515363-f37a-4ccf-9d86-80aaa2157314</con:id>
        <con:isGroup>false</con:isGroup>
        <con:sourceId>cf142e3d-3f6c-470a-a58c-306776560ab0</con:sourceId>
        <con:propertyName>http200</con:propertyName>
        <con:assertion type="Simple Equals" name="Equals" id="8a074a9c-f48f-4e9a-8f60-f2ec1920a279">
          <con:configuration>
            <patternObjectId>eb48d761-9535-4f96-bd6c-1cd1a8b79b95</patternObjectId>
            <patternProperty>res_status</patternProperty>
            <caseSensitive>true</caseSensitive>
          </con:configuration>
        </con:assertion>
      </con:entry>
      <con:entry>
        <con:id>29da8122-5384-4cc2-92ce-5a220c6dda1f</con:id>
        <con:isGroup>false</con:isGroup>
        <con:sourceId>cf142e3d-3f6c-470a-a58c-306776560ab0</con:sourceId>
        <con:propertyName>temp</con:propertyName>
        <con:assertion type="Simple Equals" name="Equals 2" id="401aae5d-e63b-4863-ae45-e2595a25800a" disabled="true">
          <con:configuration>
            <patternObjectId>cf142e3d-3f6c-470a-a58c-306776560ab0</patternObjectId>
            <patternProperty>empty</patternProperty>
            <caseSensitive>true</caseSensitive>
          </con:configuration>
        </con:assertion>
      </con:entry>
      <con:entry>
        <con:id>0ddcf2e3-6f3a-42dd-82f6-0bc3c4d6a859</con:id>
        <con:isGroup>false</con:isGroup>
        <con:sourceId>cf142e3d-3f6c-470a-a58c-306776560ab0</con:sourceId>
        <con:propertyName>temp</con:propertyName>
        <con:assertion type="Simple Contains" name="Contains" id="949d9164-d10b-4ee0-a0fb-a2bbbfe1a8f6">
          <con:configuration>
            <token>^$</token>
            <ignoreCase>false</ignoreCase>
            <useRegEx>true</useRegEx>
          </con:configuration>
        </con:assertion>
      </con:entry>
    </con:config>
  </con:testStep>
  <con:testStep type="transfer" name="Property Transfer userToken initialData3" id="fb0efcb4-836c-48a9-9709-8fd12cc90c40">
    <con:settings/>
    <con:config xsi:type="con:PropertyTransfersStep" xmlns:xsi="http://www.w3.org/2001/XMLSchema-instance">
      <con:transfers setNullOnMissingSource="true" transferTextContent="true" failOnError="true" ignoreEmpty="false" transferToAll="false" entitize="false" transferChildNodes="false">
        <con:name>userToken</con:name>
        <con:sourceType>userToken</con:sourceType>
        <con:sourceStep>Create initial data3_childOfInitialData</con:sourceStep>
        <con:sourcePath/>
        <con:targetType>AuthorizationUser</con:targetType>
        <con:targetStep>#Project#</con:targetStep>
        <con:targetPath/>
        <con:upgraded>true</con:upgraded>
      </con:transfers>
    </con:config>
  </con:testStep>
  <con:testStep type="calltestcase" name="Display all Create Terminal interactions - initialData3 - CreatedByBelowMyOrgScope" id="d31052a1-3573-41a2-ad97-c7efd3c7691e">
    <con:settings/>
    <con:config xsi:type="con:RunTestCaseStep" xmlns:xsi="http://www.w3.org/2001/XMLSchema-instance">
      <con:targetTestCase>b749e299-451e-41da-a1b2-04068fc40f31</con:targetTestCase>
      <con:properties>
        <con:property>
          <con:name>res_status</con:name>
          <con:value>200</con:value>
        </con:property>
        <con:property>
          <con:name>response</con:name>
          <con:value>{"items":[]}</con:value>
        </con:property>
      </con:properties>
      <con:returnProperties>
        <con:entry>res_status</con:entry>
        <con:entry>response</con:entry>
      </con:returnProperties>
      <con:runMode>PARALLELL</con:runMode>
    </con:config>
  </con:testStep>
  <con:testStep type="transfer" name="Property Transfer itemIds org3" id="66d5916c-d194-4a83-9f13-caa6cbcb32a5">
    <con:settings/>
    <con:config xsi:type="con:PropertyTransfersStep" xmlns:xsi="http://www.w3.org/2001/XMLSchema-instance">
      <con:transfers setNullOnMissingSource="true" transferTextContent="true" failOnError="true" ignoreEmpty="false" transferToAll="false" entitize="false" transferChildNodes="false">
        <con:name>itemIds</con:name>
        <con:sourceType>response</con:sourceType>
        <con:sourceStep>Display all Create Terminal interactions - initialData3 - CreatedByBelowMyOrgScope</con:sourceStep>
        <con:sourcePath>$['items'][0]['id']</con:sourcePath>
        <con:targetType>temp</con:targetType>
        <con:targetStep>Properties</con:targetStep>
        <con:targetPath/>
        <con:type>JSONPATH</con:type>
        <con:upgraded>true</con:upgraded>
      </con:transfers>
    </con:config>
  </con:testStep>
  <con:testStep type="assertionteststep" name="Assertion for Display all Create Terminal - org3 - CreatedByBelowMyOrgScope" id="af20527b-4fab-448a-af6e-7ebb1461a488">
    <con:settings/>
    <con:config xsi:type="con:AssertionTestStep" xmlns:xsi="http://www.w3.org/2001/XMLSchema-instance">
      <con:entry>
        <con:id>84dfd107-5836-46e3-b295-7340b6ac5109</con:id>
        <con:isGroup>false</con:isGroup>
        <con:sourceId>cf142e3d-3f6c-470a-a58c-306776560ab0</con:sourceId>
        <con:propertyName>http200</con:propertyName>
        <con:assertion type="Simple Equals" name="Equals" id="c95df607-39d1-40be-a62c-d561e3ff42d6">
          <con:configuration>
            <patternObjectId>d31052a1-3573-41a2-ad97-c7efd3c7691e</patternObjectId>
            <patternProperty>res_status</patternProperty>
            <caseSensitive>true</caseSensitive>
          </con:configuration>
        </con:assertion>
      </con:entry>
      <con:entry>
        <con:id>bf64c561-9359-4293-8f37-a39eb5c98017</con:id>
        <con:isGroup>false</con:isGroup>
        <con:sourceId>cf142e3d-3f6c-470a-a58c-306776560ab0</con:sourceId>
        <con:propertyName>temp</con:propertyName>
        <con:assertion type="Simple Contains" name="Contains" id="017b338b-170f-443e-b944-3776c24e88ac">
          <con:configuration>
            <token>^$</token>
            <ignoreCase>false</ignoreCase>
            <useRegEx>true</useRegEx>
          </con:configuration>
        </con:assertion>
      </con:entry>
    </con:config>
  </con:testStep>
  <con:testStep type="transfer" name="Property Transfer userToken initialData4" id="37611af4-4f8e-4afb-89b4-7efca5f9fce9">
    <con:settings/>
    <con:config xsi:type="con:PropertyTransfersStep" xmlns:xsi="http://www.w3.org/2001/XMLSchema-instance">
      <con:transfers setNullOnMissingSource="true" transferTextContent="true" failOnError="true" ignoreEmpty="false" transferToAll="false" entitize="false" transferChildNodes="false">
        <con:name>userToken</con:name>
        <con:sourceType>userToken</con:sourceType>
        <con:sourceStep>Create initial data4_parentOfInitialData</con:sourceStep>
        <con:sourcePath/>
        <con:targetType>AuthorizationUser</con:targetType>
        <con:targetStep>#Project#</con:targetStep>
        <con:targetPath/>
        <con:upgraded>true</con:upgraded>
      </con:transfers>
    </con:config>
  </con:testStep>
  <con:testStep type="calltestcase" name="Display all Create Terminal interactions - initialData4 - CreatedByBelowMyOrgScope" id="ac6e7e58-3d99-4326-9adf-1c372e9ab9fa">
    <con:settings/>
    <con:config xsi:type="con:RunTestCaseStep" xmlns:xsi="http://www.w3.org/2001/XMLSchema-instance">
      <con:targetTestCase>b749e299-451e-41da-a1b2-04068fc40f31</con:targetTestCase>
      <con:properties>
        <con:property>
          <con:name>res_status</con:name>
          <con:value>200</con:value>
        </con:property>
        <con:property>
          <con:name>response</con:name>
          <con:value>{"items":[{"businessInteractionType":3,"code":"TRM-2211","description":"Terminal is created at [name-ext-3e272f83-fd6c-47c3-ae0b-811ae421346d] by [John Smith]","mainState":"Draft","state":"Draft","createdDate":"2018-03-07T07:26:14.356Z","preventUpdateFromOtherSystem":false,"id":"2211"},{"businessInteractionType":3,"code":"TRM-1851","description":"Terminal is created at [name-ext-7ec0b598-48cb-4af6-9d50-f17c84983d93] by [John Smith]","mainState":"Closed","state":"Closed","createdDate":"2018-03-07T07:26:02.703Z","preventUpdateFromOtherSystem":false,"id":"1851"}]}</con:value>
        </con:property>
      </con:properties>
      <con:returnProperties>
        <con:entry>res_status</con:entry>
        <con:entry>response</con:entry>
      </con:returnProperties>
      <con:runMode>PARALLELL</con:runMode>
    </con:config>
  </con:testStep>
  <con:testStep type="transfer" name="Property Transfer itemIds org4" id="a699f182-d0d0-46c4-8eb4-10c4f1c506b3">
    <con:settings/>
    <con:config xsi:type="con:PropertyTransfersStep" xmlns:xsi="http://www.w3.org/2001/XMLSchema-instance">
      <con:transfers setNullOnMissingSource="true" transferTextContent="true" failOnError="true" ignoreEmpty="false" transferToAll="false" entitize="false" transferChildNodes="false">
        <con:name>itemId 1</con:name>
        <con:sourceType>response</con:sourceType>
        <con:sourceStep>Display all Create Terminal interactions - initialData4 - CreatedByBelowMyOrgScope</con:sourceStep>
        <con:sourcePath>$['items'][1]['id']</con:sourcePath>
        <con:targetType>temp</con:targetType>
        <con:targetStep>Properties</con:targetStep>
        <con:targetPath/>
        <con:type>JSONPATH</con:type>
        <con:upgraded>true</con:upgraded>
      </con:transfers>
      <con:transfers setNullOnMissingSource="true" transferTextContent="true" failOnError="true" ignoreEmpty="false" transferToAll="false" entitize="false" transferChildNodes="false">
        <con:name>itemId 2</con:name>
        <con:sourceType>response</con:sourceType>
        <con:sourceStep>Display all Create Terminal interactions - initialData4 - CreatedByBelowMyOrgScope</con:sourceStep>
        <con:sourcePath>$['items'][0]['id']</con:sourcePath>
        <con:targetType>temp2</con:targetType>
        <con:targetStep>Properties</con:targetStep>
        <con:type>JSONPATH</con:type>
        <con:upgraded>true</con:upgraded>
      </con:transfers>
    </con:config>
  </con:testStep>
  <con:testStep type="assertionteststep" name="Assertion for Display all Create Terminal - org4 - CreatedByBelowMyOrgScope" id="a83323e5-f510-4525-93dd-2ea650b811eb">
    <con:settings/>
    <con:config xsi:type="con:AssertionTestStep" xmlns:xsi="http://www.w3.org/2001/XMLSchema-instance">
      <con:entry>
        <con:id>2df3d363-176a-430d-98e9-9f70bbacfe35</con:id>
        <con:isGroup>false</con:isGroup>
        <con:sourceId>cf142e3d-3f6c-470a-a58c-306776560ab0</con:sourceId>
        <con:propertyName>http200</con:propertyName>
        <con:assertion type="Simple Equals" name="Equals" id="0c104eb3-fde0-444e-970f-4196cc823593">
          <con:configuration>
            <patternObjectId>ac6e7e58-3d99-4326-9adf-1c372e9ab9fa</patternObjectId>
            <patternProperty>res_status</patternProperty>
            <caseSensitive>true</caseSensitive>
          </con:configuration>
        </con:assertion>
      </con:entry>
      <con:entry>
        <con:id>38705e36-203b-42f1-b02d-de855acf2c46</con:id>
        <con:isGroup>false</con:isGroup>
        <con:sourceId>cf142e3d-3f6c-470a-a58c-306776560ab0</con:sourceId>
        <con:propertyName>temp</con:propertyName>
        <con:assertion type="Simple Equals" name="Equals 2" id="bdac75f9-3247-46e1-a026-a87f167a0fda">
          <con:configuration>
            <patternObjectId>bb08d807-75c7-4353-ae5d-1e42cb37435b</patternObjectId>
            <patternProperty>res_biId</patternProperty>
            <caseSensitive>true</caseSensitive>
          </con:configuration>
        </con:assertion>
      </con:entry>
      <con:entry>
        <con:id>b897684b-7bac-4f0d-a0ba-99416ae64c89</con:id>
        <con:isGroup>false</con:isGroup>
        <con:sourceId>cf142e3d-3f6c-470a-a58c-306776560ab0</con:sourceId>
        <con:propertyName>temp2</con:propertyName>
        <con:assertion type="Simple Equals" name="Equals 3" id="5b48d193-76f2-4e5e-9ff3-e5dd193477df">
          <con:configuration>
            <patternObjectId>16a3150f-007d-4169-b9f2-130c0c4baf42</patternObjectId>
            <patternProperty>res_biId</patternProperty>
            <caseSensitive>true</caseSensitive>
          </con:configuration>
        </con:assertion>
      </con:entry>
    </con:config>
  </con:testStep>
  <con:testStep type="transfer" name="Property Transfer for different user same org - Authorize view terminal - CreatedByBelowMyOrgScope" id="11b39537-8147-4fb8-bf16-55c88759b314">
    <con:settings/>
    <con:config xsi:type="con:PropertyTransfersStep" xmlns:xsi="http://www.w3.org/2001/XMLSchema-instance">
      <con:transfers setNullOnMissingSource="true" transferTextContent="true" failOnError="true" ignoreEmpty="false" transferToAll="false" entitize="false" transferChildNodes="false">
        <con:name>userToken</con:name>
        <con:sourceType>userToken</con:sourceType>
        <con:sourceStep>Create another user from initial data</con:sourceStep>
        <con:sourcePath/>
        <con:targetType>AuthorizationUser</con:targetType>
        <con:targetStep>#Project#</con:targetStep>
        <con:targetPath/>
        <con:upgraded>true</con:upgraded>
      </con:transfers>
    </con:config>
  </con:testStep>
  <con:testStep type="calltestcase" name="Display all Create Terminal interactions different user same org- CreatedByBelowMyOrgScope" id="427c1535-98d1-4b9b-bb7b-dc319168b52b">
    <con:settings/>
    <con:config xsi:type="con:RunTestCaseStep" xmlns:xsi="http://www.w3.org/2001/XMLSchema-instance">
      <con:targetTestCase>b749e299-451e-41da-a1b2-04068fc40f31</con:targetTestCase>
      <con:properties>
        <con:property>
          <con:name>res_status</con:name>
          <con:value>200</con:value>
        </con:property>
        <con:property>
          <con:name>response</con:name>
          <con:value>{"items":[{"businessInteractionType":3,"code":"TRM-2211","description":"Terminal is created at [name-ext-3e272f83-fd6c-47c3-ae0b-811ae421346d] by [John Smith]","mainState":"Draft","state":"Draft","createdDate":"2018-03-07T07:26:14.356Z","preventUpdateFromOtherSystem":false,"id":"2211"}]}</con:value>
        </con:property>
      </con:properties>
      <con:returnProperties>
        <con:entry>res_status</con:entry>
        <con:entry>response</con:entry>
      </con:returnProperties>
      <con:runMode>PARALLELL</con:runMode>
    </con:config>
  </con:testStep>
  <con:testStep type="transfer" name="Property Transfer responseChecker2 CreatedByBelowMyOrgScope" id="d748d908-de37-47b3-a652-5e603f09e0a2">
    <con:settings/>
    <con:config xsi:type="con:PropertyTransfersStep" xmlns:xsi="http://www.w3.org/2001/XMLSchema-instance">
      <con:transfers setNullOnMissingSource="true" transferTextContent="true" failOnError="true" ignoreEmpty="false" transferToAll="false" entitize="false" transferChildNodes="false">
        <con:name>responseChecker</con:name>
        <con:sourceType>response</con:sourceType>
        <con:sourceStep>Display all Create Terminal interactions different user same org- CreatedByBelowMyOrgScope</con:sourceStep>
        <con:sourcePath>$['items'][0]['id']</con:sourcePath>
        <con:targetType>responseChecker</con:targetType>
        <con:targetStep>Properties</con:targetStep>
        <con:targetPath/>
        <con:type>JSONPATH</con:type>
        <con:upgraded>true</con:upgraded>
      </con:transfers>
    </con:config>
  </con:testStep>
  <con:testStep type="assertionteststep" name="Assertion for Display all Create Terminal different user same org - CreatedByBelowMyOrgScope" id="fbf4406f-7fb2-4963-8cb1-58244171f236">
    <con:settings/>
    <con:config xsi:type="con:AssertionTestStep" xmlns:xsi="http://www.w3.org/2001/XMLSchema-instance">
      <con:entry>
        <con:id>7e60759e-57a3-4e6f-9d25-284db3dca9a9</con:id>
        <con:isGroup>false</con:isGroup>
        <con:sourceId>cf142e3d-3f6c-470a-a58c-306776560ab0</con:sourceId>
        <con:propertyName>http200</con:propertyName>
        <con:assertion type="Simple Equals" name="Equals" id="057c3eb1-8e9d-4cb5-b077-1c01ee20ce91">
          <con:configuration>
            <patternObjectId>d960b8e6-d167-4fb8-b78a-4fcbb63a887b</patternObjectId>
            <patternProperty>res_status</patternProperty>
            <caseSensitive>true</caseSensitive>
          </con:configuration>
        </con:assertion>
      </con:entry>
      <con:entry>
        <con:id>eaf205ca-f8e4-4143-b78e-d9cfc7f3909b</con:id>
        <con:isGroup>false</con:isGroup>
        <con:sourceId>d960b8e6-d167-4fb8-b78a-4fcbb63a887b</con:sourceId>
        <con:propertyName>res_status</con:propertyName>
        <con:assertion type="Simple Equals" name="Equals" id="612ae688-47df-4238-aca5-96b031d13283">
          <con:configuration>
            <patternObjectId>cf142e3d-3f6c-470a-a58c-306776560ab0</patternObjectId>
            <patternProperty>http200</patternProperty>
            <caseSensitive>true</caseSensitive>
          </con:configuration>
        </con:assertion>
      </con:entry>
      <con:entry>
        <con:id>d5670bca-f211-4985-86f0-d60da709cacf</con:id>
        <con:isGroup>false</con:isGroup>
        <con:sourceId>cf142e3d-3f6c-470a-a58c-306776560ab0</con:sourceId>
        <con:propertyName>responseChecker</con:propertyName>
        <con:assertion type="Simple Equals" name="Equals 4" id="72249622-65ca-44fc-9d3d-f955f9ef6337">
          <con:configuration>
            <patternObjectId>16a3150f-007d-4169-b9f2-130c0c4baf42</patternObjectId>
            <patternProperty>res_biId</patternProperty>
            <caseSensitive>true</caseSensitive>
          </con:configuration>
        </con:assertion>
      </con:entry>
    </con:config>
  </con:testStep>
  <con:testStep type="transfer" name="Property Transfer 35" id="8851f22d-b362-47d4-ac22-4cbf6fb69542">
    <con:settings/>
    <con:config xsi:type="con:PropertyTransfersStep" xmlns:xsi="http://www.w3.org/2001/XMLSchema-instance">
      <con:transfers setNullOnMissingSource="true" transferTextContent="true" failOnError="true" ignoreEmpty="false" transferToAll="false" entitize="false" transferChildNodes="false">
        <con:name>createdForSalesOrg</con:name>
        <con:sourceType>DefaultSalesOrganizationRoleId</con:sourceType>
        <con:sourceStep>#Project#</con:sourceStep>
        <con:sourcePath/>
        <con:targetType>req_createdForSalesOrg</con:targetType>
        <con:targetStep>Delete view permission - CreatedByBelowMyOrgScope</con:targetStep>
        <con:targetPath/>
        <con:upgraded>true</con:upgraded>
      </con:transfers>
    </con:config>
  </con:testStep>
  <con:testStep type="calltestcase" name="Delete view permission - CreatedByBelowMyOrgScope" id="ecb82f6e-7549-48c1-b00c-74a7f199b7dd">
    <con:settings/>
    <con:config xsi:type="con:RunTestCaseStep" xmlns:xsi="http://www.w3.org/2001/XMLSchema-instance">
      <con:targetTestCase>ef1ecdf4-8483-46d8-a3c9-87064bd44ad2</con:targetTestCase>
      <con:properties>
        <con:property>
          <con:name>req_userId</con:name>
          <con:value>57</con:value>
        </con:property>
        <con:property>
          <con:name>req_soId</con:name>
          <con:value>55</con:value>
        </con:property>
        <con:property>
          <con:name>res_code</con:name>
          <con:value>200</con:value>
        </con:property>
        <con:property>
          <con:name>res_errorMessage</con:name>
          <con:value xsi:nil="true"/>
        </con:property>
        <con:property>
          <con:name>req_action</con:name>
          <con:value>TRM.View</con:value>
        </con:property>
        <con:property>
          <con:name>req_createdForSalesOrg</con:name>
          <con:value>1</con:value>
        </con:property>
      </con:properties>
      <con:returnProperties>
        <con:entry>res_code</con:entry>
        <con:entry>res_errorMessage</con:entry>
      </con:returnProperties>
      <con:runMode>PARALLELL</con:runMode>
    </con:config>
  </con:testStep>
  <con:testStep type="manualTestStep" name="**** GET TERMINAL - CreatedByBelowMyOrgScope ********************" id="a79a000a-77a2-4930-833c-54a13ad3288a" disabled="true">
    <con:settings/>
    <con:config xsi:type="con:ManualTestStep" xmlns:xsi="http://www.w3.org/2001/XMLSchema-instance"/>
  </con:testStep>
  <con:testStep type="transfer" name="Property Transfer for getTerminal - CreatedByBelowMyOrgScope- ORG1" id="f8223d12-7a51-4f39-8de6-59327adfd2b5" disabled="true">
    <con:settings/>
    <con:config xsi:type="con:PropertyTransfersStep" xmlns:xsi="http://www.w3.org/2001/XMLSchema-instance">
      <con:transfers setNullOnMissingSource="true" transferTextContent="true" failOnError="true" ignoreEmpty="false" transferToAll="false" entitize="false" transferChildNodes="false">
        <con:name>userId</con:name>
        <con:sourceType>res_userRoleId</con:sourceType>
        <con:sourceStep>Create initial data</con:sourceStep>
        <con:sourcePath/>
        <con:targetType>req_UserId</con:targetType>
        <con:targetStep>Authorize get terminal - CreatedByBelowMyOrgScope</con:targetStep>
        <con:targetPath/>
        <con:upgraded>true</con:upgraded>
      </con:transfers>
      <con:transfers setNullOnMissingSource="true" transferTextContent="true" failOnError="true" ignoreEmpty="false" transferToAll="false" entitize="false" transferChildNodes="false">
        <con:name>soId</con:name>
        <con:sourceType>res_salesOrgId</con:sourceType>
        <con:sourceStep>Create initial data</con:sourceStep>
        <con:targetType>req_SoId</con:targetType>
        <con:targetStep>Authorize get terminal - CreatedByBelowMyOrgScope</con:targetStep>
        <con:upgraded>true</con:upgraded>
      </con:transfers>
      <con:transfers setNullOnMissingSource="true" transferTextContent="true" failOnError="true" ignoreEmpty="false" transferToAll="false" entitize="false" transferChildNodes="false">
        <con:name>domain</con:name>
        <con:sourceType>domain_terminal</con:sourceType>
        <con:sourceStep>Properties</con:sourceStep>
        <con:targetType>req_Domain</con:targetType>
        <con:targetStep>Authorize get terminal - CreatedByBelowMyOrgScope</con:targetStep>
        <con:upgraded>true</con:upgraded>
      </con:transfers>
      <con:transfers setNullOnMissingSource="false" transferTextContent="true" failOnError="true" ignoreEmpty="false" transferToAll="false" entitize="false" transferChildNodes="false">
        <con:name>action</con:name>
        <con:sourceType>action_GetTerminal</con:sourceType>
        <con:sourceStep>Properties</con:sourceStep>
        <con:targetType>req_Action</con:targetType>
        <con:targetStep>Authorize get terminal - CreatedByBelowMyOrgScope</con:targetStep>
        <con:upgraded>true</con:upgraded>
      </con:transfers>
      <con:transfers setNullOnMissingSource="true" transferTextContent="true" failOnError="true" ignoreEmpty="false" transferToAll="false" entitize="false" transferChildNodes="false">
        <con:name>scope</con:name>
        <con:sourceType>scope_CreatedByBelowMyOrgScope</con:sourceType>
        <con:sourceStep>Properties</con:sourceStep>
        <con:targetType>req_Scope</con:targetType>
        <con:targetStep>Authorize get terminal - CreatedByBelowMyOrgScope</con:targetStep>
        <con:upgraded>true</con:upgraded>
      </con:transfers>
      <con:transfers setNullOnMissingSource="true" transferTextContent="true" failOnError="true" ignoreEmpty="false" transferToAll="false" entitize="false" transferChildNodes="false">
        <con:name>profile</con:name>
        <con:sourceType>profile_CSR</con:sourceType>
        <con:sourceStep>Properties</con:sourceStep>
        <con:targetType>req_Profile</con:targetType>
        <con:targetStep>Authorize get terminal - CreatedByBelowMyOrgScope</con:targetStep>
        <con:upgraded>true</con:upgraded>
      </con:transfers>
      <con:transfers setNullOnMissingSource="true" transferTextContent="true" failOnError="true" ignoreEmpty="false" transferToAll="false" entitize="false" transferChildNodes="false">
        <con:name>condition</con:name>
        <con:sourceType>condition_Null</con:sourceType>
        <con:sourceStep>Properties</con:sourceStep>
        <con:targetType>req_Condition</con:targetType>
        <con:targetStep>Authorize get terminal - CreatedByBelowMyOrgScope</con:targetStep>
        <con:upgraded>true</con:upgraded>
      </con:transfers>
      <con:transfers setNullOnMissingSource="true" transferTextContent="true" failOnError="true" ignoreEmpty="false" transferToAll="false" entitize="false" transferChildNodes="false">
        <con:name>userId-delete</con:name>
        <con:sourceType>res_userRoleId</con:sourceType>
        <con:sourceStep>Create initial data</con:sourceStep>
        <con:targetType>req_userId</con:targetType>
        <con:targetStep>Delete get permission - CreatedByBelowMyOrgScope</con:targetStep>
        <con:upgraded>true</con:upgraded>
      </con:transfers>
      <con:transfers setNullOnMissingSource="true" transferTextContent="true" failOnError="true" ignoreEmpty="false" transferToAll="false" entitize="false" transferChildNodes="false">
        <con:name>soId-delete</con:name>
        <con:sourceType>res_salesOrgId</con:sourceType>
        <con:sourceStep>Create initial data</con:sourceStep>
        <con:targetType>req_soId</con:targetType>
        <con:targetStep>Delete get permission - CreatedByBelowMyOrgScope</con:targetStep>
        <con:upgraded>true</con:upgraded>
      </con:transfers>
      <con:transfers setNullOnMissingSource="true" transferTextContent="true" failOnError="true" ignoreEmpty="false" transferToAll="false" entitize="false" transferChildNodes="false">
        <con:name>action-delete</con:name>
        <con:sourceType>action_GetTerminal</con:sourceType>
        <con:sourceStep>Properties</con:sourceStep>
        <con:targetType>req_action</con:targetType>
        <con:targetStep>Delete get permission - CreatedByBelowMyOrgScope</con:targetStep>
        <con:upgraded>true</con:upgraded>
      </con:transfers>
      <con:transfers setNullOnMissingSource="true" transferTextContent="true" failOnError="true" ignoreEmpty="false" transferToAll="false" entitize="false" transferChildNodes="false">
        <con:name>userToken</con:name>
        <con:sourceType>userToken</con:sourceType>
        <con:sourceStep>Create initial data</con:sourceStep>
        <con:targetType>AuthorizationUser</con:targetType>
        <con:targetStep>#Project#</con:targetStep>
        <con:upgraded>true</con:upgraded>
      </con:transfers>
      <con:transfers setNullOnMissingSource="true" transferTextContent="true" failOnError="true" ignoreEmpty="false" transferToAll="false" entitize="false" transferChildNodes="false">
        <con:name>userSo</con:name>
        <con:sourceType>res_salesOrgId</con:sourceType>
        <con:sourceStep>Create initial data</con:sourceStep>
        <con:targetType>UserSo</con:targetType>
        <con:targetStep>#Project#</con:targetStep>
        <con:upgraded>true</con:upgraded>
      </con:transfers>
      <con:transfers setNullOnMissingSource="true" transferTextContent="true" failOnError="true" ignoreEmpty="false" transferToAll="false" entitize="false" transferChildNodes="false">
        <con:name>userIntToken</con:name>
        <con:sourceType>userIntToken</con:sourceType>
        <con:sourceStep>Create initial data</con:sourceStep>
        <con:targetType>AuthorizationIntUser</con:targetType>
        <con:targetStep>#Project#</con:targetStep>
        <con:upgraded>true</con:upgraded>
      </con:transfers>
      <con:transfers setNullOnMissingSource="true" transferTextContent="true" failOnError="true" ignoreEmpty="false" transferToAll="false" entitize="false" transferChildNodes="false">
        <con:name>createdForSalesOrganization</con:name>
        <con:sourceType>SystemSo</con:sourceType>
        <con:sourceStep>#Project#</con:sourceStep>
        <con:targetType>req_createdForSalesOrg</con:targetType>
        <con:targetStep>Authorize get terminal - CreatedByBelowMyOrgScope</con:targetStep>
        <con:upgraded>true</con:upgraded>
      </con:transfers>
      <con:transfers setNullOnMissingSource="true" transferTextContent="true" failOnError="true" ignoreEmpty="false" transferToAll="false" entitize="false" transferChildNodes="false">
        <con:name>createdForSalesOrganization delete</con:name>
        <con:sourceType>SystemSo</con:sourceType>
        <con:sourceStep>#Project#</con:sourceStep>
        <con:targetType>req_createdForSalesOrg</con:targetType>
        <con:targetStep>Delete get permission - CreatedByBelowMyOrgScope</con:targetStep>
        <con:upgraded>true</con:upgraded>
      </con:transfers>
    </con:config>
  </con:testStep>
  <con:testStep type="calltestcase" name="Authorize get terminal - CreatedByBelowMyOrgScope" id="ffb74f37-4c12-49af-b180-2b7ffe1d2cdc" disabled="true">
    <con:settings/>
    <con:config xsi:type="con:RunTestCaseStep" xmlns:xsi="http://www.w3.org/2001/XMLSchema-instance">
      <con:targetTestCase>7598e6a9-915e-450f-9530-8976eb29de47</con:targetTestCase>
      <con:properties>
        <con:property>
          <con:name>req_UserId</con:name>
          <con:value>27</con:value>
        </con:property>
        <con:property>
          <con:name>req_SoId</con:name>
          <con:value>25</con:value>
        </con:property>
        <con:property>
          <con:name>req_Domain</con:name>
          <con:value>TRM</con:value>
        </con:property>
        <con:property>
          <con:name>req_Action</con:name>
          <con:value>TRM.Get</con:value>
        </con:property>
        <con:property>
          <con:name>req_Scope</con:name>
          <con:value>CreatedByBelowMyOrgScope</con:value>
        </con:property>
        <con:property>
          <con:name>req_Profile</con:name>
          <con:value>CSR</con:value>
        </con:property>
        <con:property>
          <con:name>req_Condition</con:name>
          <con:value>NullCondition</con:value>
        </con:property>
        <con:property>
          <con:name>res_code</con:name>
          <con:value>200</con:value>
        </con:property>
        <con:property>
          <con:name>res_errorMessageCreate</con:name>
          <con:value xsi:nil="true"/>
        </con:property>
        <con:property>
          <con:name>res_errorMessageAdd</con:name>
          <con:value xsi:nil="true"/>
        </con:property>
        <con:property>
          <con:name>res_errorMessageSubmit</con:name>
          <con:value xsi:nil="true"/>
        </con:property>
        <con:property>
          <con:name>response</con:name>
          <con:value>{"businessInteractionType":34,"code":"PP-1321","description":"Profile Permission at [name-ext-f589638c-fe9e-4d50-9294-b30640e8f622] by [John Smith]","mainState":0,"state":5,"createdDate":"2017-11-13T11:18:19+0000","businessInteractionSpec":{"id":75,"journaled":false,"name":"Profile Permission bi spec","specificationType":0,"allowSubmitBIWithoutItem":false,"requiresSession":false,"code":"PROFILE_PERMISSION","requiresActiveSO":false,"dynamicMap":{},"type":"com.ericsson.bss.rm.erms.core.entity.dto.bi.BusinessInteractionSpecDTO"},"createdByUserId":"27","createdBySalesOrganizationId":"25","createdForSalesOrganizationRoleId":"1","preventUpdateFromOtherSystem":false,"items":[],"businessInteractionRoleId1":43,"businessInteractionRoleId2":40,"businessInteractionRoleId3":40,"id":1321,"href":"/v1/profilePermission/1321","dynamicMap":{},"type":"com.ericsson.bss.rm.erms.core.entity.dto.bi.profilepermission.ProfilePermissionBIResponseDTO"}</con:value>
        </con:property>
        <con:property>
          <con:name>req_createdForSalesOrg</con:name>
          <con:value>1</con:value>
        </con:property>
      </con:properties>
      <con:returnProperties>
        <con:entry>res_code</con:entry>
        <con:entry>res_errorMessageCreate</con:entry>
        <con:entry>res_errorMessageAdd</con:entry>
        <con:entry>res_errorMessageSubmit</con:entry>
        <con:entry>response</con:entry>
      </con:returnProperties>
      <con:runMode>PARALLELL</con:runMode>
    </con:config>
  </con:testStep>
  <con:testStep type="assertionteststep" name="Assertion for Authorize get terminal - CreatedByBelowMyOrgScope" id="2dd8e495-9deb-4b2a-8f7c-7687b0a0a9fb" disabled="true">
    <con:settings/>
    <con:config xsi:type="con:AssertionTestStep" xmlns:xsi="http://www.w3.org/2001/XMLSchema-instance">
      <con:entry>
        <con:id>ec659923-9855-4bd0-ab94-cc8c9d765d8a</con:id>
        <con:isGroup>false</con:isGroup>
        <con:sourceId>cf142e3d-3f6c-470a-a58c-306776560ab0</con:sourceId>
        <con:propertyName>http200</con:propertyName>
        <con:assertion type="Simple Equals" name="Equals" id="f97bc536-285b-405b-865a-734063f35fbb">
          <con:configuration>
            <patternObjectId>ffb74f37-4c12-49af-b180-2b7ffe1d2cdc</patternObjectId>
            <patternProperty>res_code</patternProperty>
            <caseSensitive>true</caseSensitive>
          </con:configuration>
        </con:assertion>
      </con:entry>
    </con:config>
  </con:testStep>
  <con:testStep type="transfer" name="Property Transfer 12 - ORG1" id="5cea6a59-7c98-476f-90e5-e4a5d283a92e" disabled="true">
    <con:settings/>
    <con:config xsi:type="con:PropertyTransfersStep" xmlns:xsi="http://www.w3.org/2001/XMLSchema-instance">
      <con:transfers setNullOnMissingSource="true" transferTextContent="true" failOnError="true" transferChildNodes="false" ignoreEmpty="true" transferToAll="false" entitize="false">
        <con:name>biId ORG1</con:name>
        <con:sourceType>res_biId</con:sourceType>
        <con:sourceStep>Create terminal bi</con:sourceStep>
        <con:targetType>req_biId</con:targetType>
        <con:targetStep>Display terminal all item of ORG1 by ORG1</con:targetStep>
        <con:upgraded>true</con:upgraded>
      </con:transfers>
      <con:transfers setNullOnMissingSource="true" transferTextContent="true" failOnError="true" ignoreEmpty="false" transferToAll="false" entitize="false" transferChildNodes="false">
        <con:name>biId ORG2</con:name>
        <con:sourceType>res_biId</con:sourceType>
        <con:sourceStep>Create terminal bi ORG2</con:sourceStep>
        <con:targetType>req_biId</con:targetType>
        <con:targetStep>Display terminal all item of ORG2 by ORG1</con:targetStep>
        <con:upgraded>true</con:upgraded>
      </con:transfers>
      <con:transfers setNullOnMissingSource="true" transferTextContent="true" failOnError="true" ignoreEmpty="false" transferToAll="false" entitize="false" transferChildNodes="false">
        <con:name>biId ORG3</con:name>
        <con:sourceType>res_biId</con:sourceType>
        <con:sourceStep>Create terminal bi for initialData3</con:sourceStep>
        <con:targetType>req_biId</con:targetType>
        <con:targetStep>Display terminal all item of ORG3 by ORG1</con:targetStep>
        <con:upgraded>true</con:upgraded>
      </con:transfers>
      <con:transfers setNullOnMissingSource="true" transferTextContent="true" failOnError="true" ignoreEmpty="false" transferToAll="false" entitize="false" transferChildNodes="false">
        <con:name>biId ORG4</con:name>
        <con:sourceType>res_biId</con:sourceType>
        <con:sourceStep>Create terminal bi for initialData4</con:sourceStep>
        <con:targetType>req_biId</con:targetType>
        <con:targetStep>Display terminal all item of ORG4 by ORG1</con:targetStep>
        <con:upgraded>true</con:upgraded>
      </con:transfers>
      <con:transfers setNullOnMissingSource="true" transferTextContent="true" failOnError="true" ignoreEmpty="false" transferToAll="false" entitize="false" transferChildNodes="false">
        <con:name>userToken</con:name>
        <con:sourceType>userToken</con:sourceType>
        <con:sourceStep>Create initial data</con:sourceStep>
        <con:targetType>AuthorizationUser</con:targetType>
        <con:targetStep>#Project#</con:targetStep>
        <con:upgraded>true</con:upgraded>
      </con:transfers>
      <con:transfers setNullOnMissingSource="true" transferTextContent="true" failOnError="true" ignoreEmpty="false" transferToAll="false" entitize="false" transferChildNodes="false">
        <con:name>userSo</con:name>
        <con:sourceType>res_salesOrgId</con:sourceType>
        <con:sourceStep>Create initial data</con:sourceStep>
        <con:targetType>UserSo</con:targetType>
        <con:targetStep>#Project#</con:targetStep>
        <con:upgraded>true</con:upgraded>
      </con:transfers>
    </con:config>
  </con:testStep>
  <con:testStep type="calltestcase" name="Display terminal all item of ORG1 by ORG1" id="2ad7f223-bec9-4162-aaf1-f666fbfdd215" disabled="true">
    <con:settings/>
    <con:config xsi:type="con:RunTestCaseStep" xmlns:xsi="http://www.w3.org/2001/XMLSchema-instance">
      <con:targetTestCase>681a40fb-9759-42d4-8ec6-0d2fa7bb613b</con:targetTestCase>
      <con:properties>
        <con:property>
          <con:name>req_biId</con:name>
          <con:value>921</con:value>
        </con:property>
        <con:property>
          <con:name>res_code</con:name>
          <con:value>200</con:value>
        </con:property>
        <con:property>
          <con:name>response</con:name>
          <con:value>{"items":[{"externalId":"ext-64932d3d-1eef-45a0-ad18-5a75299146b9","salesOrganizationRoleExternalId":"ext-f589638c-fe9e-4d50-9294-b30640e8f622","name":"ext-64932d3d-1eef-45a0-ad18-5a75299146b9","id":"92"}]}</con:value>
        </con:property>
      </con:properties>
      <con:returnProperties>
        <con:entry>res_code</con:entry>
        <con:entry>response</con:entry>
      </con:returnProperties>
      <con:runMode>PARALLELL</con:runMode>
    </con:config>
  </con:testStep>
  <con:testStep type="calltestcase" name="Display terminal all item of ORG2 by ORG1" id="f675dc83-0ae2-404e-b636-7868a9804a76" disabled="true">
    <con:settings/>
    <con:config xsi:type="con:RunTestCaseStep" xmlns:xsi="http://www.w3.org/2001/XMLSchema-instance">
      <con:targetTestCase>681a40fb-9759-42d4-8ec6-0d2fa7bb613b</con:targetTestCase>
      <con:properties>
        <con:property>
          <con:name>req_biId</con:name>
          <con:value>931</con:value>
        </con:property>
        <con:property>
          <con:name>res_code</con:name>
          <con:value>200</con:value>
        </con:property>
        <con:property>
          <con:name>response</con:name>
          <con:value>{"items":[{"externalId":"ext-a3332707-6670-4b67-8953-d87348b8d14a","salesOrganizationRoleExternalId":"ext-40d17846-fcc0-42d0-bdbe-74c9d84570b4","name":"ext-a3332707-6670-4b67-8953-d87348b8d14a","id":"93"}]}</con:value>
        </con:property>
      </con:properties>
      <con:returnProperties>
        <con:entry>res_code</con:entry>
        <con:entry>response</con:entry>
      </con:returnProperties>
      <con:runMode>PARALLELL</con:runMode>
    </con:config>
  </con:testStep>
  <con:testStep type="calltestcase" name="Display terminal all item of ORG3 by ORG1" id="82cfee59-24ea-46bc-8d3a-f0b7976addce" disabled="true">
    <con:settings/>
    <con:config xsi:type="con:RunTestCaseStep" xmlns:xsi="http://www.w3.org/2001/XMLSchema-instance">
      <con:targetTestCase>681a40fb-9759-42d4-8ec6-0d2fa7bb613b</con:targetTestCase>
      <con:properties>
        <con:property>
          <con:name>req_biId</con:name>
          <con:value>1271</con:value>
        </con:property>
        <con:property>
          <con:name>res_code</con:name>
          <con:value>404</con:value>
        </con:property>
        <con:property>
          <con:name>response</con:name>
          <con:value>{"code":"404","description":"HTTP 404 Not Found","errorDetails":"HTTP 404 Not Found","errorMessage":"404","httpStatusCode":"404","httpStatusCodeDescription":"HTTP 404 Not Found"}</con:value>
        </con:property>
      </con:properties>
      <con:returnProperties>
        <con:entry>res_code</con:entry>
        <con:entry>response</con:entry>
      </con:returnProperties>
      <con:runMode>PARALLELL</con:runMode>
    </con:config>
  </con:testStep>
  <con:testStep type="calltestcase" name="Display terminal all item of ORG4 by ORG1" id="45bd3b25-6a5b-4a0f-945d-f58f03a93733" disabled="true">
    <con:settings/>
    <con:config xsi:type="con:RunTestCaseStep" xmlns:xsi="http://www.w3.org/2001/XMLSchema-instance">
      <con:targetTestCase>681a40fb-9759-42d4-8ec6-0d2fa7bb613b</con:targetTestCase>
      <con:properties>
        <con:property>
          <con:name>req_biId</con:name>
          <con:value>1281</con:value>
        </con:property>
        <con:property>
          <con:name>res_code</con:name>
          <con:value>404</con:value>
        </con:property>
        <con:property>
          <con:name>response</con:name>
          <con:value>{"code":"404","description":"HTTP 404 Not Found","errorDetails":"HTTP 404 Not Found","errorMessage":"404","httpStatusCode":"404","httpStatusCodeDescription":"HTTP 404 Not Found"}</con:value>
        </con:property>
      </con:properties>
      <con:returnProperties>
        <con:entry>res_code</con:entry>
        <con:entry>response</con:entry>
      </con:returnProperties>
      <con:runMode>PARALLELL</con:runMode>
    </con:config>
  </con:testStep>
  <con:testStep type="assertionteststep" name="Assertion for get terminal - CreatedByBelowMyOrgScope ORG1 2" id="5fe56163-262f-48d9-9c48-76e94a690e89" disabled="true">
    <con:settings/>
    <con:config xsi:type="con:AssertionTestStep" xmlns:xsi="http://www.w3.org/2001/XMLSchema-instance">
      <con:entry>
        <con:id>360a7d75-8ba3-48f3-9f78-959487c9ee05</con:id>
        <con:isGroup>false</con:isGroup>
        <con:sourceId>2ad7f223-bec9-4162-aaf1-f666fbfdd215</con:sourceId>
        <con:propertyName>res_code</con:propertyName>
        <con:assertion type="Simple Equals" name="Equals 5" id="3c0872f7-e818-4832-b9ea-53cac937c431">
          <con:configuration>
            <patternObjectId>cf142e3d-3f6c-470a-a58c-306776560ab0</patternObjectId>
            <patternProperty>http403</patternProperty>
            <caseSensitive>true</caseSensitive>
          </con:configuration>
        </con:assertion>
      </con:entry>
      <con:entry>
        <con:id>d342fb92-60f9-4999-887c-3132812c8738</con:id>
        <con:isGroup>false</con:isGroup>
        <con:sourceId>f675dc83-0ae2-404e-b636-7868a9804a76</con:sourceId>
        <con:propertyName>res_code</con:propertyName>
        <con:assertion type="Simple Equals" name="Equals 6" id="ae471774-0e6f-489d-93c1-0a94b8832c9b">
          <con:configuration>
            <patternObjectId>cf142e3d-3f6c-470a-a58c-306776560ab0</patternObjectId>
            <patternProperty>http403</patternProperty>
            <caseSensitive>true</caseSensitive>
          </con:configuration>
        </con:assertion>
      </con:entry>
      <con:entry>
        <con:id>750f1456-e2af-4599-8eda-877c2b70af5b</con:id>
        <con:isGroup>false</con:isGroup>
        <con:sourceId>82cfee59-24ea-46bc-8d3a-f0b7976addce</con:sourceId>
        <con:propertyName>res_code</con:propertyName>
        <con:assertion type="Simple Equals" name="Equals 7" id="427fedbe-0b3f-4e64-adf8-3943e916710b">
          <con:configuration>
            <patternText>404</patternText>
            <caseSensitive>true</caseSensitive>
          </con:configuration>
        </con:assertion>
      </con:entry>
      <con:entry>
        <con:id>bce59118-26bc-456e-974f-498c956ca7fd</con:id>
        <con:isGroup>false</con:isGroup>
        <con:sourceId>45bd3b25-6a5b-4a0f-945d-f58f03a93733</con:sourceId>
        <con:propertyName>res_code</con:propertyName>
        <con:assertion type="Simple Equals" name="Equals 8" id="92431458-7010-4601-bd9c-16954b24e823">
          <con:configuration>
            <patternObjectId>cf142e3d-3f6c-470a-a58c-306776560ab0</patternObjectId>
            <patternProperty>http403</patternProperty>
            <caseSensitive>true</caseSensitive>
          </con:configuration>
        </con:assertion>
      </con:entry>
    </con:config>
  </con:testStep>
  <con:testStep type="transfer" name="Property Transfer 12 - ORG2" id="8df5d6ce-9431-4aa4-aa2b-ecffe106acd6" disabled="true">
    <con:settings/>
    <con:config xsi:type="con:PropertyTransfersStep" xmlns:xsi="http://www.w3.org/2001/XMLSchema-instance">
      <con:transfers setNullOnMissingSource="true" transferTextContent="true" failOnError="true" transferChildNodes="false" ignoreEmpty="true" transferToAll="false" entitize="false">
        <con:name>biId ORG1</con:name>
        <con:sourceType>res_biId</con:sourceType>
        <con:sourceStep>Create terminal bi</con:sourceStep>
        <con:targetType>req_biId</con:targetType>
        <con:targetStep>Display terminal all item of ORG1 by ORG2</con:targetStep>
        <con:upgraded>true</con:upgraded>
      </con:transfers>
      <con:transfers setNullOnMissingSource="true" transferTextContent="true" failOnError="true" ignoreEmpty="false" transferToAll="false" entitize="false" transferChildNodes="false">
        <con:name>biId ORG2</con:name>
        <con:sourceType>res_biId</con:sourceType>
        <con:sourceStep>Create terminal bi ORG2</con:sourceStep>
        <con:targetType>req_biId</con:targetType>
        <con:targetStep>Display terminal all item of ORG2 by ORG2</con:targetStep>
        <con:upgraded>true</con:upgraded>
      </con:transfers>
      <con:transfers setNullOnMissingSource="true" transferTextContent="true" failOnError="true" ignoreEmpty="false" transferToAll="false" entitize="false" transferChildNodes="false">
        <con:name>biId ORG3</con:name>
        <con:sourceType>res_biId</con:sourceType>
        <con:sourceStep>Create terminal bi for initialData3</con:sourceStep>
        <con:targetType>req_biId</con:targetType>
        <con:targetStep>Display terminal all item of ORG3 by ORG2</con:targetStep>
        <con:upgraded>true</con:upgraded>
      </con:transfers>
      <con:transfers setNullOnMissingSource="true" transferTextContent="true" failOnError="true" ignoreEmpty="false" transferToAll="false" entitize="false" transferChildNodes="false">
        <con:name>biId ORG4</con:name>
        <con:sourceType>res_biId</con:sourceType>
        <con:sourceStep>Create terminal bi for initialData4</con:sourceStep>
        <con:targetType>req_biId</con:targetType>
        <con:targetStep>Display terminal all item of ORG4 by ORG2</con:targetStep>
        <con:upgraded>true</con:upgraded>
      </con:transfers>
      <con:transfers setNullOnMissingSource="true" transferTextContent="true" failOnError="true" ignoreEmpty="false" transferToAll="false" entitize="false" transferChildNodes="false">
        <con:name>userToken</con:name>
        <con:sourceType>userToken</con:sourceType>
        <con:sourceStep>Create initial data2</con:sourceStep>
        <con:targetType>AuthorizationUser</con:targetType>
        <con:targetStep>#Project#</con:targetStep>
        <con:upgraded>true</con:upgraded>
      </con:transfers>
      <con:transfers setNullOnMissingSource="true" transferTextContent="true" failOnError="true" ignoreEmpty="false" transferToAll="false" entitize="false" transferChildNodes="false">
        <con:name>userSo</con:name>
        <con:sourceType>res_salesOrgId</con:sourceType>
        <con:sourceStep>Create initial data2</con:sourceStep>
        <con:targetType>UserSo</con:targetType>
        <con:targetStep>#Project#</con:targetStep>
        <con:upgraded>true</con:upgraded>
      </con:transfers>
    </con:config>
  </con:testStep>
  <con:testStep type="calltestcase" name="Display terminal all item of ORG1 by ORG2" id="7f6249e9-48c0-4607-8bc6-0d3921f7ae10" disabled="true">
    <con:settings/>
    <con:config xsi:type="con:RunTestCaseStep" xmlns:xsi="http://www.w3.org/2001/XMLSchema-instance">
      <con:targetTestCase>681a40fb-9759-42d4-8ec6-0d2fa7bb613b</con:targetTestCase>
      <con:properties>
        <con:property>
          <con:name>req_biId</con:name>
          <con:value>131</con:value>
        </con:property>
        <con:property>
          <con:name>res_code</con:name>
          <con:value>403</con:value>
        </con:property>
        <con:property>
          <con:name>response</con:name>
          <con:value>{
  "error" : "User cannot perform the requested action",
  "code" : "NOT_PERMITTED_SCOPE_EXCEPTION",
  "httpStatusCode" : 403,
  "httpStatusCodeDescription" : "Forbidden",
  "errorMessage" : "No Permission with [Always - Created By Below My Organization]",
  "context" : {
    "salesOrganizationId" : 8,
    "userId" : 10,
    "action" : "TRM.Get",
    "profileId" : "CSR"
  },
  "condition" : "Always",
  "scope" : "Created By Below My Organization",
  "localizedMessage" : "No Permission with [Always - Created By Below My Organization]",
  "createdAt" : 3,
  "createdFor" : 3
}</con:value>
        </con:property>
      </con:properties>
      <con:returnProperties>
        <con:entry>res_code</con:entry>
        <con:entry>response</con:entry>
      </con:returnProperties>
      <con:runMode>PARALLELL</con:runMode>
    </con:config>
  </con:testStep>
  <con:testStep type="calltestcase" name="Display terminal all item of ORG2 by ORG2" id="15281f3a-8250-40c8-80ab-3681777f9629" disabled="true">
    <con:settings/>
    <con:config xsi:type="con:RunTestCaseStep" xmlns:xsi="http://www.w3.org/2001/XMLSchema-instance">
      <con:targetTestCase>681a40fb-9759-42d4-8ec6-0d2fa7bb613b</con:targetTestCase>
      <con:properties>
        <con:property>
          <con:name>req_biId</con:name>
          <con:value>141</con:value>
        </con:property>
        <con:property>
          <con:name>res_code</con:name>
          <con:value>403</con:value>
        </con:property>
        <con:property>
          <con:name>response</con:name>
          <con:value>{
  "error" : "User cannot perform the requested action",
  "code" : "NOT_PERMITTED_SCOPE_EXCEPTION",
  "httpStatusCode" : 403,
  "httpStatusCodeDescription" : "Forbidden",
  "errorMessage" : "No Permission with [Always - Created By Below My Organization]",
  "context" : {
    "salesOrganizationId" : 8,
    "userId" : 10,
    "action" : "TRM.Get",
    "profileId" : "CSR"
  },
  "condition" : "Always",
  "scope" : "Created By Below My Organization",
  "localizedMessage" : "No Permission with [Always - Created By Below My Organization]",
  "createdAt" : 8,
  "createdFor" : 8
}</con:value>
        </con:property>
      </con:properties>
      <con:returnProperties>
        <con:entry>res_code</con:entry>
        <con:entry>response</con:entry>
      </con:returnProperties>
      <con:runMode>PARALLELL</con:runMode>
    </con:config>
  </con:testStep>
  <con:testStep type="calltestcase" name="Display terminal all item of ORG3 by ORG2" id="cae12b18-55be-4d14-9d8c-e53b8492e6f2" disabled="true">
    <con:settings/>
    <con:config xsi:type="con:RunTestCaseStep" xmlns:xsi="http://www.w3.org/2001/XMLSchema-instance">
      <con:targetTestCase>681a40fb-9759-42d4-8ec6-0d2fa7bb613b</con:targetTestCase>
      <con:properties>
        <con:property>
          <con:name>req_biId</con:name>
          <con:value>481</con:value>
        </con:property>
        <con:property>
          <con:name>res_code</con:name>
          <con:value>403</con:value>
        </con:property>
        <con:property>
          <con:name>response</con:name>
          <con:value>{
  "error" : "User cannot perform the requested action",
  "code" : "NOT_PERMITTED_SCOPE_EXCEPTION",
  "httpStatusCode" : 403,
  "httpStatusCodeDescription" : "Forbidden",
  "errorMessage" : "No Permission with [Always - Created By Below My Organization]",
  "context" : {
    "salesOrganizationId" : 8,
    "userId" : 10,
    "action" : "TRM.Get",
    "profileId" : "CSR"
  },
  "condition" : "Always",
  "scope" : "Created By Below My Organization",
  "localizedMessage" : "No Permission with [Always - Created By Below My Organization]",
  "createdAt" : 13,
  "createdFor" : 13
}</con:value>
        </con:property>
      </con:properties>
      <con:returnProperties>
        <con:entry>res_code</con:entry>
        <con:entry>response</con:entry>
      </con:returnProperties>
      <con:runMode>PARALLELL</con:runMode>
    </con:config>
  </con:testStep>
  <con:testStep type="calltestcase" name="Display terminal all item of ORG4 by ORG2" id="0541d911-cf15-4aa1-b199-e8a6fafc7193" disabled="true">
    <con:settings/>
    <con:config xsi:type="con:RunTestCaseStep" xmlns:xsi="http://www.w3.org/2001/XMLSchema-instance">
      <con:targetTestCase>681a40fb-9759-42d4-8ec6-0d2fa7bb613b</con:targetTestCase>
      <con:properties>
        <con:property>
          <con:name>req_biId</con:name>
          <con:value>491</con:value>
        </con:property>
        <con:property>
          <con:name>res_code</con:name>
          <con:value>403</con:value>
        </con:property>
        <con:property>
          <con:name>response</con:name>
          <con:value>{
  "error" : "User cannot perform the requested action",
  "code" : "NOT_PERMITTED_SCOPE_EXCEPTION",
  "httpStatusCode" : 403,
  "httpStatusCodeDescription" : "Forbidden",
  "errorMessage" : "No Permission with [Always - Created By Below My Organization]",
  "context" : {
    "salesOrganizationId" : 8,
    "userId" : 10,
    "action" : "TRM.Get",
    "profileId" : "CSR"
  },
  "condition" : "Always",
  "scope" : "Created By Below My Organization",
  "localizedMessage" : "No Permission with [Always - Created By Below My Organization]",
  "createdAt" : 17,
  "createdFor" : 17
}</con:value>
        </con:property>
      </con:properties>
      <con:returnProperties>
        <con:entry>res_code</con:entry>
        <con:entry>response</con:entry>
      </con:returnProperties>
      <con:runMode>PARALLELL</con:runMode>
    </con:config>
  </con:testStep>
  <con:testStep type="assertionteststep" name="Assertion for get terminal - CreatedByBelowMyOrgScope ORG2 2" id="7f8d426a-528e-4398-9d15-62a8bfb6e6a7" disabled="true">
    <con:settings/>
    <con:config xsi:type="con:AssertionTestStep" xmlns:xsi="http://www.w3.org/2001/XMLSchema-instance">
      <con:entry>
        <con:id>ab916615-0c32-4d9c-9628-d014b1e904c0</con:id>
        <con:isGroup>false</con:isGroup>
        <con:sourceId>7f6249e9-48c0-4607-8bc6-0d3921f7ae10</con:sourceId>
        <con:propertyName>res_code</con:propertyName>
        <con:assertion type="Simple Equals" name="Equals" id="087dcfd4-575f-47cb-98f6-c400d1b8b37c">
          <con:configuration>
            <patternObjectId>cf142e3d-3f6c-470a-a58c-306776560ab0</patternObjectId>
            <patternProperty>http403</patternProperty>
            <caseSensitive>true</caseSensitive>
          </con:configuration>
        </con:assertion>
      </con:entry>
      <con:entry>
        <con:id>861f2978-8722-414b-85c8-db7dc9c77d22</con:id>
        <con:isGroup>false</con:isGroup>
        <con:sourceId>15281f3a-8250-40c8-80ab-3681777f9629</con:sourceId>
        <con:propertyName>res_code</con:propertyName>
        <con:assertion type="Simple Equals" name="Equals 2" id="2ce3d840-3d16-4a6b-9cfe-484020c8815c">
          <con:configuration>
            <patternObjectId>cf142e3d-3f6c-470a-a58c-306776560ab0</patternObjectId>
            <patternProperty>http403</patternProperty>
            <caseSensitive>true</caseSensitive>
          </con:configuration>
        </con:assertion>
      </con:entry>
      <con:entry>
        <con:id>896cd46b-26ef-4b63-873d-ed882958fa6f</con:id>
        <con:isGroup>false</con:isGroup>
        <con:sourceId>cae12b18-55be-4d14-9d8c-e53b8492e6f2</con:sourceId>
        <con:propertyName>res_code</con:propertyName>
        <con:assertion type="Simple Equals" name="Equals 3" id="31a2ae5f-29a9-4056-9ad4-42e719302159">
          <con:configuration>
            <patternObjectId>cf142e3d-3f6c-470a-a58c-306776560ab0</patternObjectId>
            <patternProperty>http403</patternProperty>
            <caseSensitive>true</caseSensitive>
          </con:configuration>
        </con:assertion>
      </con:entry>
      <con:entry>
        <con:id>3d441abd-e8a0-4bf4-b4db-3aeece161d57</con:id>
        <con:isGroup>false</con:isGroup>
        <con:sourceId>0541d911-cf15-4aa1-b199-e8a6fafc7193</con:sourceId>
        <con:propertyName>res_code</con:propertyName>
        <con:assertion type="Simple Equals" name="Equals 4" id="9f550eb9-1ed3-432e-a687-eb8b2a60c704">
          <con:configuration>
            <patternObjectId>cf142e3d-3f6c-470a-a58c-306776560ab0</patternObjectId>
            <patternProperty>http403</patternProperty>
            <caseSensitive>true</caseSensitive>
          </con:configuration>
        </con:assertion>
      </con:entry>
    </con:config>
  </con:testStep>
  <con:testStep type="transfer" name="Property Transfer 12 - ORG3" id="02855110-910b-467c-86ed-92659c255b01" disabled="true">
    <con:settings/>
    <con:config xsi:type="con:PropertyTransfersStep" xmlns:xsi="http://www.w3.org/2001/XMLSchema-instance">
      <con:transfers setNullOnMissingSource="true" transferTextContent="true" failOnError="true" transferChildNodes="false" ignoreEmpty="true" transferToAll="false" entitize="false">
        <con:name>biId ORG1</con:name>
        <con:sourceType>res_biId</con:sourceType>
        <con:sourceStep>Create terminal bi</con:sourceStep>
        <con:targetType>req_biId</con:targetType>
        <con:targetStep>Display terminal all item of ORG1 by ORG3</con:targetStep>
        <con:upgraded>true</con:upgraded>
      </con:transfers>
      <con:transfers setNullOnMissingSource="true" transferTextContent="true" failOnError="true" ignoreEmpty="false" transferToAll="false" entitize="false" transferChildNodes="false">
        <con:name>biId ORG2</con:name>
        <con:sourceType>res_biId</con:sourceType>
        <con:sourceStep>Create terminal bi ORG2</con:sourceStep>
        <con:targetType>req_biId</con:targetType>
        <con:targetStep>Display terminal all item of ORG2 by ORG3</con:targetStep>
        <con:upgraded>true</con:upgraded>
      </con:transfers>
      <con:transfers setNullOnMissingSource="true" transferTextContent="true" failOnError="true" ignoreEmpty="false" transferToAll="false" entitize="false" transferChildNodes="false">
        <con:name>biId ORG3</con:name>
        <con:sourceType>res_biId</con:sourceType>
        <con:sourceStep>Create terminal bi for initialData3</con:sourceStep>
        <con:targetType>req_biId</con:targetType>
        <con:targetStep>Display terminal all item of ORG3 by ORG3</con:targetStep>
        <con:upgraded>true</con:upgraded>
      </con:transfers>
      <con:transfers setNullOnMissingSource="true" transferTextContent="true" failOnError="true" ignoreEmpty="false" transferToAll="false" entitize="false" transferChildNodes="false">
        <con:name>biId ORG4</con:name>
        <con:sourceType>res_biId</con:sourceType>
        <con:sourceStep>Create terminal bi for initialData4</con:sourceStep>
        <con:targetType>req_biId</con:targetType>
        <con:targetStep>Display terminal all item of ORG4 by ORG3</con:targetStep>
        <con:upgraded>true</con:upgraded>
      </con:transfers>
      <con:transfers setNullOnMissingSource="true" transferTextContent="true" failOnError="true" ignoreEmpty="false" transferToAll="false" entitize="false" transferChildNodes="false">
        <con:name>userToken</con:name>
        <con:sourceType>userToken</con:sourceType>
        <con:sourceStep>Create initial data3_childOfInitialData</con:sourceStep>
        <con:targetType>AuthorizationUser</con:targetType>
        <con:targetStep>#Project#</con:targetStep>
        <con:upgraded>true</con:upgraded>
      </con:transfers>
      <con:transfers setNullOnMissingSource="true" transferTextContent="true" failOnError="true" ignoreEmpty="false" transferToAll="false" entitize="false" transferChildNodes="false">
        <con:name>userSo</con:name>
        <con:sourceType>res_salesOrgId</con:sourceType>
        <con:sourceStep>Create initial data3_childOfInitialData</con:sourceStep>
        <con:targetType>UserSo</con:targetType>
        <con:targetStep>#Project#</con:targetStep>
        <con:upgraded>true</con:upgraded>
      </con:transfers>
    </con:config>
  </con:testStep>
  <con:testStep type="calltestcase" name="Display terminal all item of ORG1 by ORG3" id="e5226594-5fa6-4530-9f4a-31e90b7c8abd" disabled="true">
    <con:settings/>
    <con:config xsi:type="con:RunTestCaseStep" xmlns:xsi="http://www.w3.org/2001/XMLSchema-instance">
      <con:targetTestCase>681a40fb-9759-42d4-8ec6-0d2fa7bb613b</con:targetTestCase>
      <con:properties>
        <con:property>
          <con:name>req_biId</con:name>
          <con:value>131</con:value>
        </con:property>
        <con:property>
          <con:name>res_code</con:name>
          <con:value>403</con:value>
        </con:property>
        <con:property>
          <con:name>response</con:name>
          <con:value>{
  "error" : "User cannot perform the requested action",
  "code" : "NOT_PERMITTED_SCOPE_EXCEPTION",
  "httpStatusCode" : 403,
  "httpStatusCodeDescription" : "Forbidden",
  "errorMessage" : "No Permission with [Always - Created By Below My Organization]",
  "context" : {
    "salesOrganizationId" : 13,
    "userId" : 15,
    "action" : "TRM.Get",
    "profileId" : "CSR"
  },
  "condition" : "Always",
  "scope" : "Created By Below My Organization",
  "localizedMessage" : "No Permission with [Always - Created By Below My Organization]",
  "createdAt" : 3,
  "createdFor" : 3
}</con:value>
        </con:property>
      </con:properties>
      <con:returnProperties>
        <con:entry>res_code</con:entry>
        <con:entry>response</con:entry>
      </con:returnProperties>
      <con:runMode>PARALLELL</con:runMode>
    </con:config>
  </con:testStep>
  <con:testStep type="calltestcase" name="Display terminal all item of ORG2 by ORG3" id="0fdf4724-bfd3-4c16-9347-597c74753f06" disabled="true">
    <con:settings/>
    <con:config xsi:type="con:RunTestCaseStep" xmlns:xsi="http://www.w3.org/2001/XMLSchema-instance">
      <con:targetTestCase>681a40fb-9759-42d4-8ec6-0d2fa7bb613b</con:targetTestCase>
      <con:properties>
        <con:property>
          <con:name>req_biId</con:name>
          <con:value>141</con:value>
        </con:property>
        <con:property>
          <con:name>res_code</con:name>
          <con:value>403</con:value>
        </con:property>
        <con:property>
          <con:name>response</con:name>
          <con:value>{
  "error" : "User cannot perform the requested action",
  "code" : "NOT_PERMITTED_SCOPE_EXCEPTION",
  "httpStatusCode" : 403,
  "httpStatusCodeDescription" : "Forbidden",
  "errorMessage" : "No Permission with [Always - Created By Below My Organization]",
  "context" : {
    "salesOrganizationId" : 13,
    "userId" : 15,
    "action" : "TRM.Get",
    "profileId" : "CSR"
  },
  "condition" : "Always",
  "scope" : "Created By Below My Organization",
  "localizedMessage" : "No Permission with [Always - Created By Below My Organization]",
  "createdAt" : 8,
  "createdFor" : 8
}</con:value>
        </con:property>
      </con:properties>
      <con:returnProperties>
        <con:entry>res_code</con:entry>
        <con:entry>response</con:entry>
      </con:returnProperties>
      <con:runMode>PARALLELL</con:runMode>
    </con:config>
  </con:testStep>
  <con:testStep type="calltestcase" name="Display terminal all item of ORG3 by ORG3" id="630f1a07-1ed4-4de7-9bb2-f7b448ca2aaf" disabled="true">
    <con:settings/>
    <con:config xsi:type="con:RunTestCaseStep" xmlns:xsi="http://www.w3.org/2001/XMLSchema-instance">
      <con:targetTestCase>681a40fb-9759-42d4-8ec6-0d2fa7bb613b</con:targetTestCase>
      <con:properties>
        <con:property>
          <con:name>req_biId</con:name>
          <con:value>481</con:value>
        </con:property>
        <con:property>
          <con:name>res_code</con:name>
          <con:value>403</con:value>
        </con:property>
        <con:property>
          <con:name>response</con:name>
          <con:value>{
  "error" : "User cannot perform the requested action",
  "code" : "NOT_PERMITTED_SCOPE_EXCEPTION",
  "httpStatusCode" : 403,
  "httpStatusCodeDescription" : "Forbidden",
  "errorMessage" : "No Permission with [Always - Created By Below My Organization]",
  "context" : {
    "salesOrganizationId" : 13,
    "userId" : 15,
    "action" : "TRM.Get",
    "profileId" : "CSR"
  },
  "condition" : "Always",
  "scope" : "Created By Below My Organization",
  "localizedMessage" : "No Permission with [Always - Created By Below My Organization]",
  "createdAt" : 13,
  "createdFor" : 13
}</con:value>
        </con:property>
      </con:properties>
      <con:returnProperties>
        <con:entry>res_code</con:entry>
        <con:entry>response</con:entry>
      </con:returnProperties>
      <con:runMode>PARALLELL</con:runMode>
    </con:config>
  </con:testStep>
  <con:testStep type="calltestcase" name="Display terminal all item of ORG4 by ORG3" id="12b65db4-460d-499a-a858-cee3f6707a35" disabled="true">
    <con:settings/>
    <con:config xsi:type="con:RunTestCaseStep" xmlns:xsi="http://www.w3.org/2001/XMLSchema-instance">
      <con:targetTestCase>681a40fb-9759-42d4-8ec6-0d2fa7bb613b</con:targetTestCase>
      <con:properties>
        <con:property>
          <con:name>req_biId</con:name>
          <con:value>491</con:value>
        </con:property>
        <con:property>
          <con:name>res_code</con:name>
          <con:value>403</con:value>
        </con:property>
        <con:property>
          <con:name>response</con:name>
          <con:value>{
  "error" : "User cannot perform the requested action",
  "code" : "NOT_PERMITTED_SCOPE_EXCEPTION",
  "httpStatusCode" : 403,
  "httpStatusCodeDescription" : "Forbidden",
  "errorMessage" : "No Permission with [Always - Created By Below My Organization]",
  "context" : {
    "salesOrganizationId" : 13,
    "userId" : 15,
    "action" : "TRM.Get",
    "profileId" : "CSR"
  },
  "condition" : "Always",
  "scope" : "Created By Below My Organization",
  "localizedMessage" : "No Permission with [Always - Created By Below My Organization]",
  "createdAt" : 17,
  "createdFor" : 17
}</con:value>
        </con:property>
      </con:properties>
      <con:returnProperties>
        <con:entry>res_code</con:entry>
        <con:entry>response</con:entry>
      </con:returnProperties>
      <con:runMode>PARALLELL</con:runMode>
    </con:config>
  </con:testStep>
  <con:testStep type="assertionteststep" name="Assertion for get terminal - CreatedByBelowMyOrgScope ORG3" id="df620652-951e-4e9b-8220-b0a8ecc8e92a" disabled="true">
    <con:settings/>
    <con:config xsi:type="con:AssertionTestStep" xmlns:xsi="http://www.w3.org/2001/XMLSchema-instance">
      <con:entry>
        <con:id>3d230575-41ea-4775-8ead-45e55f1af331</con:id>
        <con:isGroup>false</con:isGroup>
        <con:sourceId>e5226594-5fa6-4530-9f4a-31e90b7c8abd</con:sourceId>
        <con:propertyName>res_code</con:propertyName>
        <con:assertion type="Simple Equals" name="Equals" id="3b310ecf-c639-4f18-98fc-869ececd0597">
          <con:configuration>
            <patternObjectId>cf142e3d-3f6c-470a-a58c-306776560ab0</patternObjectId>
            <patternProperty>http403</patternProperty>
            <caseSensitive>true</caseSensitive>
          </con:configuration>
        </con:assertion>
      </con:entry>
      <con:entry>
        <con:id>a507f8e0-f969-4e62-a737-3982209fda90</con:id>
        <con:isGroup>false</con:isGroup>
        <con:sourceId>0fdf4724-bfd3-4c16-9347-597c74753f06</con:sourceId>
        <con:propertyName>res_code</con:propertyName>
        <con:assertion type="Simple Equals" name="Equals 2" id="551d2886-5369-4b44-9376-b09bd7585b39">
          <con:configuration>
            <patternObjectId>cf142e3d-3f6c-470a-a58c-306776560ab0</patternObjectId>
            <patternProperty>http403</patternProperty>
            <caseSensitive>true</caseSensitive>
          </con:configuration>
        </con:assertion>
      </con:entry>
      <con:entry>
        <con:id>9689bd1d-a814-4ed3-ad40-f4d4ce1568f3</con:id>
        <con:isGroup>false</con:isGroup>
        <con:sourceId>630f1a07-1ed4-4de7-9bb2-f7b448ca2aaf</con:sourceId>
        <con:propertyName>res_code</con:propertyName>
        <con:assertion type="Simple Equals" name="Equals 3" id="0c8a880d-e703-4fb1-83a2-8ea1930b9fcb">
          <con:configuration>
            <patternObjectId>cf142e3d-3f6c-470a-a58c-306776560ab0</patternObjectId>
            <patternProperty>http403</patternProperty>
            <caseSensitive>true</caseSensitive>
          </con:configuration>
        </con:assertion>
      </con:entry>
      <con:entry>
        <con:id>0a3dc311-4721-4c01-858f-0bbb0db6b27a</con:id>
        <con:isGroup>false</con:isGroup>
        <con:sourceId>12b65db4-460d-499a-a858-cee3f6707a35</con:sourceId>
        <con:propertyName>res_code</con:propertyName>
        <con:assertion type="Simple Equals" name="Equals 4" id="e7451bad-d096-4365-aed2-34aba4b2dbea">
          <con:configuration>
            <patternObjectId>cf142e3d-3f6c-470a-a58c-306776560ab0</patternObjectId>
            <patternProperty>http403</patternProperty>
            <caseSensitive>true</caseSensitive>
          </con:configuration>
        </con:assertion>
      </con:entry>
    </con:config>
  </con:testStep>
  <con:testStep type="transfer" name="Property Transfer 12 - ORG4" id="5d06189d-0a7b-4c22-9858-948e6105c4be" disabled="true">
    <con:settings/>
    <con:config xsi:type="con:PropertyTransfersStep" xmlns:xsi="http://www.w3.org/2001/XMLSchema-instance">
      <con:transfers setNullOnMissingSource="true" transferTextContent="true" failOnError="true" transferChildNodes="false" ignoreEmpty="true" transferToAll="false" entitize="false">
        <con:name>biId ORG1</con:name>
        <con:sourceType>res_biId</con:sourceType>
        <con:sourceStep>Create terminal bi</con:sourceStep>
        <con:targetType>req_biId</con:targetType>
        <con:targetStep>Display terminal all item of ORG1 by ORG4</con:targetStep>
        <con:upgraded>true</con:upgraded>
      </con:transfers>
      <con:transfers setNullOnMissingSource="true" transferTextContent="true" failOnError="true" ignoreEmpty="false" transferToAll="false" entitize="false" transferChildNodes="false">
        <con:name>biId ORG2</con:name>
        <con:sourceType>res_biId</con:sourceType>
        <con:sourceStep>Create terminal bi ORG2</con:sourceStep>
        <con:targetType>req_biId</con:targetType>
        <con:targetStep>Display terminal all item of ORG2 by ORG4</con:targetStep>
        <con:upgraded>true</con:upgraded>
      </con:transfers>
      <con:transfers setNullOnMissingSource="true" transferTextContent="true" failOnError="true" ignoreEmpty="false" transferToAll="false" entitize="false" transferChildNodes="false">
        <con:name>biId ORG3</con:name>
        <con:sourceType>res_biId</con:sourceType>
        <con:sourceStep>Create terminal bi for initialData3</con:sourceStep>
        <con:targetType>req_biId</con:targetType>
        <con:targetStep>Display terminal all item of ORG3 by ORG4</con:targetStep>
        <con:upgraded>true</con:upgraded>
      </con:transfers>
      <con:transfers setNullOnMissingSource="true" transferTextContent="true" failOnError="true" ignoreEmpty="false" transferToAll="false" entitize="false" transferChildNodes="false">
        <con:name>biId ORG4</con:name>
        <con:sourceType>res_biId</con:sourceType>
        <con:sourceStep>Create terminal bi for initialData4</con:sourceStep>
        <con:targetType>req_biId</con:targetType>
        <con:targetStep>Display terminal all item of ORG4 by ORG4</con:targetStep>
        <con:upgraded>true</con:upgraded>
      </con:transfers>
      <con:transfers setNullOnMissingSource="true" transferTextContent="true" failOnError="true" ignoreEmpty="true" transferToAll="false" entitize="false" transferChildNodes="false">
        <con:name>userToken</con:name>
        <con:sourceType>userToken</con:sourceType>
        <con:sourceStep>Create initial data4_parentOfInitialData</con:sourceStep>
        <con:targetType>AuthorizationUser</con:targetType>
        <con:targetStep>#Project#</con:targetStep>
        <con:upgraded>true</con:upgraded>
      </con:transfers>
      <con:transfers setNullOnMissingSource="true" transferTextContent="true" failOnError="true" ignoreEmpty="false" transferToAll="false" entitize="false" transferChildNodes="true">
        <con:name>userSo</con:name>
        <con:sourceType>res_salesOrgId</con:sourceType>
        <con:sourceStep>Create initial data4_parentOfInitialData</con:sourceStep>
        <con:targetType>UserSo</con:targetType>
        <con:targetStep>#Project#</con:targetStep>
        <con:upgraded>true</con:upgraded>
      </con:transfers>
    </con:config>
  </con:testStep>
  <con:testStep type="calltestcase" name="Display terminal all item of ORG1 by ORG4" id="8f798818-0d4c-4ab2-a1c2-f0d9583b06a3" disabled="true">
    <con:settings/>
    <con:config xsi:type="con:RunTestCaseStep" xmlns:xsi="http://www.w3.org/2001/XMLSchema-instance">
      <con:targetTestCase>681a40fb-9759-42d4-8ec6-0d2fa7bb613b</con:targetTestCase>
      <con:properties>
        <con:property>
          <con:name>req_biId</con:name>
          <con:value>131</con:value>
        </con:property>
        <con:property>
          <con:name>res_code</con:name>
          <con:value>200</con:value>
        </con:property>
        <con:property>
          <con:name>response</con:name>
          <con:value>{"items":[{"externalId":"ext-418d7ed4-ced9-4170-bf69-87c16181aff0","salesOrganizationRoleExternalId":"ext-2fa9b5be-170e-4c92-a989-52ab2eed1b93","name":"ext-418d7ed4-ced9-4170-bf69-87c16181aff0","id":"19"}]}</con:value>
        </con:property>
      </con:properties>
      <con:returnProperties>
        <con:entry>res_code</con:entry>
        <con:entry>response</con:entry>
      </con:returnProperties>
      <con:runMode>PARALLELL</con:runMode>
    </con:config>
  </con:testStep>
  <con:testStep type="calltestcase" name="Display terminal all item of ORG2 by ORG4" id="cfac8b46-275e-412a-891b-1431b549b326" disabled="true">
    <con:settings/>
    <con:config xsi:type="con:RunTestCaseStep" xmlns:xsi="http://www.w3.org/2001/XMLSchema-instance">
      <con:targetTestCase>681a40fb-9759-42d4-8ec6-0d2fa7bb613b</con:targetTestCase>
      <con:properties>
        <con:property>
          <con:name>req_biId</con:name>
          <con:value>141</con:value>
        </con:property>
        <con:property>
          <con:name>res_code</con:name>
          <con:value>200</con:value>
        </con:property>
        <con:property>
          <con:name>response</con:name>
          <con:value>{"items":[{"externalId":"ext-368e2918-21d7-4d6a-a89d-2845b602ca04","salesOrganizationRoleExternalId":"ext-82605428-1108-4468-b001-a45a3e935405","name":"ext-368e2918-21d7-4d6a-a89d-2845b602ca04","id":"20"}]}</con:value>
        </con:property>
      </con:properties>
      <con:returnProperties>
        <con:entry>res_code</con:entry>
        <con:entry>response</con:entry>
      </con:returnProperties>
      <con:runMode>PARALLELL</con:runMode>
    </con:config>
  </con:testStep>
  <con:testStep type="calltestcase" name="Display terminal all item of ORG3 by ORG4" id="1f6a53c0-0827-4082-aec5-96ca5ea7d9db" disabled="true">
    <con:settings/>
    <con:config xsi:type="con:RunTestCaseStep" xmlns:xsi="http://www.w3.org/2001/XMLSchema-instance">
      <con:targetTestCase>681a40fb-9759-42d4-8ec6-0d2fa7bb613b</con:targetTestCase>
      <con:properties>
        <con:property>
          <con:name>req_biId</con:name>
          <con:value>481</con:value>
        </con:property>
        <con:property>
          <con:name>res_code</con:name>
          <con:value>404</con:value>
        </con:property>
        <con:property>
          <con:name>response</con:name>
          <con:value>{"code":"404","description":"HTTP 404 Not Found","errorDetails":"HTTP 404 Not Found","errorMessage":"404","httpStatusCode":"404","httpStatusCodeDescription":"HTTP 404 Not Found"}</con:value>
        </con:property>
      </con:properties>
      <con:returnProperties>
        <con:entry>res_code</con:entry>
        <con:entry>response</con:entry>
      </con:returnProperties>
      <con:runMode>PARALLELL</con:runMode>
    </con:config>
  </con:testStep>
  <con:testStep type="calltestcase" name="Display terminal all item of ORG4 by ORG4" id="ccae0f7e-4f2e-475d-a4e9-64a46074ca2c" disabled="true">
    <con:settings/>
    <con:config xsi:type="con:RunTestCaseStep" xmlns:xsi="http://www.w3.org/2001/XMLSchema-instance">
      <con:targetTestCase>681a40fb-9759-42d4-8ec6-0d2fa7bb613b</con:targetTestCase>
      <con:properties>
        <con:property>
          <con:name>req_biId</con:name>
          <con:value>491</con:value>
        </con:property>
        <con:property>
          <con:name>res_code</con:name>
          <con:value>404</con:value>
        </con:property>
        <con:property>
          <con:name>response</con:name>
          <con:value>{"code":"404","description":"HTTP 404 Not Found","errorDetails":"HTTP 404 Not Found","errorMessage":"404","httpStatusCode":"404","httpStatusCodeDescription":"HTTP 404 Not Found"}</con:value>
        </con:property>
      </con:properties>
      <con:returnProperties>
        <con:entry>res_code</con:entry>
        <con:entry>response</con:entry>
      </con:returnProperties>
      <con:runMode>PARALLELL</con:runMode>
    </con:config>
  </con:testStep>
  <con:testStep type="assertionteststep" name="Assertion for get terminal - CreatedByBelowMyOrgScope ORG4" id="662d015e-3d50-4739-8cb0-d092fe7c6ca8" disabled="true">
    <con:settings/>
    <con:config xsi:type="con:AssertionTestStep" xmlns:xsi="http://www.w3.org/2001/XMLSchema-instance">
      <con:entry>
        <con:id>247ccca1-0911-4c07-a735-277e31255980</con:id>
        <con:isGroup>false</con:isGroup>
        <con:sourceId>8f798818-0d4c-4ab2-a1c2-f0d9583b06a3</con:sourceId>
        <con:propertyName>res_code</con:propertyName>
        <con:assertion type="Simple Equals" name="Equals" id="833e018e-2783-4ba4-ae88-4ce6f088decd">
          <con:configuration>
            <patternObjectId>cf142e3d-3f6c-470a-a58c-306776560ab0</patternObjectId>
            <patternProperty>http200</patternProperty>
            <caseSensitive>true</caseSensitive>
          </con:configuration>
        </con:assertion>
      </con:entry>
      <con:entry>
        <con:id>93663c19-dde9-4d5b-b3b8-89057bca5ca3</con:id>
        <con:isGroup>false</con:isGroup>
        <con:sourceId>cfac8b46-275e-412a-891b-1431b549b326</con:sourceId>
        <con:propertyName>res_code</con:propertyName>
        <con:assertion type="Simple Equals" name="Equals 2" id="bab319aa-8d0e-4508-8af0-26eebcecf2e6">
          <con:configuration>
            <patternObjectId>cf142e3d-3f6c-470a-a58c-306776560ab0</patternObjectId>
            <patternProperty>http403</patternProperty>
            <caseSensitive>true</caseSensitive>
          </con:configuration>
        </con:assertion>
      </con:entry>
      <con:entry>
        <con:id>d820bff4-e0df-4d7c-92cd-855a4247bc54</con:id>
        <con:isGroup>false</con:isGroup>
        <con:sourceId>1f6a53c0-0827-4082-aec5-96ca5ea7d9db</con:sourceId>
        <con:propertyName>res_code</con:propertyName>
        <con:assertion type="Simple Equals" name="Equals 3" id="5a3e514e-4fdc-402e-a690-ed2b1b72af66">
          <con:configuration>
            <patternText>404</patternText>
            <caseSensitive>true</caseSensitive>
          </con:configuration>
        </con:assertion>
      </con:entry>
      <con:entry>
        <con:id>ad586297-cbab-48ac-8e89-46a8b8c8f7f1</con:id>
        <con:isGroup>false</con:isGroup>
        <con:sourceId>ccae0f7e-4f2e-475d-a4e9-64a46074ca2c</con:sourceId>
        <con:propertyName>res_code</con:propertyName>
        <con:assertion type="Simple Equals" name="Equals 4" id="f4a1d452-6b05-4e90-8a06-cd66f9a6e52a">
          <con:configuration>
            <patternObjectId>cf142e3d-3f6c-470a-a58c-306776560ab0</patternObjectId>
            <patternProperty>http403</patternProperty>
            <caseSensitive>true</caseSensitive>
          </con:configuration>
        </con:assertion>
      </con:entry>
    </con:config>
  </con:testStep>
  <con:testStep type="calltestcase" name="Delete get permission - CreatedByBelowMyOrgScope" id="b8594312-2407-4947-866d-64c7b6f87403" disabled="true">
    <con:settings/>
    <con:config xsi:type="con:RunTestCaseStep" xmlns:xsi="http://www.w3.org/2001/XMLSchema-instance">
      <con:targetTestCase>ef1ecdf4-8483-46d8-a3c9-87064bd44ad2</con:targetTestCase>
      <con:properties>
        <con:property>
          <con:name>req_userId</con:name>
          <con:value>27</con:value>
        </con:property>
        <con:property>
          <con:name>req_soId</con:name>
          <con:value>25</con:value>
        </con:property>
        <con:property>
          <con:name>res_code</con:name>
          <con:value>200</con:value>
        </con:property>
        <con:property>
          <con:name>res_errorMessage</con:name>
          <con:value xsi:nil="true"/>
        </con:property>
        <con:property>
          <con:name>req_action</con:name>
          <con:value>TRM.Get</con:value>
        </con:property>
        <con:property>
          <con:name>req_createdForSalesOrg</con:name>
          <con:value>1</con:value>
        </con:property>
      </con:properties>
      <con:returnProperties>
        <con:entry>res_code</con:entry>
        <con:entry>res_errorMessage</con:entry>
      </con:returnProperties>
      <con:runMode>PARALLELL</con:runMode>
    </con:config>
  </con:testStep>
  <con:testStep type="manualTestStep" name="****GET + UPDATE = ADD permission************************" id="41f44287-b835-4d7f-9fc6-35f4d2b0f871" disabled="true">
    <con:settings/>
    <con:config xsi:type="con:ManualTestStep" xmlns:xsi="http://www.w3.org/2001/XMLSchema-instance"/>
  </con:testStep>
  <con:testStep type="transfer" name="Property Transfer to create terminal perm" id="0b1c4595-7a01-44f8-8021-4ff90d286074">
    <con:settings/>
    <con:config xsi:type="con:PropertyTransfersStep" xmlns:xsi="http://www.w3.org/2001/XMLSchema-instance">
      <con:transfers setNullOnMissingSource="true" transferTextContent="true" failOnError="true" ignoreEmpty="false" transferToAll="false" entitize="false" transferChildNodes="false">
        <con:name>userId</con:name>
        <con:sourceType>res_userRoleId</con:sourceType>
        <con:sourceStep>Create initial data2</con:sourceStep>
        <con:sourcePath/>
        <con:targetType>req_UserId</con:targetType>
        <con:targetStep>Authorize create terminal 3</con:targetStep>
        <con:targetPath/>
        <con:upgraded>true</con:upgraded>
      </con:transfers>
      <con:transfers setNullOnMissingSource="true" transferTextContent="true" failOnError="true" ignoreEmpty="false" transferToAll="false" entitize="false" transferChildNodes="false">
        <con:name>soId</con:name>
        <con:sourceType>res_salesOrgId</con:sourceType>
        <con:sourceStep>Create initial data2</con:sourceStep>
        <con:targetType>req_SoId</con:targetType>
        <con:targetStep>Authorize create terminal 3</con:targetStep>
        <con:upgraded>true</con:upgraded>
      </con:transfers>
      <con:transfers setNullOnMissingSource="true" transferTextContent="true" failOnError="true" ignoreEmpty="false" transferToAll="false" entitize="false" transferChildNodes="false">
        <con:name>domain</con:name>
        <con:sourceType>domain_terminal</con:sourceType>
        <con:sourceStep>Properties</con:sourceStep>
        <con:targetType>req_Domain</con:targetType>
        <con:targetStep>Authorize create terminal 3</con:targetStep>
        <con:upgraded>true</con:upgraded>
      </con:transfers>
      <con:transfers setNullOnMissingSource="true" transferTextContent="true" failOnError="true" ignoreEmpty="false" transferToAll="false" entitize="false" transferChildNodes="false">
        <con:name>action</con:name>
        <con:sourceType>action_CreateTerminal</con:sourceType>
        <con:sourceStep>Properties</con:sourceStep>
        <con:targetType>req_Action</con:targetType>
        <con:targetStep>Authorize create terminal 3</con:targetStep>
        <con:upgraded>true</con:upgraded>
      </con:transfers>
      <con:transfers setNullOnMissingSource="true" transferTextContent="true" failOnError="true" ignoreEmpty="false" transferToAll="false" entitize="false" transferChildNodes="false">
        <con:name>scope</con:name>
        <con:sourceType>scope_Null</con:sourceType>
        <con:sourceStep>Properties</con:sourceStep>
        <con:targetType>req_Scope</con:targetType>
        <con:targetStep>Authorize create terminal 3</con:targetStep>
        <con:upgraded>true</con:upgraded>
      </con:transfers>
      <con:transfers setNullOnMissingSource="true" transferTextContent="true" failOnError="true" ignoreEmpty="false" transferToAll="false" entitize="false" transferChildNodes="false">
        <con:name>profile</con:name>
        <con:sourceType>profile_CSR</con:sourceType>
        <con:sourceStep>Properties</con:sourceStep>
        <con:targetType>req_Profile</con:targetType>
        <con:targetStep>Authorize create terminal 3</con:targetStep>
        <con:upgraded>true</con:upgraded>
      </con:transfers>
      <con:transfers setNullOnMissingSource="true" transferTextContent="true" failOnError="true" ignoreEmpty="false" transferToAll="false" entitize="false" transferChildNodes="false">
        <con:name>condition</con:name>
        <con:sourceType>condition_Null</con:sourceType>
        <con:sourceStep>Properties</con:sourceStep>
        <con:targetType>req_Condition</con:targetType>
        <con:targetStep>Authorize create terminal 3</con:targetStep>
        <con:upgraded>true</con:upgraded>
      </con:transfers>
      <con:transfers setNullOnMissingSource="true" transferTextContent="true" failOnError="true" ignoreEmpty="false" transferToAll="false" entitize="false" transferChildNodes="false">
        <con:name>userId delete</con:name>
        <con:sourceType>res_userRoleId</con:sourceType>
        <con:sourceStep>Create initial data2</con:sourceStep>
        <con:targetType>req_userId</con:targetType>
        <con:targetStep>Delete create permission - selfScope</con:targetStep>
        <con:upgraded>true</con:upgraded>
      </con:transfers>
      <con:transfers setNullOnMissingSource="true" transferTextContent="true" failOnError="true" ignoreEmpty="false" transferToAll="false" entitize="false" transferChildNodes="false">
        <con:name>soId delete</con:name>
        <con:sourceType>res_salesOrgId</con:sourceType>
        <con:sourceStep>Create initial data2</con:sourceStep>
        <con:targetType>req_soId</con:targetType>
        <con:targetStep>Delete create permission - selfScope</con:targetStep>
        <con:upgraded>true</con:upgraded>
      </con:transfers>
      <con:transfers setNullOnMissingSource="true" transferTextContent="true" failOnError="true" ignoreEmpty="false" transferToAll="false" entitize="false" transferChildNodes="false">
        <con:name>action delete</con:name>
        <con:sourceType>action_CreateTerminal</con:sourceType>
        <con:sourceStep>Properties</con:sourceStep>
        <con:targetType>req_action</con:targetType>
        <con:targetStep>Delete create permission - selfScope</con:targetStep>
        <con:upgraded>true</con:upgraded>
      </con:transfers>
      <con:transfers setNullOnMissingSource="true" transferTextContent="true" failOnError="true" ignoreEmpty="false" transferToAll="false" entitize="false" transferChildNodes="false">
        <con:name>userToken</con:name>
        <con:sourceType>userIntToken</con:sourceType>
        <con:sourceStep>Create initial data2</con:sourceStep>
        <con:targetType>AuthorizationIntUser</con:targetType>
        <con:targetStep>#Project#</con:targetStep>
        <con:upgraded>true</con:upgraded>
      </con:transfers>
      <con:transfers setNullOnMissingSource="true" transferTextContent="true" failOnError="true" ignoreEmpty="false" transferToAll="false" entitize="false" transferChildNodes="false">
        <con:name>createdForSalesOrg</con:name>
        <con:sourceType>DefaultSalesOrganizationRoleId</con:sourceType>
        <con:sourceStep>#Project#</con:sourceStep>
        <con:targetType>req_createdForSalesOrg</con:targetType>
        <con:targetStep>Authorize create terminal 3</con:targetStep>
        <con:upgraded>true</con:upgraded>
      </con:transfers>
    </con:config>
  </con:testStep>
  <con:testStep type="calltestcase" name="Authorize create terminal 3" id="8ccc5589-34fa-42a7-9b1f-a80f645359c9">
    <con:settings/>
    <con:config xsi:type="con:RunTestCaseStep" xmlns:xsi="http://www.w3.org/2001/XMLSchema-instance">
      <con:targetTestCase>7598e6a9-915e-450f-9530-8976eb29de47</con:targetTestCase>
      <con:properties>
        <con:property>
          <con:name>req_UserId</con:name>
          <con:value>62</con:value>
        </con:property>
        <con:property>
          <con:name>req_SoId</con:name>
          <con:value>60</con:value>
        </con:property>
        <con:property>
          <con:name>req_Domain</con:name>
          <con:value>TRM</con:value>
        </con:property>
        <con:property>
          <con:name>req_Action</con:name>
          <con:value>TRM.Create</con:value>
        </con:property>
        <con:property>
          <con:name>req_Scope</con:name>
          <con:value>PermitAllScope</con:value>
        </con:property>
        <con:property>
          <con:name>req_Profile</con:name>
          <con:value>CSR</con:value>
        </con:property>
        <con:property>
          <con:name>req_Condition</con:name>
          <con:value>NullCondition</con:value>
        </con:property>
        <con:property>
          <con:name>res_code</con:name>
          <con:value>200</con:value>
        </con:property>
        <con:property>
          <con:name>res_errorMessageCreate</con:name>
          <con:value xsi:nil="true"/>
        </con:property>
        <con:property>
          <con:name>res_errorMessageAdd</con:name>
          <con:value xsi:nil="true"/>
        </con:property>
        <con:property>
          <con:name>res_errorMessageSubmit</con:name>
          <con:value xsi:nil="true"/>
        </con:property>
        <con:property>
          <con:name>response</con:name>
          <con:value>{"businessInteractionType":34,"code":"PP-2261","description":"Profile Permission at [name-ext-6ba84153-8915-4aba-adb9-ed49e9523647] by [John Smith]","mainState":0,"state":5,"createdDate":"2018-03-07T07:26:16+0000","businessInteractionSpec":{"id":75,"journaled":false,"name":"Profile Permission bi spec","specificationType":0,"allowSubmitBIWithoutItem":false,"requiresSession":false,"code":"PROFILE_PERMISSION","requiresActiveSO":false,"biOperationAllowedWhenSOSuspended":false,"reserveAllNonSerializedSpec":false,"allowStockLevelNegative":false,"dynamicMap":{},"type":"com.ericsson.bss.rm.erms.core.entity.dto.bi.BusinessInteractionSpecDTO"},"createdByUserId":"62","createdBySalesOrganizationId":"60","createdForSalesOrganizationRoleId":"1","preventUpdateFromOtherSystem":false,"items":[],"isLocked":false,"businessInteractionRoleId1":107,"businessInteractionRoleId2":104,"businessInteractionRoleId3":104,"id":2261,"href":"/v1/profilePermission/2261","dynamicMap":{},"type":"com.ericsson.bss.rm.erms.core.entity.dto.bi.profilepermission.ProfilePermissionBIResponseDTO"}</con:value>
        </con:property>
        <con:property>
          <con:name>req_createdForSalesOrg</con:name>
          <con:value>1</con:value>
        </con:property>
      </con:properties>
      <con:returnProperties>
        <con:entry>res_code</con:entry>
        <con:entry>res_errorMessageCreate</con:entry>
        <con:entry>res_errorMessageAdd</con:entry>
        <con:entry>res_errorMessageSubmit</con:entry>
        <con:entry>response</con:entry>
      </con:returnProperties>
      <con:runMode>PARALLELL</con:runMode>
    </con:config>
  </con:testStep>
  <con:testStep type="assertionteststep" name="Assertion terminal create permission successfully created 3" id="0e991263-a110-4f03-bce8-accbdeecb173">
    <con:settings/>
    <con:config xsi:type="con:AssertionTestStep" xmlns:xsi="http://www.w3.org/2001/XMLSchema-instance">
      <con:entry>
        <con:id>b52743cb-15b8-4d81-9573-8119b905a450</con:id>
        <con:isGroup>false</con:isGroup>
        <con:sourceId>cf142e3d-3f6c-470a-a58c-306776560ab0</con:sourceId>
        <con:propertyName>http200</con:propertyName>
        <con:assertion type="Simple Equals" name="Equals" id="2cb45523-79ce-4010-be97-e55c1afeab0e">
          <con:configuration>
            <patternObjectId>8ccc5589-34fa-42a7-9b1f-a80f645359c9</patternObjectId>
            <patternProperty>res_code</patternProperty>
            <caseSensitive>true</caseSensitive>
          </con:configuration>
        </con:assertion>
      </con:entry>
    </con:config>
  </con:testStep>
  <con:testStep type="transfer" name="Property Transfer 28" id="e06d4dc4-3b22-4d1f-a817-85fa45114344">
    <con:settings/>
    <con:config xsi:type="con:PropertyTransfersStep" xmlns:xsi="http://www.w3.org/2001/XMLSchema-instance">
      <con:transfers setNullOnMissingSource="true" transferTextContent="true" failOnError="true" ignoreEmpty="false" transferToAll="false" entitize="false" transferChildNodes="false">
        <con:name>userIdORG2</con:name>
        <con:sourceType>res_userRoleId</con:sourceType>
        <con:sourceStep>Create initial data2</con:sourceStep>
        <con:targetType>req_userRoleId</con:targetType>
        <con:targetStep>Create terminal bi ORG2 2</con:targetStep>
        <con:upgraded>true</con:upgraded>
      </con:transfers>
      <con:transfers setNullOnMissingSource="true" transferTextContent="true" failOnError="true" ignoreEmpty="false" transferToAll="false" entitize="false" transferChildNodes="false">
        <con:name>soIdORG2</con:name>
        <con:sourceType>res_salesOrgId</con:sourceType>
        <con:sourceStep>Create initial data2</con:sourceStep>
        <con:targetType>req_salesOrgRoleId</con:targetType>
        <con:targetStep>Create terminal bi ORG2 2</con:targetStep>
        <con:upgraded>true</con:upgraded>
      </con:transfers>
      <con:transfers setNullOnMissingSource="true" transferTextContent="true" failOnError="true" ignoreEmpty="false" transferToAll="false" entitize="false" transferChildNodes="false">
        <con:name>userToken</con:name>
        <con:sourceType>userToken</con:sourceType>
        <con:sourceStep>Create initial data2</con:sourceStep>
        <con:targetType>AuthorizationUser</con:targetType>
        <con:targetStep>#Project#</con:targetStep>
        <con:upgraded>true</con:upgraded>
      </con:transfers>
    </con:config>
  </con:testStep>
  <con:testStep type="calltestcase" name="Create terminal bi ORG2 2" id="25a68138-3e45-43d5-b621-70d5d55bf813">
    <con:settings/>
    <con:config xsi:type="con:RunTestCaseStep" xmlns:xsi="http://www.w3.org/2001/XMLSchema-instance">
      <con:targetTestCase>dd134965-c927-42c2-b77c-aa9898d86735</con:targetTestCase>
      <con:properties>
        <con:property>
          <con:name>res_biId</con:name>
          <con:value>2271</con:value>
        </con:property>
        <con:property>
          <con:name>req_userRoleId</con:name>
          <con:value>62</con:value>
        </con:property>
        <con:property>
          <con:name>req_salesOrgRoleId</con:name>
          <con:value>60</con:value>
        </con:property>
      </con:properties>
      <con:returnProperties>
        <con:entry>res_biId</con:entry>
      </con:returnProperties>
      <con:runMode>PARALLELL</con:runMode>
    </con:config>
  </con:testStep>
  <con:testStep type="transfer" name="Property Transfer org2TerminalId 2" id="035b6dac-babf-4214-91f4-ae03f7a8c4e1">
    <con:settings/>
    <con:config xsi:type="con:PropertyTransfersStep" xmlns:xsi="http://www.w3.org/2001/XMLSchema-instance">
      <con:transfers setNullOnMissingSource="true" transferTextContent="true" failOnError="true" ignoreEmpty="false" transferToAll="false" entitize="false" transferChildNodes="false">
        <con:name>org2TerminalId</con:name>
        <con:sourceType>res_biId</con:sourceType>
        <con:sourceStep>Create terminal bi ORG2 2</con:sourceStep>
        <con:sourcePath/>
        <con:targetType>org2TerminalId</con:targetType>
        <con:targetStep>Properties</con:targetStep>
        <con:targetPath/>
        <con:upgraded>true</con:upgraded>
      </con:transfers>
    </con:config>
  </con:testStep>
  <con:testStep type="assertionteststep" name="Assertion terminal successfully created 3" id="42c11170-4f70-4ffe-8007-e65c5c890aa5">
    <con:settings/>
    <con:config xsi:type="con:AssertionTestStep" xmlns:xsi="http://www.w3.org/2001/XMLSchema-instance">
      <con:entry>
        <con:id>afeea769-2f80-4bc9-9ead-7126a8a9d02c</con:id>
        <con:isGroup>false</con:isGroup>
        <con:sourceId>25a68138-3e45-43d5-b621-70d5d55bf813</con:sourceId>
        <con:propertyName>res_biId</con:propertyName>
        <con:assertion type="Simple Contains" name="Contains 2" id="8823ca69-3ed4-4c40-a1f1-59c22bb315b1">
          <con:configuration>
            <token>\d+</token>
            <ignoreCase>false</ignoreCase>
            <useRegEx>true</useRegEx>
          </con:configuration>
        </con:assertion>
      </con:entry>
    </con:config>
  </con:testStep>
  <con:testStep type="transfer" name="Property Transfer for adding item to terminal" id="52ed7295-4b29-43b9-a860-e76bb4c57b50">
    <con:settings/>
    <con:config xsi:type="con:PropertyTransfersStep" xmlns:xsi="http://www.w3.org/2001/XMLSchema-instance">
      <con:transfers setNullOnMissingSource="true" transferTextContent="true" failOnError="true" ignoreEmpty="false" transferToAll="false" entitize="false" transferChildNodes="false">
        <con:name>invExtId</con:name>
        <con:sourceType>random_inventoryExtId</con:sourceType>
        <con:sourceStep>Properties</con:sourceStep>
        <con:sourcePath/>
        <con:targetType>req_externalId</con:targetType>
        <con:targetStep>Add item to create terminal bi 2</con:targetStep>
        <con:targetPath/>
        <con:upgraded>true</con:upgraded>
      </con:transfers>
      <con:transfers setNullOnMissingSource="true" transferTextContent="true" failOnError="true" ignoreEmpty="false" transferToAll="false" entitize="false" transferChildNodes="false">
        <con:name>biId</con:name>
        <con:sourceType>org2TerminalId</con:sourceType>
        <con:sourceStep>Properties</con:sourceStep>
        <con:targetType>req_biId</con:targetType>
        <con:targetStep>Add item to create terminal bi 2</con:targetStep>
        <con:upgraded>true</con:upgraded>
      </con:transfers>
      <con:transfers setNullOnMissingSource="true" transferTextContent="true" failOnError="true" ignoreEmpty="false" transferToAll="false" entitize="false" transferChildNodes="false">
        <con:name>soId</con:name>
        <con:sourceType>res_salesOrgId</con:sourceType>
        <con:sourceStep>Create initial data2</con:sourceStep>
        <con:targetType>req_salesOrgId</con:targetType>
        <con:targetStep>Add item to create terminal bi 2</con:targetStep>
        <con:upgraded>true</con:upgraded>
      </con:transfers>
    </con:config>
  </con:testStep>
  <con:testStep type="calltestcase" name="Add item to create terminal bi 2" id="990d2218-48a7-443d-bb90-6714ddcf4774">
    <con:settings/>
    <con:config xsi:type="con:RunTestCaseStep" xmlns:xsi="http://www.w3.org/2001/XMLSchema-instance">
      <con:targetTestCase>c2cf8d8e-d749-4306-b31a-9517cd1e26d6</con:targetTestCase>
      <con:properties>
        <con:property>
          <con:name>req_biId</con:name>
          <con:value>2271</con:value>
        </con:property>
        <con:property>
          <con:name>req_externalId</con:name>
          <con:value>ext-${=java.util.UUID.randomUUID()}</con:value>
        </con:property>
        <con:property>
          <con:name>res_biId</con:name>
          <con:value>2271</con:value>
        </con:property>
        <con:property>
          <con:name>res_biItemId</con:name>
          <con:value xsi:nil="true"/>
        </con:property>
        <con:property>
          <con:name>req_salesOrgId</con:name>
          <con:value>60</con:value>
        </con:property>
        <con:property>
          <con:name>res_errorMessage</con:name>
          <con:value>No Permitted Action [TRM.Update]</con:value>
        </con:property>
      </con:properties>
      <con:returnProperties>
        <con:entry>res_biId</con:entry>
        <con:entry>res_biItemId</con:entry>
        <con:entry>res_errorMessage</con:entry>
      </con:returnProperties>
      <con:runMode>PARALLELL</con:runMode>
    </con:config>
  </con:testStep>
  <con:testStep type="assertionteststep" name="Assertion terminal add item is failure" id="57f40a5b-9045-4b13-bf28-1871d424a9f5">
    <con:settings/>
    <con:config xsi:type="con:AssertionTestStep" xmlns:xsi="http://www.w3.org/2001/XMLSchema-instance">
      <con:entry>
        <con:id>0b5d28bd-8e25-4eb6-97a1-614f56bd802c</con:id>
        <con:isGroup>false</con:isGroup>
        <con:sourceId>990d2218-48a7-443d-bb90-6714ddcf4774</con:sourceId>
        <con:propertyName>res_biItemId</con:propertyName>
        <con:assertion type="Simple Contains" name="Contains" id="1c778b7f-3eee-410d-aeb7-c6d808ff2f8a">
          <con:configuration>
            <token>^\s*$</token>
            <ignoreCase>false</ignoreCase>
            <useRegEx>true</useRegEx>
          </con:configuration>
        </con:assertion>
      </con:entry>
    </con:config>
  </con:testStep>
  <con:testStep type="transfer" name="Property Transfer 29" id="a4c9ab88-f681-4383-934c-52514846ab98">
    <con:settings/>
    <con:config xsi:type="con:PropertyTransfersStep" xmlns:xsi="http://www.w3.org/2001/XMLSchema-instance">
      <con:transfers setNullOnMissingSource="true" transferTextContent="true" failOnError="true" ignoreEmpty="false" transferToAll="false" entitize="false" transferChildNodes="false">
        <con:name>userId</con:name>
        <con:sourceType>res_userRoleId</con:sourceType>
        <con:sourceStep>Create initial data</con:sourceStep>
        <con:sourcePath/>
        <con:targetType>req_UserId</con:targetType>
        <con:targetStep>Authorize update item to terminal 2</con:targetStep>
        <con:targetPath/>
        <con:upgraded>true</con:upgraded>
      </con:transfers>
      <con:transfers setNullOnMissingSource="true" transferTextContent="true" failOnError="true" ignoreEmpty="false" transferToAll="false" entitize="false" transferChildNodes="false">
        <con:name>soId</con:name>
        <con:sourceType>res_salesOrgId</con:sourceType>
        <con:sourceStep>Create initial data</con:sourceStep>
        <con:targetType>req_SoId</con:targetType>
        <con:targetStep>Authorize update item to terminal 2</con:targetStep>
        <con:upgraded>true</con:upgraded>
      </con:transfers>
      <con:transfers setNullOnMissingSource="true" transferTextContent="true" failOnError="true" ignoreEmpty="false" transferToAll="false" entitize="false" transferChildNodes="false">
        <con:name>domain</con:name>
        <con:sourceType>domain_terminal</con:sourceType>
        <con:sourceStep>Properties</con:sourceStep>
        <con:targetType>req_Domain</con:targetType>
        <con:targetStep>Authorize update item to terminal 2</con:targetStep>
        <con:upgraded>true</con:upgraded>
      </con:transfers>
      <con:transfers setNullOnMissingSource="true" transferTextContent="true" failOnError="true" ignoreEmpty="false" transferToAll="false" entitize="false" transferChildNodes="false">
        <con:name>action</con:name>
        <con:sourceType>action_UpdateTerminal</con:sourceType>
        <con:sourceStep>Properties</con:sourceStep>
        <con:targetType>req_Action</con:targetType>
        <con:targetStep>Authorize update item to terminal 2</con:targetStep>
        <con:upgraded>true</con:upgraded>
      </con:transfers>
      <con:transfers setNullOnMissingSource="true" transferTextContent="true" failOnError="true" ignoreEmpty="false" transferToAll="false" entitize="false" transferChildNodes="false">
        <con:name>scope</con:name>
        <con:sourceType>scope_Null</con:sourceType>
        <con:sourceStep>Properties</con:sourceStep>
        <con:targetType>req_Scope</con:targetType>
        <con:targetStep>Authorize update item to terminal 2</con:targetStep>
        <con:upgraded>true</con:upgraded>
      </con:transfers>
      <con:transfers setNullOnMissingSource="true" transferTextContent="true" failOnError="true" ignoreEmpty="false" transferToAll="false" entitize="false" transferChildNodes="false">
        <con:name>profile</con:name>
        <con:sourceType>profile_CSR</con:sourceType>
        <con:sourceStep>Properties</con:sourceStep>
        <con:targetType>req_Profile</con:targetType>
        <con:targetStep>Authorize update item to terminal 2</con:targetStep>
        <con:upgraded>true</con:upgraded>
      </con:transfers>
      <con:transfers setNullOnMissingSource="true" transferTextContent="true" failOnError="true" ignoreEmpty="false" transferToAll="false" entitize="false" transferChildNodes="false">
        <con:name>condition</con:name>
        <con:sourceType>condition_Null</con:sourceType>
        <con:sourceStep>Properties</con:sourceStep>
        <con:targetType>req_Condition</con:targetType>
        <con:targetStep>Authorize update item to terminal 2</con:targetStep>
        <con:upgraded>true</con:upgraded>
      </con:transfers>
      <con:transfers setNullOnMissingSource="true" transferTextContent="true" failOnError="true" ignoreEmpty="false" transferToAll="false" entitize="true" transferChildNodes="false">
        <con:name>userId Delete</con:name>
        <con:sourceType>res_userRoleId</con:sourceType>
        <con:sourceStep>Create initial data</con:sourceStep>
        <con:targetType>req_userId</con:targetType>
        <con:targetStep>Delete update permission 2</con:targetStep>
        <con:upgraded>true</con:upgraded>
      </con:transfers>
      <con:transfers setNullOnMissingSource="true" transferTextContent="true" failOnError="true" ignoreEmpty="false" transferToAll="false" entitize="false" transferChildNodes="false">
        <con:name>soId delete</con:name>
        <con:sourceType>res_salesOrgId</con:sourceType>
        <con:sourceStep>Create initial data</con:sourceStep>
        <con:targetType>req_soId</con:targetType>
        <con:targetStep>Delete update permission 2</con:targetStep>
        <con:upgraded>true</con:upgraded>
      </con:transfers>
      <con:transfers setNullOnMissingSource="true" transferTextContent="true" failOnError="true" ignoreEmpty="false" transferToAll="false" entitize="false" transferChildNodes="false">
        <con:name>action delete</con:name>
        <con:sourceType>action_UpdateTerminal</con:sourceType>
        <con:sourceStep>Properties</con:sourceStep>
        <con:targetType>req_action</con:targetType>
        <con:targetStep>Delete update permission 2</con:targetStep>
        <con:upgraded>true</con:upgraded>
      </con:transfers>
      <con:transfers setNullOnMissingSource="true" transferTextContent="true" failOnError="true" ignoreEmpty="false" transferToAll="false" entitize="false" transferChildNodes="false">
        <con:name>userIntTOken</con:name>
        <con:sourceType>userIntToken</con:sourceType>
        <con:sourceStep>Create initial data</con:sourceStep>
        <con:targetType>AuthorizationIntUser</con:targetType>
        <con:targetStep>#Project#</con:targetStep>
        <con:upgraded>true</con:upgraded>
      </con:transfers>
      <con:transfers setNullOnMissingSource="true" transferTextContent="true" failOnError="true" ignoreEmpty="false" transferToAll="false" entitize="false" transferChildNodes="false">
        <con:name>createdForSalesOrg</con:name>
        <con:sourceType>DefaultSalesOrganizationRoleId</con:sourceType>
        <con:sourceStep>#Project#</con:sourceStep>
        <con:targetType>req_createdForSalesOrg</con:targetType>
        <con:targetStep>Authorize update item to terminal 2</con:targetStep>
        <con:upgraded>true</con:upgraded>
      </con:transfers>
    </con:config>
  </con:testStep>
  <con:testStep type="calltestcase" name="Authorize update item to terminal 2" id="8b43232a-b211-4b4c-aa83-68c3611a99f8">
    <con:settings/>
    <con:config xsi:type="con:RunTestCaseStep" xmlns:xsi="http://www.w3.org/2001/XMLSchema-instance">
      <con:targetTestCase>7598e6a9-915e-450f-9530-8976eb29de47</con:targetTestCase>
      <con:properties>
        <con:property>
          <con:name>req_UserId</con:name>
          <con:value>57</con:value>
        </con:property>
        <con:property>
          <con:name>req_SoId</con:name>
          <con:value>55</con:value>
        </con:property>
        <con:property>
          <con:name>req_Domain</con:name>
          <con:value>TRM</con:value>
        </con:property>
        <con:property>
          <con:name>req_Action</con:name>
          <con:value>TRM.Update</con:value>
        </con:property>
        <con:property>
          <con:name>req_Scope</con:name>
          <con:value>PermitAllScope</con:value>
        </con:property>
        <con:property>
          <con:name>req_Profile</con:name>
          <con:value>CSR</con:value>
        </con:property>
        <con:property>
          <con:name>req_Condition</con:name>
          <con:value>NullCondition</con:value>
        </con:property>
        <con:property>
          <con:name>res_code</con:name>
          <con:value>200</con:value>
        </con:property>
        <con:property>
          <con:name>res_errorMessageCreate</con:name>
          <con:value xsi:nil="true"/>
        </con:property>
        <con:property>
          <con:name>res_errorMessageAdd</con:name>
          <con:value xsi:nil="true"/>
        </con:property>
        <con:property>
          <con:name>res_errorMessageSubmit</con:name>
          <con:value xsi:nil="true"/>
        </con:property>
        <con:property>
          <con:name>response</con:name>
          <con:value>{"businessInteractionType":34,"code":"PP-2281","description":"Profile Permission at [name-ext-7ec0b598-48cb-4af6-9d50-f17c84983d93] by [John Smith]","mainState":0,"state":5,"createdDate":"2018-03-07T07:26:16+0000","businessInteractionSpec":{"id":75,"journaled":false,"name":"Profile Permission bi spec","specificationType":0,"allowSubmitBIWithoutItem":false,"requiresSession":false,"code":"PROFILE_PERMISSION","requiresActiveSO":false,"biOperationAllowedWhenSOSuspended":false,"reserveAllNonSerializedSpec":false,"allowStockLevelNegative":false,"dynamicMap":{},"type":"com.ericsson.bss.rm.erms.core.entity.dto.bi.BusinessInteractionSpecDTO"},"createdByUserId":"57","createdBySalesOrganizationId":"55","createdForSalesOrganizationRoleId":"1","preventUpdateFromOtherSystem":false,"items":[],"isLocked":false,"businessInteractionRoleId1":98,"businessInteractionRoleId2":95,"businessInteractionRoleId3":95,"id":2281,"href":"/v1/profilePermission/2281","dynamicMap":{},"type":"com.ericsson.bss.rm.erms.core.entity.dto.bi.profilepermission.ProfilePermissionBIResponseDTO"}</con:value>
        </con:property>
        <con:property>
          <con:name>req_createdForSalesOrg</con:name>
          <con:value>1</con:value>
        </con:property>
      </con:properties>
      <con:returnProperties>
        <con:entry>res_code</con:entry>
        <con:entry>res_errorMessageCreate</con:entry>
        <con:entry>res_errorMessageAdd</con:entry>
        <con:entry>res_errorMessageSubmit</con:entry>
        <con:entry>response</con:entry>
      </con:returnProperties>
      <con:runMode>PARALLELL</con:runMode>
    </con:config>
  </con:testStep>
  <con:testStep type="assertionteststep" name="Assertion terminal update permission is created 2" id="31656c40-3f98-44f9-b2b1-44b82b2bcce1">
    <con:settings/>
    <con:config xsi:type="con:AssertionTestStep" xmlns:xsi="http://www.w3.org/2001/XMLSchema-instance">
      <con:entry>
        <con:id>8d6d338d-60ab-4939-a5e5-6e6a6ebd589b</con:id>
        <con:isGroup>false</con:isGroup>
        <con:sourceId>cf142e3d-3f6c-470a-a58c-306776560ab0</con:sourceId>
        <con:propertyName>http200</con:propertyName>
        <con:assertion type="Simple Equals" name="Equals" id="0467ed67-51d4-47e8-957d-3b5809a211c5">
          <con:configuration>
            <patternObjectId>8b43232a-b211-4b4c-aa83-68c3611a99f8</patternObjectId>
            <patternProperty>res_code</patternProperty>
            <caseSensitive>true</caseSensitive>
          </con:configuration>
        </con:assertion>
      </con:entry>
    </con:config>
  </con:testStep>
  <con:testStep type="transfer" name="Property Transfer for adding item to terminal w/ update permission" id="c97965b9-5f6a-4baf-b2fa-f03f423efc94">
    <con:settings/>
    <con:config xsi:type="con:PropertyTransfersStep" xmlns:xsi="http://www.w3.org/2001/XMLSchema-instance">
      <con:transfers setNullOnMissingSource="true" transferTextContent="true" failOnError="true" ignoreEmpty="false" transferToAll="false" entitize="false" transferChildNodes="false">
        <con:name>invExtId</con:name>
        <con:sourceType>random_inventoryExtId</con:sourceType>
        <con:sourceStep>Properties</con:sourceStep>
        <con:sourcePath/>
        <con:targetType>req_externalId</con:targetType>
        <con:targetStep>Add item to create terminal bi 2 w/ update permission</con:targetStep>
        <con:targetPath/>
        <con:upgraded>true</con:upgraded>
      </con:transfers>
      <con:transfers setNullOnMissingSource="true" transferTextContent="true" failOnError="true" ignoreEmpty="false" transferToAll="false" entitize="false" transferChildNodes="false">
        <con:name>biId</con:name>
        <con:sourceType>org2TerminalId</con:sourceType>
        <con:sourceStep>Properties</con:sourceStep>
        <con:targetType>req_biId</con:targetType>
        <con:targetStep>Add item to create terminal bi 2 w/ update permission</con:targetStep>
        <con:upgraded>true</con:upgraded>
      </con:transfers>
      <con:transfers setNullOnMissingSource="true" transferTextContent="true" failOnError="true" ignoreEmpty="false" transferToAll="false" entitize="false" transferChildNodes="false">
        <con:name>soId</con:name>
        <con:sourceType>res_salesOrgId</con:sourceType>
        <con:sourceStep>Create initial data2</con:sourceStep>
        <con:targetType>req_salesOrgId</con:targetType>
        <con:targetStep>Add item to create terminal bi 2 w/ update permission</con:targetStep>
        <con:upgraded>true</con:upgraded>
      </con:transfers>
    </con:config>
  </con:testStep>
  <con:testStep type="calltestcase" name="Add item to create terminal bi 2 w/ update permission" id="e41bb7bd-52c1-4a08-8975-73ebe26dfc69" disabled="true">
    <con:settings/>
    <con:config xsi:type="con:RunTestCaseStep" xmlns:xsi="http://www.w3.org/2001/XMLSchema-instance">
      <con:targetTestCase>c2cf8d8e-d749-4306-b31a-9517cd1e26d6</con:targetTestCase>
      <con:properties>
        <con:property>
          <con:name>req_biId</con:name>
          <con:value>2271</con:value>
        </con:property>
        <con:property>
          <con:name>req_externalId</con:name>
          <con:value>ext-${=java.util.UUID.randomUUID()}</con:value>
        </con:property>
        <con:property>
          <con:name>res_biId</con:name>
          <con:value>1491</con:value>
        </con:property>
        <con:property>
          <con:name>res_biItemId</con:name>
          <con:value>183</con:value>
        </con:property>
        <con:property>
          <con:name>req_salesOrgId</con:name>
          <con:value>60</con:value>
        </con:property>
        <con:property>
          <con:name>res_errorMessage</con:name>
          <con:value xsi:nil="true"/>
        </con:property>
      </con:properties>
      <con:returnProperties>
        <con:entry>res_biId</con:entry>
        <con:entry>res_biItemId</con:entry>
        <con:entry>res_errorMessage</con:entry>
      </con:returnProperties>
      <con:runMode>PARALLELL</con:runMode>
    </con:config>
  </con:testStep>
  <con:testStep type="assertionteststep" name="Assertion terminal add item is failure w/ update permission" id="c01ae3b2-ea0c-4b9d-91f6-e80c5cb05746" disabled="true">
    <con:settings/>
    <con:config xsi:type="con:AssertionTestStep" xmlns:xsi="http://www.w3.org/2001/XMLSchema-instance">
      <con:entry>
        <con:id>c645fcce-4e7b-4627-8b3b-85e42f58b427</con:id>
        <con:isGroup>false</con:isGroup>
        <con:sourceId>e41bb7bd-52c1-4a08-8975-73ebe26dfc69</con:sourceId>
        <con:propertyName>res_biItemId</con:propertyName>
        <con:assertion type="Simple Contains" name="Contains" id="6434cb97-c3aa-45df-bd2d-a8495285eaac">
          <con:configuration>
            <token>^\s*$</token>
            <ignoreCase>false</ignoreCase>
            <useRegEx>true</useRegEx>
          </con:configuration>
        </con:assertion>
      </con:entry>
    </con:config>
  </con:testStep>
  <con:testStep type="transfer" name="Property Transfer 36" id="c0f87199-fb77-4933-b509-ea675457f127">
    <con:settings/>
    <con:config xsi:type="con:PropertyTransfersStep" xmlns:xsi="http://www.w3.org/2001/XMLSchema-instance">
      <con:transfers setNullOnMissingSource="true" transferTextContent="true" failOnError="true" ignoreEmpty="false" transferToAll="false" entitize="false" transferChildNodes="false">
        <con:name>createdForSalesOrg</con:name>
        <con:sourceType>DefaultSalesOrganizationRoleId</con:sourceType>
        <con:sourceStep>#Project#</con:sourceStep>
        <con:sourcePath/>
        <con:targetType>req_createdForSalesOrg</con:targetType>
        <con:targetStep>Delete update permission 2</con:targetStep>
        <con:targetPath/>
        <con:upgraded>true</con:upgraded>
      </con:transfers>
    </con:config>
  </con:testStep>
  <con:testStep type="calltestcase" name="Delete update permission 2" id="2db37558-b2bb-460d-882e-87899bcbc755">
    <con:settings/>
    <con:config xsi:type="con:RunTestCaseStep" xmlns:xsi="http://www.w3.org/2001/XMLSchema-instance">
      <con:targetTestCase>ef1ecdf4-8483-46d8-a3c9-87064bd44ad2</con:targetTestCase>
      <con:properties>
        <con:property>
          <con:name>req_userId</con:name>
          <con:value>57</con:value>
        </con:property>
        <con:property>
          <con:name>req_soId</con:name>
          <con:value>55</con:value>
        </con:property>
        <con:property>
          <con:name>res_code</con:name>
          <con:value>200</con:value>
        </con:property>
        <con:property>
          <con:name>res_errorMessage</con:name>
          <con:value xsi:nil="true"/>
        </con:property>
        <con:property>
          <con:name>req_action</con:name>
          <con:value>TRM.Update</con:value>
        </con:property>
        <con:property>
          <con:name>req_createdForSalesOrg</con:name>
          <con:value>1</con:value>
        </con:property>
      </con:properties>
      <con:returnProperties>
        <con:entry>res_code</con:entry>
        <con:entry>res_errorMessage</con:entry>
      </con:returnProperties>
      <con:runMode>PARALLELL</con:runMode>
    </con:config>
  </con:testStep>
  <con:testStep type="transfer" name="Property Transfer to get terminal perm" id="9668c80f-4f51-44be-a2cb-cbd583e5751e">
    <con:settings/>
    <con:config xsi:type="con:PropertyTransfersStep" xmlns:xsi="http://www.w3.org/2001/XMLSchema-instance">
      <con:transfers setNullOnMissingSource="false" transferTextContent="true" failOnError="true" ignoreEmpty="false" transferToAll="false" entitize="false" transferChildNodes="false">
        <con:name>userId</con:name>
        <con:sourceType>res_userRoleId</con:sourceType>
        <con:sourceStep>Create initial data</con:sourceStep>
        <con:sourcePath/>
        <con:targetType>req_UserId</con:targetType>
        <con:targetStep>Authorize get item to terminal 2</con:targetStep>
        <con:targetPath/>
        <con:upgraded>true</con:upgraded>
      </con:transfers>
      <con:transfers setNullOnMissingSource="true" transferTextContent="true" failOnError="true" ignoreEmpty="false" transferToAll="false" entitize="false" transferChildNodes="false">
        <con:name>soId</con:name>
        <con:sourceType>res_salesOrgId</con:sourceType>
        <con:sourceStep>Create initial data</con:sourceStep>
        <con:targetType>req_SoId</con:targetType>
        <con:targetStep>Authorize get item to terminal 2</con:targetStep>
        <con:upgraded>true</con:upgraded>
      </con:transfers>
      <con:transfers setNullOnMissingSource="true" transferTextContent="true" failOnError="true" ignoreEmpty="false" transferToAll="false" entitize="false" transferChildNodes="false">
        <con:name>domain</con:name>
        <con:sourceType>domain_terminal</con:sourceType>
        <con:sourceStep>Properties</con:sourceStep>
        <con:targetType>req_Domain</con:targetType>
        <con:targetStep>Authorize get item to terminal 2</con:targetStep>
        <con:upgraded>true</con:upgraded>
      </con:transfers>
      <con:transfers setNullOnMissingSource="true" transferTextContent="true" failOnError="true" ignoreEmpty="false" transferToAll="false" entitize="false" transferChildNodes="false">
        <con:name>action</con:name>
        <con:sourceType>action_GetTerminal</con:sourceType>
        <con:sourceStep>Properties</con:sourceStep>
        <con:targetType>req_Action</con:targetType>
        <con:targetStep>Authorize get item to terminal 2</con:targetStep>
        <con:upgraded>true</con:upgraded>
      </con:transfers>
      <con:transfers setNullOnMissingSource="true" transferTextContent="true" failOnError="true" ignoreEmpty="false" transferToAll="false" entitize="false" transferChildNodes="false">
        <con:name>scope</con:name>
        <con:sourceType>scope_Null</con:sourceType>
        <con:sourceStep>Properties</con:sourceStep>
        <con:targetType>req_Scope</con:targetType>
        <con:targetStep>Authorize get item to terminal 2</con:targetStep>
        <con:upgraded>true</con:upgraded>
      </con:transfers>
      <con:transfers setNullOnMissingSource="true" transferTextContent="true" failOnError="true" ignoreEmpty="false" transferToAll="false" entitize="false" transferChildNodes="false">
        <con:name>profile</con:name>
        <con:sourceType>profile_CSR</con:sourceType>
        <con:sourceStep>Properties</con:sourceStep>
        <con:targetType>req_Profile</con:targetType>
        <con:targetStep>Authorize get item to terminal 2</con:targetStep>
        <con:upgraded>true</con:upgraded>
      </con:transfers>
      <con:transfers setNullOnMissingSource="true" transferTextContent="true" failOnError="true" ignoreEmpty="false" transferToAll="false" entitize="false" transferChildNodes="false">
        <con:name>condition</con:name>
        <con:sourceType>condition_Null</con:sourceType>
        <con:sourceStep>Properties</con:sourceStep>
        <con:targetType>req_Condition</con:targetType>
        <con:targetStep>Authorize get item to terminal 2</con:targetStep>
        <con:upgraded>true</con:upgraded>
      </con:transfers>
      <con:transfers setNullOnMissingSource="true" transferTextContent="true" failOnError="true" ignoreEmpty="false" transferToAll="false" entitize="false" transferChildNodes="false">
        <con:name>userId delete</con:name>
        <con:sourceType>res_userRoleId</con:sourceType>
        <con:sourceStep>Create initial data</con:sourceStep>
        <con:targetType>req_userId</con:targetType>
        <con:targetStep>Delete get permission</con:targetStep>
        <con:upgraded>true</con:upgraded>
      </con:transfers>
      <con:transfers setNullOnMissingSource="false" transferTextContent="true" failOnError="true" ignoreEmpty="false" transferToAll="false" entitize="false" transferChildNodes="false">
        <con:name>soId delete</con:name>
        <con:sourceType>res_salesOrgId</con:sourceType>
        <con:sourceStep>Create initial data</con:sourceStep>
        <con:targetType>req_soId</con:targetType>
        <con:targetStep>Delete get permission</con:targetStep>
        <con:upgraded>true</con:upgraded>
      </con:transfers>
      <con:transfers setNullOnMissingSource="true" transferTextContent="true" failOnError="false" ignoreEmpty="false" transferToAll="false" entitize="false" transferChildNodes="false">
        <con:name>action delete</con:name>
        <con:sourceType>action_GetTerminal</con:sourceType>
        <con:sourceStep>Properties</con:sourceStep>
        <con:targetType>req_action</con:targetType>
        <con:targetStep>Delete get permission</con:targetStep>
        <con:upgraded>true</con:upgraded>
      </con:transfers>
      <con:transfers setNullOnMissingSource="true" transferTextContent="true" failOnError="true" ignoreEmpty="false" transferToAll="false" entitize="false" transferChildNodes="false">
        <con:name>createdForSalesOrg</con:name>
        <con:sourceType>DefaultSalesOrganizationRoleId</con:sourceType>
        <con:sourceStep>#Project#</con:sourceStep>
        <con:targetType>req_createdForSalesOrg</con:targetType>
        <con:targetStep>Authorize get item to terminal 2</con:targetStep>
        <con:upgraded>true</con:upgraded>
      </con:transfers>
    </con:config>
  </con:testStep>
  <con:testStep type="calltestcase" name="Authorize get item to terminal 2" id="f9afe242-d5d2-4c33-89be-d3dd8d0b0ca5">
    <con:settings/>
    <con:config xsi:type="con:RunTestCaseStep" xmlns:xsi="http://www.w3.org/2001/XMLSchema-instance">
      <con:targetTestCase>7598e6a9-915e-450f-9530-8976eb29de47</con:targetTestCase>
      <con:properties>
        <con:property>
          <con:name>req_UserId</con:name>
          <con:value>57</con:value>
        </con:property>
        <con:property>
          <con:name>req_SoId</con:name>
          <con:value>55</con:value>
        </con:property>
        <con:property>
          <con:name>req_Domain</con:name>
          <con:value>TRM</con:value>
        </con:property>
        <con:property>
          <con:name>req_Action</con:name>
          <con:value>TRM.Get</con:value>
        </con:property>
        <con:property>
          <con:name>req_Scope</con:name>
          <con:value>PermitAllScope</con:value>
        </con:property>
        <con:property>
          <con:name>req_Profile</con:name>
          <con:value>CSR</con:value>
        </con:property>
        <con:property>
          <con:name>req_Condition</con:name>
          <con:value>NullCondition</con:value>
        </con:property>
        <con:property>
          <con:name>res_code</con:name>
          <con:value>200</con:value>
        </con:property>
        <con:property>
          <con:name>res_errorMessageCreate</con:name>
          <con:value xsi:nil="true"/>
        </con:property>
        <con:property>
          <con:name>res_errorMessageAdd</con:name>
          <con:value xsi:nil="true"/>
        </con:property>
        <con:property>
          <con:name>res_errorMessageSubmit</con:name>
          <con:value xsi:nil="true"/>
        </con:property>
        <con:property>
          <con:name>response</con:name>
          <con:value>{"businessInteractionType":34,"code":"PP-2301","description":"Profile Permission at [name-ext-7ec0b598-48cb-4af6-9d50-f17c84983d93] by [John Smith]","mainState":0,"state":5,"createdDate":"2018-03-07T07:26:17+0000","businessInteractionSpec":{"id":75,"journaled":false,"name":"Profile Permission bi spec","specificationType":0,"allowSubmitBIWithoutItem":false,"requiresSession":false,"code":"PROFILE_PERMISSION","requiresActiveSO":false,"biOperationAllowedWhenSOSuspended":false,"reserveAllNonSerializedSpec":false,"allowStockLevelNegative":false,"dynamicMap":{},"type":"com.ericsson.bss.rm.erms.core.entity.dto.bi.BusinessInteractionSpecDTO"},"createdByUserId":"57","createdBySalesOrganizationId":"55","createdForSalesOrganizationRoleId":"1","preventUpdateFromOtherSystem":false,"items":[],"isLocked":false,"businessInteractionRoleId1":98,"businessInteractionRoleId2":95,"businessInteractionRoleId3":95,"id":2301,"href":"/v1/profilePermission/2301","dynamicMap":{},"type":"com.ericsson.bss.rm.erms.core.entity.dto.bi.profilepermission.ProfilePermissionBIResponseDTO"}</con:value>
        </con:property>
        <con:property>
          <con:name>req_createdForSalesOrg</con:name>
          <con:value>1</con:value>
        </con:property>
      </con:properties>
      <con:returnProperties>
        <con:entry>res_code</con:entry>
        <con:entry>res_errorMessageCreate</con:entry>
        <con:entry>res_errorMessageAdd</con:entry>
        <con:entry>res_errorMessageSubmit</con:entry>
        <con:entry>response</con:entry>
      </con:returnProperties>
      <con:runMode>PARALLELL</con:runMode>
    </con:config>
  </con:testStep>
  <con:testStep type="assertionteststep" name="Assertion terminal get permission is created 2" id="13d04850-a23b-4e3c-baea-035a2442e6d2">
    <con:settings/>
    <con:config xsi:type="con:AssertionTestStep" xmlns:xsi="http://www.w3.org/2001/XMLSchema-instance">
      <con:entry>
        <con:id>a1963e6b-0a39-4719-82b3-fc08b923a4b1</con:id>
        <con:isGroup>false</con:isGroup>
        <con:sourceId>cf142e3d-3f6c-470a-a58c-306776560ab0</con:sourceId>
        <con:propertyName>http200</con:propertyName>
        <con:assertion type="Simple Equals" name="Equals" id="729374e5-c6d4-47b8-8ea3-7f2743442e77">
          <con:configuration>
            <patternObjectId>f9afe242-d5d2-4c33-89be-d3dd8d0b0ca5</patternObjectId>
            <patternProperty>res_code</patternProperty>
            <caseSensitive>true</caseSensitive>
          </con:configuration>
        </con:assertion>
      </con:entry>
    </con:config>
  </con:testStep>
  <con:testStep type="transfer" name="Property Transfer for adding item to terminal w/ get permission" id="8d0247b9-7b4c-40ac-a699-bafd9dd84ecd">
    <con:settings/>
    <con:config xsi:type="con:PropertyTransfersStep" xmlns:xsi="http://www.w3.org/2001/XMLSchema-instance">
      <con:transfers setNullOnMissingSource="true" transferTextContent="true" failOnError="true" ignoreEmpty="false" transferToAll="false" entitize="false" transferChildNodes="false">
        <con:name>invExtId</con:name>
        <con:sourceType>random_inventoryExtId</con:sourceType>
        <con:sourceStep>Properties</con:sourceStep>
        <con:sourcePath/>
        <con:targetType>req_externalId</con:targetType>
        <con:targetStep>Add item to create terminal bi 2 w/ get permission</con:targetStep>
        <con:targetPath/>
        <con:upgraded>true</con:upgraded>
      </con:transfers>
      <con:transfers setNullOnMissingSource="true" transferTextContent="true" failOnError="true" ignoreEmpty="false" transferToAll="false" entitize="false" transferChildNodes="false">
        <con:name>biId</con:name>
        <con:sourceType>org2TerminalId</con:sourceType>
        <con:sourceStep>Properties</con:sourceStep>
        <con:targetType>req_biId</con:targetType>
        <con:targetStep>Add item to create terminal bi 2 w/ get permission</con:targetStep>
        <con:upgraded>true</con:upgraded>
      </con:transfers>
      <con:transfers setNullOnMissingSource="true" transferTextContent="true" failOnError="true" ignoreEmpty="false" transferToAll="false" entitize="false" transferChildNodes="false">
        <con:name>soId</con:name>
        <con:sourceType>res_salesOrgId</con:sourceType>
        <con:sourceStep>Create initial data2</con:sourceStep>
        <con:targetType>req_salesOrgId</con:targetType>
        <con:targetStep>Add item to create terminal bi 2 w/ get permission</con:targetStep>
        <con:upgraded>true</con:upgraded>
      </con:transfers>
    </con:config>
  </con:testStep>
  <con:testStep type="calltestcase" name="Add item to create terminal bi 2 w/ get permission" id="78bd85b6-8228-4cd5-a1e3-a8f2747723e4">
    <con:settings/>
    <con:config xsi:type="con:RunTestCaseStep" xmlns:xsi="http://www.w3.org/2001/XMLSchema-instance">
      <con:targetTestCase>c2cf8d8e-d749-4306-b31a-9517cd1e26d6</con:targetTestCase>
      <con:properties>
        <con:property>
          <con:name>req_biId</con:name>
          <con:value>2271</con:value>
        </con:property>
        <con:property>
          <con:name>req_externalId</con:name>
          <con:value>ext-${=java.util.UUID.randomUUID()}</con:value>
        </con:property>
        <con:property>
          <con:name>res_biId</con:name>
          <con:value>2271</con:value>
        </con:property>
        <con:property>
          <con:name>res_biItemId</con:name>
          <con:value xsi:nil="true"/>
        </con:property>
        <con:property>
          <con:name>req_salesOrgId</con:name>
          <con:value>60</con:value>
        </con:property>
        <con:property>
          <con:name>res_errorMessage</con:name>
          <con:value>No Permitted Action [TRM.Update]</con:value>
        </con:property>
      </con:properties>
      <con:returnProperties>
        <con:entry>res_biId</con:entry>
        <con:entry>res_biItemId</con:entry>
        <con:entry>res_errorMessage</con:entry>
      </con:returnProperties>
      <con:runMode>PARALLELL</con:runMode>
    </con:config>
  </con:testStep>
  <con:testStep type="assertionteststep" name="Assertion terminal add item is failure w/ get permission" id="421409ac-d842-4a14-a267-620f1228df90">
    <con:settings/>
    <con:config xsi:type="con:AssertionTestStep" xmlns:xsi="http://www.w3.org/2001/XMLSchema-instance">
      <con:entry>
        <con:id>37d8a5b3-c1ef-4e14-9ec1-2dfaf50440c7</con:id>
        <con:isGroup>false</con:isGroup>
        <con:sourceId>78bd85b6-8228-4cd5-a1e3-a8f2747723e4</con:sourceId>
        <con:propertyName>res_biItemId</con:propertyName>
        <con:assertion type="Simple Contains" name="Contains" id="07278f3e-912f-439c-881c-ad14aa6d2c48">
          <con:configuration>
            <token>^\s*$</token>
            <ignoreCase>false</ignoreCase>
            <useRegEx>true</useRegEx>
          </con:configuration>
        </con:assertion>
      </con:entry>
    </con:config>
  </con:testStep>
  <con:testStep type="transfer" name="Property Transfer 29 2" id="3906396a-bd87-4aaf-978b-1605a32bc92b">
    <con:settings/>
    <con:config xsi:type="con:PropertyTransfersStep" xmlns:xsi="http://www.w3.org/2001/XMLSchema-instance">
      <con:transfers setNullOnMissingSource="true" transferTextContent="true" failOnError="true" ignoreEmpty="false" transferToAll="false" entitize="false" transferChildNodes="false">
        <con:name>userId</con:name>
        <con:sourceType>res_userRoleId</con:sourceType>
        <con:sourceStep>Create initial data</con:sourceStep>
        <con:sourcePath/>
        <con:targetType>req_UserId</con:targetType>
        <con:targetStep>Authorize update item to terminal 2 2</con:targetStep>
        <con:targetPath/>
        <con:upgraded>true</con:upgraded>
      </con:transfers>
      <con:transfers setNullOnMissingSource="true" transferTextContent="true" failOnError="true" ignoreEmpty="false" transferToAll="false" entitize="false" transferChildNodes="false">
        <con:name>soId</con:name>
        <con:sourceType>res_salesOrgId</con:sourceType>
        <con:sourceStep>Create initial data</con:sourceStep>
        <con:targetType>req_SoId</con:targetType>
        <con:targetStep>Authorize update item to terminal 2 2</con:targetStep>
        <con:upgraded>true</con:upgraded>
      </con:transfers>
      <con:transfers setNullOnMissingSource="true" transferTextContent="true" failOnError="true" ignoreEmpty="false" transferToAll="false" entitize="false" transferChildNodes="false">
        <con:name>domain</con:name>
        <con:sourceType>domain_terminal</con:sourceType>
        <con:sourceStep>Properties</con:sourceStep>
        <con:targetType>req_Domain</con:targetType>
        <con:targetStep>Authorize update item to terminal 2 2</con:targetStep>
        <con:upgraded>true</con:upgraded>
      </con:transfers>
      <con:transfers setNullOnMissingSource="true" transferTextContent="true" failOnError="true" ignoreEmpty="false" transferToAll="false" entitize="false" transferChildNodes="false">
        <con:name>action</con:name>
        <con:sourceType>action_UpdateTerminal</con:sourceType>
        <con:sourceStep>Properties</con:sourceStep>
        <con:targetType>req_Action</con:targetType>
        <con:targetStep>Authorize update item to terminal 2 2</con:targetStep>
        <con:upgraded>true</con:upgraded>
      </con:transfers>
      <con:transfers setNullOnMissingSource="true" transferTextContent="true" failOnError="true" ignoreEmpty="false" transferToAll="false" entitize="false" transferChildNodes="false">
        <con:name>scope</con:name>
        <con:sourceType>scope_Null</con:sourceType>
        <con:sourceStep>Properties</con:sourceStep>
        <con:targetType>req_Scope</con:targetType>
        <con:targetStep>Authorize update item to terminal 2 2</con:targetStep>
        <con:upgraded>true</con:upgraded>
      </con:transfers>
      <con:transfers setNullOnMissingSource="true" transferTextContent="true" failOnError="true" ignoreEmpty="false" transferToAll="false" entitize="false" transferChildNodes="false">
        <con:name>profile</con:name>
        <con:sourceType>profile_CSR</con:sourceType>
        <con:sourceStep>Properties</con:sourceStep>
        <con:targetType>req_Profile</con:targetType>
        <con:targetStep>Authorize update item to terminal 2 2</con:targetStep>
        <con:upgraded>true</con:upgraded>
      </con:transfers>
      <con:transfers setNullOnMissingSource="true" transferTextContent="true" failOnError="true" ignoreEmpty="false" transferToAll="false" entitize="false" transferChildNodes="false">
        <con:name>condition</con:name>
        <con:sourceType>condition_Null</con:sourceType>
        <con:sourceStep>Properties</con:sourceStep>
        <con:targetType>req_Condition</con:targetType>
        <con:targetStep>Authorize update item to terminal 2 2</con:targetStep>
        <con:upgraded>true</con:upgraded>
      </con:transfers>
      <con:transfers setNullOnMissingSource="true" transferTextContent="true" failOnError="true" ignoreEmpty="false" transferToAll="false" entitize="false" transferChildNodes="false">
        <con:name>userId Delete</con:name>
        <con:sourceType>res_userRoleId</con:sourceType>
        <con:sourceStep>Create initial data</con:sourceStep>
        <con:targetType>req_userId</con:targetType>
        <con:targetStep>Delete update permission 2</con:targetStep>
        <con:upgraded>true</con:upgraded>
      </con:transfers>
      <con:transfers setNullOnMissingSource="true" transferTextContent="true" failOnError="true" ignoreEmpty="false" transferToAll="false" entitize="false" transferChildNodes="false">
        <con:name>soId delete</con:name>
        <con:sourceType>res_salesOrgId</con:sourceType>
        <con:sourceStep>Create initial data</con:sourceStep>
        <con:targetType>req_soId</con:targetType>
        <con:targetStep>Delete update permission 2</con:targetStep>
        <con:upgraded>true</con:upgraded>
      </con:transfers>
      <con:transfers setNullOnMissingSource="true" transferTextContent="true" failOnError="true" ignoreEmpty="false" transferToAll="false" entitize="false" transferChildNodes="false">
        <con:name>action delete</con:name>
        <con:sourceType>action_UpdateTerminal</con:sourceType>
        <con:sourceStep>Properties</con:sourceStep>
        <con:targetType>req_action</con:targetType>
        <con:targetStep>Delete update permission 2</con:targetStep>
        <con:upgraded>true</con:upgraded>
      </con:transfers>
      <con:transfers setNullOnMissingSource="true" transferTextContent="true" failOnError="true" ignoreEmpty="false" transferToAll="false" entitize="false" transferChildNodes="false">
        <con:name>createdForSalesOrg</con:name>
        <con:sourceType>DefaultSalesOrganizationRoleId</con:sourceType>
        <con:sourceStep>#Project#</con:sourceStep>
        <con:targetType>req_createdForSalesOrg</con:targetType>
        <con:targetStep>Authorize update item to terminal 2 2</con:targetStep>
        <con:upgraded>true</con:upgraded>
      </con:transfers>
    </con:config>
  </con:testStep>
  <con:testStep type="calltestcase" name="Authorize update item to terminal 2 2" id="34e701d7-fd85-4eb3-8fa3-40497d485112">
    <con:settings/>
    <con:config xsi:type="con:RunTestCaseStep" xmlns:xsi="http://www.w3.org/2001/XMLSchema-instance">
      <con:targetTestCase>7598e6a9-915e-450f-9530-8976eb29de47</con:targetTestCase>
      <con:properties>
        <con:property>
          <con:name>req_UserId</con:name>
          <con:value>57</con:value>
        </con:property>
        <con:property>
          <con:name>req_SoId</con:name>
          <con:value>55</con:value>
        </con:property>
        <con:property>
          <con:name>req_Domain</con:name>
          <con:value>TRM</con:value>
        </con:property>
        <con:property>
          <con:name>req_Action</con:name>
          <con:value>TRM.Update</con:value>
        </con:property>
        <con:property>
          <con:name>req_Scope</con:name>
          <con:value>PermitAllScope</con:value>
        </con:property>
        <con:property>
          <con:name>req_Profile</con:name>
          <con:value>CSR</con:value>
        </con:property>
        <con:property>
          <con:name>req_Condition</con:name>
          <con:value>NullCondition</con:value>
        </con:property>
        <con:property>
          <con:name>res_code</con:name>
          <con:value>200</con:value>
        </con:property>
        <con:property>
          <con:name>res_errorMessageCreate</con:name>
          <con:value xsi:nil="true"/>
        </con:property>
        <con:property>
          <con:name>res_errorMessageAdd</con:name>
          <con:value xsi:nil="true"/>
        </con:property>
        <con:property>
          <con:name>res_errorMessageSubmit</con:name>
          <con:value xsi:nil="true"/>
        </con:property>
        <con:property>
          <con:name>response</con:name>
          <con:value>{"businessInteractionType":34,"code":"PP-2311","description":"Profile Permission at [name-ext-7ec0b598-48cb-4af6-9d50-f17c84983d93] by [John Smith]","mainState":0,"state":5,"createdDate":"2018-03-07T07:26:17+0000","businessInteractionSpec":{"id":75,"journaled":false,"name":"Profile Permission bi spec","specificationType":0,"allowSubmitBIWithoutItem":false,"requiresSession":false,"code":"PROFILE_PERMISSION","requiresActiveSO":false,"biOperationAllowedWhenSOSuspended":false,"reserveAllNonSerializedSpec":false,"allowStockLevelNegative":false,"dynamicMap":{},"type":"com.ericsson.bss.rm.erms.core.entity.dto.bi.BusinessInteractionSpecDTO"},"createdByUserId":"57","createdBySalesOrganizationId":"55","createdForSalesOrganizationRoleId":"1","preventUpdateFromOtherSystem":false,"items":[],"isLocked":false,"businessInteractionRoleId1":98,"businessInteractionRoleId2":95,"businessInteractionRoleId3":95,"id":2311,"href":"/v1/profilePermission/2311","dynamicMap":{},"type":"com.ericsson.bss.rm.erms.core.entity.dto.bi.profilepermission.ProfilePermissionBIResponseDTO"}</con:value>
        </con:property>
        <con:property>
          <con:name>req_createdForSalesOrg</con:name>
          <con:value>1</con:value>
        </con:property>
      </con:properties>
      <con:returnProperties>
        <con:entry>res_code</con:entry>
        <con:entry>res_errorMessageCreate</con:entry>
        <con:entry>res_errorMessageAdd</con:entry>
        <con:entry>res_errorMessageSubmit</con:entry>
        <con:entry>response</con:entry>
      </con:returnProperties>
      <con:runMode>PARALLELL</con:runMode>
    </con:config>
  </con:testStep>
  <con:testStep type="assertionteststep" name="Assertion terminal update permission is created 2 2" id="5e1821f7-c690-4756-9731-3e6839a0a62e">
    <con:settings/>
    <con:config xsi:type="con:AssertionTestStep" xmlns:xsi="http://www.w3.org/2001/XMLSchema-instance">
      <con:entry>
        <con:id>ad8bf2c1-8c7d-4e5c-9cb3-bb2d54717c2f</con:id>
        <con:isGroup>false</con:isGroup>
        <con:sourceId>cf142e3d-3f6c-470a-a58c-306776560ab0</con:sourceId>
        <con:propertyName>http200</con:propertyName>
        <con:assertion type="Simple Equals" name="Equals" id="9fc57cdd-e686-4c0f-b19f-a8a33a7950f3">
          <con:configuration>
            <patternObjectId>34e701d7-fd85-4eb3-8fa3-40497d485112</patternObjectId>
            <patternProperty>res_code</patternProperty>
            <caseSensitive>true</caseSensitive>
          </con:configuration>
        </con:assertion>
      </con:entry>
    </con:config>
  </con:testStep>
  <con:testStep type="transfer" name="Property Transfer for adding item to terminal w/ update &amp; add permission" id="ca7526ab-4966-4b6a-87a6-30d0cd6f0d61">
    <con:settings/>
    <con:config xsi:type="con:PropertyTransfersStep" xmlns:xsi="http://www.w3.org/2001/XMLSchema-instance">
      <con:transfers setNullOnMissingSource="true" transferTextContent="true" failOnError="true" ignoreEmpty="false" transferToAll="false" entitize="false" transferChildNodes="false">
        <con:name>invExtId</con:name>
        <con:sourceType>random_inventoryExtId</con:sourceType>
        <con:sourceStep>Properties</con:sourceStep>
        <con:sourcePath/>
        <con:targetType>req_externalId</con:targetType>
        <con:targetStep>Add item to create terminal bi 2 w/ update &amp; add permission</con:targetStep>
        <con:targetPath/>
        <con:upgraded>true</con:upgraded>
      </con:transfers>
      <con:transfers setNullOnMissingSource="true" transferTextContent="true" failOnError="true" ignoreEmpty="false" transferToAll="false" entitize="false" transferChildNodes="false">
        <con:name>biId</con:name>
        <con:sourceType>org2TerminalId</con:sourceType>
        <con:sourceStep>Properties</con:sourceStep>
        <con:targetType>req_biId</con:targetType>
        <con:targetStep>Add item to create terminal bi 2 w/ update &amp; add permission</con:targetStep>
        <con:upgraded>true</con:upgraded>
      </con:transfers>
      <con:transfers setNullOnMissingSource="true" transferTextContent="true" failOnError="true" ignoreEmpty="false" transferToAll="false" entitize="false" transferChildNodes="false">
        <con:name>soId</con:name>
        <con:sourceType>res_salesOrgId</con:sourceType>
        <con:sourceStep>Create initial data2</con:sourceStep>
        <con:targetType>req_salesOrgId</con:targetType>
        <con:targetStep>Add item to create terminal bi 2 w/ update &amp; add permission</con:targetStep>
        <con:upgraded>true</con:upgraded>
      </con:transfers>
    </con:config>
  </con:testStep>
  <con:testStep type="calltestcase" name="Add item to create terminal bi 2 w/ update &amp; add permission" id="b45d5c23-4e28-4412-a99a-a88dde441096">
    <con:settings/>
    <con:config xsi:type="con:RunTestCaseStep" xmlns:xsi="http://www.w3.org/2001/XMLSchema-instance">
      <con:targetTestCase>c2cf8d8e-d749-4306-b31a-9517cd1e26d6</con:targetTestCase>
      <con:properties>
        <con:property>
          <con:name>req_biId</con:name>
          <con:value>2271</con:value>
        </con:property>
        <con:property>
          <con:name>req_externalId</con:name>
          <con:value>ext-${=java.util.UUID.randomUUID()}</con:value>
        </con:property>
        <con:property>
          <con:name>res_biId</con:name>
          <con:value>2271</con:value>
        </con:property>
        <con:property>
          <con:name>res_biItemId</con:name>
          <con:value>249</con:value>
        </con:property>
        <con:property>
          <con:name>req_salesOrgId</con:name>
          <con:value>60</con:value>
        </con:property>
        <con:property>
          <con:name>res_errorMessage</con:name>
          <con:value xsi:nil="true"/>
        </con:property>
      </con:properties>
      <con:returnProperties>
        <con:entry>res_biId</con:entry>
        <con:entry>res_biItemId</con:entry>
        <con:entry>res_errorMessage</con:entry>
      </con:returnProperties>
      <con:runMode>PARALLELL</con:runMode>
    </con:config>
  </con:testStep>
  <con:testStep type="assertionteststep" name="Assertion terminal add item is successful w/ update &amp; add permission" id="7b89305e-b9c2-4cbd-a4ff-de63bb3d3eea">
    <con:settings/>
    <con:config xsi:type="con:AssertionTestStep" xmlns:xsi="http://www.w3.org/2001/XMLSchema-instance">
      <con:entry>
        <con:id>246eb2d7-cbb6-4f78-a5f1-d2995b810363</con:id>
        <con:isGroup>false</con:isGroup>
        <con:sourceId>b45d5c23-4e28-4412-a99a-a88dde441096</con:sourceId>
        <con:propertyName>res_biItemId</con:propertyName>
        <con:assertion type="Simple Contains" name="Contains" id="ba1f6290-338f-41b7-bf71-c86c64633fa5">
          <con:configuration>
            <token>\d+</token>
            <ignoreCase>false</ignoreCase>
            <useRegEx>true</useRegEx>
          </con:configuration>
        </con:assertion>
      </con:entry>
    </con:config>
  </con:testStep>
  <con:testStep type="transfer" name="Property Transfer for delete operations" id="409d5145-7ac7-41a4-9376-c4f17d59fbfa">
    <con:settings/>
    <con:config xsi:type="con:PropertyTransfersStep" xmlns:xsi="http://www.w3.org/2001/XMLSchema-instance">
      <con:transfers setNullOnMissingSource="true" transferTextContent="true" failOnError="true" ignoreEmpty="false" transferToAll="false" entitize="false" transferChildNodes="false">
        <con:name>createdForSalesOrg1</con:name>
        <con:sourceType>DefaultSalesOrganizationRoleId</con:sourceType>
        <con:sourceStep>#Project#</con:sourceStep>
        <con:sourcePath/>
        <con:targetType>req_createdForSalesOrg</con:targetType>
        <con:targetStep>Delete get permission</con:targetStep>
        <con:targetPath/>
        <con:upgraded>true</con:upgraded>
      </con:transfers>
      <con:transfers setNullOnMissingSource="true" transferTextContent="true" failOnError="true" ignoreEmpty="false" transferToAll="false" entitize="false" transferChildNodes="false">
        <con:name>createdForSalesOrg2</con:name>
        <con:sourceType>DefaultSalesOrganizationRoleId</con:sourceType>
        <con:sourceStep>#Project#</con:sourceStep>
        <con:targetType>req_createdForSalesOrg</con:targetType>
        <con:targetStep>Delete update permission 2 2</con:targetStep>
        <con:upgraded>true</con:upgraded>
      </con:transfers>
      <con:transfers setNullOnMissingSource="true" transferTextContent="true" failOnError="true" ignoreEmpty="false" transferToAll="false" entitize="false" transferChildNodes="false">
        <con:name>createdForSalesOrg3</con:name>
        <con:sourceType>DefaultSalesOrganizationRoleId</con:sourceType>
        <con:sourceStep>#Project#</con:sourceStep>
        <con:targetType>req_createdForSalesOrg</con:targetType>
        <con:targetStep>Delete create permission 3</con:targetStep>
        <con:upgraded>true</con:upgraded>
      </con:transfers>
      <con:transfers setNullOnMissingSource="true" transferTextContent="true" failOnError="true" ignoreEmpty="false" transferToAll="false" entitize="false" transferChildNodes="false">
        <con:name>userRoleId1</con:name>
        <con:sourceType>res_userRoleId</con:sourceType>
        <con:sourceStep>Create initial data</con:sourceStep>
        <con:targetType>req_userId</con:targetType>
        <con:targetStep>Delete update permission 2 2</con:targetStep>
        <con:upgraded>true</con:upgraded>
      </con:transfers>
      <con:transfers setNullOnMissingSource="true" transferTextContent="true" failOnError="true" disabled="false" entitize="false" ignoreEmpty="false" transferChildNodes="false" transferToAll="false" useXQuery="false">
        <con:name>userRoleId2</con:name>
        <con:sourceType>res_userRoleId</con:sourceType>
        <con:sourceStep>Create initial data</con:sourceStep>
        <con:sourcePath xsi:nil="true"/>
        <con:targetType>req_userId</con:targetType>
        <con:targetStep>Delete create permission 3</con:targetStep>
        <con:targetPath xsi:nil="true"/>
        <con:type>XPATH</con:type>
        <con:targetTransferType>XPATH</con:targetTransferType>
        <con:upgraded>true</con:upgraded>
      </con:transfers>
      <con:transfers setNullOnMissingSource="true" transferTextContent="true" failOnError="true" ignoreEmpty="false" transferToAll="false" entitize="false" transferChildNodes="false">
        <con:name>soRoleId1</con:name>
        <con:sourceType>res_salesOrgId</con:sourceType>
        <con:sourceStep>Create initial data</con:sourceStep>
        <con:targetType>req_soId</con:targetType>
        <con:targetStep>Delete update permission 2 2</con:targetStep>
        <con:upgraded>true</con:upgraded>
      </con:transfers>
      <con:transfers setNullOnMissingSource="true" transferTextContent="true" failOnError="true" disabled="false" entitize="false" ignoreEmpty="false" transferChildNodes="false" transferToAll="false" useXQuery="false">
        <con:name>soRoleId2</con:name>
        <con:sourceType>res_salesOrgId</con:sourceType>
        <con:sourceStep>Create initial data</con:sourceStep>
        <con:sourcePath xsi:nil="true"/>
        <con:targetType>req_soId</con:targetType>
        <con:targetStep>Delete create permission 3</con:targetStep>
        <con:targetPath xsi:nil="true"/>
        <con:type>XPATH</con:type>
        <con:targetTransferType>XPATH</con:targetTransferType>
        <con:upgraded>true</con:upgraded>
      </con:transfers>
    </con:config>
  </con:testStep>
  <con:testStep type="calltestcase" name="Delete get permission" id="fe472b13-53cc-4d4b-b636-3b87eb217847">
    <con:settings/>
    <con:config xsi:type="con:RunTestCaseStep" xmlns:xsi="http://www.w3.org/2001/XMLSchema-instance">
      <con:targetTestCase>ef1ecdf4-8483-46d8-a3c9-87064bd44ad2</con:targetTestCase>
      <con:properties>
        <con:property>
          <con:name>req_userId</con:name>
          <con:value>57</con:value>
        </con:property>
        <con:property>
          <con:name>req_soId</con:name>
          <con:value>55</con:value>
        </con:property>
        <con:property>
          <con:name>res_code</con:name>
          <con:value>200</con:value>
        </con:property>
        <con:property>
          <con:name>res_errorMessage</con:name>
          <con:value xsi:nil="true"/>
        </con:property>
        <con:property>
          <con:name>req_action</con:name>
          <con:value>TRM.Get</con:value>
        </con:property>
        <con:property>
          <con:name>req_createdForSalesOrg</con:name>
          <con:value>1</con:value>
        </con:property>
      </con:properties>
      <con:returnProperties>
        <con:entry>res_code</con:entry>
        <con:entry>res_errorMessage</con:entry>
      </con:returnProperties>
      <con:runMode>PARALLELL</con:runMode>
    </con:config>
  </con:testStep>
  <con:testStep type="calltestcase" name="Delete update permission 2 2" id="8d8736bb-dcd2-4e80-bc8d-1f6ab91e86be">
    <con:settings/>
    <con:config xsi:type="con:RunTestCaseStep" xmlns:xsi="http://www.w3.org/2001/XMLSchema-instance">
      <con:targetTestCase>ef1ecdf4-8483-46d8-a3c9-87064bd44ad2</con:targetTestCase>
      <con:properties>
        <con:property>
          <con:name>req_userId</con:name>
          <con:value>57</con:value>
        </con:property>
        <con:property>
          <con:name>req_soId</con:name>
          <con:value>55</con:value>
        </con:property>
        <con:property>
          <con:name>res_code</con:name>
          <con:value>200</con:value>
        </con:property>
        <con:property>
          <con:name>res_errorMessage</con:name>
          <con:value xsi:nil="true"/>
        </con:property>
        <con:property>
          <con:name>req_action</con:name>
          <con:value>TRM.Update</con:value>
        </con:property>
        <con:property>
          <con:name>req_createdForSalesOrg</con:name>
          <con:value>1</con:value>
        </con:property>
      </con:properties>
      <con:returnProperties>
        <con:entry>res_code</con:entry>
        <con:entry>res_errorMessage</con:entry>
      </con:returnProperties>
      <con:runMode>PARALLELL</con:runMode>
    </con:config>
  </con:testStep>
  <con:testStep type="calltestcase" name="Delete create permission 3" id="39bb9a4a-695d-4afb-8492-3933779a95d4">
    <con:settings/>
    <con:config xsi:type="con:RunTestCaseStep" xmlns:xsi="http://www.w3.org/2001/XMLSchema-instance">
      <con:targetTestCase>ef1ecdf4-8483-46d8-a3c9-87064bd44ad2</con:targetTestCase>
      <con:properties>
        <con:property>
          <con:name>req_userId</con:name>
          <con:value>57</con:value>
        </con:property>
        <con:property>
          <con:name>req_soId</con:name>
          <con:value>55</con:value>
        </con:property>
        <con:property>
          <con:name>res_code</con:name>
          <con:value>200</con:value>
        </con:property>
        <con:property>
          <con:name>res_errorMessage</con:name>
          <con:value xsi:nil="true"/>
        </con:property>
        <con:property>
          <con:name>req_action</con:name>
          <con:value>TRM.Create</con:value>
        </con:property>
        <con:property>
          <con:name>req_createdForSalesOrg</con:name>
          <con:value>1</con:value>
        </con:property>
      </con:properties>
      <con:returnProperties>
        <con:entry>res_code</con:entry>
        <con:entry>res_errorMessage</con:entry>
      </con:returnProperties>
      <con:runMode>PARALLELL</con:runMode>
    </con:config>
  </con:testStep>
  <con:testStep type="manualTestStep" name="****Create Terminal w/ SCOPES - post method - selfScope********************" id="4cffc07d-5560-41da-8e68-1cb35d177097" disabled="true">
    <con:settings/>
    <con:config xsi:type="con:ManualTestStep" xmlns:xsi="http://www.w3.org/2001/XMLSchema-instance"/>
  </con:testStep>
  <con:testStep type="transfer" name="Property Transfer - create perm - selfScope" id="4b0d48be-b30c-431a-a599-af208b0a451b">
    <con:settings/>
    <con:config xsi:type="con:PropertyTransfersStep" xmlns:xsi="http://www.w3.org/2001/XMLSchema-instance">
      <con:transfers setNullOnMissingSource="true" transferTextContent="true" failOnError="true" ignoreEmpty="false" transferToAll="false" entitize="false" transferChildNodes="false">
        <con:name>userId</con:name>
        <con:sourceType>res_userRoleId</con:sourceType>
        <con:sourceStep>Create initial data</con:sourceStep>
        <con:sourcePath/>
        <con:targetType>req_UserId</con:targetType>
        <con:targetStep>Authorize create terminal - selfScope</con:targetStep>
        <con:targetPath/>
        <con:upgraded>true</con:upgraded>
      </con:transfers>
      <con:transfers setNullOnMissingSource="true" transferTextContent="true" failOnError="true" ignoreEmpty="false" transferToAll="false" entitize="false" transferChildNodes="false">
        <con:name>soId</con:name>
        <con:sourceType>res_salesOrgId</con:sourceType>
        <con:sourceStep>Create initial data</con:sourceStep>
        <con:targetType>req_SoId</con:targetType>
        <con:targetStep>Authorize create terminal - selfScope</con:targetStep>
        <con:upgraded>true</con:upgraded>
      </con:transfers>
      <con:transfers setNullOnMissingSource="true" transferTextContent="false" failOnError="true" ignoreEmpty="false" transferToAll="false" entitize="false" transferChildNodes="false">
        <con:name>domain</con:name>
        <con:sourceType>domain_terminal</con:sourceType>
        <con:sourceStep>Properties</con:sourceStep>
        <con:targetType>req_Domain</con:targetType>
        <con:targetStep>Authorize create terminal - selfScope</con:targetStep>
        <con:upgraded>true</con:upgraded>
      </con:transfers>
      <con:transfers setNullOnMissingSource="true" transferTextContent="true" failOnError="true" ignoreEmpty="false" transferToAll="false" entitize="false" transferChildNodes="false">
        <con:name>action</con:name>
        <con:sourceType>action_CreateTerminal</con:sourceType>
        <con:sourceStep>Properties</con:sourceStep>
        <con:targetType>req_Action</con:targetType>
        <con:targetStep>Authorize create terminal - selfScope</con:targetStep>
        <con:upgraded>true</con:upgraded>
      </con:transfers>
      <con:transfers setNullOnMissingSource="true" transferTextContent="true" failOnError="true" ignoreEmpty="false" transferToAll="false" entitize="false" transferChildNodes="false">
        <con:name>scope</con:name>
        <con:sourceType>scope_CreatedBySelfScope</con:sourceType>
        <con:sourceStep>Properties</con:sourceStep>
        <con:targetType>req_Scope</con:targetType>
        <con:targetStep>Authorize create terminal - selfScope</con:targetStep>
        <con:upgraded>true</con:upgraded>
      </con:transfers>
      <con:transfers setNullOnMissingSource="true" transferTextContent="true" failOnError="true" ignoreEmpty="false" transferToAll="false" entitize="false" transferChildNodes="false">
        <con:name>profile</con:name>
        <con:sourceType>profile_CSR</con:sourceType>
        <con:sourceStep>Properties</con:sourceStep>
        <con:targetType>req_Profile</con:targetType>
        <con:targetStep>Authorize create terminal - selfScope</con:targetStep>
        <con:upgraded>true</con:upgraded>
      </con:transfers>
      <con:transfers setNullOnMissingSource="true" transferTextContent="true" failOnError="true" ignoreEmpty="false" transferToAll="false" entitize="false" transferChildNodes="false">
        <con:name>condition</con:name>
        <con:sourceType>condition_Null</con:sourceType>
        <con:sourceStep>Properties</con:sourceStep>
        <con:targetType>req_Condition</con:targetType>
        <con:targetStep>Authorize create terminal - selfScope</con:targetStep>
        <con:upgraded>true</con:upgraded>
      </con:transfers>
      <con:transfers setNullOnMissingSource="true" transferTextContent="true" failOnError="true" ignoreEmpty="false" transferToAll="false" entitize="false" transferChildNodes="false">
        <con:name>userId-delete</con:name>
        <con:sourceType>res_userRoleId</con:sourceType>
        <con:sourceStep>Create initial data</con:sourceStep>
        <con:targetType>req_userId</con:targetType>
        <con:targetStep>Delete create permission - selfScope</con:targetStep>
        <con:upgraded>true</con:upgraded>
      </con:transfers>
      <con:transfers setNullOnMissingSource="true" transferTextContent="true" failOnError="true" ignoreEmpty="false" transferToAll="false" entitize="false" transferChildNodes="false">
        <con:name>soId-delete</con:name>
        <con:sourceType>res_salesOrgId</con:sourceType>
        <con:sourceStep>Create initial data</con:sourceStep>
        <con:targetType>req_soId</con:targetType>
        <con:targetStep>Delete create permission - selfScope</con:targetStep>
        <con:upgraded>true</con:upgraded>
      </con:transfers>
      <con:transfers setNullOnMissingSource="true" transferTextContent="true" failOnError="true" ignoreEmpty="false" transferToAll="false" entitize="false" transferChildNodes="false">
        <con:name>action-delete</con:name>
        <con:sourceType>action_CreateTerminal</con:sourceType>
        <con:sourceStep>Properties</con:sourceStep>
        <con:targetType>req_action</con:targetType>
        <con:targetStep>Delete create permission - selfScope</con:targetStep>
        <con:upgraded>true</con:upgraded>
      </con:transfers>
      <con:transfers setNullOnMissingSource="true" transferTextContent="true" failOnError="true" ignoreEmpty="false" transferToAll="false" entitize="false" transferChildNodes="false">
        <con:name>userIntToken</con:name>
        <con:sourceType>userIntToken</con:sourceType>
        <con:sourceStep>Create initial data</con:sourceStep>
        <con:targetType>AuthorizationIntUser</con:targetType>
        <con:targetStep>#Project#</con:targetStep>
        <con:upgraded>true</con:upgraded>
      </con:transfers>
      <con:transfers setNullOnMissingSource="true" transferTextContent="true" failOnError="true" ignoreEmpty="false" transferToAll="false" entitize="false" transferChildNodes="false">
        <con:name>userSo</con:name>
        <con:sourceType>res_salesOrgId</con:sourceType>
        <con:sourceStep>Create initial data</con:sourceStep>
        <con:targetType>UserSo</con:targetType>
        <con:targetStep>#Project#</con:targetStep>
        <con:upgraded>true</con:upgraded>
      </con:transfers>
      <con:transfers setNullOnMissingSource="true" transferTextContent="true" failOnError="true" ignoreEmpty="false" transferToAll="false" entitize="false" transferChildNodes="false">
        <con:name>createdForSalesOrg</con:name>
        <con:sourceType>DefaultSalesOrganizationRoleId</con:sourceType>
        <con:sourceStep>#Project#</con:sourceStep>
        <con:targetType>req_createdForSalesOrg</con:targetType>
        <con:targetStep>Authorize create terminal - selfScope</con:targetStep>
        <con:upgraded>true</con:upgraded>
      </con:transfers>
    </con:config>
  </con:testStep>
  <con:testStep type="calltestcase" name="Authorize create terminal - selfScope" id="3cfe037c-f167-4af2-ba1d-7ae8a009d897">
    <con:settings/>
    <con:config xsi:type="con:RunTestCaseStep" xmlns:xsi="http://www.w3.org/2001/XMLSchema-instance">
      <con:targetTestCase>7598e6a9-915e-450f-9530-8976eb29de47</con:targetTestCase>
      <con:properties>
        <con:property>
          <con:name>req_UserId</con:name>
          <con:value>57</con:value>
        </con:property>
        <con:property>
          <con:name>req_SoId</con:name>
          <con:value>55</con:value>
        </con:property>
        <con:property>
          <con:name>req_Domain</con:name>
          <con:value>TRM</con:value>
        </con:property>
        <con:property>
          <con:name>req_Action</con:name>
          <con:value>TRM.Create</con:value>
        </con:property>
        <con:property>
          <con:name>req_Scope</con:name>
          <con:value>CreatedByMeScope</con:value>
        </con:property>
        <con:property>
          <con:name>req_Profile</con:name>
          <con:value>CSR</con:value>
        </con:property>
        <con:property>
          <con:name>req_Condition</con:name>
          <con:value>NullCondition</con:value>
        </con:property>
        <con:property>
          <con:name>res_code</con:name>
          <con:value>200</con:value>
        </con:property>
        <con:property>
          <con:name>res_errorMessageCreate</con:name>
          <con:value xsi:nil="true"/>
        </con:property>
        <con:property>
          <con:name>res_errorMessageAdd</con:name>
          <con:value xsi:nil="true"/>
        </con:property>
        <con:property>
          <con:name>res_errorMessageSubmit</con:name>
          <con:value xsi:nil="true"/>
        </con:property>
        <con:property>
          <con:name>response</con:name>
          <con:value>{"businessInteractionType":34,"code":"PP-2351","description":"Profile Permission at [name-ext-7ec0b598-48cb-4af6-9d50-f17c84983d93] by [John Smith]","mainState":0,"state":5,"createdDate":"2018-03-07T07:26:18+0000","businessInteractionSpec":{"id":75,"journaled":false,"name":"Profile Permission bi spec","specificationType":0,"allowSubmitBIWithoutItem":false,"requiresSession":false,"code":"PROFILE_PERMISSION","requiresActiveSO":false,"biOperationAllowedWhenSOSuspended":false,"reserveAllNonSerializedSpec":false,"allowStockLevelNegative":false,"dynamicMap":{},"type":"com.ericsson.bss.rm.erms.core.entity.dto.bi.BusinessInteractionSpecDTO"},"createdByUserId":"57","createdBySalesOrganizationId":"55","createdForSalesOrganizationRoleId":"1","preventUpdateFromOtherSystem":false,"items":[],"isLocked":false,"businessInteractionRoleId1":98,"businessInteractionRoleId2":95,"businessInteractionRoleId3":95,"id":2351,"href":"/v1/profilePermission/2351","dynamicMap":{},"type":"com.ericsson.bss.rm.erms.core.entity.dto.bi.profilepermission.ProfilePermissionBIResponseDTO"}</con:value>
        </con:property>
        <con:property>
          <con:name>req_createdForSalesOrg</con:name>
          <con:value>1</con:value>
        </con:property>
      </con:properties>
      <con:returnProperties>
        <con:entry>res_code</con:entry>
        <con:entry>res_errorMessageCreate</con:entry>
        <con:entry>res_errorMessageAdd</con:entry>
        <con:entry>res_errorMessageSubmit</con:entry>
        <con:entry>response</con:entry>
      </con:returnProperties>
      <con:runMode>PARALLELL</con:runMode>
    </con:config>
  </con:testStep>
  <con:testStep type="assertionteststep" name="Assertion terminal create permission successfully created - selfScope" id="4e5ed793-9973-442b-a623-1aaf06d31347">
    <con:settings/>
    <con:config xsi:type="con:AssertionTestStep" xmlns:xsi="http://www.w3.org/2001/XMLSchema-instance">
      <con:entry>
        <con:id>d773202b-a2e6-4279-9bfb-eba7796d697a</con:id>
        <con:isGroup>false</con:isGroup>
        <con:sourceId>cf142e3d-3f6c-470a-a58c-306776560ab0</con:sourceId>
        <con:propertyName>http200</con:propertyName>
        <con:assertion type="Simple Equals" name="Equals" id="a53571b7-ac1e-48dc-bd58-c375507b21a9">
          <con:configuration>
            <patternObjectId>3cfe037c-f167-4af2-ba1d-7ae8a009d897</patternObjectId>
            <patternProperty>res_code</patternProperty>
            <caseSensitive>true</caseSensitive>
          </con:configuration>
        </con:assertion>
      </con:entry>
    </con:config>
  </con:testStep>
  <con:testStep type="transfer" name="Property Transfer create terminal bi - selfScope" id="36efefd2-4908-42f8-a1b5-5cca3a3e2537">
    <con:settings/>
    <con:config xsi:type="con:PropertyTransfersStep" xmlns:xsi="http://www.w3.org/2001/XMLSchema-instance">
      <con:transfers setNullOnMissingSource="true" transferTextContent="true" failOnError="true" ignoreEmpty="false" transferToAll="false" entitize="false" transferChildNodes="false">
        <con:name>userId</con:name>
        <con:sourceType>res_userRoleId</con:sourceType>
        <con:sourceStep>Create initial data</con:sourceStep>
        <con:sourcePath/>
        <con:targetType>req_userRoleId</con:targetType>
        <con:targetStep>Create terminal bi  - selfScope</con:targetStep>
        <con:targetPath/>
        <con:upgraded>true</con:upgraded>
      </con:transfers>
      <con:transfers setNullOnMissingSource="true" transferTextContent="true" failOnError="true" ignoreEmpty="false" transferToAll="false" entitize="false" transferChildNodes="false">
        <con:name>soId</con:name>
        <con:sourceType>res_salesOrgId</con:sourceType>
        <con:sourceStep>Create initial data</con:sourceStep>
        <con:targetType>req_salesOrgRoleId</con:targetType>
        <con:targetStep>Create terminal bi  - selfScope</con:targetStep>
        <con:upgraded>true</con:upgraded>
      </con:transfers>
      <con:transfers setNullOnMissingSource="true" transferTextContent="true" failOnError="true" ignoreEmpty="false" transferToAll="false" entitize="false" transferChildNodes="false">
        <con:name>userToken</con:name>
        <con:sourceType>userToken</con:sourceType>
        <con:sourceStep>Create initial data</con:sourceStep>
        <con:targetType>AuthorizationUser</con:targetType>
        <con:targetStep>#Project#</con:targetStep>
        <con:upgraded>true</con:upgraded>
      </con:transfers>
    </con:config>
  </con:testStep>
  <con:testStep type="calltestcase" name="Create terminal bi  - selfScope" id="c0a2aff4-ddbe-4e78-844c-cf6a84120af3">
    <con:settings/>
    <con:config xsi:type="con:RunTestCaseStep" xmlns:xsi="http://www.w3.org/2001/XMLSchema-instance">
      <con:targetTestCase>dd134965-c927-42c2-b77c-aa9898d86735</con:targetTestCase>
      <con:properties>
        <con:property>
          <con:name>res_biId</con:name>
          <con:value>2361</con:value>
        </con:property>
        <con:property>
          <con:name>req_userRoleId</con:name>
          <con:value>57</con:value>
        </con:property>
        <con:property>
          <con:name>req_salesOrgRoleId</con:name>
          <con:value>55</con:value>
        </con:property>
      </con:properties>
      <con:returnProperties>
        <con:entry>res_biId</con:entry>
      </con:returnProperties>
      <con:runMode>PARALLELL</con:runMode>
    </con:config>
  </con:testStep>
  <con:testStep type="assertionteststep" name="Assertion terminal successfully created - selfScope" id="de07de83-f522-4940-9d15-206aca586ce2">
    <con:settings/>
    <con:config xsi:type="con:AssertionTestStep" xmlns:xsi="http://www.w3.org/2001/XMLSchema-instance">
      <con:entry>
        <con:id>18fd2eb1-bf26-4ea6-9903-307825b15767</con:id>
        <con:isGroup>false</con:isGroup>
        <con:sourceId>c0a2aff4-ddbe-4e78-844c-cf6a84120af3</con:sourceId>
        <con:propertyName>res_biId</con:propertyName>
        <con:assertion type="Simple Contains" name="Contains" id="d3dde109-d8d6-49cb-a804-5a67ce953caf">
          <con:configuration>
            <token>\d+</token>
            <ignoreCase>false</ignoreCase>
            <useRegEx>true</useRegEx>
          </con:configuration>
        </con:assertion>
      </con:entry>
    </con:config>
  </con:testStep>
  <con:testStep type="transfer" name="Property Transfer to update perm" id="def450c4-5d8d-4002-8544-3bf6be3c5774">
    <con:settings/>
    <con:config xsi:type="con:PropertyTransfersStep" xmlns:xsi="http://www.w3.org/2001/XMLSchema-instance">
      <con:transfers setNullOnMissingSource="true" transferTextContent="true" failOnError="true" ignoreEmpty="false" transferToAll="false" entitize="false" transferChildNodes="false">
        <con:name>userId</con:name>
        <con:sourceType>res_userRoleId</con:sourceType>
        <con:sourceStep>Create initial data</con:sourceStep>
        <con:sourcePath/>
        <con:targetType>req_UserId</con:targetType>
        <con:targetStep>Authorize update item to terminal - selfScope</con:targetStep>
        <con:targetPath/>
        <con:upgraded>true</con:upgraded>
      </con:transfers>
      <con:transfers setNullOnMissingSource="true" transferTextContent="true" failOnError="true" ignoreEmpty="false" transferToAll="false" entitize="false" transferChildNodes="false">
        <con:name>soId</con:name>
        <con:sourceType>res_salesOrgId</con:sourceType>
        <con:sourceStep>Create initial data</con:sourceStep>
        <con:targetType>req_SoId</con:targetType>
        <con:targetStep>Authorize update item to terminal - selfScope</con:targetStep>
        <con:upgraded>true</con:upgraded>
      </con:transfers>
      <con:transfers setNullOnMissingSource="true" transferTextContent="true" failOnError="true" ignoreEmpty="false" transferToAll="false" entitize="false" transferChildNodes="false">
        <con:name>domain</con:name>
        <con:sourceType>domain_terminal</con:sourceType>
        <con:sourceStep>Properties</con:sourceStep>
        <con:targetType>req_Domain</con:targetType>
        <con:targetStep>Authorize update item to terminal - selfScope</con:targetStep>
        <con:upgraded>true</con:upgraded>
      </con:transfers>
      <con:transfers setNullOnMissingSource="true" transferTextContent="true" failOnError="true" ignoreEmpty="false" transferToAll="false" entitize="false" transferChildNodes="false">
        <con:name>action</con:name>
        <con:sourceType>action_UpdateTerminal</con:sourceType>
        <con:sourceStep>Properties</con:sourceStep>
        <con:targetType>req_Action</con:targetType>
        <con:targetStep>Authorize update item to terminal - selfScope</con:targetStep>
        <con:upgraded>true</con:upgraded>
      </con:transfers>
      <con:transfers setNullOnMissingSource="true" transferTextContent="true" failOnError="true" ignoreEmpty="false" transferToAll="false" entitize="false" transferChildNodes="false">
        <con:name>scope</con:name>
        <con:sourceType>scope_CreatedBySelfScope</con:sourceType>
        <con:sourceStep>Properties</con:sourceStep>
        <con:targetType>req_Scope</con:targetType>
        <con:targetStep>Authorize update item to terminal - selfScope</con:targetStep>
        <con:upgraded>true</con:upgraded>
      </con:transfers>
      <con:transfers setNullOnMissingSource="true" transferTextContent="true" failOnError="true" ignoreEmpty="false" transferToAll="false" entitize="false" transferChildNodes="false">
        <con:name>profile</con:name>
        <con:sourceType>profile_CSR</con:sourceType>
        <con:sourceStep>Properties</con:sourceStep>
        <con:targetType>req_Profile</con:targetType>
        <con:targetStep>Authorize update item to terminal - selfScope</con:targetStep>
        <con:upgraded>true</con:upgraded>
      </con:transfers>
      <con:transfers setNullOnMissingSource="true" transferTextContent="true" failOnError="true" ignoreEmpty="false" transferToAll="false" entitize="false" transferChildNodes="false">
        <con:name>condition</con:name>
        <con:sourceType>condition_Null</con:sourceType>
        <con:sourceStep>Properties</con:sourceStep>
        <con:targetType>req_Condition</con:targetType>
        <con:targetStep>Authorize update item to terminal - selfScope</con:targetStep>
        <con:upgraded>true</con:upgraded>
      </con:transfers>
      <con:transfers setNullOnMissingSource="true" transferTextContent="true" failOnError="true" ignoreEmpty="false" transferToAll="false" entitize="false" transferChildNodes="false">
        <con:name>userId delete</con:name>
        <con:sourceType>res_userRoleId</con:sourceType>
        <con:sourceStep>Create initial data</con:sourceStep>
        <con:targetType>req_userId</con:targetType>
        <con:targetStep>Delete update permission - selfScope</con:targetStep>
        <con:upgraded>true</con:upgraded>
      </con:transfers>
      <con:transfers setNullOnMissingSource="true" transferTextContent="true" failOnError="true" ignoreEmpty="false" transferToAll="false" entitize="false" transferChildNodes="false">
        <con:name>soId delete</con:name>
        <con:sourceType>res_salesOrgId</con:sourceType>
        <con:sourceStep>Create initial data</con:sourceStep>
        <con:targetType>req_soId</con:targetType>
        <con:targetStep>Delete update permission - selfScope</con:targetStep>
        <con:upgraded>true</con:upgraded>
      </con:transfers>
      <con:transfers setNullOnMissingSource="true" transferTextContent="true" failOnError="true" ignoreEmpty="false" transferToAll="false" entitize="false" transferChildNodes="false">
        <con:name>action delete</con:name>
        <con:sourceType>action_UpdateTerminal</con:sourceType>
        <con:sourceStep>Properties</con:sourceStep>
        <con:targetType>req_action</con:targetType>
        <con:targetStep>Delete update permission - selfScope</con:targetStep>
        <con:upgraded>true</con:upgraded>
      </con:transfers>
      <con:transfers setNullOnMissingSource="true" transferTextContent="true" failOnError="true" ignoreEmpty="false" transferToAll="false" entitize="false" transferChildNodes="false">
        <con:name>createdForSalesOrg</con:name>
        <con:sourceType>DefaultSalesOrganizationRoleId</con:sourceType>
        <con:sourceStep>#Project#</con:sourceStep>
        <con:targetType>req_createdForSalesOrg</con:targetType>
        <con:targetStep>Authorize update item to terminal - selfScope</con:targetStep>
        <con:upgraded>true</con:upgraded>
      </con:transfers>
    </con:config>
  </con:testStep>
  <con:testStep type="calltestcase" name="Authorize update item to terminal - selfScope" id="dc90606c-c3db-4efd-8093-3c3780cbf15d">
    <con:settings/>
    <con:config xsi:type="con:RunTestCaseStep" xmlns:xsi="http://www.w3.org/2001/XMLSchema-instance">
      <con:targetTestCase>7598e6a9-915e-450f-9530-8976eb29de47</con:targetTestCase>
      <con:properties>
        <con:property>
          <con:name>req_UserId</con:name>
          <con:value>57</con:value>
        </con:property>
        <con:property>
          <con:name>req_SoId</con:name>
          <con:value>55</con:value>
        </con:property>
        <con:property>
          <con:name>req_Domain</con:name>
          <con:value>TRM</con:value>
        </con:property>
        <con:property>
          <con:name>req_Action</con:name>
          <con:value>TRM.Update</con:value>
        </con:property>
        <con:property>
          <con:name>req_Scope</con:name>
          <con:value>CreatedByMeScope</con:value>
        </con:property>
        <con:property>
          <con:name>req_Profile</con:name>
          <con:value>CSR</con:value>
        </con:property>
        <con:property>
          <con:name>req_Condition</con:name>
          <con:value>NullCondition</con:value>
        </con:property>
        <con:property>
          <con:name>res_code</con:name>
          <con:value>200</con:value>
        </con:property>
        <con:property>
          <con:name>res_errorMessageCreate</con:name>
          <con:value xsi:nil="true"/>
        </con:property>
        <con:property>
          <con:name>res_errorMessageAdd</con:name>
          <con:value xsi:nil="true"/>
        </con:property>
        <con:property>
          <con:name>res_errorMessageSubmit</con:name>
          <con:value xsi:nil="true"/>
        </con:property>
        <con:property>
          <con:name>response</con:name>
          <con:value>{"businessInteractionType":34,"code":"PP-2371","description":"Profile Permission at [name-ext-7ec0b598-48cb-4af6-9d50-f17c84983d93] by [John Smith]","mainState":0,"state":5,"createdDate":"2018-03-07T07:26:18+0000","businessInteractionSpec":{"id":75,"journaled":false,"name":"Profile Permission bi spec","specificationType":0,"allowSubmitBIWithoutItem":false,"requiresSession":false,"code":"PROFILE_PERMISSION","requiresActiveSO":false,"biOperationAllowedWhenSOSuspended":false,"reserveAllNonSerializedSpec":false,"allowStockLevelNegative":false,"dynamicMap":{},"type":"com.ericsson.bss.rm.erms.core.entity.dto.bi.BusinessInteractionSpecDTO"},"createdByUserId":"57","createdBySalesOrganizationId":"55","createdForSalesOrganizationRoleId":"1","preventUpdateFromOtherSystem":false,"items":[],"isLocked":false,"businessInteractionRoleId1":98,"businessInteractionRoleId2":95,"businessInteractionRoleId3":95,"id":2371,"href":"/v1/profilePermission/2371","dynamicMap":{},"type":"com.ericsson.bss.rm.erms.core.entity.dto.bi.profilepermission.ProfilePermissionBIResponseDTO"}</con:value>
        </con:property>
        <con:property>
          <con:name>req_createdForSalesOrg</con:name>
          <con:value>1</con:value>
        </con:property>
      </con:properties>
      <con:returnProperties>
        <con:entry>res_code</con:entry>
        <con:entry>res_errorMessageCreate</con:entry>
        <con:entry>res_errorMessageAdd</con:entry>
        <con:entry>res_errorMessageSubmit</con:entry>
        <con:entry>response</con:entry>
      </con:returnProperties>
      <con:runMode>PARALLELL</con:runMode>
    </con:config>
  </con:testStep>
  <con:testStep type="assertionteststep" name="Assertion terminal update permission is created  - selfScope" id="2c0a2612-3cc9-48c8-bde3-05a5eb336633">
    <con:settings/>
    <con:config xsi:type="con:AssertionTestStep" xmlns:xsi="http://www.w3.org/2001/XMLSchema-instance">
      <con:entry>
        <con:id>87a7d48f-d262-443b-8fed-91330a38dab2</con:id>
        <con:isGroup>false</con:isGroup>
        <con:sourceId>cf142e3d-3f6c-470a-a58c-306776560ab0</con:sourceId>
        <con:propertyName>http200</con:propertyName>
        <con:assertion type="Simple Equals" name="Equals" id="b971616a-f0d4-47e9-8d69-e21bdaaed9d6">
          <con:configuration>
            <patternObjectId>dc90606c-c3db-4efd-8093-3c3780cbf15d</patternObjectId>
            <patternProperty>res_code</patternProperty>
            <caseSensitive>true</caseSensitive>
          </con:configuration>
        </con:assertion>
      </con:entry>
    </con:config>
  </con:testStep>
  <con:testStep type="transfer" name="Property Transfer to get terminal perm  - selfScope" id="bc7883bf-1fcd-4728-8216-fae4c517639d">
    <con:settings/>
    <con:config xsi:type="con:PropertyTransfersStep" xmlns:xsi="http://www.w3.org/2001/XMLSchema-instance">
      <con:transfers setNullOnMissingSource="false" transferTextContent="true" failOnError="true" ignoreEmpty="false" transferToAll="false" entitize="false" transferChildNodes="false">
        <con:name>userId</con:name>
        <con:sourceType>res_userRoleId</con:sourceType>
        <con:sourceStep>Create initial data</con:sourceStep>
        <con:sourcePath/>
        <con:targetType>req_UserId</con:targetType>
        <con:targetStep>Authorize get item to terminal  - selfScope</con:targetStep>
        <con:targetPath/>
        <con:upgraded>true</con:upgraded>
      </con:transfers>
      <con:transfers setNullOnMissingSource="true" transferTextContent="true" failOnError="true" ignoreEmpty="false" transferToAll="false" entitize="false" transferChildNodes="false">
        <con:name>soId</con:name>
        <con:sourceType>res_salesOrgId</con:sourceType>
        <con:sourceStep>Create initial data</con:sourceStep>
        <con:targetType>req_SoId</con:targetType>
        <con:targetStep>Authorize get item to terminal  - selfScope</con:targetStep>
        <con:upgraded>true</con:upgraded>
      </con:transfers>
      <con:transfers setNullOnMissingSource="true" transferTextContent="true" failOnError="true" ignoreEmpty="false" transferToAll="false" entitize="false" transferChildNodes="false">
        <con:name>domain</con:name>
        <con:sourceType>domain_terminal</con:sourceType>
        <con:sourceStep>Properties</con:sourceStep>
        <con:targetType>req_Domain</con:targetType>
        <con:targetStep>Authorize get item to terminal  - selfScope</con:targetStep>
        <con:upgraded>true</con:upgraded>
      </con:transfers>
      <con:transfers setNullOnMissingSource="true" transferTextContent="true" failOnError="true" ignoreEmpty="false" transferToAll="false" entitize="false" transferChildNodes="false">
        <con:name>action</con:name>
        <con:sourceType>action_GetTerminal</con:sourceType>
        <con:sourceStep>Properties</con:sourceStep>
        <con:targetType>req_Action</con:targetType>
        <con:targetStep>Authorize get item to terminal  - selfScope</con:targetStep>
        <con:upgraded>true</con:upgraded>
      </con:transfers>
      <con:transfers setNullOnMissingSource="true" transferTextContent="true" failOnError="true" ignoreEmpty="false" transferToAll="false" entitize="false" transferChildNodes="false">
        <con:name>scope</con:name>
        <con:sourceType>scope_CreatedBySelfScope</con:sourceType>
        <con:sourceStep>Properties</con:sourceStep>
        <con:targetType>req_Scope</con:targetType>
        <con:targetStep>Authorize get item to terminal  - selfScope</con:targetStep>
        <con:upgraded>true</con:upgraded>
      </con:transfers>
      <con:transfers setNullOnMissingSource="true" transferTextContent="true" failOnError="true" ignoreEmpty="false" transferToAll="false" entitize="false" transferChildNodes="false">
        <con:name>profile</con:name>
        <con:sourceType>profile_CSR</con:sourceType>
        <con:sourceStep>Properties</con:sourceStep>
        <con:targetType>req_Profile</con:targetType>
        <con:targetStep>Authorize get item to terminal  - selfScope</con:targetStep>
        <con:upgraded>true</con:upgraded>
      </con:transfers>
      <con:transfers setNullOnMissingSource="true" transferTextContent="true" failOnError="true" ignoreEmpty="false" transferToAll="false" entitize="false" transferChildNodes="false">
        <con:name>condition</con:name>
        <con:sourceType>condition_Null</con:sourceType>
        <con:sourceStep>Properties</con:sourceStep>
        <con:targetType>req_Condition</con:targetType>
        <con:targetStep>Authorize get item to terminal  - selfScope</con:targetStep>
        <con:upgraded>true</con:upgraded>
      </con:transfers>
      <con:transfers setNullOnMissingSource="true" transferTextContent="true" failOnError="true" ignoreEmpty="false" transferToAll="false" entitize="false" transferChildNodes="false">
        <con:name>userId delete</con:name>
        <con:sourceType>res_userRoleId</con:sourceType>
        <con:sourceStep>Create initial data</con:sourceStep>
        <con:targetType>req_userId</con:targetType>
        <con:targetStep>Delete get permission - selfScope</con:targetStep>
        <con:upgraded>true</con:upgraded>
      </con:transfers>
      <con:transfers setNullOnMissingSource="false" transferTextContent="true" failOnError="true" ignoreEmpty="false" transferToAll="false" entitize="false" transferChildNodes="false">
        <con:name>soId delete</con:name>
        <con:sourceType>res_salesOrgId</con:sourceType>
        <con:sourceStep>Create initial data</con:sourceStep>
        <con:targetType>req_soId</con:targetType>
        <con:targetStep>Delete get permission - selfScope</con:targetStep>
        <con:upgraded>true</con:upgraded>
      </con:transfers>
      <con:transfers setNullOnMissingSource="true" transferTextContent="true" failOnError="false" ignoreEmpty="false" transferToAll="false" entitize="false" transferChildNodes="false">
        <con:name>action delete</con:name>
        <con:sourceType>action_GetTerminal</con:sourceType>
        <con:sourceStep>Properties</con:sourceStep>
        <con:targetType>req_action</con:targetType>
        <con:targetStep>Delete get permission - selfScope</con:targetStep>
        <con:upgraded>true</con:upgraded>
      </con:transfers>
      <con:transfers setNullOnMissingSource="true" transferTextContent="true" failOnError="true" ignoreEmpty="false" transferToAll="false" entitize="false" transferChildNodes="false">
        <con:name>createdForSalesOrg</con:name>
        <con:sourceType>DefaultSalesOrganizationRoleId</con:sourceType>
        <con:sourceStep>#Project#</con:sourceStep>
        <con:targetType>req_createdForSalesOrg</con:targetType>
        <con:targetStep>Authorize get item to terminal  - selfScope</con:targetStep>
        <con:upgraded>true</con:upgraded>
      </con:transfers>
    </con:config>
  </con:testStep>
  <con:testStep type="calltestcase" name="Authorize get item to terminal  - selfScope" id="4808d389-dbb7-4007-8013-bd7c991524c4">
    <con:settings/>
    <con:config xsi:type="con:RunTestCaseStep" xmlns:xsi="http://www.w3.org/2001/XMLSchema-instance">
      <con:targetTestCase>7598e6a9-915e-450f-9530-8976eb29de47</con:targetTestCase>
      <con:properties>
        <con:property>
          <con:name>req_UserId</con:name>
          <con:value>57</con:value>
        </con:property>
        <con:property>
          <con:name>req_SoId</con:name>
          <con:value>55</con:value>
        </con:property>
        <con:property>
          <con:name>req_Domain</con:name>
          <con:value>TRM</con:value>
        </con:property>
        <con:property>
          <con:name>req_Action</con:name>
          <con:value>TRM.Get</con:value>
        </con:property>
        <con:property>
          <con:name>req_Scope</con:name>
          <con:value>CreatedByMeScope</con:value>
        </con:property>
        <con:property>
          <con:name>req_Profile</con:name>
          <con:value>CSR</con:value>
        </con:property>
        <con:property>
          <con:name>req_Condition</con:name>
          <con:value>NullCondition</con:value>
        </con:property>
        <con:property>
          <con:name>res_code</con:name>
          <con:value>200</con:value>
        </con:property>
        <con:property>
          <con:name>res_errorMessageCreate</con:name>
          <con:value xsi:nil="true"/>
        </con:property>
        <con:property>
          <con:name>res_errorMessageAdd</con:name>
          <con:value xsi:nil="true"/>
        </con:property>
        <con:property>
          <con:name>res_errorMessageSubmit</con:name>
          <con:value xsi:nil="true"/>
        </con:property>
        <con:property>
          <con:name>response</con:name>
          <con:value>{"businessInteractionType":34,"code":"PP-2381","description":"Profile Permission at [name-ext-7ec0b598-48cb-4af6-9d50-f17c84983d93] by [John Smith]","mainState":0,"state":5,"createdDate":"2018-03-07T07:26:18+0000","businessInteractionSpec":{"id":75,"journaled":false,"name":"Profile Permission bi spec","specificationType":0,"allowSubmitBIWithoutItem":false,"requiresSession":false,"code":"PROFILE_PERMISSION","requiresActiveSO":false,"biOperationAllowedWhenSOSuspended":false,"reserveAllNonSerializedSpec":false,"allowStockLevelNegative":false,"dynamicMap":{},"type":"com.ericsson.bss.rm.erms.core.entity.dto.bi.BusinessInteractionSpecDTO"},"createdByUserId":"57","createdBySalesOrganizationId":"55","createdForSalesOrganizationRoleId":"1","preventUpdateFromOtherSystem":false,"items":[],"isLocked":false,"businessInteractionRoleId1":98,"businessInteractionRoleId2":95,"businessInteractionRoleId3":95,"id":2381,"href":"/v1/profilePermission/2381","dynamicMap":{},"type":"com.ericsson.bss.rm.erms.core.entity.dto.bi.profilepermission.ProfilePermissionBIResponseDTO"}</con:value>
        </con:property>
        <con:property>
          <con:name>req_createdForSalesOrg</con:name>
          <con:value>1</con:value>
        </con:property>
      </con:properties>
      <con:returnProperties>
        <con:entry>res_code</con:entry>
        <con:entry>res_errorMessageCreate</con:entry>
        <con:entry>res_errorMessageAdd</con:entry>
        <con:entry>res_errorMessageSubmit</con:entry>
        <con:entry>response</con:entry>
      </con:returnProperties>
      <con:runMode>PARALLELL</con:runMode>
    </con:config>
  </con:testStep>
  <con:testStep type="assertionteststep" name="Assertion terminal get permission is created - selfScope" id="afcee292-8fb4-47c6-9881-398207790bdc">
    <con:settings/>
    <con:config xsi:type="con:AssertionTestStep" xmlns:xsi="http://www.w3.org/2001/XMLSchema-instance">
      <con:entry>
        <con:id>37f45549-42c7-4007-aaed-e21f5128d78b</con:id>
        <con:isGroup>false</con:isGroup>
        <con:sourceId>cf142e3d-3f6c-470a-a58c-306776560ab0</con:sourceId>
        <con:propertyName>http200</con:propertyName>
        <con:assertion type="Simple Equals" name="Equals" id="51592754-5c04-4a83-9046-be5abedc7960">
          <con:configuration>
            <patternObjectId>4808d389-dbb7-4007-8013-bd7c991524c4</patternObjectId>
            <patternProperty>res_code</patternProperty>
            <caseSensitive>true</caseSensitive>
          </con:configuration>
        </con:assertion>
      </con:entry>
    </con:config>
  </con:testStep>
  <con:testStep type="transfer" name="Property Transfer add item - fail - selfScope - parent" id="4a79120d-92a1-4a62-9643-0709b39bed65">
    <con:settings/>
    <con:config xsi:type="con:PropertyTransfersStep" xmlns:xsi="http://www.w3.org/2001/XMLSchema-instance">
      <con:transfers setNullOnMissingSource="true" transferTextContent="true" failOnError="true" ignoreEmpty="false" transferToAll="false" entitize="false" transferChildNodes="false">
        <con:name>invExtId</con:name>
        <con:sourceType>random_inventoryExtId</con:sourceType>
        <con:sourceStep>Properties</con:sourceStep>
        <con:sourcePath/>
        <con:targetType>req_externalId</con:targetType>
        <con:targetStep>Add item to create terminal bi - fail - parent - selfScope</con:targetStep>
        <con:targetPath/>
        <con:upgraded>true</con:upgraded>
      </con:transfers>
      <con:transfers setNullOnMissingSource="true" transferTextContent="true" failOnError="true" ignoreEmpty="false" transferToAll="false" entitize="false" transferChildNodes="false">
        <con:name>biId</con:name>
        <con:sourceType>res_biId</con:sourceType>
        <con:sourceStep>Create terminal bi  - selfScope</con:sourceStep>
        <con:targetType>req_biId</con:targetType>
        <con:targetStep>Add item to create terminal bi - fail - parent - selfScope</con:targetStep>
        <con:upgraded>true</con:upgraded>
      </con:transfers>
      <con:transfers setNullOnMissingSource="true" transferTextContent="true" failOnError="true" ignoreEmpty="false" transferToAll="false" entitize="false" transferChildNodes="false">
        <con:name>soId</con:name>
        <con:sourceType>res_salesOrgId</con:sourceType>
        <con:sourceStep>Create initial data</con:sourceStep>
        <con:targetType>req_salesOrgId</con:targetType>
        <con:targetStep>Add item to create terminal bi - fail - parent - selfScope</con:targetStep>
        <con:upgraded>true</con:upgraded>
      </con:transfers>
      <con:transfers setNullOnMissingSource="true" transferTextContent="true" failOnError="true" ignoreEmpty="false" transferToAll="false" entitize="false" transferChildNodes="false">
        <con:name>userSo</con:name>
        <con:sourceType>res_salesOrgId</con:sourceType>
        <con:sourceStep>Create initial data4_parentOfInitialData</con:sourceStep>
        <con:targetType>UserSo</con:targetType>
        <con:targetStep>#Project#</con:targetStep>
        <con:upgraded>true</con:upgraded>
      </con:transfers>
      <con:transfers setNullOnMissingSource="true" transferTextContent="true" failOnError="true" ignoreEmpty="false" transferToAll="false" entitize="false" transferChildNodes="false">
        <con:name>userToken</con:name>
        <con:sourceType>userToken</con:sourceType>
        <con:sourceStep>Create initial data4_parentOfInitialData</con:sourceStep>
        <con:targetType>AuthorizationUser</con:targetType>
        <con:targetStep>#Project#</con:targetStep>
        <con:upgraded>true</con:upgraded>
      </con:transfers>
    </con:config>
  </con:testStep>
  <con:testStep type="calltestcase" name="Add item to create terminal bi - fail - parent - selfScope" id="ca9ebb5c-955a-404f-b6d4-87dd05963a4d">
    <con:settings/>
    <con:config xsi:type="con:RunTestCaseStep" xmlns:xsi="http://www.w3.org/2001/XMLSchema-instance">
      <con:targetTestCase>c2cf8d8e-d749-4306-b31a-9517cd1e26d6</con:targetTestCase>
      <con:properties>
        <con:property>
          <con:name>req_biId</con:name>
          <con:value>2361</con:value>
        </con:property>
        <con:property>
          <con:name>req_externalId</con:name>
          <con:value>ext-${=java.util.UUID.randomUUID()}</con:value>
        </con:property>
        <con:property>
          <con:name>res_biId</con:name>
          <con:value>2361</con:value>
        </con:property>
        <con:property>
          <con:name>res_biItemId</con:name>
          <con:value xsi:nil="true"/>
        </con:property>
        <con:property>
          <con:name>req_salesOrgId</con:name>
          <con:value>55</con:value>
        </con:property>
        <con:property>
          <con:name>res_errorMessage</con:name>
          <con:value>No Permission with [Always - Created By Me]</con:value>
        </con:property>
      </con:properties>
      <con:returnProperties>
        <con:entry>res_biId</con:entry>
        <con:entry>res_biItemId</con:entry>
        <con:entry>res_errorMessage</con:entry>
      </con:returnProperties>
      <con:runMode>PARALLELL</con:runMode>
    </con:config>
  </con:testStep>
  <con:testStep type="assertionteststep" name="Assertion terminal add item - fail - parent - selfScope" id="438a9293-0dcb-4964-8f7c-2e70d9c9d159">
    <con:settings/>
    <con:config xsi:type="con:AssertionTestStep" xmlns:xsi="http://www.w3.org/2001/XMLSchema-instance">
      <con:entry>
        <con:id>ffef40dd-dc9e-4605-953c-6cce94655b71</con:id>
        <con:isGroup>false</con:isGroup>
        <con:sourceId>ca9ebb5c-955a-404f-b6d4-87dd05963a4d</con:sourceId>
        <con:propertyName>res_errorMessage</con:propertyName>
        <con:assertion type="Simple Contains" name="Contains 3" id="8f45edf4-1b08-4d1e-967b-13f72ee31c2b" disabled="true">
          <con:configuration>
            <token>^\s*$</token>
            <ignoreCase>false</ignoreCase>
            <useRegEx>true</useRegEx>
          </con:configuration>
        </con:assertion>
      </con:entry>
      <con:entry>
        <con:id>95af97bd-a1f6-4b8e-b945-2fdf6a2993a1</con:id>
        <con:isGroup>false</con:isGroup>
        <con:sourceId>ca9ebb5c-955a-404f-b6d4-87dd05963a4d</con:sourceId>
        <con:propertyName>res_biItemId</con:propertyName>
        <con:assertion type="Simple Contains" name="Contains" id="22d0bef1-32ac-4570-9d1a-5ef0e90e5fd3">
          <con:configuration>
            <token>^\s*$</token>
            <ignoreCase>false</ignoreCase>
            <useRegEx>true</useRegEx>
          </con:configuration>
        </con:assertion>
      </con:entry>
    </con:config>
  </con:testStep>
  <con:testStep type="transfer" name="Property Transfer add item - fail - child - selfScope" id="d3bbb89d-2299-4b84-8f80-6d755bbc8ec9">
    <con:settings/>
    <con:config xsi:type="con:PropertyTransfersStep" xmlns:xsi="http://www.w3.org/2001/XMLSchema-instance">
      <con:transfers setNullOnMissingSource="true" transferTextContent="true" failOnError="true" ignoreEmpty="false" transferToAll="false" entitize="false" transferChildNodes="false">
        <con:name>invExtId</con:name>
        <con:sourceType>random_inventoryExtId</con:sourceType>
        <con:sourceStep>Properties</con:sourceStep>
        <con:sourcePath/>
        <con:targetType>req_externalId</con:targetType>
        <con:targetStep>Add item to create terminal bi - fail - child - selfScope</con:targetStep>
        <con:targetPath/>
        <con:upgraded>true</con:upgraded>
      </con:transfers>
      <con:transfers setNullOnMissingSource="true" transferTextContent="true" failOnError="true" ignoreEmpty="false" transferToAll="false" entitize="false" transferChildNodes="false">
        <con:name>biId</con:name>
        <con:sourceType>res_biId</con:sourceType>
        <con:sourceStep>Create terminal bi  - selfScope</con:sourceStep>
        <con:targetType>req_biId</con:targetType>
        <con:targetStep>Add item to create terminal bi - fail - child - selfScope</con:targetStep>
        <con:upgraded>true</con:upgraded>
      </con:transfers>
      <con:transfers setNullOnMissingSource="true" transferTextContent="true" failOnError="true" ignoreEmpty="false" transferToAll="false" entitize="false" transferChildNodes="false">
        <con:name>soId</con:name>
        <con:sourceType>res_salesOrgId</con:sourceType>
        <con:sourceStep>Create initial data</con:sourceStep>
        <con:targetType>req_salesOrgId</con:targetType>
        <con:targetStep>Add item to create terminal bi - fail - child - selfScope</con:targetStep>
        <con:upgraded>true</con:upgraded>
      </con:transfers>
      <con:transfers setNullOnMissingSource="true" transferTextContent="true" failOnError="true" ignoreEmpty="false" transferToAll="false" entitize="false" transferChildNodes="false">
        <con:name>userSo</con:name>
        <con:sourceType>res_salesOrgId</con:sourceType>
        <con:sourceStep>Create initial data3_childOfInitialData</con:sourceStep>
        <con:targetType>UserSo</con:targetType>
        <con:targetStep>#Project#</con:targetStep>
        <con:upgraded>true</con:upgraded>
      </con:transfers>
      <con:transfers setNullOnMissingSource="true" transferTextContent="true" failOnError="true" ignoreEmpty="false" transferToAll="false" entitize="false" transferChildNodes="false">
        <con:name>userToken</con:name>
        <con:sourceType>userToken</con:sourceType>
        <con:sourceStep>Create initial data3_childOfInitialData</con:sourceStep>
        <con:targetType>AuthorizationUser</con:targetType>
        <con:targetStep>#Project#</con:targetStep>
        <con:upgraded>true</con:upgraded>
      </con:transfers>
    </con:config>
  </con:testStep>
  <con:testStep type="calltestcase" name="Add item to create terminal bi - fail - child - selfScope" id="a4ee0965-50d4-4bb0-9ab7-15b69993b38c">
    <con:settings/>
    <con:config xsi:type="con:RunTestCaseStep" xmlns:xsi="http://www.w3.org/2001/XMLSchema-instance">
      <con:targetTestCase>c2cf8d8e-d749-4306-b31a-9517cd1e26d6</con:targetTestCase>
      <con:properties>
        <con:property>
          <con:name>req_biId</con:name>
          <con:value>2361</con:value>
        </con:property>
        <con:property>
          <con:name>req_externalId</con:name>
          <con:value>ext-${=java.util.UUID.randomUUID()}</con:value>
        </con:property>
        <con:property>
          <con:name>res_biId</con:name>
          <con:value>2361</con:value>
        </con:property>
        <con:property>
          <con:name>res_biItemId</con:name>
          <con:value xsi:nil="true"/>
        </con:property>
        <con:property>
          <con:name>req_salesOrgId</con:name>
          <con:value>55</con:value>
        </con:property>
        <con:property>
          <con:name>res_errorMessage</con:name>
          <con:value>No Permission with [Always - Created By Me]</con:value>
        </con:property>
      </con:properties>
      <con:returnProperties>
        <con:entry>res_biId</con:entry>
        <con:entry>res_biItemId</con:entry>
        <con:entry>res_errorMessage</con:entry>
      </con:returnProperties>
      <con:runMode>PARALLELL</con:runMode>
    </con:config>
  </con:testStep>
  <con:testStep type="assertionteststep" name="Assertion terminal add item - fail - child - selfScope" id="1815bb6a-ac10-48a6-b3c8-d992c75b29b2">
    <con:settings/>
    <con:config xsi:type="con:AssertionTestStep" xmlns:xsi="http://www.w3.org/2001/XMLSchema-instance">
      <con:entry>
        <con:id>4ab74a68-b42d-445a-9179-310bbe9e873a</con:id>
        <con:isGroup>false</con:isGroup>
        <con:sourceId>ca9ebb5c-955a-404f-b6d4-87dd05963a4d</con:sourceId>
        <con:propertyName>res_errorMessage</con:propertyName>
        <con:assertion type="Simple Contains" name="Contains 3" id="b746e996-72d4-49aa-b1e2-ed4e90701c60" disabled="true">
          <con:configuration>
            <token>^\s*$</token>
            <ignoreCase>false</ignoreCase>
            <useRegEx>true</useRegEx>
          </con:configuration>
        </con:assertion>
      </con:entry>
      <con:entry>
        <con:id>db379e33-7e33-4e9a-8450-4a49b097b62a</con:id>
        <con:isGroup>false</con:isGroup>
        <con:sourceId>a4ee0965-50d4-4bb0-9ab7-15b69993b38c</con:sourceId>
        <con:propertyName>res_biItemId</con:propertyName>
        <con:assertion type="Simple Contains" name="Contains" id="7f0f53e8-3251-4f28-bb16-532955507b58">
          <con:configuration>
            <token>^\s*$</token>
            <ignoreCase>false</ignoreCase>
            <useRegEx>true</useRegEx>
          </con:configuration>
        </con:assertion>
      </con:entry>
    </con:config>
  </con:testStep>
  <con:testStep type="transfer" name="Property Transfer add item - fail - irrelevant - selfScope" id="3d4d722e-ee52-4f34-b372-77dbb127baff">
    <con:settings/>
    <con:config xsi:type="con:PropertyTransfersStep" xmlns:xsi="http://www.w3.org/2001/XMLSchema-instance">
      <con:transfers setNullOnMissingSource="true" transferTextContent="true" failOnError="true" ignoreEmpty="false" transferToAll="false" entitize="false" transferChildNodes="false">
        <con:name>invExtId</con:name>
        <con:sourceType>random_inventoryExtId</con:sourceType>
        <con:sourceStep>Properties</con:sourceStep>
        <con:sourcePath/>
        <con:targetType>req_externalId</con:targetType>
        <con:targetStep>Add item to create terminal bi - fail - irrelevant - selfScope</con:targetStep>
        <con:targetPath/>
        <con:upgraded>true</con:upgraded>
      </con:transfers>
      <con:transfers setNullOnMissingSource="true" transferTextContent="true" failOnError="true" ignoreEmpty="false" transferToAll="false" entitize="false" transferChildNodes="false">
        <con:name>biId</con:name>
        <con:sourceType>res_biId</con:sourceType>
        <con:sourceStep>Create terminal bi  - selfScope</con:sourceStep>
        <con:targetType>req_biId</con:targetType>
        <con:targetStep>Add item to create terminal bi - fail - irrelevant - selfScope</con:targetStep>
        <con:upgraded>true</con:upgraded>
      </con:transfers>
      <con:transfers setNullOnMissingSource="true" transferTextContent="true" failOnError="true" ignoreEmpty="false" transferToAll="false" entitize="false" transferChildNodes="false">
        <con:name>soId</con:name>
        <con:sourceType>res_salesOrgId</con:sourceType>
        <con:sourceStep>Create initial data</con:sourceStep>
        <con:targetType>req_salesOrgId</con:targetType>
        <con:targetStep>Add item to create terminal bi - fail - irrelevant - selfScope</con:targetStep>
        <con:upgraded>true</con:upgraded>
      </con:transfers>
      <con:transfers setNullOnMissingSource="true" transferTextContent="true" failOnError="true" ignoreEmpty="false" transferToAll="false" entitize="false" transferChildNodes="false">
        <con:name>userSo</con:name>
        <con:sourceType>res_salesOrgId</con:sourceType>
        <con:sourceStep>Create initial data2</con:sourceStep>
        <con:targetType>UserSo</con:targetType>
        <con:targetStep>#Project#</con:targetStep>
        <con:upgraded>true</con:upgraded>
      </con:transfers>
      <con:transfers setNullOnMissingSource="true" transferTextContent="true" failOnError="true" ignoreEmpty="false" transferToAll="false" entitize="false" transferChildNodes="false">
        <con:name>userToken</con:name>
        <con:sourceType>userToken</con:sourceType>
        <con:sourceStep>Create initial data2</con:sourceStep>
        <con:targetType>AuthorizationUser</con:targetType>
        <con:targetStep>#Project#</con:targetStep>
        <con:upgraded>true</con:upgraded>
      </con:transfers>
    </con:config>
  </con:testStep>
  <con:testStep type="calltestcase" name="Add item to create terminal bi - fail - irrelevant - selfScope" id="7423b788-82fe-4f01-baad-0cf39977472f">
    <con:settings/>
    <con:config xsi:type="con:RunTestCaseStep" xmlns:xsi="http://www.w3.org/2001/XMLSchema-instance">
      <con:targetTestCase>c2cf8d8e-d749-4306-b31a-9517cd1e26d6</con:targetTestCase>
      <con:properties>
        <con:property>
          <con:name>req_biId</con:name>
          <con:value>2361</con:value>
        </con:property>
        <con:property>
          <con:name>req_externalId</con:name>
          <con:value>ext-${=java.util.UUID.randomUUID()}</con:value>
        </con:property>
        <con:property>
          <con:name>res_biId</con:name>
          <con:value>2361</con:value>
        </con:property>
        <con:property>
          <con:name>res_biItemId</con:name>
          <con:value xsi:nil="true"/>
        </con:property>
        <con:property>
          <con:name>req_salesOrgId</con:name>
          <con:value>55</con:value>
        </con:property>
        <con:property>
          <con:name>res_errorMessage</con:name>
          <con:value>No Permission with [Always - Created By Me]</con:value>
        </con:property>
      </con:properties>
      <con:returnProperties>
        <con:entry>res_biId</con:entry>
        <con:entry>res_biItemId</con:entry>
        <con:entry>res_errorMessage</con:entry>
      </con:returnProperties>
      <con:runMode>PARALLELL</con:runMode>
    </con:config>
  </con:testStep>
  <con:testStep type="assertionteststep" name="Assertion terminal add item - fail - irrelevant- selfScope" id="ce423148-215c-471f-b821-5711e23744ca">
    <con:settings/>
    <con:config xsi:type="con:AssertionTestStep" xmlns:xsi="http://www.w3.org/2001/XMLSchema-instance">
      <con:entry>
        <con:id>46595738-4ab1-43a4-958b-9c0e0dddad38</con:id>
        <con:isGroup>false</con:isGroup>
        <con:sourceId>ca9ebb5c-955a-404f-b6d4-87dd05963a4d</con:sourceId>
        <con:propertyName>res_errorMessage</con:propertyName>
        <con:assertion type="Simple Contains" name="Contains 3" id="1507a91f-148e-45ad-a4bc-704cf7e72456" disabled="true">
          <con:configuration>
            <token>^\s*$</token>
            <ignoreCase>false</ignoreCase>
            <useRegEx>true</useRegEx>
          </con:configuration>
        </con:assertion>
      </con:entry>
      <con:entry>
        <con:id>ad6e4a05-9757-49fb-834d-c492d4327eaa</con:id>
        <con:isGroup>false</con:isGroup>
        <con:sourceId>7423b788-82fe-4f01-baad-0cf39977472f</con:sourceId>
        <con:propertyName>res_biItemId</con:propertyName>
        <con:assertion type="Simple Contains" name="Contains" id="c43bbc1b-e40c-42e7-9ade-0867a79b8336">
          <con:configuration>
            <token>^\s*$</token>
            <ignoreCase>false</ignoreCase>
            <useRegEx>true</useRegEx>
          </con:configuration>
        </con:assertion>
      </con:entry>
    </con:config>
  </con:testStep>
  <con:testStep type="transfer" name="Property Transfer add item - successl - selfScope" id="022161b7-d7d4-4dd9-9ccd-c0250dbca248">
    <con:settings/>
    <con:config xsi:type="con:PropertyTransfersStep" xmlns:xsi="http://www.w3.org/2001/XMLSchema-instance">
      <con:transfers setNullOnMissingSource="true" transferTextContent="true" failOnError="true" ignoreEmpty="false" transferToAll="false" entitize="false" transferChildNodes="false">
        <con:name>invExtId</con:name>
        <con:sourceType>random_inventoryExtId</con:sourceType>
        <con:sourceStep>Properties</con:sourceStep>
        <con:sourcePath/>
        <con:targetType>req_externalId</con:targetType>
        <con:targetStep>Add item to create terminal bi - success - selfScope</con:targetStep>
        <con:targetPath/>
        <con:upgraded>true</con:upgraded>
      </con:transfers>
      <con:transfers setNullOnMissingSource="true" transferTextContent="true" failOnError="true" ignoreEmpty="false" transferToAll="false" entitize="false" transferChildNodes="false">
        <con:name>biId</con:name>
        <con:sourceType>res_biId</con:sourceType>
        <con:sourceStep>Create terminal bi  - selfScope</con:sourceStep>
        <con:targetType>req_biId</con:targetType>
        <con:targetStep>Add item to create terminal bi - success - selfScope</con:targetStep>
        <con:upgraded>true</con:upgraded>
      </con:transfers>
      <con:transfers setNullOnMissingSource="true" transferTextContent="true" failOnError="true" ignoreEmpty="false" transferToAll="false" entitize="false" transferChildNodes="false">
        <con:name>soId</con:name>
        <con:sourceType>res_salesOrgId</con:sourceType>
        <con:sourceStep>Create initial data</con:sourceStep>
        <con:targetType>req_salesOrgId</con:targetType>
        <con:targetStep>Add item to create terminal bi - success - selfScope</con:targetStep>
        <con:upgraded>true</con:upgraded>
      </con:transfers>
      <con:transfers setNullOnMissingSource="true" transferTextContent="true" failOnError="true" ignoreEmpty="false" transferToAll="false" entitize="false" transferChildNodes="false">
        <con:name>userSo</con:name>
        <con:sourceType>res_salesOrgId</con:sourceType>
        <con:sourceStep>Create initial data</con:sourceStep>
        <con:targetType>UserSo</con:targetType>
        <con:targetStep>#Project#</con:targetStep>
        <con:upgraded>true</con:upgraded>
      </con:transfers>
      <con:transfers setNullOnMissingSource="true" transferTextContent="true" failOnError="true" ignoreEmpty="false" transferToAll="false" entitize="false" transferChildNodes="false">
        <con:name>userToken</con:name>
        <con:sourceType>userToken</con:sourceType>
        <con:sourceStep>Create initial data</con:sourceStep>
        <con:targetType>AuthorizationUser</con:targetType>
        <con:targetStep>#Project#</con:targetStep>
        <con:upgraded>true</con:upgraded>
      </con:transfers>
    </con:config>
  </con:testStep>
  <con:testStep type="calltestcase" name="Add item to create terminal bi - success - selfScope" id="dce52cdc-e83c-4d6a-a173-d043db48048c">
    <con:settings/>
    <con:config xsi:type="con:RunTestCaseStep" xmlns:xsi="http://www.w3.org/2001/XMLSchema-instance">
      <con:targetTestCase>c2cf8d8e-d749-4306-b31a-9517cd1e26d6</con:targetTestCase>
      <con:properties>
        <con:property>
          <con:name>req_biId</con:name>
          <con:value>2361</con:value>
        </con:property>
        <con:property>
          <con:name>req_externalId</con:name>
          <con:value>ext-${=java.util.UUID.randomUUID()}</con:value>
        </con:property>
        <con:property>
          <con:name>res_biId</con:name>
          <con:value>2361</con:value>
        </con:property>
        <con:property>
          <con:name>res_biItemId</con:name>
          <con:value>256</con:value>
        </con:property>
        <con:property>
          <con:name>req_salesOrgId</con:name>
          <con:value>55</con:value>
        </con:property>
        <con:property>
          <con:name>res_errorMessage</con:name>
          <con:value xsi:nil="true"/>
        </con:property>
      </con:properties>
      <con:returnProperties>
        <con:entry>res_biId</con:entry>
        <con:entry>res_biItemId</con:entry>
        <con:entry>res_errorMessage</con:entry>
      </con:returnProperties>
      <con:runMode>PARALLELL</con:runMode>
    </con:config>
  </con:testStep>
  <con:testStep type="assertionteststep" name="Assertion terminal add item - success - selfScope" id="2ee68ddf-e9f1-4081-95cb-522a916454be">
    <con:settings/>
    <con:config xsi:type="con:AssertionTestStep" xmlns:xsi="http://www.w3.org/2001/XMLSchema-instance">
      <con:entry>
        <con:id>752e4dca-abaa-4189-90ef-ff1f6df205f5</con:id>
        <con:isGroup>false</con:isGroup>
        <con:sourceId>ca9ebb5c-955a-404f-b6d4-87dd05963a4d</con:sourceId>
        <con:propertyName>res_errorMessage</con:propertyName>
        <con:assertion type="Simple Contains" name="Contains 3" id="33862823-0f95-4c64-b43a-fdc6f264c719" disabled="true">
          <con:configuration>
            <token>^\s*$</token>
            <ignoreCase>false</ignoreCase>
            <useRegEx>true</useRegEx>
          </con:configuration>
        </con:assertion>
      </con:entry>
      <con:entry>
        <con:id>f81bc1a0-f301-4eb9-9612-e61bdedb71f2</con:id>
        <con:isGroup>false</con:isGroup>
        <con:sourceId>dce52cdc-e83c-4d6a-a173-d043db48048c</con:sourceId>
        <con:propertyName>res_biItemId</con:propertyName>
        <con:assertion type="Simple Contains" name="Contains  " id="17a7506c-93fb-4a66-a1a0-6202b2b5304e">
          <con:configuration>
            <token>\d+</token>
            <ignoreCase>false</ignoreCase>
            <useRegEx>true</useRegEx>
          </con:configuration>
        </con:assertion>
      </con:entry>
    </con:config>
  </con:testStep>
  <con:testStep type="transfer" name="Property Transfer add item - fail- sameSO - selfScope" id="0fe98e7a-9243-46bb-bbc0-8e24743cefed">
    <con:settings/>
    <con:config xsi:type="con:PropertyTransfersStep" xmlns:xsi="http://www.w3.org/2001/XMLSchema-instance">
      <con:transfers setNullOnMissingSource="true" transferTextContent="true" failOnError="true" ignoreEmpty="false" transferToAll="false" entitize="false" transferChildNodes="false">
        <con:name>invExtId</con:name>
        <con:sourceType>random_inventoryExtId</con:sourceType>
        <con:sourceStep>Properties</con:sourceStep>
        <con:sourcePath/>
        <con:targetType>req_externalId</con:targetType>
        <con:targetStep>Add item to create terminal bi - fail - sameSO -selfScope</con:targetStep>
        <con:targetPath/>
        <con:upgraded>true</con:upgraded>
      </con:transfers>
      <con:transfers setNullOnMissingSource="true" transferTextContent="true" failOnError="true" ignoreEmpty="false" transferToAll="false" entitize="false" transferChildNodes="false">
        <con:name>biId</con:name>
        <con:sourceType>res_biId</con:sourceType>
        <con:sourceStep>Create terminal bi  - selfScope</con:sourceStep>
        <con:targetType>req_biId</con:targetType>
        <con:targetStep>Add item to create terminal bi - fail - sameSO -selfScope</con:targetStep>
        <con:upgraded>true</con:upgraded>
      </con:transfers>
      <con:transfers setNullOnMissingSource="true" transferTextContent="true" failOnError="true" ignoreEmpty="false" transferToAll="false" entitize="false" transferChildNodes="false">
        <con:name>soId</con:name>
        <con:sourceType>res_salesOrgId</con:sourceType>
        <con:sourceStep>Create initial data</con:sourceStep>
        <con:targetType>req_salesOrgId</con:targetType>
        <con:targetStep>Add item to create terminal bi - fail - sameSO -selfScope</con:targetStep>
        <con:upgraded>true</con:upgraded>
      </con:transfers>
      <con:transfers setNullOnMissingSource="true" transferTextContent="true" failOnError="true" ignoreEmpty="false" transferToAll="false" entitize="false" transferChildNodes="false">
        <con:name>userSo</con:name>
        <con:sourceType>res_salesOrgId</con:sourceType>
        <con:sourceStep>Create initial data</con:sourceStep>
        <con:targetType>UserSo</con:targetType>
        <con:targetStep>#Project#</con:targetStep>
        <con:upgraded>true</con:upgraded>
      </con:transfers>
      <con:transfers setNullOnMissingSource="true" transferTextContent="true" failOnError="true" ignoreEmpty="false" transferToAll="false" entitize="false" transferChildNodes="false">
        <con:name>userToken</con:name>
        <con:sourceType>userToken</con:sourceType>
        <con:sourceStep>Create another user from initial data</con:sourceStep>
        <con:targetType>AuthorizationUser</con:targetType>
        <con:targetStep>#Project#</con:targetStep>
        <con:upgraded>true</con:upgraded>
      </con:transfers>
    </con:config>
  </con:testStep>
  <con:testStep type="calltestcase" name="Add item to create terminal bi - fail - sameSO -selfScope" id="abbea664-ca85-4ee9-8685-2e21539ec873">
    <con:settings/>
    <con:config xsi:type="con:RunTestCaseStep" xmlns:xsi="http://www.w3.org/2001/XMLSchema-instance">
      <con:targetTestCase>c2cf8d8e-d749-4306-b31a-9517cd1e26d6</con:targetTestCase>
      <con:properties>
        <con:property>
          <con:name>req_biId</con:name>
          <con:value>2361</con:value>
        </con:property>
        <con:property>
          <con:name>req_externalId</con:name>
          <con:value>ext-${=java.util.UUID.randomUUID()}</con:value>
        </con:property>
        <con:property>
          <con:name>res_biId</con:name>
          <con:value>2361</con:value>
        </con:property>
        <con:property>
          <con:name>res_biItemId</con:name>
          <con:value xsi:nil="true"/>
        </con:property>
        <con:property>
          <con:name>req_salesOrgId</con:name>
          <con:value>55</con:value>
        </con:property>
        <con:property>
          <con:name>res_errorMessage</con:name>
          <con:value>No Permission with [Always - Created By Me]</con:value>
        </con:property>
      </con:properties>
      <con:returnProperties>
        <con:entry>res_biId</con:entry>
        <con:entry>res_biItemId</con:entry>
        <con:entry>res_errorMessage</con:entry>
      </con:returnProperties>
      <con:runMode>PARALLELL</con:runMode>
    </con:config>
  </con:testStep>
  <con:testStep type="assertionteststep" name="Assertion terminal add item - fail - sameSO - selfScope" id="904626c8-238f-4267-ae42-43b6355239ef">
    <con:settings/>
    <con:config xsi:type="con:AssertionTestStep" xmlns:xsi="http://www.w3.org/2001/XMLSchema-instance">
      <con:entry>
        <con:id>5e6bd86c-f12c-4bce-9427-b75d7d6d0b58</con:id>
        <con:isGroup>false</con:isGroup>
        <con:sourceId>ca9ebb5c-955a-404f-b6d4-87dd05963a4d</con:sourceId>
        <con:propertyName>res_errorMessage</con:propertyName>
        <con:assertion type="Simple Contains" name="Contains 3" id="9993bfe7-98d4-45e4-bc1a-2575a77876a8" disabled="true">
          <con:configuration>
            <token>^\s*$</token>
            <ignoreCase>false</ignoreCase>
            <useRegEx>true</useRegEx>
          </con:configuration>
        </con:assertion>
      </con:entry>
      <con:entry>
        <con:id>239108ff-914d-4858-bcc5-0d5474957f5f</con:id>
        <con:isGroup>false</con:isGroup>
        <con:sourceId>abbea664-ca85-4ee9-8685-2e21539ec873</con:sourceId>
        <con:propertyName>res_biItemId</con:propertyName>
        <con:assertion type="Simple Contains" name="Contains" id="ec530c0b-b619-4f44-ae70-d887a3f1ef81">
          <con:configuration>
            <token>^\s*$</token>
            <ignoreCase>false</ignoreCase>
            <useRegEx>true</useRegEx>
          </con:configuration>
        </con:assertion>
      </con:entry>
    </con:config>
  </con:testStep>
  <con:testStep type="transfer" name="Property Transfer for delete operations 2" id="e34accb2-0e6d-42d2-b1af-1bacb3065fd3">
    <con:settings/>
    <con:config xsi:type="con:PropertyTransfersStep" xmlns:xsi="http://www.w3.org/2001/XMLSchema-instance">
      <con:transfers setNullOnMissingSource="true" transferTextContent="true" failOnError="true" ignoreEmpty="false" transferToAll="false" entitize="false" transferChildNodes="false">
        <con:name>createdForSalesOrg1</con:name>
        <con:sourceType>DefaultSalesOrganizationRoleId</con:sourceType>
        <con:sourceStep>#Project#</con:sourceStep>
        <con:sourcePath/>
        <con:targetType>req_createdForSalesOrg</con:targetType>
        <con:targetStep>Delete create permission - selfScope</con:targetStep>
        <con:targetPath/>
        <con:upgraded>true</con:upgraded>
      </con:transfers>
      <con:transfers setNullOnMissingSource="true" transferTextContent="true" failOnError="true" ignoreEmpty="false" transferToAll="false" entitize="false" transferChildNodes="false">
        <con:name>createdForSalesOrg2</con:name>
        <con:sourceType>DefaultSalesOrganizationRoleId</con:sourceType>
        <con:sourceStep>#Project#</con:sourceStep>
        <con:targetType>req_createdForSalesOrg</con:targetType>
        <con:targetStep>Delete get permission - selfScope</con:targetStep>
        <con:upgraded>true</con:upgraded>
      </con:transfers>
      <con:transfers setNullOnMissingSource="true" transferTextContent="true" failOnError="true" ignoreEmpty="false" transferToAll="false" entitize="false" transferChildNodes="false">
        <con:name>createdForSalesOrg3</con:name>
        <con:sourceType>DefaultSalesOrganizationRoleId</con:sourceType>
        <con:sourceStep>#Project#</con:sourceStep>
        <con:targetType>req_createdForSalesOrg</con:targetType>
        <con:targetStep>Delete update permission - selfScope</con:targetStep>
        <con:upgraded>true</con:upgraded>
      </con:transfers>
    </con:config>
  </con:testStep>
  <con:testStep type="calltestcase" name="Delete create permission - selfScope" id="152c8f70-a668-4fcc-a379-eccdb5b29c51">
    <con:settings/>
    <con:config xsi:type="con:RunTestCaseStep" xmlns:xsi="http://www.w3.org/2001/XMLSchema-instance">
      <con:targetTestCase>ef1ecdf4-8483-46d8-a3c9-87064bd44ad2</con:targetTestCase>
      <con:properties>
        <con:property>
          <con:name>req_userId</con:name>
          <con:value>57</con:value>
        </con:property>
        <con:property>
          <con:name>req_soId</con:name>
          <con:value>55</con:value>
        </con:property>
        <con:property>
          <con:name>res_code</con:name>
          <con:value>200</con:value>
        </con:property>
        <con:property>
          <con:name>res_errorMessage</con:name>
          <con:value xsi:nil="true"/>
        </con:property>
        <con:property>
          <con:name>req_action</con:name>
          <con:value>TRM.Create</con:value>
        </con:property>
        <con:property>
          <con:name>req_createdForSalesOrg</con:name>
          <con:value>1</con:value>
        </con:property>
      </con:properties>
      <con:returnProperties>
        <con:entry>res_code</con:entry>
        <con:entry>res_errorMessage</con:entry>
      </con:returnProperties>
      <con:runMode>PARALLELL</con:runMode>
    </con:config>
  </con:testStep>
  <con:testStep type="calltestcase" name="Delete get permission - selfScope" id="666287a3-b8a1-488d-b9c2-947f4ed03e3c">
    <con:settings/>
    <con:config xsi:type="con:RunTestCaseStep" xmlns:xsi="http://www.w3.org/2001/XMLSchema-instance">
      <con:targetTestCase>ef1ecdf4-8483-46d8-a3c9-87064bd44ad2</con:targetTestCase>
      <con:properties>
        <con:property>
          <con:name>req_userId</con:name>
          <con:value>57</con:value>
        </con:property>
        <con:property>
          <con:name>req_soId</con:name>
          <con:value>55</con:value>
        </con:property>
        <con:property>
          <con:name>res_code</con:name>
          <con:value>200</con:value>
        </con:property>
        <con:property>
          <con:name>res_errorMessage</con:name>
          <con:value xsi:nil="true"/>
        </con:property>
        <con:property>
          <con:name>req_action</con:name>
          <con:value>TRM.Get</con:value>
        </con:property>
        <con:property>
          <con:name>req_createdForSalesOrg</con:name>
          <con:value>1</con:value>
        </con:property>
      </con:properties>
      <con:returnProperties>
        <con:entry>res_code</con:entry>
        <con:entry>res_errorMessage</con:entry>
      </con:returnProperties>
      <con:runMode>PARALLELL</con:runMode>
    </con:config>
  </con:testStep>
  <con:testStep type="calltestcase" name="Delete update permission - selfScope" id="3c0d0ff0-59cd-45c0-a842-a4776c328b2e">
    <con:settings/>
    <con:config xsi:type="con:RunTestCaseStep" xmlns:xsi="http://www.w3.org/2001/XMLSchema-instance">
      <con:targetTestCase>ef1ecdf4-8483-46d8-a3c9-87064bd44ad2</con:targetTestCase>
      <con:properties>
        <con:property>
          <con:name>req_userId</con:name>
          <con:value>57</con:value>
        </con:property>
        <con:property>
          <con:name>req_soId</con:name>
          <con:value>55</con:value>
        </con:property>
        <con:property>
          <con:name>res_code</con:name>
          <con:value>200</con:value>
        </con:property>
        <con:property>
          <con:name>res_errorMessage</con:name>
          <con:value xsi:nil="true"/>
        </con:property>
        <con:property>
          <con:name>req_action</con:name>
          <con:value>TRM.Update</con:value>
        </con:property>
        <con:property>
          <con:name>req_createdForSalesOrg</con:name>
          <con:value>1</con:value>
        </con:property>
      </con:properties>
      <con:returnProperties>
        <con:entry>res_code</con:entry>
        <con:entry>res_errorMessage</con:entry>
      </con:returnProperties>
      <con:runMode>PARALLELL</con:runMode>
    </con:config>
  </con:testStep>
  <con:testStep type="calltestcase" name="Delete all permissions" id="160c8682-6911-420d-8d20-202242edb95d">
    <con:settings/>
    <con:config xsi:type="con:RunTestCaseStep" xmlns:xsi="http://www.w3.org/2001/XMLSchema-instance">
      <con:targetTestCase>5206b52a-ed9d-476d-b282-12f78b0cf6eb</con:targetTestCase>
      <con:properties/>
      <con:returnProperties/>
      <con:runMode>PARALLELL</con:runMode>
    </con:config>
  </con:testStep>
  <con:testStep type="manualTestStep" name="****Create Terminal w/ SCOPES - post method - CreatedByBelowMyOrgScope*********************" id="ee324c76-e84d-4405-bb44-89829ae156ea" disabled="true">
    <con:settings/>
    <con:config xsi:type="con:ManualTestStep" xmlns:xsi="http://www.w3.org/2001/XMLSchema-instance"/>
  </con:testStep>
  <con:testStep type="transfer" name="Property Transfer - create perm - CreatedByBelowMyOrgScope" id="3ce4adbc-07bb-4b7e-99b2-43e286516ad1" disabled="true">
    <con:settings/>
    <con:config xsi:type="con:PropertyTransfersStep" xmlns:xsi="http://www.w3.org/2001/XMLSchema-instance">
      <con:transfers setNullOnMissingSource="true" transferTextContent="true" failOnError="true" ignoreEmpty="false" transferToAll="false" entitize="false" transferChildNodes="false">
        <con:name>userId</con:name>
        <con:sourceType>res_userRoleId</con:sourceType>
        <con:sourceStep>Create initial data</con:sourceStep>
        <con:sourcePath/>
        <con:targetType>req_UserId</con:targetType>
        <con:targetStep>Authorize create terminal - CreatedByBelowMyOrgScope</con:targetStep>
        <con:targetPath/>
        <con:upgraded>true</con:upgraded>
      </con:transfers>
      <con:transfers setNullOnMissingSource="true" transferTextContent="true" failOnError="true" ignoreEmpty="false" transferToAll="false" entitize="false" transferChildNodes="false">
        <con:name>soId</con:name>
        <con:sourceType>res_salesOrgId</con:sourceType>
        <con:sourceStep>Create initial data</con:sourceStep>
        <con:targetType>req_SoId</con:targetType>
        <con:targetStep>Authorize create terminal - CreatedByBelowMyOrgScope</con:targetStep>
        <con:upgraded>true</con:upgraded>
      </con:transfers>
      <con:transfers setNullOnMissingSource="true" transferTextContent="false" failOnError="true" ignoreEmpty="false" transferToAll="false" entitize="false" transferChildNodes="false">
        <con:name>domain</con:name>
        <con:sourceType>domain_terminal</con:sourceType>
        <con:sourceStep>Properties</con:sourceStep>
        <con:targetType>req_Domain</con:targetType>
        <con:targetStep>Authorize create terminal - CreatedByBelowMyOrgScope</con:targetStep>
        <con:upgraded>true</con:upgraded>
      </con:transfers>
      <con:transfers setNullOnMissingSource="true" transferTextContent="true" failOnError="true" ignoreEmpty="false" transferToAll="false" entitize="false" transferChildNodes="false">
        <con:name>action</con:name>
        <con:sourceType>action_CreateTerminal</con:sourceType>
        <con:sourceStep>Properties</con:sourceStep>
        <con:targetType>req_Action</con:targetType>
        <con:targetStep>Authorize create terminal - CreatedByBelowMyOrgScope</con:targetStep>
        <con:upgraded>true</con:upgraded>
      </con:transfers>
      <con:transfers setNullOnMissingSource="true" transferTextContent="true" failOnError="true" ignoreEmpty="false" transferToAll="false" entitize="false" transferChildNodes="false">
        <con:name>scope</con:name>
        <con:sourceType>scope_CreatedByBelowMyOrgScope</con:sourceType>
        <con:sourceStep>Properties</con:sourceStep>
        <con:targetType>req_Scope</con:targetType>
        <con:targetStep>Authorize create terminal - CreatedByBelowMyOrgScope</con:targetStep>
        <con:upgraded>true</con:upgraded>
      </con:transfers>
      <con:transfers setNullOnMissingSource="true" transferTextContent="true" failOnError="true" ignoreEmpty="false" transferToAll="false" entitize="false" transferChildNodes="false">
        <con:name>profile</con:name>
        <con:sourceType>profile_CSR</con:sourceType>
        <con:sourceStep>Properties</con:sourceStep>
        <con:targetType>req_Profile</con:targetType>
        <con:targetStep>Authorize create terminal - CreatedByBelowMyOrgScope</con:targetStep>
        <con:upgraded>true</con:upgraded>
      </con:transfers>
      <con:transfers setNullOnMissingSource="true" transferTextContent="true" failOnError="true" ignoreEmpty="false" transferToAll="false" entitize="false" transferChildNodes="false">
        <con:name>condition</con:name>
        <con:sourceType>condition_Null</con:sourceType>
        <con:sourceStep>Properties</con:sourceStep>
        <con:targetType>req_Condition</con:targetType>
        <con:targetStep>Authorize create terminal - CreatedByBelowMyOrgScope</con:targetStep>
        <con:upgraded>true</con:upgraded>
      </con:transfers>
      <con:transfers setNullOnMissingSource="true" transferTextContent="true" failOnError="true" ignoreEmpty="false" transferToAll="false" entitize="false" transferChildNodes="false">
        <con:name>userIntToken</con:name>
        <con:sourceType>userIntToken</con:sourceType>
        <con:sourceStep>Create initial data</con:sourceStep>
        <con:targetType>AuthorizationIntUser</con:targetType>
        <con:targetStep>#Project#</con:targetStep>
        <con:upgraded>true</con:upgraded>
      </con:transfers>
      <con:transfers setNullOnMissingSource="true" transferTextContent="true" failOnError="true" ignoreEmpty="false" transferToAll="false" entitize="false" transferChildNodes="false">
        <con:name>userSo</con:name>
        <con:sourceType>res_salesOrgId</con:sourceType>
        <con:sourceStep>Create initial data</con:sourceStep>
        <con:targetType>UserSo</con:targetType>
        <con:targetStep>#Project#</con:targetStep>
        <con:upgraded>true</con:upgraded>
      </con:transfers>
    </con:config>
  </con:testStep>
  <con:testStep type="calltestcase" name="Authorize create terminal - CreatedByBelowMyOrgScope" id="34d7f275-c08d-4613-94f2-82e1e4226d6c" disabled="true">
    <con:settings/>
    <con:config xsi:type="con:RunTestCaseStep" xmlns:xsi="http://www.w3.org/2001/XMLSchema-instance">
      <con:targetTestCase>7598e6a9-915e-450f-9530-8976eb29de47</con:targetTestCase>
      <con:properties>
        <con:property>
          <con:name>req_UserId</con:name>
          <con:value>37</con:value>
        </con:property>
        <con:property>
          <con:name>req_SoId</con:name>
          <con:value>35</con:value>
        </con:property>
        <con:property>
          <con:name>req_Domain</con:name>
          <con:value>TRM</con:value>
        </con:property>
        <con:property>
          <con:name>req_Action</con:name>
          <con:value>TRM.Create</con:value>
        </con:property>
        <con:property>
          <con:name>req_Scope</con:name>
          <con:value>CreatedByBelowMyOrgScope</con:value>
        </con:property>
        <con:property>
          <con:name>req_Profile</con:name>
          <con:value>CSR</con:value>
        </con:property>
        <con:property>
          <con:name>req_Condition</con:name>
          <con:value>NullCondition</con:value>
        </con:property>
        <con:property>
          <con:name>res_code</con:name>
          <con:value>200</con:value>
        </con:property>
        <con:property>
          <con:name>res_errorMessageCreate</con:name>
          <con:value xsi:nil="true"/>
        </con:property>
        <con:property>
          <con:name>res_errorMessageAdd</con:name>
          <con:value xsi:nil="true"/>
        </con:property>
        <con:property>
          <con:name>res_errorMessageSubmit</con:name>
          <con:value xsi:nil="true"/>
        </con:property>
        <con:property>
          <con:name>response</con:name>
          <con:value>{"businessInteractionType":34,"code":"PP-157","description":"Profile Permission at [name-ext-7e5f66ba-8d3a-4b0a-802d-60d8443318c9] by [John Smith]","mainState":0,"state":5,"createdDate":"2017-10-23T06:08:38+0000","businessInteractionSpec":{"id":75,"journaled":false,"name":"Profile Permission bi spec","specificationType":0,"allowSubmitBIWithoutItem":false,"requiresSession":false,"code":"PROFILE_PERMISSION","requiresActiveSO":false,"dynamicMap":{},"type":"com.ericsson.bss.rm.erms.core.entity.dto.bi.BusinessInteractionSpecDTO"},"createdByUserId":"37","createdBySalesOrganizationId":"35","preventUpdateFromOtherSystem":false,"items":[],"businessInteractionRoleId1":61,"businessInteractionRoleId2":58,"businessInteractionRoleId3":58,"id":157,"href":"/v1/profilePermission/157","dynamicMap":{},"type":"com.ericsson.bss.rm.erms.core.entity.dto.bi.profilepermission.ProfilePermissionBIResponseDTO"}</con:value>
        </con:property>
        <con:property>
          <con:name>req_createdForSalesOrg</con:name>
          <con:value>1</con:value>
        </con:property>
      </con:properties>
      <con:returnProperties>
        <con:entry>res_code</con:entry>
        <con:entry>res_errorMessageCreate</con:entry>
        <con:entry>res_errorMessageAdd</con:entry>
        <con:entry>res_errorMessageSubmit</con:entry>
        <con:entry>response</con:entry>
      </con:returnProperties>
      <con:runMode>PARALLELL</con:runMode>
    </con:config>
  </con:testStep>
  <con:testStep type="assertionteststep" name="Assertion terminal create permission successfully created - CreatedByBelowMyOrgScope" id="c815b8ee-101c-4766-80a8-750de34254f7" disabled="true">
    <con:settings/>
    <con:config xsi:type="con:AssertionTestStep" xmlns:xsi="http://www.w3.org/2001/XMLSchema-instance">
      <con:entry>
        <con:id>c1a628f6-53f6-4dc6-b3b3-1d710a1972cd</con:id>
        <con:isGroup>false</con:isGroup>
        <con:sourceId>cf142e3d-3f6c-470a-a58c-306776560ab0</con:sourceId>
        <con:propertyName>http200</con:propertyName>
        <con:assertion type="Simple Equals" name="Equals" id="73dedf3f-b9b6-49e9-a7af-02472c8190d1">
          <con:configuration>
            <patternObjectId>34d7f275-c08d-4613-94f2-82e1e4226d6c</patternObjectId>
            <patternProperty>res_code</patternProperty>
            <caseSensitive>true</caseSensitive>
          </con:configuration>
        </con:assertion>
      </con:entry>
    </con:config>
  </con:testStep>
  <con:testStep type="transfer" name="Property Transfer create terminal bi - CreatedByBelowMyOrgScope" id="e0fe5d54-b8a5-4bb0-a84b-39d74faded12" disabled="true">
    <con:settings/>
    <con:config xsi:type="con:PropertyTransfersStep" xmlns:xsi="http://www.w3.org/2001/XMLSchema-instance">
      <con:transfers setNullOnMissingSource="true" transferTextContent="true" failOnError="true" ignoreEmpty="false" transferToAll="false" entitize="false" transferChildNodes="false">
        <con:name>userId</con:name>
        <con:sourceType>res_userRoleId</con:sourceType>
        <con:sourceStep>Create initial data</con:sourceStep>
        <con:sourcePath/>
        <con:targetType>req_userRoleId</con:targetType>
        <con:targetStep>Create terminal bi  - CreatedByBelowMyOrgScope</con:targetStep>
        <con:targetPath/>
        <con:upgraded>true</con:upgraded>
      </con:transfers>
      <con:transfers setNullOnMissingSource="true" transferTextContent="true" failOnError="true" ignoreEmpty="false" transferToAll="false" entitize="false" transferChildNodes="false">
        <con:name>soId</con:name>
        <con:sourceType>res_salesOrgId</con:sourceType>
        <con:sourceStep>Create initial data</con:sourceStep>
        <con:targetType>req_salesOrgRoleId</con:targetType>
        <con:targetStep>Create terminal bi  - CreatedByBelowMyOrgScope</con:targetStep>
        <con:upgraded>true</con:upgraded>
      </con:transfers>
      <con:transfers setNullOnMissingSource="true" transferTextContent="true" failOnError="true" ignoreEmpty="false" transferToAll="false" entitize="false" transferChildNodes="false">
        <con:name>userToken</con:name>
        <con:sourceType>userToken</con:sourceType>
        <con:sourceStep>Create initial data</con:sourceStep>
        <con:targetType>AuthorizationUser</con:targetType>
        <con:targetStep>#Project#</con:targetStep>
        <con:upgraded>true</con:upgraded>
      </con:transfers>
    </con:config>
  </con:testStep>
  <con:testStep type="calltestcase" name="Create terminal bi  - CreatedByBelowMyOrgScope" id="d723e1c3-3589-4330-afc4-e7f7d6fc647a" disabled="true">
    <con:settings/>
    <con:config xsi:type="con:RunTestCaseStep" xmlns:xsi="http://www.w3.org/2001/XMLSchema-instance">
      <con:targetTestCase>dd134965-c927-42c2-b77c-aa9898d86735</con:targetTestCase>
      <con:properties>
        <con:property>
          <con:name>res_biId</con:name>
          <con:value>158</con:value>
        </con:property>
        <con:property>
          <con:name>req_userRoleId</con:name>
          <con:value>37</con:value>
        </con:property>
        <con:property>
          <con:name>req_salesOrgRoleId</con:name>
          <con:value>35</con:value>
        </con:property>
      </con:properties>
      <con:returnProperties>
        <con:entry>res_biId</con:entry>
      </con:returnProperties>
      <con:runMode>PARALLELL</con:runMode>
    </con:config>
  </con:testStep>
  <con:testStep type="assertionteststep" name="Assertion terminal successfully created - CreatedByBelowMyOrgScope" id="6ae1578f-90f6-4e6e-aef2-e7cd78d76b6c" disabled="true">
    <con:settings/>
    <con:config xsi:type="con:AssertionTestStep" xmlns:xsi="http://www.w3.org/2001/XMLSchema-instance">
      <con:entry>
        <con:id>823ba1be-ff6d-4e85-a932-fe3621a7aac2</con:id>
        <con:isGroup>false</con:isGroup>
        <con:sourceId>d723e1c3-3589-4330-afc4-e7f7d6fc647a</con:sourceId>
        <con:propertyName>res_biId</con:propertyName>
        <con:assertion type="Simple Contains" name="Contains 2" id="c289e949-2086-4712-ad68-fe3cbd38e984">
          <con:configuration>
            <token>\d+</token>
            <ignoreCase>false</ignoreCase>
            <useRegEx>true</useRegEx>
          </con:configuration>
        </con:assertion>
      </con:entry>
    </con:config>
  </con:testStep>
  <con:testStep type="transfer" name="Property Transfer to update perm - CreatedByBelowMyOrgScope" id="990a35ee-f5b2-4b8f-b220-6de1eeed2837" disabled="true">
    <con:settings/>
    <con:config xsi:type="con:PropertyTransfersStep" xmlns:xsi="http://www.w3.org/2001/XMLSchema-instance">
      <con:transfers setNullOnMissingSource="true" transferTextContent="true" failOnError="true" ignoreEmpty="false" transferToAll="false" entitize="false" transferChildNodes="false">
        <con:name>userId</con:name>
        <con:sourceType>res_userRoleId</con:sourceType>
        <con:sourceStep>Create initial data</con:sourceStep>
        <con:sourcePath/>
        <con:targetType>req_UserId</con:targetType>
        <con:targetStep>Authorize update item to terminal - CreatedByBelowMyOrgScope</con:targetStep>
        <con:targetPath/>
        <con:upgraded>true</con:upgraded>
      </con:transfers>
      <con:transfers setNullOnMissingSource="true" transferTextContent="true" failOnError="true" ignoreEmpty="false" transferToAll="false" entitize="false" transferChildNodes="false">
        <con:name>soId</con:name>
        <con:sourceType>res_salesOrgId</con:sourceType>
        <con:sourceStep>Create initial data</con:sourceStep>
        <con:targetType>req_SoId</con:targetType>
        <con:targetStep>Authorize update item to terminal - CreatedByBelowMyOrgScope</con:targetStep>
        <con:upgraded>true</con:upgraded>
      </con:transfers>
      <con:transfers setNullOnMissingSource="true" transferTextContent="true" failOnError="true" ignoreEmpty="false" transferToAll="false" entitize="false" transferChildNodes="false">
        <con:name>domain</con:name>
        <con:sourceType>domain_terminal</con:sourceType>
        <con:sourceStep>Properties</con:sourceStep>
        <con:targetType>req_Domain</con:targetType>
        <con:targetStep>Authorize update item to terminal - CreatedByBelowMyOrgScope</con:targetStep>
        <con:upgraded>true</con:upgraded>
      </con:transfers>
      <con:transfers setNullOnMissingSource="true" transferTextContent="true" failOnError="true" ignoreEmpty="false" transferToAll="false" entitize="false" transferChildNodes="false">
        <con:name>action</con:name>
        <con:sourceType>action_UpdateTerminal</con:sourceType>
        <con:sourceStep>Properties</con:sourceStep>
        <con:targetType>req_Action</con:targetType>
        <con:targetStep>Authorize update item to terminal - CreatedByBelowMyOrgScope</con:targetStep>
        <con:upgraded>true</con:upgraded>
      </con:transfers>
      <con:transfers setNullOnMissingSource="true" transferTextContent="true" failOnError="true" ignoreEmpty="false" transferToAll="false" entitize="false" transferChildNodes="false">
        <con:name>scope</con:name>
        <con:sourceType>scope_CreatedByBelowMyOrgScope</con:sourceType>
        <con:sourceStep>Properties</con:sourceStep>
        <con:targetType>req_Scope</con:targetType>
        <con:targetStep>Authorize update item to terminal - CreatedByBelowMyOrgScope</con:targetStep>
        <con:upgraded>true</con:upgraded>
      </con:transfers>
      <con:transfers setNullOnMissingSource="true" transferTextContent="true" failOnError="true" ignoreEmpty="false" transferToAll="false" entitize="false" transferChildNodes="false">
        <con:name>profile</con:name>
        <con:sourceType>profile_CSR</con:sourceType>
        <con:sourceStep>Properties</con:sourceStep>
        <con:targetType>req_Profile</con:targetType>
        <con:targetStep>Authorize update item to terminal - CreatedByBelowMyOrgScope</con:targetStep>
        <con:upgraded>true</con:upgraded>
      </con:transfers>
      <con:transfers setNullOnMissingSource="true" transferTextContent="true" failOnError="true" ignoreEmpty="false" transferToAll="false" entitize="false" transferChildNodes="false">
        <con:name>condition</con:name>
        <con:sourceType>condition_Null</con:sourceType>
        <con:sourceStep>Properties</con:sourceStep>
        <con:targetType>req_Condition</con:targetType>
        <con:targetStep>Authorize update item to terminal - CreatedByBelowMyOrgScope</con:targetStep>
        <con:upgraded>true</con:upgraded>
      </con:transfers>
    </con:config>
  </con:testStep>
  <con:testStep type="calltestcase" name="Authorize update item to terminal - CreatedByBelowMyOrgScope" id="015d32de-4b39-452e-8fe3-d4799b5c7976" disabled="true">
    <con:settings/>
    <con:config xsi:type="con:RunTestCaseStep" xmlns:xsi="http://www.w3.org/2001/XMLSchema-instance">
      <con:targetTestCase>7598e6a9-915e-450f-9530-8976eb29de47</con:targetTestCase>
      <con:properties>
        <con:property>
          <con:name>req_UserId</con:name>
          <con:value>37</con:value>
        </con:property>
        <con:property>
          <con:name>req_SoId</con:name>
          <con:value>35</con:value>
        </con:property>
        <con:property>
          <con:name>req_Domain</con:name>
          <con:value>TRM</con:value>
        </con:property>
        <con:property>
          <con:name>req_Action</con:name>
          <con:value>TRM.Update</con:value>
        </con:property>
        <con:property>
          <con:name>req_Scope</con:name>
          <con:value>CreatedByBelowMyOrgScope</con:value>
        </con:property>
        <con:property>
          <con:name>req_Profile</con:name>
          <con:value>CSR</con:value>
        </con:property>
        <con:property>
          <con:name>req_Condition</con:name>
          <con:value>NullCondition</con:value>
        </con:property>
        <con:property>
          <con:name>res_code</con:name>
          <con:value>200</con:value>
        </con:property>
        <con:property>
          <con:name>res_errorMessageCreate</con:name>
          <con:value xsi:nil="true"/>
        </con:property>
        <con:property>
          <con:name>res_errorMessageAdd</con:name>
          <con:value xsi:nil="true"/>
        </con:property>
        <con:property>
          <con:name>res_errorMessageSubmit</con:name>
          <con:value xsi:nil="true"/>
        </con:property>
        <con:property>
          <con:name>response</con:name>
          <con:value>{"businessInteractionType":34,"code":"PP-159","description":"Profile Permission at [name-ext-7e5f66ba-8d3a-4b0a-802d-60d8443318c9] by [John Smith]","mainState":0,"state":5,"createdDate":"2017-10-23T06:08:39+0000","businessInteractionSpec":{"id":75,"journaled":false,"name":"Profile Permission bi spec","specificationType":0,"allowSubmitBIWithoutItem":false,"requiresSession":false,"code":"PROFILE_PERMISSION","requiresActiveSO":false,"dynamicMap":{},"type":"com.ericsson.bss.rm.erms.core.entity.dto.bi.BusinessInteractionSpecDTO"},"createdByUserId":"37","createdBySalesOrganizationId":"35","preventUpdateFromOtherSystem":false,"items":[],"businessInteractionRoleId1":61,"businessInteractionRoleId2":58,"businessInteractionRoleId3":58,"id":159,"href":"/v1/profilePermission/159","dynamicMap":{},"type":"com.ericsson.bss.rm.erms.core.entity.dto.bi.profilepermission.ProfilePermissionBIResponseDTO"}</con:value>
        </con:property>
        <con:property>
          <con:name>req_createdForSalesOrg</con:name>
        </con:property>
      </con:properties>
      <con:returnProperties>
        <con:entry>res_code</con:entry>
        <con:entry>res_errorMessageCreate</con:entry>
        <con:entry>res_errorMessageAdd</con:entry>
        <con:entry>res_errorMessageSubmit</con:entry>
        <con:entry>response</con:entry>
      </con:returnProperties>
      <con:runMode>PARALLELL</con:runMode>
    </con:config>
  </con:testStep>
  <con:testStep type="assertionteststep" name="Assertion terminal update permission is created  - CreatedByBelowMyOrgScope" id="48cbeeb8-a7b2-48eb-bcdc-46e3fcb5fc0f" disabled="true">
    <con:settings/>
    <con:config xsi:type="con:AssertionTestStep" xmlns:xsi="http://www.w3.org/2001/XMLSchema-instance">
      <con:entry>
        <con:id>36148eb6-cc62-4e9f-b969-ef3a4e1b1aaa</con:id>
        <con:isGroup>false</con:isGroup>
        <con:sourceId>cf142e3d-3f6c-470a-a58c-306776560ab0</con:sourceId>
        <con:propertyName>http200</con:propertyName>
        <con:assertion type="Simple Equals" name="Equals" id="b92502b7-e6b9-4f83-ac6b-7f205336a774">
          <con:configuration>
            <patternObjectId>015d32de-4b39-452e-8fe3-d4799b5c7976</patternObjectId>
            <patternProperty>res_code</patternProperty>
            <caseSensitive>true</caseSensitive>
          </con:configuration>
        </con:assertion>
      </con:entry>
    </con:config>
  </con:testStep>
  <con:testStep type="transfer" name="Property Transfer to get terminal perm  - CreatedByBelowMyOrgScope" id="9782d6ae-2d95-47f5-931c-767890fbee20" disabled="true">
    <con:settings/>
    <con:config xsi:type="con:PropertyTransfersStep" xmlns:xsi="http://www.w3.org/2001/XMLSchema-instance">
      <con:transfers setNullOnMissingSource="false" transferTextContent="true" failOnError="true" ignoreEmpty="false" transferToAll="false" entitize="false" transferChildNodes="false">
        <con:name>userId</con:name>
        <con:sourceType>res_userRoleId</con:sourceType>
        <con:sourceStep>Create initial data</con:sourceStep>
        <con:sourcePath/>
        <con:targetType>req_UserId</con:targetType>
        <con:targetStep>Authorize get item to terminal  - CreatedByBelowMyOrgScope</con:targetStep>
        <con:targetPath/>
        <con:upgraded>true</con:upgraded>
      </con:transfers>
      <con:transfers setNullOnMissingSource="true" transferTextContent="true" failOnError="true" ignoreEmpty="false" transferToAll="false" entitize="false" transferChildNodes="false">
        <con:name>soId</con:name>
        <con:sourceType>res_salesOrgId</con:sourceType>
        <con:sourceStep>Create initial data</con:sourceStep>
        <con:targetType>req_SoId</con:targetType>
        <con:targetStep>Authorize get item to terminal  - CreatedByBelowMyOrgScope</con:targetStep>
        <con:upgraded>true</con:upgraded>
      </con:transfers>
      <con:transfers setNullOnMissingSource="true" transferTextContent="true" failOnError="true" ignoreEmpty="false" transferToAll="false" entitize="false" transferChildNodes="false">
        <con:name>domain</con:name>
        <con:sourceType>domain_terminal</con:sourceType>
        <con:sourceStep>Properties</con:sourceStep>
        <con:targetType>req_Domain</con:targetType>
        <con:targetStep>Authorize get item to terminal  - CreatedByBelowMyOrgScope</con:targetStep>
        <con:upgraded>true</con:upgraded>
      </con:transfers>
      <con:transfers setNullOnMissingSource="true" transferTextContent="true" failOnError="true" ignoreEmpty="false" transferToAll="false" entitize="false" transferChildNodes="false">
        <con:name>action</con:name>
        <con:sourceType>action_GetTerminal</con:sourceType>
        <con:sourceStep>Properties</con:sourceStep>
        <con:targetType>req_Action</con:targetType>
        <con:targetStep>Authorize get item to terminal  - CreatedByBelowMyOrgScope</con:targetStep>
        <con:upgraded>true</con:upgraded>
      </con:transfers>
      <con:transfers setNullOnMissingSource="true" transferTextContent="true" failOnError="true" ignoreEmpty="false" transferToAll="false" entitize="false" transferChildNodes="false">
        <con:name>scope</con:name>
        <con:sourceType>scope_CreatedByBelowMyOrgScope</con:sourceType>
        <con:sourceStep>Properties</con:sourceStep>
        <con:targetType>req_Scope</con:targetType>
        <con:targetStep>Authorize get item to terminal  - CreatedByBelowMyOrgScope</con:targetStep>
        <con:upgraded>true</con:upgraded>
      </con:transfers>
      <con:transfers setNullOnMissingSource="true" transferTextContent="true" failOnError="true" ignoreEmpty="false" transferToAll="false" entitize="false" transferChildNodes="false">
        <con:name>profile</con:name>
        <con:sourceType>profile_CSR</con:sourceType>
        <con:sourceStep>Properties</con:sourceStep>
        <con:targetType>req_Profile</con:targetType>
        <con:targetStep>Authorize get item to terminal  - CreatedByBelowMyOrgScope</con:targetStep>
        <con:upgraded>true</con:upgraded>
      </con:transfers>
      <con:transfers setNullOnMissingSource="true" transferTextContent="true" failOnError="true" ignoreEmpty="false" transferToAll="false" entitize="false" transferChildNodes="false">
        <con:name>condition</con:name>
        <con:sourceType>condition_Null</con:sourceType>
        <con:sourceStep>Properties</con:sourceStep>
        <con:targetType>req_Condition</con:targetType>
        <con:targetStep>Authorize get item to terminal  - CreatedByBelowMyOrgScope</con:targetStep>
        <con:upgraded>true</con:upgraded>
      </con:transfers>
    </con:config>
  </con:testStep>
  <con:testStep type="calltestcase" name="Authorize get item to terminal  - CreatedByBelowMyOrgScope" id="4b2a4c24-9fb9-4a33-b449-65c146272f3e" disabled="true">
    <con:settings/>
    <con:config xsi:type="con:RunTestCaseStep" xmlns:xsi="http://www.w3.org/2001/XMLSchema-instance">
      <con:targetTestCase>7598e6a9-915e-450f-9530-8976eb29de47</con:targetTestCase>
      <con:properties>
        <con:property>
          <con:name>req_UserId</con:name>
          <con:value>37</con:value>
        </con:property>
        <con:property>
          <con:name>req_SoId</con:name>
          <con:value>35</con:value>
        </con:property>
        <con:property>
          <con:name>req_Domain</con:name>
          <con:value>TRM</con:value>
        </con:property>
        <con:property>
          <con:name>req_Action</con:name>
          <con:value>TRM.Get</con:value>
        </con:property>
        <con:property>
          <con:name>req_Scope</con:name>
          <con:value>CreatedByBelowMyOrgScope</con:value>
        </con:property>
        <con:property>
          <con:name>req_Profile</con:name>
          <con:value>CSR</con:value>
        </con:property>
        <con:property>
          <con:name>req_Condition</con:name>
          <con:value>NullCondition</con:value>
        </con:property>
        <con:property>
          <con:name>res_code</con:name>
          <con:value>200</con:value>
        </con:property>
        <con:property>
          <con:name>res_errorMessageCreate</con:name>
          <con:value xsi:nil="true"/>
        </con:property>
        <con:property>
          <con:name>res_errorMessageAdd</con:name>
          <con:value xsi:nil="true"/>
        </con:property>
        <con:property>
          <con:name>res_errorMessageSubmit</con:name>
          <con:value xsi:nil="true"/>
        </con:property>
        <con:property>
          <con:name>response</con:name>
          <con:value>{"businessInteractionType":34,"code":"PP-160","description":"Profile Permission at [name-ext-7e5f66ba-8d3a-4b0a-802d-60d8443318c9] by [John Smith]","mainState":0,"state":5,"createdDate":"2017-10-23T06:08:39+0000","businessInteractionSpec":{"id":75,"journaled":false,"name":"Profile Permission bi spec","specificationType":0,"allowSubmitBIWithoutItem":false,"requiresSession":false,"code":"PROFILE_PERMISSION","requiresActiveSO":false,"dynamicMap":{},"type":"com.ericsson.bss.rm.erms.core.entity.dto.bi.BusinessInteractionSpecDTO"},"createdByUserId":"37","createdBySalesOrganizationId":"35","preventUpdateFromOtherSystem":false,"items":[],"businessInteractionRoleId1":61,"businessInteractionRoleId2":58,"businessInteractionRoleId3":58,"id":160,"href":"/v1/profilePermission/160","dynamicMap":{},"type":"com.ericsson.bss.rm.erms.core.entity.dto.bi.profilepermission.ProfilePermissionBIResponseDTO"}</con:value>
        </con:property>
        <con:property>
          <con:name>req_createdForSalesOrg</con:name>
        </con:property>
      </con:properties>
      <con:returnProperties>
        <con:entry>res_code</con:entry>
        <con:entry>res_errorMessageCreate</con:entry>
        <con:entry>res_errorMessageAdd</con:entry>
        <con:entry>res_errorMessageSubmit</con:entry>
        <con:entry>response</con:entry>
      </con:returnProperties>
      <con:runMode>PARALLELL</con:runMode>
    </con:config>
  </con:testStep>
  <con:testStep type="assertionteststep" name="Assertion terminal get permission is created - CreatedByBelowMyOrgScope" id="185d1caa-5be6-4568-bba1-ef4fb0ce52da" disabled="true">
    <con:settings/>
    <con:config xsi:type="con:AssertionTestStep" xmlns:xsi="http://www.w3.org/2001/XMLSchema-instance">
      <con:entry>
        <con:id>406251dc-281f-4959-ba7e-ffaeee3d241b</con:id>
        <con:isGroup>false</con:isGroup>
        <con:sourceId>cf142e3d-3f6c-470a-a58c-306776560ab0</con:sourceId>
        <con:propertyName>http200</con:propertyName>
        <con:assertion type="Simple Equals" name="Equals" id="747b47df-371c-4d18-9761-98190219dc59">
          <con:configuration>
            <patternObjectId>4b2a4c24-9fb9-4a33-b449-65c146272f3e</patternObjectId>
            <patternProperty>res_code</patternProperty>
            <caseSensitive>true</caseSensitive>
          </con:configuration>
        </con:assertion>
      </con:entry>
    </con:config>
  </con:testStep>
  <con:testStep type="transfer" name="Property Transfer add item - success -  parent - CreatedByBelowMyOrgScope" id="6c0448f3-213d-4a69-93c6-d3f86f7ea871" disabled="true">
    <con:settings/>
    <con:config xsi:type="con:PropertyTransfersStep" xmlns:xsi="http://www.w3.org/2001/XMLSchema-instance">
      <con:transfers setNullOnMissingSource="true" transferTextContent="true" failOnError="true" ignoreEmpty="false" transferToAll="false" entitize="false" transferChildNodes="false">
        <con:name>invExtId</con:name>
        <con:sourceType>random_inventoryExtId</con:sourceType>
        <con:sourceStep>Properties</con:sourceStep>
        <con:sourcePath/>
        <con:targetType>req_externalId</con:targetType>
        <con:targetStep>Add item to create terminal bi - success - parent - CreatedByBelowMyOrgScope</con:targetStep>
        <con:targetPath/>
        <con:upgraded>true</con:upgraded>
      </con:transfers>
      <con:transfers setNullOnMissingSource="true" transferTextContent="true" failOnError="true" ignoreEmpty="false" transferToAll="false" entitize="false" transferChildNodes="false">
        <con:name>biId</con:name>
        <con:sourceType>res_biId</con:sourceType>
        <con:sourceStep>Create terminal bi  - CreatedByBelowMyOrgScope</con:sourceStep>
        <con:targetType>req_biId</con:targetType>
        <con:targetStep>Add item to create terminal bi - success - parent - CreatedByBelowMyOrgScope</con:targetStep>
        <con:upgraded>true</con:upgraded>
      </con:transfers>
      <con:transfers setNullOnMissingSource="true" transferTextContent="true" failOnError="true" ignoreEmpty="false" transferToAll="false" entitize="false" transferChildNodes="false">
        <con:name>soId</con:name>
        <con:sourceType>res_salesOrgId</con:sourceType>
        <con:sourceStep>Create initial data</con:sourceStep>
        <con:targetType>req_salesOrgId</con:targetType>
        <con:targetStep>Add item to create terminal bi - success - parent - CreatedByBelowMyOrgScope</con:targetStep>
        <con:upgraded>true</con:upgraded>
      </con:transfers>
      <con:transfers setNullOnMissingSource="true" transferTextContent="true" failOnError="true" ignoreEmpty="false" transferToAll="false" entitize="false" transferChildNodes="false">
        <con:name>userSo</con:name>
        <con:sourceType>res_salesOrgId</con:sourceType>
        <con:sourceStep>Create initial data4_parentOfInitialData</con:sourceStep>
        <con:targetType>UserSo</con:targetType>
        <con:targetStep>#Project#</con:targetStep>
        <con:upgraded>true</con:upgraded>
      </con:transfers>
      <con:transfers setNullOnMissingSource="true" transferTextContent="true" failOnError="true" ignoreEmpty="false" transferToAll="false" entitize="false" transferChildNodes="false">
        <con:name>userToken</con:name>
        <con:sourceType>userToken</con:sourceType>
        <con:sourceStep>Create initial data4_parentOfInitialData</con:sourceStep>
        <con:targetType>AuthorizationUser</con:targetType>
        <con:targetStep>#Project#</con:targetStep>
        <con:upgraded>true</con:upgraded>
      </con:transfers>
    </con:config>
  </con:testStep>
  <con:testStep type="calltestcase" name="Add item to create terminal bi - success - parent - CreatedByBelowMyOrgScope" id="cfa0eb99-a21e-40d5-95c3-aa26292be421" disabled="true">
    <con:settings/>
    <con:config xsi:type="con:RunTestCaseStep" xmlns:xsi="http://www.w3.org/2001/XMLSchema-instance">
      <con:targetTestCase>c2cf8d8e-d749-4306-b31a-9517cd1e26d6</con:targetTestCase>
      <con:properties>
        <con:property>
          <con:name>req_biId</con:name>
          <con:value>158</con:value>
        </con:property>
        <con:property>
          <con:name>req_externalId</con:name>
          <con:value>ext-${=java.util.UUID.randomUUID()}</con:value>
        </con:property>
        <con:property>
          <con:name>res_biId</con:name>
          <con:value>158</con:value>
        </con:property>
        <con:property>
          <con:name>res_biItemId</con:name>
          <con:value xsi:nil="true"/>
        </con:property>
        <con:property>
          <con:name>req_salesOrgId</con:name>
          <con:value>35</con:value>
        </con:property>
        <con:property>
          <con:name>res_errorMessage</con:name>
          <con:value xsi:nil="true"/>
        </con:property>
      </con:properties>
      <con:returnProperties>
        <con:entry>res_biId</con:entry>
        <con:entry>res_biItemId</con:entry>
        <con:entry>res_errorMessage</con:entry>
      </con:returnProperties>
      <con:runMode>PARALLELL</con:runMode>
    </con:config>
  </con:testStep>
  <con:testStep type="assertionteststep" name="Assertion terminal add item - success - parent - CreatedByBelowMyOrgScope" id="4c451e1a-e177-422d-969f-fada6684f5c5" disabled="true">
    <con:settings/>
    <con:config xsi:type="con:AssertionTestStep" xmlns:xsi="http://www.w3.org/2001/XMLSchema-instance">
      <con:entry>
        <con:id>10e035df-a3e8-4dbe-8c7c-4a56876ac2bf</con:id>
        <con:isGroup>false</con:isGroup>
        <con:sourceId>ca9ebb5c-955a-404f-b6d4-87dd05963a4d</con:sourceId>
        <con:propertyName>res_errorMessage</con:propertyName>
        <con:assertion type="Simple Contains" name="Contains 3" id="88e38611-aa18-445f-a787-88872821bcb2" disabled="true">
          <con:configuration>
            <token>^\s*$</token>
            <ignoreCase>false</ignoreCase>
            <useRegEx>true</useRegEx>
          </con:configuration>
        </con:assertion>
      </con:entry>
      <con:entry>
        <con:id>0c5e9ab7-768f-44c8-8a0f-6cddedb4922d</con:id>
        <con:isGroup>false</con:isGroup>
        <con:sourceId>cfa0eb99-a21e-40d5-95c3-aa26292be421</con:sourceId>
        <con:propertyName>res_biItemId</con:propertyName>
        <con:assertion type="Simple Contains" name="Contains" id="2ac929e3-8daa-4f72-8e44-8e47d1b6aa4a">
          <con:configuration>
            <token>\d+</token>
            <ignoreCase>false</ignoreCase>
            <useRegEx>true</useRegEx>
          </con:configuration>
        </con:assertion>
      </con:entry>
    </con:config>
  </con:testStep>
  <con:testStep type="transfer" name="Property Transfer add item - fail - child - CreatedByBelowMyOrgScope" id="ce1d9cf2-5c76-4259-bc64-790a3af715d3" disabled="true">
    <con:settings/>
    <con:config xsi:type="con:PropertyTransfersStep" xmlns:xsi="http://www.w3.org/2001/XMLSchema-instance">
      <con:transfers setNullOnMissingSource="true" transferTextContent="true" failOnError="true" ignoreEmpty="false" transferToAll="false" entitize="false" transferChildNodes="false">
        <con:name>invExtId</con:name>
        <con:sourceType>random_inventoryExtId</con:sourceType>
        <con:sourceStep>Properties</con:sourceStep>
        <con:sourcePath/>
        <con:targetType>req_externalId</con:targetType>
        <con:targetStep>Add item to create terminal bi - fail - child - CreatedByBelowMyOrgScope</con:targetStep>
        <con:targetPath/>
        <con:upgraded>true</con:upgraded>
      </con:transfers>
      <con:transfers setNullOnMissingSource="true" transferTextContent="true" failOnError="true" ignoreEmpty="false" transferToAll="false" entitize="false" transferChildNodes="false">
        <con:name>biId</con:name>
        <con:sourceType>res_biId</con:sourceType>
        <con:sourceStep>Create terminal bi  - CreatedByBelowMyOrgScope</con:sourceStep>
        <con:targetType>req_biId</con:targetType>
        <con:targetStep>Add item to create terminal bi - fail - child - CreatedByBelowMyOrgScope</con:targetStep>
        <con:upgraded>true</con:upgraded>
      </con:transfers>
      <con:transfers setNullOnMissingSource="true" transferTextContent="true" failOnError="true" ignoreEmpty="false" transferToAll="false" entitize="false" transferChildNodes="false">
        <con:name>soId</con:name>
        <con:sourceType>res_salesOrgId</con:sourceType>
        <con:sourceStep>Create initial data</con:sourceStep>
        <con:targetType>req_salesOrgId</con:targetType>
        <con:targetStep>Add item to create terminal bi - fail - child - CreatedByBelowMyOrgScope</con:targetStep>
        <con:upgraded>true</con:upgraded>
      </con:transfers>
      <con:transfers setNullOnMissingSource="true" transferTextContent="true" failOnError="true" ignoreEmpty="false" transferToAll="false" entitize="false" transferChildNodes="false">
        <con:name>userSo</con:name>
        <con:sourceType>res_salesOrgId</con:sourceType>
        <con:sourceStep>Create initial data3_childOfInitialData</con:sourceStep>
        <con:targetType>UserSo</con:targetType>
        <con:targetStep>#Project#</con:targetStep>
        <con:upgraded>true</con:upgraded>
      </con:transfers>
      <con:transfers setNullOnMissingSource="true" transferTextContent="true" failOnError="true" ignoreEmpty="false" transferToAll="false" entitize="false" transferChildNodes="false">
        <con:name>userToken</con:name>
        <con:sourceType>userToken</con:sourceType>
        <con:sourceStep>Create initial data3_childOfInitialData</con:sourceStep>
        <con:targetType>AuthorizationUser</con:targetType>
        <con:targetStep>#Project#</con:targetStep>
        <con:upgraded>true</con:upgraded>
      </con:transfers>
    </con:config>
  </con:testStep>
  <con:testStep type="calltestcase" name="Add item to create terminal bi - fail - child - CreatedByBelowMyOrgScope" id="d2db6dc1-32f2-4267-819e-808c30f4aa8b" disabled="true">
    <con:settings/>
    <con:config xsi:type="con:RunTestCaseStep" xmlns:xsi="http://www.w3.org/2001/XMLSchema-instance">
      <con:targetTestCase>c2cf8d8e-d749-4306-b31a-9517cd1e26d6</con:targetTestCase>
      <con:properties>
        <con:property>
          <con:name>req_biId</con:name>
          <con:value>158</con:value>
        </con:property>
        <con:property>
          <con:name>req_externalId</con:name>
          <con:value>ext-${=java.util.UUID.randomUUID()}</con:value>
        </con:property>
        <con:property>
          <con:name>res_biId</con:name>
          <con:value>158</con:value>
        </con:property>
        <con:property>
          <con:name>res_biItemId</con:name>
          <con:value xsi:nil="true"/>
        </con:property>
        <con:property>
          <con:name>req_salesOrgId</con:name>
          <con:value>35</con:value>
        </con:property>
        <con:property>
          <con:name>res_errorMessage</con:name>
          <con:value xsi:nil="true"/>
        </con:property>
      </con:properties>
      <con:returnProperties>
        <con:entry>res_biId</con:entry>
        <con:entry>res_biItemId</con:entry>
        <con:entry>res_errorMessage</con:entry>
      </con:returnProperties>
      <con:runMode>PARALLELL</con:runMode>
    </con:config>
  </con:testStep>
  <con:testStep type="assertionteststep" name="Assertion terminal add item - fail - child - CreatedByBelowMyOrgScope" id="c6ab3555-3bfd-4c62-a5dc-9521fe87e847" disabled="true">
    <con:settings/>
    <con:config xsi:type="con:AssertionTestStep" xmlns:xsi="http://www.w3.org/2001/XMLSchema-instance">
      <con:entry>
        <con:id>5f0daed5-5ac6-4c1e-965c-0c8198930323</con:id>
        <con:isGroup>false</con:isGroup>
        <con:sourceId>ca9ebb5c-955a-404f-b6d4-87dd05963a4d</con:sourceId>
        <con:propertyName>res_errorMessage</con:propertyName>
        <con:assertion type="Simple Contains" name="Contains 3" id="8cfe4c66-4e23-4ec8-896c-dd9360368176" disabled="true">
          <con:configuration>
            <token>^\s*$</token>
            <ignoreCase>false</ignoreCase>
            <useRegEx>true</useRegEx>
          </con:configuration>
        </con:assertion>
      </con:entry>
      <con:entry>
        <con:id>c8eb2729-59cc-4025-b443-bf7ebfd8a73f</con:id>
        <con:isGroup>false</con:isGroup>
        <con:sourceId>d2db6dc1-32f2-4267-819e-808c30f4aa8b</con:sourceId>
        <con:propertyName>res_biItemId</con:propertyName>
        <con:assertion type="Simple Contains" name="Contains" id="e5174f81-8548-4241-be26-2d1bc8736f15">
          <con:configuration>
            <token>^\s*$</token>
            <ignoreCase>false</ignoreCase>
            <useRegEx>true</useRegEx>
          </con:configuration>
        </con:assertion>
      </con:entry>
    </con:config>
  </con:testStep>
  <con:testStep type="transfer" name="Property Transfer add item - fail - irrelevant - CreatedByBelowMyOrgScope" id="3864b28e-bf78-4ae1-86df-a0911341f6ab" disabled="true">
    <con:settings/>
    <con:config xsi:type="con:PropertyTransfersStep" xmlns:xsi="http://www.w3.org/2001/XMLSchema-instance">
      <con:transfers setNullOnMissingSource="true" transferTextContent="true" failOnError="true" ignoreEmpty="false" transferToAll="false" entitize="false" transferChildNodes="false">
        <con:name>invExtId</con:name>
        <con:sourceType>random_inventoryExtId</con:sourceType>
        <con:sourceStep>Properties</con:sourceStep>
        <con:sourcePath/>
        <con:targetType>req_externalId</con:targetType>
        <con:targetStep>Add item to create terminal bi - fail - irrelevant - CreatedByBelowMyOrgScope</con:targetStep>
        <con:targetPath/>
        <con:upgraded>true</con:upgraded>
      </con:transfers>
      <con:transfers setNullOnMissingSource="true" transferTextContent="true" failOnError="true" ignoreEmpty="false" transferToAll="false" entitize="false" transferChildNodes="false">
        <con:name>biId</con:name>
        <con:sourceType>res_biId</con:sourceType>
        <con:sourceStep>Create terminal bi  - CreatedByBelowMyOrgScope</con:sourceStep>
        <con:targetType>req_biId</con:targetType>
        <con:targetStep>Add item to create terminal bi - fail - irrelevant - CreatedByBelowMyOrgScope</con:targetStep>
        <con:upgraded>true</con:upgraded>
      </con:transfers>
      <con:transfers setNullOnMissingSource="true" transferTextContent="true" failOnError="true" ignoreEmpty="false" transferToAll="false" entitize="false" transferChildNodes="false">
        <con:name>soId</con:name>
        <con:sourceType>res_salesOrgId</con:sourceType>
        <con:sourceStep>Create initial data</con:sourceStep>
        <con:targetType>req_salesOrgId</con:targetType>
        <con:targetStep>Add item to create terminal bi - fail - irrelevant - CreatedByBelowMyOrgScope</con:targetStep>
        <con:upgraded>true</con:upgraded>
      </con:transfers>
      <con:transfers setNullOnMissingSource="true" transferTextContent="true" failOnError="true" ignoreEmpty="false" transferToAll="false" entitize="false" transferChildNodes="false">
        <con:name>userSo</con:name>
        <con:sourceType>res_salesOrgId</con:sourceType>
        <con:sourceStep>Create initial data2</con:sourceStep>
        <con:targetType>UserSo</con:targetType>
        <con:targetStep>#Project#</con:targetStep>
        <con:upgraded>true</con:upgraded>
      </con:transfers>
      <con:transfers setNullOnMissingSource="true" transferTextContent="true" failOnError="true" ignoreEmpty="false" transferToAll="false" entitize="false" transferChildNodes="false">
        <con:name>userToken</con:name>
        <con:sourceType>userToken</con:sourceType>
        <con:sourceStep>Create initial data2</con:sourceStep>
        <con:targetType>AuthorizationUser</con:targetType>
        <con:targetStep>#Project#</con:targetStep>
        <con:upgraded>true</con:upgraded>
      </con:transfers>
    </con:config>
  </con:testStep>
  <con:testStep type="calltestcase" name="Add item to create terminal bi - fail - irrelevant - CreatedByBelowMyOrgScope" id="8902f1b8-2e62-4fa8-81fd-a20a1275c5ef" disabled="true">
    <con:settings/>
    <con:config xsi:type="con:RunTestCaseStep" xmlns:xsi="http://www.w3.org/2001/XMLSchema-instance">
      <con:targetTestCase>c2cf8d8e-d749-4306-b31a-9517cd1e26d6</con:targetTestCase>
      <con:properties>
        <con:property>
          <con:name>req_biId</con:name>
          <con:value>158</con:value>
        </con:property>
        <con:property>
          <con:name>req_externalId</con:name>
          <con:value>ext-${=java.util.UUID.randomUUID()}</con:value>
        </con:property>
        <con:property>
          <con:name>res_biId</con:name>
          <con:value>158</con:value>
        </con:property>
        <con:property>
          <con:name>res_biItemId</con:name>
          <con:value xsi:nil="true"/>
        </con:property>
        <con:property>
          <con:name>req_salesOrgId</con:name>
          <con:value>35</con:value>
        </con:property>
        <con:property>
          <con:name>res_errorMessage</con:name>
          <con:value xsi:nil="true"/>
        </con:property>
      </con:properties>
      <con:returnProperties>
        <con:entry>res_biId</con:entry>
        <con:entry>res_biItemId</con:entry>
        <con:entry>res_errorMessage</con:entry>
      </con:returnProperties>
      <con:runMode>PARALLELL</con:runMode>
    </con:config>
  </con:testStep>
  <con:testStep type="assertionteststep" name="Assertion terminal add item - fail - irrelevant- CreatedByBelowMyOrgScope" id="b570deeb-ca55-486d-b7ad-15e76e6be2b8" disabled="true">
    <con:settings/>
    <con:config xsi:type="con:AssertionTestStep" xmlns:xsi="http://www.w3.org/2001/XMLSchema-instance">
      <con:entry>
        <con:id>6c2b9172-ab98-4d83-be06-1bbd327cb480</con:id>
        <con:isGroup>false</con:isGroup>
        <con:sourceId>ca9ebb5c-955a-404f-b6d4-87dd05963a4d</con:sourceId>
        <con:propertyName>res_errorMessage</con:propertyName>
        <con:assertion type="Simple Contains" name="Contains 3" id="10e63e04-928a-484b-8582-292dd0d2334c" disabled="true">
          <con:configuration>
            <token>^\s*$</token>
            <ignoreCase>false</ignoreCase>
            <useRegEx>true</useRegEx>
          </con:configuration>
        </con:assertion>
      </con:entry>
      <con:entry>
        <con:id>fe058f50-2462-4da9-abc5-f29e6e9d3ce1</con:id>
        <con:isGroup>false</con:isGroup>
        <con:sourceId>8902f1b8-2e62-4fa8-81fd-a20a1275c5ef</con:sourceId>
        <con:propertyName>res_biItemId</con:propertyName>
        <con:assertion type="Simple Contains" name="Contains" id="e084cc6a-9a2c-4763-9119-e0bcfa4c6194">
          <con:configuration>
            <token>^\s*$</token>
            <ignoreCase>false</ignoreCase>
            <useRegEx>true</useRegEx>
          </con:configuration>
        </con:assertion>
      </con:entry>
    </con:config>
  </con:testStep>
  <con:testStep type="transfer" name="Property Transfer add item - successl - CreatedByBelowMyOrgScope" id="a77dffe5-8736-4e53-b919-137c98733ea4" disabled="true">
    <con:settings/>
    <con:config xsi:type="con:PropertyTransfersStep" xmlns:xsi="http://www.w3.org/2001/XMLSchema-instance">
      <con:transfers setNullOnMissingSource="true" transferTextContent="true" failOnError="true" ignoreEmpty="false" transferToAll="false" entitize="false" transferChildNodes="false">
        <con:name>invExtId</con:name>
        <con:sourceType>random_inventoryExtId</con:sourceType>
        <con:sourceStep>Properties</con:sourceStep>
        <con:sourcePath/>
        <con:targetType>req_externalId</con:targetType>
        <con:targetStep>Add item to create terminal bi - success - CreatedByBelowMyOrgScope</con:targetStep>
        <con:targetPath/>
        <con:upgraded>true</con:upgraded>
      </con:transfers>
      <con:transfers setNullOnMissingSource="true" transferTextContent="true" failOnError="true" ignoreEmpty="false" transferToAll="false" entitize="false" transferChildNodes="false">
        <con:name>biId</con:name>
        <con:sourceType>res_biId</con:sourceType>
        <con:sourceStep>Create terminal bi  - CreatedByBelowMyOrgScope</con:sourceStep>
        <con:targetType>req_biId</con:targetType>
        <con:targetStep>Add item to create terminal bi - success - CreatedByBelowMyOrgScope</con:targetStep>
        <con:upgraded>true</con:upgraded>
      </con:transfers>
      <con:transfers setNullOnMissingSource="true" transferTextContent="true" failOnError="true" ignoreEmpty="false" transferToAll="false" entitize="false" transferChildNodes="false">
        <con:name>soId</con:name>
        <con:sourceType>res_salesOrgId</con:sourceType>
        <con:sourceStep>Create initial data</con:sourceStep>
        <con:targetType>req_salesOrgId</con:targetType>
        <con:targetStep>Add item to create terminal bi - success - CreatedByBelowMyOrgScope</con:targetStep>
        <con:upgraded>true</con:upgraded>
      </con:transfers>
      <con:transfers setNullOnMissingSource="true" transferTextContent="true" failOnError="true" ignoreEmpty="false" transferToAll="false" entitize="false" transferChildNodes="false">
        <con:name>userSo</con:name>
        <con:sourceType>res_salesOrgId</con:sourceType>
        <con:sourceStep>Create initial data</con:sourceStep>
        <con:targetType>UserSo</con:targetType>
        <con:targetStep>#Project#</con:targetStep>
        <con:upgraded>true</con:upgraded>
      </con:transfers>
      <con:transfers setNullOnMissingSource="true" transferTextContent="true" failOnError="true" ignoreEmpty="false" transferToAll="false" entitize="false" transferChildNodes="false">
        <con:name>userToken</con:name>
        <con:sourceType>userToken</con:sourceType>
        <con:sourceStep>Create initial data</con:sourceStep>
        <con:targetType>AuthorizationUser</con:targetType>
        <con:targetStep>#Project#</con:targetStep>
        <con:upgraded>true</con:upgraded>
      </con:transfers>
    </con:config>
  </con:testStep>
  <con:testStep type="calltestcase" name="Add item to create terminal bi - success - CreatedByBelowMyOrgScope" id="dfb03f3b-caac-4112-9951-8095c8cfacd5" disabled="true">
    <con:settings/>
    <con:config xsi:type="con:RunTestCaseStep" xmlns:xsi="http://www.w3.org/2001/XMLSchema-instance">
      <con:targetTestCase>c2cf8d8e-d749-4306-b31a-9517cd1e26d6</con:targetTestCase>
      <con:properties>
        <con:property>
          <con:name>req_biId</con:name>
          <con:value>158</con:value>
        </con:property>
        <con:property>
          <con:name>req_externalId</con:name>
          <con:value>ext-${=java.util.UUID.randomUUID()}</con:value>
        </con:property>
        <con:property>
          <con:name>res_biId</con:name>
          <con:value>158</con:value>
        </con:property>
        <con:property>
          <con:name>res_biItemId</con:name>
          <con:value xsi:nil="true"/>
        </con:property>
        <con:property>
          <con:name>req_salesOrgId</con:name>
          <con:value>35</con:value>
        </con:property>
        <con:property>
          <con:name>res_errorMessage</con:name>
          <con:value xsi:nil="true"/>
        </con:property>
      </con:properties>
      <con:returnProperties>
        <con:entry>res_biId</con:entry>
        <con:entry>res_biItemId</con:entry>
        <con:entry>res_errorMessage</con:entry>
      </con:returnProperties>
      <con:runMode>PARALLELL</con:runMode>
    </con:config>
  </con:testStep>
  <con:testStep type="assertionteststep" name="Assertion terminal add item - success - CreatedByBelowMyOrgScope" id="134789c5-267e-4ff4-9809-6e8a04437dec" disabled="true">
    <con:settings/>
    <con:config xsi:type="con:AssertionTestStep" xmlns:xsi="http://www.w3.org/2001/XMLSchema-instance">
      <con:entry>
        <con:id>b2fe6ab1-5137-4ee6-91a8-b5b6524a9cfa</con:id>
        <con:isGroup>false</con:isGroup>
        <con:sourceId>ca9ebb5c-955a-404f-b6d4-87dd05963a4d</con:sourceId>
        <con:propertyName>res_errorMessage</con:propertyName>
        <con:assertion type="Simple Contains" name="Contains 3" id="38b3e0bf-91b6-4078-81ea-f0878fafdeb4" disabled="true">
          <con:configuration>
            <token>^\s*$</token>
            <ignoreCase>false</ignoreCase>
            <useRegEx>true</useRegEx>
          </con:configuration>
        </con:assertion>
      </con:entry>
      <con:entry>
        <con:id>1e0cb6b4-da30-4705-8a5a-1fde5e9e35d3</con:id>
        <con:isGroup>false</con:isGroup>
        <con:sourceId>dfb03f3b-caac-4112-9951-8095c8cfacd5</con:sourceId>
        <con:propertyName>res_biItemId</con:propertyName>
        <con:assertion type="Simple Contains" name="Contains" id="75f01fbb-fc64-4172-906a-02dd0977f06f">
          <con:configuration>
            <token>\d+</token>
            <ignoreCase>false</ignoreCase>
            <useRegEx>true</useRegEx>
          </con:configuration>
        </con:assertion>
      </con:entry>
    </con:config>
  </con:testStep>
  <con:testStep type="calltestcase" name="Delete all permissions -CreatedByBelowMyOrgScope" id="7b7904fd-6839-4f61-bf8b-9e4f0e5443a1" disabled="true">
    <con:settings/>
    <con:config xsi:type="con:RunTestCaseStep" xmlns:xsi="http://www.w3.org/2001/XMLSchema-instance">
      <con:targetTestCase>5206b52a-ed9d-476d-b282-12f78b0cf6eb</con:targetTestCase>
      <con:properties/>
      <con:returnProperties/>
      <con:runMode>PARALLELL</con:runMode>
    </con:config>
  </con:testStep>
  <con:testStep type="manualTestStep" name="****Create Terminal w/ SCOPES - post method - selOrgScope*********************" id="5edcde06-65d1-4778-b084-939f2b792a6b" disabled="true">
    <con:settings/>
    <con:config xsi:type="con:ManualTestStep" xmlns:xsi="http://www.w3.org/2001/XMLSchema-instance"/>
  </con:testStep>
  <con:testStep type="transfer" name="Property Transfer - create perm - selfOrgScope" id="b48ab757-64a9-41c6-9fba-e429aef794c1">
    <con:settings/>
    <con:config xsi:type="con:PropertyTransfersStep" xmlns:xsi="http://www.w3.org/2001/XMLSchema-instance">
      <con:transfers setNullOnMissingSource="true" transferTextContent="true" failOnError="true" ignoreEmpty="false" transferToAll="false" entitize="false" transferChildNodes="false">
        <con:name>userId</con:name>
        <con:sourceType>res_userRoleId</con:sourceType>
        <con:sourceStep>Create initial data</con:sourceStep>
        <con:sourcePath/>
        <con:targetType>req_UserId</con:targetType>
        <con:targetStep>Authorize create terminal - selfOrgScope</con:targetStep>
        <con:targetPath/>
        <con:upgraded>true</con:upgraded>
      </con:transfers>
      <con:transfers setNullOnMissingSource="true" transferTextContent="true" failOnError="true" ignoreEmpty="false" transferToAll="false" entitize="false" transferChildNodes="false">
        <con:name>soId</con:name>
        <con:sourceType>res_salesOrgId</con:sourceType>
        <con:sourceStep>Create initial data</con:sourceStep>
        <con:targetType>req_SoId</con:targetType>
        <con:targetStep>Authorize create terminal - selfOrgScope</con:targetStep>
        <con:upgraded>true</con:upgraded>
      </con:transfers>
      <con:transfers setNullOnMissingSource="true" transferTextContent="false" failOnError="true" ignoreEmpty="false" transferToAll="false" entitize="false" transferChildNodes="false">
        <con:name>domain</con:name>
        <con:sourceType>domain_terminal</con:sourceType>
        <con:sourceStep>Properties</con:sourceStep>
        <con:targetType>req_Domain</con:targetType>
        <con:targetStep>Authorize create terminal - selfOrgScope</con:targetStep>
        <con:upgraded>true</con:upgraded>
      </con:transfers>
      <con:transfers setNullOnMissingSource="true" transferTextContent="true" failOnError="true" ignoreEmpty="false" transferToAll="false" entitize="false" transferChildNodes="false">
        <con:name>action</con:name>
        <con:sourceType>action_CreateTerminal</con:sourceType>
        <con:sourceStep>Properties</con:sourceStep>
        <con:targetType>req_Action</con:targetType>
        <con:targetStep>Authorize create terminal - selfOrgScope</con:targetStep>
        <con:upgraded>true</con:upgraded>
      </con:transfers>
      <con:transfers setNullOnMissingSource="true" transferTextContent="true" failOnError="true" ignoreEmpty="false" transferToAll="false" entitize="false" transferChildNodes="false">
        <con:name>scope</con:name>
        <con:sourceType>scope_CreatedBySelfOrgScope</con:sourceType>
        <con:sourceStep>Properties</con:sourceStep>
        <con:targetType>req_Scope</con:targetType>
        <con:targetStep>Authorize create terminal - selfOrgScope</con:targetStep>
        <con:upgraded>true</con:upgraded>
      </con:transfers>
      <con:transfers setNullOnMissingSource="true" transferTextContent="true" failOnError="true" ignoreEmpty="false" transferToAll="false" entitize="false" transferChildNodes="false">
        <con:name>profile</con:name>
        <con:sourceType>profile_CSR</con:sourceType>
        <con:sourceStep>Properties</con:sourceStep>
        <con:targetType>req_Profile</con:targetType>
        <con:targetStep>Authorize create terminal - selfOrgScope</con:targetStep>
        <con:upgraded>true</con:upgraded>
      </con:transfers>
      <con:transfers setNullOnMissingSource="true" transferTextContent="true" failOnError="true" ignoreEmpty="false" transferToAll="false" entitize="false" transferChildNodes="false">
        <con:name>condition</con:name>
        <con:sourceType>condition_Null</con:sourceType>
        <con:sourceStep>Properties</con:sourceStep>
        <con:targetType>req_Condition</con:targetType>
        <con:targetStep>Authorize create terminal - selfOrgScope</con:targetStep>
        <con:upgraded>true</con:upgraded>
      </con:transfers>
      <con:transfers setNullOnMissingSource="true" transferTextContent="true" failOnError="true" ignoreEmpty="false" transferToAll="false" entitize="false" transferChildNodes="false">
        <con:name>userIntToken</con:name>
        <con:sourceType>userIntToken</con:sourceType>
        <con:sourceStep>Create initial data</con:sourceStep>
        <con:targetType>AuthorizationIntUser</con:targetType>
        <con:targetStep>#Project#</con:targetStep>
        <con:upgraded>true</con:upgraded>
      </con:transfers>
      <con:transfers setNullOnMissingSource="true" transferTextContent="true" failOnError="true" ignoreEmpty="false" transferToAll="false" entitize="false" transferChildNodes="false">
        <con:name>userSo</con:name>
        <con:sourceType>res_salesOrgId</con:sourceType>
        <con:sourceStep>Create initial data</con:sourceStep>
        <con:targetType>UserSo</con:targetType>
        <con:targetStep>#Project#</con:targetStep>
        <con:upgraded>true</con:upgraded>
      </con:transfers>
      <con:transfers setNullOnMissingSource="true" transferTextContent="true" failOnError="true" ignoreEmpty="false" transferToAll="false" entitize="false" transferChildNodes="false">
        <con:name>createdForSalesOrg</con:name>
        <con:sourceType>DefaultSalesOrganizationRoleId</con:sourceType>
        <con:sourceStep>#Project#</con:sourceStep>
        <con:targetType>req_createdForSalesOrg</con:targetType>
        <con:targetStep>Authorize create terminal - selfOrgScope</con:targetStep>
        <con:upgraded>true</con:upgraded>
      </con:transfers>
    </con:config>
  </con:testStep>
  <con:testStep type="calltestcase" name="Authorize create terminal - selfOrgScope" id="386262a9-4da7-4615-ac12-343e1d20682f">
    <con:settings/>
    <con:config xsi:type="con:RunTestCaseStep" xmlns:xsi="http://www.w3.org/2001/XMLSchema-instance">
      <con:targetTestCase>7598e6a9-915e-450f-9530-8976eb29de47</con:targetTestCase>
      <con:properties>
        <con:property>
          <con:name>req_UserId</con:name>
          <con:value>57</con:value>
        </con:property>
        <con:property>
          <con:name>req_SoId</con:name>
          <con:value>55</con:value>
        </con:property>
        <con:property>
          <con:name>req_Domain</con:name>
          <con:value>TRM</con:value>
        </con:property>
        <con:property>
          <con:name>req_Action</con:name>
          <con:value>TRM.Create</con:value>
        </con:property>
        <con:property>
          <con:name>req_Scope</con:name>
          <con:value>CreatedByMyOrgScope</con:value>
        </con:property>
        <con:property>
          <con:name>req_Profile</con:name>
          <con:value>CSR</con:value>
        </con:property>
        <con:property>
          <con:name>req_Condition</con:name>
          <con:value>NullCondition</con:value>
        </con:property>
        <con:property>
          <con:name>res_code</con:name>
          <con:value>200</con:value>
        </con:property>
        <con:property>
          <con:name>res_errorMessageCreate</con:name>
          <con:value xsi:nil="true"/>
        </con:property>
        <con:property>
          <con:name>res_errorMessageAdd</con:name>
          <con:value xsi:nil="true"/>
        </con:property>
        <con:property>
          <con:name>res_errorMessageSubmit</con:name>
          <con:value xsi:nil="true"/>
        </con:property>
        <con:property>
          <con:name>response</con:name>
          <con:value>{"businessInteractionType":34,"code":"PP-2441","description":"Profile Permission at [name-ext-7ec0b598-48cb-4af6-9d50-f17c84983d93] by [John Smith]","mainState":0,"state":5,"createdDate":"2018-03-07T07:26:20+0000","businessInteractionSpec":{"id":75,"journaled":false,"name":"Profile Permission bi spec","specificationType":0,"allowSubmitBIWithoutItem":false,"requiresSession":false,"code":"PROFILE_PERMISSION","requiresActiveSO":false,"biOperationAllowedWhenSOSuspended":false,"reserveAllNonSerializedSpec":false,"allowStockLevelNegative":false,"dynamicMap":{},"type":"com.ericsson.bss.rm.erms.core.entity.dto.bi.BusinessInteractionSpecDTO"},"createdByUserId":"57","createdBySalesOrganizationId":"55","createdForSalesOrganizationRoleId":"1","preventUpdateFromOtherSystem":false,"items":[],"isLocked":false,"businessInteractionRoleId1":98,"businessInteractionRoleId2":95,"businessInteractionRoleId3":95,"id":2441,"href":"/v1/profilePermission/2441","dynamicMap":{},"type":"com.ericsson.bss.rm.erms.core.entity.dto.bi.profilepermission.ProfilePermissionBIResponseDTO"}</con:value>
        </con:property>
        <con:property>
          <con:name>req_createdForSalesOrg</con:name>
          <con:value>1</con:value>
        </con:property>
      </con:properties>
      <con:returnProperties>
        <con:entry>res_code</con:entry>
        <con:entry>res_errorMessageCreate</con:entry>
        <con:entry>res_errorMessageAdd</con:entry>
        <con:entry>res_errorMessageSubmit</con:entry>
        <con:entry>response</con:entry>
      </con:returnProperties>
      <con:runMode>PARALLELL</con:runMode>
    </con:config>
  </con:testStep>
  <con:testStep type="assertionteststep" name="Assertion terminal create permission successfully created - selfOrgScope" id="3e651ae7-80ab-4bd3-a2f4-19efd8d36d8b">
    <con:settings/>
    <con:config xsi:type="con:AssertionTestStep" xmlns:xsi="http://www.w3.org/2001/XMLSchema-instance">
      <con:entry>
        <con:id>8d04b189-aff6-4667-876b-ec176e7a2411</con:id>
        <con:isGroup>false</con:isGroup>
        <con:sourceId>cf142e3d-3f6c-470a-a58c-306776560ab0</con:sourceId>
        <con:propertyName>http200</con:propertyName>
        <con:assertion type="Simple Equals" name="Equals" id="3c511c0e-a37a-41b8-8fc6-1100db547fd6">
          <con:configuration>
            <patternObjectId>386262a9-4da7-4615-ac12-343e1d20682f</patternObjectId>
            <patternProperty>res_code</patternProperty>
            <caseSensitive>true</caseSensitive>
          </con:configuration>
        </con:assertion>
      </con:entry>
    </con:config>
  </con:testStep>
  <con:testStep type="transfer" name="Property Transfer create terminal bi - selfOrgScope" id="fccfb3e0-f2b7-4abf-b7dc-743547a1f653">
    <con:settings/>
    <con:config xsi:type="con:PropertyTransfersStep" xmlns:xsi="http://www.w3.org/2001/XMLSchema-instance">
      <con:transfers setNullOnMissingSource="true" transferTextContent="true" failOnError="true" ignoreEmpty="false" transferToAll="false" entitize="false" transferChildNodes="false">
        <con:name>userId</con:name>
        <con:sourceType>res_userRoleId</con:sourceType>
        <con:sourceStep>Create initial data</con:sourceStep>
        <con:sourcePath/>
        <con:targetType>req_userRoleId</con:targetType>
        <con:targetStep>Create terminal bi  - selfOrgScope</con:targetStep>
        <con:targetPath/>
        <con:upgraded>true</con:upgraded>
      </con:transfers>
      <con:transfers setNullOnMissingSource="true" transferTextContent="true" failOnError="true" ignoreEmpty="false" transferToAll="false" entitize="false" transferChildNodes="false">
        <con:name>soId</con:name>
        <con:sourceType>res_salesOrgId</con:sourceType>
        <con:sourceStep>Create initial data</con:sourceStep>
        <con:targetType>req_salesOrgRoleId</con:targetType>
        <con:targetStep>Create terminal bi  - selfOrgScope</con:targetStep>
        <con:upgraded>true</con:upgraded>
      </con:transfers>
      <con:transfers setNullOnMissingSource="true" transferTextContent="true" failOnError="true" ignoreEmpty="false" transferToAll="false" entitize="false" transferChildNodes="false">
        <con:name>userToken</con:name>
        <con:sourceType>userToken</con:sourceType>
        <con:sourceStep>Create initial data</con:sourceStep>
        <con:targetType>AuthorizationUser</con:targetType>
        <con:targetStep>#Project#</con:targetStep>
        <con:upgraded>true</con:upgraded>
      </con:transfers>
      <con:transfers setNullOnMissingSource="true" transferTextContent="true" failOnError="true" ignoreEmpty="false" transferToAll="false" entitize="false" transferChildNodes="false">
        <con:name>userSo</con:name>
        <con:sourceType>res_salesOrgId</con:sourceType>
        <con:sourceStep>Create initial data</con:sourceStep>
        <con:targetType>UserSo</con:targetType>
        <con:targetStep>#Project#</con:targetStep>
        <con:upgraded>true</con:upgraded>
      </con:transfers>
    </con:config>
  </con:testStep>
  <con:testStep type="calltestcase" name="Create terminal bi  - selfOrgScope" id="5a6a6e41-2865-406f-9b84-0af795ea6d8f">
    <con:settings/>
    <con:config xsi:type="con:RunTestCaseStep" xmlns:xsi="http://www.w3.org/2001/XMLSchema-instance">
      <con:targetTestCase>dd134965-c927-42c2-b77c-aa9898d86735</con:targetTestCase>
      <con:properties>
        <con:property>
          <con:name>res_biId</con:name>
          <con:value>2451</con:value>
        </con:property>
        <con:property>
          <con:name>req_userRoleId</con:name>
          <con:value>57</con:value>
        </con:property>
        <con:property>
          <con:name>req_salesOrgRoleId</con:name>
          <con:value>55</con:value>
        </con:property>
      </con:properties>
      <con:returnProperties>
        <con:entry>res_biId</con:entry>
      </con:returnProperties>
      <con:runMode>PARALLELL</con:runMode>
    </con:config>
  </con:testStep>
  <con:testStep type="assertionteststep" name="Copy of Assertion terminal successfully created - selfOrgScope" id="0e2cb200-ddb6-46bc-a937-18c9d33fe29d">
    <con:settings/>
    <con:config xsi:type="con:AssertionTestStep" xmlns:xsi="http://www.w3.org/2001/XMLSchema-instance">
      <con:entry>
        <con:id>8d2b6e5a-2d0f-408b-b89a-8bdb8a841312</con:id>
        <con:isGroup>false</con:isGroup>
        <con:sourceId>5a6a6e41-2865-406f-9b84-0af795ea6d8f</con:sourceId>
        <con:propertyName>res_biId</con:propertyName>
        <con:assertion type="Simple Contains" name="Contains" id="44e3bda0-15ae-4725-89b8-30dc63668117">
          <con:configuration>
            <token>\d+</token>
            <ignoreCase>false</ignoreCase>
            <useRegEx>true</useRegEx>
          </con:configuration>
        </con:assertion>
      </con:entry>
    </con:config>
  </con:testStep>
  <con:testStep type="transfer" name="Copy of Property Transfer to update perm - selfOrgScope" id="b34a6928-e04a-4889-8c8c-671e54d9a274">
    <con:settings/>
    <con:config xsi:type="con:PropertyTransfersStep" xmlns:xsi="http://www.w3.org/2001/XMLSchema-instance">
      <con:transfers setNullOnMissingSource="true" transferTextContent="true" failOnError="true" ignoreEmpty="false" transferToAll="false" entitize="false" transferChildNodes="false">
        <con:name>userId</con:name>
        <con:sourceType>res_userRoleId</con:sourceType>
        <con:sourceStep>Create initial data</con:sourceStep>
        <con:sourcePath/>
        <con:targetType>req_UserId</con:targetType>
        <con:targetStep>Authorize update item to terminal - selfOrgScope</con:targetStep>
        <con:targetPath/>
        <con:upgraded>true</con:upgraded>
      </con:transfers>
      <con:transfers setNullOnMissingSource="true" transferTextContent="true" failOnError="true" ignoreEmpty="false" transferToAll="false" entitize="false" transferChildNodes="false">
        <con:name>soId</con:name>
        <con:sourceType>res_salesOrgId</con:sourceType>
        <con:sourceStep>Create initial data</con:sourceStep>
        <con:targetType>req_SoId</con:targetType>
        <con:targetStep>Authorize update item to terminal - selfOrgScope</con:targetStep>
        <con:upgraded>true</con:upgraded>
      </con:transfers>
      <con:transfers setNullOnMissingSource="true" transferTextContent="true" failOnError="true" ignoreEmpty="false" transferToAll="false" entitize="false" transferChildNodes="false">
        <con:name>domain</con:name>
        <con:sourceType>domain_terminal</con:sourceType>
        <con:sourceStep>Properties</con:sourceStep>
        <con:targetType>req_Domain</con:targetType>
        <con:targetStep>Authorize update item to terminal - selfOrgScope</con:targetStep>
        <con:upgraded>true</con:upgraded>
      </con:transfers>
      <con:transfers setNullOnMissingSource="true" transferTextContent="true" failOnError="true" ignoreEmpty="false" transferToAll="false" entitize="false" transferChildNodes="false">
        <con:name>action</con:name>
        <con:sourceType>action_UpdateTerminal</con:sourceType>
        <con:sourceStep>Properties</con:sourceStep>
        <con:targetType>req_Action</con:targetType>
        <con:targetStep>Authorize update item to terminal - selfOrgScope</con:targetStep>
        <con:upgraded>true</con:upgraded>
      </con:transfers>
      <con:transfers setNullOnMissingSource="true" transferTextContent="true" failOnError="true" ignoreEmpty="false" transferToAll="false" entitize="false" transferChildNodes="false">
        <con:name>scope</con:name>
        <con:sourceType>scope_CreatedBySelfOrgScope</con:sourceType>
        <con:sourceStep>Properties</con:sourceStep>
        <con:targetType>req_Scope</con:targetType>
        <con:targetStep>Authorize update item to terminal - selfOrgScope</con:targetStep>
        <con:upgraded>true</con:upgraded>
      </con:transfers>
      <con:transfers setNullOnMissingSource="true" transferTextContent="true" failOnError="true" ignoreEmpty="false" transferToAll="false" entitize="false" transferChildNodes="false">
        <con:name>profile</con:name>
        <con:sourceType>profile_CSR</con:sourceType>
        <con:sourceStep>Properties</con:sourceStep>
        <con:targetType>req_Profile</con:targetType>
        <con:targetStep>Authorize update item to terminal - selfOrgScope</con:targetStep>
        <con:upgraded>true</con:upgraded>
      </con:transfers>
      <con:transfers setNullOnMissingSource="true" transferTextContent="true" failOnError="true" ignoreEmpty="false" transferToAll="false" entitize="false" transferChildNodes="false">
        <con:name>condition</con:name>
        <con:sourceType>condition_Null</con:sourceType>
        <con:sourceStep>Properties</con:sourceStep>
        <con:targetType>req_Condition</con:targetType>
        <con:targetStep>Authorize update item to terminal - selfOrgScope</con:targetStep>
        <con:upgraded>true</con:upgraded>
      </con:transfers>
      <con:transfers setNullOnMissingSource="true" transferTextContent="true" failOnError="true" ignoreEmpty="false" transferToAll="false" entitize="false" transferChildNodes="false">
        <con:name>createdForSalesOrg</con:name>
        <con:sourceType>DefaultSalesOrganizationRoleId</con:sourceType>
        <con:sourceStep>#Project#</con:sourceStep>
        <con:targetType>req_createdForSalesOrg</con:targetType>
        <con:targetStep>Authorize update item to terminal - selfOrgScope</con:targetStep>
        <con:upgraded>true</con:upgraded>
      </con:transfers>
    </con:config>
  </con:testStep>
  <con:testStep type="calltestcase" name="Authorize update item to terminal - selfOrgScope" id="e3aa0312-0206-41db-b3ea-51d1129370b0">
    <con:settings/>
    <con:config xsi:type="con:RunTestCaseStep" xmlns:xsi="http://www.w3.org/2001/XMLSchema-instance">
      <con:targetTestCase>7598e6a9-915e-450f-9530-8976eb29de47</con:targetTestCase>
      <con:properties>
        <con:property>
          <con:name>req_UserId</con:name>
          <con:value>57</con:value>
        </con:property>
        <con:property>
          <con:name>req_SoId</con:name>
          <con:value>55</con:value>
        </con:property>
        <con:property>
          <con:name>req_Domain</con:name>
          <con:value>TRM</con:value>
        </con:property>
        <con:property>
          <con:name>req_Action</con:name>
          <con:value>TRM.Update</con:value>
        </con:property>
        <con:property>
          <con:name>req_Scope</con:name>
          <con:value>CreatedByMyOrgScope</con:value>
        </con:property>
        <con:property>
          <con:name>req_Profile</con:name>
          <con:value>CSR</con:value>
        </con:property>
        <con:property>
          <con:name>req_Condition</con:name>
          <con:value>NullCondition</con:value>
        </con:property>
        <con:property>
          <con:name>res_code</con:name>
          <con:value>200</con:value>
        </con:property>
        <con:property>
          <con:name>res_errorMessageCreate</con:name>
          <con:value xsi:nil="true"/>
        </con:property>
        <con:property>
          <con:name>res_errorMessageAdd</con:name>
          <con:value xsi:nil="true"/>
        </con:property>
        <con:property>
          <con:name>res_errorMessageSubmit</con:name>
          <con:value xsi:nil="true"/>
        </con:property>
        <con:property>
          <con:name>response</con:name>
          <con:value>{"businessInteractionType":34,"code":"PP-2461","description":"Profile Permission at [name-ext-7ec0b598-48cb-4af6-9d50-f17c84983d93] by [John Smith]","mainState":0,"state":5,"createdDate":"2018-03-07T07:26:20+0000","businessInteractionSpec":{"id":75,"journaled":false,"name":"Profile Permission bi spec","specificationType":0,"allowSubmitBIWithoutItem":false,"requiresSession":false,"code":"PROFILE_PERMISSION","requiresActiveSO":false,"biOperationAllowedWhenSOSuspended":false,"reserveAllNonSerializedSpec":false,"allowStockLevelNegative":false,"dynamicMap":{},"type":"com.ericsson.bss.rm.erms.core.entity.dto.bi.BusinessInteractionSpecDTO"},"createdByUserId":"57","createdBySalesOrganizationId":"55","createdForSalesOrganizationRoleId":"1","preventUpdateFromOtherSystem":false,"items":[],"isLocked":false,"businessInteractionRoleId1":98,"businessInteractionRoleId2":95,"businessInteractionRoleId3":95,"id":2461,"href":"/v1/profilePermission/2461","dynamicMap":{},"type":"com.ericsson.bss.rm.erms.core.entity.dto.bi.profilepermission.ProfilePermissionBIResponseDTO"}</con:value>
        </con:property>
        <con:property>
          <con:name>req_createdForSalesOrg</con:name>
          <con:value>1</con:value>
        </con:property>
      </con:properties>
      <con:returnProperties>
        <con:entry>res_code</con:entry>
        <con:entry>res_errorMessageCreate</con:entry>
        <con:entry>res_errorMessageAdd</con:entry>
        <con:entry>res_errorMessageSubmit</con:entry>
        <con:entry>response</con:entry>
      </con:returnProperties>
      <con:runMode>PARALLELL</con:runMode>
    </con:config>
  </con:testStep>
  <con:testStep type="assertionteststep" name="Assertion terminal update permission is created  - selfOrgScope" id="4331b424-0f3c-44dc-ae94-e76f995d3dcb">
    <con:settings/>
    <con:config xsi:type="con:AssertionTestStep" xmlns:xsi="http://www.w3.org/2001/XMLSchema-instance">
      <con:entry>
        <con:id>0d8c77af-f8db-4461-b6e8-a84c3e9eef8d</con:id>
        <con:isGroup>false</con:isGroup>
        <con:sourceId>cf142e3d-3f6c-470a-a58c-306776560ab0</con:sourceId>
        <con:propertyName>http200</con:propertyName>
        <con:assertion type="Simple Equals" name="Equals" id="48c07244-092b-4455-a71f-831a810752ea">
          <con:configuration>
            <patternObjectId>e3aa0312-0206-41db-b3ea-51d1129370b0</patternObjectId>
            <patternProperty>res_code</patternProperty>
            <caseSensitive>true</caseSensitive>
          </con:configuration>
        </con:assertion>
      </con:entry>
    </con:config>
  </con:testStep>
  <con:testStep type="transfer" name="Property Transfer to get terminal perm  - selfOrgScope" id="4f5167c8-407e-4477-8392-b817dbcc674c">
    <con:settings/>
    <con:config xsi:type="con:PropertyTransfersStep" xmlns:xsi="http://www.w3.org/2001/XMLSchema-instance">
      <con:transfers setNullOnMissingSource="false" transferTextContent="true" failOnError="true" ignoreEmpty="false" transferToAll="false" entitize="false" transferChildNodes="false">
        <con:name>userId</con:name>
        <con:sourceType>res_userRoleId</con:sourceType>
        <con:sourceStep>Create initial data</con:sourceStep>
        <con:sourcePath/>
        <con:targetType>req_UserId</con:targetType>
        <con:targetStep>Authorize get item to terminal  - selfOrgScope</con:targetStep>
        <con:targetPath/>
        <con:upgraded>true</con:upgraded>
      </con:transfers>
      <con:transfers setNullOnMissingSource="true" transferTextContent="true" failOnError="true" ignoreEmpty="false" transferToAll="false" entitize="false" transferChildNodes="false">
        <con:name>soId</con:name>
        <con:sourceType>res_salesOrgId</con:sourceType>
        <con:sourceStep>Create initial data</con:sourceStep>
        <con:targetType>req_SoId</con:targetType>
        <con:targetStep>Authorize get item to terminal  - selfOrgScope</con:targetStep>
        <con:upgraded>true</con:upgraded>
      </con:transfers>
      <con:transfers setNullOnMissingSource="true" transferTextContent="true" failOnError="true" ignoreEmpty="false" transferToAll="false" entitize="false" transferChildNodes="false">
        <con:name>domain</con:name>
        <con:sourceType>domain_terminal</con:sourceType>
        <con:sourceStep>Properties</con:sourceStep>
        <con:targetType>req_Domain</con:targetType>
        <con:targetStep>Authorize get item to terminal  - selfOrgScope</con:targetStep>
        <con:upgraded>true</con:upgraded>
      </con:transfers>
      <con:transfers setNullOnMissingSource="true" transferTextContent="true" failOnError="true" ignoreEmpty="false" transferToAll="false" entitize="false" transferChildNodes="false">
        <con:name>action</con:name>
        <con:sourceType>action_GetTerminal</con:sourceType>
        <con:sourceStep>Properties</con:sourceStep>
        <con:targetType>req_Action</con:targetType>
        <con:targetStep>Authorize get item to terminal  - selfOrgScope</con:targetStep>
        <con:upgraded>true</con:upgraded>
      </con:transfers>
      <con:transfers setNullOnMissingSource="true" transferTextContent="true" failOnError="true" ignoreEmpty="false" transferToAll="false" entitize="false" transferChildNodes="false">
        <con:name>scope</con:name>
        <con:sourceType>scope_CreatedBySelfOrgScope</con:sourceType>
        <con:sourceStep>Properties</con:sourceStep>
        <con:targetType>req_Scope</con:targetType>
        <con:targetStep>Authorize get item to terminal  - selfOrgScope</con:targetStep>
        <con:upgraded>true</con:upgraded>
      </con:transfers>
      <con:transfers setNullOnMissingSource="true" transferTextContent="true" failOnError="true" ignoreEmpty="false" transferToAll="false" entitize="false" transferChildNodes="false">
        <con:name>profile</con:name>
        <con:sourceType>profile_CSR</con:sourceType>
        <con:sourceStep>Properties</con:sourceStep>
        <con:targetType>req_Profile</con:targetType>
        <con:targetStep>Authorize get item to terminal  - selfOrgScope</con:targetStep>
        <con:upgraded>true</con:upgraded>
      </con:transfers>
      <con:transfers setNullOnMissingSource="true" transferTextContent="true" failOnError="true" ignoreEmpty="false" transferToAll="false" entitize="false" transferChildNodes="false">
        <con:name>condition</con:name>
        <con:sourceType>condition_Null</con:sourceType>
        <con:sourceStep>Properties</con:sourceStep>
        <con:targetType>req_Condition</con:targetType>
        <con:targetStep>Authorize get item to terminal  - selfOrgScope</con:targetStep>
        <con:upgraded>true</con:upgraded>
      </con:transfers>
      <con:transfers setNullOnMissingSource="true" transferTextContent="true" failOnError="true" ignoreEmpty="false" transferToAll="false" entitize="false" transferChildNodes="false">
        <con:name>createdForSalesOrg</con:name>
        <con:sourceType>DefaultSalesOrganizationRoleId</con:sourceType>
        <con:sourceStep>#Project#</con:sourceStep>
        <con:targetType>req_createdForSalesOrg</con:targetType>
        <con:targetStep>Authorize get item to terminal  - selfOrgScope</con:targetStep>
        <con:upgraded>true</con:upgraded>
      </con:transfers>
    </con:config>
  </con:testStep>
  <con:testStep type="calltestcase" name="Authorize get item to terminal  - selfOrgScope" id="cd6ee7b9-d1bc-474c-a959-8ac9315a1cda">
    <con:settings/>
    <con:config xsi:type="con:RunTestCaseStep" xmlns:xsi="http://www.w3.org/2001/XMLSchema-instance">
      <con:targetTestCase>7598e6a9-915e-450f-9530-8976eb29de47</con:targetTestCase>
      <con:properties>
        <con:property>
          <con:name>req_UserId</con:name>
          <con:value>57</con:value>
        </con:property>
        <con:property>
          <con:name>req_SoId</con:name>
          <con:value>55</con:value>
        </con:property>
        <con:property>
          <con:name>req_Domain</con:name>
          <con:value>TRM</con:value>
        </con:property>
        <con:property>
          <con:name>req_Action</con:name>
          <con:value>TRM.Get</con:value>
        </con:property>
        <con:property>
          <con:name>req_Scope</con:name>
          <con:value>CreatedByMyOrgScope</con:value>
        </con:property>
        <con:property>
          <con:name>req_Profile</con:name>
          <con:value>CSR</con:value>
        </con:property>
        <con:property>
          <con:name>req_Condition</con:name>
          <con:value>NullCondition</con:value>
        </con:property>
        <con:property>
          <con:name>res_code</con:name>
          <con:value>200</con:value>
        </con:property>
        <con:property>
          <con:name>res_errorMessageCreate</con:name>
          <con:value xsi:nil="true"/>
        </con:property>
        <con:property>
          <con:name>res_errorMessageAdd</con:name>
          <con:value xsi:nil="true"/>
        </con:property>
        <con:property>
          <con:name>res_errorMessageSubmit</con:name>
          <con:value xsi:nil="true"/>
        </con:property>
        <con:property>
          <con:name>response</con:name>
          <con:value>{"businessInteractionType":34,"code":"PP-2471","description":"Profile Permission at [name-ext-7ec0b598-48cb-4af6-9d50-f17c84983d93] by [John Smith]","mainState":0,"state":5,"createdDate":"2018-03-07T07:26:20+0000","businessInteractionSpec":{"id":75,"journaled":false,"name":"Profile Permission bi spec","specificationType":0,"allowSubmitBIWithoutItem":false,"requiresSession":false,"code":"PROFILE_PERMISSION","requiresActiveSO":false,"biOperationAllowedWhenSOSuspended":false,"reserveAllNonSerializedSpec":false,"allowStockLevelNegative":false,"dynamicMap":{},"type":"com.ericsson.bss.rm.erms.core.entity.dto.bi.BusinessInteractionSpecDTO"},"createdByUserId":"57","createdBySalesOrganizationId":"55","createdForSalesOrganizationRoleId":"1","preventUpdateFromOtherSystem":false,"items":[],"isLocked":false,"businessInteractionRoleId1":98,"businessInteractionRoleId2":95,"businessInteractionRoleId3":95,"id":2471,"href":"/v1/profilePermission/2471","dynamicMap":{},"type":"com.ericsson.bss.rm.erms.core.entity.dto.bi.profilepermission.ProfilePermissionBIResponseDTO"}</con:value>
        </con:property>
        <con:property>
          <con:name>req_createdForSalesOrg</con:name>
          <con:value>1</con:value>
        </con:property>
      </con:properties>
      <con:returnProperties>
        <con:entry>res_code</con:entry>
        <con:entry>res_errorMessageCreate</con:entry>
        <con:entry>res_errorMessageAdd</con:entry>
        <con:entry>res_errorMessageSubmit</con:entry>
        <con:entry>response</con:entry>
      </con:returnProperties>
      <con:runMode>PARALLELL</con:runMode>
    </con:config>
  </con:testStep>
  <con:testStep type="assertionteststep" name="Assertion terminal get permission is created - selfOrgScope" id="f2a06e13-35fd-4b24-aa3a-39dc58fd3808">
    <con:settings/>
    <con:config xsi:type="con:AssertionTestStep" xmlns:xsi="http://www.w3.org/2001/XMLSchema-instance">
      <con:entry>
        <con:id>2a6cf133-bf10-4494-a225-f354714e7d4f</con:id>
        <con:isGroup>false</con:isGroup>
        <con:sourceId>cf142e3d-3f6c-470a-a58c-306776560ab0</con:sourceId>
        <con:propertyName>http200</con:propertyName>
        <con:assertion type="Simple Equals" name="Equals" id="19755e1d-8690-48e6-88ff-973748328e5a">
          <con:configuration>
            <patternObjectId>cd6ee7b9-d1bc-474c-a959-8ac9315a1cda</patternObjectId>
            <patternProperty>res_code</patternProperty>
            <caseSensitive>true</caseSensitive>
          </con:configuration>
        </con:assertion>
      </con:entry>
    </con:config>
  </con:testStep>
  <con:testStep type="transfer" name="Property Transfer add item - fail - selfOrgScope - parent" id="7f5aa71c-95af-4dfd-90f5-5a5d651e1581">
    <con:settings/>
    <con:config xsi:type="con:PropertyTransfersStep" xmlns:xsi="http://www.w3.org/2001/XMLSchema-instance">
      <con:transfers setNullOnMissingSource="true" transferTextContent="true" failOnError="true" ignoreEmpty="false" transferToAll="false" entitize="false" transferChildNodes="false">
        <con:name>invExtId</con:name>
        <con:sourceType>random_inventoryExtId</con:sourceType>
        <con:sourceStep>Properties</con:sourceStep>
        <con:sourcePath/>
        <con:targetType>req_externalId</con:targetType>
        <con:targetStep>Add item to create terminal bi - fail - parent - selfOrgScope</con:targetStep>
        <con:targetPath/>
        <con:upgraded>true</con:upgraded>
      </con:transfers>
      <con:transfers setNullOnMissingSource="true" transferTextContent="true" failOnError="true" ignoreEmpty="false" transferToAll="false" entitize="false" transferChildNodes="false">
        <con:name>biId</con:name>
        <con:sourceType>res_biId</con:sourceType>
        <con:sourceStep>Create terminal bi  - selfOrgScope</con:sourceStep>
        <con:targetType>req_biId</con:targetType>
        <con:targetStep>Add item to create terminal bi - fail - parent - selfOrgScope</con:targetStep>
        <con:upgraded>true</con:upgraded>
      </con:transfers>
      <con:transfers setNullOnMissingSource="true" transferTextContent="true" failOnError="true" ignoreEmpty="false" transferToAll="false" entitize="false" transferChildNodes="false">
        <con:name>soId</con:name>
        <con:sourceType>res_salesOrgId</con:sourceType>
        <con:sourceStep>Create initial data</con:sourceStep>
        <con:targetType>req_salesOrgId</con:targetType>
        <con:targetStep>Add item to create terminal bi - fail - parent - selfOrgScope</con:targetStep>
        <con:upgraded>true</con:upgraded>
      </con:transfers>
      <con:transfers setNullOnMissingSource="true" transferTextContent="true" failOnError="true" ignoreEmpty="false" transferToAll="false" entitize="false" transferChildNodes="false">
        <con:name>userSo</con:name>
        <con:sourceType>res_salesOrgId</con:sourceType>
        <con:sourceStep>Create initial data4_parentOfInitialData</con:sourceStep>
        <con:targetType>UserSo</con:targetType>
        <con:targetStep>#Project#</con:targetStep>
        <con:upgraded>true</con:upgraded>
      </con:transfers>
      <con:transfers setNullOnMissingSource="true" transferTextContent="true" failOnError="true" ignoreEmpty="false" transferToAll="false" entitize="false" transferChildNodes="false">
        <con:name>userToken</con:name>
        <con:sourceType>userToken</con:sourceType>
        <con:sourceStep>Create initial data4_parentOfInitialData</con:sourceStep>
        <con:targetType>AuthorizationUser</con:targetType>
        <con:targetStep>#Project#</con:targetStep>
        <con:upgraded>true</con:upgraded>
      </con:transfers>
    </con:config>
  </con:testStep>
  <con:testStep type="calltestcase" name="Add item to create terminal bi - fail - parent - selfOrgScope" id="6acd7d46-2e03-4c8b-8106-be58ea158181">
    <con:settings/>
    <con:config xsi:type="con:RunTestCaseStep" xmlns:xsi="http://www.w3.org/2001/XMLSchema-instance">
      <con:targetTestCase>c2cf8d8e-d749-4306-b31a-9517cd1e26d6</con:targetTestCase>
      <con:properties>
        <con:property>
          <con:name>req_biId</con:name>
          <con:value>2451</con:value>
        </con:property>
        <con:property>
          <con:name>req_externalId</con:name>
          <con:value>ext-${=java.util.UUID.randomUUID()}</con:value>
        </con:property>
        <con:property>
          <con:name>res_biId</con:name>
          <con:value>2451</con:value>
        </con:property>
        <con:property>
          <con:name>res_biItemId</con:name>
          <con:value xsi:nil="true"/>
        </con:property>
        <con:property>
          <con:name>req_salesOrgId</con:name>
          <con:value>55</con:value>
        </con:property>
        <con:property>
          <con:name>res_errorMessage</con:name>
          <con:value>No Permission with [Always - Created By My Organization]</con:value>
        </con:property>
      </con:properties>
      <con:returnProperties>
        <con:entry>res_biId</con:entry>
        <con:entry>res_biItemId</con:entry>
        <con:entry>res_errorMessage</con:entry>
      </con:returnProperties>
      <con:runMode>PARALLELL</con:runMode>
    </con:config>
  </con:testStep>
  <con:testStep type="assertionteststep" name="Assertion terminal add item - fail - parent - selfOrgScope" id="5244b4d6-3921-4b4b-8ab9-945ba2b1adc3">
    <con:settings/>
    <con:config xsi:type="con:AssertionTestStep" xmlns:xsi="http://www.w3.org/2001/XMLSchema-instance">
      <con:entry>
        <con:id>dba2141e-0270-40d1-871d-7a9990578678</con:id>
        <con:isGroup>false</con:isGroup>
        <con:sourceId>ca9ebb5c-955a-404f-b6d4-87dd05963a4d</con:sourceId>
        <con:propertyName>res_errorMessage</con:propertyName>
        <con:assertion type="Simple Contains" name="Contains 3" id="5af6edf0-9c9a-40f1-a3cb-9f3a0d2a6c1b" disabled="true">
          <con:configuration>
            <token>^\s*$</token>
            <ignoreCase>false</ignoreCase>
            <useRegEx>true</useRegEx>
          </con:configuration>
        </con:assertion>
      </con:entry>
      <con:entry>
        <con:id>c551f28b-754a-434f-82d5-145b608c7f50</con:id>
        <con:isGroup>false</con:isGroup>
        <con:sourceId>6acd7d46-2e03-4c8b-8106-be58ea158181</con:sourceId>
        <con:propertyName>res_biItemId</con:propertyName>
        <con:assertion type="Simple Contains" name="Contains" id="91123818-8a2c-48d4-a662-0890269b4e43">
          <con:configuration>
            <token>^\s*$</token>
            <ignoreCase>false</ignoreCase>
            <useRegEx>true</useRegEx>
          </con:configuration>
        </con:assertion>
      </con:entry>
    </con:config>
  </con:testStep>
  <con:testStep type="transfer" name="Property Transfer add item - fail - child - selfOrgScope" id="9452c724-15b8-414b-af67-a084960c4dd4">
    <con:settings/>
    <con:config xsi:type="con:PropertyTransfersStep" xmlns:xsi="http://www.w3.org/2001/XMLSchema-instance">
      <con:transfers setNullOnMissingSource="true" transferTextContent="true" failOnError="true" ignoreEmpty="false" transferToAll="false" entitize="false" transferChildNodes="false">
        <con:name>invExtId</con:name>
        <con:sourceType>random_inventoryExtId</con:sourceType>
        <con:sourceStep>Properties</con:sourceStep>
        <con:sourcePath/>
        <con:targetType>req_externalId</con:targetType>
        <con:targetStep>Add item to create terminal bi - fail- child - selfOrgScope</con:targetStep>
        <con:targetPath/>
        <con:upgraded>true</con:upgraded>
      </con:transfers>
      <con:transfers setNullOnMissingSource="true" transferTextContent="true" failOnError="true" ignoreEmpty="false" transferToAll="false" entitize="false" transferChildNodes="false">
        <con:name>biId</con:name>
        <con:sourceType>res_biId</con:sourceType>
        <con:sourceStep>Create terminal bi  - selfOrgScope</con:sourceStep>
        <con:targetType>req_biId</con:targetType>
        <con:targetStep>Add item to create terminal bi - fail- child - selfOrgScope</con:targetStep>
        <con:upgraded>true</con:upgraded>
      </con:transfers>
      <con:transfers setNullOnMissingSource="true" transferTextContent="true" failOnError="true" ignoreEmpty="false" transferToAll="false" entitize="false" transferChildNodes="false">
        <con:name>soId</con:name>
        <con:sourceType>res_salesOrgId</con:sourceType>
        <con:sourceStep>Create initial data</con:sourceStep>
        <con:targetType>req_salesOrgId</con:targetType>
        <con:targetStep>Add item to create terminal bi - fail- child - selfOrgScope</con:targetStep>
        <con:upgraded>true</con:upgraded>
      </con:transfers>
      <con:transfers setNullOnMissingSource="true" transferTextContent="true" failOnError="true" ignoreEmpty="false" transferToAll="false" entitize="false" transferChildNodes="false">
        <con:name>userSo</con:name>
        <con:sourceType>res_salesOrgId</con:sourceType>
        <con:sourceStep>Create initial data3_childOfInitialData</con:sourceStep>
        <con:targetType>UserSo</con:targetType>
        <con:targetStep>#Project#</con:targetStep>
        <con:upgraded>true</con:upgraded>
      </con:transfers>
      <con:transfers setNullOnMissingSource="true" transferTextContent="true" failOnError="true" ignoreEmpty="false" transferToAll="false" entitize="false" transferChildNodes="false">
        <con:name>userToken</con:name>
        <con:sourceType>userToken</con:sourceType>
        <con:sourceStep>Create initial data3_childOfInitialData</con:sourceStep>
        <con:targetType>AuthorizationUser</con:targetType>
        <con:targetStep>#Project#</con:targetStep>
        <con:upgraded>true</con:upgraded>
      </con:transfers>
    </con:config>
  </con:testStep>
  <con:testStep type="calltestcase" name="Add item to create terminal bi - fail- child - selfOrgScope" id="37f0076a-6725-47df-8628-e125fa10a06f">
    <con:settings/>
    <con:config xsi:type="con:RunTestCaseStep" xmlns:xsi="http://www.w3.org/2001/XMLSchema-instance">
      <con:targetTestCase>c2cf8d8e-d749-4306-b31a-9517cd1e26d6</con:targetTestCase>
      <con:properties>
        <con:property>
          <con:name>req_biId</con:name>
          <con:value>2451</con:value>
        </con:property>
        <con:property>
          <con:name>req_externalId</con:name>
          <con:value>ext-${=java.util.UUID.randomUUID()}</con:value>
        </con:property>
        <con:property>
          <con:name>res_biId</con:name>
          <con:value>2451</con:value>
        </con:property>
        <con:property>
          <con:name>res_biItemId</con:name>
          <con:value xsi:nil="true"/>
        </con:property>
        <con:property>
          <con:name>req_salesOrgId</con:name>
          <con:value>55</con:value>
        </con:property>
        <con:property>
          <con:name>res_errorMessage</con:name>
          <con:value>No Permission with [Always - Created By My Organization]</con:value>
        </con:property>
      </con:properties>
      <con:returnProperties>
        <con:entry>res_biId</con:entry>
        <con:entry>res_biItemId</con:entry>
        <con:entry>res_errorMessage</con:entry>
      </con:returnProperties>
      <con:runMode>PARALLELL</con:runMode>
    </con:config>
  </con:testStep>
  <con:testStep type="assertionteststep" name="Assertion terminal add item - fail- child - selfOrgScope" id="5c663e70-b538-41d6-9165-e3164e77c99c">
    <con:settings/>
    <con:config xsi:type="con:AssertionTestStep" xmlns:xsi="http://www.w3.org/2001/XMLSchema-instance">
      <con:entry>
        <con:id>89adba61-8ba0-49de-8293-d89cefd8464a</con:id>
        <con:isGroup>false</con:isGroup>
        <con:sourceId>ca9ebb5c-955a-404f-b6d4-87dd05963a4d</con:sourceId>
        <con:propertyName>res_errorMessage</con:propertyName>
        <con:assertion type="Simple Contains" name="Contains 3" id="b668e728-d47e-4d41-b969-441d08bcc8b9" disabled="true">
          <con:configuration>
            <token>^\s*$</token>
            <ignoreCase>false</ignoreCase>
            <useRegEx>true</useRegEx>
          </con:configuration>
        </con:assertion>
      </con:entry>
      <con:entry>
        <con:id>ee085eeb-92cf-40ef-ae0d-ee16cbae5790</con:id>
        <con:isGroup>false</con:isGroup>
        <con:sourceId>37f0076a-6725-47df-8628-e125fa10a06f</con:sourceId>
        <con:propertyName>res_biItemId</con:propertyName>
        <con:assertion type="Simple Contains" name="Contains" id="9030d19d-8389-4780-9a39-c4711a01577b">
          <con:configuration>
            <token>^\s*$</token>
            <ignoreCase>false</ignoreCase>
            <useRegEx>true</useRegEx>
          </con:configuration>
        </con:assertion>
      </con:entry>
    </con:config>
  </con:testStep>
  <con:testStep type="transfer" name="Property Transfer add item - fail - irrelevant - selfOrgScope" id="760e2f5d-4204-415c-a3a5-c9b4fda6dbcd">
    <con:settings/>
    <con:config xsi:type="con:PropertyTransfersStep" xmlns:xsi="http://www.w3.org/2001/XMLSchema-instance">
      <con:transfers setNullOnMissingSource="true" transferTextContent="true" failOnError="true" ignoreEmpty="false" transferToAll="false" entitize="false" transferChildNodes="false">
        <con:name>invExtId</con:name>
        <con:sourceType>random_inventoryExtId</con:sourceType>
        <con:sourceStep>Properties</con:sourceStep>
        <con:sourcePath/>
        <con:targetType>req_externalId</con:targetType>
        <con:targetStep>Add item to create terminal bi - fail - irrelevant - selfOrgScope</con:targetStep>
        <con:targetPath/>
        <con:upgraded>true</con:upgraded>
      </con:transfers>
      <con:transfers setNullOnMissingSource="true" transferTextContent="true" failOnError="true" ignoreEmpty="false" transferToAll="false" entitize="false" transferChildNodes="false">
        <con:name>biId</con:name>
        <con:sourceType>res_biId</con:sourceType>
        <con:sourceStep>Create terminal bi  - selfOrgScope</con:sourceStep>
        <con:targetType>req_biId</con:targetType>
        <con:targetStep>Add item to create terminal bi - fail - irrelevant - selfOrgScope</con:targetStep>
        <con:upgraded>true</con:upgraded>
      </con:transfers>
      <con:transfers setNullOnMissingSource="true" transferTextContent="true" failOnError="true" ignoreEmpty="false" transferToAll="false" entitize="false" transferChildNodes="false">
        <con:name>soId</con:name>
        <con:sourceType>res_salesOrgId</con:sourceType>
        <con:sourceStep>Create initial data</con:sourceStep>
        <con:targetType>req_salesOrgId</con:targetType>
        <con:targetStep>Add item to create terminal bi - fail - irrelevant - selfOrgScope</con:targetStep>
        <con:upgraded>true</con:upgraded>
      </con:transfers>
      <con:transfers setNullOnMissingSource="true" transferTextContent="true" failOnError="true" ignoreEmpty="false" transferToAll="false" entitize="false" transferChildNodes="false">
        <con:name>userSo</con:name>
        <con:sourceType>res_salesOrgId</con:sourceType>
        <con:sourceStep>Create initial data2</con:sourceStep>
        <con:targetType>UserSo</con:targetType>
        <con:targetStep>#Project#</con:targetStep>
        <con:upgraded>true</con:upgraded>
      </con:transfers>
      <con:transfers setNullOnMissingSource="true" transferTextContent="true" failOnError="true" ignoreEmpty="false" transferToAll="false" entitize="false" transferChildNodes="false">
        <con:name>userToken</con:name>
        <con:sourceType>userToken</con:sourceType>
        <con:sourceStep>Create initial data2</con:sourceStep>
        <con:targetType>AuthorizationUser</con:targetType>
        <con:targetStep>#Project#</con:targetStep>
        <con:upgraded>true</con:upgraded>
      </con:transfers>
    </con:config>
  </con:testStep>
  <con:testStep type="calltestcase" name="Add item to create terminal bi - fail - irrelevant - selfOrgScope" id="89dc3023-8956-48a8-baa2-4d37a8f91a6d">
    <con:settings/>
    <con:config xsi:type="con:RunTestCaseStep" xmlns:xsi="http://www.w3.org/2001/XMLSchema-instance">
      <con:targetTestCase>c2cf8d8e-d749-4306-b31a-9517cd1e26d6</con:targetTestCase>
      <con:properties>
        <con:property>
          <con:name>req_biId</con:name>
          <con:value>2451</con:value>
        </con:property>
        <con:property>
          <con:name>req_externalId</con:name>
          <con:value>ext-${=java.util.UUID.randomUUID()}</con:value>
        </con:property>
        <con:property>
          <con:name>res_biId</con:name>
          <con:value>2451</con:value>
        </con:property>
        <con:property>
          <con:name>res_biItemId</con:name>
          <con:value xsi:nil="true"/>
        </con:property>
        <con:property>
          <con:name>req_salesOrgId</con:name>
          <con:value>55</con:value>
        </con:property>
        <con:property>
          <con:name>res_errorMessage</con:name>
          <con:value>No Permission with [Always - Created By My Organization]</con:value>
        </con:property>
      </con:properties>
      <con:returnProperties>
        <con:entry>res_biId</con:entry>
        <con:entry>res_biItemId</con:entry>
        <con:entry>res_errorMessage</con:entry>
      </con:returnProperties>
      <con:runMode>PARALLELL</con:runMode>
    </con:config>
  </con:testStep>
  <con:testStep type="assertionteststep" name="Assertion terminal add item - fail - irrelevant- selfOrgScope" id="ed479487-339a-46e5-968e-8c0c1df142d1">
    <con:settings/>
    <con:config xsi:type="con:AssertionTestStep" xmlns:xsi="http://www.w3.org/2001/XMLSchema-instance">
      <con:entry>
        <con:id>02126eda-64a5-4fa8-8b9e-58cde454c3c8</con:id>
        <con:isGroup>false</con:isGroup>
        <con:sourceId>ca9ebb5c-955a-404f-b6d4-87dd05963a4d</con:sourceId>
        <con:propertyName>res_errorMessage</con:propertyName>
        <con:assertion type="Simple Contains" name="Contains 3" id="5b5457f8-f66f-49d1-b7b9-65cf4099504a" disabled="true">
          <con:configuration>
            <token>^\s*$</token>
            <ignoreCase>false</ignoreCase>
            <useRegEx>true</useRegEx>
          </con:configuration>
        </con:assertion>
      </con:entry>
      <con:entry>
        <con:id>0ce3c3c0-e1ec-491c-9bec-d35550afd8b4</con:id>
        <con:isGroup>false</con:isGroup>
        <con:sourceId>89dc3023-8956-48a8-baa2-4d37a8f91a6d</con:sourceId>
        <con:propertyName>res_biItemId</con:propertyName>
        <con:assertion type="Simple Contains" name="Contains" id="5ea13e73-ad6d-4aed-b313-e54e09597b46">
          <con:configuration>
            <token>^\s*$</token>
            <ignoreCase>false</ignoreCase>
            <useRegEx>true</useRegEx>
          </con:configuration>
        </con:assertion>
      </con:entry>
    </con:config>
  </con:testStep>
  <con:testStep type="transfer" name="Property Transfer add item - success - selfOrgScope" id="f3bb1977-7438-427f-a818-9afe5c7817ad">
    <con:settings/>
    <con:config xsi:type="con:PropertyTransfersStep" xmlns:xsi="http://www.w3.org/2001/XMLSchema-instance">
      <con:transfers setNullOnMissingSource="true" transferTextContent="true" failOnError="true" ignoreEmpty="false" transferToAll="false" entitize="false" transferChildNodes="false">
        <con:name>invExtId</con:name>
        <con:sourceType>random_inventoryExtId</con:sourceType>
        <con:sourceStep>Properties</con:sourceStep>
        <con:sourcePath/>
        <con:targetType>req_externalId</con:targetType>
        <con:targetStep>Add item to create terminal bi - success - selfOrgScope</con:targetStep>
        <con:targetPath/>
        <con:upgraded>true</con:upgraded>
      </con:transfers>
      <con:transfers setNullOnMissingSource="true" transferTextContent="true" failOnError="true" ignoreEmpty="false" transferToAll="false" entitize="false" transferChildNodes="false">
        <con:name>biId</con:name>
        <con:sourceType>res_biId</con:sourceType>
        <con:sourceStep>Create terminal bi  - selfOrgScope</con:sourceStep>
        <con:targetType>req_biId</con:targetType>
        <con:targetStep>Add item to create terminal bi - success - selfOrgScope</con:targetStep>
        <con:upgraded>true</con:upgraded>
      </con:transfers>
      <con:transfers setNullOnMissingSource="true" transferTextContent="true" failOnError="true" ignoreEmpty="false" transferToAll="false" entitize="false" transferChildNodes="false">
        <con:name>soId</con:name>
        <con:sourceType>res_salesOrgId</con:sourceType>
        <con:sourceStep>Create initial data</con:sourceStep>
        <con:targetType>req_salesOrgId</con:targetType>
        <con:targetStep>Add item to create terminal bi - success - selfOrgScope</con:targetStep>
        <con:upgraded>true</con:upgraded>
      </con:transfers>
      <con:transfers setNullOnMissingSource="true" transferTextContent="true" failOnError="true" ignoreEmpty="false" transferToAll="false" entitize="false" transferChildNodes="false">
        <con:name>userSo</con:name>
        <con:sourceType>res_salesOrgId</con:sourceType>
        <con:sourceStep>Create initial data</con:sourceStep>
        <con:targetType>UserSo</con:targetType>
        <con:targetStep>#Project#</con:targetStep>
        <con:upgraded>true</con:upgraded>
      </con:transfers>
      <con:transfers setNullOnMissingSource="true" transferTextContent="true" failOnError="true" ignoreEmpty="false" transferToAll="false" entitize="false" transferChildNodes="false">
        <con:name>userToken</con:name>
        <con:sourceType>userToken</con:sourceType>
        <con:sourceStep>Create initial data</con:sourceStep>
        <con:targetType>AuthorizationUser</con:targetType>
        <con:targetStep>#Project#</con:targetStep>
        <con:upgraded>true</con:upgraded>
      </con:transfers>
    </con:config>
  </con:testStep>
  <con:testStep type="calltestcase" name="Add item to create terminal bi - success - selfOrgScope" id="2eaf60e3-045a-4b51-91d2-18d9494362d6">
    <con:settings/>
    <con:config xsi:type="con:RunTestCaseStep" xmlns:xsi="http://www.w3.org/2001/XMLSchema-instance">
      <con:targetTestCase>c2cf8d8e-d749-4306-b31a-9517cd1e26d6</con:targetTestCase>
      <con:properties>
        <con:property>
          <con:name>req_biId</con:name>
          <con:value>2451</con:value>
        </con:property>
        <con:property>
          <con:name>req_externalId</con:name>
          <con:value>ext-${=java.util.UUID.randomUUID()}</con:value>
        </con:property>
        <con:property>
          <con:name>res_biId</con:name>
          <con:value>2451</con:value>
        </con:property>
        <con:property>
          <con:name>res_biItemId</con:name>
          <con:value>264</con:value>
        </con:property>
        <con:property>
          <con:name>req_salesOrgId</con:name>
          <con:value>55</con:value>
        </con:property>
        <con:property>
          <con:name>res_errorMessage</con:name>
          <con:value xsi:nil="true"/>
        </con:property>
      </con:properties>
      <con:returnProperties>
        <con:entry>res_biId</con:entry>
        <con:entry>res_biItemId</con:entry>
        <con:entry>res_errorMessage</con:entry>
      </con:returnProperties>
      <con:runMode>PARALLELL</con:runMode>
    </con:config>
  </con:testStep>
  <con:testStep type="assertionteststep" name="Assertion terminal add item - success - selfOrgScope" id="c689edba-eaf0-43b7-9f27-ef9701c777e1">
    <con:settings/>
    <con:config xsi:type="con:AssertionTestStep" xmlns:xsi="http://www.w3.org/2001/XMLSchema-instance">
      <con:entry>
        <con:id>93fac569-1c7f-4cb5-8316-fcb563f81401</con:id>
        <con:isGroup>false</con:isGroup>
        <con:sourceId>ca9ebb5c-955a-404f-b6d4-87dd05963a4d</con:sourceId>
        <con:propertyName>res_errorMessage</con:propertyName>
        <con:assertion type="Simple Contains" name="Contains 3" id="78f3ac0e-be60-44de-a2fb-5f900f443f24" disabled="true">
          <con:configuration>
            <token>^\s*$</token>
            <ignoreCase>false</ignoreCase>
            <useRegEx>true</useRegEx>
          </con:configuration>
        </con:assertion>
      </con:entry>
      <con:entry>
        <con:id>016d0320-3fdf-4663-a9c8-060f46c2307a</con:id>
        <con:isGroup>false</con:isGroup>
        <con:sourceId>2eaf60e3-045a-4b51-91d2-18d9494362d6</con:sourceId>
        <con:propertyName>req_biId</con:propertyName>
        <con:assertion type="Simple Contains" name="Contains" id="9abbea4d-c014-4f44-ad0e-afcdb052e7f1">
          <con:configuration>
            <token>\d+</token>
            <ignoreCase>false</ignoreCase>
            <useRegEx>true</useRegEx>
          </con:configuration>
        </con:assertion>
      </con:entry>
    </con:config>
  </con:testStep>
  <con:testStep type="transfer" name="Property Transfer add item - sameSO - success - selfOrgScope" id="3ec15ecc-829d-4fe8-b53f-760bb0a89d12">
    <con:settings/>
    <con:config xsi:type="con:PropertyTransfersStep" xmlns:xsi="http://www.w3.org/2001/XMLSchema-instance">
      <con:transfers setNullOnMissingSource="true" transferTextContent="true" failOnError="true" ignoreEmpty="false" transferToAll="false" entitize="false" transferChildNodes="false">
        <con:name>invExtId</con:name>
        <con:sourceType>random_inventoryExtId</con:sourceType>
        <con:sourceStep>Properties</con:sourceStep>
        <con:sourcePath/>
        <con:targetType>req_externalId</con:targetType>
        <con:targetStep>Add item to create terminal bi - sameSO - success - selfOrgScope</con:targetStep>
        <con:targetPath/>
        <con:upgraded>true</con:upgraded>
      </con:transfers>
      <con:transfers setNullOnMissingSource="true" transferTextContent="true" failOnError="true" ignoreEmpty="false" transferToAll="false" entitize="false" transferChildNodes="false">
        <con:name>biId</con:name>
        <con:sourceType>res_biId</con:sourceType>
        <con:sourceStep>Create terminal bi  - selfOrgScope</con:sourceStep>
        <con:targetType>req_biId</con:targetType>
        <con:targetStep>Add item to create terminal bi - sameSO - success - selfOrgScope</con:targetStep>
        <con:upgraded>true</con:upgraded>
      </con:transfers>
      <con:transfers setNullOnMissingSource="true" transferTextContent="true" failOnError="true" ignoreEmpty="false" transferToAll="false" entitize="false" transferChildNodes="false">
        <con:name>soId</con:name>
        <con:sourceType>res_salesOrgId</con:sourceType>
        <con:sourceStep>Create initial data</con:sourceStep>
        <con:targetType>req_salesOrgId</con:targetType>
        <con:targetStep>Add item to create terminal bi - sameSO - success - selfOrgScope</con:targetStep>
        <con:upgraded>true</con:upgraded>
      </con:transfers>
      <con:transfers setNullOnMissingSource="true" transferTextContent="true" failOnError="true" ignoreEmpty="false" transferToAll="false" entitize="false" transferChildNodes="false">
        <con:name>userSo</con:name>
        <con:sourceType>res_salesOrgId</con:sourceType>
        <con:sourceStep>Create initial data</con:sourceStep>
        <con:targetType>UserSo</con:targetType>
        <con:targetStep>#Project#</con:targetStep>
        <con:upgraded>true</con:upgraded>
      </con:transfers>
      <con:transfers setNullOnMissingSource="true" transferTextContent="true" failOnError="true" ignoreEmpty="false" transferToAll="false" entitize="false" transferChildNodes="false">
        <con:name>userToken</con:name>
        <con:sourceType>userToken</con:sourceType>
        <con:sourceStep>Create another user from initial data</con:sourceStep>
        <con:targetType>AuthorizationUser</con:targetType>
        <con:targetStep>#Project#</con:targetStep>
        <con:upgraded>true</con:upgraded>
      </con:transfers>
    </con:config>
  </con:testStep>
  <con:testStep type="calltestcase" name="Add item to create terminal bi - sameSO - success - selfOrgScope" id="a042f04a-7fde-4fc4-84be-bf17583d6406">
    <con:settings/>
    <con:config xsi:type="con:RunTestCaseStep" xmlns:xsi="http://www.w3.org/2001/XMLSchema-instance">
      <con:targetTestCase>c2cf8d8e-d749-4306-b31a-9517cd1e26d6</con:targetTestCase>
      <con:properties>
        <con:property>
          <con:name>req_biId</con:name>
          <con:value>2451</con:value>
        </con:property>
        <con:property>
          <con:name>req_externalId</con:name>
          <con:value>ext-${=java.util.UUID.randomUUID()}</con:value>
        </con:property>
        <con:property>
          <con:name>res_biId</con:name>
          <con:value>2451</con:value>
        </con:property>
        <con:property>
          <con:name>res_biItemId</con:name>
          <con:value>265</con:value>
        </con:property>
        <con:property>
          <con:name>req_salesOrgId</con:name>
          <con:value>55</con:value>
        </con:property>
        <con:property>
          <con:name>res_errorMessage</con:name>
          <con:value xsi:nil="true"/>
        </con:property>
      </con:properties>
      <con:returnProperties>
        <con:entry>res_biId</con:entry>
        <con:entry>res_biItemId</con:entry>
        <con:entry>res_errorMessage</con:entry>
      </con:returnProperties>
      <con:runMode>PARALLELL</con:runMode>
    </con:config>
  </con:testStep>
  <con:testStep type="assertionteststep" name="Assertion terminal add item - sameSO - success - selfOrgScope" id="3f64911b-a36d-4141-9cb4-9410a966ffb6">
    <con:settings/>
    <con:config xsi:type="con:AssertionTestStep" xmlns:xsi="http://www.w3.org/2001/XMLSchema-instance">
      <con:entry>
        <con:id>987f139b-138b-498a-89c5-cf804dee8f18</con:id>
        <con:isGroup>false</con:isGroup>
        <con:sourceId>ca9ebb5c-955a-404f-b6d4-87dd05963a4d</con:sourceId>
        <con:propertyName>res_errorMessage</con:propertyName>
        <con:assertion type="Simple Contains" name="Contains 3" id="44ba159a-5363-4f81-a573-721e69e9f726" disabled="true">
          <con:configuration>
            <token>^\s*$</token>
            <ignoreCase>false</ignoreCase>
            <useRegEx>true</useRegEx>
          </con:configuration>
        </con:assertion>
      </con:entry>
      <con:entry>
        <con:id>0a9d14f7-ca22-4213-9dd7-c5eb9cd9d528</con:id>
        <con:isGroup>false</con:isGroup>
        <con:sourceId>a042f04a-7fde-4fc4-84be-bf17583d6406</con:sourceId>
        <con:propertyName>res_biItemId</con:propertyName>
        <con:assertion type="Simple Contains" name="Contains" id="338d776c-7b82-4a92-922f-22c118e2d812">
          <con:configuration>
            <token>\d+</token>
            <ignoreCase>false</ignoreCase>
            <useRegEx>true</useRegEx>
          </con:configuration>
        </con:assertion>
      </con:entry>
    </con:config>
  </con:testStep>
  <con:testStep type="calltestcase" name="Delete all permissions - selfOrgScope" id="ad0e61a2-eb75-42d8-a0a6-c78da4ec8344">
    <con:settings/>
    <con:config xsi:type="con:RunTestCaseStep" xmlns:xsi="http://www.w3.org/2001/XMLSchema-instance">
      <con:targetTestCase>5206b52a-ed9d-476d-b282-12f78b0cf6eb</con:targetTestCase>
      <con:properties/>
      <con:returnProperties/>
      <con:runMode>PARALLELL</con:runMode>
    </con:config>
  </con:testStep>
  <con:testStep type="transfer" name="Property Transfer 25" id="6e979fae-2f02-40c1-8a0f-513f2f4bd2a9" disabled="true">
    <con:settings/>
    <con:config xsi:type="con:PropertyTransfersStep" xmlns:xsi="http://www.w3.org/2001/XMLSchema-instance">
      <con:transfers setNullOnMissingSource="true" transferTextContent="true" failOnError="true" ignoreEmpty="false" transferToAll="false" entitize="false" transferChildNodes="false">
        <con:name>status_auth</con:name>
        <con:sourceType>statusFalse</con:sourceType>
        <con:sourceStep>Properties</con:sourceStep>
        <con:targetType>req_status</con:targetType>
        <con:targetStep>Disable authorization</con:targetStep>
        <con:upgraded>true</con:upgraded>
      </con:transfers>
    </con:config>
  </con:testStep>
  <con:testStep type="calltestcase" name="Disable authorization" id="24337657-9985-4396-878f-33dc7412769b" disabled="true">
    <con:settings/>
    <con:config xsi:type="con:RunTestCaseStep" xmlns:xsi="http://www.w3.org/2001/XMLSchema-instance">
      <con:targetTestCase>b9e75504-97ad-4b37-b581-97fe464f9739</con:targetTestCase>
      <con:properties>
        <con:property>
          <con:name>res_code</con:name>
          <con:value>200</con:value>
        </con:property>
        <con:property>
          <con:name>res_errorMessage</con:name>
          <con:value/>
        </con:property>
        <con:property>
          <con:name>response</con:name>
          <con:value>Ok</con:value>
        </con:property>
        <con:property>
          <con:name>req_status</con:name>
          <con:value>false</con:value>
        </con:property>
      </con:properties>
      <con:returnProperties>
        <con:entry>res_code</con:entry>
        <con:entry>res_errorMessage</con:entry>
        <con:entry>response</con:entry>
      </con:returnProperties>
      <con:runMode>PARALLELL</con:runMode>
    </con:config>
  </con:testStep>
  <con:properties/>
  <con:reportParameters/>
  <con:breakPoints>
    <con:testStepId>cf142e3d-3f6c-470a-a58c-306776560ab0</con:testStepId>
    <con:status>NONE</con:status>
    <con:properties/>
  </con:breakPoints>
  <con:breakPoints>
    <con:testStepId>adb7a0f5-b04c-4e77-9ffe-bd84f587bd94</con:testStepId>
    <con:status>NONE</con:status>
    <con:properties/>
  </con:breakPoints>
  <con:breakPoints>
    <con:testStepId>7d28c015-7f4c-4023-8605-a34139d1dd23</con:testStepId>
    <con:status>NONE</con:status>
    <con:properties/>
  </con:breakPoints>
  <con:breakPoints>
    <con:testStepId>cbe1d566-a1db-45b1-b55f-2684f0159a17</con:testStepId>
    <con:status>NONE</con:status>
    <con:properties/>
  </con:breakPoints>
  <con:breakPoints>
    <con:testStepId>bdcfc1bd-5764-4afa-81af-0704b425639d</con:testStepId>
    <con:status>NONE</con:status>
    <con:properties/>
  </con:breakPoints>
  <con:breakPoints>
    <con:testStepId>b4b6d89d-7d1b-4f7a-a496-3ce38abd26d8</con:testStepId>
    <con:status>NONE</con:status>
    <con:properties/>
  </con:breakPoints>
  <con:breakPoints>
    <con:testStepId>6e189064-0831-4004-abd9-7e69dda73543</con:testStepId>
    <con:status>NONE</con:status>
    <con:properties/>
  </con:breakPoints>
  <con:breakPoints>
    <con:testStepId>1e22ed89-536d-47da-85e8-ad1b91f19bb2</con:testStepId>
    <con:status>NONE</con:status>
    <con:properties/>
  </con:breakPoints>
  <con:breakPoints>
    <con:testStepId>f86167b9-5cf2-4440-a65c-13ccd6d9951d</con:testStepId>
    <con:status>NONE</con:status>
    <con:properties/>
  </con:breakPoints>
  <con:breakPoints>
    <con:testStepId>c1586165-397e-4257-a52d-7babd50a7a73</con:testStepId>
    <con:status>NONE</con:status>
    <con:properties/>
  </con:breakPoints>
  <con:breakPoints>
    <con:testStepId>f752037e-035f-4ef0-896e-55b9168ba420</con:testStepId>
    <con:status>NONE</con:status>
    <con:properties/>
  </con:breakPoints>
  <con:breakPoints>
    <con:testStepId>bef042be-dd9a-4ba2-937c-e58f50c14698</con:testStepId>
    <con:status>NONE</con:status>
    <con:properties/>
  </con:breakPoints>
  <con:breakPoints>
    <con:testStepId>e94676c7-0b10-49d4-afeb-0da5478a333c</con:testStepId>
    <con:status>NONE</con:status>
    <con:properties/>
  </con:breakPoints>
  <con:breakPoints>
    <con:testStepId>de4b41f2-4d3b-4377-b97f-59596cd35a95</con:testStepId>
    <con:status>NONE</con:status>
    <con:properties/>
  </con:breakPoints>
  <con:breakPoints>
    <con:testStepId>d896c39e-33a6-46ba-b0b4-804e5290220d</con:testStepId>
    <con:status>NONE</con:status>
    <con:properties/>
  </con:breakPoints>
  <con:breakPoints>
    <con:testStepId>d9f08782-241f-4bff-90b9-36c384b29775</con:testStepId>
    <con:status>NONE</con:status>
    <con:properties/>
  </con:breakPoints>
  <con:breakPoints>
    <con:testStepId>1ca59a8b-f04a-432f-9b19-3c88337a3264</con:testStepId>
    <con:status>NONE</con:status>
    <con:properties/>
  </con:breakPoints>
  <con:breakPoints>
    <con:testStepId>24337657-9985-4396-878f-33dc7412769b</con:testStepId>
    <con:status>NONE</con:status>
    <con:properties/>
  </con:breakPoints>
  <con:breakPoints>
    <con:testStepId>6e979fae-2f02-40c1-8a0f-513f2f4bd2a9</con:testStepId>
    <con:status>NONE</con:status>
    <con:properties/>
  </con:breakPoints>
  <con:breakPoints>
    <con:testStepId>24e28401-451e-443b-838a-05f81b3d9ab9</con:testStepId>
    <con:status>NONE</con:status>
    <con:properties/>
  </con:breakPoints>
  <con:breakPoints>
    <con:testStepId>dad53d93-7a78-43ee-a17f-5b788428893c</con:testStepId>
    <con:status>NONE</con:status>
    <con:properties/>
  </con:breakPoints>
  <con:breakPoints>
    <con:testStepId>640d7e78-6e06-426f-8be0-a1954cac8956</con:testStepId>
    <con:status>NONE</con:status>
    <con:properties/>
  </con:breakPoints>
  <con:breakPoints>
    <con:testStepId>5ea80866-b90a-4261-9519-7fc96865eb78</con:testStepId>
    <con:status>NONE</con:status>
    <con:properties/>
  </con:breakPoints>
  <con:breakPoints>
    <con:testStepId>d960b8e6-d167-4fb8-b78a-4fcbb63a887b</con:testStepId>
    <con:status>NONE</con:status>
    <con:properties/>
  </con:breakPoints>
  <con:breakPoints>
    <con:testStepId>9e6dfd93-c640-455b-a41c-8a88f8f83f1c</con:testStepId>
    <con:status>NONE</con:status>
    <con:properties/>
  </con:breakPoints>
  <con:breakPoints>
    <con:testStepId>15c2cb80-4778-4aff-be44-a577ec24d4db</con:testStepId>
    <con:status>NONE</con:status>
    <con:properties/>
  </con:breakPoints>
  <con:breakPoints>
    <con:testStepId>74ee5cc4-5c46-4af0-a698-e4c6a0820b85</con:testStepId>
    <con:status>NONE</con:status>
    <con:properties/>
  </con:breakPoints>
  <con:breakPoints>
    <con:testStepId>768f631d-e32a-41c2-8a41-9d0a84f6beb8</con:testStepId>
    <con:status>NONE</con:status>
    <con:properties/>
  </con:breakPoints>
  <con:breakPoints>
    <con:testStepId>6aea6ec3-d16a-452c-813b-f7e2fe2e0c10</con:testStepId>
    <con:status>NONE</con:status>
    <con:properties/>
  </con:breakPoints>
  <con:breakPoints>
    <con:testStepId>77b8d94a-93ed-46ee-ba28-07f1ca7459d3</con:testStepId>
    <con:status>NONE</con:status>
    <con:properties/>
  </con:breakPoints>
  <con:breakPoints>
    <con:testStepId>7cfe6ea0-c775-4435-b796-5088d3b765e0</con:testStepId>
    <con:status>NONE</con:status>
    <con:properties/>
  </con:breakPoints>
  <con:breakPoints>
    <con:testStepId>aafa7404-5a40-4d2c-b7ea-6a5a6234a092</con:testStepId>
    <con:status>NONE</con:status>
    <con:properties/>
  </con:breakPoints>
  <con:breakPoints>
    <con:testStepId>adb29702-cb02-47cd-a4e4-765a7bf751f5</con:testStepId>
    <con:status>NONE</con:status>
    <con:properties/>
  </con:breakPoints>
  <con:breakPoints>
    <con:testStepId>db5cddb5-0f66-4e8f-b619-89610a38b248</con:testStepId>
    <con:status>NONE</con:status>
    <con:properties/>
  </con:breakPoints>
  <con:breakPoints>
    <con:testStepId>76b89d6b-61f4-49d0-aaa4-cf86674b5cf1</con:testStepId>
    <con:status>NONE</con:status>
    <con:properties/>
  </con:breakPoints>
  <con:breakPoints>
    <con:testStepId>abf964a2-8899-4c0c-82aa-69a11f9578e4</con:testStepId>
    <con:status>NONE</con:status>
    <con:properties/>
  </con:breakPoints>
  <con:breakPoints>
    <con:testStepId>29c032c7-2540-4590-8ca1-a27a65d9c7d8</con:testStepId>
    <con:status>NONE</con:status>
    <con:properties/>
  </con:breakPoints>
  <con:breakPoints>
    <con:testStepId>1934a406-5b9a-4d8b-bc13-55f64af4b9fa</con:testStepId>
    <con:status>NONE</con:status>
    <con:properties/>
  </con:breakPoints>
  <con:breakPoints>
    <con:testStepId>3382cd4a-945a-4b55-9f3f-d9516cd2b6ab</con:testStepId>
    <con:status>NONE</con:status>
    <con:properties/>
  </con:breakPoints>
  <con:breakPoints>
    <con:testStepId>be1d6d4a-d6d3-453e-8c96-9bfce7cfaec9</con:testStepId>
    <con:status>NONE</con:status>
    <con:properties/>
  </con:breakPoints>
  <con:breakPoints>
    <con:testStepId>01fa2f31-f98d-47f1-9d6b-4cfb2b8eb7b9</con:testStepId>
    <con:status>NONE</con:status>
    <con:properties/>
  </con:breakPoints>
  <con:breakPoints>
    <con:testStepId>7f246580-07f5-4671-b561-2fa83c44a460</con:testStepId>
    <con:status>NONE</con:status>
    <con:properties/>
  </con:breakPoints>
  <con:breakPoints>
    <con:testStepId>16a3150f-007d-4169-b9f2-130c0c4baf42</con:testStepId>
    <con:status>NONE</con:status>
    <con:properties/>
  </con:breakPoints>
  <con:breakPoints>
    <con:testStepId>980c5a3f-58af-426d-9264-2d1d7e0a1c4c</con:testStepId>
    <con:status>NONE</con:status>
    <con:properties/>
  </con:breakPoints>
  <con:breakPoints>
    <con:testStepId>e72950ff-6f9c-438c-a4e5-971f07f23e34</con:testStepId>
    <con:status>NONE</con:status>
    <con:properties/>
  </con:breakPoints>
  <con:breakPoints>
    <con:testStepId>df62c0dd-46c5-4f8a-b322-fa5a27e47e80</con:testStepId>
    <con:status>NONE</con:status>
    <con:properties/>
  </con:breakPoints>
  <con:breakPoints>
    <con:testStepId>5321649c-0293-48be-a25e-78523afc2e85</con:testStepId>
    <con:status>NONE</con:status>
    <con:properties/>
  </con:breakPoints>
  <con:breakPoints>
    <con:testStepId>3687453d-ad88-4422-a0c0-08588702fda6</con:testStepId>
    <con:status>NONE</con:status>
    <con:properties/>
  </con:breakPoints>
  <con:breakPoints>
    <con:testStepId>cf17b7ec-7bd6-4ac4-a048-b957f6b374f1</con:testStepId>
    <con:status>NONE</con:status>
    <con:properties/>
  </con:breakPoints>
  <con:breakPoints>
    <con:testStepId>41f559a5-a68e-4459-94b6-707a5a62bbbc</con:testStepId>
    <con:status>NONE</con:status>
    <con:properties/>
  </con:breakPoints>
  <con:breakPoints>
    <con:testStepId>49ca013d-3857-40c0-a449-bef3d9e80a09</con:testStepId>
    <con:status>NONE</con:status>
    <con:properties/>
  </con:breakPoints>
  <con:breakPoints>
    <con:testStepId>eb48d761-9535-4f96-bd6c-1cd1a8b79b95</con:testStepId>
    <con:status>NONE</con:status>
    <con:properties/>
  </con:breakPoints>
  <con:breakPoints>
    <con:testStepId>d31052a1-3573-41a2-ad97-c7efd3c7691e</con:testStepId>
    <con:status>NONE</con:status>
    <con:properties/>
  </con:breakPoints>
  <con:breakPoints>
    <con:testStepId>91b11e4a-17bc-4630-801c-c7d7930133ae</con:testStepId>
    <con:status>NONE</con:status>
    <con:properties/>
  </con:breakPoints>
  <con:breakPoints>
    <con:testStepId>8124d29b-6c93-4aa3-8712-77c505da8e83</con:testStepId>
    <con:status>NONE</con:status>
    <con:properties/>
  </con:breakPoints>
  <con:breakPoints>
    <con:testStepId>edfcc46a-8e10-4207-a2f4-d688056baf4f</con:testStepId>
    <con:status>NONE</con:status>
    <con:properties/>
  </con:breakPoints>
  <con:breakPoints>
    <con:testStepId>f675dc83-0ae2-404e-b636-7868a9804a76</con:testStepId>
    <con:status>NONE</con:status>
    <con:properties/>
  </con:breakPoints>
  <con:breakPoints>
    <con:testStepId>2ad7f223-bec9-4162-aaf1-f666fbfdd215</con:testStepId>
    <con:status>NONE</con:status>
    <con:properties/>
  </con:breakPoints>
  <con:breakPoints>
    <con:testStepId>82cfee59-24ea-46bc-8d3a-f0b7976addce</con:testStepId>
    <con:status>NONE</con:status>
    <con:properties/>
  </con:breakPoints>
  <con:breakPoints>
    <con:testStepId>8df5d6ce-9431-4aa4-aa2b-ecffe106acd6</con:testStepId>
    <con:status>NONE</con:status>
    <con:properties/>
  </con:breakPoints>
  <con:breakPoints>
    <con:testStepId>7f6249e9-48c0-4607-8bc6-0d3921f7ae10</con:testStepId>
    <con:status>NONE</con:status>
    <con:properties/>
  </con:breakPoints>
  <con:breakPoints>
    <con:testStepId>15281f3a-8250-40c8-80ab-3681777f9629</con:testStepId>
    <con:status>NONE</con:status>
    <con:properties/>
  </con:breakPoints>
  <con:breakPoints>
    <con:testStepId>cae12b18-55be-4d14-9d8c-e53b8492e6f2</con:testStepId>
    <con:status>NONE</con:status>
    <con:properties/>
  </con:breakPoints>
  <con:breakPoints>
    <con:testStepId>0541d911-cf15-4aa1-b199-e8a6fafc7193</con:testStepId>
    <con:status>NONE</con:status>
    <con:properties/>
  </con:breakPoints>
  <con:breakPoints>
    <con:testStepId>b8594312-2407-4947-866d-64c7b6f87403</con:testStepId>
    <con:status>NONE</con:status>
    <con:properties/>
  </con:breakPoints>
  <con:breakPoints>
    <con:testStepId>12b65db4-460d-499a-a858-cee3f6707a35</con:testStepId>
    <con:status>NONE</con:status>
    <con:properties/>
  </con:breakPoints>
  <con:breakPoints>
    <con:testStepId>df620652-951e-4e9b-8220-b0a8ecc8e92a</con:testStepId>
    <con:status>NONE</con:status>
    <con:properties/>
  </con:breakPoints>
  <con:breakPoints>
    <con:testStepId>ccae0f7e-4f2e-475d-a4e9-64a46074ca2c</con:testStepId>
    <con:status>NONE</con:status>
    <con:properties/>
  </con:breakPoints>
  <con:breakPoints>
    <con:testStepId>662d015e-3d50-4739-8cb0-d092fe7c6ca8</con:testStepId>
    <con:status>NONE</con:status>
    <con:properties/>
  </con:breakPoints>
  <con:breakPoints>
    <con:testStepId>428ace7c-9922-4aca-97e9-d674508e0696</con:testStepId>
    <con:status>NONE</con:status>
    <con:properties/>
  </con:breakPoints>
  <con:breakPoints>
    <con:testStepId>52ed7295-4b29-43b9-a860-e76bb4c57b50</con:testStepId>
    <con:status>NONE</con:status>
    <con:properties/>
  </con:breakPoints>
  <con:breakPoints>
    <con:testStepId>57f40a5b-9045-4b13-bf28-1871d424a9f5</con:testStepId>
    <con:status>NONE</con:status>
    <con:properties/>
  </con:breakPoints>
  <con:breakPoints>
    <con:testStepId>990d2218-48a7-443d-bb90-6714ddcf4774</con:testStepId>
    <con:status>NONE</con:status>
    <con:properties/>
  </con:breakPoints>
  <con:breakPoints>
    <con:testStepId>e41bb7bd-52c1-4a08-8975-73ebe26dfc69</con:testStepId>
    <con:status>NONE</con:status>
    <con:properties/>
  </con:breakPoints>
  <con:breakPoints>
    <con:testStepId>2db37558-b2bb-460d-882e-87899bcbc755</con:testStepId>
    <con:status>NONE</con:status>
    <con:properties/>
  </con:breakPoints>
  <con:breakPoints>
    <con:testStepId>fe472b13-53cc-4d4b-b636-3b87eb217847</con:testStepId>
    <con:status>NONE</con:status>
    <con:properties/>
  </con:breakPoints>
  <con:breakPoints>
    <con:testStepId>8d0247b9-7b4c-40ac-a699-bafd9dd84ecd</con:testStepId>
    <con:status>NONE</con:status>
    <con:properties/>
  </con:breakPoints>
  <con:breakPoints>
    <con:testStepId>78bd85b6-8228-4cd5-a1e3-a8f2747723e4</con:testStepId>
    <con:status>NONE</con:status>
    <con:properties/>
  </con:breakPoints>
  <con:breakPoints>
    <con:testStepId>421409ac-d842-4a14-a267-620f1228df90</con:testStepId>
    <con:status>NONE</con:status>
    <con:properties/>
  </con:breakPoints>
  <con:breakPoints>
    <con:testStepId>3906396a-bd87-4aaf-978b-1605a32bc92b</con:testStepId>
    <con:status>NONE</con:status>
    <con:properties/>
  </con:breakPoints>
  <con:breakPoints>
    <con:testStepId>34e701d7-fd85-4eb3-8fa3-40497d485112</con:testStepId>
    <con:status>NONE</con:status>
    <con:properties/>
  </con:breakPoints>
  <con:breakPoints>
    <con:testStepId>5e1821f7-c690-4756-9731-3e6839a0a62e</con:testStepId>
    <con:status>NONE</con:status>
    <con:properties/>
  </con:breakPoints>
  <con:breakPoints>
    <con:testStepId>8d8736bb-dcd2-4e80-bc8d-1f6ab91e86be</con:testStepId>
    <con:status>NONE</con:status>
    <con:properties/>
  </con:breakPoints>
  <con:breakPoints>
    <con:testStepId>ca7526ab-4966-4b6a-87a6-30d0cd6f0d61</con:testStepId>
    <con:status>NONE</con:status>
    <con:properties/>
  </con:breakPoints>
  <con:breakPoints>
    <con:testStepId>b45d5c23-4e28-4412-a99a-a88dde441096</con:testStepId>
    <con:status>NONE</con:status>
    <con:properties/>
  </con:breakPoints>
  <con:breakPoints>
    <con:testStepId>7b89305e-b9c2-4cbd-a4ff-de63bb3d3eea</con:testStepId>
    <con:status>NONE</con:status>
    <con:properties/>
  </con:breakPoints>
  <con:breakPoints>
    <con:testStepId>4cffc07d-5560-41da-8e68-1cb35d177097</con:testStepId>
    <con:status>NONE</con:status>
    <con:properties/>
  </con:breakPoints>
  <con:breakPoints>
    <con:testStepId>39bb9a4a-695d-4afb-8492-3933779a95d4</con:testStepId>
    <con:status>NONE</con:status>
    <con:properties/>
  </con:breakPoints>
  <con:breakPoints>
    <con:testStepId>bc7883bf-1fcd-4728-8216-fae4c517639d</con:testStepId>
    <con:status>NONE</con:status>
    <con:properties/>
  </con:breakPoints>
  <con:breakPoints>
    <con:testStepId>4808d389-dbb7-4007-8013-bd7c991524c4</con:testStepId>
    <con:status>NONE</con:status>
    <con:properties/>
  </con:breakPoints>
  <con:breakPoints>
    <con:testStepId>afcee292-8fb4-47c6-9881-398207790bdc</con:testStepId>
    <con:status>NONE</con:status>
    <con:properties/>
  </con:breakPoints>
  <con:breakPoints>
    <con:testStepId>4a79120d-92a1-4a62-9643-0709b39bed65</con:testStepId>
    <con:status>NONE</con:status>
    <con:properties/>
  </con:breakPoints>
  <con:breakPoints>
    <con:testStepId>d3bbb89d-2299-4b84-8f80-6d755bbc8ec9</con:testStepId>
    <con:status>NONE</con:status>
    <con:properties/>
  </con:breakPoints>
  <con:breakPoints>
    <con:testStepId>1815bb6a-ac10-48a6-b3c8-d992c75b29b2</con:testStepId>
    <con:status>NONE</con:status>
    <con:properties/>
  </con:breakPoints>
  <con:breakPoints>
    <con:testStepId>3c0d0ff0-59cd-45c0-a842-a4776c328b2e</con:testStepId>
    <con:status>NONE</con:status>
    <con:properties/>
  </con:breakPoints>
  <con:breakPoints>
    <con:testStepId>c689edba-eaf0-43b7-9f27-ef9701c777e1</con:testStepId>
    <con:status>NONE</con:status>
    <con:properties/>
  </con:breakPoints>
  <con:breakPoints>
    <con:testStepId>022161b7-d7d4-4dd9-9ccd-c0250dbca248</con:testStepId>
    <con:status>NONE</con:status>
    <con:properties/>
  </con:breakPoints>
  <con:breakPoints>
    <con:testStepId>2ee68ddf-e9f1-4081-95cb-522a916454be</con:testStepId>
    <con:status>NONE</con:status>
    <con:properties/>
  </con:breakPoints>
  <con:breakPoints>
    <con:testStepId>9c9c52bb-e409-4027-b138-1171ced2b9a5</con:testStepId>
    <con:status>NONE</con:status>
    <con:properties/>
  </con:breakPoints>
  <con:breakPoints>
    <con:testStepId>575a723f-e969-4b30-82d1-9ab52c1d8f8e</con:testStepId>
    <con:status>NONE</con:status>
    <con:properties/>
  </con:breakPoints>
  <con:breakPoints>
    <con:testStepId>ba431e7c-9224-495c-b3f5-7db94bf14ba6</con:testStepId>
    <con:status>NONE</con:status>
    <con:properties/>
  </con:breakPoints>
  <con:breakPoints>
    <con:testStepId>99ff95be-cd7f-416a-8802-3cfb7c52f815</con:testStepId>
    <con:status>NONE</con:status>
    <con:properties/>
  </con:breakPoints>
  <con:breakPoints>
    <con:testStepId>af20527b-4fab-448a-af6e-7ebb1461a488</con:testStepId>
    <con:status>NONE</con:status>
    <con:properties/>
  </con:breakPoints>
  <con:breakPoints>
    <con:testStepId>a699f182-d0d0-46c4-8eb4-10c4f1c506b3</con:testStepId>
    <con:status>NONE</con:status>
    <con:properties/>
  </con:breakPoints>
</con:testCase>