<?xml version="1.0" encoding="UTF-8"?>
<con:testCase id="438a4455-0a20-4dda-821b-8e5255661573" discardOkResults="true" failOnError="true" failTestCaseOnErrors="true" keepSession="false" name="Test Case 4" searchProperties="true" timeout="0" xmlns:con="http://eviware.com/soapui/config">
  <con:settings>
    <con:setting id="438a4455-0a20-4dda-821b-8e5255661573fileName">Test-Case-4</con:setting>
  </con:settings>
  <con:savedRecentRuns>1</con:savedRecentRuns>
  <con:testStep type="properties" name="Given properties for the test case" id="a861a9ce-183e-40e6-80b3-6fa7bf5a66ec">
    <con:settings/>
    <con:config xsi:type="con:PropertiesStep" saveFirst="true" xmlns:xsi="http://www.w3.org/2001/XMLSchema-instance">
      <con:properties>
        <con:property>
          <con:name>biId</con:name>
          <con:value>10251</con:value>
        </con:property>
        <con:property>
          <con:name>httpCode200</con:name>
          <con:value>200</con:value>
        </con:property>
        <con:property>
          <con:name>httpCode201</con:name>
          <con:value>201</con:value>
        </con:property>
        <con:property>
          <con:name>httpCode400</con:name>
          <con:value>400</con:value>
        </con:property>
        <con:property>
          <con:name>placeId</con:name>
          <con:value>128</con:value>
        </con:property>
        <con:property>
          <con:name>placeIdOutOfOrganization</con:name>
          <con:value>1</con:value>
        </con:property>
        <con:property>
          <con:name>serializedProductId</con:name>
          <con:value>317</con:value>
        </con:property>
        <con:property>
          <con:name>serializedProductSpecExtId</con:name>
          <con:value>EXT-IPHONE6S-de806fc8-8080-4f27-8555-0de81d0390d8</con:value>
        </con:property>
        <con:property>
          <con:name>simProductId</con:name>
          <con:value>318</con:value>
        </con:property>
        <con:property>
          <con:name>simProductSpecExtId</con:name>
          <con:value>EXT-SIM-e2861660-8d31-40db-9b68-e7465936c0d3</con:value>
        </con:property>
        <con:property>
          <con:name>soId</con:name>
          <con:value>251</con:value>
        </con:property>
        <con:property>
          <con:name>stockOutBISpecCode</con:name>
          <con:value>STOCK_OUT</con:value>
        </con:property>
        <con:property>
          <con:name>stockOutQuantity</con:name>
          <con:value>1</con:value>
        </con:property>
        <con:property>
          <con:name>stockOutReason</con:name>
          <con:value>Lost</con:value>
        </con:property>
        <con:property>
          <con:name>userId</con:name>
          <con:value>253</con:value>
        </con:property>
        <con:property>
          <con:name>zero</con:name>
          <con:value>0</con:value>
        </con:property>
        <con:property>
          <con:name>relatedProductNotAddedError</con:name>
          <con:value>RELATED_PRODUCTS_FOR_ITEM_NOT_ADDED</con:value>
        </con:property>
        <con:property>
          <con:name>quantityTwo</con:name>
          <con:value>2</con:value>
        </con:property>
        <con:property>
          <con:name>stockOutReasonDescription</con:name>
          <con:value>Integration test stockOut Reason Description</con:value>
        </con:property>
        <con:property>
          <con:name>stockOutBISpecCodeApproval</con:name>
          <con:value>STCKOUTAPPROVALBISPEC</con:value>
        </con:property>
        <con:property>
          <con:name>mainStateClosed</con:name>
          <con:value>Closed</con:value>
        </con:property>
        <con:property>
          <con:name>mainStateOngoing</con:name>
          <con:value>Ongoing</con:value>
        </con:property>
        <con:property>
          <con:name>stateApproval</con:name>
          <con:value>Approval</con:value>
        </con:property>
        <con:property>
          <con:name>stateClosed</con:name>
          <con:value>Closed</con:value>
        </con:property>
        <con:property>
          <con:name>quantityOne</con:name>
          <con:value>1</con:value>
        </con:property>
      </con:properties>
    </con:config>
  </con:testStep>
  <con:testStep type="calltestcase" name="Create initial data for user and so" id="319e0be8-b4f6-4b24-8c8c-2fa209aa98ba">
    <con:settings/>
    <con:config xsi:type="con:RunTestCaseStep" xmlns:xsi="http://www.w3.org/2001/XMLSchema-instance">
      <con:targetTestCase>b74217bc-b1f9-4207-9e50-6b2f68674c57</con:targetTestCase>
      <con:properties>
        <con:property>
          <con:name>res_soId</con:name>
          <con:value>251</con:value>
        </con:property>
        <con:property>
          <con:name>res_userId</con:name>
          <con:value>253</con:value>
        </con:property>
        <con:property>
          <con:name>res_terminalId</con:name>
          <con:value>63</con:value>
        </con:property>
        <con:property>
          <con:name>res_inventoryId</con:name>
          <con:value>254</con:value>
        </con:property>
        <con:property>
          <con:name>res_placeId</con:name>
          <con:value>128</con:value>
        </con:property>
        <con:property>
          <con:name>res_soExtId</con:name>
          <con:value>sales-a3c723ba-3287-4b31-825e-fd9c41fb01dd</con:value>
        </con:property>
        <con:property>
          <con:name>res_incomingPlaceId</con:name>
        </con:property>
        <con:property>
          <con:name>res_userLastName</con:name>
        </con:property>
        <con:property>
          <con:name>res_userName</con:name>
        </con:property>
        <con:property>
          <con:name>userToken</con:name>
          <con:value>Bearer eyJraWQiOiIxIiwiYWxnIjoiUlMyNTYifQ.eyJpc3MiOiJVTVMtUHJlZmlsdGVyLUNoZWNrQXV0aG9yaXplIiwic3ViIjoiVEVTVCIsImF1ZCI6IlJNIiwiaWF0IjoxNDg3MTYwOTc5LCJleHAiOjE1NTE0NTQ1MjYsImF1dGhfdGltZSI6IjEzMTEyODA4NzAiLCJub25jZSI6Im4tMFM2X1d6QTJNaiIsIm5hbWUiOiJVTVMgVGVzdCBVc2VyIiwieF9kYnNzIjp7ImF1dGh6UHJvZmlsZU5hbWUiOiJDU1JfQXV0aHpQcm9maWxlIiwidmVyc2lvbiI6InYxIiwicGFydHlfaWQiOiIxMjMiLCJleHRlcm5hbF91c2VybmFtZSI6InVzZXItYjgyYmNiOTQtZjVmOS00ZmM3LTg0MGYtNzVhOGFkYjk4YTIyIn19.Wrzgi1N2O2npsm-O9kuQG1KwaEjrQqWl0c683TsCwoNf-i2IrVipa-jJ4TE4M1Yk-sbeKIjlUXILoSo04A9prRup6np0l-7eAS-A0zC8aNM7GsydVrKQ0o6nDQkRkN5zh83xzGOAnfl-GZ4sDzWSy9BGsJ8YCZTUIRB6nxWvpJo</con:value>
        </con:property>
        <con:property>
          <con:name>userIntToken</con:name>
        </con:property>
      </con:properties>
      <con:returnProperties>
        <con:entry>res_inventoryId</con:entry>
        <con:entry>res_placeId</con:entry>
        <con:entry>res_soExtId</con:entry>
        <con:entry>res_soId</con:entry>
        <con:entry>res_terminalId</con:entry>
        <con:entry>res_userId</con:entry>
        <con:entry>userToken</con:entry>
      </con:returnProperties>
      <con:runMode>PARALLELL</con:runMode>
    </con:config>
  </con:testStep>
  <con:testStep type="assertionteststep" name="Assert for controlling new entities" id="079911a6-2409-465c-a0cd-60514bc197ce">
    <con:settings/>
    <con:config xsi:type="con:AssertionTestStep" xmlns:xsi="http://www.w3.org/2001/XMLSchema-instance">
      <con:entry>
        <con:id>2b5782ef-e58c-4491-934f-5e82badeb3a2</con:id>
        <con:isGroup>false</con:isGroup>
        <con:sourceId>319e0be8-b4f6-4b24-8c8c-2fa209aa98ba</con:sourceId>
        <con:propertyName>res_soId</con:propertyName>
        <con:assertion type="Simple Contains" name="Contains so" id="f9572de4-0375-49d7-bd69-78242e7695cd">
          <con:configuration>
            <token>\d+</token>
            <ignoreCase>false</ignoreCase>
            <useRegEx>true</useRegEx>
          </con:configuration>
        </con:assertion>
      </con:entry>
      <con:entry>
        <con:id>882931c1-a3c0-4924-9807-7e388ea825d5</con:id>
        <con:isGroup>false</con:isGroup>
        <con:sourceId>319e0be8-b4f6-4b24-8c8c-2fa209aa98ba</con:sourceId>
        <con:propertyName>res_userId</con:propertyName>
        <con:assertion type="Simple Contains" name="Contains user" id="fc6343b9-3e55-4a07-a6e1-1f767fe946a6">
          <con:configuration>
            <token>\d+</token>
            <ignoreCase>false</ignoreCase>
            <useRegEx>true</useRegEx>
          </con:configuration>
        </con:assertion>
      </con:entry>
      <con:entry>
        <con:id>f1ea104f-e3a1-46c3-afbc-cf93250b19f8</con:id>
        <con:isGroup>false</con:isGroup>
        <con:sourceId>319e0be8-b4f6-4b24-8c8c-2fa209aa98ba</con:sourceId>
        <con:propertyName>res_terminalId</con:propertyName>
        <con:assertion type="Simple Contains" name="Contains terminal" id="69a928fd-db50-4d79-8237-890c0d647edb">
          <con:configuration>
            <token>\d+</token>
            <ignoreCase>false</ignoreCase>
            <useRegEx>true</useRegEx>
          </con:configuration>
        </con:assertion>
      </con:entry>
      <con:entry>
        <con:id>664a9460-0e59-48bc-8ce4-140f395aae91</con:id>
        <con:isGroup>false</con:isGroup>
        <con:sourceId>319e0be8-b4f6-4b24-8c8c-2fa209aa98ba</con:sourceId>
        <con:propertyName>res_inventoryId</con:propertyName>
        <con:assertion type="Simple Contains" name="Contains inventory" id="ab01d198-cdf4-42d3-921e-73ce1d37258a">
          <con:configuration>
            <token>\d+</token>
            <ignoreCase>false</ignoreCase>
            <useRegEx>true</useRegEx>
          </con:configuration>
        </con:assertion>
      </con:entry>
      <con:entry>
        <con:id>a06ce33f-cbec-402d-a05a-ccbe43a9083a</con:id>
        <con:isGroup>false</con:isGroup>
        <con:sourceId>319e0be8-b4f6-4b24-8c8c-2fa209aa98ba</con:sourceId>
        <con:propertyName>res_placeId</con:propertyName>
        <con:assertion type="Simple Contains" name="Contains place" id="8b9a7dd7-2117-4501-99d7-81d55368331b">
          <con:configuration>
            <token>\d+</token>
            <ignoreCase>false</ignoreCase>
            <useRegEx>true</useRegEx>
          </con:configuration>
        </con:assertion>
      </con:entry>
    </con:config>
  </con:testStep>
  <con:testStep type="transfer" name="Property Transfer user and so" id="4262c56c-17fe-4890-bd09-dfbb2ea0bc47">
    <con:settings/>
    <con:config xsi:type="con:PropertyTransfersStep" xmlns:xsi="http://www.w3.org/2001/XMLSchema-instance">
      <con:transfers setNullOnMissingSource="true" transferTextContent="true" failOnError="true" ignoreEmpty="false" transferToAll="false" entitize="false" transferChildNodes="false">
        <con:name>userId</con:name>
        <con:sourceType>res_userId</con:sourceType>
        <con:sourceStep>Create initial data for user and so</con:sourceStep>
        <con:sourcePath/>
        <con:targetType>userId</con:targetType>
        <con:targetStep>Given properties for the test case</con:targetStep>
        <con:targetPath/>
        <con:upgraded>true</con:upgraded>
      </con:transfers>
      <con:transfers setNullOnMissingSource="true" transferTextContent="true" failOnError="true" ignoreEmpty="false" transferToAll="false" entitize="false" transferChildNodes="false">
        <con:name>soId</con:name>
        <con:sourceType>res_soId</con:sourceType>
        <con:sourceStep>Create initial data for user and so</con:sourceStep>
        <con:targetType>soId</con:targetType>
        <con:targetStep>Given properties for the test case</con:targetStep>
        <con:upgraded>true</con:upgraded>
      </con:transfers>
      <con:transfers setNullOnMissingSource="true" transferTextContent="true" failOnError="true" ignoreEmpty="false" transferToAll="false" entitize="false" transferChildNodes="false">
        <con:name>placeId</con:name>
        <con:sourceType>res_placeId</con:sourceType>
        <con:sourceStep>Create initial data for user and so</con:sourceStep>
        <con:targetType>placeId</con:targetType>
        <con:targetStep>Given properties for the test case</con:targetStep>
        <con:upgraded>true</con:upgraded>
      </con:transfers>
    </con:config>
  </con:testStep>
  <con:testStep type="transfer" name="Set create related products" id="9ac5cb79-578b-463a-8ad0-c37bc0707229">
    <con:settings/>
    <con:config xsi:type="con:PropertyTransfersStep" xmlns:xsi="http://www.w3.org/2001/XMLSchema-instance">
      <con:transfers setNullOnMissingSource="true" transferTextContent="true" failOnError="true" ignoreEmpty="false" transferToAll="false" entitize="false" transferChildNodes="false">
        <con:name>placeId</con:name>
        <con:sourceType>placeId</con:sourceType>
        <con:sourceStep>Given properties for the test case</con:sourceStep>
        <con:sourcePath/>
        <con:targetType>req_placeId</con:targetType>
        <con:targetStep>Create related products</con:targetStep>
        <con:targetPath/>
        <con:upgraded>true</con:upgraded>
      </con:transfers>
      <con:transfers setNullOnMissingSource="true" transferTextContent="true" failOnError="true" ignoreEmpty="false" transferToAll="false" entitize="false" transferChildNodes="false">
        <con:name>soId</con:name>
        <con:sourceType>soId</con:sourceType>
        <con:sourceStep>Given properties for the test case</con:sourceStep>
        <con:targetType>req_soId</con:targetType>
        <con:targetStep>Create related products</con:targetStep>
        <con:upgraded>true</con:upgraded>
      </con:transfers>
      <con:transfers setNullOnMissingSource="true" transferTextContent="true" failOnError="true" ignoreEmpty="false" transferToAll="false" entitize="false" transferChildNodes="false">
        <con:name>userId</con:name>
        <con:sourceType>userId</con:sourceType>
        <con:sourceStep>Given properties for the test case</con:sourceStep>
        <con:targetType>req_userId</con:targetType>
        <con:targetStep>Create related products</con:targetStep>
        <con:upgraded>true</con:upgraded>
      </con:transfers>
      <con:transfers setNullOnMissingSource="true" transferTextContent="true" failOnError="true" ignoreEmpty="false" transferToAll="false" entitize="false" transferChildNodes="false">
        <con:name>terminalId</con:name>
        <con:sourceType>res_terminalId</con:sourceType>
        <con:sourceStep>Create initial data for user and so</con:sourceStep>
        <con:targetType>req_terminalId</con:targetType>
        <con:targetStep>Create related products</con:targetStep>
        <con:upgraded>true</con:upgraded>
      </con:transfers>
    </con:config>
  </con:testStep>
  <con:testStep type="calltestcase" name="Create related products" id="76c537da-9e80-4a5f-8c78-fcdba23d6419">
    <con:settings/>
    <con:config xsi:type="con:RunTestCaseStep" xmlns:xsi="http://www.w3.org/2001/XMLSchema-instance">
      <con:targetTestCase>9f5b2df7-e2ab-4067-8b8a-5bd721b17dd7</con:targetTestCase>
      <con:properties>
        <con:property>
          <con:name>req_placeId</con:name>
          <con:value>128</con:value>
        </con:property>
        <con:property>
          <con:name>req_soId</con:name>
          <con:value>251</con:value>
        </con:property>
        <con:property>
          <con:name>req_userId</con:name>
          <con:value>253</con:value>
        </con:property>
        <con:property>
          <con:name>req_terminalId</con:name>
          <con:value>63</con:value>
        </con:property>
        <con:property>
          <con:name>res_serializedProductId</con:name>
          <con:value>317</con:value>
        </con:property>
        <con:property>
          <con:name>res_serializedProductSerial</con:name>
          <con:value>19651260</con:value>
        </con:property>
        <con:property>
          <con:name>res_serializedProductSpecExtId</con:name>
          <con:value>EXT-IPHONE6S-de806fc8-8080-4f27-8555-0de81d0390d8</con:value>
        </con:property>
        <con:property>
          <con:name>res_simProductId</con:name>
          <con:value>318</con:value>
        </con:property>
        <con:property>
          <con:name>res_simProductSpecCharExtId</con:name>
          <con:value>SIM-Memory-CharExtId-7616f211-14c9-4c42-83b0-a697b8d67c8d</con:value>
        </con:property>
        <con:property>
          <con:name>res_simProductSpecCharUseExtId</con:name>
          <con:value>SIM-Memory-CharUseExtId-6a14e107-da96-4a5d-a1bb-2a211788419e</con:value>
        </con:property>
        <con:property>
          <con:name>res_simProductSpecCharUseId1</con:name>
          <con:value>922</con:value>
        </con:property>
        <con:property>
          <con:name>res_simProductSpecCharUseId2</con:name>
          <con:value>920</con:value>
        </con:property>
        <con:property>
          <con:name>res_simProductSpecCharUseId3</con:name>
          <con:value>921</con:value>
        </con:property>
        <con:property>
          <con:name>res_simProductSpecCharValueExtId</con:name>
          <con:value>SIM-Memory-CharValueExtId-b988c361-17e7-4f2c-86bc-99852774578d</con:value>
        </con:property>
        <con:property>
          <con:name>res_simProductSpecExtId</con:name>
          <con:value>EXT-SIM-e2861660-8d31-40db-9b68-e7465936c0d3</con:value>
        </con:property>
        <con:property>
          <con:name>res_simProductSpecId</con:name>
          <con:value>628</con:value>
        </con:property>
        <con:property>
          <con:name>res_simSerial</con:name>
          <con:value>21190256</con:value>
        </con:property>
      </con:properties>
      <con:returnProperties>
        <con:entry>res_serializedProductId</con:entry>
        <con:entry>res_serializedProductSerial</con:entry>
        <con:entry>res_serializedProductSpecExtId</con:entry>
        <con:entry>res_simProductId</con:entry>
        <con:entry>res_simProductSpecCharExtId</con:entry>
        <con:entry>res_simProductSpecCharUseExtId</con:entry>
        <con:entry>res_simProductSpecCharUseId1</con:entry>
        <con:entry>res_simProductSpecCharUseId2</con:entry>
        <con:entry>res_simProductSpecCharUseId3</con:entry>
        <con:entry>res_simProductSpecCharValueExtId</con:entry>
        <con:entry>res_simProductSpecExtId</con:entry>
        <con:entry>res_simProductSpecId</con:entry>
        <con:entry>res_simSerial</con:entry>
      </con:returnProperties>
      <con:runMode>PARALLELL</con:runMode>
    </con:config>
  </con:testStep>
  <con:testStep type="assertionteststep" name="Assert for related products" id="98928364-2a8a-4b9e-ba9f-3ff6e127a7a9">
    <con:settings/>
    <con:config xsi:type="con:AssertionTestStep" xmlns:xsi="http://www.w3.org/2001/XMLSchema-instance">
      <con:entry>
        <con:id>9afb92f3-c25e-40dd-b9be-52040ee51497</con:id>
        <con:isGroup>false</con:isGroup>
        <con:sourceId>76c537da-9e80-4a5f-8c78-fcdba23d6419</con:sourceId>
        <con:propertyName>res_serializedProductId</con:propertyName>
        <con:assertion type="Simple Contains" name="Contains serialized product" id="11e3158c-ab5d-42c6-8f43-806c60c8cd07">
          <con:configuration>
            <token>\d+</token>
            <ignoreCase>false</ignoreCase>
            <useRegEx>true</useRegEx>
          </con:configuration>
        </con:assertion>
      </con:entry>
      <con:entry>
        <con:id>cf512805-2cfb-4da4-901c-31f00155b0ea</con:id>
        <con:isGroup>false</con:isGroup>
        <con:sourceId>76c537da-9e80-4a5f-8c78-fcdba23d6419</con:sourceId>
        <con:propertyName>res_simProductId</con:propertyName>
        <con:assertion type="Simple Contains" name="Contains sim" id="508584da-2f02-4445-b7cf-e924f0b2cc0d">
          <con:configuration>
            <token>\d+</token>
            <ignoreCase>false</ignoreCase>
            <useRegEx>true</useRegEx>
          </con:configuration>
        </con:assertion>
      </con:entry>
    </con:config>
  </con:testStep>
  <con:testStep type="transfer" name="Property Transfer products" id="f9f59fcd-67a0-48a2-9903-752497ed34f0">
    <con:settings/>
    <con:config xsi:type="con:PropertyTransfersStep" xmlns:xsi="http://www.w3.org/2001/XMLSchema-instance">
      <con:transfers setNullOnMissingSource="true" transferTextContent="true" failOnError="true" ignoreEmpty="false" transferToAll="false" entitize="false" transferChildNodes="false">
        <con:name>serializedProductId</con:name>
        <con:sourceType>res_serializedProductId</con:sourceType>
        <con:sourceStep>Create related products</con:sourceStep>
        <con:sourcePath/>
        <con:targetType>serializedProductId</con:targetType>
        <con:targetStep>Given properties for the test case</con:targetStep>
        <con:targetPath/>
        <con:upgraded>true</con:upgraded>
      </con:transfers>
      <con:transfers setNullOnMissingSource="true" transferTextContent="true" failOnError="true" ignoreEmpty="false" transferToAll="false" entitize="false" transferChildNodes="false">
        <con:name>simId</con:name>
        <con:sourceType>res_simProductId</con:sourceType>
        <con:sourceStep>Create related products</con:sourceStep>
        <con:targetType>simProductId</con:targetType>
        <con:targetStep>Given properties for the test case</con:targetStep>
        <con:upgraded>true</con:upgraded>
      </con:transfers>
      <con:transfers setNullOnMissingSource="true" transferTextContent="true" failOnError="true" ignoreEmpty="false" transferToAll="false" entitize="false" transferChildNodes="false">
        <con:name>serializedProductSpecExtId</con:name>
        <con:sourceType>res_serializedProductSpecExtId</con:sourceType>
        <con:sourceStep>Create related products</con:sourceStep>
        <con:targetType>serializedProductSpecExtId</con:targetType>
        <con:targetStep>Given properties for the test case</con:targetStep>
        <con:upgraded>true</con:upgraded>
      </con:transfers>
      <con:transfers setNullOnMissingSource="true" transferTextContent="true" failOnError="true" ignoreEmpty="false" transferToAll="false" entitize="false" transferChildNodes="false">
        <con:name>simProductSpecExtId</con:name>
        <con:sourceType>res_simProductSpecExtId</con:sourceType>
        <con:sourceStep>Create related products</con:sourceStep>
        <con:targetType>simProductSpecExtId</con:targetType>
        <con:targetStep>Given properties for the test case</con:targetStep>
        <con:upgraded>true</con:upgraded>
      </con:transfers>
    </con:config>
  </con:testStep>
  <con:testStep type="transfer" name="Set create stock out bi" id="8e71181f-5e60-4343-bd32-25ee7980c9b8">
    <con:settings/>
    <con:config xsi:type="con:PropertyTransfersStep" xmlns:xsi="http://www.w3.org/2001/XMLSchema-instance">
      <con:transfers setNullOnMissingSource="true" transferTextContent="true" failOnError="true" ignoreEmpty="false" transferToAll="false" entitize="false" transferChildNodes="false">
        <con:name>userId</con:name>
        <con:sourceType>userId</con:sourceType>
        <con:sourceStep>Given properties for the test case</con:sourceStep>
        <con:sourcePath/>
        <con:targetType>req_userRoleId</con:targetType>
        <con:targetStep>Create stock out bi</con:targetStep>
        <con:targetPath/>
        <con:upgraded>true</con:upgraded>
      </con:transfers>
      <con:transfers setNullOnMissingSource="true" transferTextContent="true" failOnError="true" ignoreEmpty="false" transferToAll="false" entitize="false" transferChildNodes="false">
        <con:name>soId</con:name>
        <con:sourceType>soId</con:sourceType>
        <con:sourceStep>Given properties for the test case</con:sourceStep>
        <con:targetType>req_salesOrganizationRoleId</con:targetType>
        <con:targetStep>Create stock out bi</con:targetStep>
        <con:upgraded>true</con:upgraded>
      </con:transfers>
      <con:transfers setNullOnMissingSource="true" transferTextContent="true" failOnError="true" ignoreEmpty="false" transferToAll="false" entitize="false" transferChildNodes="false">
        <con:name>biSpecCode</con:name>
        <con:sourceType>stockOutBISpecCode</con:sourceType>
        <con:sourceStep>Given properties for the test case</con:sourceStep>
        <con:targetType>req_biSpec</con:targetType>
        <con:targetStep>Create stock out bi</con:targetStep>
        <con:upgraded>true</con:upgraded>
      </con:transfers>
    </con:config>
  </con:testStep>
  <con:testStep type="calltestcase" name="Create stock out bi" id="3158ee1b-0908-4cbf-a47b-2994fe3ce0c2">
    <con:settings/>
    <con:config xsi:type="con:RunTestCaseStep" xmlns:xsi="http://www.w3.org/2001/XMLSchema-instance">
      <con:targetTestCase>d6b21754-a4bc-457f-93bf-67dd81b3ce77</con:targetTestCase>
      <con:properties>
        <con:property>
          <con:name>req_userRoleId</con:name>
          <con:value>253</con:value>
        </con:property>
        <con:property>
          <con:name>req_salesOrganizationRoleId</con:name>
          <con:value>251</con:value>
        </con:property>
        <con:property>
          <con:name>res_biId</con:name>
          <con:value>10251</con:value>
        </con:property>
        <con:property>
          <con:name>res_code</con:name>
          <con:value>201</con:value>
        </con:property>
        <con:property>
          <con:name>req_biSpec</con:name>
          <con:value>STOCK_OUT</con:value>
        </con:property>
        <con:property>
          <con:name>res_errorMessage</con:name>
          <con:value xsi:nil="true"/>
        </con:property>
      </con:properties>
      <con:returnProperties>
        <con:entry>res_biId</con:entry>
        <con:entry>res_code</con:entry>
        <con:entry>res_errorMessage</con:entry>
      </con:returnProperties>
      <con:runMode>PARALLELL</con:runMode>
    </con:config>
  </con:testStep>
  <con:testStep type="assertionteststep" name="Assert bi is created successfully" id="25adcc48-8c4c-44d3-9aaa-b9cb8ffb57a9">
    <con:settings/>
    <con:config xsi:type="con:AssertionTestStep" xmlns:xsi="http://www.w3.org/2001/XMLSchema-instance">
      <con:entry>
        <con:id>6b615b96-3106-4738-8e9f-997d70e5b2ac</con:id>
        <con:isGroup>false</con:isGroup>
        <con:sourceId>3158ee1b-0908-4cbf-a47b-2994fe3ce0c2</con:sourceId>
        <con:propertyName>res_code</con:propertyName>
        <con:assertion type="Simple Equals" name="Equals" id="6e5d176e-8ce9-42ce-94c4-28608657db95">
          <con:configuration>
            <patternObjectId>a861a9ce-183e-40e6-80b3-6fa7bf5a66ec</patternObjectId>
            <patternProperty>httpCode201</patternProperty>
            <caseSensitive>true</caseSensitive>
          </con:configuration>
        </con:assertion>
      </con:entry>
    </con:config>
  </con:testStep>
  <con:testStep type="transfer" name="Property Transfer biId" id="d8e65eb1-bbc0-40a4-9971-a6334319d53a">
    <con:settings/>
    <con:config xsi:type="con:PropertyTransfersStep" xmlns:xsi="http://www.w3.org/2001/XMLSchema-instance">
      <con:transfers setNullOnMissingSource="true" transferTextContent="true" failOnError="true" ignoreEmpty="false" transferToAll="false" entitize="false" transferChildNodes="false">
        <con:name>biId</con:name>
        <con:sourceType>res_biId</con:sourceType>
        <con:sourceStep>Create stock out bi</con:sourceStep>
        <con:sourcePath/>
        <con:targetType>biId</con:targetType>
        <con:targetStep>Given properties for the test case</con:targetStep>
        <con:targetPath/>
        <con:upgraded>true</con:upgraded>
      </con:transfers>
    </con:config>
  </con:testStep>
  <con:testStep type="transfer" name="P.T. - Add stock out item for sim product" id="7b1f9555-7e9b-4f15-bac0-44ca47d31bd4">
    <con:settings/>
    <con:config xsi:type="con:PropertyTransfersStep" xmlns:xsi="http://www.w3.org/2001/XMLSchema-instance">
      <con:transfers setNullOnMissingSource="true" transferTextContent="true" failOnError="true" ignoreEmpty="false" transferToAll="false" entitize="false" transferChildNodes="false">
        <con:name>biId</con:name>
        <con:sourceType>biId</con:sourceType>
        <con:sourceStep>Given properties for the test case</con:sourceStep>
        <con:sourcePath/>
        <con:targetType>req_biId</con:targetType>
        <con:targetStep>Add stock out item for sim product</con:targetStep>
        <con:targetPath/>
        <con:upgraded>true</con:upgraded>
      </con:transfers>
      <con:transfers setNullOnMissingSource="true" transferTextContent="true" failOnError="true" ignoreEmpty="false" transferToAll="false" entitize="false" transferChildNodes="false">
        <con:name>quantity</con:name>
        <con:sourceType>stockOutQuantity</con:sourceType>
        <con:sourceStep>Given properties for the test case</con:sourceStep>
        <con:targetType>req_quantity</con:targetType>
        <con:targetStep>Add stock out item for sim product</con:targetStep>
        <con:upgraded>true</con:upgraded>
      </con:transfers>
      <con:transfers setNullOnMissingSource="true" transferTextContent="true" failOnError="true" ignoreEmpty="false" transferToAll="false" entitize="false" transferChildNodes="false">
        <con:name>productId</con:name>
        <con:sourceType>serializedProductId</con:sourceType>
        <con:sourceStep>Given properties for the test case</con:sourceStep>
        <con:targetType>req_productId</con:targetType>
        <con:targetStep>Add stock out item for sim product</con:targetStep>
        <con:upgraded>true</con:upgraded>
      </con:transfers>
      <con:transfers setNullOnMissingSource="true" transferTextContent="true" failOnError="true" ignoreEmpty="false" transferToAll="false" entitize="false" transferChildNodes="false">
        <con:name>stockOutReason</con:name>
        <con:sourceType>stockOutReason</con:sourceType>
        <con:sourceStep>Given properties for the test case</con:sourceStep>
        <con:targetType>req_stockOutReasonDescription</con:targetType>
        <con:targetStep>Add stock out item for sim product</con:targetStep>
        <con:upgraded>true</con:upgraded>
      </con:transfers>
      <con:transfers setNullOnMissingSource="true" transferTextContent="true" failOnError="true" ignoreEmpty="false" transferToAll="false" entitize="false" transferChildNodes="false">
        <con:name>stockOutReasonDescription</con:name>
        <con:sourceType>stockOutReasonDescription</con:sourceType>
        <con:sourceStep>Given properties for the test case</con:sourceStep>
        <con:targetType>req_stockOutReasonDescription</con:targetType>
        <con:targetStep>Add stock out item for sim product</con:targetStep>
        <con:upgraded>true</con:upgraded>
      </con:transfers>
    </con:config>
  </con:testStep>
  <con:testStep type="calltestcase" name="Add stock out item for sim product" id="e10ba29b-c602-4877-9a94-507b87b67820">
    <con:settings/>
    <con:config xsi:type="con:RunTestCaseStep" xmlns:xsi="http://www.w3.org/2001/XMLSchema-instance">
      <con:targetTestCase>05624b1e-0210-4665-8bbc-54bbc0be39c0</con:targetTestCase>
      <con:properties>
        <con:property>
          <con:name>req_biId</con:name>
          <con:value>10251</con:value>
        </con:property>
        <con:property>
          <con:name>req_productId</con:name>
          <con:value>317</con:value>
        </con:property>
        <con:property>
          <con:name>res_code</con:name>
          <con:value>201</con:value>
        </con:property>
        <con:property>
          <con:name>res_itemId</con:name>
          <con:value>1864</con:value>
        </con:property>
        <con:property>
          <con:name>res_new_product_id</con:name>
          <con:value>317</con:value>
        </con:property>
        <con:property>
          <con:name>res_errorMessage</con:name>
          <con:value xsi:nil="true"/>
        </con:property>
        <con:property>
          <con:name>req_quantity</con:name>
          <con:value>1</con:value>
        </con:property>
        <con:property>
          <con:name>req_stockOutReasonType</con:name>
          <con:value>Lost</con:value>
        </con:property>
        <con:property>
          <con:name>req_stockOutReasonDescription</con:name>
          <con:value>Integration test stockOut Reason Description</con:value>
        </con:property>
        <con:property>
          <con:name>req_serialNumber</con:name>
        </con:property>
      </con:properties>
      <con:returnProperties>
        <con:entry>res_code</con:entry>
        <con:entry>res_errorMessage</con:entry>
        <con:entry>res_itemId</con:entry>
        <con:entry>res_new_product_id</con:entry>
      </con:returnProperties>
      <con:runMode>PARALLELL</con:runMode>
    </con:config>
  </con:testStep>
  <con:testStep type="assertionteststep" name="Assertion related child product added to stockout" id="f4dcb298-60ec-49bb-80a5-b16c1c9b0ce8">
    <con:settings/>
    <con:config xsi:type="con:AssertionTestStep" xmlns:xsi="http://www.w3.org/2001/XMLSchema-instance">
      <con:entry>
        <con:id>d0d16879-9355-44f1-b02a-ba964dabc9e8</con:id>
        <con:isGroup>false</con:isGroup>
        <con:sourceId>e10ba29b-c602-4877-9a94-507b87b67820</con:sourceId>
        <con:propertyName>res_itemId</con:propertyName>
        <con:assertion type="Simple Contains" name="Contains" id="1322ddcd-7545-4d05-8218-e0fd978e46cb">
          <con:configuration>
            <token>\d+</token>
            <ignoreCase>false</ignoreCase>
            <useRegEx>true</useRegEx>
          </con:configuration>
        </con:assertion>
      </con:entry>
      <con:entry>
        <con:id>592f025f-efa4-47cc-a92c-ce09c891a568</con:id>
        <con:isGroup>false</con:isGroup>
        <con:sourceId>e10ba29b-c602-4877-9a94-507b87b67820</con:sourceId>
        <con:propertyName>res_new_product_id</con:propertyName>
        <con:assertion type="Simple Contains" name="Contains 2" id="239628ac-ec43-443a-8357-c2a94040ff89">
          <con:configuration>
            <token>\d+</token>
            <ignoreCase>false</ignoreCase>
            <useRegEx>true</useRegEx>
          </con:configuration>
        </con:assertion>
      </con:entry>
      <con:entry>
        <con:id>c5c67c59-eb5f-4688-b476-192fba4d4be6</con:id>
        <con:isGroup>false</con:isGroup>
        <con:sourceId>e10ba29b-c602-4877-9a94-507b87b67820</con:sourceId>
        <con:propertyName>res_code</con:propertyName>
        <con:assertion type="Simple Equals" name="Equals" id="76a6aa6c-a17f-43f7-9955-142b9e80cb4a">
          <con:configuration>
            <patternObjectId>a861a9ce-183e-40e6-80b3-6fa7bf5a66ec</patternObjectId>
            <patternProperty>httpCode201</patternProperty>
            <caseSensitive>true</caseSensitive>
          </con:configuration>
        </con:assertion>
      </con:entry>
    </con:config>
  </con:testStep>
  <con:testStep type="transfer" name="Set display serialized product before success submit" id="68f554c5-8f37-4139-a0fe-2bf5be6d405d">
    <con:settings/>
    <con:config xsi:type="con:PropertyTransfersStep" xmlns:xsi="http://www.w3.org/2001/XMLSchema-instance">
      <con:transfers setNullOnMissingSource="true" transferTextContent="true" failOnError="true" ignoreEmpty="false" transferToAll="false" entitize="false" transferChildNodes="false">
        <con:name>productId</con:name>
        <con:sourceType>serializedProductId</con:sourceType>
        <con:sourceStep>Given properties for the test case</con:sourceStep>
        <con:sourcePath/>
        <con:targetType>req_productId</con:targetType>
        <con:targetStep>Display serialized product before success submit</con:targetStep>
        <con:targetPath/>
        <con:upgraded>true</con:upgraded>
      </con:transfers>
    </con:config>
  </con:testStep>
  <con:testStep type="calltestcase" name="Display serialized product before success submit" id="aa9d2018-74ff-48b9-b0e6-c06e7d27e55c">
    <con:settings/>
    <con:config xsi:type="con:RunTestCaseStep" xmlns:xsi="http://www.w3.org/2001/XMLSchema-instance">
      <con:targetTestCase>c7d747e6-eee4-476d-8ca9-22f385f301bd</con:targetTestCase>
      <con:properties>
        <con:property>
          <con:name>req_productId</con:name>
          <con:value>317</con:value>
        </con:property>
        <con:property>
          <con:name>res_quantity</con:name>
          <con:value>1</con:value>
        </con:property>
        <con:property>
          <con:name>res_startSerial</con:name>
          <con:value>19651260</con:value>
        </con:property>
        <con:property>
          <con:name>res_endSerial</con:name>
          <con:value>19651260</con:value>
        </con:property>
        <con:property>
          <con:name>res_status</con:name>
          <con:value>Sellable</con:value>
        </con:property>
        <con:property>
          <con:name>res_lockedByBiId</con:name>
          <con:value>10251</con:value>
        </con:property>
        <con:property>
          <con:name>res_lockedByItemId</con:name>
          <con:value>1864</con:value>
        </con:property>
        <con:property>
          <con:name>res_serialNumber</con:name>
          <con:value xsi:nil="true"/>
        </con:property>
        <con:property>
          <con:name>res_isPaired</con:name>
          <con:value>false</con:value>
        </con:property>
        <con:property>
          <con:name>res_code</con:name>
        </con:property>
        <con:property>
          <con:name>res_batchId</con:name>
        </con:property>
      </con:properties>
      <con:returnProperties>
        <con:entry>res_quantity</con:entry>
        <con:entry>res_startSerial</con:entry>
        <con:entry>res_endSerial</con:entry>
        <con:entry>res_status</con:entry>
        <con:entry>res_lockedByBiId</con:entry>
        <con:entry>res_lockedByItemId</con:entry>
        <con:entry>res_serialNumber</con:entry>
        <con:entry>res_isPaired</con:entry>
      </con:returnProperties>
      <con:runMode>PARALLELL</con:runMode>
    </con:config>
  </con:testStep>
  <con:testStep type="assertionteststep" name="Assertion display serialized product before success submit" id="4f8749a4-75aa-4835-a99d-149ed63e5c42">
    <con:settings/>
    <con:config xsi:type="con:AssertionTestStep" xmlns:xsi="http://www.w3.org/2001/XMLSchema-instance">
      <con:entry>
        <con:id>1ee3b216-90ec-4139-b780-d166dfbd6896</con:id>
        <con:isGroup>false</con:isGroup>
        <con:sourceId>aa9d2018-74ff-48b9-b0e6-c06e7d27e55c</con:sourceId>
        <con:propertyName>res_lockedByBiId</con:propertyName>
        <con:assertion type="Simple Equals" name="Equals bi id lock" id="2a849070-5f51-4773-977b-01d77371e5a9">
          <con:configuration>
            <patternObjectId>a861a9ce-183e-40e6-80b3-6fa7bf5a66ec</patternObjectId>
            <patternProperty>biId</patternProperty>
            <caseSensitive>true</caseSensitive>
          </con:configuration>
        </con:assertion>
      </con:entry>
      <con:entry>
        <con:id>5a7aa342-29a4-4970-b561-41c8c094fd0e</con:id>
        <con:isGroup>false</con:isGroup>
        <con:sourceId>aa9d2018-74ff-48b9-b0e6-c06e7d27e55c</con:sourceId>
        <con:propertyName>res_lockedByItemId</con:propertyName>
        <con:assertion type="Simple Equals" name="Equals item id lock" id="245b1e99-eaa6-4fe4-8ebe-0e2d52a63400">
          <con:configuration>
            <patternObjectId>e10ba29b-c602-4877-9a94-507b87b67820</patternObjectId>
            <patternProperty>res_itemId</patternProperty>
            <caseSensitive>true</caseSensitive>
          </con:configuration>
        </con:assertion>
      </con:entry>
    </con:config>
  </con:testStep>
  <con:testStep type="transfer" name="P.T. - Display stock out business interaction items" id="979dc382-e1ba-47d0-8d91-a92e0df4d3eb">
    <con:settings/>
    <con:config xsi:type="con:PropertyTransfersStep" xmlns:xsi="http://www.w3.org/2001/XMLSchema-instance">
      <con:transfers setNullOnMissingSource="true" transferTextContent="true" failOnError="true" ignoreEmpty="false" transferToAll="false" entitize="false" transferChildNodes="false">
        <con:name>biId</con:name>
        <con:sourceType>res_biId</con:sourceType>
        <con:sourceStep>Create stock out bi</con:sourceStep>
        <con:sourcePath/>
        <con:targetType>req_biId</con:targetType>
        <con:targetStep>Display stock out business interaction items</con:targetStep>
        <con:targetPath/>
        <con:upgraded>true</con:upgraded>
      </con:transfers>
    </con:config>
  </con:testStep>
  <con:testStep type="calltestcase" name="Display stock out business interaction items" id="439e141b-90b5-4642-af11-fbc5ea98d63f">
    <con:settings/>
    <con:config xsi:type="con:RunTestCaseStep" xmlns:xsi="http://www.w3.org/2001/XMLSchema-instance">
      <con:targetTestCase>6667f206-8494-405c-a243-a3c102438a0d</con:targetTestCase>
      <con:properties>
        <con:property>
          <con:name>req_biId</con:name>
          <con:value>10251</con:value>
        </con:property>
        <con:property>
          <con:name>res_code</con:name>
        </con:property>
        <con:property>
          <con:name>res_firstItemQuantity</con:name>
          <con:value>1</con:value>
        </con:property>
        <con:property>
          <con:name>res_firstItemProductId</con:name>
          <con:value>317</con:value>
        </con:property>
        <con:property>
          <con:name>res_firstItemId</con:name>
          <con:value>1864</con:value>
        </con:property>
        <con:property>
          <con:name>res_secondItemQuantity</con:name>
          <con:value>1</con:value>
        </con:property>
        <con:property>
          <con:name>res_secondItemProductId</con:name>
          <con:value>318</con:value>
        </con:property>
        <con:property>
          <con:name>res_secondItemId</con:name>
          <con:value>1866</con:value>
        </con:property>
        <con:property>
          <con:name>response</con:name>
        </con:property>
      </con:properties>
      <con:returnProperties>
        <con:entry>res_firstItemQuantity</con:entry>
        <con:entry>res_firstItemProductId</con:entry>
        <con:entry>res_firstItemId</con:entry>
        <con:entry>res_secondItemQuantity</con:entry>
        <con:entry>res_secondItemProductId</con:entry>
        <con:entry>res_secondItemId</con:entry>
      </con:returnProperties>
      <con:runMode>PARALLELL</con:runMode>
    </con:config>
  </con:testStep>
  <con:testStep type="datagen" name="DataGen find related item id" id="b1da6dba-994e-49d4-aef0-d1686beebc83">
    <con:settings/>
    <con:config xsi:type="con:DataGeneratorStep" xmlns:xsi="http://www.w3.org/2001/XMLSchema-instance">
      <con:property type="Script">
        <con:configuration>
          <script>def simProductId = context.expand( '${Create related products#res_simProductId}' )
def secondItemProductId = context.expand( '${Display stock out business interaction items#res_secondItemProductId}' )
def firstItemId = context.expand( '${Display stock out business interaction items#res_firstItemId}' )
def secondItemId = context.expand( '${Display stock out business interaction items#res_secondItemId}' )

if ( simProductId == secondItemProductId)
	return secondItemId
else
	return firstItemId</script>
        </con:configuration>
        <con:name>itemId</con:name>
        <con:mode>STEP</con:mode>
        <con:shared>false</con:shared>
      </con:property>
    </con:config>
  </con:testStep>
  <con:testStep type="transfer" name="Set display sim product before success submit" id="8a189c05-1806-4b39-833b-8f3c4f74a6c5">
    <con:settings/>
    <con:config xsi:type="con:PropertyTransfersStep" xmlns:xsi="http://www.w3.org/2001/XMLSchema-instance">
      <con:transfers setNullOnMissingSource="true" transferTextContent="true" failOnError="true" ignoreEmpty="false" transferToAll="false" entitize="false" transferChildNodes="false">
        <con:name>productId</con:name>
        <con:sourceType>simProductId</con:sourceType>
        <con:sourceStep>Given properties for the test case</con:sourceStep>
        <con:sourcePath/>
        <con:targetType>req_productId</con:targetType>
        <con:targetStep>Display sim product before success submit</con:targetStep>
        <con:targetPath/>
        <con:upgraded>true</con:upgraded>
      </con:transfers>
    </con:config>
  </con:testStep>
  <con:testStep type="calltestcase" name="Display sim product before success submit" id="876aec55-9378-499d-acff-37bea27140a2">
    <con:settings/>
    <con:config xsi:type="con:RunTestCaseStep" xmlns:xsi="http://www.w3.org/2001/XMLSchema-instance">
      <con:targetTestCase>c7d747e6-eee4-476d-8ca9-22f385f301bd</con:targetTestCase>
      <con:properties>
        <con:property>
          <con:name>req_productId</con:name>
          <con:value>318</con:value>
        </con:property>
        <con:property>
          <con:name>res_quantity</con:name>
          <con:value>1</con:value>
        </con:property>
        <con:property>
          <con:name>res_startSerial</con:name>
          <con:value>21190256</con:value>
        </con:property>
        <con:property>
          <con:name>res_endSerial</con:name>
          <con:value>21190256</con:value>
        </con:property>
        <con:property>
          <con:name>res_status</con:name>
          <con:value>Sellable</con:value>
        </con:property>
        <con:property>
          <con:name>res_lockedByBiId</con:name>
          <con:value>10251</con:value>
        </con:property>
        <con:property>
          <con:name>res_lockedByItemId</con:name>
          <con:value>1866</con:value>
        </con:property>
        <con:property>
          <con:name>res_serialNumber</con:name>
          <con:value xsi:nil="true"/>
        </con:property>
        <con:property>
          <con:name>res_isPaired</con:name>
          <con:value>false</con:value>
        </con:property>
        <con:property>
          <con:name>res_code</con:name>
        </con:property>
        <con:property>
          <con:name>res_batchId</con:name>
        </con:property>
      </con:properties>
      <con:returnProperties>
        <con:entry>res_quantity</con:entry>
        <con:entry>res_startSerial</con:entry>
        <con:entry>res_endSerial</con:entry>
        <con:entry>res_status</con:entry>
        <con:entry>res_lockedByBiId</con:entry>
        <con:entry>res_lockedByItemId</con:entry>
        <con:entry>res_serialNumber</con:entry>
        <con:entry>res_isPaired</con:entry>
      </con:returnProperties>
      <con:runMode>PARALLELL</con:runMode>
    </con:config>
  </con:testStep>
  <con:testStep type="assertionteststep" name="Assertion display sim product before success submit" id="4f49b7fb-bd86-4a0c-8ee1-2a2a277114d2">
    <con:settings/>
    <con:config xsi:type="con:AssertionTestStep" xmlns:xsi="http://www.w3.org/2001/XMLSchema-instance">
      <con:entry>
        <con:id>f3884f23-ee67-413c-802d-f27c1e82a52b</con:id>
        <con:isGroup>false</con:isGroup>
        <con:sourceId>876aec55-9378-499d-acff-37bea27140a2</con:sourceId>
        <con:propertyName>res_lockedByBiId</con:propertyName>
        <con:assertion type="Simple Equals" name="Equals bi id lock" id="5dded6ba-18a9-4184-94f7-eabcd44cf085">
          <con:configuration>
            <patternObjectId>a861a9ce-183e-40e6-80b3-6fa7bf5a66ec</patternObjectId>
            <patternProperty>biId</patternProperty>
            <caseSensitive>true</caseSensitive>
          </con:configuration>
        </con:assertion>
      </con:entry>
      <con:entry>
        <con:id>01651ad4-bf64-4f81-8a76-dcf69f65e576</con:id>
        <con:isGroup>false</con:isGroup>
        <con:sourceId>876aec55-9378-499d-acff-37bea27140a2</con:sourceId>
        <con:propertyName>res_lockedByItemId</con:propertyName>
        <con:assertion type="Simple Equals" name="Equals" id="4d1fbc9d-7edc-42fe-a428-21a465dbf182">
          <con:configuration>
            <patternObjectId>b1da6dba-994e-49d4-aef0-d1686beebc83</patternObjectId>
            <patternProperty>itemId</patternProperty>
            <caseSensitive>true</caseSensitive>
          </con:configuration>
        </con:assertion>
      </con:entry>
    </con:config>
  </con:testStep>
  <con:testStep type="transfer" name="Set display stok level for sim product before success submit" id="4d09b7f8-db9e-44ec-986f-15a05a9960b8">
    <con:settings/>
    <con:config xsi:type="con:PropertyTransfersStep" xmlns:xsi="http://www.w3.org/2001/XMLSchema-instance">
      <con:transfers setNullOnMissingSource="true" transferTextContent="true" failOnError="true" ignoreEmpty="false" transferToAll="false" entitize="false" transferChildNodes="false">
        <con:name>placeId</con:name>
        <con:sourceType>placeId</con:sourceType>
        <con:sourceStep>Given properties for the test case</con:sourceStep>
        <con:sourcePath/>
        <con:targetType>req_placeId</con:targetType>
        <con:targetStep>Display stock level for sim product before success submit</con:targetStep>
        <con:targetPath/>
        <con:upgraded>true</con:upgraded>
      </con:transfers>
      <con:transfers setNullOnMissingSource="true" transferTextContent="true" failOnError="true" ignoreEmpty="false" transferToAll="false" entitize="false" transferChildNodes="false">
        <con:name>productSpecExtId</con:name>
        <con:sourceType>simProductSpecExtId</con:sourceType>
        <con:sourceStep>Given properties for the test case</con:sourceStep>
        <con:targetType>req_productSpecificationExternalId</con:targetType>
        <con:targetStep>Display stock level for sim product before success submit</con:targetStep>
        <con:upgraded>true</con:upgraded>
      </con:transfers>
    </con:config>
  </con:testStep>
  <con:testStep type="calltestcase" name="Display stock level for sim product before success submit" id="59e45641-9a73-4b82-9322-03077b2b4b75">
    <con:settings/>
    <con:config xsi:type="con:RunTestCaseStep" xmlns:xsi="http://www.w3.org/2001/XMLSchema-instance">
      <con:targetTestCase>ae70f14b-9b62-4330-9f1f-32535bcddc8b</con:targetTestCase>
      <con:properties>
        <con:property>
          <con:name>req_placeId</con:name>
          <con:value>128</con:value>
        </con:property>
        <con:property>
          <con:name>req_productSpecCode</con:name>
        </con:property>
        <con:property>
          <con:name>req_productSpecArticle</con:name>
        </con:property>
        <con:property>
          <con:name>req_productStatus</con:name>
        </con:property>
        <con:property>
          <con:name>req_includeLocked</con:name>
        </con:property>
        <con:property>
          <con:name>req_productSpecificationExternalId</con:name>
          <con:value>EXT-SIM-e2861660-8d31-40db-9b68-e7465936c0d3</con:value>
        </con:property>
        <con:property>
          <con:name>res_placeId</con:name>
        </con:property>
        <con:property>
          <con:name>res_productSpecificationId</con:name>
        </con:property>
        <con:property>
          <con:name>res_productSpecificationExternalId</con:name>
        </con:property>
        <con:property>
          <con:name>res_quantity</con:name>
          <con:value>0</con:value>
        </con:property>
        <con:property>
          <con:name>res_salesOrganizationId</con:name>
        </con:property>
        <con:property>
          <con:name>res_totalQuantity</con:name>
          <con:value>1</con:value>
        </con:property>
        <con:property>
          <con:name>res_reservedQuantity</con:name>
          <con:value>1</con:value>
        </con:property>
        <con:property>
          <con:name>req_productId</con:name>
        </con:property>
        <con:property>
          <con:name>res_code</con:name>
        </con:property>
        <con:property>
          <con:name>req_productSerialNumber</con:name>
        </con:property>
        <con:property>
          <con:name>req_productSerialText</con:name>
        </con:property>
        <con:property>
          <con:name>req_productSpecificationId</con:name>
        </con:property>
        <con:property>
          <con:name>req_parentSerialNumberText</con:name>
        </con:property>
        <con:property>
          <con:name>req_batchId</con:name>
        </con:property>
        <con:property>
          <con:name>req_country</con:name>
        </con:property>
        <con:property>
          <con:name>req_state</con:name>
        </con:property>
        <con:property>
          <con:name>req_city</con:name>
        </con:property>
        <con:property>
          <con:name>req_regionId</con:name>
        </con:property>
        <con:property>
          <con:name>res_fullResponse</con:name>
        </con:property>
        <con:property>
          <con:name>res_errorMessage</con:name>
        </con:property>
      </con:properties>
      <con:returnProperties>
        <con:entry>res_quantity</con:entry>
        <con:entry>res_totalQuantity</con:entry>
        <con:entry>res_reservedQuantity</con:entry>
      </con:returnProperties>
      <con:runMode>PARALLELL</con:runMode>
    </con:config>
  </con:testStep>
  <con:testStep type="assertionteststep" name="Assertion display stock level for sim product before success submit" id="bbeaceea-7428-4aa4-be6b-ad709bd584f9">
    <con:settings/>
    <con:config xsi:type="con:AssertionTestStep" xmlns:xsi="http://www.w3.org/2001/XMLSchema-instance">
      <con:entry>
        <con:id>4b792252-2109-4ec8-bf0b-438241f934d5</con:id>
        <con:isGroup>false</con:isGroup>
        <con:sourceId>59e45641-9a73-4b82-9322-03077b2b4b75</con:sourceId>
        <con:propertyName>res_quantity</con:propertyName>
        <con:assertion type="Simple Equals" name="Equals available" id="604aeb0c-a9ed-45dc-bc59-cc1aa2d7b27c">
          <con:configuration>
            <patternObjectId>a861a9ce-183e-40e6-80b3-6fa7bf5a66ec</patternObjectId>
            <patternProperty>zero</patternProperty>
            <caseSensitive>true</caseSensitive>
          </con:configuration>
        </con:assertion>
      </con:entry>
      <con:entry>
        <con:id>956bed80-2232-4218-a711-bbcca14353c9</con:id>
        <con:isGroup>false</con:isGroup>
        <con:sourceId>59e45641-9a73-4b82-9322-03077b2b4b75</con:sourceId>
        <con:propertyName>res_totalQuantity</con:propertyName>
        <con:assertion type="Simple Equals" name="Equals total" id="c52943bc-a315-4a78-bc2b-32f175590aec">
          <con:configuration>
            <patternObjectId>a861a9ce-183e-40e6-80b3-6fa7bf5a66ec</patternObjectId>
            <patternProperty>stockOutQuantity</patternProperty>
            <caseSensitive>true</caseSensitive>
          </con:configuration>
        </con:assertion>
      </con:entry>
      <con:entry>
        <con:id>6f096c08-b156-436e-8e67-b0cb1eba02ae</con:id>
        <con:isGroup>false</con:isGroup>
        <con:sourceId>59e45641-9a73-4b82-9322-03077b2b4b75</con:sourceId>
        <con:propertyName>res_reservedQuantity</con:propertyName>
        <con:assertion type="Simple Equals" name="Equals reserved" id="f125d7e5-01db-4313-b876-4b9e5b9d0c5b">
          <con:configuration>
            <patternObjectId>a861a9ce-183e-40e6-80b3-6fa7bf5a66ec</patternObjectId>
            <patternProperty>stockOutQuantity</patternProperty>
            <caseSensitive>true</caseSensitive>
          </con:configuration>
        </con:assertion>
      </con:entry>
    </con:config>
  </con:testStep>
  <con:testStep type="transfer" name="Set submit stock out bi success" id="e501b7cb-dca8-4a0c-841e-cf4b0ef2d507">
    <con:settings/>
    <con:config xsi:type="con:PropertyTransfersStep" xmlns:xsi="http://www.w3.org/2001/XMLSchema-instance">
      <con:transfers setNullOnMissingSource="true" transferTextContent="true" failOnError="true" ignoreEmpty="false" transferToAll="false" entitize="false" transferChildNodes="false">
        <con:name>biId</con:name>
        <con:sourceType>biId</con:sourceType>
        <con:sourceStep>Given properties for the test case</con:sourceStep>
        <con:sourcePath/>
        <con:targetType>req_biId</con:targetType>
        <con:targetStep>Submit stock out bi success</con:targetStep>
        <con:targetPath/>
        <con:upgraded>true</con:upgraded>
      </con:transfers>
    </con:config>
  </con:testStep>
  <con:testStep type="calltestcase" name="Submit stock out bi success" id="acca79ec-0fdc-497f-930a-ba1cf322caf5">
    <con:settings/>
    <con:config xsi:type="con:RunTestCaseStep" xmlns:xsi="http://www.w3.org/2001/XMLSchema-instance">
      <con:targetTestCase>1c365ed6-1300-4bbe-8e52-e637b24f7948</con:targetTestCase>
      <con:properties>
        <con:property>
          <con:name>req_biId</con:name>
          <con:value>10251</con:value>
        </con:property>
        <con:property>
          <con:name>res_biId</con:name>
          <con:value>10251</con:value>
        </con:property>
        <con:property>
          <con:name>res_code</con:name>
          <con:value>200</con:value>
        </con:property>
        <con:property>
          <con:name>res_errorMessage</con:name>
          <con:value xsi:nil="true"/>
        </con:property>
      </con:properties>
      <con:returnProperties>
        <con:entry>res_biId</con:entry>
        <con:entry>res_code</con:entry>
        <con:entry>res_errorMessage</con:entry>
      </con:returnProperties>
      <con:runMode>PARALLELL</con:runMode>
    </con:config>
  </con:testStep>
  <con:testStep type="assertionteststep" name="Assertion submit stock out bi success" id="eb79a5d1-091a-4af8-b4bd-10b78b69fcb7">
    <con:settings/>
    <con:config xsi:type="con:AssertionTestStep" xmlns:xsi="http://www.w3.org/2001/XMLSchema-instance">
      <con:entry>
        <con:id>dd99cc5e-2745-4fef-9505-c04aeeef84f4</con:id>
        <con:isGroup>false</con:isGroup>
        <con:sourceId>acca79ec-0fdc-497f-930a-ba1cf322caf5</con:sourceId>
        <con:propertyName>res_code</con:propertyName>
        <con:assertion type="Simple Equals" name="Equals" id="f298aaa8-a7d8-4ce6-aea5-4af5c3791629">
          <con:configuration>
            <patternObjectId>a861a9ce-183e-40e6-80b3-6fa7bf5a66ec</patternObjectId>
            <patternProperty>httpCode200</patternProperty>
            <caseSensitive>true</caseSensitive>
          </con:configuration>
        </con:assertion>
      </con:entry>
    </con:config>
  </con:testStep>
  <con:testStep type="transfer" name="Set display serialized product after success submit" id="3e28b402-9986-4227-a1d2-fa95eec1d0c1">
    <con:settings/>
    <con:config xsi:type="con:PropertyTransfersStep" xmlns:xsi="http://www.w3.org/2001/XMLSchema-instance">
      <con:transfers setNullOnMissingSource="true" transferTextContent="true" failOnError="true" ignoreEmpty="false" transferToAll="false" entitize="false" transferChildNodes="false">
        <con:name>productId</con:name>
        <con:sourceType>serializedProductId</con:sourceType>
        <con:sourceStep>Given properties for the test case</con:sourceStep>
        <con:sourcePath/>
        <con:targetType>req_productId</con:targetType>
        <con:targetStep>Display serialized product after success submit</con:targetStep>
        <con:targetPath/>
        <con:upgraded>true</con:upgraded>
      </con:transfers>
    </con:config>
  </con:testStep>
  <con:testStep type="calltestcase" name="Display serialized product after success submit" id="49430c02-0b46-490b-bf64-db6f4ce207d9">
    <con:settings/>
    <con:config xsi:type="con:RunTestCaseStep" xmlns:xsi="http://www.w3.org/2001/XMLSchema-instance">
      <con:targetTestCase>c7d747e6-eee4-476d-8ca9-22f385f301bd</con:targetTestCase>
      <con:properties>
        <con:property>
          <con:name>req_productId</con:name>
          <con:value>317</con:value>
        </con:property>
        <con:property>
          <con:name>res_quantity</con:name>
          <con:value>1</con:value>
        </con:property>
        <con:property>
          <con:name>res_startSerial</con:name>
          <con:value>19651260</con:value>
        </con:property>
        <con:property>
          <con:name>res_endSerial</con:name>
          <con:value>19651260</con:value>
        </con:property>
        <con:property>
          <con:name>res_status</con:name>
          <con:value>Sellable</con:value>
        </con:property>
        <con:property>
          <con:name>res_lockedByBiId</con:name>
          <con:value xsi:nil="true"/>
        </con:property>
        <con:property>
          <con:name>res_lockedByItemId</con:name>
          <con:value xsi:nil="true"/>
        </con:property>
        <con:property>
          <con:name>res_serialNumber</con:name>
          <con:value xsi:nil="true"/>
        </con:property>
        <con:property>
          <con:name>res_isPaired</con:name>
          <con:value>false</con:value>
        </con:property>
        <con:property>
          <con:name>res_code</con:name>
        </con:property>
        <con:property>
          <con:name>res_batchId</con:name>
        </con:property>
      </con:properties>
      <con:returnProperties>
        <con:entry>res_quantity</con:entry>
        <con:entry>res_startSerial</con:entry>
        <con:entry>res_endSerial</con:entry>
        <con:entry>res_status</con:entry>
        <con:entry>res_lockedByBiId</con:entry>
        <con:entry>res_lockedByItemId</con:entry>
        <con:entry>res_serialNumber</con:entry>
        <con:entry>res_isPaired</con:entry>
      </con:returnProperties>
      <con:runMode>PARALLELL</con:runMode>
    </con:config>
  </con:testStep>
  <con:testStep type="assertionteststep" name="Assertion display serialized product after success submit" id="54e89be6-b355-4a8f-bcd4-025242a8c056">
    <con:settings/>
    <con:config xsi:type="con:AssertionTestStep" xmlns:xsi="http://www.w3.org/2001/XMLSchema-instance">
      <con:entry>
        <con:id>6e446944-ac23-4e70-8aed-f47abaaa6206</con:id>
        <con:isGroup>false</con:isGroup>
        <con:sourceId>49430c02-0b46-490b-bf64-db6f4ce207d9</con:sourceId>
        <con:propertyName>res_lockedByBiId</con:propertyName>
        <con:assertion type="Simple Contains" name="Contains lock bi id empty" id="40f6464b-ac28-4824-8b6b-ce81cd8fcf40">
          <con:configuration>
            <token>^\s*$</token>
            <ignoreCase>false</ignoreCase>
            <useRegEx>true</useRegEx>
          </con:configuration>
        </con:assertion>
      </con:entry>
      <con:entry>
        <con:id>9f577898-b133-4b2b-80d7-bb2c801ce9d4</con:id>
        <con:isGroup>false</con:isGroup>
        <con:sourceId>49430c02-0b46-490b-bf64-db6f4ce207d9</con:sourceId>
        <con:propertyName>res_lockedByItemId</con:propertyName>
        <con:assertion type="Simple Contains" name="Contains lock item id empty" id="d0d1d22d-794c-4944-afdc-341ff1e165e7">
          <con:configuration>
            <token>^\s*$</token>
            <ignoreCase>false</ignoreCase>
            <useRegEx>true</useRegEx>
          </con:configuration>
        </con:assertion>
      </con:entry>
    </con:config>
  </con:testStep>
  <con:testStep type="transfer" name="Set display stock level for serialized product after success submit" id="a85b22f0-7d30-4695-98b8-045ecae6b0cd">
    <con:settings/>
    <con:config xsi:type="con:PropertyTransfersStep" xmlns:xsi="http://www.w3.org/2001/XMLSchema-instance">
      <con:transfers setNullOnMissingSource="true" transferTextContent="true" failOnError="true" ignoreEmpty="false" transferToAll="false" entitize="false" transferChildNodes="false">
        <con:name>placeId</con:name>
        <con:sourceType>placeId</con:sourceType>
        <con:sourceStep>Given properties for the test case</con:sourceStep>
        <con:sourcePath/>
        <con:targetType>req_placeId</con:targetType>
        <con:targetStep>Display stock level for serialized product after success submit</con:targetStep>
        <con:targetPath/>
        <con:upgraded>true</con:upgraded>
      </con:transfers>
      <con:transfers setNullOnMissingSource="true" transferTextContent="true" failOnError="true" ignoreEmpty="false" transferToAll="false" entitize="false" transferChildNodes="false">
        <con:name>productSpecExtId</con:name>
        <con:sourceType>serializedProductSpecExtId</con:sourceType>
        <con:sourceStep>Given properties for the test case</con:sourceStep>
        <con:targetType>req_productSpecificationExternalId</con:targetType>
        <con:targetStep>Display stock level for serialized product after success submit</con:targetStep>
        <con:upgraded>true</con:upgraded>
      </con:transfers>
    </con:config>
  </con:testStep>
  <con:testStep type="calltestcase" name="Display stock level for serialized product after success submit" id="a4ac033a-d79a-4f64-a1b6-d1abfa22b3b4">
    <con:settings/>
    <con:config xsi:type="con:RunTestCaseStep" xmlns:xsi="http://www.w3.org/2001/XMLSchema-instance">
      <con:targetTestCase>ae70f14b-9b62-4330-9f1f-32535bcddc8b</con:targetTestCase>
      <con:properties>
        <con:property>
          <con:name>req_placeId</con:name>
          <con:value>128</con:value>
        </con:property>
        <con:property>
          <con:name>req_productSpecCode</con:name>
        </con:property>
        <con:property>
          <con:name>req_productSpecArticle</con:name>
        </con:property>
        <con:property>
          <con:name>req_productStatus</con:name>
        </con:property>
        <con:property>
          <con:name>req_includeLocked</con:name>
        </con:property>
        <con:property>
          <con:name>req_productSpecificationExternalId</con:name>
          <con:value>EXT-IPHONE6S-de806fc8-8080-4f27-8555-0de81d0390d8</con:value>
        </con:property>
        <con:property>
          <con:name>res_placeId</con:name>
        </con:property>
        <con:property>
          <con:name>res_productSpecificationId</con:name>
        </con:property>
        <con:property>
          <con:name>res_productSpecificationExternalId</con:name>
        </con:property>
        <con:property>
          <con:name>res_quantity</con:name>
          <con:value>0</con:value>
        </con:property>
        <con:property>
          <con:name>res_salesOrganizationId</con:name>
        </con:property>
        <con:property>
          <con:name>res_totalQuantity</con:name>
          <con:value>0</con:value>
        </con:property>
        <con:property>
          <con:name>res_reservedQuantity</con:name>
          <con:value>0</con:value>
        </con:property>
        <con:property>
          <con:name>req_productId</con:name>
        </con:property>
        <con:property>
          <con:name>res_code</con:name>
          <con:value>200</con:value>
        </con:property>
        <con:property>
          <con:name>req_productSerialNumber</con:name>
        </con:property>
        <con:property>
          <con:name>req_productSerialText</con:name>
        </con:property>
        <con:property>
          <con:name>req_productSpecificationId</con:name>
        </con:property>
        <con:property>
          <con:name>req_parentSerialNumberText</con:name>
        </con:property>
        <con:property>
          <con:name>req_batchId</con:name>
        </con:property>
        <con:property>
          <con:name>req_country</con:name>
        </con:property>
        <con:property>
          <con:name>req_state</con:name>
        </con:property>
        <con:property>
          <con:name>req_city</con:name>
        </con:property>
        <con:property>
          <con:name>req_regionId</con:name>
        </con:property>
        <con:property>
          <con:name>res_fullResponse</con:name>
        </con:property>
        <con:property>
          <con:name>res_errorMessage</con:name>
        </con:property>
      </con:properties>
      <con:returnProperties>
        <con:entry>res_quantity</con:entry>
        <con:entry>res_totalQuantity</con:entry>
        <con:entry>res_reservedQuantity</con:entry>
        <con:entry>res_code</con:entry>
      </con:returnProperties>
      <con:runMode>PARALLELL</con:runMode>
    </con:config>
  </con:testStep>
  <con:testStep type="assertionteststep" name="Assertion display stock level for serialized product after success submit" id="a52f036c-d8f0-456b-8257-98fc31264cae">
    <con:settings/>
    <con:config xsi:type="con:AssertionTestStep" xmlns:xsi="http://www.w3.org/2001/XMLSchema-instance">
      <con:entry>
        <con:id>070f9fd9-81fc-4331-87be-4e0e03fef2ff</con:id>
        <con:isGroup>false</con:isGroup>
        <con:sourceId>a4ac033a-d79a-4f64-a1b6-d1abfa22b3b4</con:sourceId>
        <con:propertyName>res_code</con:propertyName>
        <con:assertion type="Simple Equals" name="Equals" id="4b19a448-eb4e-43c1-b452-52e80af45016">
          <con:configuration>
            <patternObjectId>a861a9ce-183e-40e6-80b3-6fa7bf5a66ec</patternObjectId>
            <patternProperty>httpCode200</patternProperty>
            <caseSensitive>true</caseSensitive>
          </con:configuration>
        </con:assertion>
      </con:entry>
      <con:entry>
        <con:id>4449583b-cc01-4b16-9fa8-94e6148a9967</con:id>
        <con:isGroup>false</con:isGroup>
        <con:sourceId>a4ac033a-d79a-4f64-a1b6-d1abfa22b3b4</con:sourceId>
        <con:propertyName>res_quantity</con:propertyName>
        <con:assertion type="Simple Equals" name="Equals 2" id="f7b775a6-eb1a-4268-8d25-1f36317aad85">
          <con:configuration>
            <patternText>0</patternText>
            <caseSensitive>true</caseSensitive>
          </con:configuration>
        </con:assertion>
      </con:entry>
      <con:entry>
        <con:id>84c48433-215a-4264-b8bc-3ecbf5a779ec</con:id>
        <con:isGroup>false</con:isGroup>
        <con:sourceId>a4ac033a-d79a-4f64-a1b6-d1abfa22b3b4</con:sourceId>
        <con:propertyName>res_totalQuantity</con:propertyName>
        <con:assertion type="Simple Equals" name="Equals 3" id="abd3ed44-4d17-49ea-ae71-fbca940d4247">
          <con:configuration>
            <patternText>0</patternText>
            <caseSensitive>true</caseSensitive>
          </con:configuration>
        </con:assertion>
      </con:entry>
      <con:entry>
        <con:id>1b63bb73-5db4-4310-967e-e684e67578bf</con:id>
        <con:isGroup>false</con:isGroup>
        <con:sourceId>a4ac033a-d79a-4f64-a1b6-d1abfa22b3b4</con:sourceId>
        <con:propertyName>res_reservedQuantity</con:propertyName>
        <con:assertion type="Simple Equals" name="Equals 4" id="82397dc3-cc56-4f43-9552-de86f22d1417">
          <con:configuration>
            <patternText>0</patternText>
            <caseSensitive>true</caseSensitive>
          </con:configuration>
        </con:assertion>
      </con:entry>
    </con:config>
  </con:testStep>
  <con:testStep type="transfer" name="Set display sim product after success submit" id="9d6b51f8-dbab-4f93-8706-c8aa05ae6578">
    <con:settings/>
    <con:config xsi:type="con:PropertyTransfersStep" xmlns:xsi="http://www.w3.org/2001/XMLSchema-instance">
      <con:transfers setNullOnMissingSource="true" transferTextContent="true" failOnError="true" ignoreEmpty="false" transferToAll="false" entitize="false" transferChildNodes="false">
        <con:name>productId</con:name>
        <con:sourceType>simProductId</con:sourceType>
        <con:sourceStep>Given properties for the test case</con:sourceStep>
        <con:sourcePath/>
        <con:targetType>req_productId</con:targetType>
        <con:targetStep>Display sim product after success submit</con:targetStep>
        <con:targetPath/>
        <con:upgraded>true</con:upgraded>
      </con:transfers>
    </con:config>
  </con:testStep>
  <con:testStep type="calltestcase" name="Display sim product after success submit" id="346024eb-94dd-42b8-85b6-a1539af05d26">
    <con:settings/>
    <con:config xsi:type="con:RunTestCaseStep" xmlns:xsi="http://www.w3.org/2001/XMLSchema-instance">
      <con:targetTestCase>c7d747e6-eee4-476d-8ca9-22f385f301bd</con:targetTestCase>
      <con:properties>
        <con:property>
          <con:name>req_productId</con:name>
          <con:value>318</con:value>
        </con:property>
        <con:property>
          <con:name>res_quantity</con:name>
          <con:value>1</con:value>
        </con:property>
        <con:property>
          <con:name>res_startSerial</con:name>
          <con:value>21190256</con:value>
        </con:property>
        <con:property>
          <con:name>res_endSerial</con:name>
          <con:value>21190256</con:value>
        </con:property>
        <con:property>
          <con:name>res_status</con:name>
          <con:value>Sellable</con:value>
        </con:property>
        <con:property>
          <con:name>res_lockedByBiId</con:name>
          <con:value xsi:nil="true"/>
        </con:property>
        <con:property>
          <con:name>res_lockedByItemId</con:name>
          <con:value xsi:nil="true"/>
        </con:property>
        <con:property>
          <con:name>res_serialNumber</con:name>
          <con:value xsi:nil="true"/>
        </con:property>
        <con:property>
          <con:name>res_isPaired</con:name>
          <con:value>false</con:value>
        </con:property>
        <con:property>
          <con:name>res_code</con:name>
        </con:property>
        <con:property>
          <con:name>res_batchId</con:name>
        </con:property>
      </con:properties>
      <con:returnProperties>
        <con:entry>res_quantity</con:entry>
        <con:entry>res_startSerial</con:entry>
        <con:entry>res_endSerial</con:entry>
        <con:entry>res_status</con:entry>
        <con:entry>res_lockedByBiId</con:entry>
        <con:entry>res_lockedByItemId</con:entry>
        <con:entry>res_serialNumber</con:entry>
        <con:entry>res_isPaired</con:entry>
      </con:returnProperties>
      <con:runMode>PARALLELL</con:runMode>
    </con:config>
  </con:testStep>
  <con:testStep type="assertionteststep" name="Assertion display sim product after success submit" id="53c5d38f-3d4a-4547-81b0-2e4271355ff3">
    <con:settings/>
    <con:config xsi:type="con:AssertionTestStep" xmlns:xsi="http://www.w3.org/2001/XMLSchema-instance">
      <con:entry>
        <con:id>d1122b5d-a181-4082-b2b3-71ec724bc747</con:id>
        <con:isGroup>false</con:isGroup>
        <con:sourceId>346024eb-94dd-42b8-85b6-a1539af05d26</con:sourceId>
        <con:propertyName>res_lockedByBiId</con:propertyName>
        <con:assertion type="Simple Contains" name="Contains bi id lock empty" id="525b7e80-94e0-40ea-b300-d5823ab79f29">
          <con:configuration>
            <token>^\s*$</token>
            <ignoreCase>false</ignoreCase>
            <useRegEx>true</useRegEx>
          </con:configuration>
        </con:assertion>
      </con:entry>
      <con:entry>
        <con:id>5eb083b0-1f8c-482d-bcea-85679606dfdb</con:id>
        <con:isGroup>false</con:isGroup>
        <con:sourceId>346024eb-94dd-42b8-85b6-a1539af05d26</con:sourceId>
        <con:propertyName>res_lockedByItemId</con:propertyName>
        <con:assertion type="Simple Contains" name="Contains item id lock empty" id="90a3ad6f-f222-4e2d-8907-61f28df0c0e0">
          <con:configuration>
            <token>^\s*$</token>
            <ignoreCase>false</ignoreCase>
            <useRegEx>true</useRegEx>
          </con:configuration>
        </con:assertion>
      </con:entry>
    </con:config>
  </con:testStep>
  <con:testStep type="transfer" name="Set display stock level for sim product after success submit" id="3c837ae4-edb2-4f23-bc72-211085c9bbb1">
    <con:settings/>
    <con:config xsi:type="con:PropertyTransfersStep" xmlns:xsi="http://www.w3.org/2001/XMLSchema-instance">
      <con:transfers setNullOnMissingSource="true" transferTextContent="true" failOnError="true" ignoreEmpty="false" transferToAll="false" entitize="false" transferChildNodes="false">
        <con:name>placeId</con:name>
        <con:sourceType>placeId</con:sourceType>
        <con:sourceStep>Given properties for the test case</con:sourceStep>
        <con:sourcePath/>
        <con:targetType>req_placeId</con:targetType>
        <con:targetStep>Display stock level for sim product after success submit</con:targetStep>
        <con:targetPath/>
        <con:upgraded>true</con:upgraded>
      </con:transfers>
      <con:transfers setNullOnMissingSource="true" transferTextContent="true" failOnError="true" ignoreEmpty="false" transferToAll="false" entitize="false" transferChildNodes="false">
        <con:name>productSpecExtId</con:name>
        <con:sourceType>simProductSpecExtId</con:sourceType>
        <con:sourceStep>Given properties for the test case</con:sourceStep>
        <con:targetType>req_productSpecificationExternalId</con:targetType>
        <con:targetStep>Display stock level for sim product after success submit</con:targetStep>
        <con:upgraded>true</con:upgraded>
      </con:transfers>
    </con:config>
  </con:testStep>
  <con:testStep type="calltestcase" name="Display stock level for sim product after success submit" id="69c39a50-267c-4365-9fd5-ec36203e6a34">
    <con:settings/>
    <con:config xsi:type="con:RunTestCaseStep" xmlns:xsi="http://www.w3.org/2001/XMLSchema-instance">
      <con:targetTestCase>ae70f14b-9b62-4330-9f1f-32535bcddc8b</con:targetTestCase>
      <con:properties>
        <con:property>
          <con:name>req_placeId</con:name>
          <con:value>128</con:value>
        </con:property>
        <con:property>
          <con:name>req_productSpecCode</con:name>
        </con:property>
        <con:property>
          <con:name>req_productSpecArticle</con:name>
        </con:property>
        <con:property>
          <con:name>req_productStatus</con:name>
        </con:property>
        <con:property>
          <con:name>req_includeLocked</con:name>
        </con:property>
        <con:property>
          <con:name>req_productSpecificationExternalId</con:name>
          <con:value>EXT-SIM-e2861660-8d31-40db-9b68-e7465936c0d3</con:value>
        </con:property>
        <con:property>
          <con:name>res_placeId</con:name>
        </con:property>
        <con:property>
          <con:name>res_productSpecificationId</con:name>
        </con:property>
        <con:property>
          <con:name>res_productSpecificationExternalId</con:name>
        </con:property>
        <con:property>
          <con:name>res_quantity</con:name>
          <con:value>0</con:value>
        </con:property>
        <con:property>
          <con:name>res_salesOrganizationId</con:name>
        </con:property>
        <con:property>
          <con:name>res_totalQuantity</con:name>
          <con:value>0</con:value>
        </con:property>
        <con:property>
          <con:name>res_reservedQuantity</con:name>
          <con:value>0</con:value>
        </con:property>
        <con:property>
          <con:name>req_productId</con:name>
        </con:property>
        <con:property>
          <con:name>res_code</con:name>
          <con:value>200</con:value>
        </con:property>
        <con:property>
          <con:name>req_productSerialNumber</con:name>
        </con:property>
        <con:property>
          <con:name>req_productSerialText</con:name>
        </con:property>
        <con:property>
          <con:name>req_productSpecificationId</con:name>
        </con:property>
        <con:property>
          <con:name>req_parentSerialNumberText</con:name>
        </con:property>
        <con:property>
          <con:name>req_batchId</con:name>
        </con:property>
        <con:property>
          <con:name>req_country</con:name>
        </con:property>
        <con:property>
          <con:name>req_state</con:name>
        </con:property>
        <con:property>
          <con:name>req_city</con:name>
        </con:property>
        <con:property>
          <con:name>req_regionId</con:name>
        </con:property>
        <con:property>
          <con:name>res_fullResponse</con:name>
        </con:property>
        <con:property>
          <con:name>res_errorMessage</con:name>
        </con:property>
      </con:properties>
      <con:returnProperties>
        <con:entry>res_quantity</con:entry>
        <con:entry>res_totalQuantity</con:entry>
        <con:entry>res_reservedQuantity</con:entry>
        <con:entry>res_code</con:entry>
      </con:returnProperties>
      <con:runMode>PARALLELL</con:runMode>
    </con:config>
  </con:testStep>
  <con:testStep type="assertionteststep" name="Assertion display stock level for sim product after success submit" id="aaa3b3fe-5a8d-4329-9bd4-3dd57a4c7f1d">
    <con:settings/>
    <con:config xsi:type="con:AssertionTestStep" xmlns:xsi="http://www.w3.org/2001/XMLSchema-instance">
      <con:entry>
        <con:id>67b7eb57-107b-46dc-ae96-432605e3603b</con:id>
        <con:isGroup>false</con:isGroup>
        <con:sourceId>69c39a50-267c-4365-9fd5-ec36203e6a34</con:sourceId>
        <con:propertyName>res_code</con:propertyName>
        <con:assertion type="Simple Equals" name="Equals" id="9600c25b-c6c7-4c09-923d-48c4f949a663">
          <con:configuration>
            <patternObjectId>a861a9ce-183e-40e6-80b3-6fa7bf5a66ec</patternObjectId>
            <patternProperty>httpCode200</patternProperty>
            <caseSensitive>true</caseSensitive>
          </con:configuration>
        </con:assertion>
      </con:entry>
      <con:entry>
        <con:id>4cc5a58c-9f44-410a-a4e1-dbd8c1163c50</con:id>
        <con:isGroup>false</con:isGroup>
        <con:sourceId>69c39a50-267c-4365-9fd5-ec36203e6a34</con:sourceId>
        <con:propertyName>res_quantity</con:propertyName>
        <con:assertion type="Simple Equals" name="Equals 2" id="f6c59773-c975-4157-a782-9f1d4916392c">
          <con:configuration>
            <patternText>0</patternText>
            <caseSensitive>true</caseSensitive>
          </con:configuration>
        </con:assertion>
      </con:entry>
      <con:entry>
        <con:id>d24a8e89-be54-48fd-a42d-42539c4a7818</con:id>
        <con:isGroup>false</con:isGroup>
        <con:sourceId>69c39a50-267c-4365-9fd5-ec36203e6a34</con:sourceId>
        <con:propertyName>res_totalQuantity</con:propertyName>
        <con:assertion type="Simple Equals" name="Equals 3" id="3056b3e2-1772-4e54-8c54-c39532491602">
          <con:configuration>
            <patternText>0</patternText>
            <caseSensitive>true</caseSensitive>
          </con:configuration>
        </con:assertion>
      </con:entry>
      <con:entry>
        <con:id>31d32533-2e3b-4fac-abc3-a48caa2df7dd</con:id>
        <con:isGroup>false</con:isGroup>
        <con:sourceId>69c39a50-267c-4365-9fd5-ec36203e6a34</con:sourceId>
        <con:propertyName>res_reservedQuantity</con:propertyName>
        <con:assertion type="Simple Equals" name="Equals 4" id="2937564c-5a64-459c-9b58-047aec203e47">
          <con:configuration>
            <patternText>0</patternText>
            <caseSensitive>true</caseSensitive>
          </con:configuration>
        </con:assertion>
      </con:entry>
    </con:config>
  </con:testStep>
  <con:testStep type="transfer" name="P.T for creating dynamic related products with 2 childs" id="ea888595-937e-48de-a631-0706cb075404">
    <con:settings/>
    <con:config xsi:type="con:PropertyTransfersStep" xmlns:xsi="http://www.w3.org/2001/XMLSchema-instance">
      <con:transfers setNullOnMissingSource="true" transferTextContent="true" failOnError="true" ignoreEmpty="false" transferToAll="false" entitize="false" transferChildNodes="false">
        <con:name>soId</con:name>
        <con:sourceType>soId</con:sourceType>
        <con:sourceStep>Given properties for the test case</con:sourceStep>
        <con:targetType>req_soId</con:targetType>
        <con:targetStep>Create dynamic related serialized product with 2 childs</con:targetStep>
        <con:upgraded>true</con:upgraded>
      </con:transfers>
      <con:transfers setNullOnMissingSource="true" transferTextContent="true" failOnError="true" ignoreEmpty="false" transferToAll="false" entitize="false" transferChildNodes="false">
        <con:name>userId</con:name>
        <con:sourceType>userId</con:sourceType>
        <con:sourceStep>Given properties for the test case</con:sourceStep>
        <con:targetType>req_userId</con:targetType>
        <con:targetStep>Create dynamic related serialized product with 2 childs</con:targetStep>
        <con:upgraded>true</con:upgraded>
      </con:transfers>
      <con:transfers setNullOnMissingSource="true" transferTextContent="true" failOnError="true" ignoreEmpty="false" transferToAll="false" entitize="false" transferChildNodes="false">
        <con:name>placeId</con:name>
        <con:sourceType>placeId</con:sourceType>
        <con:sourceStep>Given properties for the test case</con:sourceStep>
        <con:sourcePath/>
        <con:targetType>req_placeId</con:targetType>
        <con:targetStep>Create dynamic related serialized product with 2 childs</con:targetStep>
        <con:targetPath/>
        <con:upgraded>true</con:upgraded>
      </con:transfers>
      <con:transfers setNullOnMissingSource="true" transferTextContent="true" failOnError="true" ignoreEmpty="false" transferToAll="false" entitize="false" transferChildNodes="false">
        <con:name>quantity</con:name>
        <con:sourceType>quantityTwo</con:sourceType>
        <con:sourceStep>Given properties for the test case</con:sourceStep>
        <con:targetType>req_quantity</con:targetType>
        <con:targetStep>Create dynamic related serialized product with 2 childs</con:targetStep>
        <con:upgraded>true</con:upgraded>
      </con:transfers>
    </con:config>
  </con:testStep>
  <con:testStep type="calltestcase" name="Create dynamic related serialized product with 2 childs" id="d0b1cf51-4df4-4dc2-912a-a8879a6c1d73">
    <con:settings/>
    <con:config xsi:type="con:RunTestCaseStep" xmlns:xsi="http://www.w3.org/2001/XMLSchema-instance">
      <con:targetTestCase>cab5beb7-c86d-484d-a1e0-983f61679238</con:targetTestCase>
      <con:properties>
        <con:property>
          <con:name>req_placeId</con:name>
          <con:value>128</con:value>
        </con:property>
        <con:property>
          <con:name>req_quantity</con:name>
          <con:value>2</con:value>
        </con:property>
        <con:property>
          <con:name>req_soId</con:name>
          <con:value>251</con:value>
        </con:property>
        <con:property>
          <con:name>req_userId</con:name>
          <con:value>253</con:value>
        </con:property>
        <con:property>
          <con:name>res_child1SerializedProductId</con:name>
          <con:value>320</con:value>
        </con:property>
        <con:property>
          <con:name>res_child1SerializedProductSerial</con:name>
          <con:value>74280825</con:value>
        </con:property>
        <con:property>
          <con:name>res_child1SerializedProductMemoryCharExtId</con:name>
          <con:value>Memory-CharExtId-c2f310f4-a6fb-4605-ab37-81ca70823089</con:value>
        </con:property>
        <con:property>
          <con:name>res_child1SerializedProductMemoryCharUseExtId</con:name>
          <con:value>Memory-CharUseExtId-a7249f6c-f1c8-4a06-a61e-425ec1b03625</con:value>
        </con:property>
        <con:property>
          <con:name>res_child1SerializedProductMemoryCharValueExtId</con:name>
          <con:value>Memory-CharValueExtId-9687ef39-2ed4-40dc-a8d0-cd6510f3a99a</con:value>
        </con:property>
        <con:property>
          <con:name>res_child1SerializedProductProcessorCharExtId</con:name>
          <con:value>Processor-CharExtId-42055824-9784-4637-91f4-4d8e0b49d4c7</con:value>
        </con:property>
        <con:property>
          <con:name>res_child1SerializedProductProcessorCharUseExtId</con:name>
          <con:value>Processor-CharUseExtId-d35f8746-76ef-4447-86ad-2463947fc3b1</con:value>
        </con:property>
        <con:property>
          <con:name>res_child1SerializedProductProcessorCharValueExtId</con:name>
          <con:value>Processor-CharValueExtId-4c180409-9416-4308-8874-f718b091b1ac</con:value>
        </con:property>
        <con:property>
          <con:name>res_child1SerializedProductScreenCharExtId</con:name>
          <con:value>Screen-CharExtId-f5ca3eac-2c80-435a-8e43-e9939eba7648</con:value>
        </con:property>
        <con:property>
          <con:name>res_child1SerializedProductScreenCharUseExtId</con:name>
          <con:value>Screen-CharUseExtId-8c083c39-be7e-4321-bf5e-74bf3eeec8ea</con:value>
        </con:property>
        <con:property>
          <con:name>res_child1SerializedProductScreenCharValueExtId</con:name>
          <con:value>Screen-CharValueExtId-958b3c29-ec5a-4cf0-97d0-f9ad5070f97e</con:value>
        </con:property>
        <con:property>
          <con:name>res_child1SerializedProductSpecExtId</con:name>
          <con:value>EXT-IPHONE6S-dc5da7e2-0be5-41d3-bd7b-3058bb9f7066</con:value>
        </con:property>
        <con:property>
          <con:name>res_child2SerializedProductId</con:name>
          <con:value>321</con:value>
        </con:property>
        <con:property>
          <con:name>res_child2SerializedProductSerial</con:name>
          <con:value>70818085</con:value>
        </con:property>
        <con:property>
          <con:name>res_child2SerializedProductMemoryCharExtId</con:name>
          <con:value>Memory-CharExtId-2b293164-9c40-49d1-a9ea-9af4eaa50837</con:value>
        </con:property>
        <con:property>
          <con:name>res_child2SerializedProductMemoryCharUseExtId</con:name>
          <con:value>Memory-CharUseExtId-bf05dce9-328e-4965-9585-d80308b6556b</con:value>
        </con:property>
        <con:property>
          <con:name>res_child2SerializedProductMemoryCharValueExtId</con:name>
          <con:value>Memory-CharValueExtId-4427cd76-8891-46c6-8fa3-3a2cdfadc364</con:value>
        </con:property>
        <con:property>
          <con:name>res_child2SerializedProductProcessorCharExtId</con:name>
          <con:value>Processor-CharExtId-08e78fbd-28d3-4cf4-89e2-53ee405e3e6b</con:value>
        </con:property>
        <con:property>
          <con:name>res_child2SerializedProductProcessorCharUseExtId</con:name>
          <con:value>Processor-CharUseExtId-f30b37b8-737f-472c-a25f-53b23c20df4a</con:value>
        </con:property>
        <con:property>
          <con:name>res_child2SerializedProductProcessorCharValueExtId</con:name>
          <con:value>Processor-CharValueExtId-7fecb908-1ab0-4281-a2d5-eefdcaad19ab</con:value>
        </con:property>
        <con:property>
          <con:name>res_child2SerializedProductScreenCharExtId</con:name>
          <con:value>Screen-CharExtId-f01d10ba-07bb-456c-a705-a0c0efc496c7</con:value>
        </con:property>
        <con:property>
          <con:name>res_child2SerializedProductScreenCharUseExtId</con:name>
          <con:value>Screen-CharUseExtId-135a1f80-34ca-4075-a320-e1441a94d25e</con:value>
        </con:property>
        <con:property>
          <con:name>res_child2SerializedProductScreenCharValueExtId</con:name>
          <con:value>Screen-CharValueExtId-0731c4f4-8825-43c0-9a1d-16a881d79501</con:value>
        </con:property>
        <con:property>
          <con:name>res_child2SerializedProductSpecExtId</con:name>
          <con:value>EXT-IPHONE6S-979fe6c8-8756-49b9-9667-7ed349270e18</con:value>
        </con:property>
        <con:property>
          <con:name>res_parentSerializedProductId</con:name>
          <con:value>319</con:value>
        </con:property>
        <con:property>
          <con:name>res_parentSerializedProductMemoryCharExtId</con:name>
          <con:value>Memory-CharExtId-9a27a942-c562-4f95-9795-03254adeff65</con:value>
        </con:property>
        <con:property>
          <con:name>res_parentSerializedProductMemoryCharUseExtId</con:name>
          <con:value>Memory-CharUseExtId-a992eea2-aa90-437c-b8f4-6dab4709810c</con:value>
        </con:property>
        <con:property>
          <con:name>res_parentSerializedProductMemoryCharValueExtId</con:name>
          <con:value>Memory-CharValueExtId-74e5b62b-44a3-438d-ac53-09464efecc8c</con:value>
        </con:property>
        <con:property>
          <con:name>res_parentSerializedProductProcessorCharExtId</con:name>
          <con:value>Processor-CharExtId-4b3b008c-e480-4744-b4a5-92ed1a31c40c</con:value>
        </con:property>
        <con:property>
          <con:name>res_parentSerializedProductProcessorCharUseExtId</con:name>
          <con:value>Processor-CharUseExtId-539a0631-da84-45cd-8c07-db470dc22ae6</con:value>
        </con:property>
        <con:property>
          <con:name>res_parentSerializedProductProcessorCharValueExtId</con:name>
          <con:value>Processor-CharValueExtId-13b026ab-4c14-41a6-9cf8-b9254d7a9581</con:value>
        </con:property>
        <con:property>
          <con:name>res_parentSerializedProductScreenCharExtId</con:name>
          <con:value>Screen-CharExtId-c1093fa1-1da3-4b12-9136-075fbb06a6c0</con:value>
        </con:property>
        <con:property>
          <con:name>res_parentSerializedProductScreenCharUseExtId</con:name>
          <con:value>Screen-CharUseExtId-7a753f09-2aa6-41fe-a674-1609d8e7039f</con:value>
        </con:property>
        <con:property>
          <con:name>res_parentSerializedProductScreenCharValueExtId</con:name>
          <con:value>Screen-CharValueExtId-e71bf371-40a0-4716-970f-4ea065304d3c</con:value>
        </con:property>
        <con:property>
          <con:name>res_parentSerializedProductSerial</con:name>
          <con:value>73126579</con:value>
        </con:property>
        <con:property>
          <con:name>res_parentSerializedProductSpecExtId</con:name>
          <con:value>EXT-IPHONE6S-b2e5701a-037c-4346-a093-eb5e7a7a82dc</con:value>
        </con:property>
        <con:property>
          <con:name>res_child1SerializedProductMemoryCharId</con:name>
        </con:property>
        <con:property>
          <con:name>res_child1SerializedProductMemoryCharUseId</con:name>
        </con:property>
        <con:property>
          <con:name>res_child1SerializedProductMemoryCharValueId</con:name>
        </con:property>
        <con:property>
          <con:name>res_child1SerializedProductMemoryCharValueUseId</con:name>
        </con:property>
        <con:property>
          <con:name>res_child1SerializedProductProcessorCharId</con:name>
        </con:property>
        <con:property>
          <con:name>res_child1SerializedProductProcessorCharUseId</con:name>
        </con:property>
        <con:property>
          <con:name>res_child1SerializedProductProcessorCharValueId</con:name>
        </con:property>
        <con:property>
          <con:name>res_child1SerializedProductProcessorCharValueUseId</con:name>
        </con:property>
        <con:property>
          <con:name>res_child1SerializedProductScreenCharId</con:name>
        </con:property>
        <con:property>
          <con:name>res_child1SerializedProductScreenCharUseId</con:name>
        </con:property>
        <con:property>
          <con:name>res_child1SerializedProductScreenCharValueId</con:name>
        </con:property>
        <con:property>
          <con:name>res_child1SerializedProductScreenCharValueUseId</con:name>
        </con:property>
        <con:property>
          <con:name>res_child2SerializedProductMemoryCharId</con:name>
        </con:property>
        <con:property>
          <con:name>res_child2SerializedProductMemoryCharUseId</con:name>
        </con:property>
        <con:property>
          <con:name>res_child2SerializedProductMemoryCharValueId</con:name>
        </con:property>
        <con:property>
          <con:name>res_child2SerializedProductMemoryCharValueUseId</con:name>
        </con:property>
        <con:property>
          <con:name>res_child2SerializedProductProcessorCharId</con:name>
        </con:property>
        <con:property>
          <con:name>res_child2SerializedProductProcessorCharUseId</con:name>
        </con:property>
        <con:property>
          <con:name>res_child2SerializedProductProcessorCharValueId</con:name>
        </con:property>
        <con:property>
          <con:name>res_child2SerializedProductProcessorCharValueUseId</con:name>
        </con:property>
        <con:property>
          <con:name>res_child2SerializedProductScreenCharId</con:name>
        </con:property>
        <con:property>
          <con:name>res_child2SerializedProductScreenCharUseId</con:name>
        </con:property>
        <con:property>
          <con:name>res_child2SerializedProductScreenCharValueId</con:name>
        </con:property>
        <con:property>
          <con:name>res_child2SerializedProductScreenCharValueUseId</con:name>
        </con:property>
        <con:property>
          <con:name>res_parentSerializedProductMemoryCharId</con:name>
        </con:property>
        <con:property>
          <con:name>res_parentSerializedProductMemoryCharUseId</con:name>
        </con:property>
        <con:property>
          <con:name>res_parentSerializedProductMemoryCharValueId</con:name>
        </con:property>
        <con:property>
          <con:name>res_parentSerializedProductMemoryCharValueUseId</con:name>
        </con:property>
        <con:property>
          <con:name>res_parentSerializedProductProcessorCharId</con:name>
        </con:property>
        <con:property>
          <con:name>res_parentSerializedProductProcessorCharUseId</con:name>
        </con:property>
        <con:property>
          <con:name>res_parentSerializedProductProcessorCharValueId</con:name>
        </con:property>
        <con:property>
          <con:name>res_parentSerializedProductProcessorCharValueUseId</con:name>
        </con:property>
        <con:property>
          <con:name>res_parentSerializedProductScreenCharId</con:name>
        </con:property>
        <con:property>
          <con:name>res_parentSerializedProductScreenCharUseId</con:name>
        </con:property>
        <con:property>
          <con:name>res_parentSerializedProductScreenCharValueId</con:name>
        </con:property>
        <con:property>
          <con:name>res_parentSerializedProductScreenCharValueUseId</con:name>
        </con:property>
      </con:properties>
      <con:returnProperties>
        <con:entry>res_child1SerializedProductId</con:entry>
        <con:entry>res_child1SerializedProductSerial</con:entry>
        <con:entry>res_child1SerializedProductMemoryCharExtId</con:entry>
        <con:entry>res_child1SerializedProductMemoryCharUseExtId</con:entry>
        <con:entry>res_child1SerializedProductMemoryCharValueExtId</con:entry>
        <con:entry>res_child1SerializedProductProcessorCharExtId</con:entry>
        <con:entry>res_child1SerializedProductProcessorCharUseExtId</con:entry>
        <con:entry>res_child1SerializedProductProcessorCharValueExtId</con:entry>
        <con:entry>res_child1SerializedProductScreenCharExtId</con:entry>
        <con:entry>res_child1SerializedProductScreenCharUseExtId</con:entry>
        <con:entry>res_child1SerializedProductScreenCharValueExtId</con:entry>
        <con:entry>res_child1SerializedProductSpecExtId</con:entry>
        <con:entry>res_child2SerializedProductId</con:entry>
        <con:entry>res_child2SerializedProductSerial</con:entry>
        <con:entry>res_child2SerializedProductMemoryCharExtId</con:entry>
        <con:entry>res_child2SerializedProductMemoryCharUseExtId</con:entry>
        <con:entry>res_child2SerializedProductMemoryCharValueExtId</con:entry>
        <con:entry>res_child2SerializedProductProcessorCharExtId</con:entry>
        <con:entry>res_child2SerializedProductProcessorCharUseExtId</con:entry>
        <con:entry>res_child2SerializedProductProcessorCharValueExtId</con:entry>
        <con:entry>res_child2SerializedProductScreenCharExtId</con:entry>
        <con:entry>res_child2SerializedProductScreenCharUseExtId</con:entry>
        <con:entry>res_child2SerializedProductScreenCharValueExtId</con:entry>
        <con:entry>res_child2SerializedProductSpecExtId</con:entry>
        <con:entry>res_parentSerializedProductId</con:entry>
        <con:entry>res_parentSerializedProductMemoryCharExtId</con:entry>
        <con:entry>res_parentSerializedProductMemoryCharUseExtId</con:entry>
        <con:entry>res_parentSerializedProductMemoryCharValueExtId</con:entry>
        <con:entry>res_parentSerializedProductProcessorCharExtId</con:entry>
        <con:entry>res_parentSerializedProductProcessorCharUseExtId</con:entry>
        <con:entry>res_parentSerializedProductProcessorCharValueExtId</con:entry>
        <con:entry>res_parentSerializedProductScreenCharExtId</con:entry>
        <con:entry>res_parentSerializedProductScreenCharUseExtId</con:entry>
        <con:entry>res_parentSerializedProductScreenCharValueExtId</con:entry>
        <con:entry>res_parentSerializedProductSerial</con:entry>
        <con:entry>res_parentSerializedProductSpecExtId</con:entry>
      </con:returnProperties>
      <con:runMode>PARALLELL</con:runMode>
    </con:config>
  </con:testStep>
  <con:testStep type="assertionteststep" name="Assertion related product is created successfully" id="57fb5c95-a9f7-4f71-bbc5-659d6ef0a1d9">
    <con:settings/>
    <con:config xsi:type="con:AssertionTestStep" xmlns:xsi="http://www.w3.org/2001/XMLSchema-instance">
      <con:entry>
        <con:id>12141a8e-f8c7-4363-a03b-0c03386c7060</con:id>
        <con:isGroup>false</con:isGroup>
        <con:sourceId>d0b1cf51-4df4-4dc2-912a-a8879a6c1d73</con:sourceId>
        <con:propertyName>res_child1SerializedProductId</con:propertyName>
        <con:assertion type="Simple Contains" name="Contains child1" id="4e6cb0f7-a80b-4068-86c9-834437fc2a1d">
          <con:configuration>
            <token>\d+</token>
            <ignoreCase>false</ignoreCase>
            <useRegEx>true</useRegEx>
          </con:configuration>
        </con:assertion>
      </con:entry>
      <con:entry>
        <con:id>64705294-5ea6-4877-9bcc-34a66781a812</con:id>
        <con:isGroup>false</con:isGroup>
        <con:sourceId>d0b1cf51-4df4-4dc2-912a-a8879a6c1d73</con:sourceId>
        <con:propertyName>res_child2SerializedProductId</con:propertyName>
        <con:assertion type="Simple Contains" name="Contains child2" id="323acc91-2268-4626-9e49-e589beedecb8">
          <con:configuration>
            <token>\d+</token>
            <ignoreCase>false</ignoreCase>
            <useRegEx>true</useRegEx>
          </con:configuration>
        </con:assertion>
      </con:entry>
      <con:entry>
        <con:id>42a17b52-3941-46fa-b5bd-ff30aa29082a</con:id>
        <con:isGroup>false</con:isGroup>
        <con:sourceId>d0b1cf51-4df4-4dc2-912a-a8879a6c1d73</con:sourceId>
        <con:propertyName>res_parentSerializedProductId</con:propertyName>
        <con:assertion type="Simple Contains" name="Contains parent" id="bc246ac6-3499-4a7c-bb1c-390a45784982">
          <con:configuration>
            <token>\d+</token>
            <ignoreCase>false</ignoreCase>
            <useRegEx>true</useRegEx>
          </con:configuration>
        </con:assertion>
      </con:entry>
    </con:config>
  </con:testStep>
  <con:testStep type="transfer" name="P.T for creating stock out bi for 2 childs case" id="f71eb1ab-5f5c-4d26-944e-3e8e4b0b8d2a">
    <con:settings/>
    <con:config xsi:type="con:PropertyTransfersStep" xmlns:xsi="http://www.w3.org/2001/XMLSchema-instance">
      <con:transfers setNullOnMissingSource="true" transferTextContent="true" failOnError="true" ignoreEmpty="false" transferToAll="false" entitize="false" transferChildNodes="false">
        <con:name>userId</con:name>
        <con:sourceType>userId</con:sourceType>
        <con:sourceStep>Given properties for the test case</con:sourceStep>
        <con:sourcePath/>
        <con:targetType>req_userRoleId</con:targetType>
        <con:targetStep>Create stock out bi for 2 childs case</con:targetStep>
        <con:targetPath/>
        <con:upgraded>true</con:upgraded>
      </con:transfers>
      <con:transfers setNullOnMissingSource="true" transferTextContent="true" failOnError="true" ignoreEmpty="false" transferToAll="false" entitize="false" transferChildNodes="false">
        <con:name>soId</con:name>
        <con:sourceType>soId</con:sourceType>
        <con:sourceStep>Given properties for the test case</con:sourceStep>
        <con:targetType>req_salesOrganizationRoleId</con:targetType>
        <con:targetStep>Create stock out bi for 2 childs case</con:targetStep>
        <con:upgraded>true</con:upgraded>
      </con:transfers>
      <con:transfers setNullOnMissingSource="true" transferTextContent="true" failOnError="true" ignoreEmpty="false" transferToAll="false" entitize="false" transferChildNodes="false">
        <con:name>biSpecCode</con:name>
        <con:sourceType>stockOutBISpecCode</con:sourceType>
        <con:sourceStep>Given properties for the test case</con:sourceStep>
        <con:targetType>req_biSpec</con:targetType>
        <con:targetStep>Create stock out bi for 2 childs case</con:targetStep>
        <con:upgraded>true</con:upgraded>
      </con:transfers>
    </con:config>
  </con:testStep>
  <con:testStep type="calltestcase" name="Create stock out bi for 2 childs case" id="21017780-4a1d-405a-9aff-c1d5694acfb7">
    <con:settings/>
    <con:config xsi:type="con:RunTestCaseStep" xmlns:xsi="http://www.w3.org/2001/XMLSchema-instance">
      <con:targetTestCase>d6b21754-a4bc-457f-93bf-67dd81b3ce77</con:targetTestCase>
      <con:properties>
        <con:property>
          <con:name>req_userRoleId</con:name>
          <con:value>253</con:value>
        </con:property>
        <con:property>
          <con:name>req_salesOrganizationRoleId</con:name>
          <con:value>251</con:value>
        </con:property>
        <con:property>
          <con:name>res_biId</con:name>
          <con:value>10271</con:value>
        </con:property>
        <con:property>
          <con:name>res_code</con:name>
          <con:value>201</con:value>
        </con:property>
        <con:property>
          <con:name>req_biSpec</con:name>
          <con:value>STOCK_OUT</con:value>
        </con:property>
        <con:property>
          <con:name>res_errorMessage</con:name>
          <con:value xsi:nil="true"/>
        </con:property>
      </con:properties>
      <con:returnProperties>
        <con:entry>res_biId</con:entry>
        <con:entry>res_code</con:entry>
        <con:entry>res_errorMessage</con:entry>
      </con:returnProperties>
      <con:runMode>PARALLELL</con:runMode>
    </con:config>
  </con:testStep>
  <con:testStep type="assertionteststep" name="Assertion bi is created successfully" id="3f7970f7-c3dd-49ce-881e-98ca096b9a64">
    <con:settings/>
    <con:config xsi:type="con:AssertionTestStep" xmlns:xsi="http://www.w3.org/2001/XMLSchema-instance">
      <con:entry>
        <con:id>87cf3cd7-c1d5-4958-8250-28eff4e851d2</con:id>
        <con:isGroup>false</con:isGroup>
        <con:sourceId>21017780-4a1d-405a-9aff-c1d5694acfb7</con:sourceId>
        <con:propertyName>res_code</con:propertyName>
        <con:assertion type="Simple Equals" name="Equals" id="f2d4a0e2-790a-4242-ad7f-13c1a6f207e8">
          <con:configuration>
            <patternObjectId>a861a9ce-183e-40e6-80b3-6fa7bf5a66ec</patternObjectId>
            <patternProperty>httpCode201</patternProperty>
            <caseSensitive>true</caseSensitive>
          </con:configuration>
        </con:assertion>
      </con:entry>
      <con:entry>
        <con:id>4d49a115-de50-4d55-8c3e-19cc0d1531a8</con:id>
        <con:isGroup>false</con:isGroup>
        <con:sourceId>21017780-4a1d-405a-9aff-c1d5694acfb7</con:sourceId>
        <con:propertyName>res_biId</con:propertyName>
        <con:assertion type="Simple Contains" name="Contains" id="984c3097-e0ed-4d4e-9d94-6dc34971a1d4">
          <con:configuration>
            <token>\d+</token>
            <ignoreCase>false</ignoreCase>
            <useRegEx>true</useRegEx>
          </con:configuration>
        </con:assertion>
      </con:entry>
    </con:config>
  </con:testStep>
  <con:testStep type="transfer" name="P.T for adding stock out item for parent product" id="f8ba771f-a5fb-4d91-a7f0-3f5f45afdc09">
    <con:settings/>
    <con:config xsi:type="con:PropertyTransfersStep" xmlns:xsi="http://www.w3.org/2001/XMLSchema-instance">
      <con:transfers setNullOnMissingSource="true" transferTextContent="true" failOnError="true" ignoreEmpty="false" transferToAll="false" entitize="false" transferChildNodes="false">
        <con:name>biId</con:name>
        <con:sourceType>res_biId</con:sourceType>
        <con:sourceStep>Create stock out bi for 2 childs case</con:sourceStep>
        <con:sourcePath/>
        <con:targetType>req_biId</con:targetType>
        <con:targetStep>Add stock out item for parent product</con:targetStep>
        <con:targetPath/>
        <con:upgraded>true</con:upgraded>
      </con:transfers>
      <con:transfers setNullOnMissingSource="true" transferTextContent="true" failOnError="true" ignoreEmpty="false" transferToAll="false" entitize="false" transferChildNodes="false">
        <con:name>quantity</con:name>
        <con:sourceType>quantityTwo</con:sourceType>
        <con:sourceStep>Given properties for the test case</con:sourceStep>
        <con:targetType>req_quantity</con:targetType>
        <con:targetStep>Add stock out item for parent product</con:targetStep>
        <con:upgraded>true</con:upgraded>
      </con:transfers>
      <con:transfers setNullOnMissingSource="true" transferTextContent="true" failOnError="true" ignoreEmpty="false" transferToAll="false" entitize="false" transferChildNodes="false">
        <con:name>productId</con:name>
        <con:sourceType>res_parentSerializedProductId</con:sourceType>
        <con:sourceStep>Create dynamic related serialized product with 2 childs</con:sourceStep>
        <con:targetType>req_productId</con:targetType>
        <con:targetStep>Add stock out item for parent product</con:targetStep>
        <con:upgraded>true</con:upgraded>
      </con:transfers>
      <con:transfers setNullOnMissingSource="true" transferTextContent="true" failOnError="true" ignoreEmpty="false" transferToAll="false" entitize="false" transferChildNodes="false">
        <con:name>stockOutReason</con:name>
        <con:sourceType>stockOutReason</con:sourceType>
        <con:sourceStep>Given properties for the test case</con:sourceStep>
        <con:targetType>req_stockOutReasonType</con:targetType>
        <con:targetStep>Add stock out item for parent product</con:targetStep>
        <con:upgraded>true</con:upgraded>
      </con:transfers>
      <con:transfers setNullOnMissingSource="true" transferTextContent="true" failOnError="true" ignoreEmpty="false" transferToAll="false" entitize="false" transferChildNodes="false">
        <con:name>stockOutReasonDescription</con:name>
        <con:sourceType>stockOutReasonDescription</con:sourceType>
        <con:sourceStep>Given properties for the test case</con:sourceStep>
        <con:targetType>req_stockOutReasonDescription</con:targetType>
        <con:targetStep>Add stock out item for parent product</con:targetStep>
        <con:upgraded>true</con:upgraded>
      </con:transfers>
    </con:config>
  </con:testStep>
  <con:testStep type="calltestcase" name="Add stock out item for parent product" id="2b76c253-fae1-472a-b7be-3a9ffff382b9">
    <con:settings/>
    <con:config xsi:type="con:RunTestCaseStep" xmlns:xsi="http://www.w3.org/2001/XMLSchema-instance">
      <con:targetTestCase>05624b1e-0210-4665-8bbc-54bbc0be39c0</con:targetTestCase>
      <con:properties>
        <con:property>
          <con:name>req_biId</con:name>
          <con:value>10271</con:value>
        </con:property>
        <con:property>
          <con:name>req_productId</con:name>
          <con:value>319</con:value>
        </con:property>
        <con:property>
          <con:name>res_code</con:name>
          <con:value>201</con:value>
        </con:property>
        <con:property>
          <con:name>res_itemId</con:name>
          <con:value>1874</con:value>
        </con:property>
        <con:property>
          <con:name>res_new_product_id</con:name>
          <con:value>319</con:value>
        </con:property>
        <con:property>
          <con:name>res_errorMessage</con:name>
          <con:value xsi:nil="true"/>
        </con:property>
        <con:property>
          <con:name>req_quantity</con:name>
          <con:value>2</con:value>
        </con:property>
        <con:property>
          <con:name>req_stockOutReasonType</con:name>
          <con:value>Lost</con:value>
        </con:property>
        <con:property>
          <con:name>req_stockOutReasonDescription</con:name>
          <con:value>Integration test stockOut Reason Description</con:value>
        </con:property>
        <con:property>
          <con:name>req_serialNumber</con:name>
        </con:property>
      </con:properties>
      <con:returnProperties>
        <con:entry>res_code</con:entry>
        <con:entry>res_errorMessage</con:entry>
        <con:entry>res_itemId</con:entry>
        <con:entry>res_new_product_id</con:entry>
      </con:returnProperties>
      <con:runMode>PARALLELL</con:runMode>
    </con:config>
  </con:testStep>
  <con:testStep type="assertionteststep" name="Assertion bi item for parent product is added" id="10c1d49b-4344-43fb-8909-44062bfb6d18">
    <con:settings/>
    <con:config xsi:type="con:AssertionTestStep" xmlns:xsi="http://www.w3.org/2001/XMLSchema-instance">
      <con:entry>
        <con:id>ec7a9242-d10d-48d1-a95a-bd555240aac9</con:id>
        <con:isGroup>false</con:isGroup>
        <con:sourceId>2b76c253-fae1-472a-b7be-3a9ffff382b9</con:sourceId>
        <con:propertyName>res_code</con:propertyName>
        <con:assertion type="Simple Equals" name="Equals" id="c1fed5e5-d4fb-49ec-8330-e97070c4e9c0">
          <con:configuration>
            <patternObjectId>a861a9ce-183e-40e6-80b3-6fa7bf5a66ec</patternObjectId>
            <patternProperty>httpCode201</patternProperty>
            <caseSensitive>true</caseSensitive>
          </con:configuration>
        </con:assertion>
      </con:entry>
      <con:entry>
        <con:id>daad411a-c1d9-4a20-8a3b-81b07fc53665</con:id>
        <con:isGroup>false</con:isGroup>
        <con:sourceId>2b76c253-fae1-472a-b7be-3a9ffff382b9</con:sourceId>
        <con:propertyName>res_itemId</con:propertyName>
        <con:assertion type="Simple Contains" name="Contains" id="416a5a2f-3ffd-4461-a8f6-20cac44f43c7">
          <con:configuration>
            <token>\d+</token>
            <ignoreCase>false</ignoreCase>
            <useRegEx>true</useRegEx>
          </con:configuration>
        </con:assertion>
      </con:entry>
    </con:config>
  </con:testStep>
  <con:testStep type="transfer" name="P.T. for stock level and lock control for parent product" id="c29764a6-ff86-4bb3-b04a-62c6a7d550c7">
    <con:settings/>
    <con:config xsi:type="con:PropertyTransfersStep" xmlns:xsi="http://www.w3.org/2001/XMLSchema-instance">
      <con:transfers setNullOnMissingSource="true" transferTextContent="true" failOnError="true" ignoreEmpty="false" transferToAll="false" entitize="false" transferChildNodes="false">
        <con:name>productSpecExtId</con:name>
        <con:sourceType>res_parentSerializedProductSpecExtId</con:sourceType>
        <con:sourceStep>Create dynamic related serialized product with 2 childs</con:sourceStep>
        <con:sourcePath/>
        <con:targetType>req_productSpecificationExternalId</con:targetType>
        <con:targetStep>Display product stock level after parent add</con:targetStep>
        <con:targetPath/>
        <con:upgraded>true</con:upgraded>
      </con:transfers>
      <con:transfers setNullOnMissingSource="true" transferTextContent="true" failOnError="true" ignoreEmpty="false" transferToAll="false" entitize="false" transferChildNodes="false">
        <con:name>placeId</con:name>
        <con:sourceType>placeId</con:sourceType>
        <con:sourceStep>Given properties for the test case</con:sourceStep>
        <con:targetType>req_placeId</con:targetType>
        <con:targetStep>Display product stock level after parent add</con:targetStep>
        <con:upgraded>true</con:upgraded>
      </con:transfers>
      <con:transfers setNullOnMissingSource="true" transferTextContent="true" failOnError="true" ignoreEmpty="false" transferToAll="false" entitize="false" transferChildNodes="false">
        <con:name>productID</con:name>
        <con:sourceType>res_parentSerializedProductId</con:sourceType>
        <con:sourceStep>Create dynamic related serialized product with 2 childs</con:sourceStep>
        <con:targetType>req_productId</con:targetType>
        <con:targetStep>Display product by id for lock control after parent add</con:targetStep>
        <con:upgraded>true</con:upgraded>
      </con:transfers>
    </con:config>
  </con:testStep>
  <con:testStep type="calltestcase" name="Display product stock level after parent add" id="d74de8d2-9f54-4f02-bd41-647bcb191bf2">
    <con:settings/>
    <con:config xsi:type="con:RunTestCaseStep" xmlns:xsi="http://www.w3.org/2001/XMLSchema-instance">
      <con:targetTestCase>ae70f14b-9b62-4330-9f1f-32535bcddc8b</con:targetTestCase>
      <con:properties>
        <con:property>
          <con:name>req_placeId</con:name>
          <con:value>128</con:value>
        </con:property>
        <con:property>
          <con:name>req_productSpecCode</con:name>
        </con:property>
        <con:property>
          <con:name>req_productSpecArticle</con:name>
        </con:property>
        <con:property>
          <con:name>req_productStatus</con:name>
        </con:property>
        <con:property>
          <con:name>req_includeLocked</con:name>
        </con:property>
        <con:property>
          <con:name>req_productSpecificationExternalId</con:name>
          <con:value>EXT-IPHONE6S-b2e5701a-037c-4346-a093-eb5e7a7a82dc</con:value>
        </con:property>
        <con:property>
          <con:name>res_placeId</con:name>
          <con:value>128</con:value>
        </con:property>
        <con:property>
          <con:name>res_productSpecificationId</con:name>
          <con:value>629</con:value>
        </con:property>
        <con:property>
          <con:name>res_productSpecificationExternalId</con:name>
          <con:value>EXT-IPHONE6S-b2e5701a-037c-4346-a093-eb5e7a7a82dc</con:value>
        </con:property>
        <con:property>
          <con:name>res_quantity</con:name>
          <con:value>0</con:value>
        </con:property>
        <con:property>
          <con:name>res_salesOrganizationId</con:name>
          <con:value>251</con:value>
        </con:property>
        <con:property>
          <con:name>res_totalQuantity</con:name>
          <con:value>2</con:value>
        </con:property>
        <con:property>
          <con:name>res_reservedQuantity</con:name>
          <con:value>2</con:value>
        </con:property>
        <con:property>
          <con:name>req_productId</con:name>
        </con:property>
        <con:property>
          <con:name>res_code</con:name>
        </con:property>
        <con:property>
          <con:name>req_productSerialNumber</con:name>
        </con:property>
        <con:property>
          <con:name>req_productSerialText</con:name>
        </con:property>
        <con:property>
          <con:name>req_productSpecificationId</con:name>
        </con:property>
        <con:property>
          <con:name>req_parentSerialNumberText</con:name>
        </con:property>
        <con:property>
          <con:name>req_batchId</con:name>
        </con:property>
        <con:property>
          <con:name>req_country</con:name>
        </con:property>
        <con:property>
          <con:name>req_state</con:name>
        </con:property>
        <con:property>
          <con:name>req_city</con:name>
        </con:property>
        <con:property>
          <con:name>req_regionId</con:name>
        </con:property>
        <con:property>
          <con:name>res_fullResponse</con:name>
        </con:property>
        <con:property>
          <con:name>res_errorMessage</con:name>
        </con:property>
      </con:properties>
      <con:returnProperties>
        <con:entry>res_placeId</con:entry>
        <con:entry>res_productSpecificationId</con:entry>
        <con:entry>res_productSpecificationExternalId</con:entry>
        <con:entry>res_quantity</con:entry>
        <con:entry>res_salesOrganizationId</con:entry>
        <con:entry>res_totalQuantity</con:entry>
        <con:entry>res_reservedQuantity</con:entry>
      </con:returnProperties>
      <con:runMode>PARALLELL</con:runMode>
    </con:config>
  </con:testStep>
  <con:testStep type="calltestcase" name="Display product by id for lock control after parent add" id="716b0a31-f849-4a2d-b466-bb9d61e743cd">
    <con:settings/>
    <con:config xsi:type="con:RunTestCaseStep" xmlns:xsi="http://www.w3.org/2001/XMLSchema-instance">
      <con:targetTestCase>102e2d7b-c4cf-4f53-b777-f08cad671a15</con:targetTestCase>
      <con:properties>
        <con:property>
          <con:name>req_productId</con:name>
          <con:value>319</con:value>
        </con:property>
        <con:property>
          <con:name>res_id</con:name>
          <con:value>319</con:value>
        </con:property>
        <con:property>
          <con:name>res_code</con:name>
          <con:value>200</con:value>
        </con:property>
        <con:property>
          <con:name>res_lockedByBiId</con:name>
          <con:value>10271</con:value>
        </con:property>
        <con:property>
          <con:name>res_lockedByBiItemId</con:name>
          <con:value>1874</con:value>
        </con:property>
        <con:property>
          <con:name>req_prodSpecExtId</con:name>
        </con:property>
        <con:property>
          <con:name>res_startSerialNumber</con:name>
        </con:property>
        <con:property>
          <con:name>res_endSerialNumber</con:name>
        </con:property>
        <con:property>
          <con:name>res_quantity</con:name>
        </con:property>
      </con:properties>
      <con:returnProperties>
        <con:entry>res_id</con:entry>
        <con:entry>res_code</con:entry>
        <con:entry>res_lockedByBiId</con:entry>
        <con:entry>res_lockedByBiItemId</con:entry>
      </con:returnProperties>
      <con:runMode>PARALLELL</con:runMode>
    </con:config>
  </con:testStep>
  <con:testStep type="assertionteststep" name="Assertion stock level and lock control for parent product" id="24bdfd6a-d72e-4c53-83d1-ae839d41cd36">
    <con:settings/>
    <con:config xsi:type="con:AssertionTestStep" xmlns:xsi="http://www.w3.org/2001/XMLSchema-instance">
      <con:entry>
        <con:id>6440aae3-d9a8-42bd-8f26-c37637ee3234</con:id>
        <con:isGroup>false</con:isGroup>
        <con:sourceId>d74de8d2-9f54-4f02-bd41-647bcb191bf2</con:sourceId>
        <con:propertyName>res_totalQuantity</con:propertyName>
        <con:assertion type="Simple Equals" name="Equals total" id="9a681173-8585-4eb0-a000-139baf5a6b35">
          <con:configuration>
            <patternObjectId>a861a9ce-183e-40e6-80b3-6fa7bf5a66ec</patternObjectId>
            <patternProperty>quantityTwo</patternProperty>
            <caseSensitive>true</caseSensitive>
          </con:configuration>
        </con:assertion>
      </con:entry>
      <con:entry>
        <con:id>f7507f87-250f-4e86-a421-5e97ecfd531f</con:id>
        <con:isGroup>false</con:isGroup>
        <con:sourceId>d74de8d2-9f54-4f02-bd41-647bcb191bf2</con:sourceId>
        <con:propertyName>res_reservedQuantity</con:propertyName>
        <con:assertion type="Simple Equals" name="Equals reserved" id="fe79dec0-4fec-46bc-a48a-80816d45a235">
          <con:configuration>
            <patternObjectId>a861a9ce-183e-40e6-80b3-6fa7bf5a66ec</patternObjectId>
            <patternProperty>quantityTwo</patternProperty>
            <caseSensitive>true</caseSensitive>
          </con:configuration>
        </con:assertion>
      </con:entry>
      <con:entry>
        <con:id>fa3fe0c9-2bdb-479a-b473-8263a4997c86</con:id>
        <con:isGroup>false</con:isGroup>
        <con:sourceId>d74de8d2-9f54-4f02-bd41-647bcb191bf2</con:sourceId>
        <con:propertyName>res_quantity</con:propertyName>
        <con:assertion type="Simple Equals" name="Equals available" id="18d873fa-00fb-4f9d-adf8-e953fadcf3f2">
          <con:configuration>
            <patternObjectId>a861a9ce-183e-40e6-80b3-6fa7bf5a66ec</patternObjectId>
            <patternProperty>zero</patternProperty>
            <caseSensitive>true</caseSensitive>
          </con:configuration>
        </con:assertion>
      </con:entry>
      <con:entry>
        <con:id>925220f9-6277-4616-b0e4-e914b195eea9</con:id>
        <con:isGroup>false</con:isGroup>
        <con:sourceId>716b0a31-f849-4a2d-b466-bb9d61e743cd</con:sourceId>
        <con:propertyName>res_lockedByBiId</con:propertyName>
        <con:assertion type="Simple Equals" name="Equals bi id lock" id="29dd3a11-3034-43d9-a9b7-c27e8387910d">
          <con:configuration>
            <patternObjectId>21017780-4a1d-405a-9aff-c1d5694acfb7</patternObjectId>
            <patternProperty>res_biId</patternProperty>
            <caseSensitive>true</caseSensitive>
          </con:configuration>
        </con:assertion>
      </con:entry>
      <con:entry>
        <con:id>964946fa-25a0-4c47-a407-82cabcad3ca6</con:id>
        <con:isGroup>false</con:isGroup>
        <con:sourceId>716b0a31-f849-4a2d-b466-bb9d61e743cd</con:sourceId>
        <con:propertyName>res_lockedByBiItemId</con:propertyName>
        <con:assertion type="Simple Equals" name="Equals item id lock" id="4b3ade06-0613-4b0e-9dc3-d3f7b9c814c4">
          <con:configuration>
            <patternObjectId>2b76c253-fae1-472a-b7be-3a9ffff382b9</patternObjectId>
            <patternProperty>res_itemId</patternProperty>
            <caseSensitive>true</caseSensitive>
          </con:configuration>
        </con:assertion>
      </con:entry>
    </con:config>
  </con:testStep>
  <con:testStep type="transfer" name="P.T for submitting stock out bi with 2 childs" id="7701cc22-1fe6-4d41-b399-d55aaa256995">
    <con:settings/>
    <con:config xsi:type="con:PropertyTransfersStep" xmlns:xsi="http://www.w3.org/2001/XMLSchema-instance">
      <con:transfers setNullOnMissingSource="true" transferTextContent="true" failOnError="true" ignoreEmpty="false" transferToAll="false" entitize="false" transferChildNodes="false">
        <con:name>biId</con:name>
        <con:sourceType>res_biId</con:sourceType>
        <con:sourceStep>Create stock out bi for 2 childs case</con:sourceStep>
        <con:sourcePath/>
        <con:targetType>req_biId</con:targetType>
        <con:targetStep>Submit stock out bi with 2 childs</con:targetStep>
        <con:targetPath/>
        <con:upgraded>true</con:upgraded>
      </con:transfers>
    </con:config>
  </con:testStep>
  <con:testStep type="calltestcase" name="Submit stock out bi with 2 childs" id="d5fe2f08-98f0-4554-a0fb-82cf5c2fa7e7">
    <con:settings/>
    <con:config xsi:type="con:RunTestCaseStep" xmlns:xsi="http://www.w3.org/2001/XMLSchema-instance">
      <con:targetTestCase>1c365ed6-1300-4bbe-8e52-e637b24f7948</con:targetTestCase>
      <con:properties>
        <con:property>
          <con:name>req_biId</con:name>
          <con:value>10271</con:value>
        </con:property>
        <con:property>
          <con:name>res_biId</con:name>
          <con:value>10271</con:value>
        </con:property>
        <con:property>
          <con:name>res_code</con:name>
          <con:value>200</con:value>
        </con:property>
        <con:property>
          <con:name>res_errorMessage</con:name>
          <con:value xsi:nil="true"/>
        </con:property>
      </con:properties>
      <con:returnProperties>
        <con:entry>res_biId</con:entry>
        <con:entry>res_code</con:entry>
        <con:entry>res_errorMessage</con:entry>
      </con:returnProperties>
      <con:runMode>PARALLELL</con:runMode>
    </con:config>
  </con:testStep>
  <con:testStep type="assertionteststep" name="Assertion bi is submitted with 2 related childs" id="e15d43fd-d9c3-47ee-8a05-2be9f6091daa">
    <con:settings/>
    <con:config xsi:type="con:AssertionTestStep" xmlns:xsi="http://www.w3.org/2001/XMLSchema-instance">
      <con:entry>
        <con:id>18036595-6325-474b-a093-407702137ed5</con:id>
        <con:isGroup>false</con:isGroup>
        <con:sourceId>d5fe2f08-98f0-4554-a0fb-82cf5c2fa7e7</con:sourceId>
        <con:propertyName>res_code</con:propertyName>
        <con:assertion type="Simple Equals" name="Equals" id="bc1d1e57-cc1a-4865-8344-cf71f46666d8">
          <con:configuration>
            <patternObjectId>a861a9ce-183e-40e6-80b3-6fa7bf5a66ec</patternObjectId>
            <patternProperty>httpCode200</patternProperty>
            <caseSensitive>true</caseSensitive>
          </con:configuration>
        </con:assertion>
      </con:entry>
      <con:entry>
        <con:id>cad9866a-a514-4a26-aede-6ee5f895ea46</con:id>
        <con:isGroup>false</con:isGroup>
        <con:sourceId>d5fe2f08-98f0-4554-a0fb-82cf5c2fa7e7</con:sourceId>
        <con:propertyName>res_biId</con:propertyName>
        <con:assertion type="Simple Equals" name="Equals bi id" id="0c6244d6-e7c1-431c-9de6-4bc8d276ec8b">
          <con:configuration>
            <patternObjectId>21017780-4a1d-405a-9aff-c1d5694acfb7</patternObjectId>
            <patternProperty>res_biId</patternProperty>
            <caseSensitive>true</caseSensitive>
          </con:configuration>
        </con:assertion>
      </con:entry>
    </con:config>
  </con:testStep>
  <con:testStep type="transfer" name="P.T. for stock level and lock for parent after successful submit" id="102d052f-e2e7-4ad6-80b6-d0aea5d777b8">
    <con:settings/>
    <con:config xsi:type="con:PropertyTransfersStep" xmlns:xsi="http://www.w3.org/2001/XMLSchema-instance">
      <con:transfers setNullOnMissingSource="true" transferTextContent="true" failOnError="true" ignoreEmpty="false" transferToAll="false" entitize="false" transferChildNodes="false">
        <con:name>productSpecExtId</con:name>
        <con:sourceType>res_parentSerializedProductSpecExtId</con:sourceType>
        <con:sourceStep>Create dynamic related serialized product with 2 childs</con:sourceStep>
        <con:sourcePath/>
        <con:targetType>req_productSpecificationExternalId</con:targetType>
        <con:targetStep>Display parent product stock level after successful submit</con:targetStep>
        <con:targetPath/>
        <con:upgraded>true</con:upgraded>
      </con:transfers>
      <con:transfers setNullOnMissingSource="true" transferTextContent="true" failOnError="true" ignoreEmpty="false" transferToAll="false" entitize="false" transferChildNodes="false">
        <con:name>placeId</con:name>
        <con:sourceType>placeId</con:sourceType>
        <con:sourceStep>Given properties for the test case</con:sourceStep>
        <con:targetType>req_placeId</con:targetType>
        <con:targetStep>Display parent product stock level after successful submit</con:targetStep>
        <con:upgraded>true</con:upgraded>
      </con:transfers>
      <con:transfers setNullOnMissingSource="true" transferTextContent="true" failOnError="true" ignoreEmpty="false" transferToAll="false" entitize="false" transferChildNodes="false">
        <con:name>productID</con:name>
        <con:sourceType>res_parentSerializedProductId</con:sourceType>
        <con:sourceStep>Create dynamic related serialized product with 2 childs</con:sourceStep>
        <con:targetType>req_productId</con:targetType>
        <con:targetStep>Display parent product by id for lock after successful submit</con:targetStep>
        <con:upgraded>true</con:upgraded>
      </con:transfers>
    </con:config>
  </con:testStep>
  <con:testStep type="calltestcase" name="Display parent product stock level after successful submit" id="0b6bacbe-cb7e-4880-9df1-82df36e2d9cb">
    <con:settings/>
    <con:config xsi:type="con:RunTestCaseStep" xmlns:xsi="http://www.w3.org/2001/XMLSchema-instance">
      <con:targetTestCase>ae70f14b-9b62-4330-9f1f-32535bcddc8b</con:targetTestCase>
      <con:properties>
        <con:property>
          <con:name>req_placeId</con:name>
          <con:value>128</con:value>
        </con:property>
        <con:property>
          <con:name>req_productSpecCode</con:name>
        </con:property>
        <con:property>
          <con:name>req_productSpecArticle</con:name>
        </con:property>
        <con:property>
          <con:name>req_productStatus</con:name>
        </con:property>
        <con:property>
          <con:name>req_includeLocked</con:name>
        </con:property>
        <con:property>
          <con:name>req_productSpecificationExternalId</con:name>
          <con:value>EXT-IPHONE6S-b2e5701a-037c-4346-a093-eb5e7a7a82dc</con:value>
        </con:property>
        <con:property>
          <con:name>res_placeId</con:name>
        </con:property>
        <con:property>
          <con:name>res_productSpecificationId</con:name>
        </con:property>
        <con:property>
          <con:name>res_productSpecificationExternalId</con:name>
        </con:property>
        <con:property>
          <con:name>res_quantity</con:name>
          <con:value>0</con:value>
        </con:property>
        <con:property>
          <con:name>res_salesOrganizationId</con:name>
        </con:property>
        <con:property>
          <con:name>res_totalQuantity</con:name>
          <con:value>0</con:value>
        </con:property>
        <con:property>
          <con:name>res_reservedQuantity</con:name>
          <con:value>0</con:value>
        </con:property>
        <con:property>
          <con:name>req_productId</con:name>
        </con:property>
        <con:property>
          <con:name>res_code</con:name>
          <con:value>200</con:value>
        </con:property>
        <con:property>
          <con:name>req_productSerialNumber</con:name>
        </con:property>
        <con:property>
          <con:name>req_productSerialText</con:name>
        </con:property>
        <con:property>
          <con:name>req_productSpecificationId</con:name>
        </con:property>
        <con:property>
          <con:name>req_parentSerialNumberText</con:name>
        </con:property>
        <con:property>
          <con:name>req_batchId</con:name>
        </con:property>
        <con:property>
          <con:name>req_country</con:name>
        </con:property>
        <con:property>
          <con:name>req_state</con:name>
        </con:property>
        <con:property>
          <con:name>req_city</con:name>
        </con:property>
        <con:property>
          <con:name>req_regionId</con:name>
        </con:property>
        <con:property>
          <con:name>res_fullResponse</con:name>
        </con:property>
        <con:property>
          <con:name>res_errorMessage</con:name>
        </con:property>
      </con:properties>
      <con:returnProperties>
        <con:entry>res_quantity</con:entry>
        <con:entry>res_totalQuantity</con:entry>
        <con:entry>res_reservedQuantity</con:entry>
        <con:entry>res_code</con:entry>
      </con:returnProperties>
      <con:runMode>PARALLELL</con:runMode>
    </con:config>
  </con:testStep>
  <con:testStep type="calltestcase" name="Display parent product by id for lock after successful submit" id="fb870eb7-e77f-42b5-bd1a-c33f9277dc2e">
    <con:settings/>
    <con:config xsi:type="con:RunTestCaseStep" xmlns:xsi="http://www.w3.org/2001/XMLSchema-instance">
      <con:targetTestCase>c7d747e6-eee4-476d-8ca9-22f385f301bd</con:targetTestCase>
      <con:properties>
        <con:property>
          <con:name>req_productId</con:name>
          <con:value>319</con:value>
        </con:property>
        <con:property>
          <con:name>res_quantity</con:name>
          <con:value>2</con:value>
        </con:property>
        <con:property>
          <con:name>res_startSerial</con:name>
          <con:value>73126579</con:value>
        </con:property>
        <con:property>
          <con:name>res_endSerial</con:name>
          <con:value>73126580</con:value>
        </con:property>
        <con:property>
          <con:name>res_status</con:name>
          <con:value>Sellable</con:value>
        </con:property>
        <con:property>
          <con:name>res_lockedByBiId</con:name>
          <con:value xsi:nil="true"/>
        </con:property>
        <con:property>
          <con:name>res_lockedByItemId</con:name>
          <con:value xsi:nil="true"/>
        </con:property>
        <con:property>
          <con:name>res_serialNumber</con:name>
          <con:value xsi:nil="true"/>
        </con:property>
        <con:property>
          <con:name>res_isPaired</con:name>
          <con:value>false</con:value>
        </con:property>
        <con:property>
          <con:name>res_code</con:name>
        </con:property>
        <con:property>
          <con:name>res_batchId</con:name>
        </con:property>
      </con:properties>
      <con:returnProperties>
        <con:entry>res_quantity</con:entry>
        <con:entry>res_startSerial</con:entry>
        <con:entry>res_endSerial</con:entry>
        <con:entry>res_status</con:entry>
        <con:entry>res_lockedByBiId</con:entry>
        <con:entry>res_lockedByItemId</con:entry>
        <con:entry>res_serialNumber</con:entry>
        <con:entry>res_isPaired</con:entry>
      </con:returnProperties>
      <con:runMode>PARALLELL</con:runMode>
    </con:config>
  </con:testStep>
  <con:testStep type="assertionteststep" name="Assertion stock level and lock for parent after successful submit" id="f610b936-4048-4fa7-a65c-e55d93850820">
    <con:settings/>
    <con:config xsi:type="con:AssertionTestStep" xmlns:xsi="http://www.w3.org/2001/XMLSchema-instance">
      <con:entry>
        <con:id>657bef31-e905-481b-8c41-9531b86e77cd</con:id>
        <con:isGroup>false</con:isGroup>
        <con:sourceId>fb870eb7-e77f-42b5-bd1a-c33f9277dc2e</con:sourceId>
        <con:propertyName>res_lockedByBiId</con:propertyName>
        <con:assertion type="Simple Contains" name="Contains bi id lock empty" id="33a1e47f-695b-4ec0-86ad-50fe90b4185e">
          <con:configuration>
            <token>^\s*$</token>
            <ignoreCase>false</ignoreCase>
            <useRegEx>true</useRegEx>
          </con:configuration>
        </con:assertion>
      </con:entry>
      <con:entry>
        <con:id>591c7633-c570-47e1-b9a7-f896d9a64a2b</con:id>
        <con:isGroup>false</con:isGroup>
        <con:sourceId>fb870eb7-e77f-42b5-bd1a-c33f9277dc2e</con:sourceId>
        <con:propertyName>res_lockedByItemId</con:propertyName>
        <con:assertion type="Simple Contains" name="Contains bi item id lock empty" id="d6b710cf-cf31-451f-a6f5-b98ca6445cca">
          <con:configuration>
            <token>^\s*$</token>
            <ignoreCase>false</ignoreCase>
            <useRegEx>true</useRegEx>
          </con:configuration>
        </con:assertion>
      </con:entry>
      <con:entry>
        <con:id>06138c0d-35fc-4111-83e0-3d7194716770</con:id>
        <con:isGroup>false</con:isGroup>
        <con:sourceId>0b6bacbe-cb7e-4880-9df1-82df36e2d9cb</con:sourceId>
        <con:propertyName>res_code</con:propertyName>
        <con:assertion type="Simple Equals" name="Equals" id="5c506f02-4bc3-4f1c-ab0d-851dc27e550b">
          <con:configuration>
            <patternObjectId>a861a9ce-183e-40e6-80b3-6fa7bf5a66ec</patternObjectId>
            <patternProperty>httpCode200</patternProperty>
            <caseSensitive>true</caseSensitive>
          </con:configuration>
        </con:assertion>
      </con:entry>
      <con:entry>
        <con:id>ea98ada8-36e1-4792-9631-5a526dc0bb37</con:id>
        <con:isGroup>false</con:isGroup>
        <con:sourceId>0b6bacbe-cb7e-4880-9df1-82df36e2d9cb</con:sourceId>
        <con:propertyName>res_quantity</con:propertyName>
        <con:assertion type="Simple Equals" name="Equals 2" id="5c7cd042-9c40-4eaf-beaa-de76f731d8c7">
          <con:configuration>
            <patternText>0</patternText>
            <caseSensitive>true</caseSensitive>
          </con:configuration>
        </con:assertion>
      </con:entry>
      <con:entry>
        <con:id>8f80fd93-b4dc-4cf9-834f-0c52d995a2df</con:id>
        <con:isGroup>false</con:isGroup>
        <con:sourceId>0b6bacbe-cb7e-4880-9df1-82df36e2d9cb</con:sourceId>
        <con:propertyName>res_totalQuantity</con:propertyName>
        <con:assertion type="Simple Equals" name="Equals 3" id="701966da-43d8-454c-915a-1c7fdc414bab">
          <con:configuration>
            <patternText>0</patternText>
            <caseSensitive>true</caseSensitive>
          </con:configuration>
        </con:assertion>
      </con:entry>
      <con:entry>
        <con:id>d085bddb-69cb-4754-add6-85199ed8dcb7</con:id>
        <con:isGroup>false</con:isGroup>
        <con:sourceId>0b6bacbe-cb7e-4880-9df1-82df36e2d9cb</con:sourceId>
        <con:propertyName>res_reservedQuantity</con:propertyName>
        <con:assertion type="Simple Equals" name="Equals 4" id="4fd31839-9b2b-42f3-b5db-1c906ffc8900">
          <con:configuration>
            <patternText>0</patternText>
            <caseSensitive>true</caseSensitive>
          </con:configuration>
        </con:assertion>
      </con:entry>
    </con:config>
  </con:testStep>
  <con:testStep type="transfer" name="P.T. for stock level and lock for child1 after successful submit" id="7d91bd2e-6391-441c-baaf-211e2e564ab2">
    <con:settings/>
    <con:config xsi:type="con:PropertyTransfersStep" xmlns:xsi="http://www.w3.org/2001/XMLSchema-instance">
      <con:transfers setNullOnMissingSource="true" transferTextContent="true" failOnError="true" ignoreEmpty="false" transferToAll="false" entitize="false" transferChildNodes="false">
        <con:name>productSpecExtId</con:name>
        <con:sourceType>res_child1SerializedProductSpecExtId</con:sourceType>
        <con:sourceStep>Create dynamic related serialized product with 2 childs</con:sourceStep>
        <con:sourcePath/>
        <con:targetType>req_productSpecificationExternalId</con:targetType>
        <con:targetStep>Display child1 product stock level after successful submit</con:targetStep>
        <con:targetPath/>
        <con:upgraded>true</con:upgraded>
      </con:transfers>
      <con:transfers setNullOnMissingSource="true" transferTextContent="true" failOnError="true" ignoreEmpty="false" transferToAll="false" entitize="false" transferChildNodes="false">
        <con:name>placeId</con:name>
        <con:sourceType>placeId</con:sourceType>
        <con:sourceStep>Given properties for the test case</con:sourceStep>
        <con:targetType>req_placeId</con:targetType>
        <con:targetStep>Display child1 product stock level after successful submit</con:targetStep>
        <con:upgraded>true</con:upgraded>
      </con:transfers>
      <con:transfers setNullOnMissingSource="true" transferTextContent="true" failOnError="true" ignoreEmpty="false" transferToAll="false" entitize="false" transferChildNodes="false">
        <con:name>productID</con:name>
        <con:sourceType>res_child1SerializedProductId</con:sourceType>
        <con:sourceStep>Create dynamic related serialized product with 2 childs</con:sourceStep>
        <con:targetType>req_productId</con:targetType>
        <con:targetStep>Display child1 product by id for lock after successful submit</con:targetStep>
        <con:upgraded>true</con:upgraded>
      </con:transfers>
    </con:config>
  </con:testStep>
  <con:testStep type="calltestcase" name="Display child1 product stock level after successful submit" id="2a0d3ed9-1317-430e-aa6d-83eaf01fd714">
    <con:settings/>
    <con:config xsi:type="con:RunTestCaseStep" xmlns:xsi="http://www.w3.org/2001/XMLSchema-instance">
      <con:targetTestCase>ae70f14b-9b62-4330-9f1f-32535bcddc8b</con:targetTestCase>
      <con:properties>
        <con:property>
          <con:name>req_placeId</con:name>
          <con:value>128</con:value>
        </con:property>
        <con:property>
          <con:name>req_productSpecCode</con:name>
        </con:property>
        <con:property>
          <con:name>req_productSpecArticle</con:name>
        </con:property>
        <con:property>
          <con:name>req_productStatus</con:name>
        </con:property>
        <con:property>
          <con:name>req_includeLocked</con:name>
        </con:property>
        <con:property>
          <con:name>req_productSpecificationExternalId</con:name>
          <con:value>EXT-IPHONE6S-dc5da7e2-0be5-41d3-bd7b-3058bb9f7066</con:value>
        </con:property>
        <con:property>
          <con:name>res_placeId</con:name>
        </con:property>
        <con:property>
          <con:name>res_productSpecificationId</con:name>
        </con:property>
        <con:property>
          <con:name>res_productSpecificationExternalId</con:name>
        </con:property>
        <con:property>
          <con:name>res_quantity</con:name>
          <con:value>0</con:value>
        </con:property>
        <con:property>
          <con:name>res_salesOrganizationId</con:name>
        </con:property>
        <con:property>
          <con:name>res_totalQuantity</con:name>
          <con:value>0</con:value>
        </con:property>
        <con:property>
          <con:name>res_reservedQuantity</con:name>
          <con:value>0</con:value>
        </con:property>
        <con:property>
          <con:name>req_productId</con:name>
        </con:property>
        <con:property>
          <con:name>res_code</con:name>
          <con:value>200</con:value>
        </con:property>
        <con:property>
          <con:name>req_productSerialNumber</con:name>
        </con:property>
        <con:property>
          <con:name>req_productSerialText</con:name>
        </con:property>
        <con:property>
          <con:name>req_productSpecificationId</con:name>
        </con:property>
        <con:property>
          <con:name>req_parentSerialNumberText</con:name>
        </con:property>
        <con:property>
          <con:name>req_batchId</con:name>
        </con:property>
        <con:property>
          <con:name>req_country</con:name>
        </con:property>
        <con:property>
          <con:name>req_state</con:name>
        </con:property>
        <con:property>
          <con:name>req_city</con:name>
        </con:property>
        <con:property>
          <con:name>req_regionId</con:name>
        </con:property>
        <con:property>
          <con:name>res_fullResponse</con:name>
        </con:property>
        <con:property>
          <con:name>res_errorMessage</con:name>
        </con:property>
      </con:properties>
      <con:returnProperties>
        <con:entry>res_quantity</con:entry>
        <con:entry>res_totalQuantity</con:entry>
        <con:entry>res_reservedQuantity</con:entry>
        <con:entry>res_code</con:entry>
      </con:returnProperties>
      <con:runMode>PARALLELL</con:runMode>
    </con:config>
  </con:testStep>
  <con:testStep type="calltestcase" name="Display child1 product by id for lock after successful submit" id="ef1c8664-309f-48d9-ba82-b1f309a1ba5f">
    <con:settings/>
    <con:config xsi:type="con:RunTestCaseStep" xmlns:xsi="http://www.w3.org/2001/XMLSchema-instance">
      <con:targetTestCase>c7d747e6-eee4-476d-8ca9-22f385f301bd</con:targetTestCase>
      <con:properties>
        <con:property>
          <con:name>req_productId</con:name>
          <con:value>320</con:value>
        </con:property>
        <con:property>
          <con:name>res_quantity</con:name>
          <con:value>2</con:value>
        </con:property>
        <con:property>
          <con:name>res_startSerial</con:name>
          <con:value>74280825</con:value>
        </con:property>
        <con:property>
          <con:name>res_endSerial</con:name>
          <con:value>74280826</con:value>
        </con:property>
        <con:property>
          <con:name>res_status</con:name>
          <con:value>Sellable</con:value>
        </con:property>
        <con:property>
          <con:name>res_lockedByBiId</con:name>
          <con:value xsi:nil="true"/>
        </con:property>
        <con:property>
          <con:name>res_lockedByItemId</con:name>
          <con:value xsi:nil="true"/>
        </con:property>
        <con:property>
          <con:name>res_serialNumber</con:name>
          <con:value xsi:nil="true"/>
        </con:property>
        <con:property>
          <con:name>res_isPaired</con:name>
          <con:value>false</con:value>
        </con:property>
        <con:property>
          <con:name>res_code</con:name>
        </con:property>
        <con:property>
          <con:name>res_batchId</con:name>
        </con:property>
      </con:properties>
      <con:returnProperties>
        <con:entry>res_quantity</con:entry>
        <con:entry>res_startSerial</con:entry>
        <con:entry>res_endSerial</con:entry>
        <con:entry>res_status</con:entry>
        <con:entry>res_lockedByBiId</con:entry>
        <con:entry>res_lockedByItemId</con:entry>
        <con:entry>res_serialNumber</con:entry>
        <con:entry>res_isPaired</con:entry>
      </con:returnProperties>
      <con:runMode>PARALLELL</con:runMode>
    </con:config>
  </con:testStep>
  <con:testStep type="assertionteststep" name="Assertion stock level and lock for child1 after successful submit" id="689e2c5b-5ea4-459b-bd27-13649f22d714">
    <con:settings/>
    <con:config xsi:type="con:AssertionTestStep" xmlns:xsi="http://www.w3.org/2001/XMLSchema-instance">
      <con:entry>
        <con:id>aa53e3a3-9df0-4e92-a980-18d62c5267ae</con:id>
        <con:isGroup>false</con:isGroup>
        <con:sourceId>ef1c8664-309f-48d9-ba82-b1f309a1ba5f</con:sourceId>
        <con:propertyName>res_lockedByBiId</con:propertyName>
        <con:assertion type="Simple Contains" name="Contains bi id lock empty" id="1081918e-c1e1-470f-a8f1-ca8f64c956c2">
          <con:configuration>
            <token>^\s*$</token>
            <ignoreCase>false</ignoreCase>
            <useRegEx>true</useRegEx>
          </con:configuration>
        </con:assertion>
      </con:entry>
      <con:entry>
        <con:id>33be5f39-2129-4855-a0db-d525297a63eb</con:id>
        <con:isGroup>false</con:isGroup>
        <con:sourceId>ef1c8664-309f-48d9-ba82-b1f309a1ba5f</con:sourceId>
        <con:propertyName>res_lockedByItemId</con:propertyName>
        <con:assertion type="Simple Contains" name="Contains item id lock empty" id="b97a824a-24cf-4ed3-b764-c5665ce93487">
          <con:configuration>
            <token>^\s*$</token>
            <ignoreCase>false</ignoreCase>
            <useRegEx>true</useRegEx>
          </con:configuration>
        </con:assertion>
      </con:entry>
      <con:entry>
        <con:id>d8c59c6e-3966-469d-8c94-7e51a1db71b9</con:id>
        <con:isGroup>false</con:isGroup>
        <con:sourceId>2a0d3ed9-1317-430e-aa6d-83eaf01fd714</con:sourceId>
        <con:propertyName>res_code</con:propertyName>
        <con:assertion type="Simple Equals" name="Equals" id="6bc53c04-5dc8-40e1-834f-f709f356a568">
          <con:configuration>
            <patternObjectId>a861a9ce-183e-40e6-80b3-6fa7bf5a66ec</patternObjectId>
            <patternProperty>httpCode200</patternProperty>
            <caseSensitive>true</caseSensitive>
          </con:configuration>
        </con:assertion>
      </con:entry>
      <con:entry>
        <con:id>ee0ca6a2-3238-484c-9cf5-2d38cf72eb42</con:id>
        <con:isGroup>false</con:isGroup>
        <con:sourceId>2a0d3ed9-1317-430e-aa6d-83eaf01fd714</con:sourceId>
        <con:propertyName>res_quantity</con:propertyName>
        <con:assertion type="Simple Equals" name="Equals 2" id="a19d0d1c-58d5-4a1b-a221-46c5b7452c7f">
          <con:configuration>
            <patternText>0</patternText>
            <caseSensitive>true</caseSensitive>
          </con:configuration>
        </con:assertion>
      </con:entry>
      <con:entry>
        <con:id>f1afde34-f12e-4988-809a-fc573a197f7a</con:id>
        <con:isGroup>false</con:isGroup>
        <con:sourceId>2a0d3ed9-1317-430e-aa6d-83eaf01fd714</con:sourceId>
        <con:propertyName>res_totalQuantity</con:propertyName>
        <con:assertion type="Simple Equals" name="Equals 3" id="36dfa718-d4cd-4921-815f-90307d6b0f3d">
          <con:configuration>
            <patternText>0</patternText>
            <caseSensitive>true</caseSensitive>
          </con:configuration>
        </con:assertion>
      </con:entry>
      <con:entry>
        <con:id>8542e744-dd01-4f85-94ae-6bc9af1156e4</con:id>
        <con:isGroup>false</con:isGroup>
        <con:sourceId>2a0d3ed9-1317-430e-aa6d-83eaf01fd714</con:sourceId>
        <con:propertyName>res_reservedQuantity</con:propertyName>
        <con:assertion type="Simple Equals" name="Equals 4" id="b296ff31-5600-4e97-8fed-3018811e3c8a">
          <con:configuration>
            <patternText>0</patternText>
            <caseSensitive>true</caseSensitive>
          </con:configuration>
        </con:assertion>
      </con:entry>
    </con:config>
  </con:testStep>
  <con:testStep type="transfer" name="P.T. for stock level and lock for child2 after successful submit" id="97155647-cf2e-4ec3-9c47-e3304014e396">
    <con:settings/>
    <con:config xsi:type="con:PropertyTransfersStep" xmlns:xsi="http://www.w3.org/2001/XMLSchema-instance">
      <con:transfers setNullOnMissingSource="true" transferTextContent="true" failOnError="true" ignoreEmpty="false" transferToAll="false" entitize="false" transferChildNodes="false">
        <con:name>productSpecExtId</con:name>
        <con:sourceType>res_child2SerializedProductSpecExtId</con:sourceType>
        <con:sourceStep>Create dynamic related serialized product with 2 childs</con:sourceStep>
        <con:sourcePath/>
        <con:targetType>req_productSpecificationExternalId</con:targetType>
        <con:targetStep>Display child2 product stock level after successful submit</con:targetStep>
        <con:targetPath/>
        <con:upgraded>true</con:upgraded>
      </con:transfers>
      <con:transfers setNullOnMissingSource="true" transferTextContent="true" failOnError="true" ignoreEmpty="false" transferToAll="false" entitize="false" transferChildNodes="false">
        <con:name>placeId</con:name>
        <con:sourceType>placeId</con:sourceType>
        <con:sourceStep>Given properties for the test case</con:sourceStep>
        <con:targetType>req_placeId</con:targetType>
        <con:targetStep>Display child2 product stock level after successful submit</con:targetStep>
        <con:upgraded>true</con:upgraded>
      </con:transfers>
      <con:transfers setNullOnMissingSource="true" transferTextContent="true" failOnError="true" ignoreEmpty="false" transferToAll="false" entitize="false" transferChildNodes="false">
        <con:name>productID</con:name>
        <con:sourceType>res_child2SerializedProductId</con:sourceType>
        <con:sourceStep>Create dynamic related serialized product with 2 childs</con:sourceStep>
        <con:targetType>req_productId</con:targetType>
        <con:targetStep>Display child2 product by id for lock after successful submit</con:targetStep>
        <con:upgraded>true</con:upgraded>
      </con:transfers>
    </con:config>
  </con:testStep>
  <con:testStep type="calltestcase" name="Display child2 product stock level after successful submit" id="56e12c19-ea45-4534-9656-19fa16ce2641">
    <con:settings/>
    <con:config xsi:type="con:RunTestCaseStep" xmlns:xsi="http://www.w3.org/2001/XMLSchema-instance">
      <con:targetTestCase>ae70f14b-9b62-4330-9f1f-32535bcddc8b</con:targetTestCase>
      <con:properties>
        <con:property>
          <con:name>req_placeId</con:name>
          <con:value>128</con:value>
        </con:property>
        <con:property>
          <con:name>req_productSpecCode</con:name>
        </con:property>
        <con:property>
          <con:name>req_productSpecArticle</con:name>
        </con:property>
        <con:property>
          <con:name>req_productStatus</con:name>
        </con:property>
        <con:property>
          <con:name>req_includeLocked</con:name>
        </con:property>
        <con:property>
          <con:name>req_productSpecificationExternalId</con:name>
          <con:value>EXT-IPHONE6S-979fe6c8-8756-49b9-9667-7ed349270e18</con:value>
        </con:property>
        <con:property>
          <con:name>res_placeId</con:name>
        </con:property>
        <con:property>
          <con:name>res_productSpecificationId</con:name>
        </con:property>
        <con:property>
          <con:name>res_productSpecificationExternalId</con:name>
        </con:property>
        <con:property>
          <con:name>res_quantity</con:name>
          <con:value>0</con:value>
        </con:property>
        <con:property>
          <con:name>res_salesOrganizationId</con:name>
        </con:property>
        <con:property>
          <con:name>res_totalQuantity</con:name>
          <con:value>0</con:value>
        </con:property>
        <con:property>
          <con:name>res_reservedQuantity</con:name>
          <con:value>0</con:value>
        </con:property>
        <con:property>
          <con:name>req_productId</con:name>
        </con:property>
        <con:property>
          <con:name>res_code</con:name>
          <con:value>200</con:value>
        </con:property>
        <con:property>
          <con:name>req_productSerialNumber</con:name>
        </con:property>
        <con:property>
          <con:name>req_productSerialText</con:name>
        </con:property>
        <con:property>
          <con:name>req_productSpecificationId</con:name>
        </con:property>
        <con:property>
          <con:name>req_parentSerialNumberText</con:name>
        </con:property>
        <con:property>
          <con:name>req_batchId</con:name>
        </con:property>
        <con:property>
          <con:name>req_country</con:name>
        </con:property>
        <con:property>
          <con:name>req_state</con:name>
        </con:property>
        <con:property>
          <con:name>req_city</con:name>
        </con:property>
        <con:property>
          <con:name>req_regionId</con:name>
        </con:property>
        <con:property>
          <con:name>res_fullResponse</con:name>
        </con:property>
        <con:property>
          <con:name>res_errorMessage</con:name>
        </con:property>
      </con:properties>
      <con:returnProperties>
        <con:entry>res_quantity</con:entry>
        <con:entry>res_totalQuantity</con:entry>
        <con:entry>res_reservedQuantity</con:entry>
        <con:entry>res_code</con:entry>
      </con:returnProperties>
      <con:runMode>PARALLELL</con:runMode>
    </con:config>
  </con:testStep>
  <con:testStep type="calltestcase" name="Display child2 product by id for lock after successful submit" id="dde46d37-3126-412a-ae54-71b1c4041f7e">
    <con:settings/>
    <con:config xsi:type="con:RunTestCaseStep" xmlns:xsi="http://www.w3.org/2001/XMLSchema-instance">
      <con:targetTestCase>c7d747e6-eee4-476d-8ca9-22f385f301bd</con:targetTestCase>
      <con:properties>
        <con:property>
          <con:name>req_productId</con:name>
          <con:value>321</con:value>
        </con:property>
        <con:property>
          <con:name>res_quantity</con:name>
          <con:value>2</con:value>
        </con:property>
        <con:property>
          <con:name>res_startSerial</con:name>
          <con:value>70818085</con:value>
        </con:property>
        <con:property>
          <con:name>res_endSerial</con:name>
          <con:value>70818086</con:value>
        </con:property>
        <con:property>
          <con:name>res_status</con:name>
          <con:value>Sellable</con:value>
        </con:property>
        <con:property>
          <con:name>res_lockedByBiId</con:name>
          <con:value xsi:nil="true"/>
        </con:property>
        <con:property>
          <con:name>res_lockedByItemId</con:name>
          <con:value xsi:nil="true"/>
        </con:property>
        <con:property>
          <con:name>res_serialNumber</con:name>
          <con:value xsi:nil="true"/>
        </con:property>
        <con:property>
          <con:name>res_isPaired</con:name>
          <con:value>false</con:value>
        </con:property>
        <con:property>
          <con:name>res_code</con:name>
        </con:property>
        <con:property>
          <con:name>res_batchId</con:name>
        </con:property>
      </con:properties>
      <con:returnProperties>
        <con:entry>res_quantity</con:entry>
        <con:entry>res_startSerial</con:entry>
        <con:entry>res_endSerial</con:entry>
        <con:entry>res_status</con:entry>
        <con:entry>res_lockedByBiId</con:entry>
        <con:entry>res_lockedByItemId</con:entry>
        <con:entry>res_serialNumber</con:entry>
        <con:entry>res_isPaired</con:entry>
      </con:returnProperties>
      <con:runMode>PARALLELL</con:runMode>
    </con:config>
  </con:testStep>
  <con:testStep type="assertionteststep" name="Assertion stock level and lock for child2 after successful submit" id="7334bd0e-278b-42dc-801f-cbdc58cdd721">
    <con:settings/>
    <con:config xsi:type="con:AssertionTestStep" xmlns:xsi="http://www.w3.org/2001/XMLSchema-instance">
      <con:entry>
        <con:id>1b1764a9-43c1-4277-b494-bf505fc3851e</con:id>
        <con:isGroup>false</con:isGroup>
        <con:sourceId>dde46d37-3126-412a-ae54-71b1c4041f7e</con:sourceId>
        <con:propertyName>res_lockedByBiId</con:propertyName>
        <con:assertion type="Simple Contains" name="Contains bi id lock empty" id="a7779ff6-2680-4cd9-a3a0-4a4ff8733369">
          <con:configuration>
            <token>^\s*$</token>
            <ignoreCase>false</ignoreCase>
            <useRegEx>true</useRegEx>
          </con:configuration>
        </con:assertion>
      </con:entry>
      <con:entry>
        <con:id>8b1127cc-a05d-4c8f-b852-0ad42b9bb5ec</con:id>
        <con:isGroup>false</con:isGroup>
        <con:sourceId>dde46d37-3126-412a-ae54-71b1c4041f7e</con:sourceId>
        <con:propertyName>res_lockedByItemId</con:propertyName>
        <con:assertion type="Simple Contains" name="Contains bi item id lock empty" id="3dea3541-8a48-4e2e-a26d-9fec85acf826">
          <con:configuration>
            <token>^\s*$</token>
            <ignoreCase>false</ignoreCase>
            <useRegEx>true</useRegEx>
          </con:configuration>
        </con:assertion>
      </con:entry>
      <con:entry>
        <con:id>9a715aa5-1130-486d-a2bb-6d4e49c50b69</con:id>
        <con:isGroup>false</con:isGroup>
        <con:sourceId>56e12c19-ea45-4534-9656-19fa16ce2641</con:sourceId>
        <con:propertyName>res_code</con:propertyName>
        <con:assertion type="Simple Equals" name="Equals" id="20a94124-94e9-44db-bbe2-ea1adcaed769">
          <con:configuration>
            <patternObjectId>a861a9ce-183e-40e6-80b3-6fa7bf5a66ec</patternObjectId>
            <patternProperty>httpCode200</patternProperty>
            <caseSensitive>true</caseSensitive>
          </con:configuration>
        </con:assertion>
      </con:entry>
      <con:entry>
        <con:id>4ddc955d-6987-429b-808f-da414dd0e612</con:id>
        <con:isGroup>false</con:isGroup>
        <con:sourceId>56e12c19-ea45-4534-9656-19fa16ce2641</con:sourceId>
        <con:propertyName>res_quantity</con:propertyName>
        <con:assertion type="Simple Equals" name="Equals 2" id="305b85f2-9a28-40a6-856a-ff04bdf83743">
          <con:configuration>
            <patternText>0</patternText>
            <caseSensitive>true</caseSensitive>
          </con:configuration>
        </con:assertion>
      </con:entry>
      <con:entry>
        <con:id>e25a3d16-70c6-4579-af53-50cf622655a7</con:id>
        <con:isGroup>false</con:isGroup>
        <con:sourceId>56e12c19-ea45-4534-9656-19fa16ce2641</con:sourceId>
        <con:propertyName>res_totalQuantity</con:propertyName>
        <con:assertion type="Simple Equals" name="Equals 3" id="564ae1c5-8a52-4dc6-be16-61e071bc7ab4">
          <con:configuration>
            <patternText>0</patternText>
            <caseSensitive>true</caseSensitive>
          </con:configuration>
        </con:assertion>
      </con:entry>
      <con:entry>
        <con:id>7e69f777-4b5d-4871-aba1-285b8a29262b</con:id>
        <con:isGroup>false</con:isGroup>
        <con:sourceId>56e12c19-ea45-4534-9656-19fa16ce2641</con:sourceId>
        <con:propertyName>res_reservedQuantity</con:propertyName>
        <con:assertion type="Simple Equals" name="Equals 4" id="387a88dc-5202-410c-8a9d-23356386dd87">
          <con:configuration>
            <patternText>0</patternText>
            <caseSensitive>true</caseSensitive>
          </con:configuration>
        </con:assertion>
      </con:entry>
    </con:config>
  </con:testStep>
  <con:testStep type="properties" name="Stock Out / Related Products - Approval" id="136ce068-70b0-46de-8b30-efed7b304705">
    <con:settings/>
    <con:config xsi:type="con:PropertiesStep" saveFirst="true" xmlns:xsi="http://www.w3.org/2001/XMLSchema-instance">
      <con:properties/>
    </con:config>
  </con:testStep>
  <con:testStep type="transfer" name="P.T for creating related products for stockout approval" id="d0f3e64c-2976-44a2-9705-fcf8b436ca06">
    <con:settings/>
    <con:config xsi:type="con:PropertyTransfersStep" xmlns:xsi="http://www.w3.org/2001/XMLSchema-instance">
      <con:transfers setNullOnMissingSource="true" transferTextContent="true" failOnError="true" ignoreEmpty="false" transferToAll="false" entitize="false" transferChildNodes="false">
        <con:name>placeId</con:name>
        <con:sourceType>placeId</con:sourceType>
        <con:sourceStep>Given properties for the test case</con:sourceStep>
        <con:sourcePath/>
        <con:targetType>req_placeId</con:targetType>
        <con:targetStep>Create related products for stockout approval</con:targetStep>
        <con:targetPath/>
        <con:upgraded>true</con:upgraded>
      </con:transfers>
      <con:transfers setNullOnMissingSource="true" transferTextContent="true" failOnError="true" ignoreEmpty="false" transferToAll="false" entitize="false" transferChildNodes="false">
        <con:name>soId</con:name>
        <con:sourceType>soId</con:sourceType>
        <con:sourceStep>Given properties for the test case</con:sourceStep>
        <con:targetType>req_soId</con:targetType>
        <con:targetStep>Create related products for stockout approval</con:targetStep>
        <con:upgraded>true</con:upgraded>
      </con:transfers>
      <con:transfers setNullOnMissingSource="true" transferTextContent="true" failOnError="true" ignoreEmpty="false" transferToAll="false" entitize="false" transferChildNodes="false">
        <con:name>userId</con:name>
        <con:sourceType>userId</con:sourceType>
        <con:sourceStep>Given properties for the test case</con:sourceStep>
        <con:targetType>req_userId</con:targetType>
        <con:targetStep>Create related products for stockout approval</con:targetStep>
        <con:upgraded>true</con:upgraded>
      </con:transfers>
      <con:transfers setNullOnMissingSource="true" transferTextContent="true" failOnError="true" ignoreEmpty="false" transferToAll="false" entitize="false" transferChildNodes="false">
        <con:name>terminalId</con:name>
        <con:sourceType>res_terminalId</con:sourceType>
        <con:sourceStep>Create initial data for user and so</con:sourceStep>
        <con:targetType>req_terminalId</con:targetType>
        <con:targetStep>Create related products for stockout approval</con:targetStep>
        <con:upgraded>true</con:upgraded>
      </con:transfers>
    </con:config>
  </con:testStep>
  <con:testStep type="calltestcase" name="Create related products for stockout approval" id="d0ac75ea-c1da-4eea-b775-2df6d12eb12d">
    <con:settings/>
    <con:config xsi:type="con:RunTestCaseStep" xmlns:xsi="http://www.w3.org/2001/XMLSchema-instance">
      <con:targetTestCase>9f5b2df7-e2ab-4067-8b8a-5bd721b17dd7</con:targetTestCase>
      <con:properties>
        <con:property>
          <con:name>req_placeId</con:name>
          <con:value>128</con:value>
        </con:property>
        <con:property>
          <con:name>req_soId</con:name>
          <con:value>251</con:value>
        </con:property>
        <con:property>
          <con:name>req_userId</con:name>
          <con:value>253</con:value>
        </con:property>
        <con:property>
          <con:name>req_terminalId</con:name>
          <con:value>63</con:value>
        </con:property>
        <con:property>
          <con:name>res_serializedProductId</con:name>
          <con:value>322</con:value>
        </con:property>
        <con:property>
          <con:name>res_serializedProductSerial</con:name>
          <con:value>25234065</con:value>
        </con:property>
        <con:property>
          <con:name>res_serializedProductSpecExtId</con:name>
          <con:value>EXT-IPHONE6S-d8ce8b4c-95cd-4167-a68e-f782b4d26225</con:value>
        </con:property>
        <con:property>
          <con:name>res_simProductId</con:name>
          <con:value>323</con:value>
        </con:property>
        <con:property>
          <con:name>res_simProductSpecCharExtId</con:name>
          <con:value>SIM-Memory-CharExtId-35d9b1aa-f9b3-4a97-8ddd-98d2f995d73c</con:value>
        </con:property>
        <con:property>
          <con:name>res_simProductSpecCharUseExtId</con:name>
          <con:value>SIM-Memory-CharUseExtId-b8810544-5011-4ca7-bf8f-8ae427f75654</con:value>
        </con:property>
        <con:property>
          <con:name>res_simProductSpecCharUseId1</con:name>
          <con:value>938</con:value>
        </con:property>
        <con:property>
          <con:name>res_simProductSpecCharUseId2</con:name>
          <con:value>936</con:value>
        </con:property>
        <con:property>
          <con:name>res_simProductSpecCharUseId3</con:name>
          <con:value>937</con:value>
        </con:property>
        <con:property>
          <con:name>res_simProductSpecCharValueExtId</con:name>
          <con:value>SIM-Memory-CharValueExtId-5cc0801b-b670-4c06-96b7-c8802193aa69</con:value>
        </con:property>
        <con:property>
          <con:name>res_simProductSpecExtId</con:name>
          <con:value>EXT-SIM-93c58717-73d8-4a20-bdda-14946577cf4d</con:value>
        </con:property>
        <con:property>
          <con:name>res_simProductSpecId</con:name>
          <con:value>633</con:value>
        </con:property>
        <con:property>
          <con:name>res_simSerial</con:name>
          <con:value>15230594</con:value>
        </con:property>
      </con:properties>
      <con:returnProperties>
        <con:entry>res_serializedProductId</con:entry>
        <con:entry>res_serializedProductSerial</con:entry>
        <con:entry>res_serializedProductSpecExtId</con:entry>
        <con:entry>res_simProductId</con:entry>
        <con:entry>res_simProductSpecCharExtId</con:entry>
        <con:entry>res_simProductSpecCharUseExtId</con:entry>
        <con:entry>res_simProductSpecCharUseId1</con:entry>
        <con:entry>res_simProductSpecCharUseId2</con:entry>
        <con:entry>res_simProductSpecCharUseId3</con:entry>
        <con:entry>res_simProductSpecCharValueExtId</con:entry>
        <con:entry>res_simProductSpecExtId</con:entry>
        <con:entry>res_simProductSpecId</con:entry>
        <con:entry>res_simSerial</con:entry>
      </con:returnProperties>
      <con:runMode>PARALLELL</con:runMode>
    </con:config>
  </con:testStep>
  <con:testStep type="assertionteststep" name="Assert for related product  for stockout approval" id="88bebc4f-7318-47fe-9d11-f112d2b7629b">
    <con:settings/>
    <con:config xsi:type="con:AssertionTestStep" xmlns:xsi="http://www.w3.org/2001/XMLSchema-instance">
      <con:entry>
        <con:id>4d942034-a58d-441f-b361-ce5e460a8613</con:id>
        <con:isGroup>false</con:isGroup>
        <con:sourceId>d0ac75ea-c1da-4eea-b775-2df6d12eb12d</con:sourceId>
        <con:propertyName>res_serializedProductId</con:propertyName>
        <con:assertion type="Simple Contains" name="Contains serialized product" id="f631529e-01b2-4825-b6a6-e19a7a9bee83">
          <con:configuration>
            <token>\d+</token>
            <ignoreCase>false</ignoreCase>
            <useRegEx>true</useRegEx>
          </con:configuration>
        </con:assertion>
      </con:entry>
      <con:entry>
        <con:id>3041648c-4a77-4b19-83b8-8a4c77b0239e</con:id>
        <con:isGroup>false</con:isGroup>
        <con:sourceId>d0ac75ea-c1da-4eea-b775-2df6d12eb12d</con:sourceId>
        <con:propertyName>res_simProductId</con:propertyName>
        <con:assertion type="Simple Contains" name="Contains sim" id="bf7c2ecc-b279-4c94-be51-2c5012fa24c2">
          <con:configuration>
            <token>\d+</token>
            <ignoreCase>false</ignoreCase>
            <useRegEx>true</useRegEx>
          </con:configuration>
        </con:assertion>
      </con:entry>
    </con:config>
  </con:testStep>
  <con:testStep type="transfer" name="P.T for creating stock out bi with approval" id="b3322a00-3381-4b01-965b-9dad6ad5cff4">
    <con:settings/>
    <con:config xsi:type="con:PropertyTransfersStep" xmlns:xsi="http://www.w3.org/2001/XMLSchema-instance">
      <con:transfers setNullOnMissingSource="true" transferTextContent="true" failOnError="true" ignoreEmpty="false" transferToAll="false" entitize="false" transferChildNodes="false">
        <con:name>userId</con:name>
        <con:sourceType>userId</con:sourceType>
        <con:sourceStep>Given properties for the test case</con:sourceStep>
        <con:sourcePath/>
        <con:targetType>req_userRoleId</con:targetType>
        <con:targetStep>Create stock out bi with approval</con:targetStep>
        <con:targetPath/>
        <con:upgraded>true</con:upgraded>
      </con:transfers>
      <con:transfers setNullOnMissingSource="true" transferTextContent="true" failOnError="true" ignoreEmpty="false" transferToAll="false" entitize="false" transferChildNodes="false">
        <con:name>soId</con:name>
        <con:sourceType>soId</con:sourceType>
        <con:sourceStep>Given properties for the test case</con:sourceStep>
        <con:targetType>req_salesOrganizationRoleId</con:targetType>
        <con:targetStep>Create stock out bi with approval</con:targetStep>
        <con:upgraded>true</con:upgraded>
      </con:transfers>
      <con:transfers setNullOnMissingSource="true" transferTextContent="true" failOnError="true" ignoreEmpty="false" transferToAll="false" entitize="false" transferChildNodes="false">
        <con:name>biSpecCode</con:name>
        <con:sourceType>stockOutBISpecCodeApproval</con:sourceType>
        <con:sourceStep>Given properties for the test case</con:sourceStep>
        <con:targetType>req_biSpec</con:targetType>
        <con:targetStep>Create stock out bi with approval</con:targetStep>
        <con:upgraded>true</con:upgraded>
      </con:transfers>
    </con:config>
  </con:testStep>
  <con:testStep type="calltestcase" name="Create stock out bi with approval" id="e5793f9e-25b6-462a-8f2a-ddf6df26531d">
    <con:settings/>
    <con:config xsi:type="con:RunTestCaseStep" xmlns:xsi="http://www.w3.org/2001/XMLSchema-instance">
      <con:targetTestCase>d6b21754-a4bc-457f-93bf-67dd81b3ce77</con:targetTestCase>
      <con:properties>
        <con:property>
          <con:name>req_userRoleId</con:name>
          <con:value>253</con:value>
        </con:property>
        <con:property>
          <con:name>req_salesOrganizationRoleId</con:name>
          <con:value>251</con:value>
        </con:property>
        <con:property>
          <con:name>res_biId</con:name>
          <con:value>10291</con:value>
        </con:property>
        <con:property>
          <con:name>res_code</con:name>
          <con:value>201</con:value>
        </con:property>
        <con:property>
          <con:name>req_biSpec</con:name>
          <con:value>STCKOUTAPPROVALBISPEC</con:value>
        </con:property>
        <con:property>
          <con:name>res_errorMessage</con:name>
          <con:value xsi:nil="true"/>
        </con:property>
      </con:properties>
      <con:returnProperties>
        <con:entry>res_biId</con:entry>
        <con:entry>res_code</con:entry>
        <con:entry>res_errorMessage</con:entry>
      </con:returnProperties>
      <con:runMode>PARALLELL</con:runMode>
    </con:config>
  </con:testStep>
  <con:testStep type="assertionteststep" name="Assert bi is created with approval" id="e88bc7da-9358-4969-b993-6aefe83b6207">
    <con:settings/>
    <con:config xsi:type="con:AssertionTestStep" xmlns:xsi="http://www.w3.org/2001/XMLSchema-instance">
      <con:entry>
        <con:id>c0b6a8f5-2aa1-446c-987c-6892a19cc2f7</con:id>
        <con:isGroup>false</con:isGroup>
        <con:sourceId>e5793f9e-25b6-462a-8f2a-ddf6df26531d</con:sourceId>
        <con:propertyName>res_code</con:propertyName>
        <con:assertion type="Simple Equals" name="Equals" id="a0be02d8-3b6f-4639-8511-141e635efa74">
          <con:configuration>
            <patternObjectId>a861a9ce-183e-40e6-80b3-6fa7bf5a66ec</patternObjectId>
            <patternProperty>httpCode201</patternProperty>
            <caseSensitive>true</caseSensitive>
          </con:configuration>
        </con:assertion>
      </con:entry>
    </con:config>
  </con:testStep>
  <con:testStep type="transfer" name="P.T for adding stock out item for serialized product with approval" id="3a4a7838-e3e3-47c9-b31c-5b1d4d9462d9">
    <con:settings/>
    <con:config xsi:type="con:PropertyTransfersStep" xmlns:xsi="http://www.w3.org/2001/XMLSchema-instance">
      <con:transfers setNullOnMissingSource="true" transferTextContent="true" failOnError="true" ignoreEmpty="false" transferToAll="false" entitize="false" transferChildNodes="false">
        <con:name>biId</con:name>
        <con:sourceType>res_biId</con:sourceType>
        <con:sourceStep>Create stock out bi with approval</con:sourceStep>
        <con:sourcePath/>
        <con:targetType>req_biId</con:targetType>
        <con:targetStep>Add stock out item for serialized product with approval</con:targetStep>
        <con:targetPath/>
        <con:upgraded>true</con:upgraded>
      </con:transfers>
      <con:transfers setNullOnMissingSource="true" transferTextContent="true" failOnError="true" ignoreEmpty="false" transferToAll="false" entitize="false" transferChildNodes="false">
        <con:name>quantity</con:name>
        <con:sourceType>stockOutQuantity</con:sourceType>
        <con:sourceStep>Given properties for the test case</con:sourceStep>
        <con:targetType>req_quantity</con:targetType>
        <con:targetStep>Add stock out item for serialized product with approval</con:targetStep>
        <con:upgraded>true</con:upgraded>
      </con:transfers>
      <con:transfers setNullOnMissingSource="true" transferTextContent="true" failOnError="true" ignoreEmpty="false" transferToAll="false" entitize="false" transferChildNodes="false">
        <con:name>productId</con:name>
        <con:sourceType>res_serializedProductId</con:sourceType>
        <con:sourceStep>Create related products for stockout approval</con:sourceStep>
        <con:targetType>req_productId</con:targetType>
        <con:targetStep>Add stock out item for serialized product with approval</con:targetStep>
        <con:upgraded>true</con:upgraded>
      </con:transfers>
      <con:transfers setNullOnMissingSource="true" transferTextContent="true" failOnError="true" ignoreEmpty="false" transferToAll="false" entitize="false" transferChildNodes="false">
        <con:name>stockOutReason</con:name>
        <con:sourceType>stockOutReason</con:sourceType>
        <con:sourceStep>Given properties for the test case</con:sourceStep>
        <con:targetType>req_stockOutReasonType</con:targetType>
        <con:targetStep>Add stock out item for serialized product with approval</con:targetStep>
        <con:upgraded>true</con:upgraded>
      </con:transfers>
      <con:transfers setNullOnMissingSource="true" transferTextContent="true" failOnError="true" ignoreEmpty="false" transferToAll="false" entitize="false" transferChildNodes="false">
        <con:name>stockOutReasonDescription</con:name>
        <con:sourceType>stockOutReasonDescription</con:sourceType>
        <con:sourceStep>Given properties for the test case</con:sourceStep>
        <con:targetType>req_stockOutReasonDescription</con:targetType>
        <con:targetStep>Add stock out item for serialized product with approval</con:targetStep>
        <con:upgraded>true</con:upgraded>
      </con:transfers>
    </con:config>
  </con:testStep>
  <con:testStep type="calltestcase" name="Add stock out item for serialized product with approval" id="344093da-9e27-4dca-94d4-80e8bf8fa764">
    <con:settings/>
    <con:config xsi:type="con:RunTestCaseStep" xmlns:xsi="http://www.w3.org/2001/XMLSchema-instance">
      <con:targetTestCase>05624b1e-0210-4665-8bbc-54bbc0be39c0</con:targetTestCase>
      <con:properties>
        <con:property>
          <con:name>req_biId</con:name>
          <con:value>10291</con:value>
        </con:property>
        <con:property>
          <con:name>req_productId</con:name>
          <con:value>322</con:value>
        </con:property>
        <con:property>
          <con:name>res_code</con:name>
          <con:value>201</con:value>
        </con:property>
        <con:property>
          <con:name>res_itemId</con:name>
          <con:value>1884</con:value>
        </con:property>
        <con:property>
          <con:name>res_new_product_id</con:name>
          <con:value>322</con:value>
        </con:property>
        <con:property>
          <con:name>res_errorMessage</con:name>
          <con:value xsi:nil="true"/>
        </con:property>
        <con:property>
          <con:name>req_quantity</con:name>
          <con:value>1</con:value>
        </con:property>
        <con:property>
          <con:name>req_stockOutReasonType</con:name>
          <con:value>Lost</con:value>
        </con:property>
        <con:property>
          <con:name>req_stockOutReasonDescription</con:name>
          <con:value>Integration test stockOut Reason Description</con:value>
        </con:property>
        <con:property>
          <con:name>req_serialNumber</con:name>
        </con:property>
      </con:properties>
      <con:returnProperties>
        <con:entry>res_code</con:entry>
        <con:entry>res_errorMessage</con:entry>
        <con:entry>res_itemId</con:entry>
        <con:entry>res_new_product_id</con:entry>
      </con:returnProperties>
      <con:runMode>PARALLELL</con:runMode>
    </con:config>
  </con:testStep>
  <con:testStep type="assertionteststep" name="Assertion add stock out item for serialized product with approval" id="30358b56-cbc9-4260-9f01-b8623baf44af">
    <con:settings/>
    <con:config xsi:type="con:AssertionTestStep" xmlns:xsi="http://www.w3.org/2001/XMLSchema-instance">
      <con:entry>
        <con:id>fdacbda4-5252-4714-9366-55c0e57f017b</con:id>
        <con:isGroup>false</con:isGroup>
        <con:sourceId>344093da-9e27-4dca-94d4-80e8bf8fa764</con:sourceId>
        <con:propertyName>res_code</con:propertyName>
        <con:assertion type="Simple Equals" name="Equals" id="5e6f1567-0332-44ab-906c-7f2f8ce1fe40">
          <con:configuration>
            <patternObjectId>a861a9ce-183e-40e6-80b3-6fa7bf5a66ec</patternObjectId>
            <patternProperty>httpCode201</patternProperty>
            <caseSensitive>true</caseSensitive>
          </con:configuration>
        </con:assertion>
      </con:entry>
      <con:entry>
        <con:id>244c4045-505f-45c8-bc41-9fd476f8638d</con:id>
        <con:isGroup>false</con:isGroup>
        <con:sourceId>344093da-9e27-4dca-94d4-80e8bf8fa764</con:sourceId>
        <con:propertyName>res_itemId</con:propertyName>
        <con:assertion type="Simple Contains" name="Contains" id="d9e1eb0f-3147-44f7-aa84-48c818004634">
          <con:configuration>
            <token>\d+</token>
            <ignoreCase>false</ignoreCase>
            <useRegEx>true</useRegEx>
          </con:configuration>
        </con:assertion>
      </con:entry>
    </con:config>
  </con:testStep>
  <con:testStep type="transfer" name="P.T for displaying products before submit" id="c376c5c7-03ce-4a8c-b571-70b75542bc41">
    <con:settings/>
    <con:config xsi:type="con:PropertyTransfersStep" xmlns:xsi="http://www.w3.org/2001/XMLSchema-instance">
      <con:transfers setNullOnMissingSource="true" transferTextContent="true" failOnError="true" ignoreEmpty="false" transferToAll="false" entitize="false" transferChildNodes="false">
        <con:name>placeId</con:name>
        <con:sourceType>placeId</con:sourceType>
        <con:sourceStep>Given properties for the test case</con:sourceStep>
        <con:sourcePath/>
        <con:targetType>req_placeId</con:targetType>
        <con:targetStep>Display serialized product stock level before submit</con:targetStep>
        <con:targetPath/>
        <con:upgraded>true</con:upgraded>
      </con:transfers>
      <con:transfers setNullOnMissingSource="true" transferTextContent="true" failOnError="true" ignoreEmpty="false" transferToAll="false" entitize="false" transferChildNodes="false">
        <con:name>productSpecExtId</con:name>
        <con:sourceType>res_serializedProductSpecExtId</con:sourceType>
        <con:sourceStep>Create related products for stockout approval</con:sourceStep>
        <con:targetType>req_productSpecificationExternalId</con:targetType>
        <con:targetStep>Display serialized product stock level before submit</con:targetStep>
        <con:upgraded>true</con:upgraded>
      </con:transfers>
      <con:transfers setNullOnMissingSource="true" transferTextContent="true" failOnError="true" ignoreEmpty="false" transferToAll="false" entitize="false" transferChildNodes="false">
        <con:name>productId</con:name>
        <con:sourceType>res_new_product_id</con:sourceType>
        <con:sourceStep>Add stock out item for serialized product with approval</con:sourceStep>
        <con:targetType>req_productId</con:targetType>
        <con:targetStep>Display serialized product lock control before submit</con:targetStep>
        <con:upgraded>true</con:upgraded>
      </con:transfers>
      <con:transfers setNullOnMissingSource="true" transferTextContent="true" failOnError="true" disabled="false" entitize="false" ignoreEmpty="false" transferChildNodes="false" transferToAll="false" useXQuery="false">
        <con:name>placeId2</con:name>
        <con:sourceType>placeId</con:sourceType>
        <con:sourceStep>Given properties for the test case</con:sourceStep>
        <con:sourcePath/>
        <con:targetType>req_placeId</con:targetType>
        <con:targetStep>Display stock level for sim product before submit</con:targetStep>
        <con:targetPath/>
        <con:type>XPATH</con:type>
        <con:targetTransferType>XPATH</con:targetTransferType>
        <con:upgraded>true</con:upgraded>
      </con:transfers>
      <con:transfers setNullOnMissingSource="true" transferTextContent="true" failOnError="true" disabled="false" entitize="false" ignoreEmpty="false" transferChildNodes="false" transferToAll="false" useXQuery="false">
        <con:name>productSpecExtId2</con:name>
        <con:sourceType>res_simProductSpecExtId</con:sourceType>
        <con:sourceStep>Create related products for stockout approval</con:sourceStep>
        <con:sourcePath xsi:nil="true"/>
        <con:targetType>req_productSpecificationExternalId</con:targetType>
        <con:targetStep>Display stock level for sim product before submit</con:targetStep>
        <con:targetPath xsi:nil="true"/>
        <con:type>XPATH</con:type>
        <con:targetTransferType>XPATH</con:targetTransferType>
        <con:upgraded>true</con:upgraded>
      </con:transfers>
      <con:transfers setNullOnMissingSource="true" transferTextContent="true" failOnError="true" disabled="false" entitize="false" ignoreEmpty="false" transferChildNodes="false" transferToAll="false" useXQuery="false">
        <con:name>productIdSim</con:name>
        <con:sourceType>res_simProductId</con:sourceType>
        <con:sourceStep>Create related products for stockout approval</con:sourceStep>
        <con:sourcePath xsi:nil="true"/>
        <con:targetType>req_productId</con:targetType>
        <con:targetStep>Display sim product lock control before submit</con:targetStep>
        <con:targetPath xsi:nil="true"/>
        <con:type>XPATH</con:type>
        <con:targetTransferType>XPATH</con:targetTransferType>
        <con:upgraded>true</con:upgraded>
      </con:transfers>
    </con:config>
  </con:testStep>
  <con:testStep type="calltestcase" name="Display serialized product stock level before submit" id="32c7d400-5624-46b5-8536-122cae775a4e">
    <con:settings/>
    <con:config xsi:type="con:RunTestCaseStep" xmlns:xsi="http://www.w3.org/2001/XMLSchema-instance">
      <con:targetTestCase>ae70f14b-9b62-4330-9f1f-32535bcddc8b</con:targetTestCase>
      <con:properties>
        <con:property>
          <con:name>req_placeId</con:name>
          <con:value>128</con:value>
        </con:property>
        <con:property>
          <con:name>req_productSpecCode</con:name>
        </con:property>
        <con:property>
          <con:name>req_productSpecArticle</con:name>
        </con:property>
        <con:property>
          <con:name>req_productStatus</con:name>
        </con:property>
        <con:property>
          <con:name>req_includeLocked</con:name>
        </con:property>
        <con:property>
          <con:name>req_productSpecificationExternalId</con:name>
          <con:value>EXT-IPHONE6S-d8ce8b4c-95cd-4167-a68e-f782b4d26225</con:value>
        </con:property>
        <con:property>
          <con:name>res_placeId</con:name>
        </con:property>
        <con:property>
          <con:name>res_productSpecificationId</con:name>
        </con:property>
        <con:property>
          <con:name>res_productSpecificationExternalId</con:name>
        </con:property>
        <con:property>
          <con:name>res_quantity</con:name>
          <con:value>0</con:value>
        </con:property>
        <con:property>
          <con:name>res_salesOrganizationId</con:name>
        </con:property>
        <con:property>
          <con:name>res_totalQuantity</con:name>
          <con:value>1</con:value>
        </con:property>
        <con:property>
          <con:name>res_reservedQuantity</con:name>
          <con:value>1</con:value>
        </con:property>
        <con:property>
          <con:name>req_productId</con:name>
        </con:property>
        <con:property>
          <con:name>res_code</con:name>
          <con:value>200</con:value>
        </con:property>
        <con:property>
          <con:name>req_productSerialNumber</con:name>
        </con:property>
        <con:property>
          <con:name>req_productSerialText</con:name>
        </con:property>
        <con:property>
          <con:name>req_productSpecificationId</con:name>
        </con:property>
        <con:property>
          <con:name>req_parentSerialNumberText</con:name>
        </con:property>
        <con:property>
          <con:name>req_batchId</con:name>
        </con:property>
        <con:property>
          <con:name>req_country</con:name>
        </con:property>
        <con:property>
          <con:name>req_state</con:name>
        </con:property>
        <con:property>
          <con:name>req_city</con:name>
        </con:property>
        <con:property>
          <con:name>req_regionId</con:name>
        </con:property>
        <con:property>
          <con:name>res_fullResponse</con:name>
          <con:value>[{"placeId":"128","productSpecificationId":"632","productSpecificationName":"IPHONE6S","productStatus":1,"productSpecificationExternalId":"EXT-IPHONE6S-d8ce8b4c-95cd-4167-a68e-f782b4d26225","quantity":0,"totalQuantity":1,"reservedQuantity":1,"salesOrganizationId":"251","characteristicValueUses":[{"characteristic":{"externalId":"Memory-CharExtId-92561c17-3144-4c6b-b978-feb3c2ae8426","name":"Memory","description":"Memory","id":"932"},"characteristicValue":{"externalId":"Memory-CharValueExtId-a8f91975-de4b-45f4-a1a9-a1da4e37e16c","value":"32MB","id":"818"}},{"characteristic":{"externalId":"Screen-CharExtId-e1f19194-f4a1-464b-b541-1e3a5eb38e9e","name":"Screen","description":"Screen","id":"933"},"characteristicValue":{"externalId":"Screen-CharValueExtId-3d517d41-b5d8-4397-a8c7-379bc3f8129c","value":"4.7","id":"819"}},{"characteristic":{"externalId":"Processor-CharExtId-5b037b29-6fdc-4614-bf01-6edb7e9856ed","name":"Processor","description":"Processor","id":"934"},"characteristicValue":{"externalId":"Processor-CharValueExtId-1ad657ab-d4bd-4e44-a33c-c639e97f85be","value":"A8","id":"820"}}]}]</con:value>
        </con:property>
        <con:property>
          <con:name>res_errorMessage</con:name>
        </con:property>
      </con:properties>
      <con:returnProperties>
        <con:entry>res_quantity</con:entry>
        <con:entry>res_totalQuantity</con:entry>
        <con:entry>res_reservedQuantity</con:entry>
        <con:entry>res_code</con:entry>
        <con:entry>res_fullResponse</con:entry>
      </con:returnProperties>
      <con:runMode>PARALLELL</con:runMode>
    </con:config>
  </con:testStep>
  <con:testStep type="calltestcase" name="Display serialized product lock control before submit" id="78893fde-428c-49ad-a353-2736f00f12df">
    <con:settings/>
    <con:config xsi:type="con:RunTestCaseStep" xmlns:xsi="http://www.w3.org/2001/XMLSchema-instance">
      <con:targetTestCase>c7d747e6-eee4-476d-8ca9-22f385f301bd</con:targetTestCase>
      <con:properties>
        <con:property>
          <con:name>req_productId</con:name>
          <con:value>322</con:value>
        </con:property>
        <con:property>
          <con:name>res_quantity</con:name>
          <con:value>1</con:value>
        </con:property>
        <con:property>
          <con:name>res_startSerial</con:name>
          <con:value>25234065</con:value>
        </con:property>
        <con:property>
          <con:name>res_endSerial</con:name>
          <con:value>25234065</con:value>
        </con:property>
        <con:property>
          <con:name>res_status</con:name>
          <con:value>Sellable</con:value>
        </con:property>
        <con:property>
          <con:name>res_lockedByBiId</con:name>
          <con:value>10291</con:value>
        </con:property>
        <con:property>
          <con:name>res_lockedByItemId</con:name>
          <con:value>1884</con:value>
        </con:property>
        <con:property>
          <con:name>res_serialNumber</con:name>
          <con:value xsi:nil="true"/>
        </con:property>
        <con:property>
          <con:name>res_isPaired</con:name>
          <con:value>false</con:value>
        </con:property>
        <con:property>
          <con:name>res_code</con:name>
          <con:value>200</con:value>
        </con:property>
        <con:property>
          <con:name>res_batchId</con:name>
        </con:property>
      </con:properties>
      <con:returnProperties>
        <con:entry>res_quantity</con:entry>
        <con:entry>res_startSerial</con:entry>
        <con:entry>res_endSerial</con:entry>
        <con:entry>res_status</con:entry>
        <con:entry>res_lockedByBiId</con:entry>
        <con:entry>res_lockedByItemId</con:entry>
        <con:entry>res_serialNumber</con:entry>
        <con:entry>res_isPaired</con:entry>
        <con:entry>res_code</con:entry>
      </con:returnProperties>
      <con:runMode>PARALLELL</con:runMode>
    </con:config>
  </con:testStep>
  <con:testStep type="calltestcase" name="Display stock level for sim product before submit" id="722c7f16-3a0e-4790-bc7c-af800c9144e0">
    <con:settings/>
    <con:config xsi:type="con:RunTestCaseStep" xmlns:xsi="http://www.w3.org/2001/XMLSchema-instance">
      <con:targetTestCase>ae70f14b-9b62-4330-9f1f-32535bcddc8b</con:targetTestCase>
      <con:properties>
        <con:property>
          <con:name>req_placeId</con:name>
          <con:value>128</con:value>
        </con:property>
        <con:property>
          <con:name>req_productSpecCode</con:name>
        </con:property>
        <con:property>
          <con:name>req_productSpecArticle</con:name>
        </con:property>
        <con:property>
          <con:name>req_productStatus</con:name>
        </con:property>
        <con:property>
          <con:name>req_includeLocked</con:name>
        </con:property>
        <con:property>
          <con:name>req_productSpecificationExternalId</con:name>
          <con:value>EXT-SIM-93c58717-73d8-4a20-bdda-14946577cf4d</con:value>
        </con:property>
        <con:property>
          <con:name>res_placeId</con:name>
        </con:property>
        <con:property>
          <con:name>res_productSpecificationId</con:name>
        </con:property>
        <con:property>
          <con:name>res_productSpecificationExternalId</con:name>
        </con:property>
        <con:property>
          <con:name>res_quantity</con:name>
          <con:value>0</con:value>
        </con:property>
        <con:property>
          <con:name>res_salesOrganizationId</con:name>
        </con:property>
        <con:property>
          <con:name>res_totalQuantity</con:name>
          <con:value>1</con:value>
        </con:property>
        <con:property>
          <con:name>res_reservedQuantity</con:name>
          <con:value>1</con:value>
        </con:property>
        <con:property>
          <con:name>req_productId</con:name>
        </con:property>
        <con:property>
          <con:name>res_code</con:name>
          <con:value>200</con:value>
        </con:property>
        <con:property>
          <con:name>req_productSerialNumber</con:name>
        </con:property>
        <con:property>
          <con:name>req_productSerialText</con:name>
        </con:property>
        <con:property>
          <con:name>req_productSpecificationId</con:name>
        </con:property>
        <con:property>
          <con:name>req_parentSerialNumberText</con:name>
        </con:property>
        <con:property>
          <con:name>req_batchId</con:name>
        </con:property>
        <con:property>
          <con:name>req_country</con:name>
        </con:property>
        <con:property>
          <con:name>req_state</con:name>
        </con:property>
        <con:property>
          <con:name>req_city</con:name>
        </con:property>
        <con:property>
          <con:name>req_regionId</con:name>
        </con:property>
        <con:property>
          <con:name>res_fullResponse</con:name>
          <con:value>[{"placeId":"128","productSpecificationId":"633","productSpecificationName":"SIM","productStatus":1,"productSpecificationExternalId":"EXT-SIM-93c58717-73d8-4a20-bdda-14946577cf4d","quantity":0,"totalQuantity":1,"reservedQuantity":1,"salesOrganizationId":"251","characteristicValueUses":[{"characteristic":{"externalId":"SIM-Memory-CharExtId-35d9b1aa-f9b3-4a97-8ddd-98d2f995d73c","name":"SIM-Memory","description":"SIM-Memory","id":"935"},"characteristicValue":{"externalId":"SIM-Memory-CharValueExtId-5cc0801b-b670-4c06-96b7-c8802193aa69","value":"32MB","id":"821"}}]}]</con:value>
        </con:property>
        <con:property>
          <con:name>res_errorMessage</con:name>
        </con:property>
      </con:properties>
      <con:returnProperties>
        <con:entry>res_quantity</con:entry>
        <con:entry>res_totalQuantity</con:entry>
        <con:entry>res_reservedQuantity</con:entry>
        <con:entry>res_code</con:entry>
        <con:entry>res_fullResponse</con:entry>
      </con:returnProperties>
      <con:runMode>PARALLELL</con:runMode>
    </con:config>
  </con:testStep>
  <con:testStep type="calltestcase" name="Display sim product lock control before submit" id="10669d1a-7595-4a14-9745-288ef365e4d4">
    <con:settings/>
    <con:config xsi:type="con:RunTestCaseStep" xmlns:xsi="http://www.w3.org/2001/XMLSchema-instance">
      <con:targetTestCase>c7d747e6-eee4-476d-8ca9-22f385f301bd</con:targetTestCase>
      <con:properties>
        <con:property>
          <con:name>req_productId</con:name>
          <con:value>323</con:value>
        </con:property>
        <con:property>
          <con:name>res_quantity</con:name>
          <con:value>1</con:value>
        </con:property>
        <con:property>
          <con:name>res_startSerial</con:name>
          <con:value>15230594</con:value>
        </con:property>
        <con:property>
          <con:name>res_endSerial</con:name>
          <con:value>15230594</con:value>
        </con:property>
        <con:property>
          <con:name>res_status</con:name>
          <con:value>Sellable</con:value>
        </con:property>
        <con:property>
          <con:name>res_lockedByBiId</con:name>
          <con:value>10291</con:value>
        </con:property>
        <con:property>
          <con:name>res_lockedByItemId</con:name>
          <con:value>1886</con:value>
        </con:property>
        <con:property>
          <con:name>res_serialNumber</con:name>
          <con:value xsi:nil="true"/>
        </con:property>
        <con:property>
          <con:name>res_isPaired</con:name>
          <con:value>false</con:value>
        </con:property>
        <con:property>
          <con:name>res_code</con:name>
        </con:property>
        <con:property>
          <con:name>res_batchId</con:name>
        </con:property>
      </con:properties>
      <con:returnProperties>
        <con:entry>res_quantity</con:entry>
        <con:entry>res_startSerial</con:entry>
        <con:entry>res_endSerial</con:entry>
        <con:entry>res_status</con:entry>
        <con:entry>res_lockedByBiId</con:entry>
        <con:entry>res_lockedByItemId</con:entry>
        <con:entry>res_serialNumber</con:entry>
        <con:entry>res_isPaired</con:entry>
      </con:returnProperties>
      <con:runMode>PARALLELL</con:runMode>
    </con:config>
  </con:testStep>
  <con:testStep type="assertionteststep" name="Assertion for displaying products before submit" id="98985e74-688b-4086-8e59-5ba8b1212db2">
    <con:settings/>
    <con:config xsi:type="con:AssertionTestStep" xmlns:xsi="http://www.w3.org/2001/XMLSchema-instance">
      <con:entry>
        <con:id>2627aaa5-016e-4686-9314-9d5e0cff78f1</con:id>
        <con:isGroup>false</con:isGroup>
        <con:sourceId>32c7d400-5624-46b5-8536-122cae775a4e</con:sourceId>
        <con:propertyName>res_totalQuantity</con:propertyName>
        <con:assertion type="Simple Equals" name="total quantity serialized" id="a6e3c01b-510e-42b3-ab3b-c9a312832b33">
          <con:configuration>
            <patternObjectId>a861a9ce-183e-40e6-80b3-6fa7bf5a66ec</patternObjectId>
            <patternProperty>quantityOne</patternProperty>
            <caseSensitive>true</caseSensitive>
          </con:configuration>
        </con:assertion>
      </con:entry>
      <con:entry>
        <con:id>b9693978-d04f-45fa-9a20-046d53788981</con:id>
        <con:isGroup>false</con:isGroup>
        <con:sourceId>32c7d400-5624-46b5-8536-122cae775a4e</con:sourceId>
        <con:propertyName>res_reservedQuantity</con:propertyName>
        <con:assertion type="Simple Equals" name="reserved quantity serialized" id="2f819912-22bc-4262-b046-870f7aa25ce2">
          <con:configuration>
            <patternObjectId>a861a9ce-183e-40e6-80b3-6fa7bf5a66ec</patternObjectId>
            <patternProperty>quantityOne</patternProperty>
            <caseSensitive>true</caseSensitive>
          </con:configuration>
        </con:assertion>
      </con:entry>
      <con:entry>
        <con:id>8223d4c3-94c8-49a7-b117-1d2d936a009b</con:id>
        <con:isGroup>false</con:isGroup>
        <con:sourceId>32c7d400-5624-46b5-8536-122cae775a4e</con:sourceId>
        <con:propertyName>res_quantity</con:propertyName>
        <con:assertion type="Simple Equals" name="available quantity serialized" id="a8e15ff7-7095-4da1-8f93-7fcb043ea252">
          <con:configuration>
            <patternObjectId>a861a9ce-183e-40e6-80b3-6fa7bf5a66ec</patternObjectId>
            <patternProperty>zero</patternProperty>
            <caseSensitive>true</caseSensitive>
          </con:configuration>
        </con:assertion>
      </con:entry>
      <con:entry>
        <con:id>37ce5bad-1db9-402b-b833-87d5603b6b32</con:id>
        <con:isGroup>false</con:isGroup>
        <con:sourceId>78893fde-428c-49ad-a353-2736f00f12df</con:sourceId>
        <con:propertyName>res_lockedByBiId</con:propertyName>
        <con:assertion type="Simple Equals" name="bi id lock" id="b7d1be48-050e-46a8-aba1-b84ebd733688">
          <con:configuration>
            <patternObjectId>e5793f9e-25b6-462a-8f2a-ddf6df26531d</patternObjectId>
            <patternProperty>res_biId</patternProperty>
            <caseSensitive>true</caseSensitive>
          </con:configuration>
        </con:assertion>
      </con:entry>
      <con:entry>
        <con:id>54a2ddb8-ea1d-4529-94e7-4ccde08f376b</con:id>
        <con:isGroup>false</con:isGroup>
        <con:sourceId>78893fde-428c-49ad-a353-2736f00f12df</con:sourceId>
        <con:propertyName>res_lockedByItemId</con:propertyName>
        <con:assertion type="Simple Equals" name="bi item lock" id="251a42c8-982a-4613-8669-b323cf68fc9b">
          <con:configuration>
            <patternObjectId>344093da-9e27-4dca-94d4-80e8bf8fa764</patternObjectId>
            <patternProperty>res_itemId</patternProperty>
            <caseSensitive>true</caseSensitive>
          </con:configuration>
        </con:assertion>
      </con:entry>
      <con:entry>
        <con:id>45cbe2d2-1ec6-4295-9a8d-9ccf11d6f9fa</con:id>
        <con:isGroup>false</con:isGroup>
        <con:sourceId>722c7f16-3a0e-4790-bc7c-af800c9144e0</con:sourceId>
        <con:propertyName>res_totalQuantity</con:propertyName>
        <con:assertion type="Simple Equals" name="total quantity sim" id="b7ad6c05-51f0-41e7-87b9-373805515df9">
          <con:configuration>
            <patternObjectId>a861a9ce-183e-40e6-80b3-6fa7bf5a66ec</patternObjectId>
            <patternProperty>quantityOne</patternProperty>
            <caseSensitive>true</caseSensitive>
          </con:configuration>
        </con:assertion>
      </con:entry>
      <con:entry>
        <con:id>3b003fde-6626-4bfb-9a04-24fb6e7042f1</con:id>
        <con:isGroup>false</con:isGroup>
        <con:sourceId>722c7f16-3a0e-4790-bc7c-af800c9144e0</con:sourceId>
        <con:propertyName>res_reservedQuantity</con:propertyName>
        <con:assertion type="Simple Equals" name="reserved quantity sim" id="b8893e11-116b-48ea-a67a-2ee2b74f983e">
          <con:configuration>
            <patternObjectId>a861a9ce-183e-40e6-80b3-6fa7bf5a66ec</patternObjectId>
            <patternProperty>quantityOne</patternProperty>
            <caseSensitive>true</caseSensitive>
          </con:configuration>
        </con:assertion>
      </con:entry>
      <con:entry>
        <con:id>a10eeb29-4139-4978-8784-7db5743f873f</con:id>
        <con:isGroup>false</con:isGroup>
        <con:sourceId>722c7f16-3a0e-4790-bc7c-af800c9144e0</con:sourceId>
        <con:propertyName>res_quantity</con:propertyName>
        <con:assertion type="Simple Equals" name="available quantity sim" id="3339dc78-1be8-4762-ac28-09aeb026a389">
          <con:configuration>
            <patternObjectId>a861a9ce-183e-40e6-80b3-6fa7bf5a66ec</patternObjectId>
            <patternProperty>zero</patternProperty>
            <caseSensitive>true</caseSensitive>
          </con:configuration>
        </con:assertion>
      </con:entry>
    </con:config>
  </con:testStep>
  <con:testStep type="transfer" name="P.T for submitting stock out bi with approval" id="d763df64-a079-47fb-9ea8-179ac2be15d3">
    <con:settings/>
    <con:config xsi:type="con:PropertyTransfersStep" xmlns:xsi="http://www.w3.org/2001/XMLSchema-instance">
      <con:transfers setNullOnMissingSource="true" transferTextContent="true" failOnError="true" ignoreEmpty="false" transferToAll="false" entitize="false" transferChildNodes="false">
        <con:name>biId</con:name>
        <con:sourceType>res_biId</con:sourceType>
        <con:sourceStep>Create stock out bi with approval</con:sourceStep>
        <con:sourcePath/>
        <con:targetType>req_biId</con:targetType>
        <con:targetStep>Submit stock out bi with approval</con:targetStep>
        <con:targetPath/>
        <con:upgraded>true</con:upgraded>
      </con:transfers>
    </con:config>
  </con:testStep>
  <con:testStep type="calltestcase" name="Submit stock out bi with approval" id="d2ff1b4a-54ab-467b-8393-1666509733cb">
    <con:settings/>
    <con:config xsi:type="con:RunTestCaseStep" xmlns:xsi="http://www.w3.org/2001/XMLSchema-instance">
      <con:targetTestCase>1c365ed6-1300-4bbe-8e52-e637b24f7948</con:targetTestCase>
      <con:properties>
        <con:property>
          <con:name>req_biId</con:name>
          <con:value>10291</con:value>
        </con:property>
        <con:property>
          <con:name>res_biId</con:name>
          <con:value>10291</con:value>
        </con:property>
        <con:property>
          <con:name>res_code</con:name>
          <con:value>200</con:value>
        </con:property>
        <con:property>
          <con:name>res_errorMessage</con:name>
          <con:value xsi:nil="true"/>
        </con:property>
      </con:properties>
      <con:returnProperties>
        <con:entry>res_biId</con:entry>
        <con:entry>res_code</con:entry>
        <con:entry>res_errorMessage</con:entry>
      </con:returnProperties>
      <con:runMode>PARALLELL</con:runMode>
    </con:config>
  </con:testStep>
  <con:testStep type="assertionteststep" name="Assertion for submitting stock out bi with approval" id="c3765d08-0df3-4bf5-a4cb-fbf0f83fa186">
    <con:settings/>
    <con:config xsi:type="con:AssertionTestStep" xmlns:xsi="http://www.w3.org/2001/XMLSchema-instance">
      <con:entry>
        <con:id>7b880035-b27c-46aa-aeaa-ad6574dce5b4</con:id>
        <con:isGroup>false</con:isGroup>
        <con:sourceId>d2ff1b4a-54ab-467b-8393-1666509733cb</con:sourceId>
        <con:propertyName>res_code</con:propertyName>
        <con:assertion type="Simple Equals" name="Equals" id="88f98edb-e589-41af-b68f-f0f05bb4bd05">
          <con:configuration>
            <patternObjectId>a861a9ce-183e-40e6-80b3-6fa7bf5a66ec</patternObjectId>
            <patternProperty>httpCode200</patternProperty>
            <caseSensitive>true</caseSensitive>
          </con:configuration>
        </con:assertion>
      </con:entry>
    </con:config>
  </con:testStep>
  <con:testStep type="transfer" name="P.T for displaying a single stock out bi(ongoing)" id="fd92ec0b-836a-4b02-84eb-3ec5ef8af5e9">
    <con:settings/>
    <con:config xsi:type="con:PropertyTransfersStep" xmlns:xsi="http://www.w3.org/2001/XMLSchema-instance">
      <con:transfers setNullOnMissingSource="true" transferTextContent="true" failOnError="true" ignoreEmpty="false" transferToAll="false" entitize="false" transferChildNodes="false">
        <con:name>biId</con:name>
        <con:sourceType>res_biId</con:sourceType>
        <con:sourceStep>Create stock out bi with approval</con:sourceStep>
        <con:sourcePath/>
        <con:targetType>req_biId</con:targetType>
        <con:targetStep>Display a single stock out bi(ongoing)</con:targetStep>
        <con:targetPath/>
        <con:upgraded>true</con:upgraded>
      </con:transfers>
    </con:config>
  </con:testStep>
  <con:testStep type="calltestcase" name="Display a single stock out bi(ongoing)" id="35749969-9b92-414e-9edd-0f5ee5a91668">
    <con:settings/>
    <con:config xsi:type="con:RunTestCaseStep" xmlns:xsi="http://www.w3.org/2001/XMLSchema-instance">
      <con:targetTestCase>b26c29e4-8386-4cb1-b869-b135718eede8</con:targetTestCase>
      <con:properties>
        <con:property>
          <con:name>req_biId</con:name>
          <con:value>10291</con:value>
        </con:property>
        <con:property>
          <con:name>res_code</con:name>
          <con:value>200</con:value>
        </con:property>
        <con:property>
          <con:name>res_mainState</con:name>
          <con:value>Ongoing</con:value>
        </con:property>
        <con:property>
          <con:name>res_state</con:name>
          <con:value>Approval</con:value>
        </con:property>
        <con:property>
          <con:name>res_errorMessage</con:name>
          <con:value xsi:nil="true"/>
        </con:property>
        <con:property>
          <con:name>res_tag1TransactionId</con:name>
        </con:property>
        <con:property>
          <con:name>res_tag2CorrelationId</con:name>
        </con:property>
      </con:properties>
      <con:returnProperties>
        <con:entry>res_code</con:entry>
        <con:entry>res_mainState</con:entry>
        <con:entry>res_state</con:entry>
        <con:entry>res_errorMessage</con:entry>
      </con:returnProperties>
      <con:runMode>PARALLELL</con:runMode>
    </con:config>
  </con:testStep>
  <con:testStep type="assertionteststep" name="Assertion for displaying a single stock out bi(ongoing)" id="130fc840-0108-45da-ae8c-349eae2f4e8c">
    <con:settings/>
    <con:config xsi:type="con:AssertionTestStep" xmlns:xsi="http://www.w3.org/2001/XMLSchema-instance">
      <con:entry>
        <con:id>fa769578-51f3-4d52-a96a-c0bf8cadc0bf</con:id>
        <con:isGroup>false</con:isGroup>
        <con:sourceId>35749969-9b92-414e-9edd-0f5ee5a91668</con:sourceId>
        <con:propertyName>res_mainState</con:propertyName>
        <con:assertion type="Simple Equals" name="main state ongoing" id="811da396-7ddd-4d42-b08f-87a076f30295">
          <con:configuration>
            <patternObjectId>a861a9ce-183e-40e6-80b3-6fa7bf5a66ec</patternObjectId>
            <patternProperty>mainStateOngoing</patternProperty>
            <caseSensitive>true</caseSensitive>
          </con:configuration>
        </con:assertion>
      </con:entry>
      <con:entry>
        <con:id>f7f01fc5-f718-4f44-97dc-ccb479a82808</con:id>
        <con:isGroup>false</con:isGroup>
        <con:sourceId>35749969-9b92-414e-9edd-0f5ee5a91668</con:sourceId>
        <con:propertyName>res_state</con:propertyName>
        <con:assertion type="Simple Equals" name="stateApproval" id="7e8da453-4d83-448a-bd7b-c282d55f3157">
          <con:configuration>
            <patternObjectId>a861a9ce-183e-40e6-80b3-6fa7bf5a66ec</patternObjectId>
            <patternProperty>stateApproval</patternProperty>
            <caseSensitive>true</caseSensitive>
          </con:configuration>
        </con:assertion>
      </con:entry>
      <con:entry>
        <con:id>c8379736-40d0-4eee-a634-2d61ce059dd4</con:id>
        <con:isGroup>false</con:isGroup>
        <con:sourceId>35749969-9b92-414e-9edd-0f5ee5a91668</con:sourceId>
        <con:propertyName>res_code</con:propertyName>
        <con:assertion type="Simple Equals" name="Equals" id="eb5b7544-a5ad-4cc1-a99d-d796a2070f82">
          <con:configuration>
            <patternObjectId>a861a9ce-183e-40e6-80b3-6fa7bf5a66ec</patternObjectId>
            <patternProperty>httpCode200</patternProperty>
            <caseSensitive>true</caseSensitive>
          </con:configuration>
        </con:assertion>
      </con:entry>
    </con:config>
  </con:testStep>
  <con:testStep type="transfer" name="P.T for displaying products after submit" id="d8de8135-00d0-4c95-80d6-a52919cee398">
    <con:settings/>
    <con:config xsi:type="con:PropertyTransfersStep" xmlns:xsi="http://www.w3.org/2001/XMLSchema-instance">
      <con:transfers setNullOnMissingSource="true" transferTextContent="true" failOnError="true" ignoreEmpty="false" transferToAll="false" entitize="false" transferChildNodes="false">
        <con:name>placeId</con:name>
        <con:sourceType>placeId</con:sourceType>
        <con:sourceStep>Given properties for the test case</con:sourceStep>
        <con:sourcePath/>
        <con:targetType>req_placeId</con:targetType>
        <con:targetStep>Display serialized product stock level after submit</con:targetStep>
        <con:targetPath/>
        <con:upgraded>true</con:upgraded>
      </con:transfers>
      <con:transfers setNullOnMissingSource="true" transferTextContent="true" failOnError="true" ignoreEmpty="false" transferToAll="false" entitize="false" transferChildNodes="false">
        <con:name>productSpecExtId</con:name>
        <con:sourceType>res_serializedProductSpecExtId</con:sourceType>
        <con:sourceStep>Create related products for stockout approval</con:sourceStep>
        <con:targetType>req_productSpecificationExternalId</con:targetType>
        <con:targetStep>Display serialized product stock level after submit</con:targetStep>
        <con:upgraded>true</con:upgraded>
      </con:transfers>
      <con:transfers setNullOnMissingSource="true" transferTextContent="true" failOnError="true" ignoreEmpty="false" transferToAll="false" entitize="false" transferChildNodes="false">
        <con:name>productId</con:name>
        <con:sourceType>res_new_product_id</con:sourceType>
        <con:sourceStep>Add stock out item for serialized product with approval</con:sourceStep>
        <con:targetType>req_productId</con:targetType>
        <con:targetStep>Display serialized product lock control after submit</con:targetStep>
        <con:upgraded>true</con:upgraded>
      </con:transfers>
      <con:transfers setNullOnMissingSource="true" transferTextContent="true" failOnError="true" disabled="false" entitize="false" ignoreEmpty="false" transferChildNodes="false" transferToAll="false" useXQuery="false">
        <con:name>placeId2</con:name>
        <con:sourceType>placeId</con:sourceType>
        <con:sourceStep>Given properties for the test case</con:sourceStep>
        <con:sourcePath/>
        <con:targetType>req_placeId</con:targetType>
        <con:targetStep>Display stock level for sim product after submit</con:targetStep>
        <con:targetPath/>
        <con:type>XPATH</con:type>
        <con:targetTransferType>XPATH</con:targetTransferType>
        <con:upgraded>true</con:upgraded>
      </con:transfers>
      <con:transfers setNullOnMissingSource="true" transferTextContent="true" failOnError="true" disabled="false" entitize="false" ignoreEmpty="false" transferChildNodes="false" transferToAll="false" useXQuery="false">
        <con:name>productSpecExtId2</con:name>
        <con:sourceType>res_simProductSpecExtId</con:sourceType>
        <con:sourceStep>Create related products for stockout approval</con:sourceStep>
        <con:sourcePath xsi:nil="true"/>
        <con:targetType>req_productSpecificationExternalId</con:targetType>
        <con:targetStep>Display stock level for sim product after submit</con:targetStep>
        <con:targetPath xsi:nil="true"/>
        <con:type>XPATH</con:type>
        <con:targetTransferType>XPATH</con:targetTransferType>
        <con:upgraded>true</con:upgraded>
      </con:transfers>
      <con:transfers setNullOnMissingSource="true" transferTextContent="true" failOnError="true" disabled="false" entitize="false" ignoreEmpty="false" transferChildNodes="false" transferToAll="false" useXQuery="false">
        <con:name>productIdSim</con:name>
        <con:sourceType>res_simProductId</con:sourceType>
        <con:sourceStep>Create related products for stockout approval</con:sourceStep>
        <con:sourcePath xsi:nil="true"/>
        <con:targetType>req_productId</con:targetType>
        <con:targetStep>Display sim product lock control after submit</con:targetStep>
        <con:targetPath xsi:nil="true"/>
        <con:type>XPATH</con:type>
        <con:targetTransferType>XPATH</con:targetTransferType>
        <con:upgraded>true</con:upgraded>
      </con:transfers>
    </con:config>
  </con:testStep>
  <con:testStep type="calltestcase" name="Display serialized product stock level after submit" id="1dc75be0-ed38-439b-a5ce-c56feca53205">
    <con:settings/>
    <con:config xsi:type="con:RunTestCaseStep" xmlns:xsi="http://www.w3.org/2001/XMLSchema-instance">
      <con:targetTestCase>ae70f14b-9b62-4330-9f1f-32535bcddc8b</con:targetTestCase>
      <con:properties>
        <con:property>
          <con:name>req_placeId</con:name>
          <con:value>128</con:value>
        </con:property>
        <con:property>
          <con:name>req_productSpecCode</con:name>
        </con:property>
        <con:property>
          <con:name>req_productSpecArticle</con:name>
        </con:property>
        <con:property>
          <con:name>req_productStatus</con:name>
        </con:property>
        <con:property>
          <con:name>req_includeLocked</con:name>
        </con:property>
        <con:property>
          <con:name>req_productSpecificationExternalId</con:name>
          <con:value>EXT-IPHONE6S-d8ce8b4c-95cd-4167-a68e-f782b4d26225</con:value>
        </con:property>
        <con:property>
          <con:name>res_placeId</con:name>
        </con:property>
        <con:property>
          <con:name>res_productSpecificationId</con:name>
        </con:property>
        <con:property>
          <con:name>res_productSpecificationExternalId</con:name>
        </con:property>
        <con:property>
          <con:name>res_quantity</con:name>
          <con:value>0</con:value>
        </con:property>
        <con:property>
          <con:name>res_salesOrganizationId</con:name>
        </con:property>
        <con:property>
          <con:name>res_totalQuantity</con:name>
          <con:value>1</con:value>
        </con:property>
        <con:property>
          <con:name>res_reservedQuantity</con:name>
          <con:value>1</con:value>
        </con:property>
        <con:property>
          <con:name>req_productId</con:name>
        </con:property>
        <con:property>
          <con:name>res_code</con:name>
        </con:property>
        <con:property>
          <con:name>req_productSerialNumber</con:name>
        </con:property>
        <con:property>
          <con:name>req_productSerialText</con:name>
        </con:property>
        <con:property>
          <con:name>req_productSpecificationId</con:name>
        </con:property>
        <con:property>
          <con:name>req_parentSerialNumberText</con:name>
        </con:property>
        <con:property>
          <con:name>req_batchId</con:name>
        </con:property>
        <con:property>
          <con:name>req_country</con:name>
        </con:property>
        <con:property>
          <con:name>req_state</con:name>
        </con:property>
        <con:property>
          <con:name>req_city</con:name>
        </con:property>
        <con:property>
          <con:name>req_regionId</con:name>
        </con:property>
        <con:property>
          <con:name>res_fullResponse</con:name>
        </con:property>
        <con:property>
          <con:name>res_errorMessage</con:name>
        </con:property>
      </con:properties>
      <con:returnProperties>
        <con:entry>res_quantity</con:entry>
        <con:entry>res_totalQuantity</con:entry>
        <con:entry>res_reservedQuantity</con:entry>
      </con:returnProperties>
      <con:runMode>PARALLELL</con:runMode>
    </con:config>
  </con:testStep>
  <con:testStep type="calltestcase" name="Display serialized product lock control after submit" id="3a4cd84f-1fca-4aef-afc7-290ce84c497e">
    <con:settings/>
    <con:config xsi:type="con:RunTestCaseStep" xmlns:xsi="http://www.w3.org/2001/XMLSchema-instance">
      <con:targetTestCase>c7d747e6-eee4-476d-8ca9-22f385f301bd</con:targetTestCase>
      <con:properties>
        <con:property>
          <con:name>req_productId</con:name>
          <con:value>322</con:value>
        </con:property>
        <con:property>
          <con:name>res_quantity</con:name>
          <con:value>1</con:value>
        </con:property>
        <con:property>
          <con:name>res_startSerial</con:name>
          <con:value>25234065</con:value>
        </con:property>
        <con:property>
          <con:name>res_endSerial</con:name>
          <con:value>25234065</con:value>
        </con:property>
        <con:property>
          <con:name>res_status</con:name>
          <con:value>Sellable</con:value>
        </con:property>
        <con:property>
          <con:name>res_lockedByBiId</con:name>
          <con:value>10291</con:value>
        </con:property>
        <con:property>
          <con:name>res_lockedByItemId</con:name>
          <con:value>1884</con:value>
        </con:property>
        <con:property>
          <con:name>res_serialNumber</con:name>
          <con:value xsi:nil="true"/>
        </con:property>
        <con:property>
          <con:name>res_isPaired</con:name>
          <con:value>false</con:value>
        </con:property>
        <con:property>
          <con:name>res_code</con:name>
        </con:property>
        <con:property>
          <con:name>res_batchId</con:name>
        </con:property>
      </con:properties>
      <con:returnProperties>
        <con:entry>res_quantity</con:entry>
        <con:entry>res_startSerial</con:entry>
        <con:entry>res_endSerial</con:entry>
        <con:entry>res_status</con:entry>
        <con:entry>res_lockedByBiId</con:entry>
        <con:entry>res_lockedByItemId</con:entry>
        <con:entry>res_serialNumber</con:entry>
        <con:entry>res_isPaired</con:entry>
      </con:returnProperties>
      <con:runMode>PARALLELL</con:runMode>
    </con:config>
  </con:testStep>
  <con:testStep type="calltestcase" name="Display stock level for sim product after submit" id="e950e2bc-e425-467e-a129-ace2c99b6844">
    <con:settings/>
    <con:config xsi:type="con:RunTestCaseStep" xmlns:xsi="http://www.w3.org/2001/XMLSchema-instance">
      <con:targetTestCase>ae70f14b-9b62-4330-9f1f-32535bcddc8b</con:targetTestCase>
      <con:properties>
        <con:property>
          <con:name>req_placeId</con:name>
          <con:value>128</con:value>
        </con:property>
        <con:property>
          <con:name>req_productSpecCode</con:name>
        </con:property>
        <con:property>
          <con:name>req_productSpecArticle</con:name>
        </con:property>
        <con:property>
          <con:name>req_productStatus</con:name>
        </con:property>
        <con:property>
          <con:name>req_includeLocked</con:name>
        </con:property>
        <con:property>
          <con:name>req_productSpecificationExternalId</con:name>
          <con:value>EXT-SIM-93c58717-73d8-4a20-bdda-14946577cf4d</con:value>
        </con:property>
        <con:property>
          <con:name>res_placeId</con:name>
        </con:property>
        <con:property>
          <con:name>res_productSpecificationId</con:name>
        </con:property>
        <con:property>
          <con:name>res_productSpecificationExternalId</con:name>
        </con:property>
        <con:property>
          <con:name>res_quantity</con:name>
          <con:value>0</con:value>
        </con:property>
        <con:property>
          <con:name>res_salesOrganizationId</con:name>
        </con:property>
        <con:property>
          <con:name>res_totalQuantity</con:name>
          <con:value>1</con:value>
        </con:property>
        <con:property>
          <con:name>res_reservedQuantity</con:name>
          <con:value>1</con:value>
        </con:property>
        <con:property>
          <con:name>req_productId</con:name>
        </con:property>
        <con:property>
          <con:name>res_code</con:name>
        </con:property>
        <con:property>
          <con:name>req_productSerialNumber</con:name>
        </con:property>
        <con:property>
          <con:name>req_productSerialText</con:name>
        </con:property>
        <con:property>
          <con:name>req_productSpecificationId</con:name>
        </con:property>
        <con:property>
          <con:name>req_parentSerialNumberText</con:name>
        </con:property>
        <con:property>
          <con:name>req_batchId</con:name>
        </con:property>
        <con:property>
          <con:name>req_country</con:name>
        </con:property>
        <con:property>
          <con:name>req_state</con:name>
        </con:property>
        <con:property>
          <con:name>req_city</con:name>
        </con:property>
        <con:property>
          <con:name>req_regionId</con:name>
        </con:property>
        <con:property>
          <con:name>res_fullResponse</con:name>
        </con:property>
        <con:property>
          <con:name>res_errorMessage</con:name>
        </con:property>
      </con:properties>
      <con:returnProperties>
        <con:entry>res_quantity</con:entry>
        <con:entry>res_totalQuantity</con:entry>
        <con:entry>res_reservedQuantity</con:entry>
      </con:returnProperties>
      <con:runMode>PARALLELL</con:runMode>
    </con:config>
  </con:testStep>
  <con:testStep type="calltestcase" name="Display sim product lock control after submit" id="beeb21c5-80d5-4cae-96b4-81cf91f873cd">
    <con:settings/>
    <con:config xsi:type="con:RunTestCaseStep" xmlns:xsi="http://www.w3.org/2001/XMLSchema-instance">
      <con:targetTestCase>c7d747e6-eee4-476d-8ca9-22f385f301bd</con:targetTestCase>
      <con:properties>
        <con:property>
          <con:name>req_productId</con:name>
          <con:value>323</con:value>
        </con:property>
        <con:property>
          <con:name>res_quantity</con:name>
          <con:value>1</con:value>
        </con:property>
        <con:property>
          <con:name>res_startSerial</con:name>
          <con:value>15230594</con:value>
        </con:property>
        <con:property>
          <con:name>res_endSerial</con:name>
          <con:value>15230594</con:value>
        </con:property>
        <con:property>
          <con:name>res_status</con:name>
          <con:value>Sellable</con:value>
        </con:property>
        <con:property>
          <con:name>res_lockedByBiId</con:name>
          <con:value>10291</con:value>
        </con:property>
        <con:property>
          <con:name>res_lockedByItemId</con:name>
          <con:value>1886</con:value>
        </con:property>
        <con:property>
          <con:name>res_serialNumber</con:name>
          <con:value xsi:nil="true"/>
        </con:property>
        <con:property>
          <con:name>res_isPaired</con:name>
          <con:value>false</con:value>
        </con:property>
        <con:property>
          <con:name>res_code</con:name>
        </con:property>
        <con:property>
          <con:name>res_batchId</con:name>
        </con:property>
      </con:properties>
      <con:returnProperties>
        <con:entry>res_quantity</con:entry>
        <con:entry>res_startSerial</con:entry>
        <con:entry>res_endSerial</con:entry>
        <con:entry>res_status</con:entry>
        <con:entry>res_lockedByBiId</con:entry>
        <con:entry>res_lockedByItemId</con:entry>
        <con:entry>res_serialNumber</con:entry>
        <con:entry>res_isPaired</con:entry>
      </con:returnProperties>
      <con:runMode>PARALLELL</con:runMode>
    </con:config>
  </con:testStep>
  <con:testStep type="assertionteststep" name="Assertion for displaying products after submit" id="2e17aa56-349c-4699-a35a-546b3e64b7a2">
    <con:settings/>
    <con:config xsi:type="con:AssertionTestStep" xmlns:xsi="http://www.w3.org/2001/XMLSchema-instance">
      <con:entry>
        <con:id>7ac65f0d-dcce-4028-b51f-662f2a9b69a6</con:id>
        <con:isGroup>false</con:isGroup>
        <con:sourceId>1dc75be0-ed38-439b-a5ce-c56feca53205</con:sourceId>
        <con:propertyName>res_totalQuantity</con:propertyName>
        <con:assertion type="Simple Equals" name="total quantity serialized" id="7b26220d-23d5-4de9-8ef3-71cf7334a1fd">
          <con:configuration>
            <patternObjectId>a861a9ce-183e-40e6-80b3-6fa7bf5a66ec</patternObjectId>
            <patternProperty>quantityOne</patternProperty>
            <caseSensitive>true</caseSensitive>
          </con:configuration>
        </con:assertion>
      </con:entry>
      <con:entry>
        <con:id>53aacd9d-9b56-46b9-8976-0b2558fb33cd</con:id>
        <con:isGroup>false</con:isGroup>
        <con:sourceId>1dc75be0-ed38-439b-a5ce-c56feca53205</con:sourceId>
        <con:propertyName>res_reservedQuantity</con:propertyName>
        <con:assertion type="Simple Equals" name="reserved quantity serialized" id="3485c9cf-24ef-454c-ba73-b92da53b189f">
          <con:configuration>
            <patternObjectId>a861a9ce-183e-40e6-80b3-6fa7bf5a66ec</patternObjectId>
            <patternProperty>quantityOne</patternProperty>
            <caseSensitive>true</caseSensitive>
          </con:configuration>
        </con:assertion>
      </con:entry>
      <con:entry>
        <con:id>ad83721e-80f0-4a11-9504-022083b5b110</con:id>
        <con:isGroup>false</con:isGroup>
        <con:sourceId>1dc75be0-ed38-439b-a5ce-c56feca53205</con:sourceId>
        <con:propertyName>res_quantity</con:propertyName>
        <con:assertion type="Simple Equals" name="available quantity serialized" id="82718525-5693-40f1-9486-2beeaeae25f8">
          <con:configuration>
            <patternObjectId>a861a9ce-183e-40e6-80b3-6fa7bf5a66ec</patternObjectId>
            <patternProperty>zero</patternProperty>
            <caseSensitive>true</caseSensitive>
          </con:configuration>
        </con:assertion>
      </con:entry>
      <con:entry>
        <con:id>c28b808b-a224-4968-a844-ebc1f9d9688b</con:id>
        <con:isGroup>false</con:isGroup>
        <con:sourceId>3a4cd84f-1fca-4aef-afc7-290ce84c497e</con:sourceId>
        <con:propertyName>res_lockedByBiId</con:propertyName>
        <con:assertion type="Simple Equals" name="bi id lock" id="4cb24c93-f213-4e95-8198-a354df27927b">
          <con:configuration>
            <patternObjectId>e5793f9e-25b6-462a-8f2a-ddf6df26531d</patternObjectId>
            <patternProperty>res_biId</patternProperty>
            <caseSensitive>true</caseSensitive>
          </con:configuration>
        </con:assertion>
      </con:entry>
      <con:entry>
        <con:id>b532f435-8feb-41ac-a93f-ec80a81d6082</con:id>
        <con:isGroup>false</con:isGroup>
        <con:sourceId>3a4cd84f-1fca-4aef-afc7-290ce84c497e</con:sourceId>
        <con:propertyName>res_lockedByItemId</con:propertyName>
        <con:assertion type="Simple Equals" name="bi itemlock" id="7d6604c6-78cf-4901-a407-591d78c614b8">
          <con:configuration>
            <patternObjectId>344093da-9e27-4dca-94d4-80e8bf8fa764</patternObjectId>
            <patternProperty>res_itemId</patternProperty>
            <caseSensitive>true</caseSensitive>
          </con:configuration>
        </con:assertion>
      </con:entry>
      <con:entry>
        <con:id>2fb623ca-d1f0-41ed-8626-de0cef645448</con:id>
        <con:isGroup>false</con:isGroup>
        <con:sourceId>e950e2bc-e425-467e-a129-ace2c99b6844</con:sourceId>
        <con:propertyName>res_totalQuantity</con:propertyName>
        <con:assertion type="Simple Equals" name="total quantity sim" id="bc206258-abf0-4a67-93e3-2c2cd6e78d54">
          <con:configuration>
            <patternObjectId>a861a9ce-183e-40e6-80b3-6fa7bf5a66ec</patternObjectId>
            <patternProperty>quantityOne</patternProperty>
            <caseSensitive>true</caseSensitive>
          </con:configuration>
        </con:assertion>
      </con:entry>
      <con:entry>
        <con:id>8e07c7ae-2749-4292-acbd-51f57b291d98</con:id>
        <con:isGroup>false</con:isGroup>
        <con:sourceId>e950e2bc-e425-467e-a129-ace2c99b6844</con:sourceId>
        <con:propertyName>res_reservedQuantity</con:propertyName>
        <con:assertion type="Simple Equals" name="reserved quantity sim" id="b846e363-4467-495e-9cd9-088081e60bf0">
          <con:configuration>
            <patternObjectId>a861a9ce-183e-40e6-80b3-6fa7bf5a66ec</patternObjectId>
            <patternProperty>quantityOne</patternProperty>
            <caseSensitive>true</caseSensitive>
          </con:configuration>
        </con:assertion>
      </con:entry>
      <con:entry>
        <con:id>600d88ff-b53b-4631-9e75-3c7057ed659e</con:id>
        <con:isGroup>false</con:isGroup>
        <con:sourceId>e950e2bc-e425-467e-a129-ace2c99b6844</con:sourceId>
        <con:propertyName>res_quantity</con:propertyName>
        <con:assertion type="Simple Equals" name="available quantity sim" id="7d0ae834-e6bc-4dfd-8885-f33ab6ea7d9c">
          <con:configuration>
            <patternObjectId>a861a9ce-183e-40e6-80b3-6fa7bf5a66ec</patternObjectId>
            <patternProperty>zero</patternProperty>
            <caseSensitive>true</caseSensitive>
          </con:configuration>
        </con:assertion>
      </con:entry>
    </con:config>
  </con:testStep>
  <con:testStep type="transfer" name="P.T for approving stock out bi" id="977b694e-0811-4d9d-9105-d287da5d4f24">
    <con:settings/>
    <con:config xsi:type="con:PropertyTransfersStep" xmlns:xsi="http://www.w3.org/2001/XMLSchema-instance">
      <con:transfers setNullOnMissingSource="true" transferTextContent="true" failOnError="true" ignoreEmpty="false" transferToAll="false" entitize="false" transferChildNodes="false">
        <con:name>biId</con:name>
        <con:sourceType>res_biId</con:sourceType>
        <con:sourceStep>Create stock out bi with approval</con:sourceStep>
        <con:sourcePath/>
        <con:targetType>req_biId</con:targetType>
        <con:targetStep>Approve stock out business interaction</con:targetStep>
        <con:targetPath/>
        <con:upgraded>true</con:upgraded>
      </con:transfers>
    </con:config>
  </con:testStep>
  <con:testStep type="calltestcase" name="Approve stock out business interaction" id="80e27711-f6d9-49ce-97c5-7361cb5e844e">
    <con:settings/>
    <con:config xsi:type="con:RunTestCaseStep" xmlns:xsi="http://www.w3.org/2001/XMLSchema-instance">
      <con:targetTestCase>3deee42c-82d2-4d85-abe4-c497182aa1f4</con:targetTestCase>
      <con:properties>
        <con:property>
          <con:name>req_biId</con:name>
          <con:value>10291</con:value>
        </con:property>
        <con:property>
          <con:name>res_code</con:name>
          <con:value>200</con:value>
        </con:property>
        <con:property>
          <con:name>res_errorMessage</con:name>
          <con:value xsi:nil="true"/>
        </con:property>
      </con:properties>
      <con:returnProperties>
        <con:entry>res_code</con:entry>
        <con:entry>res_errorMessage</con:entry>
      </con:returnProperties>
      <con:runMode>PARALLELL</con:runMode>
    </con:config>
  </con:testStep>
  <con:testStep type="assertionteststep" name="Assertion for approving stock out bi" id="721fd528-62b3-4eb1-8075-d54faa3efc28">
    <con:settings/>
    <con:config xsi:type="con:AssertionTestStep" xmlns:xsi="http://www.w3.org/2001/XMLSchema-instance">
      <con:entry>
        <con:id>b40bc149-4908-49c3-8939-2c2b04699e72</con:id>
        <con:isGroup>false</con:isGroup>
        <con:sourceId>80e27711-f6d9-49ce-97c5-7361cb5e844e</con:sourceId>
        <con:propertyName>res_code</con:propertyName>
        <con:assertion type="Simple Equals" name="Equals" id="d3038d6c-cc61-4392-b795-d0312a0d9a22">
          <con:configuration>
            <patternObjectId>a861a9ce-183e-40e6-80b3-6fa7bf5a66ec</patternObjectId>
            <patternProperty>httpCode200</patternProperty>
            <caseSensitive>true</caseSensitive>
          </con:configuration>
        </con:assertion>
      </con:entry>
    </con:config>
  </con:testStep>
  <con:testStep type="transfer" name="P.T for displaying a single stock out bi after approve" id="dfaafd6e-771b-4497-98e1-ddd4a1a40139">
    <con:settings/>
    <con:config xsi:type="con:PropertyTransfersStep" xmlns:xsi="http://www.w3.org/2001/XMLSchema-instance">
      <con:transfers setNullOnMissingSource="true" transferTextContent="true" failOnError="true" ignoreEmpty="false" transferToAll="false" entitize="false" transferChildNodes="false">
        <con:name>biId</con:name>
        <con:sourceType>res_biId</con:sourceType>
        <con:sourceStep>Create stock out bi with approval</con:sourceStep>
        <con:sourcePath/>
        <con:targetType>req_biId</con:targetType>
        <con:targetStep>Display a single stock out bi after approve</con:targetStep>
        <con:targetPath/>
        <con:upgraded>true</con:upgraded>
      </con:transfers>
    </con:config>
  </con:testStep>
  <con:testStep type="calltestcase" name="Display a single stock out bi after approve" id="4219b00e-751e-4dde-9b1c-620fe2599e09">
    <con:settings/>
    <con:config xsi:type="con:RunTestCaseStep" xmlns:xsi="http://www.w3.org/2001/XMLSchema-instance">
      <con:targetTestCase>b26c29e4-8386-4cb1-b869-b135718eede8</con:targetTestCase>
      <con:properties>
        <con:property>
          <con:name>req_biId</con:name>
          <con:value>10291</con:value>
        </con:property>
        <con:property>
          <con:name>res_code</con:name>
          <con:value>200</con:value>
        </con:property>
        <con:property>
          <con:name>res_mainState</con:name>
          <con:value>Closed</con:value>
        </con:property>
        <con:property>
          <con:name>res_state</con:name>
          <con:value>Closed</con:value>
        </con:property>
        <con:property>
          <con:name>res_errorMessage</con:name>
          <con:value xsi:nil="true"/>
        </con:property>
        <con:property>
          <con:name>res_tag1TransactionId</con:name>
        </con:property>
        <con:property>
          <con:name>res_tag2CorrelationId</con:name>
        </con:property>
      </con:properties>
      <con:returnProperties>
        <con:entry>res_code</con:entry>
        <con:entry>res_mainState</con:entry>
        <con:entry>res_state</con:entry>
        <con:entry>res_errorMessage</con:entry>
      </con:returnProperties>
      <con:runMode>PARALLELL</con:runMode>
    </con:config>
  </con:testStep>
  <con:testStep type="assertionteststep" name="Assertion for displaying a single stock out bi after approve" id="59f16c61-1150-43ea-9d9c-09ad40b04a29">
    <con:settings/>
    <con:config xsi:type="con:AssertionTestStep" xmlns:xsi="http://www.w3.org/2001/XMLSchema-instance">
      <con:entry>
        <con:id>2acdad1b-1948-4d9b-89cf-d34fe2e662c2</con:id>
        <con:isGroup>false</con:isGroup>
        <con:sourceId>4219b00e-751e-4dde-9b1c-620fe2599e09</con:sourceId>
        <con:propertyName>res_code</con:propertyName>
        <con:assertion type="Simple Equals" name="Equals" id="7b81aa63-71f8-40de-9ca4-74a135bbe587">
          <con:configuration>
            <patternObjectId>a861a9ce-183e-40e6-80b3-6fa7bf5a66ec</patternObjectId>
            <patternProperty>httpCode200</patternProperty>
            <caseSensitive>true</caseSensitive>
          </con:configuration>
        </con:assertion>
      </con:entry>
      <con:entry>
        <con:id>c344ea99-aa72-4430-ad44-47bd92fb3d5d</con:id>
        <con:isGroup>false</con:isGroup>
        <con:sourceId>4219b00e-751e-4dde-9b1c-620fe2599e09</con:sourceId>
        <con:propertyName>res_mainState</con:propertyName>
        <con:assertion type="Simple Equals" name="main state closed" id="882a3387-811c-4081-b0fe-db408806e5c1">
          <con:configuration>
            <patternObjectId>a861a9ce-183e-40e6-80b3-6fa7bf5a66ec</patternObjectId>
            <patternProperty>mainStateClosed</patternProperty>
            <caseSensitive>true</caseSensitive>
          </con:configuration>
        </con:assertion>
      </con:entry>
      <con:entry>
        <con:id>70a194c6-9149-431d-9794-cc007c2ca830</con:id>
        <con:isGroup>false</con:isGroup>
        <con:sourceId>4219b00e-751e-4dde-9b1c-620fe2599e09</con:sourceId>
        <con:propertyName>res_state</con:propertyName>
        <con:assertion type="Simple Equals" name="state closed" id="f7ec0e42-d0b6-4bfd-a4f4-83c9e751de46">
          <con:configuration>
            <patternObjectId>a861a9ce-183e-40e6-80b3-6fa7bf5a66ec</patternObjectId>
            <patternProperty>stateClosed</patternProperty>
            <caseSensitive>true</caseSensitive>
          </con:configuration>
        </con:assertion>
      </con:entry>
    </con:config>
  </con:testStep>
  <con:testStep type="transfer" name="P.T for displaying products after approve" id="b073f46f-1951-41fd-9171-547203a86365">
    <con:settings/>
    <con:config xsi:type="con:PropertyTransfersStep" xmlns:xsi="http://www.w3.org/2001/XMLSchema-instance">
      <con:transfers setNullOnMissingSource="true" transferTextContent="true" failOnError="true" ignoreEmpty="false" transferToAll="false" entitize="false" transferChildNodes="false">
        <con:name>placeId</con:name>
        <con:sourceType>placeId</con:sourceType>
        <con:sourceStep>Given properties for the test case</con:sourceStep>
        <con:sourcePath/>
        <con:targetType>req_placeId</con:targetType>
        <con:targetStep>Display serialized product stock level after approve</con:targetStep>
        <con:targetPath/>
        <con:upgraded>true</con:upgraded>
      </con:transfers>
      <con:transfers setNullOnMissingSource="true" transferTextContent="true" failOnError="true" ignoreEmpty="false" transferToAll="false" entitize="false" transferChildNodes="false">
        <con:name>productSpecExtId</con:name>
        <con:sourceType>res_serializedProductSpecExtId</con:sourceType>
        <con:sourceStep>Create related products for stockout approval</con:sourceStep>
        <con:targetType>req_productSpecificationExternalId</con:targetType>
        <con:targetStep>Display serialized product stock level after approve</con:targetStep>
        <con:upgraded>true</con:upgraded>
      </con:transfers>
      <con:transfers setNullOnMissingSource="true" transferTextContent="true" failOnError="true" ignoreEmpty="false" transferToAll="false" entitize="false" transferChildNodes="false">
        <con:name>productId</con:name>
        <con:sourceType>res_new_product_id</con:sourceType>
        <con:sourceStep>Add stock out item for serialized product with approval</con:sourceStep>
        <con:targetType>req_productId</con:targetType>
        <con:targetStep>Display serialized product lock control after approve</con:targetStep>
        <con:upgraded>true</con:upgraded>
      </con:transfers>
      <con:transfers setNullOnMissingSource="true" transferTextContent="true" failOnError="true" disabled="false" entitize="false" ignoreEmpty="false" transferChildNodes="false" transferToAll="false" useXQuery="false">
        <con:name>placeId2</con:name>
        <con:sourceType>placeId</con:sourceType>
        <con:sourceStep>Given properties for the test case</con:sourceStep>
        <con:sourcePath/>
        <con:targetType>req_placeId</con:targetType>
        <con:targetStep>Display stock level for sim product after approve</con:targetStep>
        <con:targetPath/>
        <con:type>XPATH</con:type>
        <con:targetTransferType>XPATH</con:targetTransferType>
        <con:upgraded>true</con:upgraded>
      </con:transfers>
      <con:transfers setNullOnMissingSource="true" transferTextContent="true" failOnError="true" disabled="false" entitize="false" ignoreEmpty="false" transferChildNodes="false" transferToAll="false" useXQuery="false">
        <con:name>productSpecExtId2</con:name>
        <con:sourceType>res_simProductSpecExtId</con:sourceType>
        <con:sourceStep>Create related products for stockout approval</con:sourceStep>
        <con:sourcePath xsi:nil="true"/>
        <con:targetType>req_productSpecificationExternalId</con:targetType>
        <con:targetStep>Display stock level for sim product after approve</con:targetStep>
        <con:targetPath xsi:nil="true"/>
        <con:type>XPATH</con:type>
        <con:targetTransferType>XPATH</con:targetTransferType>
        <con:upgraded>true</con:upgraded>
      </con:transfers>
      <con:transfers setNullOnMissingSource="true" transferTextContent="true" failOnError="true" disabled="false" entitize="false" ignoreEmpty="false" transferChildNodes="false" transferToAll="false" useXQuery="false">
        <con:name>productIdSim</con:name>
        <con:sourceType>res_simProductId</con:sourceType>
        <con:sourceStep>Create related products for stockout approval</con:sourceStep>
        <con:sourcePath xsi:nil="true"/>
        <con:targetType>req_productId</con:targetType>
        <con:targetStep>Display sim product lock control after approve</con:targetStep>
        <con:targetPath xsi:nil="true"/>
        <con:type>XPATH</con:type>
        <con:targetTransferType>XPATH</con:targetTransferType>
        <con:upgraded>true</con:upgraded>
      </con:transfers>
    </con:config>
  </con:testStep>
  <con:testStep type="calltestcase" name="Display serialized product stock level after approve" id="594cca2f-6628-4f50-9cfd-751337e19bb6">
    <con:settings/>
    <con:config xsi:type="con:RunTestCaseStep" xmlns:xsi="http://www.w3.org/2001/XMLSchema-instance">
      <con:targetTestCase>ae70f14b-9b62-4330-9f1f-32535bcddc8b</con:targetTestCase>
      <con:properties>
        <con:property>
          <con:name>req_placeId</con:name>
          <con:value>128</con:value>
        </con:property>
        <con:property>
          <con:name>req_productSpecCode</con:name>
        </con:property>
        <con:property>
          <con:name>req_productSpecArticle</con:name>
        </con:property>
        <con:property>
          <con:name>req_productStatus</con:name>
        </con:property>
        <con:property>
          <con:name>req_includeLocked</con:name>
        </con:property>
        <con:property>
          <con:name>req_productSpecificationExternalId</con:name>
          <con:value>EXT-IPHONE6S-d8ce8b4c-95cd-4167-a68e-f782b4d26225</con:value>
        </con:property>
        <con:property>
          <con:name>res_placeId</con:name>
        </con:property>
        <con:property>
          <con:name>res_productSpecificationId</con:name>
        </con:property>
        <con:property>
          <con:name>res_productSpecificationExternalId</con:name>
        </con:property>
        <con:property>
          <con:name>res_quantity</con:name>
          <con:value>0</con:value>
        </con:property>
        <con:property>
          <con:name>res_salesOrganizationId</con:name>
        </con:property>
        <con:property>
          <con:name>res_totalQuantity</con:name>
          <con:value>0</con:value>
        </con:property>
        <con:property>
          <con:name>res_reservedQuantity</con:name>
          <con:value>0</con:value>
        </con:property>
        <con:property>
          <con:name>req_productId</con:name>
        </con:property>
        <con:property>
          <con:name>res_code</con:name>
          <con:value>200</con:value>
        </con:property>
        <con:property>
          <con:name>req_productSerialNumber</con:name>
        </con:property>
        <con:property>
          <con:name>req_productSerialText</con:name>
        </con:property>
        <con:property>
          <con:name>req_productSpecificationId</con:name>
        </con:property>
        <con:property>
          <con:name>req_parentSerialNumberText</con:name>
        </con:property>
        <con:property>
          <con:name>req_batchId</con:name>
        </con:property>
        <con:property>
          <con:name>req_country</con:name>
        </con:property>
        <con:property>
          <con:name>req_state</con:name>
        </con:property>
        <con:property>
          <con:name>req_city</con:name>
        </con:property>
        <con:property>
          <con:name>req_regionId</con:name>
        </con:property>
        <con:property>
          <con:name>res_fullResponse</con:name>
          <con:value>[{"placeId":"128","productSpecificationId":"632","productSpecificationName":"IPHONE6S","productStatus":1,"productSpecificationExternalId":"EXT-IPHONE6S-d8ce8b4c-95cd-4167-a68e-f782b4d26225","quantity":0,"totalQuantity":0,"reservedQuantity":0,"salesOrganizationId":"251","characteristicValueUses":[{"characteristic":{"externalId":"Memory-CharExtId-92561c17-3144-4c6b-b978-feb3c2ae8426","name":"Memory","description":"Memory","id":"932"},"characteristicValue":{"externalId":"Memory-CharValueExtId-a8f91975-de4b-45f4-a1a9-a1da4e37e16c","value":"32MB","id":"818"}},{"characteristic":{"externalId":"Screen-CharExtId-e1f19194-f4a1-464b-b541-1e3a5eb38e9e","name":"Screen","description":"Screen","id":"933"},"characteristicValue":{"externalId":"Screen-CharValueExtId-3d517d41-b5d8-4397-a8c7-379bc3f8129c","value":"4.7","id":"819"}},{"characteristic":{"externalId":"Processor-CharExtId-5b037b29-6fdc-4614-bf01-6edb7e9856ed","name":"Processor","description":"Processor","id":"934"},"characteristicValue":{"externalId":"Processor-CharValueExtId-1ad657ab-d4bd-4e44-a33c-c639e97f85be","value":"A8","id":"820"}}]}]</con:value>
        </con:property>
        <con:property>
          <con:name>res_errorMessage</con:name>
        </con:property>
      </con:properties>
      <con:returnProperties>
        <con:entry>res_quantity</con:entry>
        <con:entry>res_totalQuantity</con:entry>
        <con:entry>res_reservedQuantity</con:entry>
        <con:entry>res_code</con:entry>
        <con:entry>res_fullResponse</con:entry>
      </con:returnProperties>
      <con:runMode>PARALLELL</con:runMode>
    </con:config>
  </con:testStep>
  <con:testStep type="calltestcase" name="Display serialized product lock control after approve" id="dbc85f91-a482-4058-aba7-08e3a9a4c150">
    <con:settings/>
    <con:config xsi:type="con:RunTestCaseStep" xmlns:xsi="http://www.w3.org/2001/XMLSchema-instance">
      <con:targetTestCase>c7d747e6-eee4-476d-8ca9-22f385f301bd</con:targetTestCase>
      <con:properties>
        <con:property>
          <con:name>req_productId</con:name>
          <con:value>322</con:value>
        </con:property>
        <con:property>
          <con:name>res_quantity</con:name>
          <con:value>1</con:value>
        </con:property>
        <con:property>
          <con:name>res_startSerial</con:name>
          <con:value>25234065</con:value>
        </con:property>
        <con:property>
          <con:name>res_endSerial</con:name>
          <con:value>25234065</con:value>
        </con:property>
        <con:property>
          <con:name>res_status</con:name>
          <con:value>Sellable</con:value>
        </con:property>
        <con:property>
          <con:name>res_lockedByBiId</con:name>
          <con:value xsi:nil="true"/>
        </con:property>
        <con:property>
          <con:name>res_lockedByItemId</con:name>
          <con:value xsi:nil="true"/>
        </con:property>
        <con:property>
          <con:name>res_serialNumber</con:name>
          <con:value xsi:nil="true"/>
        </con:property>
        <con:property>
          <con:name>res_isPaired</con:name>
          <con:value>false</con:value>
        </con:property>
        <con:property>
          <con:name>res_code</con:name>
          <con:value>200</con:value>
        </con:property>
        <con:property>
          <con:name>res_batchId</con:name>
        </con:property>
      </con:properties>
      <con:returnProperties>
        <con:entry>res_quantity</con:entry>
        <con:entry>res_startSerial</con:entry>
        <con:entry>res_endSerial</con:entry>
        <con:entry>res_status</con:entry>
        <con:entry>res_lockedByBiId</con:entry>
        <con:entry>res_lockedByItemId</con:entry>
        <con:entry>res_serialNumber</con:entry>
        <con:entry>res_isPaired</con:entry>
        <con:entry>res_code</con:entry>
      </con:returnProperties>
      <con:runMode>PARALLELL</con:runMode>
    </con:config>
  </con:testStep>
  <con:testStep type="calltestcase" name="Display stock level for sim product after approve" id="57e3fa90-6665-49df-a831-cb23212c1e8a">
    <con:settings/>
    <con:config xsi:type="con:RunTestCaseStep" xmlns:xsi="http://www.w3.org/2001/XMLSchema-instance">
      <con:targetTestCase>ae70f14b-9b62-4330-9f1f-32535bcddc8b</con:targetTestCase>
      <con:properties>
        <con:property>
          <con:name>req_placeId</con:name>
          <con:value>128</con:value>
        </con:property>
        <con:property>
          <con:name>req_productSpecCode</con:name>
        </con:property>
        <con:property>
          <con:name>req_productSpecArticle</con:name>
        </con:property>
        <con:property>
          <con:name>req_productStatus</con:name>
        </con:property>
        <con:property>
          <con:name>req_includeLocked</con:name>
        </con:property>
        <con:property>
          <con:name>req_productSpecificationExternalId</con:name>
          <con:value>EXT-SIM-93c58717-73d8-4a20-bdda-14946577cf4d</con:value>
        </con:property>
        <con:property>
          <con:name>res_placeId</con:name>
        </con:property>
        <con:property>
          <con:name>res_productSpecificationId</con:name>
        </con:property>
        <con:property>
          <con:name>res_productSpecificationExternalId</con:name>
        </con:property>
        <con:property>
          <con:name>res_quantity</con:name>
          <con:value>0</con:value>
        </con:property>
        <con:property>
          <con:name>res_salesOrganizationId</con:name>
        </con:property>
        <con:property>
          <con:name>res_totalQuantity</con:name>
          <con:value>0</con:value>
        </con:property>
        <con:property>
          <con:name>res_reservedQuantity</con:name>
          <con:value>0</con:value>
        </con:property>
        <con:property>
          <con:name>req_productId</con:name>
        </con:property>
        <con:property>
          <con:name>res_code</con:name>
          <con:value>200</con:value>
        </con:property>
        <con:property>
          <con:name>req_productSerialNumber</con:name>
        </con:property>
        <con:property>
          <con:name>req_productSerialText</con:name>
        </con:property>
        <con:property>
          <con:name>req_productSpecificationId</con:name>
        </con:property>
        <con:property>
          <con:name>req_parentSerialNumberText</con:name>
        </con:property>
        <con:property>
          <con:name>req_batchId</con:name>
        </con:property>
        <con:property>
          <con:name>req_country</con:name>
        </con:property>
        <con:property>
          <con:name>req_state</con:name>
        </con:property>
        <con:property>
          <con:name>req_city</con:name>
        </con:property>
        <con:property>
          <con:name>req_regionId</con:name>
        </con:property>
        <con:property>
          <con:name>res_fullResponse</con:name>
          <con:value>[{"placeId":"128","productSpecificationId":"633","productSpecificationName":"SIM","productStatus":1,"productSpecificationExternalId":"EXT-SIM-93c58717-73d8-4a20-bdda-14946577cf4d","quantity":0,"totalQuantity":0,"reservedQuantity":0,"salesOrganizationId":"251","characteristicValueUses":[{"characteristic":{"externalId":"SIM-Memory-CharExtId-35d9b1aa-f9b3-4a97-8ddd-98d2f995d73c","name":"SIM-Memory","description":"SIM-Memory","id":"935"},"characteristicValue":{"externalId":"SIM-Memory-CharValueExtId-5cc0801b-b670-4c06-96b7-c8802193aa69","value":"32MB","id":"821"}}]}]</con:value>
        </con:property>
        <con:property>
          <con:name>res_errorMessage</con:name>
        </con:property>
      </con:properties>
      <con:returnProperties>
        <con:entry>res_quantity</con:entry>
        <con:entry>res_totalQuantity</con:entry>
        <con:entry>res_reservedQuantity</con:entry>
        <con:entry>res_code</con:entry>
        <con:entry>res_fullResponse</con:entry>
      </con:returnProperties>
      <con:runMode>PARALLELL</con:runMode>
    </con:config>
  </con:testStep>
  <con:testStep type="calltestcase" name="Display sim product lock control after approve" id="a2f79c3b-2731-4f43-923c-0b8de5433574">
    <con:settings/>
    <con:config xsi:type="con:RunTestCaseStep" xmlns:xsi="http://www.w3.org/2001/XMLSchema-instance">
      <con:targetTestCase>c7d747e6-eee4-476d-8ca9-22f385f301bd</con:targetTestCase>
      <con:properties>
        <con:property>
          <con:name>req_productId</con:name>
          <con:value>323</con:value>
        </con:property>
        <con:property>
          <con:name>res_quantity</con:name>
          <con:value>1</con:value>
        </con:property>
        <con:property>
          <con:name>res_startSerial</con:name>
          <con:value>15230594</con:value>
        </con:property>
        <con:property>
          <con:name>res_endSerial</con:name>
          <con:value>15230594</con:value>
        </con:property>
        <con:property>
          <con:name>res_status</con:name>
          <con:value>Sellable</con:value>
        </con:property>
        <con:property>
          <con:name>res_lockedByBiId</con:name>
          <con:value xsi:nil="true"/>
        </con:property>
        <con:property>
          <con:name>res_lockedByItemId</con:name>
          <con:value xsi:nil="true"/>
        </con:property>
        <con:property>
          <con:name>res_serialNumber</con:name>
          <con:value xsi:nil="true"/>
        </con:property>
        <con:property>
          <con:name>res_isPaired</con:name>
          <con:value>false</con:value>
        </con:property>
        <con:property>
          <con:name>res_code</con:name>
          <con:value>200</con:value>
        </con:property>
        <con:property>
          <con:name>res_batchId</con:name>
        </con:property>
      </con:properties>
      <con:returnProperties>
        <con:entry>res_quantity</con:entry>
        <con:entry>res_startSerial</con:entry>
        <con:entry>res_endSerial</con:entry>
        <con:entry>res_status</con:entry>
        <con:entry>res_lockedByBiId</con:entry>
        <con:entry>res_lockedByItemId</con:entry>
        <con:entry>res_serialNumber</con:entry>
        <con:entry>res_isPaired</con:entry>
        <con:entry>res_code</con:entry>
      </con:returnProperties>
      <con:runMode>PARALLELL</con:runMode>
    </con:config>
  </con:testStep>
  <con:testStep type="assertionteststep" name="Assertion for displaying products after approve" id="7cabd908-5b34-4628-9bd5-ce8d9eae57f6">
    <con:settings/>
    <con:config xsi:type="con:AssertionTestStep" xmlns:xsi="http://www.w3.org/2001/XMLSchema-instance">
      <con:entry>
        <con:id>bcbf254e-95b9-441f-a4db-fc9fab230239</con:id>
        <con:isGroup>false</con:isGroup>
        <con:sourceId>594cca2f-6628-4f50-9cfd-751337e19bb6</con:sourceId>
        <con:propertyName>res_code</con:propertyName>
        <con:assertion type="Simple Equals" name="res code serialized" id="1a3e7976-4682-4a89-bbb1-2e4b8c34e0b3">
          <con:configuration>
            <patternObjectId>a861a9ce-183e-40e6-80b3-6fa7bf5a66ec</patternObjectId>
            <patternProperty>httpCode200</patternProperty>
            <caseSensitive>true</caseSensitive>
          </con:configuration>
        </con:assertion>
      </con:entry>
      <con:entry>
        <con:id>1c01fe61-2193-4d1e-8c4b-440ea15c8c51</con:id>
        <con:isGroup>false</con:isGroup>
        <con:sourceId>dbc85f91-a482-4058-aba7-08e3a9a4c150</con:sourceId>
        <con:propertyName>res_lockedByBiId</con:propertyName>
        <con:assertion type="Simple Contains" name="bi lock" id="347077e8-c502-4b12-b905-1c877207c947">
          <con:configuration>
            <token>^\s*$</token>
            <ignoreCase>false</ignoreCase>
            <useRegEx>true</useRegEx>
          </con:configuration>
        </con:assertion>
      </con:entry>
      <con:entry>
        <con:id>3c20a452-ef55-427c-8b1e-99c037dfb139</con:id>
        <con:isGroup>false</con:isGroup>
        <con:sourceId>dbc85f91-a482-4058-aba7-08e3a9a4c150</con:sourceId>
        <con:propertyName>res_lockedByItemId</con:propertyName>
        <con:assertion type="Simple Contains" name="bi item lock" id="0eb46ccd-8e92-48d9-805c-209e368fa6c5">
          <con:configuration>
            <token>^\s*$</token>
            <ignoreCase>false</ignoreCase>
            <useRegEx>true</useRegEx>
          </con:configuration>
        </con:assertion>
      </con:entry>
      <con:entry>
        <con:id>040817ad-d413-41cf-a849-87c8a46a11ac</con:id>
        <con:isGroup>false</con:isGroup>
        <con:sourceId>57e3fa90-6665-49df-a831-cb23212c1e8a</con:sourceId>
        <con:propertyName>res_code</con:propertyName>
        <con:assertion type="Simple Equals" name="res code sim" id="209ad043-669d-4bad-aaf3-e4eef5567e17">
          <con:configuration>
            <patternObjectId>a861a9ce-183e-40e6-80b3-6fa7bf5a66ec</patternObjectId>
            <patternProperty>httpCode200</patternProperty>
            <caseSensitive>true</caseSensitive>
          </con:configuration>
        </con:assertion>
      </con:entry>
      <con:entry>
        <con:id>f9da4ee6-3e28-431b-acc9-bddd72fe5bf1</con:id>
        <con:isGroup>false</con:isGroup>
        <con:sourceId>a2f79c3b-2731-4f43-923c-0b8de5433574</con:sourceId>
        <con:propertyName>res_lockedByBiId</con:propertyName>
        <con:assertion type="Simple Contains" name="bi lock2" id="cdfdb234-4568-457a-94b1-11c70ebb3b44">
          <con:configuration>
            <token>^\s*$</token>
            <ignoreCase>false</ignoreCase>
            <useRegEx>true</useRegEx>
          </con:configuration>
        </con:assertion>
      </con:entry>
      <con:entry>
        <con:id>11072e69-543c-4093-b913-5b9041e53bbd</con:id>
        <con:isGroup>false</con:isGroup>
        <con:sourceId>a2f79c3b-2731-4f43-923c-0b8de5433574</con:sourceId>
        <con:propertyName>res_lockedByItemId</con:propertyName>
        <con:assertion type="Simple Contains" name="bi item lock2" id="c7e53247-9724-426b-be03-e021be23956e">
          <con:configuration>
            <token>^\s*$</token>
            <ignoreCase>false</ignoreCase>
            <useRegEx>true</useRegEx>
          </con:configuration>
        </con:assertion>
      </con:entry>
      <con:entry>
        <con:id>41628555-b301-43cb-a029-209e0123453e</con:id>
        <con:isGroup>false</con:isGroup>
        <con:sourceId>57e3fa90-6665-49df-a831-cb23212c1e8a</con:sourceId>
        <con:propertyName>res_quantity</con:propertyName>
        <con:assertion type="Simple Equals" name="Equals" id="49224157-502a-4769-b4eb-72c1b0f70087">
          <con:configuration>
            <patternText>0</patternText>
            <caseSensitive>true</caseSensitive>
          </con:configuration>
        </con:assertion>
      </con:entry>
      <con:entry>
        <con:id>b88c1384-ab6e-4f9f-876a-48cb56da6e35</con:id>
        <con:isGroup>false</con:isGroup>
        <con:sourceId>57e3fa90-6665-49df-a831-cb23212c1e8a</con:sourceId>
        <con:propertyName>res_totalQuantity</con:propertyName>
        <con:assertion type="Simple Equals" name="Equals 4" id="faf5df59-988a-4cf7-b708-077cee32148f">
          <con:configuration>
            <patternText>0</patternText>
            <caseSensitive>true</caseSensitive>
          </con:configuration>
        </con:assertion>
      </con:entry>
      <con:entry>
        <con:id>2a28733a-3939-42ee-9f70-e78d4e291957</con:id>
        <con:isGroup>false</con:isGroup>
        <con:sourceId>57e3fa90-6665-49df-a831-cb23212c1e8a</con:sourceId>
        <con:propertyName>res_reservedQuantity</con:propertyName>
        <con:assertion type="Simple Equals" name="Equals 5" id="3df5fd40-4e46-4652-b067-e69488bd451c">
          <con:configuration>
            <patternText>0</patternText>
            <caseSensitive>true</caseSensitive>
          </con:configuration>
        </con:assertion>
      </con:entry>
    </con:config>
  </con:testStep>
  <con:testStep type="transfer" name="P.T for getting current quantity in out of org place after approve" id="3dbefd5c-8a16-4b1b-b6b9-1af94f4876de">
    <con:settings/>
    <con:config xsi:type="con:PropertyTransfersStep" xmlns:xsi="http://www.w3.org/2001/XMLSchema-instance">
      <con:transfers setNullOnMissingSource="true" transferTextContent="true" failOnError="true" ignoreEmpty="false" transferToAll="false" entitize="false" transferChildNodes="false">
        <con:name>prodSpectExtIdSerialized</con:name>
        <con:sourceType>res_serializedProductSpecExtId</con:sourceType>
        <con:sourceStep>Create related products for stockout approval</con:sourceStep>
        <con:sourcePath/>
        <con:targetType>req_prodSpecExtId</con:targetType>
        <con:targetStep>Product query with out of org place for quantity of serialized pr after approve</con:targetStep>
        <con:targetPath/>
        <con:upgraded>true</con:upgraded>
      </con:transfers>
      <con:transfers setNullOnMissingSource="true" transferTextContent="true" failOnError="true" ignoreEmpty="false" transferToAll="false" entitize="false" transferChildNodes="false">
        <con:name>placeId</con:name>
        <con:sourceType>placeIdOutOfOrganization</con:sourceType>
        <con:sourceStep>Given properties for the test case</con:sourceStep>
        <con:targetType>req_placeId</con:targetType>
        <con:targetStep>Product query with out of org place for quantity of serialized pr after approve</con:targetStep>
        <con:upgraded>true</con:upgraded>
      </con:transfers>
      <con:transfers setNullOnMissingSource="true" transferTextContent="true" failOnError="true" disabled="false" entitize="false" ignoreEmpty="false" transferChildNodes="false" transferToAll="false" useXQuery="false">
        <con:name>prodSpectExtIdSim</con:name>
        <con:sourceType>res_simProductSpecExtId</con:sourceType>
        <con:sourceStep>Create related products for stockout approval</con:sourceStep>
        <con:sourcePath/>
        <con:targetType>req_prodSpecExtId</con:targetType>
        <con:targetStep>Product query with out of org place for quantity of sim pr after approve</con:targetStep>
        <con:targetPath/>
        <con:type>XPATH</con:type>
        <con:targetTransferType>XPATH</con:targetTransferType>
        <con:upgraded>true</con:upgraded>
      </con:transfers>
      <con:transfers setNullOnMissingSource="true" transferTextContent="true" failOnError="true" disabled="false" entitize="false" ignoreEmpty="false" transferChildNodes="false" transferToAll="false" useXQuery="false">
        <con:name>placeId2</con:name>
        <con:sourceType>placeIdOutOfOrganization</con:sourceType>
        <con:sourceStep>Given properties for the test case</con:sourceStep>
        <con:sourcePath xsi:nil="true"/>
        <con:targetType>req_placeId</con:targetType>
        <con:targetStep>Product query with out of org place for quantity of sim pr after approve</con:targetStep>
        <con:targetPath xsi:nil="true"/>
        <con:type>XPATH</con:type>
        <con:targetTransferType>XPATH</con:targetTransferType>
        <con:upgraded>true</con:upgraded>
      </con:transfers>
    </con:config>
  </con:testStep>
  <con:testStep type="calltestcase" name="Product query with out of org place for quantity of serialized pr after approve" id="7bbb02d8-2fed-40f5-b174-15f1bd900fec">
    <con:settings/>
    <con:config xsi:type="con:RunTestCaseStep" xmlns:xsi="http://www.w3.org/2001/XMLSchema-instance">
      <con:targetTestCase>f1b20aee-34be-45cc-8886-0209fb859459</con:targetTestCase>
      <con:properties>
        <con:property>
          <con:name>req_placeId</con:name>
          <con:value>1</con:value>
        </con:property>
        <con:property>
          <con:name>req_prodSpecExtId</con:name>
          <con:value>EXT-IPHONE6S-d8ce8b4c-95cd-4167-a68e-f782b4d26225</con:value>
        </con:property>
        <con:property>
          <con:name>req_prodSpecCode</con:name>
        </con:property>
        <con:property>
          <con:name>res_productId</con:name>
          <con:value>322</con:value>
        </con:property>
        <con:property>
          <con:name>res_quantityOutOfOrg</con:name>
          <con:value>1</con:value>
        </con:property>
        <con:property>
          <con:name>res_headerCode</con:name>
          <con:value>200</con:value>
        </con:property>
        <con:property>
          <con:name>req_productStatus</con:name>
        </con:property>
      </con:properties>
      <con:returnProperties>
        <con:entry>res_productId</con:entry>
        <con:entry>res_quantityOutOfOrg</con:entry>
        <con:entry>res_headerCode</con:entry>
      </con:returnProperties>
      <con:runMode>PARALLELL</con:runMode>
    </con:config>
  </con:testStep>
  <con:testStep type="calltestcase" name="Product query with out of org place for quantity of sim pr after approve" id="dacbf8ca-36d7-4198-a34c-ee6a669038bc">
    <con:settings/>
    <con:config xsi:type="con:RunTestCaseStep" xmlns:xsi="http://www.w3.org/2001/XMLSchema-instance">
      <con:targetTestCase>f1b20aee-34be-45cc-8886-0209fb859459</con:targetTestCase>
      <con:properties>
        <con:property>
          <con:name>req_placeId</con:name>
          <con:value>1</con:value>
        </con:property>
        <con:property>
          <con:name>req_prodSpecExtId</con:name>
          <con:value>EXT-SIM-93c58717-73d8-4a20-bdda-14946577cf4d</con:value>
        </con:property>
        <con:property>
          <con:name>req_prodSpecCode</con:name>
        </con:property>
        <con:property>
          <con:name>res_productId</con:name>
          <con:value>323</con:value>
        </con:property>
        <con:property>
          <con:name>res_quantityOutOfOrg</con:name>
          <con:value>1</con:value>
        </con:property>
        <con:property>
          <con:name>res_headerCode</con:name>
          <con:value>200</con:value>
        </con:property>
        <con:property>
          <con:name>req_productStatus</con:name>
          <con:value xsi:nil="true"/>
        </con:property>
      </con:properties>
      <con:returnProperties>
        <con:entry>res_productId</con:entry>
        <con:entry>res_quantityOutOfOrg</con:entry>
        <con:entry>res_headerCode</con:entry>
        <con:entry>req_productStatus</con:entry>
      </con:returnProperties>
      <con:runMode>PARALLELL</con:runMode>
    </con:config>
  </con:testStep>
  <con:testStep type="assertionteststep" name="Assertion for getting current quantity in out of org place after approve" id="0786d52d-ecd5-4e9e-af33-4656191921f2">
    <con:settings/>
    <con:config xsi:type="con:AssertionTestStep" xmlns:xsi="http://www.w3.org/2001/XMLSchema-instance">
      <con:entry>
        <con:id>47c601a5-9864-49a7-a53d-a7cd1442bf1e</con:id>
        <con:isGroup>false</con:isGroup>
        <con:sourceId>7bbb02d8-2fed-40f5-b174-15f1bd900fec</con:sourceId>
        <con:propertyName>res_headerCode</con:propertyName>
        <con:assertion type="Simple Equals" name="res code serialized" id="9c41c643-95f4-447b-9c4a-679f7cfb86a3">
          <con:configuration>
            <patternObjectId>a861a9ce-183e-40e6-80b3-6fa7bf5a66ec</patternObjectId>
            <patternProperty>httpCode200</patternProperty>
            <caseSensitive>true</caseSensitive>
          </con:configuration>
        </con:assertion>
      </con:entry>
      <con:entry>
        <con:id>9551618e-a3d8-4ea7-9976-66dfa1f7b384</con:id>
        <con:isGroup>false</con:isGroup>
        <con:sourceId>7bbb02d8-2fed-40f5-b174-15f1bd900fec</con:sourceId>
        <con:propertyName>res_productId</con:propertyName>
        <con:assertion type="Simple Equals" name="serialized pr" id="ac93b2c6-a4a8-4407-afd6-b7f9b859ee3d">
          <con:configuration>
            <patternObjectId>d0ac75ea-c1da-4eea-b775-2df6d12eb12d</patternObjectId>
            <patternProperty>res_serializedProductId</patternProperty>
            <caseSensitive>true</caseSensitive>
          </con:configuration>
        </con:assertion>
      </con:entry>
      <con:entry>
        <con:id>ed344cca-d7ec-4968-9fef-e0cad7eecb68</con:id>
        <con:isGroup>false</con:isGroup>
        <con:sourceId>7bbb02d8-2fed-40f5-b174-15f1bd900fec</con:sourceId>
        <con:propertyName>res_quantityOutOfOrg</con:propertyName>
        <con:assertion type="Simple Equals" name="quantity serialized" id="c72596bc-bec0-46ac-b200-6f5edadb7f55">
          <con:configuration>
            <patternObjectId>a861a9ce-183e-40e6-80b3-6fa7bf5a66ec</patternObjectId>
            <patternProperty>quantityOne</patternProperty>
            <caseSensitive>true</caseSensitive>
          </con:configuration>
        </con:assertion>
      </con:entry>
      <con:entry>
        <con:id>6b1575f9-52ac-4afd-965b-2b35bed41b48</con:id>
        <con:isGroup>false</con:isGroup>
        <con:sourceId>dacbf8ca-36d7-4198-a34c-ee6a669038bc</con:sourceId>
        <con:propertyName>res_headerCode</con:propertyName>
        <con:assertion type="Simple Equals" name="res code sim" id="abf5d61d-b967-484e-a22c-650172d47aea">
          <con:configuration>
            <patternObjectId>a861a9ce-183e-40e6-80b3-6fa7bf5a66ec</patternObjectId>
            <patternProperty>httpCode200</patternProperty>
            <caseSensitive>true</caseSensitive>
          </con:configuration>
        </con:assertion>
      </con:entry>
      <con:entry>
        <con:id>9a1ca97c-cd0e-4fbd-820a-e7c37156ff54</con:id>
        <con:isGroup>false</con:isGroup>
        <con:sourceId>dacbf8ca-36d7-4198-a34c-ee6a669038bc</con:sourceId>
        <con:propertyName>res_productId</con:propertyName>
        <con:assertion type="Simple Equals" name="sim pr" id="51c03b47-18aa-4d3a-a6e5-21b3caca0a50">
          <con:configuration>
            <patternObjectId>d0ac75ea-c1da-4eea-b775-2df6d12eb12d</patternObjectId>
            <patternProperty>res_simProductId</patternProperty>
            <caseSensitive>true</caseSensitive>
          </con:configuration>
        </con:assertion>
      </con:entry>
      <con:entry>
        <con:id>f70ab856-5d52-41b6-9f59-a97c885a119b</con:id>
        <con:isGroup>false</con:isGroup>
        <con:sourceId>dacbf8ca-36d7-4198-a34c-ee6a669038bc</con:sourceId>
        <con:propertyName>res_quantityOutOfOrg</con:propertyName>
        <con:assertion type="Simple Equals" name="quantity sim" id="56692233-7549-4c18-b5d9-446d095fcd44">
          <con:configuration>
            <patternObjectId>a861a9ce-183e-40e6-80b3-6fa7bf5a66ec</patternObjectId>
            <patternProperty>quantityOne</patternProperty>
            <caseSensitive>true</caseSensitive>
          </con:configuration>
        </con:assertion>
      </con:entry>
    </con:config>
  </con:testStep>
  <con:testStep type="properties" name="Properties" id="a426746d-7005-4cd5-9cdf-877bc27175e0">
    <con:settings/>
    <con:config xsi:type="con:PropertiesStep" saveFirst="true" xmlns:xsi="http://www.w3.org/2001/XMLSchema-instance">
      <con:properties/>
    </con:config>
  </con:testStep>
  <con:properties/>
  <con:reportParameters/>
  <con:breakPoints>
    <con:testStepId>4262c56c-17fe-4890-bd09-dfbb2ea0bc47</con:testStepId>
    <con:status>NONE</con:status>
    <con:properties/>
  </con:breakPoints>
  <con:breakPoints>
    <con:testStepId>d8e65eb1-bbc0-40a4-9971-a6334319d53a</con:testStepId>
    <con:status>NONE</con:status>
    <con:properties/>
  </con:breakPoints>
  <con:breakPoints>
    <con:testStepId>d0b1cf51-4df4-4dc2-912a-a8879a6c1d73</con:testStepId>
    <con:status>NONE</con:status>
    <con:properties/>
  </con:breakPoints>
  <con:breakPoints>
    <con:testStepId>d5fe2f08-98f0-4554-a0fb-82cf5c2fa7e7</con:testStepId>
    <con:status>NONE</con:status>
    <con:properties/>
  </con:breakPoints>
  <con:breakPoints>
    <con:testStepId>c29764a6-ff86-4bb3-b04a-62c6a7d550c7</con:testStepId>
    <con:status>NONE</con:status>
    <con:properties/>
  </con:breakPoints>
  <con:breakPoints>
    <con:testStepId>d74de8d2-9f54-4f02-bd41-647bcb191bf2</con:testStepId>
    <con:status>NONE</con:status>
    <con:properties/>
  </con:breakPoints>
  <con:breakPoints>
    <con:testStepId>716b0a31-f849-4a2d-b466-bb9d61e743cd</con:testStepId>
    <con:status>NONE</con:status>
    <con:properties/>
  </con:breakPoints>
  <con:breakPoints>
    <con:testStepId>102d052f-e2e7-4ad6-80b6-d0aea5d777b8</con:testStepId>
    <con:status>NONE</con:status>
    <con:properties/>
  </con:breakPoints>
  <con:breakPoints>
    <con:testStepId>0b6bacbe-cb7e-4880-9df1-82df36e2d9cb</con:testStepId>
    <con:status>NONE</con:status>
    <con:properties/>
  </con:breakPoints>
  <con:breakPoints>
    <con:testStepId>fb870eb7-e77f-42b5-bd1a-c33f9277dc2e</con:testStepId>
    <con:status>NONE</con:status>
    <con:properties/>
  </con:breakPoints>
  <con:breakPoints>
    <con:testStepId>f610b936-4048-4fa7-a65c-e55d93850820</con:testStepId>
    <con:status>NONE</con:status>
    <con:properties/>
  </con:breakPoints>
  <con:breakPoints>
    <con:testStepId>dde46d37-3126-412a-ae54-71b1c4041f7e</con:testStepId>
    <con:status>NONE</con:status>
    <con:properties/>
  </con:breakPoints>
  <con:breakPoints>
    <con:testStepId>c376c5c7-03ce-4a8c-b571-70b75542bc41</con:testStepId>
    <con:status>NONE</con:status>
    <con:properties/>
  </con:breakPoints>
  <con:breakPoints>
    <con:testStepId>722c7f16-3a0e-4790-bc7c-af800c9144e0</con:testStepId>
    <con:status>NONE</con:status>
    <con:properties/>
  </con:breakPoints>
  <con:breakPoints>
    <con:testStepId>32c7d400-5624-46b5-8536-122cae775a4e</con:testStepId>
    <con:status>NONE</con:status>
    <con:properties/>
  </con:breakPoints>
  <con:breakPoints>
    <con:testStepId>a426746d-7005-4cd5-9cdf-877bc27175e0</con:testStepId>
    <con:status>NONE</con:status>
    <con:properties/>
  </con:breakPoints>
  <con:breakPoints>
    <con:testStepId>d2ff1b4a-54ab-467b-8393-1666509733cb</con:testStepId>
    <con:status>NONE</con:status>
    <con:properties/>
  </con:breakPoints>
  <con:breakPoints>
    <con:testStepId>35749969-9b92-414e-9edd-0f5ee5a91668</con:testStepId>
    <con:status>NONE</con:status>
    <con:properties/>
  </con:breakPoints>
  <con:breakPoints>
    <con:testStepId>439e141b-90b5-4642-af11-fbc5ea98d63f</con:testStepId>
    <con:status>NONE</con:status>
    <con:properties/>
  </con:breakPoints>
</con:testCase>