<?xml version="1.0" encoding="UTF-8"?>
<con:testCase id="edf23dc9-5895-4647-bc58-e0ec3e114efb" discardOkResults="true" failOnError="true" failTestCaseOnErrors="true" keepSession="false" name="Test Case 2 - External" searchProperties="true" timeout="0" xmlns:con="http://eviware.com/soapui/config">
  <con:settings>
    <con:setting id="e94eb367-2eb8-4c52-8762-022f56c480bafileName">TestCase-3</con:setting>
    <con:setting id="edf23dc9-5895-4647-bc58-e0ec3e114efbfileName">Test-Case-2---External</con:setting>
  </con:settings>
  <con:savedRecentRuns>1</con:savedRecentRuns>
  <con:testStep type="datagen" name="DataGen quantities" id="8fb3e238-75ac-4e5b-9951-365bcf572334">
    <con:settings/>
    <con:config xsi:type="con:DataGeneratorStep" xmlns:xsi="http://www.w3.org/2001/XMLSchema-instance">
      <con:property type="Number">
        <con:configuration>
          <start>250</start>
          <end>1000</end>
          <step>1</step>
          <pattern>#</pattern>
          <random>true</random>
          <persist>true</persist>
          <current>672.0</current>
        </con:configuration>
        <con:name>stockInQuantity</con:name>
        <con:mode>STEP</con:mode>
        <con:shared>true</con:shared>
      </con:property>
      <con:property type="Script">
        <con:configuration>
          <script>def stockInQuantity = context.expand( '${DataGen quantities#stockInQuantity}' ).toInteger();
def reservationQuantity = context.expand( '${DataGen quantities#reservationQuantity}' ).toInteger();

int remainingQuantity = stockInQuantity - reservationQuantity;

testRunner.testCase.testSteps['Given properties for the test steps'].setPropertyValue("stockInQuantity", stockInQuantity.toString());
testRunner.testCase.testSteps['Given properties for the test steps'].setPropertyValue("reservationQuantity", reservationQuantity.toString());
testRunner.testCase.testSteps['Given properties for the test steps'].setPropertyValue("remainingQuantity", remainingQuantity.toString());</script>
        </con:configuration>
        <con:name>setQuantityAndSerialNumber</con:name>
        <con:mode>STEP</con:mode>
        <con:shared>true</con:shared>
      </con:property>
      <con:property type="Number">
        <con:configuration>
          <start>1</start>
          <end>100</end>
          <step>2</step>
          <pattern>#</pattern>
          <random>true</random>
          <persist>true</persist>
          <current>2.0</current>
        </con:configuration>
        <con:name>reservationQuantity</con:name>
        <con:mode>STEP</con:mode>
        <con:shared>true</con:shared>
      </con:property>
    </con:config>
  </con:testStep>
  <con:testStep type="properties" name="Given properties for the test steps" id="8bd80fe4-43d6-40aa-9c39-c0e035968197">
    <con:settings/>
    <con:config xsi:type="con:PropertiesStep" saveFirst="true" xmlns:xsi="http://www.w3.org/2001/XMLSchema-instance">
      <con:properties>
        <con:property>
          <con:name>biSpecCode</con:name>
          <con:value>PRRESERVATIONBISPEC</con:value>
        </con:property>
        <con:property>
          <con:name>stockInQuantity</con:name>
          <con:value>672</con:value>
        </con:property>
        <con:property>
          <con:name>productCharacteristicValueType</con:name>
          <con:value>STRING</con:value>
        </con:property>
        <con:property>
          <con:name>reservationQuantity</con:name>
          <con:value>2</con:value>
        </con:property>
        <con:property>
          <con:name>remainingQuantity</con:name>
          <con:value>670</con:value>
        </con:property>
        <con:property>
          <con:name>startSerial</con:name>
          <con:value>1686521</con:value>
        </con:property>
        <con:property>
          <con:name>endSerial</con:name>
          <con:value>1685849</con:value>
        </con:property>
        <con:property>
          <con:name>quantityOne</con:name>
          <con:value>1</con:value>
        </con:property>
        <con:property>
          <con:name>userId</con:name>
          <con:value>141</con:value>
        </con:property>
        <con:property>
          <con:name>soId</con:name>
          <con:value>139</con:value>
        </con:property>
        <con:property>
          <con:name>placeId</con:name>
          <con:value>72</con:value>
        </con:property>
        <con:property>
          <con:name>userExtId</con:name>
          <con:value>userExtId-${=java.util.UUID.randomUUID()}</con:value>
        </con:property>
        <con:property>
          <con:name>soExtId</con:name>
          <con:value>soExtId-${=java.util.UUID.randomUUID()}</con:value>
        </con:property>
        <con:property>
          <con:name>terminalExtId</con:name>
          <con:value>terminalExtId-${=java.util.UUID.randomUUID()}</con:value>
        </con:property>
        <con:property>
          <con:name>inventoryExtId</con:name>
          <con:value>inventoryExtId-${=java.util.UUID.randomUUID()}</con:value>
        </con:property>
        <con:property>
          <con:name>externalSystem</con:name>
          <con:value>ext-system-${=java.util.UUID.randomUUID()}</con:value>
        </con:property>
        <con:property>
          <con:name>inventoryId</con:name>
          <con:value>142</con:value>
        </con:property>
        <con:property>
          <con:name>termianlId</con:name>
          <con:value>35</con:value>
        </con:property>
        <con:property>
          <con:name>NonSerializedProductSpecCode</con:name>
          <con:value>CODE-APPLMOUSE-1</con:value>
        </con:property>
        <con:property>
          <con:name>SerializedProductSpecCode</con:name>
          <con:value>CODE-IPHONE6S-1</con:value>
        </con:property>
        <con:property>
          <con:name>SerializedWithoutRangeProductSpecCode</con:name>
          <con:value>CODE-GALAXYNOTE4-1</con:value>
        </con:property>
        <con:property>
          <con:name>NonSerializedProductId</con:name>
          <con:value>198</con:value>
        </con:property>
        <con:property>
          <con:name>SerializedProductId</con:name>
          <con:value>196</con:value>
        </con:property>
        <con:property>
          <con:name>SerializedWithoutRangeProductId</con:name>
          <con:value>197</con:value>
        </con:property>
        <con:property>
          <con:name>reservationPeriodValue</con:name>
          <con:value>1</con:value>
        </con:property>
        <con:property>
          <con:name>reservationPeriodUnit</con:name>
          <con:value>Minute</con:value>
        </con:property>
        <con:property>
          <con:name>mainState</con:name>
          <con:value>0</con:value>
        </con:property>
        <con:property>
          <con:name>state</con:name>
          <con:value>5</con:value>
        </con:property>
        <con:property>
          <con:name>statusSellable</con:name>
          <con:value>Sellable</con:value>
        </con:property>
        <con:property>
          <con:name>SalesBISpec</con:name>
          <con:value>SALESBISPEC</con:value>
        </con:property>
        <con:property>
          <con:name>CharExtId</con:name>
          <con:value>99999-EXT</con:value>
        </con:property>
        <con:property>
          <con:name>CharExtValueId</con:name>
          <con:value>99999</con:value>
        </con:property>
        <con:property>
          <con:name>res_200</con:name>
          <con:value>200</con:value>
        </con:property>
        <con:property>
          <con:name>res_201</con:name>
          <con:value>201</con:value>
        </con:property>
        <con:property>
          <con:name>res_400</con:name>
          <con:value>400</con:value>
        </con:property>
        <con:property>
          <con:name>res_404</con:name>
          <con:value>404</con:value>
        </con:property>
        <con:property>
          <con:name>productNotExist</con:name>
          <con:value>ccount</con:value>
        </con:property>
        <con:property>
          <con:name>notEnoughProduct</con:name>
          <con:value>THERE_IS_NOT_ENOUGH_PRODUCT_WITH_GIVEN_QUANTITY</con:value>
        </con:property>
        <con:property>
          <con:name>biWithIdNotFound</con:name>
          <con:value>BI_WITH_ID_NOT_FOUND</con:value>
        </con:property>
        <con:property>
          <con:name>biItemWithIdNotFound</con:name>
          <con:value>BI_ITEM_WITH_ID_NOT_FOUND</con:value>
        </con:property>
        <con:property>
          <con:name>invalidState</con:name>
          <con:value>INVALID_STATE_OPERATION</con:value>
        </con:property>
        <con:property>
          <con:name>notInRange</con:name>
          <con:value>REQUESTED_STARTSERIAL_IS_NOT_IN_CURRENT_RANGE</con:value>
        </con:property>
        <con:property>
          <con:name>serialNumberMustBePositiveInteger</con:name>
          <con:value>PRODUCT_START_SERIAL_NUMBER_MUST_BE_POSITIVE_INTEGER</con:value>
        </con:property>
        <con:property>
          <con:name>non-exist</con:name>
          <con:value>-1</con:value>
        </con:property>
        <con:property>
          <con:name>serialNumberWithChar</con:name>
          <con:value>1234a</con:value>
        </con:property>
        <con:property>
          <con:name>serialNumberMustBePositiveLong</con:name>
          <con:value>SERIAL_NUMBERS_OF_SERIALIZED_PRODUCTS_MUST_BE_POSITIVE_LONG</con:value>
        </con:property>
        <con:property>
          <con:name>tag1</con:name>
          <con:value>customerId-10</con:value>
        </con:property>
        <con:property>
          <con:name>batchId</con:name>
          <con:value>batchId-07</con:value>
        </con:property>
        <con:property>
          <con:name>3rdUserId</con:name>
          <con:value>${#[Test Suite for Money Transfer Business Interaction#Get third user's account id]#res_accountId}</con:value>
        </con:property>
      </con:properties>
    </con:config>
  </con:testStep>
  <con:testStep type="transfer" name="Set create initial data and products quantity" id="fa9e87ca-fc53-4199-bcb0-c6e782232604">
    <con:settings/>
    <con:config xsi:type="con:PropertyTransfersStep" xmlns:xsi="http://www.w3.org/2001/XMLSchema-instance">
      <con:transfers setNullOnMissingSource="true" transferTextContent="true" failOnError="true" ignoreEmpty="false" transferToAll="false" entitize="false" transferChildNodes="false">
        <con:name>quantity</con:name>
        <con:sourceType>stockInQuantity</con:sourceType>
        <con:sourceStep>Given properties for the test steps</con:sourceStep>
        <con:sourcePath/>
        <con:targetType>req_quantity</con:targetType>
        <con:targetStep>Create initial data and products</con:targetStep>
        <con:targetPath/>
        <con:upgraded>true</con:upgraded>
      </con:transfers>
    </con:config>
  </con:testStep>
  <con:testStep type="calltestcase" name="Create initial data and products" id="476967cc-aae5-442b-bdf3-36aa932a5989">
    <con:settings/>
    <con:config xsi:type="con:RunTestCaseStep" xmlns:xsi="http://www.w3.org/2001/XMLSchema-instance">
      <con:targetTestCase>5e4beeb6-f397-47ec-8202-d19549f54f59</con:targetTestCase>
      <con:properties>
        <con:property>
          <con:name>userRoleId</con:name>
          <con:value>141</con:value>
        </con:property>
        <con:property>
          <con:name>salesOrgRoleId</con:name>
          <con:value>139</con:value>
        </con:property>
        <con:property>
          <con:name>placeId</con:name>
          <con:value>72</con:value>
        </con:property>
        <con:property>
          <con:name>inventoryId</con:name>
          <con:value>142</con:value>
        </con:property>
        <con:property>
          <con:name>terminalId</con:name>
          <con:value>35</con:value>
        </con:property>
        <con:property>
          <con:name>serializedProductId</con:name>
          <con:value>196</con:value>
        </con:property>
        <con:property>
          <con:name>serializedWithoutRangeProductId</con:name>
          <con:value>197</con:value>
        </con:property>
        <con:property>
          <con:name>nonSerializedProductId</con:name>
          <con:value>198</con:value>
        </con:property>
        <con:property>
          <con:name>serializedProductStartSerialNumber</con:name>
          <con:value>1686521</con:value>
        </con:property>
        <con:property>
          <con:name>serializedWithoutRangeProductSerialText</con:name>
          <con:value>16982962a</con:value>
        </con:property>
        <con:property>
          <con:name>res_nonSerializedProductSpecCode</con:name>
          <con:value>CODE-APPLMOUSE-1</con:value>
        </con:property>
        <con:property>
          <con:name>res_serializedProductSpecCode</con:name>
          <con:value>CODE-IPHONE6S-1</con:value>
        </con:property>
        <con:property>
          <con:name>res_serializedWithoutRangeProductSpecCode</con:name>
          <con:value>CODE-GALAXYNOTE4-1</con:value>
        </con:property>
        <con:property>
          <con:name>req_quantity</con:name>
          <con:value>672</con:value>
        </con:property>
        <con:property>
          <con:name>res_nonSerializedProductSpecExtId</con:name>
          <con:value>EXT-APPLMOUSE-1</con:value>
        </con:property>
        <con:property>
          <con:name>res_serializedProductSpecExtId</con:name>
          <con:value>EXT-IPHONE6S-1</con:value>
        </con:property>
        <con:property>
          <con:name>res_serializedWithoutRangeSpecExtId</con:name>
          <con:value>EXT-GALAXYNOTE4-1</con:value>
        </con:property>
        <con:property>
          <con:name>userToken</con:name>
          <con:value>Bearer eyJraWQiOiIxIiwiYWxnIjoiUlMyNTYifQ.eyJpc3MiOiJVTVMtUHJlZmlsdGVyLUNoZWNrQXV0aG9yaXplIiwic3ViIjoiVEVTVCIsImF1ZCI6IlJNIiwiaWF0IjoxNDg3MTYwOTc5LCJleHAiOjE1NTI2MzY4NTcsImF1dGhfdGltZSI6IjEzMTEyODA4NzAiLCJub25jZSI6Im4tMFM2X1d6QTJNaiIsIm5hbWUiOiJVTVMgVGVzdCBVc2VyIiwieF9kYnNzIjp7ImF1dGh6UHJvZmlsZU5hbWUiOiJDU1JfQXV0aHpQcm9maWxlIiwidmVyc2lvbiI6InYxIiwicGFydHlfaWQiOiIxMjMiLCJleHRlcm5hbF91c2VybmFtZSI6InU5NjAwNDkyYi0wYmJjLTQ4YjQtYTQxYS0zMzZkYjBmY2IyZGEifX0.avTb_WsXXs3c3k4g_mYzJ4PQwP7C30-nWlc9Rvgpjfhv3p6aa7lwxYhGGzHopQ3GbOk35484tZyDKJFlxy75-yS9xMOYYb8RBXoaQhueYTWNxhOqlmnrKV_rYUVOSGLQo8J6jteH96u8vgXCHuuLzBexCvW9biyejY_M-G7e4l8</con:value>
        </con:property>
        <con:property>
          <con:name>userIntToken</con:name>
        </con:property>
        <con:property>
          <con:name>res_serializedBatchId</con:name>
          <con:value>169</con:value>
        </con:property>
        <con:property>
          <con:name>res_serializedWithoutRangeBatchId</con:name>
          <con:value>170</con:value>
        </con:property>
      </con:properties>
      <con:returnProperties>
        <con:entry>userRoleId</con:entry>
        <con:entry>salesOrgRoleId</con:entry>
        <con:entry>placeId</con:entry>
        <con:entry>inventoryId</con:entry>
        <con:entry>terminalId</con:entry>
        <con:entry>serializedProductId</con:entry>
        <con:entry>serializedWithoutRangeProductId</con:entry>
        <con:entry>nonSerializedProductId</con:entry>
        <con:entry>serializedProductStartSerialNumber</con:entry>
        <con:entry>serializedWithoutRangeProductSerialText</con:entry>
        <con:entry>res_nonSerializedProductSpecCode</con:entry>
        <con:entry>res_serializedProductSpecCode</con:entry>
        <con:entry>res_serializedWithoutRangeProductSpecCode</con:entry>
        <con:entry>res_nonSerializedProductSpecExtId</con:entry>
        <con:entry>res_serializedProductSpecExtId</con:entry>
        <con:entry>res_serializedWithoutRangeSpecExtId</con:entry>
        <con:entry>userToken</con:entry>
        <con:entry>res_serializedBatchId</con:entry>
        <con:entry>res_serializedWithoutRangeBatchId</con:entry>
      </con:returnProperties>
      <con:runMode>PARALLELL</con:runMode>
    </con:config>
  </con:testStep>
  <con:testStep type="transfer" name="Set given properties for the test steps" id="28be0b8a-8d99-4ae2-ac10-4c907826a5d1">
    <con:settings/>
    <con:config xsi:type="con:PropertyTransfersStep" xmlns:xsi="http://www.w3.org/2001/XMLSchema-instance">
      <con:transfers setNullOnMissingSource="true" transferTextContent="true" failOnError="true" ignoreEmpty="false" transferToAll="false" entitize="false" transferChildNodes="false">
        <con:name>soId</con:name>
        <con:sourceType>salesOrgRoleId</con:sourceType>
        <con:sourceStep>Create initial data and products</con:sourceStep>
        <con:sourcePath/>
        <con:targetType>soId</con:targetType>
        <con:targetStep>Given properties for the test steps</con:targetStep>
        <con:targetPath/>
        <con:upgraded>true</con:upgraded>
      </con:transfers>
      <con:transfers setNullOnMissingSource="true" transferTextContent="true" failOnError="true" ignoreEmpty="false" transferToAll="false" entitize="false" transferChildNodes="false">
        <con:name>inventoryId</con:name>
        <con:sourceType>inventoryId</con:sourceType>
        <con:sourceStep>Create initial data and products</con:sourceStep>
        <con:targetType>inventoryId</con:targetType>
        <con:targetStep>Given properties for the test steps</con:targetStep>
        <con:upgraded>true</con:upgraded>
      </con:transfers>
      <con:transfers setNullOnMissingSource="true" transferTextContent="true" failOnError="true" ignoreEmpty="false" transferToAll="false" entitize="false" transferChildNodes="false">
        <con:name>userId</con:name>
        <con:sourceType>userRoleId</con:sourceType>
        <con:sourceStep>Create initial data and products</con:sourceStep>
        <con:targetType>userId</con:targetType>
        <con:targetStep>Given properties for the test steps</con:targetStep>
        <con:upgraded>true</con:upgraded>
      </con:transfers>
      <con:transfers setNullOnMissingSource="true" transferTextContent="true" failOnError="true" ignoreEmpty="false" transferToAll="false" entitize="false" transferChildNodes="false">
        <con:name>terminalId</con:name>
        <con:sourceType>terminalId</con:sourceType>
        <con:sourceStep>Create initial data and products</con:sourceStep>
        <con:targetType>termianlId</con:targetType>
        <con:targetStep>Given properties for the test steps</con:targetStep>
        <con:upgraded>true</con:upgraded>
      </con:transfers>
      <con:transfers setNullOnMissingSource="true" transferTextContent="true" failOnError="true" ignoreEmpty="false" transferToAll="false" entitize="false" transferChildNodes="false">
        <con:name>placeId</con:name>
        <con:sourceType>placeId</con:sourceType>
        <con:sourceStep>Create initial data and products</con:sourceStep>
        <con:targetType>placeId</con:targetType>
        <con:targetStep>Given properties for the test steps</con:targetStep>
        <con:upgraded>true</con:upgraded>
      </con:transfers>
      <con:transfers setNullOnMissingSource="true" transferTextContent="true" failOnError="true" ignoreEmpty="false" transferToAll="false" entitize="false" transferChildNodes="false">
        <con:name>nonSerializedProductId</con:name>
        <con:sourceType>nonSerializedProductId</con:sourceType>
        <con:sourceStep>Create initial data and products</con:sourceStep>
        <con:targetType>NonSerializedProductId</con:targetType>
        <con:targetStep>Given properties for the test steps</con:targetStep>
        <con:upgraded>true</con:upgraded>
      </con:transfers>
      <con:transfers setNullOnMissingSource="true" transferTextContent="true" failOnError="true" ignoreEmpty="false" transferToAll="false" entitize="false" transferChildNodes="false">
        <con:name>nonSerializedProductSpecCode</con:name>
        <con:sourceType>res_nonSerializedProductSpecCode</con:sourceType>
        <con:sourceStep>Create initial data and products</con:sourceStep>
        <con:targetType>NonSerializedProductSpecCode</con:targetType>
        <con:targetStep>Given properties for the test steps</con:targetStep>
        <con:upgraded>true</con:upgraded>
      </con:transfers>
      <con:transfers setNullOnMissingSource="true" transferTextContent="true" failOnError="true" ignoreEmpty="false" transferToAll="false" entitize="false" transferChildNodes="false">
        <con:name>serializedProductId</con:name>
        <con:sourceType>serializedProductId</con:sourceType>
        <con:sourceStep>Create initial data and products</con:sourceStep>
        <con:targetType>SerializedProductId</con:targetType>
        <con:targetStep>Given properties for the test steps</con:targetStep>
        <con:upgraded>true</con:upgraded>
      </con:transfers>
      <con:transfers setNullOnMissingSource="true" transferTextContent="true" failOnError="true" ignoreEmpty="false" transferToAll="false" entitize="false" transferChildNodes="false">
        <con:name>serializedProductSpecCode</con:name>
        <con:sourceType>res_serializedProductSpecCode</con:sourceType>
        <con:sourceStep>Create initial data and products</con:sourceStep>
        <con:targetType>SerializedProductSpecCode</con:targetType>
        <con:targetStep>Given properties for the test steps</con:targetStep>
        <con:upgraded>true</con:upgraded>
      </con:transfers>
      <con:transfers setNullOnMissingSource="true" transferTextContent="true" failOnError="true" ignoreEmpty="false" transferToAll="false" entitize="false" transferChildNodes="false">
        <con:name>serializedWithoutRangeProductId</con:name>
        <con:sourceType>serializedWithoutRangeProductId</con:sourceType>
        <con:sourceStep>Create initial data and products</con:sourceStep>
        <con:targetType>SerializedWithoutRangeProductId</con:targetType>
        <con:targetStep>Given properties for the test steps</con:targetStep>
        <con:upgraded>true</con:upgraded>
      </con:transfers>
      <con:transfers setNullOnMissingSource="true" transferTextContent="true" failOnError="true" ignoreEmpty="false" transferToAll="false" entitize="false" transferChildNodes="false">
        <con:name>serializedWithoutRangeProductSpecCode</con:name>
        <con:sourceType>res_serializedWithoutRangeProductSpecCode</con:sourceType>
        <con:sourceStep>Create initial data and products</con:sourceStep>
        <con:targetType>SerializedWithoutRangeProductSpecCode</con:targetType>
        <con:targetStep>Given properties for the test steps</con:targetStep>
        <con:upgraded>true</con:upgraded>
      </con:transfers>
      <con:transfers setNullOnMissingSource="true" transferTextContent="true" failOnError="true" ignoreEmpty="false" transferToAll="false" entitize="false" transferChildNodes="false">
        <con:name>fromSalesOrg</con:name>
        <con:sourceType>salesOrgRoleId</con:sourceType>
        <con:sourceStep>Create initial data and products</con:sourceStep>
        <con:targetType>fromSalesOrgRoleId</con:targetType>
        <con:targetStep>#TestCase#</con:targetStep>
        <con:upgraded>true</con:upgraded>
      </con:transfers>
      <con:transfers setNullOnMissingSource="true" transferTextContent="true" failOnError="true" ignoreEmpty="false" transferToAll="false" entitize="false" transferChildNodes="false">
        <con:name>fromPlace</con:name>
        <con:sourceType>placeId</con:sourceType>
        <con:sourceStep>Create initial data and products</con:sourceStep>
        <con:targetType>fromPlaceId</con:targetType>
        <con:targetStep>#TestCase#</con:targetStep>
        <con:upgraded>true</con:upgraded>
      </con:transfers>
    </con:config>
  </con:testStep>
  <con:testStep type="transfer" name="Set create product reservation interaction" id="e4a10351-299e-4599-aa3b-0720dd38ffc3">
    <con:settings/>
    <con:config xsi:type="con:PropertyTransfersStep" xmlns:xsi="http://www.w3.org/2001/XMLSchema-instance">
      <con:transfers setNullOnMissingSource="true" transferTextContent="true" failOnError="true" ignoreEmpty="false" transferToAll="false" entitize="false" transferChildNodes="false">
        <con:name>userId</con:name>
        <con:sourceType>userId</con:sourceType>
        <con:sourceStep>Given properties for the test steps</con:sourceStep>
        <con:sourcePath/>
        <con:targetType>req_userId</con:targetType>
        <con:targetStep>Create product reservation interaction</con:targetStep>
        <con:targetPath/>
        <con:upgraded>true</con:upgraded>
      </con:transfers>
      <con:transfers setNullOnMissingSource="true" transferTextContent="true" failOnError="true" ignoreEmpty="false" transferToAll="false" entitize="false" transferChildNodes="false">
        <con:name>soId</con:name>
        <con:sourceType>soId</con:sourceType>
        <con:sourceStep>Given properties for the test steps</con:sourceStep>
        <con:targetType>req_soId</con:targetType>
        <con:targetStep>Create product reservation interaction</con:targetStep>
        <con:upgraded>true</con:upgraded>
      </con:transfers>
      <con:transfers setNullOnMissingSource="true" transferTextContent="true" failOnError="true" ignoreEmpty="false" transferToAll="false" entitize="false" transferChildNodes="false">
        <con:name>periodValue</con:name>
        <con:sourceType>reservationPeriodValue</con:sourceType>
        <con:sourceStep>Given properties for the test steps</con:sourceStep>
        <con:targetType>req_reservationPeriodValue</con:targetType>
        <con:targetStep>Create product reservation interaction</con:targetStep>
        <con:upgraded>true</con:upgraded>
      </con:transfers>
      <con:transfers setNullOnMissingSource="true" transferTextContent="true" failOnError="true" ignoreEmpty="false" transferToAll="false" entitize="false" transferChildNodes="false">
        <con:name>periodUnit</con:name>
        <con:sourceType>reservationPeriodUnit</con:sourceType>
        <con:sourceStep>Given properties for the test steps</con:sourceStep>
        <con:targetType>req_reservationPeriodUnit</con:targetType>
        <con:targetStep>Create product reservation interaction</con:targetStep>
        <con:upgraded>true</con:upgraded>
      </con:transfers>
      <con:transfers setNullOnMissingSource="true" transferTextContent="true" failOnError="true" ignoreEmpty="false" transferToAll="false" entitize="false" transferChildNodes="false">
        <con:name>biSpecCode</con:name>
        <con:sourceType>biSpecCode</con:sourceType>
        <con:sourceStep>Given properties for the test steps</con:sourceStep>
        <con:targetType>req_biSpecCode</con:targetType>
        <con:targetStep>Create product reservation interaction</con:targetStep>
        <con:upgraded>true</con:upgraded>
      </con:transfers>
      <con:transfers setNullOnMissingSource="true" transferTextContent="true" failOnError="true" ignoreEmpty="false" transferToAll="false" entitize="false" transferChildNodes="false">
        <con:name>tag1</con:name>
        <con:sourceType>tag1</con:sourceType>
        <con:sourceStep>Given properties for the test steps</con:sourceStep>
        <con:targetType>req_tag1</con:targetType>
        <con:targetStep>Create product reservation interaction</con:targetStep>
        <con:upgraded>true</con:upgraded>
      </con:transfers>
    </con:config>
  </con:testStep>
  <con:testStep type="calltestcase" name="Create product reservation interaction" id="b87fe2d5-35c4-41eb-a34a-714fbfe92462">
    <con:settings/>
    <con:config xsi:type="con:RunTestCaseStep" xmlns:xsi="http://www.w3.org/2001/XMLSchema-instance">
      <con:targetTestCase>685368a5-44c3-40eb-87cd-5e6cbef852aa</con:targetTestCase>
      <con:properties>
        <con:property>
          <con:name>req_userId</con:name>
          <con:value>141</con:value>
        </con:property>
        <con:property>
          <con:name>req_soId</con:name>
          <con:value>139</con:value>
        </con:property>
        <con:property>
          <con:name>req_reservationPeriodValue</con:name>
          <con:value>1</con:value>
        </con:property>
        <con:property>
          <con:name>req_reservationPeriodUnit</con:name>
          <con:value>Minute</con:value>
        </con:property>
        <con:property>
          <con:name>req_biSpecCode</con:name>
          <con:value>PRRESERVATIONBISPEC</con:value>
        </con:property>
        <con:property>
          <con:name>req_tag1</con:name>
          <con:value>customerId-10</con:value>
        </con:property>
        <con:property>
          <con:name>res_biId</con:name>
          <con:value>4231</con:value>
        </con:property>
        <con:property>
          <con:name>res_httpStatus</con:name>
          <con:value>201</con:value>
        </con:property>
        <con:property>
          <con:name>res_code</con:name>
          <con:value xsi:nil="true"/>
        </con:property>
      </con:properties>
      <con:returnProperties>
        <con:entry>res_biId</con:entry>
        <con:entry>res_httpStatus</con:entry>
        <con:entry>res_code</con:entry>
      </con:returnProperties>
      <con:runMode>PARALLELL</con:runMode>
    </con:config>
  </con:testStep>
  <con:testStep type="assertionteststep" name="Assert interaction created successfully" id="9758de60-04e2-460a-ac99-3c132f2f9e98">
    <con:settings/>
    <con:config xsi:type="con:AssertionTestStep" xmlns:xsi="http://www.w3.org/2001/XMLSchema-instance">
      <con:entry>
        <con:id>0556519d-96ef-443e-9479-3c832583ea7e</con:id>
        <con:isGroup>false</con:isGroup>
        <con:sourceId>b87fe2d5-35c4-41eb-a34a-714fbfe92462</con:sourceId>
        <con:propertyName>res_httpStatus</con:propertyName>
        <con:assertion type="Simple Equals" name="Equals" id="9f93c200-3ca2-4c3e-b29c-757e2649f5a6">
          <con:configuration>
            <patternObjectId>8bd80fe4-43d6-40aa-9c39-c0e035968197</patternObjectId>
            <patternProperty>res_201</patternProperty>
            <caseSensitive>true</caseSensitive>
          </con:configuration>
        </con:assertion>
      </con:entry>
      <con:entry>
        <con:id>46e4b99d-833b-494a-aedb-e3f01da1f651</con:id>
        <con:isGroup>false</con:isGroup>
        <con:sourceId>b87fe2d5-35c4-41eb-a34a-714fbfe92462</con:sourceId>
        <con:propertyName>res_biId</con:propertyName>
        <con:assertion type="Simple Contains" name="Contains" id="f2d786ae-1403-4650-a2ca-6f73be52f171">
          <con:configuration>
            <token>\d+</token>
            <ignoreCase>false</ignoreCase>
            <useRegEx>true</useRegEx>
          </con:configuration>
        </con:assertion>
      </con:entry>
    </con:config>
  </con:testStep>
  <con:testStep type="datagen" name="DataGen for serial numbers" id="3e6af7dc-e571-47a0-a3f4-89bc3518dacf">
    <con:settings/>
    <con:config xsi:type="con:DataGeneratorStep" xmlns:xsi="http://www.w3.org/2001/XMLSchema-instance">
      <con:property type="Script">
        <con:configuration>
          <script>def serialNumber = context.expand( '${Create initial data and products#serializedProductStartSerialNumber}' ).toInteger();

def lessSerialNumber = serialNumber - 1;

return lessSerialNumber.toString();</script>
        </con:configuration>
        <con:name>lessSerialNumber</con:name>
        <con:mode>STEP</con:mode>
        <con:shared>false</con:shared>
      </con:property>
      <con:property type="Script">
        <con:configuration>
          <script>def serializedProductStartSerialNumber = context.expand( '${Create initial data and products#serializedProductStartSerialNumber}' ).toInteger()
def stockInQuantity = context.expand( '${Given properties for the test steps#stockInQuantity}' ).toInteger()

int serializedProductEndSerialNumber = serializedProductStartSerialNumber - stockInQuantity

testRunner.testCase.testSteps['Given properties for the test steps'].setPropertyValue("startSerial", serializedProductStartSerialNumber.toString());
testRunner.testCase.testSteps['Given properties for the test steps'].setPropertyValue("endSerial", serializedProductEndSerialNumber.toString());</script>
        </con:configuration>
        <con:name>setStartEndSerials</con:name>
        <con:mode>STEP</con:mode>
        <con:shared>false</con:shared>
      </con:property>
    </con:config>
  </con:testStep>
  <con:testStep type="transfer" name="Set add serialized product item with out of range" id="b839cb6a-386c-41b9-805f-bbd8f9894582">
    <con:settings/>
    <con:config xsi:type="con:PropertyTransfersStep" xmlns:xsi="http://www.w3.org/2001/XMLSchema-instance">
      <con:transfers setNullOnMissingSource="true" transferTextContent="true" failOnError="true" ignoreEmpty="false" transferToAll="false" entitize="false" transferChildNodes="false">
        <con:name>biId</con:name>
        <con:sourceType>res_biId</con:sourceType>
        <con:sourceStep>Create product reservation interaction</con:sourceStep>
        <con:sourcePath/>
        <con:targetType>req_biId</con:targetType>
        <con:targetStep>Add serialized product item with out of range</con:targetStep>
        <con:targetPath/>
        <con:upgraded>true</con:upgraded>
      </con:transfers>
      <con:transfers setNullOnMissingSource="true" transferTextContent="true" failOnError="true" ignoreEmpty="false" transferToAll="false" entitize="false" transferChildNodes="false">
        <con:name>productId</con:name>
        <con:sourceType>SerializedProductId</con:sourceType>
        <con:sourceStep>Given properties for the test steps</con:sourceStep>
        <con:targetType>req_productId</con:targetType>
        <con:targetStep>Add serialized product item with out of range</con:targetStep>
        <con:upgraded>true</con:upgraded>
      </con:transfers>
      <con:transfers setNullOnMissingSource="true" transferTextContent="true" failOnError="true" ignoreEmpty="false" transferToAll="false" entitize="false" transferChildNodes="false">
        <con:name>quantity</con:name>
        <con:sourceType>reservationQuantity</con:sourceType>
        <con:sourceStep>Given properties for the test steps</con:sourceStep>
        <con:targetType>req_productQuantity</con:targetType>
        <con:targetStep>Add serialized product item with out of range</con:targetStep>
        <con:upgraded>true</con:upgraded>
      </con:transfers>
      <con:transfers setNullOnMissingSource="true" transferTextContent="true" failOnError="true" ignoreEmpty="false" transferToAll="false" entitize="false" transferChildNodes="false">
        <con:name>fromSalesOrg</con:name>
        <con:sourceType>fromSalesOrgRoleId</con:sourceType>
        <con:sourceStep>#TestCase#</con:sourceStep>
        <con:targetType>req_fromSalesOrgId</con:targetType>
        <con:targetStep>Add serialized product item with out of range</con:targetStep>
        <con:upgraded>true</con:upgraded>
      </con:transfers>
      <con:transfers setNullOnMissingSource="true" transferTextContent="true" failOnError="true" ignoreEmpty="false" transferToAll="false" entitize="false" transferChildNodes="false">
        <con:name>fromPlace</con:name>
        <con:sourceType>fromPlaceId</con:sourceType>
        <con:sourceStep>#TestCase#</con:sourceStep>
        <con:targetType>req_fromPlaceId</con:targetType>
        <con:targetStep>Add serialized product item with out of range</con:targetStep>
        <con:upgraded>true</con:upgraded>
      </con:transfers>
      <con:transfers setNullOnMissingSource="true" transferTextContent="true" failOnError="true" ignoreEmpty="false" transferToAll="false" entitize="false" transferChildNodes="false">
        <con:name>serialNumber</con:name>
        <con:sourceType>lessSerialNumber</con:sourceType>
        <con:sourceStep>DataGen for serial numbers</con:sourceStep>
        <con:targetType>req_serialNumber</con:targetType>
        <con:targetStep>Add serialized product item with out of range</con:targetStep>
        <con:upgraded>true</con:upgraded>
      </con:transfers>
    </con:config>
  </con:testStep>
  <con:testStep type="calltestcase" name="Add serialized product item with out of range" id="11dc59fd-ab57-4e50-acf0-b66f8ce34693">
    <con:settings/>
    <con:config xsi:type="con:RunTestCaseStep" xmlns:xsi="http://www.w3.org/2001/XMLSchema-instance">
      <con:targetTestCase>7043af8a-00a2-4972-9909-7203fcd49a43</con:targetTestCase>
      <con:properties>
        <con:property>
          <con:name>req_biId</con:name>
          <con:value>4231</con:value>
        </con:property>
        <con:property>
          <con:name>req_fromSalesOrgId</con:name>
          <con:value>139</con:value>
        </con:property>
        <con:property>
          <con:name>req_fromPlaceId</con:name>
          <con:value>72</con:value>
        </con:property>
        <con:property>
          <con:name>req_productId</con:name>
          <con:value>196</con:value>
        </con:property>
        <con:property>
          <con:name>req_productQuantity</con:name>
          <con:value>2</con:value>
        </con:property>
        <con:property>
          <con:name>res_itemId</con:name>
          <con:value xsi:nil="true"/>
        </con:property>
        <con:property>
          <con:name>res_httpStatus</con:name>
          <con:value>400</con:value>
        </con:property>
        <con:property>
          <con:name>res_code</con:name>
          <con:value>REQUESTED_STARTSERIAL_IS_NOT_IN_CURRENT_RANGE</con:value>
        </con:property>
        <con:property>
          <con:name>req_serialNumber</con:name>
          <con:value>1686520</con:value>
        </con:property>
      </con:properties>
      <con:returnProperties>
        <con:entry>res_itemId</con:entry>
        <con:entry>res_httpStatus</con:entry>
        <con:entry>res_code</con:entry>
      </con:returnProperties>
      <con:runMode>PARALLELL</con:runMode>
    </con:config>
  </con:testStep>
  <con:testStep type="assertionteststep" name="Assertion start serial is not in range error" id="0021b715-0681-431e-9f48-df38f2fcb065">
    <con:settings/>
    <con:config xsi:type="con:AssertionTestStep" xmlns:xsi="http://www.w3.org/2001/XMLSchema-instance">
      <con:entry>
        <con:id>be48b285-2a73-4f9e-9232-6aff124ef228</con:id>
        <con:isGroup>false</con:isGroup>
        <con:sourceId>11dc59fd-ab57-4e50-acf0-b66f8ce34693</con:sourceId>
        <con:propertyName>res_code</con:propertyName>
        <con:assertion type="Simple Equals" name="Equals 2" id="e9197471-03b4-4f4d-997d-d15762c9a12d">
          <con:configuration>
            <patternObjectId>8bd80fe4-43d6-40aa-9c39-c0e035968197</patternObjectId>
            <patternProperty>notInRange</patternProperty>
            <caseSensitive>true</caseSensitive>
          </con:configuration>
        </con:assertion>
      </con:entry>
      <con:entry>
        <con:id>26be3be8-73e2-4414-8104-c8dc52eeb373</con:id>
        <con:isGroup>false</con:isGroup>
        <con:sourceId>11dc59fd-ab57-4e50-acf0-b66f8ce34693</con:sourceId>
        <con:propertyName>res_httpStatus</con:propertyName>
        <con:assertion type="Simple Equals" name="Equals" id="2fa92a90-c3bd-4442-87f2-693166f0597b">
          <con:configuration>
            <patternObjectId>8bd80fe4-43d6-40aa-9c39-c0e035968197</patternObjectId>
            <patternProperty>res_400</patternProperty>
            <caseSensitive>true</caseSensitive>
          </con:configuration>
        </con:assertion>
      </con:entry>
    </con:config>
  </con:testStep>
  <con:testStep type="transfer" name="Set add serialized product item with invalid serial no" id="8807a2fe-fca9-466e-b421-0defae98f822">
    <con:settings/>
    <con:config xsi:type="con:PropertyTransfersStep" xmlns:xsi="http://www.w3.org/2001/XMLSchema-instance">
      <con:transfers setNullOnMissingSource="true" transferTextContent="true" failOnError="true" ignoreEmpty="false" transferToAll="false" entitize="false" transferChildNodes="false">
        <con:name>biId</con:name>
        <con:sourceType>res_biId</con:sourceType>
        <con:sourceStep>Create product reservation interaction</con:sourceStep>
        <con:sourcePath/>
        <con:targetType>req_biId</con:targetType>
        <con:targetStep>Add serialized product item with invalid serial no</con:targetStep>
        <con:targetPath/>
        <con:upgraded>true</con:upgraded>
      </con:transfers>
      <con:transfers setNullOnMissingSource="true" transferTextContent="true" failOnError="true" ignoreEmpty="false" transferToAll="false" entitize="false" transferChildNodes="false">
        <con:name>productId</con:name>
        <con:sourceType>SerializedProductId</con:sourceType>
        <con:sourceStep>Given properties for the test steps</con:sourceStep>
        <con:targetType>req_productId</con:targetType>
        <con:targetStep>Add serialized product item with invalid serial no</con:targetStep>
        <con:upgraded>true</con:upgraded>
      </con:transfers>
      <con:transfers setNullOnMissingSource="true" transferTextContent="true" failOnError="true" ignoreEmpty="false" transferToAll="false" entitize="false" transferChildNodes="false">
        <con:name>quantity</con:name>
        <con:sourceType>reservationQuantity</con:sourceType>
        <con:sourceStep>Given properties for the test steps</con:sourceStep>
        <con:targetType>req_productQuantity</con:targetType>
        <con:targetStep>Add serialized product item with invalid serial no</con:targetStep>
        <con:upgraded>true</con:upgraded>
      </con:transfers>
      <con:transfers setNullOnMissingSource="true" transferTextContent="true" failOnError="true" ignoreEmpty="false" transferToAll="false" entitize="false" transferChildNodes="false">
        <con:name>fromSalesOrg</con:name>
        <con:sourceType>fromSalesOrgRoleId</con:sourceType>
        <con:sourceStep>#TestCase#</con:sourceStep>
        <con:targetType>req_fromSalesOrgId</con:targetType>
        <con:targetStep>Add serialized product item with invalid serial no</con:targetStep>
        <con:upgraded>true</con:upgraded>
      </con:transfers>
      <con:transfers setNullOnMissingSource="true" transferTextContent="true" failOnError="true" ignoreEmpty="false" transferToAll="false" entitize="false" transferChildNodes="false">
        <con:name>fromPlace</con:name>
        <con:sourceType>fromPlaceId</con:sourceType>
        <con:sourceStep>#TestCase#</con:sourceStep>
        <con:targetType>req_fromPlaceId</con:targetType>
        <con:targetStep>Add serialized product item with invalid serial no</con:targetStep>
        <con:upgraded>true</con:upgraded>
      </con:transfers>
      <con:transfers setNullOnMissingSource="true" transferTextContent="true" failOnError="true" ignoreEmpty="false" transferToAll="false" entitize="false" transferChildNodes="false">
        <con:name>serialNumber</con:name>
        <con:sourceType>serialNumberWithChar</con:sourceType>
        <con:sourceStep>Given properties for the test steps</con:sourceStep>
        <con:targetType>req_serialNumber</con:targetType>
        <con:targetStep>Add serialized product item with invalid serial no</con:targetStep>
        <con:upgraded>true</con:upgraded>
      </con:transfers>
    </con:config>
  </con:testStep>
  <con:testStep type="calltestcase" name="Add serialized product item with invalid serial no" id="044c465b-e940-4d47-acab-756a12621d0f">
    <con:settings/>
    <con:config xsi:type="con:RunTestCaseStep" xmlns:xsi="http://www.w3.org/2001/XMLSchema-instance">
      <con:targetTestCase>7043af8a-00a2-4972-9909-7203fcd49a43</con:targetTestCase>
      <con:properties>
        <con:property>
          <con:name>req_biId</con:name>
          <con:value>4231</con:value>
        </con:property>
        <con:property>
          <con:name>req_fromSalesOrgId</con:name>
          <con:value>139</con:value>
        </con:property>
        <con:property>
          <con:name>req_fromPlaceId</con:name>
          <con:value>72</con:value>
        </con:property>
        <con:property>
          <con:name>req_productId</con:name>
          <con:value>196</con:value>
        </con:property>
        <con:property>
          <con:name>req_productQuantity</con:name>
          <con:value>2</con:value>
        </con:property>
        <con:property>
          <con:name>res_itemId</con:name>
          <con:value xsi:nil="true"/>
        </con:property>
        <con:property>
          <con:name>res_httpStatus</con:name>
          <con:value>400</con:value>
        </con:property>
        <con:property>
          <con:name>res_code</con:name>
          <con:value>SERIAL_NUMBERS_OF_SERIALIZED_PRODUCTS_MUST_BE_POSITIVE_LONG</con:value>
        </con:property>
        <con:property>
          <con:name>req_serialNumber</con:name>
          <con:value>1234a</con:value>
        </con:property>
      </con:properties>
      <con:returnProperties>
        <con:entry>res_itemId</con:entry>
        <con:entry>res_httpStatus</con:entry>
        <con:entry>res_code</con:entry>
      </con:returnProperties>
      <con:runMode>PARALLELL</con:runMode>
    </con:config>
  </con:testStep>
  <con:testStep type="assertionteststep" name="Assertion serial no invalid" id="e1b776e0-9093-4cd2-ad7f-a33656e2c628">
    <con:settings/>
    <con:config xsi:type="con:AssertionTestStep" xmlns:xsi="http://www.w3.org/2001/XMLSchema-instance">
      <con:entry>
        <con:id>46c28200-db34-43dc-bbd4-b336abbaae81</con:id>
        <con:isGroup>false</con:isGroup>
        <con:sourceId>044c465b-e940-4d47-acab-756a12621d0f</con:sourceId>
        <con:propertyName>res_httpStatus</con:propertyName>
        <con:assertion type="Simple Equals" name="Equals" id="0c9d10fc-c83e-4981-80df-7c6cbf3d83fa">
          <con:configuration>
            <patternObjectId>8bd80fe4-43d6-40aa-9c39-c0e035968197</patternObjectId>
            <patternProperty>res_400</patternProperty>
            <caseSensitive>true</caseSensitive>
          </con:configuration>
        </con:assertion>
      </con:entry>
      <con:entry>
        <con:id>b97aa78f-cd83-40e5-9bfe-a06eaf90b351</con:id>
        <con:isGroup>false</con:isGroup>
        <con:sourceId>044c465b-e940-4d47-acab-756a12621d0f</con:sourceId>
        <con:propertyName>res_code</con:propertyName>
        <con:assertion type="Simple Equals" name="Equals 2" id="82ec8404-8aa0-4eb2-b82b-aa75ed30f03b">
          <con:configuration>
            <patternObjectId>8bd80fe4-43d6-40aa-9c39-c0e035968197</patternObjectId>
            <patternProperty>serialNumberMustBePositiveLong</patternProperty>
            <caseSensitive>true</caseSensitive>
          </con:configuration>
        </con:assertion>
      </con:entry>
    </con:config>
  </con:testStep>
  <con:testStep type="transfer" name="Set add interaction item" id="c2078e62-5727-4073-8edf-1a95f1b1d1f4">
    <con:settings/>
    <con:config xsi:type="con:PropertyTransfersStep" xmlns:xsi="http://www.w3.org/2001/XMLSchema-instance">
      <con:transfers setNullOnMissingSource="true" transferTextContent="true" failOnError="true" ignoreEmpty="false" transferToAll="false" entitize="false" transferChildNodes="false">
        <con:name>biId</con:name>
        <con:sourceType>res_biId</con:sourceType>
        <con:sourceStep>Create product reservation interaction</con:sourceStep>
        <con:sourcePath/>
        <con:targetType>req_biId</con:targetType>
        <con:targetStep>1 - Add interaction item (nonserialized product)</con:targetStep>
        <con:targetPath/>
        <con:upgraded>true</con:upgraded>
      </con:transfers>
      <con:transfers setNullOnMissingSource="true" transferTextContent="true" failOnError="true" ignoreEmpty="false" transferToAll="false" entitize="false" transferChildNodes="false">
        <con:name>productId</con:name>
        <con:sourceType>NonSerializedProductId</con:sourceType>
        <con:sourceStep>Given properties for the test steps</con:sourceStep>
        <con:targetType>req_productId</con:targetType>
        <con:targetStep>1 - Add interaction item (nonserialized product)</con:targetStep>
        <con:upgraded>true</con:upgraded>
      </con:transfers>
      <con:transfers setNullOnMissingSource="true" transferTextContent="true" failOnError="true" ignoreEmpty="false" transferToAll="false" entitize="false" transferChildNodes="false">
        <con:name>quantity</con:name>
        <con:sourceType>reservationQuantity</con:sourceType>
        <con:sourceStep>Given properties for the test steps</con:sourceStep>
        <con:targetType>req_productQuantity</con:targetType>
        <con:targetStep>1 - Add interaction item (nonserialized product)</con:targetStep>
        <con:upgraded>true</con:upgraded>
      </con:transfers>
      <con:transfers setNullOnMissingSource="true" transferTextContent="true" failOnError="true" ignoreEmpty="false" transferToAll="false" entitize="false" transferChildNodes="false">
        <con:name>fromSalesOrg</con:name>
        <con:sourceType>fromSalesOrgRoleId</con:sourceType>
        <con:sourceStep>#TestCase#</con:sourceStep>
        <con:targetType>req_fromSalesOrgId</con:targetType>
        <con:targetStep>1 - Add interaction item (nonserialized product)</con:targetStep>
        <con:upgraded>true</con:upgraded>
      </con:transfers>
      <con:transfers setNullOnMissingSource="true" transferTextContent="true" failOnError="true" ignoreEmpty="false" transferToAll="false" entitize="false" transferChildNodes="false">
        <con:name>fromPlace</con:name>
        <con:sourceType>fromPlaceId</con:sourceType>
        <con:sourceStep>#TestCase#</con:sourceStep>
        <con:targetType>req_fromPlaceId</con:targetType>
        <con:targetStep>1 - Add interaction item (nonserialized product)</con:targetStep>
        <con:upgraded>true</con:upgraded>
      </con:transfers>
    </con:config>
  </con:testStep>
  <con:testStep type="calltestcase" name="1 - Add interaction item (nonserialized product)" id="e3242002-9ef7-4dbb-97e0-7ab765c70513">
    <con:settings/>
    <con:config xsi:type="con:RunTestCaseStep" xmlns:xsi="http://www.w3.org/2001/XMLSchema-instance">
      <con:targetTestCase>5ba3e75e-1efa-4afc-9935-18c598459fa3</con:targetTestCase>
      <con:properties>
        <con:property>
          <con:name>req_biId</con:name>
          <con:value>4231</con:value>
        </con:property>
        <con:property>
          <con:name>req_fromSalesOrgId</con:name>
          <con:value>139</con:value>
        </con:property>
        <con:property>
          <con:name>req_fromPlaceId</con:name>
          <con:value>72</con:value>
        </con:property>
        <con:property>
          <con:name>req_productId</con:name>
          <con:value>198</con:value>
        </con:property>
        <con:property>
          <con:name>req_productQuantity</con:name>
          <con:value>2</con:value>
        </con:property>
        <con:property>
          <con:name>res_itemId</con:name>
          <con:value>871</con:value>
        </con:property>
        <con:property>
          <con:name>res_httpStatus</con:name>
          <con:value>201</con:value>
        </con:property>
        <con:property>
          <con:name>res_code</con:name>
          <con:value xsi:nil="true"/>
        </con:property>
      </con:properties>
      <con:returnProperties>
        <con:entry>res_itemId</con:entry>
        <con:entry>res_httpStatus</con:entry>
        <con:entry>res_code</con:entry>
      </con:returnProperties>
      <con:runMode>PARALLELL</con:runMode>
    </con:config>
  </con:testStep>
  <con:testStep type="assertionteststep" name="Assert item added successfully" id="5c16f259-dec1-4d28-a56d-e089efbbb081">
    <con:settings/>
    <con:config xsi:type="con:AssertionTestStep" xmlns:xsi="http://www.w3.org/2001/XMLSchema-instance">
      <con:entry>
        <con:id>19159026-f2f5-42de-b53e-d188c02f6a1d</con:id>
        <con:isGroup>false</con:isGroup>
        <con:sourceId>e3242002-9ef7-4dbb-97e0-7ab765c70513</con:sourceId>
        <con:propertyName>res_httpStatus</con:propertyName>
        <con:assertion type="Simple Equals" name="Equals" id="02208292-f271-4cb4-b83e-ab4a19338fc7">
          <con:configuration>
            <patternObjectId>8bd80fe4-43d6-40aa-9c39-c0e035968197</patternObjectId>
            <patternProperty>res_201</patternProperty>
            <caseSensitive>true</caseSensitive>
          </con:configuration>
        </con:assertion>
      </con:entry>
      <con:entry>
        <con:id>e4ce9f3c-0e26-457c-a968-ea229d04897f</con:id>
        <con:isGroup>false</con:isGroup>
        <con:sourceId>e3242002-9ef7-4dbb-97e0-7ab765c70513</con:sourceId>
        <con:propertyName>res_itemId</con:propertyName>
        <con:assertion type="Simple Contains" name="Contains" id="bce5ed5b-8aaa-41d7-8b60-1365b66044b3">
          <con:configuration>
            <token>\d+</token>
            <ignoreCase>false</ignoreCase>
            <useRegEx>true</useRegEx>
          </con:configuration>
        </con:assertion>
      </con:entry>
    </con:config>
  </con:testStep>
  <con:testStep type="transfer" name="Set add interaction item (serialized product)" id="a41b356f-3c41-4964-80dd-bbdf664fdfd2">
    <con:settings/>
    <con:config xsi:type="con:PropertyTransfersStep" xmlns:xsi="http://www.w3.org/2001/XMLSchema-instance">
      <con:transfers setNullOnMissingSource="true" transferTextContent="true" failOnError="true" ignoreEmpty="false" transferToAll="false" entitize="false" transferChildNodes="false">
        <con:name>biId</con:name>
        <con:sourceType>res_biId</con:sourceType>
        <con:sourceStep>Create product reservation interaction</con:sourceStep>
        <con:sourcePath/>
        <con:targetType>req_biId</con:targetType>
        <con:targetStep>2 - Add interaction item (serialized product)</con:targetStep>
        <con:targetPath/>
        <con:upgraded>true</con:upgraded>
      </con:transfers>
      <con:transfers setNullOnMissingSource="true" transferTextContent="true" failOnError="true" ignoreEmpty="false" transferToAll="false" entitize="false" transferChildNodes="false">
        <con:name>productId</con:name>
        <con:sourceType>serializedProductId</con:sourceType>
        <con:sourceStep>Create initial data and products</con:sourceStep>
        <con:targetType>req_productId</con:targetType>
        <con:targetStep>2 - Add interaction item (serialized product)</con:targetStep>
        <con:upgraded>true</con:upgraded>
      </con:transfers>
      <con:transfers setNullOnMissingSource="true" transferTextContent="true" failOnError="true" ignoreEmpty="false" transferToAll="false" entitize="false" transferChildNodes="false">
        <con:name>quantity</con:name>
        <con:sourceType>reservationQuantity</con:sourceType>
        <con:sourceStep>Given properties for the test steps</con:sourceStep>
        <con:targetType>req_productQuantity</con:targetType>
        <con:targetStep>2 - Add interaction item (serialized product)</con:targetStep>
        <con:upgraded>true</con:upgraded>
      </con:transfers>
      <con:transfers setNullOnMissingSource="true" transferTextContent="true" failOnError="true" ignoreEmpty="false" transferToAll="false" entitize="false" transferChildNodes="false">
        <con:name>fromSalesOrg</con:name>
        <con:sourceType>fromSalesOrgRoleId</con:sourceType>
        <con:sourceStep>#TestCase#</con:sourceStep>
        <con:targetType>req_fromSalesOrgId</con:targetType>
        <con:targetStep>2 - Add interaction item (serialized product)</con:targetStep>
        <con:upgraded>true</con:upgraded>
      </con:transfers>
      <con:transfers setNullOnMissingSource="true" transferTextContent="true" failOnError="true" ignoreEmpty="false" transferToAll="false" entitize="false" transferChildNodes="false">
        <con:name>fromPlace</con:name>
        <con:sourceType>fromPlaceId</con:sourceType>
        <con:sourceStep>#TestCase#</con:sourceStep>
        <con:targetType>req_fromPlaceId</con:targetType>
        <con:targetStep>2 - Add interaction item (serialized product)</con:targetStep>
        <con:upgraded>true</con:upgraded>
      </con:transfers>
      <con:transfers setNullOnMissingSource="true" transferTextContent="true" failOnError="true" ignoreEmpty="false" transferToAll="false" entitize="false" transferChildNodes="false" disabled="false">
        <con:name>serialNumber</con:name>
        <con:sourceType>startSerial</con:sourceType>
        <con:sourceStep>Given properties for the test steps</con:sourceStep>
        <con:targetType>req_serialNumber</con:targetType>
        <con:targetStep>2 - Add interaction item (serialized product)</con:targetStep>
        <con:upgraded>true</con:upgraded>
      </con:transfers>
    </con:config>
  </con:testStep>
  <con:testStep type="calltestcase" name="2 - Add interaction item (serialized product)" id="5f203bf2-0721-4c7e-aee2-e985c3046a02">
    <con:settings/>
    <con:config xsi:type="con:RunTestCaseStep" xmlns:xsi="http://www.w3.org/2001/XMLSchema-instance">
      <con:targetTestCase>7043af8a-00a2-4972-9909-7203fcd49a43</con:targetTestCase>
      <con:properties>
        <con:property>
          <con:name>req_biId</con:name>
          <con:value>4231</con:value>
        </con:property>
        <con:property>
          <con:name>req_fromSalesOrgId</con:name>
          <con:value>139</con:value>
        </con:property>
        <con:property>
          <con:name>req_fromPlaceId</con:name>
          <con:value>72</con:value>
        </con:property>
        <con:property>
          <con:name>req_productId</con:name>
          <con:value>196</con:value>
        </con:property>
        <con:property>
          <con:name>req_productQuantity</con:name>
          <con:value>2</con:value>
        </con:property>
        <con:property>
          <con:name>res_itemId</con:name>
          <con:value>873</con:value>
        </con:property>
        <con:property>
          <con:name>res_httpStatus</con:name>
          <con:value>201</con:value>
        </con:property>
        <con:property>
          <con:name>res_code</con:name>
          <con:value xsi:nil="true"/>
        </con:property>
        <con:property>
          <con:name>req_serialNumber</con:name>
          <con:value>1686521</con:value>
        </con:property>
      </con:properties>
      <con:returnProperties>
        <con:entry>res_itemId</con:entry>
        <con:entry>res_httpStatus</con:entry>
        <con:entry>res_code</con:entry>
      </con:returnProperties>
      <con:runMode>PARALLELL</con:runMode>
    </con:config>
  </con:testStep>
  <con:testStep type="assertionteststep" name="Assert serialized product added success" id="4b52706d-8f22-4c35-93eb-3d5c6143ba27">
    <con:settings/>
    <con:config xsi:type="con:AssertionTestStep" xmlns:xsi="http://www.w3.org/2001/XMLSchema-instance">
      <con:entry>
        <con:id>0478dc87-10dc-45e2-83b0-df89f82ff259</con:id>
        <con:isGroup>false</con:isGroup>
        <con:sourceId>5f203bf2-0721-4c7e-aee2-e985c3046a02</con:sourceId>
        <con:propertyName>res_itemId</con:propertyName>
        <con:assertion type="Simple Contains" name="Contains" id="ce089973-a097-43dc-8d47-598c53e86800">
          <con:configuration>
            <token>\d+</token>
            <ignoreCase>false</ignoreCase>
            <useRegEx>true</useRegEx>
          </con:configuration>
        </con:assertion>
      </con:entry>
      <con:entry>
        <con:id>a4c9f8b2-229a-4a3c-b142-969bb8c32d43</con:id>
        <con:isGroup>false</con:isGroup>
        <con:sourceId>5f203bf2-0721-4c7e-aee2-e985c3046a02</con:sourceId>
        <con:propertyName>res_httpStatus</con:propertyName>
        <con:assertion type="Simple Equals" name="Equals" id="5514ff0a-49b1-4235-b009-af8c3d1f8cda">
          <con:configuration>
            <patternObjectId>8bd80fe4-43d6-40aa-9c39-c0e035968197</patternObjectId>
            <patternProperty>res_201</patternProperty>
            <caseSensitive>true</caseSensitive>
          </con:configuration>
        </con:assertion>
      </con:entry>
    </con:config>
  </con:testStep>
  <con:testStep type="transfer" name="Set add interaction item(serialized without range)" id="b5b2c8c1-113a-4a26-910c-e62b2f3e79ae">
    <con:settings/>
    <con:config xsi:type="con:PropertyTransfersStep" xmlns:xsi="http://www.w3.org/2001/XMLSchema-instance">
      <con:transfers setNullOnMissingSource="true" transferTextContent="true" failOnError="true" ignoreEmpty="false" transferToAll="false" entitize="false" transferChildNodes="false">
        <con:name>biId</con:name>
        <con:sourceType>res_biId</con:sourceType>
        <con:sourceStep>Create product reservation interaction</con:sourceStep>
        <con:sourcePath/>
        <con:targetType>req_biId</con:targetType>
        <con:targetStep>3 - Add interaction item(serialized without range)</con:targetStep>
        <con:targetPath/>
        <con:upgraded>true</con:upgraded>
      </con:transfers>
      <con:transfers setNullOnMissingSource="true" transferTextContent="true" failOnError="true" ignoreEmpty="false" transferToAll="false" entitize="false" transferChildNodes="false">
        <con:name>productId</con:name>
        <con:sourceType>serializedWithoutRangeProductId</con:sourceType>
        <con:sourceStep>Create initial data and products</con:sourceStep>
        <con:targetType>req_productId</con:targetType>
        <con:targetStep>3 - Add interaction item(serialized without range)</con:targetStep>
        <con:upgraded>true</con:upgraded>
      </con:transfers>
      <con:transfers setNullOnMissingSource="true" transferTextContent="true" failOnError="true" ignoreEmpty="false" transferToAll="false" entitize="false" transferChildNodes="false">
        <con:name>quantity</con:name>
        <con:sourceType>quantityOne</con:sourceType>
        <con:sourceStep>Given properties for the test steps</con:sourceStep>
        <con:targetType>req_productQuantity</con:targetType>
        <con:targetStep>3 - Add interaction item(serialized without range)</con:targetStep>
        <con:upgraded>true</con:upgraded>
      </con:transfers>
      <con:transfers setNullOnMissingSource="true" transferTextContent="true" failOnError="true" ignoreEmpty="false" transferToAll="false" entitize="false" transferChildNodes="false">
        <con:name>fromSalesOrg</con:name>
        <con:sourceType>fromSalesOrgRoleId</con:sourceType>
        <con:sourceStep>#TestCase#</con:sourceStep>
        <con:targetType>req_fromSalesOrgId</con:targetType>
        <con:targetStep>3 - Add interaction item(serialized without range)</con:targetStep>
        <con:upgraded>true</con:upgraded>
      </con:transfers>
      <con:transfers setNullOnMissingSource="true" transferTextContent="true" failOnError="true" ignoreEmpty="false" transferToAll="false" entitize="false" transferChildNodes="false">
        <con:name>fromPlace</con:name>
        <con:sourceType>fromPlaceId</con:sourceType>
        <con:sourceStep>#TestCase#</con:sourceStep>
        <con:targetType>req_fromPlaceId</con:targetType>
        <con:targetStep>3 - Add interaction item(serialized without range)</con:targetStep>
        <con:upgraded>true</con:upgraded>
      </con:transfers>
      <con:transfers setNullOnMissingSource="true" transferTextContent="true" failOnError="true" ignoreEmpty="false" transferToAll="false" entitize="false" transferChildNodes="false" disabled="false">
        <con:name>serialNumber</con:name>
        <con:sourceType>serializedWithoutRangeProductSerialText</con:sourceType>
        <con:sourceStep>Create initial data and products</con:sourceStep>
        <con:targetType>req_serialNumber</con:targetType>
        <con:targetStep>3 - Add interaction item(serialized without range)</con:targetStep>
        <con:upgraded>true</con:upgraded>
      </con:transfers>
    </con:config>
  </con:testStep>
  <con:testStep type="calltestcase" name="3 - Add interaction item(serialized without range)" id="567acf26-1f6d-46bf-bdc8-73c8a9ebd6a6">
    <con:settings/>
    <con:config xsi:type="con:RunTestCaseStep" xmlns:xsi="http://www.w3.org/2001/XMLSchema-instance">
      <con:targetTestCase>7043af8a-00a2-4972-9909-7203fcd49a43</con:targetTestCase>
      <con:properties>
        <con:property>
          <con:name>req_biId</con:name>
          <con:value>4231</con:value>
        </con:property>
        <con:property>
          <con:name>req_fromSalesOrgId</con:name>
          <con:value>139</con:value>
        </con:property>
        <con:property>
          <con:name>req_fromPlaceId</con:name>
          <con:value>72</con:value>
        </con:property>
        <con:property>
          <con:name>req_serialNumber</con:name>
          <con:value>16982962a</con:value>
        </con:property>
        <con:property>
          <con:name>req_productId</con:name>
          <con:value>197</con:value>
        </con:property>
        <con:property>
          <con:name>req_productQuantity</con:name>
          <con:value>1</con:value>
        </con:property>
        <con:property>
          <con:name>res_itemId</con:name>
          <con:value>875</con:value>
        </con:property>
        <con:property>
          <con:name>res_httpStatus</con:name>
          <con:value>201</con:value>
        </con:property>
        <con:property>
          <con:name>res_code</con:name>
          <con:value xsi:nil="true"/>
        </con:property>
      </con:properties>
      <con:returnProperties>
        <con:entry>res_itemId</con:entry>
        <con:entry>res_httpStatus</con:entry>
        <con:entry>res_code</con:entry>
      </con:returnProperties>
      <con:runMode>PARALLELL</con:runMode>
    </con:config>
  </con:testStep>
  <con:testStep type="assertionteststep" name="Assertion serialized without range product added success" id="1b3345b7-bced-46b4-8af6-a903673e2679">
    <con:settings/>
    <con:config xsi:type="con:AssertionTestStep" xmlns:xsi="http://www.w3.org/2001/XMLSchema-instance">
      <con:entry>
        <con:id>10d6f185-0e40-4980-bd33-963f83e6f617</con:id>
        <con:isGroup>false</con:isGroup>
        <con:sourceId>567acf26-1f6d-46bf-bdc8-73c8a9ebd6a6</con:sourceId>
        <con:propertyName>res_httpStatus</con:propertyName>
        <con:assertion type="Simple Equals" name="Equals" id="a5ba3c58-8424-4e61-a25e-ba4a2b15415a">
          <con:configuration>
            <patternObjectId>8bd80fe4-43d6-40aa-9c39-c0e035968197</patternObjectId>
            <patternProperty>res_201</patternProperty>
            <caseSensitive>true</caseSensitive>
          </con:configuration>
        </con:assertion>
      </con:entry>
      <con:entry>
        <con:id>2a2bf7d3-5ece-4a8b-b605-ef5ace87c2b7</con:id>
        <con:isGroup>false</con:isGroup>
        <con:sourceId>567acf26-1f6d-46bf-bdc8-73c8a9ebd6a6</con:sourceId>
        <con:propertyName>res_itemId</con:propertyName>
        <con:assertion type="Simple Contains" name="Contains" id="630f5ccb-f2b5-401f-909b-27ca230a19a1">
          <con:configuration>
            <token>\d+</token>
            <ignoreCase>false</ignoreCase>
            <useRegEx>true</useRegEx>
          </con:configuration>
        </con:assertion>
      </con:entry>
    </con:config>
  </con:testStep>
  <con:testStep type="transfer" name="Set add nonserialized product item for DELETE" id="9ff8f55e-2059-43ee-ab60-e9fe57503d6c">
    <con:settings/>
    <con:config xsi:type="con:PropertyTransfersStep" xmlns:xsi="http://www.w3.org/2001/XMLSchema-instance">
      <con:transfers setNullOnMissingSource="true" transferTextContent="true" failOnError="true" ignoreEmpty="false" transferToAll="false" entitize="false" transferChildNodes="false">
        <con:name>biId</con:name>
        <con:sourceType>res_biId</con:sourceType>
        <con:sourceStep>Create product reservation interaction</con:sourceStep>
        <con:sourcePath/>
        <con:targetType>req_biId</con:targetType>
        <con:targetStep>Add nonserialized product item for DELETE</con:targetStep>
        <con:targetPath/>
        <con:upgraded>true</con:upgraded>
      </con:transfers>
      <con:transfers setNullOnMissingSource="true" transferTextContent="true" failOnError="true" ignoreEmpty="false" transferToAll="false" entitize="false" transferChildNodes="false">
        <con:name>productId</con:name>
        <con:sourceType>NonSerializedProductId</con:sourceType>
        <con:sourceStep>Given properties for the test steps</con:sourceStep>
        <con:targetType>req_productId</con:targetType>
        <con:targetStep>Add nonserialized product item for DELETE</con:targetStep>
        <con:upgraded>true</con:upgraded>
      </con:transfers>
      <con:transfers setNullOnMissingSource="true" transferTextContent="true" failOnError="true" ignoreEmpty="false" transferToAll="false" entitize="false" transferChildNodes="false">
        <con:name>quantity</con:name>
        <con:sourceType>reservationQuantity</con:sourceType>
        <con:sourceStep>Given properties for the test steps</con:sourceStep>
        <con:targetType>req_productQuantity</con:targetType>
        <con:targetStep>Add nonserialized product item for DELETE</con:targetStep>
        <con:upgraded>true</con:upgraded>
      </con:transfers>
      <con:transfers setNullOnMissingSource="true" transferTextContent="true" failOnError="true" ignoreEmpty="false" transferToAll="false" entitize="false" transferChildNodes="false">
        <con:name>fromSalesOrg</con:name>
        <con:sourceType>fromSalesOrgRoleId</con:sourceType>
        <con:sourceStep>#TestCase#</con:sourceStep>
        <con:targetType>req_fromSalesOrgId</con:targetType>
        <con:targetStep>Add nonserialized product item for DELETE</con:targetStep>
        <con:upgraded>true</con:upgraded>
      </con:transfers>
      <con:transfers setNullOnMissingSource="true" transferTextContent="true" failOnError="true" ignoreEmpty="false" transferToAll="false" entitize="false" transferChildNodes="false">
        <con:name>fromPlace</con:name>
        <con:sourceType>fromPlaceId</con:sourceType>
        <con:sourceStep>#TestCase#</con:sourceStep>
        <con:targetType>req_fromPlaceId</con:targetType>
        <con:targetStep>Add nonserialized product item for DELETE</con:targetStep>
        <con:upgraded>true</con:upgraded>
      </con:transfers>
    </con:config>
  </con:testStep>
  <con:testStep type="calltestcase" name="Add nonserialized product item for DELETE" id="57731451-8516-41f5-9d86-af9f7adf13bd">
    <con:settings/>
    <con:config xsi:type="con:RunTestCaseStep" xmlns:xsi="http://www.w3.org/2001/XMLSchema-instance">
      <con:targetTestCase>5ba3e75e-1efa-4afc-9935-18c598459fa3</con:targetTestCase>
      <con:properties>
        <con:property>
          <con:name>req_biId</con:name>
          <con:value>4231</con:value>
        </con:property>
        <con:property>
          <con:name>req_fromSalesOrgId</con:name>
          <con:value>139</con:value>
        </con:property>
        <con:property>
          <con:name>req_fromPlaceId</con:name>
          <con:value>72</con:value>
        </con:property>
        <con:property>
          <con:name>req_productId</con:name>
          <con:value>198</con:value>
        </con:property>
        <con:property>
          <con:name>req_productQuantity</con:name>
          <con:value>2</con:value>
        </con:property>
        <con:property>
          <con:name>res_itemId</con:name>
          <con:value>877</con:value>
        </con:property>
        <con:property>
          <con:name>res_httpStatus</con:name>
          <con:value>201</con:value>
        </con:property>
        <con:property>
          <con:name>res_code</con:name>
          <con:value xsi:nil="true"/>
        </con:property>
      </con:properties>
      <con:returnProperties>
        <con:entry>res_httpStatus</con:entry>
        <con:entry>res_newProductId</con:entry>
        <con:entry>res_itemId</con:entry>
        <con:entry>res_code</con:entry>
      </con:returnProperties>
      <con:runMode>PARALLELL</con:runMode>
    </con:config>
  </con:testStep>
  <con:testStep type="assertionteststep" name="Assert nonserialized product item added for DELETE" id="b8ed6af5-cb79-4ff4-af22-bcb70fa1878d">
    <con:settings/>
    <con:config xsi:type="con:AssertionTestStep" xmlns:xsi="http://www.w3.org/2001/XMLSchema-instance">
      <con:entry>
        <con:id>65a7a14c-fab0-439b-b768-0ebc09268d5c</con:id>
        <con:isGroup>false</con:isGroup>
        <con:sourceId>57731451-8516-41f5-9d86-af9f7adf13bd</con:sourceId>
        <con:propertyName>res_httpStatus</con:propertyName>
        <con:assertion type="Simple Equals" name="Equals" id="da5cf219-7642-4c54-8516-4ccca8130db7">
          <con:configuration>
            <patternObjectId>8bd80fe4-43d6-40aa-9c39-c0e035968197</patternObjectId>
            <patternProperty>res_201</patternProperty>
            <caseSensitive>true</caseSensitive>
          </con:configuration>
        </con:assertion>
      </con:entry>
      <con:entry>
        <con:id>c22c25ca-4d80-4d15-bfbb-1a40672b081d</con:id>
        <con:isGroup>false</con:isGroup>
        <con:sourceId>57731451-8516-41f5-9d86-af9f7adf13bd</con:sourceId>
        <con:propertyName>res_itemId</con:propertyName>
        <con:assertion type="Simple Contains" name="Contains" id="a36cd6e7-f617-4df3-b0eb-319bb5124e51">
          <con:configuration>
            <token>\d+</token>
            <ignoreCase>false</ignoreCase>
            <useRegEx>true</useRegEx>
          </con:configuration>
        </con:assertion>
      </con:entry>
    </con:config>
  </con:testStep>
  <con:testStep type="transfer" name="Set DELETE nonserialized product item with external system" id="0c014396-4bcd-4425-b28e-1203fcecfc8f">
    <con:settings/>
    <con:config xsi:type="con:PropertyTransfersStep" xmlns:xsi="http://www.w3.org/2001/XMLSchema-instance">
      <con:transfers setNullOnMissingSource="true" transferTextContent="true" failOnError="true" ignoreEmpty="false" transferToAll="false" entitize="false" transferChildNodes="false">
        <con:name>biId</con:name>
        <con:sourceType>res_biId</con:sourceType>
        <con:sourceStep>Create product reservation interaction</con:sourceStep>
        <con:sourcePath/>
        <con:targetType>req_biId</con:targetType>
        <con:targetStep>DELETE nonserialized product item with external system</con:targetStep>
        <con:targetPath/>
        <con:upgraded>true</con:upgraded>
      </con:transfers>
      <con:transfers setNullOnMissingSource="true" transferTextContent="true" failOnError="true" ignoreEmpty="false" transferToAll="false" entitize="false" transferChildNodes="false">
        <con:name>itemId</con:name>
        <con:sourceType>res_itemId</con:sourceType>
        <con:sourceStep>Add nonserialized product item for DELETE</con:sourceStep>
        <con:targetType>req_itemId</con:targetType>
        <con:targetStep>DELETE nonserialized product item with external system</con:targetStep>
        <con:upgraded>true</con:upgraded>
      </con:transfers>
      <con:transfers setNullOnMissingSource="true" transferTextContent="true" failOnError="true" ignoreEmpty="false" transferToAll="false" entitize="false" transferChildNodes="false">
        <con:name>extSystem</con:name>
        <con:sourceType>externalSystem</con:sourceType>
        <con:sourceStep>Given properties for the test steps</con:sourceStep>
        <con:targetType>req_externalSystem</con:targetType>
        <con:targetStep>DELETE nonserialized product item with external system</con:targetStep>
        <con:upgraded>true</con:upgraded>
      </con:transfers>
    </con:config>
  </con:testStep>
  <con:testStep type="calltestcase" name="DELETE nonserialized product item with external system" id="f0189b9b-8743-4cf4-962a-d0bea3619a9a">
    <con:settings/>
    <con:config xsi:type="con:RunTestCaseStep" xmlns:xsi="http://www.w3.org/2001/XMLSchema-instance">
      <con:targetTestCase>ed10c714-5d47-4fcf-b7d1-fcf48daa4bba</con:targetTestCase>
      <con:properties>
        <con:property>
          <con:name>req_biId</con:name>
          <con:value>4231</con:value>
        </con:property>
        <con:property>
          <con:name>req_itemId</con:name>
          <con:value>877</con:value>
        </con:property>
        <con:property>
          <con:name>res_biId</con:name>
          <con:value>877</con:value>
        </con:property>
        <con:property>
          <con:name>res_httpStatus</con:name>
          <con:value>200</con:value>
        </con:property>
        <con:property>
          <con:name>res_code</con:name>
          <con:value xsi:nil="true"/>
        </con:property>
        <con:property>
          <con:name>req_externalSystem</con:name>
          <con:value>ext-system-${=java.util.UUID.randomUUID()}</con:value>
        </con:property>
      </con:properties>
      <con:returnProperties>
        <con:entry>res_biId</con:entry>
        <con:entry>res_httpStatus</con:entry>
        <con:entry>res_code</con:entry>
      </con:returnProperties>
      <con:runMode>PARALLELL</con:runMode>
    </con:config>
  </con:testStep>
  <con:testStep type="assertionteststep" name="Assert item deleted successfully" id="6b7f2340-c9ca-4685-a4e8-1a0dd5dfeffb">
    <con:settings/>
    <con:config xsi:type="con:AssertionTestStep" xmlns:xsi="http://www.w3.org/2001/XMLSchema-instance">
      <con:entry>
        <con:id>8276075c-e02c-4de4-a551-c96d4d1fa0ea</con:id>
        <con:isGroup>false</con:isGroup>
        <con:sourceId>f0189b9b-8743-4cf4-962a-d0bea3619a9a</con:sourceId>
        <con:propertyName>res_httpStatus</con:propertyName>
        <con:assertion type="Simple Equals" name="Equals" id="6fc571c2-95c6-4e79-ae8b-458a0de890ba">
          <con:configuration>
            <patternObjectId>6a5c0895-f263-4905-a94a-ed3eb792a62d</patternObjectId>
            <patternProperty>res_200</patternProperty>
            <caseSensitive>true</caseSensitive>
          </con:configuration>
        </con:assertion>
      </con:entry>
      <con:entry>
        <con:id>c4f63e4b-9b59-4e4f-9abb-c6fd798ef3d9</con:id>
        <con:isGroup>false</con:isGroup>
        <con:sourceId>f0189b9b-8743-4cf4-962a-d0bea3619a9a</con:sourceId>
        <con:propertyName>res_biId</con:propertyName>
        <con:assertion type="Simple Contains" name="Contains" id="545628de-fc91-414b-950d-e13c0cd78802">
          <con:configuration>
            <token>\d+</token>
            <ignoreCase>false</ignoreCase>
            <useRegEx>true</useRegEx>
          </con:configuration>
        </con:assertion>
      </con:entry>
    </con:config>
  </con:testStep>
  <con:testStep type="transfer" name="Set display interaction items" id="be4c722b-5af5-4fcd-94cd-ac8c869ae618">
    <con:settings/>
    <con:config xsi:type="con:PropertyTransfersStep" xmlns:xsi="http://www.w3.org/2001/XMLSchema-instance">
      <con:transfers setNullOnMissingSource="true" transferTextContent="true" failOnError="true" ignoreEmpty="false" transferToAll="false" entitize="false" transferChildNodes="false">
        <con:name>biId</con:name>
        <con:sourceType>res_biId</con:sourceType>
        <con:sourceStep>Create product reservation interaction</con:sourceStep>
        <con:sourcePath/>
        <con:targetType>req_biId</con:targetType>
        <con:targetStep>Display interaction items</con:targetStep>
        <con:targetPath/>
        <con:upgraded>true</con:upgraded>
      </con:transfers>
    </con:config>
  </con:testStep>
  <con:testStep type="calltestcase" name="Display interaction items" id="6c16e6da-1c92-4d0c-8cdf-84d3520acda6">
    <con:settings/>
    <con:config xsi:type="con:RunTestCaseStep" xmlns:xsi="http://www.w3.org/2001/XMLSchema-instance">
      <con:targetTestCase>674fa235-723e-4f0b-9b06-3ff2b653bf00</con:targetTestCase>
      <con:properties>
        <con:property>
          <con:name>req_biId</con:name>
          <con:value>4231</con:value>
        </con:property>
        <con:property>
          <con:name>res_httpStatus</con:name>
          <con:value>200</con:value>
        </con:property>
        <con:property>
          <con:name>response</con:name>
          <con:value>{"items":[{"productInformation":{"quantity":2,"status":"Sellable","isPaired":false,"description":"Mouse Button Count : 1","productSpecification":{"id":"3"}},"id":"871"},{"productInformation":{"quantity":2,"status":"Sellable","serialNumberRange":{"start":1686521,"end":1686522},"isPaired":false,"description":"Memory : 32 GB; Processor : A7","productSpecification":{"id":"1"},"batchId":"169"},"id":"873"},{"productInformation":{"quantity":1,"status":"Sellable","serialNumber":"16982962a","isPaired":false,"description":"Screen Size : 5.4; Memory : 32 GB; Processor : M10","productSpecification":{"id":"2"},"batchId":"170"},"id":"875"}]}</con:value>
        </con:property>
      </con:properties>
      <con:returnProperties>
        <con:entry>res_httpStatus</con:entry>
        <con:entry>response</con:entry>
      </con:returnProperties>
      <con:runMode>PARALLELL</con:runMode>
    </con:config>
  </con:testStep>
  <con:testStep type="assertionteststep" name="Assert items listed" id="8af9a0a7-eddd-4f42-a7fe-891f29db0792">
    <con:settings/>
    <con:config xsi:type="con:AssertionTestStep" xmlns:xsi="http://www.w3.org/2001/XMLSchema-instance">
      <con:entry>
        <con:id>9eebcd4e-bdf5-459d-b095-e8a8aae89b44</con:id>
        <con:isGroup>false</con:isGroup>
        <con:sourceId>6c16e6da-1c92-4d0c-8cdf-84d3520acda6</con:sourceId>
        <con:propertyName>res_httpStatus</con:propertyName>
        <con:assertion type="Simple Equals" name="Equals" id="a9211de0-431f-4ed6-be51-4355702eccc0">
          <con:configuration>
            <patternObjectId>8bd80fe4-43d6-40aa-9c39-c0e035968197</patternObjectId>
            <patternProperty>res_200</patternProperty>
            <caseSensitive>true</caseSensitive>
          </con:configuration>
        </con:assertion>
      </con:entry>
      <con:entry>
        <con:id>9b6d3bca-c8d6-4d50-86cc-11b04056499b</con:id>
        <con:isGroup>false</con:isGroup>
        <con:sourceId>6c16e6da-1c92-4d0c-8cdf-84d3520acda6</con:sourceId>
        <con:propertyName>response</con:propertyName>
        <con:assertion type="Simple Contains" name="Contains" id="6804c118-61a4-4e7c-99a0-d420855b9f40">
          <con:configuration>
            <token>\w+</token>
            <ignoreCase>false</ignoreCase>
            <useRegEx>true</useRegEx>
          </con:configuration>
        </con:assertion>
      </con:entry>
    </con:config>
  </con:testStep>
  <con:testStep type="transfer" name="Set submit draft product reservation interaction 2" id="f76facd2-7e78-4273-9c4c-297b8385c9cb">
    <con:settings/>
    <con:config xsi:type="con:PropertyTransfersStep" xmlns:xsi="http://www.w3.org/2001/XMLSchema-instance">
      <con:transfers setNullOnMissingSource="true" transferTextContent="true" failOnError="true" ignoreEmpty="false" transferToAll="false" entitize="false" transferChildNodes="false">
        <con:name>biId</con:name>
        <con:sourceType>res_biId</con:sourceType>
        <con:sourceStep>Create product reservation interaction</con:sourceStep>
        <con:sourcePath/>
        <con:targetType>req_biId</con:targetType>
        <con:targetStep>Submit draft product reservation interaction</con:targetStep>
        <con:targetPath/>
        <con:upgraded>true</con:upgraded>
      </con:transfers>
    </con:config>
  </con:testStep>
  <con:testStep type="calltestcase" name="Submit draft product reservation interaction" id="e9ea9c65-5627-447e-87a3-df87bdff71a8">
    <con:settings/>
    <con:config xsi:type="con:RunTestCaseStep" xmlns:xsi="http://www.w3.org/2001/XMLSchema-instance">
      <con:targetTestCase>634030de-fd9c-4898-9cd0-2ab2d9827fd9</con:targetTestCase>
      <con:properties>
        <con:property>
          <con:name>req_biId</con:name>
          <con:value>4231</con:value>
        </con:property>
        <con:property>
          <con:name>res_code</con:name>
          <con:value xsi:nil="true"/>
        </con:property>
        <con:property>
          <con:name>res_httpStatus</con:name>
          <con:value>200</con:value>
        </con:property>
        <con:property>
          <con:name>res_id</con:name>
          <con:value>4231</con:value>
        </con:property>
      </con:properties>
      <con:returnProperties>
        <con:entry>res_code</con:entry>
        <con:entry>res_httpStatus</con:entry>
        <con:entry>res_id</con:entry>
      </con:returnProperties>
      <con:runMode>PARALLELL</con:runMode>
    </con:config>
  </con:testStep>
  <con:testStep type="assertionteststep" name="Assert interaction submitted ONGOING status" id="ba81cca5-d76b-490c-84bb-44cb578eee80">
    <con:settings/>
    <con:config xsi:type="con:AssertionTestStep" xmlns:xsi="http://www.w3.org/2001/XMLSchema-instance">
      <con:entry>
        <con:id>ac4fd3fb-5aaf-4fae-8e56-84b7b2938f1f</con:id>
        <con:isGroup>false</con:isGroup>
        <con:sourceId>e9ea9c65-5627-447e-87a3-df87bdff71a8</con:sourceId>
        <con:propertyName>res_httpStatus</con:propertyName>
        <con:assertion type="Simple Equals" name="Equals" id="6c56098e-62b5-44c6-8889-0a3254422661">
          <con:configuration>
            <patternObjectId>8bd80fe4-43d6-40aa-9c39-c0e035968197</patternObjectId>
            <patternProperty>res_200</patternProperty>
            <caseSensitive>true</caseSensitive>
          </con:configuration>
        </con:assertion>
      </con:entry>
      <con:entry>
        <con:id>7f70612b-7a8b-440a-befe-af3ac46d7135</con:id>
        <con:isGroup>false</con:isGroup>
        <con:sourceId>e9ea9c65-5627-447e-87a3-df87bdff71a8</con:sourceId>
        <con:propertyName>res_id</con:propertyName>
        <con:assertion type="Simple Contains" name="Contains" id="d3db626d-2832-4606-b85c-7cc920453ddc">
          <con:configuration>
            <token>\d+</token>
            <ignoreCase>false</ignoreCase>
            <useRegEx>true</useRegEx>
          </con:configuration>
        </con:assertion>
      </con:entry>
    </con:config>
  </con:testStep>
  <con:testStep type="transfer" name="Set create product reservation interaction 2" id="2286f9a0-2465-46bd-b8ac-36f737715772">
    <con:settings/>
    <con:config xsi:type="con:PropertyTransfersStep" xmlns:xsi="http://www.w3.org/2001/XMLSchema-instance">
      <con:transfers setNullOnMissingSource="true" transferTextContent="true" failOnError="true" ignoreEmpty="false" transferToAll="false" entitize="false" transferChildNodes="false">
        <con:name>userId</con:name>
        <con:sourceType>userId</con:sourceType>
        <con:sourceStep>Given properties for the test steps</con:sourceStep>
        <con:sourcePath/>
        <con:targetType>req_userId</con:targetType>
        <con:targetStep>Create product reservation interaction 2</con:targetStep>
        <con:targetPath/>
        <con:upgraded>true</con:upgraded>
      </con:transfers>
      <con:transfers setNullOnMissingSource="true" transferTextContent="true" failOnError="true" ignoreEmpty="false" transferToAll="false" entitize="false" transferChildNodes="false">
        <con:name>soId</con:name>
        <con:sourceType>soId</con:sourceType>
        <con:sourceStep>Given properties for the test steps</con:sourceStep>
        <con:targetType>req_soId</con:targetType>
        <con:targetStep>Create product reservation interaction 2</con:targetStep>
        <con:upgraded>true</con:upgraded>
      </con:transfers>
      <con:transfers setNullOnMissingSource="true" transferTextContent="true" failOnError="true" ignoreEmpty="false" transferToAll="false" entitize="false" transferChildNodes="false">
        <con:name>periodValue</con:name>
        <con:sourceType>reservationPeriodValue</con:sourceType>
        <con:sourceStep>Given properties for the test steps</con:sourceStep>
        <con:targetType>req_reservationPeriodValue</con:targetType>
        <con:targetStep>Create product reservation interaction 2</con:targetStep>
        <con:upgraded>true</con:upgraded>
      </con:transfers>
      <con:transfers setNullOnMissingSource="true" transferTextContent="true" failOnError="true" ignoreEmpty="false" transferToAll="false" entitize="false" transferChildNodes="false">
        <con:name>periodUnit</con:name>
        <con:sourceType>reservationPeriodUnit</con:sourceType>
        <con:sourceStep>Given properties for the test steps</con:sourceStep>
        <con:targetType>req_reservationPeriodUnit</con:targetType>
        <con:targetStep>Create product reservation interaction 2</con:targetStep>
        <con:upgraded>true</con:upgraded>
      </con:transfers>
      <con:transfers setNullOnMissingSource="true" transferTextContent="true" failOnError="true" ignoreEmpty="false" transferToAll="false" entitize="false" transferChildNodes="false">
        <con:name>biSpecCode</con:name>
        <con:sourceType>biSpecCode</con:sourceType>
        <con:sourceStep>Given properties for the test steps</con:sourceStep>
        <con:targetType>req_biSpecCode</con:targetType>
        <con:targetStep>Create product reservation interaction 2</con:targetStep>
        <con:upgraded>true</con:upgraded>
      </con:transfers>
    </con:config>
  </con:testStep>
  <con:testStep type="calltestcase" name="Create product reservation interaction 2" id="cbe474d9-ad92-469d-8dd2-802acea94d4e">
    <con:settings/>
    <con:config xsi:type="con:RunTestCaseStep" xmlns:xsi="http://www.w3.org/2001/XMLSchema-instance">
      <con:targetTestCase>685368a5-44c3-40eb-87cd-5e6cbef852aa</con:targetTestCase>
      <con:properties>
        <con:property>
          <con:name>req_userId</con:name>
          <con:value>141</con:value>
        </con:property>
        <con:property>
          <con:name>req_soId</con:name>
          <con:value>139</con:value>
        </con:property>
        <con:property>
          <con:name>req_reservationPeriodValue</con:name>
          <con:value>1</con:value>
        </con:property>
        <con:property>
          <con:name>req_reservationPeriodUnit</con:name>
          <con:value>Minute</con:value>
        </con:property>
        <con:property>
          <con:name>req_biSpecCode</con:name>
          <con:value>PRRESERVATIONBISPEC</con:value>
        </con:property>
        <con:property>
          <con:name>req_tag1</con:name>
          <con:value xsi:nil="true"/>
        </con:property>
        <con:property>
          <con:name>res_biId</con:name>
          <con:value>4241</con:value>
        </con:property>
        <con:property>
          <con:name>res_httpStatus</con:name>
          <con:value>201</con:value>
        </con:property>
        <con:property>
          <con:name>res_code</con:name>
          <con:value xsi:nil="true"/>
        </con:property>
      </con:properties>
      <con:returnProperties>
        <con:entry>res_biId</con:entry>
        <con:entry>res_httpStatus</con:entry>
        <con:entry>res_code</con:entry>
      </con:returnProperties>
      <con:runMode>PARALLELL</con:runMode>
    </con:config>
  </con:testStep>
  <con:testStep type="assertionteststep" name="Assert interaction created successfully 2" id="62dd9dc2-9f2c-42b8-9419-8d62e779d80d">
    <con:settings/>
    <con:config xsi:type="con:AssertionTestStep" xmlns:xsi="http://www.w3.org/2001/XMLSchema-instance">
      <con:entry>
        <con:id>9e81b97f-69c4-4ccf-82fb-b1660e9f418c</con:id>
        <con:isGroup>false</con:isGroup>
        <con:sourceId>cbe474d9-ad92-469d-8dd2-802acea94d4e</con:sourceId>
        <con:propertyName>res_httpStatus</con:propertyName>
        <con:assertion type="Simple Equals" name="Equals" id="2cc02dfc-b530-4483-beb5-0a45d38e40f5">
          <con:configuration>
            <patternObjectId>8bd80fe4-43d6-40aa-9c39-c0e035968197</patternObjectId>
            <patternProperty>res_201</patternProperty>
            <caseSensitive>true</caseSensitive>
          </con:configuration>
        </con:assertion>
      </con:entry>
      <con:entry>
        <con:id>db080442-8d1f-43c6-aaca-cdf3d5507e21</con:id>
        <con:isGroup>false</con:isGroup>
        <con:sourceId>cbe474d9-ad92-469d-8dd2-802acea94d4e</con:sourceId>
        <con:propertyName>res_biId</con:propertyName>
        <con:assertion type="Simple Contains" name="Contains" id="05fd01ad-d9fc-4bce-85c5-87bce8698654">
          <con:configuration>
            <token>\d+</token>
            <ignoreCase>false</ignoreCase>
            <useRegEx>true</useRegEx>
          </con:configuration>
        </con:assertion>
      </con:entry>
    </con:config>
  </con:testStep>
  <con:testStep type="datasource" name="DataSource for Delete item fail" id="9b6f2897-e3f3-4611-bd42-81d813953c41">
    <con:settings>
      <con:setting id="com.eviware.soapui.impl.wsdl.teststeps.datasource.DataSourceContainer@prepared-properties">&lt;xml-fragment/></con:setting>
    </con:settings>
    <con:config xsi:type="con:DataSourceStep" xmlns:xsi="http://www.w3.org/2001/XMLSchema-instance">
      <con:dataSource type="Grid">
        <con:configuration>
          <check><![CDATA[<xml-fragment><con:entry xmlns:con="http://eviware.com/soapui/config">true</con:entry><con:entry xmlns:con="http://eviware.com/soapui/config">true</con:entry><con:entry xmlns:con="http://eviware.com/soapui/config">true</con:entry></xml-fragment>]]></check>
          <row><![CDATA[<xml-fragment><con:entry xmlns:con="http://eviware.com/soapui/config">-1</con:entry><con:entry xmlns:con="http://eviware.com/soapui/config">${Add nonserialized product item for DELETE#res_itemId}</con:entry><con:entry xmlns:con="http://eviware.com/soapui/config">400</con:entry><con:entry xmlns:con="http://eviware.com/soapui/config"/></xml-fragment>]]></row>
          <row><![CDATA[<xml-fragment><con:entry xmlns:con="http://eviware.com/soapui/config">${Create product reservation interaction#res_biId}</con:entry><con:entry xmlns:con="http://eviware.com/soapui/config">${Add nonserialized product item for DELETE#res_itemId}</con:entry><con:entry xmlns:con="http://eviware.com/soapui/config">400</con:entry><con:entry xmlns:con="http://eviware.com/soapui/config"/></xml-fragment>]]></row>
          <row><![CDATA[<xml-fragment><con:entry xmlns:con="http://eviware.com/soapui/config">${Create product reservation interaction 2#res_biId}</con:entry><con:entry xmlns:con="http://eviware.com/soapui/config">-1</con:entry><con:entry xmlns:con="http://eviware.com/soapui/config">400</con:entry><con:entry xmlns:con="http://eviware.com/soapui/config"/></xml-fragment>]]></row>
        </con:configuration>
      </con:dataSource>
      <con:property>biId</con:property>
      <con:property>itemId</con:property>
      <con:property>errorCode</con:property>
      <con:completeLastOperation>true</con:completeLastOperation>
      <con:restartOnRun>true</con:restartOnRun>
    </con:config>
  </con:testStep>
  <con:testStep type="transfer" name="Set delete interaction item fail" id="0e5f7e06-0a3f-454d-a961-3c2f3d5848db">
    <con:settings/>
    <con:config xsi:type="con:PropertyTransfersStep" xmlns:xsi="http://www.w3.org/2001/XMLSchema-instance">
      <con:transfers setNullOnMissingSource="true" transferTextContent="true" failOnError="true" ignoreEmpty="false" transferToAll="false" entitize="false" transferChildNodes="false">
        <con:name>biId</con:name>
        <con:sourceType>biId</con:sourceType>
        <con:sourceStep>DataSource for Delete item fail</con:sourceStep>
        <con:sourcePath/>
        <con:targetType>req_biId</con:targetType>
        <con:targetStep>Delete interaction item fail</con:targetStep>
        <con:targetPath/>
        <con:upgraded>true</con:upgraded>
      </con:transfers>
      <con:transfers setNullOnMissingSource="true" transferTextContent="true" failOnError="true" ignoreEmpty="false" transferToAll="false" entitize="false" transferChildNodes="false">
        <con:name>itemId</con:name>
        <con:sourceType>itemId</con:sourceType>
        <con:sourceStep>DataSource for Delete item fail</con:sourceStep>
        <con:targetType>req_itemId</con:targetType>
        <con:targetStep>Delete interaction item fail</con:targetStep>
        <con:upgraded>true</con:upgraded>
      </con:transfers>
    </con:config>
  </con:testStep>
  <con:testStep type="calltestcase" name="Delete interaction item fail" id="ee329336-12f5-4d03-b6b6-0b84ec1a636b">
    <con:settings/>
    <con:config xsi:type="con:RunTestCaseStep" xmlns:xsi="http://www.w3.org/2001/XMLSchema-instance">
      <con:targetTestCase>6d84a59c-7422-4b80-8767-b5fc274452bd</con:targetTestCase>
      <con:properties>
        <con:property>
          <con:name>req_biId</con:name>
          <con:value>${Create product reservation interaction 2#res_biId}</con:value>
        </con:property>
        <con:property>
          <con:name>req_itemId</con:name>
          <con:value>-1</con:value>
        </con:property>
        <con:property>
          <con:name>res_biId</con:name>
        </con:property>
        <con:property>
          <con:name>res_httpStatus</con:name>
          <con:value>400</con:value>
        </con:property>
        <con:property>
          <con:name>res_code</con:name>
          <con:value>BI_ITEM_WITH_ID_NOT_FOUND</con:value>
        </con:property>
      </con:properties>
      <con:returnProperties>
        <con:entry>res_httpStatus</con:entry>
        <con:entry>res_code</con:entry>
      </con:returnProperties>
      <con:runMode>PARALLELL</con:runMode>
    </con:config>
  </con:testStep>
  <con:testStep type="assertionteststep" name="Assert delete item not found" id="5bc5e502-a14c-486d-bb20-57b82c81d63c">
    <con:settings/>
    <con:config xsi:type="con:AssertionTestStep" xmlns:xsi="http://www.w3.org/2001/XMLSchema-instance">
      <con:entry>
        <con:id>2621f6bf-09f9-4a1b-993f-3572aaf99734</con:id>
        <con:isGroup>false</con:isGroup>
        <con:sourceId>ee329336-12f5-4d03-b6b6-0b84ec1a636b</con:sourceId>
        <con:propertyName>res_httpStatus</con:propertyName>
        <con:assertion type="Simple Equals" name="Equals" id="5843bb5e-0f9a-4e91-8057-41f2a0d011db">
          <con:configuration>
            <patternObjectId>8bd80fe4-43d6-40aa-9c39-c0e035968197</patternObjectId>
            <patternProperty>res_400</patternProperty>
            <caseSensitive>true</caseSensitive>
          </con:configuration>
        </con:assertion>
      </con:entry>
      <con:entry>
        <con:id>37f19c41-4b8c-45db-8991-19cfc8166c7b</con:id>
        <con:isGroup>false</con:isGroup>
        <con:sourceId>ee329336-12f5-4d03-b6b6-0b84ec1a636b</con:sourceId>
        <con:propertyName>res_code</con:propertyName>
        <con:assertion type="Simple Equals" name="Equals 2" id="dc380eda-b717-477f-9565-6a1c129233a9">
          <con:configuration>
            <patternObjectId>8bd80fe4-43d6-40aa-9c39-c0e035968197</patternObjectId>
            <patternProperty>biItemWithIdNotFound</patternProperty>
            <caseSensitive>true</caseSensitive>
          </con:configuration>
        </con:assertion>
      </con:entry>
    </con:config>
  </con:testStep>
  <con:testStep type="datasourceloop" name="DataSource Loop for Delete item fail" id="8dabc659-3cd7-42ec-b6d5-f94c6872777a">
    <con:settings/>
    <con:config>
      <dataSourceStep>DataSource for Delete item fail</dataSourceStep>
      <targetStep>Set delete interaction item fail</targetStep>
    </con:config>
  </con:testStep>
  <con:testStep type="transfer" name="Set cancel draft product reservation interaction" id="a389ca32-e9ee-49f1-b320-188a4887f99f">
    <con:settings/>
    <con:config xsi:type="con:PropertyTransfersStep" xmlns:xsi="http://www.w3.org/2001/XMLSchema-instance">
      <con:transfers setNullOnMissingSource="true" transferTextContent="true" failOnError="true" ignoreEmpty="false" transferToAll="false" entitize="false" transferChildNodes="false">
        <con:name>biId</con:name>
        <con:sourceType>res_biId</con:sourceType>
        <con:sourceStep>Create product reservation interaction 2</con:sourceStep>
        <con:sourcePath/>
        <con:targetType>req_biId</con:targetType>
        <con:targetStep>Cancel draft product reservation interaction</con:targetStep>
        <con:targetPath/>
        <con:upgraded>true</con:upgraded>
      </con:transfers>
    </con:config>
  </con:testStep>
  <con:testStep type="calltestcase" name="Cancel draft product reservation interaction" id="fe55adcc-3db7-4305-a333-3277afe56d3a">
    <con:settings/>
    <con:config xsi:type="con:RunTestCaseStep" xmlns:xsi="http://www.w3.org/2001/XMLSchema-instance">
      <con:targetTestCase>4faeee25-d934-44cc-af5f-7a5b185f2619</con:targetTestCase>
      <con:properties>
        <con:property>
          <con:name>req_biId</con:name>
          <con:value>4241</con:value>
        </con:property>
        <con:property>
          <con:name>res_code</con:name>
          <con:value xsi:nil="true"/>
        </con:property>
        <con:property>
          <con:name>res_biId</con:name>
          <con:value>4241</con:value>
        </con:property>
        <con:property>
          <con:name>res_httpStatus</con:name>
          <con:value>200</con:value>
        </con:property>
      </con:properties>
      <con:returnProperties>
        <con:entry>res_code</con:entry>
        <con:entry>res_biId</con:entry>
        <con:entry>res_httpStatus</con:entry>
      </con:returnProperties>
      <con:runMode>PARALLELL</con:runMode>
    </con:config>
  </con:testStep>
  <con:testStep type="assertionteststep" name="Assert interaction cancelled success" id="df15c3f8-07d3-4a56-8164-3116986f9501">
    <con:settings/>
    <con:config xsi:type="con:AssertionTestStep" xmlns:xsi="http://www.w3.org/2001/XMLSchema-instance">
      <con:entry>
        <con:id>182a5aaa-ade4-4427-8967-24f16617f88c</con:id>
        <con:isGroup>false</con:isGroup>
        <con:sourceId>fe55adcc-3db7-4305-a333-3277afe56d3a</con:sourceId>
        <con:propertyName>res_httpStatus</con:propertyName>
        <con:assertion type="Simple Equals" name="Equals" id="43115ffe-cf30-4695-be33-dcf8dd7c06b3">
          <con:configuration>
            <patternObjectId>8bd80fe4-43d6-40aa-9c39-c0e035968197</patternObjectId>
            <patternProperty>res_200</patternProperty>
            <caseSensitive>true</caseSensitive>
          </con:configuration>
        </con:assertion>
      </con:entry>
      <con:entry>
        <con:id>798b174b-287e-4f69-b08a-1ddfe18f230e</con:id>
        <con:isGroup>false</con:isGroup>
        <con:sourceId>fe55adcc-3db7-4305-a333-3277afe56d3a</con:sourceId>
        <con:propertyName>res_biId</con:propertyName>
        <con:assertion type="Simple Contains" name="Contains" id="8984b699-414d-44dd-8bf1-893f25af04ae">
          <con:configuration>
            <token>\d+</token>
            <ignoreCase>false</ignoreCase>
            <useRegEx>true</useRegEx>
          </con:configuration>
        </con:assertion>
      </con:entry>
    </con:config>
  </con:testStep>
  <con:testStep type="transfer" name="P.T. - Find user accountId" id="2dc8ca52-3ef6-486d-8f13-409bd3fe0f21">
    <con:settings/>
    <con:config xsi:type="con:PropertyTransfersStep" xmlns:xsi="http://www.w3.org/2001/XMLSchema-instance">
      <con:transfers setNullOnMissingSource="true" transferTextContent="true" failOnError="true" ignoreEmpty="false" transferToAll="false" entitize="false" transferChildNodes="false">
        <con:name>userRoleId</con:name>
        <con:sourceType>userRoleId</con:sourceType>
        <con:sourceStep>Create initial data and products</con:sourceStep>
        <con:sourcePath/>
        <con:targetType>req_userId</con:targetType>
        <con:targetStep>Find user accountId</con:targetStep>
        <con:targetPath/>
        <con:upgraded>true</con:upgraded>
      </con:transfers>
    </con:config>
  </con:testStep>
  <con:testStep type="calltestcase" name="Find user accountId" id="a790a0be-af1e-4d71-aef2-b73f6c6db484">
    <con:settings/>
    <con:config xsi:type="con:RunTestCaseStep" xmlns:xsi="http://www.w3.org/2001/XMLSchema-instance">
      <con:targetTestCase>8a3b20cb-7c77-4c79-a6a7-2d4c83fecf8c</con:targetTestCase>
      <con:properties>
        <con:property>
          <con:name>req_userId</con:name>
          <con:value>141</con:value>
        </con:property>
        <con:property>
          <con:name>res_accountId</con:name>
          <con:value>103</con:value>
        </con:property>
        <con:property>
          <con:name>res_accountName</con:name>
        </con:property>
        <con:property>
          <con:name>res_notRoundedAmount</con:name>
        </con:property>
        <con:property>
          <con:name>res_currency</con:name>
        </con:property>
        <con:property>
          <con:name>res_roundedAmount</con:name>
        </con:property>
        <con:property>
          <con:name>res_httpStatus</con:name>
        </con:property>
        <con:property>
          <con:name>res_errorMessage</con:name>
        </con:property>
      </con:properties>
      <con:returnProperties>
        <con:entry>res_accountId</con:entry>
      </con:returnProperties>
      <con:runMode>PARALLELL</con:runMode>
    </con:config>
  </con:testStep>
  <con:testStep type="transfer" name="P.T. - Find user account balance" id="7c93c297-460b-4ba0-b149-729562056092">
    <con:settings/>
    <con:config xsi:type="con:PropertyTransfersStep" xmlns:xsi="http://www.w3.org/2001/XMLSchema-instance">
      <con:transfers setNullOnMissingSource="true" transferTextContent="true" failOnError="true" ignoreEmpty="false" transferToAll="false" entitize="false" transferChildNodes="false">
        <con:name>userRoleId</con:name>
        <con:sourceType>res_accountId</con:sourceType>
        <con:sourceStep>Find user accountId</con:sourceStep>
        <con:sourcePath/>
        <con:targetType>req_id</con:targetType>
        <con:targetStep>Find user account balance</con:targetStep>
        <con:targetPath/>
        <con:upgraded>true</con:upgraded>
      </con:transfers>
    </con:config>
  </con:testStep>
  <con:testStep type="calltestcase" name="Find user account balance" id="f25a54f2-9df4-46d3-b349-7b0dc2eae09d">
    <con:settings/>
    <con:config xsi:type="con:RunTestCaseStep" xmlns:xsi="http://www.w3.org/2001/XMLSchema-instance">
      <con:targetTestCase>b8b1a13e-5ebf-4cd2-aaa1-f6546151c21a</con:targetTestCase>
      <con:properties>
        <con:property>
          <con:name>req_id</con:name>
          <con:value>103</con:value>
        </con:property>
        <con:property>
          <con:name>res_balance</con:name>
          <con:value>{"id":103,"name":"User Account : John Smith-name-sfd92373f-175d-439c-9d57-4f13236bd2d5","accountType":1,"balance":{"roundedAmount":0.00,"notRoundedAmount":0.0000,"currency":"EUR"},"isVisible":true,"dynamicMap":{},"type":"com.ericsson.bss.rm.erms.core.entity.dto.pm.AccountDTO"}</con:value>
        </con:property>
        <con:property>
          <con:name>res_roundedAmount</con:name>
          <con:value>0.0</con:value>
        </con:property>
      </con:properties>
      <con:returnProperties>
        <con:entry>res_balance</con:entry>
        <con:entry>res_roundedAmount</con:entry>
      </con:returnProperties>
      <con:runMode>PARALLELL</con:runMode>
    </con:config>
  </con:testStep>
  <con:testStep type="datagen" name="DataGen find new productId" id="73fa9bc4-8ec5-49a3-88df-8f07f6df8fb1">
    <con:settings/>
    <con:config xsi:type="con:DataGeneratorStep" xmlns:xsi="http://www.w3.org/2001/XMLSchema-instance">
      <con:property type="Script">
        <con:configuration>
          <script>def nonSerializedProductId = context.expand( '${Create initial data and products#nonSerializedProductId}' ).toInteger();
def roundedAmount = context.expand( '${Find user account balance#res_roundedAmount}' ).toString();

if ( roundedAmount == "0.0" )
{
	return (nonSerializedProductId + 1);
}
else if ( roundedAmount == "0" )
{
	return nonSerializedProductId + 10;
}</script>
        </con:configuration>
        <con:name>newNonSerializedProductId</con:name>
        <con:mode>STEP</con:mode>
        <con:shared>false</con:shared>
      </con:property>
      <con:property type="Script">
        <con:configuration>
          <script>def serializedProductId = context.expand( '${Create initial data and products#serializedProductId}' ).toInteger();
def roundedAmount = context.expand( '${Find user account balance#res_roundedAmount}' ).toString();

if ( roundedAmount == "0.0" )
{
	return (serializedProductId + 4);
}
else if ( roundedAmount == "0" )
{
	return serializedProductId + 40;
}</script>
        </con:configuration>
        <con:name>newSerializedProductId</con:name>
        <con:mode>STEP</con:mode>
        <con:shared>false</con:shared>
      </con:property>
      <con:property type="Script">
        <con:configuration>
          <script>def nonSerializedProductId = context.expand( '${Create initial data and products#nonSerializedProductId}' ).toInteger();
def roundedAmount = context.expand( '${Find user account balance#res_roundedAmount}' ).toString();

if ( roundedAmount == "0.0" )
{
	return (nonSerializedProductId + 3);
}
else if ( roundedAmount == "0" )
{
	return nonSerializedProductId + 30;
}</script>
        </con:configuration>
        <con:name>remainingNonSerializedProductId</con:name>
        <con:mode>STEP</con:mode>
        <con:shared>false</con:shared>
      </con:property>
    </con:config>
  </con:testStep>
  <con:testStep type="datasource" name="DataSource new product IDs" id="bdcfab01-130f-4305-a72f-75ebf2c51c1e">
    <con:settings/>
    <con:config xsi:type="con:DataSourceStep" xmlns:xsi="http://www.w3.org/2001/XMLSchema-instance">
      <con:dataSource type="Grid">
        <con:configuration>
          <check><![CDATA[<xml-fragment><con:entry xmlns:con="http://eviware.com/soapui/config">true</con:entry><con:entry xmlns:con="http://eviware.com/soapui/config">true</con:entry><con:entry xmlns:con="http://eviware.com/soapui/config">true</con:entry></xml-fragment>]]></check>
          <row>&lt;xml-fragment>&lt;con:entry xmlns:con="http://eviware.com/soapui/config">${DataGen find new productId#newNonSerializedProductId}&lt;/con:entry>&lt;con:entry xmlns:con="http://eviware.com/soapui/config"/>&lt;/xml-fragment></row>
          <row>&lt;xml-fragment>&lt;con:entry xmlns:con="http://eviware.com/soapui/config">${DataGen find new productId#newSerializedProductId}&lt;/con:entry>&lt;con:entry xmlns:con="http://eviware.com/soapui/config"/>&lt;/xml-fragment></row>
          <row>&lt;xml-fragment>&lt;con:entry xmlns:con="http://eviware.com/soapui/config">${Create initial data and products#serializedWithoutRangeProductId}&lt;/con:entry>&lt;con:entry xmlns:con="http://eviware.com/soapui/config"/>&lt;/xml-fragment></row>
        </con:configuration>
      </con:dataSource>
      <con:property>productId</con:property>
      <con:completeLastOperation>true</con:completeLastOperation>
      <con:restartOnRun>true</con:restartOnRun>
    </con:config>
  </con:testStep>
  <con:testStep type="transfer" name="P.T. - Display nonserialized product and return lockedBy" id="be1ca6ee-a350-483d-8834-40005ee424c2">
    <con:settings/>
    <con:config xsi:type="con:PropertyTransfersStep" xmlns:xsi="http://www.w3.org/2001/XMLSchema-instance">
      <con:transfers setNullOnMissingSource="true" transferTextContent="true" failOnError="true" ignoreEmpty="false" transferToAll="false" entitize="false" transferChildNodes="false">
        <con:name>productId</con:name>
        <con:sourceType>productId</con:sourceType>
        <con:sourceStep>DataSource new product IDs</con:sourceStep>
        <con:sourcePath/>
        <con:targetType>req_productId</con:targetType>
        <con:targetStep>Display nonserialized product and return lockedBy</con:targetStep>
        <con:targetPath/>
        <con:upgraded>true</con:upgraded>
      </con:transfers>
    </con:config>
  </con:testStep>
  <con:testStep type="calltestcase" name="Display nonserialized product and return lockedBy" id="82ca78b3-a811-4c3a-bd0c-b426b766be0d">
    <con:settings/>
    <con:config xsi:type="con:RunTestCaseStep" xmlns:xsi="http://www.w3.org/2001/XMLSchema-instance">
      <con:targetTestCase>102e2d7b-c4cf-4f53-b777-f08cad671a15</con:targetTestCase>
      <con:properties>
        <con:property>
          <con:name>req_productId</con:name>
          <con:value>${Create initial data and products#serializedWithoutRangeProductId}</con:value>
        </con:property>
        <con:property>
          <con:name>res_id</con:name>
          <con:value>197</con:value>
        </con:property>
        <con:property>
          <con:name>res_code</con:name>
          <con:value>200</con:value>
        </con:property>
        <con:property>
          <con:name>res_lockedByBiId</con:name>
          <con:value>4231</con:value>
        </con:property>
        <con:property>
          <con:name>res_lockedByBiItemId</con:name>
          <con:value>875</con:value>
        </con:property>
        <con:property>
          <con:name>req_prodSpecExtId</con:name>
          <con:value xsi:nil="true"/>
        </con:property>
        <con:property>
          <con:name>res_startSerialNumber</con:name>
          <con:value xsi:nil="true"/>
        </con:property>
        <con:property>
          <con:name>res_endSerialNumber</con:name>
          <con:value xsi:nil="true"/>
        </con:property>
        <con:property>
          <con:name>res_quantity</con:name>
          <con:value>1</con:value>
        </con:property>
      </con:properties>
      <con:returnProperties>
        <con:entry>res_id</con:entry>
        <con:entry>res_code</con:entry>
        <con:entry>res_lockedByBiId</con:entry>
        <con:entry>res_lockedByBiItemId</con:entry>
        <con:entry>res_quantity</con:entry>
      </con:returnProperties>
      <con:runMode>PARALLELL</con:runMode>
    </con:config>
  </con:testStep>
  <con:testStep type="assertionteststep" name="Assert reserved product is locked" id="9500f1be-86bb-441a-ba84-b93fc48e992a">
    <con:settings/>
    <con:config xsi:type="con:AssertionTestStep" xmlns:xsi="http://www.w3.org/2001/XMLSchema-instance">
      <con:entry>
        <con:id>20acea4f-de5a-404f-a4a2-0556e7d7d502</con:id>
        <con:isGroup>false</con:isGroup>
        <con:sourceId>82ca78b3-a811-4c3a-bd0c-b426b766be0d</con:sourceId>
        <con:propertyName>res_code</con:propertyName>
        <con:assertion type="Simple Equals" name="Equals" id="a45730b6-bd83-42eb-841b-af3244f01bd6">
          <con:configuration>
            <patternObjectId>8bd80fe4-43d6-40aa-9c39-c0e035968197</patternObjectId>
            <patternProperty>res_200</patternProperty>
            <caseSensitive>true</caseSensitive>
          </con:configuration>
        </con:assertion>
      </con:entry>
      <con:entry>
        <con:id>0d59c17a-ae69-4bff-b8ea-916212cbae29</con:id>
        <con:isGroup>false</con:isGroup>
        <con:sourceId>82ca78b3-a811-4c3a-bd0c-b426b766be0d</con:sourceId>
        <con:propertyName>res_id</con:propertyName>
        <con:assertion type="Simple Contains" name="Contains" id="8c85ee59-accc-46a1-853d-4fbfd1dd504b">
          <con:configuration>
            <token>\d+</token>
            <ignoreCase>false</ignoreCase>
            <useRegEx>true</useRegEx>
          </con:configuration>
        </con:assertion>
      </con:entry>
      <con:entry>
        <con:id>6182d522-bac4-4ccf-8afc-5196535e1653</con:id>
        <con:isGroup>false</con:isGroup>
        <con:sourceId>82ca78b3-a811-4c3a-bd0c-b426b766be0d</con:sourceId>
        <con:propertyName>res_lockedByBiId</con:propertyName>
        <con:assertion type="Simple Contains" name="Contains 2" id="5a7564db-64fb-4907-befd-7c4a7c497edf">
          <con:configuration>
            <token>\d+</token>
            <ignoreCase>false</ignoreCase>
            <useRegEx>true</useRegEx>
          </con:configuration>
        </con:assertion>
      </con:entry>
      <con:entry>
        <con:id>542605fa-97c6-44a1-80bb-6231162af474</con:id>
        <con:isGroup>false</con:isGroup>
        <con:sourceId>82ca78b3-a811-4c3a-bd0c-b426b766be0d</con:sourceId>
        <con:propertyName>res_lockedByBiItemId</con:propertyName>
        <con:assertion type="Simple Contains" name="Contains 3" id="7d6cf8f9-9e46-4b2a-a711-9a521e331bf4">
          <con:configuration>
            <token>\d+</token>
            <ignoreCase>false</ignoreCase>
            <useRegEx>true</useRegEx>
          </con:configuration>
        </con:assertion>
      </con:entry>
    </con:config>
  </con:testStep>
  <con:testStep type="datasourceloop" name="DataSource Loop" id="20f814ea-e137-43da-a290-937e38fe5829">
    <con:settings/>
    <con:config>
      <dataSourceStep>DataSource new product IDs</dataSourceStep>
      <targetStep>P.T. - Display nonserialized product and return lockedBy</targetStep>
    </con:config>
  </con:testStep>
  <con:testStep type="transfer" name="P.T. - Display single product reservation item" id="ce14a77b-8ac8-420e-8f87-b031444857d0">
    <con:settings/>
    <con:config xsi:type="con:PropertyTransfersStep" xmlns:xsi="http://www.w3.org/2001/XMLSchema-instance">
      <con:transfers setNullOnMissingSource="true" transferTextContent="true" failOnError="true" ignoreEmpty="false" transferToAll="false" entitize="false" transferChildNodes="false">
        <con:name>biId</con:name>
        <con:sourceType>res_id</con:sourceType>
        <con:sourceStep>Submit draft product reservation interaction</con:sourceStep>
        <con:sourcePath/>
        <con:targetType>req_biId</con:targetType>
        <con:targetStep>Display single product reservation item</con:targetStep>
        <con:targetPath/>
        <con:upgraded>true</con:upgraded>
      </con:transfers>
      <con:transfers setNullOnMissingSource="true" transferTextContent="true" failOnError="true" ignoreEmpty="false" transferToAll="false" entitize="false" transferChildNodes="false">
        <con:name>itemId</con:name>
        <con:sourceType>res_itemId</con:sourceType>
        <con:sourceStep>3 - Add interaction item(serialized without range)</con:sourceStep>
        <con:targetType>req_itemId</con:targetType>
        <con:targetStep>Display single product reservation item</con:targetStep>
        <con:upgraded>true</con:upgraded>
      </con:transfers>
    </con:config>
  </con:testStep>
  <con:testStep type="calltestcase" name="Display single product reservation item" id="a173aa8e-750b-4c8a-b2b9-199144400f1e">
    <con:settings/>
    <con:config xsi:type="con:RunTestCaseStep" xmlns:xsi="http://www.w3.org/2001/XMLSchema-instance">
      <con:targetTestCase>d6f96cf8-bdfa-4eb2-9fe0-7a659e8b91fe</con:targetTestCase>
      <con:properties>
        <con:property>
          <con:name>req_biId</con:name>
          <con:value>4231</con:value>
        </con:property>
        <con:property>
          <con:name>req_itemId</con:name>
          <con:value>875</con:value>
        </con:property>
        <con:property>
          <con:name>res_httpStatus</con:name>
          <con:value>200</con:value>
        </con:property>
        <con:property>
          <con:name>res_id</con:name>
          <con:value>875</con:value>
        </con:property>
        <con:property>
          <con:name>res_batchId</con:name>
          <con:value>170</con:value>
        </con:property>
      </con:properties>
      <con:returnProperties>
        <con:entry>res_httpStatus</con:entry>
        <con:entry>res_id</con:entry>
        <con:entry>res_batchId</con:entry>
      </con:returnProperties>
      <con:runMode>PARALLELL</con:runMode>
    </con:config>
  </con:testStep>
  <con:testStep type="assertionteststep" name="Assert single product reservation item displayed" id="b98be41b-ee10-40bf-9d62-8bdc74a5f5b3">
    <con:settings/>
    <con:config xsi:type="con:AssertionTestStep" xmlns:xsi="http://www.w3.org/2001/XMLSchema-instance">
      <con:entry>
        <con:id>3dc506fb-0121-4161-b8dc-57795714fa31</con:id>
        <con:isGroup>false</con:isGroup>
        <con:sourceId>a173aa8e-750b-4c8a-b2b9-199144400f1e</con:sourceId>
        <con:propertyName>res_id</con:propertyName>
        <con:assertion type="Simple Contains" name="Contains" id="c6eb0004-96d1-4eef-9321-e1b94525b1d9">
          <con:configuration>
            <token>\d+</token>
            <ignoreCase>false</ignoreCase>
            <useRegEx>true</useRegEx>
          </con:configuration>
        </con:assertion>
      </con:entry>
      <con:entry>
        <con:id>04e4884f-55f0-4d84-85aa-a7221ccbe850</con:id>
        <con:isGroup>false</con:isGroup>
        <con:sourceId>a173aa8e-750b-4c8a-b2b9-199144400f1e</con:sourceId>
        <con:propertyName>res_httpStatus</con:propertyName>
        <con:assertion type="Simple Equals" name="Equals" id="054b9262-7f7d-4d0a-8d1b-3eb0459b7679">
          <con:configuration>
            <patternObjectId>8bd80fe4-43d6-40aa-9c39-c0e035968197</patternObjectId>
            <patternProperty>res_200</patternProperty>
            <caseSensitive>true</caseSensitive>
          </con:configuration>
        </con:assertion>
      </con:entry>
      <con:entry>
        <con:id>c8e31242-0169-47c6-b377-2723440cdfb1</con:id>
        <con:isGroup>false</con:isGroup>
        <con:sourceId>a173aa8e-750b-4c8a-b2b9-199144400f1e</con:sourceId>
        <con:propertyName>res_batchId</con:propertyName>
        <con:assertion type="Simple Equals" name="assert batchId correct" id="f0ace7ff-2e44-42f9-8e1c-09c68100ccd1">
          <con:configuration>
            <patternObjectId>476967cc-aae5-442b-bdf3-36aa932a5989</patternObjectId>
            <patternProperty>res_serializedWithoutRangeBatchId</patternProperty>
            <caseSensitive>true</caseSensitive>
          </con:configuration>
        </con:assertion>
      </con:entry>
    </con:config>
  </con:testStep>
  <con:testStep type="transfer" name="P.T. - Display all product reservation items" id="cb4f991b-3a46-4d31-8596-4a4cf04254f3">
    <con:settings/>
    <con:config xsi:type="con:PropertyTransfersStep" xmlns:xsi="http://www.w3.org/2001/XMLSchema-instance">
      <con:transfers setNullOnMissingSource="true" transferTextContent="true" failOnError="true" ignoreEmpty="false" transferToAll="false" entitize="false" transferChildNodes="false">
        <con:name>biId</con:name>
        <con:sourceType>res_biId</con:sourceType>
        <con:sourceStep>Create product reservation interaction</con:sourceStep>
        <con:sourcePath/>
        <con:targetType>req_biId</con:targetType>
        <con:targetStep>Display all product reservation items</con:targetStep>
        <con:targetPath/>
        <con:upgraded>true</con:upgraded>
      </con:transfers>
    </con:config>
  </con:testStep>
  <con:testStep type="calltestcase" name="Display all product reservation items" id="8e65aee8-2f5e-4594-9f94-665849de32b3">
    <con:settings/>
    <con:config xsi:type="con:RunTestCaseStep" xmlns:xsi="http://www.w3.org/2001/XMLSchema-instance">
      <con:targetTestCase>674fa235-723e-4f0b-9b06-3ff2b653bf00</con:targetTestCase>
      <con:properties>
        <con:property>
          <con:name>req_biId</con:name>
          <con:value>4231</con:value>
        </con:property>
        <con:property>
          <con:name>res_httpStatus</con:name>
          <con:value>200</con:value>
        </con:property>
        <con:property>
          <con:name>response</con:name>
          <con:value>{"items":[{"productInformation":{"quantity":2,"status":"Sellable","isPaired":false,"description":"Mouse Button Count : 1","productSpecification":{"id":"3"}},"id":"871"},{"productInformation":{"quantity":2,"status":"Sellable","serialNumberRange":{"start":1686521,"end":1686522},"isPaired":false,"description":"Memory : 32 GB; Processor : A7","productSpecification":{"id":"1"},"batchId":"169"},"id":"873"},{"productInformation":{"quantity":1,"status":"Sellable","serialNumber":"16982962a","isPaired":false,"description":"Screen Size : 5.4; Memory : 32 GB; Processor : M10","productSpecification":{"id":"2"},"batchId":"170"},"id":"875"}]}</con:value>
        </con:property>
      </con:properties>
      <con:returnProperties>
        <con:entry>res_httpStatus</con:entry>
        <con:entry>response</con:entry>
      </con:returnProperties>
      <con:runMode>PARALLELL</con:runMode>
    </con:config>
  </con:testStep>
  <con:testStep type="datagen" name="DataGen search for batchId in Items" id="16fbf4cb-03e1-46b0-8164-418aca33f27f">
    <con:settings/>
    <con:config xsi:type="con:DataGeneratorStep" xmlns:xsi="http://www.w3.org/2001/XMLSchema-instance">
      <con:property type="Script">
        <con:configuration>
          <script>import net.sf.json.groovy.*;
import groovy.json.JsonSlurper;

def response = context.expand( '${Display all product reservation items#response#$[\'items\']}' )

def json = new JsonSlurper().parseText (response);

for (int i=0; i &lt; json.size(); i++)
{
	if(json[i].domain.toString()!="batchId"){
		return 1
	}
	else
		return 0
}</script>
        </con:configuration>
        <con:name>findBatchId</con:name>
        <con:mode>STEP</con:mode>
        <con:shared>false</con:shared>
      </con:property>
    </con:config>
  </con:testStep>
  <con:testStep type="assertionteststep" name="Assert batchId listed in product reservation items" id="95e843b9-a470-4b46-bd56-58248332ebd4">
    <con:settings/>
    <con:config xsi:type="con:AssertionTestStep" xmlns:xsi="http://www.w3.org/2001/XMLSchema-instance">
      <con:entry>
        <con:id>4531d172-e309-4149-9f44-a595d3a5f6a8</con:id>
        <con:isGroup>false</con:isGroup>
        <con:sourceId>8e65aee8-2f5e-4594-9f94-665849de32b3</con:sourceId>
        <con:propertyName>res_httpStatus</con:propertyName>
        <con:assertion type="Simple Equals" name="Equals" id="2c5be1ad-0a5a-4d44-8d61-b8b0790dfd36">
          <con:configuration>
            <patternObjectId>8bd80fe4-43d6-40aa-9c39-c0e035968197</patternObjectId>
            <patternProperty>res_200</patternProperty>
            <caseSensitive>true</caseSensitive>
          </con:configuration>
        </con:assertion>
      </con:entry>
      <con:entry>
        <con:id>cc8fd0c1-6690-4dbd-ba8f-da2e431ceb69</con:id>
        <con:isGroup>false</con:isGroup>
        <con:sourceId>16fbf4cb-03e1-46b0-8164-418aca33f27f</con:sourceId>
        <con:propertyName>findBatchId</con:propertyName>
        <con:assertion type="Simple Equals" name="Equals 2" id="f89da522-16a9-443c-804a-fd766d053f59">
          <con:configuration>
            <patternText>1</patternText>
            <caseSensitive>true</caseSensitive>
          </con:configuration>
        </con:assertion>
      </con:entry>
    </con:config>
  </con:testStep>
  <con:testStep type="transfer" name="Set display non-exist single product reservation interaction" id="ef573c48-7228-4650-a43e-29c1c11ae659">
    <con:settings/>
    <con:config xsi:type="con:PropertyTransfersStep" xmlns:xsi="http://www.w3.org/2001/XMLSchema-instance">
      <con:transfers setNullOnMissingSource="true" transferTextContent="true" failOnError="true" ignoreEmpty="false" transferToAll="false" entitize="false" transferChildNodes="false">
        <con:name>biId</con:name>
        <con:sourceType>non-exist</con:sourceType>
        <con:sourceStep>Given properties for the test steps</con:sourceStep>
        <con:sourcePath/>
        <con:targetType>req_biId</con:targetType>
        <con:targetStep>Display non-exist single product reservation interaction</con:targetStep>
        <con:targetPath/>
        <con:upgraded>true</con:upgraded>
      </con:transfers>
    </con:config>
  </con:testStep>
  <con:testStep type="calltestcase" name="Display non-exist single product reservation interaction" id="253dac01-90c0-436e-8343-3d8ebb28479d">
    <con:settings/>
    <con:config xsi:type="con:RunTestCaseStep" xmlns:xsi="http://www.w3.org/2001/XMLSchema-instance">
      <con:targetTestCase>46d305fe-6e9c-4758-933f-7620c03e52c4</con:targetTestCase>
      <con:properties>
        <con:property>
          <con:name>req_biId</con:name>
          <con:value>-1</con:value>
        </con:property>
        <con:property>
          <con:name>res_reservationPeriodValue</con:name>
          <con:value xsi:nil="true"/>
        </con:property>
        <con:property>
          <con:name>res_reservationPeriodUnit</con:name>
          <con:value xsi:nil="true"/>
        </con:property>
        <con:property>
          <con:name>res_mainState</con:name>
          <con:value xsi:nil="true"/>
        </con:property>
        <con:property>
          <con:name>res_state</con:name>
          <con:value xsi:nil="true"/>
        </con:property>
        <con:property>
          <con:name>res_createdUserId</con:name>
          <con:value xsi:nil="true"/>
        </con:property>
        <con:property>
          <con:name>res_createdSalesOrganizationId</con:name>
          <con:value xsi:nil="true"/>
        </con:property>
        <con:property>
          <con:name>res_code</con:name>
          <con:value>404</con:value>
        </con:property>
        <con:property>
          <con:name>res_description</con:name>
        </con:property>
      </con:properties>
      <con:returnProperties>
        <con:entry>res_reservationPeriodValue</con:entry>
        <con:entry>res_reservationPeriodUnit</con:entry>
        <con:entry>res_mainState</con:entry>
        <con:entry>res_state</con:entry>
        <con:entry>res_createdUserId</con:entry>
        <con:entry>res_createdSalesOrganizationId</con:entry>
        <con:entry>res_code</con:entry>
      </con:returnProperties>
      <con:runMode>PARALLELL</con:runMode>
    </con:config>
  </con:testStep>
  <con:testStep type="assertionteststep" name="Assert interaction is not found" id="82b75d96-bde1-48b4-87cd-8c7da7c6892a">
    <con:settings/>
    <con:config xsi:type="con:AssertionTestStep" xmlns:xsi="http://www.w3.org/2001/XMLSchema-instance">
      <con:entry>
        <con:id>f8822c77-36f3-411e-af99-d1e561e4f9e9</con:id>
        <con:isGroup>false</con:isGroup>
        <con:sourceId>253dac01-90c0-436e-8343-3d8ebb28479d</con:sourceId>
        <con:propertyName>res_code</con:propertyName>
        <con:assertion type="Simple Equals" name="Equals" id="241495ce-9784-431d-ac26-df80a15af69d">
          <con:configuration>
            <patternObjectId>8bd80fe4-43d6-40aa-9c39-c0e035968197</patternObjectId>
            <patternProperty>res_404</patternProperty>
            <caseSensitive>true</caseSensitive>
          </con:configuration>
        </con:assertion>
      </con:entry>
    </con:config>
  </con:testStep>
  <con:testStep type="transfer" name="Set display single product reservation interaction" id="a42604be-7d37-421d-b0da-24ae21ad03ba">
    <con:settings/>
    <con:config xsi:type="con:PropertyTransfersStep" xmlns:xsi="http://www.w3.org/2001/XMLSchema-instance">
      <con:transfers setNullOnMissingSource="true" transferTextContent="true" failOnError="true" ignoreEmpty="false" transferToAll="false" entitize="false" transferChildNodes="false">
        <con:name>biId</con:name>
        <con:sourceType>res_biId</con:sourceType>
        <con:sourceStep>Create product reservation interaction</con:sourceStep>
        <con:sourcePath/>
        <con:targetType>req_biId</con:targetType>
        <con:targetStep>Display single product reservation interaction</con:targetStep>
        <con:targetPath/>
        <con:upgraded>true</con:upgraded>
      </con:transfers>
    </con:config>
  </con:testStep>
  <con:testStep type="calltestcase" name="Display single product reservation interaction" id="da436624-f280-4fb3-b06f-ee4bb3a923c9">
    <con:settings/>
    <con:config xsi:type="con:RunTestCaseStep" xmlns:xsi="http://www.w3.org/2001/XMLSchema-instance">
      <con:targetTestCase>46d305fe-6e9c-4758-933f-7620c03e52c4</con:targetTestCase>
      <con:properties>
        <con:property>
          <con:name>req_biId</con:name>
          <con:value>4231</con:value>
        </con:property>
        <con:property>
          <con:name>res_reservationPeriodValue</con:name>
          <con:value>1</con:value>
        </con:property>
        <con:property>
          <con:name>res_reservationPeriodUnit</con:name>
          <con:value>Minute</con:value>
        </con:property>
        <con:property>
          <con:name>res_mainState</con:name>
          <con:value>Ongoing</con:value>
        </con:property>
        <con:property>
          <con:name>res_state</con:name>
          <con:value>Ongoing</con:value>
        </con:property>
        <con:property>
          <con:name>res_createdUserId</con:name>
          <con:value xsi:nil="true"/>
        </con:property>
        <con:property>
          <con:name>res_createdSalesOrganizationId</con:name>
          <con:value xsi:nil="true"/>
        </con:property>
        <con:property>
          <con:name>res_code</con:name>
          <con:value>200</con:value>
        </con:property>
        <con:property>
          <con:name>res_description</con:name>
          <con:value>Product Reservation at [name-sfd92373f-175d-439c-9d57-4f13236bd2d5] by [John Smith]</con:value>
        </con:property>
      </con:properties>
      <con:returnProperties>
        <con:entry>res_reservationPeriodValue</con:entry>
        <con:entry>res_reservationPeriodUnit</con:entry>
        <con:entry>res_mainState</con:entry>
        <con:entry>res_state</con:entry>
        <con:entry>res_createdUserId</con:entry>
        <con:entry>res_createdSalesOrganizationId</con:entry>
        <con:entry>res_code</con:entry>
        <con:entry>res_description</con:entry>
      </con:returnProperties>
      <con:runMode>PARALLELL</con:runMode>
    </con:config>
  </con:testStep>
  <con:testStep type="assertionteststep" name="Assert single interaction displayed" id="0416ffeb-e4cc-46f8-8df5-cd5e65e5d349">
    <con:settings/>
    <con:config xsi:type="con:AssertionTestStep" xmlns:xsi="http://www.w3.org/2001/XMLSchema-instance">
      <con:entry>
        <con:id>eaa47f09-1964-4770-9569-becc65356b2c</con:id>
        <con:isGroup>false</con:isGroup>
        <con:sourceId>da436624-f280-4fb3-b06f-ee4bb3a923c9</con:sourceId>
        <con:propertyName>res_code</con:propertyName>
        <con:assertion type="Simple Equals" name="Equals" id="f6651aa3-94be-4f50-b9d6-79502eb15bd9">
          <con:configuration>
            <patternObjectId>8bd80fe4-43d6-40aa-9c39-c0e035968197</patternObjectId>
            <patternProperty>res_200</patternProperty>
            <caseSensitive>true</caseSensitive>
          </con:configuration>
        </con:assertion>
      </con:entry>
      <con:entry>
        <con:id>7a26b78b-8236-415d-89ca-4cf9466552a7</con:id>
        <con:isGroup>false</con:isGroup>
        <con:sourceId>da436624-f280-4fb3-b06f-ee4bb3a923c9</con:sourceId>
        <con:propertyName>res_description</con:propertyName>
        <con:assertion type="Simple Contains" name="Contains" id="d09f068e-156d-48d1-9468-c59359020a84">
          <con:configuration>
            <token>\w+</token>
            <ignoreCase>false</ignoreCase>
            <useRegEx>true</useRegEx>
          </con:configuration>
        </con:assertion>
      </con:entry>
    </con:config>
  </con:testStep>
  <con:testStep type="transfer" name="P.T. - Display product reservation with customerId" id="7ecaf422-7308-4b49-a86e-c4db14f35874">
    <con:settings/>
    <con:config xsi:type="con:PropertyTransfersStep" xmlns:xsi="http://www.w3.org/2001/XMLSchema-instance">
      <con:transfers setNullOnMissingSource="true" transferTextContent="true" failOnError="true" ignoreEmpty="false" transferToAll="false" entitize="false" transferChildNodes="false">
        <con:name>tag1</con:name>
        <con:sourceType>tag1</con:sourceType>
        <con:sourceStep>Given properties for the test steps</con:sourceStep>
        <con:sourcePath/>
        <con:targetType>req_tag1</con:targetType>
        <con:targetStep>Display product reservation with customerId</con:targetStep>
        <con:targetPath/>
        <con:upgraded>true</con:upgraded>
      </con:transfers>
    </con:config>
  </con:testStep>
  <con:testStep type="calltestcase" name="Display product reservation with customerId" id="6480ec68-395b-4be5-ab5e-f4063b511d53">
    <con:settings/>
    <con:config xsi:type="con:RunTestCaseStep" xmlns:xsi="http://www.w3.org/2001/XMLSchema-instance">
      <con:targetTestCase>cf16d387-1567-4268-ab2c-620ae3103f0c</con:targetTestCase>
      <con:properties>
        <con:property>
          <con:name>res_httpStatus</con:name>
          <con:value>200</con:value>
        </con:property>
        <con:property>
          <con:name>req_tag1</con:name>
          <con:value>customerId-10</con:value>
        </con:property>
        <con:property>
          <con:name>res_biId</con:name>
          <con:value>4231</con:value>
        </con:property>
      </con:properties>
      <con:returnProperties>
        <con:entry>res_httpStatus</con:entry>
        <con:entry>res_biId</con:entry>
      </con:returnProperties>
      <con:runMode>PARALLELL</con:runMode>
    </con:config>
  </con:testStep>
  <con:testStep type="assertionteststep" name="Assert payment business interactions filtered by customerId" id="76abc619-e756-4415-9e27-ed05030dceb9">
    <con:settings/>
    <con:config xsi:type="con:AssertionTestStep" xmlns:xsi="http://www.w3.org/2001/XMLSchema-instance">
      <con:entry>
        <con:id>fbb34dba-9347-4e60-b8fb-fbadca3f2134</con:id>
        <con:isGroup>false</con:isGroup>
        <con:sourceId>6480ec68-395b-4be5-ab5e-f4063b511d53</con:sourceId>
        <con:propertyName>res_httpStatus</con:propertyName>
        <con:assertion type="Simple Equals" name="Equals" id="65a12de1-47bb-488f-a308-9590794f7ff4">
          <con:configuration>
            <patternObjectId>8bd80fe4-43d6-40aa-9c39-c0e035968197</patternObjectId>
            <patternProperty>res_200</patternProperty>
            <caseSensitive>true</caseSensitive>
          </con:configuration>
        </con:assertion>
      </con:entry>
      <con:entry>
        <con:id>ec4f1a62-4205-4e5f-8bf2-187e46723cd6</con:id>
        <con:isGroup>false</con:isGroup>
        <con:sourceId>6480ec68-395b-4be5-ab5e-f4063b511d53</con:sourceId>
        <con:propertyName>res_biId</con:propertyName>
        <con:assertion type="Simple Equals" name="Equals 2" id="ea400b81-49fd-40a6-afe0-08fc7ac12267">
          <con:configuration>
            <patternObjectId>e9ea9c65-5627-447e-87a3-df87bdff71a8</patternObjectId>
            <patternProperty>res_id</patternProperty>
            <caseSensitive>true</caseSensitive>
          </con:configuration>
        </con:assertion>
      </con:entry>
    </con:config>
  </con:testStep>
  <con:testStep type="datasource" name="DataSource for products that added to reservation BI" id="6137dbf2-c6aa-4b8a-8e52-b1d656d0a1a5">
    <con:settings/>
    <con:config xsi:type="con:DataSourceStep" xmlns:xsi="http://www.w3.org/2001/XMLSchema-instance">
      <con:dataSource type="Grid">
        <con:configuration>
          <check><![CDATA[<xml-fragment><con:entry xmlns:con="http://eviware.com/soapui/config">true</con:entry><con:entry xmlns:con="http://eviware.com/soapui/config">true</con:entry></xml-fragment>]]></check>
          <row><![CDATA[<xml-fragment><con:entry xmlns:con="http://eviware.com/soapui/config">${Given properties for the test steps#SerializedProductId}</con:entry><con:entry xmlns:con="http://eviware.com/soapui/config">true</con:entry></xml-fragment>]]></row>
          <row><![CDATA[<xml-fragment><con:entry xmlns:con="http://eviware.com/soapui/config">${Given properties for the test steps#SerializedWithoutRangeProductId}</con:entry><con:entry xmlns:con="http://eviware.com/soapui/config">true</con:entry></xml-fragment>]]></row>
        </con:configuration>
      </con:dataSource>
      <con:property>productId</con:property>
      <con:property>includeLocked</con:property>
      <con:completeLastOperation>true</con:completeLastOperation>
      <con:restartOnRun>true</con:restartOnRun>
    </con:config>
  </con:testStep>
  <con:testStep type="transfer" name="P.T. - Search for products added to reservation BI" id="08e0a543-aca1-4640-83dc-10dade3a1eb4">
    <con:settings/>
    <con:config xsi:type="con:PropertyTransfersStep" xmlns:xsi="http://www.w3.org/2001/XMLSchema-instance">
      <con:transfers setNullOnMissingSource="true" transferTextContent="true" failOnError="true" ignoreEmpty="false" transferToAll="false" entitize="false" transferChildNodes="false">
        <con:name>productId</con:name>
        <con:sourceType>productId</con:sourceType>
        <con:sourceStep>DataSource for products that added to reservation BI</con:sourceStep>
        <con:sourcePath/>
        <con:targetType>req_productId</con:targetType>
        <con:targetStep>Search for products added to reservation BI</con:targetStep>
        <con:targetPath/>
        <con:upgraded>true</con:upgraded>
      </con:transfers>
      <con:transfers setNullOnMissingSource="true" transferTextContent="true" failOnError="true" ignoreEmpty="false" transferToAll="false" entitize="false" transferChildNodes="false">
        <con:name>includeLocked</con:name>
        <con:sourceType>includeLocked</con:sourceType>
        <con:sourceStep>DataSource for products that added to reservation BI</con:sourceStep>
        <con:targetType>req_includeLocked</con:targetType>
        <con:targetStep>Search for products added to reservation BI</con:targetStep>
        <con:upgraded>true</con:upgraded>
      </con:transfers>
    </con:config>
  </con:testStep>
  <con:testStep type="calltestcase" name="Search for products added to reservation BI" id="3e32c603-c6b9-4b63-ba19-236ace1288e0">
    <con:settings/>
    <con:config xsi:type="con:RunTestCaseStep" xmlns:xsi="http://www.w3.org/2001/XMLSchema-instance">
      <con:targetTestCase>2d3ba26f-f40c-4586-8be9-57c502ff8dff</con:targetTestCase>
      <con:properties>
        <con:property>
          <con:name>res_code</con:name>
          <con:value>200</con:value>
        </con:property>
        <con:property>
          <con:name>req_prodSpecExtId</con:name>
          <con:value xsi:nil="true"/>
        </con:property>
        <con:property>
          <con:name>req_includeLocked</con:name>
          <con:value>true</con:value>
        </con:property>
        <con:property>
          <con:name>res_errorMessage</con:name>
          <con:value xsi:nil="true"/>
        </con:property>
        <con:property>
          <con:name>res_productId</con:name>
          <con:value>197</con:value>
        </con:property>
        <con:property>
          <con:name>req_productId</con:name>
          <con:value>${Given properties for the test steps#SerializedWithoutRangeProductId}</con:value>
        </con:property>
        <con:property>
          <con:name>res_batchId</con:name>
          <con:value>170</con:value>
        </con:property>
      </con:properties>
      <con:returnProperties>
        <con:entry>res_code</con:entry>
        <con:entry>res_productId</con:entry>
        <con:entry>res_batchId</con:entry>
      </con:returnProperties>
      <con:runMode>PARALLELL</con:runMode>
    </con:config>
  </con:testStep>
  <con:testStep type="assertionteststep" name="Assert for product batchIds are found" id="59625ccb-5cfe-4e70-8d74-29e3c03bb938">
    <con:settings/>
    <con:config xsi:type="con:AssertionTestStep" xmlns:xsi="http://www.w3.org/2001/XMLSchema-instance">
      <con:entry>
        <con:id>3474802e-9658-4e4e-beef-436c881d319c</con:id>
        <con:isGroup>false</con:isGroup>
        <con:sourceId>3e32c603-c6b9-4b63-ba19-236ace1288e0</con:sourceId>
        <con:propertyName>res_code</con:propertyName>
        <con:assertion type="Simple Equals" name="Equals" id="233527a1-a398-48c2-a027-85fe42f3ee6c">
          <con:configuration>
            <patternObjectId>8bd80fe4-43d6-40aa-9c39-c0e035968197</patternObjectId>
            <patternProperty>res_200</patternProperty>
            <caseSensitive>true</caseSensitive>
          </con:configuration>
        </con:assertion>
      </con:entry>
      <con:entry>
        <con:id>268fbb44-b8c7-4814-9ebd-01b7d5069a1b</con:id>
        <con:isGroup>false</con:isGroup>
        <con:sourceId>3e32c603-c6b9-4b63-ba19-236ace1288e0</con:sourceId>
        <con:propertyName>res_productId</con:propertyName>
        <con:assertion type="Simple Contains" name="Contains" id="d93c6908-6c86-49f7-8683-8723f581c9d0">
          <con:configuration>
            <token>\d+</token>
            <ignoreCase>false</ignoreCase>
            <useRegEx>true</useRegEx>
          </con:configuration>
        </con:assertion>
      </con:entry>
      <con:entry>
        <con:id>4b9d3965-c67b-44bf-abe4-2e2b07ee366b</con:id>
        <con:isGroup>false</con:isGroup>
        <con:sourceId>3e32c603-c6b9-4b63-ba19-236ace1288e0</con:sourceId>
        <con:propertyName>res_batchId</con:propertyName>
        <con:assertion type="Simple Contains" name="Contains 2" id="411f25c1-a698-474d-b3ae-1b979e3cebd5">
          <con:configuration>
            <token>\d+</token>
            <ignoreCase>false</ignoreCase>
            <useRegEx>true</useRegEx>
          </con:configuration>
        </con:assertion>
      </con:entry>
    </con:config>
  </con:testStep>
  <con:testStep type="datasourceloop" name="DataSource Loop for product search" id="5e2dc41a-9610-4253-9c7b-c71ef1d17395">
    <con:settings/>
    <con:config>
      <dataSourceStep>DataSource for products that added to reservation BI</dataSourceStep>
      <targetStep>P.T. - Search for products added to reservation BI</targetStep>
    </con:config>
  </con:testStep>
  <con:properties>
    <con:property>
      <con:name>fromSalesOrgRoleId</con:name>
      <con:value>139</con:value>
    </con:property>
    <con:property>
      <con:name>fromPlaceId</con:name>
      <con:value>72</con:value>
    </con:property>
  </con:properties>
  <con:reportParameters/>
  <con:breakPoints>
    <con:testStepId>ad3bff0a-78a9-44c8-b229-5370435e2796</con:testStepId>
    <con:status>NONE</con:status>
    <con:properties/>
  </con:breakPoints>
  <con:breakPoints>
    <con:testStepId>17e67d74-8a24-4d9f-9053-ba4c1cb0776b</con:testStepId>
    <con:status>NONE</con:status>
    <con:properties/>
  </con:breakPoints>
  <con:breakPoints>
    <con:testStepId>3d0f3e91-3906-4b24-bac9-55f5bec46d7d</con:testStepId>
    <con:status>NONE</con:status>
    <con:properties/>
  </con:breakPoints>
  <con:breakPoints>
    <con:testStepId>6a5c0895-f263-4905-a94a-ed3eb792a62d</con:testStepId>
    <con:status>NONE</con:status>
    <con:properties/>
  </con:breakPoints>
  <con:breakPoints>
    <con:testStepId>9a3eaa47-929d-46b4-8669-b6bf62501509</con:testStepId>
    <con:status>NONE</con:status>
    <con:properties/>
  </con:breakPoints>
  <con:breakPoints>
    <con:testStepId>d7adc073-9920-4e64-9d9d-92bd1c631e58</con:testStepId>
    <con:status>NONE</con:status>
    <con:properties/>
  </con:breakPoints>
  <con:breakPoints>
    <con:testStepId>5f2e92ff-1bc6-485d-853b-45169e84bf2d</con:testStepId>
    <con:status>NONE</con:status>
    <con:properties/>
  </con:breakPoints>
  <con:breakPoints>
    <con:testStepId>35b51c0e-57cd-4e38-916c-31f4bba2ec8b</con:testStepId>
    <con:status>NONE</con:status>
    <con:properties/>
  </con:breakPoints>
  <con:breakPoints>
    <con:testStepId>fd671223-5f33-4793-a644-37c91697b651</con:testStepId>
    <con:status>NONE</con:status>
    <con:properties/>
  </con:breakPoints>
  <con:breakPoints>
    <con:testStepId>b3ff3eb1-7ce4-4a38-b008-4d3127b82aa0</con:testStepId>
    <con:status>NONE</con:status>
    <con:properties/>
  </con:breakPoints>
  <con:breakPoints>
    <con:testStepId>f08c9681-7f09-4f1a-acbc-5f262801c90f</con:testStepId>
    <con:status>NONE</con:status>
    <con:properties/>
  </con:breakPoints>
  <con:breakPoints>
    <con:testStepId>04cf0ba5-4c2e-4901-8805-b843cff21ce9</con:testStepId>
    <con:status>NONE</con:status>
    <con:properties/>
  </con:breakPoints>
  <con:breakPoints>
    <con:testStepId>e6bf4ccf-bef3-4a1f-85f7-caccacba4590</con:testStepId>
    <con:status>NONE</con:status>
    <con:properties/>
  </con:breakPoints>
  <con:breakPoints>
    <con:testStepId>e92b4cbe-f158-4c5f-a1c0-841f460ba6f5</con:testStepId>
    <con:status>NONE</con:status>
    <con:properties/>
  </con:breakPoints>
  <con:breakPoints>
    <con:testStepId>c86c3f17-8a6c-44b5-ba30-c93d1100cdb2</con:testStepId>
    <con:status>NONE</con:status>
    <con:properties/>
  </con:breakPoints>
  <con:breakPoints>
    <con:testStepId>de9707ff-278d-440b-a2ea-68ec8a63fb6c</con:testStepId>
    <con:status>NONE</con:status>
    <con:properties/>
  </con:breakPoints>
  <con:breakPoints>
    <con:testStepId>95dc71b8-679a-43c8-975f-87e972673452</con:testStepId>
    <con:status>NONE</con:status>
    <con:properties/>
  </con:breakPoints>
  <con:breakPoints>
    <con:testStepId>16806670-d6a9-4867-94f9-47ba50cba901</con:testStepId>
    <con:status>NONE</con:status>
    <con:properties/>
  </con:breakPoints>
  <con:breakPoints>
    <con:testStepId>28b6f985-c181-420d-a7ed-75886f5ed9cc</con:testStepId>
    <con:status>NONE</con:status>
    <con:properties/>
  </con:breakPoints>
  <con:breakPoints>
    <con:testStepId>0fcfc43d-259e-443d-a783-40abef0b897e</con:testStepId>
    <con:status>NONE</con:status>
    <con:properties/>
  </con:breakPoints>
  <con:breakPoints>
    <con:testStepId>aa240fd5-cb71-4a6c-84af-b927694c6f6c</con:testStepId>
    <con:status>NONE</con:status>
    <con:properties/>
  </con:breakPoints>
  <con:breakPoints>
    <con:testStepId>690dcff8-4628-4237-822a-3d90256c5b26</con:testStepId>
    <con:status>NONE</con:status>
    <con:properties/>
  </con:breakPoints>
  <con:breakPoints>
    <con:testStepId>2f1b644b-5bcf-4ca0-bfa7-e484c19bc71a</con:testStepId>
    <con:status>NONE</con:status>
    <con:properties/>
  </con:breakPoints>
  <con:breakPoints>
    <con:testStepId>89121d11-8044-4e97-b05c-8b1ed84206f1</con:testStepId>
    <con:status>NONE</con:status>
    <con:properties/>
  </con:breakPoints>
  <con:breakPoints>
    <con:testStepId>7b0da658-e1c3-4bfc-bc28-b595bdecd897</con:testStepId>
    <con:status>NONE</con:status>
    <con:properties/>
  </con:breakPoints>
  <con:breakPoints>
    <con:testStepId>ccc8f39c-a7fb-43d4-9673-b7245fe02fb1</con:testStepId>
    <con:status>NONE</con:status>
    <con:properties/>
  </con:breakPoints>
  <con:breakPoints>
    <con:testStepId>1f0dc7fa-eb6b-4fe0-8ba1-d6acde17d918</con:testStepId>
    <con:status>NONE</con:status>
    <con:properties/>
  </con:breakPoints>
  <con:breakPoints>
    <con:testStepId>154676ab-e967-42ed-85e6-4dbf37b2e73b</con:testStepId>
    <con:status>NONE</con:status>
    <con:properties/>
  </con:breakPoints>
  <con:breakPoints>
    <con:testStepId>984ff7b6-2571-45c2-929b-1bd903f6a749</con:testStepId>
    <con:status>NONE</con:status>
    <con:properties/>
  </con:breakPoints>
  <con:breakPoints>
    <con:testStepId>1f81a932-acf6-482b-8b89-3adf6c3540f6</con:testStepId>
    <con:status>NONE</con:status>
    <con:properties/>
  </con:breakPoints>
  <con:breakPoints>
    <con:testStepId>8835b366-7019-4a5c-ad9e-765838603194</con:testStepId>
    <con:status>NONE</con:status>
    <con:properties/>
  </con:breakPoints>
  <con:breakPoints>
    <con:testStepId>a47f95f1-e3d3-4afa-8ce4-7b54012b0d74</con:testStepId>
    <con:status>NONE</con:status>
    <con:properties/>
  </con:breakPoints>
  <con:breakPoints>
    <con:testStepId>75837b6a-b9cb-474b-abef-61dcae03dc05</con:testStepId>
    <con:status>NONE</con:status>
    <con:properties/>
  </con:breakPoints>
  <con:breakPoints>
    <con:testStepId>9ff8f55e-2059-43ee-ab60-e9fe57503d6c</con:testStepId>
    <con:status>NONE</con:status>
    <con:properties/>
  </con:breakPoints>
  <con:breakPoints>
    <con:testStepId>57731451-8516-41f5-9d86-af9f7adf13bd</con:testStepId>
    <con:status>NONE</con:status>
    <con:properties/>
  </con:breakPoints>
  <con:breakPoints>
    <con:testStepId>b8ed6af5-cb79-4ff4-af22-bcb70fa1878d</con:testStepId>
    <con:status>NONE</con:status>
    <con:properties/>
  </con:breakPoints>
  <con:breakPoints>
    <con:testStepId>0c014396-4bcd-4425-b28e-1203fcecfc8f</con:testStepId>
    <con:status>NONE</con:status>
    <con:properties/>
  </con:breakPoints>
  <con:breakPoints>
    <con:testStepId>f0189b9b-8743-4cf4-962a-d0bea3619a9a</con:testStepId>
    <con:status>NONE</con:status>
    <con:properties/>
  </con:breakPoints>
  <con:breakPoints>
    <con:testStepId>6b7f2340-c9ca-4685-a4e8-1a0dd5dfeffb</con:testStepId>
    <con:status>NONE</con:status>
    <con:properties/>
  </con:breakPoints>
  <con:breakPoints>
    <con:testStepId>ef573c48-7228-4650-a43e-29c1c11ae659</con:testStepId>
    <con:status>NONE</con:status>
    <con:properties/>
  </con:breakPoints>
  <con:breakPoints>
    <con:testStepId>253dac01-90c0-436e-8343-3d8ebb28479d</con:testStepId>
    <con:status>NONE</con:status>
    <con:properties/>
  </con:breakPoints>
  <con:breakPoints>
    <con:testStepId>ee329336-12f5-4d03-b6b6-0b84ec1a636b</con:testStepId>
    <con:status>NONE</con:status>
    <con:properties/>
  </con:breakPoints>
  <con:breakPoints>
    <con:testStepId>9b6f2897-e3f3-4611-bd42-81d813953c41</con:testStepId>
    <con:status>NONE</con:status>
    <con:properties/>
  </con:breakPoints>
  <con:breakPoints>
    <con:testStepId>8fb3e238-75ac-4e5b-9951-365bcf572334</con:testStepId>
    <con:status>NONE</con:status>
    <con:properties/>
  </con:breakPoints>
  <con:breakPoints>
    <con:testStepId>8bd80fe4-43d6-40aa-9c39-c0e035968197</con:testStepId>
    <con:status>NONE</con:status>
    <con:properties/>
  </con:breakPoints>
  <con:breakPoints>
    <con:testStepId>fa9e87ca-fc53-4199-bcb0-c6e782232604</con:testStepId>
    <con:status>NONE</con:status>
    <con:properties/>
  </con:breakPoints>
  <con:breakPoints>
    <con:testStepId>476967cc-aae5-442b-bdf3-36aa932a5989</con:testStepId>
    <con:status>NONE</con:status>
    <con:properties/>
  </con:breakPoints>
  <con:breakPoints>
    <con:testStepId>28be0b8a-8d99-4ae2-ac10-4c907826a5d1</con:testStepId>
    <con:status>NONE</con:status>
    <con:properties/>
  </con:breakPoints>
  <con:breakPoints>
    <con:testStepId>e4a10351-299e-4599-aa3b-0720dd38ffc3</con:testStepId>
    <con:status>NONE</con:status>
    <con:properties/>
  </con:breakPoints>
  <con:breakPoints>
    <con:testStepId>b87fe2d5-35c4-41eb-a34a-714fbfe92462</con:testStepId>
    <con:status>NONE</con:status>
    <con:properties/>
  </con:breakPoints>
  <con:breakPoints>
    <con:testStepId>9758de60-04e2-460a-ac99-3c132f2f9e98</con:testStepId>
    <con:status>NONE</con:status>
    <con:properties/>
  </con:breakPoints>
  <con:breakPoints>
    <con:testStepId>b839cb6a-386c-41b9-805f-bbd8f9894582</con:testStepId>
    <con:status>NONE</con:status>
    <con:properties/>
  </con:breakPoints>
  <con:breakPoints>
    <con:testStepId>11dc59fd-ab57-4e50-acf0-b66f8ce34693</con:testStepId>
    <con:status>NONE</con:status>
    <con:properties/>
  </con:breakPoints>
  <con:breakPoints>
    <con:testStepId>0021b715-0681-431e-9f48-df38f2fcb065</con:testStepId>
    <con:status>NONE</con:status>
    <con:properties/>
  </con:breakPoints>
  <con:breakPoints>
    <con:testStepId>8807a2fe-fca9-466e-b421-0defae98f822</con:testStepId>
    <con:status>NONE</con:status>
    <con:properties/>
  </con:breakPoints>
  <con:breakPoints>
    <con:testStepId>044c465b-e940-4d47-acab-756a12621d0f</con:testStepId>
    <con:status>NONE</con:status>
    <con:properties/>
  </con:breakPoints>
  <con:breakPoints>
    <con:testStepId>e1b776e0-9093-4cd2-ad7f-a33656e2c628</con:testStepId>
    <con:status>NONE</con:status>
    <con:properties/>
  </con:breakPoints>
  <con:breakPoints>
    <con:testStepId>c2078e62-5727-4073-8edf-1a95f1b1d1f4</con:testStepId>
    <con:status>NONE</con:status>
    <con:properties/>
  </con:breakPoints>
  <con:breakPoints>
    <con:testStepId>e3242002-9ef7-4dbb-97e0-7ab765c70513</con:testStepId>
    <con:status>NONE</con:status>
    <con:properties/>
  </con:breakPoints>
  <con:breakPoints>
    <con:testStepId>5c16f259-dec1-4d28-a56d-e089efbbb081</con:testStepId>
    <con:status>ENABLED</con:status>
    <con:properties/>
  </con:breakPoints>
  <con:breakPoints>
    <con:testStepId>be4c722b-5af5-4fcd-94cd-ac8c869ae618</con:testStepId>
    <con:status>NONE</con:status>
    <con:properties/>
  </con:breakPoints>
  <con:breakPoints>
    <con:testStepId>6c16e6da-1c92-4d0c-8cdf-84d3520acda6</con:testStepId>
    <con:status>NONE</con:status>
    <con:properties/>
  </con:breakPoints>
  <con:breakPoints>
    <con:testStepId>8af9a0a7-eddd-4f42-a7fe-891f29db0792</con:testStepId>
    <con:status>NONE</con:status>
    <con:properties/>
  </con:breakPoints>
  <con:breakPoints>
    <con:testStepId>f76facd2-7e78-4273-9c4c-297b8385c9cb</con:testStepId>
    <con:status>NONE</con:status>
    <con:properties/>
  </con:breakPoints>
  <con:breakPoints>
    <con:testStepId>e9ea9c65-5627-447e-87a3-df87bdff71a8</con:testStepId>
    <con:status>NONE</con:status>
    <con:properties/>
  </con:breakPoints>
  <con:breakPoints>
    <con:testStepId>ba81cca5-d76b-490c-84bb-44cb578eee80</con:testStepId>
    <con:status>NONE</con:status>
    <con:properties/>
  </con:breakPoints>
  <con:breakPoints>
    <con:testStepId>3e6af7dc-e571-47a0-a3f4-89bc3518dacf</con:testStepId>
    <con:status>NONE</con:status>
    <con:properties/>
  </con:breakPoints>
  <con:breakPoints>
    <con:testStepId>2286f9a0-2465-46bd-b8ac-36f737715772</con:testStepId>
    <con:status>NONE</con:status>
    <con:properties/>
  </con:breakPoints>
  <con:breakPoints>
    <con:testStepId>cbe474d9-ad92-469d-8dd2-802acea94d4e</con:testStepId>
    <con:status>NONE</con:status>
    <con:properties/>
  </con:breakPoints>
  <con:breakPoints>
    <con:testStepId>62dd9dc2-9f2c-42b8-9419-8d62e779d80d</con:testStepId>
    <con:status>NONE</con:status>
    <con:properties/>
  </con:breakPoints>
  <con:breakPoints>
    <con:testStepId>0e5f7e06-0a3f-454d-a961-3c2f3d5848db</con:testStepId>
    <con:status>NONE</con:status>
    <con:properties/>
  </con:breakPoints>
  <con:breakPoints>
    <con:testStepId>5bc5e502-a14c-486d-bb20-57b82c81d63c</con:testStepId>
    <con:status>NONE</con:status>
    <con:properties/>
  </con:breakPoints>
  <con:breakPoints>
    <con:testStepId>8dabc659-3cd7-42ec-b6d5-f94c6872777a</con:testStepId>
    <con:status>NONE</con:status>
    <con:properties/>
  </con:breakPoints>
  <con:breakPoints>
    <con:testStepId>a389ca32-e9ee-49f1-b320-188a4887f99f</con:testStepId>
    <con:status>NONE</con:status>
    <con:properties/>
  </con:breakPoints>
  <con:breakPoints>
    <con:testStepId>fe55adcc-3db7-4305-a333-3277afe56d3a</con:testStepId>
    <con:status>NONE</con:status>
    <con:properties/>
  </con:breakPoints>
  <con:breakPoints>
    <con:testStepId>df15c3f8-07d3-4a56-8164-3116986f9501</con:testStepId>
    <con:status>NONE</con:status>
    <con:properties/>
  </con:breakPoints>
  <con:breakPoints>
    <con:testStepId>20f814ea-e137-43da-a290-937e38fe5829</con:testStepId>
    <con:status>NONE</con:status>
    <con:properties/>
  </con:breakPoints>
</con:testCase>