<?xml version="1.0" encoding="UTF-8"?>
<con:testCase id="0d96514d-d1b0-41d0-983d-b7524e4f686c" discardOkResults="true" failOnError="true" failTestCaseOnErrors="true" keepSession="false" name="Test Case 6 - AggregatedItem" searchProperties="true" timeout="0" xmlns:con="http://eviware.com/soapui/config">
  <con:settings>
    <con:setting id="e94eb367-2eb8-4c52-8762-022f56c480bafileName">TestCase-3</con:setting>
    <con:setting id="edf23dc9-5895-4647-bc58-e0ec3e114efbfileName">Test-Case-2---External</con:setting>
    <con:setting id="0d96514d-d1b0-41d0-983d-b7524e4f686cfileName">Test-Case-6---AggregatedItem</con:setting>
  </con:settings>
  <con:savedRecentRuns>1</con:savedRecentRuns>
  <con:testStep type="datagen" name="DataGen quantities" id="fcfbee74-726e-4e1d-bd68-e3faf2aee771">
    <con:settings/>
    <con:config xsi:type="con:DataGeneratorStep" xmlns:xsi="http://www.w3.org/2001/XMLSchema-instance">
      <con:property type="Number">
        <con:configuration>
          <start>250</start>
          <end>1000</end>
          <step>1</step>
          <pattern>#</pattern>
          <random>true</random>
          <persist>true</persist>
          <current>758.0</current>
        </con:configuration>
        <con:name>stockInQuantity</con:name>
        <con:mode>STEP</con:mode>
        <con:shared>true</con:shared>
      </con:property>
      <con:property type="Number">
        <con:configuration>
          <start>100</start>
          <end>249</end>
          <step>1</step>
          <pattern>#</pattern>
          <random>true</random>
          <persist>true</persist>
          <current>179.0</current>
        </con:configuration>
        <con:name>reservationQuantity</con:name>
        <con:mode>STEP</con:mode>
        <con:shared>true</con:shared>
      </con:property>
      <con:property type="Number">
        <con:configuration>
          <start>10</start>
          <end>50</end>
          <step>1</step>
          <pattern>#</pattern>
          <random>true</random>
          <persist>true</persist>
          <current>35.0</current>
        </con:configuration>
        <con:name>1stSliceQty</con:name>
        <con:mode>STEP</con:mode>
        <con:shared>true</con:shared>
      </con:property>
      <con:property type="Number">
        <con:configuration>
          <start>1</start>
          <end>9</end>
          <step>1</step>
          <pattern>#</pattern>
          <random>true</random>
          <persist>true</persist>
          <current>1.0</current>
        </con:configuration>
        <con:name>2ndSliceQty</con:name>
        <con:mode>STEP</con:mode>
        <con:shared>true</con:shared>
      </con:property>
      <con:property type="Script">
        <con:configuration>
          <script>def stockInQuantity = context.expand( '${DataGen quantities#stockInQuantity}' ).toInteger();
def reservationQuantity = context.expand( '${DataGen quantities#reservationQuantity}' ).toInteger();
def stSliceQty = context.expand( '${DataGen quantities#1stSliceQty}' );
def ndSliceQty = context.expand( '${DataGen quantities#2ndSliceQty}' );

int remainingQuantity = stockInQuantity - reservationQuantity;

testRunner.testCase.testSteps['Given properties for the test steps'].setPropertyValue("stockInQuantity", stockInQuantity.toString());
testRunner.testCase.testSteps['Given properties for the test steps'].setPropertyValue("reservationQuantity", reservationQuantity.toString());
testRunner.testCase.testSteps['Given properties for the test steps'].setPropertyValue("remainingQuantity", remainingQuantity.toString());
testRunner.testCase.testSteps['Given properties for the test steps'].setPropertyValue("1stSliceQty", stSliceQty.toString());
testRunner.testCase.testSteps['Given properties for the test steps'].setPropertyValue("2ndSliceQty", ndSliceQty.toString());</script>
        </con:configuration>
        <con:name>setQuantityAndSerialNumber</con:name>
        <con:mode>STEP</con:mode>
        <con:shared>true</con:shared>
      </con:property>
    </con:config>
  </con:testStep>
  <con:testStep type="properties" name="Given properties for the test steps" id="741cfac2-6fff-419f-95b3-714a8942a161">
    <con:settings/>
    <con:config xsi:type="con:PropertiesStep" saveFirst="true" xmlns:xsi="http://www.w3.org/2001/XMLSchema-instance">
      <con:properties>
        <con:property>
          <con:name>stockInQuantity</con:name>
          <con:value>758</con:value>
        </con:property>
        <con:property>
          <con:name>reservationQuantity</con:name>
          <con:value>179</con:value>
        </con:property>
        <con:property>
          <con:name>remainingQuantity</con:name>
          <con:value>579</con:value>
        </con:property>
        <con:property>
          <con:name>1stSliceQty</con:name>
          <con:value>35</con:value>
        </con:property>
        <con:property>
          <con:name>2ndSliceQty</con:name>
          <con:value>1</con:value>
        </con:property>
        <con:property>
          <con:name>biSpecCode</con:name>
          <con:value>PRRESERVATIONBISPEC</con:value>
        </con:property>
        <con:property>
          <con:name>quantityOne</con:name>
          <con:value>1</con:value>
        </con:property>
        <con:property>
          <con:name>quantityTwo</con:name>
          <con:value>2</con:value>
        </con:property>
        <con:property>
          <con:name>userRoleId</con:name>
          <con:value>150</con:value>
        </con:property>
        <con:property>
          <con:name>salesOrgRoleId</con:name>
          <con:value>148</con:value>
        </con:property>
        <con:property>
          <con:name>placeId</con:name>
          <con:value>77</con:value>
        </con:property>
        <con:property>
          <con:name>inventoryId</con:name>
          <con:value>151</con:value>
        </con:property>
        <con:property>
          <con:name>terminalId</con:name>
          <con:value>36</con:value>
        </con:property>
        <con:property>
          <con:name>userExtId</con:name>
          <con:value>userExtId-${=java.util.UUID.randomUUID()}</con:value>
        </con:property>
        <con:property>
          <con:name>soExtId</con:name>
          <con:value>soExtId-${=java.util.UUID.randomUUID()}</con:value>
        </con:property>
        <con:property>
          <con:name>terminalExtId</con:name>
          <con:value>terminalExtId-${=java.util.UUID.randomUUID()}</con:value>
        </con:property>
        <con:property>
          <con:name>inventoryExtId</con:name>
          <con:value>inventoryExtId-${=java.util.UUID.randomUUID()}</con:value>
        </con:property>
        <con:property>
          <con:name>externalSystem</con:name>
          <con:value>ext-system-${=java.util.UUID.randomUUID()}</con:value>
        </con:property>
        <con:property>
          <con:name>SerializedProductId</con:name>
          <con:value>41</con:value>
        </con:property>
        <con:property>
          <con:name>SerializedWithoutRangeProductId</con:name>
          <con:value>42</con:value>
        </con:property>
        <con:property>
          <con:name>NonSerializedProductId</con:name>
          <con:value>43</con:value>
        </con:property>
        <con:property>
          <con:name>SerializedProductSpecCode</con:name>
          <con:value>CODE-IPHONE6S-1</con:value>
        </con:property>
        <con:property>
          <con:name>SerializedWithoutRangeProductSpecCode</con:name>
          <con:value>CODE-GALAXYNOTE4-1</con:value>
        </con:property>
        <con:property>
          <con:name>NonSerializedProductSpecCode</con:name>
          <con:value>CODE-APPLMOUSE-1</con:value>
        </con:property>
        <con:property>
          <con:name>reservationPeriodValue</con:name>
          <con:value>2</con:value>
        </con:property>
        <con:property>
          <con:name>reservationPeriodUnit</con:name>
          <con:value>Year</con:value>
        </con:property>
        <con:property>
          <con:name>mainState</con:name>
          <con:value>0</con:value>
        </con:property>
        <con:property>
          <con:name>state</con:name>
          <con:value>5</con:value>
        </con:property>
        <con:property>
          <con:name>statusSellable</con:name>
          <con:value>Sellable</con:value>
        </con:property>
        <con:property>
          <con:name>res_200</con:name>
          <con:value>200</con:value>
        </con:property>
        <con:property>
          <con:name>res_201</con:name>
          <con:value>201</con:value>
        </con:property>
        <con:property>
          <con:name>res_400</con:name>
          <con:value>400</con:value>
        </con:property>
        <con:property>
          <con:name>res_404</con:name>
          <con:value>404</con:value>
        </con:property>
        <con:property>
          <con:name>productNotExist</con:name>
          <con:value>PRODUCT_WITH_ID_DOES_NOT_EXIST</con:value>
        </con:property>
        <con:property>
          <con:name>notEnoughProduct</con:name>
          <con:value>THERE_IS_NOT_ENOUGH_PRODUCT_WITH_GIVEN_QUANTITY</con:value>
        </con:property>
        <con:property>
          <con:name>biWithIdNotFound</con:name>
          <con:value>BI_WITH_ID_NOT_FOUND</con:value>
        </con:property>
        <con:property>
          <con:name>biItemWithIdNotFound</con:name>
          <con:value>BI_ITEM_WITH_ID_NOT_FOUND</con:value>
        </con:property>
        <con:property>
          <con:name>invalidState</con:name>
          <con:value>INVALID_STATE_OPERATION</con:value>
        </con:property>
        <con:property>
          <con:name>notInRange</con:name>
          <con:value>REQUESTED_STARTSERIAL_IS_NOT_IN_CURRENT_RANGE</con:value>
        </con:property>
        <con:property>
          <con:name>serialNumberMustBePositiveInteger</con:name>
          <con:value>PRODUCT_START_SERIAL_NUMBER_MUST_BE_POSITIVE_INTEGER</con:value>
        </con:property>
        <con:property>
          <con:name>non-exist</con:name>
          <con:value>-1</con:value>
        </con:property>
        <con:property>
          <con:name>serialNumberWithChar</con:name>
          <con:value>1234a</con:value>
        </con:property>
        <con:property>
          <con:name>serialNumberMustBePositiveLong</con:name>
          <con:value>SERIAL_NUMBERS_OF_SERIALIZED_PRODUCTS_MUST_BE_POSITIVE_LONG</con:value>
        </con:property>
        <con:property>
          <con:name>errMsg-nextStateNotFound</con:name>
          <con:value>NEXT_STATE_NOT_FOUND</con:value>
        </con:property>
        <con:property>
          <con:name>ongoingBIstatus</con:name>
          <con:value>Ongoing</con:value>
        </con:property>
        <con:property>
          <con:name>includeLockedTrue</con:name>
          <con:value>true</con:value>
        </con:property>
      </con:properties>
    </con:config>
  </con:testStep>
  <con:testStep type="transfer" name="Set create initial data and products quantity" id="0c75b357-a764-4a9e-b8ac-132b7cde2787">
    <con:settings/>
    <con:config xsi:type="con:PropertyTransfersStep" xmlns:xsi="http://www.w3.org/2001/XMLSchema-instance">
      <con:transfers setNullOnMissingSource="true" transferTextContent="true" failOnError="true" ignoreEmpty="false" transferToAll="false" entitize="false" transferChildNodes="false">
        <con:name>quantity</con:name>
        <con:sourceType>stockInQuantity</con:sourceType>
        <con:sourceStep>Given properties for the test steps</con:sourceStep>
        <con:sourcePath/>
        <con:targetType>req_quantity</con:targetType>
        <con:targetStep>Create initial data and products</con:targetStep>
        <con:targetPath/>
        <con:upgraded>true</con:upgraded>
      </con:transfers>
    </con:config>
  </con:testStep>
  <con:testStep type="calltestcase" name="Create initial data and products" id="9c21b7c2-ec6e-41f0-a7f0-ef9f94f5b170">
    <con:settings/>
    <con:config xsi:type="con:RunTestCaseStep" xmlns:xsi="http://www.w3.org/2001/XMLSchema-instance">
      <con:targetTestCase>5e4beeb6-f397-47ec-8202-d19549f54f59</con:targetTestCase>
      <con:properties>
        <con:property>
          <con:name>userRoleId</con:name>
          <con:value>150</con:value>
        </con:property>
        <con:property>
          <con:name>salesOrgRoleId</con:name>
          <con:value>148</con:value>
        </con:property>
        <con:property>
          <con:name>placeId</con:name>
          <con:value>77</con:value>
        </con:property>
        <con:property>
          <con:name>inventoryId</con:name>
          <con:value>151</con:value>
        </con:property>
        <con:property>
          <con:name>terminalId</con:name>
          <con:value>36</con:value>
        </con:property>
        <con:property>
          <con:name>serializedProductId</con:name>
          <con:value>41</con:value>
        </con:property>
        <con:property>
          <con:name>serializedWithoutRangeProductId</con:name>
          <con:value>42</con:value>
        </con:property>
        <con:property>
          <con:name>nonSerializedProductId</con:name>
          <con:value>43</con:value>
        </con:property>
        <con:property>
          <con:name>serializedProductStartSerialNumber</con:name>
          <con:value>10666607</con:value>
        </con:property>
        <con:property>
          <con:name>serializedWithoutRangeProductSerialText</con:name>
          <con:value>10763654a</con:value>
        </con:property>
        <con:property>
          <con:name>res_nonSerializedProductSpecCode</con:name>
          <con:value>CODE-APPLMOUSE-1</con:value>
        </con:property>
        <con:property>
          <con:name>res_serializedProductSpecCode</con:name>
          <con:value>CODE-IPHONE6S-1</con:value>
        </con:property>
        <con:property>
          <con:name>res_serializedWithoutRangeProductSpecCode</con:name>
          <con:value>CODE-GALAXYNOTE4-1</con:value>
        </con:property>
        <con:property>
          <con:name>req_quantity</con:name>
          <con:value>758</con:value>
        </con:property>
        <con:property>
          <con:name>res_nonSerializedProductSpecExtId</con:name>
          <con:value>EXT-APPLMOUSE-1</con:value>
        </con:property>
        <con:property>
          <con:name>res_serializedProductSpecExtId</con:name>
          <con:value>EXT-IPHONE6S-1</con:value>
        </con:property>
        <con:property>
          <con:name>res_serializedWithoutRangeSpecExtId</con:name>
          <con:value>EXT-GALAXYNOTE4-1</con:value>
        </con:property>
        <con:property>
          <con:name>userToken</con:name>
        </con:property>
        <con:property>
          <con:name>userIntToken</con:name>
        </con:property>
        <con:property>
          <con:name>res_serializedBatchId</con:name>
        </con:property>
        <con:property>
          <con:name>res_serializedWithoutRangeBatchId</con:name>
        </con:property>
      </con:properties>
      <con:returnProperties>
        <con:entry>userRoleId</con:entry>
        <con:entry>salesOrgRoleId</con:entry>
        <con:entry>placeId</con:entry>
        <con:entry>inventoryId</con:entry>
        <con:entry>terminalId</con:entry>
        <con:entry>serializedProductId</con:entry>
        <con:entry>serializedWithoutRangeProductId</con:entry>
        <con:entry>nonSerializedProductId</con:entry>
        <con:entry>serializedProductStartSerialNumber</con:entry>
        <con:entry>serializedWithoutRangeProductSerialText</con:entry>
        <con:entry>res_nonSerializedProductSpecCode</con:entry>
        <con:entry>res_serializedProductSpecCode</con:entry>
        <con:entry>res_serializedWithoutRangeProductSpecCode</con:entry>
        <con:entry>res_nonSerializedProductSpecExtId</con:entry>
        <con:entry>res_serializedProductSpecExtId</con:entry>
        <con:entry>res_serializedWithoutRangeSpecExtId</con:entry>
      </con:returnProperties>
      <con:runMode>PARALLELL</con:runMode>
    </con:config>
  </con:testStep>
  <con:testStep type="transfer" name="Set given properties for the test steps" id="df318bd6-8e27-46e1-9e71-23246bd7d5f9">
    <con:settings/>
    <con:config xsi:type="con:PropertyTransfersStep" xmlns:xsi="http://www.w3.org/2001/XMLSchema-instance">
      <con:transfers setNullOnMissingSource="true" transferTextContent="true" failOnError="true" ignoreEmpty="false" transferToAll="false" entitize="false" transferChildNodes="false">
        <con:name>soId</con:name>
        <con:sourceType>salesOrgRoleId</con:sourceType>
        <con:sourceStep>Create initial data and products</con:sourceStep>
        <con:sourcePath/>
        <con:targetType>salesOrgRoleId</con:targetType>
        <con:targetStep>Given properties for the test steps</con:targetStep>
        <con:targetPath/>
        <con:upgraded>true</con:upgraded>
      </con:transfers>
      <con:transfers setNullOnMissingSource="true" transferTextContent="true" failOnError="true" ignoreEmpty="false" transferToAll="false" entitize="false" transferChildNodes="false">
        <con:name>inventoryId</con:name>
        <con:sourceType>inventoryId</con:sourceType>
        <con:sourceStep>Create initial data and products</con:sourceStep>
        <con:targetType>inventoryId</con:targetType>
        <con:targetStep>Given properties for the test steps</con:targetStep>
        <con:upgraded>true</con:upgraded>
      </con:transfers>
      <con:transfers setNullOnMissingSource="true" transferTextContent="true" failOnError="true" ignoreEmpty="false" transferToAll="false" entitize="false" transferChildNodes="false">
        <con:name>userId</con:name>
        <con:sourceType>userRoleId</con:sourceType>
        <con:sourceStep>Create initial data and products</con:sourceStep>
        <con:targetType>userRoleId</con:targetType>
        <con:targetStep>Given properties for the test steps</con:targetStep>
        <con:upgraded>true</con:upgraded>
      </con:transfers>
      <con:transfers setNullOnMissingSource="true" transferTextContent="true" failOnError="true" ignoreEmpty="false" transferToAll="false" entitize="false" transferChildNodes="false">
        <con:name>terminalId</con:name>
        <con:sourceType>terminalId</con:sourceType>
        <con:sourceStep>Create initial data and products</con:sourceStep>
        <con:targetType>terminalId</con:targetType>
        <con:targetStep>Given properties for the test steps</con:targetStep>
        <con:upgraded>true</con:upgraded>
      </con:transfers>
      <con:transfers setNullOnMissingSource="true" transferTextContent="true" failOnError="true" ignoreEmpty="false" transferToAll="false" entitize="false" transferChildNodes="false">
        <con:name>placeId</con:name>
        <con:sourceType>placeId</con:sourceType>
        <con:sourceStep>Create initial data and products</con:sourceStep>
        <con:targetType>placeId</con:targetType>
        <con:targetStep>Given properties for the test steps</con:targetStep>
        <con:upgraded>true</con:upgraded>
      </con:transfers>
      <con:transfers setNullOnMissingSource="true" transferTextContent="true" failOnError="true" ignoreEmpty="false" transferToAll="false" entitize="false" transferChildNodes="false">
        <con:name>nonSerializedProductId</con:name>
        <con:sourceType>nonSerializedProductId</con:sourceType>
        <con:sourceStep>Create initial data and products</con:sourceStep>
        <con:targetType>NonSerializedProductId</con:targetType>
        <con:targetStep>Given properties for the test steps</con:targetStep>
        <con:upgraded>true</con:upgraded>
      </con:transfers>
      <con:transfers setNullOnMissingSource="true" transferTextContent="true" failOnError="true" ignoreEmpty="false" transferToAll="false" entitize="false" transferChildNodes="false">
        <con:name>nonSerializedProductSpecCode</con:name>
        <con:sourceType>res_nonSerializedProductSpecCode</con:sourceType>
        <con:sourceStep>Create initial data and products</con:sourceStep>
        <con:targetType>NonSerializedProductSpecCode</con:targetType>
        <con:targetStep>Given properties for the test steps</con:targetStep>
        <con:upgraded>true</con:upgraded>
      </con:transfers>
      <con:transfers setNullOnMissingSource="true" transferTextContent="true" failOnError="true" ignoreEmpty="false" transferToAll="false" entitize="false" transferChildNodes="false">
        <con:name>serializedProductId</con:name>
        <con:sourceType>serializedProductId</con:sourceType>
        <con:sourceStep>Create initial data and products</con:sourceStep>
        <con:targetType>SerializedProductId</con:targetType>
        <con:targetStep>Given properties for the test steps</con:targetStep>
        <con:upgraded>true</con:upgraded>
      </con:transfers>
      <con:transfers setNullOnMissingSource="true" transferTextContent="true" failOnError="true" ignoreEmpty="false" transferToAll="false" entitize="false" transferChildNodes="false">
        <con:name>serializedProductSpecCode</con:name>
        <con:sourceType>res_serializedProductSpecCode</con:sourceType>
        <con:sourceStep>Create initial data and products</con:sourceStep>
        <con:targetType>SerializedProductSpecCode</con:targetType>
        <con:targetStep>Given properties for the test steps</con:targetStep>
        <con:upgraded>true</con:upgraded>
      </con:transfers>
      <con:transfers setNullOnMissingSource="true" transferTextContent="true" failOnError="true" ignoreEmpty="false" transferToAll="false" entitize="false" transferChildNodes="false">
        <con:name>serializedWithoutRangeProductId</con:name>
        <con:sourceType>serializedWithoutRangeProductId</con:sourceType>
        <con:sourceStep>Create initial data and products</con:sourceStep>
        <con:targetType>SerializedWithoutRangeProductId</con:targetType>
        <con:targetStep>Given properties for the test steps</con:targetStep>
        <con:upgraded>true</con:upgraded>
      </con:transfers>
      <con:transfers setNullOnMissingSource="true" transferTextContent="true" failOnError="true" ignoreEmpty="false" transferToAll="false" entitize="false" transferChildNodes="false">
        <con:name>serializedWithoutRangeProductSpecCode</con:name>
        <con:sourceType>res_serializedWithoutRangeProductSpecCode</con:sourceType>
        <con:sourceStep>Create initial data and products</con:sourceStep>
        <con:targetType>SerializedWithoutRangeProductSpecCode</con:targetType>
        <con:targetStep>Given properties for the test steps</con:targetStep>
        <con:upgraded>true</con:upgraded>
      </con:transfers>
      <con:transfers setNullOnMissingSource="true" transferTextContent="true" failOnError="true" ignoreEmpty="false" transferToAll="false" entitize="false" transferChildNodes="false">
        <con:name>fromSalesOrg</con:name>
        <con:sourceType>salesOrgRoleId</con:sourceType>
        <con:sourceStep>Create initial data and products</con:sourceStep>
        <con:targetType>fromSalesOrgRoleId</con:targetType>
        <con:targetStep>#TestCase#</con:targetStep>
        <con:upgraded>true</con:upgraded>
      </con:transfers>
      <con:transfers setNullOnMissingSource="true" transferTextContent="true" failOnError="true" ignoreEmpty="false" transferToAll="false" entitize="false" transferChildNodes="false">
        <con:name>fromPlace</con:name>
        <con:sourceType>placeId</con:sourceType>
        <con:sourceStep>Create initial data and products</con:sourceStep>
        <con:targetType>fromPlaceId</con:targetType>
        <con:targetStep>#TestCase#</con:targetStep>
        <con:upgraded>true</con:upgraded>
      </con:transfers>
    </con:config>
  </con:testStep>
  <con:testStep type="transfer" name="Set create product reservation interaction" id="c80cc5a0-c00b-4f35-b19f-7b926ebf0804">
    <con:settings/>
    <con:config xsi:type="con:PropertyTransfersStep" xmlns:xsi="http://www.w3.org/2001/XMLSchema-instance">
      <con:transfers setNullOnMissingSource="true" transferTextContent="true" failOnError="true" ignoreEmpty="false" transferToAll="false" entitize="false" transferChildNodes="false">
        <con:name>userId</con:name>
        <con:sourceType>userRoleId</con:sourceType>
        <con:sourceStep>Given properties for the test steps</con:sourceStep>
        <con:sourcePath/>
        <con:targetType>req_userId</con:targetType>
        <con:targetStep>Create product reservation interaction</con:targetStep>
        <con:targetPath/>
        <con:upgraded>true</con:upgraded>
      </con:transfers>
      <con:transfers setNullOnMissingSource="true" transferTextContent="true" failOnError="true" ignoreEmpty="false" transferToAll="false" entitize="false" transferChildNodes="false">
        <con:name>soId</con:name>
        <con:sourceType>salesOrgRoleId</con:sourceType>
        <con:sourceStep>Given properties for the test steps</con:sourceStep>
        <con:targetType>req_soId</con:targetType>
        <con:targetStep>Create product reservation interaction</con:targetStep>
        <con:upgraded>true</con:upgraded>
      </con:transfers>
      <con:transfers setNullOnMissingSource="true" transferTextContent="true" failOnError="true" ignoreEmpty="false" transferToAll="false" entitize="false" transferChildNodes="false">
        <con:name>periodValue</con:name>
        <con:sourceType>reservationPeriodValue</con:sourceType>
        <con:sourceStep>Given properties for the test steps</con:sourceStep>
        <con:targetType>req_reservationPeriodValue</con:targetType>
        <con:targetStep>Create product reservation interaction</con:targetStep>
        <con:upgraded>true</con:upgraded>
      </con:transfers>
      <con:transfers setNullOnMissingSource="true" transferTextContent="true" failOnError="true" ignoreEmpty="false" transferToAll="false" entitize="false" transferChildNodes="false">
        <con:name>periodUnit</con:name>
        <con:sourceType>reservationPeriodUnit</con:sourceType>
        <con:sourceStep>Given properties for the test steps</con:sourceStep>
        <con:targetType>req_reservationPeriodUnit</con:targetType>
        <con:targetStep>Create product reservation interaction</con:targetStep>
        <con:upgraded>true</con:upgraded>
      </con:transfers>
      <con:transfers setNullOnMissingSource="true" transferTextContent="true" failOnError="true" ignoreEmpty="false" transferToAll="false" entitize="false" transferChildNodes="false">
        <con:name>biSpecCode</con:name>
        <con:sourceType>biSpecCode</con:sourceType>
        <con:sourceStep>Given properties for the test steps</con:sourceStep>
        <con:targetType>req_biSpecCode</con:targetType>
        <con:targetStep>Create product reservation interaction</con:targetStep>
        <con:upgraded>true</con:upgraded>
      </con:transfers>
      <con:transfers setNullOnMissingSource="true" transferTextContent="true" failOnError="true" ignoreEmpty="false" transferToAll="false" entitize="false" transferChildNodes="false" disabled="true">
        <con:name>placeId</con:name>
        <con:sourceType>placeId</con:sourceType>
        <con:sourceStep>Create initial data and products</con:sourceStep>
        <con:targetType xsi:nil="true"/>
        <con:targetStep>Create product reservation interaction</con:targetStep>
        <con:upgraded>true</con:upgraded>
      </con:transfers>
    </con:config>
  </con:testStep>
  <con:testStep type="calltestcase" name="Create product reservation interaction" id="d39f49e2-a4ba-4561-8581-3ae08c5e3e70">
    <con:settings/>
    <con:config xsi:type="con:RunTestCaseStep" xmlns:xsi="http://www.w3.org/2001/XMLSchema-instance">
      <con:targetTestCase>685368a5-44c3-40eb-87cd-5e6cbef852aa</con:targetTestCase>
      <con:properties>
        <con:property>
          <con:name>res_httpStatus</con:name>
          <con:value>201</con:value>
        </con:property>
        <con:property>
          <con:name>res_code</con:name>
          <con:value xsi:nil="true"/>
        </con:property>
        <con:property>
          <con:name>req_userId</con:name>
          <con:value>150</con:value>
        </con:property>
        <con:property>
          <con:name>req_soId</con:name>
          <con:value>148</con:value>
        </con:property>
        <con:property>
          <con:name>req_reservationPeriodValue</con:name>
          <con:value>2</con:value>
        </con:property>
        <con:property>
          <con:name>req_reservationPeriodUnit</con:name>
          <con:value>Year</con:value>
        </con:property>
        <con:property>
          <con:name>req_biSpecCode</con:name>
          <con:value>PRRESERVATIONBISPEC</con:value>
        </con:property>
        <con:property>
          <con:name>res_biId</con:name>
          <con:value>3321</con:value>
        </con:property>
        <con:property>
          <con:name>req_tag1</con:name>
        </con:property>
      </con:properties>
      <con:returnProperties>
        <con:entry>res_biId</con:entry>
        <con:entry>res_httpStatus</con:entry>
        <con:entry>res_code</con:entry>
      </con:returnProperties>
      <con:runMode>PARALLELL</con:runMode>
    </con:config>
  </con:testStep>
  <con:testStep type="assertionteststep" name="Assert interaction created successfully" id="7ea8ea2a-d6af-4d43-b2ef-9b6e727fde05">
    <con:settings/>
    <con:config xsi:type="con:AssertionTestStep" xmlns:xsi="http://www.w3.org/2001/XMLSchema-instance">
      <con:entry>
        <con:id>758a0873-2f80-48bb-9cd4-9ecf8a8a3454</con:id>
        <con:isGroup>false</con:isGroup>
        <con:sourceId>d39f49e2-a4ba-4561-8581-3ae08c5e3e70</con:sourceId>
        <con:propertyName>res_httpStatus</con:propertyName>
        <con:assertion type="Simple Equals" name="Equals" id="c045c980-bb09-4cf9-9767-3b3dc48f8fc0">
          <con:configuration>
            <patternObjectId>741cfac2-6fff-419f-95b3-714a8942a161</patternObjectId>
            <patternProperty>res_201</patternProperty>
            <caseSensitive>true</caseSensitive>
          </con:configuration>
        </con:assertion>
      </con:entry>
    </con:config>
  </con:testStep>
  <con:testStep type="datagen" name="DataGen stockin quantity-1" id="26b08a69-c7f5-4676-a61b-f0e9a0209e8f">
    <con:settings/>
    <con:config xsi:type="con:DataGeneratorStep" xmlns:xsi="http://www.w3.org/2001/XMLSchema-instance">
      <con:property type="Script">
        <con:configuration>
          <script>def stockInQuantity = context.expand( '${Given properties for the test steps#stockInQuantity}' ).toInteger();
return stockInQuantity - 1;</script>
        </con:configuration>
        <con:name>lessStockIn</con:name>
        <con:mode>STEP</con:mode>
        <con:shared>false</con:shared>
      </con:property>
    </con:config>
  </con:testStep>
  <con:testStep type="transfer" name="P.T. - Add serialized aggregated product reservation item" id="97c185b4-ecad-4648-9ade-e4fc621c6eb6">
    <con:settings/>
    <con:config xsi:type="con:PropertyTransfersStep" xmlns:xsi="http://www.w3.org/2001/XMLSchema-instance">
      <con:transfers setNullOnMissingSource="true" transferTextContent="true" failOnError="true" ignoreEmpty="false" transferToAll="false" entitize="false" transferChildNodes="false">
        <con:name>biId</con:name>
        <con:sourceType>res_biId</con:sourceType>
        <con:sourceStep>Create product reservation interaction</con:sourceStep>
        <con:sourcePath/>
        <con:targetType>req_biId</con:targetType>
        <con:targetStep>Add serialized aggregated product reservation item</con:targetStep>
        <con:targetPath/>
        <con:upgraded>true</con:upgraded>
      </con:transfers>
      <con:transfers setNullOnMissingSource="true" transferTextContent="true" failOnError="true" ignoreEmpty="false" transferToAll="false" entitize="false" transferChildNodes="false">
        <con:name>productSpecExtId</con:name>
        <con:sourceType>res_serializedProductSpecExtId</con:sourceType>
        <con:sourceStep>Create initial data and products</con:sourceStep>
        <con:targetType>req_productSpecificationExternalId</con:targetType>
        <con:targetStep>Add serialized aggregated product reservation item</con:targetStep>
        <con:upgraded>true</con:upgraded>
      </con:transfers>
      <con:transfers setNullOnMissingSource="true" transferTextContent="true" failOnError="true" ignoreEmpty="false" transferToAll="false" entitize="false" transferChildNodes="false">
        <con:name>placeId</con:name>
        <con:sourceType>placeId</con:sourceType>
        <con:sourceStep>Create initial data and products</con:sourceStep>
        <con:targetType>req_placeId</con:targetType>
        <con:targetStep>Add serialized aggregated product reservation item</con:targetStep>
        <con:upgraded>true</con:upgraded>
      </con:transfers>
      <con:transfers setNullOnMissingSource="true" transferTextContent="true" failOnError="true" ignoreEmpty="false" transferToAll="false" entitize="false" transferChildNodes="false">
        <con:name>status</con:name>
        <con:sourceType>quantityOne</con:sourceType>
        <con:sourceStep>Given properties for the test steps</con:sourceStep>
        <con:targetType>req_status</con:targetType>
        <con:targetStep>Add serialized aggregated product reservation item</con:targetStep>
        <con:upgraded>true</con:upgraded>
      </con:transfers>
      <con:transfers setNullOnMissingSource="true" transferTextContent="true" failOnError="true" ignoreEmpty="false" transferToAll="false" entitize="false" transferChildNodes="false" disabled="false">
        <con:name>quantity</con:name>
        <con:sourceType>lessStockIn</con:sourceType>
        <con:sourceStep>DataGen stockin quantity-1</con:sourceStep>
        <con:targetType>req_quantity</con:targetType>
        <con:targetStep>Add serialized aggregated product reservation item</con:targetStep>
        <con:upgraded>true</con:upgraded>
      </con:transfers>
    </con:config>
  </con:testStep>
  <con:testStep type="calltestcase" name="Add serialized aggregated product reservation item" id="d4745ba4-107a-4181-a5fd-60c07b3fc549">
    <con:settings/>
    <con:config xsi:type="con:RunTestCaseStep" xmlns:xsi="http://www.w3.org/2001/XMLSchema-instance">
      <con:targetTestCase>154b5249-e8ec-45ab-8c7c-17744b4f1cee</con:targetTestCase>
      <con:properties>
        <con:property>
          <con:name>req_status</con:name>
          <con:value>1</con:value>
        </con:property>
        <con:property>
          <con:name>res_itemId</con:name>
          <con:value>647</con:value>
        </con:property>
        <con:property>
          <con:name>req_biId</con:name>
          <con:value>3321</con:value>
        </con:property>
        <con:property>
          <con:name>req_externalSystem</con:name>
          <con:value xsi:nil="true"/>
        </con:property>
        <con:property>
          <con:name>req_productSpecificationExternalId</con:name>
          <con:value>EXT-IPHONE6S-1</con:value>
        </con:property>
        <con:property>
          <con:name>req_placeId</con:name>
          <con:value>77</con:value>
        </con:property>
        <con:property>
          <con:name>req_quantity</con:name>
          <con:value>757</con:value>
        </con:property>
        <con:property>
          <con:name>res_httpStatus</con:name>
          <con:value>201</con:value>
        </con:property>
        <con:property>
          <con:name>req_fromSalesOrganizationId</con:name>
        </con:property>
      </con:properties>
      <con:returnProperties>
        <con:entry>res_itemId</con:entry>
        <con:entry>res_httpStatus</con:entry>
      </con:returnProperties>
      <con:runMode>PARALLELL</con:runMode>
    </con:config>
  </con:testStep>
  <con:testStep type="assertionteststep" name="Assert serialized agg. item added" id="17ae54f4-6ce7-4818-8bb1-270da266aa75">
    <con:settings/>
    <con:config xsi:type="con:AssertionTestStep" xmlns:xsi="http://www.w3.org/2001/XMLSchema-instance">
      <con:entry>
        <con:id>ca6846ae-bd0e-4c10-a83a-1d5510e89d6e</con:id>
        <con:isGroup>false</con:isGroup>
        <con:sourceId>d4745ba4-107a-4181-a5fd-60c07b3fc549</con:sourceId>
        <con:propertyName>res_httpStatus</con:propertyName>
        <con:assertion type="Simple Equals" name="Equals" id="424b8f15-88f9-48d8-a6eb-870a123ba7a2">
          <con:configuration>
            <patternObjectId>741cfac2-6fff-419f-95b3-714a8942a161</patternObjectId>
            <patternProperty>res_201</patternProperty>
            <caseSensitive>true</caseSensitive>
          </con:configuration>
        </con:assertion>
      </con:entry>
      <con:entry>
        <con:id>8055f5c1-8b62-40b4-aa46-b4ad91fda679</con:id>
        <con:isGroup>false</con:isGroup>
        <con:sourceId>d4745ba4-107a-4181-a5fd-60c07b3fc549</con:sourceId>
        <con:propertyName>res_itemId</con:propertyName>
        <con:assertion type="Simple Contains" name="Contains" id="87b186a5-7901-4090-a8e4-17a411492276">
          <con:configuration>
            <token>\d+</token>
            <ignoreCase>false</ignoreCase>
            <useRegEx>true</useRegEx>
          </con:configuration>
        </con:assertion>
      </con:entry>
    </con:config>
  </con:testStep>
  <con:testStep type="transfer" name="P.T. - Add serialized without range aggregated product reservation item" id="da76e48b-5e03-4870-96df-e14f8a4d19f1">
    <con:settings/>
    <con:config xsi:type="con:PropertyTransfersStep" xmlns:xsi="http://www.w3.org/2001/XMLSchema-instance">
      <con:transfers setNullOnMissingSource="true" transferTextContent="true" failOnError="true" ignoreEmpty="false" transferToAll="false" entitize="false" transferChildNodes="false">
        <con:name>biId</con:name>
        <con:sourceType>res_biId</con:sourceType>
        <con:sourceStep>Create product reservation interaction</con:sourceStep>
        <con:sourcePath/>
        <con:targetType>req_biId</con:targetType>
        <con:targetStep>Add serialized without range aggregated product reservation item</con:targetStep>
        <con:targetPath/>
        <con:upgraded>true</con:upgraded>
      </con:transfers>
      <con:transfers setNullOnMissingSource="true" transferTextContent="true" failOnError="true" ignoreEmpty="false" transferToAll="false" entitize="false" transferChildNodes="false">
        <con:name>productSpecExtId</con:name>
        <con:sourceType>res_serializedWithoutRangeSpecExtId</con:sourceType>
        <con:sourceStep>Create initial data and products</con:sourceStep>
        <con:targetType>req_productSpecificationExternalId</con:targetType>
        <con:targetStep>Add serialized without range aggregated product reservation item</con:targetStep>
        <con:upgraded>true</con:upgraded>
      </con:transfers>
      <con:transfers setNullOnMissingSource="true" transferTextContent="true" failOnError="true" ignoreEmpty="false" transferToAll="false" entitize="false" transferChildNodes="false">
        <con:name>placeId</con:name>
        <con:sourceType>placeId</con:sourceType>
        <con:sourceStep>Create initial data and products</con:sourceStep>
        <con:targetType>req_placeId</con:targetType>
        <con:targetStep>Add serialized without range aggregated product reservation item</con:targetStep>
        <con:upgraded>true</con:upgraded>
      </con:transfers>
      <con:transfers setNullOnMissingSource="true" transferTextContent="true" failOnError="true" ignoreEmpty="false" transferToAll="false" entitize="false" transferChildNodes="false">
        <con:name>status</con:name>
        <con:sourceType>quantityOne</con:sourceType>
        <con:sourceStep>Given properties for the test steps</con:sourceStep>
        <con:targetType>req_status</con:targetType>
        <con:targetStep>Add serialized without range aggregated product reservation item</con:targetStep>
        <con:upgraded>true</con:upgraded>
      </con:transfers>
      <con:transfers setNullOnMissingSource="true" transferTextContent="true" failOnError="true" ignoreEmpty="false" transferToAll="false" entitize="false" transferChildNodes="false">
        <con:name>quantity</con:name>
        <con:sourceType>quantityOne</con:sourceType>
        <con:sourceStep>Given properties for the test steps</con:sourceStep>
        <con:targetType>req_quantity</con:targetType>
        <con:targetStep>Add serialized without range aggregated product reservation item</con:targetStep>
        <con:upgraded>true</con:upgraded>
      </con:transfers>
    </con:config>
  </con:testStep>
  <con:testStep type="calltestcase" name="Add serialized without range aggregated product reservation item" id="bd31b058-358f-4178-a0fb-88133e3266cf">
    <con:settings/>
    <con:config xsi:type="con:RunTestCaseStep" xmlns:xsi="http://www.w3.org/2001/XMLSchema-instance">
      <con:targetTestCase>07adefdf-5c48-4caf-b503-770f8835881e</con:targetTestCase>
      <con:properties>
        <con:property>
          <con:name>req_biId</con:name>
          <con:value>3321</con:value>
        </con:property>
        <con:property>
          <con:name>req_externalSystem</con:name>
          <con:value xsi:nil="true"/>
        </con:property>
        <con:property>
          <con:name>req_productSpecificationExternalId</con:name>
          <con:value>EXT-GALAXYNOTE4-1</con:value>
        </con:property>
        <con:property>
          <con:name>req_placeId</con:name>
          <con:value>77</con:value>
        </con:property>
        <con:property>
          <con:name>req_quantity</con:name>
          <con:value>1</con:value>
        </con:property>
        <con:property>
          <con:name>req_status</con:name>
          <con:value>1</con:value>
        </con:property>
        <con:property>
          <con:name>res_itemId</con:name>
          <con:value>648</con:value>
        </con:property>
        <con:property>
          <con:name>res_httpStatus</con:name>
          <con:value>201</con:value>
        </con:property>
        <con:property>
          <con:name>res_errorMessage</con:name>
        </con:property>
        <con:property>
          <con:name>req_fromSalesOrganizationId</con:name>
        </con:property>
      </con:properties>
      <con:returnProperties>
        <con:entry>res_itemId</con:entry>
        <con:entry>res_httpStatus</con:entry>
      </con:returnProperties>
      <con:runMode>PARALLELL</con:runMode>
    </con:config>
  </con:testStep>
  <con:testStep type="assertionteststep" name="Assert serialized without range agg. item added" id="ae81ae80-e759-42d5-a069-2ad17a6978dc">
    <con:settings/>
    <con:config xsi:type="con:AssertionTestStep" xmlns:xsi="http://www.w3.org/2001/XMLSchema-instance">
      <con:entry>
        <con:id>5fafea71-0ad6-4a72-89f8-8c158f263564</con:id>
        <con:isGroup>false</con:isGroup>
        <con:sourceId>bd31b058-358f-4178-a0fb-88133e3266cf</con:sourceId>
        <con:propertyName>res_httpStatus</con:propertyName>
        <con:assertion type="Simple Equals" name="Equals" id="f91b8bec-f41a-41cb-ae4f-872451b74e0a">
          <con:configuration>
            <patternObjectId>741cfac2-6fff-419f-95b3-714a8942a161</patternObjectId>
            <patternProperty>res_201</patternProperty>
            <caseSensitive>true</caseSensitive>
          </con:configuration>
        </con:assertion>
      </con:entry>
      <con:entry>
        <con:id>1faccc98-58a2-4992-8e59-01fdd9ed96b9</con:id>
        <con:isGroup>false</con:isGroup>
        <con:sourceId>bd31b058-358f-4178-a0fb-88133e3266cf</con:sourceId>
        <con:propertyName>res_itemId</con:propertyName>
        <con:assertion type="Simple Contains" name="Contains" id="2bd51e4e-debe-4128-8fb2-9f8b3114bd00">
          <con:configuration>
            <token>\d+</token>
            <ignoreCase>false</ignoreCase>
            <useRegEx>true</useRegEx>
          </con:configuration>
        </con:assertion>
      </con:entry>
    </con:config>
  </con:testStep>
  <con:testStep type="transfer" name="P.T. - Add nonserialized aggregated product reservation item" id="5fff2654-511a-47cd-8c7a-bc65a2db3a8b">
    <con:settings/>
    <con:config xsi:type="con:PropertyTransfersStep" xmlns:xsi="http://www.w3.org/2001/XMLSchema-instance">
      <con:transfers setNullOnMissingSource="true" transferTextContent="true" failOnError="true" ignoreEmpty="false" transferToAll="false" entitize="false" transferChildNodes="false">
        <con:name>biId</con:name>
        <con:sourceType>res_biId</con:sourceType>
        <con:sourceStep>Create product reservation interaction</con:sourceStep>
        <con:sourcePath/>
        <con:targetType>req_biId</con:targetType>
        <con:targetStep>Add nonserialized aggregated product reservation item</con:targetStep>
        <con:targetPath/>
        <con:upgraded>true</con:upgraded>
      </con:transfers>
      <con:transfers setNullOnMissingSource="true" transferTextContent="true" failOnError="true" ignoreEmpty="false" transferToAll="false" entitize="false" transferChildNodes="false">
        <con:name>productSpecExtId</con:name>
        <con:sourceType>res_nonSerializedProductSpecExtId</con:sourceType>
        <con:sourceStep>Create initial data and products</con:sourceStep>
        <con:targetType>req_productSpecificationExternalId</con:targetType>
        <con:targetStep>Add nonserialized aggregated product reservation item</con:targetStep>
        <con:upgraded>true</con:upgraded>
      </con:transfers>
      <con:transfers setNullOnMissingSource="true" transferTextContent="true" failOnError="true" ignoreEmpty="false" transferToAll="false" entitize="false" transferChildNodes="false">
        <con:name>placeId</con:name>
        <con:sourceType>placeId</con:sourceType>
        <con:sourceStep>Create initial data and products</con:sourceStep>
        <con:targetType>req_placeId</con:targetType>
        <con:targetStep>Add nonserialized aggregated product reservation item</con:targetStep>
        <con:upgraded>true</con:upgraded>
      </con:transfers>
      <con:transfers setNullOnMissingSource="true" transferTextContent="true" failOnError="true" ignoreEmpty="false" transferToAll="false" entitize="false" transferChildNodes="false">
        <con:name>status</con:name>
        <con:sourceType>quantityOne</con:sourceType>
        <con:sourceStep>Given properties for the test steps</con:sourceStep>
        <con:targetType>req_status</con:targetType>
        <con:targetStep>Add nonserialized aggregated product reservation item</con:targetStep>
        <con:upgraded>true</con:upgraded>
      </con:transfers>
      <con:transfers setNullOnMissingSource="true" transferTextContent="true" failOnError="true" ignoreEmpty="false" transferToAll="false" entitize="false" transferChildNodes="false">
        <con:name>quantity</con:name>
        <con:sourceType>quantityTwo</con:sourceType>
        <con:sourceStep>Given properties for the test steps</con:sourceStep>
        <con:targetType>req_quantity</con:targetType>
        <con:targetStep>Add nonserialized aggregated product reservation item</con:targetStep>
        <con:upgraded>true</con:upgraded>
      </con:transfers>
      <con:transfers setNullOnMissingSource="true" transferTextContent="true" failOnError="true" ignoreEmpty="false" transferToAll="false" entitize="false" transferChildNodes="false">
        <con:name>fromSoId</con:name>
        <con:sourceType>salesOrgRoleId</con:sourceType>
        <con:sourceStep>Create initial data and products</con:sourceStep>
        <con:targetType>req_fromSalesOrganizationRoleId</con:targetType>
        <con:targetStep>Add nonserialized aggregated product reservation item</con:targetStep>
        <con:upgraded>true</con:upgraded>
      </con:transfers>
    </con:config>
  </con:testStep>
  <con:testStep type="calltestcase" name="Add nonserialized aggregated product reservation item" id="edff6d9b-d581-42ed-b979-9da1d4e4d185">
    <con:settings/>
    <con:config xsi:type="con:RunTestCaseStep" xmlns:xsi="http://www.w3.org/2001/XMLSchema-instance">
      <con:targetTestCase>a25a7d4f-56f8-4832-9e0e-fe34ead8d6d7</con:targetTestCase>
      <con:properties>
        <con:property>
          <con:name>req_biId</con:name>
          <con:value>3321</con:value>
        </con:property>
        <con:property>
          <con:name>req_externalSystem</con:name>
          <con:value xsi:nil="true"/>
        </con:property>
        <con:property>
          <con:name>req_productSpecificationExternalId</con:name>
          <con:value>EXT-APPLMOUSE-1</con:value>
        </con:property>
        <con:property>
          <con:name>req_placeId</con:name>
          <con:value>77</con:value>
        </con:property>
        <con:property>
          <con:name>req_quantity</con:name>
          <con:value>2</con:value>
        </con:property>
        <con:property>
          <con:name>req_status</con:name>
          <con:value>1</con:value>
        </con:property>
        <con:property>
          <con:name>res_itemId</con:name>
          <con:value>649</con:value>
        </con:property>
        <con:property>
          <con:name>res_httpStatus</con:name>
          <con:value>201</con:value>
        </con:property>
        <con:property>
          <con:name>req_fromSalesOrganizationRoleId</con:name>
          <con:value>148</con:value>
        </con:property>
      </con:properties>
      <con:returnProperties>
        <con:entry>res_itemId</con:entry>
        <con:entry>res_httpStatus</con:entry>
      </con:returnProperties>
      <con:runMode>PARALLELL</con:runMode>
    </con:config>
  </con:testStep>
  <con:testStep type="assertionteststep" name="Assert nonserialized agg. item added" id="dc5f5810-b895-42cd-8dc7-1008370026e8">
    <con:settings/>
    <con:config xsi:type="con:AssertionTestStep" xmlns:xsi="http://www.w3.org/2001/XMLSchema-instance">
      <con:entry>
        <con:id>f807a188-15df-43b4-93c4-4a48cd43d8fa</con:id>
        <con:isGroup>false</con:isGroup>
        <con:sourceId>edff6d9b-d581-42ed-b979-9da1d4e4d185</con:sourceId>
        <con:propertyName>res_httpStatus</con:propertyName>
        <con:assertion type="Simple Equals" name="Equals" id="16668bad-32c5-4840-8f65-2f7fb8403b1b">
          <con:configuration>
            <patternObjectId>741cfac2-6fff-419f-95b3-714a8942a161</patternObjectId>
            <patternProperty>res_201</patternProperty>
            <caseSensitive>true</caseSensitive>
          </con:configuration>
        </con:assertion>
      </con:entry>
      <con:entry>
        <con:id>f8a71b0b-ef74-4600-9a9f-4cb5ed1a96d9</con:id>
        <con:isGroup>false</con:isGroup>
        <con:sourceId>edff6d9b-d581-42ed-b979-9da1d4e4d185</con:sourceId>
        <con:propertyName>res_itemId</con:propertyName>
        <con:assertion type="Simple Contains" name="Contains" id="5f37b869-89dd-48b7-b5c1-28db95617ed1">
          <con:configuration>
            <token>\d+</token>
            <ignoreCase>false</ignoreCase>
            <useRegEx>true</useRegEx>
          </con:configuration>
        </con:assertion>
      </con:entry>
    </con:config>
  </con:testStep>
  <con:testStep type="datagen" name="DataGen startSerialNumber+1" id="e234bc80-2abf-48d8-b219-cbabf05c41e6">
    <con:settings/>
    <con:config xsi:type="con:DataGeneratorStep" xmlns:xsi="http://www.w3.org/2001/XMLSchema-instance">
      <con:property type="Script">
        <con:configuration>
          <script>def newStartSerial = context.expand( '${Create initial data and products#serializedProductStartSerialNumber}' ).toInteger();

return newStartSerial + 1;</script>
        </con:configuration>
        <con:name>moreStartSerial</con:name>
        <con:mode>STEP</con:mode>
        <con:shared>false</con:shared>
      </con:property>
    </con:config>
  </con:testStep>
  <con:testStep type="transfer" name="P.T. - Set serial numbers of aggregated product reservation item" id="0cad8c04-41ce-454f-aebb-12ecb32dbc43">
    <con:settings/>
    <con:config xsi:type="con:PropertyTransfersStep" xmlns:xsi="http://www.w3.org/2001/XMLSchema-instance">
      <con:transfers setNullOnMissingSource="true" transferTextContent="true" failOnError="true" ignoreEmpty="false" transferToAll="false" entitize="false" transferChildNodes="false" disabled="false">
        <con:name>biId</con:name>
        <con:sourceType>res_biId</con:sourceType>
        <con:sourceStep>Create product reservation interaction</con:sourceStep>
        <con:sourcePath/>
        <con:targetType>req_biId</con:targetType>
        <con:targetStep>Set serial numbers of aggregated product reservation item</con:targetStep>
        <con:targetPath/>
        <con:upgraded>true</con:upgraded>
      </con:transfers>
      <con:transfers setNullOnMissingSource="true" transferTextContent="true" failOnError="true" ignoreEmpty="false" transferToAll="false" entitize="false" transferChildNodes="false">
        <con:name>productSpecExtId</con:name>
        <con:sourceType>res_serializedProductSpecExtId</con:sourceType>
        <con:sourceStep>Create initial data and products</con:sourceStep>
        <con:targetType>req_productSpecExtId</con:targetType>
        <con:targetStep>Set serial numbers of aggregated product reservation item</con:targetStep>
        <con:upgraded>true</con:upgraded>
      </con:transfers>
      <con:transfers setNullOnMissingSource="true" transferTextContent="true" failOnError="true" ignoreEmpty="false" transferToAll="false" entitize="false" transferChildNodes="false" disabled="false">
        <con:name>quantity</con:name>
        <con:sourceType>reservationQuantity</con:sourceType>
        <con:sourceStep>Given properties for the test steps</con:sourceStep>
        <con:targetType>req_quantity</con:targetType>
        <con:targetStep>Set serial numbers of aggregated product reservation item</con:targetStep>
        <con:upgraded>true</con:upgraded>
      </con:transfers>
      <con:transfers setNullOnMissingSource="true" transferTextContent="true" failOnError="true" ignoreEmpty="false" transferToAll="false" entitize="false" transferChildNodes="false" disabled="false">
        <con:name>serialNumbers</con:name>
        <con:sourceType>moreStartSerial</con:sourceType>
        <con:sourceStep>DataGen startSerialNumber+1</con:sourceStep>
        <con:targetType>req_serialNumber</con:targetType>
        <con:targetStep>Set serial numbers of aggregated product reservation item</con:targetStep>
        <con:upgraded>true</con:upgraded>
      </con:transfers>
    </con:config>
  </con:testStep>
  <con:testStep type="calltestcase" name="Set serial numbers of aggregated product reservation item" id="12e2ea67-a376-47ec-8c5b-00b6bed46246">
    <con:settings/>
    <con:config xsi:type="con:RunTestCaseStep" xmlns:xsi="http://www.w3.org/2001/XMLSchema-instance">
      <con:targetTestCase>e38bf806-f993-432f-a2d4-bf9d0bec67fe</con:targetTestCase>
      <con:properties>
        <con:property>
          <con:name>req_biId</con:name>
          <con:value>3321</con:value>
        </con:property>
        <con:property>
          <con:name>req_productSpecExtId</con:name>
          <con:value>EXT-IPHONE6S-1</con:value>
        </con:property>
        <con:property>
          <con:name>res_httpStatus</con:name>
          <con:value>201</con:value>
        </con:property>
        <con:property>
          <con:name>req_quantity</con:name>
          <con:value>179</con:value>
        </con:property>
        <con:property>
          <con:name>req_serialNumber</con:name>
          <con:value>10666608</con:value>
        </con:property>
        <con:property>
          <con:name>res_itemId</con:name>
          <con:value>651</con:value>
        </con:property>
        <con:property>
          <con:name>res_errorMessage</con:name>
          <con:value xsi:nil="true"/>
        </con:property>
        <con:property>
          <con:name>req_fromPlaceId</con:name>
        </con:property>
        <con:property>
          <con:name>req_fromSalesOrganizationId</con:name>
        </con:property>
      </con:properties>
      <con:returnProperties>
        <con:entry>res_httpStatus</con:entry>
        <con:entry>res_itemId</con:entry>
      </con:returnProperties>
      <con:runMode>PARALLELL</con:runMode>
    </con:config>
  </con:testStep>
  <con:testStep type="assertionteststep" name="Assert serial numbers set success" id="16e9b5ed-4973-4448-88b3-efc5b7b4cdc5">
    <con:settings/>
    <con:config xsi:type="con:AssertionTestStep" xmlns:xsi="http://www.w3.org/2001/XMLSchema-instance">
      <con:entry>
        <con:id>cfc2799b-eb6e-4732-bf6a-9375a1fc244f</con:id>
        <con:isGroup>false</con:isGroup>
        <con:sourceId>12e2ea67-a376-47ec-8c5b-00b6bed46246</con:sourceId>
        <con:propertyName>res_httpStatus</con:propertyName>
        <con:assertion type="Simple Equals" name="Equals" id="58496e61-4a05-4355-b46a-e94793b11f86">
          <con:configuration>
            <patternObjectId>8bd80fe4-43d6-40aa-9c39-c0e035968197</patternObjectId>
            <patternProperty>res_201</patternProperty>
            <caseSensitive>true</caseSensitive>
          </con:configuration>
        </con:assertion>
      </con:entry>
      <con:entry>
        <con:id>9236e834-619a-4cca-b5ea-bc69dd57b37e</con:id>
        <con:isGroup>false</con:isGroup>
        <con:sourceId>12e2ea67-a376-47ec-8c5b-00b6bed46246</con:sourceId>
        <con:propertyName>res_itemId</con:propertyName>
        <con:assertion type="Simple Contains" name="Contains" id="e192baef-2c38-4b58-bf71-7e81e94fee41">
          <con:configuration>
            <token>\d+</token>
            <ignoreCase>false</ignoreCase>
            <useRegEx>true</useRegEx>
          </con:configuration>
        </con:assertion>
      </con:entry>
    </con:config>
  </con:testStep>
  <con:testStep type="transfer" name="# # # SLICE # # #" id="18a4e602-6cc3-4dea-9886-0c4793f7371b">
    <con:settings/>
    <con:config xsi:type="con:PropertyTransfersStep" xmlns:xsi="http://www.w3.org/2001/XMLSchema-instance"/>
  </con:testStep>
  <con:testStep type="datagen" name="DataGen serialized product start serials" id="60306816-9f58-4bf5-a4e4-5e151fc6c5df">
    <con:settings/>
    <con:config xsi:type="con:DataGeneratorStep" xmlns:xsi="http://www.w3.org/2001/XMLSchema-instance">
      <con:property type="Script">
        <con:configuration>
          <script>def serializedProductStartSerialNumber = context.expand( '${Create initial data and products#serializedProductStartSerialNumber}' ).toInteger();
def reservationQuantity = context.expand( '${Given properties for the test steps#reservationQuantity}' ).toInteger();

if(reservationQuantity%2==0)
	{
		return serializedProductStartSerialNumber + ( (reservationQuantity)/2 ) 
	}
else
	{
		return serializedProductStartSerialNumber + ( (reservationQuantity-1)/2 )
	}</script>
        </con:configuration>
        <con:name>serialNumber</con:name>
        <con:mode>STEP</con:mode>
        <con:shared>false</con:shared>
      </con:property>
      <con:property type="Script">
        <con:configuration>
          <script>def moreStartSerial = context.expand( '${DataGen startSerialNumber+1#moreStartSerial}' ).toInteger();
def serialNumber = context.expand( '${DataGen serialized product start serials#serialNumber}' ).toInteger();

int quantity = serialNumber - moreStartSerial;
return quantity;</script>
        </con:configuration>
        <con:name>firstAggregatedItemQuantity</con:name>
        <con:mode>STEP</con:mode>
        <con:shared>false</con:shared>
      </con:property>
    </con:config>
  </con:testStep>
  <con:testStep type="transfer" name="P.T. - Slice serialized aggregated item" id="565da379-64f4-4f67-bf87-9bd848760c46">
    <con:settings/>
    <con:config xsi:type="con:PropertyTransfersStep" xmlns:xsi="http://www.w3.org/2001/XMLSchema-instance">
      <con:transfers setNullOnMissingSource="true" transferTextContent="true" failOnError="true" ignoreEmpty="false" transferToAll="false" entitize="false" transferChildNodes="false">
        <con:name>startSerial</con:name>
        <con:sourceType>serialNumber</con:sourceType>
        <con:sourceStep>DataGen serialized product start serials</con:sourceStep>
        <con:sourcePath/>
        <con:targetType>req_serialNumber</con:targetType>
        <con:targetStep>Slice serialized aggregated item</con:targetStep>
        <con:targetPath/>
        <con:upgraded>true</con:upgraded>
      </con:transfers>
      <con:transfers setNullOnMissingSource="true" transferTextContent="true" failOnError="true" ignoreEmpty="false" transferToAll="false" entitize="false" transferChildNodes="false">
        <con:name>quantity</con:name>
        <con:sourceType>1stSliceQty</con:sourceType>
        <con:sourceStep>DataGen quantities</con:sourceStep>
        <con:targetType>req_quantity</con:targetType>
        <con:targetStep>Slice serialized aggregated item</con:targetStep>
        <con:upgraded>true</con:upgraded>
      </con:transfers>
      <con:transfers setNullOnMissingSource="true" transferTextContent="true" failOnError="true" ignoreEmpty="false" transferToAll="false" entitize="false" transferChildNodes="false">
        <con:name>biId</con:name>
        <con:sourceType>res_biId</con:sourceType>
        <con:sourceStep>Create product reservation interaction</con:sourceStep>
        <con:targetType>req_biId</con:targetType>
        <con:targetStep>Slice serialized aggregated item</con:targetStep>
        <con:upgraded>true</con:upgraded>
      </con:transfers>
      <con:transfers setNullOnMissingSource="true" transferTextContent="true" failOnError="true" ignoreEmpty="false" transferToAll="false" entitize="false" transferChildNodes="false">
        <con:name>itemId</con:name>
        <con:sourceType>res_itemId</con:sourceType>
        <con:sourceStep>Set serial numbers of aggregated product reservation item</con:sourceStep>
        <con:targetType>req_itemId</con:targetType>
        <con:targetStep>Slice serialized aggregated item</con:targetStep>
        <con:upgraded>true</con:upgraded>
      </con:transfers>
    </con:config>
  </con:testStep>
  <con:testStep type="calltestcase" name="Slice serialized aggregated item" id="3da8b29c-576d-45fd-8b08-cd1697d19e87">
    <con:settings/>
    <con:config xsi:type="con:RunTestCaseStep" xmlns:xsi="http://www.w3.org/2001/XMLSchema-instance">
      <con:targetTestCase>c572c90f-bf05-459e-ada2-fb9e6f7306cb</con:targetTestCase>
      <con:properties>
        <con:property>
          <con:name>req_serialNumber</con:name>
          <con:value>10666696</con:value>
        </con:property>
        <con:property>
          <con:name>req_quantity</con:name>
          <con:value>35</con:value>
        </con:property>
        <con:property>
          <con:name>res_httpStatus</con:name>
          <con:value>200</con:value>
        </con:property>
        <con:property>
          <con:name>req_biId</con:name>
          <con:value>3321</con:value>
        </con:property>
        <con:property>
          <con:name>req_itemId</con:name>
          <con:value>651</con:value>
        </con:property>
        <con:property>
          <con:name>res_id</con:name>
          <con:value>651</con:value>
        </con:property>
      </con:properties>
      <con:returnProperties>
        <con:entry>res_httpStatus</con:entry>
        <con:entry>res_id</con:entry>
      </con:returnProperties>
      <con:runMode>PARALLELL</con:runMode>
    </con:config>
  </con:testStep>
  <con:testStep type="assertionteststep" name="Assert aggregated item sliced" id="dad16bd4-92e5-4446-b18a-b14fa0dfd25e">
    <con:settings/>
    <con:config xsi:type="con:AssertionTestStep" xmlns:xsi="http://www.w3.org/2001/XMLSchema-instance">
      <con:entry>
        <con:id>bfefaa49-ad17-4bcd-af94-80b060868146</con:id>
        <con:isGroup>false</con:isGroup>
        <con:sourceId>3da8b29c-576d-45fd-8b08-cd1697d19e87</con:sourceId>
        <con:propertyName>res_httpStatus</con:propertyName>
        <con:assertion type="Simple Equals" name="Equals" id="ffddfb1c-974a-45f4-a422-64deb9a1b3cc">
          <con:configuration>
            <patternObjectId>741cfac2-6fff-419f-95b3-714a8942a161</patternObjectId>
            <patternProperty>res_200</patternProperty>
            <caseSensitive>true</caseSensitive>
          </con:configuration>
        </con:assertion>
      </con:entry>
      <con:entry>
        <con:id>ce227dc5-5e34-43cb-9a42-b9257e70a1b0</con:id>
        <con:isGroup>false</con:isGroup>
        <con:sourceId>3da8b29c-576d-45fd-8b08-cd1697d19e87</con:sourceId>
        <con:propertyName>res_id</con:propertyName>
        <con:assertion type="Simple Contains" name="Contains" id="012df4b2-dbb7-4166-a788-09c6ad3c56ee">
          <con:configuration>
            <token>\d+</token>
            <ignoreCase>false</ignoreCase>
            <useRegEx>true</useRegEx>
          </con:configuration>
        </con:assertion>
      </con:entry>
    </con:config>
  </con:testStep>
  <con:testStep type="transfer" name="P.T. - Get products of aggregated item" id="7320b49f-66ca-4c7f-a1c9-2ffceaa32b52">
    <con:settings/>
    <con:config xsi:type="con:PropertyTransfersStep" xmlns:xsi="http://www.w3.org/2001/XMLSchema-instance">
      <con:transfers setNullOnMissingSource="true" transferTextContent="true" failOnError="true" ignoreEmpty="false" transferToAll="false" entitize="false" transferChildNodes="false">
        <con:name>biId</con:name>
        <con:sourceType>res_biId</con:sourceType>
        <con:sourceStep>Create product reservation interaction</con:sourceStep>
        <con:sourcePath/>
        <con:targetType>req_biId</con:targetType>
        <con:targetStep>Get products of aggregated item</con:targetStep>
        <con:targetPath/>
        <con:upgraded>true</con:upgraded>
      </con:transfers>
      <con:transfers setNullOnMissingSource="true" transferTextContent="true" failOnError="true" ignoreEmpty="false" transferToAll="false" entitize="false" transferChildNodes="false">
        <con:name>itemId</con:name>
        <con:sourceType>res_itemId</con:sourceType>
        <con:sourceStep>Add serialized aggregated product reservation item</con:sourceStep>
        <con:targetType>req_aggregatedItemId</con:targetType>
        <con:targetStep>Get products of aggregated item</con:targetStep>
        <con:upgraded>true</con:upgraded>
      </con:transfers>
    </con:config>
  </con:testStep>
  <con:testStep type="calltestcase" name="Get products of aggregated item" id="d0971b6f-e239-4afb-943a-f3a9eda298e4">
    <con:settings/>
    <con:config xsi:type="con:RunTestCaseStep" xmlns:xsi="http://www.w3.org/2001/XMLSchema-instance">
      <con:targetTestCase>c34844d4-ca38-4a31-b351-52d92b7f105e</con:targetTestCase>
      <con:properties>
        <con:property>
          <con:name>req_biId</con:name>
          <con:value>3321</con:value>
        </con:property>
        <con:property>
          <con:name>req_aggregatedItemId</con:name>
          <con:value>647</con:value>
        </con:property>
        <con:property>
          <con:name>res_httpStatus</con:name>
          <con:value>200</con:value>
        </con:property>
        <con:property>
          <con:name>res_id1</con:name>
          <con:value>651</con:value>
        </con:property>
        <con:property>
          <con:name>res_serialNumber1</con:name>
          <con:value>10666608</con:value>
        </con:property>
        <con:property>
          <con:name>res_quantity1</con:name>
          <con:value>88</con:value>
        </con:property>
        <con:property>
          <con:name>res_id2</con:name>
          <con:value>652</con:value>
        </con:property>
        <con:property>
          <con:name>res_serialNumber2</con:name>
          <con:value>10666696</con:value>
        </con:property>
        <con:property>
          <con:name>res_quantity2</con:name>
          <con:value>35</con:value>
        </con:property>
        <con:property>
          <con:name>res_id3</con:name>
          <con:value>653</con:value>
        </con:property>
        <con:property>
          <con:name>res_serialNumber3</con:name>
          <con:value>10666731</con:value>
        </con:property>
        <con:property>
          <con:name>res_quantity3</con:name>
          <con:value>56</con:value>
        </con:property>
      </con:properties>
      <con:returnProperties>
        <con:entry>res_httpStatus</con:entry>
        <con:entry>res_id1</con:entry>
        <con:entry>res_serialNumber1</con:entry>
        <con:entry>res_quantity1</con:entry>
        <con:entry>res_id2</con:entry>
        <con:entry>res_serialNumber2</con:entry>
        <con:entry>res_quantity2</con:entry>
        <con:entry>res_id3</con:entry>
        <con:entry>res_serialNumber3</con:entry>
        <con:entry>res_quantity3</con:entry>
      </con:returnProperties>
      <con:runMode>PARALLELL</con:runMode>
    </con:config>
  </con:testStep>
  <con:testStep type="datagen" name="DataGen serialized product start serials 2 &amp; newItemId" id="bd995c6c-9933-4f78-8612-a56b44422032">
    <con:settings/>
    <con:config xsi:type="con:DataGeneratorStep" xmlns:xsi="http://www.w3.org/2001/XMLSchema-instance">
      <con:property type="Script">
        <con:configuration>
          <script>def firstSerialNumber = context.expand( '${DataGen serialized product start serials#serialNumber}' ).toInteger();
def stSliceQty = context.expand( '${DataGen quantities#1stSliceQty}' ).toInteger();

int secondSerialNumber = firstSerialNumber + stSliceQty;
return secondSerialNumber;</script>
        </con:configuration>
        <con:name>serialNumber</con:name>
        <con:mode>STEP</con:mode>
        <con:shared>false</con:shared>
      </con:property>
      <con:property type="Script">
        <con:configuration>
          <script>def num1 = context.expand( '${Get products of aggregated item#res_serialNumber1}' )
def num2 = context.expand( '${Get products of aggregated item#res_serialNumber2}' )
def num3 = context.expand( '${Get products of aggregated item#res_serialNumber3}' )
def id1 = context.expand( '${Get products of aggregated item#res_id1}' )
def id2 = context.expand( '${Get products of aggregated item#res_id2}' )
def id3 = context.expand( '${Get products of aggregated item#res_id3}' )

def serialNumber = context.expand( '${DataGen serialized product start serials 2 &amp; newItemId#serialNumber}' )

if(serialNumber == num1 ) {
	testRunner.testCase.testSteps['Slice sliced item'].setPropertyValue("req_itemId", id1);
}
	else if ( serialNumber == num2 ) {
		testRunner.testCase.testSteps['Slice sliced item'].setPropertyValue("req_itemId", id2);
	}
	else {
		testRunner.testCase.testSteps['Slice sliced item'].setPropertyValue("req_itemId", id3);
	}</script>
        </con:configuration>
        <con:name>getSlicedItemId</con:name>
        <con:mode>STEP</con:mode>
        <con:shared>false</con:shared>
      </con:property>
    </con:config>
  </con:testStep>
  <con:testStep type="transfer" name="P.T. - Slice sliced item" id="a11c1990-2fb8-4e2d-a0ef-a8c5f9b81c65">
    <con:settings/>
    <con:config xsi:type="con:PropertyTransfersStep" xmlns:xsi="http://www.w3.org/2001/XMLSchema-instance">
      <con:transfers setNullOnMissingSource="true" transferTextContent="true" failOnError="true" ignoreEmpty="false" transferToAll="false" entitize="false" transferChildNodes="false">
        <con:name>biId</con:name>
        <con:sourceType>res_biId</con:sourceType>
        <con:sourceStep>Create product reservation interaction</con:sourceStep>
        <con:sourcePath/>
        <con:targetType>req_biId</con:targetType>
        <con:targetStep>Slice sliced item</con:targetStep>
        <con:targetPath/>
        <con:upgraded>true</con:upgraded>
      </con:transfers>
      <con:transfers setNullOnMissingSource="true" transferTextContent="true" failOnError="true" ignoreEmpty="false" transferToAll="false" entitize="false" transferChildNodes="false">
        <con:name>serialNumber</con:name>
        <con:sourceType>serialNumber</con:sourceType>
        <con:sourceStep>DataGen serialized product start serials 2 &amp; newItemId</con:sourceStep>
        <con:targetType>req_serialNumber</con:targetType>
        <con:targetStep>Slice sliced item</con:targetStep>
        <con:upgraded>true</con:upgraded>
      </con:transfers>
      <con:transfers setNullOnMissingSource="true" transferTextContent="true" failOnError="true" ignoreEmpty="false" transferToAll="false" entitize="false" transferChildNodes="false">
        <con:name>quantity</con:name>
        <con:sourceType>2ndSliceQty</con:sourceType>
        <con:sourceStep>DataGen quantities</con:sourceStep>
        <con:targetType>req_quantity</con:targetType>
        <con:targetStep>Slice sliced item</con:targetStep>
        <con:upgraded>true</con:upgraded>
      </con:transfers>
    </con:config>
  </con:testStep>
  <con:testStep type="calltestcase" name="Slice sliced item" id="4e0a4adf-4e52-4899-8e3f-967c57e72fac">
    <con:settings/>
    <con:config xsi:type="con:RunTestCaseStep" xmlns:xsi="http://www.w3.org/2001/XMLSchema-instance">
      <con:targetTestCase>c572c90f-bf05-459e-ada2-fb9e6f7306cb</con:targetTestCase>
      <con:properties>
        <con:property>
          <con:name>req_biId</con:name>
          <con:value>3321</con:value>
        </con:property>
        <con:property>
          <con:name>req_itemId</con:name>
          <con:value>653</con:value>
        </con:property>
        <con:property>
          <con:name>req_serialNumber</con:name>
          <con:value>10666731</con:value>
        </con:property>
        <con:property>
          <con:name>req_quantity</con:name>
          <con:value>1</con:value>
        </con:property>
        <con:property>
          <con:name>res_httpStatus</con:name>
          <con:value>200</con:value>
        </con:property>
        <con:property>
          <con:name>res_id</con:name>
          <con:value>653</con:value>
        </con:property>
      </con:properties>
      <con:returnProperties>
        <con:entry>res_httpStatus</con:entry>
        <con:entry>res_id</con:entry>
      </con:returnProperties>
      <con:runMode>PARALLELL</con:runMode>
    </con:config>
  </con:testStep>
  <con:testStep type="assertionteststep" name="Assert sliced item sliced" id="bc01bb5a-755c-42ca-bcae-db76f7c68fcb">
    <con:settings/>
    <con:config xsi:type="con:AssertionTestStep" xmlns:xsi="http://www.w3.org/2001/XMLSchema-instance">
      <con:entry>
        <con:id>bea584bd-3702-4bb9-b125-279572dfa744</con:id>
        <con:isGroup>false</con:isGroup>
        <con:sourceId>4e0a4adf-4e52-4899-8e3f-967c57e72fac</con:sourceId>
        <con:propertyName>res_httpStatus</con:propertyName>
        <con:assertion type="Simple Equals" name="Equals" id="d142742f-639e-4883-be26-e9921215c044">
          <con:configuration>
            <patternObjectId>741cfac2-6fff-419f-95b3-714a8942a161</patternObjectId>
            <patternProperty>res_200</patternProperty>
            <caseSensitive>true</caseSensitive>
          </con:configuration>
        </con:assertion>
      </con:entry>
      <con:entry>
        <con:id>bdc314fe-6c24-4365-a4cc-db574eaca57e</con:id>
        <con:isGroup>false</con:isGroup>
        <con:sourceId>4e0a4adf-4e52-4899-8e3f-967c57e72fac</con:sourceId>
        <con:propertyName>res_id</con:propertyName>
        <con:assertion type="Simple Contains" name="Contains" id="8eafb4e4-20be-4fe8-b732-ad8ee94bee1a">
          <con:configuration>
            <token>\d+</token>
            <ignoreCase>false</ignoreCase>
            <useRegEx>true</useRegEx>
          </con:configuration>
        </con:assertion>
      </con:entry>
    </con:config>
  </con:testStep>
  <con:testStep type="transfer" name="P.T. - Display 1st aggregated item(serialized)" id="9e33363d-8747-4232-8b7e-29949caa56d9">
    <con:settings/>
    <con:config xsi:type="con:PropertyTransfersStep" xmlns:xsi="http://www.w3.org/2001/XMLSchema-instance">
      <con:transfers setNullOnMissingSource="true" transferTextContent="true" failOnError="true" ignoreEmpty="false" transferToAll="false" entitize="false" transferChildNodes="false">
        <con:name>biId</con:name>
        <con:sourceType>res_biId</con:sourceType>
        <con:sourceStep>Create product reservation interaction</con:sourceStep>
        <con:sourcePath/>
        <con:targetType>req_biId</con:targetType>
        <con:targetStep>Display 1st aggregated item(serialized)</con:targetStep>
        <con:targetPath/>
        <con:upgraded>true</con:upgraded>
      </con:transfers>
      <con:transfers setNullOnMissingSource="true" transferTextContent="true" failOnError="true" ignoreEmpty="false" transferToAll="false" entitize="false" transferChildNodes="false">
        <con:name>itemId</con:name>
        <con:sourceType>res_itemId</con:sourceType>
        <con:sourceStep>Add serialized aggregated product reservation item</con:sourceStep>
        <con:targetType>req_aggregatedItemId</con:targetType>
        <con:targetStep>Display 1st aggregated item(serialized)</con:targetStep>
        <con:upgraded>true</con:upgraded>
      </con:transfers>
    </con:config>
  </con:testStep>
  <con:testStep type="calltestcase" name="Display 1st aggregated item(serialized)" id="644c8f1f-1ed3-476f-a1fb-8c9cc237f4a7">
    <con:settings/>
    <con:config xsi:type="con:RunTestCaseStep" xmlns:xsi="http://www.w3.org/2001/XMLSchema-instance">
      <con:targetTestCase>0c82ca28-d0a1-477d-b9aa-8d2cb6a4e477</con:targetTestCase>
      <con:properties>
        <con:property>
          <con:name>req_biId</con:name>
          <con:value>3321</con:value>
        </con:property>
        <con:property>
          <con:name>req_aggregatedItemId</con:name>
          <con:value>647</con:value>
        </con:property>
        <con:property>
          <con:name>res_httpStatus</con:name>
          <con:value>200</con:value>
        </con:property>
        <con:property>
          <con:name>res_requestedQuantity</con:name>
          <con:value>757</con:value>
        </con:property>
        <con:property>
          <con:name>res_quantity</con:name>
          <con:value>179</con:value>
        </con:property>
      </con:properties>
      <con:returnProperties>
        <con:entry>res_httpStatus</con:entry>
        <con:entry>res_requestedQuantity</con:entry>
        <con:entry>res_quantity</con:entry>
      </con:returnProperties>
      <con:runMode>PARALLELL</con:runMode>
    </con:config>
  </con:testStep>
  <con:testStep type="assertionteststep" name="Assert http status and quantities" id="84b62130-a586-4ce3-a594-69e0634ac969">
    <con:settings/>
    <con:config xsi:type="con:AssertionTestStep" xmlns:xsi="http://www.w3.org/2001/XMLSchema-instance">
      <con:entry>
        <con:id>3c5a87c4-5699-4352-bacb-d109038099ca</con:id>
        <con:isGroup>false</con:isGroup>
        <con:sourceId>644c8f1f-1ed3-476f-a1fb-8c9cc237f4a7</con:sourceId>
        <con:propertyName>res_httpStatus</con:propertyName>
        <con:assertion type="Simple Equals" name="Equals" id="827e949c-5902-48cc-8b35-ced31132c197">
          <con:configuration>
            <patternObjectId>741cfac2-6fff-419f-95b3-714a8942a161</patternObjectId>
            <patternProperty>res_200</patternProperty>
            <caseSensitive>true</caseSensitive>
          </con:configuration>
        </con:assertion>
      </con:entry>
      <con:entry>
        <con:id>b4e5c063-928d-4517-92f5-9bdd973e87dc</con:id>
        <con:isGroup>false</con:isGroup>
        <con:sourceId>644c8f1f-1ed3-476f-a1fb-8c9cc237f4a7</con:sourceId>
        <con:propertyName>res_requestedQuantity</con:propertyName>
        <con:assertion type="Simple Equals" name="Equals 2" id="27d90d22-964d-4757-ae94-4476d1eb1462">
          <con:configuration>
            <patternObjectId>26b08a69-c7f5-4676-a61b-f0e9a0209e8f</patternObjectId>
            <patternProperty>lessStockIn</patternProperty>
            <caseSensitive>true</caseSensitive>
          </con:configuration>
        </con:assertion>
      </con:entry>
      <con:entry>
        <con:id>9910cff1-ddab-46c0-acd6-4eb04c7f4a73</con:id>
        <con:isGroup>false</con:isGroup>
        <con:sourceId>644c8f1f-1ed3-476f-a1fb-8c9cc237f4a7</con:sourceId>
        <con:propertyName>res_quantity</con:propertyName>
        <con:assertion type="Simple Equals" name="Equals 3" id="3b432a5d-42fa-42e8-919b-d2ccf5b8d1f3">
          <con:configuration>
            <patternObjectId>741cfac2-6fff-419f-95b3-714a8942a161</patternObjectId>
            <patternProperty>reservationQuantity</patternProperty>
            <caseSensitive>true</caseSensitive>
          </con:configuration>
        </con:assertion>
      </con:entry>
    </con:config>
  </con:testStep>
  <con:testStep type="transfer" name="P.T. - Update 1st aggregated item quantity" id="a87370b4-5020-424f-871f-16d80a38d72b">
    <con:settings/>
    <con:config xsi:type="con:PropertyTransfersStep" xmlns:xsi="http://www.w3.org/2001/XMLSchema-instance">
      <con:transfers setNullOnMissingSource="true" transferTextContent="true" failOnError="true" ignoreEmpty="false" transferToAll="false" entitize="false" transferChildNodes="false">
        <con:name>biId</con:name>
        <con:sourceType>req_biId</con:sourceType>
        <con:sourceStep>Add serialized aggregated product reservation item</con:sourceStep>
        <con:sourcePath/>
        <con:targetType>req_biId</con:targetType>
        <con:targetStep>Update 1st aggregated item quantity</con:targetStep>
        <con:targetPath/>
        <con:upgraded>true</con:upgraded>
      </con:transfers>
      <con:transfers setNullOnMissingSource="true" transferTextContent="true" failOnError="true" ignoreEmpty="false" transferToAll="false" entitize="false" transferChildNodes="false">
        <con:name>itemId</con:name>
        <con:sourceType>res_itemId</con:sourceType>
        <con:sourceStep>Add serialized aggregated product reservation item</con:sourceStep>
        <con:targetType>req_itemId</con:targetType>
        <con:targetStep>Update 1st aggregated item quantity</con:targetStep>
        <con:upgraded>true</con:upgraded>
      </con:transfers>
      <con:transfers setNullOnMissingSource="true" transferTextContent="true" failOnError="true" ignoreEmpty="false" transferToAll="false" entitize="false" transferChildNodes="false">
        <con:name>newQuantity</con:name>
        <con:sourceType>res_quantity</con:sourceType>
        <con:sourceStep>Display 1st aggregated item(serialized)</con:sourceStep>
        <con:targetType>req_newQuantity</con:targetType>
        <con:targetStep>Update 1st aggregated item quantity</con:targetStep>
        <con:upgraded>true</con:upgraded>
      </con:transfers>
    </con:config>
  </con:testStep>
  <con:testStep type="calltestcase" name="Update 1st aggregated item quantity" id="f91999f6-090b-40b4-bf2e-f8d281bcfb5f">
    <con:settings/>
    <con:config xsi:type="con:RunTestCaseStep" xmlns:xsi="http://www.w3.org/2001/XMLSchema-instance">
      <con:targetTestCase>4740ec51-c4a0-4781-8691-88e20d8bcc41</con:targetTestCase>
      <con:properties>
        <con:property>
          <con:name>req_biId</con:name>
          <con:value>3321</con:value>
        </con:property>
        <con:property>
          <con:name>req_itemId</con:name>
          <con:value>647</con:value>
        </con:property>
        <con:property>
          <con:name>req_extSystem</con:name>
          <con:value xsi:nil="true"/>
        </con:property>
        <con:property>
          <con:name>req_newQuantity</con:name>
          <con:value>179</con:value>
        </con:property>
        <con:property>
          <con:name>res_httpStatus</con:name>
          <con:value>200</con:value>
        </con:property>
        <con:property>
          <con:name>res_itemId</con:name>
          <con:value>647</con:value>
        </con:property>
        <con:property>
          <con:name>res_errorMessage</con:name>
          <con:value xsi:nil="true"/>
        </con:property>
      </con:properties>
      <con:returnProperties>
        <con:entry>res_httpStatus</con:entry>
        <con:entry>res_itemId</con:entry>
      </con:returnProperties>
      <con:runMode>PARALLELL</con:runMode>
    </con:config>
  </con:testStep>
  <con:testStep type="assertionteststep" name="Assert 1st aggregated item updated" id="42f3cb8b-30d7-445b-90a7-633e45db9b57">
    <con:settings/>
    <con:config xsi:type="con:AssertionTestStep" xmlns:xsi="http://www.w3.org/2001/XMLSchema-instance">
      <con:entry>
        <con:id>73b202a6-904b-4bdd-b4c5-ca74eb2621f7</con:id>
        <con:isGroup>false</con:isGroup>
        <con:sourceId>f91999f6-090b-40b4-bf2e-f8d281bcfb5f</con:sourceId>
        <con:propertyName>res_httpStatus</con:propertyName>
        <con:assertion type="Simple Equals" name="Equals" id="73542980-7a2f-4c0b-b982-3dba442f92ca">
          <con:configuration>
            <patternObjectId>741cfac2-6fff-419f-95b3-714a8942a161</patternObjectId>
            <patternProperty>res_200</patternProperty>
            <caseSensitive>true</caseSensitive>
          </con:configuration>
        </con:assertion>
      </con:entry>
      <con:entry>
        <con:id>75594552-7e0a-458f-9454-4f6a4c429821</con:id>
        <con:isGroup>false</con:isGroup>
        <con:sourceId>f91999f6-090b-40b4-bf2e-f8d281bcfb5f</con:sourceId>
        <con:propertyName>res_itemId</con:propertyName>
        <con:assertion type="Simple Contains" name="Contains" id="542843ef-7fda-4f5d-99e0-9479659b4276">
          <con:configuration>
            <token>\d+</token>
            <ignoreCase>false</ignoreCase>
            <useRegEx>true</useRegEx>
          </con:configuration>
        </con:assertion>
      </con:entry>
    </con:config>
  </con:testStep>
  <con:testStep type="transfer" name="P.T. - Display 1st aggregated item after update" id="1f8ecc49-35be-414e-b91f-8efccf9e1881">
    <con:settings/>
    <con:config xsi:type="con:PropertyTransfersStep" xmlns:xsi="http://www.w3.org/2001/XMLSchema-instance">
      <con:transfers setNullOnMissingSource="true" transferTextContent="true" failOnError="true" ignoreEmpty="false" transferToAll="false" entitize="false" transferChildNodes="false">
        <con:name>biId</con:name>
        <con:sourceType>res_biId</con:sourceType>
        <con:sourceStep>Create product reservation interaction</con:sourceStep>
        <con:sourcePath/>
        <con:targetType>req_biId</con:targetType>
        <con:targetStep>Display 1st aggregated item after update</con:targetStep>
        <con:targetPath/>
        <con:upgraded>true</con:upgraded>
      </con:transfers>
      <con:transfers setNullOnMissingSource="true" transferTextContent="true" failOnError="true" ignoreEmpty="false" transferToAll="false" entitize="false" transferChildNodes="false">
        <con:name>itemId</con:name>
        <con:sourceType>res_itemId</con:sourceType>
        <con:sourceStep>Add serialized aggregated product reservation item</con:sourceStep>
        <con:targetType>req_aggregatedItemId</con:targetType>
        <con:targetStep>Display 1st aggregated item after update</con:targetStep>
        <con:upgraded>true</con:upgraded>
      </con:transfers>
    </con:config>
  </con:testStep>
  <con:testStep type="calltestcase" name="Display 1st aggregated item after update" id="4d88a785-3a32-41e9-9968-eb36228e1a95">
    <con:settings/>
    <con:config xsi:type="con:RunTestCaseStep" xmlns:xsi="http://www.w3.org/2001/XMLSchema-instance">
      <con:targetTestCase>0c82ca28-d0a1-477d-b9aa-8d2cb6a4e477</con:targetTestCase>
      <con:properties>
        <con:property>
          <con:name>req_biId</con:name>
          <con:value>3321</con:value>
        </con:property>
        <con:property>
          <con:name>req_aggregatedItemId</con:name>
          <con:value>647</con:value>
        </con:property>
        <con:property>
          <con:name>res_httpStatus</con:name>
          <con:value>200</con:value>
        </con:property>
        <con:property>
          <con:name>res_requestedQuantity</con:name>
          <con:value>179</con:value>
        </con:property>
        <con:property>
          <con:name>res_quantity</con:name>
          <con:value>179</con:value>
        </con:property>
      </con:properties>
      <con:returnProperties>
        <con:entry>res_httpStatus</con:entry>
        <con:entry>res_requestedQuantity</con:entry>
        <con:entry>res_quantity</con:entry>
      </con:returnProperties>
      <con:runMode>PARALLELL</con:runMode>
    </con:config>
  </con:testStep>
  <con:testStep type="assertionteststep" name="Assert httpStatus and quantities 2" id="019f3ddd-b958-4f9b-bbbe-e7b8313319d0">
    <con:settings/>
    <con:config xsi:type="con:AssertionTestStep" xmlns:xsi="http://www.w3.org/2001/XMLSchema-instance">
      <con:entry>
        <con:id>e2056db1-d84c-48a0-a556-53d0fed5408d</con:id>
        <con:isGroup>false</con:isGroup>
        <con:sourceId>4d88a785-3a32-41e9-9968-eb36228e1a95</con:sourceId>
        <con:propertyName>res_requestedQuantity</con:propertyName>
        <con:assertion type="Simple Equals" name="Equals" id="bf51ecd4-6e25-47a4-a3f6-7c0488fdb2fe">
          <con:configuration>
            <patternObjectId>644c8f1f-1ed3-476f-a1fb-8c9cc237f4a7</patternObjectId>
            <patternProperty>res_quantity</patternProperty>
            <caseSensitive>true</caseSensitive>
          </con:configuration>
        </con:assertion>
      </con:entry>
      <con:entry>
        <con:id>ac2e7fe7-a3f3-4d86-a8a9-ae6c52f79777</con:id>
        <con:isGroup>false</con:isGroup>
        <con:sourceId>4d88a785-3a32-41e9-9968-eb36228e1a95</con:sourceId>
        <con:propertyName>res_quantity</con:propertyName>
        <con:assertion type="Simple Equals" name="Equals 2" id="65551f1e-ac17-49ec-985a-3d5895aa3ca7">
          <con:configuration>
            <patternObjectId>644c8f1f-1ed3-476f-a1fb-8c9cc237f4a7</patternObjectId>
            <patternProperty>res_quantity</patternProperty>
            <caseSensitive>true</caseSensitive>
          </con:configuration>
        </con:assertion>
      </con:entry>
    </con:config>
  </con:testStep>
  <con:testStep type="transfer" name="P.T. - Stock level and product lock" id="ce11d562-34d4-4363-a503-a58f3bf058a3">
    <con:settings/>
    <con:config xsi:type="con:PropertyTransfersStep" xmlns:xsi="http://www.w3.org/2001/XMLSchema-instance">
      <con:transfers setNullOnMissingSource="true" transferTextContent="true" failOnError="true" ignoreEmpty="false" transferToAll="false" entitize="false" transferChildNodes="false">
        <con:name>placeId</con:name>
        <con:sourceType>placeId</con:sourceType>
        <con:sourceStep>Create initial data and products</con:sourceStep>
        <con:sourcePath/>
        <con:targetType>req_placeId</con:targetType>
        <con:targetStep>Check stock level</con:targetStep>
        <con:targetPath/>
        <con:upgraded>true</con:upgraded>
      </con:transfers>
      <con:transfers setNullOnMissingSource="true" transferTextContent="true" failOnError="true" ignoreEmpty="false" transferToAll="false" entitize="false" transferChildNodes="false">
        <con:name>productSpecExtId</con:name>
        <con:sourceType>res_serializedProductSpecExtId</con:sourceType>
        <con:sourceStep>Create initial data and products</con:sourceStep>
        <con:targetType>req_productSpecificationExternalId</con:targetType>
        <con:targetStep>Check stock level</con:targetStep>
        <con:upgraded>true</con:upgraded>
      </con:transfers>
      <con:transfers setNullOnMissingSource="true" transferTextContent="true" failOnError="true" ignoreEmpty="false" transferToAll="false" entitize="false" transferChildNodes="false">
        <con:name>productSpecExtId2</con:name>
        <con:sourceType>res_serializedProductSpecExtId</con:sourceType>
        <con:sourceStep>Create initial data and products</con:sourceStep>
        <con:targetType>req_prodSpecExtId</con:targetType>
        <con:targetStep>Display product by id</con:targetStep>
        <con:upgraded>true</con:upgraded>
      </con:transfers>
      <con:transfers setNullOnMissingSource="true" transferTextContent="true" failOnError="true" ignoreEmpty="false" transferToAll="false" entitize="false" transferChildNodes="false">
        <con:name>serialNumber</con:name>
        <con:sourceType>moreStartSerial</con:sourceType>
        <con:sourceStep>DataGen startSerialNumber+1</con:sourceStep>
        <con:targetType>req_serialNumber</con:targetType>
        <con:targetStep>Display product by id</con:targetStep>
        <con:upgraded>true</con:upgraded>
      </con:transfers>
      <con:transfers setNullOnMissingSource="true" transferTextContent="true" failOnError="true" ignoreEmpty="false" transferToAll="false" entitize="false" transferChildNodes="false">
        <con:name>includeLocked</con:name>
        <con:sourceType>includeLockedTrue</con:sourceType>
        <con:sourceStep>Given properties for the test steps</con:sourceStep>
        <con:targetType>req_includeLocked</con:targetType>
        <con:targetStep>Display product by id</con:targetStep>
        <con:upgraded>true</con:upgraded>
      </con:transfers>
    </con:config>
  </con:testStep>
  <con:testStep type="calltestcase" name="Check stock level" id="0fb08149-49df-4755-aba0-e289cb8915d2">
    <con:settings/>
    <con:config xsi:type="con:RunTestCaseStep" xmlns:xsi="http://www.w3.org/2001/XMLSchema-instance">
      <con:targetTestCase>ae70f14b-9b62-4330-9f1f-32535bcddc8b</con:targetTestCase>
      <con:properties>
        <con:property>
          <con:name>req_placeId</con:name>
          <con:value>77</con:value>
        </con:property>
        <con:property>
          <con:name>req_productSpecCode</con:name>
        </con:property>
        <con:property>
          <con:name>req_productSpecArticle</con:name>
        </con:property>
        <con:property>
          <con:name>req_productStatus</con:name>
        </con:property>
        <con:property>
          <con:name>req_includeLocked</con:name>
        </con:property>
        <con:property>
          <con:name>req_productSpecificationExternalId</con:name>
          <con:value>EXT-IPHONE6S-1</con:value>
        </con:property>
        <con:property>
          <con:name>res_placeId</con:name>
        </con:property>
        <con:property>
          <con:name>res_productSpecificationId</con:name>
        </con:property>
        <con:property>
          <con:name>res_productSpecificationExternalId</con:name>
        </con:property>
        <con:property>
          <con:name>res_quantity</con:name>
          <con:value>579</con:value>
        </con:property>
        <con:property>
          <con:name>res_salesOrganizationId</con:name>
        </con:property>
        <con:property>
          <con:name>res_totalQuantity</con:name>
          <con:value>758</con:value>
        </con:property>
        <con:property>
          <con:name>res_reservedQuantity</con:name>
          <con:value>179</con:value>
        </con:property>
        <con:property>
          <con:name>req_productId</con:name>
        </con:property>
        <con:property>
          <con:name>res_code</con:name>
        </con:property>
        <con:property>
          <con:name>req_productSerialNumber</con:name>
        </con:property>
        <con:property>
          <con:name>req_productSerialText</con:name>
        </con:property>
        <con:property>
          <con:name>req_productSpecificationId</con:name>
        </con:property>
        <con:property>
          <con:name>req_parentSerialNumberText</con:name>
        </con:property>
        <con:property>
          <con:name>req_batchId</con:name>
        </con:property>
        <con:property>
          <con:name>req_country</con:name>
        </con:property>
        <con:property>
          <con:name>req_state</con:name>
        </con:property>
        <con:property>
          <con:name>req_city</con:name>
        </con:property>
        <con:property>
          <con:name>req_regionId</con:name>
        </con:property>
        <con:property>
          <con:name>res_fullResponse</con:name>
        </con:property>
        <con:property>
          <con:name>res_errorMessage</con:name>
        </con:property>
      </con:properties>
      <con:returnProperties>
        <con:entry>res_quantity</con:entry>
        <con:entry>res_totalQuantity</con:entry>
        <con:entry>res_reservedQuantity</con:entry>
      </con:returnProperties>
      <con:runMode>PARALLELL</con:runMode>
    </con:config>
  </con:testStep>
  <con:testStep type="calltestcase" name="Display product by id" id="e96eed19-520b-4ac2-94f5-4d2f8ecb5e1b">
    <con:settings/>
    <con:config xsi:type="con:RunTestCaseStep" xmlns:xsi="http://www.w3.org/2001/XMLSchema-instance">
      <con:targetTestCase>33924095-ff79-4ac9-8702-e4724b8c43d0</con:targetTestCase>
      <con:properties>
        <con:property>
          <con:name>res_code</con:name>
        </con:property>
        <con:property>
          <con:name>req_prodSpecExtId</con:name>
          <con:value>EXT-IPHONE6S-1</con:value>
        </con:property>
        <con:property>
          <con:name>res_endSerialNumber</con:name>
        </con:property>
        <con:property>
          <con:name>req_serialNumber</con:name>
          <con:value>10666608</con:value>
        </con:property>
        <con:property>
          <con:name>res_productId</con:name>
        </con:property>
        <con:property>
          <con:name>res_serialNumber</con:name>
        </con:property>
        <con:property>
          <con:name>req_includeLocked</con:name>
          <con:value>true</con:value>
        </con:property>
        <con:property>
          <con:name>res_lockedByBiId</con:name>
          <con:value>3321</con:value>
        </con:property>
        <con:property>
          <con:name>res_lockedByItemId</con:name>
          <con:value>651</con:value>
        </con:property>
        <con:property>
          <con:name>res_quantity</con:name>
          <con:value>88</con:value>
        </con:property>
      </con:properties>
      <con:returnProperties>
        <con:entry>res_lockedByBiId</con:entry>
        <con:entry>res_lockedByItemId</con:entry>
        <con:entry>res_quantity</con:entry>
      </con:returnProperties>
      <con:runMode>PARALLELL</con:runMode>
    </con:config>
  </con:testStep>
  <con:testStep type="assertionteststep" name="Assert stock level and product lock" id="e5c8ba0d-2150-4f48-998f-43175f3153c5">
    <con:settings/>
    <con:config xsi:type="con:AssertionTestStep" xmlns:xsi="http://www.w3.org/2001/XMLSchema-instance">
      <con:entry>
        <con:id>5ea82bbc-a1de-4ea0-8f39-6d470c33a8fe</con:id>
        <con:isGroup>false</con:isGroup>
        <con:sourceId>0fb08149-49df-4755-aba0-e289cb8915d2</con:sourceId>
        <con:propertyName>res_totalQuantity</con:propertyName>
        <con:assertion type="Simple Equals" name="Equals" id="6255358f-751d-4ac2-9e76-67953b6378d0">
          <con:configuration>
            <patternObjectId>741cfac2-6fff-419f-95b3-714a8942a161</patternObjectId>
            <patternProperty>stockInQuantity</patternProperty>
            <caseSensitive>true</caseSensitive>
          </con:configuration>
        </con:assertion>
      </con:entry>
      <con:entry>
        <con:id>96f39a59-499b-4ad8-9445-f00662c923a7</con:id>
        <con:isGroup>false</con:isGroup>
        <con:sourceId>0fb08149-49df-4755-aba0-e289cb8915d2</con:sourceId>
        <con:propertyName>res_reservedQuantity</con:propertyName>
        <con:assertion type="Simple Equals" name="Equals 2" id="2756edec-7deb-4066-a66b-6f3796736bad">
          <con:configuration>
            <patternObjectId>741cfac2-6fff-419f-95b3-714a8942a161</patternObjectId>
            <patternProperty>reservationQuantity</patternProperty>
            <caseSensitive>true</caseSensitive>
          </con:configuration>
        </con:assertion>
      </con:entry>
      <con:entry>
        <con:id>f804086c-422d-47b0-bb27-0537b29870c8</con:id>
        <con:isGroup>false</con:isGroup>
        <con:sourceId>0fb08149-49df-4755-aba0-e289cb8915d2</con:sourceId>
        <con:propertyName>res_quantity</con:propertyName>
        <con:assertion type="Simple Equals" name="Equals 3" id="ea31f967-45d0-49b2-a897-ee4e851597d3">
          <con:configuration>
            <patternObjectId>741cfac2-6fff-419f-95b3-714a8942a161</patternObjectId>
            <patternProperty>remainingQuantity</patternProperty>
            <caseSensitive>true</caseSensitive>
          </con:configuration>
        </con:assertion>
      </con:entry>
      <con:entry>
        <con:id>cf1e0d2d-5c8c-4fce-b377-0c263eae5527</con:id>
        <con:isGroup>false</con:isGroup>
        <con:sourceId>e96eed19-520b-4ac2-94f5-4d2f8ecb5e1b</con:sourceId>
        <con:propertyName>res_lockedByBiId</con:propertyName>
        <con:assertion type="Simple Equals" name="Equals 4" id="e718c9ba-cc1c-4cde-867c-56c094f62b0a">
          <con:configuration>
            <patternObjectId>d39f49e2-a4ba-4561-8581-3ae08c5e3e70</patternObjectId>
            <patternProperty>res_biId</patternProperty>
            <caseSensitive>true</caseSensitive>
          </con:configuration>
        </con:assertion>
      </con:entry>
      <con:entry>
        <con:id>d6b0be08-e5a3-44a3-9693-185c58205ff6</con:id>
        <con:isGroup>false</con:isGroup>
        <con:sourceId>e96eed19-520b-4ac2-94f5-4d2f8ecb5e1b</con:sourceId>
        <con:propertyName>res_lockedByItemId</con:propertyName>
        <con:assertion type="Simple Equals" name="Equals 5" id="7b9b81da-363d-48ae-9890-5dc9d3a1a701">
          <con:configuration>
            <patternObjectId>3da8b29c-576d-45fd-8b08-cd1697d19e87</patternObjectId>
            <patternProperty>res_id</patternProperty>
            <caseSensitive>true</caseSensitive>
          </con:configuration>
        </con:assertion>
      </con:entry>
      <con:entry>
        <con:id>db650d83-c2e8-40eb-be2f-3672c252fcf9</con:id>
        <con:isGroup>false</con:isGroup>
        <con:sourceId>e96eed19-520b-4ac2-94f5-4d2f8ecb5e1b</con:sourceId>
        <con:propertyName>res_quantity</con:propertyName>
        <con:assertion type="Simple Equals" name="Equals 6" id="9e8e7b2a-4fd5-4b6f-8d61-dce234c21e5f">
          <con:configuration>
            <patternObjectId>60306816-9f58-4bf5-a4e4-5e151fc6c5df</patternObjectId>
            <patternProperty>firstAggregatedItemQuantity</patternProperty>
            <caseSensitive>true</caseSensitive>
          </con:configuration>
        </con:assertion>
      </con:entry>
    </con:config>
  </con:testStep>
  <con:testStep type="transfer" name="P.T. - Submit draft product reservation" id="fe5040c4-b609-44d5-921f-fb1884886fa2">
    <con:settings/>
    <con:config xsi:type="con:PropertyTransfersStep" xmlns:xsi="http://www.w3.org/2001/XMLSchema-instance">
      <con:transfers setNullOnMissingSource="true" transferTextContent="true" failOnError="true" ignoreEmpty="false" transferToAll="false" entitize="false" transferChildNodes="false">
        <con:name>biId</con:name>
        <con:sourceType>res_biId</con:sourceType>
        <con:sourceStep>Create product reservation interaction</con:sourceStep>
        <con:sourcePath/>
        <con:targetType>req_biId</con:targetType>
        <con:targetStep>Submit draft product reservation</con:targetStep>
        <con:targetPath/>
        <con:upgraded>true</con:upgraded>
      </con:transfers>
    </con:config>
  </con:testStep>
  <con:testStep type="calltestcase" name="Submit draft product reservation" id="1f00dbc7-63c7-4cc8-bcf8-09186178aeec">
    <con:settings/>
    <con:config xsi:type="con:RunTestCaseStep" xmlns:xsi="http://www.w3.org/2001/XMLSchema-instance">
      <con:targetTestCase>634030de-fd9c-4898-9cd0-2ab2d9827fd9</con:targetTestCase>
      <con:properties>
        <con:property>
          <con:name>req_biId</con:name>
          <con:value>3321</con:value>
        </con:property>
        <con:property>
          <con:name>res_code</con:name>
          <con:value xsi:nil="true"/>
        </con:property>
        <con:property>
          <con:name>res_httpStatus</con:name>
          <con:value>200</con:value>
        </con:property>
        <con:property>
          <con:name>res_id</con:name>
          <con:value>3321</con:value>
        </con:property>
      </con:properties>
      <con:returnProperties>
        <con:entry>res_code</con:entry>
        <con:entry>res_httpStatus</con:entry>
        <con:entry>res_id</con:entry>
      </con:returnProperties>
      <con:runMode>PARALLELL</con:runMode>
    </con:config>
  </con:testStep>
  <con:testStep type="assertionteststep" name="Assert submit draft product reservation" id="80a5edad-a853-400b-9776-e1d2cc4e33f7">
    <con:settings/>
    <con:config xsi:type="con:AssertionTestStep" xmlns:xsi="http://www.w3.org/2001/XMLSchema-instance">
      <con:entry>
        <con:id>64edc70d-f6eb-4980-857d-2574dfa6a31e</con:id>
        <con:isGroup>false</con:isGroup>
        <con:sourceId>1f00dbc7-63c7-4cc8-bcf8-09186178aeec</con:sourceId>
        <con:propertyName>res_httpStatus</con:propertyName>
        <con:assertion type="Simple Equals" name="Equals" id="10942f64-34b8-4cea-b6a3-32538b531dcb">
          <con:configuration>
            <patternObjectId>741cfac2-6fff-419f-95b3-714a8942a161</patternObjectId>
            <patternProperty>res_200</patternProperty>
            <caseSensitive>true</caseSensitive>
          </con:configuration>
        </con:assertion>
      </con:entry>
      <con:entry>
        <con:id>49e57ee7-81df-4b4d-9f8a-3c22652c8c07</con:id>
        <con:isGroup>false</con:isGroup>
        <con:sourceId>1f00dbc7-63c7-4cc8-bcf8-09186178aeec</con:sourceId>
        <con:propertyName>res_id</con:propertyName>
        <con:assertion type="Simple Contains" name="Contains" id="a526ffc0-2feb-4025-97db-25d1e6420d9c">
          <con:configuration>
            <token>\d+</token>
            <ignoreCase>false</ignoreCase>
            <useRegEx>true</useRegEx>
          </con:configuration>
        </con:assertion>
      </con:entry>
    </con:config>
  </con:testStep>
  <con:testStep type="transfer" name="P.T. - Stock level and product lock 2" id="17d33ca1-e7cf-4c70-9541-18a932919d12">
    <con:settings/>
    <con:config xsi:type="con:PropertyTransfersStep" xmlns:xsi="http://www.w3.org/2001/XMLSchema-instance">
      <con:transfers setNullOnMissingSource="true" transferTextContent="true" failOnError="true" ignoreEmpty="false" transferToAll="false" entitize="false" transferChildNodes="false">
        <con:name>placeId</con:name>
        <con:sourceType>placeId</con:sourceType>
        <con:sourceStep>Create initial data and products</con:sourceStep>
        <con:sourcePath/>
        <con:targetType>req_placeId</con:targetType>
        <con:targetStep>Check stock level 2</con:targetStep>
        <con:targetPath/>
        <con:upgraded>true</con:upgraded>
      </con:transfers>
      <con:transfers setNullOnMissingSource="true" transferTextContent="true" failOnError="true" ignoreEmpty="false" transferToAll="false" entitize="false" transferChildNodes="false">
        <con:name>productSpecExtId</con:name>
        <con:sourceType>res_serializedProductSpecExtId</con:sourceType>
        <con:sourceStep>Create initial data and products</con:sourceStep>
        <con:targetType>req_productSpecificationExternalId</con:targetType>
        <con:targetStep>Check stock level 2</con:targetStep>
        <con:upgraded>true</con:upgraded>
      </con:transfers>
      <con:transfers setNullOnMissingSource="true" transferTextContent="true" failOnError="true" ignoreEmpty="false" transferToAll="false" entitize="false" transferChildNodes="false">
        <con:name>productSpecExtId2</con:name>
        <con:sourceType>res_serializedProductSpecExtId</con:sourceType>
        <con:sourceStep>Create initial data and products</con:sourceStep>
        <con:targetType>req_prodSpecExtId</con:targetType>
        <con:targetStep>Display product by id 2</con:targetStep>
        <con:upgraded>true</con:upgraded>
      </con:transfers>
      <con:transfers setNullOnMissingSource="true" transferTextContent="true" failOnError="true" ignoreEmpty="false" transferToAll="false" entitize="false" transferChildNodes="false">
        <con:name>serialNumber</con:name>
        <con:sourceType>moreStartSerial</con:sourceType>
        <con:sourceStep>DataGen startSerialNumber+1</con:sourceStep>
        <con:targetType>req_serialNumber</con:targetType>
        <con:targetStep>Display product by id 2</con:targetStep>
        <con:upgraded>true</con:upgraded>
      </con:transfers>
      <con:transfers setNullOnMissingSource="true" transferTextContent="true" failOnError="true" ignoreEmpty="false" transferToAll="false" entitize="false" transferChildNodes="false">
        <con:name>includeLocked</con:name>
        <con:sourceType>includeLockedTrue</con:sourceType>
        <con:sourceStep>Given properties for the test steps</con:sourceStep>
        <con:targetType>req_includeLocked</con:targetType>
        <con:targetStep>Display product by id 2</con:targetStep>
        <con:upgraded>true</con:upgraded>
      </con:transfers>
    </con:config>
  </con:testStep>
  <con:testStep type="calltestcase" name="Check stock level 2" id="e415899c-500b-470e-9c71-2ceb49ef1cef">
    <con:settings/>
    <con:config xsi:type="con:RunTestCaseStep" xmlns:xsi="http://www.w3.org/2001/XMLSchema-instance">
      <con:targetTestCase>ae70f14b-9b62-4330-9f1f-32535bcddc8b</con:targetTestCase>
      <con:properties>
        <con:property>
          <con:name>req_placeId</con:name>
          <con:value>77</con:value>
        </con:property>
        <con:property>
          <con:name>req_productSpecCode</con:name>
        </con:property>
        <con:property>
          <con:name>req_productSpecArticle</con:name>
        </con:property>
        <con:property>
          <con:name>req_productStatus</con:name>
        </con:property>
        <con:property>
          <con:name>req_includeLocked</con:name>
        </con:property>
        <con:property>
          <con:name>req_productSpecificationExternalId</con:name>
          <con:value>EXT-IPHONE6S-1</con:value>
        </con:property>
        <con:property>
          <con:name>res_placeId</con:name>
        </con:property>
        <con:property>
          <con:name>res_productSpecificationId</con:name>
        </con:property>
        <con:property>
          <con:name>res_productSpecificationExternalId</con:name>
        </con:property>
        <con:property>
          <con:name>res_quantity</con:name>
          <con:value>579</con:value>
        </con:property>
        <con:property>
          <con:name>res_salesOrganizationId</con:name>
        </con:property>
        <con:property>
          <con:name>res_totalQuantity</con:name>
          <con:value>758</con:value>
        </con:property>
        <con:property>
          <con:name>res_reservedQuantity</con:name>
          <con:value>179</con:value>
        </con:property>
        <con:property>
          <con:name>req_productId</con:name>
        </con:property>
        <con:property>
          <con:name>res_code</con:name>
        </con:property>
        <con:property>
          <con:name>req_productSerialNumber</con:name>
        </con:property>
        <con:property>
          <con:name>req_productSerialText</con:name>
        </con:property>
        <con:property>
          <con:name>req_productSpecificationId</con:name>
        </con:property>
        <con:property>
          <con:name>req_parentSerialNumberText</con:name>
        </con:property>
        <con:property>
          <con:name>req_batchId</con:name>
        </con:property>
        <con:property>
          <con:name>req_country</con:name>
        </con:property>
        <con:property>
          <con:name>req_state</con:name>
        </con:property>
        <con:property>
          <con:name>req_city</con:name>
        </con:property>
        <con:property>
          <con:name>req_regionId</con:name>
        </con:property>
        <con:property>
          <con:name>res_fullResponse</con:name>
        </con:property>
        <con:property>
          <con:name>res_errorMessage</con:name>
        </con:property>
      </con:properties>
      <con:returnProperties>
        <con:entry>res_quantity</con:entry>
        <con:entry>res_totalQuantity</con:entry>
        <con:entry>res_reservedQuantity</con:entry>
      </con:returnProperties>
      <con:runMode>PARALLELL</con:runMode>
    </con:config>
  </con:testStep>
  <con:testStep type="calltestcase" name="Display product by id 2" id="c7f7e362-815a-4606-9124-95f1c0f8f9d8">
    <con:settings/>
    <con:config xsi:type="con:RunTestCaseStep" xmlns:xsi="http://www.w3.org/2001/XMLSchema-instance">
      <con:targetTestCase>33924095-ff79-4ac9-8702-e4724b8c43d0</con:targetTestCase>
      <con:properties>
        <con:property>
          <con:name>res_code</con:name>
        </con:property>
        <con:property>
          <con:name>req_prodSpecExtId</con:name>
          <con:value>EXT-IPHONE6S-1</con:value>
        </con:property>
        <con:property>
          <con:name>res_endSerialNumber</con:name>
        </con:property>
        <con:property>
          <con:name>req_serialNumber</con:name>
          <con:value>10666608</con:value>
        </con:property>
        <con:property>
          <con:name>res_productId</con:name>
        </con:property>
        <con:property>
          <con:name>res_serialNumber</con:name>
        </con:property>
        <con:property>
          <con:name>req_includeLocked</con:name>
          <con:value>true</con:value>
        </con:property>
        <con:property>
          <con:name>res_lockedByBiId</con:name>
          <con:value>3321</con:value>
        </con:property>
        <con:property>
          <con:name>res_lockedByItemId</con:name>
          <con:value>651</con:value>
        </con:property>
        <con:property>
          <con:name>res_quantity</con:name>
          <con:value>88</con:value>
        </con:property>
      </con:properties>
      <con:returnProperties>
        <con:entry>res_lockedByBiId</con:entry>
        <con:entry>res_lockedByItemId</con:entry>
        <con:entry>res_quantity</con:entry>
      </con:returnProperties>
      <con:runMode>PARALLELL</con:runMode>
    </con:config>
  </con:testStep>
  <con:testStep type="assertionteststep" name="Assert stock level and product lock 2" id="72db6766-c476-4ac1-a729-091acf8f4d77">
    <con:settings/>
    <con:config xsi:type="con:AssertionTestStep" xmlns:xsi="http://www.w3.org/2001/XMLSchema-instance">
      <con:entry>
        <con:id>d7a8b82c-1cbb-492e-982b-44e1714dacb8</con:id>
        <con:isGroup>false</con:isGroup>
        <con:sourceId>e415899c-500b-470e-9c71-2ceb49ef1cef</con:sourceId>
        <con:propertyName>res_quantity</con:propertyName>
        <con:assertion type="Simple Equals" name="Equals" id="ba7b52f0-ad9e-4d81-bd54-717e27abf58b">
          <con:configuration>
            <patternObjectId>741cfac2-6fff-419f-95b3-714a8942a161</patternObjectId>
            <patternProperty>remainingQuantity</patternProperty>
            <caseSensitive>true</caseSensitive>
          </con:configuration>
        </con:assertion>
      </con:entry>
      <con:entry>
        <con:id>9cf13654-012a-4102-bbd9-bcd8e998e0f4</con:id>
        <con:isGroup>false</con:isGroup>
        <con:sourceId>e415899c-500b-470e-9c71-2ceb49ef1cef</con:sourceId>
        <con:propertyName>res_totalQuantity</con:propertyName>
        <con:assertion type="Simple Equals" name="Equals 2" id="2987249c-c506-4ad8-8a50-c3af952c0265">
          <con:configuration>
            <patternObjectId>741cfac2-6fff-419f-95b3-714a8942a161</patternObjectId>
            <patternProperty>stockInQuantity</patternProperty>
            <caseSensitive>true</caseSensitive>
          </con:configuration>
        </con:assertion>
      </con:entry>
      <con:entry>
        <con:id>76935ffa-13cc-4459-b103-97fd970f4822</con:id>
        <con:isGroup>false</con:isGroup>
        <con:sourceId>e415899c-500b-470e-9c71-2ceb49ef1cef</con:sourceId>
        <con:propertyName>res_reservedQuantity</con:propertyName>
        <con:assertion type="Simple Equals" name="Equals 3" id="e96e7fd0-7257-4e64-8057-b43beb27432b">
          <con:configuration>
            <patternObjectId>741cfac2-6fff-419f-95b3-714a8942a161</patternObjectId>
            <patternProperty>reservationQuantity</patternProperty>
            <caseSensitive>true</caseSensitive>
          </con:configuration>
        </con:assertion>
      </con:entry>
      <con:entry>
        <con:id>af6645c1-849f-46fc-9046-eef1a921d97c</con:id>
        <con:isGroup>false</con:isGroup>
        <con:sourceId>c7f7e362-815a-4606-9124-95f1c0f8f9d8</con:sourceId>
        <con:propertyName>res_lockedByBiId</con:propertyName>
        <con:assertion type="Simple Equals" name="Equals 4" id="1fff3acf-ed34-452b-a9dc-7e45caf28639">
          <con:configuration>
            <patternObjectId>1f00dbc7-63c7-4cc8-bcf8-09186178aeec</patternObjectId>
            <patternProperty>res_id</patternProperty>
            <caseSensitive>true</caseSensitive>
          </con:configuration>
        </con:assertion>
      </con:entry>
      <con:entry>
        <con:id>cbdb0628-1e1e-45b9-80d8-52ee466ae480</con:id>
        <con:isGroup>false</con:isGroup>
        <con:sourceId>c7f7e362-815a-4606-9124-95f1c0f8f9d8</con:sourceId>
        <con:propertyName>res_lockedByItemId</con:propertyName>
        <con:assertion type="Simple Equals" name="Equals 5" id="3d6f8698-0674-47a9-bd9b-4314ed75d772">
          <con:configuration>
            <patternObjectId>3da8b29c-576d-45fd-8b08-cd1697d19e87</patternObjectId>
            <patternProperty>res_id</patternProperty>
            <caseSensitive>true</caseSensitive>
          </con:configuration>
        </con:assertion>
      </con:entry>
      <con:entry>
        <con:id>1e7a11fd-3a07-45ed-8664-b1fa9e59ba72</con:id>
        <con:isGroup>false</con:isGroup>
        <con:sourceId>c7f7e362-815a-4606-9124-95f1c0f8f9d8</con:sourceId>
        <con:propertyName>res_quantity</con:propertyName>
        <con:assertion type="Simple Equals" name="Equals 6" id="37836c50-b6b7-481e-9d43-7d66b5b9e661">
          <con:configuration>
            <patternObjectId>60306816-9f58-4bf5-a4e4-5e151fc6c5df</patternObjectId>
            <patternProperty>firstAggregatedItemQuantity</patternProperty>
            <caseSensitive>true</caseSensitive>
          </con:configuration>
        </con:assertion>
      </con:entry>
    </con:config>
  </con:testStep>
  <con:testStep type="transfer" name="P.T. - Display 1st aggregated item after submit" id="34dd699e-c944-494f-83a4-54c89305b3f9">
    <con:settings/>
    <con:config xsi:type="con:PropertyTransfersStep" xmlns:xsi="http://www.w3.org/2001/XMLSchema-instance">
      <con:transfers setNullOnMissingSource="true" transferTextContent="true" failOnError="true" ignoreEmpty="false" transferToAll="false" entitize="false" transferChildNodes="false">
        <con:name>biId</con:name>
        <con:sourceType>res_biId</con:sourceType>
        <con:sourceStep>Create product reservation interaction</con:sourceStep>
        <con:sourcePath/>
        <con:targetType>req_biId</con:targetType>
        <con:targetStep>Display 1st aggregated item after submit</con:targetStep>
        <con:targetPath/>
        <con:upgraded>true</con:upgraded>
      </con:transfers>
      <con:transfers setNullOnMissingSource="true" transferTextContent="true" failOnError="true" ignoreEmpty="false" transferToAll="false" entitize="false" transferChildNodes="false">
        <con:name>itemId</con:name>
        <con:sourceType>res_itemId</con:sourceType>
        <con:sourceStep>Add serialized aggregated product reservation item</con:sourceStep>
        <con:targetType>req_aggregatedItemId</con:targetType>
        <con:targetStep>Display 1st aggregated item after submit</con:targetStep>
        <con:upgraded>true</con:upgraded>
      </con:transfers>
    </con:config>
  </con:testStep>
  <con:testStep type="calltestcase" name="Display 1st aggregated item after submit" id="62586f81-aef7-413d-a643-9898e0b918a2">
    <con:settings/>
    <con:config xsi:type="con:RunTestCaseStep" xmlns:xsi="http://www.w3.org/2001/XMLSchema-instance">
      <con:targetTestCase>0c82ca28-d0a1-477d-b9aa-8d2cb6a4e477</con:targetTestCase>
      <con:properties>
        <con:property>
          <con:name>req_biId</con:name>
          <con:value>3321</con:value>
        </con:property>
        <con:property>
          <con:name>req_aggregatedItemId</con:name>
          <con:value>647</con:value>
        </con:property>
        <con:property>
          <con:name>res_httpStatus</con:name>
          <con:value>200</con:value>
        </con:property>
        <con:property>
          <con:name>res_requestedQuantity</con:name>
          <con:value>179</con:value>
        </con:property>
        <con:property>
          <con:name>res_quantity</con:name>
          <con:value>179</con:value>
        </con:property>
      </con:properties>
      <con:returnProperties>
        <con:entry>res_httpStatus</con:entry>
        <con:entry>res_requestedQuantity</con:entry>
        <con:entry>res_quantity</con:entry>
      </con:returnProperties>
      <con:runMode>PARALLELL</con:runMode>
    </con:config>
  </con:testStep>
  <con:testStep type="assertionteststep" name="Assert httpStatus and quantities" id="cfc5ad07-73f5-49fa-97e4-ff4587600fef">
    <con:settings/>
    <con:config xsi:type="con:AssertionTestStep" xmlns:xsi="http://www.w3.org/2001/XMLSchema-instance">
      <con:entry>
        <con:id>ba428490-06eb-423e-8c1d-eda082cbc124</con:id>
        <con:isGroup>false</con:isGroup>
        <con:sourceId>62586f81-aef7-413d-a643-9898e0b918a2</con:sourceId>
        <con:propertyName>res_requestedQuantity</con:propertyName>
        <con:assertion type="Simple Equals" name="Equals" id="001dc119-ad2f-4180-827c-d3d5991be45c">
          <con:configuration>
            <patternObjectId>644c8f1f-1ed3-476f-a1fb-8c9cc237f4a7</patternObjectId>
            <patternProperty>res_quantity</patternProperty>
            <caseSensitive>true</caseSensitive>
          </con:configuration>
        </con:assertion>
      </con:entry>
      <con:entry>
        <con:id>627ed187-90b4-4886-bd45-7a05bbd1f394</con:id>
        <con:isGroup>false</con:isGroup>
        <con:sourceId>62586f81-aef7-413d-a643-9898e0b918a2</con:sourceId>
        <con:propertyName>res_quantity</con:propertyName>
        <con:assertion type="Simple Equals" name="Equals 2" id="415c8363-622e-4e17-8436-4a520ce7425e">
          <con:configuration>
            <patternObjectId>644c8f1f-1ed3-476f-a1fb-8c9cc237f4a7</patternObjectId>
            <patternProperty>res_quantity</patternProperty>
            <caseSensitive>true</caseSensitive>
          </con:configuration>
        </con:assertion>
      </con:entry>
    </con:config>
  </con:testStep>
  <con:testStep type="transfer" name="P.T. - Display single product reservation with assignment status" id="760118a0-9f23-43dd-a84d-43ecb9cea913">
    <con:settings/>
    <con:config xsi:type="con:PropertyTransfersStep" xmlns:xsi="http://www.w3.org/2001/XMLSchema-instance">
      <con:transfers setNullOnMissingSource="true" transferTextContent="true" failOnError="true" ignoreEmpty="false" transferToAll="false" entitize="false" transferChildNodes="false">
        <con:name>biId</con:name>
        <con:sourceType>res_id</con:sourceType>
        <con:sourceStep>Submit draft product reservation</con:sourceStep>
        <con:sourcePath/>
        <con:targetType>req_biId</con:targetType>
        <con:targetStep>Display single product reservation with assignment status</con:targetStep>
        <con:targetPath/>
        <con:upgraded>true</con:upgraded>
      </con:transfers>
    </con:config>
  </con:testStep>
  <con:testStep type="calltestcase" name="Display single product reservation with assignment status" id="a110ef84-f0dc-42ca-b46c-111ecac0e3d1">
    <con:settings/>
    <con:config xsi:type="con:RunTestCaseStep" xmlns:xsi="http://www.w3.org/2001/XMLSchema-instance">
      <con:targetTestCase>46d305fe-6e9c-4758-933f-7620c03e52c4</con:targetTestCase>
      <con:properties>
        <con:property>
          <con:name>req_biId</con:name>
          <con:value>3321</con:value>
        </con:property>
        <con:property>
          <con:name>res_reservationPeriodValue</con:name>
          <con:value xsi:nil="true"/>
        </con:property>
        <con:property>
          <con:name>res_reservationPeriodUnit</con:name>
          <con:value xsi:nil="true"/>
        </con:property>
        <con:property>
          <con:name>res_mainState</con:name>
          <con:value>Ongoing</con:value>
        </con:property>
        <con:property>
          <con:name>res_state</con:name>
          <con:value>ProductAssignment</con:value>
        </con:property>
        <con:property>
          <con:name>res_createdUserId</con:name>
          <con:value xsi:nil="true"/>
        </con:property>
        <con:property>
          <con:name>res_createdSalesOrganizationId</con:name>
          <con:value xsi:nil="true"/>
        </con:property>
        <con:property>
          <con:name>res_code</con:name>
          <con:value>200</con:value>
        </con:property>
      </con:properties>
      <con:returnProperties>
        <con:entry>res_mainState</con:entry>
        <con:entry>res_state</con:entry>
        <con:entry>res_code</con:entry>
      </con:returnProperties>
      <con:runMode>PARALLELL</con:runMode>
    </con:config>
  </con:testStep>
  <con:testStep type="assertionteststep" name="Assertion On Going and Product Asign status" id="db7edd1d-5419-45a9-a149-1f8050d7e8d9">
    <con:settings/>
    <con:config xsi:type="con:AssertionTestStep" xmlns:xsi="http://www.w3.org/2001/XMLSchema-instance">
      <con:entry>
        <con:id>a4bc71e0-bdbd-47fe-992b-43780c6031ca</con:id>
        <con:isGroup>false</con:isGroup>
        <con:sourceId>a110ef84-f0dc-42ca-b46c-111ecac0e3d1</con:sourceId>
        <con:propertyName>res_code</con:propertyName>
        <con:assertion type="Simple Equals" name="Equals" id="2617f101-274b-4ca0-a3f4-bef4d7fb268f">
          <con:configuration>
            <patternObjectId>741cfac2-6fff-419f-95b3-714a8942a161</patternObjectId>
            <patternProperty>res_200</patternProperty>
            <caseSensitive>true</caseSensitive>
          </con:configuration>
        </con:assertion>
      </con:entry>
      <con:entry>
        <con:id>73013a6b-11cb-4f7e-ade5-4451e0cdab1e</con:id>
        <con:isGroup>false</con:isGroup>
        <con:sourceId>a110ef84-f0dc-42ca-b46c-111ecac0e3d1</con:sourceId>
        <con:propertyName>res_mainState</con:propertyName>
        <con:assertion type="Simple Equals" name="Equals 2" id="89d33429-e68f-4881-acc7-f3650cfa5ffd">
          <con:configuration>
            <patternObjectId>741cfac2-6fff-419f-95b3-714a8942a161</patternObjectId>
            <patternProperty>ongoingBIstatus</patternProperty>
            <caseSensitive>true</caseSensitive>
          </con:configuration>
        </con:assertion>
      </con:entry>
      <con:entry>
        <con:id>1e800fe1-ab4f-4620-80bd-2c6b4392da09</con:id>
        <con:isGroup>false</con:isGroup>
        <con:sourceId>a110ef84-f0dc-42ca-b46c-111ecac0e3d1</con:sourceId>
        <con:propertyName>res_code</con:propertyName>
        <con:assertion type="Simple Equals" name="Equals 3" id="a4f842db-9290-4377-b340-c1c01d5bee2a">
          <con:configuration>
            <patternObjectId>a110ef84-f0dc-42ca-b46c-111ecac0e3d1</patternObjectId>
            <patternProperty>res_code</patternProperty>
            <caseSensitive>true</caseSensitive>
          </con:configuration>
        </con:assertion>
      </con:entry>
    </con:config>
  </con:testStep>
  <con:testStep type="transfer" name="P.T. - Set serial text of aggregated product reservation item" id="9200c8a8-bb7d-40c5-8e84-8746a80e61bb">
    <con:settings/>
    <con:config xsi:type="con:PropertyTransfersStep" xmlns:xsi="http://www.w3.org/2001/XMLSchema-instance">
      <con:transfers setNullOnMissingSource="true" transferTextContent="true" failOnError="true" ignoreEmpty="false" transferToAll="false" entitize="false" transferChildNodes="false" disabled="false">
        <con:name>biId</con:name>
        <con:sourceType>res_biId</con:sourceType>
        <con:sourceStep>Create product reservation interaction</con:sourceStep>
        <con:sourcePath/>
        <con:targetType>req_biId</con:targetType>
        <con:targetStep>Set serial text of aggregated product reservation item</con:targetStep>
        <con:targetPath/>
        <con:upgraded>true</con:upgraded>
      </con:transfers>
      <con:transfers setNullOnMissingSource="true" transferTextContent="true" failOnError="true" ignoreEmpty="false" transferToAll="false" entitize="false" transferChildNodes="false" disabled="false">
        <con:name>productSpecExtId</con:name>
        <con:sourceType>res_serializedWithoutRangeSpecExtId</con:sourceType>
        <con:sourceStep>Create initial data and products</con:sourceStep>
        <con:targetType>req_productSpecExtId</con:targetType>
        <con:targetStep>Set serial text of aggregated product reservation item</con:targetStep>
        <con:upgraded>true</con:upgraded>
      </con:transfers>
      <con:transfers setNullOnMissingSource="true" transferTextContent="true" failOnError="true" ignoreEmpty="false" transferToAll="false" entitize="false" transferChildNodes="false">
        <con:name>quantity</con:name>
        <con:sourceType>quantityOne</con:sourceType>
        <con:sourceStep>Given properties for the test steps</con:sourceStep>
        <con:targetType>req_quantity</con:targetType>
        <con:targetStep>Set serial text of aggregated product reservation item</con:targetStep>
        <con:upgraded>true</con:upgraded>
      </con:transfers>
      <con:transfers setNullOnMissingSource="true" transferTextContent="true" failOnError="true" ignoreEmpty="false" transferToAll="false" entitize="false" transferChildNodes="false" disabled="false">
        <con:name>serialNumbers</con:name>
        <con:sourceType>serializedWithoutRangeProductSerialText</con:sourceType>
        <con:sourceStep>Create initial data and products</con:sourceStep>
        <con:targetType>req_serialNumber</con:targetType>
        <con:targetStep>Set serial text of aggregated product reservation item</con:targetStep>
        <con:upgraded>true</con:upgraded>
      </con:transfers>
      <con:transfers setNullOnMissingSource="true" transferTextContent="true" failOnError="true" ignoreEmpty="false" transferToAll="false" entitize="false" transferChildNodes="false" disabled="true">
        <con:name>productId</con:name>
        <con:sourceType>serializedWithoutRangeProductId</con:sourceType>
        <con:sourceStep>Create initial data and products</con:sourceStep>
        <con:targetType xsi:nil="true"/>
        <con:targetStep>Set serial text of aggregated product reservation item</con:targetStep>
        <con:upgraded>true</con:upgraded>
      </con:transfers>
    </con:config>
  </con:testStep>
  <con:testStep type="calltestcase" name="Set serial text of aggregated product reservation item" id="28566463-3011-4f2b-8b74-ffa1b8c67df7">
    <con:settings/>
    <con:config xsi:type="con:RunTestCaseStep" xmlns:xsi="http://www.w3.org/2001/XMLSchema-instance">
      <con:targetTestCase>e38bf806-f993-432f-a2d4-bf9d0bec67fe</con:targetTestCase>
      <con:properties>
        <con:property>
          <con:name>req_biId</con:name>
          <con:value>3321</con:value>
        </con:property>
        <con:property>
          <con:name>req_productSpecExtId</con:name>
          <con:value>EXT-GALAXYNOTE4-1</con:value>
        </con:property>
        <con:property>
          <con:name>req_quantity</con:name>
          <con:value>1</con:value>
        </con:property>
        <con:property>
          <con:name>req_serialNumber</con:name>
          <con:value>10763654a</con:value>
        </con:property>
        <con:property>
          <con:name>res_httpStatus</con:name>
          <con:value>201</con:value>
        </con:property>
        <con:property>
          <con:name>res_itemId</con:name>
          <con:value>655</con:value>
        </con:property>
        <con:property>
          <con:name>res_errorMessage</con:name>
        </con:property>
        <con:property>
          <con:name>req_fromPlaceId</con:name>
        </con:property>
        <con:property>
          <con:name>req_fromSalesOrganizationId</con:name>
        </con:property>
      </con:properties>
      <con:returnProperties>
        <con:entry>res_httpStatus</con:entry>
        <con:entry>res_itemId</con:entry>
      </con:returnProperties>
      <con:runMode>PARALLELL</con:runMode>
    </con:config>
  </con:testStep>
  <con:testStep type="assertionteststep" name="Assert serial text submitted" id="8cd2b891-c023-432d-afcf-e750671a0d7e">
    <con:settings/>
    <con:config xsi:type="con:AssertionTestStep" xmlns:xsi="http://www.w3.org/2001/XMLSchema-instance">
      <con:entry>
        <con:id>7912f027-c59f-49a1-9125-46f2781e41f5</con:id>
        <con:isGroup>false</con:isGroup>
        <con:sourceId>28566463-3011-4f2b-8b74-ffa1b8c67df7</con:sourceId>
        <con:propertyName>res_httpStatus</con:propertyName>
        <con:assertion type="Simple Equals" name="Equals" id="75e37b13-1479-4047-80b8-66accd8d1679">
          <con:configuration>
            <patternObjectId>741cfac2-6fff-419f-95b3-714a8942a161</patternObjectId>
            <patternProperty>res_201</patternProperty>
            <caseSensitive>true</caseSensitive>
          </con:configuration>
        </con:assertion>
      </con:entry>
      <con:entry>
        <con:id>fbe1edb1-797d-40d7-a0cd-20537047e556</con:id>
        <con:isGroup>false</con:isGroup>
        <con:sourceId>28566463-3011-4f2b-8b74-ffa1b8c67df7</con:sourceId>
        <con:propertyName>res_itemId</con:propertyName>
        <con:assertion type="Simple Contains" name="Contains" id="f137c2b6-6229-4bc0-9c54-47fbaf355552">
          <con:configuration>
            <token>\d+</token>
            <ignoreCase>false</ignoreCase>
            <useRegEx>true</useRegEx>
          </con:configuration>
        </con:assertion>
      </con:entry>
    </con:config>
  </con:testStep>
  <con:testStep type="transfer" name="P.T. - Submit On Going product reservation interaction" id="23cf117b-8337-4832-87fd-d1748f975f99">
    <con:settings/>
    <con:config xsi:type="con:PropertyTransfersStep" xmlns:xsi="http://www.w3.org/2001/XMLSchema-instance">
      <con:transfers setNullOnMissingSource="true" transferTextContent="true" failOnError="true" ignoreEmpty="false" transferToAll="false" entitize="false" transferChildNodes="false">
        <con:name>biId</con:name>
        <con:sourceType>res_biId</con:sourceType>
        <con:sourceStep>Create product reservation interaction</con:sourceStep>
        <con:sourcePath/>
        <con:targetType>req_biId</con:targetType>
        <con:targetStep>Submit On Going product reservation interaction</con:targetStep>
        <con:targetPath/>
        <con:upgraded>true</con:upgraded>
      </con:transfers>
    </con:config>
  </con:testStep>
  <con:testStep type="calltestcase" name="Submit On Going product reservation interaction" id="599c6801-7c53-4d18-98f1-c7e96c77c7d9">
    <con:settings/>
    <con:config xsi:type="con:RunTestCaseStep" xmlns:xsi="http://www.w3.org/2001/XMLSchema-instance">
      <con:targetTestCase>634030de-fd9c-4898-9cd0-2ab2d9827fd9</con:targetTestCase>
      <con:properties>
        <con:property>
          <con:name>req_biId</con:name>
          <con:value>3321</con:value>
        </con:property>
        <con:property>
          <con:name>res_code</con:name>
          <con:value>NEXT_STATE_NOT_FOUND</con:value>
        </con:property>
        <con:property>
          <con:name>res_httpStatus</con:name>
          <con:value>400</con:value>
        </con:property>
        <con:property>
          <con:name>res_id</con:name>
          <con:value xsi:nil="true"/>
        </con:property>
      </con:properties>
      <con:returnProperties>
        <con:entry>res_code</con:entry>
        <con:entry>res_httpStatus</con:entry>
        <con:entry>res_id</con:entry>
      </con:returnProperties>
      <con:runMode>PARALLELL</con:runMode>
    </con:config>
  </con:testStep>
  <con:testStep type="assertionteststep" name="Assert next state not found" id="0d5c5c14-f644-460b-8854-237bb61f7f16">
    <con:settings/>
    <con:config xsi:type="con:AssertionTestStep" xmlns:xsi="http://www.w3.org/2001/XMLSchema-instance">
      <con:entry>
        <con:id>c78880c2-7236-44fc-9494-c0c83aecd480</con:id>
        <con:isGroup>false</con:isGroup>
        <con:sourceId>599c6801-7c53-4d18-98f1-c7e96c77c7d9</con:sourceId>
        <con:propertyName>res_httpStatus</con:propertyName>
        <con:assertion type="Simple Equals" name="Equals" id="27960d0c-6c2f-44e2-a0a7-fb4cedb46542">
          <con:configuration>
            <patternObjectId>741cfac2-6fff-419f-95b3-714a8942a161</patternObjectId>
            <patternProperty>res_400</patternProperty>
            <caseSensitive>true</caseSensitive>
          </con:configuration>
        </con:assertion>
      </con:entry>
      <con:entry>
        <con:id>38c52093-36e1-4787-8c9f-62472355f3d9</con:id>
        <con:isGroup>false</con:isGroup>
        <con:sourceId>599c6801-7c53-4d18-98f1-c7e96c77c7d9</con:sourceId>
        <con:propertyName>res_code</con:propertyName>
        <con:assertion type="Simple Equals" name="Equals 2" id="4118718f-8d0e-4b02-a644-ec0047b63ae5">
          <con:configuration>
            <patternObjectId>741cfac2-6fff-419f-95b3-714a8942a161</patternObjectId>
            <patternProperty>errMsg-nextStateNotFound</patternProperty>
            <caseSensitive>true</caseSensitive>
          </con:configuration>
        </con:assertion>
      </con:entry>
    </con:config>
  </con:testStep>
  <con:testStep type="transfer" name="P.T. - Submit serial numbers of product reservation interaction" id="e71d41fd-9c32-427e-86dd-985b9abf03ef">
    <con:settings/>
    <con:config xsi:type="con:PropertyTransfersStep" xmlns:xsi="http://www.w3.org/2001/XMLSchema-instance">
      <con:transfers setNullOnMissingSource="true" transferTextContent="true" failOnError="true" ignoreEmpty="false" transferToAll="false" entitize="false" transferChildNodes="false">
        <con:name>biId</con:name>
        <con:sourceType>res_id</con:sourceType>
        <con:sourceStep>Submit draft product reservation</con:sourceStep>
        <con:sourcePath/>
        <con:targetType>req_biId</con:targetType>
        <con:targetStep>Submit serial numbers of product reservation interaction</con:targetStep>
        <con:targetPath/>
        <con:upgraded>true</con:upgraded>
      </con:transfers>
    </con:config>
  </con:testStep>
  <con:testStep type="calltestcase" name="Submit serial numbers of product reservation interaction" id="31e1b3d8-bd2f-4472-9c94-bdccd40c5be4">
    <con:settings/>
    <con:config xsi:type="con:RunTestCaseStep" xmlns:xsi="http://www.w3.org/2001/XMLSchema-instance">
      <con:targetTestCase>39d8fc62-921e-45b9-9598-f330dd3dbe84</con:targetTestCase>
      <con:properties>
        <con:property>
          <con:name>req_biId</con:name>
          <con:value>3321</con:value>
        </con:property>
        <con:property>
          <con:name>res_httpStatus</con:name>
          <con:value>200</con:value>
        </con:property>
        <con:property>
          <con:name>res_biId</con:name>
          <con:value>3321</con:value>
        </con:property>
      </con:properties>
      <con:returnProperties>
        <con:entry>res_httpStatus</con:entry>
        <con:entry>res_biId</con:entry>
      </con:returnProperties>
      <con:runMode>PARALLELL</con:runMode>
    </con:config>
  </con:testStep>
  <con:testStep type="assertionteststep" name="Assertion serial numbers of product reservation interaction submitted" id="be587f39-f981-4fd5-bd05-0fb943b856a2">
    <con:settings/>
    <con:config xsi:type="con:AssertionTestStep" xmlns:xsi="http://www.w3.org/2001/XMLSchema-instance">
      <con:entry>
        <con:id>4cb30ac7-d8b0-4605-9933-71c15bb350ab</con:id>
        <con:isGroup>false</con:isGroup>
        <con:sourceId>31e1b3d8-bd2f-4472-9c94-bdccd40c5be4</con:sourceId>
        <con:propertyName>res_biId</con:propertyName>
        <con:assertion type="Simple Contains" name="Contains" id="62f61c7c-a637-4d89-bb46-aedc88b967dd">
          <con:configuration>
            <token>\d+</token>
            <ignoreCase>false</ignoreCase>
            <useRegEx>true</useRegEx>
          </con:configuration>
        </con:assertion>
      </con:entry>
      <con:entry>
        <con:id>44f6169a-744d-4179-a74a-0c8f06f5cdd5</con:id>
        <con:isGroup>false</con:isGroup>
        <con:sourceId>31e1b3d8-bd2f-4472-9c94-bdccd40c5be4</con:sourceId>
        <con:propertyName>res_httpStatus</con:propertyName>
        <con:assertion type="Simple Equals" name="Equals" id="22a56217-9225-4c47-ad14-7304ca85d108">
          <con:configuration>
            <patternObjectId>741cfac2-6fff-419f-95b3-714a8942a161</patternObjectId>
            <patternProperty>res_200</patternProperty>
            <caseSensitive>true</caseSensitive>
          </con:configuration>
        </con:assertion>
      </con:entry>
    </con:config>
  </con:testStep>
  <con:testStep type="transfer" name="P.T. - Stock level and product lock after closed bi" id="b62f3658-92b0-49da-8178-f91ef064ddfb">
    <con:settings/>
    <con:config xsi:type="con:PropertyTransfersStep" xmlns:xsi="http://www.w3.org/2001/XMLSchema-instance">
      <con:transfers setNullOnMissingSource="true" transferTextContent="true" failOnError="true" ignoreEmpty="false" transferToAll="false" entitize="false" transferChildNodes="false">
        <con:name>placeId</con:name>
        <con:sourceType>placeId</con:sourceType>
        <con:sourceStep>Create initial data and products</con:sourceStep>
        <con:sourcePath/>
        <con:targetType>req_placeId</con:targetType>
        <con:targetStep>Check stock level after closed bi</con:targetStep>
        <con:targetPath/>
        <con:upgraded>true</con:upgraded>
      </con:transfers>
      <con:transfers setNullOnMissingSource="true" transferTextContent="true" failOnError="true" ignoreEmpty="false" transferToAll="false" entitize="false" transferChildNodes="false">
        <con:name>productSpecExtId</con:name>
        <con:sourceType>res_serializedProductSpecExtId</con:sourceType>
        <con:sourceStep>Create initial data and products</con:sourceStep>
        <con:targetType>req_productSpecificationExternalId</con:targetType>
        <con:targetStep>Check stock level after closed bi</con:targetStep>
        <con:upgraded>true</con:upgraded>
      </con:transfers>
      <con:transfers setNullOnMissingSource="true" transferTextContent="true" failOnError="true" ignoreEmpty="false" transferToAll="false" entitize="false" transferChildNodes="false">
        <con:name>productSpecExtId2</con:name>
        <con:sourceType>res_serializedProductSpecExtId</con:sourceType>
        <con:sourceStep>Create initial data and products</con:sourceStep>
        <con:targetType>req_prodSpecExtId</con:targetType>
        <con:targetStep>Display product by id after closed bi</con:targetStep>
        <con:upgraded>true</con:upgraded>
      </con:transfers>
      <con:transfers setNullOnMissingSource="true" transferTextContent="true" failOnError="true" ignoreEmpty="false" transferToAll="false" entitize="false" transferChildNodes="false">
        <con:name>serialNumber</con:name>
        <con:sourceType>moreStartSerial</con:sourceType>
        <con:sourceStep>DataGen startSerialNumber+1</con:sourceStep>
        <con:targetType>req_serialNumber</con:targetType>
        <con:targetStep>Display product by id after closed bi</con:targetStep>
        <con:upgraded>true</con:upgraded>
      </con:transfers>
      <con:transfers setNullOnMissingSource="true" transferTextContent="true" failOnError="true" ignoreEmpty="false" transferToAll="false" entitize="false" transferChildNodes="false">
        <con:name>includeLocked</con:name>
        <con:sourceType>includeLockedTrue</con:sourceType>
        <con:sourceStep>Given properties for the test steps</con:sourceStep>
        <con:targetType>req_includeLocked</con:targetType>
        <con:targetStep>Display product by id after closed bi</con:targetStep>
        <con:upgraded>true</con:upgraded>
      </con:transfers>
    </con:config>
  </con:testStep>
  <con:testStep type="calltestcase" name="Check stock level after closed bi" id="c14d0f9f-0814-4870-8f42-6ffb3a0a9a5a">
    <con:settings/>
    <con:config xsi:type="con:RunTestCaseStep" xmlns:xsi="http://www.w3.org/2001/XMLSchema-instance">
      <con:targetTestCase>ae70f14b-9b62-4330-9f1f-32535bcddc8b</con:targetTestCase>
      <con:properties>
        <con:property>
          <con:name>req_placeId</con:name>
          <con:value>77</con:value>
        </con:property>
        <con:property>
          <con:name>req_productSpecCode</con:name>
        </con:property>
        <con:property>
          <con:name>req_productSpecArticle</con:name>
        </con:property>
        <con:property>
          <con:name>req_productStatus</con:name>
        </con:property>
        <con:property>
          <con:name>req_includeLocked</con:name>
        </con:property>
        <con:property>
          <con:name>req_productSpecificationExternalId</con:name>
          <con:value>EXT-IPHONE6S-1</con:value>
        </con:property>
        <con:property>
          <con:name>res_placeId</con:name>
        </con:property>
        <con:property>
          <con:name>res_productSpecificationId</con:name>
        </con:property>
        <con:property>
          <con:name>res_productSpecificationExternalId</con:name>
        </con:property>
        <con:property>
          <con:name>res_quantity</con:name>
          <con:value>579</con:value>
        </con:property>
        <con:property>
          <con:name>res_salesOrganizationId</con:name>
        </con:property>
        <con:property>
          <con:name>res_totalQuantity</con:name>
          <con:value>758</con:value>
        </con:property>
        <con:property>
          <con:name>res_reservedQuantity</con:name>
          <con:value>179</con:value>
        </con:property>
        <con:property>
          <con:name>req_productId</con:name>
        </con:property>
        <con:property>
          <con:name>res_code</con:name>
        </con:property>
        <con:property>
          <con:name>req_productSerialNumber</con:name>
        </con:property>
        <con:property>
          <con:name>req_productSerialText</con:name>
        </con:property>
        <con:property>
          <con:name>req_productSpecificationId</con:name>
        </con:property>
        <con:property>
          <con:name>req_parentSerialNumberText</con:name>
        </con:property>
        <con:property>
          <con:name>req_batchId</con:name>
        </con:property>
        <con:property>
          <con:name>req_country</con:name>
        </con:property>
        <con:property>
          <con:name>req_state</con:name>
        </con:property>
        <con:property>
          <con:name>req_city</con:name>
        </con:property>
        <con:property>
          <con:name>req_regionId</con:name>
        </con:property>
        <con:property>
          <con:name>res_fullResponse</con:name>
        </con:property>
        <con:property>
          <con:name>res_errorMessage</con:name>
        </con:property>
      </con:properties>
      <con:returnProperties>
        <con:entry>res_quantity</con:entry>
        <con:entry>res_totalQuantity</con:entry>
        <con:entry>res_reservedQuantity</con:entry>
      </con:returnProperties>
      <con:runMode>PARALLELL</con:runMode>
    </con:config>
  </con:testStep>
  <con:testStep type="calltestcase" name="Display product by id after closed bi" id="95f4aff8-247b-422a-a7ef-2072444a558f">
    <con:settings/>
    <con:config xsi:type="con:RunTestCaseStep" xmlns:xsi="http://www.w3.org/2001/XMLSchema-instance">
      <con:targetTestCase>33924095-ff79-4ac9-8702-e4724b8c43d0</con:targetTestCase>
      <con:properties>
        <con:property>
          <con:name>res_code</con:name>
        </con:property>
        <con:property>
          <con:name>req_prodSpecExtId</con:name>
          <con:value>EXT-IPHONE6S-1</con:value>
        </con:property>
        <con:property>
          <con:name>res_endSerialNumber</con:name>
        </con:property>
        <con:property>
          <con:name>req_serialNumber</con:name>
          <con:value>10666608</con:value>
        </con:property>
        <con:property>
          <con:name>res_productId</con:name>
        </con:property>
        <con:property>
          <con:name>res_serialNumber</con:name>
        </con:property>
        <con:property>
          <con:name>req_includeLocked</con:name>
          <con:value>true</con:value>
        </con:property>
        <con:property>
          <con:name>res_lockedByBiId</con:name>
          <con:value>3321</con:value>
        </con:property>
        <con:property>
          <con:name>res_lockedByItemId</con:name>
          <con:value>651</con:value>
        </con:property>
        <con:property>
          <con:name>res_quantity</con:name>
          <con:value>88</con:value>
        </con:property>
      </con:properties>
      <con:returnProperties>
        <con:entry>res_lockedByBiId</con:entry>
        <con:entry>res_lockedByItemId</con:entry>
        <con:entry>res_quantity</con:entry>
      </con:returnProperties>
      <con:runMode>PARALLELL</con:runMode>
    </con:config>
  </con:testStep>
  <con:testStep type="assertionteststep" name="Assert stock level and product lock after closed bi" id="fc255bf3-ae31-406a-ae65-cccf01321eb6">
    <con:settings/>
    <con:config xsi:type="con:AssertionTestStep" xmlns:xsi="http://www.w3.org/2001/XMLSchema-instance">
      <con:entry>
        <con:id>9b9c455e-3b47-4e73-8b10-74843c8da029</con:id>
        <con:isGroup>false</con:isGroup>
        <con:sourceId>c14d0f9f-0814-4870-8f42-6ffb3a0a9a5a</con:sourceId>
        <con:propertyName>res_quantity</con:propertyName>
        <con:assertion type="Simple Equals" name="Equals" id="8bfdeb72-35a3-4b41-a6c5-cb8b67cacecc">
          <con:configuration>
            <patternObjectId>741cfac2-6fff-419f-95b3-714a8942a161</patternObjectId>
            <patternProperty>remainingQuantity</patternProperty>
            <caseSensitive>true</caseSensitive>
          </con:configuration>
        </con:assertion>
      </con:entry>
      <con:entry>
        <con:id>5d14c192-1b34-4553-bf74-9de080dd6a4b</con:id>
        <con:isGroup>false</con:isGroup>
        <con:sourceId>c14d0f9f-0814-4870-8f42-6ffb3a0a9a5a</con:sourceId>
        <con:propertyName>res_totalQuantity</con:propertyName>
        <con:assertion type="Simple Equals" name="Equals 2" id="4ddb15e0-f08d-4b15-b1fa-388ef08f7624">
          <con:configuration>
            <patternObjectId>741cfac2-6fff-419f-95b3-714a8942a161</patternObjectId>
            <patternProperty>stockInQuantity</patternProperty>
            <caseSensitive>true</caseSensitive>
          </con:configuration>
        </con:assertion>
      </con:entry>
      <con:entry>
        <con:id>74362455-7b71-4fad-96aa-709e51d0eb79</con:id>
        <con:isGroup>false</con:isGroup>
        <con:sourceId>c14d0f9f-0814-4870-8f42-6ffb3a0a9a5a</con:sourceId>
        <con:propertyName>res_reservedQuantity</con:propertyName>
        <con:assertion type="Simple Equals" name="Equals 3" id="531ba926-a576-4fce-99e3-6e29cad95d25">
          <con:configuration>
            <patternObjectId>741cfac2-6fff-419f-95b3-714a8942a161</patternObjectId>
            <patternProperty>reservationQuantity</patternProperty>
            <caseSensitive>true</caseSensitive>
          </con:configuration>
        </con:assertion>
      </con:entry>
      <con:entry>
        <con:id>53009aca-f7be-4486-95f0-faf338b1566a</con:id>
        <con:isGroup>false</con:isGroup>
        <con:sourceId>95f4aff8-247b-422a-a7ef-2072444a558f</con:sourceId>
        <con:propertyName>res_lockedByBiId</con:propertyName>
        <con:assertion type="Simple Equals" name="Equals 4" id="81142193-de73-4c81-bc9f-7688ac3f5f9f">
          <con:configuration>
            <patternObjectId>31e1b3d8-bd2f-4472-9c94-bdccd40c5be4</patternObjectId>
            <patternProperty>res_biId</patternProperty>
            <caseSensitive>true</caseSensitive>
          </con:configuration>
        </con:assertion>
      </con:entry>
      <con:entry>
        <con:id>ca0a5ee0-9eca-4b7d-987c-67697c478e00</con:id>
        <con:isGroup>false</con:isGroup>
        <con:sourceId>95f4aff8-247b-422a-a7ef-2072444a558f</con:sourceId>
        <con:propertyName>res_lockedByItemId</con:propertyName>
        <con:assertion type="Simple Equals" name="Equals 5" id="c5ff7acb-ce86-4096-b6d6-07cc8008e299">
          <con:configuration>
            <patternObjectId>3da8b29c-576d-45fd-8b08-cd1697d19e87</patternObjectId>
            <patternProperty>res_id</patternProperty>
            <caseSensitive>true</caseSensitive>
          </con:configuration>
        </con:assertion>
      </con:entry>
      <con:entry>
        <con:id>c08a9323-2cc9-4a0e-afa9-2fc7b35970d7</con:id>
        <con:isGroup>false</con:isGroup>
        <con:sourceId>95f4aff8-247b-422a-a7ef-2072444a558f</con:sourceId>
        <con:propertyName>res_quantity</con:propertyName>
        <con:assertion type="Simple Equals" name="Equals 6" id="c4cc02f0-bd2c-4aaf-97ad-9dec5485e900">
          <con:configuration>
            <patternObjectId>60306816-9f58-4bf5-a4e4-5e151fc6c5df</patternObjectId>
            <patternProperty>firstAggregatedItemQuantity</patternProperty>
            <caseSensitive>true</caseSensitive>
          </con:configuration>
        </con:assertion>
      </con:entry>
    </con:config>
  </con:testStep>
  <con:testStep type="transfer" name="P.T. - Display product reservation interaction final status" id="155a98ca-cae7-4233-8b16-6b7abf5c8184">
    <con:settings/>
    <con:config xsi:type="con:PropertyTransfersStep" xmlns:xsi="http://www.w3.org/2001/XMLSchema-instance">
      <con:transfers setNullOnMissingSource="true" transferTextContent="true" failOnError="true" ignoreEmpty="false" transferToAll="false" entitize="false" transferChildNodes="false">
        <con:name>biId</con:name>
        <con:sourceType>req_biId</con:sourceType>
        <con:sourceStep>Submit serial numbers of product reservation interaction</con:sourceStep>
        <con:sourcePath/>
        <con:targetType>req_biId</con:targetType>
        <con:targetStep>Display product reservation interaction final status</con:targetStep>
        <con:targetPath/>
        <con:upgraded>true</con:upgraded>
      </con:transfers>
    </con:config>
  </con:testStep>
  <con:testStep type="calltestcase" name="Display product reservation interaction final status" id="e2a3cc01-e814-4eb9-992f-1aab980566a8">
    <con:settings/>
    <con:config xsi:type="con:RunTestCaseStep" xmlns:xsi="http://www.w3.org/2001/XMLSchema-instance">
      <con:targetTestCase>46d305fe-6e9c-4758-933f-7620c03e52c4</con:targetTestCase>
      <con:properties>
        <con:property>
          <con:name>req_biId</con:name>
          <con:value>3321</con:value>
        </con:property>
        <con:property>
          <con:name>res_reservationPeriodValue</con:name>
        </con:property>
        <con:property>
          <con:name>res_reservationPeriodUnit</con:name>
        </con:property>
        <con:property>
          <con:name>res_mainState</con:name>
          <con:value>Ongoing</con:value>
        </con:property>
        <con:property>
          <con:name>res_state</con:name>
          <con:value>Ongoing</con:value>
        </con:property>
        <con:property>
          <con:name>res_createdUserId</con:name>
        </con:property>
        <con:property>
          <con:name>res_createdSalesOrganizationId</con:name>
        </con:property>
        <con:property>
          <con:name>res_code</con:name>
          <con:value>200</con:value>
        </con:property>
      </con:properties>
      <con:returnProperties>
        <con:entry>res_mainState</con:entry>
        <con:entry>res_state</con:entry>
        <con:entry>res_code</con:entry>
      </con:returnProperties>
      <con:runMode>PARALLELL</con:runMode>
    </con:config>
  </con:testStep>
  <con:testStep type="assertionteststep" name="Assertion reservation status ongoing&amp;ongoing" id="5c292e87-205b-4437-a091-bade92da9c3f">
    <con:settings/>
    <con:config xsi:type="con:AssertionTestStep" xmlns:xsi="http://www.w3.org/2001/XMLSchema-instance">
      <con:entry>
        <con:id>846a9cb2-3d47-4c0e-9523-29be4bd09620</con:id>
        <con:isGroup>false</con:isGroup>
        <con:sourceId>e2a3cc01-e814-4eb9-992f-1aab980566a8</con:sourceId>
        <con:propertyName>res_mainState</con:propertyName>
        <con:assertion type="Simple Equals" name="Equals" id="c0298950-45f2-491c-8a37-9f0ffa92b6f8">
          <con:configuration>
            <patternObjectId>741cfac2-6fff-419f-95b3-714a8942a161</patternObjectId>
            <patternProperty>ongoingBIstatus</patternProperty>
            <caseSensitive>true</caseSensitive>
          </con:configuration>
        </con:assertion>
      </con:entry>
      <con:entry>
        <con:id>8fceaf25-5fb1-490d-88d9-f0ce1570cc38</con:id>
        <con:isGroup>false</con:isGroup>
        <con:sourceId>e2a3cc01-e814-4eb9-992f-1aab980566a8</con:sourceId>
        <con:propertyName>res_state</con:propertyName>
        <con:assertion type="Simple Equals" name="Equals 2" id="a214a457-a7a8-4ffd-b114-c723f3983ade">
          <con:configuration>
            <patternObjectId>741cfac2-6fff-419f-95b3-714a8942a161</patternObjectId>
            <patternProperty>ongoingBIstatus</patternProperty>
            <caseSensitive>true</caseSensitive>
          </con:configuration>
        </con:assertion>
      </con:entry>
    </con:config>
  </con:testStep>
  <con:testStep type="transfer" name="P.T. - Delete nonserialized agg. item requested quantity NONE" id="7619167d-d23b-4861-b2dd-36e2f738a0cd">
    <con:settings/>
    <con:config xsi:type="con:PropertyTransfersStep" xmlns:xsi="http://www.w3.org/2001/XMLSchema-instance">
      <con:transfers setNullOnMissingSource="true" transferTextContent="true" failOnError="true" ignoreEmpty="false" transferToAll="false" entitize="false" transferChildNodes="false">
        <con:name>biId</con:name>
        <con:sourceType>res_biId</con:sourceType>
        <con:sourceStep>Submit serial numbers of product reservation interaction</con:sourceStep>
        <con:sourcePath/>
        <con:targetType>req_biId</con:targetType>
        <con:targetStep>Delete nonserialized agg. item requested quantity NONE</con:targetStep>
        <con:targetPath/>
        <con:upgraded>true</con:upgraded>
      </con:transfers>
      <con:transfers setNullOnMissingSource="true" transferTextContent="true" failOnError="true" ignoreEmpty="false" transferToAll="false" entitize="false" transferChildNodes="false">
        <con:name>itemId</con:name>
        <con:sourceType>res_itemId</con:sourceType>
        <con:sourceStep>Add nonserialized aggregated product reservation item</con:sourceStep>
        <con:targetType>req_itemId</con:targetType>
        <con:targetStep>Delete nonserialized agg. item requested quantity NONE</con:targetStep>
        <con:upgraded>true</con:upgraded>
      </con:transfers>
    </con:config>
  </con:testStep>
  <con:testStep type="calltestcase" name="Delete nonserialized agg. item requested quantity NONE" id="3ba36a64-e373-4da0-9a9c-b25b4ef0913f">
    <con:settings/>
    <con:config xsi:type="con:RunTestCaseStep" xmlns:xsi="http://www.w3.org/2001/XMLSchema-instance">
      <con:targetTestCase>6d84a59c-7422-4b80-8767-b5fc274452bd</con:targetTestCase>
      <con:properties>
        <con:property>
          <con:name>req_biId</con:name>
          <con:value>3321</con:value>
        </con:property>
        <con:property>
          <con:name>req_itemId</con:name>
          <con:value>649</con:value>
        </con:property>
        <con:property>
          <con:name>res_biId</con:name>
          <con:value xsi:nil="true"/>
        </con:property>
        <con:property>
          <con:name>res_httpStatus</con:name>
          <con:value>400</con:value>
        </con:property>
        <con:property>
          <con:name>res_code</con:name>
          <con:value>BI_ITEM_WITH_ID_NOT_FOUND</con:value>
        </con:property>
      </con:properties>
      <con:returnProperties>
        <con:entry>res_biId</con:entry>
        <con:entry>res_httpStatus</con:entry>
        <con:entry>res_code</con:entry>
      </con:returnProperties>
      <con:runMode>PARALLELL</con:runMode>
    </con:config>
  </con:testStep>
  <con:testStep type="assertionteststep" name="Assert agg. item not found" id="fefa64bb-11af-4ac2-a6d0-13de4ca6e833">
    <con:settings/>
    <con:config xsi:type="con:AssertionTestStep" xmlns:xsi="http://www.w3.org/2001/XMLSchema-instance">
      <con:entry>
        <con:id>e593bb18-9828-4784-ae2e-ae08f740fd15</con:id>
        <con:isGroup>false</con:isGroup>
        <con:sourceId>3ba36a64-e373-4da0-9a9c-b25b4ef0913f</con:sourceId>
        <con:propertyName>res_httpStatus</con:propertyName>
        <con:assertion type="Simple Equals" name="Equals" id="13846d18-e61f-42c8-90c0-9888921ab063">
          <con:configuration>
            <patternObjectId>741cfac2-6fff-419f-95b3-714a8942a161</patternObjectId>
            <patternProperty>res_400</patternProperty>
            <caseSensitive>true</caseSensitive>
          </con:configuration>
        </con:assertion>
      </con:entry>
      <con:entry>
        <con:id>702336d9-6237-4f08-a3d9-208b6c9d3947</con:id>
        <con:isGroup>false</con:isGroup>
        <con:sourceId>3ba36a64-e373-4da0-9a9c-b25b4ef0913f</con:sourceId>
        <con:propertyName>res_code</con:propertyName>
        <con:assertion type="Simple Equals" name="Equals 2" id="e15ea7ec-97c3-4782-a733-e22f27c7d658">
          <con:configuration>
            <patternObjectId>741cfac2-6fff-419f-95b3-714a8942a161</patternObjectId>
            <patternProperty>biItemWithIdNotFound</patternProperty>
            <caseSensitive>true</caseSensitive>
          </con:configuration>
        </con:assertion>
      </con:entry>
    </con:config>
  </con:testStep>
  <con:testStep type="transfer" name="P.T. - Get product items of aggregated item" id="ea5047f6-2881-4d5e-9269-76795a5f9de8">
    <con:settings/>
    <con:config xsi:type="con:PropertyTransfersStep" xmlns:xsi="http://www.w3.org/2001/XMLSchema-instance">
      <con:transfers setNullOnMissingSource="true" transferTextContent="true" failOnError="true" ignoreEmpty="false" transferToAll="false" entitize="false" transferChildNodes="false">
        <con:name>biId</con:name>
        <con:sourceType>res_biId</con:sourceType>
        <con:sourceStep>Submit serial numbers of product reservation interaction</con:sourceStep>
        <con:sourcePath/>
        <con:targetType>req_biId</con:targetType>
        <con:targetStep>Get product items of aggregated item</con:targetStep>
        <con:targetPath/>
        <con:upgraded>true</con:upgraded>
      </con:transfers>
      <con:transfers setNullOnMissingSource="true" transferTextContent="true" failOnError="true" ignoreEmpty="false" transferToAll="false" entitize="false" transferChildNodes="false">
        <con:name>itemId</con:name>
        <con:sourceType>res_itemId</con:sourceType>
        <con:sourceStep>Update 1st aggregated item quantity</con:sourceStep>
        <con:targetType>req_aggregatedItemId</con:targetType>
        <con:targetStep>Get product items of aggregated item</con:targetStep>
        <con:upgraded>true</con:upgraded>
      </con:transfers>
    </con:config>
  </con:testStep>
  <con:testStep type="calltestcase" name="Get product items of aggregated item" id="b8d6c404-69cb-4552-a048-bf2b85950111">
    <con:settings/>
    <con:config xsi:type="con:RunTestCaseStep" xmlns:xsi="http://www.w3.org/2001/XMLSchema-instance">
      <con:targetTestCase>c34844d4-ca38-4a31-b351-52d92b7f105e</con:targetTestCase>
      <con:properties>
        <con:property>
          <con:name>req_biId</con:name>
          <con:value>3321</con:value>
        </con:property>
        <con:property>
          <con:name>req_aggregatedItemId</con:name>
          <con:value>647</con:value>
        </con:property>
        <con:property>
          <con:name>res_httpStatus</con:name>
          <con:value>200</con:value>
        </con:property>
        <con:property>
          <con:name>res_id1</con:name>
          <con:value xsi:nil="true"/>
        </con:property>
        <con:property>
          <con:name>res_serialNumber1</con:name>
        </con:property>
        <con:property>
          <con:name>res_quantity1</con:name>
          <con:value xsi:nil="true"/>
        </con:property>
        <con:property>
          <con:name>res_id2</con:name>
          <con:value xsi:nil="true"/>
        </con:property>
        <con:property>
          <con:name>res_serialNumber2</con:name>
        </con:property>
        <con:property>
          <con:name>res_quantity2</con:name>
          <con:value xsi:nil="true"/>
        </con:property>
        <con:property>
          <con:name>res_id3</con:name>
          <con:value xsi:nil="true"/>
        </con:property>
        <con:property>
          <con:name>res_serialNumber3</con:name>
        </con:property>
        <con:property>
          <con:name>res_quantity3</con:name>
        </con:property>
      </con:properties>
      <con:returnProperties>
        <con:entry>res_httpStatus</con:entry>
        <con:entry>response</con:entry>
      </con:returnProperties>
      <con:runMode>PARALLELL</con:runMode>
    </con:config>
  </con:testStep>
  <con:testStep type="assertionteststep" name="Assert product items of aggregated item displayed" id="e2793af5-4587-4ab1-b905-f93a9ae8cc2d">
    <con:settings/>
    <con:config xsi:type="con:AssertionTestStep" xmlns:xsi="http://www.w3.org/2001/XMLSchema-instance">
      <con:entry>
        <con:id>69ca4716-35b3-4052-961f-f94ceb7467da</con:id>
        <con:isGroup>false</con:isGroup>
        <con:sourceId>b8d6c404-69cb-4552-a048-bf2b85950111</con:sourceId>
        <con:propertyName>res_httpStatus</con:propertyName>
        <con:assertion type="Simple Equals" name="Equals" id="506dc555-26a9-45b2-95c0-e173d86e16b3">
          <con:configuration>
            <patternObjectId>741cfac2-6fff-419f-95b3-714a8942a161</patternObjectId>
            <patternProperty>res_200</patternProperty>
            <caseSensitive>true</caseSensitive>
          </con:configuration>
        </con:assertion>
      </con:entry>
    </con:config>
  </con:testStep>
  <con:testStep type="transfer" name="P.T. - Display all product reservation interactions" id="8f1dd645-3220-4d4e-8171-7bdf4fad47b1">
    <con:settings/>
    <con:config xsi:type="con:PropertyTransfersStep" xmlns:xsi="http://www.w3.org/2001/XMLSchema-instance">
      <con:transfers setNullOnMissingSource="true" transferTextContent="true" failOnError="true" ignoreEmpty="false" transferToAll="false" entitize="false" transferChildNodes="false">
        <con:name>req_biId</con:name>
        <con:sourceType>res_id</con:sourceType>
        <con:sourceStep>Submit draft product reservation</con:sourceStep>
        <con:sourcePath/>
        <con:targetType>req_biId</con:targetType>
        <con:targetStep>Display all product reservation interactions</con:targetStep>
        <con:targetPath/>
        <con:upgraded>true</con:upgraded>
      </con:transfers>
    </con:config>
  </con:testStep>
  <con:testStep type="calltestcase" name="Display all product reservation interactions" id="09082bc4-b8e2-48b3-8990-22c3c12f4bd8">
    <con:settings/>
    <con:config xsi:type="con:RunTestCaseStep" xmlns:xsi="http://www.w3.org/2001/XMLSchema-instance">
      <con:targetTestCase>fb2bdc86-0a63-46fb-9476-83ae84ea41c0</con:targetTestCase>
      <con:properties>
        <con:property>
          <con:name>res_httpStatus</con:name>
          <con:value>200</con:value>
        </con:property>
        <con:property>
          <con:name>response</con:name>
          <con:value>{"items":[{"productSpecExternalId":"EXT-IPHONE6S-1","requestedQuantity":179,"quantity":179,"status":"Sellable","characteristicDescription":"4.7, 32 GB, A7","id":"647"},{"productSpecExternalId":"EXT-GALAXYNOTE4-1","requestedQuantity":1,"quantity":1,"status":"Sellable","characteristicDescription":"5.4, 32 GB, M10","id":"648"},{"productSpecExternalId":"EXT-APPLMOUSE-1","requestedQuantity":2,"quantity":2,"status":"Sellable","characteristicDescription":"1","id":"649"}]}</con:value>
        </con:property>
        <con:property>
          <con:name>req_biId</con:name>
          <con:value>3321</con:value>
        </con:property>
      </con:properties>
      <con:returnProperties>
        <con:entry>res_httpStatus</con:entry>
        <con:entry>response</con:entry>
      </con:returnProperties>
      <con:runMode>PARALLELL</con:runMode>
    </con:config>
  </con:testStep>
  <con:testStep type="assertionteststep" name="Assert interactions listed" id="6bfccfaa-68c0-4490-9896-9a32e2590979">
    <con:settings/>
    <con:config xsi:type="con:AssertionTestStep" xmlns:xsi="http://www.w3.org/2001/XMLSchema-instance">
      <con:entry>
        <con:id>92715671-fe8d-4eda-bb85-3df16ebc4dfd</con:id>
        <con:isGroup>false</con:isGroup>
        <con:sourceId>09082bc4-b8e2-48b3-8990-22c3c12f4bd8</con:sourceId>
        <con:propertyName>res_httpStatus</con:propertyName>
        <con:assertion type="Simple Equals" name="Equals" id="d28652ae-b7ff-4d71-af19-08bfcd6d16c4">
          <con:configuration>
            <patternObjectId>8bd80fe4-43d6-40aa-9c39-c0e035968197</patternObjectId>
            <patternProperty>res_200</patternProperty>
            <caseSensitive>true</caseSensitive>
          </con:configuration>
        </con:assertion>
      </con:entry>
      <con:entry>
        <con:id>0f6b6c81-5e27-49c4-9e3f-e6400c8911dc</con:id>
        <con:isGroup>false</con:isGroup>
        <con:sourceId>09082bc4-b8e2-48b3-8990-22c3c12f4bd8</con:sourceId>
        <con:propertyName>response</con:propertyName>
        <con:assertion type="Simple Contains" name="Contains" id="e9987667-157d-4d2c-8d5f-121e83e6d0c9">
          <con:configuration>
            <token>\w+</token>
            <ignoreCase>false</ignoreCase>
            <useRegEx>true</useRegEx>
          </con:configuration>
        </con:assertion>
      </con:entry>
    </con:config>
  </con:testStep>
  <con:properties>
    <con:property>
      <con:name>fromSalesOrgRoleId</con:name>
      <con:value>148</con:value>
    </con:property>
    <con:property>
      <con:name>fromPlaceId</con:name>
      <con:value>77</con:value>
    </con:property>
  </con:properties>
  <con:reportParameters/>
  <con:breakPoints>
    <con:testStepId>ad3bff0a-78a9-44c8-b229-5370435e2796</con:testStepId>
    <con:status>NONE</con:status>
    <con:properties/>
  </con:breakPoints>
  <con:breakPoints>
    <con:testStepId>17e67d74-8a24-4d9f-9053-ba4c1cb0776b</con:testStepId>
    <con:status>NONE</con:status>
    <con:properties/>
  </con:breakPoints>
  <con:breakPoints>
    <con:testStepId>3d0f3e91-3906-4b24-bac9-55f5bec46d7d</con:testStepId>
    <con:status>NONE</con:status>
    <con:properties/>
  </con:breakPoints>
  <con:breakPoints>
    <con:testStepId>6a5c0895-f263-4905-a94a-ed3eb792a62d</con:testStepId>
    <con:status>NONE</con:status>
    <con:properties/>
  </con:breakPoints>
  <con:breakPoints>
    <con:testStepId>9a3eaa47-929d-46b4-8669-b6bf62501509</con:testStepId>
    <con:status>NONE</con:status>
    <con:properties/>
  </con:breakPoints>
  <con:breakPoints>
    <con:testStepId>d7adc073-9920-4e64-9d9d-92bd1c631e58</con:testStepId>
    <con:status>NONE</con:status>
    <con:properties/>
  </con:breakPoints>
  <con:breakPoints>
    <con:testStepId>5f2e92ff-1bc6-485d-853b-45169e84bf2d</con:testStepId>
    <con:status>NONE</con:status>
    <con:properties/>
  </con:breakPoints>
  <con:breakPoints>
    <con:testStepId>35b51c0e-57cd-4e38-916c-31f4bba2ec8b</con:testStepId>
    <con:status>NONE</con:status>
    <con:properties/>
  </con:breakPoints>
  <con:breakPoints>
    <con:testStepId>fd671223-5f33-4793-a644-37c91697b651</con:testStepId>
    <con:status>NONE</con:status>
    <con:properties/>
  </con:breakPoints>
  <con:breakPoints>
    <con:testStepId>b3ff3eb1-7ce4-4a38-b008-4d3127b82aa0</con:testStepId>
    <con:status>NONE</con:status>
    <con:properties/>
  </con:breakPoints>
  <con:breakPoints>
    <con:testStepId>f08c9681-7f09-4f1a-acbc-5f262801c90f</con:testStepId>
    <con:status>NONE</con:status>
    <con:properties/>
  </con:breakPoints>
  <con:breakPoints>
    <con:testStepId>04cf0ba5-4c2e-4901-8805-b843cff21ce9</con:testStepId>
    <con:status>NONE</con:status>
    <con:properties/>
  </con:breakPoints>
  <con:breakPoints>
    <con:testStepId>e6bf4ccf-bef3-4a1f-85f7-caccacba4590</con:testStepId>
    <con:status>NONE</con:status>
    <con:properties/>
  </con:breakPoints>
  <con:breakPoints>
    <con:testStepId>e92b4cbe-f158-4c5f-a1c0-841f460ba6f5</con:testStepId>
    <con:status>NONE</con:status>
    <con:properties/>
  </con:breakPoints>
  <con:breakPoints>
    <con:testStepId>c86c3f17-8a6c-44b5-ba30-c93d1100cdb2</con:testStepId>
    <con:status>NONE</con:status>
    <con:properties/>
  </con:breakPoints>
  <con:breakPoints>
    <con:testStepId>de9707ff-278d-440b-a2ea-68ec8a63fb6c</con:testStepId>
    <con:status>NONE</con:status>
    <con:properties/>
  </con:breakPoints>
  <con:breakPoints>
    <con:testStepId>95dc71b8-679a-43c8-975f-87e972673452</con:testStepId>
    <con:status>NONE</con:status>
    <con:properties/>
  </con:breakPoints>
  <con:breakPoints>
    <con:testStepId>16806670-d6a9-4867-94f9-47ba50cba901</con:testStepId>
    <con:status>NONE</con:status>
    <con:properties/>
  </con:breakPoints>
  <con:breakPoints>
    <con:testStepId>28b6f985-c181-420d-a7ed-75886f5ed9cc</con:testStepId>
    <con:status>NONE</con:status>
    <con:properties/>
  </con:breakPoints>
  <con:breakPoints>
    <con:testStepId>0fcfc43d-259e-443d-a783-40abef0b897e</con:testStepId>
    <con:status>NONE</con:status>
    <con:properties/>
  </con:breakPoints>
  <con:breakPoints>
    <con:testStepId>aa240fd5-cb71-4a6c-84af-b927694c6f6c</con:testStepId>
    <con:status>NONE</con:status>
    <con:properties/>
  </con:breakPoints>
  <con:breakPoints>
    <con:testStepId>690dcff8-4628-4237-822a-3d90256c5b26</con:testStepId>
    <con:status>NONE</con:status>
    <con:properties/>
  </con:breakPoints>
  <con:breakPoints>
    <con:testStepId>2f1b644b-5bcf-4ca0-bfa7-e484c19bc71a</con:testStepId>
    <con:status>NONE</con:status>
    <con:properties/>
  </con:breakPoints>
  <con:breakPoints>
    <con:testStepId>89121d11-8044-4e97-b05c-8b1ed84206f1</con:testStepId>
    <con:status>NONE</con:status>
    <con:properties/>
  </con:breakPoints>
  <con:breakPoints>
    <con:testStepId>7b0da658-e1c3-4bfc-bc28-b595bdecd897</con:testStepId>
    <con:status>NONE</con:status>
    <con:properties/>
  </con:breakPoints>
  <con:breakPoints>
    <con:testStepId>ccc8f39c-a7fb-43d4-9673-b7245fe02fb1</con:testStepId>
    <con:status>NONE</con:status>
    <con:properties/>
  </con:breakPoints>
  <con:breakPoints>
    <con:testStepId>1f0dc7fa-eb6b-4fe0-8ba1-d6acde17d918</con:testStepId>
    <con:status>NONE</con:status>
    <con:properties/>
  </con:breakPoints>
  <con:breakPoints>
    <con:testStepId>154676ab-e967-42ed-85e6-4dbf37b2e73b</con:testStepId>
    <con:status>NONE</con:status>
    <con:properties/>
  </con:breakPoints>
  <con:breakPoints>
    <con:testStepId>984ff7b6-2571-45c2-929b-1bd903f6a749</con:testStepId>
    <con:status>NONE</con:status>
    <con:properties/>
  </con:breakPoints>
  <con:breakPoints>
    <con:testStepId>1f81a932-acf6-482b-8b89-3adf6c3540f6</con:testStepId>
    <con:status>NONE</con:status>
    <con:properties/>
  </con:breakPoints>
  <con:breakPoints>
    <con:testStepId>8835b366-7019-4a5c-ad9e-765838603194</con:testStepId>
    <con:status>NONE</con:status>
    <con:properties/>
  </con:breakPoints>
  <con:breakPoints>
    <con:testStepId>a47f95f1-e3d3-4afa-8ce4-7b54012b0d74</con:testStepId>
    <con:status>NONE</con:status>
    <con:properties/>
  </con:breakPoints>
  <con:breakPoints>
    <con:testStepId>75837b6a-b9cb-474b-abef-61dcae03dc05</con:testStepId>
    <con:status>NONE</con:status>
    <con:properties/>
  </con:breakPoints>
  <con:breakPoints>
    <con:testStepId>9ff8f55e-2059-43ee-ab60-e9fe57503d6c</con:testStepId>
    <con:status>NONE</con:status>
    <con:properties/>
  </con:breakPoints>
  <con:breakPoints>
    <con:testStepId>57731451-8516-41f5-9d86-af9f7adf13bd</con:testStepId>
    <con:status>NONE</con:status>
    <con:properties/>
  </con:breakPoints>
  <con:breakPoints>
    <con:testStepId>b8ed6af5-cb79-4ff4-af22-bcb70fa1878d</con:testStepId>
    <con:status>NONE</con:status>
    <con:properties/>
  </con:breakPoints>
  <con:breakPoints>
    <con:testStepId>0c014396-4bcd-4425-b28e-1203fcecfc8f</con:testStepId>
    <con:status>NONE</con:status>
    <con:properties/>
  </con:breakPoints>
  <con:breakPoints>
    <con:testStepId>f0189b9b-8743-4cf4-962a-d0bea3619a9a</con:testStepId>
    <con:status>NONE</con:status>
    <con:properties/>
  </con:breakPoints>
  <con:breakPoints>
    <con:testStepId>6b7f2340-c9ca-4685-a4e8-1a0dd5dfeffb</con:testStepId>
    <con:status>NONE</con:status>
    <con:properties/>
  </con:breakPoints>
  <con:breakPoints>
    <con:testStepId>ef573c48-7228-4650-a43e-29c1c11ae659</con:testStepId>
    <con:status>NONE</con:status>
    <con:properties/>
  </con:breakPoints>
  <con:breakPoints>
    <con:testStepId>253dac01-90c0-436e-8343-3d8ebb28479d</con:testStepId>
    <con:status>NONE</con:status>
    <con:properties/>
  </con:breakPoints>
  <con:breakPoints>
    <con:testStepId>ee329336-12f5-4d03-b6b6-0b84ec1a636b</con:testStepId>
    <con:status>NONE</con:status>
    <con:properties/>
  </con:breakPoints>
  <con:breakPoints>
    <con:testStepId>9b6f2897-e3f3-4611-bd42-81d813953c41</con:testStepId>
    <con:status>NONE</con:status>
    <con:properties/>
  </con:breakPoints>
  <con:breakPoints>
    <con:testStepId>8fb3e238-75ac-4e5b-9951-365bcf572334</con:testStepId>
    <con:status>NONE</con:status>
    <con:properties/>
  </con:breakPoints>
  <con:breakPoints>
    <con:testStepId>8bd80fe4-43d6-40aa-9c39-c0e035968197</con:testStepId>
    <con:status>NONE</con:status>
    <con:properties/>
  </con:breakPoints>
  <con:breakPoints>
    <con:testStepId>fa9e87ca-fc53-4199-bcb0-c6e782232604</con:testStepId>
    <con:status>NONE</con:status>
    <con:properties/>
  </con:breakPoints>
  <con:breakPoints>
    <con:testStepId>476967cc-aae5-442b-bdf3-36aa932a5989</con:testStepId>
    <con:status>NONE</con:status>
    <con:properties/>
  </con:breakPoints>
  <con:breakPoints>
    <con:testStepId>28be0b8a-8d99-4ae2-ac10-4c907826a5d1</con:testStepId>
    <con:status>NONE</con:status>
    <con:properties/>
  </con:breakPoints>
  <con:breakPoints>
    <con:testStepId>e4a10351-299e-4599-aa3b-0720dd38ffc3</con:testStepId>
    <con:status>NONE</con:status>
    <con:properties/>
  </con:breakPoints>
  <con:breakPoints>
    <con:testStepId>b87fe2d5-35c4-41eb-a34a-714fbfe92462</con:testStepId>
    <con:status>NONE</con:status>
    <con:properties/>
  </con:breakPoints>
  <con:breakPoints>
    <con:testStepId>9758de60-04e2-460a-ac99-3c132f2f9e98</con:testStepId>
    <con:status>NONE</con:status>
    <con:properties/>
  </con:breakPoints>
  <con:breakPoints>
    <con:testStepId>b839cb6a-386c-41b9-805f-bbd8f9894582</con:testStepId>
    <con:status>NONE</con:status>
    <con:properties/>
  </con:breakPoints>
  <con:breakPoints>
    <con:testStepId>11dc59fd-ab57-4e50-acf0-b66f8ce34693</con:testStepId>
    <con:status>NONE</con:status>
    <con:properties/>
  </con:breakPoints>
  <con:breakPoints>
    <con:testStepId>0021b715-0681-431e-9f48-df38f2fcb065</con:testStepId>
    <con:status>NONE</con:status>
    <con:properties/>
  </con:breakPoints>
  <con:breakPoints>
    <con:testStepId>8807a2fe-fca9-466e-b421-0defae98f822</con:testStepId>
    <con:status>NONE</con:status>
    <con:properties/>
  </con:breakPoints>
  <con:breakPoints>
    <con:testStepId>044c465b-e940-4d47-acab-756a12621d0f</con:testStepId>
    <con:status>NONE</con:status>
    <con:properties/>
  </con:breakPoints>
  <con:breakPoints>
    <con:testStepId>e1b776e0-9093-4cd2-ad7f-a33656e2c628</con:testStepId>
    <con:status>NONE</con:status>
    <con:properties/>
  </con:breakPoints>
  <con:breakPoints>
    <con:testStepId>c2078e62-5727-4073-8edf-1a95f1b1d1f4</con:testStepId>
    <con:status>NONE</con:status>
    <con:properties/>
  </con:breakPoints>
  <con:breakPoints>
    <con:testStepId>e3242002-9ef7-4dbb-97e0-7ab765c70513</con:testStepId>
    <con:status>NONE</con:status>
    <con:properties/>
  </con:breakPoints>
  <con:breakPoints>
    <con:testStepId>5c16f259-dec1-4d28-a56d-e089efbbb081</con:testStepId>
    <con:status>NONE</con:status>
    <con:properties/>
  </con:breakPoints>
  <con:breakPoints>
    <con:testStepId>be4c722b-5af5-4fcd-94cd-ac8c869ae618</con:testStepId>
    <con:status>NONE</con:status>
    <con:properties/>
  </con:breakPoints>
  <con:breakPoints>
    <con:testStepId>6c16e6da-1c92-4d0c-8cdf-84d3520acda6</con:testStepId>
    <con:status>NONE</con:status>
    <con:properties/>
  </con:breakPoints>
  <con:breakPoints>
    <con:testStepId>8af9a0a7-eddd-4f42-a7fe-891f29db0792</con:testStepId>
    <con:status>NONE</con:status>
    <con:properties/>
  </con:breakPoints>
  <con:breakPoints>
    <con:testStepId>f76facd2-7e78-4273-9c4c-297b8385c9cb</con:testStepId>
    <con:status>NONE</con:status>
    <con:properties/>
  </con:breakPoints>
  <con:breakPoints>
    <con:testStepId>e9ea9c65-5627-447e-87a3-df87bdff71a8</con:testStepId>
    <con:status>NONE</con:status>
    <con:properties/>
  </con:breakPoints>
  <con:breakPoints>
    <con:testStepId>ba81cca5-d76b-490c-84bb-44cb578eee80</con:testStepId>
    <con:status>NONE</con:status>
    <con:properties/>
  </con:breakPoints>
  <con:breakPoints>
    <con:testStepId>0f63bada-7938-4cea-8a5e-97ea7fab3918</con:testStepId>
    <con:status>NONE</con:status>
    <con:properties/>
  </con:breakPoints>
  <con:breakPoints>
    <con:testStepId>edff6d9b-d581-42ed-b979-9da1d4e4d185</con:testStepId>
    <con:status>NONE</con:status>
    <con:properties/>
  </con:breakPoints>
  <con:breakPoints>
    <con:testStepId>f91999f6-090b-40b4-bf2e-f8d281bcfb5f</con:testStepId>
    <con:status>NONE</con:status>
    <con:properties/>
  </con:breakPoints>
  <con:breakPoints>
    <con:testStepId>fcfbee74-726e-4e1d-bd68-e3faf2aee771</con:testStepId>
    <con:status>NONE</con:status>
    <con:properties/>
  </con:breakPoints>
  <con:breakPoints>
    <con:testStepId>741cfac2-6fff-419f-95b3-714a8942a161</con:testStepId>
    <con:status>NONE</con:status>
    <con:properties/>
  </con:breakPoints>
  <con:breakPoints>
    <con:testStepId>0c75b357-a764-4a9e-b8ac-132b7cde2787</con:testStepId>
    <con:status>NONE</con:status>
    <con:properties/>
  </con:breakPoints>
  <con:breakPoints>
    <con:testStepId>9c21b7c2-ec6e-41f0-a7f0-ef9f94f5b170</con:testStepId>
    <con:status>NONE</con:status>
    <con:properties/>
  </con:breakPoints>
  <con:breakPoints>
    <con:testStepId>df318bd6-8e27-46e1-9e71-23246bd7d5f9</con:testStepId>
    <con:status>NONE</con:status>
    <con:properties/>
  </con:breakPoints>
  <con:breakPoints>
    <con:testStepId>c80cc5a0-c00b-4f35-b19f-7b926ebf0804</con:testStepId>
    <con:status>NONE</con:status>
    <con:properties/>
  </con:breakPoints>
  <con:breakPoints>
    <con:testStepId>d39f49e2-a4ba-4561-8581-3ae08c5e3e70</con:testStepId>
    <con:status>NONE</con:status>
    <con:properties/>
  </con:breakPoints>
  <con:breakPoints>
    <con:testStepId>7ea8ea2a-d6af-4d43-b2ef-9b6e727fde05</con:testStepId>
    <con:status>NONE</con:status>
    <con:properties/>
  </con:breakPoints>
  <con:breakPoints>
    <con:testStepId>97c185b4-ecad-4648-9ade-e4fc621c6eb6</con:testStepId>
    <con:status>NONE</con:status>
    <con:properties/>
  </con:breakPoints>
  <con:breakPoints>
    <con:testStepId>d4745ba4-107a-4181-a5fd-60c07b3fc549</con:testStepId>
    <con:status>NONE</con:status>
    <con:properties/>
  </con:breakPoints>
  <con:breakPoints>
    <con:testStepId>17ae54f4-6ce7-4818-8bb1-270da266aa75</con:testStepId>
    <con:status>NONE</con:status>
    <con:properties/>
  </con:breakPoints>
  <con:breakPoints>
    <con:testStepId>da76e48b-5e03-4870-96df-e14f8a4d19f1</con:testStepId>
    <con:status>NONE</con:status>
    <con:properties/>
  </con:breakPoints>
  <con:breakPoints>
    <con:testStepId>bd31b058-358f-4178-a0fb-88133e3266cf</con:testStepId>
    <con:status>NONE</con:status>
    <con:properties/>
  </con:breakPoints>
  <con:breakPoints>
    <con:testStepId>ae81ae80-e759-42d5-a069-2ad17a6978dc</con:testStepId>
    <con:status>NONE</con:status>
    <con:properties/>
  </con:breakPoints>
  <con:breakPoints>
    <con:testStepId>5fff2654-511a-47cd-8c7a-bc65a2db3a8b</con:testStepId>
    <con:status>NONE</con:status>
    <con:properties/>
  </con:breakPoints>
  <con:breakPoints>
    <con:testStepId>dc5f5810-b895-42cd-8dc7-1008370026e8</con:testStepId>
    <con:status>NONE</con:status>
    <con:properties/>
  </con:breakPoints>
  <con:breakPoints>
    <con:testStepId>0cad8c04-41ce-454f-aebb-12ecb32dbc43</con:testStepId>
    <con:status>NONE</con:status>
    <con:properties/>
  </con:breakPoints>
  <con:breakPoints>
    <con:testStepId>12e2ea67-a376-47ec-8c5b-00b6bed46246</con:testStepId>
    <con:status>NONE</con:status>
    <con:properties/>
  </con:breakPoints>
  <con:breakPoints>
    <con:testStepId>16e9b5ed-4973-4448-88b3-efc5b7b4cdc5</con:testStepId>
    <con:status>NONE</con:status>
    <con:properties/>
  </con:breakPoints>
  <con:breakPoints>
    <con:testStepId>9200c8a8-bb7d-40c5-8e84-8746a80e61bb</con:testStepId>
    <con:status>NONE</con:status>
    <con:properties/>
  </con:breakPoints>
  <con:breakPoints>
    <con:testStepId>28566463-3011-4f2b-8b74-ffa1b8c67df7</con:testStepId>
    <con:status>NONE</con:status>
    <con:properties/>
  </con:breakPoints>
  <con:breakPoints>
    <con:testStepId>9e33363d-8747-4232-8b7e-29949caa56d9</con:testStepId>
    <con:status>NONE</con:status>
    <con:properties/>
  </con:breakPoints>
  <con:breakPoints>
    <con:testStepId>644c8f1f-1ed3-476f-a1fb-8c9cc237f4a7</con:testStepId>
    <con:status>NONE</con:status>
    <con:properties/>
  </con:breakPoints>
  <con:breakPoints>
    <con:testStepId>84b62130-a586-4ce3-a594-69e0634ac969</con:testStepId>
    <con:status>NONE</con:status>
    <con:properties/>
  </con:breakPoints>
  <con:breakPoints>
    <con:testStepId>a87370b4-5020-424f-871f-16d80a38d72b</con:testStepId>
    <con:status>NONE</con:status>
    <con:properties/>
  </con:breakPoints>
  <con:breakPoints>
    <con:testStepId>42f3cb8b-30d7-445b-90a7-633e45db9b57</con:testStepId>
    <con:status>NONE</con:status>
    <con:properties/>
  </con:breakPoints>
  <con:breakPoints>
    <con:testStepId>1f8ecc49-35be-414e-b91f-8efccf9e1881</con:testStepId>
    <con:status>NONE</con:status>
    <con:properties/>
  </con:breakPoints>
  <con:breakPoints>
    <con:testStepId>4d88a785-3a32-41e9-9968-eb36228e1a95</con:testStepId>
    <con:status>NONE</con:status>
    <con:properties/>
  </con:breakPoints>
  <con:breakPoints>
    <con:testStepId>019f3ddd-b958-4f9b-bbbe-e7b8313319d0</con:testStepId>
    <con:status>NONE</con:status>
    <con:properties/>
  </con:breakPoints>
  <con:breakPoints>
    <con:testStepId>fe5040c4-b609-44d5-921f-fb1884886fa2</con:testStepId>
    <con:status>NONE</con:status>
    <con:properties/>
  </con:breakPoints>
  <con:breakPoints>
    <con:testStepId>1f00dbc7-63c7-4cc8-bcf8-09186178aeec</con:testStepId>
    <con:status>NONE</con:status>
    <con:properties/>
  </con:breakPoints>
  <con:breakPoints>
    <con:testStepId>80a5edad-a853-400b-9776-e1d2cc4e33f7</con:testStepId>
    <con:status>NONE</con:status>
    <con:properties/>
  </con:breakPoints>
  <con:breakPoints>
    <con:testStepId>23cf117b-8337-4832-87fd-d1748f975f99</con:testStepId>
    <con:status>NONE</con:status>
    <con:properties/>
  </con:breakPoints>
  <con:breakPoints>
    <con:testStepId>599c6801-7c53-4d18-98f1-c7e96c77c7d9</con:testStepId>
    <con:status>NONE</con:status>
    <con:properties/>
  </con:breakPoints>
  <con:breakPoints>
    <con:testStepId>0d5c5c14-f644-460b-8854-237bb61f7f16</con:testStepId>
    <con:status>NONE</con:status>
    <con:properties/>
  </con:breakPoints>
  <con:breakPoints>
    <con:testStepId>34dd699e-c944-494f-83a4-54c89305b3f9</con:testStepId>
    <con:status>NONE</con:status>
    <con:properties/>
  </con:breakPoints>
  <con:breakPoints>
    <con:testStepId>62586f81-aef7-413d-a643-9898e0b918a2</con:testStepId>
    <con:status>NONE</con:status>
    <con:properties/>
  </con:breakPoints>
  <con:breakPoints>
    <con:testStepId>cfc5ad07-73f5-49fa-97e4-ff4587600fef</con:testStepId>
    <con:status>NONE</con:status>
    <con:properties/>
  </con:breakPoints>
  <con:breakPoints>
    <con:testStepId>760118a0-9f23-43dd-a84d-43ecb9cea913</con:testStepId>
    <con:status>NONE</con:status>
    <con:properties/>
  </con:breakPoints>
  <con:breakPoints>
    <con:testStepId>a110ef84-f0dc-42ca-b46c-111ecac0e3d1</con:testStepId>
    <con:status>NONE</con:status>
    <con:properties/>
  </con:breakPoints>
  <con:breakPoints>
    <con:testStepId>db7edd1d-5419-45a9-a149-1f8050d7e8d9</con:testStepId>
    <con:status>NONE</con:status>
    <con:properties/>
  </con:breakPoints>
  <con:breakPoints>
    <con:testStepId>e71d41fd-9c32-427e-86dd-985b9abf03ef</con:testStepId>
    <con:status>NONE</con:status>
    <con:properties/>
  </con:breakPoints>
  <con:breakPoints>
    <con:testStepId>31e1b3d8-bd2f-4472-9c94-bdccd40c5be4</con:testStepId>
    <con:status>NONE</con:status>
    <con:properties/>
  </con:breakPoints>
  <con:breakPoints>
    <con:testStepId>be587f39-f981-4fd5-bd05-0fb943b856a2</con:testStepId>
    <con:status>NONE</con:status>
    <con:properties/>
  </con:breakPoints>
  <con:breakPoints>
    <con:testStepId>ea5047f6-2881-4d5e-9269-76795a5f9de8</con:testStepId>
    <con:status>NONE</con:status>
    <con:properties/>
  </con:breakPoints>
  <con:breakPoints>
    <con:testStepId>b8d6c404-69cb-4552-a048-bf2b85950111</con:testStepId>
    <con:status>NONE</con:status>
    <con:properties/>
  </con:breakPoints>
  <con:breakPoints>
    <con:testStepId>e2793af5-4587-4ab1-b905-f93a9ae8cc2d</con:testStepId>
    <con:status>NONE</con:status>
    <con:properties/>
  </con:breakPoints>
  <con:breakPoints>
    <con:testStepId>8f1dd645-3220-4d4e-8171-7bdf4fad47b1</con:testStepId>
    <con:status>NONE</con:status>
    <con:properties/>
  </con:breakPoints>
  <con:breakPoints>
    <con:testStepId>09082bc4-b8e2-48b3-8990-22c3c12f4bd8</con:testStepId>
    <con:status>NONE</con:status>
    <con:properties/>
  </con:breakPoints>
  <con:breakPoints>
    <con:testStepId>6bfccfaa-68c0-4490-9896-9a32e2590979</con:testStepId>
    <con:status>NONE</con:status>
    <con:properties/>
  </con:breakPoints>
  <con:breakPoints>
    <con:testStepId>8cd2b891-c023-432d-afcf-e750671a0d7e</con:testStepId>
    <con:status>NONE</con:status>
    <con:properties/>
  </con:breakPoints>
  <con:breakPoints>
    <con:testStepId>155a98ca-cae7-4233-8b16-6b7abf5c8184</con:testStepId>
    <con:status>NONE</con:status>
    <con:properties/>
  </con:breakPoints>
  <con:breakPoints>
    <con:testStepId>e2a3cc01-e814-4eb9-992f-1aab980566a8</con:testStepId>
    <con:status>NONE</con:status>
    <con:properties/>
  </con:breakPoints>
  <con:breakPoints>
    <con:testStepId>5c292e87-205b-4437-a091-bade92da9c3f</con:testStepId>
    <con:status>NONE</con:status>
    <con:properties/>
  </con:breakPoints>
  <con:breakPoints>
    <con:testStepId>7619167d-d23b-4861-b2dd-36e2f738a0cd</con:testStepId>
    <con:status>NONE</con:status>
    <con:properties/>
  </con:breakPoints>
  <con:breakPoints>
    <con:testStepId>3ba36a64-e373-4da0-9a9c-b25b4ef0913f</con:testStepId>
    <con:status>NONE</con:status>
    <con:properties/>
  </con:breakPoints>
  <con:breakPoints>
    <con:testStepId>fefa64bb-11af-4ac2-a6d0-13de4ca6e833</con:testStepId>
    <con:status>NONE</con:status>
    <con:properties/>
  </con:breakPoints>
  <con:breakPoints>
    <con:testStepId>3da8b29c-576d-45fd-8b08-cd1697d19e87</con:testStepId>
    <con:status>NONE</con:status>
    <con:properties/>
  </con:breakPoints>
  <con:breakPoints>
    <con:testStepId>565da379-64f4-4f67-bf87-9bd848760c46</con:testStepId>
    <con:status>NONE</con:status>
    <con:properties/>
  </con:breakPoints>
  <con:breakPoints>
    <con:testStepId>60306816-9f58-4bf5-a4e4-5e151fc6c5df</con:testStepId>
    <con:status>NONE</con:status>
    <con:properties/>
  </con:breakPoints>
  <con:breakPoints>
    <con:testStepId>18a4e602-6cc3-4dea-9886-0c4793f7371b</con:testStepId>
    <con:status>NONE</con:status>
    <con:properties/>
  </con:breakPoints>
  <con:breakPoints>
    <con:testStepId>26b08a69-c7f5-4676-a61b-f0e9a0209e8f</con:testStepId>
    <con:status>NONE</con:status>
    <con:properties/>
  </con:breakPoints>
  <con:breakPoints>
    <con:testStepId>e234bc80-2abf-48d8-b219-cbabf05c41e6</con:testStepId>
    <con:status>NONE</con:status>
    <con:properties/>
  </con:breakPoints>
  <con:breakPoints>
    <con:testStepId>bd995c6c-9933-4f78-8612-a56b44422032</con:testStepId>
    <con:status>ENABLED</con:status>
    <con:properties/>
  </con:breakPoints>
  <con:breakPoints>
    <con:testStepId>a11c1990-2fb8-4e2d-a0ef-a8c5f9b81c65</con:testStepId>
    <con:status>NONE</con:status>
    <con:properties/>
  </con:breakPoints>
  <con:breakPoints>
    <con:testStepId>4e0a4adf-4e52-4899-8e3f-967c57e72fac</con:testStepId>
    <con:status>NONE</con:status>
    <con:properties/>
  </con:breakPoints>
  <con:breakPoints>
    <con:testStepId>c7f7e362-815a-4606-9124-95f1c0f8f9d8</con:testStepId>
    <con:status>NONE</con:status>
    <con:properties/>
  </con:breakPoints>
  <con:breakPoints>
    <con:testStepId>e415899c-500b-470e-9c71-2ceb49ef1cef</con:testStepId>
    <con:status>NONE</con:status>
    <con:properties/>
  </con:breakPoints>
  <con:breakPoints>
    <con:testStepId>fc255bf3-ae31-406a-ae65-cccf01321eb6</con:testStepId>
    <con:status>NONE</con:status>
    <con:properties/>
  </con:breakPoints>
  <con:breakPoints>
    <con:testStepId>dad16bd4-92e5-4446-b18a-b14fa0dfd25e</con:testStepId>
    <con:status>NONE</con:status>
    <con:properties/>
  </con:breakPoints>
  <con:breakPoints>
    <con:testStepId>7320b49f-66ca-4c7f-a1c9-2ffceaa32b52</con:testStepId>
    <con:status>NONE</con:status>
    <con:properties/>
  </con:breakPoints>
  <con:breakPoints>
    <con:testStepId>d0971b6f-e239-4afb-943a-f3a9eda298e4</con:testStepId>
    <con:status>NONE</con:status>
    <con:properties/>
  </con:breakPoints>
  <con:breakPoints>
    <con:testStepId>bc01bb5a-755c-42ca-bcae-db76f7c68fcb</con:testStepId>
    <con:status>NONE</con:status>
    <con:properties/>
  </con:breakPoints>
</con:testCase>