<?xml version="1.0" encoding="UTF-8"?>
<con:testCase id="53f1af09-1eea-410f-8894-61a7a4c8e30c" discardOkResults="true" failOnError="true" failTestCaseOnErrors="true" keepSession="false" name="Test Case1 - StockIn" searchProperties="true" timeout="0" xmlns:con="http://eviware.com/soapui/config">
  <con:settings>
    <con:setting id="53f1af09-1eea-410f-8894-61a7a4c8e30cfileName">Test-Case1</con:setting>
  </con:settings>
  <con:savedRecentRuns>1</con:savedRecentRuns>
  <con:testStep type="datagen" name="DataGen for current timeStamp" id="90aa6154-8162-40fc-818e-2a0d546eb335">
    <con:settings/>
    <con:config xsi:type="con:DataGeneratorStep" xmlns:xsi="http://www.w3.org/2001/XMLSchema-instance">
      <con:property type="Script">
        <con:configuration>
          <script>def date1 = new java.text.SimpleDateFormat("yyyy-MM-dd")
def date = date1.format(new Date())
def date2 = new java.text.SimpleDateFormat("HH:mm:ss")
def time = date2.format(new Date())
//return date+"T"+time+".000Z"
return date+"T"+"00:00:00"+".000Z"
//2017-12-19T00:00:00.000Z</script>
        </con:configuration>
        <con:name>purchaseDate</con:name>
        <con:mode>STEP</con:mode>
        <con:shared>false</con:shared>
      </con:property>
      <con:property type="Script">
        <con:configuration>
          <script>def date2 = new java.text.SimpleDateFormat("SSS")
def time = date2.format(new Date())
def date1 = new java.text.SimpleDateFormat("SssSSSS")
def time1 = date1.format(new Date())
return 1+time</script>
        </con:configuration>
        <con:name>randomValue</con:name>
        <con:mode>STEP</con:mode>
        <con:shared>false</con:shared>
      </con:property>
      <con:property type="Script">
        <con:configuration>
          <script>def date2 = new java.text.SimpleDateFormat("SSS")
def time = date2.format(new Date())
def date1 = new java.text.SimpleDateFormat("SssSSSS")
def time1 = date1.format(new Date())
return 1+time+1</script>
        </con:configuration>
        <con:name>randomVal2</con:name>
        <con:mode>STEP</con:mode>
        <con:shared>false</con:shared>
      </con:property>
      <con:property type="Script">
        <con:configuration>
          <script>def date2 = new java.text.SimpleDateFormat("SSS")
def time = date2.format(new Date())
def date1 = new java.text.SimpleDateFormat("SssSSSS")
def time1 = date1.format(new Date())
return 1+time+11</script>
        </con:configuration>
        <con:name>randomVal3</con:name>
        <con:mode>STEP</con:mode>
        <con:shared>false</con:shared>
      </con:property>
      <con:property type="Script">
        <con:configuration>
          <script>def date2 = new java.text.SimpleDateFormat("SSS")
def time = date2.format(new Date())
def date1 = new java.text.SimpleDateFormat("SssSSSS")
def time1 = date1.format(new Date())
return "a"+time+11</script>
        </con:configuration>
        <con:name>serialWithACharacter</con:name>
        <con:mode>STEP</con:mode>
        <con:shared>false</con:shared>
      </con:property>
      <con:property type="Script">
        <con:configuration>
          <script>def date2 = new java.text.SimpleDateFormat("SSS")
def time = date2.format(new Date())
def date1 = new java.text.SimpleDateFormat("SssSSSS")
def time1 = date1.format(new Date())
return "9"+time</script>
        </con:configuration>
        <con:name>serial_whileProcessed</con:name>
        <con:mode>STEP</con:mode>
        <con:shared>false</con:shared>
      </con:property>
      <con:property type="Script">
        <con:configuration>
          <script>def date2 = new java.text.SimpleDateFormat("SSS")
def time = date2.format(new Date())
def date1 = new java.text.SimpleDateFormat("SssSSSS")
def time1 = date1.format(new Date())
return "89989"+time</script>
        </con:configuration>
        <con:name>serial_jpeg</con:name>
        <con:mode>STEP</con:mode>
        <con:shared>false</con:shared>
      </con:property>
      <con:property type="Script">
        <con:configuration>
          <script>def date2 = new java.text.SimpleDateFormat("SSS")
def time = date2.format(new Date())
def date1 = new java.text.SimpleDateFormat("SssSSSS")
def time1 = date1.format(new Date())
return "8"+time</script>
        </con:configuration>
        <con:name>serial_outofrange</con:name>
        <con:mode>STEP</con:mode>
        <con:shared>false</con:shared>
      </con:property>
      <con:property type="Script">
        <con:configuration>
          <script>def date2 = new java.text.SimpleDateFormat("SSS")
def time = date2.format(new Date())
def date1 = new java.text.SimpleDateFormat("SssSSSS")
def time1 = date1.format(new Date())
return "7"+time</script>
        </con:configuration>
        <con:name>serial_serial_twoDifferentFilesForOneStockIn</con:name>
        <con:mode>STEP</con:mode>
        <con:shared>false</con:shared>
      </con:property>
      <con:property type="Script">
        <con:configuration>
          <script>def date2 = new java.text.SimpleDateFormat("SSS")
def time = date2.format(new Date())
def date1 = new java.text.SimpleDateFormat("SssSSSS")
def time1 = date1.format(new Date())
return "6"+time</script>
        </con:configuration>
        <con:name>serial_woRange_twoDifferentFilesForOneStockIn</con:name>
        <con:mode>STEP</con:mode>
        <con:shared>false</con:shared>
      </con:property>
      <con:property type="Script">
        <con:configuration>
          <script>def serial = context.expand( '${DataGen for current timeStamp#serial_woRange_twoDifferentFilesForOneStockIn}' ).toInteger();
serial ++;
serial ++;
serial ++;
serial ++;
return serial</script>
        </con:configuration>
        <con:name>serial_woRange_twoAggItemsOneFileOneAddItem</con:name>
        <con:mode>STEP</con:mode>
        <con:shared>false</con:shared>
      </con:property>
      <con:property type="Script">
        <con:configuration>
          <script>def endSerial = context.expand( '${DataGen for current timeStamp#randomVal2}' ).toInteger();
endSerial ++;
return endSerial;</script>
        </con:configuration>
        <con:name>randomVal2_end</con:name>
        <con:mode>STEP</con:mode>
        <con:shared>false</con:shared>
      </con:property>
      <con:property type="Script">
        <con:configuration>
          <script>def endSerial = context.expand( '${DataGen for current timeStamp#randomValue}' ).toInteger();
endSerial ++;
return endSerial;</script>
        </con:configuration>
        <con:name>randomValueEnd</con:name>
        <con:mode>STEP</con:mode>
        <con:shared>false</con:shared>
      </con:property>
    </con:config>
  </con:testStep>
  <con:testStep type="transfer" name="Property Transfer for random serial number" id="a889f8d5-e4f3-47cd-bd7d-a32da3129dcc">
    <con:settings/>
    <con:config xsi:type="con:PropertyTransfersStep" xmlns:xsi="http://www.w3.org/2001/XMLSchema-instance">
      <con:transfers setNullOnMissingSource="true" transferTextContent="true" failOnError="true" ignoreEmpty="false" transferToAll="false" entitize="false" transferChildNodes="false">
        <con:name>startSerial</con:name>
        <con:sourceType>randomValue</con:sourceType>
        <con:sourceStep>DataGen for current timeStamp</con:sourceStep>
        <con:sourcePath/>
        <con:targetType>startSerial</con:targetType>
        <con:targetStep>Given properties for the test steps</con:targetStep>
        <con:targetPath/>
        <con:upgraded>true</con:upgraded>
      </con:transfers>
      <con:transfers setNullOnMissingSource="true" transferTextContent="true" failOnError="true" ignoreEmpty="false" transferToAll="false" entitize="false" transferChildNodes="false">
        <con:name>endSerial</con:name>
        <con:sourceType>randomValueEnd</con:sourceType>
        <con:sourceStep>DataGen for current timeStamp</con:sourceStep>
        <con:targetType>endSerial</con:targetType>
        <con:targetStep>Given properties for the test steps</con:targetStep>
        <con:upgraded>true</con:upgraded>
      </con:transfers>
      <con:transfers setNullOnMissingSource="true" transferTextContent="true" failOnError="true" ignoreEmpty="false" transferToAll="false" entitize="false" transferChildNodes="false">
        <con:name>start2</con:name>
        <con:sourceType>randomVal2</con:sourceType>
        <con:sourceStep>DataGen for current timeStamp</con:sourceStep>
        <con:targetType>startserial2</con:targetType>
        <con:targetStep>Given properties for the test steps</con:targetStep>
        <con:upgraded>true</con:upgraded>
      </con:transfers>
      <con:transfers setNullOnMissingSource="true" transferTextContent="true" failOnError="true" ignoreEmpty="false" transferToAll="false" entitize="false" transferChildNodes="false">
        <con:name>end2</con:name>
        <con:sourceType>randomVal2_end</con:sourceType>
        <con:sourceStep>DataGen for current timeStamp</con:sourceStep>
        <con:targetType>endSerial2</con:targetType>
        <con:targetStep>Given properties for the test steps</con:targetStep>
        <con:upgraded>true</con:upgraded>
      </con:transfers>
      <con:transfers setNullOnMissingSource="true" transferTextContent="true" failOnError="true" ignoreEmpty="false" transferToAll="false" entitize="false" transferChildNodes="false">
        <con:name>start3</con:name>
        <con:sourceType>randomVal3</con:sourceType>
        <con:sourceStep>DataGen for current timeStamp</con:sourceStep>
        <con:targetType>SerialWORange</con:targetType>
        <con:targetStep>Given properties for the test steps</con:targetStep>
        <con:upgraded>true</con:upgraded>
      </con:transfers>
      <con:transfers setNullOnMissingSource="true" transferTextContent="true" failOnError="true" ignoreEmpty="false" transferToAll="false" entitize="false" transferChildNodes="false">
        <con:name>serialWithACharacter</con:name>
        <con:sourceType>serialWithACharacter</con:sourceType>
        <con:sourceStep>DataGen for current timeStamp</con:sourceStep>
        <con:targetType>serialWithACharacter</con:targetType>
        <con:targetStep>Given properties for the test steps</con:targetStep>
        <con:upgraded>true</con:upgraded>
      </con:transfers>
      <con:transfers setNullOnMissingSource="true" transferTextContent="true" failOnError="true" ignoreEmpty="false" transferToAll="false" entitize="false" transferChildNodes="false">
        <con:name>serial_jpeg</con:name>
        <con:sourceType>serial_jpeg</con:sourceType>
        <con:sourceStep>DataGen for current timeStamp</con:sourceStep>
        <con:targetType>serial_jpeg</con:targetType>
        <con:targetStep>Given properties for the test steps</con:targetStep>
        <con:upgraded>true</con:upgraded>
      </con:transfers>
      <con:transfers setNullOnMissingSource="true" transferTextContent="true" failOnError="true" ignoreEmpty="false" transferToAll="false" entitize="false" transferChildNodes="false">
        <con:name>serial_outofrange</con:name>
        <con:sourceType>serial_outofrange</con:sourceType>
        <con:sourceStep>DataGen for current timeStamp</con:sourceStep>
        <con:targetType>startSerial_outofrange</con:targetType>
        <con:targetStep>Given properties for the test steps</con:targetStep>
        <con:upgraded>true</con:upgraded>
      </con:transfers>
      <con:transfers setNullOnMissingSource="true" transferTextContent="true" failOnError="true" ignoreEmpty="false" transferToAll="false" entitize="false" transferChildNodes="false">
        <con:name>serial_serial_twoDifferentFilesForOneStockIn</con:name>
        <con:sourceType>serial_serial_twoDifferentFilesForOneStockIn</con:sourceType>
        <con:sourceStep>DataGen for current timeStamp</con:sourceStep>
        <con:targetType>serial_serial_twoDifferentFilesForOneStockIn</con:targetType>
        <con:targetStep>Given properties for the test steps</con:targetStep>
        <con:upgraded>true</con:upgraded>
      </con:transfers>
      <con:transfers setNullOnMissingSource="true" transferTextContent="true" failOnError="true" ignoreEmpty="false" transferToAll="false" entitize="false" transferChildNodes="false">
        <con:name>serial_woRange_twoDifferentFilesForOneStockIn</con:name>
        <con:sourceType>serial_woRange_twoDifferentFilesForOneStockIn</con:sourceType>
        <con:sourceStep>DataGen for current timeStamp</con:sourceStep>
        <con:targetType>serial_woRange_twoDifferentFilesForOneStockIn</con:targetType>
        <con:targetStep>Given properties for the test steps</con:targetStep>
        <con:upgraded>true</con:upgraded>
      </con:transfers>
    </con:config>
  </con:testStep>
  <con:testStep type="properties" name="Given properties for the test steps" id="b9f51b92-a991-403b-b96c-7c096aab03dd">
    <con:settings/>
    <con:config xsi:type="con:PropertiesStep" saveFirst="true" xmlns:xsi="http://www.w3.org/2001/XMLSchema-instance">
      <con:properties>
        <con:property>
          <con:name>inventoryExtId</con:name>
          <con:value>inventory-${=java.util.UUID.randomUUID()}</con:value>
        </con:property>
        <con:property>
          <con:name>salesOrganizationExtId</con:name>
          <con:value>so-${=java.util.UUID.randomUUID()}</con:value>
        </con:property>
        <con:property>
          <con:name>soIdAdmin</con:name>
          <con:value>1</con:value>
        </con:property>
        <con:property>
          <con:name>stockInBISpecCode</con:name>
          <con:value>STCKINBISPEC</con:value>
        </con:property>
        <con:property>
          <con:name>terminalExtId</con:name>
          <con:value>terminal-${=java.util.UUID.randomUUID()}</con:value>
        </con:property>
        <con:property>
          <con:name>userIdAdmin</con:name>
          <con:value>2</con:value>
        </con:property>
        <con:property>
          <con:name>userRoleExtId</con:name>
          <con:value>user-${=java.util.UUID.randomUUID()}</con:value>
        </con:property>
        <con:property>
          <con:name>userId</con:name>
          <con:value>33</con:value>
        </con:property>
        <con:property>
          <con:name>soId</con:name>
          <con:value>31</con:value>
        </con:property>
        <con:property>
          <con:name>placeId</con:name>
          <con:value>18</con:value>
        </con:property>
        <con:property>
          <con:name>quantity</con:name>
          <con:value>1</con:value>
        </con:property>
        <con:property>
          <con:name>purchaseDate</con:name>
          <con:value>2018-01-29T11:57:17.000Z</con:value>
        </con:property>
        <con:property>
          <con:name>aggId</con:name>
          <con:value>627</con:value>
        </con:property>
        <con:property>
          <con:name>startSerial</con:name>
          <con:value>1366</con:value>
        </con:property>
        <con:property>
          <con:name>endSerial</con:name>
          <con:value>1367</con:value>
        </con:property>
        <con:property>
          <con:name>terminalId</con:name>
          <con:value>8</con:value>
        </con:property>
        <con:property>
          <con:name>serializedProductSpecExtId</con:name>
          <con:value>EXT-IPHONE6S-1</con:value>
        </con:property>
        <con:property>
          <con:name>biId1</con:name>
          <con:value>1061</con:value>
        </con:property>
        <con:property>
          <con:name>biId2</con:name>
          <con:value>1071</con:value>
        </con:property>
        <con:property>
          <con:name>aggId2</con:name>
          <con:value>631</con:value>
        </con:property>
        <con:property>
          <con:name>STCKINAPPROVALBISPEC</con:name>
          <con:value>STCKINAPPROVALBISPEC</con:value>
        </con:property>
        <con:property>
          <con:name>biId3</con:name>
          <con:value>1081</con:value>
        </con:property>
        <con:property>
          <con:name>aggId3</con:name>
          <con:value>636</con:value>
        </con:property>
        <con:property>
          <con:name>startserial2</con:name>
          <con:value>13661</con:value>
        </con:property>
        <con:property>
          <con:name>endSerial2</con:name>
          <con:value>13662</con:value>
        </con:property>
        <con:property>
          <con:name>aggId3WoRange</con:name>
          <con:value>637</con:value>
        </con:property>
        <con:property>
          <con:name>SerialWORange</con:name>
          <con:value>136611</con:value>
        </con:property>
        <con:property>
          <con:name>biId4</con:name>
          <con:value>121</con:value>
        </con:property>
        <con:property>
          <con:name>aggId4</con:name>
          <con:value>628</con:value>
        </con:property>
        <con:property>
          <con:name>negative</con:name>
          <con:value>-1</con:value>
        </con:property>
        <con:property>
          <con:name>biId5</con:name>
          <con:value>131</con:value>
        </con:property>
        <con:property>
          <con:name>aggId5</con:name>
          <con:value>629</con:value>
        </con:property>
        <con:property>
          <con:name>serialWithACharacter</con:name>
          <con:value>a36611</con:value>
        </con:property>
        <con:property>
          <con:name>biId6</con:name>
          <con:value>421</con:value>
        </con:property>
        <con:property>
          <con:name>aggId6</con:name>
          <con:value>634</con:value>
        </con:property>
        <con:property>
          <con:name>biId_whileProcessed</con:name>
          <con:value>1451</con:value>
        </con:property>
        <con:property>
          <con:name>aggId_whileProcessed</con:name>
          <con:value>411</con:value>
        </con:property>
        <con:property>
          <con:name>biId_jpeg</con:name>
          <con:value>1091</con:value>
        </con:property>
        <con:property>
          <con:name>aggId_jpeg</con:name>
          <con:value>638</con:value>
        </con:property>
        <con:property>
          <con:name>serial_jpeg</con:name>
          <con:value>89989367</con:value>
        </con:property>
        <con:property>
          <con:name>quantity2</con:name>
          <con:value>2</con:value>
        </con:property>
        <con:property>
          <con:name>biId_outofrange</con:name>
          <con:value>161</con:value>
        </con:property>
        <con:property>
          <con:name>aggId_outofrange</con:name>
          <con:value>630</con:value>
        </con:property>
        <con:property>
          <con:name>startSerial_outofrange</con:name>
          <con:value>8367</con:value>
        </con:property>
        <con:property>
          <con:name>endSerial_outofrange</con:name>
          <con:value>8370</con:value>
        </con:property>
        <con:property>
          <con:name>biId_twoDifferentFilesForOneStockIn</con:name>
          <con:value>1101</con:value>
        </con:property>
        <con:property>
          <con:name>aggId1_twoDifferentFilesForOneStockIn</con:name>
          <con:value>639</con:value>
        </con:property>
        <con:property>
          <con:name>aggId2_twoDifferentFilesForOneStockIn</con:name>
          <con:value>640</con:value>
        </con:property>
        <con:property>
          <con:name>serial_serial_twoDifferentFilesForOneStockIn</con:name>
          <con:value>7367</con:value>
        </con:property>
        <con:property>
          <con:name>serial_woRange_twoDifferentFilesForOneStockIn</con:name>
          <con:value>6367</con:value>
        </con:property>
        <con:property>
          <con:name>randomFileName</con:name>
          <con:value>${=java.util.UUID.randomUUID()}.csv</con:value>
        </con:property>
        <con:property>
          <con:name>biId_twoAggItemsOneFileOneAddItem</con:name>
          <con:value>221</con:value>
        </con:property>
        <con:property>
          <con:name>aggId1_twoAggItemsOneFileOneAddItem</con:name>
          <con:value/>
        </con:property>
        <con:property>
          <con:name>aggId2_twoAggItemsOneFileOneAddItem</con:name>
          <con:value/>
        </con:property>
        <con:property>
          <con:name>serial_serial_twoAggItemsOneFileOneAddItem</con:name>
          <con:value>7638</con:value>
        </con:property>
        <con:property>
          <con:name>serial_woRange_twoAggItemsOneFileOneAddItem</con:name>
          <con:value>6689</con:value>
        </con:property>
        <con:property>
          <con:name>4</con:name>
          <con:value>4</con:value>
        </con:property>
        <con:property>
          <con:name>5</con:name>
          <con:value>5</con:value>
        </con:property>
        <con:property>
          <con:name>6</con:name>
          <con:value>6</con:value>
        </con:property>
        <con:property>
          <con:name>2-EXT</con:name>
          <con:value>2-EXT</con:value>
        </con:property>
        <con:property>
          <con:name>5-EXT</con:name>
          <con:value>5-EXT</con:value>
        </con:property>
        <con:property>
          <con:name>10-EXT</con:name>
          <con:value>10-EXT</con:value>
        </con:property>
        <con:property>
          <con:name>galaxynote4</con:name>
          <con:value>galaxynote4</con:value>
        </con:property>
        <con:property>
          <con:name>prodSpecExtId_woRange</con:name>
          <con:value>EXT-GALAXYNOTE4-1</con:value>
        </con:property>
      </con:properties>
    </con:config>
  </con:testStep>
  <con:testStep type="transfer" name="Set create sales organization and user" id="9d6c662d-0477-4bb5-92cc-f8f5d6775b37">
    <con:settings/>
    <con:config xsi:type="con:PropertyTransfersStep" xmlns:xsi="http://www.w3.org/2001/XMLSchema-instance">
      <con:transfers setNullOnMissingSource="true" transferTextContent="true" failOnError="true" ignoreEmpty="false" transferToAll="false" entitize="false" transferChildNodes="false">
        <con:name>userId</con:name>
        <con:sourceType>userIdAdmin</con:sourceType>
        <con:sourceStep>Given properties for the test steps</con:sourceStep>
        <con:sourcePath/>
        <con:targetType>req_createdByUserRoleId</con:targetType>
        <con:targetStep>Create sales organization and user</con:targetStep>
        <con:targetPath/>
        <con:upgraded>true</con:upgraded>
      </con:transfers>
      <con:transfers setNullOnMissingSource="true" transferTextContent="true" failOnError="true" ignoreEmpty="false" transferToAll="false" entitize="false" transferChildNodes="false">
        <con:name>soId</con:name>
        <con:sourceType>soIdAdmin</con:sourceType>
        <con:sourceStep>Given properties for the test steps</con:sourceStep>
        <con:targetType>req_createdBySalesOrgRoleId</con:targetType>
        <con:targetStep>Create sales organization and user</con:targetStep>
        <con:upgraded>true</con:upgraded>
      </con:transfers>
      <con:transfers setNullOnMissingSource="true" transferTextContent="true" failOnError="true" ignoreEmpty="false" transferToAll="false" entitize="false" transferChildNodes="false">
        <con:name>userExtId</con:name>
        <con:sourceType>userRoleExtId</con:sourceType>
        <con:sourceStep>Given properties for the test steps</con:sourceStep>
        <con:targetType>req_userRoleExtId</con:targetType>
        <con:targetStep>Create sales organization and user</con:targetStep>
        <con:upgraded>true</con:upgraded>
      </con:transfers>
      <con:transfers setNullOnMissingSource="true" transferTextContent="true" failOnError="true" ignoreEmpty="false" transferToAll="false" entitize="false" transferChildNodes="false">
        <con:name>soExtId</con:name>
        <con:sourceType>salesOrganizationExtId</con:sourceType>
        <con:sourceStep>Given properties for the test steps</con:sourceStep>
        <con:targetType>req_salesOrgRoleExtId</con:targetType>
        <con:targetStep>Create sales organization and user</con:targetStep>
        <con:upgraded>true</con:upgraded>
      </con:transfers>
      <con:transfers setNullOnMissingSource="true" transferTextContent="true" failOnError="true" ignoreEmpty="false" transferToAll="false" entitize="false" transferChildNodes="false">
        <con:name>terminalExtId</con:name>
        <con:sourceType>terminalExtId</con:sourceType>
        <con:sourceStep>Given properties for the test steps</con:sourceStep>
        <con:targetType>req_terminalExtId</con:targetType>
        <con:targetStep>Create sales organization and user</con:targetStep>
        <con:upgraded>true</con:upgraded>
      </con:transfers>
      <con:transfers setNullOnMissingSource="true" transferTextContent="true" failOnError="true" ignoreEmpty="false" transferToAll="false" entitize="false" transferChildNodes="false">
        <con:name>inventoryExtId</con:name>
        <con:sourceType>inventoryExtId</con:sourceType>
        <con:sourceStep>Given properties for the test steps</con:sourceStep>
        <con:targetType>req_inventoryExtId</con:targetType>
        <con:targetStep>Create sales organization and user</con:targetStep>
        <con:upgraded>true</con:upgraded>
      </con:transfers>
    </con:config>
  </con:testStep>
  <con:testStep type="calltestcase" name="Create sales organization and user" id="865adab9-31db-4cff-ac6c-2adc8afb7045">
    <con:settings/>
    <con:config xsi:type="con:RunTestCaseStep" xmlns:xsi="http://www.w3.org/2001/XMLSchema-instance">
      <con:targetTestCase>b92a7c8d-a0ed-4725-99e9-4866fd949629</con:targetTestCase>
      <con:properties>
        <con:property>
          <con:name>req_createdByUserRoleId</con:name>
          <con:value>2</con:value>
        </con:property>
        <con:property>
          <con:name>req_createdBySalesOrgRoleId</con:name>
          <con:value>1</con:value>
        </con:property>
        <con:property>
          <con:name>req_userRoleExtId</con:name>
          <con:value>user-${=java.util.UUID.randomUUID()}</con:value>
        </con:property>
        <con:property>
          <con:name>req_salesOrgRoleExtId</con:name>
          <con:value>so-${=java.util.UUID.randomUUID()}</con:value>
        </con:property>
        <con:property>
          <con:name>req_terminalExtId</con:name>
          <con:value>terminal-${=java.util.UUID.randomUUID()}</con:value>
        </con:property>
        <con:property>
          <con:name>req_inventoryExtId</con:name>
          <con:value>inventory-${=java.util.UUID.randomUUID()}</con:value>
        </con:property>
        <con:property>
          <con:name>res_salesOrgBiId</con:name>
          <con:value>991</con:value>
        </con:property>
        <con:property>
          <con:name>res_userRoleBiId</con:name>
          <con:value>1011</con:value>
        </con:property>
        <con:property>
          <con:name>res_terminalBiId</con:name>
          <con:value>1031</con:value>
        </con:property>
        <con:property>
          <con:name>res_inventoryRoleBiId</con:name>
          <con:value>1021</con:value>
        </con:property>
        <con:property>
          <con:name>res_salesOrgId</con:name>
          <con:value>31</con:value>
        </con:property>
        <con:property>
          <con:name>res_userRoleId</con:name>
          <con:value>33</con:value>
        </con:property>
        <con:property>
          <con:name>res_terminalId</con:name>
          <con:value>8</con:value>
        </con:property>
        <con:property>
          <con:name>res_inventoryRoleId</con:name>
          <con:value>34</con:value>
        </con:property>
        <con:property>
          <con:name>res_placeId</con:name>
          <con:value>18</con:value>
        </con:property>
        <con:property>
          <con:name>res_soExtId</con:name>
          <con:value>so-8d3e1f53-6a7e-4187-8434-cdfe9fd589d8</con:value>
        </con:property>
        <con:property>
          <con:name>res_salesOrganisationExternalId</con:name>
          <con:value>so-8d3e1f53-6a7e-4187-8434-cdfe9fd589d8</con:value>
        </con:property>
        <con:property>
          <con:name>userToken</con:name>
          <con:value>Bearer eyJraWQiOiIxIiwiYWxnIjoiUlMyNTYifQ.eyJpc3MiOiJVTVMtUHJlZmlsdGVyLUNoZWNrQXV0aG9yaXplIiwic3ViIjoiVEVTVCIsImF1ZCI6IlJNIiwiaWF0IjoxNDg3MTYwOTc5LCJleHAiOjE1NTE4NzUzNzQsImF1dGhfdGltZSI6IjEzMTEyODA4NzAiLCJub25jZSI6Im4tMFM2X1d6QTJNaiIsIm5hbWUiOiJVTVMgVGVzdCBVc2VyIiwieF9kYnNzIjp7ImF1dGh6UHJvZmlsZU5hbWUiOiJDU1JfQXV0aHpQcm9maWxlIiwidmVyc2lvbiI6InYxIiwicGFydHlfaWQiOiIxMjMiLCJleHRlcm5hbF91c2VybmFtZSI6InVzZXItN2MwMmZiM2ItYTQxZi00MTliLWI0MTYtMjE0N2RlMGJiZDE4In19.zL5h4k-9AzonrWDjUyUNVUrdqgjWzm0J4jYgrqEIF4UsRP1sSR7QOziLfgbUYDpMZN36aGP3D2uLGJfCGXzu-0YuooUqVZFkEvgRFJg4LJ2MnfEklmrkYdrdaPDrP9Q4JZT44s5ypcCRBb8GdQUfeTDKsIdsRuKBwYxIB4BLnGc</con:value>
        </con:property>
        <con:property>
          <con:name>userIntToken</con:name>
          <con:value>Bearer eyJraWQiOiIxIiwiYWxnIjoiUlMyNTYifQ.eyJpc3MiOiJVTVMtUHJlZmlsdGVyLUNoZWNrQXV0aG9yaXplIiwic3ViIjoiVEVTVCIsImF1ZCI6IlJNIiwiaWF0IjoxNDg3MTYwOTc5LCJleHAiOjE1NTE4NzUzNzQsImF1dGhfdGltZSI6IjEzMTEyODA4NzAiLCJub25jZSI6Im4tMFM2X1d6QTJNaiIsIm5hbWUiOiJVTVMgVGVzdCBVc2VyIiwieF9kYnNzIjp7ImF1dGh6UHJvZmlsZU5hbWUiOiJFUk1TX0FETUlOX0F1dGh6UHJvZmlsZSIsInZlcnNpb24iOiJ2MSIsInBhcnR5X2lkIjoiMTIzIiwiZXh0ZXJuYWxfdXNlcm5hbWUiOiJ1c2VyLTdjMDJmYjNiLWE0MWYtNDE5Yi1iNDE2LTIxNDdkZTBiYmQxOCJ9fQ.TCfMp3CVOl3ZijXhX2IUtdO4BXEHpmkUBis-lvTMfpIf8OwVlD4ylwXMB4S-0XlKC9fzJNskrzl4zH36yXmNeXRmaWxQznfYKFKnKMp-VVxF5WxOvOqY4JkcXTYfojHuySAlUEc4v3VDHSEkRnZIaKMBgx8z4-qES2PknKJPaAY</con:value>
        </con:property>
        <con:property>
          <con:name>req_email</con:name>
          <con:value xsi:nil="true"/>
        </con:property>
      </con:properties>
      <con:returnProperties>
        <con:entry>res_inventoryRoleBiId</con:entry>
        <con:entry>res_inventoryRoleId</con:entry>
        <con:entry>res_placeId</con:entry>
        <con:entry>res_salesOrganisationExternalId</con:entry>
        <con:entry>res_salesOrgBiId</con:entry>
        <con:entry>res_salesOrgId</con:entry>
        <con:entry>res_soExtId</con:entry>
        <con:entry>res_terminalBiId</con:entry>
        <con:entry>res_terminalId</con:entry>
        <con:entry>res_userRoleBiId</con:entry>
        <con:entry>res_userRoleId</con:entry>
        <con:entry>userToken</con:entry>
        <con:entry>userIntToken</con:entry>
      </con:returnProperties>
      <con:runMode>PARALLELL</con:runMode>
    </con:config>
  </con:testStep>
  <con:testStep type="transfer" name="Set user, so and placeId" id="c1608c01-344d-4cc1-b127-dd7420380486">
    <con:settings/>
    <con:config xsi:type="con:PropertyTransfersStep" xmlns:xsi="http://www.w3.org/2001/XMLSchema-instance">
      <con:transfers setNullOnMissingSource="true" transferTextContent="true" failOnError="true" ignoreEmpty="false" transferToAll="false" entitize="false" transferChildNodes="false">
        <con:name>user</con:name>
        <con:sourceType>res_userRoleId</con:sourceType>
        <con:sourceStep>Create sales organization and user</con:sourceStep>
        <con:sourcePath/>
        <con:targetType>userId</con:targetType>
        <con:targetStep>Given properties for the test steps</con:targetStep>
        <con:targetPath/>
        <con:upgraded>true</con:upgraded>
      </con:transfers>
      <con:transfers setNullOnMissingSource="true" transferTextContent="true" failOnError="true" ignoreEmpty="false" transferToAll="false" entitize="false" transferChildNodes="false">
        <con:name>so</con:name>
        <con:sourceType>res_salesOrgId</con:sourceType>
        <con:sourceStep>Create sales organization and user</con:sourceStep>
        <con:targetType>soId</con:targetType>
        <con:targetStep>Given properties for the test steps</con:targetStep>
        <con:upgraded>true</con:upgraded>
      </con:transfers>
      <con:transfers setNullOnMissingSource="true" transferTextContent="true" failOnError="true" ignoreEmpty="false" transferToAll="false" entitize="false" transferChildNodes="false">
        <con:name>placeId</con:name>
        <con:sourceType>res_placeId</con:sourceType>
        <con:sourceStep>Create sales organization and user</con:sourceStep>
        <con:targetType>placeId</con:targetType>
        <con:targetStep>Given properties for the test steps</con:targetStep>
        <con:upgraded>true</con:upgraded>
      </con:transfers>
      <con:transfers setNullOnMissingSource="true" transferTextContent="true" failOnError="true" ignoreEmpty="false" transferToAll="false" entitize="false" transferChildNodes="false">
        <con:name>terminalId</con:name>
        <con:sourceType>res_terminalId</con:sourceType>
        <con:sourceStep>Create sales organization and user</con:sourceStep>
        <con:targetType>terminalId</con:targetType>
        <con:targetStep>Given properties for the test steps</con:targetStep>
        <con:upgraded>true</con:upgraded>
      </con:transfers>
    </con:config>
  </con:testStep>
  <con:testStep type="transfer" name="Property Transfer start session" id="c70ffca5-fe1d-42ab-afe7-f24b01fa8d32">
    <con:settings/>
    <con:config xsi:type="con:PropertyTransfersStep" xmlns:xsi="http://www.w3.org/2001/XMLSchema-instance">
      <con:transfers setNullOnMissingSource="true" transferTextContent="true" failOnError="true" ignoreEmpty="false" transferToAll="false" entitize="false" transferChildNodes="false">
        <con:name>terminalId</con:name>
        <con:sourceType>terminalId</con:sourceType>
        <con:sourceStep>Given properties for the test steps</con:sourceStep>
        <con:sourcePath/>
        <con:targetType>req_terminalId</con:targetType>
        <con:targetStep>Create and submit start session</con:targetStep>
        <con:targetPath/>
        <con:upgraded>true</con:upgraded>
      </con:transfers>
      <con:transfers setNullOnMissingSource="true" transferTextContent="true" failOnError="true" ignoreEmpty="false" transferToAll="false" entitize="false" transferChildNodes="false">
        <con:name>userId</con:name>
        <con:sourceType>userId</con:sourceType>
        <con:sourceStep>Given properties for the test steps</con:sourceStep>
        <con:targetType>req_userRoleId</con:targetType>
        <con:targetStep>Create and submit start session</con:targetStep>
        <con:upgraded>true</con:upgraded>
      </con:transfers>
      <con:transfers setNullOnMissingSource="true" transferTextContent="true" failOnError="true" ignoreEmpty="false" transferToAll="false" entitize="false" transferChildNodes="false">
        <con:name>soId</con:name>
        <con:sourceType>soId</con:sourceType>
        <con:sourceStep>Given properties for the test steps</con:sourceStep>
        <con:targetType>req_salesOrgRoleId</con:targetType>
        <con:targetStep>Create and submit start session</con:targetStep>
        <con:upgraded>true</con:upgraded>
      </con:transfers>
    </con:config>
  </con:testStep>
  <con:testStep type="calltestcase" name="Create and submit start session" id="de19ec08-b564-4195-9c17-c3038db510d6">
    <con:settings/>
    <con:config xsi:type="con:RunTestCaseStep" xmlns:xsi="http://www.w3.org/2001/XMLSchema-instance">
      <con:targetTestCase>a8bc6612-7b48-44cc-84ed-0b76bc1c8f6d</con:targetTestCase>
      <con:properties>
        <con:property>
          <con:name>req_terminalId</con:name>
          <con:value>8</con:value>
        </con:property>
        <con:property>
          <con:name>req_userRoleId</con:name>
          <con:value>33</con:value>
        </con:property>
        <con:property>
          <con:name>req_salesOrgRoleId</con:name>
          <con:value>31</con:value>
        </con:property>
        <con:property>
          <con:name>res_biId</con:name>
          <con:value>1041</con:value>
        </con:property>
      </con:properties>
      <con:returnProperties>
        <con:entry>res_biId</con:entry>
      </con:returnProperties>
      <con:runMode>PARALLELL</con:runMode>
    </con:config>
  </con:testStep>
  <con:testStep type="transfer" name="Property Transfer Create stockIn interaction success" id="943d76e8-0a9b-4043-a0f2-800bbc0d1b18">
    <con:settings/>
    <con:config xsi:type="con:PropertyTransfersStep" xmlns:xsi="http://www.w3.org/2001/XMLSchema-instance">
      <con:transfers setNullOnMissingSource="true" transferTextContent="true" failOnError="true" ignoreEmpty="false" transferToAll="false" entitize="false" transferChildNodes="false">
        <con:name>user</con:name>
        <con:sourceType>userId</con:sourceType>
        <con:sourceStep>Given properties for the test steps</con:sourceStep>
        <con:sourcePath/>
        <con:targetType>req_userRoleId</con:targetType>
        <con:targetStep>Create stockIn interaction success</con:targetStep>
        <con:targetPath/>
        <con:upgraded>true</con:upgraded>
      </con:transfers>
      <con:transfers setNullOnMissingSource="true" transferTextContent="true" failOnError="true" ignoreEmpty="false" transferToAll="false" entitize="false" transferChildNodes="false">
        <con:name>so</con:name>
        <con:sourceType>soId</con:sourceType>
        <con:sourceStep>Given properties for the test steps</con:sourceStep>
        <con:targetType>req_soRoleId</con:targetType>
        <con:targetStep>Create stockIn interaction success</con:targetStep>
        <con:upgraded>true</con:upgraded>
      </con:transfers>
      <con:transfers setNullOnMissingSource="true" transferTextContent="true" failOnError="true" ignoreEmpty="false" transferToAll="false" entitize="false" transferChildNodes="false">
        <con:name>biSpecCode</con:name>
        <con:sourceType>stockInBISpecCode</con:sourceType>
        <con:sourceStep>Given properties for the test steps</con:sourceStep>
        <con:targetType>req_biSpecCode</con:targetType>
        <con:targetStep>Create stockIn interaction success</con:targetStep>
        <con:upgraded>true</con:upgraded>
      </con:transfers>
    </con:config>
  </con:testStep>
  <con:testStep type="calltestcase" name="Create stockIn interaction success" id="893628d3-1fbf-4077-8bc0-534e74594aa6">
    <con:settings/>
    <con:config xsi:type="con:RunTestCaseStep" xmlns:xsi="http://www.w3.org/2001/XMLSchema-instance">
      <con:targetTestCase>bba3ce34-4cc5-41fb-98a0-894988e91181</con:targetTestCase>
      <con:properties>
        <con:property>
          <con:name>req_biSpecCode</con:name>
          <con:value>STCKINBISPEC</con:value>
        </con:property>
        <con:property>
          <con:name>res_biId</con:name>
          <con:value>1061</con:value>
        </con:property>
        <con:property>
          <con:name>res_code</con:name>
          <con:value>201</con:value>
        </con:property>
        <con:property>
          <con:name>req_userRoleId</con:name>
          <con:value>33</con:value>
        </con:property>
        <con:property>
          <con:name>req_soRoleId</con:name>
          <con:value>31</con:value>
        </con:property>
        <con:property>
          <con:name>res_errorMessage</con:name>
          <con:value xsi:nil="true"/>
        </con:property>
        <con:property>
          <con:name>res_httpStatus</con:name>
          <con:value>201</con:value>
        </con:property>
      </con:properties>
      <con:returnProperties>
        <con:entry>res_biId</con:entry>
        <con:entry>res_code</con:entry>
        <con:entry>res_errorMessage</con:entry>
        <con:entry>res_httpStatus</con:entry>
      </con:returnProperties>
      <con:runMode>PARALLELL</con:runMode>
    </con:config>
  </con:testStep>
  <con:testStep type="assertionteststep" name="Assertion Create stockIn interaction success" id="ba0671f7-5709-4cae-b2f9-426715105666">
    <con:settings/>
    <con:config xsi:type="con:AssertionTestStep" xmlns:xsi="http://www.w3.org/2001/XMLSchema-instance">
      <con:entry>
        <con:id>b2e91f25-5b89-4a94-aef9-b9e85bc03c6e</con:id>
        <con:isGroup>false</con:isGroup>
        <con:sourceId>893628d3-1fbf-4077-8bc0-534e74594aa6</con:sourceId>
        <con:propertyName>res_httpStatus</con:propertyName>
        <con:assertion type="Simple Equals" name="Equals 2" id="c34c0990-f191-4ff4-9a78-a7b89c8f41b9">
          <con:configuration>
            <patternText>201</patternText>
            <caseSensitive>true</caseSensitive>
          </con:configuration>
        </con:assertion>
      </con:entry>
      <con:entry>
        <con:id>b6c75652-7459-47f4-b690-f5b6ac89158a</con:id>
        <con:isGroup>false</con:isGroup>
        <con:sourceId>893628d3-1fbf-4077-8bc0-534e74594aa6</con:sourceId>
        <con:propertyName>res_biId</con:propertyName>
        <con:assertion type="Simple Contains" name="Contains" id="3e484777-3715-429e-a19c-79fd305f9c52">
          <con:configuration>
            <token>\d+</token>
            <ignoreCase>false</ignoreCase>
            <useRegEx>true</useRegEx>
          </con:configuration>
        </con:assertion>
      </con:entry>
    </con:config>
  </con:testStep>
  <con:testStep type="transfer" name="Property Transfer biId" id="ab4cafd8-913b-47e0-a2de-169b79142640">
    <con:settings/>
    <con:config xsi:type="con:PropertyTransfersStep" xmlns:xsi="http://www.w3.org/2001/XMLSchema-instance">
      <con:transfers setNullOnMissingSource="true" transferTextContent="true" failOnError="true" ignoreEmpty="false" transferToAll="false" entitize="false" transferChildNodes="false">
        <con:name>biId</con:name>
        <con:sourceType>res_biId</con:sourceType>
        <con:sourceStep>Create stockIn interaction success</con:sourceStep>
        <con:sourcePath/>
        <con:targetType>biId1</con:targetType>
        <con:targetStep>Given properties for the test steps</con:targetStep>
        <con:targetPath/>
        <con:upgraded>true</con:upgraded>
      </con:transfers>
    </con:config>
  </con:testStep>
  <con:testStep type="transfer" name="Property Transfer for adding aggregated Item" id="73db2519-2bd9-42f0-b2cd-a9ca98ce0c93">
    <con:settings/>
    <con:config xsi:type="con:PropertyTransfersStep" xmlns:xsi="http://www.w3.org/2001/XMLSchema-instance">
      <con:transfers setNullOnMissingSource="true" transferTextContent="true" failOnError="true" ignoreEmpty="false" transferToAll="false" entitize="false" transferChildNodes="false">
        <con:name>biId</con:name>
        <con:sourceType>biId1</con:sourceType>
        <con:sourceStep>Given properties for the test steps</con:sourceStep>
        <con:sourcePath/>
        <con:targetType>req_biId</con:targetType>
        <con:targetStep>Add Aggregated serial Item</con:targetStep>
        <con:targetPath/>
        <con:upgraded>true</con:upgraded>
      </con:transfers>
      <con:transfers setNullOnMissingSource="true" transferTextContent="true" failOnError="true" ignoreEmpty="false" transferToAll="false" entitize="false" transferChildNodes="false">
        <con:name>placeId</con:name>
        <con:sourceType>res_placeId</con:sourceType>
        <con:sourceStep>Create sales organization and user</con:sourceStep>
        <con:targetType>req_toPlaceId</con:targetType>
        <con:targetStep>Add Aggregated serial Item</con:targetStep>
        <con:upgraded>true</con:upgraded>
      </con:transfers>
      <con:transfers setNullOnMissingSource="true" transferTextContent="true" failOnError="true" ignoreEmpty="false" transferToAll="false" entitize="false" transferChildNodes="false" disabled="true">
        <con:name>serialNumber</con:name>
        <con:sourceType>batchId</con:sourceType>
        <con:sourceStep>DataGen for current timeStamp</con:sourceStep>
        <con:targetType>req_startSerialNumber</con:targetType>
        <con:targetStep>Add Aggregated serial Item</con:targetStep>
        <con:upgraded>true</con:upgraded>
      </con:transfers>
      <con:transfers setNullOnMissingSource="true" transferTextContent="true" failOnError="true" ignoreEmpty="false" transferToAll="false" entitize="false" transferChildNodes="false">
        <con:name>soId</con:name>
        <con:sourceType>res_salesOrgId</con:sourceType>
        <con:sourceStep>Create sales organization and user</con:sourceStep>
        <con:targetType>req_soId</con:targetType>
        <con:targetStep>Add Aggregated serial Item</con:targetStep>
        <con:upgraded>true</con:upgraded>
      </con:transfers>
      <con:transfers setNullOnMissingSource="true" transferTextContent="true" failOnError="true" ignoreEmpty="false" transferToAll="false" entitize="false" transferChildNodes="false">
        <con:name>quantity</con:name>
        <con:sourceType>quantity</con:sourceType>
        <con:sourceStep>Given properties for the test steps</con:sourceStep>
        <con:targetType>req_quantity</con:targetType>
        <con:targetStep>Add Aggregated serial Item</con:targetStep>
        <con:upgraded>true</con:upgraded>
      </con:transfers>
      <con:transfers setNullOnMissingSource="true" transferTextContent="true" failOnError="true" ignoreEmpty="false" transferToAll="false" entitize="false" transferChildNodes="false">
        <con:name>purchaseDate</con:name>
        <con:sourceType>purchaseDate</con:sourceType>
        <con:sourceStep>Given properties for the test steps</con:sourceStep>
        <con:targetType>req_purchaseDate</con:targetType>
        <con:targetStep>Add Aggregated serial Item</con:targetStep>
        <con:upgraded>true</con:upgraded>
      </con:transfers>
      <con:transfers setNullOnMissingSource="true" transferTextContent="true" failOnError="true" ignoreEmpty="false" transferToAll="false" entitize="false" transferChildNodes="false">
        <con:name>vendor</con:name>
        <con:sourceType>startSerial</con:sourceType>
        <con:sourceStep>Given properties for the test steps</con:sourceStep>
        <con:targetType>req_vendor</con:targetType>
        <con:targetStep>Add Aggregated serial Item</con:targetStep>
        <con:upgraded>true</con:upgraded>
      </con:transfers>
    </con:config>
  </con:testStep>
  <con:testStep type="calltestcase" name="Add Aggregated serial Item" id="b7df12e1-f444-4a52-8118-d5cf4fcd6160">
    <con:settings/>
    <con:config xsi:type="con:RunTestCaseStep" xmlns:xsi="http://www.w3.org/2001/XMLSchema-instance">
      <con:targetTestCase>56257bd7-ca12-4aa0-bc6c-f7c9fa9bea22</con:targetTestCase>
      <con:properties>
        <con:property>
          <con:name>req_biId</con:name>
          <con:value>1061</con:value>
        </con:property>
        <con:property>
          <con:name>req_soId</con:name>
          <con:value>31</con:value>
        </con:property>
        <con:property>
          <con:name>res_code</con:name>
          <con:value xsi:nil="true"/>
        </con:property>
        <con:property>
          <con:name>res_errorMessage</con:name>
          <con:value xsi:nil="true"/>
        </con:property>
        <con:property>
          <con:name>res_id</con:name>
          <con:value>627</con:value>
        </con:property>
        <con:property>
          <con:name>res_status</con:name>
          <con:value>201</con:value>
        </con:property>
        <con:property>
          <con:name>req_toPlaceId</con:name>
          <con:value>18</con:value>
        </con:property>
        <con:property>
          <con:name>req_quantity</con:name>
          <con:value>1</con:value>
        </con:property>
        <con:property>
          <con:name>req_purchaseDate</con:name>
          <con:value>2018-01-29T11:57:17.000Z</con:value>
        </con:property>
        <con:property>
          <con:name>res_errorCode</con:name>
          <con:value/>
        </con:property>
        <con:property>
          <con:name>req_startSerialNumber</con:name>
          <con:value xsi:nil="true"/>
        </con:property>
        <con:property>
          <con:name>req_endSerialNumber</con:name>
          <con:value xsi:nil="true"/>
        </con:property>
        <con:property>
          <con:name>req_vendor</con:name>
          <con:value>1366</con:value>
        </con:property>
      </con:properties>
      <con:returnProperties>
        <con:entry>res_status</con:entry>
        <con:entry>res_code</con:entry>
        <con:entry>res_errorCode</con:entry>
        <con:entry>res_errorMessage</con:entry>
        <con:entry>res_id</con:entry>
      </con:returnProperties>
      <con:runMode>PARALLELL</con:runMode>
    </con:config>
  </con:testStep>
  <con:testStep type="assertionteststep" name="Assertion Add Aggregated serial Item" id="cd1e4d20-47bc-423e-858b-c0a43dfad645">
    <con:settings/>
    <con:config xsi:type="con:AssertionTestStep" xmlns:xsi="http://www.w3.org/2001/XMLSchema-instance">
      <con:entry>
        <con:id>53f9dffd-1075-408d-b7c2-aea8b0f521b5</con:id>
        <con:isGroup>false</con:isGroup>
        <con:sourceId>b7df12e1-f444-4a52-8118-d5cf4fcd6160</con:sourceId>
        <con:propertyName>res_status</con:propertyName>
        <con:assertion type="Simple Equals" name="Equals" id="a64edaef-f66c-45ed-83d1-53e49a34feba">
          <con:configuration>
            <patternText>201</patternText>
            <caseSensitive>true</caseSensitive>
          </con:configuration>
        </con:assertion>
      </con:entry>
      <con:entry>
        <con:id>e391f31b-5576-4add-b4eb-ab07f21984ad</con:id>
        <con:isGroup>false</con:isGroup>
        <con:sourceId>b7df12e1-f444-4a52-8118-d5cf4fcd6160</con:sourceId>
        <con:propertyName>res_id</con:propertyName>
        <con:assertion type="Simple Contains" name="Contains" id="91a909fb-0633-41b4-ad85-a07a3e71e548">
          <con:configuration>
            <token>\d+</token>
            <ignoreCase>false</ignoreCase>
            <useRegEx>true</useRegEx>
          </con:configuration>
        </con:assertion>
      </con:entry>
    </con:config>
  </con:testStep>
  <con:testStep type="transfer" name="Property Transfer aggId" id="1a9af86f-e890-4c2d-82a5-261634dd7e1d">
    <con:settings/>
    <con:config xsi:type="con:PropertyTransfersStep" xmlns:xsi="http://www.w3.org/2001/XMLSchema-instance">
      <con:transfers setNullOnMissingSource="true" transferTextContent="true" failOnError="true" ignoreEmpty="false" transferToAll="false" entitize="false" transferChildNodes="false">
        <con:name>aggId</con:name>
        <con:sourceType>res_id</con:sourceType>
        <con:sourceStep>Add Aggregated serial Item</con:sourceStep>
        <con:sourcePath/>
        <con:targetType>aggId</con:targetType>
        <con:targetStep>Given properties for the test steps</con:targetStep>
        <con:targetPath/>
        <con:upgraded>true</con:upgraded>
      </con:transfers>
    </con:config>
  </con:testStep>
  <con:testStep type="calltestcase" name="Create File with invalid aggregated item id" id="3c969084-f065-45c3-a948-015e04d12b12">
    <con:settings/>
    <con:config xsi:type="con:RunTestCaseStep" xmlns:xsi="http://www.w3.org/2001/XMLSchema-instance">
      <con:targetTestCase>16d0b0e6-0e29-4f1f-a0b4-d8ab54d75d88</con:targetTestCase>
      <con:properties>
        <con:property>
          <con:name>req_fileContent</con:name>
          <con:value>${DataGen for current timeStamp#randomValue};${Given properties for the test steps#startSerial};${Given properties for the test steps#endSerial};;</con:value>
        </con:property>
      </con:properties>
      <con:returnProperties/>
      <con:runMode>PARALLELL</con:runMode>
    </con:config>
  </con:testStep>
  <con:testStep type="calltestcase" name="File Upload" id="025327d7-fb42-4705-b134-5d7c8440811e">
    <con:settings/>
    <con:config xsi:type="con:RunTestCaseStep" xmlns:xsi="http://www.w3.org/2001/XMLSchema-instance">
      <con:targetTestCase>80aceab1-3f39-40bb-b945-f6bb316725d7</con:targetTestCase>
      <con:properties>
        <con:property>
          <con:name>req_biName</con:name>
          <con:value>stockin</con:value>
        </con:property>
        <con:property>
          <con:name>req_biId</con:name>
          <con:value>${Given properties for the test steps#biId1}</con:value>
        </con:property>
        <con:property>
          <con:name>res_status</con:name>
          <con:value>200</con:value>
        </con:property>
        <con:property>
          <con:name>res_code</con:name>
          <con:value/>
        </con:property>
        <con:property>
          <con:name>res_errorMessage</con:name>
          <con:value/>
        </con:property>
      </con:properties>
      <con:returnProperties>
        <con:entry>res_status</con:entry>
        <con:entry>res_errorMessage</con:entry>
        <con:entry>res_code</con:entry>
      </con:returnProperties>
      <con:runMode>PARALLELL</con:runMode>
    </con:config>
  </con:testStep>
  <con:testStep type="calltestcase" name="File Upload -- duplicate error" id="f5082206-789e-4927-bf93-2a3952201c80">
    <con:settings/>
    <con:config xsi:type="con:RunTestCaseStep" xmlns:xsi="http://www.w3.org/2001/XMLSchema-instance">
      <con:targetTestCase>80aceab1-3f39-40bb-b945-f6bb316725d7</con:targetTestCase>
      <con:properties>
        <con:property>
          <con:name>req_biName</con:name>
          <con:value>stockin</con:value>
        </con:property>
        <con:property>
          <con:name>req_biId</con:name>
          <con:value>${Given properties for the test steps#biId1}</con:value>
        </con:property>
        <con:property>
          <con:name>res_status</con:name>
          <con:value>400</con:value>
        </con:property>
        <con:property>
          <con:name>res_code</con:name>
          <con:value>FILE_NAME_SHOULD_BE_UNIQUE</con:value>
        </con:property>
        <con:property>
          <con:name>res_errorMessage</con:name>
          <con:value>FILE_NAME_SHOULD_BE_UNIQUE</con:value>
        </con:property>
      </con:properties>
      <con:returnProperties>
        <con:entry>res_status</con:entry>
        <con:entry>res_errorMessage</con:entry>
        <con:entry>res_code</con:entry>
      </con:returnProperties>
      <con:runMode>PARALLELL</con:runMode>
    </con:config>
  </con:testStep>
  <con:testStep type="transfer" name="4 Property Transfer for adding aggregated Item - negative serial 4" id="8a2fe3eb-2e42-4593-943e-889da5f4f564">
    <con:settings/>
    <con:config xsi:type="con:PropertyTransfersStep" xmlns:xsi="http://www.w3.org/2001/XMLSchema-instance">
      <con:transfers setNullOnMissingSource="true" transferTextContent="true" failOnError="true" ignoreEmpty="false" transferToAll="false" entitize="false" transferChildNodes="false">
        <con:name>biId</con:name>
        <con:sourceType>biId1</con:sourceType>
        <con:sourceStep>Given properties for the test steps</con:sourceStep>
        <con:sourcePath/>
        <con:targetType>req_biId</con:targetType>
        <con:targetStep>4 Add Aggregated serial Item - negative serial 4</con:targetStep>
        <con:targetPath/>
        <con:upgraded>true</con:upgraded>
      </con:transfers>
      <con:transfers setNullOnMissingSource="true" transferTextContent="true" failOnError="true" ignoreEmpty="false" transferToAll="false" entitize="false" transferChildNodes="false">
        <con:name>placeId</con:name>
        <con:sourceType>res_placeId</con:sourceType>
        <con:sourceStep>Create sales organization and user</con:sourceStep>
        <con:targetType>req_toPlaceId</con:targetType>
        <con:targetStep>4 Add Aggregated serial Item - negative serial 4</con:targetStep>
        <con:upgraded>true</con:upgraded>
      </con:transfers>
      <con:transfers setNullOnMissingSource="true" transferTextContent="true" failOnError="true" ignoreEmpty="false" transferToAll="false" entitize="false" transferChildNodes="false" disabled="true">
        <con:name>serialNumber</con:name>
        <con:sourceType>batchId</con:sourceType>
        <con:sourceStep>DataGen for current timeStamp</con:sourceStep>
        <con:targetType>req_startSerialNumber</con:targetType>
        <con:targetStep>Add Aggregated serial Item</con:targetStep>
        <con:upgraded>true</con:upgraded>
      </con:transfers>
      <con:transfers setNullOnMissingSource="true" transferTextContent="true" failOnError="true" ignoreEmpty="false" transferToAll="false" entitize="false" transferChildNodes="false">
        <con:name>soId</con:name>
        <con:sourceType>res_salesOrgId</con:sourceType>
        <con:sourceStep>Create sales organization and user</con:sourceStep>
        <con:targetType>req_soId</con:targetType>
        <con:targetStep>4 Add Aggregated serial Item - negative serial 4</con:targetStep>
        <con:upgraded>true</con:upgraded>
      </con:transfers>
      <con:transfers setNullOnMissingSource="true" transferTextContent="true" failOnError="true" ignoreEmpty="false" transferToAll="false" entitize="false" transferChildNodes="false">
        <con:name>quantity</con:name>
        <con:sourceType>quantity</con:sourceType>
        <con:sourceStep>Given properties for the test steps</con:sourceStep>
        <con:targetType>req_quantity</con:targetType>
        <con:targetStep>4 Add Aggregated serial Item - negative serial 4</con:targetStep>
        <con:upgraded>true</con:upgraded>
      </con:transfers>
      <con:transfers setNullOnMissingSource="true" transferTextContent="true" failOnError="true" ignoreEmpty="false" transferToAll="false" entitize="false" transferChildNodes="false">
        <con:name>purchaseDate</con:name>
        <con:sourceType>purchaseDate</con:sourceType>
        <con:sourceStep>Given properties for the test steps</con:sourceStep>
        <con:targetType>req_purchaseDate</con:targetType>
        <con:targetStep>4 Add Aggregated serial Item - negative serial 4</con:targetStep>
        <con:upgraded>true</con:upgraded>
      </con:transfers>
      <con:transfers setNullOnMissingSource="true" transferTextContent="true" failOnError="true" ignoreEmpty="false" transferToAll="false" entitize="false" transferChildNodes="false">
        <con:name>vendor</con:name>
        <con:sourceType>negative</con:sourceType>
        <con:sourceStep>Given properties for the test steps</con:sourceStep>
        <con:targetType>req_vendor</con:targetType>
        <con:targetStep>4 Add Aggregated serial Item - negative serial 4</con:targetStep>
        <con:upgraded>true</con:upgraded>
      </con:transfers>
    </con:config>
  </con:testStep>
  <con:testStep type="calltestcase" name="4 Add Aggregated serial Item - negative serial 4" id="b1960a46-9291-443d-afb6-3aea69297cbe">
    <con:settings/>
    <con:config xsi:type="con:RunTestCaseStep" xmlns:xsi="http://www.w3.org/2001/XMLSchema-instance">
      <con:targetTestCase>56257bd7-ca12-4aa0-bc6c-f7c9fa9bea22</con:targetTestCase>
      <con:properties>
        <con:property>
          <con:name>req_biId</con:name>
          <con:value>1061</con:value>
        </con:property>
        <con:property>
          <con:name>req_soId</con:name>
          <con:value>31</con:value>
        </con:property>
        <con:property>
          <con:name>res_code</con:name>
          <con:value xsi:nil="true"/>
        </con:property>
        <con:property>
          <con:name>res_errorMessage</con:name>
          <con:value xsi:nil="true"/>
        </con:property>
        <con:property>
          <con:name>res_id</con:name>
          <con:value>628</con:value>
        </con:property>
        <con:property>
          <con:name>res_status</con:name>
          <con:value>201</con:value>
        </con:property>
        <con:property>
          <con:name>req_toPlaceId</con:name>
          <con:value>18</con:value>
        </con:property>
        <con:property>
          <con:name>req_quantity</con:name>
          <con:value>1</con:value>
        </con:property>
        <con:property>
          <con:name>req_purchaseDate</con:name>
          <con:value>2018-01-29T11:57:17.000Z</con:value>
        </con:property>
        <con:property>
          <con:name>res_errorCode</con:name>
          <con:value/>
        </con:property>
        <con:property>
          <con:name>req_startSerialNumber</con:name>
          <con:value xsi:nil="true"/>
        </con:property>
        <con:property>
          <con:name>req_endSerialNumber</con:name>
          <con:value xsi:nil="true"/>
        </con:property>
        <con:property>
          <con:name>req_vendor</con:name>
          <con:value>-1</con:value>
        </con:property>
      </con:properties>
      <con:returnProperties>
        <con:entry>res_status</con:entry>
        <con:entry>res_code</con:entry>
        <con:entry>res_errorCode</con:entry>
        <con:entry>res_errorMessage</con:entry>
        <con:entry>res_id</con:entry>
      </con:returnProperties>
      <con:runMode>PARALLELL</con:runMode>
    </con:config>
  </con:testStep>
  <con:testStep type="assertionteststep" name="Assertion Add Aggregated serial Item - negative serial 4" id="ffcf7827-1aa7-43e4-9707-4f2917e45e83">
    <con:settings/>
    <con:config xsi:type="con:AssertionTestStep" xmlns:xsi="http://www.w3.org/2001/XMLSchema-instance">
      <con:entry>
        <con:id>07f4d074-3348-4796-b698-5182e645c0b3</con:id>
        <con:isGroup>false</con:isGroup>
        <con:sourceId>b1960a46-9291-443d-afb6-3aea69297cbe</con:sourceId>
        <con:propertyName>res_id</con:propertyName>
        <con:assertion type="Simple Contains" name="Contains" id="e5c38a59-cd71-4fcc-9898-4dadaad8d784">
          <con:configuration>
            <token>\d+</token>
            <ignoreCase>false</ignoreCase>
            <useRegEx>true</useRegEx>
          </con:configuration>
        </con:assertion>
      </con:entry>
      <con:entry>
        <con:id>4adae534-d592-402e-83f6-47a15f8b8480</con:id>
        <con:isGroup>false</con:isGroup>
        <con:sourceId>b1960a46-9291-443d-afb6-3aea69297cbe</con:sourceId>
        <con:propertyName>res_status</con:propertyName>
        <con:assertion type="Simple Equals" name="Equals" id="7cb0eedf-10b7-40d1-995e-ede461bf5c01">
          <con:configuration>
            <patternText>201</patternText>
            <caseSensitive>true</caseSensitive>
          </con:configuration>
        </con:assertion>
      </con:entry>
    </con:config>
  </con:testStep>
  <con:testStep type="transfer" name="4 Property Transfer aggId - negative serial 4" id="019f07c1-91a9-4737-9f47-a05e240e06e0">
    <con:settings/>
    <con:config xsi:type="con:PropertyTransfersStep" xmlns:xsi="http://www.w3.org/2001/XMLSchema-instance">
      <con:transfers setNullOnMissingSource="true" transferTextContent="true" failOnError="true" ignoreEmpty="false" transferToAll="false" entitize="false" transferChildNodes="false">
        <con:name>aggId</con:name>
        <con:sourceType>res_id</con:sourceType>
        <con:sourceStep>4 Add Aggregated serial Item - negative serial 4</con:sourceStep>
        <con:sourcePath/>
        <con:targetType>aggId4</con:targetType>
        <con:targetStep>Given properties for the test steps</con:targetStep>
        <con:targetPath/>
        <con:upgraded>true</con:upgraded>
      </con:transfers>
    </con:config>
  </con:testStep>
  <con:testStep type="datagen" name="DataGen for dynamic file name - negative serial 4" id="290b354c-db13-4065-b48d-9fad34f664ac">
    <con:settings/>
    <con:config xsi:type="con:DataGeneratorStep" xmlns:xsi="http://www.w3.org/2001/XMLSchema-instance">
      <con:property type="Script">
        <con:configuration>
          <script>def fileName = java.util.UUID.randomUUID();
def fileName2 =  ".csv";
return fileName.toString() + fileName2 ;</script>
        </con:configuration>
        <con:name>fileName</con:name>
        <con:mode>STEP</con:mode>
        <con:shared>false</con:shared>
      </con:property>
    </con:config>
  </con:testStep>
  <con:testStep type="transfer" name="Property Transfer file name - negative serial 4" id="53eac9fe-cf58-4df1-a158-82228c62b068">
    <con:settings/>
    <con:config xsi:type="con:PropertyTransfersStep" xmlns:xsi="http://www.w3.org/2001/XMLSchema-instance">
      <con:transfers setNullOnMissingSource="true" transferTextContent="true" failOnError="true" ignoreEmpty="false" transferToAll="false" entitize="false" transferChildNodes="false">
        <con:name>filename</con:name>
        <con:sourceType>fileName</con:sourceType>
        <con:sourceStep>DataGen for dynamic file name - negative serial 4</con:sourceStep>
        <con:sourcePath/>
        <con:targetType>req_fileName</con:targetType>
        <con:targetStep>4 Create File with negative serial number - negative serial 4</con:targetStep>
        <con:targetPath/>
        <con:upgraded>true</con:upgraded>
      </con:transfers>
      <con:transfers setNullOnMissingSource="true" transferTextContent="true" failOnError="true" ignoreEmpty="false" transferToAll="false" entitize="false" transferChildNodes="false">
        <con:name>filenameUpload</con:name>
        <con:sourceType>fileName</con:sourceType>
        <con:sourceStep>DataGen for dynamic file name - negative serial 4</con:sourceStep>
        <con:targetType>req_fileName</con:targetType>
        <con:targetStep>4 File Upload - negative serial 4</con:targetStep>
        <con:upgraded>true</con:upgraded>
      </con:transfers>
    </con:config>
  </con:testStep>
  <con:testStep type="calltestcase" name="4 Create File with negative serial number - negative serial 4" id="fd101119-0fd2-4644-8c8c-2729301c40d4">
    <con:settings/>
    <con:config xsi:type="con:RunTestCaseStep" xmlns:xsi="http://www.w3.org/2001/XMLSchema-instance">
      <con:targetTestCase>879df46a-1625-4ad9-b9c2-fb221993fd89</con:targetTestCase>
      <con:properties>
        <con:property>
          <con:name>req_fileContent</con:name>
          <con:value>${Given properties for the test steps#aggId4};${Given properties for the test steps#negative};${Given properties for the test steps#negative};;</con:value>
        </con:property>
        <con:property>
          <con:name>req_fileName</con:name>
          <con:value>661b6d8b-378e-4836-bd53-c18969f9debc.csv</con:value>
        </con:property>
      </con:properties>
      <con:returnProperties/>
      <con:runMode>PARALLELL</con:runMode>
    </con:config>
  </con:testStep>
  <con:testStep type="calltestcase" name="4 File Upload - negative serial 4" id="de72ae17-d23c-41f6-bd59-e67bf443a994">
    <con:settings/>
    <con:config xsi:type="con:RunTestCaseStep" xmlns:xsi="http://www.w3.org/2001/XMLSchema-instance">
      <con:targetTestCase>12a76b1d-482a-4d1a-90f8-9173c8c082f0</con:targetTestCase>
      <con:properties>
        <con:property>
          <con:name>req_biName</con:name>
          <con:value>stockin</con:value>
        </con:property>
        <con:property>
          <con:name>req_biId</con:name>
          <con:value>${Given properties for the test steps#biId1}</con:value>
        </con:property>
        <con:property>
          <con:name>res_status</con:name>
          <con:value>200</con:value>
        </con:property>
        <con:property>
          <con:name>res_code</con:name>
          <con:value/>
        </con:property>
        <con:property>
          <con:name>res_errorMessage</con:name>
          <con:value/>
        </con:property>
        <con:property>
          <con:name>req_fileName</con:name>
          <con:value>661b6d8b-378e-4836-bd53-c18969f9debc.csv</con:value>
        </con:property>
      </con:properties>
      <con:returnProperties>
        <con:entry>res_status</con:entry>
        <con:entry>res_code</con:entry>
        <con:entry>res_errorMessage</con:entry>
      </con:returnProperties>
      <con:runMode>PARALLELL</con:runMode>
    </con:config>
  </con:testStep>
  <con:testStep type="assertionteststep" name="Assertion for file upload / load - negative serial 4" id="047e4248-7b0e-4106-bc9e-d3ccfa9a7cb0">
    <con:settings/>
    <con:config xsi:type="con:AssertionTestStep" xmlns:xsi="http://www.w3.org/2001/XMLSchema-instance">
      <con:entry>
        <con:id>c1d0e0ac-3048-47cc-826e-ca56025f129c</con:id>
        <con:isGroup>false</con:isGroup>
        <con:sourceId>de72ae17-d23c-41f6-bd59-e67bf443a994</con:sourceId>
        <con:propertyName>res_status</con:propertyName>
        <con:assertion type="Simple Equals" name="Equals" id="58bd14d6-c7ec-4d5f-aae0-b054b1427942">
          <con:configuration>
            <patternText>200</patternText>
            <caseSensitive>true</caseSensitive>
          </con:configuration>
        </con:assertion>
      </con:entry>
    </con:config>
  </con:testStep>
  <con:testStep type="transfer" name="5 Property Transfer for adding aggregated Item - serial with character 5" id="84e2108b-f078-4edc-a248-a9739b1b6a58">
    <con:settings/>
    <con:config xsi:type="con:PropertyTransfersStep" xmlns:xsi="http://www.w3.org/2001/XMLSchema-instance">
      <con:transfers setNullOnMissingSource="true" transferTextContent="true" failOnError="true" ignoreEmpty="false" transferToAll="false" entitize="false" transferChildNodes="false">
        <con:name>biId</con:name>
        <con:sourceType>biId1</con:sourceType>
        <con:sourceStep>Given properties for the test steps</con:sourceStep>
        <con:sourcePath/>
        <con:targetType>req_biId</con:targetType>
        <con:targetStep>5 Add Aggregated serial Item - serial with character 5</con:targetStep>
        <con:targetPath/>
        <con:upgraded>true</con:upgraded>
      </con:transfers>
      <con:transfers setNullOnMissingSource="true" transferTextContent="true" failOnError="true" ignoreEmpty="false" transferToAll="false" entitize="false" transferChildNodes="false">
        <con:name>placeId</con:name>
        <con:sourceType>res_placeId</con:sourceType>
        <con:sourceStep>Create sales organization and user</con:sourceStep>
        <con:targetType>req_toPlaceId</con:targetType>
        <con:targetStep>5 Add Aggregated serial Item - serial with character 5</con:targetStep>
        <con:upgraded>true</con:upgraded>
      </con:transfers>
      <con:transfers setNullOnMissingSource="true" transferTextContent="true" failOnError="true" ignoreEmpty="false" transferToAll="false" entitize="false" transferChildNodes="false" disabled="true">
        <con:name>serialNumber</con:name>
        <con:sourceType>batchId</con:sourceType>
        <con:sourceStep>DataGen for current timeStamp</con:sourceStep>
        <con:targetType>req_startSerialNumber</con:targetType>
        <con:targetStep>Add Aggregated serial Item</con:targetStep>
        <con:upgraded>true</con:upgraded>
      </con:transfers>
      <con:transfers setNullOnMissingSource="true" transferTextContent="true" failOnError="true" ignoreEmpty="false" transferToAll="false" entitize="false" transferChildNodes="false">
        <con:name>soId</con:name>
        <con:sourceType>res_salesOrgId</con:sourceType>
        <con:sourceStep>Create sales organization and user</con:sourceStep>
        <con:targetType>req_soId</con:targetType>
        <con:targetStep>5 Add Aggregated serial Item - serial with character 5</con:targetStep>
        <con:upgraded>true</con:upgraded>
      </con:transfers>
      <con:transfers setNullOnMissingSource="true" transferTextContent="true" failOnError="true" ignoreEmpty="false" transferToAll="false" entitize="false" transferChildNodes="false">
        <con:name>quantity</con:name>
        <con:sourceType>quantity</con:sourceType>
        <con:sourceStep>Given properties for the test steps</con:sourceStep>
        <con:targetType>req_quantity</con:targetType>
        <con:targetStep>5 Add Aggregated serial Item - serial with character 5</con:targetStep>
        <con:upgraded>true</con:upgraded>
      </con:transfers>
      <con:transfers setNullOnMissingSource="true" transferTextContent="true" failOnError="true" ignoreEmpty="false" transferToAll="false" entitize="false" transferChildNodes="false">
        <con:name>purchaseDate</con:name>
        <con:sourceType>purchaseDate</con:sourceType>
        <con:sourceStep>Given properties for the test steps</con:sourceStep>
        <con:targetType>req_purchaseDate</con:targetType>
        <con:targetStep>5 Add Aggregated serial Item - serial with character 5</con:targetStep>
        <con:upgraded>true</con:upgraded>
      </con:transfers>
      <con:transfers setNullOnMissingSource="true" transferTextContent="true" failOnError="true" ignoreEmpty="false" transferToAll="false" entitize="false" transferChildNodes="false">
        <con:name>vendor</con:name>
        <con:sourceType>serialWithACharacter</con:sourceType>
        <con:sourceStep>Given properties for the test steps</con:sourceStep>
        <con:targetType>req_vendor</con:targetType>
        <con:targetStep>5 Add Aggregated serial Item - serial with character 5</con:targetStep>
        <con:upgraded>true</con:upgraded>
      </con:transfers>
    </con:config>
  </con:testStep>
  <con:testStep type="calltestcase" name="5 Add Aggregated serial Item - serial with character 5" id="d28cbd10-2017-4140-9957-376fb3ef20e0">
    <con:settings/>
    <con:config xsi:type="con:RunTestCaseStep" xmlns:xsi="http://www.w3.org/2001/XMLSchema-instance">
      <con:targetTestCase>56257bd7-ca12-4aa0-bc6c-f7c9fa9bea22</con:targetTestCase>
      <con:properties>
        <con:property>
          <con:name>req_biId</con:name>
          <con:value>1061</con:value>
        </con:property>
        <con:property>
          <con:name>req_soId</con:name>
          <con:value>31</con:value>
        </con:property>
        <con:property>
          <con:name>res_code</con:name>
          <con:value xsi:nil="true"/>
        </con:property>
        <con:property>
          <con:name>res_errorMessage</con:name>
          <con:value xsi:nil="true"/>
        </con:property>
        <con:property>
          <con:name>res_id</con:name>
          <con:value>629</con:value>
        </con:property>
        <con:property>
          <con:name>res_status</con:name>
          <con:value>201</con:value>
        </con:property>
        <con:property>
          <con:name>req_toPlaceId</con:name>
          <con:value>18</con:value>
        </con:property>
        <con:property>
          <con:name>req_quantity</con:name>
          <con:value>1</con:value>
        </con:property>
        <con:property>
          <con:name>req_purchaseDate</con:name>
          <con:value>2018-01-29T11:57:17.000Z</con:value>
        </con:property>
        <con:property>
          <con:name>res_errorCode</con:name>
          <con:value/>
        </con:property>
        <con:property>
          <con:name>req_startSerialNumber</con:name>
          <con:value xsi:nil="true"/>
        </con:property>
        <con:property>
          <con:name>req_endSerialNumber</con:name>
          <con:value xsi:nil="true"/>
        </con:property>
        <con:property>
          <con:name>req_vendor</con:name>
          <con:value>a36611</con:value>
        </con:property>
      </con:properties>
      <con:returnProperties>
        <con:entry>res_status</con:entry>
        <con:entry>res_code</con:entry>
        <con:entry>res_errorCode</con:entry>
        <con:entry>res_errorMessage</con:entry>
        <con:entry>res_id</con:entry>
      </con:returnProperties>
      <con:runMode>PARALLELL</con:runMode>
    </con:config>
  </con:testStep>
  <con:testStep type="assertionteststep" name="Assertion Add Aggregated serial Item - serial with character 5" id="bbf2ca9c-a48c-44c7-ade7-e759e70b323e">
    <con:settings/>
    <con:config xsi:type="con:AssertionTestStep" xmlns:xsi="http://www.w3.org/2001/XMLSchema-instance">
      <con:entry>
        <con:id>ab9b5b8b-5bce-40f5-9590-b2081da97707</con:id>
        <con:isGroup>false</con:isGroup>
        <con:sourceId>d28cbd10-2017-4140-9957-376fb3ef20e0</con:sourceId>
        <con:propertyName>res_status</con:propertyName>
        <con:assertion type="Simple Equals" name="Equals" id="8dfdb3e5-6c67-4cc7-8317-f295f3fce757">
          <con:configuration>
            <patternText>201</patternText>
            <caseSensitive>true</caseSensitive>
          </con:configuration>
        </con:assertion>
      </con:entry>
      <con:entry>
        <con:id>2f52e587-24da-4e32-b6d9-6575d04dfeb5</con:id>
        <con:isGroup>false</con:isGroup>
        <con:sourceId>d28cbd10-2017-4140-9957-376fb3ef20e0</con:sourceId>
        <con:propertyName>res_id</con:propertyName>
        <con:assertion type="Simple Contains" name="Contains" id="d476900b-88df-4247-b45f-4ab9e5326f55">
          <con:configuration>
            <token>\d+</token>
            <ignoreCase>false</ignoreCase>
            <useRegEx>true</useRegEx>
          </con:configuration>
        </con:assertion>
      </con:entry>
    </con:config>
  </con:testStep>
  <con:testStep type="transfer" name="5 Property Transfer aggId - serial with character 5" id="4635b98a-f1b2-4aa7-8c06-b053164e1e24">
    <con:settings/>
    <con:config xsi:type="con:PropertyTransfersStep" xmlns:xsi="http://www.w3.org/2001/XMLSchema-instance">
      <con:transfers setNullOnMissingSource="true" transferTextContent="true" failOnError="true" ignoreEmpty="false" transferToAll="false" entitize="false" transferChildNodes="false">
        <con:name>aggId</con:name>
        <con:sourceType>res_id</con:sourceType>
        <con:sourceStep>5 Add Aggregated serial Item - serial with character 5</con:sourceStep>
        <con:sourcePath/>
        <con:targetType>aggId5</con:targetType>
        <con:targetStep>Given properties for the test steps</con:targetStep>
        <con:targetPath/>
        <con:upgraded>true</con:upgraded>
      </con:transfers>
    </con:config>
  </con:testStep>
  <con:testStep type="datagen" name="DataGen for dynamic file name - serial with character 5" id="128f2eb7-6e61-405c-9c7a-90dc9707eb80">
    <con:settings/>
    <con:config xsi:type="con:DataGeneratorStep" xmlns:xsi="http://www.w3.org/2001/XMLSchema-instance">
      <con:property type="Script">
        <con:configuration>
          <script>def fileName = java.util.UUID.randomUUID();
def fileName2 =  ".csv";
return fileName.toString() + fileName2 ;</script>
        </con:configuration>
        <con:name>fileName</con:name>
        <con:mode>STEP</con:mode>
        <con:shared>false</con:shared>
      </con:property>
    </con:config>
  </con:testStep>
  <con:testStep type="transfer" name="Property Transfer file name - serial with character 5" id="935bdedf-0f3b-47c6-b51f-034c319feae6">
    <con:settings/>
    <con:config xsi:type="con:PropertyTransfersStep" xmlns:xsi="http://www.w3.org/2001/XMLSchema-instance">
      <con:transfers setNullOnMissingSource="true" transferTextContent="true" failOnError="true" ignoreEmpty="false" transferToAll="false" entitize="false" transferChildNodes="false">
        <con:name>filename</con:name>
        <con:sourceType>fileName</con:sourceType>
        <con:sourceStep>DataGen for dynamic file name - serial with character 5</con:sourceStep>
        <con:sourcePath/>
        <con:targetType>req_fileName</con:targetType>
        <con:targetStep>5 Create File with negative serial number - serial with character 5</con:targetStep>
        <con:targetPath/>
        <con:upgraded>true</con:upgraded>
      </con:transfers>
      <con:transfers setNullOnMissingSource="true" transferTextContent="true" failOnError="true" ignoreEmpty="false" transferToAll="false" entitize="false" transferChildNodes="false">
        <con:name>filenameUpload</con:name>
        <con:sourceType>fileName</con:sourceType>
        <con:sourceStep>DataGen for dynamic file name - serial with character 5</con:sourceStep>
        <con:targetType>req_fileName</con:targetType>
        <con:targetStep>5 File Upload - serial with character 5</con:targetStep>
        <con:upgraded>true</con:upgraded>
      </con:transfers>
    </con:config>
  </con:testStep>
  <con:testStep type="calltestcase" name="5 Create File with negative serial number - serial with character 5" id="69920bf3-0604-42be-83c1-5e1a5802e55a">
    <con:settings/>
    <con:config xsi:type="con:RunTestCaseStep" xmlns:xsi="http://www.w3.org/2001/XMLSchema-instance">
      <con:targetTestCase>879df46a-1625-4ad9-b9c2-fb221993fd89</con:targetTestCase>
      <con:properties>
        <con:property>
          <con:name>req_fileContent</con:name>
          <con:value>${Given properties for the test steps#aggId5};${Given properties for the test steps#serialWithACharacter};${Given properties for the test steps#serialWithACharacter};;</con:value>
        </con:property>
        <con:property>
          <con:name>req_fileName</con:name>
          <con:value>05e974a6-88fa-445f-9bd2-6fd6b4d08283.csv</con:value>
        </con:property>
      </con:properties>
      <con:returnProperties/>
      <con:runMode>PARALLELL</con:runMode>
    </con:config>
  </con:testStep>
  <con:testStep type="calltestcase" name="5 File Upload - serial with character 5" id="6ad52e1e-985f-4725-898d-0aa85d8eb85a">
    <con:settings/>
    <con:config xsi:type="con:RunTestCaseStep" xmlns:xsi="http://www.w3.org/2001/XMLSchema-instance">
      <con:targetTestCase>12a76b1d-482a-4d1a-90f8-9173c8c082f0</con:targetTestCase>
      <con:properties>
        <con:property>
          <con:name>req_biName</con:name>
          <con:value>stockin</con:value>
        </con:property>
        <con:property>
          <con:name>req_biId</con:name>
          <con:value>${Given properties for the test steps#biId1}</con:value>
        </con:property>
        <con:property>
          <con:name>res_status</con:name>
          <con:value>200</con:value>
        </con:property>
        <con:property>
          <con:name>res_code</con:name>
          <con:value/>
        </con:property>
        <con:property>
          <con:name>res_errorMessage</con:name>
          <con:value/>
        </con:property>
        <con:property>
          <con:name>req_fileName</con:name>
          <con:value>05e974a6-88fa-445f-9bd2-6fd6b4d08283.csv</con:value>
        </con:property>
      </con:properties>
      <con:returnProperties>
        <con:entry>res_status</con:entry>
        <con:entry>res_code</con:entry>
        <con:entry>res_errorMessage</con:entry>
      </con:returnProperties>
      <con:runMode>PARALLELL</con:runMode>
    </con:config>
  </con:testStep>
  <con:testStep type="assertionteststep" name="Assertion for file upload / load - serial with character 5" id="06d67369-94c7-4341-8c91-14fe3e6c1f4a">
    <con:settings/>
    <con:config xsi:type="con:AssertionTestStep" xmlns:xsi="http://www.w3.org/2001/XMLSchema-instance">
      <con:entry>
        <con:id>815c4910-2750-4628-b9f3-4cb500f1d6d9</con:id>
        <con:isGroup>false</con:isGroup>
        <con:sourceId>6ad52e1e-985f-4725-898d-0aa85d8eb85a</con:sourceId>
        <con:propertyName>res_status</con:propertyName>
        <con:assertion type="Simple Equals" name="Equals 2" id="e306ae59-c1c9-498b-ac50-0db5dc974a87">
          <con:configuration>
            <patternText>200</patternText>
            <caseSensitive>true</caseSensitive>
          </con:configuration>
        </con:assertion>
      </con:entry>
    </con:config>
  </con:testStep>
  <con:testStep type="transfer" name="Property Transfer for adding aggregated Item - serial_outofrange" id="a8c25798-2269-48e2-85b1-a2b0b603c4fc">
    <con:settings/>
    <con:config xsi:type="con:PropertyTransfersStep" xmlns:xsi="http://www.w3.org/2001/XMLSchema-instance">
      <con:transfers setNullOnMissingSource="true" transferTextContent="true" failOnError="true" ignoreEmpty="false" transferToAll="false" entitize="false" transferChildNodes="false">
        <con:name>biId</con:name>
        <con:sourceType>biId1</con:sourceType>
        <con:sourceStep>Given properties for the test steps</con:sourceStep>
        <con:sourcePath/>
        <con:targetType>req_biId</con:targetType>
        <con:targetStep>Add Aggregated serial Item - serial_outofrange</con:targetStep>
        <con:targetPath/>
        <con:upgraded>true</con:upgraded>
      </con:transfers>
      <con:transfers setNullOnMissingSource="true" transferTextContent="true" failOnError="true" ignoreEmpty="false" transferToAll="false" entitize="false" transferChildNodes="false">
        <con:name>placeId</con:name>
        <con:sourceType>res_placeId</con:sourceType>
        <con:sourceStep>Create sales organization and user</con:sourceStep>
        <con:targetType>req_toPlaceId</con:targetType>
        <con:targetStep>Add Aggregated serial Item - serial_outofrange</con:targetStep>
        <con:upgraded>true</con:upgraded>
      </con:transfers>
      <con:transfers setNullOnMissingSource="true" transferTextContent="true" failOnError="true" ignoreEmpty="false" transferToAll="false" entitize="false" transferChildNodes="false" disabled="true">
        <con:name>serialNumber</con:name>
        <con:sourceType>batchId</con:sourceType>
        <con:sourceStep>DataGen for current timeStamp</con:sourceStep>
        <con:targetType>req_startSerialNumber</con:targetType>
        <con:targetStep>Add Aggregated serial Item</con:targetStep>
        <con:upgraded>true</con:upgraded>
      </con:transfers>
      <con:transfers setNullOnMissingSource="true" transferTextContent="true" failOnError="true" ignoreEmpty="false" transferToAll="false" entitize="false" transferChildNodes="false">
        <con:name>soId</con:name>
        <con:sourceType>res_salesOrgId</con:sourceType>
        <con:sourceStep>Create sales organization and user</con:sourceStep>
        <con:targetType>req_soId</con:targetType>
        <con:targetStep>Add Aggregated serial Item - serial_outofrange</con:targetStep>
        <con:upgraded>true</con:upgraded>
      </con:transfers>
      <con:transfers setNullOnMissingSource="true" transferTextContent="true" failOnError="true" ignoreEmpty="false" transferToAll="false" entitize="false" transferChildNodes="false">
        <con:name>quantity</con:name>
        <con:sourceType>quantity2</con:sourceType>
        <con:sourceStep>Given properties for the test steps</con:sourceStep>
        <con:targetType>req_quantity</con:targetType>
        <con:targetStep>Add Aggregated serial Item - serial_outofrange</con:targetStep>
        <con:upgraded>true</con:upgraded>
      </con:transfers>
      <con:transfers setNullOnMissingSource="true" transferTextContent="true" failOnError="true" ignoreEmpty="false" transferToAll="false" entitize="false" transferChildNodes="false">
        <con:name>purchaseDate</con:name>
        <con:sourceType>purchaseDate</con:sourceType>
        <con:sourceStep>DataGen for current timeStamp</con:sourceStep>
        <con:targetType>req_purchaseDate</con:targetType>
        <con:targetStep>Add Aggregated serial Item - serial_outofrange</con:targetStep>
        <con:upgraded>true</con:upgraded>
      </con:transfers>
      <con:transfers setNullOnMissingSource="true" transferTextContent="true" failOnError="true" ignoreEmpty="false" transferToAll="false" entitize="false" transferChildNodes="false">
        <con:name>vendor</con:name>
        <con:sourceType>startSerial_outofrange</con:sourceType>
        <con:sourceStep>Given properties for the test steps</con:sourceStep>
        <con:targetType>req_vendor</con:targetType>
        <con:targetStep>Add Aggregated serial Item - serial_outofrange</con:targetStep>
        <con:upgraded>true</con:upgraded>
      </con:transfers>
    </con:config>
  </con:testStep>
  <con:testStep type="calltestcase" name="Add Aggregated serial Item - serial_outofrange" id="cd830c49-ddcb-432e-b891-f6ced4304d42">
    <con:settings/>
    <con:config xsi:type="con:RunTestCaseStep" xmlns:xsi="http://www.w3.org/2001/XMLSchema-instance">
      <con:targetTestCase>56257bd7-ca12-4aa0-bc6c-f7c9fa9bea22</con:targetTestCase>
      <con:properties>
        <con:property>
          <con:name>req_biId</con:name>
          <con:value>1061</con:value>
        </con:property>
        <con:property>
          <con:name>req_soId</con:name>
          <con:value>31</con:value>
        </con:property>
        <con:property>
          <con:name>res_code</con:name>
          <con:value xsi:nil="true"/>
        </con:property>
        <con:property>
          <con:name>res_errorMessage</con:name>
          <con:value xsi:nil="true"/>
        </con:property>
        <con:property>
          <con:name>res_id</con:name>
          <con:value>630</con:value>
        </con:property>
        <con:property>
          <con:name>res_status</con:name>
          <con:value>201</con:value>
        </con:property>
        <con:property>
          <con:name>req_toPlaceId</con:name>
          <con:value>18</con:value>
        </con:property>
        <con:property>
          <con:name>req_quantity</con:name>
          <con:value>2</con:value>
        </con:property>
        <con:property>
          <con:name>req_purchaseDate</con:name>
          <con:value>2018-03-06T00:00:00.000Z</con:value>
        </con:property>
        <con:property>
          <con:name>res_errorCode</con:name>
          <con:value/>
        </con:property>
        <con:property>
          <con:name>req_startSerialNumber</con:name>
          <con:value xsi:nil="true"/>
        </con:property>
        <con:property>
          <con:name>req_endSerialNumber</con:name>
          <con:value xsi:nil="true"/>
        </con:property>
        <con:property>
          <con:name>req_vendor</con:name>
          <con:value>8367</con:value>
        </con:property>
      </con:properties>
      <con:returnProperties>
        <con:entry>res_status</con:entry>
        <con:entry>res_code</con:entry>
        <con:entry>res_errorCode</con:entry>
        <con:entry>res_errorMessage</con:entry>
        <con:entry>res_id</con:entry>
      </con:returnProperties>
      <con:runMode>PARALLELL</con:runMode>
    </con:config>
  </con:testStep>
  <con:testStep type="assertionteststep" name="Assertion Add Aggregated serial Item - serial_outofrange" id="257a9b86-6918-411f-9e57-ffe4b4584546">
    <con:settings/>
    <con:config xsi:type="con:AssertionTestStep" xmlns:xsi="http://www.w3.org/2001/XMLSchema-instance">
      <con:entry>
        <con:id>8edafe2a-c36c-46e5-8ee7-5c75aa4f5c1d</con:id>
        <con:isGroup>false</con:isGroup>
        <con:sourceId>cd830c49-ddcb-432e-b891-f6ced4304d42</con:sourceId>
        <con:propertyName>res_status</con:propertyName>
        <con:assertion type="Simple Equals" name="Equals 2" id="32503cb3-cd20-4bb4-a26b-eb8bb56a8e1e">
          <con:configuration>
            <patternText>201</patternText>
            <caseSensitive>true</caseSensitive>
          </con:configuration>
        </con:assertion>
      </con:entry>
      <con:entry>
        <con:id>ae6b948b-3fd7-42c2-b853-b205da46c020</con:id>
        <con:isGroup>false</con:isGroup>
        <con:sourceId>cd830c49-ddcb-432e-b891-f6ced4304d42</con:sourceId>
        <con:propertyName>res_id</con:propertyName>
        <con:assertion type="Simple Contains" name="Contains" id="ca883700-4fbe-4180-bb1f-0915e668707a">
          <con:configuration>
            <token>\d+</token>
            <ignoreCase>false</ignoreCase>
            <useRegEx>true</useRegEx>
          </con:configuration>
        </con:assertion>
      </con:entry>
    </con:config>
  </con:testStep>
  <con:testStep type="transfer" name="Property Transfer aggId- serial_outofrange" id="d8213b9e-b4a2-41d3-9eec-79d1934fd444">
    <con:settings/>
    <con:config xsi:type="con:PropertyTransfersStep" xmlns:xsi="http://www.w3.org/2001/XMLSchema-instance">
      <con:transfers setNullOnMissingSource="true" transferTextContent="true" failOnError="true" ignoreEmpty="false" transferToAll="false" entitize="false" transferChildNodes="false">
        <con:name>aggId</con:name>
        <con:sourceType>res_id</con:sourceType>
        <con:sourceStep>Add Aggregated serial Item - serial_outofrange</con:sourceStep>
        <con:sourcePath/>
        <con:targetType>aggId_outofrange</con:targetType>
        <con:targetStep>Given properties for the test steps</con:targetStep>
        <con:targetPath/>
        <con:upgraded>true</con:upgraded>
      </con:transfers>
    </con:config>
  </con:testStep>
  <con:testStep type="datagen" name="EndSerial number calculation - serial_outofrange" id="cfaa3d42-1f22-433d-939c-a96fd76bfc97">
    <con:settings/>
    <con:config xsi:type="con:DataGeneratorStep" xmlns:xsi="http://www.w3.org/2001/XMLSchema-instance">
      <con:property type="Script">
        <con:configuration>
          <script>def endSerial = context.expand( '${Given properties for the test steps#startSerial_outofrange}' ).toInteger();
endSerial ++;
endSerial ++;
endSerial ++;
def endSerialString = endSerial.toString();
//def endSerial = context.expand( '${Given properties for the test steps#endSerial}' )
testRunner.testCase.testSteps["Given properties for the test steps"].setPropertyValue("endSerial_outofrange", endSerialString);

//return endSerial;</script>
        </con:configuration>
        <con:name>endSerial_outofrange</con:name>
        <con:mode>STEP</con:mode>
        <con:shared>false</con:shared>
      </con:property>
    </con:config>
  </con:testStep>
  <con:testStep type="datagen" name="DataGen for dynamic file name - serial_outofrange" id="b5232c65-8043-4593-a7fe-6392c36798fb">
    <con:settings/>
    <con:config xsi:type="con:DataGeneratorStep" xmlns:xsi="http://www.w3.org/2001/XMLSchema-instance">
      <con:property type="Script">
        <con:configuration>
          <script>def fileName = java.util.UUID.randomUUID();
def fileName2 =  ".csv";
return fileName.toString() + fileName2 ;</script>
        </con:configuration>
        <con:name>fileName</con:name>
        <con:mode>STEP</con:mode>
        <con:shared>false</con:shared>
      </con:property>
    </con:config>
  </con:testStep>
  <con:testStep type="transfer" name="Property Transfer file name - serial_outofrange" id="3f5ac431-cbde-4b8a-8f6f-33fda35bfa3b">
    <con:settings/>
    <con:config xsi:type="con:PropertyTransfersStep" xmlns:xsi="http://www.w3.org/2001/XMLSchema-instance">
      <con:transfers setNullOnMissingSource="true" transferTextContent="true" failOnError="true" ignoreEmpty="false" transferToAll="false" entitize="false" transferChildNodes="false">
        <con:name>filename</con:name>
        <con:sourceType>fileName</con:sourceType>
        <con:sourceStep>DataGen for dynamic file name - serial_outofrange</con:sourceStep>
        <con:sourcePath/>
        <con:targetType>req_fileName</con:targetType>
        <con:targetStep>Create File - serial_outofrange</con:targetStep>
        <con:targetPath/>
        <con:upgraded>true</con:upgraded>
      </con:transfers>
      <con:transfers setNullOnMissingSource="true" transferTextContent="true" failOnError="true" ignoreEmpty="false" transferToAll="false" entitize="false" transferChildNodes="false">
        <con:name>filenameUpload</con:name>
        <con:sourceType>fileName</con:sourceType>
        <con:sourceStep>DataGen for dynamic file name - serial_outofrange</con:sourceStep>
        <con:targetType>req_fileName</con:targetType>
        <con:targetStep>File Upload - serial_outofrange</con:targetStep>
        <con:upgraded>true</con:upgraded>
      </con:transfers>
    </con:config>
  </con:testStep>
  <con:testStep type="calltestcase" name="Create File - serial_outofrange" id="5a5e800d-bdde-4ff1-a68b-f512fef38635">
    <con:settings/>
    <con:config xsi:type="con:RunTestCaseStep" xmlns:xsi="http://www.w3.org/2001/XMLSchema-instance">
      <con:targetTestCase>879df46a-1625-4ad9-b9c2-fb221993fd89</con:targetTestCase>
      <con:properties>
        <con:property>
          <con:name>req_fileContent</con:name>
          <con:value>${Given properties for the test steps#aggId_outofrange};${Given properties for the test steps#startSerial_outofrange};${Given properties for the test steps#endSerial_outofrange};;</con:value>
        </con:property>
        <con:property>
          <con:name>req_fileName</con:name>
          <con:value>00130bca-7d52-41d9-b1fc-2c42f1162f09.csv</con:value>
        </con:property>
      </con:properties>
      <con:returnProperties/>
      <con:runMode>PARALLELL</con:runMode>
    </con:config>
  </con:testStep>
  <con:testStep type="calltestcase" name="File Upload - serial_outofrange" id="dd34ac8d-16d7-4376-be01-2359592902cc">
    <con:settings/>
    <con:config xsi:type="con:RunTestCaseStep" xmlns:xsi="http://www.w3.org/2001/XMLSchema-instance">
      <con:targetTestCase>12a76b1d-482a-4d1a-90f8-9173c8c082f0</con:targetTestCase>
      <con:properties>
        <con:property>
          <con:name>req_biName</con:name>
          <con:value>stockin</con:value>
        </con:property>
        <con:property>
          <con:name>req_biId</con:name>
          <con:value>${Given properties for the test steps#biId1}</con:value>
        </con:property>
        <con:property>
          <con:name>res_status</con:name>
          <con:value>200</con:value>
        </con:property>
        <con:property>
          <con:name>res_code</con:name>
          <con:value/>
        </con:property>
        <con:property>
          <con:name>res_errorMessage</con:name>
          <con:value/>
        </con:property>
        <con:property>
          <con:name>req_fileName</con:name>
          <con:value>00130bca-7d52-41d9-b1fc-2c42f1162f09.csv</con:value>
        </con:property>
      </con:properties>
      <con:returnProperties>
        <con:entry>res_status</con:entry>
        <con:entry>res_code</con:entry>
        <con:entry>res_errorMessage</con:entry>
      </con:returnProperties>
      <con:runMode>PARALLELL</con:runMode>
    </con:config>
  </con:testStep>
  <con:testStep type="assertionteststep" name="Assertion for upload / load - serial_outofrange" id="9ead322d-394f-4542-b96d-f47cbece3232">
    <con:settings/>
    <con:config xsi:type="con:AssertionTestStep" xmlns:xsi="http://www.w3.org/2001/XMLSchema-instance">
      <con:entry>
        <con:id>7903c9b0-0781-4f9b-91a1-0596fcab5767</con:id>
        <con:isGroup>false</con:isGroup>
        <con:sourceId>dd34ac8d-16d7-4376-be01-2359592902cc</con:sourceId>
        <con:propertyName>res_status</con:propertyName>
        <con:assertion type="Simple Equals" name="Equals" id="4bfb268b-8aa9-47f1-9c2e-c88b35af1fd4">
          <con:configuration>
            <patternText>200</patternText>
            <caseSensitive>true</caseSensitive>
          </con:configuration>
        </con:assertion>
      </con:entry>
    </con:config>
  </con:testStep>
  <con:testStep type="calltestcase" name="Load File" id="db00ea3b-d95b-40a3-898c-631312b1312e">
    <con:settings/>
    <con:config xsi:type="con:RunTestCaseStep" xmlns:xsi="http://www.w3.org/2001/XMLSchema-instance">
      <con:targetTestCase>4d599bf6-0171-400e-aac2-7f6ff9a1c08c</con:targetTestCase>
      <con:properties>
        <con:property>
          <con:name>req_biName</con:name>
          <con:value>stockin</con:value>
        </con:property>
        <con:property>
          <con:name>req_biId</con:name>
          <con:value>${Given properties for the test steps#biId1}</con:value>
        </con:property>
        <con:property>
          <con:name>res_status</con:name>
          <con:value>200</con:value>
        </con:property>
        <con:property>
          <con:name>res_errorMessage</con:name>
          <con:value/>
        </con:property>
        <con:property>
          <con:name>res_code</con:name>
          <con:value/>
        </con:property>
      </con:properties>
      <con:returnProperties>
        <con:entry>res_status</con:entry>
        <con:entry>res_errorMessage</con:entry>
        <con:entry>res_code</con:entry>
      </con:returnProperties>
      <con:runMode>PARALLELL</con:runMode>
    </con:config>
  </con:testStep>
  <con:testStep type="calltestcase" name="Load File -- duplicate error" id="2b7bd802-b135-4c01-b97d-ed16a973ff33">
    <con:settings/>
    <con:config xsi:type="con:RunTestCaseStep" xmlns:xsi="http://www.w3.org/2001/XMLSchema-instance">
      <con:targetTestCase>4d599bf6-0171-400e-aac2-7f6ff9a1c08c</con:targetTestCase>
      <con:properties>
        <con:property>
          <con:name>req_biName</con:name>
          <con:value>stockin</con:value>
        </con:property>
        <con:property>
          <con:name>req_biId</con:name>
          <con:value>${Given properties for the test steps#biId1}</con:value>
        </con:property>
        <con:property>
          <con:name>res_status</con:name>
          <con:value>400</con:value>
        </con:property>
        <con:property>
          <con:name>res_errorMessage</con:name>
          <con:value>BUSINESS_INTERACTION_IS_BUSY</con:value>
        </con:property>
        <con:property>
          <con:name>res_code</con:name>
          <con:value>BUSINESS_INTERACTION_IS_BUSY</con:value>
        </con:property>
      </con:properties>
      <con:returnProperties>
        <con:entry>res_status</con:entry>
        <con:entry>res_errorMessage</con:entry>
        <con:entry>res_code</con:entry>
      </con:returnProperties>
      <con:runMode>PARALLELL</con:runMode>
    </con:config>
  </con:testStep>
  <con:testStep type="assertionteststep" name="Assertion for file upload / load" id="8d9fb8dc-24df-4436-9dca-53054c03eaa1">
    <con:settings/>
    <con:config xsi:type="con:AssertionTestStep" xmlns:xsi="http://www.w3.org/2001/XMLSchema-instance">
      <con:entry>
        <con:id>55fa2abb-4f88-40c4-8779-26e706edc856</con:id>
        <con:isGroup>false</con:isGroup>
        <con:sourceId>db00ea3b-d95b-40a3-898c-631312b1312e</con:sourceId>
        <con:propertyName>res_status</con:propertyName>
        <con:assertion type="Simple Equals" name="Equals" id="79290f7d-ce45-4aa7-b1e7-fbd0f239e106">
          <con:configuration>
            <patternText>200</patternText>
            <caseSensitive>true</caseSensitive>
          </con:configuration>
        </con:assertion>
      </con:entry>
      <con:entry>
        <con:id>e8da7e6e-180b-4e8c-b415-c9b3d3a930e5</con:id>
        <con:isGroup>false</con:isGroup>
        <con:sourceId>025327d7-fb42-4705-b134-5d7c8440811e</con:sourceId>
        <con:propertyName>res_status</con:propertyName>
        <con:assertion type="Simple Equals" name="Equals 2" id="e089d3f6-373e-4dce-8291-b7f77366727a">
          <con:configuration>
            <patternText>200</patternText>
            <caseSensitive>true</caseSensitive>
          </con:configuration>
        </con:assertion>
      </con:entry>
      <con:entry>
        <con:id>fecc005e-5ac4-4740-9898-f146dd6bfd30</con:id>
        <con:isGroup>false</con:isGroup>
        <con:sourceId>f5082206-789e-4927-bf93-2a3952201c80</con:sourceId>
        <con:propertyName>res_errorMessage</con:propertyName>
        <con:assertion type="Simple Equals" name="FILE_NAME_SHOULD_BE_UNIQUE" id="5c8594e8-70a6-4076-88eb-d6821676eaa5">
          <con:configuration>
            <patternText>FILE_NAME_SHOULD_BE_UNIQUE</patternText>
            <caseSensitive>true</caseSensitive>
          </con:configuration>
        </con:assertion>
      </con:entry>
      <con:entry>
        <con:id>b1c401d8-ec94-4caa-8433-6805bd371462</con:id>
        <con:isGroup>false</con:isGroup>
        <con:sourceId>f5082206-789e-4927-bf93-2a3952201c80</con:sourceId>
        <con:propertyName>res_status</con:propertyName>
        <con:assertion type="Simple Equals" name="400" id="4a464832-49ca-4890-a71d-c1db0c0530b2">
          <con:configuration>
            <patternText>400</patternText>
            <caseSensitive>true</caseSensitive>
          </con:configuration>
        </con:assertion>
      </con:entry>
      <con:entry>
        <con:id>7be762e8-8a3a-4fa6-9146-ed65c9cf687f</con:id>
        <con:isGroup>false</con:isGroup>
        <con:sourceId>2b7bd802-b135-4c01-b97d-ed16a973ff33</con:sourceId>
        <con:propertyName>res_errorMessage</con:propertyName>
        <con:assertion type="Simple Equals" name="BUSINESS_INTERACTION_IS_BUSY" id="e2469cee-fa91-4506-904e-853ad1f73b3b">
          <con:configuration>
            <patternText>BUSINESS_INTERACTION_IS_BUSY</patternText>
            <caseSensitive>true</caseSensitive>
          </con:configuration>
        </con:assertion>
      </con:entry>
      <con:entry>
        <con:id>64cd577e-4b0b-4503-b11f-4ba16dd62c0f</con:id>
        <con:isGroup>false</con:isGroup>
        <con:sourceId>2b7bd802-b135-4c01-b97d-ed16a973ff33</con:sourceId>
        <con:propertyName>res_status</con:propertyName>
        <con:assertion type="Simple Equals" name="400 - load" id="f4940a30-d809-46a1-b82f-8898d39ceb79">
          <con:configuration>
            <patternText>400</patternText>
            <caseSensitive>true</caseSensitive>
          </con:configuration>
        </con:assertion>
      </con:entry>
    </con:config>
  </con:testStep>
  <con:testStep type="manualTestStep" name="---------------------------------" id="1b35db1a-38b3-4bb2-a522-cf0f5247554b" disabled="true">
    <con:settings/>
    <con:config xsi:type="con:ManualTestStep" xmlns:xsi="http://www.w3.org/2001/XMLSchema-instance"/>
  </con:testStep>
  <con:testStep type="transfer" name="Property Transfer Create stockIn interaction success 2" id="c9ceaf3c-f233-48e5-a9d1-49db8273427e">
    <con:settings/>
    <con:config xsi:type="con:PropertyTransfersStep" xmlns:xsi="http://www.w3.org/2001/XMLSchema-instance">
      <con:transfers setNullOnMissingSource="true" transferTextContent="true" failOnError="true" ignoreEmpty="false" transferToAll="false" entitize="false" transferChildNodes="false">
        <con:name>user</con:name>
        <con:sourceType>userId</con:sourceType>
        <con:sourceStep>Given properties for the test steps</con:sourceStep>
        <con:sourcePath/>
        <con:targetType>req_userRoleId</con:targetType>
        <con:targetStep>Create stockIn interaction success 2</con:targetStep>
        <con:targetPath/>
        <con:upgraded>true</con:upgraded>
      </con:transfers>
      <con:transfers setNullOnMissingSource="true" transferTextContent="true" failOnError="true" ignoreEmpty="false" transferToAll="false" entitize="false" transferChildNodes="false">
        <con:name>so</con:name>
        <con:sourceType>soId</con:sourceType>
        <con:sourceStep>Given properties for the test steps</con:sourceStep>
        <con:targetType>req_soRoleId</con:targetType>
        <con:targetStep>Create stockIn interaction success 2</con:targetStep>
        <con:upgraded>true</con:upgraded>
      </con:transfers>
      <con:transfers setNullOnMissingSource="true" transferTextContent="true" failOnError="true" ignoreEmpty="false" transferToAll="false" entitize="false" transferChildNodes="false">
        <con:name>biSpecCode</con:name>
        <con:sourceType>stockInBISpecCode</con:sourceType>
        <con:sourceStep>Given properties for the test steps</con:sourceStep>
        <con:targetType>req_biSpecCode</con:targetType>
        <con:targetStep>Create stockIn interaction success 2</con:targetStep>
        <con:upgraded>true</con:upgraded>
      </con:transfers>
    </con:config>
  </con:testStep>
  <con:testStep type="calltestcase" name="Create stockIn interaction success 2" id="f31f4d3f-129f-4559-b0dd-6287f2b36075">
    <con:settings/>
    <con:config xsi:type="con:RunTestCaseStep" xmlns:xsi="http://www.w3.org/2001/XMLSchema-instance">
      <con:targetTestCase>bba3ce34-4cc5-41fb-98a0-894988e91181</con:targetTestCase>
      <con:properties>
        <con:property>
          <con:name>req_biSpecCode</con:name>
          <con:value>STCKINBISPEC</con:value>
        </con:property>
        <con:property>
          <con:name>res_biId</con:name>
          <con:value>1071</con:value>
        </con:property>
        <con:property>
          <con:name>res_code</con:name>
          <con:value>201</con:value>
        </con:property>
        <con:property>
          <con:name>req_userRoleId</con:name>
          <con:value>33</con:value>
        </con:property>
        <con:property>
          <con:name>req_soRoleId</con:name>
          <con:value>31</con:value>
        </con:property>
        <con:property>
          <con:name>res_errorMessage</con:name>
          <con:value xsi:nil="true"/>
        </con:property>
        <con:property>
          <con:name>res_httpStatus</con:name>
          <con:value>201</con:value>
        </con:property>
      </con:properties>
      <con:returnProperties>
        <con:entry>res_biId</con:entry>
        <con:entry>res_code</con:entry>
        <con:entry>res_errorMessage</con:entry>
        <con:entry>res_httpStatus</con:entry>
      </con:returnProperties>
      <con:runMode>PARALLELL</con:runMode>
    </con:config>
  </con:testStep>
  <con:testStep type="assertionteststep" name="Assertion Create stickIn interraction success 2" id="d8ce3175-527b-451e-9f99-b4af550327e5">
    <con:settings/>
    <con:config xsi:type="con:AssertionTestStep" xmlns:xsi="http://www.w3.org/2001/XMLSchema-instance">
      <con:entry>
        <con:id>58cf3ab8-d089-4012-9e39-6ea7f423fdd4</con:id>
        <con:isGroup>false</con:isGroup>
        <con:sourceId>f31f4d3f-129f-4559-b0dd-6287f2b36075</con:sourceId>
        <con:propertyName>res_httpStatus</con:propertyName>
        <con:assertion type="Simple Equals" name="Equals" id="782c7246-b81a-4e85-9dcb-e394410b8799">
          <con:configuration>
            <patternText>201</patternText>
            <caseSensitive>true</caseSensitive>
          </con:configuration>
        </con:assertion>
      </con:entry>
      <con:entry>
        <con:id>0d993bc8-3a37-426c-a6f0-862c17473007</con:id>
        <con:isGroup>false</con:isGroup>
        <con:sourceId>f31f4d3f-129f-4559-b0dd-6287f2b36075</con:sourceId>
        <con:propertyName>res_biId</con:propertyName>
        <con:assertion type="Simple Contains" name="Contains" id="6efda895-1410-4594-82cc-30187c6fa80e">
          <con:configuration>
            <token>\d+</token>
            <ignoreCase>false</ignoreCase>
            <useRegEx>true</useRegEx>
          </con:configuration>
        </con:assertion>
      </con:entry>
    </con:config>
  </con:testStep>
  <con:testStep type="transfer" name="Property Transfer biId2" id="f013edbb-0903-4813-8398-1ff1eb2c79ea">
    <con:settings/>
    <con:config xsi:type="con:PropertyTransfersStep" xmlns:xsi="http://www.w3.org/2001/XMLSchema-instance">
      <con:transfers setNullOnMissingSource="true" transferTextContent="true" failOnError="true" ignoreEmpty="false" transferToAll="false" entitize="false" transferChildNodes="false">
        <con:name>biId</con:name>
        <con:sourceType>res_biId</con:sourceType>
        <con:sourceStep>Create stockIn interaction success 2</con:sourceStep>
        <con:sourcePath/>
        <con:targetType>biId2</con:targetType>
        <con:targetStep>Given properties for the test steps</con:targetStep>
        <con:targetPath/>
        <con:upgraded>true</con:upgraded>
      </con:transfers>
    </con:config>
  </con:testStep>
  <con:testStep type="transfer" name="Property Transfer for adding aggregated Item 2" id="307e7fc4-48f1-4afa-ae86-ab95d03880fe">
    <con:settings/>
    <con:config xsi:type="con:PropertyTransfersStep" xmlns:xsi="http://www.w3.org/2001/XMLSchema-instance">
      <con:transfers setNullOnMissingSource="true" transferTextContent="true" failOnError="true" ignoreEmpty="false" transferToAll="false" entitize="false" transferChildNodes="false">
        <con:name>biId</con:name>
        <con:sourceType>biId2</con:sourceType>
        <con:sourceStep>Given properties for the test steps</con:sourceStep>
        <con:sourcePath/>
        <con:targetType>req_biId</con:targetType>
        <con:targetStep>Add Aggregated serial Item 2</con:targetStep>
        <con:targetPath/>
        <con:upgraded>true</con:upgraded>
      </con:transfers>
      <con:transfers setNullOnMissingSource="true" transferTextContent="true" failOnError="true" ignoreEmpty="false" transferToAll="false" entitize="false" transferChildNodes="false">
        <con:name>placeId</con:name>
        <con:sourceType>res_placeId</con:sourceType>
        <con:sourceStep>Create sales organization and user</con:sourceStep>
        <con:targetType>req_toPlaceId</con:targetType>
        <con:targetStep>Add Aggregated serial Item 2</con:targetStep>
        <con:upgraded>true</con:upgraded>
      </con:transfers>
      <con:transfers setNullOnMissingSource="true" transferTextContent="true" failOnError="true" ignoreEmpty="false" transferToAll="false" entitize="false" transferChildNodes="false" disabled="true">
        <con:name>serialNumber</con:name>
        <con:sourceType>batchId</con:sourceType>
        <con:sourceStep>DataGen for current timeStamp</con:sourceStep>
        <con:targetType>req_startSerialNumber</con:targetType>
        <con:targetStep>Add Aggregated serial Item</con:targetStep>
        <con:upgraded>true</con:upgraded>
      </con:transfers>
      <con:transfers setNullOnMissingSource="true" transferTextContent="true" failOnError="true" ignoreEmpty="false" transferToAll="false" entitize="false" transferChildNodes="false">
        <con:name>soId</con:name>
        <con:sourceType>res_salesOrgId</con:sourceType>
        <con:sourceStep>Create sales organization and user</con:sourceStep>
        <con:targetType>req_soId</con:targetType>
        <con:targetStep>Add Aggregated serial Item 2</con:targetStep>
        <con:upgraded>true</con:upgraded>
      </con:transfers>
      <con:transfers setNullOnMissingSource="true" transferTextContent="true" failOnError="true" ignoreEmpty="false" transferToAll="false" entitize="false" transferChildNodes="false">
        <con:name>quantity</con:name>
        <con:sourceType>quantity2</con:sourceType>
        <con:sourceStep>Given properties for the test steps</con:sourceStep>
        <con:targetType>req_quantity</con:targetType>
        <con:targetStep>Add Aggregated serial Item 2</con:targetStep>
        <con:upgraded>true</con:upgraded>
      </con:transfers>
      <con:transfers setNullOnMissingSource="true" transferTextContent="true" failOnError="true" ignoreEmpty="false" transferToAll="false" entitize="false" transferChildNodes="false">
        <con:name>purchaseDate</con:name>
        <con:sourceType>purchaseDate</con:sourceType>
        <con:sourceStep>DataGen for current timeStamp</con:sourceStep>
        <con:targetType>req_purchaseDate</con:targetType>
        <con:targetStep>Add Aggregated serial Item 2</con:targetStep>
        <con:upgraded>true</con:upgraded>
      </con:transfers>
      <con:transfers setNullOnMissingSource="true" transferTextContent="true" failOnError="true" ignoreEmpty="false" transferToAll="false" entitize="false" transferChildNodes="false">
        <con:name>vendor</con:name>
        <con:sourceType>startSerial</con:sourceType>
        <con:sourceStep>Given properties for the test steps</con:sourceStep>
        <con:targetType>req_vendor</con:targetType>
        <con:targetStep>Add Aggregated serial Item 2</con:targetStep>
        <con:upgraded>true</con:upgraded>
      </con:transfers>
    </con:config>
  </con:testStep>
  <con:testStep type="calltestcase" name="Add Aggregated serial Item 2" id="7628bdb0-77fe-4471-a426-452191992bf5">
    <con:settings/>
    <con:config xsi:type="con:RunTestCaseStep" xmlns:xsi="http://www.w3.org/2001/XMLSchema-instance">
      <con:targetTestCase>56257bd7-ca12-4aa0-bc6c-f7c9fa9bea22</con:targetTestCase>
      <con:properties>
        <con:property>
          <con:name>req_biId</con:name>
          <con:value>1071</con:value>
        </con:property>
        <con:property>
          <con:name>req_soId</con:name>
          <con:value>31</con:value>
        </con:property>
        <con:property>
          <con:name>res_code</con:name>
          <con:value xsi:nil="true"/>
        </con:property>
        <con:property>
          <con:name>res_errorMessage</con:name>
          <con:value xsi:nil="true"/>
        </con:property>
        <con:property>
          <con:name>res_id</con:name>
          <con:value>631</con:value>
        </con:property>
        <con:property>
          <con:name>res_status</con:name>
          <con:value>201</con:value>
        </con:property>
        <con:property>
          <con:name>req_toPlaceId</con:name>
          <con:value>18</con:value>
        </con:property>
        <con:property>
          <con:name>req_quantity</con:name>
          <con:value>2</con:value>
        </con:property>
        <con:property>
          <con:name>req_purchaseDate</con:name>
          <con:value>2018-03-06T00:00:00.000Z</con:value>
        </con:property>
        <con:property>
          <con:name>res_errorCode</con:name>
          <con:value/>
        </con:property>
        <con:property>
          <con:name>req_startSerialNumber</con:name>
          <con:value xsi:nil="true"/>
        </con:property>
        <con:property>
          <con:name>req_endSerialNumber</con:name>
          <con:value xsi:nil="true"/>
        </con:property>
        <con:property>
          <con:name>req_vendor</con:name>
          <con:value>1366</con:value>
        </con:property>
      </con:properties>
      <con:returnProperties>
        <con:entry>res_status</con:entry>
        <con:entry>res_code</con:entry>
        <con:entry>res_errorCode</con:entry>
        <con:entry>res_errorMessage</con:entry>
        <con:entry>res_id</con:entry>
      </con:returnProperties>
      <con:runMode>PARALLELL</con:runMode>
    </con:config>
  </con:testStep>
  <con:testStep type="assertionteststep" name="Assertion Add Aggregated serial Item 2" id="a0e24359-ffc0-4483-bf45-2b742d1c9e66">
    <con:settings/>
    <con:config xsi:type="con:AssertionTestStep" xmlns:xsi="http://www.w3.org/2001/XMLSchema-instance">
      <con:entry>
        <con:id>9eb53fa1-2ada-42e6-bb91-50a4a83c1796</con:id>
        <con:isGroup>false</con:isGroup>
        <con:sourceId>7628bdb0-77fe-4471-a426-452191992bf5</con:sourceId>
        <con:propertyName>res_status</con:propertyName>
        <con:assertion type="Simple Equals" name="Equals" id="19ff0ccc-6f0f-4aba-9eb5-3221acc24fde">
          <con:configuration>
            <patternText>201</patternText>
            <caseSensitive>true</caseSensitive>
          </con:configuration>
        </con:assertion>
      </con:entry>
      <con:entry>
        <con:id>29bebfdb-bc56-4dbf-bae5-3bfc7867f9c9</con:id>
        <con:isGroup>false</con:isGroup>
        <con:sourceId>7628bdb0-77fe-4471-a426-452191992bf5</con:sourceId>
        <con:propertyName>res_id</con:propertyName>
        <con:assertion type="Simple Contains" name="Contains" id="9272ff3f-bf47-43af-b5fd-4a711bfac7b1">
          <con:configuration>
            <token>\d+</token>
            <ignoreCase>false</ignoreCase>
            <useRegEx>true</useRegEx>
          </con:configuration>
        </con:assertion>
      </con:entry>
    </con:config>
  </con:testStep>
  <con:testStep type="transfer" name="Property Transfer aggId2" id="711e865c-4bf7-4fc0-a43a-ea42183d5eac">
    <con:settings/>
    <con:config xsi:type="con:PropertyTransfersStep" xmlns:xsi="http://www.w3.org/2001/XMLSchema-instance">
      <con:transfers setNullOnMissingSource="true" transferTextContent="true" failOnError="true" ignoreEmpty="false" transferToAll="false" entitize="false" transferChildNodes="false">
        <con:name>aggId</con:name>
        <con:sourceType>res_id</con:sourceType>
        <con:sourceStep>Add Aggregated serial Item 2</con:sourceStep>
        <con:sourcePath/>
        <con:targetType>aggId2</con:targetType>
        <con:targetStep>Given properties for the test steps</con:targetStep>
        <con:targetPath/>
        <con:upgraded>true</con:upgraded>
      </con:transfers>
    </con:config>
  </con:testStep>
  <con:testStep type="calltestcase" name="Create File 2" id="a4707d37-ee27-4471-90ab-e9815f3ad458">
    <con:settings/>
    <con:config xsi:type="con:RunTestCaseStep" xmlns:xsi="http://www.w3.org/2001/XMLSchema-instance">
      <con:targetTestCase>16d0b0e6-0e29-4f1f-a0b4-d8ab54d75d88</con:targetTestCase>
      <con:properties>
        <con:property>
          <con:name>req_fileContent</con:name>
          <con:value>${Given properties for the test steps#aggId2};${Given properties for the test steps#startSerial};${Given properties for the test steps#endSerial};;</con:value>
        </con:property>
      </con:properties>
      <con:returnProperties/>
      <con:runMode>PARALLELL</con:runMode>
    </con:config>
  </con:testStep>
  <con:testStep type="calltestcase" name="File Upload 2" id="33c78345-1df0-481b-8a87-87dfa8c258ff">
    <con:settings/>
    <con:config xsi:type="con:RunTestCaseStep" xmlns:xsi="http://www.w3.org/2001/XMLSchema-instance">
      <con:targetTestCase>80aceab1-3f39-40bb-b945-f6bb316725d7</con:targetTestCase>
      <con:properties>
        <con:property>
          <con:name>req_biName</con:name>
          <con:value>stockin</con:value>
        </con:property>
        <con:property>
          <con:name>req_biId</con:name>
          <con:value>${Given properties for the test steps#biId2}</con:value>
        </con:property>
        <con:property>
          <con:name>res_status</con:name>
          <con:value>200</con:value>
        </con:property>
        <con:property>
          <con:name>res_code</con:name>
          <con:value/>
        </con:property>
        <con:property>
          <con:name>res_errorMessage</con:name>
          <con:value/>
        </con:property>
      </con:properties>
      <con:returnProperties>
        <con:entry>res_status</con:entry>
        <con:entry>res_errorMessage</con:entry>
        <con:entry>res_code</con:entry>
      </con:returnProperties>
      <con:runMode>PARALLELL</con:runMode>
    </con:config>
  </con:testStep>
  <con:testStep type="transfer" name="Property Transfer for adding aggregated Item  serialized wo - twoAggItemsOneFileOneAddItem" id="c51f5f49-295e-4ffb-91fe-0127e4aa053c">
    <con:settings/>
    <con:config xsi:type="con:PropertyTransfersStep" xmlns:xsi="http://www.w3.org/2001/XMLSchema-instance">
      <con:transfers setNullOnMissingSource="true" transferTextContent="true" failOnError="true" ignoreEmpty="false" transferToAll="false" entitize="false" transferChildNodes="false">
        <con:name>biId</con:name>
        <con:sourceType>biId2</con:sourceType>
        <con:sourceStep>Given properties for the test steps</con:sourceStep>
        <con:sourcePath/>
        <con:targetType>req_biId</con:targetType>
        <con:targetStep>Add Aggregated serial Item serialized wo range - twoAggItemsOneFileOneAddItem</con:targetStep>
        <con:targetPath/>
        <con:upgraded>true</con:upgraded>
      </con:transfers>
      <con:transfers setNullOnMissingSource="true" transferTextContent="true" failOnError="true" ignoreEmpty="false" transferToAll="false" entitize="false" transferChildNodes="false">
        <con:name>placeId</con:name>
        <con:sourceType>res_placeId</con:sourceType>
        <con:sourceStep>Create sales organization and user</con:sourceStep>
        <con:targetType>req_placeId</con:targetType>
        <con:targetStep>Add Aggregated serial Item serialized wo range - twoAggItemsOneFileOneAddItem</con:targetStep>
        <con:upgraded>true</con:upgraded>
      </con:transfers>
      <con:transfers setNullOnMissingSource="true" transferTextContent="true" failOnError="true" ignoreEmpty="false" transferToAll="false" entitize="false" transferChildNodes="false" disabled="false">
        <con:name>serialText</con:name>
        <con:sourceType>serial_woRange_twoAggItemsOneFileOneAddItem</con:sourceType>
        <con:sourceStep>DataGen for current timeStamp</con:sourceStep>
        <con:targetType>req_serialText</con:targetType>
        <con:targetStep>Add Aggregated serial Item serialized wo range - twoAggItemsOneFileOneAddItem</con:targetStep>
        <con:upgraded>true</con:upgraded>
      </con:transfers>
      <con:transfers setNullOnMissingSource="true" transferTextContent="true" failOnError="true" ignoreEmpty="false" transferToAll="false" entitize="false" transferChildNodes="false" disabled="false">
        <con:name>prodSpecExtId</con:name>
        <con:sourceType>prodSpecExtId_woRange</con:sourceType>
        <con:sourceStep>Given properties for the test steps</con:sourceStep>
        <con:targetType>req_prodSpecExtId</con:targetType>
        <con:targetStep>Add Aggregated serial Item serialized wo range - twoAggItemsOneFileOneAddItem</con:targetStep>
        <con:upgraded>true</con:upgraded>
      </con:transfers>
      <con:transfers setNullOnMissingSource="true" transferTextContent="true" failOnError="true" ignoreEmpty="false" transferToAll="false" entitize="false" transferChildNodes="false">
        <con:name>quantity</con:name>
        <con:sourceType>quantity</con:sourceType>
        <con:sourceStep>Given properties for the test steps</con:sourceStep>
        <con:targetType>req_batchId</con:targetType>
        <con:targetStep>Add Aggregated serial Item serialized wo range - twoAggItemsOneFileOneAddItem</con:targetStep>
        <con:upgraded>true</con:upgraded>
      </con:transfers>
      <con:transfers setNullOnMissingSource="true" transferTextContent="true" failOnError="true" ignoreEmpty="false" transferToAll="false" entitize="false" transferChildNodes="false" disabled="false">
        <con:name>desc</con:name>
        <con:sourceType>galaxynote4</con:sourceType>
        <con:sourceStep>Given properties for the test steps</con:sourceStep>
        <con:targetType>req_description</con:targetType>
        <con:targetStep>Add Aggregated serial Item serialized wo range - twoAggItemsOneFileOneAddItem</con:targetStep>
        <con:upgraded>true</con:upgraded>
      </con:transfers>
      <con:transfers setNullOnMissingSource="true" transferTextContent="true" failOnError="true" ignoreEmpty="false" transferToAll="false" entitize="false" transferChildNodes="false">
        <con:name>charExtId1</con:name>
        <con:sourceType>4</con:sourceType>
        <con:sourceStep>Given properties for the test steps</con:sourceStep>
        <con:targetType>req_charExtId1</con:targetType>
        <con:targetStep>Add Aggregated serial Item serialized wo range - twoAggItemsOneFileOneAddItem</con:targetStep>
        <con:upgraded>true</con:upgraded>
      </con:transfers>
      <con:transfers setNullOnMissingSource="true" transferTextContent="true" failOnError="true" ignoreEmpty="false" transferToAll="false" entitize="false" transferChildNodes="false">
        <con:name>charExtId2</con:name>
        <con:sourceType>5</con:sourceType>
        <con:sourceStep>Given properties for the test steps</con:sourceStep>
        <con:targetType>req_charExtId2</con:targetType>
        <con:targetStep>Add Aggregated serial Item serialized wo range - twoAggItemsOneFileOneAddItem</con:targetStep>
        <con:upgraded>true</con:upgraded>
      </con:transfers>
      <con:transfers setNullOnMissingSource="true" transferTextContent="true" failOnError="true" ignoreEmpty="false" transferToAll="false" entitize="false" transferChildNodes="false">
        <con:name>charExtId3</con:name>
        <con:sourceType>6</con:sourceType>
        <con:sourceStep>Given properties for the test steps</con:sourceStep>
        <con:targetType>req_charExtId3</con:targetType>
        <con:targetStep>Add Aggregated serial Item serialized wo range - twoAggItemsOneFileOneAddItem</con:targetStep>
        <con:upgraded>true</con:upgraded>
      </con:transfers>
      <con:transfers setNullOnMissingSource="true" transferTextContent="true" failOnError="true" ignoreEmpty="false" transferToAll="false" entitize="false" transferChildNodes="false">
        <con:name>charValue1</con:name>
        <con:sourceType>2-EXT</con:sourceType>
        <con:sourceStep>Given properties for the test steps</con:sourceStep>
        <con:targetType>req_charValueExtId1</con:targetType>
        <con:targetStep>Add Aggregated serial Item serialized wo range - twoAggItemsOneFileOneAddItem</con:targetStep>
        <con:upgraded>true</con:upgraded>
      </con:transfers>
      <con:transfers setNullOnMissingSource="true" transferTextContent="true" failOnError="true" ignoreEmpty="false" transferToAll="false" entitize="false" transferChildNodes="false">
        <con:name>charValue2</con:name>
        <con:sourceType>5-EXT</con:sourceType>
        <con:sourceStep>Given properties for the test steps</con:sourceStep>
        <con:targetType>req_charValueExtId2</con:targetType>
        <con:targetStep>Add Aggregated serial Item serialized wo range - twoAggItemsOneFileOneAddItem</con:targetStep>
        <con:upgraded>true</con:upgraded>
      </con:transfers>
      <con:transfers setNullOnMissingSource="true" transferTextContent="true" failOnError="true" ignoreEmpty="false" transferToAll="false" entitize="false" transferChildNodes="false">
        <con:name>charValue3</con:name>
        <con:sourceType>10-EXT</con:sourceType>
        <con:sourceStep>Given properties for the test steps</con:sourceStep>
        <con:targetType>req_charValueExtId3</con:targetType>
        <con:targetStep>Add Aggregated serial Item serialized wo range - twoAggItemsOneFileOneAddItem</con:targetStep>
        <con:upgraded>true</con:upgraded>
      </con:transfers>
      <con:transfers setNullOnMissingSource="true" transferTextContent="true" failOnError="true" ignoreEmpty="false" transferToAll="false" entitize="false" transferChildNodes="false">
        <con:name>status</con:name>
        <con:sourceType>quantity</con:sourceType>
        <con:sourceStep>Given properties for the test steps</con:sourceStep>
        <con:targetType>req_prodStatus</con:targetType>
        <con:targetStep>Add Aggregated serial Item serialized wo range - twoAggItemsOneFileOneAddItem</con:targetStep>
        <con:upgraded>true</con:upgraded>
      </con:transfers>
    </con:config>
  </con:testStep>
  <con:testStep type="calltestcase" name="Add Aggregated serial Item serialized wo range - twoAggItemsOneFileOneAddItem" id="8e8277e8-3e15-406e-bf0a-c0401b2541e4">
    <con:settings/>
    <con:config xsi:type="con:RunTestCaseStep" xmlns:xsi="http://www.w3.org/2001/XMLSchema-instance">
      <con:targetTestCase>017c7f5f-3317-42df-91bf-35c37a8e8427</con:targetTestCase>
      <con:properties>
        <con:property>
          <con:name>req_biId</con:name>
          <con:value>1071</con:value>
        </con:property>
        <con:property>
          <con:name>res_code</con:name>
          <con:value xsi:nil="true"/>
        </con:property>
        <con:property>
          <con:name>res_errorMessage</con:name>
          <con:value xsi:nil="true"/>
        </con:property>
        <con:property>
          <con:name>req_prodSpecExtId</con:name>
          <con:value>EXT-GALAXYNOTE4-1</con:value>
        </con:property>
        <con:property>
          <con:name>req_placeId</con:name>
          <con:value>18</con:value>
        </con:property>
        <con:property>
          <con:name>req_prodStatus</con:name>
          <con:value>1</con:value>
        </con:property>
        <con:property>
          <con:name>req_description</con:name>
          <con:value>galaxynote4</con:value>
        </con:property>
        <con:property>
          <con:name>req_charExtId1</con:name>
          <con:value>4</con:value>
        </con:property>
        <con:property>
          <con:name>req_charValueExtId1</con:name>
          <con:value>2-EXT</con:value>
        </con:property>
        <con:property>
          <con:name>req_charExtId2</con:name>
          <con:value>5</con:value>
        </con:property>
        <con:property>
          <con:name>req_charValueExtId2</con:name>
          <con:value>5-EXT</con:value>
        </con:property>
        <con:property>
          <con:name>req_charExtId3</con:name>
          <con:value>6</con:value>
        </con:property>
        <con:property>
          <con:name>req_charValueExtId3</con:name>
          <con:value>10-EXT</con:value>
        </con:property>
        <con:property>
          <con:name>req_serialText</con:name>
          <con:value>6371</con:value>
        </con:property>
        <con:property>
          <con:name>req_batchId</con:name>
          <con:value>1</con:value>
        </con:property>
        <con:property>
          <con:name>res_itemId</con:name>
          <con:value>632</con:value>
        </con:property>
      </con:properties>
      <con:returnProperties>
        <con:entry>res_itemId</con:entry>
        <con:entry>res_code</con:entry>
        <con:entry>res_errorMessage</con:entry>
      </con:returnProperties>
      <con:runMode>PARALLELL</con:runMode>
    </con:config>
  </con:testStep>
  <con:testStep type="assertionteststep" name="Assertion Add Aggregated serial Item serialized wo range - twoAggItemsOneFileOneAddItem" id="97c2b7ca-0974-422d-8b54-17e269b05810">
    <con:settings/>
    <con:config xsi:type="con:AssertionTestStep" xmlns:xsi="http://www.w3.org/2001/XMLSchema-instance">
      <con:entry>
        <con:id>b59bd9d7-5a9c-481f-bc6e-a566c6521fb0</con:id>
        <con:isGroup>false</con:isGroup>
        <con:sourceId>8e8277e8-3e15-406e-bf0a-c0401b2541e4</con:sourceId>
        <con:propertyName>res_itemId</con:propertyName>
        <con:assertion type="Simple Contains" name="Contains" id="cfb8e3c8-938b-4984-a3a7-577e7332fd57">
          <con:configuration>
            <token>\d+</token>
            <ignoreCase>false</ignoreCase>
            <useRegEx>true</useRegEx>
          </con:configuration>
        </con:assertion>
      </con:entry>
    </con:config>
  </con:testStep>
  <con:testStep type="datagen" name="EndSerial number calculation" id="f51956b3-2fc5-45e3-b523-efd880397b1f" disabled="true">
    <con:settings/>
    <con:config xsi:type="con:DataGeneratorStep" xmlns:xsi="http://www.w3.org/2001/XMLSchema-instance">
      <con:property type="Script">
        <con:configuration>
          <script>def endSerial = context.expand( '${Given properties for the test steps#endSerial}' ).toInteger();
endSerial ++;
def endSerialString = endSerial.toString();
//def endSerial = context.expand( '${Given properties for the test steps#endSerial}' )
testRunner.testCase.testSteps["Given properties for the test steps"].setPropertyValue("endSerial", endSerialString);

//return endSerial;</script>
        </con:configuration>
        <con:name>endSerial</con:name>
        <con:mode>STEP</con:mode>
        <con:shared>false</con:shared>
      </con:property>
    </con:config>
  </con:testStep>
  <con:testStep type="transfer" name="6 Property Transfer for adding aggregated Item - nonSerialized with serialNumber 6" id="61de713f-a599-4edb-80c3-23f1995f9e4c">
    <con:settings/>
    <con:config xsi:type="con:PropertyTransfersStep" xmlns:xsi="http://www.w3.org/2001/XMLSchema-instance">
      <con:transfers setNullOnMissingSource="true" transferTextContent="true" failOnError="true" ignoreEmpty="false" transferToAll="false" entitize="false" transferChildNodes="false">
        <con:name>biId</con:name>
        <con:sourceType>biId2</con:sourceType>
        <con:sourceStep>Given properties for the test steps</con:sourceStep>
        <con:sourcePath/>
        <con:targetType>req_biId</con:targetType>
        <con:targetStep>6 Add Aggregated serial Item - nonSerialized with serialNumber 6</con:targetStep>
        <con:targetPath/>
        <con:upgraded>true</con:upgraded>
      </con:transfers>
      <con:transfers setNullOnMissingSource="true" transferTextContent="true" failOnError="true" ignoreEmpty="false" transferToAll="false" entitize="false" transferChildNodes="false">
        <con:name>placeId</con:name>
        <con:sourceType>res_placeId</con:sourceType>
        <con:sourceStep>Create sales organization and user</con:sourceStep>
        <con:targetType>req_toPlaceId</con:targetType>
        <con:targetStep>6 Add Aggregated serial Item - nonSerialized with serialNumber 6</con:targetStep>
        <con:upgraded>true</con:upgraded>
      </con:transfers>
      <con:transfers setNullOnMissingSource="true" transferTextContent="true" failOnError="true" ignoreEmpty="false" transferToAll="false" entitize="false" transferChildNodes="false" disabled="true">
        <con:name>serialNumber</con:name>
        <con:sourceType>batchId</con:sourceType>
        <con:sourceStep>DataGen for current timeStamp</con:sourceStep>
        <con:targetType>req_startSerialNumber</con:targetType>
        <con:targetStep>Add Aggregated serial Item</con:targetStep>
        <con:upgraded>true</con:upgraded>
      </con:transfers>
      <con:transfers setNullOnMissingSource="true" transferTextContent="true" failOnError="true" ignoreEmpty="false" transferToAll="false" entitize="false" transferChildNodes="false">
        <con:name>soId</con:name>
        <con:sourceType>res_salesOrgId</con:sourceType>
        <con:sourceStep>Create sales organization and user</con:sourceStep>
        <con:targetType>req_soId</con:targetType>
        <con:targetStep>6 Add Aggregated serial Item - nonSerialized with serialNumber 6</con:targetStep>
        <con:upgraded>true</con:upgraded>
      </con:transfers>
      <con:transfers setNullOnMissingSource="true" transferTextContent="true" failOnError="true" ignoreEmpty="false" transferToAll="false" entitize="false" transferChildNodes="false">
        <con:name>quantity</con:name>
        <con:sourceType>quantity</con:sourceType>
        <con:sourceStep>Given properties for the test steps</con:sourceStep>
        <con:targetType>req_quantity</con:targetType>
        <con:targetStep>6 Add Aggregated serial Item - nonSerialized with serialNumber 6</con:targetStep>
        <con:upgraded>true</con:upgraded>
      </con:transfers>
      <con:transfers setNullOnMissingSource="true" transferTextContent="true" failOnError="true" ignoreEmpty="false" transferToAll="false" entitize="false" transferChildNodes="false">
        <con:name>purchaseDate</con:name>
        <con:sourceType>purchaseDate</con:sourceType>
        <con:sourceStep>Given properties for the test steps</con:sourceStep>
        <con:targetType>req_purchaseDate</con:targetType>
        <con:targetStep>6 Add Aggregated serial Item - nonSerialized with serialNumber 6</con:targetStep>
        <con:upgraded>true</con:upgraded>
      </con:transfers>
    </con:config>
  </con:testStep>
  <con:testStep type="calltestcase" name="6 Add Aggregated serial Item - nonSerialized with serialNumber 6" id="f8f080cf-4624-4d01-83ac-856484c47025">
    <con:settings/>
    <con:config xsi:type="con:RunTestCaseStep" xmlns:xsi="http://www.w3.org/2001/XMLSchema-instance">
      <con:targetTestCase>5b682848-55d0-40d6-a04c-3744672801b3</con:targetTestCase>
      <con:properties>
        <con:property>
          <con:name>req_biId</con:name>
          <con:value>1071</con:value>
        </con:property>
        <con:property>
          <con:name>req_soId</con:name>
          <con:value>31</con:value>
        </con:property>
        <con:property>
          <con:name>res_code</con:name>
          <con:value xsi:nil="true"/>
        </con:property>
        <con:property>
          <con:name>res_errorMessage</con:name>
          <con:value xsi:nil="true"/>
        </con:property>
        <con:property>
          <con:name>res_id</con:name>
          <con:value>634</con:value>
        </con:property>
        <con:property>
          <con:name>res_status</con:name>
          <con:value>201</con:value>
        </con:property>
        <con:property>
          <con:name>req_toPlaceId</con:name>
          <con:value>18</con:value>
        </con:property>
        <con:property>
          <con:name>req_quantity</con:name>
          <con:value>1</con:value>
        </con:property>
        <con:property>
          <con:name>req_purchaseDate</con:name>
          <con:value>2018-01-29T11:57:17.000Z</con:value>
        </con:property>
        <con:property>
          <con:name>res_errorCode</con:name>
          <con:value/>
        </con:property>
      </con:properties>
      <con:returnProperties>
        <con:entry>res_status</con:entry>
        <con:entry>res_code</con:entry>
        <con:entry>res_errorCode</con:entry>
        <con:entry>res_errorMessage</con:entry>
        <con:entry>res_id</con:entry>
      </con:returnProperties>
      <con:runMode>PARALLELL</con:runMode>
    </con:config>
  </con:testStep>
  <con:testStep type="assertionteststep" name="6 Assertion Add Aggregated serial Item - nonSerialized with serialNumber 6" id="d6e952e8-acba-4492-8d26-50f055f5a1a7">
    <con:settings/>
    <con:config xsi:type="con:AssertionTestStep" xmlns:xsi="http://www.w3.org/2001/XMLSchema-instance">
      <con:entry>
        <con:id>a8e707a0-e4b5-4ab1-a328-5bd087311283</con:id>
        <con:isGroup>false</con:isGroup>
        <con:sourceId>f8f080cf-4624-4d01-83ac-856484c47025</con:sourceId>
        <con:propertyName>res_id</con:propertyName>
        <con:assertion type="Simple Contains" name="Contains" id="7d94f2b6-cde0-47a0-9bd4-3cac94fcfeaf">
          <con:configuration>
            <token>\d+</token>
            <ignoreCase>false</ignoreCase>
            <useRegEx>true</useRegEx>
          </con:configuration>
        </con:assertion>
      </con:entry>
      <con:entry>
        <con:id>cbbe6d7a-85c1-4c07-8532-78302e001dba</con:id>
        <con:isGroup>false</con:isGroup>
        <con:sourceId>f8f080cf-4624-4d01-83ac-856484c47025</con:sourceId>
        <con:propertyName>res_status</con:propertyName>
        <con:assertion type="Simple Equals" name="Equals" id="6e0e687f-b425-4805-ba01-57226d7faba7">
          <con:configuration>
            <patternText>201</patternText>
            <caseSensitive>true</caseSensitive>
          </con:configuration>
        </con:assertion>
      </con:entry>
    </con:config>
  </con:testStep>
  <con:testStep type="transfer" name="6 Property Transfer aggId - nonSerialized with serialNumber 6" id="cda35aed-6ef5-468c-a16f-e9243ffed49b">
    <con:settings/>
    <con:config xsi:type="con:PropertyTransfersStep" xmlns:xsi="http://www.w3.org/2001/XMLSchema-instance">
      <con:transfers setNullOnMissingSource="true" transferTextContent="true" failOnError="true" ignoreEmpty="false" transferToAll="false" entitize="false" transferChildNodes="false">
        <con:name>aggId</con:name>
        <con:sourceType>res_id</con:sourceType>
        <con:sourceStep>6 Add Aggregated serial Item - nonSerialized with serialNumber 6</con:sourceStep>
        <con:sourcePath/>
        <con:targetType>aggId6</con:targetType>
        <con:targetStep>Given properties for the test steps</con:targetStep>
        <con:targetPath/>
        <con:upgraded>true</con:upgraded>
      </con:transfers>
    </con:config>
  </con:testStep>
  <con:testStep type="datagen" name="DataGen for dynamic file name - nonSerialized with serialNumber 6" id="9525fe30-fade-4097-9fbc-5a710d095e69">
    <con:settings/>
    <con:config xsi:type="con:DataGeneratorStep" xmlns:xsi="http://www.w3.org/2001/XMLSchema-instance">
      <con:property type="Script">
        <con:configuration>
          <script>def fileName = java.util.UUID.randomUUID();
def fileName2 =  ".csv";
return fileName.toString() + fileName2 ;</script>
        </con:configuration>
        <con:name>fileName</con:name>
        <con:mode>STEP</con:mode>
        <con:shared>false</con:shared>
      </con:property>
    </con:config>
  </con:testStep>
  <con:testStep type="transfer" name="Property Transfer file name - nonSerialized with serialNumber 6" id="5aedaabd-9e3e-4579-8736-05fce0107638">
    <con:settings/>
    <con:config xsi:type="con:PropertyTransfersStep" xmlns:xsi="http://www.w3.org/2001/XMLSchema-instance">
      <con:transfers setNullOnMissingSource="true" transferTextContent="true" failOnError="true" ignoreEmpty="false" transferToAll="false" entitize="false" transferChildNodes="false">
        <con:name>filename</con:name>
        <con:sourceType>fileName</con:sourceType>
        <con:sourceStep>DataGen for dynamic file name - nonSerialized with serialNumber 6</con:sourceStep>
        <con:sourcePath/>
        <con:targetType>req_fileName</con:targetType>
        <con:targetStep>6 Create File - nonSerialized with serialNumber 6</con:targetStep>
        <con:targetPath/>
        <con:upgraded>true</con:upgraded>
      </con:transfers>
      <con:transfers setNullOnMissingSource="true" transferTextContent="true" failOnError="true" ignoreEmpty="false" transferToAll="false" entitize="false" transferChildNodes="false">
        <con:name>filenameUpload</con:name>
        <con:sourceType>fileName</con:sourceType>
        <con:sourceStep>DataGen for dynamic file name - nonSerialized with serialNumber 6</con:sourceStep>
        <con:targetType>req_fileName</con:targetType>
        <con:targetStep>6 File Upload - nonSerialized with serialNumber 6</con:targetStep>
        <con:upgraded>true</con:upgraded>
      </con:transfers>
    </con:config>
  </con:testStep>
  <con:testStep type="calltestcase" name="6 Create File - nonSerialized with serialNumber 6" id="04dff87e-8d7c-4061-b9fe-ee0f3d1a7e5b">
    <con:settings/>
    <con:config xsi:type="con:RunTestCaseStep" xmlns:xsi="http://www.w3.org/2001/XMLSchema-instance">
      <con:targetTestCase>879df46a-1625-4ad9-b9c2-fb221993fd89</con:targetTestCase>
      <con:properties>
        <con:property>
          <con:name>req_fileContent</con:name>
          <con:value>${Given properties for the test steps#aggId6};${Given properties for the test steps#serialWithACharacter};${Given properties for the test steps#serialWithACharacter};;</con:value>
        </con:property>
        <con:property>
          <con:name>req_fileName</con:name>
          <con:value>90cb1e2f-f9d0-4054-9103-31b5b9aba520.csv</con:value>
        </con:property>
      </con:properties>
      <con:returnProperties/>
      <con:runMode>PARALLELL</con:runMode>
    </con:config>
  </con:testStep>
  <con:testStep type="calltestcase" name="6 File Upload - nonSerialized with serialNumber 6" id="8c50be57-02a0-4457-931d-507f1ce6b3e8">
    <con:settings/>
    <con:config xsi:type="con:RunTestCaseStep" xmlns:xsi="http://www.w3.org/2001/XMLSchema-instance">
      <con:targetTestCase>12a76b1d-482a-4d1a-90f8-9173c8c082f0</con:targetTestCase>
      <con:properties>
        <con:property>
          <con:name>req_biName</con:name>
          <con:value>stockin</con:value>
        </con:property>
        <con:property>
          <con:name>req_biId</con:name>
          <con:value>${Given properties for the test steps#biId2}</con:value>
        </con:property>
        <con:property>
          <con:name>res_status</con:name>
          <con:value>200</con:value>
        </con:property>
        <con:property>
          <con:name>res_code</con:name>
          <con:value/>
        </con:property>
        <con:property>
          <con:name>res_errorMessage</con:name>
          <con:value/>
        </con:property>
        <con:property>
          <con:name>req_fileName</con:name>
          <con:value>90cb1e2f-f9d0-4054-9103-31b5b9aba520.csv</con:value>
        </con:property>
      </con:properties>
      <con:returnProperties>
        <con:entry>res_status</con:entry>
        <con:entry>res_code</con:entry>
        <con:entry>res_errorMessage</con:entry>
      </con:returnProperties>
      <con:runMode>PARALLELL</con:runMode>
    </con:config>
  </con:testStep>
  <con:testStep type="assertionteststep" name="6 Assertion for file upload / load - nonSerialized with serialNumber 6" id="6a29143a-4ad0-4f08-a4a8-945b50b85392">
    <con:settings/>
    <con:config xsi:type="con:AssertionTestStep" xmlns:xsi="http://www.w3.org/2001/XMLSchema-instance">
      <con:entry>
        <con:id>e1694edc-efdc-4f6d-8e5b-9192fb03e8bc</con:id>
        <con:isGroup>false</con:isGroup>
        <con:sourceId>8c50be57-02a0-4457-931d-507f1ce6b3e8</con:sourceId>
        <con:propertyName>res_status</con:propertyName>
        <con:assertion type="Simple Equals" name="Equals" id="eb3c71e3-740e-4a74-85fc-0a6a592624c2">
          <con:configuration>
            <patternText>200</patternText>
            <caseSensitive>true</caseSensitive>
          </con:configuration>
        </con:assertion>
      </con:entry>
    </con:config>
  </con:testStep>
  <con:testStep type="calltestcase" name="Load File 2" id="fb594964-46a0-42a6-bf9b-2816da2ba27b">
    <con:settings/>
    <con:config xsi:type="con:RunTestCaseStep" xmlns:xsi="http://www.w3.org/2001/XMLSchema-instance">
      <con:targetTestCase>4d599bf6-0171-400e-aac2-7f6ff9a1c08c</con:targetTestCase>
      <con:properties>
        <con:property>
          <con:name>req_biName</con:name>
          <con:value>stockin</con:value>
        </con:property>
        <con:property>
          <con:name>req_biId</con:name>
          <con:value>${Given properties for the test steps#biId2}</con:value>
        </con:property>
        <con:property>
          <con:name>res_status</con:name>
          <con:value>200</con:value>
        </con:property>
        <con:property>
          <con:name>res_errorMessage</con:name>
          <con:value/>
        </con:property>
        <con:property>
          <con:name>res_code</con:name>
          <con:value/>
        </con:property>
      </con:properties>
      <con:returnProperties>
        <con:entry>res_status</con:entry>
        <con:entry>res_errorMessage</con:entry>
        <con:entry>res_code</con:entry>
      </con:returnProperties>
      <con:runMode>PARALLELL</con:runMode>
    </con:config>
  </con:testStep>
  <con:testStep type="assertionteststep" name="Assertion for upload / load 2" id="791d80bf-a9ab-4239-8d8c-ce171d548c98">
    <con:settings/>
    <con:config xsi:type="con:AssertionTestStep" xmlns:xsi="http://www.w3.org/2001/XMLSchema-instance">
      <con:entry>
        <con:id>7b7f2822-cafe-4be8-ae04-3f4f85624a7f</con:id>
        <con:isGroup>false</con:isGroup>
        <con:sourceId>33c78345-1df0-481b-8a87-87dfa8c258ff</con:sourceId>
        <con:propertyName>res_status</con:propertyName>
        <con:assertion type="Simple Equals" name="Equals" id="0a78ee68-1e1a-4312-89c7-d7ceda0e58dd">
          <con:configuration>
            <patternText>200</patternText>
            <caseSensitive>true</caseSensitive>
          </con:configuration>
        </con:assertion>
      </con:entry>
      <con:entry>
        <con:id>2aa94c34-ae8f-4b71-9493-7296e9ff05bf</con:id>
        <con:isGroup>false</con:isGroup>
        <con:sourceId>fb594964-46a0-42a6-bf9b-2816da2ba27b</con:sourceId>
        <con:propertyName>res_status</con:propertyName>
        <con:assertion type="Simple Equals" name="Equals 2" id="49116d27-cce5-461e-891b-38196b3efc66">
          <con:configuration>
            <patternText>200</patternText>
            <caseSensitive>true</caseSensitive>
          </con:configuration>
        </con:assertion>
      </con:entry>
    </con:config>
  </con:testStep>
  <con:testStep type="manualTestStep" name="--------------------------------------" id="448a2fb8-4d1c-4c2a-97bb-200f458c9ae4" disabled="true">
    <con:settings/>
    <con:config xsi:type="con:ManualTestStep" xmlns:xsi="http://www.w3.org/2001/XMLSchema-instance"/>
  </con:testStep>
  <con:testStep type="transfer" name="Property Transfer Create stockIn interaction success 3 - STCKINAPPROVALBISPEC" id="10b4d02a-3d25-4bdf-82b3-d9f45deec615">
    <con:settings/>
    <con:config xsi:type="con:PropertyTransfersStep" xmlns:xsi="http://www.w3.org/2001/XMLSchema-instance">
      <con:transfers setNullOnMissingSource="true" transferTextContent="true" failOnError="true" ignoreEmpty="false" transferToAll="false" entitize="false" transferChildNodes="false">
        <con:name>user</con:name>
        <con:sourceType>userId</con:sourceType>
        <con:sourceStep>Given properties for the test steps</con:sourceStep>
        <con:sourcePath/>
        <con:targetType>req_userRoleId</con:targetType>
        <con:targetStep>Create stockIn interaction success 3 - STCKINAPPROVALBISPEC</con:targetStep>
        <con:targetPath/>
        <con:upgraded>true</con:upgraded>
      </con:transfers>
      <con:transfers setNullOnMissingSource="true" transferTextContent="true" failOnError="true" ignoreEmpty="false" transferToAll="false" entitize="false" transferChildNodes="false">
        <con:name>so</con:name>
        <con:sourceType>soId</con:sourceType>
        <con:sourceStep>Given properties for the test steps</con:sourceStep>
        <con:targetType>req_soRoleId</con:targetType>
        <con:targetStep>Create stockIn interaction success 3 - STCKINAPPROVALBISPEC</con:targetStep>
        <con:upgraded>true</con:upgraded>
      </con:transfers>
      <con:transfers setNullOnMissingSource="true" transferTextContent="true" failOnError="true" ignoreEmpty="false" transferToAll="false" entitize="false" transferChildNodes="false">
        <con:name>biSpecCode</con:name>
        <con:sourceType>STCKINAPPROVALBISPEC</con:sourceType>
        <con:sourceStep>Given properties for the test steps</con:sourceStep>
        <con:targetType>req_biSpecCode</con:targetType>
        <con:targetStep>Create stockIn interaction success 3 - STCKINAPPROVALBISPEC</con:targetStep>
        <con:upgraded>true</con:upgraded>
      </con:transfers>
    </con:config>
  </con:testStep>
  <con:testStep type="calltestcase" name="Create stockIn interaction success 3 - STCKINAPPROVALBISPEC" id="7b1997ed-e79b-4bb6-aa89-2f32cd80c3dd">
    <con:settings/>
    <con:config xsi:type="con:RunTestCaseStep" xmlns:xsi="http://www.w3.org/2001/XMLSchema-instance">
      <con:targetTestCase>bba3ce34-4cc5-41fb-98a0-894988e91181</con:targetTestCase>
      <con:properties>
        <con:property>
          <con:name>req_biSpecCode</con:name>
          <con:value>STCKINAPPROVALBISPEC</con:value>
        </con:property>
        <con:property>
          <con:name>res_biId</con:name>
          <con:value>1081</con:value>
        </con:property>
        <con:property>
          <con:name>res_code</con:name>
          <con:value>201</con:value>
        </con:property>
        <con:property>
          <con:name>req_userRoleId</con:name>
          <con:value>33</con:value>
        </con:property>
        <con:property>
          <con:name>req_soRoleId</con:name>
          <con:value>31</con:value>
        </con:property>
        <con:property>
          <con:name>res_errorMessage</con:name>
          <con:value xsi:nil="true"/>
        </con:property>
        <con:property>
          <con:name>res_httpStatus</con:name>
          <con:value>201</con:value>
        </con:property>
      </con:properties>
      <con:returnProperties>
        <con:entry>res_biId</con:entry>
        <con:entry>res_code</con:entry>
        <con:entry>res_errorMessage</con:entry>
        <con:entry>res_httpStatus</con:entry>
      </con:returnProperties>
      <con:runMode>PARALLELL</con:runMode>
    </con:config>
  </con:testStep>
  <con:testStep type="assertionteststep" name="Assertion Create stickIn interraction success 3 - STCKINAPPROVALBISPEC" id="2bf7c222-8944-4f28-a5e8-0f3486869c06">
    <con:settings/>
    <con:config xsi:type="con:AssertionTestStep" xmlns:xsi="http://www.w3.org/2001/XMLSchema-instance">
      <con:entry>
        <con:id>79c3008d-77df-47d8-ac59-58e5186ef588</con:id>
        <con:isGroup>false</con:isGroup>
        <con:sourceId>7b1997ed-e79b-4bb6-aa89-2f32cd80c3dd</con:sourceId>
        <con:propertyName>res_httpStatus</con:propertyName>
        <con:assertion type="Simple Equals" name="Equals" id="7b39c5eb-0bee-4aa0-b8b3-815d52b78b7d">
          <con:configuration>
            <patternText>201</patternText>
            <caseSensitive>true</caseSensitive>
          </con:configuration>
        </con:assertion>
      </con:entry>
      <con:entry>
        <con:id>9887ef84-274b-471f-aa00-ce56829a81e7</con:id>
        <con:isGroup>false</con:isGroup>
        <con:sourceId>7b1997ed-e79b-4bb6-aa89-2f32cd80c3dd</con:sourceId>
        <con:propertyName>res_biId</con:propertyName>
        <con:assertion type="Simple Contains" name="Contains" id="12337ee5-1b5f-418b-b973-dbf6218f587d">
          <con:configuration>
            <token>\d+</token>
            <ignoreCase>false</ignoreCase>
            <useRegEx>true</useRegEx>
          </con:configuration>
        </con:assertion>
      </con:entry>
    </con:config>
  </con:testStep>
  <con:testStep type="transfer" name="Property Transfer biId3 - STCKINAPPROVALBISPEC" id="dc13eeaf-fb7a-46e8-81ab-803cdd4beeef">
    <con:settings/>
    <con:config xsi:type="con:PropertyTransfersStep" xmlns:xsi="http://www.w3.org/2001/XMLSchema-instance">
      <con:transfers setNullOnMissingSource="true" transferTextContent="true" failOnError="true" ignoreEmpty="false" transferToAll="false" entitize="false" transferChildNodes="false">
        <con:name>biId</con:name>
        <con:sourceType>res_biId</con:sourceType>
        <con:sourceStep>Create stockIn interaction success 3 - STCKINAPPROVALBISPEC</con:sourceStep>
        <con:sourcePath/>
        <con:targetType>biId3</con:targetType>
        <con:targetStep>Given properties for the test steps</con:targetStep>
        <con:targetPath/>
        <con:upgraded>true</con:upgraded>
      </con:transfers>
    </con:config>
  </con:testStep>
  <con:testStep type="transfer" name="Property Transfer for adding aggregated Item 3 - STCKINAPPROVALBISPEC" id="fea255ea-78d3-4305-89b3-e0c0857e5771">
    <con:settings/>
    <con:config xsi:type="con:PropertyTransfersStep" xmlns:xsi="http://www.w3.org/2001/XMLSchema-instance">
      <con:transfers setNullOnMissingSource="true" transferTextContent="true" failOnError="true" ignoreEmpty="false" transferToAll="false" entitize="false" transferChildNodes="false">
        <con:name>biId</con:name>
        <con:sourceType>biId3</con:sourceType>
        <con:sourceStep>Given properties for the test steps</con:sourceStep>
        <con:sourcePath/>
        <con:targetType>req_biId</con:targetType>
        <con:targetStep>Add Aggregated serial Item 3 - STCKINAPPROVALBISPEC</con:targetStep>
        <con:targetPath/>
        <con:upgraded>true</con:upgraded>
      </con:transfers>
      <con:transfers setNullOnMissingSource="true" transferTextContent="true" failOnError="true" ignoreEmpty="false" transferToAll="false" entitize="false" transferChildNodes="false">
        <con:name>placeId</con:name>
        <con:sourceType>res_placeId</con:sourceType>
        <con:sourceStep>Create sales organization and user</con:sourceStep>
        <con:targetType>req_toPlaceId</con:targetType>
        <con:targetStep>Add Aggregated serial Item 3 - STCKINAPPROVALBISPEC</con:targetStep>
        <con:upgraded>true</con:upgraded>
      </con:transfers>
      <con:transfers setNullOnMissingSource="true" transferTextContent="true" failOnError="true" ignoreEmpty="false" transferToAll="false" entitize="false" transferChildNodes="false" disabled="true">
        <con:name>serialNumber</con:name>
        <con:sourceType>batchId</con:sourceType>
        <con:sourceStep>DataGen for current timeStamp</con:sourceStep>
        <con:targetType>req_startSerialNumber</con:targetType>
        <con:targetStep>Add Aggregated serial Item</con:targetStep>
        <con:upgraded>true</con:upgraded>
      </con:transfers>
      <con:transfers setNullOnMissingSource="true" transferTextContent="true" failOnError="true" ignoreEmpty="false" transferToAll="false" entitize="false" transferChildNodes="false">
        <con:name>soId</con:name>
        <con:sourceType>res_salesOrgId</con:sourceType>
        <con:sourceStep>Create sales organization and user</con:sourceStep>
        <con:targetType>req_soId</con:targetType>
        <con:targetStep>Add Aggregated serial Item 3 - STCKINAPPROVALBISPEC</con:targetStep>
        <con:upgraded>true</con:upgraded>
      </con:transfers>
      <con:transfers setNullOnMissingSource="true" transferTextContent="true" failOnError="true" ignoreEmpty="false" transferToAll="false" entitize="false" transferChildNodes="false">
        <con:name>quantity</con:name>
        <con:sourceType>quantity2</con:sourceType>
        <con:sourceStep>Given properties for the test steps</con:sourceStep>
        <con:targetType>req_quantity</con:targetType>
        <con:targetStep>Add Aggregated serial Item 3 - STCKINAPPROVALBISPEC</con:targetStep>
        <con:upgraded>true</con:upgraded>
      </con:transfers>
      <con:transfers setNullOnMissingSource="true" transferTextContent="true" failOnError="true" ignoreEmpty="false" transferToAll="false" entitize="false" transferChildNodes="false">
        <con:name>purchaseDate</con:name>
        <con:sourceType>purchaseDate</con:sourceType>
        <con:sourceStep>DataGen for current timeStamp</con:sourceStep>
        <con:targetType>req_purchaseDate</con:targetType>
        <con:targetStep>Add Aggregated serial Item 3 - STCKINAPPROVALBISPEC</con:targetStep>
        <con:upgraded>true</con:upgraded>
      </con:transfers>
    </con:config>
  </con:testStep>
  <con:testStep type="calltestcase" name="Add Aggregated serial Item 3 - STCKINAPPROVALBISPEC" id="e83a630b-df95-4375-86b1-e911086ec1c5">
    <con:settings/>
    <con:config xsi:type="con:RunTestCaseStep" xmlns:xsi="http://www.w3.org/2001/XMLSchema-instance">
      <con:targetTestCase>56257bd7-ca12-4aa0-bc6c-f7c9fa9bea22</con:targetTestCase>
      <con:properties>
        <con:property>
          <con:name>req_biId</con:name>
          <con:value>1081</con:value>
        </con:property>
        <con:property>
          <con:name>req_soId</con:name>
          <con:value>31</con:value>
        </con:property>
        <con:property>
          <con:name>res_code</con:name>
          <con:value xsi:nil="true"/>
        </con:property>
        <con:property>
          <con:name>res_errorMessage</con:name>
          <con:value xsi:nil="true"/>
        </con:property>
        <con:property>
          <con:name>res_id</con:name>
          <con:value>636</con:value>
        </con:property>
        <con:property>
          <con:name>res_status</con:name>
          <con:value>201</con:value>
        </con:property>
        <con:property>
          <con:name>req_toPlaceId</con:name>
          <con:value>18</con:value>
        </con:property>
        <con:property>
          <con:name>req_quantity</con:name>
          <con:value>2</con:value>
        </con:property>
        <con:property>
          <con:name>req_purchaseDate</con:name>
          <con:value>2018-03-06T00:00:00.000Z</con:value>
        </con:property>
        <con:property>
          <con:name>res_errorCode</con:name>
          <con:value/>
        </con:property>
        <con:property>
          <con:name>req_startSerialNumber</con:name>
          <con:value xsi:nil="true"/>
        </con:property>
        <con:property>
          <con:name>req_endSerialNumber</con:name>
          <con:value xsi:nil="true"/>
        </con:property>
        <con:property>
          <con:name>req_vendor</con:name>
        </con:property>
      </con:properties>
      <con:returnProperties>
        <con:entry>res_status</con:entry>
        <con:entry>res_code</con:entry>
        <con:entry>res_errorCode</con:entry>
        <con:entry>res_errorMessage</con:entry>
        <con:entry>res_id</con:entry>
      </con:returnProperties>
      <con:runMode>PARALLELL</con:runMode>
    </con:config>
  </con:testStep>
  <con:testStep type="assertionteststep" name="Assertion Add Aggregated serial Item 3 - STCKINAPPROVALBISPEC" id="dafdbc9c-ff11-4d9d-920b-c9adfcb0ad30">
    <con:settings/>
    <con:config xsi:type="con:AssertionTestStep" xmlns:xsi="http://www.w3.org/2001/XMLSchema-instance">
      <con:entry>
        <con:id>be65839d-a979-415b-88b4-ebe72cc9c093</con:id>
        <con:isGroup>false</con:isGroup>
        <con:sourceId>e83a630b-df95-4375-86b1-e911086ec1c5</con:sourceId>
        <con:propertyName>res_status</con:propertyName>
        <con:assertion type="Simple Equals" name="Equals" id="2265bd1e-ef00-4ccd-ab0b-efc995c7963d">
          <con:configuration>
            <patternText>201</patternText>
            <caseSensitive>true</caseSensitive>
          </con:configuration>
        </con:assertion>
      </con:entry>
      <con:entry>
        <con:id>e9831aa6-46fb-4e42-908d-16cce6d75592</con:id>
        <con:isGroup>false</con:isGroup>
        <con:sourceId>e83a630b-df95-4375-86b1-e911086ec1c5</con:sourceId>
        <con:propertyName>res_id</con:propertyName>
        <con:assertion type="Simple Contains" name="Contains" id="173e7fff-dafe-44cf-8548-45b7af3a8dd2">
          <con:configuration>
            <token>\d+</token>
            <ignoreCase>false</ignoreCase>
            <useRegEx>true</useRegEx>
          </con:configuration>
        </con:assertion>
      </con:entry>
    </con:config>
  </con:testStep>
  <con:testStep type="transfer" name="Property Transfer for adding aggregated Item  serialized wo range3 - STCKINAPPROVALBISPEC" id="7707f3d5-ecde-4ef5-8cc8-9c9dc9f9f52b">
    <con:settings/>
    <con:config xsi:type="con:PropertyTransfersStep" xmlns:xsi="http://www.w3.org/2001/XMLSchema-instance">
      <con:transfers setNullOnMissingSource="true" transferTextContent="true" failOnError="true" ignoreEmpty="false" transferToAll="false" entitize="false" transferChildNodes="false">
        <con:name>biId</con:name>
        <con:sourceType>biId3</con:sourceType>
        <con:sourceStep>Given properties for the test steps</con:sourceStep>
        <con:sourcePath/>
        <con:targetType>req_biId</con:targetType>
        <con:targetStep>Add Aggregated serial Item serialized wo range 3 - STCKINAPPROVALBISPEC</con:targetStep>
        <con:targetPath/>
        <con:upgraded>true</con:upgraded>
      </con:transfers>
      <con:transfers setNullOnMissingSource="true" transferTextContent="true" failOnError="true" ignoreEmpty="false" transferToAll="false" entitize="false" transferChildNodes="false">
        <con:name>placeId</con:name>
        <con:sourceType>res_placeId</con:sourceType>
        <con:sourceStep>Create sales organization and user</con:sourceStep>
        <con:targetType>req_toPlaceId</con:targetType>
        <con:targetStep>Add Aggregated serial Item serialized wo range 3 - STCKINAPPROVALBISPEC</con:targetStep>
        <con:upgraded>true</con:upgraded>
      </con:transfers>
      <con:transfers setNullOnMissingSource="true" transferTextContent="true" failOnError="true" ignoreEmpty="false" transferToAll="false" entitize="false" transferChildNodes="false" disabled="true">
        <con:name>serialNumber</con:name>
        <con:sourceType>batchId</con:sourceType>
        <con:sourceStep>DataGen for current timeStamp</con:sourceStep>
        <con:targetType>req_startSerialNumber</con:targetType>
        <con:targetStep>Add Aggregated serial Item</con:targetStep>
        <con:upgraded>true</con:upgraded>
      </con:transfers>
      <con:transfers setNullOnMissingSource="true" transferTextContent="true" failOnError="true" ignoreEmpty="false" transferToAll="false" entitize="false" transferChildNodes="false">
        <con:name>soId</con:name>
        <con:sourceType>res_salesOrgId</con:sourceType>
        <con:sourceStep>Create sales organization and user</con:sourceStep>
        <con:targetType>req_soId</con:targetType>
        <con:targetStep>Add Aggregated serial Item serialized wo range 3 - STCKINAPPROVALBISPEC</con:targetStep>
        <con:upgraded>true</con:upgraded>
      </con:transfers>
      <con:transfers setNullOnMissingSource="true" transferTextContent="true" failOnError="true" ignoreEmpty="false" transferToAll="false" entitize="false" transferChildNodes="false">
        <con:name>quantity</con:name>
        <con:sourceType>quantity</con:sourceType>
        <con:sourceStep>Given properties for the test steps</con:sourceStep>
        <con:targetType>req_quantity</con:targetType>
        <con:targetStep>Add Aggregated serial Item serialized wo range 3 - STCKINAPPROVALBISPEC</con:targetStep>
        <con:upgraded>true</con:upgraded>
      </con:transfers>
      <con:transfers setNullOnMissingSource="true" transferTextContent="true" failOnError="true" ignoreEmpty="false" transferToAll="false" entitize="false" transferChildNodes="false">
        <con:name>purchaseDate</con:name>
        <con:sourceType>purchaseDate</con:sourceType>
        <con:sourceStep>DataGen for current timeStamp</con:sourceStep>
        <con:targetType>req_purchaseDate</con:targetType>
        <con:targetStep>Add Aggregated serial Item serialized wo range 3 - STCKINAPPROVALBISPEC</con:targetStep>
        <con:upgraded>true</con:upgraded>
      </con:transfers>
    </con:config>
  </con:testStep>
  <con:testStep type="calltestcase" name="Add Aggregated serial Item serialized wo range 3 - STCKINAPPROVALBISPEC" id="22c7de3b-5faa-4819-b5e7-cfda9c4be93e">
    <con:settings/>
    <con:config xsi:type="con:RunTestCaseStep" xmlns:xsi="http://www.w3.org/2001/XMLSchema-instance">
      <con:targetTestCase>fd5b92ad-c0cd-451d-b373-060a0b1a9c38</con:targetTestCase>
      <con:properties>
        <con:property>
          <con:name>req_biId</con:name>
          <con:value>1081</con:value>
        </con:property>
        <con:property>
          <con:name>req_soId</con:name>
          <con:value>31</con:value>
        </con:property>
        <con:property>
          <con:name>res_code</con:name>
          <con:value xsi:nil="true"/>
        </con:property>
        <con:property>
          <con:name>res_errorMessage</con:name>
          <con:value xsi:nil="true"/>
        </con:property>
        <con:property>
          <con:name>res_id</con:name>
          <con:value>637</con:value>
        </con:property>
        <con:property>
          <con:name>res_status</con:name>
          <con:value>201</con:value>
        </con:property>
        <con:property>
          <con:name>req_toPlaceId</con:name>
          <con:value>18</con:value>
        </con:property>
        <con:property>
          <con:name>req_quantity</con:name>
          <con:value>1</con:value>
        </con:property>
        <con:property>
          <con:name>req_purchaseDate</con:name>
          <con:value>2018-03-06T00:00:00.000Z</con:value>
        </con:property>
        <con:property>
          <con:name>res_errorCode</con:name>
          <con:value/>
        </con:property>
        <con:property>
          <con:name>req_serialNumber</con:name>
          <con:value>1231231</con:value>
        </con:property>
      </con:properties>
      <con:returnProperties>
        <con:entry>res_status</con:entry>
        <con:entry>res_code</con:entry>
        <con:entry>res_errorCode</con:entry>
        <con:entry>res_errorMessage</con:entry>
        <con:entry>res_id</con:entry>
      </con:returnProperties>
      <con:runMode>PARALLELL</con:runMode>
    </con:config>
  </con:testStep>
  <con:testStep type="assertionteststep" name="Assertion Add Aggregated serial Item serialized wo range 3 - STCKINAPPROVALBISPEC" id="b8a34b7e-393d-4a1a-bf14-df1374e915ab">
    <con:settings/>
    <con:config xsi:type="con:AssertionTestStep" xmlns:xsi="http://www.w3.org/2001/XMLSchema-instance">
      <con:entry>
        <con:id>8426912e-872e-422c-b361-83e5213d96bd</con:id>
        <con:isGroup>false</con:isGroup>
        <con:sourceId>22c7de3b-5faa-4819-b5e7-cfda9c4be93e</con:sourceId>
        <con:propertyName>res_status</con:propertyName>
        <con:assertion type="Simple Equals" name="Equals" id="bacd4121-1eea-46a4-ba1c-88eba2b9f87c">
          <con:configuration>
            <patternText>201</patternText>
            <caseSensitive>true</caseSensitive>
          </con:configuration>
        </con:assertion>
      </con:entry>
      <con:entry>
        <con:id>ed4e46ed-feac-461e-8a25-86950307c637</con:id>
        <con:isGroup>false</con:isGroup>
        <con:sourceId>22c7de3b-5faa-4819-b5e7-cfda9c4be93e</con:sourceId>
        <con:propertyName>res_id</con:propertyName>
        <con:assertion type="Simple Contains" name="Contains" id="cd2feab8-41a6-415b-b616-12989df186e2">
          <con:configuration>
            <token>\d+</token>
            <ignoreCase>false</ignoreCase>
            <useRegEx>true</useRegEx>
          </con:configuration>
        </con:assertion>
      </con:entry>
    </con:config>
  </con:testStep>
  <con:testStep type="transfer" name="Property Transfer aggId3 - STCKINAPPROVALBISPEC" id="0aa85080-7a77-461f-81f6-54579042aae1">
    <con:settings/>
    <con:config xsi:type="con:PropertyTransfersStep" xmlns:xsi="http://www.w3.org/2001/XMLSchema-instance">
      <con:transfers setNullOnMissingSource="true" transferTextContent="true" failOnError="true" ignoreEmpty="false" transferToAll="false" entitize="false" transferChildNodes="false">
        <con:name>aggId</con:name>
        <con:sourceType>res_id</con:sourceType>
        <con:sourceStep>Add Aggregated serial Item 3 - STCKINAPPROVALBISPEC</con:sourceStep>
        <con:sourcePath/>
        <con:targetType>aggId3</con:targetType>
        <con:targetStep>Given properties for the test steps</con:targetStep>
        <con:targetPath/>
        <con:upgraded>true</con:upgraded>
      </con:transfers>
      <con:transfers setNullOnMissingSource="true" transferTextContent="true" failOnError="true" ignoreEmpty="false" transferToAll="false" entitize="false" transferChildNodes="false">
        <con:name>aggId</con:name>
        <con:sourceType>res_id</con:sourceType>
        <con:sourceStep>Add Aggregated serial Item serialized wo range 3 - STCKINAPPROVALBISPEC</con:sourceStep>
        <con:targetType>aggId3WoRange</con:targetType>
        <con:targetStep>Given properties for the test steps</con:targetStep>
        <con:upgraded>true</con:upgraded>
      </con:transfers>
    </con:config>
  </con:testStep>
  <con:testStep type="calltestcase" name="Create File 3 - STCKINAPPROVALBISPEC" id="0510bbfd-5710-424d-bbe9-4eb25e344c72">
    <con:settings/>
    <con:config xsi:type="con:RunTestCaseStep" xmlns:xsi="http://www.w3.org/2001/XMLSchema-instance">
      <con:targetTestCase>16d0b0e6-0e29-4f1f-a0b4-d8ab54d75d88</con:targetTestCase>
      <con:properties>
        <con:property>
          <con:name>req_fileContent</con:name>
          <con:value>${Given properties for the test steps#aggId3};${Given properties for the test steps#startserial2};${Given properties for the test steps#endSerial2};;${="\n"}${Given properties for the test steps#aggId3WoRange};${Given properties for the test steps#SerialWORange};;;</con:value>
        </con:property>
      </con:properties>
      <con:returnProperties/>
      <con:runMode>PARALLELL</con:runMode>
    </con:config>
  </con:testStep>
  <con:testStep type="calltestcase" name="File Upload 3 - STCKINAPPROVALBISPEC" id="28870465-67aa-4c4d-955a-4c10a03a8318">
    <con:settings/>
    <con:config xsi:type="con:RunTestCaseStep" xmlns:xsi="http://www.w3.org/2001/XMLSchema-instance">
      <con:targetTestCase>80aceab1-3f39-40bb-b945-f6bb316725d7</con:targetTestCase>
      <con:properties>
        <con:property>
          <con:name>req_biName</con:name>
          <con:value>stockin</con:value>
        </con:property>
        <con:property>
          <con:name>req_biId</con:name>
          <con:value>${Given properties for the test steps#biId3}</con:value>
        </con:property>
        <con:property>
          <con:name>res_status</con:name>
          <con:value>200</con:value>
        </con:property>
        <con:property>
          <con:name>res_code</con:name>
          <con:value/>
        </con:property>
        <con:property>
          <con:name>res_errorMessage</con:name>
          <con:value/>
        </con:property>
      </con:properties>
      <con:returnProperties>
        <con:entry>res_status</con:entry>
        <con:entry>res_errorMessage</con:entry>
        <con:entry>res_code</con:entry>
      </con:returnProperties>
      <con:runMode>PARALLELL</con:runMode>
    </con:config>
  </con:testStep>
  <con:testStep type="datagen" name="DataGen for dynamic file name - Upload_2_different_file_same_aggregated_items" id="6665dfc2-1940-485c-846c-f86007b7fecd">
    <con:settings/>
    <con:config xsi:type="con:DataGeneratorStep" xmlns:xsi="http://www.w3.org/2001/XMLSchema-instance">
      <con:property type="Script">
        <con:configuration>
          <script>def fileName = java.util.UUID.randomUUID();
def fileName2 =  ".csv";
return fileName.toString() + fileName2 ;</script>
        </con:configuration>
        <con:name>fileName</con:name>
        <con:mode>STEP</con:mode>
        <con:shared>false</con:shared>
      </con:property>
    </con:config>
  </con:testStep>
  <con:testStep type="transfer" name="Property Transfer file name - Upload_2_different_file_same_aggregated_items" id="88b147d3-35cc-4c60-a192-184d862603e7">
    <con:settings/>
    <con:config xsi:type="con:PropertyTransfersStep" xmlns:xsi="http://www.w3.org/2001/XMLSchema-instance">
      <con:transfers setNullOnMissingSource="true" transferTextContent="true" failOnError="true" ignoreEmpty="false" transferToAll="false" entitize="false" transferChildNodes="false">
        <con:name>filename</con:name>
        <con:sourceType>fileName</con:sourceType>
        <con:sourceStep>DataGen for dynamic file name - Upload_2_different_file_same_aggregated_items</con:sourceStep>
        <con:sourcePath/>
        <con:targetType>req_fileName</con:targetType>
        <con:targetStep>Create File - Upload_2_different_file_same_aggregated_items</con:targetStep>
        <con:targetPath/>
        <con:upgraded>true</con:upgraded>
      </con:transfers>
      <con:transfers setNullOnMissingSource="true" transferTextContent="true" failOnError="true" ignoreEmpty="false" transferToAll="false" entitize="false" transferChildNodes="false">
        <con:name>filenameUpload</con:name>
        <con:sourceType>fileName</con:sourceType>
        <con:sourceStep>DataGen for dynamic file name - Upload_2_different_file_same_aggregated_items</con:sourceStep>
        <con:targetType>req_fileName</con:targetType>
        <con:targetStep>File Upload - Upload_2_different_file_same_aggregated_items</con:targetStep>
        <con:upgraded>true</con:upgraded>
      </con:transfers>
    </con:config>
  </con:testStep>
  <con:testStep type="calltestcase" name="Create File - Upload_2_different_file_same_aggregated_items" id="647e94af-8f3e-4d8c-a47d-045c2bc21af3">
    <con:settings/>
    <con:config xsi:type="con:RunTestCaseStep" xmlns:xsi="http://www.w3.org/2001/XMLSchema-instance">
      <con:targetTestCase>879df46a-1625-4ad9-b9c2-fb221993fd89</con:targetTestCase>
      <con:properties>
        <con:property>
          <con:name>req_fileContent</con:name>
          <con:value>${Given properties for the test steps#aggId3};${Given properties for the test steps#startserial2};${Given properties for the test steps#endSerial2};;${="\n"}${Given properties for the test steps#aggId3WoRange};${Given properties for the test steps#SerialWORange};;;</con:value>
        </con:property>
        <con:property>
          <con:name>req_fileName</con:name>
          <con:value>29eaad8a-f55a-4007-aba1-2a94bbc63b0f.csv</con:value>
        </con:property>
      </con:properties>
      <con:returnProperties/>
      <con:runMode>PARALLELL</con:runMode>
    </con:config>
  </con:testStep>
  <con:testStep type="calltestcase" name="File Upload - Upload_2_different_file_same_aggregated_items" id="2413a8f5-2749-4309-a487-e49f014e4879">
    <con:settings/>
    <con:config xsi:type="con:RunTestCaseStep" xmlns:xsi="http://www.w3.org/2001/XMLSchema-instance">
      <con:targetTestCase>12a76b1d-482a-4d1a-90f8-9173c8c082f0</con:targetTestCase>
      <con:properties>
        <con:property>
          <con:name>req_biName</con:name>
          <con:value>stockin</con:value>
        </con:property>
        <con:property>
          <con:name>req_biId</con:name>
          <con:value>${Given properties for the test steps#biId3}</con:value>
        </con:property>
        <con:property>
          <con:name>res_status</con:name>
          <con:value>200</con:value>
        </con:property>
        <con:property>
          <con:name>res_code</con:name>
          <con:value/>
        </con:property>
        <con:property>
          <con:name>res_errorMessage</con:name>
          <con:value/>
        </con:property>
        <con:property>
          <con:name>req_fileName</con:name>
          <con:value>29eaad8a-f55a-4007-aba1-2a94bbc63b0f.csv</con:value>
        </con:property>
      </con:properties>
      <con:returnProperties>
        <con:entry>res_status</con:entry>
        <con:entry>res_code</con:entry>
        <con:entry>res_errorMessage</con:entry>
      </con:returnProperties>
      <con:runMode>PARALLELL</con:runMode>
    </con:config>
  </con:testStep>
  <con:testStep type="calltestcase" name="Load File 3 - STCKINAPPROVALBISPEC" id="ff519ccd-c2e9-4927-b9ca-05059ef94307">
    <con:settings/>
    <con:config xsi:type="con:RunTestCaseStep" xmlns:xsi="http://www.w3.org/2001/XMLSchema-instance">
      <con:targetTestCase>4d599bf6-0171-400e-aac2-7f6ff9a1c08c</con:targetTestCase>
      <con:properties>
        <con:property>
          <con:name>req_biName</con:name>
          <con:value>stockin</con:value>
        </con:property>
        <con:property>
          <con:name>req_biId</con:name>
          <con:value>${Given properties for the test steps#biId3}</con:value>
        </con:property>
        <con:property>
          <con:name>res_status</con:name>
          <con:value>200</con:value>
        </con:property>
        <con:property>
          <con:name>res_errorMessage</con:name>
          <con:value/>
        </con:property>
        <con:property>
          <con:name>res_code</con:name>
          <con:value/>
        </con:property>
      </con:properties>
      <con:returnProperties>
        <con:entry>res_status</con:entry>
        <con:entry>res_errorMessage</con:entry>
        <con:entry>res_code</con:entry>
      </con:returnProperties>
      <con:runMode>PARALLELL</con:runMode>
    </con:config>
  </con:testStep>
  <con:testStep type="assertionteststep" name="Assertion for upload / load 3 - STCKINAPPROVALBISPEC" id="58ce9c01-432a-431d-bd1d-a858db06746b">
    <con:settings/>
    <con:config xsi:type="con:AssertionTestStep" xmlns:xsi="http://www.w3.org/2001/XMLSchema-instance">
      <con:entry>
        <con:id>6bbd59da-49d3-4cf0-9861-3fc2d6eca8fd</con:id>
        <con:isGroup>false</con:isGroup>
        <con:sourceId>28870465-67aa-4c4d-955a-4c10a03a8318</con:sourceId>
        <con:propertyName>res_status</con:propertyName>
        <con:assertion type="Simple Equals" name="Equals" id="0109dee8-0ca2-4a3b-9328-6031137e69be">
          <con:configuration>
            <patternText>200</patternText>
            <caseSensitive>true</caseSensitive>
          </con:configuration>
        </con:assertion>
      </con:entry>
      <con:entry>
        <con:id>ff1201aa-e135-4367-a453-8af50add9f69</con:id>
        <con:isGroup>false</con:isGroup>
        <con:sourceId>ff519ccd-c2e9-4927-b9ca-05059ef94307</con:sourceId>
        <con:propertyName>res_status</con:propertyName>
        <con:assertion type="Simple Equals" name="Equals 2" id="7785e3f3-cf55-4265-8e0e-96574ef7cd80">
          <con:configuration>
            <patternText>200</patternText>
            <caseSensitive>true</caseSensitive>
          </con:configuration>
        </con:assertion>
      </con:entry>
    </con:config>
  </con:testStep>
  <con:testStep type="transfer" name="Property Transfer Create stockIn interaction success - negative serial 4" id="262f7c94-2820-47af-855f-9091c9d403a3" disabled="true">
    <con:settings/>
    <con:config xsi:type="con:PropertyTransfersStep" xmlns:xsi="http://www.w3.org/2001/XMLSchema-instance">
      <con:transfers setNullOnMissingSource="true" transferTextContent="true" failOnError="true" ignoreEmpty="false" transferToAll="false" entitize="false" transferChildNodes="false">
        <con:name>user</con:name>
        <con:sourceType>userId</con:sourceType>
        <con:sourceStep>Given properties for the test steps</con:sourceStep>
        <con:sourcePath/>
        <con:targetType>req_userRoleId</con:targetType>
        <con:targetStep>Create stockIn interaction success - negative serial 4</con:targetStep>
        <con:targetPath/>
        <con:upgraded>true</con:upgraded>
      </con:transfers>
      <con:transfers setNullOnMissingSource="true" transferTextContent="true" failOnError="true" ignoreEmpty="false" transferToAll="false" entitize="false" transferChildNodes="false">
        <con:name>so</con:name>
        <con:sourceType>soId</con:sourceType>
        <con:sourceStep>Given properties for the test steps</con:sourceStep>
        <con:targetType>req_soRoleId</con:targetType>
        <con:targetStep>Create stockIn interaction success - negative serial 4</con:targetStep>
        <con:upgraded>true</con:upgraded>
      </con:transfers>
      <con:transfers setNullOnMissingSource="true" transferTextContent="true" failOnError="true" ignoreEmpty="false" transferToAll="false" entitize="false" transferChildNodes="false">
        <con:name>biSpecCode</con:name>
        <con:sourceType>stockInBISpecCode</con:sourceType>
        <con:sourceStep>Given properties for the test steps</con:sourceStep>
        <con:targetType>req_biSpecCode</con:targetType>
        <con:targetStep>Create stockIn interaction success - negative serial 4</con:targetStep>
        <con:upgraded>true</con:upgraded>
      </con:transfers>
    </con:config>
  </con:testStep>
  <con:testStep type="calltestcase" name="Create stockIn interaction success - negative serial 4" id="d56aa57e-d455-4158-a9a2-2a8de07aab6a" disabled="true">
    <con:settings/>
    <con:config xsi:type="con:RunTestCaseStep" xmlns:xsi="http://www.w3.org/2001/XMLSchema-instance">
      <con:targetTestCase>bba3ce34-4cc5-41fb-98a0-894988e91181</con:targetTestCase>
      <con:properties>
        <con:property>
          <con:name>req_biSpecCode</con:name>
          <con:value>STCKINBISPEC</con:value>
        </con:property>
        <con:property>
          <con:name>res_biId</con:name>
          <con:value>121</con:value>
        </con:property>
        <con:property>
          <con:name>res_code</con:name>
          <con:value xsi:nil="true"/>
        </con:property>
        <con:property>
          <con:name>req_userRoleId</con:name>
          <con:value>5</con:value>
        </con:property>
        <con:property>
          <con:name>req_soRoleId</con:name>
          <con:value>3</con:value>
        </con:property>
        <con:property>
          <con:name>res_errorMessage</con:name>
          <con:value xsi:nil="true"/>
        </con:property>
        <con:property>
          <con:name>res_httpStatus</con:name>
          <con:value>201</con:value>
        </con:property>
      </con:properties>
      <con:returnProperties>
        <con:entry>res_biId</con:entry>
        <con:entry>res_code</con:entry>
        <con:entry>res_errorMessage</con:entry>
        <con:entry>res_httpStatus</con:entry>
      </con:returnProperties>
      <con:runMode>PARALLELL</con:runMode>
    </con:config>
  </con:testStep>
  <con:testStep type="assertionteststep" name="Assertion Create stockIn interaction success  - negative serial 4" id="ae1de4e7-461e-4da8-a143-ba5ca5a0f96a" disabled="true">
    <con:settings/>
    <con:config xsi:type="con:AssertionTestStep" xmlns:xsi="http://www.w3.org/2001/XMLSchema-instance">
      <con:entry>
        <con:id>458543b7-1ed2-425a-9270-23f0d9c91576</con:id>
        <con:isGroup>false</con:isGroup>
        <con:sourceId>d56aa57e-d455-4158-a9a2-2a8de07aab6a</con:sourceId>
        <con:propertyName>res_httpStatus</con:propertyName>
        <con:assertion type="Simple Equals" name="Equals" id="f94f028e-9667-4728-bc76-64e02b155c6c">
          <con:configuration>
            <patternText>201</patternText>
            <caseSensitive>true</caseSensitive>
          </con:configuration>
        </con:assertion>
      </con:entry>
      <con:entry>
        <con:id>11038c85-8256-429c-a836-6adf091fe6b5</con:id>
        <con:isGroup>false</con:isGroup>
        <con:sourceId>d56aa57e-d455-4158-a9a2-2a8de07aab6a</con:sourceId>
        <con:propertyName>res_biId</con:propertyName>
        <con:assertion type="Simple Contains" name="Contains" id="175137f3-78c0-4459-95fb-66392b8be827">
          <con:configuration>
            <token>\d+</token>
            <ignoreCase>false</ignoreCase>
            <useRegEx>true</useRegEx>
          </con:configuration>
        </con:assertion>
      </con:entry>
    </con:config>
  </con:testStep>
  <con:testStep type="transfer" name="Property Transfer biId - negative serial 4" id="04ded141-212d-482d-a08f-ede361906bd9" disabled="true">
    <con:settings/>
    <con:config xsi:type="con:PropertyTransfersStep" xmlns:xsi="http://www.w3.org/2001/XMLSchema-instance">
      <con:transfers setNullOnMissingSource="true" transferTextContent="true" failOnError="true" ignoreEmpty="false" transferToAll="false" entitize="false" transferChildNodes="false">
        <con:name>biId</con:name>
        <con:sourceType>res_biId</con:sourceType>
        <con:sourceStep>Create stockIn interaction success - negative serial 4</con:sourceStep>
        <con:sourcePath/>
        <con:targetType>biId4</con:targetType>
        <con:targetStep>Given properties for the test steps</con:targetStep>
        <con:targetPath/>
        <con:upgraded>true</con:upgraded>
      </con:transfers>
    </con:config>
  </con:testStep>
  <con:testStep type="calltestcase" name="Load File - negative serial 4" id="486ad2b4-893a-4690-8983-65cb497e94d5" disabled="true">
    <con:settings/>
    <con:config xsi:type="con:RunTestCaseStep" xmlns:xsi="http://www.w3.org/2001/XMLSchema-instance">
      <con:targetTestCase>4d599bf6-0171-400e-aac2-7f6ff9a1c08c</con:targetTestCase>
      <con:properties>
        <con:property>
          <con:name>req_biName</con:name>
          <con:value>stockin</con:value>
        </con:property>
        <con:property>
          <con:name>req_biId</con:name>
          <con:value>${Given properties for the test steps#biId4}</con:value>
        </con:property>
        <con:property>
          <con:name>res_status</con:name>
          <con:value>200</con:value>
        </con:property>
        <con:property>
          <con:name>res_errorMessage</con:name>
          <con:value/>
        </con:property>
        <con:property>
          <con:name>res_code</con:name>
          <con:value/>
        </con:property>
      </con:properties>
      <con:returnProperties>
        <con:entry>res_status</con:entry>
        <con:entry>res_errorMessage</con:entry>
        <con:entry>res_code</con:entry>
      </con:returnProperties>
      <con:runMode>PARALLELL</con:runMode>
    </con:config>
  </con:testStep>
  <con:testStep type="transfer" name="Property Transfer Create stockIn interaction success - serial with character 5" id="4f2391ea-dea2-4d40-88f7-8fe34c823c92" disabled="true">
    <con:settings/>
    <con:config xsi:type="con:PropertyTransfersStep" xmlns:xsi="http://www.w3.org/2001/XMLSchema-instance">
      <con:transfers setNullOnMissingSource="true" transferTextContent="true" failOnError="true" ignoreEmpty="false" transferToAll="false" entitize="false" transferChildNodes="false">
        <con:name>user</con:name>
        <con:sourceType>userId</con:sourceType>
        <con:sourceStep>Given properties for the test steps</con:sourceStep>
        <con:sourcePath/>
        <con:targetType>req_userRoleId</con:targetType>
        <con:targetStep>Create stockIn interaction success - serial with character 5</con:targetStep>
        <con:targetPath/>
        <con:upgraded>true</con:upgraded>
      </con:transfers>
      <con:transfers setNullOnMissingSource="true" transferTextContent="true" failOnError="true" ignoreEmpty="false" transferToAll="false" entitize="false" transferChildNodes="false">
        <con:name>so</con:name>
        <con:sourceType>soId</con:sourceType>
        <con:sourceStep>Given properties for the test steps</con:sourceStep>
        <con:targetType>req_soRoleId</con:targetType>
        <con:targetStep>Create stockIn interaction success - serial with character 5</con:targetStep>
        <con:upgraded>true</con:upgraded>
      </con:transfers>
      <con:transfers setNullOnMissingSource="true" transferTextContent="true" failOnError="true" ignoreEmpty="false" transferToAll="false" entitize="false" transferChildNodes="false">
        <con:name>biSpecCode</con:name>
        <con:sourceType>stockInBISpecCode</con:sourceType>
        <con:sourceStep>Given properties for the test steps</con:sourceStep>
        <con:targetType>req_biSpecCode</con:targetType>
        <con:targetStep>Create stockIn interaction success - serial with character 5</con:targetStep>
        <con:upgraded>true</con:upgraded>
      </con:transfers>
    </con:config>
  </con:testStep>
  <con:testStep type="calltestcase" name="Create stockIn interaction success - serial with character 5" id="b4d43cdd-b650-43d1-9a27-b913d2df95c3" disabled="true">
    <con:settings/>
    <con:config xsi:type="con:RunTestCaseStep" xmlns:xsi="http://www.w3.org/2001/XMLSchema-instance">
      <con:targetTestCase>bba3ce34-4cc5-41fb-98a0-894988e91181</con:targetTestCase>
      <con:properties>
        <con:property>
          <con:name>req_biSpecCode</con:name>
          <con:value>STCKINBISPEC</con:value>
        </con:property>
        <con:property>
          <con:name>res_biId</con:name>
          <con:value>131</con:value>
        </con:property>
        <con:property>
          <con:name>res_code</con:name>
          <con:value xsi:nil="true"/>
        </con:property>
        <con:property>
          <con:name>req_userRoleId</con:name>
          <con:value>5</con:value>
        </con:property>
        <con:property>
          <con:name>req_soRoleId</con:name>
          <con:value>3</con:value>
        </con:property>
        <con:property>
          <con:name>res_errorMessage</con:name>
          <con:value xsi:nil="true"/>
        </con:property>
        <con:property>
          <con:name>res_httpStatus</con:name>
          <con:value>201</con:value>
        </con:property>
      </con:properties>
      <con:returnProperties>
        <con:entry>res_biId</con:entry>
        <con:entry>res_code</con:entry>
        <con:entry>res_errorMessage</con:entry>
        <con:entry>res_httpStatus</con:entry>
      </con:returnProperties>
      <con:runMode>PARALLELL</con:runMode>
    </con:config>
  </con:testStep>
  <con:testStep type="assertionteststep" name="Assertion Create stockIn interaction success - serial with character 5" id="eb6fa7f5-e4cc-4a03-893f-90e5eeaf31b0" disabled="true">
    <con:settings/>
    <con:config xsi:type="con:AssertionTestStep" xmlns:xsi="http://www.w3.org/2001/XMLSchema-instance">
      <con:entry>
        <con:id>26f5879e-b85d-4128-bd6a-bdb74ec8f6b6</con:id>
        <con:isGroup>false</con:isGroup>
        <con:sourceId>b4d43cdd-b650-43d1-9a27-b913d2df95c3</con:sourceId>
        <con:propertyName>res_httpStatus</con:propertyName>
        <con:assertion type="Simple Equals" name="Equals" id="23d67d08-e6df-4023-af7a-7383d3734261">
          <con:configuration>
            <patternText>201</patternText>
            <caseSensitive>true</caseSensitive>
          </con:configuration>
        </con:assertion>
      </con:entry>
      <con:entry>
        <con:id>18e59a04-7046-44ae-96f9-490cd1b8fe22</con:id>
        <con:isGroup>false</con:isGroup>
        <con:sourceId>b4d43cdd-b650-43d1-9a27-b913d2df95c3</con:sourceId>
        <con:propertyName>res_biId</con:propertyName>
        <con:assertion type="Simple Contains" name="Contains" id="fdeb26a6-89bb-4e20-881b-516543dc5027">
          <con:configuration>
            <token>\d+</token>
            <ignoreCase>false</ignoreCase>
            <useRegEx>true</useRegEx>
          </con:configuration>
        </con:assertion>
      </con:entry>
    </con:config>
  </con:testStep>
  <con:testStep type="transfer" name="Property Transfer biId - serial with character 5" id="d6ed8c20-9044-4aea-99e5-b55acac13e93" disabled="true">
    <con:settings/>
    <con:config xsi:type="con:PropertyTransfersStep" xmlns:xsi="http://www.w3.org/2001/XMLSchema-instance">
      <con:transfers setNullOnMissingSource="true" transferTextContent="true" failOnError="true" ignoreEmpty="false" transferToAll="false" entitize="false" transferChildNodes="false">
        <con:name>biId</con:name>
        <con:sourceType>res_biId</con:sourceType>
        <con:sourceStep>Create stockIn interaction success - serial with character 5</con:sourceStep>
        <con:sourcePath/>
        <con:targetType>biId5</con:targetType>
        <con:targetStep>Given properties for the test steps</con:targetStep>
        <con:targetPath/>
        <con:upgraded>true</con:upgraded>
      </con:transfers>
    </con:config>
  </con:testStep>
  <con:testStep type="calltestcase" name="Load File - serial with character 5" id="754e2a32-d379-4628-85cf-2aad39a8a4ef" disabled="true">
    <con:settings/>
    <con:config xsi:type="con:RunTestCaseStep" xmlns:xsi="http://www.w3.org/2001/XMLSchema-instance">
      <con:targetTestCase>4d599bf6-0171-400e-aac2-7f6ff9a1c08c</con:targetTestCase>
      <con:properties>
        <con:property>
          <con:name>req_biName</con:name>
          <con:value>stockin</con:value>
        </con:property>
        <con:property>
          <con:name>req_biId</con:name>
          <con:value>${Given properties for the test steps#biId5}</con:value>
        </con:property>
        <con:property>
          <con:name>res_status</con:name>
          <con:value>200</con:value>
        </con:property>
        <con:property>
          <con:name>res_errorMessage</con:name>
          <con:value/>
        </con:property>
        <con:property>
          <con:name>res_code</con:name>
          <con:value/>
        </con:property>
      </con:properties>
      <con:returnProperties>
        <con:entry>res_status</con:entry>
        <con:entry>res_errorMessage</con:entry>
        <con:entry>res_code</con:entry>
      </con:returnProperties>
      <con:runMode>PARALLELL</con:runMode>
    </con:config>
  </con:testStep>
  <con:testStep type="transfer" name="Property Transfer Create stockIn interaction success - nonSerialized with serialNumber 6" id="139a4398-ce1f-4669-9c9c-352cf5b0124a" disabled="true">
    <con:settings/>
    <con:config xsi:type="con:PropertyTransfersStep" xmlns:xsi="http://www.w3.org/2001/XMLSchema-instance">
      <con:transfers setNullOnMissingSource="true" transferTextContent="true" failOnError="true" ignoreEmpty="false" transferToAll="false" entitize="false" transferChildNodes="false">
        <con:name>user</con:name>
        <con:sourceType>userId</con:sourceType>
        <con:sourceStep>Given properties for the test steps</con:sourceStep>
        <con:sourcePath/>
        <con:targetType>req_userRoleId</con:targetType>
        <con:targetStep>Create stockIn interaction success - nonSerialized with serialNumber 6</con:targetStep>
        <con:targetPath/>
        <con:upgraded>true</con:upgraded>
      </con:transfers>
      <con:transfers setNullOnMissingSource="true" transferTextContent="true" failOnError="true" ignoreEmpty="false" transferToAll="false" entitize="false" transferChildNodes="false">
        <con:name>so</con:name>
        <con:sourceType>soId</con:sourceType>
        <con:sourceStep>Given properties for the test steps</con:sourceStep>
        <con:targetType>req_soRoleId</con:targetType>
        <con:targetStep>Create stockIn interaction success - nonSerialized with serialNumber 6</con:targetStep>
        <con:upgraded>true</con:upgraded>
      </con:transfers>
      <con:transfers setNullOnMissingSource="true" transferTextContent="true" failOnError="true" ignoreEmpty="false" transferToAll="false" entitize="false" transferChildNodes="false">
        <con:name>biSpecCode</con:name>
        <con:sourceType>stockInBISpecCode</con:sourceType>
        <con:sourceStep>Given properties for the test steps</con:sourceStep>
        <con:targetType>req_biSpecCode</con:targetType>
        <con:targetStep>Create stockIn interaction success - nonSerialized with serialNumber 6</con:targetStep>
        <con:upgraded>true</con:upgraded>
      </con:transfers>
    </con:config>
  </con:testStep>
  <con:testStep type="calltestcase" name="Create stockIn interaction success - nonSerialized with serialNumber 6" id="6ecfff7c-a0dc-46e5-992f-309225e38826" disabled="true">
    <con:settings/>
    <con:config xsi:type="con:RunTestCaseStep" xmlns:xsi="http://www.w3.org/2001/XMLSchema-instance">
      <con:targetTestCase>bba3ce34-4cc5-41fb-98a0-894988e91181</con:targetTestCase>
      <con:properties>
        <con:property>
          <con:name>req_biSpecCode</con:name>
          <con:value>STCKINBISPEC</con:value>
        </con:property>
        <con:property>
          <con:name>res_biId</con:name>
          <con:value>421</con:value>
        </con:property>
        <con:property>
          <con:name>res_code</con:name>
          <con:value xsi:nil="true"/>
        </con:property>
        <con:property>
          <con:name>req_userRoleId</con:name>
          <con:value>13</con:value>
        </con:property>
        <con:property>
          <con:name>req_soRoleId</con:name>
          <con:value>11</con:value>
        </con:property>
        <con:property>
          <con:name>res_errorMessage</con:name>
          <con:value xsi:nil="true"/>
        </con:property>
        <con:property>
          <con:name>res_httpStatus</con:name>
          <con:value>201</con:value>
        </con:property>
      </con:properties>
      <con:returnProperties>
        <con:entry>res_biId</con:entry>
        <con:entry>res_code</con:entry>
        <con:entry>res_errorMessage</con:entry>
        <con:entry>res_httpStatus</con:entry>
      </con:returnProperties>
      <con:runMode>PARALLELL</con:runMode>
    </con:config>
  </con:testStep>
  <con:testStep type="assertionteststep" name="Assertion Create stockIn interaction success - nonSerialized with serialNumber 6" id="56ba36c8-731a-4301-aa15-a86af0c590f9" disabled="true">
    <con:settings/>
    <con:config xsi:type="con:AssertionTestStep" xmlns:xsi="http://www.w3.org/2001/XMLSchema-instance">
      <con:entry>
        <con:id>4ae4b2f6-f240-4df1-95b0-0493f5192cea</con:id>
        <con:isGroup>false</con:isGroup>
        <con:sourceId>6ecfff7c-a0dc-46e5-992f-309225e38826</con:sourceId>
        <con:propertyName>res_httpStatus</con:propertyName>
        <con:assertion type="Simple Equals" name="Equals" id="59825ee8-6d2d-46fb-83ce-32ebc09268a6">
          <con:configuration>
            <patternText>201</patternText>
            <caseSensitive>true</caseSensitive>
          </con:configuration>
        </con:assertion>
      </con:entry>
      <con:entry>
        <con:id>ba5cad20-452a-467b-b84d-568b7d4d4073</con:id>
        <con:isGroup>false</con:isGroup>
        <con:sourceId>6ecfff7c-a0dc-46e5-992f-309225e38826</con:sourceId>
        <con:propertyName>res_biId</con:propertyName>
        <con:assertion type="Simple Contains" name="Contains" id="62c18b9b-dd38-4f5f-a689-267ec45a99f5">
          <con:configuration>
            <token>\d+</token>
            <ignoreCase>false</ignoreCase>
            <useRegEx>true</useRegEx>
          </con:configuration>
        </con:assertion>
      </con:entry>
    </con:config>
  </con:testStep>
  <con:testStep type="transfer" name="Property Transfer biId - nonSerialized with serialNumber 6" id="89a3ed47-7d90-45d5-8f87-cd6bf952fab3" disabled="true">
    <con:settings/>
    <con:config xsi:type="con:PropertyTransfersStep" xmlns:xsi="http://www.w3.org/2001/XMLSchema-instance">
      <con:transfers setNullOnMissingSource="true" transferTextContent="true" failOnError="true" ignoreEmpty="false" transferToAll="false" entitize="false" transferChildNodes="false">
        <con:name>biId</con:name>
        <con:sourceType>res_biId</con:sourceType>
        <con:sourceStep>Create stockIn interaction success - nonSerialized with serialNumber 6</con:sourceStep>
        <con:sourcePath/>
        <con:targetType>biId6</con:targetType>
        <con:targetStep>Given properties for the test steps</con:targetStep>
        <con:targetPath/>
        <con:upgraded>true</con:upgraded>
      </con:transfers>
    </con:config>
  </con:testStep>
  <con:testStep type="calltestcase" name="Load File - nonSerialized with serialNumber 6" id="4d67bc01-fd39-4a02-bb29-c7f0f173d791" disabled="true">
    <con:settings/>
    <con:config xsi:type="con:RunTestCaseStep" xmlns:xsi="http://www.w3.org/2001/XMLSchema-instance">
      <con:targetTestCase>4d599bf6-0171-400e-aac2-7f6ff9a1c08c</con:targetTestCase>
      <con:properties>
        <con:property>
          <con:name>req_biName</con:name>
          <con:value>stockin</con:value>
        </con:property>
        <con:property>
          <con:name>req_biId</con:name>
          <con:value>${Given properties for the test steps#biId6}</con:value>
        </con:property>
        <con:property>
          <con:name>res_status</con:name>
          <con:value>200</con:value>
        </con:property>
        <con:property>
          <con:name>res_errorMessage</con:name>
          <con:value/>
        </con:property>
        <con:property>
          <con:name>res_code</con:name>
          <con:value/>
        </con:property>
      </con:properties>
      <con:returnProperties>
        <con:entry>res_status</con:entry>
        <con:entry>res_errorMessage</con:entry>
        <con:entry>res_code</con:entry>
      </con:returnProperties>
      <con:runMode>PARALLELL</con:runMode>
    </con:config>
  </con:testStep>
  <con:testStep type="transfer" name="Property Transfer Create stockIn interaction success - whileProcessed" id="a986b9b7-a809-496c-8bbb-42fcf6dd921d" disabled="true">
    <con:settings/>
    <con:config xsi:type="con:PropertyTransfersStep" xmlns:xsi="http://www.w3.org/2001/XMLSchema-instance">
      <con:transfers setNullOnMissingSource="true" transferTextContent="true" failOnError="true" ignoreEmpty="false" transferToAll="false" entitize="false" transferChildNodes="false">
        <con:name>user</con:name>
        <con:sourceType>userId</con:sourceType>
        <con:sourceStep>Given properties for the test steps</con:sourceStep>
        <con:sourcePath/>
        <con:targetType>req_userRoleId</con:targetType>
        <con:targetStep>Create stockIn interaction success - whileProcessed</con:targetStep>
        <con:targetPath/>
        <con:upgraded>true</con:upgraded>
      </con:transfers>
      <con:transfers setNullOnMissingSource="true" transferTextContent="true" failOnError="true" ignoreEmpty="false" transferToAll="false" entitize="false" transferChildNodes="false">
        <con:name>so</con:name>
        <con:sourceType>soId</con:sourceType>
        <con:sourceStep>Given properties for the test steps</con:sourceStep>
        <con:targetType>req_soRoleId</con:targetType>
        <con:targetStep>Create stockIn interaction success - whileProcessed</con:targetStep>
        <con:upgraded>true</con:upgraded>
      </con:transfers>
      <con:transfers setNullOnMissingSource="true" transferTextContent="true" failOnError="true" ignoreEmpty="false" transferToAll="false" entitize="false" transferChildNodes="false">
        <con:name>biSpecCode</con:name>
        <con:sourceType>stockInBISpecCode</con:sourceType>
        <con:sourceStep>Given properties for the test steps</con:sourceStep>
        <con:targetType>req_biSpecCode</con:targetType>
        <con:targetStep>Create stockIn interaction success - whileProcessed</con:targetStep>
        <con:upgraded>true</con:upgraded>
      </con:transfers>
    </con:config>
  </con:testStep>
  <con:testStep type="calltestcase" name="Create stockIn interaction success - whileProcessed" id="24c93608-0c9f-4404-885d-f4269c7e7dc3" disabled="true">
    <con:settings/>
    <con:config xsi:type="con:RunTestCaseStep" xmlns:xsi="http://www.w3.org/2001/XMLSchema-instance">
      <con:targetTestCase>bba3ce34-4cc5-41fb-98a0-894988e91181</con:targetTestCase>
      <con:properties>
        <con:property>
          <con:name>req_biSpecCode</con:name>
          <con:value>STCKINBISPEC</con:value>
        </con:property>
        <con:property>
          <con:name>res_biId</con:name>
          <con:value>1451</con:value>
        </con:property>
        <con:property>
          <con:name>res_code</con:name>
          <con:value xsi:nil="true"/>
        </con:property>
        <con:property>
          <con:name>req_userRoleId</con:name>
          <con:value>41</con:value>
        </con:property>
        <con:property>
          <con:name>req_soRoleId</con:name>
          <con:value>39</con:value>
        </con:property>
        <con:property>
          <con:name>res_errorMessage</con:name>
          <con:value xsi:nil="true"/>
        </con:property>
        <con:property>
          <con:name>res_httpStatus</con:name>
          <con:value>201</con:value>
        </con:property>
      </con:properties>
      <con:returnProperties>
        <con:entry>res_biId</con:entry>
        <con:entry>res_code</con:entry>
        <con:entry>res_errorMessage</con:entry>
        <con:entry>res_httpStatus</con:entry>
      </con:returnProperties>
      <con:runMode>PARALLELL</con:runMode>
    </con:config>
  </con:testStep>
  <con:testStep type="assertionteststep" name="Assertion Create stockIn interaction success - whileProcessed" id="a2919849-5765-436b-86d1-34610446df7f" disabled="true">
    <con:settings/>
    <con:config xsi:type="con:AssertionTestStep" xmlns:xsi="http://www.w3.org/2001/XMLSchema-instance">
      <con:entry>
        <con:id>ff148068-a1c3-4a99-ae64-745c9ea36937</con:id>
        <con:isGroup>false</con:isGroup>
        <con:sourceId>24c93608-0c9f-4404-885d-f4269c7e7dc3</con:sourceId>
        <con:propertyName>res_biId</con:propertyName>
        <con:assertion type="Simple Contains" name="Contains" id="a385c197-5415-4db7-979b-81e9208241b9">
          <con:configuration>
            <token>\d+</token>
            <ignoreCase>false</ignoreCase>
            <useRegEx>true</useRegEx>
          </con:configuration>
        </con:assertion>
      </con:entry>
      <con:entry>
        <con:id>cb879297-da97-4b16-a0ed-376675385e35</con:id>
        <con:isGroup>false</con:isGroup>
        <con:sourceId>24c93608-0c9f-4404-885d-f4269c7e7dc3</con:sourceId>
        <con:propertyName>res_httpStatus</con:propertyName>
        <con:assertion type="Simple Equals" name="Equals" id="bc392cdc-018e-43f8-9717-c27a4b632db9">
          <con:configuration>
            <patternText>201</patternText>
            <caseSensitive>true</caseSensitive>
          </con:configuration>
        </con:assertion>
      </con:entry>
    </con:config>
  </con:testStep>
  <con:testStep type="transfer" name="Property Transfer biId - whileProcessed" id="a1df1f3b-7628-4120-b0f4-1567237da77a" disabled="true">
    <con:settings/>
    <con:config xsi:type="con:PropertyTransfersStep" xmlns:xsi="http://www.w3.org/2001/XMLSchema-instance">
      <con:transfers setNullOnMissingSource="true" transferTextContent="true" failOnError="true" ignoreEmpty="false" transferToAll="false" entitize="false" transferChildNodes="false">
        <con:name>biId</con:name>
        <con:sourceType>res_biId</con:sourceType>
        <con:sourceStep>Create stockIn interaction success - whileProcessed</con:sourceStep>
        <con:sourcePath/>
        <con:targetType>biId_whileProcessed</con:targetType>
        <con:targetStep>Given properties for the test steps</con:targetStep>
        <con:targetPath/>
        <con:upgraded>true</con:upgraded>
      </con:transfers>
    </con:config>
  </con:testStep>
  <con:testStep type="transfer" name="Property Transfer for adding aggregated Item - whileProcessed" id="b6c726df-1808-44e2-8bc2-0e3d5c8f57e6" disabled="true">
    <con:settings/>
    <con:config xsi:type="con:PropertyTransfersStep" xmlns:xsi="http://www.w3.org/2001/XMLSchema-instance">
      <con:transfers setNullOnMissingSource="true" transferTextContent="true" failOnError="true" ignoreEmpty="false" transferToAll="false" entitize="false" transferChildNodes="false">
        <con:name>biId</con:name>
        <con:sourceType>biId_whileProcessed</con:sourceType>
        <con:sourceStep>Given properties for the test steps</con:sourceStep>
        <con:sourcePath/>
        <con:targetType>req_biId</con:targetType>
        <con:targetStep>Add Aggregated Item - whileProcessed</con:targetStep>
        <con:targetPath/>
        <con:upgraded>true</con:upgraded>
      </con:transfers>
      <con:transfers setNullOnMissingSource="true" transferTextContent="true" failOnError="true" ignoreEmpty="false" transferToAll="false" entitize="false" transferChildNodes="false">
        <con:name>placeId</con:name>
        <con:sourceType>res_placeId</con:sourceType>
        <con:sourceStep>Create sales organization and user</con:sourceStep>
        <con:targetType>req_toPlaceId</con:targetType>
        <con:targetStep>Add Aggregated Item - whileProcessed</con:targetStep>
        <con:upgraded>true</con:upgraded>
      </con:transfers>
      <con:transfers setNullOnMissingSource="true" transferTextContent="true" failOnError="true" ignoreEmpty="false" transferToAll="false" entitize="false" transferChildNodes="false" disabled="true">
        <con:name>serialNumber</con:name>
        <con:sourceType>batchId</con:sourceType>
        <con:sourceStep>DataGen for current timeStamp</con:sourceStep>
        <con:targetType>req_startSerialNumber</con:targetType>
        <con:targetStep>Add Aggregated serial Item</con:targetStep>
        <con:upgraded>true</con:upgraded>
      </con:transfers>
      <con:transfers setNullOnMissingSource="true" transferTextContent="true" failOnError="true" ignoreEmpty="false" transferToAll="false" entitize="false" transferChildNodes="false">
        <con:name>soId</con:name>
        <con:sourceType>res_salesOrgId</con:sourceType>
        <con:sourceStep>Create sales organization and user</con:sourceStep>
        <con:targetType>req_soId</con:targetType>
        <con:targetStep>Add Aggregated Item - whileProcessed</con:targetStep>
        <con:upgraded>true</con:upgraded>
      </con:transfers>
      <con:transfers setNullOnMissingSource="true" transferTextContent="true" failOnError="true" ignoreEmpty="false" transferToAll="false" entitize="false" transferChildNodes="false">
        <con:name>quantity</con:name>
        <con:sourceType>quantity</con:sourceType>
        <con:sourceStep>Given properties for the test steps</con:sourceStep>
        <con:targetType>req_quantity</con:targetType>
        <con:targetStep>Add Aggregated Item - whileProcessed</con:targetStep>
        <con:upgraded>true</con:upgraded>
      </con:transfers>
      <con:transfers setNullOnMissingSource="true" transferTextContent="true" failOnError="true" ignoreEmpty="false" transferToAll="false" entitize="false" transferChildNodes="false">
        <con:name>purchaseDate</con:name>
        <con:sourceType>purchaseDate</con:sourceType>
        <con:sourceStep>Given properties for the test steps</con:sourceStep>
        <con:targetType>req_purchaseDate</con:targetType>
        <con:targetStep>Add Aggregated Item - whileProcessed</con:targetStep>
        <con:upgraded>true</con:upgraded>
      </con:transfers>
    </con:config>
  </con:testStep>
  <con:testStep type="calltestcase" name="Add Aggregated Item - whileProcessed" id="be814e46-2518-4f68-b227-0fb86303c337" disabled="true">
    <con:settings/>
    <con:config xsi:type="con:RunTestCaseStep" xmlns:xsi="http://www.w3.org/2001/XMLSchema-instance">
      <con:targetTestCase>56257bd7-ca12-4aa0-bc6c-f7c9fa9bea22</con:targetTestCase>
      <con:properties>
        <con:property>
          <con:name>req_biId</con:name>
          <con:value>1451</con:value>
        </con:property>
        <con:property>
          <con:name>req_soId</con:name>
          <con:value>39</con:value>
        </con:property>
        <con:property>
          <con:name>res_code</con:name>
          <con:value xsi:nil="true"/>
        </con:property>
        <con:property>
          <con:name>res_errorMessage</con:name>
          <con:value xsi:nil="true"/>
        </con:property>
        <con:property>
          <con:name>res_id</con:name>
          <con:value>411</con:value>
        </con:property>
        <con:property>
          <con:name>res_status</con:name>
          <con:value>201</con:value>
        </con:property>
        <con:property>
          <con:name>req_toPlaceId</con:name>
          <con:value>22</con:value>
        </con:property>
        <con:property>
          <con:name>req_quantity</con:name>
          <con:value>1</con:value>
        </con:property>
        <con:property>
          <con:name>req_purchaseDate</con:name>
          <con:value>2018-01-29T11:57:17.000Z</con:value>
        </con:property>
        <con:property>
          <con:name>res_errorCode</con:name>
          <con:value/>
        </con:property>
        <con:property>
          <con:name>req_startSerialNumber</con:name>
        </con:property>
        <con:property>
          <con:name>req_endSerialNumber</con:name>
        </con:property>
        <con:property>
          <con:name>req_vendor</con:name>
        </con:property>
      </con:properties>
      <con:returnProperties>
        <con:entry>res_status</con:entry>
        <con:entry>res_code</con:entry>
        <con:entry>res_errorCode</con:entry>
        <con:entry>res_errorMessage</con:entry>
        <con:entry>res_id</con:entry>
      </con:returnProperties>
      <con:runMode>PARALLELL</con:runMode>
    </con:config>
  </con:testStep>
  <con:testStep type="assertionteststep" name="Assertion Add Aggregated serial Item - whileProcessed" id="28318825-c04a-4b2e-a097-4387d110155a" disabled="true">
    <con:settings/>
    <con:config xsi:type="con:AssertionTestStep" xmlns:xsi="http://www.w3.org/2001/XMLSchema-instance">
      <con:entry>
        <con:id>514ca0bc-5c09-4389-a342-86f39cdc2bad</con:id>
        <con:isGroup>false</con:isGroup>
        <con:sourceId>be814e46-2518-4f68-b227-0fb86303c337</con:sourceId>
        <con:propertyName>res_id</con:propertyName>
        <con:assertion type="Simple Contains" name="Contains" id="9eccca99-b410-4d56-92b9-fa832386c49f">
          <con:configuration>
            <token>\d+</token>
            <ignoreCase>false</ignoreCase>
            <useRegEx>true</useRegEx>
          </con:configuration>
        </con:assertion>
      </con:entry>
      <con:entry>
        <con:id>55797d9f-9f96-47cd-8346-a59edd201511</con:id>
        <con:isGroup>false</con:isGroup>
        <con:sourceId>be814e46-2518-4f68-b227-0fb86303c337</con:sourceId>
        <con:propertyName>res_status</con:propertyName>
        <con:assertion type="Simple Equals" name="Equals" id="d94d6429-037a-4908-8099-16ee6142eb63">
          <con:configuration>
            <patternText>201</patternText>
            <caseSensitive>true</caseSensitive>
          </con:configuration>
        </con:assertion>
      </con:entry>
    </con:config>
  </con:testStep>
  <con:testStep type="transfer" name="Property Transfer aggId - whileProcessed" id="d3c20601-f8d2-465f-a2c0-410a5b1fcf64" disabled="true">
    <con:settings/>
    <con:config xsi:type="con:PropertyTransfersStep" xmlns:xsi="http://www.w3.org/2001/XMLSchema-instance">
      <con:transfers setNullOnMissingSource="true" transferTextContent="true" failOnError="true" ignoreEmpty="false" transferToAll="false" entitize="false" transferChildNodes="false">
        <con:name>aggId</con:name>
        <con:sourceType>res_id</con:sourceType>
        <con:sourceStep>Add Aggregated Item - whileProcessed</con:sourceStep>
        <con:sourcePath/>
        <con:targetType>aggId_whileProcessed</con:targetType>
        <con:targetStep>Given properties for the test steps</con:targetStep>
        <con:targetPath/>
        <con:upgraded>true</con:upgraded>
      </con:transfers>
    </con:config>
  </con:testStep>
  <con:testStep type="calltestcase" name="Create File - whileProcessed" id="483dd1de-17e7-462d-ad3b-87222eaff3d1" disabled="true">
    <con:settings/>
    <con:config xsi:type="con:RunTestCaseStep" xmlns:xsi="http://www.w3.org/2001/XMLSchema-instance">
      <con:targetTestCase>16d0b0e6-0e29-4f1f-a0b4-d8ab54d75d88</con:targetTestCase>
      <con:properties>
        <con:property>
          <con:name>req_fileContent</con:name>
          <con:value>${Given properties for the test steps#aggId_whileProcessed};${DataGen for current timeStamp#serial_whileProcessed};${DataGen for current timeStamp#serial_whileProcessed};;</con:value>
        </con:property>
      </con:properties>
      <con:returnProperties/>
      <con:runMode>PARALLELL</con:runMode>
    </con:config>
  </con:testStep>
  <con:testStep type="calltestcase" name="File Upload - whileProcessed" id="42d0ff01-5022-4b41-8cf7-7e0d764fbc93" disabled="true">
    <con:settings/>
    <con:config xsi:type="con:RunTestCaseStep" xmlns:xsi="http://www.w3.org/2001/XMLSchema-instance">
      <con:targetTestCase>80aceab1-3f39-40bb-b945-f6bb316725d7</con:targetTestCase>
      <con:properties>
        <con:property>
          <con:name>req_biName</con:name>
          <con:value>stockin</con:value>
        </con:property>
        <con:property>
          <con:name>req_biId</con:name>
          <con:value>${Given properties for the test steps#biId_whileProcessed}</con:value>
        </con:property>
        <con:property>
          <con:name>res_status</con:name>
          <con:value>200</con:value>
        </con:property>
        <con:property>
          <con:name>res_code</con:name>
        </con:property>
        <con:property>
          <con:name>res_errorMessage</con:name>
        </con:property>
      </con:properties>
      <con:returnProperties>
        <con:entry>res_status</con:entry>
        <con:entry>res_errorMessage</con:entry>
        <con:entry>res_code</con:entry>
      </con:returnProperties>
      <con:runMode>PARALLELL</con:runMode>
    </con:config>
  </con:testStep>
  <con:testStep type="calltestcase" name="Load File - whileProcessed" id="02af1686-aa15-4ed2-a4e9-00f9647f3766" disabled="true">
    <con:settings/>
    <con:config xsi:type="con:RunTestCaseStep" xmlns:xsi="http://www.w3.org/2001/XMLSchema-instance">
      <con:targetTestCase>4d599bf6-0171-400e-aac2-7f6ff9a1c08c</con:targetTestCase>
      <con:properties>
        <con:property>
          <con:name>req_biName</con:name>
          <con:value>stockin</con:value>
        </con:property>
        <con:property>
          <con:name>req_biId</con:name>
          <con:value>${Given properties for the test steps#aggId_whileProcessed}</con:value>
        </con:property>
        <con:property>
          <con:name>res_status</con:name>
          <con:value>200</con:value>
        </con:property>
        <con:property>
          <con:name>res_errorMessage</con:name>
        </con:property>
        <con:property>
          <con:name>res_code</con:name>
        </con:property>
      </con:properties>
      <con:returnProperties>
        <con:entry>res_status</con:entry>
        <con:entry>res_errorMessage</con:entry>
        <con:entry>res_code</con:entry>
      </con:returnProperties>
      <con:runMode>PARALLELL</con:runMode>
    </con:config>
  </con:testStep>
  <con:testStep type="assertionteststep" name="Assertion for file upload / load - whileProcessed" id="131d21ef-ed0a-47e8-9be5-0e1510c480f5" disabled="true">
    <con:settings/>
    <con:config xsi:type="con:AssertionTestStep" xmlns:xsi="http://www.w3.org/2001/XMLSchema-instance">
      <con:entry>
        <con:id>7f1fb379-bce0-4be2-a6bd-5acaa54bb23a</con:id>
        <con:isGroup>false</con:isGroup>
        <con:sourceId>02af1686-aa15-4ed2-a4e9-00f9647f3766</con:sourceId>
        <con:propertyName>res_status</con:propertyName>
        <con:assertion type="Simple Equals" name="Equals" id="4e35b0b7-aabd-40b5-9086-32cb1efd1a76">
          <con:configuration>
            <patternText>200</patternText>
            <caseSensitive>true</caseSensitive>
          </con:configuration>
        </con:assertion>
      </con:entry>
      <con:entry>
        <con:id>b1ed143e-c1f0-4152-8759-739b1c7aae5f</con:id>
        <con:isGroup>false</con:isGroup>
        <con:sourceId>42d0ff01-5022-4b41-8cf7-7e0d764fbc93</con:sourceId>
        <con:propertyName>res_status</con:propertyName>
        <con:assertion type="Simple Equals" name="Equals 2" id="472b8107-11d9-4b4a-9f34-4f5049054a44">
          <con:configuration>
            <patternText>200</patternText>
            <caseSensitive>true</caseSensitive>
          </con:configuration>
        </con:assertion>
      </con:entry>
    </con:config>
  </con:testStep>
  <con:testStep type="transfer" name="Property Transfer for deleting aggregated item - whileProcessed" id="5908451f-2c66-4562-9d34-619d5d990aa7" disabled="true">
    <con:settings/>
    <con:config xsi:type="con:PropertyTransfersStep" xmlns:xsi="http://www.w3.org/2001/XMLSchema-instance">
      <con:transfers setNullOnMissingSource="true" transferTextContent="true" failOnError="true" ignoreEmpty="false" transferToAll="false" entitize="false" transferChildNodes="false">
        <con:name>biId</con:name>
        <con:sourceType>biId_whileProcessed</con:sourceType>
        <con:sourceStep>Given properties for the test steps</con:sourceStep>
        <con:sourcePath/>
        <con:targetType>req_biId</con:targetType>
        <con:targetStep>Delete aggregated item - whileProcessed</con:targetStep>
        <con:targetPath/>
        <con:upgraded>true</con:upgraded>
      </con:transfers>
      <con:transfers setNullOnMissingSource="true" transferTextContent="true" failOnError="true" ignoreEmpty="false" transferToAll="false" entitize="false" transferChildNodes="false">
        <con:name>aggregatedItemId</con:name>
        <con:sourceType>aggId_whileProcessed</con:sourceType>
        <con:sourceStep>Given properties for the test steps</con:sourceStep>
        <con:targetType>req_aggregatedItemId</con:targetType>
        <con:targetStep>Delete aggregated item - whileProcessed</con:targetStep>
        <con:upgraded>true</con:upgraded>
      </con:transfers>
    </con:config>
  </con:testStep>
  <con:testStep type="calltestcase" name="Delete aggregated item - whileProcessed" id="1e6503aa-dae6-4eca-bb06-1b1d4e71e856" disabled="true">
    <con:settings/>
    <con:config xsi:type="con:RunTestCaseStep" xmlns:xsi="http://www.w3.org/2001/XMLSchema-instance">
      <con:targetTestCase>ec821b9d-54f9-4175-a6a8-06ae1059cba7</con:targetTestCase>
      <con:properties>
        <con:property>
          <con:name>req_biId</con:name>
          <con:value>1301</con:value>
        </con:property>
        <con:property>
          <con:name>req_aggregatedItemId</con:name>
          <con:value>359</con:value>
        </con:property>
        <con:property>
          <con:name>res_status</con:name>
          <con:value>200</con:value>
        </con:property>
        <con:property>
          <con:name>res_response</con:name>
          <con:value>359</con:value>
        </con:property>
        <con:property>
          <con:name>res_code</con:name>
          <con:value/>
        </con:property>
      </con:properties>
      <con:returnProperties>
        <con:entry>res_status</con:entry>
        <con:entry>res_response</con:entry>
        <con:entry>res_code</con:entry>
      </con:returnProperties>
      <con:runMode>PARALLELL</con:runMode>
    </con:config>
  </con:testStep>
  <con:testStep type="transfer" name="Property Transfer for submit stockIn - whileProcessed" id="2799a01f-8864-41c2-ade5-98a159891997" disabled="true">
    <con:settings/>
    <con:config xsi:type="con:PropertyTransfersStep" xmlns:xsi="http://www.w3.org/2001/XMLSchema-instance">
      <con:transfers setNullOnMissingSource="true" transferTextContent="true" failOnError="true" ignoreEmpty="false" transferToAll="false" entitize="false" transferChildNodes="false">
        <con:name>biId</con:name>
        <con:sourceType>biId_whileProcessed</con:sourceType>
        <con:sourceStep>Given properties for the test steps</con:sourceStep>
        <con:sourcePath/>
        <con:targetType>req_biId</con:targetType>
        <con:targetStep>Submit stockIn - whileProcessed</con:targetStep>
        <con:targetPath/>
        <con:upgraded>true</con:upgraded>
      </con:transfers>
    </con:config>
  </con:testStep>
  <con:testStep type="calltestcase" name="Submit stockIn - whileProcessed" id="0f4dbde3-623e-479c-aeaa-511be7fac0b6" disabled="true">
    <con:settings/>
    <con:config xsi:type="con:RunTestCaseStep" xmlns:xsi="http://www.w3.org/2001/XMLSchema-instance">
      <con:targetTestCase>c6afe465-b867-4e9f-9e55-596671d41d0a</con:targetTestCase>
      <con:properties>
        <con:property>
          <con:name>req_biId</con:name>
          <con:value>1451</con:value>
        </con:property>
        <con:property>
          <con:name>res_biId</con:name>
          <con:value xsi:nil="true"/>
        </con:property>
        <con:property>
          <con:name>res_code</con:name>
          <con:value>NEXT_STATE_NOT_FOUND</con:value>
        </con:property>
        <con:property>
          <con:name>res_errorMessage</con:name>
          <con:value>NEXT_STATE_NOT_FOUND</con:value>
        </con:property>
        <con:property>
          <con:name>res_httpStatusCode</con:name>
          <con:value>400</con:value>
        </con:property>
      </con:properties>
      <con:returnProperties>
        <con:entry>res_biId</con:entry>
        <con:entry>res_code</con:entry>
        <con:entry>res_errorMessage</con:entry>
        <con:entry>res_httpStatusCode</con:entry>
      </con:returnProperties>
      <con:runMode>PARALLELL</con:runMode>
    </con:config>
  </con:testStep>
  <con:testStep type="transfer" name="Property Transfer for cancel stockIn bi - whileProcessed" id="9c7c5136-4291-4384-a155-04b717eaf5f0" disabled="true">
    <con:settings/>
    <con:config xsi:type="con:PropertyTransfersStep" xmlns:xsi="http://www.w3.org/2001/XMLSchema-instance">
      <con:transfers setNullOnMissingSource="true" transferTextContent="true" failOnError="true" ignoreEmpty="false" transferToAll="false" entitize="false" transferChildNodes="false">
        <con:name>biId</con:name>
        <con:sourceType>biId_whileProcessed</con:sourceType>
        <con:sourceStep>Given properties for the test steps</con:sourceStep>
        <con:sourcePath/>
        <con:targetType>req_biId</con:targetType>
        <con:targetStep>Cancel stock in business interaction - whileProcessed</con:targetStep>
        <con:targetPath/>
        <con:upgraded>true</con:upgraded>
      </con:transfers>
    </con:config>
  </con:testStep>
  <con:testStep type="calltestcase" name="Cancel stock in business interaction - whileProcessed" id="e7ca8b74-ed64-47d9-9685-fd3f4e9a61d9" disabled="true">
    <con:settings/>
    <con:config xsi:type="con:RunTestCaseStep" xmlns:xsi="http://www.w3.org/2001/XMLSchema-instance">
      <con:targetTestCase>4ffc15a1-2572-462e-859a-6f5c02e2aa40</con:targetTestCase>
      <con:properties>
        <con:property>
          <con:name>req_biId</con:name>
          <con:value>1441</con:value>
        </con:property>
        <con:property>
          <con:name>res_biId</con:name>
          <con:value>1441</con:value>
        </con:property>
        <con:property>
          <con:name>res_code</con:name>
          <con:value xsi:nil="true"/>
        </con:property>
        <con:property>
          <con:name>res_errorMessage</con:name>
          <con:value xsi:nil="true"/>
        </con:property>
      </con:properties>
      <con:returnProperties>
        <con:entry>res_biId</con:entry>
        <con:entry>res_code</con:entry>
        <con:entry>res_errorMessage</con:entry>
      </con:returnProperties>
      <con:runMode>PARALLELL</con:runMode>
    </con:config>
  </con:testStep>
  <con:testStep type="transfer" name="Property Transfer Create stockIn interaction success - unsupportedFileFormat" id="a392a810-07a3-4cb8-923a-f095a1a2e4b0">
    <con:settings/>
    <con:config xsi:type="con:PropertyTransfersStep" xmlns:xsi="http://www.w3.org/2001/XMLSchema-instance">
      <con:transfers setNullOnMissingSource="true" transferTextContent="true" failOnError="true" ignoreEmpty="false" transferToAll="false" entitize="false" transferChildNodes="false">
        <con:name>user</con:name>
        <con:sourceType>userId</con:sourceType>
        <con:sourceStep>Given properties for the test steps</con:sourceStep>
        <con:sourcePath/>
        <con:targetType>req_userRoleId</con:targetType>
        <con:targetStep>Create stockIn interaction success - unsupportedFileFormat</con:targetStep>
        <con:targetPath/>
        <con:upgraded>true</con:upgraded>
      </con:transfers>
      <con:transfers setNullOnMissingSource="true" transferTextContent="true" failOnError="true" ignoreEmpty="false" transferToAll="false" entitize="false" transferChildNodes="false">
        <con:name>so</con:name>
        <con:sourceType>soId</con:sourceType>
        <con:sourceStep>Given properties for the test steps</con:sourceStep>
        <con:targetType>req_soRoleId</con:targetType>
        <con:targetStep>Create stockIn interaction success - unsupportedFileFormat</con:targetStep>
        <con:upgraded>true</con:upgraded>
      </con:transfers>
      <con:transfers setNullOnMissingSource="true" transferTextContent="true" failOnError="true" ignoreEmpty="false" transferToAll="false" entitize="false" transferChildNodes="false">
        <con:name>biSpecCode</con:name>
        <con:sourceType>stockInBISpecCode</con:sourceType>
        <con:sourceStep>Given properties for the test steps</con:sourceStep>
        <con:targetType>req_biSpecCode</con:targetType>
        <con:targetStep>Create stockIn interaction success - unsupportedFileFormat</con:targetStep>
        <con:upgraded>true</con:upgraded>
      </con:transfers>
    </con:config>
  </con:testStep>
  <con:testStep type="calltestcase" name="Create stockIn interaction success - unsupportedFileFormat" id="5b9ebe5b-9443-4e29-8e48-c5bc42f24ae0">
    <con:settings/>
    <con:config xsi:type="con:RunTestCaseStep" xmlns:xsi="http://www.w3.org/2001/XMLSchema-instance">
      <con:targetTestCase>bba3ce34-4cc5-41fb-98a0-894988e91181</con:targetTestCase>
      <con:properties>
        <con:property>
          <con:name>req_biSpecCode</con:name>
          <con:value>STCKINBISPEC</con:value>
        </con:property>
        <con:property>
          <con:name>res_biId</con:name>
          <con:value>1091</con:value>
        </con:property>
        <con:property>
          <con:name>res_code</con:name>
          <con:value>201</con:value>
        </con:property>
        <con:property>
          <con:name>req_userRoleId</con:name>
          <con:value>33</con:value>
        </con:property>
        <con:property>
          <con:name>req_soRoleId</con:name>
          <con:value>31</con:value>
        </con:property>
        <con:property>
          <con:name>res_errorMessage</con:name>
          <con:value xsi:nil="true"/>
        </con:property>
        <con:property>
          <con:name>res_httpStatus</con:name>
          <con:value>201</con:value>
        </con:property>
      </con:properties>
      <con:returnProperties>
        <con:entry>res_biId</con:entry>
        <con:entry>res_code</con:entry>
        <con:entry>res_errorMessage</con:entry>
        <con:entry>res_httpStatus</con:entry>
      </con:returnProperties>
      <con:runMode>PARALLELL</con:runMode>
    </con:config>
  </con:testStep>
  <con:testStep type="assertionteststep" name="Assertion Create stockIn interaction success - unsupportedFileFormat" id="58316919-d4db-40c8-b6aa-61c6b989a0f2">
    <con:settings/>
    <con:config xsi:type="con:AssertionTestStep" xmlns:xsi="http://www.w3.org/2001/XMLSchema-instance">
      <con:entry>
        <con:id>8e83cd8c-89de-4775-8bbf-e56f19e6dda6</con:id>
        <con:isGroup>false</con:isGroup>
        <con:sourceId>5b9ebe5b-9443-4e29-8e48-c5bc42f24ae0</con:sourceId>
        <con:propertyName>res_httpStatus</con:propertyName>
        <con:assertion type="Simple Equals" name="Equals" id="0e887b3f-fe04-419d-9d7e-9408ba27907f">
          <con:configuration>
            <patternText>201</patternText>
            <caseSensitive>true</caseSensitive>
          </con:configuration>
        </con:assertion>
      </con:entry>
      <con:entry>
        <con:id>1e235e3c-7745-4195-9be5-09a5b43d615b</con:id>
        <con:isGroup>false</con:isGroup>
        <con:sourceId>5b9ebe5b-9443-4e29-8e48-c5bc42f24ae0</con:sourceId>
        <con:propertyName>res_biId</con:propertyName>
        <con:assertion type="Simple Contains" name="Contains" id="81769957-f599-4ee3-8401-933ce2e78b8f">
          <con:configuration>
            <token>\d+</token>
            <ignoreCase>false</ignoreCase>
            <useRegEx>true</useRegEx>
          </con:configuration>
        </con:assertion>
      </con:entry>
    </con:config>
  </con:testStep>
  <con:testStep type="transfer" name="Property Transfer biId - unsupportedFileFormat" id="ed7b5d35-63a1-4f98-a385-126e872fd804">
    <con:settings/>
    <con:config xsi:type="con:PropertyTransfersStep" xmlns:xsi="http://www.w3.org/2001/XMLSchema-instance">
      <con:transfers setNullOnMissingSource="true" transferTextContent="true" failOnError="true" ignoreEmpty="false" transferToAll="false" entitize="false" transferChildNodes="false">
        <con:name>biId</con:name>
        <con:sourceType>res_biId</con:sourceType>
        <con:sourceStep>Create stockIn interaction success - unsupportedFileFormat</con:sourceStep>
        <con:sourcePath/>
        <con:targetType>biId_jpeg</con:targetType>
        <con:targetStep>Given properties for the test steps</con:targetStep>
        <con:targetPath/>
        <con:upgraded>true</con:upgraded>
      </con:transfers>
    </con:config>
  </con:testStep>
  <con:testStep type="transfer" name="Property Transfer for adding aggregated Item - unsupportedFileFormat" id="ac94dd24-f2b9-46b5-8dff-b5cab0305abe">
    <con:settings/>
    <con:config xsi:type="con:PropertyTransfersStep" xmlns:xsi="http://www.w3.org/2001/XMLSchema-instance">
      <con:transfers setNullOnMissingSource="true" transferTextContent="true" failOnError="true" ignoreEmpty="false" transferToAll="false" entitize="false" transferChildNodes="false">
        <con:name>biId</con:name>
        <con:sourceType>biId_jpeg</con:sourceType>
        <con:sourceStep>Given properties for the test steps</con:sourceStep>
        <con:sourcePath/>
        <con:targetType>req_biId</con:targetType>
        <con:targetStep>Add Aggregated serial Item - unsupportedFileFormat</con:targetStep>
        <con:targetPath/>
        <con:upgraded>true</con:upgraded>
      </con:transfers>
      <con:transfers setNullOnMissingSource="true" transferTextContent="true" failOnError="true" ignoreEmpty="false" transferToAll="false" entitize="false" transferChildNodes="false">
        <con:name>placeId</con:name>
        <con:sourceType>res_placeId</con:sourceType>
        <con:sourceStep>Create sales organization and user</con:sourceStep>
        <con:targetType>req_toPlaceId</con:targetType>
        <con:targetStep>Add Aggregated serial Item - unsupportedFileFormat</con:targetStep>
        <con:upgraded>true</con:upgraded>
      </con:transfers>
      <con:transfers setNullOnMissingSource="true" transferTextContent="true" failOnError="true" ignoreEmpty="false" transferToAll="false" entitize="false" transferChildNodes="false" disabled="true">
        <con:name>serialNumber</con:name>
        <con:sourceType>batchId</con:sourceType>
        <con:sourceStep>DataGen for current timeStamp</con:sourceStep>
        <con:targetType>req_startSerialNumber</con:targetType>
        <con:targetStep>Add Aggregated serial Item</con:targetStep>
        <con:upgraded>true</con:upgraded>
      </con:transfers>
      <con:transfers setNullOnMissingSource="true" transferTextContent="true" failOnError="true" ignoreEmpty="false" transferToAll="false" entitize="false" transferChildNodes="false">
        <con:name>soId</con:name>
        <con:sourceType>res_salesOrgId</con:sourceType>
        <con:sourceStep>Create sales organization and user</con:sourceStep>
        <con:targetType>req_soId</con:targetType>
        <con:targetStep>Add Aggregated serial Item - unsupportedFileFormat</con:targetStep>
        <con:upgraded>true</con:upgraded>
      </con:transfers>
      <con:transfers setNullOnMissingSource="true" transferTextContent="true" failOnError="true" ignoreEmpty="false" transferToAll="false" entitize="false" transferChildNodes="false">
        <con:name>quantity</con:name>
        <con:sourceType>quantity</con:sourceType>
        <con:sourceStep>Given properties for the test steps</con:sourceStep>
        <con:targetType>req_quantity</con:targetType>
        <con:targetStep>Add Aggregated serial Item - unsupportedFileFormat</con:targetStep>
        <con:upgraded>true</con:upgraded>
      </con:transfers>
      <con:transfers setNullOnMissingSource="true" transferTextContent="true" failOnError="true" ignoreEmpty="false" transferToAll="false" entitize="false" transferChildNodes="false">
        <con:name>purchaseDate</con:name>
        <con:sourceType>purchaseDate</con:sourceType>
        <con:sourceStep>Given properties for the test steps</con:sourceStep>
        <con:targetType>req_purchaseDate</con:targetType>
        <con:targetStep>Add Aggregated serial Item - unsupportedFileFormat</con:targetStep>
        <con:upgraded>true</con:upgraded>
      </con:transfers>
    </con:config>
  </con:testStep>
  <con:testStep type="calltestcase" name="Add Aggregated serial Item - unsupportedFileFormat" id="c91c8306-cceb-43c8-9869-a7a7d88acbe8">
    <con:settings/>
    <con:config xsi:type="con:RunTestCaseStep" xmlns:xsi="http://www.w3.org/2001/XMLSchema-instance">
      <con:targetTestCase>56257bd7-ca12-4aa0-bc6c-f7c9fa9bea22</con:targetTestCase>
      <con:properties>
        <con:property>
          <con:name>req_biId</con:name>
          <con:value>1091</con:value>
        </con:property>
        <con:property>
          <con:name>req_soId</con:name>
          <con:value>31</con:value>
        </con:property>
        <con:property>
          <con:name>res_code</con:name>
          <con:value xsi:nil="true"/>
        </con:property>
        <con:property>
          <con:name>res_errorMessage</con:name>
          <con:value xsi:nil="true"/>
        </con:property>
        <con:property>
          <con:name>res_id</con:name>
          <con:value>638</con:value>
        </con:property>
        <con:property>
          <con:name>res_status</con:name>
          <con:value>201</con:value>
        </con:property>
        <con:property>
          <con:name>req_toPlaceId</con:name>
          <con:value>18</con:value>
        </con:property>
        <con:property>
          <con:name>req_quantity</con:name>
          <con:value>1</con:value>
        </con:property>
        <con:property>
          <con:name>req_purchaseDate</con:name>
          <con:value>2018-01-29T11:57:17.000Z</con:value>
        </con:property>
        <con:property>
          <con:name>res_errorCode</con:name>
          <con:value/>
        </con:property>
        <con:property>
          <con:name>req_startSerialNumber</con:name>
          <con:value xsi:nil="true"/>
        </con:property>
        <con:property>
          <con:name>req_endSerialNumber</con:name>
          <con:value xsi:nil="true"/>
        </con:property>
        <con:property>
          <con:name>req_vendor</con:name>
        </con:property>
      </con:properties>
      <con:returnProperties>
        <con:entry>res_status</con:entry>
        <con:entry>res_code</con:entry>
        <con:entry>res_errorCode</con:entry>
        <con:entry>res_errorMessage</con:entry>
        <con:entry>res_id</con:entry>
      </con:returnProperties>
      <con:runMode>PARALLELL</con:runMode>
    </con:config>
  </con:testStep>
  <con:testStep type="assertionteststep" name="Assertion Add Aggregated serial Item - unsupportedFileFormat" id="0b793a59-9ad4-4645-b3cf-9c299ec821c6">
    <con:settings/>
    <con:config xsi:type="con:AssertionTestStep" xmlns:xsi="http://www.w3.org/2001/XMLSchema-instance">
      <con:entry>
        <con:id>05b6f541-91ce-4867-8032-6375849c12c5</con:id>
        <con:isGroup>false</con:isGroup>
        <con:sourceId>c91c8306-cceb-43c8-9869-a7a7d88acbe8</con:sourceId>
        <con:propertyName>res_status</con:propertyName>
        <con:assertion type="Simple Equals" name="Equals" id="6603ae1a-09ca-482c-bae3-5b549c5b1a42">
          <con:configuration>
            <patternText>201</patternText>
            <caseSensitive>true</caseSensitive>
          </con:configuration>
        </con:assertion>
      </con:entry>
      <con:entry>
        <con:id>c374ab57-be3e-4c99-a964-d4aff4ddb7c6</con:id>
        <con:isGroup>false</con:isGroup>
        <con:sourceId>c91c8306-cceb-43c8-9869-a7a7d88acbe8</con:sourceId>
        <con:propertyName>res_id</con:propertyName>
        <con:assertion type="Simple Contains" name="Contains" id="c2a7718f-05ce-4081-873d-34a68858e2cb">
          <con:configuration>
            <token>\d+</token>
            <ignoreCase>false</ignoreCase>
            <useRegEx>true</useRegEx>
          </con:configuration>
        </con:assertion>
      </con:entry>
    </con:config>
  </con:testStep>
  <con:testStep type="transfer" name="Property Transfer aggId - unsupportedFileFormat" id="3c4f9699-499b-4d5e-83ab-3032310477b2">
    <con:settings/>
    <con:config xsi:type="con:PropertyTransfersStep" xmlns:xsi="http://www.w3.org/2001/XMLSchema-instance">
      <con:transfers setNullOnMissingSource="true" transferTextContent="true" failOnError="true" ignoreEmpty="false" transferToAll="false" entitize="false" transferChildNodes="false">
        <con:name>aggId</con:name>
        <con:sourceType>res_id</con:sourceType>
        <con:sourceStep>Add Aggregated serial Item - unsupportedFileFormat</con:sourceStep>
        <con:sourcePath/>
        <con:targetType>aggId_jpeg</con:targetType>
        <con:targetStep>Given properties for the test steps</con:targetStep>
        <con:targetPath/>
        <con:upgraded>true</con:upgraded>
      </con:transfers>
    </con:config>
  </con:testStep>
  <con:testStep type="calltestcase" name="Create File - unsupportedFileFormat" id="78a7543f-f057-40fe-abe3-ec409351256d">
    <con:settings/>
    <con:config xsi:type="con:RunTestCaseStep" xmlns:xsi="http://www.w3.org/2001/XMLSchema-instance">
      <con:targetTestCase>3cd430e1-efad-4c8d-8f6d-5e09345571ae</con:targetTestCase>
      <con:properties>
        <con:property>
          <con:name>req_fileContent</con:name>
          <con:value>${Given properties for the test steps#aggId_jpeg};${Given properties for the test steps#serial_jpeg};${Given properties for the test steps#serial_jpeg};;</con:value>
        </con:property>
      </con:properties>
      <con:returnProperties/>
      <con:runMode>PARALLELL</con:runMode>
    </con:config>
  </con:testStep>
  <con:testStep type="calltestcase" name="File Upload - unsupportedFileFormat" id="64c70cd5-79bd-4622-af12-e76b7bdd1e01">
    <con:settings/>
    <con:config xsi:type="con:RunTestCaseStep" xmlns:xsi="http://www.w3.org/2001/XMLSchema-instance">
      <con:targetTestCase>80aceab1-3f39-40bb-b945-f6bb316725d7</con:targetTestCase>
      <con:properties>
        <con:property>
          <con:name>req_biName</con:name>
          <con:value>stockin</con:value>
        </con:property>
        <con:property>
          <con:name>req_biId</con:name>
          <con:value>${Given properties for the test steps#biId_jpeg}</con:value>
        </con:property>
        <con:property>
          <con:name>res_status</con:name>
          <con:value>200</con:value>
        </con:property>
        <con:property>
          <con:name>res_code</con:name>
          <con:value/>
        </con:property>
        <con:property>
          <con:name>res_errorMessage</con:name>
          <con:value/>
        </con:property>
      </con:properties>
      <con:returnProperties>
        <con:entry>res_status</con:entry>
        <con:entry>res_errorMessage</con:entry>
        <con:entry>res_code</con:entry>
      </con:returnProperties>
      <con:runMode>PARALLELL</con:runMode>
    </con:config>
  </con:testStep>
  <con:testStep type="calltestcase" name="Load File - unsupportedFileFormat" id="2f3ba9bb-f48d-408d-936a-571d070f6b4d">
    <con:settings/>
    <con:config xsi:type="con:RunTestCaseStep" xmlns:xsi="http://www.w3.org/2001/XMLSchema-instance">
      <con:targetTestCase>4d599bf6-0171-400e-aac2-7f6ff9a1c08c</con:targetTestCase>
      <con:properties>
        <con:property>
          <con:name>req_biName</con:name>
          <con:value>stockin</con:value>
        </con:property>
        <con:property>
          <con:name>req_biId</con:name>
          <con:value>${Given properties for the test steps#biId_jpeg}</con:value>
        </con:property>
        <con:property>
          <con:name>res_status</con:name>
          <con:value>200</con:value>
        </con:property>
        <con:property>
          <con:name>res_errorMessage</con:name>
          <con:value/>
        </con:property>
        <con:property>
          <con:name>res_code</con:name>
          <con:value/>
        </con:property>
      </con:properties>
      <con:returnProperties>
        <con:entry>res_status</con:entry>
        <con:entry>res_errorMessage</con:entry>
        <con:entry>res_code</con:entry>
      </con:returnProperties>
      <con:runMode>PARALLELL</con:runMode>
    </con:config>
  </con:testStep>
  <con:testStep type="assertionteststep" name="Assertion for file upload / load - unsupportedFileFormat" id="6511f4e2-f0cc-4e97-b9a5-3dc5fc5f6680">
    <con:settings/>
    <con:config xsi:type="con:AssertionTestStep" xmlns:xsi="http://www.w3.org/2001/XMLSchema-instance">
      <con:entry>
        <con:id>60b760f1-6584-41e3-a10f-9aeda9b28613</con:id>
        <con:isGroup>false</con:isGroup>
        <con:sourceId>64c70cd5-79bd-4622-af12-e76b7bdd1e01</con:sourceId>
        <con:propertyName>res_status</con:propertyName>
        <con:assertion type="Simple Equals" name="Equals" id="0e04b5ec-3458-4fd7-9518-c8f5d5c6d87e">
          <con:configuration>
            <patternText>200</patternText>
            <caseSensitive>true</caseSensitive>
          </con:configuration>
        </con:assertion>
      </con:entry>
      <con:entry>
        <con:id>7997f004-b4ef-4d1e-b39c-3c8d6ea06d6a</con:id>
        <con:isGroup>false</con:isGroup>
        <con:sourceId>2f3ba9bb-f48d-408d-936a-571d070f6b4d</con:sourceId>
        <con:propertyName>res_status</con:propertyName>
        <con:assertion type="Simple Equals" name="Equals 2" id="0ee16f44-ae8e-415e-a0c4-6fdfdfc29d4f">
          <con:configuration>
            <patternText>200</patternText>
            <caseSensitive>true</caseSensitive>
          </con:configuration>
        </con:assertion>
      </con:entry>
    </con:config>
  </con:testStep>
  <con:testStep type="transfer" name="Property Transfer Create stockIn interaction success - serial_outofrange" id="530624aa-25b7-4fe3-a92b-b87f295329ab" disabled="true">
    <con:settings/>
    <con:config xsi:type="con:PropertyTransfersStep" xmlns:xsi="http://www.w3.org/2001/XMLSchema-instance">
      <con:transfers setNullOnMissingSource="true" transferTextContent="true" failOnError="true" ignoreEmpty="false" transferToAll="false" entitize="false" transferChildNodes="false">
        <con:name>user</con:name>
        <con:sourceType>userId</con:sourceType>
        <con:sourceStep>Given properties for the test steps</con:sourceStep>
        <con:sourcePath/>
        <con:targetType>req_userRoleId</con:targetType>
        <con:targetStep>Create stockIn interaction success - serial_outofrange</con:targetStep>
        <con:targetPath/>
        <con:upgraded>true</con:upgraded>
      </con:transfers>
      <con:transfers setNullOnMissingSource="true" transferTextContent="true" failOnError="true" ignoreEmpty="false" transferToAll="false" entitize="false" transferChildNodes="false">
        <con:name>so</con:name>
        <con:sourceType>soId</con:sourceType>
        <con:sourceStep>Given properties for the test steps</con:sourceStep>
        <con:targetType>req_soRoleId</con:targetType>
        <con:targetStep>Create stockIn interaction success - serial_outofrange</con:targetStep>
        <con:upgraded>true</con:upgraded>
      </con:transfers>
      <con:transfers setNullOnMissingSource="true" transferTextContent="true" failOnError="true" ignoreEmpty="false" transferToAll="false" entitize="false" transferChildNodes="false">
        <con:name>biSpecCode</con:name>
        <con:sourceType>stockInBISpecCode</con:sourceType>
        <con:sourceStep>Given properties for the test steps</con:sourceStep>
        <con:targetType>req_biSpecCode</con:targetType>
        <con:targetStep>Create stockIn interaction success - serial_outofrange</con:targetStep>
        <con:upgraded>true</con:upgraded>
      </con:transfers>
    </con:config>
  </con:testStep>
  <con:testStep type="calltestcase" name="Create stockIn interaction success - serial_outofrange" id="62e25482-20e4-4d7f-b692-027671917514" disabled="true">
    <con:settings/>
    <con:config xsi:type="con:RunTestCaseStep" xmlns:xsi="http://www.w3.org/2001/XMLSchema-instance">
      <con:targetTestCase>bba3ce34-4cc5-41fb-98a0-894988e91181</con:targetTestCase>
      <con:properties>
        <con:property>
          <con:name>req_biSpecCode</con:name>
          <con:value>STCKINBISPEC</con:value>
        </con:property>
        <con:property>
          <con:name>res_biId</con:name>
          <con:value>161</con:value>
        </con:property>
        <con:property>
          <con:name>res_code</con:name>
          <con:value xsi:nil="true"/>
        </con:property>
        <con:property>
          <con:name>req_userRoleId</con:name>
          <con:value>5</con:value>
        </con:property>
        <con:property>
          <con:name>req_soRoleId</con:name>
          <con:value>3</con:value>
        </con:property>
        <con:property>
          <con:name>res_errorMessage</con:name>
          <con:value xsi:nil="true"/>
        </con:property>
        <con:property>
          <con:name>res_httpStatus</con:name>
          <con:value>201</con:value>
        </con:property>
      </con:properties>
      <con:returnProperties>
        <con:entry>res_biId</con:entry>
        <con:entry>res_code</con:entry>
        <con:entry>res_errorMessage</con:entry>
        <con:entry>res_httpStatus</con:entry>
      </con:returnProperties>
      <con:runMode>PARALLELL</con:runMode>
    </con:config>
  </con:testStep>
  <con:testStep type="assertionteststep" name="Assertion Create stickIn interraction success - serial_outofrange" id="50a94d6a-24e6-4253-ac51-ecec38b4856b" disabled="true">
    <con:settings/>
    <con:config xsi:type="con:AssertionTestStep" xmlns:xsi="http://www.w3.org/2001/XMLSchema-instance">
      <con:entry>
        <con:id>3d61df2f-25f4-4205-aa25-34860d4a0397</con:id>
        <con:isGroup>false</con:isGroup>
        <con:sourceId>62e25482-20e4-4d7f-b692-027671917514</con:sourceId>
        <con:propertyName>res_httpStatus</con:propertyName>
        <con:assertion type="Simple Equals" name="Equals 2" id="ea7235dc-7b6b-4640-899d-63ca5436284c">
          <con:configuration>
            <patternText>201</patternText>
            <caseSensitive>true</caseSensitive>
          </con:configuration>
        </con:assertion>
      </con:entry>
      <con:entry>
        <con:id>1e9310c5-2567-4e17-a278-fb64c2f2ea98</con:id>
        <con:isGroup>false</con:isGroup>
        <con:sourceId>62e25482-20e4-4d7f-b692-027671917514</con:sourceId>
        <con:propertyName>res_biId</con:propertyName>
        <con:assertion type="Simple Contains" name="Contains" id="ac550109-59ee-49e2-acaa-36eb7e2d6e57">
          <con:configuration>
            <token>\d+</token>
            <ignoreCase>false</ignoreCase>
            <useRegEx>true</useRegEx>
          </con:configuration>
        </con:assertion>
      </con:entry>
    </con:config>
  </con:testStep>
  <con:testStep type="transfer" name="Property Transfer biId - serial_outofrange" id="bdc33cd6-6f5f-4beb-ab58-73d845d1f148" disabled="true">
    <con:settings/>
    <con:config xsi:type="con:PropertyTransfersStep" xmlns:xsi="http://www.w3.org/2001/XMLSchema-instance">
      <con:transfers setNullOnMissingSource="true" transferTextContent="true" failOnError="true" ignoreEmpty="false" transferToAll="false" entitize="false" transferChildNodes="false">
        <con:name>biId</con:name>
        <con:sourceType>res_biId</con:sourceType>
        <con:sourceStep>Create stockIn interaction success - serial_outofrange</con:sourceStep>
        <con:sourcePath/>
        <con:targetType>biId_outofrange</con:targetType>
        <con:targetStep>Given properties for the test steps</con:targetStep>
        <con:targetPath/>
        <con:upgraded>true</con:upgraded>
      </con:transfers>
    </con:config>
  </con:testStep>
  <con:testStep type="calltestcase" name="Load File - serial_outofrange" id="1db73002-c766-4362-833e-a11a7ab08b27" disabled="true">
    <con:settings/>
    <con:config xsi:type="con:RunTestCaseStep" xmlns:xsi="http://www.w3.org/2001/XMLSchema-instance">
      <con:targetTestCase>4d599bf6-0171-400e-aac2-7f6ff9a1c08c</con:targetTestCase>
      <con:properties>
        <con:property>
          <con:name>req_biName</con:name>
          <con:value>stockin</con:value>
        </con:property>
        <con:property>
          <con:name>req_biId</con:name>
          <con:value>${Given properties for the test steps#biId_outofrange}</con:value>
        </con:property>
        <con:property>
          <con:name>res_status</con:name>
          <con:value>200</con:value>
        </con:property>
        <con:property>
          <con:name>res_errorMessage</con:name>
          <con:value/>
        </con:property>
        <con:property>
          <con:name>res_code</con:name>
          <con:value/>
        </con:property>
      </con:properties>
      <con:returnProperties>
        <con:entry>res_status</con:entry>
        <con:entry>res_errorMessage</con:entry>
        <con:entry>res_code</con:entry>
      </con:returnProperties>
      <con:runMode>PARALLELL</con:runMode>
    </con:config>
  </con:testStep>
  <con:testStep type="transfer" name="Property Transfer Create stockIn interaction success - twoDifferentFilesForOneStockIn" id="50a5a6a7-51ce-45b1-a6d7-471f278f488c">
    <con:settings/>
    <con:config xsi:type="con:PropertyTransfersStep" xmlns:xsi="http://www.w3.org/2001/XMLSchema-instance">
      <con:transfers setNullOnMissingSource="true" transferTextContent="true" failOnError="true" ignoreEmpty="false" transferToAll="false" entitize="false" transferChildNodes="false">
        <con:name>user</con:name>
        <con:sourceType>userId</con:sourceType>
        <con:sourceStep>Given properties for the test steps</con:sourceStep>
        <con:sourcePath/>
        <con:targetType>req_userRoleId</con:targetType>
        <con:targetStep>Create stockIn interaction success - twoDifferentFilesForOneStockIn</con:targetStep>
        <con:targetPath/>
        <con:upgraded>true</con:upgraded>
      </con:transfers>
      <con:transfers setNullOnMissingSource="true" transferTextContent="true" failOnError="true" ignoreEmpty="false" transferToAll="false" entitize="false" transferChildNodes="false">
        <con:name>so</con:name>
        <con:sourceType>soId</con:sourceType>
        <con:sourceStep>Given properties for the test steps</con:sourceStep>
        <con:targetType>req_soRoleId</con:targetType>
        <con:targetStep>Create stockIn interaction success - twoDifferentFilesForOneStockIn</con:targetStep>
        <con:upgraded>true</con:upgraded>
      </con:transfers>
      <con:transfers setNullOnMissingSource="true" transferTextContent="true" failOnError="true" ignoreEmpty="false" transferToAll="false" entitize="false" transferChildNodes="false">
        <con:name>biSpecCode</con:name>
        <con:sourceType>stockInBISpecCode</con:sourceType>
        <con:sourceStep>Given properties for the test steps</con:sourceStep>
        <con:targetType>req_biSpecCode</con:targetType>
        <con:targetStep>Create stockIn interaction success - twoDifferentFilesForOneStockIn</con:targetStep>
        <con:upgraded>true</con:upgraded>
      </con:transfers>
    </con:config>
  </con:testStep>
  <con:testStep type="calltestcase" name="Create stockIn interaction success - twoDifferentFilesForOneStockIn" id="e0a188ed-67d2-474e-9e6e-4f2aaf188e33">
    <con:settings/>
    <con:config xsi:type="con:RunTestCaseStep" xmlns:xsi="http://www.w3.org/2001/XMLSchema-instance">
      <con:targetTestCase>bba3ce34-4cc5-41fb-98a0-894988e91181</con:targetTestCase>
      <con:properties>
        <con:property>
          <con:name>req_biSpecCode</con:name>
          <con:value>STCKINBISPEC</con:value>
        </con:property>
        <con:property>
          <con:name>res_biId</con:name>
          <con:value>1101</con:value>
        </con:property>
        <con:property>
          <con:name>res_code</con:name>
          <con:value>201</con:value>
        </con:property>
        <con:property>
          <con:name>req_userRoleId</con:name>
          <con:value>33</con:value>
        </con:property>
        <con:property>
          <con:name>req_soRoleId</con:name>
          <con:value>31</con:value>
        </con:property>
        <con:property>
          <con:name>res_errorMessage</con:name>
          <con:value xsi:nil="true"/>
        </con:property>
        <con:property>
          <con:name>res_httpStatus</con:name>
          <con:value>201</con:value>
        </con:property>
      </con:properties>
      <con:returnProperties>
        <con:entry>res_biId</con:entry>
        <con:entry>res_code</con:entry>
        <con:entry>res_errorMessage</con:entry>
        <con:entry>res_httpStatus</con:entry>
      </con:returnProperties>
      <con:runMode>PARALLELL</con:runMode>
    </con:config>
  </con:testStep>
  <con:testStep type="assertionteststep" name="Assertion Create stickIn interraction success - twoDifferentFilesForOneStockIn" id="95932e75-4194-4ece-9d4f-b69790a2d7c7">
    <con:settings/>
    <con:config xsi:type="con:AssertionTestStep" xmlns:xsi="http://www.w3.org/2001/XMLSchema-instance">
      <con:entry>
        <con:id>815309cf-c3d5-43c9-8286-404de817562c</con:id>
        <con:isGroup>false</con:isGroup>
        <con:sourceId>e0a188ed-67d2-474e-9e6e-4f2aaf188e33</con:sourceId>
        <con:propertyName>res_httpStatus</con:propertyName>
        <con:assertion type="Simple Equals" name="Equals 2" id="b00564b3-2688-401a-a7df-2719e35a0f13">
          <con:configuration>
            <patternText>201</patternText>
            <caseSensitive>true</caseSensitive>
          </con:configuration>
        </con:assertion>
      </con:entry>
      <con:entry>
        <con:id>6b27120c-2480-47f3-9ac6-93b4741ad3e5</con:id>
        <con:isGroup>false</con:isGroup>
        <con:sourceId>e0a188ed-67d2-474e-9e6e-4f2aaf188e33</con:sourceId>
        <con:propertyName>res_biId</con:propertyName>
        <con:assertion type="Simple Contains" name="Contains" id="ecf19efc-eab0-4693-b142-53663e386b7d">
          <con:configuration>
            <token>\d+</token>
            <ignoreCase>false</ignoreCase>
            <useRegEx>true</useRegEx>
          </con:configuration>
        </con:assertion>
      </con:entry>
    </con:config>
  </con:testStep>
  <con:testStep type="transfer" name="Property Transfer biId - twoDifferentFilesForOneStockIn" id="853c4927-6239-4447-9afe-8db360f0e5bd">
    <con:settings/>
    <con:config xsi:type="con:PropertyTransfersStep" xmlns:xsi="http://www.w3.org/2001/XMLSchema-instance">
      <con:transfers setNullOnMissingSource="true" transferTextContent="true" failOnError="true" ignoreEmpty="false" transferToAll="false" entitize="false" transferChildNodes="false">
        <con:name>biId</con:name>
        <con:sourceType>res_biId</con:sourceType>
        <con:sourceStep>Create stockIn interaction success - twoDifferentFilesForOneStockIn</con:sourceStep>
        <con:sourcePath/>
        <con:targetType>biId_twoDifferentFilesForOneStockIn</con:targetType>
        <con:targetStep>Given properties for the test steps</con:targetStep>
        <con:targetPath/>
        <con:upgraded>true</con:upgraded>
      </con:transfers>
    </con:config>
  </con:testStep>
  <con:testStep type="transfer" name="Property Transfer for adding aggregated Item - twoDifferentFilesForOneStockIn" id="0abf2adb-3104-4070-924f-f1cee577e861">
    <con:settings/>
    <con:config xsi:type="con:PropertyTransfersStep" xmlns:xsi="http://www.w3.org/2001/XMLSchema-instance">
      <con:transfers setNullOnMissingSource="true" transferTextContent="true" failOnError="true" ignoreEmpty="false" transferToAll="false" entitize="false" transferChildNodes="false">
        <con:name>biId</con:name>
        <con:sourceType>biId_twoDifferentFilesForOneStockIn</con:sourceType>
        <con:sourceStep>Given properties for the test steps</con:sourceStep>
        <con:sourcePath/>
        <con:targetType>req_biId</con:targetType>
        <con:targetStep>Add Aggregated serial Item - twoDifferentFilesForOneStockIn</con:targetStep>
        <con:targetPath/>
        <con:upgraded>true</con:upgraded>
      </con:transfers>
      <con:transfers setNullOnMissingSource="true" transferTextContent="true" failOnError="true" ignoreEmpty="false" transferToAll="false" entitize="false" transferChildNodes="false">
        <con:name>placeId</con:name>
        <con:sourceType>res_placeId</con:sourceType>
        <con:sourceStep>Create sales organization and user</con:sourceStep>
        <con:targetType>req_toPlaceId</con:targetType>
        <con:targetStep>Add Aggregated serial Item - twoDifferentFilesForOneStockIn</con:targetStep>
        <con:upgraded>true</con:upgraded>
      </con:transfers>
      <con:transfers setNullOnMissingSource="true" transferTextContent="true" failOnError="true" ignoreEmpty="false" transferToAll="false" entitize="false" transferChildNodes="false" disabled="true">
        <con:name>serialNumber</con:name>
        <con:sourceType>batchId</con:sourceType>
        <con:sourceStep>DataGen for current timeStamp</con:sourceStep>
        <con:targetType>req_startSerialNumber</con:targetType>
        <con:targetStep>Add Aggregated serial Item</con:targetStep>
        <con:upgraded>true</con:upgraded>
      </con:transfers>
      <con:transfers setNullOnMissingSource="true" transferTextContent="true" failOnError="true" ignoreEmpty="false" transferToAll="false" entitize="false" transferChildNodes="false">
        <con:name>soId</con:name>
        <con:sourceType>res_salesOrgId</con:sourceType>
        <con:sourceStep>Create sales organization and user</con:sourceStep>
        <con:targetType>req_soId</con:targetType>
        <con:targetStep>Add Aggregated serial Item - twoDifferentFilesForOneStockIn</con:targetStep>
        <con:upgraded>true</con:upgraded>
      </con:transfers>
      <con:transfers setNullOnMissingSource="true" transferTextContent="true" failOnError="true" ignoreEmpty="false" transferToAll="false" entitize="false" transferChildNodes="false">
        <con:name>quantity</con:name>
        <con:sourceType>quantity</con:sourceType>
        <con:sourceStep>Given properties for the test steps</con:sourceStep>
        <con:targetType>req_quantity</con:targetType>
        <con:targetStep>Add Aggregated serial Item - twoDifferentFilesForOneStockIn</con:targetStep>
        <con:upgraded>true</con:upgraded>
      </con:transfers>
      <con:transfers setNullOnMissingSource="true" transferTextContent="true" failOnError="true" ignoreEmpty="false" transferToAll="false" entitize="false" transferChildNodes="false">
        <con:name>purchaseDate</con:name>
        <con:sourceType>purchaseDate</con:sourceType>
        <con:sourceStep>DataGen for current timeStamp</con:sourceStep>
        <con:targetType>req_purchaseDate</con:targetType>
        <con:targetStep>Add Aggregated serial Item - twoDifferentFilesForOneStockIn</con:targetStep>
        <con:upgraded>true</con:upgraded>
      </con:transfers>
    </con:config>
  </con:testStep>
  <con:testStep type="calltestcase" name="Add Aggregated serial Item - twoDifferentFilesForOneStockIn" id="738e184f-572e-4148-b771-1089ffeba1db">
    <con:settings/>
    <con:config xsi:type="con:RunTestCaseStep" xmlns:xsi="http://www.w3.org/2001/XMLSchema-instance">
      <con:targetTestCase>56257bd7-ca12-4aa0-bc6c-f7c9fa9bea22</con:targetTestCase>
      <con:properties>
        <con:property>
          <con:name>req_biId</con:name>
          <con:value>1101</con:value>
        </con:property>
        <con:property>
          <con:name>req_soId</con:name>
          <con:value>31</con:value>
        </con:property>
        <con:property>
          <con:name>res_code</con:name>
          <con:value xsi:nil="true"/>
        </con:property>
        <con:property>
          <con:name>res_errorMessage</con:name>
          <con:value xsi:nil="true"/>
        </con:property>
        <con:property>
          <con:name>res_id</con:name>
          <con:value>639</con:value>
        </con:property>
        <con:property>
          <con:name>res_status</con:name>
          <con:value>201</con:value>
        </con:property>
        <con:property>
          <con:name>req_toPlaceId</con:name>
          <con:value>18</con:value>
        </con:property>
        <con:property>
          <con:name>req_quantity</con:name>
          <con:value>1</con:value>
        </con:property>
        <con:property>
          <con:name>req_purchaseDate</con:name>
          <con:value>2018-03-06T00:00:00.000Z</con:value>
        </con:property>
        <con:property>
          <con:name>res_errorCode</con:name>
          <con:value/>
        </con:property>
        <con:property>
          <con:name>req_startSerialNumber</con:name>
          <con:value xsi:nil="true"/>
        </con:property>
        <con:property>
          <con:name>req_endSerialNumber</con:name>
          <con:value xsi:nil="true"/>
        </con:property>
        <con:property>
          <con:name>req_vendor</con:name>
        </con:property>
      </con:properties>
      <con:returnProperties>
        <con:entry>res_status</con:entry>
        <con:entry>res_code</con:entry>
        <con:entry>res_errorCode</con:entry>
        <con:entry>res_errorMessage</con:entry>
        <con:entry>res_id</con:entry>
      </con:returnProperties>
      <con:runMode>PARALLELL</con:runMode>
    </con:config>
  </con:testStep>
  <con:testStep type="assertionteststep" name="Assertion Add Aggregated serial Item - twoDifferentFilesForOneStockIn" id="4bde89fb-5ad2-45d1-8087-a30087cf6904">
    <con:settings/>
    <con:config xsi:type="con:AssertionTestStep" xmlns:xsi="http://www.w3.org/2001/XMLSchema-instance">
      <con:entry>
        <con:id>ea35f44b-680f-48ee-ad70-68d2281e6ef0</con:id>
        <con:isGroup>false</con:isGroup>
        <con:sourceId>738e184f-572e-4148-b771-1089ffeba1db</con:sourceId>
        <con:propertyName>res_status</con:propertyName>
        <con:assertion type="Simple Equals" name="Equals 2" id="d31e9d7f-9fd0-4cbd-b0e2-46fd9b3dfe97">
          <con:configuration>
            <patternText>201</patternText>
            <caseSensitive>true</caseSensitive>
          </con:configuration>
        </con:assertion>
      </con:entry>
      <con:entry>
        <con:id>7ae1c206-3707-4b50-abe1-9bc03426cac7</con:id>
        <con:isGroup>false</con:isGroup>
        <con:sourceId>738e184f-572e-4148-b771-1089ffeba1db</con:sourceId>
        <con:propertyName>res_id</con:propertyName>
        <con:assertion type="Simple Contains" name="Contains 2" id="5ef5bc0e-e68a-4f40-8bb1-2626ca03c02f">
          <con:configuration>
            <token>\d+</token>
            <ignoreCase>false</ignoreCase>
            <useRegEx>true</useRegEx>
          </con:configuration>
        </con:assertion>
      </con:entry>
    </con:config>
  </con:testStep>
  <con:testStep type="transfer" name="Property Transfer for adding aggregated Item  serialized wo - twoDifferentFilesForOneStockIn" id="a0662704-b54f-4f03-8fa4-72cfbe7e23f7">
    <con:settings/>
    <con:config xsi:type="con:PropertyTransfersStep" xmlns:xsi="http://www.w3.org/2001/XMLSchema-instance">
      <con:transfers setNullOnMissingSource="true" transferTextContent="true" failOnError="true" ignoreEmpty="false" transferToAll="false" entitize="false" transferChildNodes="false">
        <con:name>biId</con:name>
        <con:sourceType>biId_twoDifferentFilesForOneStockIn</con:sourceType>
        <con:sourceStep>Given properties for the test steps</con:sourceStep>
        <con:sourcePath/>
        <con:targetType>req_biId</con:targetType>
        <con:targetStep>Add Aggregated serial Item serialized wo range - twoDifferentFilesForOneStockIn</con:targetStep>
        <con:targetPath/>
        <con:upgraded>true</con:upgraded>
      </con:transfers>
      <con:transfers setNullOnMissingSource="true" transferTextContent="true" failOnError="true" ignoreEmpty="false" transferToAll="false" entitize="false" transferChildNodes="false">
        <con:name>placeId</con:name>
        <con:sourceType>res_placeId</con:sourceType>
        <con:sourceStep>Create sales organization and user</con:sourceStep>
        <con:targetType>req_toPlaceId</con:targetType>
        <con:targetStep>Add Aggregated serial Item serialized wo range - twoDifferentFilesForOneStockIn</con:targetStep>
        <con:upgraded>true</con:upgraded>
      </con:transfers>
      <con:transfers setNullOnMissingSource="true" transferTextContent="true" failOnError="true" ignoreEmpty="false" transferToAll="false" entitize="false" transferChildNodes="false" disabled="true">
        <con:name>serialNumber</con:name>
        <con:sourceType>batchId</con:sourceType>
        <con:sourceStep>DataGen for current timeStamp</con:sourceStep>
        <con:targetType>req_startSerialNumber</con:targetType>
        <con:targetStep>Add Aggregated serial Item</con:targetStep>
        <con:upgraded>true</con:upgraded>
      </con:transfers>
      <con:transfers setNullOnMissingSource="true" transferTextContent="true" failOnError="true" ignoreEmpty="false" transferToAll="false" entitize="false" transferChildNodes="false">
        <con:name>soId</con:name>
        <con:sourceType>res_salesOrgId</con:sourceType>
        <con:sourceStep>Create sales organization and user</con:sourceStep>
        <con:targetType>req_soId</con:targetType>
        <con:targetStep>Add Aggregated serial Item serialized wo range - twoDifferentFilesForOneStockIn</con:targetStep>
        <con:upgraded>true</con:upgraded>
      </con:transfers>
      <con:transfers setNullOnMissingSource="true" transferTextContent="true" failOnError="true" ignoreEmpty="false" transferToAll="false" entitize="false" transferChildNodes="false">
        <con:name>quantity</con:name>
        <con:sourceType>quantity</con:sourceType>
        <con:sourceStep>Given properties for the test steps</con:sourceStep>
        <con:targetType>req_quantity</con:targetType>
        <con:targetStep>Add Aggregated serial Item serialized wo range - twoDifferentFilesForOneStockIn</con:targetStep>
        <con:upgraded>true</con:upgraded>
      </con:transfers>
      <con:transfers setNullOnMissingSource="true" transferTextContent="true" failOnError="true" ignoreEmpty="false" transferToAll="false" entitize="false" transferChildNodes="false">
        <con:name>purchaseDate</con:name>
        <con:sourceType>purchaseDate</con:sourceType>
        <con:sourceStep>DataGen for current timeStamp</con:sourceStep>
        <con:targetType>req_purchaseDate</con:targetType>
        <con:targetStep>Add Aggregated serial Item serialized wo range - twoDifferentFilesForOneStockIn</con:targetStep>
        <con:upgraded>true</con:upgraded>
      </con:transfers>
    </con:config>
  </con:testStep>
  <con:testStep type="calltestcase" name="Add Aggregated serial Item serialized wo range - twoDifferentFilesForOneStockIn" id="c9db9ab8-319d-4a47-aae3-d5cec2ee385c">
    <con:settings/>
    <con:config xsi:type="con:RunTestCaseStep" xmlns:xsi="http://www.w3.org/2001/XMLSchema-instance">
      <con:targetTestCase>fd5b92ad-c0cd-451d-b373-060a0b1a9c38</con:targetTestCase>
      <con:properties>
        <con:property>
          <con:name>req_biId</con:name>
          <con:value>1101</con:value>
        </con:property>
        <con:property>
          <con:name>req_soId</con:name>
          <con:value>31</con:value>
        </con:property>
        <con:property>
          <con:name>res_code</con:name>
          <con:value xsi:nil="true"/>
        </con:property>
        <con:property>
          <con:name>res_errorMessage</con:name>
          <con:value xsi:nil="true"/>
        </con:property>
        <con:property>
          <con:name>res_id</con:name>
          <con:value>640</con:value>
        </con:property>
        <con:property>
          <con:name>res_status</con:name>
          <con:value>201</con:value>
        </con:property>
        <con:property>
          <con:name>req_toPlaceId</con:name>
          <con:value>18</con:value>
        </con:property>
        <con:property>
          <con:name>req_quantity</con:name>
          <con:value>1</con:value>
        </con:property>
        <con:property>
          <con:name>req_purchaseDate</con:name>
          <con:value>2018-03-06T00:00:00.000Z</con:value>
        </con:property>
        <con:property>
          <con:name>res_errorCode</con:name>
          <con:value/>
        </con:property>
        <con:property>
          <con:name>req_serialNumber</con:name>
          <con:value>1231231</con:value>
        </con:property>
      </con:properties>
      <con:returnProperties>
        <con:entry>res_status</con:entry>
        <con:entry>res_code</con:entry>
        <con:entry>res_errorCode</con:entry>
        <con:entry>res_errorMessage</con:entry>
        <con:entry>res_id</con:entry>
      </con:returnProperties>
      <con:runMode>PARALLELL</con:runMode>
    </con:config>
  </con:testStep>
  <con:testStep type="assertionteststep" name="Assertion Add Aggregated serial Item serialized wo range - twoDifferentFilesForOneStockIn" id="bc97bcc2-4ec9-422d-8c8d-4fa648d97bbe">
    <con:settings/>
    <con:config xsi:type="con:AssertionTestStep" xmlns:xsi="http://www.w3.org/2001/XMLSchema-instance">
      <con:entry>
        <con:id>cceaf61f-70fd-41f8-8201-6add57b33f4b</con:id>
        <con:isGroup>false</con:isGroup>
        <con:sourceId>c9db9ab8-319d-4a47-aae3-d5cec2ee385c</con:sourceId>
        <con:propertyName>res_id</con:propertyName>
        <con:assertion type="Simple Contains" name="Contains 2" id="6c58b87c-d869-4b57-9018-d27d5502e5ff">
          <con:configuration>
            <token>\d+</token>
            <ignoreCase>false</ignoreCase>
            <useRegEx>true</useRegEx>
          </con:configuration>
        </con:assertion>
      </con:entry>
      <con:entry>
        <con:id>a2c4c9ae-8662-4fa8-9ed3-dc4baba3d864</con:id>
        <con:isGroup>false</con:isGroup>
        <con:sourceId>c9db9ab8-319d-4a47-aae3-d5cec2ee385c</con:sourceId>
        <con:propertyName>res_status</con:propertyName>
        <con:assertion type="Simple Equals" name="Equals" id="0a53f8a3-255b-429d-869c-1b7bc8a81062">
          <con:configuration>
            <patternText>201</patternText>
            <caseSensitive>true</caseSensitive>
          </con:configuration>
        </con:assertion>
      </con:entry>
    </con:config>
  </con:testStep>
  <con:testStep type="transfer" name="Property Transfer aggId1_twoDifferentFilesForOneStockIn - twoDifferentFilesForOneStockIn" id="51be47ed-232f-4c65-b2cc-94a24fc4d27b">
    <con:settings/>
    <con:config xsi:type="con:PropertyTransfersStep" xmlns:xsi="http://www.w3.org/2001/XMLSchema-instance">
      <con:transfers setNullOnMissingSource="true" transferTextContent="true" failOnError="true" ignoreEmpty="false" transferToAll="false" entitize="false" transferChildNodes="false">
        <con:name>aggId</con:name>
        <con:sourceType>res_id</con:sourceType>
        <con:sourceStep>Add Aggregated serial Item - twoDifferentFilesForOneStockIn</con:sourceStep>
        <con:sourcePath/>
        <con:targetType>aggId1_twoDifferentFilesForOneStockIn</con:targetType>
        <con:targetStep>Given properties for the test steps</con:targetStep>
        <con:targetPath/>
        <con:upgraded>true</con:upgraded>
      </con:transfers>
      <con:transfers setNullOnMissingSource="true" transferTextContent="true" failOnError="true" ignoreEmpty="false" transferToAll="false" entitize="false" transferChildNodes="false">
        <con:name>aggId</con:name>
        <con:sourceType>res_id</con:sourceType>
        <con:sourceStep>Add Aggregated serial Item serialized wo range - twoDifferentFilesForOneStockIn</con:sourceStep>
        <con:targetType>aggId2_twoDifferentFilesForOneStockIn</con:targetType>
        <con:targetStep>Given properties for the test steps</con:targetStep>
        <con:upgraded>true</con:upgraded>
      </con:transfers>
    </con:config>
  </con:testStep>
  <con:testStep type="calltestcase" name="Create File - twoDifferentFilesForOneStockIn" id="95d01c08-9646-44ed-97d0-18c00257da9e">
    <con:settings/>
    <con:config xsi:type="con:RunTestCaseStep" xmlns:xsi="http://www.w3.org/2001/XMLSchema-instance">
      <con:targetTestCase>16d0b0e6-0e29-4f1f-a0b4-d8ab54d75d88</con:targetTestCase>
      <con:properties>
        <con:property>
          <con:name>req_fileContent</con:name>
          <con:value>${Given properties for the test steps#aggId1_twoDifferentFilesForOneStockIn};${Given properties for the test steps#serial_serial_twoDifferentFilesForOneStockIn};${Given properties for the test steps#serial_serial_twoDifferentFilesForOneStockIn};;</con:value>
        </con:property>
      </con:properties>
      <con:returnProperties/>
      <con:runMode>PARALLELL</con:runMode>
    </con:config>
  </con:testStep>
  <con:testStep type="calltestcase" name="File Upload - twoDifferentFilesForOneStockIn" id="62ac9b0b-3072-4c6b-9675-99d6b696dabd">
    <con:settings/>
    <con:config xsi:type="con:RunTestCaseStep" xmlns:xsi="http://www.w3.org/2001/XMLSchema-instance">
      <con:targetTestCase>80aceab1-3f39-40bb-b945-f6bb316725d7</con:targetTestCase>
      <con:properties>
        <con:property>
          <con:name>req_biName</con:name>
          <con:value>stockin</con:value>
        </con:property>
        <con:property>
          <con:name>req_biId</con:name>
          <con:value>${Given properties for the test steps#biId_twoDifferentFilesForOneStockIn}</con:value>
        </con:property>
        <con:property>
          <con:name>res_status</con:name>
          <con:value>200</con:value>
        </con:property>
        <con:property>
          <con:name>res_code</con:name>
          <con:value/>
        </con:property>
        <con:property>
          <con:name>res_errorMessage</con:name>
          <con:value/>
        </con:property>
      </con:properties>
      <con:returnProperties>
        <con:entry>res_status</con:entry>
        <con:entry>res_errorMessage</con:entry>
        <con:entry>res_code</con:entry>
      </con:returnProperties>
      <con:runMode>PARALLELL</con:runMode>
    </con:config>
  </con:testStep>
  <con:testStep type="assertionteststep" name="Assertion for upload / load - twoDifferentFilesForOneStockIn" id="10e254fb-7f29-41da-9d5a-7e512115f6e4">
    <con:settings/>
    <con:config xsi:type="con:AssertionTestStep" xmlns:xsi="http://www.w3.org/2001/XMLSchema-instance">
      <con:entry>
        <con:id>37b87194-f451-4679-bf5a-08a419e8511f</con:id>
        <con:isGroup>false</con:isGroup>
        <con:sourceId>62ac9b0b-3072-4c6b-9675-99d6b696dabd</con:sourceId>
        <con:propertyName>res_status</con:propertyName>
        <con:assertion type="Simple Equals" name="Equals" id="c4401398-d421-48a8-a96c-8bf1b1241915">
          <con:configuration>
            <patternText>200</patternText>
            <caseSensitive>true</caseSensitive>
          </con:configuration>
        </con:assertion>
      </con:entry>
    </con:config>
  </con:testStep>
  <con:testStep type="transfer" name="Property Transfer create file random name" id="313375ba-2b5b-41b2-80a7-258c3573a6c0">
    <con:settings/>
    <con:config xsi:type="con:PropertyTransfersStep" xmlns:xsi="http://www.w3.org/2001/XMLSchema-instance">
      <con:transfers setNullOnMissingSource="true" transferTextContent="true" failOnError="true" ignoreEmpty="false" transferToAll="false" entitize="false" transferChildNodes="false">
        <con:name>name</con:name>
        <con:sourceType>randomFileName</con:sourceType>
        <con:sourceStep>Given properties for the test steps</con:sourceStep>
        <con:sourcePath/>
        <con:targetType>req_fileName</con:targetType>
        <con:targetStep>Create File - twoDifferentFilesForOneStockIn 2</con:targetStep>
        <con:targetPath/>
        <con:upgraded>true</con:upgraded>
      </con:transfers>
      <con:transfers setNullOnMissingSource="true" transferTextContent="true" failOnError="true" ignoreEmpty="false" transferToAll="false" entitize="false" transferChildNodes="false">
        <con:name>biId_fileUpload</con:name>
        <con:sourceType>biId_twoDifferentFilesForOneStockIn</con:sourceType>
        <con:sourceStep>Given properties for the test steps</con:sourceStep>
        <con:targetType>req_biId</con:targetType>
        <con:targetStep>File Upload - twoDifferentFilesForOneStockIn 2</con:targetStep>
        <con:upgraded>true</con:upgraded>
      </con:transfers>
    </con:config>
  </con:testStep>
  <con:testStep type="datagen" name="DataGen for dynamic file name" id="b2c7a726-5192-44bb-bfe5-afc64faadecf">
    <con:settings/>
    <con:config xsi:type="con:DataGeneratorStep" xmlns:xsi="http://www.w3.org/2001/XMLSchema-instance">
      <con:property type="Script">
        <con:configuration>
          <script>def fileName = java.util.UUID.randomUUID();
def fileName2 =  ".csv";
return fileName.toString() + fileName2 ;</script>
        </con:configuration>
        <con:name>fileName</con:name>
        <con:mode>STEP</con:mode>
        <con:shared>false</con:shared>
      </con:property>
    </con:config>
  </con:testStep>
  <con:testStep type="transfer" name="Property Transfer for fileName" id="9af35c58-c888-4bbe-aba4-6fba1fec8a9a">
    <con:settings/>
    <con:config xsi:type="con:PropertyTransfersStep" xmlns:xsi="http://www.w3.org/2001/XMLSchema-instance">
      <con:transfers setNullOnMissingSource="true" transferTextContent="true" failOnError="true" ignoreEmpty="false" transferToAll="false" entitize="false" transferChildNodes="false">
        <con:name>fileName_createFile</con:name>
        <con:sourceType>fileName</con:sourceType>
        <con:sourceStep>DataGen for dynamic file name</con:sourceStep>
        <con:sourcePath/>
        <con:targetType>req_fileName</con:targetType>
        <con:targetStep>Create File - twoDifferentFilesForOneStockIn 2</con:targetStep>
        <con:targetPath/>
        <con:upgraded>true</con:upgraded>
      </con:transfers>
      <con:transfers setNullOnMissingSource="true" transferTextContent="true" failOnError="true" ignoreEmpty="false" transferToAll="false" entitize="false" transferChildNodes="false">
        <con:name>fileName_uploadfile</con:name>
        <con:sourceType>fileName</con:sourceType>
        <con:sourceStep>DataGen for dynamic file name</con:sourceStep>
        <con:targetType>req_fileName</con:targetType>
        <con:targetStep>File Upload - twoDifferentFilesForOneStockIn 2</con:targetStep>
        <con:upgraded>true</con:upgraded>
      </con:transfers>
    </con:config>
  </con:testStep>
  <con:testStep type="calltestcase" name="Create File - twoDifferentFilesForOneStockIn 2" id="55da58b8-1374-452c-8114-86e5c4b37683">
    <con:settings/>
    <con:config xsi:type="con:RunTestCaseStep" xmlns:xsi="http://www.w3.org/2001/XMLSchema-instance">
      <con:targetTestCase>879df46a-1625-4ad9-b9c2-fb221993fd89</con:targetTestCase>
      <con:properties>
        <con:property>
          <con:name>req_fileContent</con:name>
          <con:value>${Given properties for the test steps#aggId2_twoDifferentFilesForOneStockIn};${Given properties for the test steps#serial_woRange_twoDifferentFilesForOneStockIn};;;</con:value>
        </con:property>
        <con:property>
          <con:name>req_fileName</con:name>
          <con:value>d01a0489-1ce2-431e-99ba-a3e86364e0bc.csv</con:value>
        </con:property>
      </con:properties>
      <con:returnProperties/>
      <con:runMode>PARALLELL</con:runMode>
    </con:config>
  </con:testStep>
  <con:testStep type="calltestcase" name="File Upload - twoDifferentFilesForOneStockIn 2" id="2333e9fe-fbf9-41e8-a893-f258a38ed4b7">
    <con:settings/>
    <con:config xsi:type="con:RunTestCaseStep" xmlns:xsi="http://www.w3.org/2001/XMLSchema-instance">
      <con:targetTestCase>12a76b1d-482a-4d1a-90f8-9173c8c082f0</con:targetTestCase>
      <con:properties>
        <con:property>
          <con:name>req_biName</con:name>
          <con:value>stockin</con:value>
        </con:property>
        <con:property>
          <con:name>req_biId</con:name>
          <con:value>1101</con:value>
        </con:property>
        <con:property>
          <con:name>res_status</con:name>
          <con:value>200</con:value>
        </con:property>
        <con:property>
          <con:name>res_code</con:name>
          <con:value/>
        </con:property>
        <con:property>
          <con:name>res_errorMessage</con:name>
          <con:value/>
        </con:property>
        <con:property>
          <con:name>req_fileName</con:name>
          <con:value>d01a0489-1ce2-431e-99ba-a3e86364e0bc.csv</con:value>
        </con:property>
      </con:properties>
      <con:returnProperties>
        <con:entry>res_status</con:entry>
        <con:entry>res_code</con:entry>
        <con:entry>res_errorMessage</con:entry>
      </con:returnProperties>
      <con:runMode>PARALLELL</con:runMode>
    </con:config>
  </con:testStep>
  <con:testStep type="calltestcase" name="Load File - twoDifferentFilesForOneStockIn 2" id="e042570c-80c7-4b6e-b596-ad1f27f29876">
    <con:settings/>
    <con:config xsi:type="con:RunTestCaseStep" xmlns:xsi="http://www.w3.org/2001/XMLSchema-instance">
      <con:targetTestCase>4d599bf6-0171-400e-aac2-7f6ff9a1c08c</con:targetTestCase>
      <con:properties>
        <con:property>
          <con:name>req_biName</con:name>
          <con:value>stockin</con:value>
        </con:property>
        <con:property>
          <con:name>req_biId</con:name>
          <con:value>${Given properties for the test steps#biId_twoDifferentFilesForOneStockIn}</con:value>
        </con:property>
        <con:property>
          <con:name>res_status</con:name>
          <con:value>200</con:value>
        </con:property>
        <con:property>
          <con:name>res_errorMessage</con:name>
          <con:value/>
        </con:property>
        <con:property>
          <con:name>res_code</con:name>
          <con:value/>
        </con:property>
      </con:properties>
      <con:returnProperties>
        <con:entry>res_status</con:entry>
        <con:entry>res_errorMessage</con:entry>
        <con:entry>res_code</con:entry>
      </con:returnProperties>
      <con:runMode>PARALLELL</con:runMode>
    </con:config>
  </con:testStep>
  <con:testStep type="assertionteststep" name="Assertion for upload / load - twoDifferentFilesForOneStockIn 2" id="fc248f24-f7e3-474f-a531-ffc99a02e9e3">
    <con:settings/>
    <con:config xsi:type="con:AssertionTestStep" xmlns:xsi="http://www.w3.org/2001/XMLSchema-instance">
      <con:entry>
        <con:id>ee5bf7f3-c86e-4edb-a603-3dbe4e4418bc</con:id>
        <con:isGroup>false</con:isGroup>
        <con:sourceId>2333e9fe-fbf9-41e8-a893-f258a38ed4b7</con:sourceId>
        <con:propertyName>res_status</con:propertyName>
        <con:assertion type="Simple Equals" name="Equals" id="59c31597-a37d-437c-aec1-b5d584cfb6d4">
          <con:configuration>
            <patternText>200</patternText>
            <caseSensitive>true</caseSensitive>
          </con:configuration>
        </con:assertion>
      </con:entry>
      <con:entry>
        <con:id>6cfbd245-8328-446a-b140-7eb966d4e6aa</con:id>
        <con:isGroup>false</con:isGroup>
        <con:sourceId>e042570c-80c7-4b6e-b596-ad1f27f29876</con:sourceId>
        <con:propertyName>res_status</con:propertyName>
        <con:assertion type="Simple Equals" name="Equals 2" id="494e9540-59d8-4239-aa6b-8a07c9265f29">
          <con:configuration>
            <patternText>200</patternText>
            <caseSensitive>true</caseSensitive>
          </con:configuration>
        </con:assertion>
      </con:entry>
    </con:config>
  </con:testStep>
  <con:properties/>
  <con:reportParameters/>
  <con:breakPoints>
    <con:testStepId>865adab9-31db-4cff-ac6c-2adc8afb7045</con:testStepId>
    <con:status>NONE</con:status>
    <con:properties/>
  </con:breakPoints>
  <con:breakPoints>
    <con:testStepId>9d6c662d-0477-4bb5-92cc-f8f5d6775b37</con:testStepId>
    <con:status>NONE</con:status>
    <con:properties/>
  </con:breakPoints>
  <con:breakPoints>
    <con:testStepId>b9f51b92-a991-403b-b96c-7c096aab03dd</con:testStepId>
    <con:status>NONE</con:status>
    <con:properties/>
  </con:breakPoints>
  <con:breakPoints>
    <con:testStepId>73db2519-2bd9-42f0-b2cd-a9ca98ce0c93</con:testStepId>
    <con:status>NONE</con:status>
    <con:properties/>
  </con:breakPoints>
  <con:breakPoints>
    <con:testStepId>943d76e8-0a9b-4043-a0f2-800bbc0d1b18</con:testStepId>
    <con:status>NONE</con:status>
    <con:properties/>
  </con:breakPoints>
  <con:breakPoints>
    <con:testStepId>3c969084-f065-45c3-a948-015e04d12b12</con:testStepId>
    <con:status>NONE</con:status>
    <con:properties/>
  </con:breakPoints>
  <con:breakPoints>
    <con:testStepId>90aa6154-8162-40fc-818e-2a0d546eb335</con:testStepId>
    <con:status>NONE</con:status>
    <con:properties/>
  </con:breakPoints>
  <con:breakPoints>
    <con:testStepId>22c7de3b-5faa-4819-b5e7-cfda9c4be93e</con:testStepId>
    <con:status>NONE</con:status>
    <con:properties/>
  </con:breakPoints>
  <con:breakPoints>
    <con:testStepId>262f7c94-2820-47af-855f-9091c9d403a3</con:testStepId>
    <con:status>NONE</con:status>
    <con:properties/>
  </con:breakPoints>
  <con:breakPoints>
    <con:testStepId>22c7de3b-5faa-4819-b5e7-cfda9c4be93e</con:testStepId>
    <con:status>NONE</con:status>
    <con:properties/>
  </con:breakPoints>
  <con:breakPoints>
    <con:testStepId>55da58b8-1374-452c-8114-86e5c4b37683</con:testStepId>
    <con:status>NONE</con:status>
    <con:properties/>
  </con:breakPoints>
  <con:breakPoints>
    <con:testStepId>c51f5f49-295e-4ffb-91fe-0127e4aa053c</con:testStepId>
    <con:status>NONE</con:status>
    <con:properties/>
  </con:breakPoints>
  <con:breakPoints>
    <con:testStepId>8e8277e8-3e15-406e-bf0a-c0401b2541e4</con:testStepId>
    <con:status>NONE</con:status>
    <con:properties/>
  </con:breakPoints>
  <con:breakPoints>
    <con:testStepId>97c2b7ca-0974-422d-8b54-17e269b05810</con:testStepId>
    <con:status>NONE</con:status>
    <con:properties/>
  </con:breakPoints>
  <con:breakPoints>
    <con:testStepId>8a2fe3eb-2e42-4593-943e-889da5f4f564</con:testStepId>
    <con:status>NONE</con:status>
    <con:properties/>
  </con:breakPoints>
  <con:breakPoints>
    <con:testStepId>b1960a46-9291-443d-afb6-3aea69297cbe</con:testStepId>
    <con:status>NONE</con:status>
    <con:properties/>
  </con:breakPoints>
  <con:breakPoints>
    <con:testStepId>019f07c1-91a9-4737-9f47-a05e240e06e0</con:testStepId>
    <con:status>NONE</con:status>
    <con:properties/>
  </con:breakPoints>
  <con:breakPoints>
    <con:testStepId>fd101119-0fd2-4644-8c8c-2729301c40d4</con:testStepId>
    <con:status>NONE</con:status>
    <con:properties/>
  </con:breakPoints>
  <con:breakPoints>
    <con:testStepId>de72ae17-d23c-41f6-bd59-e67bf443a994</con:testStepId>
    <con:status>NONE</con:status>
    <con:properties/>
  </con:breakPoints>
  <con:breakPoints>
    <con:testStepId>290b354c-db13-4065-b48d-9fad34f664ac</con:testStepId>
    <con:status>NONE</con:status>
    <con:properties/>
  </con:breakPoints>
  <con:breakPoints>
    <con:testStepId>84e2108b-f078-4edc-a248-a9739b1b6a58</con:testStepId>
    <con:status>NONE</con:status>
    <con:properties/>
  </con:breakPoints>
  <con:breakPoints>
    <con:testStepId>d28cbd10-2017-4140-9957-376fb3ef20e0</con:testStepId>
    <con:status>NONE</con:status>
    <con:properties/>
  </con:breakPoints>
  <con:breakPoints>
    <con:testStepId>4635b98a-f1b2-4aa7-8c06-b053164e1e24</con:testStepId>
    <con:status>NONE</con:status>
    <con:properties/>
  </con:breakPoints>
  <con:breakPoints>
    <con:testStepId>69920bf3-0604-42be-83c1-5e1a5802e55a</con:testStepId>
    <con:status>NONE</con:status>
    <con:properties/>
  </con:breakPoints>
  <con:breakPoints>
    <con:testStepId>6ad52e1e-985f-4725-898d-0aa85d8eb85a</con:testStepId>
    <con:status>NONE</con:status>
    <con:properties/>
  </con:breakPoints>
  <con:breakPoints>
    <con:testStepId>ffcf7827-1aa7-43e4-9707-4f2917e45e83</con:testStepId>
    <con:status>NONE</con:status>
    <con:properties/>
  </con:breakPoints>
  <con:breakPoints>
    <con:testStepId>bbf2ca9c-a48c-44c7-ade7-e759e70b323e</con:testStepId>
    <con:status>NONE</con:status>
    <con:properties/>
  </con:breakPoints>
  <con:breakPoints>
    <con:testStepId>047e4248-7b0e-4106-bc9e-d3ccfa9a7cb0</con:testStepId>
    <con:status>NONE</con:status>
    <con:properties/>
  </con:breakPoints>
  <con:breakPoints>
    <con:testStepId>06d67369-94c7-4341-8c91-14fe3e6c1f4a</con:testStepId>
    <con:status>NONE</con:status>
    <con:properties/>
  </con:breakPoints>
  <con:breakPoints>
    <con:testStepId>a8c25798-2269-48e2-85b1-a2b0b603c4fc</con:testStepId>
    <con:status>NONE</con:status>
    <con:properties/>
  </con:breakPoints>
  <con:breakPoints>
    <con:testStepId>cd830c49-ddcb-432e-b891-f6ced4304d42</con:testStepId>
    <con:status>NONE</con:status>
    <con:properties/>
  </con:breakPoints>
  <con:breakPoints>
    <con:testStepId>257a9b86-6918-411f-9e57-ffe4b4584546</con:testStepId>
    <con:status>NONE</con:status>
    <con:properties/>
  </con:breakPoints>
  <con:breakPoints>
    <con:testStepId>d8213b9e-b4a2-41d3-9eec-79d1934fd444</con:testStepId>
    <con:status>NONE</con:status>
    <con:properties/>
  </con:breakPoints>
  <con:breakPoints>
    <con:testStepId>cfaa3d42-1f22-433d-939c-a96fd76bfc97</con:testStepId>
    <con:status>NONE</con:status>
    <con:properties/>
  </con:breakPoints>
  <con:breakPoints>
    <con:testStepId>5a5e800d-bdde-4ff1-a68b-f512fef38635</con:testStepId>
    <con:status>NONE</con:status>
    <con:properties/>
  </con:breakPoints>
  <con:breakPoints>
    <con:testStepId>dd34ac8d-16d7-4376-be01-2359592902cc</con:testStepId>
    <con:status>NONE</con:status>
    <con:properties/>
  </con:breakPoints>
  <con:breakPoints>
    <con:testStepId>9ead322d-394f-4542-b96d-f47cbece3232</con:testStepId>
    <con:status>NONE</con:status>
    <con:properties/>
  </con:breakPoints>
  <con:breakPoints>
    <con:testStepId>61de713f-a599-4edb-80c3-23f1995f9e4c</con:testStepId>
    <con:status>NONE</con:status>
    <con:properties/>
  </con:breakPoints>
  <con:breakPoints>
    <con:testStepId>f8f080cf-4624-4d01-83ac-856484c47025</con:testStepId>
    <con:status>NONE</con:status>
    <con:properties/>
  </con:breakPoints>
  <con:breakPoints>
    <con:testStepId>d6e952e8-acba-4492-8d26-50f055f5a1a7</con:testStepId>
    <con:status>NONE</con:status>
    <con:properties/>
  </con:breakPoints>
  <con:breakPoints>
    <con:testStepId>cda35aed-6ef5-468c-a16f-e9243ffed49b</con:testStepId>
    <con:status>NONE</con:status>
    <con:properties/>
  </con:breakPoints>
  <con:breakPoints>
    <con:testStepId>04dff87e-8d7c-4061-b9fe-ee0f3d1a7e5b</con:testStepId>
    <con:status>NONE</con:status>
    <con:properties/>
  </con:breakPoints>
  <con:breakPoints>
    <con:testStepId>8c50be57-02a0-4457-931d-507f1ce6b3e8</con:testStepId>
    <con:status>NONE</con:status>
    <con:properties/>
  </con:breakPoints>
  <con:breakPoints>
    <con:testStepId>6a29143a-4ad0-4f08-a4a8-945b50b85392</con:testStepId>
    <con:status>NONE</con:status>
    <con:properties/>
  </con:breakPoints>
  <con:breakPoints>
    <con:testStepId>a4707d37-ee27-4471-90ab-e9815f3ad458</con:testStepId>
    <con:status>NONE</con:status>
    <con:properties/>
  </con:breakPoints>
  <con:breakPoints>
    <con:testStepId>33c78345-1df0-481b-8a87-87dfa8c258ff</con:testStepId>
    <con:status>NONE</con:status>
    <con:properties/>
  </con:breakPoints>
</con:testCase>