<?xml version="1.0" encoding="UTF-8"?>
<con:testCase id="07ab3567-a297-403b-97a4-9bffa36e0bd5" discardOkResults="true" failOnError="true" failTestCaseOnErrors="true" keepSession="false" name="Test Case 3" searchProperties="true" timeout="0" xmlns:con="http://eviware.com/soapui/config">
  <con:settings>
    <con:setting id="07ab3567-a297-403b-97a4-9bffa36e0bd5fileName">Test-Case-3</con:setting>
  </con:settings>
  <con:savedRecentRuns>1</con:savedRecentRuns>
  <con:testStep type="properties" name="Given properties for the test steps" id="7b36e533-bd09-4c6d-b739-a332d85dfc4f">
    <con:settings/>
    <con:config xsi:type="con:PropertiesStep" saveFirst="true" xmlns:xsi="http://www.w3.org/2001/XMLSchema-instance">
      <con:properties>
        <con:property>
          <con:name>amountZero</con:name>
          <con:value>0.0</con:value>
        </con:property>
        <con:property>
          <con:name>roundedAmount</con:name>
          <con:value>99.99</con:value>
        </con:property>
        <con:property>
          <con:name>amount</con:name>
          <con:value>99.99</con:value>
        </con:property>
        <con:property>
          <con:name>amount2</con:name>
          <con:value>199.98</con:value>
        </con:property>
        <con:property>
          <con:name>amountNegative</con:name>
          <con:value>-99.99</con:value>
        </con:property>
        <con:property>
          <con:name>amountNegative2</con:name>
          <con:value>-199.98</con:value>
        </con:property>
        <con:property>
          <con:name>currency</con:name>
          <con:value>EUR</con:value>
        </con:property>
        <con:property>
          <con:name>notExistBIId</con:name>
          <con:value>-1</con:value>
        </con:property>
        <con:property>
          <con:name>emptyValue</con:name>
          <con:value/>
        </con:property>
        <con:property>
          <con:name>biSpecCode</con:name>
          <con:value>MONEYTRSPECCODE</con:value>
        </con:property>
        <con:property>
          <con:name>biCannotSubmitWithoutItems</con:name>
          <con:value>BI_CAN_NOT_BE_SUBMITTED_WITHOUT_ITEMS</con:value>
        </con:property>
        <con:property>
          <con:name>fromAndToCannotBeSame</con:name>
          <con:value>FROM_AND_TO_ACCOUNT_CAN_NOT_BE_SAME</con:value>
        </con:property>
        <con:property>
          <con:name>endSessionBiSpecCode</con:name>
          <con:value>SESSIONENDBISPEC</con:value>
        </con:property>
        <con:property>
          <con:name>invalidState</con:name>
          <con:value>INVALID_STATE_OPERATION</con:value>
        </con:property>
        <con:property>
          <con:name>res_200</con:name>
          <con:value>200</con:value>
        </con:property>
        <con:property>
          <con:name>res_201</con:name>
          <con:value>201</con:value>
        </con:property>
        <con:property>
          <con:name>res_400</con:name>
          <con:value>400</con:value>
        </con:property>
        <con:property>
          <con:name>res_404</con:name>
          <con:value>404</con:value>
        </con:property>
        <con:property>
          <con:name>res_405</con:name>
          <con:value>405</con:value>
        </con:property>
        <con:property>
          <con:name>mainStateClosed</con:name>
          <con:value>0</con:value>
        </con:property>
        <con:property>
          <con:name>stateClosed</con:name>
          <con:value>5</con:value>
        </con:property>
        <con:property>
          <con:name>methodNotAllowed</con:name>
          <con:value>HTTP 405 Method Not Allowed</con:value>
        </con:property>
        <con:property>
          <con:name>userCreateSpec</con:name>
          <con:value>USERCREATEBISPEC</con:value>
        </con:property>
        <con:property>
          <con:name>userExtId</con:name>
          <con:value>third-user-ext-${=java.util.UUID.randomUUID()}</con:value>
        </con:property>
        <con:property>
          <con:name>name</con:name>
          <con:value>third-user-name-${=java.util.UUID.randomUUID()}</con:value>
        </con:property>
        <con:property>
          <con:name>forceToUseSession</con:name>
          <con:value>false</con:value>
        </con:property>
        <con:property>
          <con:name>firstName</con:name>
          <con:value>third-user-1stName-${=java.util.UUID.randomUUID()}</con:value>
        </con:property>
        <con:property>
          <con:name>lastName</con:name>
          <con:value>third-user-lastName-${=java.util.UUID.randomUUID()}</con:value>
        </con:property>
        <con:property>
          <con:name>startSession</con:name>
          <con:value>START_SESSION</con:value>
        </con:property>
        <con:property>
          <con:name>terminalExtId2</con:name>
          <con:value>ext-terminal-2-${=java.util.UUID.randomUUID()}</con:value>
        </con:property>
        <con:property>
          <con:name>terminalName2</con:name>
          <con:value>ext-terminal-2-6f9186b1-6c3f-4c8e-ba61-e3b4fdbbce21</con:value>
        </con:property>
      </con:properties>
    </con:config>
  </con:testStep>
  <con:testStep type="datagen" name="DataGen terminal2" id="1be9de1c-5f14-439f-a41d-3c25e71c5dac">
    <con:settings/>
    <con:config xsi:type="con:DataGeneratorStep" xmlns:xsi="http://www.w3.org/2001/XMLSchema-instance">
      <con:property type="Script">
        <con:configuration>
          <script>def terminal2 = context.expand( '${Given properties for the test steps#terminalExtId2}' )

testRunner.testCase.testSteps['Given properties for the test steps'].setPropertyValue("terminalName2",terminal2);</script>
        </con:configuration>
        <con:name>terminal2</con:name>
        <con:mode>STEP</con:mode>
        <con:shared>false</con:shared>
      </con:property>
    </con:config>
  </con:testStep>
  <con:testStep type="transfer" name="Set default user and sales organization" id="901176f2-2376-45a3-84b1-6da6fdfc7907">
    <con:settings/>
    <con:config xsi:type="con:PropertyTransfersStep" xmlns:xsi="http://www.w3.org/2001/XMLSchema-instance">
      <con:transfers setNullOnMissingSource="true" transferTextContent="true" failOnError="true" ignoreEmpty="false" transferToAll="false" entitize="false" transferChildNodes="false">
        <con:name>defaultUser</con:name>
        <con:sourceType>DefaultUserRoleId</con:sourceType>
        <con:sourceStep>#Project#</con:sourceStep>
        <con:sourcePath/>
        <con:targetType>req_createdByUserRoleId</con:targetType>
        <con:targetStep>Create sales organization, user, inventory and terminal</con:targetStep>
        <con:targetPath/>
        <con:upgraded>true</con:upgraded>
      </con:transfers>
      <con:transfers setNullOnMissingSource="true" transferTextContent="true" failOnError="true" ignoreEmpty="false" transferToAll="false" entitize="false" transferChildNodes="false">
        <con:name>defaultSalesOrganization</con:name>
        <con:sourceType>DefaultSalesOrganizationRoleId</con:sourceType>
        <con:sourceStep>#Project#</con:sourceStep>
        <con:targetType>req_createdBySalesOrgRoleId</con:targetType>
        <con:targetStep>Create sales organization, user, inventory and terminal</con:targetStep>
        <con:upgraded>true</con:upgraded>
      </con:transfers>
      <con:transfers setNullOnMissingSource="true" transferTextContent="true" failOnError="true" ignoreEmpty="false" transferToAll="false" entitize="false" transferChildNodes="false">
        <con:name>specCode</con:name>
        <con:sourceType>biSpecCode</con:sourceType>
        <con:sourceStep>Given properties for the test steps</con:sourceStep>
        <con:targetType>req_biSpec</con:targetType>
        <con:targetStep>#TestCase#</con:targetStep>
        <con:type>XPATH</con:type>
        <con:upgraded>true</con:upgraded>
      </con:transfers>
    </con:config>
  </con:testStep>
  <con:testStep type="calltestcase" name="Create sales organization, user, inventory and terminal" id="405b37af-9186-4601-b22e-03e0f3b75fc7">
    <con:settings/>
    <con:config xsi:type="con:RunTestCaseStep" xmlns:xsi="http://www.w3.org/2001/XMLSchema-instance">
      <con:targetTestCase>b92a7c8d-a0ed-4725-99e9-4866fd949629</con:targetTestCase>
      <con:properties>
        <con:property>
          <con:name>req_createdByUserRoleId</con:name>
          <con:value>2</con:value>
        </con:property>
        <con:property>
          <con:name>req_createdBySalesOrgRoleId</con:name>
          <con:value>1</con:value>
        </con:property>
        <con:property>
          <con:name>req_userRoleExtId</con:name>
          <con:value>u${=java.util.UUID.randomUUID()}</con:value>
        </con:property>
        <con:property>
          <con:name>req_salesOrgRoleExtId</con:name>
          <con:value>s${=java.util.UUID.randomUUID()}</con:value>
        </con:property>
        <con:property>
          <con:name>req_terminalExtId</con:name>
          <con:value>t${=java.util.UUID.randomUUID()}</con:value>
        </con:property>
        <con:property>
          <con:name>req_inventoryExtId</con:name>
          <con:value>i${=java.util.UUID.randomUUID()}</con:value>
        </con:property>
        <con:property>
          <con:name>res_salesOrgBiId</con:name>
        </con:property>
        <con:property>
          <con:name>res_userRoleBiId</con:name>
        </con:property>
        <con:property>
          <con:name>res_terminalBiId</con:name>
        </con:property>
        <con:property>
          <con:name>res_inventoryRoleBiId</con:name>
        </con:property>
        <con:property>
          <con:name>res_salesOrgId</con:name>
          <con:value>35</con:value>
        </con:property>
        <con:property>
          <con:name>res_userRoleId</con:name>
          <con:value>37</con:value>
        </con:property>
        <con:property>
          <con:name>res_terminalId</con:name>
          <con:value>9</con:value>
        </con:property>
        <con:property>
          <con:name>res_inventoryRoleId</con:name>
          <con:value>38</con:value>
        </con:property>
        <con:property>
          <con:name>res_placeId</con:name>
        </con:property>
        <con:property>
          <con:name>res_soExtId</con:name>
        </con:property>
        <con:property>
          <con:name>res_salesOrganisationExternalId</con:name>
        </con:property>
        <con:property>
          <con:name>userToken</con:name>
          <con:value>Bearer eyJraWQiOiIxIiwiYWxnIjoiUlMyNTYifQ.eyJpc3MiOiJVTVMtUHJlZmlsdGVyLUNoZWNrQXV0aG9yaXplIiwic3ViIjoiVEVTVCIsImF1ZCI6IlJNIiwiaWF0IjoxNDg3MTYwOTc5LCJleHAiOjE1NTE3ODg2NTgsImF1dGhfdGltZSI6IjEzMTEyODA4NzAiLCJub25jZSI6Im4tMFM2X1d6QTJNaiIsIm5hbWUiOiJVTVMgVGVzdCBVc2VyIiwieF9kYnNzIjp7ImF1dGh6UHJvZmlsZU5hbWUiOiJDU1JfQXV0aHpQcm9maWxlIiwidmVyc2lvbiI6InYxIiwicGFydHlfaWQiOiIxMjMiLCJleHRlcm5hbF91c2VybmFtZSI6InVhMzRjNTBkNy05OWMxLTQ0MzAtYjJhMC1jOTJlNGZiMmE0ZWYifX0.mIrZeIg73eR-jSuIwrE9FPEFEy84a6XM6LdjglABinbSpMXKait7xHbXBRpKnGXr_We0fwdoKMXEHjmUECktRtsK-3Uf9Ui_WqNJ6NqbGh6TC9LqdnEDkYRDwk8iJhAuo0khjqDWaivoDiJXA-d-gnnHJAi6y530t_UuGG4Ht_o</con:value>
        </con:property>
        <con:property>
          <con:name>userIntToken</con:name>
        </con:property>
        <con:property>
          <con:name>req_email</con:name>
        </con:property>
      </con:properties>
      <con:returnProperties>
        <con:entry>res_inventoryRoleId</con:entry>
        <con:entry>res_salesOrgId</con:entry>
        <con:entry>res_terminalId</con:entry>
        <con:entry>res_userRoleId</con:entry>
        <con:entry>userToken</con:entry>
      </con:returnProperties>
      <con:runMode>PARALLELL</con:runMode>
    </con:config>
  </con:testStep>
  <con:testStep type="assertionteststep" name="Assert if user id, so id, inventory id and terminal id not null" id="a787c8d8-61a8-4690-98ae-632277fd333e">
    <con:settings/>
    <con:config xsi:type="con:AssertionTestStep" xmlns:xsi="http://www.w3.org/2001/XMLSchema-instance">
      <con:entry>
        <con:id>5be24652-3969-428f-ad6a-70c09f4e3d78</con:id>
        <con:isGroup>false</con:isGroup>
        <con:sourceId>405b37af-9186-4601-b22e-03e0f3b75fc7</con:sourceId>
        <con:propertyName>res_salesOrgId</con:propertyName>
        <con:assertion type="Simple Contains" name="Contains" id="e6025820-e234-401b-af52-7a213a4a15ae">
          <con:configuration>
            <token>\d+</token>
            <ignoreCase>false</ignoreCase>
            <useRegEx>true</useRegEx>
          </con:configuration>
        </con:assertion>
      </con:entry>
      <con:entry>
        <con:id>895e5a01-10d4-45d7-afa4-71b850cc95a7</con:id>
        <con:isGroup>false</con:isGroup>
        <con:sourceId>405b37af-9186-4601-b22e-03e0f3b75fc7</con:sourceId>
        <con:propertyName>res_userRoleId</con:propertyName>
        <con:assertion type="Simple Contains" name="Contains 2" id="a29537cb-957b-421d-8504-0723ac5b0809">
          <con:configuration>
            <token>\d+</token>
            <ignoreCase>false</ignoreCase>
            <useRegEx>true</useRegEx>
          </con:configuration>
        </con:assertion>
      </con:entry>
      <con:entry>
        <con:id>7dc315c2-78d3-41a8-aa83-1390a846f04f</con:id>
        <con:isGroup>false</con:isGroup>
        <con:sourceId>405b37af-9186-4601-b22e-03e0f3b75fc7</con:sourceId>
        <con:propertyName>res_terminalId</con:propertyName>
        <con:assertion type="Simple Contains" name="Contains 3" id="b9a8f7dd-d951-45ae-abea-543048a429ba">
          <con:configuration>
            <token>\d+</token>
            <ignoreCase>false</ignoreCase>
            <useRegEx>true</useRegEx>
          </con:configuration>
        </con:assertion>
      </con:entry>
      <con:entry>
        <con:id>c758f9fe-c83f-488b-b9f3-84e3eaba3f84</con:id>
        <con:isGroup>false</con:isGroup>
        <con:sourceId>405b37af-9186-4601-b22e-03e0f3b75fc7</con:sourceId>
        <con:propertyName>res_inventoryRoleId</con:propertyName>
        <con:assertion type="Simple Contains" name="Contains 4" id="eeacafdd-d097-4981-bb1e-63f1d4f4385e">
          <con:configuration>
            <token>\d+</token>
            <ignoreCase>false</ignoreCase>
            <useRegEx>true</useRegEx>
          </con:configuration>
        </con:assertion>
      </con:entry>
    </con:config>
  </con:testStep>
  <con:testStep type="transfer" name="Set first user properties globally" id="184aca10-9afa-46a4-9e63-abea587c049b">
    <con:settings/>
    <con:config xsi:type="con:PropertyTransfersStep" xmlns:xsi="http://www.w3.org/2001/XMLSchema-instance">
      <con:transfers setNullOnMissingSource="true" transferTextContent="true" failOnError="true" ignoreEmpty="false" transferToAll="false" entitize="false" transferChildNodes="false">
        <con:name>userRoleId</con:name>
        <con:sourceType>res_userRoleId</con:sourceType>
        <con:sourceStep>Create sales organization, user, inventory and terminal</con:sourceStep>
        <con:sourcePath/>
        <con:targetType>req_firstUserRoleId</con:targetType>
        <con:targetStep>#TestCase#</con:targetStep>
        <con:targetPath/>
        <con:upgraded>true</con:upgraded>
      </con:transfers>
      <con:transfers setNullOnMissingSource="true" transferTextContent="true" failOnError="true" ignoreEmpty="false" transferToAll="false" entitize="false" transferChildNodes="false">
        <con:name>soRoleId</con:name>
        <con:sourceType>res_salesOrgId</con:sourceType>
        <con:sourceStep>Create sales organization, user, inventory and terminal</con:sourceStep>
        <con:targetType>req_firstSoRoleId</con:targetType>
        <con:targetStep>#TestCase#</con:targetStep>
        <con:upgraded>true</con:upgraded>
      </con:transfers>
    </con:config>
  </con:testStep>
  <con:testStep type="transfer" name="Set get from account as first user's account" id="ee4f9070-89ef-438e-b292-c5261479a7ac">
    <con:settings/>
    <con:config xsi:type="con:PropertyTransfersStep" xmlns:xsi="http://www.w3.org/2001/XMLSchema-instance">
      <con:transfers setNullOnMissingSource="true" transferTextContent="true" failOnError="true" ignoreEmpty="false" transferToAll="false" entitize="false" transferChildNodes="false">
        <con:name>userRoleId</con:name>
        <con:sourceType>res_userRoleId</con:sourceType>
        <con:sourceStep>Create sales organization, user, inventory and terminal</con:sourceStep>
        <con:sourcePath/>
        <con:targetType>req_userId</con:targetType>
        <con:targetStep>Get from account as first user's account</con:targetStep>
        <con:targetPath/>
        <con:upgraded>true</con:upgraded>
      </con:transfers>
    </con:config>
  </con:testStep>
  <con:testStep type="calltestcase" name="Get from account as first user's account" id="e44ffb98-656f-4b33-b390-0065e4c7bb8e">
    <con:settings/>
    <con:config xsi:type="con:RunTestCaseStep" xmlns:xsi="http://www.w3.org/2001/XMLSchema-instance">
      <con:targetTestCase>8a3b20cb-7c77-4c79-a6a7-2d4c83fecf8c</con:targetTestCase>
      <con:properties>
        <con:property>
          <con:name>req_userId</con:name>
          <con:value>37</con:value>
        </con:property>
        <con:property>
          <con:name>res_accountId</con:name>
          <con:value>16</con:value>
        </con:property>
        <con:property>
          <con:name>res_accountName</con:name>
        </con:property>
        <con:property>
          <con:name>res_notRoundedAmount</con:name>
        </con:property>
        <con:property>
          <con:name>res_currency</con:name>
        </con:property>
        <con:property>
          <con:name>res_roundedAmount</con:name>
        </con:property>
        <con:property>
          <con:name>res_httpStatus</con:name>
          <con:value>200</con:value>
        </con:property>
        <con:property>
          <con:name>res_errorMessage</con:name>
        </con:property>
      </con:properties>
      <con:returnProperties>
        <con:entry>res_accountId</con:entry>
        <con:entry>res_httpStatus</con:entry>
      </con:returnProperties>
      <con:runMode>PARALLELL</con:runMode>
    </con:config>
  </con:testStep>
  <con:testStep type="transfer" name="Set FROM account id globally" id="b73cefde-436f-4a29-92d7-6da093d35ffa">
    <con:settings/>
    <con:config xsi:type="con:PropertyTransfersStep" xmlns:xsi="http://www.w3.org/2001/XMLSchema-instance">
      <con:transfers setNullOnMissingSource="true" transferTextContent="true" failOnError="true" ignoreEmpty="false" transferToAll="false" entitize="false" transferChildNodes="false">
        <con:name>fromAccountId</con:name>
        <con:sourceType>res_accountId</con:sourceType>
        <con:sourceStep>Get from account as first user's account</con:sourceStep>
        <con:sourcePath/>
        <con:targetType>req_fromAccountId</con:targetType>
        <con:targetStep>#TestCase#</con:targetStep>
        <con:targetPath/>
        <con:type>XPATH</con:type>
        <con:upgraded>true</con:upgraded>
      </con:transfers>
    </con:config>
  </con:testStep>
  <con:testStep type="transfer" name="Set create user belongs to first sales organization" id="b4adb201-bf50-441f-908b-f4a6126dc90e">
    <con:settings/>
    <con:config xsi:type="con:PropertyTransfersStep" xmlns:xsi="http://www.w3.org/2001/XMLSchema-instance">
      <con:transfers setNullOnMissingSource="true" transferTextContent="true" failOnError="true" ignoreEmpty="false" transferToAll="false" entitize="false" transferChildNodes="false">
        <con:name>createdByUserRoleId</con:name>
        <con:sourceType>DefaultUserRoleId</con:sourceType>
        <con:sourceStep>#Project#</con:sourceStep>
        <con:sourcePath/>
        <con:targetType>req_createdByUserRoleId</con:targetType>
        <con:targetStep>Create user belongs to first sales organization</con:targetStep>
        <con:targetPath/>
        <con:upgraded>true</con:upgraded>
      </con:transfers>
      <con:transfers setNullOnMissingSource="true" transferTextContent="true" failOnError="true" ignoreEmpty="false" transferToAll="false" entitize="false" transferChildNodes="false">
        <con:name>createdBySalesOrgRoleId</con:name>
        <con:sourceType>DefaultSalesOrganizationRoleId</con:sourceType>
        <con:sourceStep>#Project#</con:sourceStep>
        <con:targetType>req_createdBySalesOrgRoleId</con:targetType>
        <con:targetStep>Create user belongs to first sales organization</con:targetStep>
        <con:upgraded>true</con:upgraded>
      </con:transfers>
      <con:transfers setNullOnMissingSource="true" transferTextContent="true" failOnError="true" ignoreEmpty="false" transferToAll="false" entitize="false" transferChildNodes="false">
        <con:name>soRoleId</con:name>
        <con:sourceType>res_salesOrgId</con:sourceType>
        <con:sourceStep>Create sales organization, user, inventory and terminal</con:sourceStep>
        <con:targetType>req_soRoleId</con:targetType>
        <con:targetStep>Create user belongs to first sales organization</con:targetStep>
        <con:upgraded>true</con:upgraded>
      </con:transfers>
      <con:transfers setNullOnMissingSource="true" transferTextContent="true" failOnError="true" ignoreEmpty="false" transferToAll="false" entitize="false" transferChildNodes="false">
        <con:name>biSpecCode</con:name>
        <con:sourceType>userCreateSpec</con:sourceType>
        <con:sourceStep>Given properties for the test steps</con:sourceStep>
        <con:targetType>req_biSpecCode</con:targetType>
        <con:targetStep>Create user belongs to first sales organization</con:targetStep>
        <con:upgraded>true</con:upgraded>
      </con:transfers>
      <con:transfers setNullOnMissingSource="true" transferTextContent="true" failOnError="true" ignoreEmpty="false" transferToAll="false" entitize="false" transferChildNodes="false">
        <con:name>name</con:name>
        <con:sourceType>name</con:sourceType>
        <con:sourceStep>Given properties for the test steps</con:sourceStep>
        <con:targetType>req_name</con:targetType>
        <con:targetStep>Create user belongs to first sales organization</con:targetStep>
        <con:upgraded>true</con:upgraded>
      </con:transfers>
      <con:transfers setNullOnMissingSource="true" transferTextContent="true" failOnError="true" ignoreEmpty="false" transferToAll="false" entitize="false" transferChildNodes="false">
        <con:name>userExtId</con:name>
        <con:sourceType>userExtId</con:sourceType>
        <con:sourceStep>Given properties for the test steps</con:sourceStep>
        <con:targetType>req_userExternalID</con:targetType>
        <con:targetStep>Create user belongs to first sales organization</con:targetStep>
        <con:upgraded>true</con:upgraded>
      </con:transfers>
      <con:transfers setNullOnMissingSource="true" transferTextContent="true" failOnError="true" ignoreEmpty="false" transferToAll="false" entitize="false" transferChildNodes="false">
        <con:name>firstName</con:name>
        <con:sourceType>firstName</con:sourceType>
        <con:sourceStep>Given properties for the test steps</con:sourceStep>
        <con:targetType>req_indFirstName</con:targetType>
        <con:targetStep>Create user belongs to first sales organization</con:targetStep>
        <con:upgraded>true</con:upgraded>
      </con:transfers>
      <con:transfers setNullOnMissingSource="true" transferTextContent="true" failOnError="true" ignoreEmpty="false" transferToAll="false" entitize="false" transferChildNodes="false">
        <con:name>forceToUseSession</con:name>
        <con:sourceType>forceToUseSession</con:sourceType>
        <con:sourceStep>Given properties for the test steps</con:sourceStep>
        <con:targetType>req_forceToUseSession</con:targetType>
        <con:targetStep>Create user belongs to first sales organization</con:targetStep>
        <con:upgraded>true</con:upgraded>
      </con:transfers>
      <con:transfers setNullOnMissingSource="true" transferTextContent="true" failOnError="true" ignoreEmpty="false" transferToAll="false" entitize="false" transferChildNodes="false">
        <con:name>lastName</con:name>
        <con:sourceType>lastName</con:sourceType>
        <con:sourceStep>Given properties for the test steps</con:sourceStep>
        <con:targetType>req_indLastName</con:targetType>
        <con:targetStep>Create user belongs to first sales organization</con:targetStep>
        <con:upgraded>true</con:upgraded>
      </con:transfers>
      <con:transfers setNullOnMissingSource="true" transferTextContent="true" failOnError="true" ignoreEmpty="false" transferToAll="false" entitize="false" transferChildNodes="false">
        <con:name>userToken</con:name>
        <con:sourceType>emptyValue</con:sourceType>
        <con:sourceStep>Given properties for the test steps</con:sourceStep>
        <con:targetType>AuthorizationUser</con:targetType>
        <con:targetStep>#Project#</con:targetStep>
        <con:upgraded>true</con:upgraded>
      </con:transfers>
      <con:transfers setNullOnMissingSource="true" transferTextContent="true" failOnError="true" ignoreEmpty="false" transferToAll="false" entitize="false" transferChildNodes="false">
        <con:name>userSo</con:name>
        <con:sourceType>emptyValue</con:sourceType>
        <con:sourceStep>Given properties for the test steps</con:sourceStep>
        <con:targetType>UserSo</con:targetType>
        <con:targetStep>#Project#</con:targetStep>
        <con:upgraded>true</con:upgraded>
      </con:transfers>
    </con:config>
  </con:testStep>
  <con:testStep type="calltestcase" name="Create user belongs to first sales organization" id="e99027d7-7a4e-4681-99c0-011c28a7b755">
    <con:settings/>
    <con:config xsi:type="con:RunTestCaseStep" xmlns:xsi="http://www.w3.org/2001/XMLSchema-instance">
      <con:targetTestCase>f95d12d9-6cd5-4f61-b30f-72301b48157f</con:targetTestCase>
      <con:properties>
        <con:property>
          <con:name>req_createdByUserRoleId</con:name>
          <con:value>2</con:value>
        </con:property>
        <con:property>
          <con:name>req_createdBySalesOrgRoleId</con:name>
          <con:value>1</con:value>
        </con:property>
        <con:property>
          <con:name>req_soRoleId</con:name>
          <con:value>35</con:value>
        </con:property>
        <con:property>
          <con:name>req_biSpecCode</con:name>
          <con:value>USERCREATEBISPEC</con:value>
        </con:property>
        <con:property>
          <con:name>req_userExternalID</con:name>
          <con:value>third-user-ext-${=java.util.UUID.randomUUID()}</con:value>
        </con:property>
        <con:property>
          <con:name>req_forceToUseSession</con:name>
          <con:value>false</con:value>
        </con:property>
        <con:property>
          <con:name>req_biId</con:name>
        </con:property>
        <con:property>
          <con:name>req_name</con:name>
          <con:value>third-user-name-${=java.util.UUID.randomUUID()}</con:value>
        </con:property>
        <con:property>
          <con:name>req_indFirstName</con:name>
          <con:value>third-user-1stName-${=java.util.UUID.randomUUID()}</con:value>
        </con:property>
        <con:property>
          <con:name>req_indLastName</con:name>
          <con:value>third-user-lastName-${=java.util.UUID.randomUUID()}</con:value>
        </con:property>
        <con:property>
          <con:name>req_indName</con:name>
        </con:property>
        <con:property>
          <con:name>res_biId</con:name>
          <con:value>691</con:value>
        </con:property>
        <con:property>
          <con:name>res_userId</con:name>
          <con:value>39</con:value>
        </con:property>
        <con:property>
          <con:name>userToken</con:name>
          <con:value>Bearer eyJraWQiOiIxIiwiYWxnIjoiUlMyNTYifQ.eyJpc3MiOiJVTVMtUHJlZmlsdGVyLUNoZWNrQXV0aG9yaXplIiwic3ViIjoiVEVTVCIsImF1ZCI6IlJNIiwiaWF0IjoxNDg3MTYwOTc5LCJleHAiOjE1NTE3ODg2NTksImF1dGhfdGltZSI6IjEzMTEyODA4NzAiLCJub25jZSI6Im4tMFM2X1d6QTJNaiIsIm5hbWUiOiJVTVMgVGVzdCBVc2VyIiwieF9kYnNzIjp7ImF1dGh6UHJvZmlsZU5hbWUiOiJDU1JfQXV0aHpQcm9maWxlIiwidmVyc2lvbiI6InYxIiwicGFydHlfaWQiOiIxMjMiLCJleHRlcm5hbF91c2VybmFtZSI6InRoaXJkLXVzZXItZXh0LWM0MjE1OTAzLTIxZGItNDRmOS04NjFiLTJkMzRjZGRkYTI0OCJ9fQ.luy0usMm16muUATIqn5qVQPNTm9MadAER7qSkto-bq1mze1Q2pgQ1Q7zALF3QhO-L8S5Rucgg4_AuINvgRAjidu4rWFTmbPHivfPTtfzct6idCPpE3AETUJh3OFLb_dJ-Xfm5roeUj_GBB-iR_tetrGpQkJXcCRObIvi0YVZwhY</con:value>
        </con:property>
        <con:property>
          <con:name>intUserToken</con:name>
        </con:property>
        <con:property>
          <con:name>req_email</con:name>
        </con:property>
        <con:property>
          <con:name>res_error</con:name>
        </con:property>
        <con:property>
          <con:name>res_forceToUseSession</con:name>
        </con:property>
      </con:properties>
      <con:returnProperties>
        <con:entry>res_biId</con:entry>
        <con:entry>res_userId</con:entry>
        <con:entry>userToken</con:entry>
      </con:returnProperties>
      <con:runMode>PARALLELL</con:runMode>
    </con:config>
  </con:testStep>
  <con:testStep type="assertionteststep" name="Assert second user created" id="98f38572-7fe7-4f83-9c02-ba925739720c">
    <con:settings/>
    <con:config xsi:type="con:AssertionTestStep" xmlns:xsi="http://www.w3.org/2001/XMLSchema-instance"/>
  </con:testStep>
  <con:testStep type="transfer" name="Set create new terminal for second user" id="992c1b26-69f3-444a-bbf4-0767085b07b6">
    <con:settings/>
    <con:config xsi:type="con:PropertyTransfersStep" xmlns:xsi="http://www.w3.org/2001/XMLSchema-instance">
      <con:transfers setNullOnMissingSource="true" transferTextContent="true" failOnError="true" ignoreEmpty="false" transferToAll="false" entitize="false" transferChildNodes="false">
        <con:name>terminalDefaultUser</con:name>
        <con:sourceType>req_firstUserRoleId</con:sourceType>
        <con:sourceStep>#TestCase#</con:sourceStep>
        <con:sourcePath/>
        <con:targetType>req_userRoleId</con:targetType>
        <con:targetStep>Create new terminal for second user</con:targetStep>
        <con:targetPath/>
        <con:upgraded>true</con:upgraded>
      </con:transfers>
      <con:transfers setNullOnMissingSource="true" transferTextContent="true" failOnError="true" ignoreEmpty="false" transferToAll="false" entitize="false" transferChildNodes="false">
        <con:name>terminalSalesOrg</con:name>
        <con:sourceType>req_firstSoRoleId</con:sourceType>
        <con:sourceStep>#TestCase#</con:sourceStep>
        <con:targetType>req_salesOrgRoleId</con:targetType>
        <con:targetStep>Create new terminal for second user</con:targetStep>
        <con:upgraded>true</con:upgraded>
      </con:transfers>
      <con:transfers setNullOnMissingSource="true" transferTextContent="true" failOnError="true" ignoreEmpty="false" transferToAll="false" entitize="false" transferChildNodes="false">
        <con:name>userToken</con:name>
        <con:sourceType>userToken</con:sourceType>
        <con:sourceStep>Create sales organization, user, inventory and terminal</con:sourceStep>
        <con:targetType>AuthorizationUser</con:targetType>
        <con:targetStep>#Project#</con:targetStep>
        <con:upgraded>true</con:upgraded>
      </con:transfers>
      <con:transfers setNullOnMissingSource="true" transferTextContent="true" failOnError="true" ignoreEmpty="false" transferToAll="false" entitize="false" transferChildNodes="false">
        <con:name>userSo</con:name>
        <con:sourceType>res_salesOrgId</con:sourceType>
        <con:sourceStep>Create sales organization, user, inventory and terminal</con:sourceStep>
        <con:targetType>UserSo</con:targetType>
        <con:targetStep>#Project#</con:targetStep>
        <con:upgraded>true</con:upgraded>
      </con:transfers>
    </con:config>
  </con:testStep>
  <con:testStep type="calltestcase" name="Create new terminal for second user" id="7b1d8949-5ed4-4a78-9669-843aabd861a6">
    <con:settings/>
    <con:config xsi:type="con:RunTestCaseStep" xmlns:xsi="http://www.w3.org/2001/XMLSchema-instance">
      <con:targetTestCase>dd134965-c927-42c2-b77c-aa9898d86735</con:targetTestCase>
      <con:properties>
        <con:property>
          <con:name>req_userRoleId</con:name>
          <con:value>37</con:value>
        </con:property>
        <con:property>
          <con:name>req_salesOrgRoleId</con:name>
          <con:value>35</con:value>
        </con:property>
        <con:property>
          <con:name>res_biId</con:name>
          <con:value>701</con:value>
        </con:property>
      </con:properties>
      <con:returnProperties>
        <con:entry>res_biId</con:entry>
      </con:returnProperties>
      <con:runMode>PARALLELL</con:runMode>
    </con:config>
  </con:testStep>
  <con:testStep type="assertionteststep" name="Assertion terminal for second user created" id="c7feb999-b10f-4e43-9379-9ba10d7a307c">
    <con:settings/>
    <con:config xsi:type="con:AssertionTestStep" xmlns:xsi="http://www.w3.org/2001/XMLSchema-instance">
      <con:entry>
        <con:id>d37c8aa7-2488-4b50-8cd1-6307a36e9933</con:id>
        <con:isGroup>false</con:isGroup>
        <con:sourceId>7b1d8949-5ed4-4a78-9669-843aabd861a6</con:sourceId>
        <con:propertyName>res_biId</con:propertyName>
        <con:assertion type="Simple Contains" name="Contains" id="8dc915b9-cdb3-4f9a-ab0d-3244a44b1af5">
          <con:configuration>
            <token>\d+</token>
            <ignoreCase>false</ignoreCase>
            <useRegEx>true</useRegEx>
          </con:configuration>
        </con:assertion>
      </con:entry>
    </con:config>
  </con:testStep>
  <con:testStep type="transfer" name="Set add item to terminal 2" id="eab86a33-45d0-4cb0-9176-114df75eb04c">
    <con:settings/>
    <con:config xsi:type="con:PropertyTransfersStep" xmlns:xsi="http://www.w3.org/2001/XMLSchema-instance">
      <con:transfers setNullOnMissingSource="true" transferTextContent="true" failOnError="true" ignoreEmpty="false" transferToAll="false" entitize="false" transferChildNodes="false">
        <con:name>externalId</con:name>
        <con:sourceType>terminalName2</con:sourceType>
        <con:sourceStep>Given properties for the test steps</con:sourceStep>
        <con:sourcePath/>
        <con:targetType>req_externalId</con:targetType>
        <con:targetStep>Add item to terminal 2</con:targetStep>
        <con:targetPath/>
        <con:upgraded>true</con:upgraded>
      </con:transfers>
      <con:transfers setNullOnMissingSource="true" transferTextContent="true" failOnError="true" ignoreEmpty="false" transferToAll="false" entitize="false" transferChildNodes="false">
        <con:name>salesOrgRoleId</con:name>
        <con:sourceType>req_firstSoRoleId</con:sourceType>
        <con:sourceStep>#TestCase#</con:sourceStep>
        <con:targetType>req_salesOrgId</con:targetType>
        <con:targetStep>Add item to terminal 2</con:targetStep>
        <con:upgraded>true</con:upgraded>
      </con:transfers>
      <con:transfers setNullOnMissingSource="true" transferTextContent="true" failOnError="true" ignoreEmpty="false" transferToAll="false" entitize="false" transferChildNodes="false">
        <con:name>biId</con:name>
        <con:sourceType>res_biId</con:sourceType>
        <con:sourceStep>Create new terminal for second user</con:sourceStep>
        <con:targetType>req_biId</con:targetType>
        <con:targetStep>Add item to terminal 2</con:targetStep>
        <con:upgraded>true</con:upgraded>
      </con:transfers>
      <con:transfers setNullOnMissingSource="true" transferTextContent="true" failOnError="true" ignoreEmpty="false" transferToAll="false" entitize="false" transferChildNodes="false">
        <con:name>userToken</con:name>
        <con:sourceType>userToken</con:sourceType>
        <con:sourceStep>Create sales organization, user, inventory and terminal</con:sourceStep>
        <con:targetType>AuthorizationUser</con:targetType>
        <con:targetStep>#Project#</con:targetStep>
        <con:upgraded>true</con:upgraded>
      </con:transfers>
      <con:transfers setNullOnMissingSource="true" transferTextContent="true" failOnError="true" ignoreEmpty="false" transferToAll="false" entitize="false" transferChildNodes="false">
        <con:name>userSo</con:name>
        <con:sourceType>res_salesOrgId</con:sourceType>
        <con:sourceStep>Create sales organization, user, inventory and terminal</con:sourceStep>
        <con:targetType>UserSo</con:targetType>
        <con:targetStep>#Project#</con:targetStep>
        <con:upgraded>true</con:upgraded>
      </con:transfers>
    </con:config>
  </con:testStep>
  <con:testStep type="calltestcase" name="Add item to terminal 2" id="61c529ab-be57-4f8f-93a6-237687cf56c0">
    <con:settings/>
    <con:config xsi:type="con:RunTestCaseStep" xmlns:xsi="http://www.w3.org/2001/XMLSchema-instance">
      <con:targetTestCase>c2cf8d8e-d749-4306-b31a-9517cd1e26d6</con:targetTestCase>
      <con:properties>
        <con:property>
          <con:name>req_externalId</con:name>
          <con:value>ext-terminal-2-6f9186b1-6c3f-4c8e-ba61-e3b4fdbbce21</con:value>
        </con:property>
        <con:property>
          <con:name>req_salesOrgId</con:name>
          <con:value>35</con:value>
        </con:property>
        <con:property>
          <con:name>req_biId</con:name>
          <con:value>701</con:value>
        </con:property>
        <con:property>
          <con:name>res_biId</con:name>
          <con:value>701</con:value>
        </con:property>
        <con:property>
          <con:name>res_biItemId</con:name>
          <con:value>311</con:value>
        </con:property>
        <con:property>
          <con:name>res_errorMessage</con:name>
        </con:property>
      </con:properties>
      <con:returnProperties>
        <con:entry>res_biId</con:entry>
        <con:entry>res_biItemId</con:entry>
      </con:returnProperties>
      <con:runMode>PARALLELL</con:runMode>
    </con:config>
  </con:testStep>
  <con:testStep type="transfer" name="Set submit terminal 2" id="9f8a4256-1017-438e-a3f2-1afc897532e7">
    <con:settings/>
    <con:config xsi:type="con:PropertyTransfersStep" xmlns:xsi="http://www.w3.org/2001/XMLSchema-instance">
      <con:transfers setNullOnMissingSource="true" transferTextContent="true" failOnError="true" ignoreEmpty="false" transferToAll="false" entitize="false" transferChildNodes="false">
        <con:name>biId</con:name>
        <con:sourceType>res_biId</con:sourceType>
        <con:sourceStep>Create new terminal for second user</con:sourceStep>
        <con:sourcePath/>
        <con:targetType>req_biId</con:targetType>
        <con:targetStep>Submit terminal 2</con:targetStep>
        <con:targetPath/>
        <con:upgraded>true</con:upgraded>
      </con:transfers>
    </con:config>
  </con:testStep>
  <con:testStep type="calltestcase" name="Submit terminal 2" id="689d4a8b-e847-418c-a2b0-d0d8ecb32db0">
    <con:settings/>
    <con:config xsi:type="con:RunTestCaseStep" xmlns:xsi="http://www.w3.org/2001/XMLSchema-instance">
      <con:targetTestCase>b9362f84-1b88-4f7e-ac73-8b5c3f0927c8</con:targetTestCase>
      <con:properties>
        <con:property>
          <con:name>req_biId</con:name>
          <con:value>701</con:value>
        </con:property>
        <con:property>
          <con:name>res_biId</con:name>
          <con:value>701</con:value>
        </con:property>
        <con:property>
          <con:name>res_errorMessage</con:name>
          <con:value xsi:nil="true"/>
        </con:property>
        <con:property>
          <con:name>res_code</con:name>
        </con:property>
      </con:properties>
      <con:returnProperties>
        <con:entry>res_biId</con:entry>
        <con:entry>res_errorMessage</con:entry>
      </con:returnProperties>
      <con:runMode>PARALLELL</con:runMode>
    </con:config>
  </con:testStep>
  <con:testStep type="transfer" name="Set get terminal 2 id" id="5ed03ed3-0852-4786-82b4-6cc109b31f71">
    <con:settings/>
    <con:config xsi:type="con:PropertyTransfersStep" xmlns:xsi="http://www.w3.org/2001/XMLSchema-instance">
      <con:transfers setNullOnMissingSource="true" transferTextContent="true" failOnError="true" ignoreEmpty="false" transferToAll="false" entitize="false" transferChildNodes="false">
        <con:name>terminalExtId</con:name>
        <con:sourceType>terminalName2</con:sourceType>
        <con:sourceStep>Given properties for the test steps</con:sourceStep>
        <con:sourcePath/>
        <con:targetType>req_terminalExternalId</con:targetType>
        <con:targetStep>Get terminal 2 id</con:targetStep>
        <con:targetPath/>
        <con:type>XQUERY</con:type>
        <con:upgraded>true</con:upgraded>
      </con:transfers>
      <con:transfers setNullOnMissingSource="true" transferTextContent="true" failOnError="true" ignoreEmpty="false" transferToAll="false" entitize="false" transferChildNodes="false">
        <con:name>userToken</con:name>
        <con:sourceType>userToken</con:sourceType>
        <con:sourceStep>Create sales organization, user, inventory and terminal</con:sourceStep>
        <con:targetType>AuthorizationUser</con:targetType>
        <con:targetStep>#Project#</con:targetStep>
        <con:type>XPATH</con:type>
        <con:upgraded>true</con:upgraded>
      </con:transfers>
      <con:transfers setNullOnMissingSource="true" transferTextContent="true" failOnError="true" ignoreEmpty="false" transferToAll="false" entitize="false" transferChildNodes="false">
        <con:name>userSo</con:name>
        <con:sourceType>res_salesOrgId</con:sourceType>
        <con:sourceStep>Create sales organization, user, inventory and terminal</con:sourceStep>
        <con:targetType>UserSo</con:targetType>
        <con:targetStep>#Project#</con:targetStep>
        <con:type>XPATH</con:type>
        <con:upgraded>true</con:upgraded>
      </con:transfers>
    </con:config>
  </con:testStep>
  <con:testStep type="calltestcase" name="Get terminal 2 id" id="cbd982dc-5fb7-4eda-b51f-0e6f9548d3bd">
    <con:settings/>
    <con:config xsi:type="con:RunTestCaseStep" xmlns:xsi="http://www.w3.org/2001/XMLSchema-instance">
      <con:targetTestCase>e8d60225-3e58-4dad-a26a-02c8220df3f4</con:targetTestCase>
      <con:properties>
        <con:property>
          <con:name>req_terminalExternalId</con:name>
          <con:value>ext-terminal-2-6f9186b1-6c3f-4c8e-ba61-e3b4fdbbce21</con:value>
        </con:property>
        <con:property>
          <con:name>res_terminalId</con:name>
          <con:value>10</con:value>
        </con:property>
      </con:properties>
      <con:returnProperties>
        <con:entry>res_terminalId</con:entry>
      </con:returnProperties>
      <con:runMode>PARALLELL</con:runMode>
    </con:config>
  </con:testStep>
  <con:testStep type="transfer" name="Set second user properties globally" id="626a7f57-e1f0-492b-97d9-f67e8296c7af">
    <con:settings/>
    <con:config xsi:type="con:PropertyTransfersStep" xmlns:xsi="http://www.w3.org/2001/XMLSchema-instance">
      <con:transfers setNullOnMissingSource="true" transferTextContent="true" failOnError="true" ignoreEmpty="false" transferToAll="false" entitize="false" transferChildNodes="false">
        <con:name>userRoleId</con:name>
        <con:sourceType>res_userId</con:sourceType>
        <con:sourceStep>Create user belongs to first sales organization</con:sourceStep>
        <con:sourcePath/>
        <con:targetType>req_secondUserRoleId</con:targetType>
        <con:targetStep>#TestCase#</con:targetStep>
        <con:targetPath/>
        <con:upgraded>true</con:upgraded>
      </con:transfers>
      <con:transfers setNullOnMissingSource="true" transferTextContent="true" failOnError="true" ignoreEmpty="false" transferToAll="false" entitize="false" transferChildNodes="false">
        <con:name>salesOrgRoleId</con:name>
        <con:sourceType>res_salesOrgId</con:sourceType>
        <con:sourceStep>Create sales organization, user, inventory and terminal</con:sourceStep>
        <con:targetType>req_secondSoRoleId</con:targetType>
        <con:targetStep>#TestCase#</con:targetStep>
        <con:upgraded>true</con:upgraded>
      </con:transfers>
    </con:config>
  </con:testStep>
  <con:testStep type="transfer" name="Set get second user's account id" id="db6f6d63-235e-4c60-97d5-e1c93567b02a">
    <con:settings/>
    <con:config xsi:type="con:PropertyTransfersStep" xmlns:xsi="http://www.w3.org/2001/XMLSchema-instance">
      <con:transfers setNullOnMissingSource="true" transferTextContent="true" failOnError="true" ignoreEmpty="false" transferToAll="false" entitize="false" transferChildNodes="false">
        <con:name>userRoleId</con:name>
        <con:sourceType>res_userId</con:sourceType>
        <con:sourceStep>Create user belongs to first sales organization</con:sourceStep>
        <con:sourcePath/>
        <con:targetType>req_userId</con:targetType>
        <con:targetStep>Get second user's account id</con:targetStep>
        <con:targetPath/>
        <con:upgraded>true</con:upgraded>
      </con:transfers>
    </con:config>
  </con:testStep>
  <con:testStep type="calltestcase" name="Get second user's account id" id="5848991a-90a1-4568-b4db-be3e9fc140f0">
    <con:settings/>
    <con:config xsi:type="con:RunTestCaseStep" xmlns:xsi="http://www.w3.org/2001/XMLSchema-instance">
      <con:targetTestCase>8a3b20cb-7c77-4c79-a6a7-2d4c83fecf8c</con:targetTestCase>
      <con:properties>
        <con:property>
          <con:name>req_userId</con:name>
          <con:value>39</con:value>
        </con:property>
        <con:property>
          <con:name>res_accountId</con:name>
          <con:value>17</con:value>
        </con:property>
        <con:property>
          <con:name>res_accountName</con:name>
          <con:value xsi:nil="true"/>
        </con:property>
        <con:property>
          <con:name>res_notRoundedAmount</con:name>
          <con:value>0.0</con:value>
        </con:property>
        <con:property>
          <con:name>res_currency</con:name>
          <con:value>EUR</con:value>
        </con:property>
        <con:property>
          <con:name>res_roundedAmount</con:name>
          <con:value>0.0</con:value>
        </con:property>
        <con:property>
          <con:name>res_httpStatus</con:name>
          <con:value>200</con:value>
        </con:property>
        <con:property>
          <con:name>res_errorMessage</con:name>
        </con:property>
      </con:properties>
      <con:returnProperties>
        <con:entry>res_accountId</con:entry>
        <con:entry>res_accountName</con:entry>
        <con:entry>res_notRoundedAmount</con:entry>
        <con:entry>res_currency</con:entry>
        <con:entry>res_roundedAmount</con:entry>
        <con:entry>res_httpStatus</con:entry>
      </con:returnProperties>
      <con:runMode>PARALLELL</con:runMode>
    </con:config>
  </con:testStep>
  <con:testStep type="assertionteststep" name="Assert second user's account id not null" id="73005bd6-88b9-43fd-ae32-66c244e063ff">
    <con:settings/>
    <con:config xsi:type="con:AssertionTestStep" xmlns:xsi="http://www.w3.org/2001/XMLSchema-instance"/>
  </con:testStep>
  <con:testStep type="transfer" name="Set TO account id globally" id="256997a8-89d2-4d1d-a082-7f000c24f377">
    <con:settings/>
    <con:config xsi:type="con:PropertyTransfersStep" xmlns:xsi="http://www.w3.org/2001/XMLSchema-instance">
      <con:transfers setNullOnMissingSource="true" transferTextContent="true" failOnError="true" ignoreEmpty="false" transferToAll="false" entitize="false" transferChildNodes="false">
        <con:name>accountId</con:name>
        <con:sourceType>res_accountId</con:sourceType>
        <con:sourceStep>Get second user's account id</con:sourceStep>
        <con:sourcePath/>
        <con:targetType>req_toAccountId</con:targetType>
        <con:targetStep>#TestCase#</con:targetStep>
        <con:targetPath/>
        <con:upgraded>true</con:upgraded>
      </con:transfers>
    </con:config>
  </con:testStep>
  <con:testStep type="transfer" name="Set create money business interaction for CANCEL" id="b7a20947-8e1a-43e0-abd0-dbc9e60e3001">
    <con:settings/>
    <con:config xsi:type="con:PropertyTransfersStep" xmlns:xsi="http://www.w3.org/2001/XMLSchema-instance">
      <con:transfers setNullOnMissingSource="true" transferTextContent="true" failOnError="false" ignoreEmpty="false" transferToAll="false" entitize="false" transferChildNodes="false">
        <con:name>userRoleId</con:name>
        <con:sourceType>req_firstUserRoleId</con:sourceType>
        <con:sourceStep>#TestCase#</con:sourceStep>
        <con:sourcePath/>
        <con:targetType>req_userRoleId</con:targetType>
        <con:targetStep>Create money business interaction for CANCEL</con:targetStep>
        <con:targetPath/>
        <con:upgraded>true</con:upgraded>
      </con:transfers>
      <con:transfers setNullOnMissingSource="true" transferTextContent="true" failOnError="false" ignoreEmpty="false" transferToAll="false" entitize="false" transferChildNodes="false">
        <con:name>soRoleId</con:name>
        <con:sourceType>req_firstSoRoleId</con:sourceType>
        <con:sourceStep>#TestCase#</con:sourceStep>
        <con:targetType>req_salesOrganizationRoleId</con:targetType>
        <con:targetStep>Create money business interaction for CANCEL</con:targetStep>
        <con:upgraded>true</con:upgraded>
      </con:transfers>
      <con:transfers setNullOnMissingSource="true" transferTextContent="true" failOnError="false" ignoreEmpty="false" transferToAll="false" entitize="false" transferChildNodes="false">
        <con:name>biSpec</con:name>
        <con:sourceType>req_biSpec</con:sourceType>
        <con:sourceStep>#TestCase#</con:sourceStep>
        <con:targetType>req_biSpec</con:targetType>
        <con:targetStep>Create money business interaction for CANCEL</con:targetStep>
        <con:upgraded>true</con:upgraded>
      </con:transfers>
    </con:config>
  </con:testStep>
  <con:testStep type="calltestcase" name="Create money business interaction for CANCEL" id="7d63c18f-2f29-429f-815d-02e5908a4fb6">
    <con:settings/>
    <con:config xsi:type="con:RunTestCaseStep" xmlns:xsi="http://www.w3.org/2001/XMLSchema-instance">
      <con:targetTestCase>a62f64ed-8854-4137-92dc-6a6a778fdc60</con:targetTestCase>
      <con:properties>
        <con:property>
          <con:name>req_userRoleId</con:name>
          <con:value>37</con:value>
        </con:property>
        <con:property>
          <con:name>req_salesOrganizationRoleId</con:name>
          <con:value>35</con:value>
        </con:property>
        <con:property>
          <con:name>req_biSpec</con:name>
          <con:value>MONEYTRSPECCODE</con:value>
        </con:property>
        <con:property>
          <con:name>res_code</con:name>
          <con:value>201</con:value>
        </con:property>
        <con:property>
          <con:name>res_biId</con:name>
          <con:value>711</con:value>
        </con:property>
        <con:property>
          <con:name>res_errorMessage</con:name>
        </con:property>
      </con:properties>
      <con:returnProperties>
        <con:entry>res_code</con:entry>
        <con:entry>res_biId</con:entry>
        <con:entry>req_description</con:entry>
      </con:returnProperties>
      <con:runMode>PARALLELL</con:runMode>
    </con:config>
  </con:testStep>
  <con:testStep type="assertionteststep" name="Assert created bi id is not null" id="7733c203-b901-44ca-b2d5-75e50d402c24">
    <con:settings/>
    <con:config xsi:type="con:AssertionTestStep" xmlns:xsi="http://www.w3.org/2001/XMLSchema-instance">
      <con:entry>
        <con:id>5063a6dc-edc8-4f5b-80c9-0b89d63bcdd5</con:id>
        <con:isGroup>false</con:isGroup>
        <con:sourceId>7d63c18f-2f29-429f-815d-02e5908a4fb6</con:sourceId>
        <con:propertyName>res_biId</con:propertyName>
        <con:assertion type="Simple Contains" name="Contains" id="3489b903-e0f0-43b9-a7b4-3fc5669487df">
          <con:configuration>
            <token>\d+</token>
            <ignoreCase>false</ignoreCase>
            <useRegEx>true</useRegEx>
          </con:configuration>
        </con:assertion>
      </con:entry>
      <con:entry>
        <con:id>1a4ef343-5646-4cb4-a67c-883e600fdb73</con:id>
        <con:isGroup>false</con:isGroup>
        <con:sourceId>7d63c18f-2f29-429f-815d-02e5908a4fb6</con:sourceId>
        <con:propertyName>res_code</con:propertyName>
        <con:assertion type="Simple Equals" name="Equals" id="fa06c2bd-bd0c-4872-97db-4a73483ac818">
          <con:configuration>
            <patternObjectId>7b36e533-bd09-4c6d-b739-a332d85dfc4f</patternObjectId>
            <patternProperty>res_201</patternProperty>
            <caseSensitive>true</caseSensitive>
          </con:configuration>
        </con:assertion>
      </con:entry>
    </con:config>
  </con:testStep>
  <con:testStep type="transfer" name="Set add item properties" id="840b4c3f-adc1-4aed-9003-f1700e6a0c7a">
    <con:settings/>
    <con:config xsi:type="con:PropertyTransfersStep" xmlns:xsi="http://www.w3.org/2001/XMLSchema-instance">
      <con:transfers setNullOnMissingSource="true" transferTextContent="true" failOnError="true" ignoreEmpty="false" transferToAll="false" entitize="false" transferChildNodes="false">
        <con:name>biId</con:name>
        <con:sourceType>res_biId</con:sourceType>
        <con:sourceStep>Create money business interaction for CANCEL</con:sourceStep>
        <con:targetType>req_biId</con:targetType>
        <con:targetStep>Add item to money business interaction</con:targetStep>
        <con:upgraded>true</con:upgraded>
      </con:transfers>
      <con:transfers setNullOnMissingSource="true" transferTextContent="true" failOnError="true" ignoreEmpty="false" transferToAll="false" entitize="false" transferChildNodes="false">
        <con:name>fromAccountId</con:name>
        <con:sourceType>req_fromAccountId</con:sourceType>
        <con:sourceStep>#TestCase#</con:sourceStep>
        <con:sourcePath/>
        <con:targetType>req_fromAccountId</con:targetType>
        <con:targetStep>Add item to money business interaction</con:targetStep>
        <con:targetPath/>
        <con:upgraded>true</con:upgraded>
      </con:transfers>
      <con:transfers setNullOnMissingSource="true" transferTextContent="true" failOnError="true" ignoreEmpty="false" transferToAll="false" entitize="false" transferChildNodes="false">
        <con:name>toAccountId</con:name>
        <con:sourceType>req_toAccountId</con:sourceType>
        <con:sourceStep>#TestCase#</con:sourceStep>
        <con:targetType>req_toAccountId</con:targetType>
        <con:targetStep>Add item to money business interaction</con:targetStep>
        <con:upgraded>true</con:upgraded>
      </con:transfers>
      <con:transfers setNullOnMissingSource="true" transferTextContent="true" failOnError="true" ignoreEmpty="false" transferToAll="false" entitize="false" transferChildNodes="false">
        <con:name>amount</con:name>
        <con:sourceType>amount</con:sourceType>
        <con:sourceStep>Given properties for the test steps</con:sourceStep>
        <con:targetType>req_amount</con:targetType>
        <con:targetStep>Add item to money business interaction</con:targetStep>
        <con:upgraded>true</con:upgraded>
      </con:transfers>
      <con:transfers setNullOnMissingSource="true" transferTextContent="true" failOnError="true" ignoreEmpty="false" transferToAll="false" entitize="false" transferChildNodes="false">
        <con:name>currency</con:name>
        <con:sourceType>currency</con:sourceType>
        <con:sourceStep>Given properties for the test steps</con:sourceStep>
        <con:targetType>req_currency</con:targetType>
        <con:targetStep>Add item to money business interaction</con:targetStep>
        <con:upgraded>true</con:upgraded>
      </con:transfers>
      <con:transfers setNullOnMissingSource="true" transferTextContent="true" failOnError="true" ignoreEmpty="false" transferToAll="false" entitize="false" transferChildNodes="false">
        <con:name>roundedAmount</con:name>
        <con:sourceType>roundedAmount</con:sourceType>
        <con:sourceStep>Given properties for the test steps</con:sourceStep>
        <con:targetType>req_roundedAmount</con:targetType>
        <con:targetStep>Add item to money business interaction</con:targetStep>
        <con:upgraded>true</con:upgraded>
      </con:transfers>
    </con:config>
  </con:testStep>
  <con:testStep type="calltestcase" name="Add item to money business interaction" id="b74802ca-5f74-4612-a829-f335f072f24b">
    <con:settings/>
    <con:config xsi:type="con:RunTestCaseStep" xmlns:xsi="http://www.w3.org/2001/XMLSchema-instance">
      <con:targetTestCase>71dd28d9-9244-41c7-8ab3-83bd246d05c1</con:targetTestCase>
      <con:properties>
        <con:property>
          <con:name>req_biId</con:name>
          <con:value>711</con:value>
        </con:property>
        <con:property>
          <con:name>req_fromAccountId</con:name>
          <con:value>16</con:value>
        </con:property>
        <con:property>
          <con:name>req_toAccountId</con:name>
          <con:value>17</con:value>
        </con:property>
        <con:property>
          <con:name>req_amount</con:name>
          <con:value>99.99</con:value>
        </con:property>
        <con:property>
          <con:name>req_currency</con:name>
          <con:value>EUR</con:value>
        </con:property>
        <con:property>
          <con:name>req_roundedAmount</con:name>
          <con:value>99.99</con:value>
        </con:property>
        <con:property>
          <con:name>res_code</con:name>
          <con:value>201</con:value>
        </con:property>
        <con:property>
          <con:name>res_id</con:name>
          <con:value xsi:nil="true"/>
        </con:property>
        <con:property>
          <con:name>res_itemId</con:name>
          <con:value>312</con:value>
        </con:property>
        <con:property>
          <con:name>res_errorMessage</con:name>
          <con:value xsi:nil="true"/>
        </con:property>
        <con:property>
          <con:name>req_monetaryType</con:name>
        </con:property>
      </con:properties>
      <con:returnProperties>
        <con:entry>res_code</con:entry>
        <con:entry>res_id</con:entry>
        <con:entry>res_itemId</con:entry>
        <con:entry>res_errorMessage</con:entry>
      </con:returnProperties>
      <con:runMode>PARALLELL</con:runMode>
    </con:config>
  </con:testStep>
  <con:testStep type="assertionteststep" name="Assert if bi item id is not null" id="90177244-2968-4f70-ae01-6fcb50ffea3b">
    <con:settings/>
    <con:config xsi:type="con:AssertionTestStep" xmlns:xsi="http://www.w3.org/2001/XMLSchema-instance">
      <con:entry>
        <con:id>8926297e-5551-431c-9b4b-a9174de71de7</con:id>
        <con:isGroup>false</con:isGroup>
        <con:sourceId>b74802ca-5f74-4612-a829-f335f072f24b</con:sourceId>
        <con:propertyName>res_itemId</con:propertyName>
        <con:assertion type="Simple Contains" name="Contains" id="b5654bb8-2157-41d7-b131-fc065db3b389">
          <con:configuration>
            <token>\d+</token>
            <ignoreCase>false</ignoreCase>
            <useRegEx>true</useRegEx>
          </con:configuration>
        </con:assertion>
      </con:entry>
      <con:entry>
        <con:id>a8e0fe70-15b8-4d7d-b9e2-e30528c6d7c8</con:id>
        <con:isGroup>false</con:isGroup>
        <con:sourceId>b74802ca-5f74-4612-a829-f335f072f24b</con:sourceId>
        <con:propertyName>res_code</con:propertyName>
        <con:assertion type="Simple Equals" name="Equals" id="82cc269a-aad4-4c69-a753-aa30f1c7adae">
          <con:configuration>
            <patternObjectId>7b36e533-bd09-4c6d-b739-a332d85dfc4f</patternObjectId>
            <patternProperty>res_201</patternProperty>
            <caseSensitive>true</caseSensitive>
          </con:configuration>
        </con:assertion>
      </con:entry>
    </con:config>
  </con:testStep>
  <con:testStep type="transfer" name="Set bi id to cancel" id="7ede220c-5d56-4cee-b11a-d91687408a4d">
    <con:settings/>
    <con:config xsi:type="con:PropertyTransfersStep" xmlns:xsi="http://www.w3.org/2001/XMLSchema-instance">
      <con:transfers setNullOnMissingSource="true" transferTextContent="true" failOnError="true" ignoreEmpty="false" transferToAll="false" entitize="false" transferChildNodes="false">
        <con:name>biId</con:name>
        <con:sourceType>res_biId</con:sourceType>
        <con:sourceStep>Create money business interaction for CANCEL</con:sourceStep>
        <con:sourcePath/>
        <con:targetType>req_biId</con:targetType>
        <con:targetStep>Cancel bi which has bi items inside</con:targetStep>
        <con:targetPath/>
        <con:upgraded>true</con:upgraded>
      </con:transfers>
    </con:config>
  </con:testStep>
  <con:testStep type="calltestcase" name="Cancel bi which has bi items inside" id="4a01b312-ed19-462c-93fc-c06356f628ab">
    <con:settings/>
    <con:config xsi:type="con:RunTestCaseStep" xmlns:xsi="http://www.w3.org/2001/XMLSchema-instance">
      <con:targetTestCase>9c12a2e4-e16c-48c6-91f3-ca9952c82d55</con:targetTestCase>
      <con:properties>
        <con:property>
          <con:name>req_biId</con:name>
          <con:value>711</con:value>
        </con:property>
        <con:property>
          <con:name>res_id</con:name>
          <con:value>711</con:value>
        </con:property>
        <con:property>
          <con:name>res_code</con:name>
        </con:property>
        <con:property>
          <con:name>res_httpStatus</con:name>
          <con:value>200</con:value>
        </con:property>
      </con:properties>
      <con:returnProperties>
        <con:entry>res_id</con:entry>
        <con:entry>res_httpStatus</con:entry>
      </con:returnProperties>
      <con:runMode>PARALLELL</con:runMode>
    </con:config>
  </con:testStep>
  <con:testStep type="assertionteststep" name="Assert bi is canceled" id="58263aed-bda5-4c2b-8ed5-b3c9563b3c3e">
    <con:settings/>
    <con:config xsi:type="con:AssertionTestStep" xmlns:xsi="http://www.w3.org/2001/XMLSchema-instance">
      <con:entry>
        <con:id>5337992b-41b9-4f18-9bf5-c9ac59a21950</con:id>
        <con:isGroup>false</con:isGroup>
        <con:sourceId>4a01b312-ed19-462c-93fc-c06356f628ab</con:sourceId>
        <con:propertyName>res_id</con:propertyName>
        <con:assertion type="Simple Contains" name="Contains" id="46c7333d-0787-4193-a6fc-a52bbfeee589">
          <con:configuration>
            <token>\d+</token>
            <ignoreCase>false</ignoreCase>
            <useRegEx>true</useRegEx>
          </con:configuration>
        </con:assertion>
      </con:entry>
      <con:entry>
        <con:id>6ae0d97f-21cb-477c-b4dd-b6bdaff18d71</con:id>
        <con:isGroup>false</con:isGroup>
        <con:sourceId>4a01b312-ed19-462c-93fc-c06356f628ab</con:sourceId>
        <con:propertyName>res_httpStatus</con:propertyName>
        <con:assertion type="Simple Equals" name="Equals" id="ca649ec6-2695-427d-b55e-72748bf03c42">
          <con:configuration>
            <patternObjectId>7b36e533-bd09-4c6d-b739-a332d85dfc4f</patternObjectId>
            <patternProperty>res_200</patternProperty>
            <caseSensitive>true</caseSensitive>
          </con:configuration>
        </con:assertion>
      </con:entry>
    </con:config>
  </con:testStep>
  <con:testStep type="transfer" name="Set add item properties to canceled bi" id="f2ff2797-f3fb-480d-8906-404b812aaed9">
    <con:settings/>
    <con:config xsi:type="con:PropertyTransfersStep" xmlns:xsi="http://www.w3.org/2001/XMLSchema-instance">
      <con:transfers setNullOnMissingSource="true" transferTextContent="true" failOnError="true" ignoreEmpty="false" transferToAll="false" entitize="false" transferChildNodes="false">
        <con:name>biId</con:name>
        <con:sourceType>res_biId</con:sourceType>
        <con:sourceStep>Create money business interaction for CANCEL</con:sourceStep>
        <con:targetType>req_biId</con:targetType>
        <con:targetStep>Add item to money bi to add to canceled bi</con:targetStep>
        <con:upgraded>true</con:upgraded>
      </con:transfers>
      <con:transfers setNullOnMissingSource="true" transferTextContent="true" failOnError="true" ignoreEmpty="false" transferToAll="false" entitize="false" transferChildNodes="false">
        <con:name>fromAccountId</con:name>
        <con:sourceType>req_fromAccountId</con:sourceType>
        <con:sourceStep>#TestCase#</con:sourceStep>
        <con:sourcePath/>
        <con:targetType>req_fromAccountId</con:targetType>
        <con:targetStep>Add item to money bi to add to canceled bi</con:targetStep>
        <con:targetPath/>
        <con:upgraded>true</con:upgraded>
      </con:transfers>
      <con:transfers setNullOnMissingSource="true" transferTextContent="true" failOnError="true" ignoreEmpty="false" transferToAll="false" entitize="false" transferChildNodes="false">
        <con:name>toAccountId</con:name>
        <con:sourceType>req_toAccountId</con:sourceType>
        <con:sourceStep>#TestCase#</con:sourceStep>
        <con:targetType>req_toAccountId</con:targetType>
        <con:targetStep>Add item to money bi to add to canceled bi</con:targetStep>
        <con:upgraded>true</con:upgraded>
      </con:transfers>
      <con:transfers setNullOnMissingSource="true" transferTextContent="true" failOnError="true" ignoreEmpty="false" transferToAll="false" entitize="false" transferChildNodes="false">
        <con:name>amount</con:name>
        <con:sourceType>amount</con:sourceType>
        <con:sourceStep>Given properties for the test steps</con:sourceStep>
        <con:targetType>req_amount</con:targetType>
        <con:targetStep>Add item to money bi to add to canceled bi</con:targetStep>
        <con:upgraded>true</con:upgraded>
      </con:transfers>
      <con:transfers setNullOnMissingSource="true" transferTextContent="true" failOnError="true" ignoreEmpty="false" transferToAll="false" entitize="false" transferChildNodes="false">
        <con:name>currency</con:name>
        <con:sourceType>currency</con:sourceType>
        <con:sourceStep>Given properties for the test steps</con:sourceStep>
        <con:targetType>req_currency</con:targetType>
        <con:targetStep>Add item to money bi to add to canceled bi</con:targetStep>
        <con:upgraded>true</con:upgraded>
      </con:transfers>
      <con:transfers setNullOnMissingSource="true" transferTextContent="true" failOnError="true" ignoreEmpty="false" transferToAll="false" entitize="false" transferChildNodes="false">
        <con:name>roundedAmount</con:name>
        <con:sourceType>roundedAmount</con:sourceType>
        <con:sourceStep>Given properties for the test steps</con:sourceStep>
        <con:targetType>req_roundedAmount</con:targetType>
        <con:targetStep>Add item to money bi to add to canceled bi</con:targetStep>
        <con:upgraded>true</con:upgraded>
      </con:transfers>
    </con:config>
  </con:testStep>
  <con:testStep type="calltestcase" name="Add item to money bi to add to canceled bi" id="e903a3b4-7642-4553-907e-54516c96f964">
    <con:settings/>
    <con:config xsi:type="con:RunTestCaseStep" xmlns:xsi="http://www.w3.org/2001/XMLSchema-instance">
      <con:targetTestCase>71dd28d9-9244-41c7-8ab3-83bd246d05c1</con:targetTestCase>
      <con:properties>
        <con:property>
          <con:name>req_biId</con:name>
          <con:value>711</con:value>
        </con:property>
        <con:property>
          <con:name>req_fromAccountId</con:name>
          <con:value>16</con:value>
        </con:property>
        <con:property>
          <con:name>req_toAccountId</con:name>
          <con:value>17</con:value>
        </con:property>
        <con:property>
          <con:name>req_amount</con:name>
          <con:value>99.99</con:value>
        </con:property>
        <con:property>
          <con:name>req_currency</con:name>
          <con:value>EUR</con:value>
        </con:property>
        <con:property>
          <con:name>req_roundedAmount</con:name>
          <con:value>99.99</con:value>
        </con:property>
        <con:property>
          <con:name>res_code</con:name>
          <con:value>400</con:value>
        </con:property>
        <con:property>
          <con:name>res_id</con:name>
          <con:value xsi:nil="true"/>
        </con:property>
        <con:property>
          <con:name>res_itemId</con:name>
          <con:value xsi:nil="true"/>
        </con:property>
        <con:property>
          <con:name>res_errorMessage</con:name>
          <con:value>INVALID_STATE_OPERATION</con:value>
        </con:property>
        <con:property>
          <con:name>req_monetaryType</con:name>
        </con:property>
      </con:properties>
      <con:returnProperties>
        <con:entry>res_code</con:entry>
        <con:entry>res_id</con:entry>
        <con:entry>res_itemId</con:entry>
        <con:entry>res_errorMessage</con:entry>
      </con:returnProperties>
      <con:runMode>PARALLELL</con:runMode>
    </con:config>
  </con:testStep>
  <con:testStep type="assertionteststep" name="Assert if bi item is not added" id="8f80c247-f469-4be9-a6e7-7dbf0f4594de">
    <con:settings/>
    <con:config xsi:type="con:AssertionTestStep" xmlns:xsi="http://www.w3.org/2001/XMLSchema-instance">
      <con:entry>
        <con:id>61475471-4325-4dc4-ba14-6bf8c68c4b99</con:id>
        <con:isGroup>false</con:isGroup>
        <con:sourceId>e903a3b4-7642-4553-907e-54516c96f964</con:sourceId>
        <con:propertyName>res_code</con:propertyName>
        <con:assertion type="Simple Contains" name="Contains" id="d8bf9d17-559c-41dd-8100-e4d4a7cdd011">
          <con:configuration>
            <token>\w</token>
            <ignoreCase>false</ignoreCase>
            <useRegEx>true</useRegEx>
          </con:configuration>
        </con:assertion>
      </con:entry>
    </con:config>
  </con:testStep>
  <con:testStep type="transfer" name="Set bi id for already submitted bi" id="45de5b13-bfda-4336-a2af-4030c5bbc8f6">
    <con:settings/>
    <con:config xsi:type="con:PropertyTransfersStep" xmlns:xsi="http://www.w3.org/2001/XMLSchema-instance">
      <con:transfers setNullOnMissingSource="true" transferTextContent="true" failOnError="true" ignoreEmpty="false" transferToAll="false" entitize="false" transferChildNodes="false">
        <con:name>biId</con:name>
        <con:sourceType>res_biId</con:sourceType>
        <con:sourceStep>Create money business interaction for CANCEL</con:sourceStep>
        <con:sourcePath/>
        <con:targetType>req_biId</con:targetType>
        <con:targetStep>Submit money transfer business interaction which is already canceled</con:targetStep>
        <con:targetPath/>
        <con:upgraded>true</con:upgraded>
      </con:transfers>
    </con:config>
  </con:testStep>
  <con:testStep type="calltestcase" name="Submit money transfer business interaction which is already canceled" id="b003ca36-bcdd-4c27-8801-3d3f762455fb">
    <con:settings/>
    <con:config xsi:type="con:RunTestCaseStep" xmlns:xsi="http://www.w3.org/2001/XMLSchema-instance">
      <con:targetTestCase>18056452-99e8-45b5-8fcd-29f9985f9310</con:targetTestCase>
      <con:properties>
        <con:property>
          <con:name>req_biId</con:name>
          <con:value>711</con:value>
        </con:property>
        <con:property>
          <con:name>res_code</con:name>
          <con:value>400</con:value>
        </con:property>
        <con:property>
          <con:name>res_biId</con:name>
          <con:value xsi:nil="true"/>
        </con:property>
        <con:property>
          <con:name>res_errorMessage</con:name>
          <con:value>INVALID_STATE_OPERATION</con:value>
        </con:property>
      </con:properties>
      <con:returnProperties>
        <con:entry>res_code</con:entry>
        <con:entry>res_biId</con:entry>
        <con:entry>res_errorMessage</con:entry>
      </con:returnProperties>
      <con:runMode>PARALLELL</con:runMode>
    </con:config>
  </con:testStep>
  <con:testStep type="assertionteststep" name="Assert bi is not submitted if it is canceled" id="ee38cfba-b83e-4aae-920c-710be4307fa0">
    <con:settings/>
    <con:config xsi:type="con:AssertionTestStep" xmlns:xsi="http://www.w3.org/2001/XMLSchema-instance">
      <con:entry>
        <con:id>96a66128-30ef-492c-856e-4860ed022836</con:id>
        <con:isGroup>false</con:isGroup>
        <con:sourceId>b003ca36-bcdd-4c27-8801-3d3f762455fb</con:sourceId>
        <con:propertyName>res_code</con:propertyName>
        <con:assertion type="Simple Equals" name="Equals" id="9b300fb3-1fce-498b-8588-b1c0d9c59a37">
          <con:configuration>
            <patternObjectId>7b36e533-bd09-4c6d-b739-a332d85dfc4f</patternObjectId>
            <patternProperty>res_400</patternProperty>
            <caseSensitive>true</caseSensitive>
          </con:configuration>
        </con:assertion>
      </con:entry>
      <con:entry>
        <con:id>5cec3b27-4fba-4570-a643-444240df7c24</con:id>
        <con:isGroup>false</con:isGroup>
        <con:sourceId>b003ca36-bcdd-4c27-8801-3d3f762455fb</con:sourceId>
        <con:propertyName>res_errorMessage</con:propertyName>
        <con:assertion type="Simple Equals" name="Equals 2" id="1ea9287c-cc81-4860-9b31-8cb6823b506c">
          <con:configuration>
            <patternObjectId>7b36e533-bd09-4c6d-b739-a332d85dfc4f</patternObjectId>
            <patternProperty>invalidState</patternProperty>
            <caseSensitive>true</caseSensitive>
          </con:configuration>
        </con:assertion>
      </con:entry>
    </con:config>
  </con:testStep>
  <con:testStep type="transfer" name="### Different from>to &amp; without session | Create so,user,terminal,inventory - Property Transfer" id="69102cec-0cf2-41b6-9ca5-5d1ddfb51265">
    <con:settings/>
    <con:config xsi:type="con:PropertyTransfersStep" xmlns:xsi="http://www.w3.org/2001/XMLSchema-instance">
      <con:transfers setNullOnMissingSource="true" transferTextContent="true" failOnError="true" ignoreEmpty="false" transferToAll="false" entitize="false" transferChildNodes="false">
        <con:name>userRoleId</con:name>
        <con:sourceType>DefaultUserRoleId</con:sourceType>
        <con:sourceStep>#Project#</con:sourceStep>
        <con:sourcePath/>
        <con:targetType>req_userRoleId</con:targetType>
        <con:targetStep>Create money transfer business interaction success 1</con:targetStep>
        <con:targetPath/>
        <con:upgraded>true</con:upgraded>
      </con:transfers>
      <con:transfers setNullOnMissingSource="true" transferTextContent="true" failOnError="true" ignoreEmpty="false" transferToAll="false" entitize="false" transferChildNodes="false">
        <con:name>salesOrgRoleId</con:name>
        <con:sourceType>res_salesOrgId</con:sourceType>
        <con:sourceStep>Create sales organization, user, inventory and terminal</con:sourceStep>
        <con:targetType>req_salesOrganizationRoleId</con:targetType>
        <con:targetStep>Create money transfer business interaction success 1</con:targetStep>
        <con:upgraded>true</con:upgraded>
      </con:transfers>
      <con:transfers setNullOnMissingSource="true" transferTextContent="true" failOnError="true" ignoreEmpty="false" transferToAll="false" entitize="false" transferChildNodes="false">
        <con:name>biSpecCode</con:name>
        <con:sourceType>req_biSpec</con:sourceType>
        <con:sourceStep>#TestCase#</con:sourceStep>
        <con:targetType>req_biSpec</con:targetType>
        <con:targetStep>Create money transfer business interaction success 1</con:targetStep>
        <con:upgraded>true</con:upgraded>
      </con:transfers>
      <con:transfers setNullOnMissingSource="true" transferTextContent="true" failOnError="true" ignoreEmpty="false" transferToAll="false" entitize="false" transferChildNodes="false">
        <con:name>userToken</con:name>
        <con:sourceType>emptyValue</con:sourceType>
        <con:sourceStep>Given properties for the test steps</con:sourceStep>
        <con:targetType>AuthorizationUser</con:targetType>
        <con:targetStep>#Project#</con:targetStep>
        <con:upgraded>true</con:upgraded>
      </con:transfers>
      <con:transfers setNullOnMissingSource="true" transferTextContent="true" failOnError="true" ignoreEmpty="false" transferToAll="false" entitize="false" transferChildNodes="false">
        <con:name>userSo</con:name>
        <con:sourceType>emptyValue</con:sourceType>
        <con:sourceStep>Given properties for the test steps</con:sourceStep>
        <con:targetType>UserSo</con:targetType>
        <con:targetStep>#Project#</con:targetStep>
        <con:upgraded>true</con:upgraded>
      </con:transfers>
    </con:config>
  </con:testStep>
  <con:testStep type="calltestcase" name="Create money transfer business interaction success 1" id="078ea8d0-c72d-47a2-8906-17669fb478c2">
    <con:settings/>
    <con:config xsi:type="con:RunTestCaseStep" xmlns:xsi="http://www.w3.org/2001/XMLSchema-instance">
      <con:targetTestCase>a62f64ed-8854-4137-92dc-6a6a778fdc60</con:targetTestCase>
      <con:properties>
        <con:property>
          <con:name>req_userRoleId</con:name>
          <con:value>2</con:value>
        </con:property>
        <con:property>
          <con:name>req_salesOrganizationRoleId</con:name>
          <con:value>35</con:value>
        </con:property>
        <con:property>
          <con:name>req_biSpec</con:name>
          <con:value>MONEYTRSPECCODE</con:value>
        </con:property>
        <con:property>
          <con:name>res_code</con:name>
          <con:value>201</con:value>
        </con:property>
        <con:property>
          <con:name>res_biId</con:name>
          <con:value>721</con:value>
        </con:property>
        <con:property>
          <con:name>res_errorMessage</con:name>
          <con:value xsi:nil="true"/>
        </con:property>
      </con:properties>
      <con:returnProperties>
        <con:entry>res_code</con:entry>
        <con:entry>res_biId</con:entry>
        <con:entry>res_errorMessage</con:entry>
      </con:returnProperties>
      <con:runMode>PARALLELL</con:runMode>
    </con:config>
  </con:testStep>
  <con:testStep type="assertionteststep" name="Assert money transfer bi created" id="c6d2e4d6-4914-4c6e-afa1-5577966dcdf0">
    <con:settings/>
    <con:config xsi:type="con:AssertionTestStep" xmlns:xsi="http://www.w3.org/2001/XMLSchema-instance">
      <con:entry>
        <con:id>dc3411f5-9415-4132-a432-33225ac9f9ff</con:id>
        <con:isGroup>false</con:isGroup>
        <con:sourceId>078ea8d0-c72d-47a2-8906-17669fb478c2</con:sourceId>
        <con:propertyName>res_biId</con:propertyName>
        <con:assertion type="Simple Contains" name="Contains" id="37be8d2f-66cf-4e91-b28b-1da3bbb56dec">
          <con:configuration>
            <token>\d+</token>
            <ignoreCase>false</ignoreCase>
            <useRegEx>true</useRegEx>
          </con:configuration>
        </con:assertion>
      </con:entry>
      <con:entry>
        <con:id>221d8ad9-3703-489b-a00c-1dd240ce28b4</con:id>
        <con:isGroup>false</con:isGroup>
        <con:sourceId>078ea8d0-c72d-47a2-8906-17669fb478c2</con:sourceId>
        <con:propertyName>res_code</con:propertyName>
        <con:assertion type="Simple Equals" name="Equals" id="85f334fe-da2b-4d87-9ff5-ec87a3fa1192">
          <con:configuration>
            <patternObjectId>7b36e533-bd09-4c6d-b739-a332d85dfc4f</patternObjectId>
            <patternProperty>res_201</patternProperty>
            <caseSensitive>true</caseSensitive>
          </con:configuration>
        </con:assertion>
      </con:entry>
    </con:config>
  </con:testStep>
  <con:testStep type="transfer" name="Add item to money transfer  without session - Property Transfer" id="9cbb7249-e498-4208-88bb-7dca0bebe6a2">
    <con:settings/>
    <con:config xsi:type="con:PropertyTransfersStep" xmlns:xsi="http://www.w3.org/2001/XMLSchema-instance">
      <con:transfers setNullOnMissingSource="true" transferTextContent="true" failOnError="true" ignoreEmpty="false" transferToAll="false" entitize="false" transferChildNodes="false">
        <con:name>biId</con:name>
        <con:sourceType>res_biId</con:sourceType>
        <con:sourceStep>Create money transfer business interaction success 1</con:sourceStep>
        <con:sourcePath/>
        <con:targetType>req_biId</con:targetType>
        <con:targetStep>Add item to money transfer  without session</con:targetStep>
        <con:targetPath/>
        <con:upgraded>true</con:upgraded>
      </con:transfers>
      <con:transfers setNullOnMissingSource="true" transferTextContent="true" failOnError="true" ignoreEmpty="false" transferToAll="false" entitize="false" transferChildNodes="false">
        <con:name>fromAccount</con:name>
        <con:sourceType>req_fromAccountId</con:sourceType>
        <con:sourceStep>#TestCase#</con:sourceStep>
        <con:targetType>req_fromAccountId</con:targetType>
        <con:targetStep>Add item to money transfer  without session</con:targetStep>
        <con:upgraded>true</con:upgraded>
      </con:transfers>
      <con:transfers setNullOnMissingSource="true" transferTextContent="true" failOnError="true" ignoreEmpty="false" transferToAll="false" entitize="false" transferChildNodes="false">
        <con:name>toAccount</con:name>
        <con:sourceType>req_toAccountId</con:sourceType>
        <con:sourceStep>#TestCase#</con:sourceStep>
        <con:targetType>req_toAccountId</con:targetType>
        <con:targetStep>Add item to money transfer  without session</con:targetStep>
        <con:upgraded>true</con:upgraded>
      </con:transfers>
      <con:transfers setNullOnMissingSource="true" transferTextContent="true" failOnError="true" ignoreEmpty="false" transferToAll="false" entitize="false" transferChildNodes="false">
        <con:name>amount</con:name>
        <con:sourceType>amount</con:sourceType>
        <con:sourceStep>Given properties for the test steps</con:sourceStep>
        <con:targetType>req_amount</con:targetType>
        <con:targetStep>Add item to money transfer  without session</con:targetStep>
        <con:upgraded>true</con:upgraded>
      </con:transfers>
      <con:transfers setNullOnMissingSource="true" transferTextContent="true" failOnError="true" ignoreEmpty="false" transferToAll="false" entitize="false" transferChildNodes="false">
        <con:name>currency</con:name>
        <con:sourceType>currency</con:sourceType>
        <con:sourceStep>Given properties for the test steps</con:sourceStep>
        <con:targetType>req_currency</con:targetType>
        <con:targetStep>Add item to money transfer  without session</con:targetStep>
        <con:upgraded>true</con:upgraded>
      </con:transfers>
      <con:transfers setNullOnMissingSource="true" transferTextContent="true" failOnError="true" ignoreEmpty="false" transferToAll="false" entitize="false" transferChildNodes="false">
        <con:name>roundedAmount</con:name>
        <con:sourceType>roundedAmount</con:sourceType>
        <con:sourceStep>Given properties for the test steps</con:sourceStep>
        <con:targetType>req_roundedAmount</con:targetType>
        <con:targetStep>Add item to money transfer  without session</con:targetStep>
        <con:upgraded>true</con:upgraded>
      </con:transfers>
    </con:config>
  </con:testStep>
  <con:testStep type="calltestcase" name="Add item to money transfer  without session" id="6dd15e0b-e721-4224-af75-39f69d5de124">
    <con:settings/>
    <con:config xsi:type="con:RunTestCaseStep" xmlns:xsi="http://www.w3.org/2001/XMLSchema-instance">
      <con:targetTestCase>71dd28d9-9244-41c7-8ab3-83bd246d05c1</con:targetTestCase>
      <con:properties>
        <con:property>
          <con:name>req_biId</con:name>
          <con:value>721</con:value>
        </con:property>
        <con:property>
          <con:name>req_fromAccountId</con:name>
          <con:value>16</con:value>
        </con:property>
        <con:property>
          <con:name>req_toAccountId</con:name>
          <con:value>17</con:value>
        </con:property>
        <con:property>
          <con:name>req_amount</con:name>
          <con:value>99.99</con:value>
        </con:property>
        <con:property>
          <con:name>req_currency</con:name>
          <con:value>EUR</con:value>
        </con:property>
        <con:property>
          <con:name>req_roundedAmount</con:name>
          <con:value>99.99</con:value>
        </con:property>
        <con:property>
          <con:name>res_code</con:name>
          <con:value>201</con:value>
        </con:property>
        <con:property>
          <con:name>res_id</con:name>
          <con:value xsi:nil="true"/>
        </con:property>
        <con:property>
          <con:name>res_itemId</con:name>
          <con:value>313</con:value>
        </con:property>
        <con:property>
          <con:name>res_errorMessage</con:name>
          <con:value xsi:nil="true"/>
        </con:property>
        <con:property>
          <con:name>req_monetaryType</con:name>
        </con:property>
      </con:properties>
      <con:returnProperties>
        <con:entry>res_code</con:entry>
        <con:entry>res_id</con:entry>
        <con:entry>res_itemId</con:entry>
        <con:entry>res_errorMessage</con:entry>
      </con:returnProperties>
      <con:runMode>PARALLELL</con:runMode>
    </con:config>
  </con:testStep>
  <con:testStep type="assertionteststep" name="Assertion check Add money transfer item id" id="40e5fc51-d8e0-4b51-8d48-bf16cae701b5">
    <con:settings/>
    <con:config xsi:type="con:AssertionTestStep" xmlns:xsi="http://www.w3.org/2001/XMLSchema-instance">
      <con:entry>
        <con:id>60b2c76d-f620-4907-9cea-22c0cdc30938</con:id>
        <con:isGroup>false</con:isGroup>
        <con:sourceId>6dd15e0b-e721-4224-af75-39f69d5de124</con:sourceId>
        <con:propertyName>res_itemId</con:propertyName>
        <con:assertion type="Simple Contains" name="Contains" id="a14fa120-82ae-4aab-87e4-bf5258f4d1c7">
          <con:configuration>
            <token>\d+</token>
            <ignoreCase>false</ignoreCase>
            <useRegEx>true</useRegEx>
          </con:configuration>
        </con:assertion>
      </con:entry>
      <con:entry>
        <con:id>641ff9e7-f9e5-48a2-9354-3d851ced05a1</con:id>
        <con:isGroup>false</con:isGroup>
        <con:sourceId>6dd15e0b-e721-4224-af75-39f69d5de124</con:sourceId>
        <con:propertyName>res_code</con:propertyName>
        <con:assertion type="Simple Equals" name="Equals" id="50769d19-5e68-41c6-8160-46aae52d07d2">
          <con:configuration>
            <patternObjectId>7b36e533-bd09-4c6d-b739-a332d85dfc4f</patternObjectId>
            <patternProperty>res_201</patternProperty>
            <caseSensitive>true</caseSensitive>
          </con:configuration>
        </con:assertion>
      </con:entry>
    </con:config>
  </con:testStep>
  <con:testStep type="transfer" name="Get first user balance by id Before money transfer 3 - Property Transfer" id="f6d6b2cb-64c0-40ea-b495-80c11b1c9331">
    <con:settings/>
    <con:config xsi:type="con:PropertyTransfersStep" xmlns:xsi="http://www.w3.org/2001/XMLSchema-instance">
      <con:transfers setNullOnMissingSource="true" transferTextContent="true" failOnError="true" ignoreEmpty="false" transferToAll="false" entitize="false" transferChildNodes="false">
        <con:name>accountId</con:name>
        <con:sourceType>req_fromAccountId</con:sourceType>
        <con:sourceStep>#TestCase#</con:sourceStep>
        <con:sourcePath/>
        <con:targetType>req_id</con:targetType>
        <con:targetStep>Get first user balance by id Before money transfer 3</con:targetStep>
        <con:targetPath/>
        <con:upgraded>true</con:upgraded>
      </con:transfers>
    </con:config>
  </con:testStep>
  <con:testStep type="calltestcase" name="Get first user balance by id Before money transfer 3" id="7004110a-b69b-42d3-a2d4-5e4b95a44262">
    <con:settings/>
    <con:config xsi:type="con:RunTestCaseStep" xmlns:xsi="http://www.w3.org/2001/XMLSchema-instance">
      <con:targetTestCase>b8b1a13e-5ebf-4cd2-aaa1-f6546151c21a</con:targetTestCase>
      <con:properties>
        <con:property>
          <con:name>req_id</con:name>
          <con:value>16</con:value>
        </con:property>
        <con:property>
          <con:name>res_balance</con:name>
          <con:value>{"id":16,"name":"User Account : John Smith-name-sfa039e7f-705b-4cca-9a4a-5dcb0c31ddf8","accountType":1,"balance":{"roundedAmount":0.00,"notRoundedAmount":0.0000,"currency":"EUR"},"isVisible":true,"dynamicMap":{},"type":"com.ericsson.bss.rm.erms.core.entity.dto.pm.AccountDTO"}</con:value>
        </con:property>
        <con:property>
          <con:name>res_roundedAmount</con:name>
          <con:value>0.0</con:value>
        </con:property>
      </con:properties>
      <con:returnProperties>
        <con:entry>res_balance</con:entry>
        <con:entry>res_roundedAmount</con:entry>
      </con:returnProperties>
      <con:runMode>PARALLELL</con:runMode>
    </con:config>
  </con:testStep>
  <con:testStep type="datagen" name="DataGen roundedAmount conversion" id="d41c75f5-0227-4c2b-8ca0-aa8afd0d6164">
    <con:settings/>
    <con:config xsi:type="con:DataGeneratorStep" xmlns:xsi="http://www.w3.org/2001/XMLSchema-instance">
      <con:property type="Script">
        <con:configuration>
          <script>def res_roundedAmount = context.expand( '${Get first user balance by id Before money transfer 3#res_roundedAmount}' )

if (res_roundedAmount=="0")
testRunner.testCase.testSteps['Get first user balance by id Before money transfer 3'].setPropertyValue("res_roundedAmount","0.0");</script>
        </con:configuration>
        <con:name>roundedAmount</con:name>
        <con:mode>STEP</con:mode>
        <con:shared>false</con:shared>
      </con:property>
    </con:config>
  </con:testStep>
  <con:testStep type="assertionteststep" name="Assertion check account balance by amount" id="9531927e-a70d-46e6-8592-0e3635737bc5">
    <con:settings/>
    <con:config xsi:type="con:AssertionTestStep" xmlns:xsi="http://www.w3.org/2001/XMLSchema-instance">
      <con:entry>
        <con:id>13d51fbf-fa79-4a81-93d1-750f75901ef2</con:id>
        <con:isGroup>false</con:isGroup>
        <con:sourceId>7004110a-b69b-42d3-a2d4-5e4b95a44262</con:sourceId>
        <con:propertyName>res_roundedAmount</con:propertyName>
        <con:assertion type="Simple Equals" name="Equals" id="04695376-fc88-40a0-b938-66b7f97f9800">
          <con:configuration>
            <patternObjectId>7b36e533-bd09-4c6d-b739-a332d85dfc4f</patternObjectId>
            <patternProperty>amountZero</patternProperty>
            <caseSensitive>true</caseSensitive>
          </con:configuration>
        </con:assertion>
      </con:entry>
      <con:entry>
        <con:id>ff4103c8-46d1-4a3c-b1cf-4f8e2085e41a</con:id>
        <con:isGroup>false</con:isGroup>
        <con:sourceId>7004110a-b69b-42d3-a2d4-5e4b95a44262</con:sourceId>
        <con:propertyName>req_id</con:propertyName>
        <con:assertion type="Simple Contains" name="Contains" id="9c1b3354-b8b8-4a11-ae5e-75c2b2e6e135">
          <con:configuration>
            <token>\d+</token>
            <ignoreCase>false</ignoreCase>
            <useRegEx>true</useRegEx>
          </con:configuration>
        </con:assertion>
      </con:entry>
    </con:config>
  </con:testStep>
  <con:testStep type="transfer" name="Get second user balance by id Before money transfer - Property Transfer" id="af32cfcc-e6f5-4331-a3c7-49e95f8b2fa9">
    <con:settings/>
    <con:config xsi:type="con:PropertyTransfersStep" xmlns:xsi="http://www.w3.org/2001/XMLSchema-instance">
      <con:transfers setNullOnMissingSource="true" transferTextContent="true" failOnError="true" ignoreEmpty="false" transferToAll="false" entitize="false" transferChildNodes="false">
        <con:name>accountId</con:name>
        <con:sourceType>req_toAccountId</con:sourceType>
        <con:sourceStep>#TestCase#</con:sourceStep>
        <con:sourcePath/>
        <con:targetType>req_id</con:targetType>
        <con:targetStep>Get second user balance  by id Before money transfer 3</con:targetStep>
        <con:targetPath/>
        <con:upgraded>true</con:upgraded>
      </con:transfers>
    </con:config>
  </con:testStep>
  <con:testStep type="calltestcase" name="Get second user balance  by id Before money transfer 3" id="6d9f6e70-4b93-41df-a66f-bf46056873e2">
    <con:settings/>
    <con:config xsi:type="con:RunTestCaseStep" xmlns:xsi="http://www.w3.org/2001/XMLSchema-instance">
      <con:targetTestCase>b8b1a13e-5ebf-4cd2-aaa1-f6546151c21a</con:targetTestCase>
      <con:properties>
        <con:property>
          <con:name>req_id</con:name>
          <con:value>17</con:value>
        </con:property>
        <con:property>
          <con:name>res_balance</con:name>
          <con:value>{"id":17,"name":"User Account : third-user-1stName-5816d53e-9117-4577-941b-e0ec4dda0b43 third-user-lastName-6dfd4887-b6d7-47eb-98dc-1176803d1750-name-sfa039e7f-705b-4cca-9a4a-5dcb0c31ddf8","accountType":1,"balance":{"roundedAmount":0.00,"notRoundedAmount":0.0000,"currency":"EUR"},"isVisible":true,"dynamicMap":{},"type":"com.ericsson.bss.rm.erms.core.entity.dto.pm.AccountDTO"}</con:value>
        </con:property>
        <con:property>
          <con:name>res_roundedAmount</con:name>
          <con:value>0.0</con:value>
        </con:property>
      </con:properties>
      <con:returnProperties>
        <con:entry>res_balance</con:entry>
        <con:entry>res_roundedAmount</con:entry>
      </con:returnProperties>
      <con:runMode>PARALLELL</con:runMode>
    </con:config>
  </con:testStep>
  <con:testStep type="datagen" name="DataGen roundedAmount conversion 2" id="26da73ad-a19c-440a-9cbf-766e06ae7fb2">
    <con:settings/>
    <con:config xsi:type="con:DataGeneratorStep" xmlns:xsi="http://www.w3.org/2001/XMLSchema-instance">
      <con:property type="Script">
        <con:configuration>
          <script>def res_roundedAmount = context.expand( '${Get second user balance  by id Before money transfer 3#res_roundedAmount}' )

if (res_roundedAmount=="0")
testRunner.testCase.testSteps['Get second user balance  by id Before money transfer 3'].setPropertyValue("res_roundedAmount","0.0");</script>
        </con:configuration>
        <con:name>roundedAmount</con:name>
        <con:mode>STEP</con:mode>
        <con:shared>false</con:shared>
      </con:property>
    </con:config>
  </con:testStep>
  <con:testStep type="assertionteststep" name="Assertion check account balance by amount 2" id="5559d9ef-3106-497a-96bd-b907b423a0b0">
    <con:settings/>
    <con:config xsi:type="con:AssertionTestStep" xmlns:xsi="http://www.w3.org/2001/XMLSchema-instance">
      <con:entry>
        <con:id>ae07cf5d-f86e-416f-96c3-81da4bacb537</con:id>
        <con:isGroup>false</con:isGroup>
        <con:sourceId>6d9f6e70-4b93-41df-a66f-bf46056873e2</con:sourceId>
        <con:propertyName>res_roundedAmount</con:propertyName>
        <con:assertion type="Simple Equals" name="Equals" id="9476106f-049a-411e-9fc2-8f888be38900">
          <con:configuration>
            <patternObjectId>7b36e533-bd09-4c6d-b739-a332d85dfc4f</patternObjectId>
            <patternProperty>amountZero</patternProperty>
            <caseSensitive>true</caseSensitive>
          </con:configuration>
        </con:assertion>
      </con:entry>
      <con:entry>
        <con:id>afac7b88-0734-4cda-8cc5-814bdb8cf5cc</con:id>
        <con:isGroup>false</con:isGroup>
        <con:sourceId>6d9f6e70-4b93-41df-a66f-bf46056873e2</con:sourceId>
        <con:propertyName>req_id</con:propertyName>
        <con:assertion type="Simple Contains" name="Contains" id="b0cd4054-a9bf-48b6-9b53-91d76443d54f">
          <con:configuration>
            <token>\d+</token>
            <ignoreCase>false</ignoreCase>
            <useRegEx>true</useRegEx>
          </con:configuration>
        </con:assertion>
      </con:entry>
    </con:config>
  </con:testStep>
  <con:testStep type="transfer" name="Submit money transfer 3 - Property Transfer" id="1ba3f7b0-261f-4f88-ba73-0409f46fb732">
    <con:settings/>
    <con:config xsi:type="con:PropertyTransfersStep" xmlns:xsi="http://www.w3.org/2001/XMLSchema-instance">
      <con:transfers setNullOnMissingSource="true" transferTextContent="true" failOnError="true" ignoreEmpty="false" transferToAll="false" entitize="false" transferChildNodes="false">
        <con:name>biId</con:name>
        <con:sourceType>res_biId</con:sourceType>
        <con:sourceStep>Create money transfer business interaction success 1</con:sourceStep>
        <con:sourcePath/>
        <con:targetType>req_biId</con:targetType>
        <con:targetStep>Submit money transfer 3</con:targetStep>
        <con:targetPath/>
        <con:upgraded>true</con:upgraded>
      </con:transfers>
    </con:config>
  </con:testStep>
  <con:testStep type="calltestcase" name="Submit money transfer 3" id="13833aac-d18a-4130-9a95-01dffb58e013">
    <con:settings/>
    <con:config xsi:type="con:RunTestCaseStep" xmlns:xsi="http://www.w3.org/2001/XMLSchema-instance">
      <con:targetTestCase>18056452-99e8-45b5-8fcd-29f9985f9310</con:targetTestCase>
      <con:properties>
        <con:property>
          <con:name>req_biId</con:name>
          <con:value>721</con:value>
        </con:property>
        <con:property>
          <con:name>res_code</con:name>
          <con:value>200</con:value>
        </con:property>
        <con:property>
          <con:name>res_biId</con:name>
          <con:value>721</con:value>
        </con:property>
        <con:property>
          <con:name>res_errorMessage</con:name>
          <con:value xsi:nil="true"/>
        </con:property>
      </con:properties>
      <con:returnProperties>
        <con:entry>res_code</con:entry>
        <con:entry>res_biId</con:entry>
        <con:entry>res_errorMessage</con:entry>
      </con:returnProperties>
      <con:runMode>PARALLELL</con:runMode>
    </con:config>
  </con:testStep>
  <con:testStep type="assertionteststep" name="Assertion check Submit id NOT NULL" id="bef35065-c498-4b84-ac9e-a8f1cf6625b2">
    <con:settings/>
    <con:config xsi:type="con:AssertionTestStep" xmlns:xsi="http://www.w3.org/2001/XMLSchema-instance">
      <con:entry>
        <con:id>da971d96-9d22-41b2-b471-220470b75bdf</con:id>
        <con:isGroup>false</con:isGroup>
        <con:sourceId>13833aac-d18a-4130-9a95-01dffb58e013</con:sourceId>
        <con:propertyName>res_biId</con:propertyName>
        <con:assertion type="Simple Contains" name="Contains" id="d434b986-0a0d-4543-aabf-3aa95f7dc46f">
          <con:configuration>
            <token>\d+</token>
            <ignoreCase>false</ignoreCase>
            <useRegEx>true</useRegEx>
          </con:configuration>
        </con:assertion>
      </con:entry>
      <con:entry>
        <con:id>277f8616-35e7-42c2-aced-233773c6f13d</con:id>
        <con:isGroup>false</con:isGroup>
        <con:sourceId>13833aac-d18a-4130-9a95-01dffb58e013</con:sourceId>
        <con:propertyName>res_code</con:propertyName>
        <con:assertion type="Simple Equals" name="Equals" id="1aa3a118-c613-40d5-8dd3-710f38dfa69e">
          <con:configuration>
            <patternObjectId>7b36e533-bd09-4c6d-b739-a332d85dfc4f</patternObjectId>
            <patternProperty>res_200</patternProperty>
            <caseSensitive>true</caseSensitive>
          </con:configuration>
        </con:assertion>
      </con:entry>
    </con:config>
  </con:testStep>
  <con:testStep type="transfer" name="Get first user balance  by id After money transfer 3 - Property Transfer" id="3fdfc5bc-4a73-42bb-b4ce-2d0bce21fe25">
    <con:settings/>
    <con:config xsi:type="con:PropertyTransfersStep" xmlns:xsi="http://www.w3.org/2001/XMLSchema-instance">
      <con:transfers setNullOnMissingSource="true" transferTextContent="true" failOnError="true" ignoreEmpty="false" transferToAll="false" entitize="false" transferChildNodes="false">
        <con:name>accountId</con:name>
        <con:sourceType>req_fromAccountId</con:sourceType>
        <con:sourceStep>#TestCase#</con:sourceStep>
        <con:sourcePath/>
        <con:targetType>req_id</con:targetType>
        <con:targetStep>Get first user balance  by id After money transfer 3</con:targetStep>
        <con:targetPath/>
        <con:upgraded>true</con:upgraded>
      </con:transfers>
    </con:config>
  </con:testStep>
  <con:testStep type="calltestcase" name="Get first user balance  by id After money transfer 3" id="3fcaed8e-f517-4b5c-8c38-6da4c2a21c05">
    <con:settings/>
    <con:config xsi:type="con:RunTestCaseStep" xmlns:xsi="http://www.w3.org/2001/XMLSchema-instance">
      <con:targetTestCase>b8b1a13e-5ebf-4cd2-aaa1-f6546151c21a</con:targetTestCase>
      <con:properties>
        <con:property>
          <con:name>req_id</con:name>
          <con:value>16</con:value>
        </con:property>
        <con:property>
          <con:name>res_balance</con:name>
          <con:value>{"id":16,"name":"User Account : John Smith-name-sfa039e7f-705b-4cca-9a4a-5dcb0c31ddf8","accountType":1,"balance":{"roundedAmount":-99.99,"notRoundedAmount":-99.9900,"currency":"EUR"},"isVisible":true,"dynamicMap":{},"type":"com.ericsson.bss.rm.erms.core.entity.dto.pm.AccountDTO"}</con:value>
        </con:property>
        <con:property>
          <con:name>res_roundedAmount</con:name>
          <con:value>-99.99</con:value>
        </con:property>
      </con:properties>
      <con:returnProperties>
        <con:entry>res_balance</con:entry>
        <con:entry>res_roundedAmount</con:entry>
      </con:returnProperties>
      <con:runMode>PARALLELL</con:runMode>
    </con:config>
  </con:testStep>
  <con:testStep type="assertionteststep" name="Assertion check first account balance by amount 3" id="8e94cdec-389c-4f41-afab-13189f4439b1">
    <con:settings/>
    <con:config xsi:type="con:AssertionTestStep" xmlns:xsi="http://www.w3.org/2001/XMLSchema-instance">
      <con:entry>
        <con:id>6defc01b-d0e0-44b1-a7d3-7e4b1d0abfdf</con:id>
        <con:isGroup>false</con:isGroup>
        <con:sourceId>3fcaed8e-f517-4b5c-8c38-6da4c2a21c05</con:sourceId>
        <con:propertyName>res_roundedAmount</con:propertyName>
        <con:assertion type="Simple Equals" name="Equals" id="8fc24d92-db14-47db-b0fc-dea403eadf55">
          <con:configuration>
            <patternObjectId>7b36e533-bd09-4c6d-b739-a332d85dfc4f</patternObjectId>
            <patternProperty>amountNegative</patternProperty>
            <caseSensitive>true</caseSensitive>
          </con:configuration>
        </con:assertion>
      </con:entry>
    </con:config>
  </con:testStep>
  <con:testStep type="transfer" name="Get second user balance  by id After money transfer 3 - Property Transfer" id="cb7c4681-0949-41af-94a6-27ccb18b53ae">
    <con:settings/>
    <con:config xsi:type="con:PropertyTransfersStep" xmlns:xsi="http://www.w3.org/2001/XMLSchema-instance">
      <con:transfers setNullOnMissingSource="true" transferTextContent="true" failOnError="true" ignoreEmpty="false" transferToAll="false" entitize="false" transferChildNodes="false">
        <con:name>accountId</con:name>
        <con:sourceType>req_toAccountId</con:sourceType>
        <con:sourceStep>#TestCase#</con:sourceStep>
        <con:sourcePath/>
        <con:targetType>req_id</con:targetType>
        <con:targetStep>Get second user balance  by id After money transfer 3</con:targetStep>
        <con:targetPath/>
        <con:upgraded>true</con:upgraded>
      </con:transfers>
    </con:config>
  </con:testStep>
  <con:testStep type="calltestcase" name="Get second user balance  by id After money transfer 3" id="95c5c8b4-94ce-49df-852e-26c69edbc981">
    <con:settings/>
    <con:config xsi:type="con:RunTestCaseStep" xmlns:xsi="http://www.w3.org/2001/XMLSchema-instance">
      <con:targetTestCase>b8b1a13e-5ebf-4cd2-aaa1-f6546151c21a</con:targetTestCase>
      <con:properties>
        <con:property>
          <con:name>req_id</con:name>
          <con:value>17</con:value>
        </con:property>
        <con:property>
          <con:name>res_balance</con:name>
          <con:value>{"id":17,"name":"User Account : third-user-1stName-5816d53e-9117-4577-941b-e0ec4dda0b43 third-user-lastName-6dfd4887-b6d7-47eb-98dc-1176803d1750-name-sfa039e7f-705b-4cca-9a4a-5dcb0c31ddf8","accountType":1,"balance":{"roundedAmount":99.99,"notRoundedAmount":99.9900,"currency":"EUR"},"isVisible":true,"dynamicMap":{},"type":"com.ericsson.bss.rm.erms.core.entity.dto.pm.AccountDTO"}</con:value>
        </con:property>
        <con:property>
          <con:name>res_roundedAmount</con:name>
          <con:value>99.99</con:value>
        </con:property>
      </con:properties>
      <con:returnProperties>
        <con:entry>res_balance</con:entry>
        <con:entry>res_roundedAmount</con:entry>
      </con:returnProperties>
      <con:runMode>PARALLELL</con:runMode>
    </con:config>
  </con:testStep>
  <con:testStep type="assertionteststep" name="Assertion check second account balance by amount 3" id="7c5dc3f2-9465-4634-95e3-aa5a6159af91">
    <con:settings/>
    <con:config xsi:type="con:AssertionTestStep" xmlns:xsi="http://www.w3.org/2001/XMLSchema-instance">
      <con:entry>
        <con:id>08ebf45a-be32-4394-bc9f-52b16fbd8058</con:id>
        <con:isGroup>false</con:isGroup>
        <con:sourceId>95c5c8b4-94ce-49df-852e-26c69edbc981</con:sourceId>
        <con:propertyName>res_roundedAmount</con:propertyName>
        <con:assertion type="Simple Equals" name="Equals" id="a7d3330d-5b5d-4803-95f8-610deb88b8f5">
          <con:configuration>
            <patternObjectId>7b36e533-bd09-4c6d-b739-a332d85dfc4f</patternObjectId>
            <patternProperty>roundedAmount</patternProperty>
            <caseSensitive>true</caseSensitive>
          </con:configuration>
        </con:assertion>
      </con:entry>
    </con:config>
  </con:testStep>
  <con:testStep type="transfer" name="### Same from>to &amp; without session | Create so,user,terminal,inventory - Property Transfer" id="f90a7fd1-b8a4-44e3-b178-97e6865022c7">
    <con:settings/>
    <con:config xsi:type="con:PropertyTransfersStep" xmlns:xsi="http://www.w3.org/2001/XMLSchema-instance">
      <con:transfers setNullOnMissingSource="true" transferTextContent="true" failOnError="true" ignoreEmpty="false" transferToAll="false" entitize="false" transferChildNodes="false">
        <con:name>userRoleId</con:name>
        <con:sourceType>DefaultUserRoleId</con:sourceType>
        <con:sourceStep>#Project#</con:sourceStep>
        <con:sourcePath/>
        <con:targetType>req_userRoleId</con:targetType>
        <con:targetStep>Create money transfer business interaction success 2</con:targetStep>
        <con:targetPath/>
        <con:upgraded>true</con:upgraded>
      </con:transfers>
      <con:transfers setNullOnMissingSource="true" transferTextContent="true" failOnError="true" ignoreEmpty="false" transferToAll="false" entitize="false" transferChildNodes="false">
        <con:name>salesOrgRoleId</con:name>
        <con:sourceType>DefaultSalesOrganizationRoleId</con:sourceType>
        <con:sourceStep>#Project#</con:sourceStep>
        <con:targetType>req_salesOrganizationRoleId</con:targetType>
        <con:targetStep>Create money transfer business interaction success 2</con:targetStep>
        <con:upgraded>true</con:upgraded>
      </con:transfers>
      <con:transfers setNullOnMissingSource="true" transferTextContent="true" failOnError="true" ignoreEmpty="false" transferToAll="false" entitize="false" transferChildNodes="false">
        <con:name>biSpecCode</con:name>
        <con:sourceType>req_biSpec</con:sourceType>
        <con:sourceStep>#TestCase#</con:sourceStep>
        <con:targetType>req_biSpec</con:targetType>
        <con:targetStep>Create money transfer business interaction success 2</con:targetStep>
        <con:upgraded>true</con:upgraded>
      </con:transfers>
    </con:config>
  </con:testStep>
  <con:testStep type="calltestcase" name="Create money transfer business interaction success 2" id="c756c035-a429-4b32-a934-b24d874ebd09">
    <con:settings/>
    <con:config xsi:type="con:RunTestCaseStep" xmlns:xsi="http://www.w3.org/2001/XMLSchema-instance">
      <con:targetTestCase>a62f64ed-8854-4137-92dc-6a6a778fdc60</con:targetTestCase>
      <con:properties>
        <con:property>
          <con:name>req_userRoleId</con:name>
          <con:value>2</con:value>
        </con:property>
        <con:property>
          <con:name>req_salesOrganizationRoleId</con:name>
          <con:value>1</con:value>
        </con:property>
        <con:property>
          <con:name>req_biSpec</con:name>
          <con:value>MONEYTRSPECCODE</con:value>
        </con:property>
        <con:property>
          <con:name>res_code</con:name>
          <con:value>201</con:value>
        </con:property>
        <con:property>
          <con:name>res_biId</con:name>
          <con:value>741</con:value>
        </con:property>
        <con:property>
          <con:name>res_errorMessage</con:name>
          <con:value xsi:nil="true"/>
        </con:property>
      </con:properties>
      <con:returnProperties>
        <con:entry>res_code</con:entry>
        <con:entry>res_biId</con:entry>
        <con:entry>res_errorMessage</con:entry>
      </con:returnProperties>
      <con:runMode>PARALLELL</con:runMode>
    </con:config>
  </con:testStep>
  <con:testStep type="assertionteststep" name="Assert money transfer bi created 2" id="bb683611-a434-464a-bd57-cade04bb9520">
    <con:settings/>
    <con:config xsi:type="con:AssertionTestStep" xmlns:xsi="http://www.w3.org/2001/XMLSchema-instance">
      <con:entry>
        <con:id>c343e315-dc38-48e1-860e-ecc87c3dd949</con:id>
        <con:isGroup>false</con:isGroup>
        <con:sourceId>c756c035-a429-4b32-a934-b24d874ebd09</con:sourceId>
        <con:propertyName>res_code</con:propertyName>
        <con:assertion type="Simple Equals" name="Equals" id="9c2de9e0-2f82-4331-8388-64e4a5cdb2e0">
          <con:configuration>
            <patternObjectId>7b36e533-bd09-4c6d-b739-a332d85dfc4f</patternObjectId>
            <patternProperty>res_201</patternProperty>
            <caseSensitive>true</caseSensitive>
          </con:configuration>
        </con:assertion>
      </con:entry>
      <con:entry>
        <con:id>ba82be94-c358-4b3f-959c-9bf6d4b02dc2</con:id>
        <con:isGroup>false</con:isGroup>
        <con:sourceId>c756c035-a429-4b32-a934-b24d874ebd09</con:sourceId>
        <con:propertyName>res_biId</con:propertyName>
        <con:assertion type="Simple Contains" name="Contains" id="74522749-d1c8-4675-9f15-07e50bf2664d">
          <con:configuration>
            <token>\d+</token>
            <ignoreCase>false</ignoreCase>
            <useRegEx>true</useRegEx>
          </con:configuration>
        </con:assertion>
      </con:entry>
    </con:config>
  </con:testStep>
  <con:testStep type="transfer" name="Add item to money transfer  without session 4 - Property Transfer" id="3ab72e69-03fd-46cf-8393-23b7f7bc96c7">
    <con:settings/>
    <con:config xsi:type="con:PropertyTransfersStep" xmlns:xsi="http://www.w3.org/2001/XMLSchema-instance">
      <con:transfers setNullOnMissingSource="true" transferTextContent="true" failOnError="true" ignoreEmpty="false" transferToAll="false" entitize="false" transferChildNodes="false">
        <con:name>biId</con:name>
        <con:sourceType>res_biId</con:sourceType>
        <con:sourceStep>Create money transfer business interaction success 2</con:sourceStep>
        <con:sourcePath/>
        <con:targetType>req_biId</con:targetType>
        <con:targetStep>Add item to money transfer  without session 4</con:targetStep>
        <con:targetPath/>
        <con:upgraded>true</con:upgraded>
      </con:transfers>
      <con:transfers setNullOnMissingSource="true" transferTextContent="true" failOnError="true" ignoreEmpty="false" transferToAll="false" entitize="false" transferChildNodes="false">
        <con:name>fromAccount</con:name>
        <con:sourceType>req_fromAccountId</con:sourceType>
        <con:sourceStep>#TestCase#</con:sourceStep>
        <con:targetType>req_fromAccountId</con:targetType>
        <con:targetStep>Add item to money transfer  without session 4</con:targetStep>
        <con:upgraded>true</con:upgraded>
      </con:transfers>
      <con:transfers setNullOnMissingSource="true" transferTextContent="true" failOnError="true" ignoreEmpty="false" transferToAll="false" entitize="false" transferChildNodes="false">
        <con:name>toAccount</con:name>
        <con:sourceType>req_fromAccountId</con:sourceType>
        <con:sourceStep>#TestCase#</con:sourceStep>
        <con:targetType>req_toAccountId</con:targetType>
        <con:targetStep>Add item to money transfer  without session 4</con:targetStep>
        <con:upgraded>true</con:upgraded>
      </con:transfers>
      <con:transfers setNullOnMissingSource="true" transferTextContent="true" failOnError="true" ignoreEmpty="false" transferToAll="false" entitize="false" transferChildNodes="false">
        <con:name>amount</con:name>
        <con:sourceType>amount</con:sourceType>
        <con:sourceStep>Given properties for the test steps</con:sourceStep>
        <con:targetType>req_amount</con:targetType>
        <con:targetStep>Add item to money transfer  without session</con:targetStep>
        <con:upgraded>true</con:upgraded>
      </con:transfers>
      <con:transfers setNullOnMissingSource="true" transferTextContent="true" failOnError="true" ignoreEmpty="false" transferToAll="false" entitize="false" transferChildNodes="false">
        <con:name>currency</con:name>
        <con:sourceType>currency</con:sourceType>
        <con:sourceStep>Given properties for the test steps</con:sourceStep>
        <con:targetType>req_currency</con:targetType>
        <con:targetStep>Add item to money transfer  without session</con:targetStep>
        <con:upgraded>true</con:upgraded>
      </con:transfers>
      <con:transfers setNullOnMissingSource="true" transferTextContent="true" failOnError="true" ignoreEmpty="false" transferToAll="false" entitize="false" transferChildNodes="false">
        <con:name>roundedAmount</con:name>
        <con:sourceType>roundedAmount</con:sourceType>
        <con:sourceStep>Given properties for the test steps</con:sourceStep>
        <con:targetType>req_roundedAmount</con:targetType>
        <con:targetStep>Add item to money transfer  without session</con:targetStep>
        <con:upgraded>true</con:upgraded>
      </con:transfers>
    </con:config>
  </con:testStep>
  <con:testStep type="calltestcase" name="Add item to money transfer  without session 4" id="07a9bcf8-9839-4797-9c6a-00828017d1a8">
    <con:settings/>
    <con:config xsi:type="con:RunTestCaseStep" xmlns:xsi="http://www.w3.org/2001/XMLSchema-instance">
      <con:targetTestCase>71dd28d9-9244-41c7-8ab3-83bd246d05c1</con:targetTestCase>
      <con:properties>
        <con:property>
          <con:name>req_biId</con:name>
          <con:value>741</con:value>
        </con:property>
        <con:property>
          <con:name>req_fromAccountId</con:name>
          <con:value>16</con:value>
        </con:property>
        <con:property>
          <con:name>req_toAccountId</con:name>
          <con:value>16</con:value>
        </con:property>
        <con:property>
          <con:name>req_amount</con:name>
          <con:value>99.99</con:value>
        </con:property>
        <con:property>
          <con:name>req_currency</con:name>
          <con:value>EUR</con:value>
        </con:property>
        <con:property>
          <con:name>req_roundedAmount</con:name>
          <con:value>99.99</con:value>
        </con:property>
        <con:property>
          <con:name>res_code</con:name>
          <con:value>400</con:value>
        </con:property>
        <con:property>
          <con:name>res_id</con:name>
          <con:value xsi:nil="true"/>
        </con:property>
        <con:property>
          <con:name>res_itemId</con:name>
          <con:value xsi:nil="true"/>
        </con:property>
        <con:property>
          <con:name>res_errorMessage</con:name>
          <con:value>FROM_AND_TO_ACCOUNT_CAN_NOT_BE_SAME</con:value>
        </con:property>
        <con:property>
          <con:name>req_monetaryType</con:name>
        </con:property>
      </con:properties>
      <con:returnProperties>
        <con:entry>res_code</con:entry>
        <con:entry>res_id</con:entry>
        <con:entry>res_itemId</con:entry>
        <con:entry>res_errorMessage</con:entry>
      </con:returnProperties>
      <con:runMode>PARALLELL</con:runMode>
    </con:config>
  </con:testStep>
  <con:testStep type="assertionteststep" name="Assertion check response code" id="0409dbcc-f711-4da4-8d96-6799bb320c04">
    <con:settings/>
    <con:config xsi:type="con:AssertionTestStep" xmlns:xsi="http://www.w3.org/2001/XMLSchema-instance">
      <con:entry>
        <con:id>9c36dbb4-5796-4af3-84eb-7371220ec5e2</con:id>
        <con:isGroup>false</con:isGroup>
        <con:sourceId>07a9bcf8-9839-4797-9c6a-00828017d1a8</con:sourceId>
        <con:propertyName>res_errorMessage</con:propertyName>
        <con:assertion type="Simple Equals" name="Equals" id="ebc394cf-dbac-43c5-85f6-48622b3300e8">
          <con:configuration>
            <patternObjectId>7b36e533-bd09-4c6d-b739-a332d85dfc4f</patternObjectId>
            <patternProperty>fromAndToCannotBeSame</patternProperty>
            <caseSensitive>true</caseSensitive>
          </con:configuration>
        </con:assertion>
      </con:entry>
      <con:entry>
        <con:id>23889429-00db-4c03-a0c3-05f6a8755a6a</con:id>
        <con:isGroup>false</con:isGroup>
        <con:sourceId>07a9bcf8-9839-4797-9c6a-00828017d1a8</con:sourceId>
        <con:propertyName>res_code</con:propertyName>
        <con:assertion type="Simple Equals" name="Equals 2" id="9bf0b065-97a9-41a6-99e7-6ab56875e3b3">
          <con:configuration>
            <patternObjectId>7b36e533-bd09-4c6d-b739-a332d85dfc4f</patternObjectId>
            <patternProperty>res_400</patternProperty>
            <caseSensitive>true</caseSensitive>
          </con:configuration>
        </con:assertion>
      </con:entry>
    </con:config>
  </con:testStep>
  <con:testStep type="transfer" name="Get same user balance by id Before money transfer 4 - Property Transfer" id="5ed55e70-59a7-40c4-a4ad-10dae8519625">
    <con:settings/>
    <con:config xsi:type="con:PropertyTransfersStep" xmlns:xsi="http://www.w3.org/2001/XMLSchema-instance">
      <con:transfers setNullOnMissingSource="true" transferTextContent="true" failOnError="true" ignoreEmpty="false" transferToAll="false" entitize="false" transferChildNodes="false">
        <con:name>accountId</con:name>
        <con:sourceType>req_fromAccountId</con:sourceType>
        <con:sourceStep>#TestCase#</con:sourceStep>
        <con:sourcePath/>
        <con:targetType>req_id</con:targetType>
        <con:targetStep>Get same user balance by id Before money transfer 4</con:targetStep>
        <con:targetPath/>
        <con:upgraded>true</con:upgraded>
      </con:transfers>
    </con:config>
  </con:testStep>
  <con:testStep type="calltestcase" name="Get same user balance by id Before money transfer 4" id="3b2e0b9c-8f42-4070-b01f-0ac39b85160a">
    <con:settings/>
    <con:config xsi:type="con:RunTestCaseStep" xmlns:xsi="http://www.w3.org/2001/XMLSchema-instance">
      <con:targetTestCase>b8b1a13e-5ebf-4cd2-aaa1-f6546151c21a</con:targetTestCase>
      <con:properties>
        <con:property>
          <con:name>req_id</con:name>
          <con:value>16</con:value>
        </con:property>
        <con:property>
          <con:name>res_balance</con:name>
          <con:value>{"id":16,"name":"User Account : John Smith-name-sfa039e7f-705b-4cca-9a4a-5dcb0c31ddf8","accountType":1,"balance":{"roundedAmount":-99.99,"notRoundedAmount":-99.9900,"currency":"EUR"},"isVisible":true,"dynamicMap":{},"type":"com.ericsson.bss.rm.erms.core.entity.dto.pm.AccountDTO"}</con:value>
        </con:property>
        <con:property>
          <con:name>res_roundedAmount</con:name>
          <con:value>-99.99</con:value>
        </con:property>
      </con:properties>
      <con:returnProperties>
        <con:entry>res_balance</con:entry>
        <con:entry>res_roundedAmount</con:entry>
      </con:returnProperties>
      <con:runMode>PARALLELL</con:runMode>
    </con:config>
  </con:testStep>
  <con:testStep type="datagen" name="DataGen roundedAmount conversion 3" id="3862fab3-1465-4d6a-81cd-d558ea361b1e">
    <con:settings/>
    <con:config xsi:type="con:DataGeneratorStep" xmlns:xsi="http://www.w3.org/2001/XMLSchema-instance">
      <con:property type="Script">
        <con:configuration>
          <script>def res_roundedAmount = context.expand( '${Get same user balance by id Before money transfer 4#res_roundedAmount}' )

if (res_roundedAmount=="0")
testRunner.testCase.testSteps['Get same user balance by id Before money transfer 4'].setPropertyValue("res_roundedAmount","0.0");</script>
        </con:configuration>
        <con:name>roundedAmount</con:name>
        <con:mode>STEP</con:mode>
        <con:shared>false</con:shared>
      </con:property>
    </con:config>
  </con:testStep>
  <con:testStep type="assertionteststep" name="Assertion check balance amount" id="2410ef19-8473-4455-95c5-f7ef5badd839">
    <con:settings/>
    <con:config xsi:type="con:AssertionTestStep" xmlns:xsi="http://www.w3.org/2001/XMLSchema-instance">
      <con:entry>
        <con:id>218696be-4c32-4efd-8a93-1cef6aee3552</con:id>
        <con:isGroup>false</con:isGroup>
        <con:sourceId>3b2e0b9c-8f42-4070-b01f-0ac39b85160a</con:sourceId>
        <con:propertyName>res_roundedAmount</con:propertyName>
        <con:assertion type="Simple Equals" name="Equals" id="ac02ffd2-8b30-4b24-b325-bfe4ce3494d4">
          <con:configuration>
            <patternObjectId>7b36e533-bd09-4c6d-b739-a332d85dfc4f</patternObjectId>
            <patternProperty>amountNegative</patternProperty>
            <caseSensitive>true</caseSensitive>
          </con:configuration>
        </con:assertion>
      </con:entry>
    </con:config>
  </con:testStep>
  <con:testStep type="transfer" name="Submit money transfer 4 - Property Transfer" id="a4b38566-e2f6-4382-b3a0-5b688f3d279a">
    <con:settings/>
    <con:config xsi:type="con:PropertyTransfersStep" xmlns:xsi="http://www.w3.org/2001/XMLSchema-instance">
      <con:transfers setNullOnMissingSource="true" transferTextContent="true" failOnError="true" ignoreEmpty="false" transferToAll="false" entitize="false" transferChildNodes="false">
        <con:name>biId</con:name>
        <con:sourceType>res_biId</con:sourceType>
        <con:sourceStep>Create money transfer business interaction success 2</con:sourceStep>
        <con:sourcePath/>
        <con:targetType>req_biId</con:targetType>
        <con:targetStep>Submit money transfer 4</con:targetStep>
        <con:targetPath/>
        <con:upgraded>true</con:upgraded>
      </con:transfers>
    </con:config>
  </con:testStep>
  <con:testStep type="calltestcase" name="Submit money transfer 4" id="c0a55995-afb3-4869-93d8-cf6718894e29">
    <con:settings/>
    <con:config xsi:type="con:RunTestCaseStep" xmlns:xsi="http://www.w3.org/2001/XMLSchema-instance">
      <con:targetTestCase>18056452-99e8-45b5-8fcd-29f9985f9310</con:targetTestCase>
      <con:properties>
        <con:property>
          <con:name>req_biId</con:name>
          <con:value>741</con:value>
        </con:property>
        <con:property>
          <con:name>res_code</con:name>
          <con:value>400</con:value>
        </con:property>
        <con:property>
          <con:name>res_biId</con:name>
          <con:value xsi:nil="true"/>
        </con:property>
        <con:property>
          <con:name>res_errorMessage</con:name>
          <con:value>BI_CAN_NOT_BE_SUBMITTED_WITHOUT_ITEMS</con:value>
        </con:property>
      </con:properties>
      <con:returnProperties>
        <con:entry>res_code</con:entry>
        <con:entry>res_biId</con:entry>
        <con:entry>res_errorMessage</con:entry>
      </con:returnProperties>
      <con:runMode>PARALLELL</con:runMode>
    </con:config>
  </con:testStep>
  <con:testStep type="assertionteststep" name="Assertion check bi id and response code" id="97b90ada-cda5-44b6-88fa-b4debd175122">
    <con:settings/>
    <con:config xsi:type="con:AssertionTestStep" xmlns:xsi="http://www.w3.org/2001/XMLSchema-instance">
      <con:entry>
        <con:id>cfcf0355-672f-47e4-b372-82371fbc39c2</con:id>
        <con:isGroup>false</con:isGroup>
        <con:sourceId>c0a55995-afb3-4869-93d8-cf6718894e29</con:sourceId>
        <con:propertyName>res_code</con:propertyName>
        <con:assertion type="Simple Equals" name="Equals" id="9f1cf3d2-a99e-4f20-b5a1-8a564dda5083">
          <con:configuration>
            <patternObjectId>7b36e533-bd09-4c6d-b739-a332d85dfc4f</patternObjectId>
            <patternProperty>res_400</patternProperty>
            <caseSensitive>true</caseSensitive>
          </con:configuration>
        </con:assertion>
      </con:entry>
      <con:entry>
        <con:id>5c8bef84-cbee-4671-a14a-75e9c222c7ee</con:id>
        <con:isGroup>false</con:isGroup>
        <con:sourceId>c0a55995-afb3-4869-93d8-cf6718894e29</con:sourceId>
        <con:propertyName>res_errorMessage</con:propertyName>
        <con:assertion type="Simple Equals" name="Equals 2" id="3bff9876-e37a-440a-b07d-7a26defbbf93">
          <con:configuration>
            <patternObjectId>7b36e533-bd09-4c6d-b739-a332d85dfc4f</patternObjectId>
            <patternProperty>biCannotSubmitWithoutItems</patternProperty>
            <caseSensitive>true</caseSensitive>
          </con:configuration>
        </con:assertion>
      </con:entry>
    </con:config>
  </con:testStep>
  <con:testStep type="transfer" name="Get same user balance  by id After money transfer 4 - Property Transfer" id="377e03a6-1ffc-4ec0-92ad-3e7cce7c22e8">
    <con:settings/>
    <con:config xsi:type="con:PropertyTransfersStep" xmlns:xsi="http://www.w3.org/2001/XMLSchema-instance">
      <con:transfers setNullOnMissingSource="true" transferTextContent="true" failOnError="true" ignoreEmpty="false" transferToAll="false" entitize="false" transferChildNodes="false">
        <con:name>accountId</con:name>
        <con:sourceType>req_fromAccountId</con:sourceType>
        <con:sourceStep>#TestCase#</con:sourceStep>
        <con:sourcePath/>
        <con:targetType>req_id</con:targetType>
        <con:targetStep>Get same user balance  by id After money transfer 4</con:targetStep>
        <con:targetPath/>
        <con:upgraded>true</con:upgraded>
      </con:transfers>
    </con:config>
  </con:testStep>
  <con:testStep type="calltestcase" name="Get same user balance  by id After money transfer 4" id="c0ec79dd-5552-4df6-b0be-3ba294ace34b">
    <con:settings/>
    <con:config xsi:type="con:RunTestCaseStep" xmlns:xsi="http://www.w3.org/2001/XMLSchema-instance">
      <con:targetTestCase>b8b1a13e-5ebf-4cd2-aaa1-f6546151c21a</con:targetTestCase>
      <con:properties>
        <con:property>
          <con:name>req_id</con:name>
          <con:value>16</con:value>
        </con:property>
        <con:property>
          <con:name>res_balance</con:name>
          <con:value>{"id":16,"name":"User Account : John Smith-name-sfa039e7f-705b-4cca-9a4a-5dcb0c31ddf8","accountType":1,"balance":{"roundedAmount":-99.99,"notRoundedAmount":-99.9900,"currency":"EUR"},"isVisible":true,"dynamicMap":{},"type":"com.ericsson.bss.rm.erms.core.entity.dto.pm.AccountDTO"}</con:value>
        </con:property>
        <con:property>
          <con:name>res_roundedAmount</con:name>
          <con:value>-99.99</con:value>
        </con:property>
      </con:properties>
      <con:returnProperties>
        <con:entry>res_balance</con:entry>
        <con:entry>res_roundedAmount</con:entry>
      </con:returnProperties>
      <con:runMode>PARALLELL</con:runMode>
    </con:config>
  </con:testStep>
  <con:testStep type="datagen" name="DataGen roundedAmount conversion 4" id="00ff7b08-b5b6-4468-b927-3f6aca7818d1">
    <con:settings/>
    <con:config xsi:type="con:DataGeneratorStep" xmlns:xsi="http://www.w3.org/2001/XMLSchema-instance">
      <con:property type="Script">
        <con:configuration>
          <script>def res_roundedAmount = context.expand( '${Get same user balance  by id After money transfer 4#res_roundedAmount}' )

if (res_roundedAmount=="0") {
testRunner.testCase.testSteps['Get same user balance  by id After money transfer 4'].setPropertyValue("res_roundedAmount","0.0");
}</script>
        </con:configuration>
        <con:name>roundedAmount</con:name>
        <con:mode>STEP</con:mode>
        <con:shared>false</con:shared>
      </con:property>
    </con:config>
  </con:testStep>
  <con:testStep type="assertionteststep" name="Assertion check if amount is changed" id="e9097c0b-fae4-4ccb-8203-6a2536869857">
    <con:settings/>
    <con:config xsi:type="con:AssertionTestStep" xmlns:xsi="http://www.w3.org/2001/XMLSchema-instance">
      <con:entry>
        <con:id>dbed7589-ebde-4f60-90ad-30894432a145</con:id>
        <con:isGroup>false</con:isGroup>
        <con:sourceId>c0ec79dd-5552-4df6-b0be-3ba294ace34b</con:sourceId>
        <con:propertyName>res_roundedAmount</con:propertyName>
        <con:assertion type="Simple Equals" name="Equals" id="eb03eab5-94d4-4c58-8119-692f7385ce08">
          <con:configuration>
            <patternObjectId>3b2e0b9c-8f42-4070-b01f-0ac39b85160a</patternObjectId>
            <patternProperty>res_roundedAmount</patternProperty>
            <caseSensitive>true</caseSensitive>
          </con:configuration>
        </con:assertion>
      </con:entry>
    </con:config>
  </con:testStep>
  <con:testStep type="transfer" name="#SESSION_START#Start session as first user - Property Transfer" id="03481dcd-4a1c-4168-93b8-7e4004a571d4">
    <con:settings/>
    <con:config xsi:type="con:PropertyTransfersStep" xmlns:xsi="http://www.w3.org/2001/XMLSchema-instance">
      <con:transfers setNullOnMissingSource="true" transferTextContent="true" failOnError="true" ignoreEmpty="false" transferToAll="false" entitize="false" transferChildNodes="false">
        <con:name>userRoleId</con:name>
        <con:sourceType>req_firstUserRoleId</con:sourceType>
        <con:sourceStep>#TestCase#</con:sourceStep>
        <con:sourcePath/>
        <con:targetType>req_userRoleId</con:targetType>
        <con:targetStep>Start session as first user</con:targetStep>
        <con:targetPath/>
        <con:upgraded>true</con:upgraded>
      </con:transfers>
      <con:transfers setNullOnMissingSource="true" transferTextContent="true" failOnError="true" ignoreEmpty="false" transferToAll="false" entitize="false" transferChildNodes="false">
        <con:name>salesOrgRoleId</con:name>
        <con:sourceType>req_firstSoRoleId</con:sourceType>
        <con:sourceStep>#TestCase#</con:sourceStep>
        <con:targetType>req_salesOrgRoleId</con:targetType>
        <con:targetStep>Start session as first user</con:targetStep>
        <con:upgraded>true</con:upgraded>
      </con:transfers>
      <con:transfers setNullOnMissingSource="true" transferTextContent="true" failOnError="true" ignoreEmpty="false" transferToAll="false" entitize="false" transferChildNodes="false">
        <con:name>terminalId</con:name>
        <con:sourceType>res_terminalId</con:sourceType>
        <con:sourceStep>Create sales organization, user, inventory and terminal</con:sourceStep>
        <con:targetType>req_terminalId</con:targetType>
        <con:targetStep>Start session as first user</con:targetStep>
        <con:upgraded>true</con:upgraded>
      </con:transfers>
      <con:transfers setNullOnMissingSource="true" transferTextContent="true" failOnError="true" ignoreEmpty="false" transferToAll="false" entitize="false" transferChildNodes="false">
        <con:name>userToken</con:name>
        <con:sourceType>userToken</con:sourceType>
        <con:sourceStep>Create sales organization, user, inventory and terminal</con:sourceStep>
        <con:targetType>AuthorizationUser</con:targetType>
        <con:targetStep>#Project#</con:targetStep>
        <con:upgraded>true</con:upgraded>
      </con:transfers>
      <con:transfers setNullOnMissingSource="true" transferTextContent="true" failOnError="true" ignoreEmpty="false" transferToAll="false" entitize="false" transferChildNodes="false">
        <con:name>userSo</con:name>
        <con:sourceType>res_salesOrgId</con:sourceType>
        <con:sourceStep>Create sales organization, user, inventory and terminal</con:sourceStep>
        <con:targetType>UserSo</con:targetType>
        <con:targetStep>#Project#</con:targetStep>
        <con:upgraded>true</con:upgraded>
      </con:transfers>
    </con:config>
  </con:testStep>
  <con:testStep type="calltestcase" name="Start session as first user" id="70f5d7a1-4cdf-4e94-82ed-0ad3e884e7a1">
    <con:settings/>
    <con:config xsi:type="con:RunTestCaseStep" xmlns:xsi="http://www.w3.org/2001/XMLSchema-instance">
      <con:targetTestCase>a8bc6612-7b48-44cc-84ed-0b76bc1c8f6d</con:targetTestCase>
      <con:properties>
        <con:property>
          <con:name>req_terminalId</con:name>
          <con:value>9</con:value>
        </con:property>
        <con:property>
          <con:name>req_userRoleId</con:name>
          <con:value>37</con:value>
        </con:property>
        <con:property>
          <con:name>req_salesOrgRoleId</con:name>
          <con:value>35</con:value>
        </con:property>
        <con:property>
          <con:name>res_biId</con:name>
          <con:value>751</con:value>
        </con:property>
      </con:properties>
      <con:returnProperties>
        <con:entry>res_biId</con:entry>
      </con:returnProperties>
      <con:runMode>PARALLELL</con:runMode>
    </con:config>
  </con:testStep>
  <con:testStep type="assertionteststep" name="Assertion start session as first user success" id="de27a7e3-0944-4e6b-89ec-324e954b7175">
    <con:settings/>
    <con:config xsi:type="con:AssertionTestStep" xmlns:xsi="http://www.w3.org/2001/XMLSchema-instance">
      <con:entry>
        <con:id>6ba71932-6fa0-4f8c-a599-c9e50b858bdf</con:id>
        <con:isGroup>false</con:isGroup>
        <con:sourceId>70f5d7a1-4cdf-4e94-82ed-0ad3e884e7a1</con:sourceId>
        <con:propertyName>res_biId</con:propertyName>
        <con:assertion type="Simple Contains" name="Contains" id="7b0c8dfa-61fb-498e-a2b2-21fb34815c35">
          <con:configuration>
            <token>\d+</token>
            <ignoreCase>false</ignoreCase>
            <useRegEx>true</useRegEx>
          </con:configuration>
        </con:assertion>
      </con:entry>
    </con:config>
  </con:testStep>
  <con:testStep type="transfer" name="Start session as second user - Property Transfer" id="365877c2-0b6a-4722-9134-6c3b4c53c8d0">
    <con:settings/>
    <con:config xsi:type="con:PropertyTransfersStep" xmlns:xsi="http://www.w3.org/2001/XMLSchema-instance">
      <con:transfers setNullOnMissingSource="true" transferTextContent="true" failOnError="true" ignoreEmpty="false" transferToAll="false" entitize="false" transferChildNodes="false">
        <con:name>userRoleId</con:name>
        <con:sourceType>req_secondUserRoleId</con:sourceType>
        <con:sourceStep>#TestCase#</con:sourceStep>
        <con:sourcePath/>
        <con:targetType>req_userRoleId</con:targetType>
        <con:targetStep>Start session as second user</con:targetStep>
        <con:targetPath/>
        <con:upgraded>true</con:upgraded>
      </con:transfers>
      <con:transfers setNullOnMissingSource="true" transferTextContent="true" failOnError="true" ignoreEmpty="false" transferToAll="false" entitize="false" transferChildNodes="false">
        <con:name>salesOrgRoleId</con:name>
        <con:sourceType>req_secondSoRoleId</con:sourceType>
        <con:sourceStep>#TestCase#</con:sourceStep>
        <con:targetType>req_salesOrgRoleId</con:targetType>
        <con:targetStep>Start session as second user</con:targetStep>
        <con:upgraded>true</con:upgraded>
      </con:transfers>
      <con:transfers setNullOnMissingSource="true" transferTextContent="true" failOnError="true" ignoreEmpty="false" transferToAll="false" entitize="false" transferChildNodes="false">
        <con:name>terminalId</con:name>
        <con:sourceType>res_terminalId</con:sourceType>
        <con:sourceStep>Get terminal 2 id</con:sourceStep>
        <con:targetType>req_terminalId</con:targetType>
        <con:targetStep>Start session as second user</con:targetStep>
        <con:upgraded>true</con:upgraded>
      </con:transfers>
      <con:transfers setNullOnMissingSource="true" transferTextContent="true" failOnError="true" ignoreEmpty="false" transferToAll="false" entitize="false" transferChildNodes="false">
        <con:name>userSo</con:name>
        <con:sourceType>req_soRoleId</con:sourceType>
        <con:sourceStep>Create user belongs to first sales organization</con:sourceStep>
        <con:targetType>UserSo</con:targetType>
        <con:targetStep>#Project#</con:targetStep>
        <con:upgraded>true</con:upgraded>
      </con:transfers>
      <con:transfers setNullOnMissingSource="true" transferTextContent="true" failOnError="true" ignoreEmpty="false" transferToAll="false" entitize="false" transferChildNodes="false">
        <con:name>userToken</con:name>
        <con:sourceType>userToken</con:sourceType>
        <con:sourceStep>Create user belongs to first sales organization</con:sourceStep>
        <con:targetType>AuthorizationUser</con:targetType>
        <con:targetStep>#Project#</con:targetStep>
        <con:upgraded>true</con:upgraded>
      </con:transfers>
    </con:config>
  </con:testStep>
  <con:testStep type="calltestcase" name="Start session as second user" id="8f2cb2ff-a45b-4d94-9aac-7ccc34df4fec">
    <con:settings/>
    <con:config xsi:type="con:RunTestCaseStep" xmlns:xsi="http://www.w3.org/2001/XMLSchema-instance">
      <con:targetTestCase>a8bc6612-7b48-44cc-84ed-0b76bc1c8f6d</con:targetTestCase>
      <con:properties>
        <con:property>
          <con:name>req_terminalId</con:name>
          <con:value>10</con:value>
        </con:property>
        <con:property>
          <con:name>req_userRoleId</con:name>
          <con:value>39</con:value>
        </con:property>
        <con:property>
          <con:name>req_salesOrgRoleId</con:name>
          <con:value>35</con:value>
        </con:property>
        <con:property>
          <con:name>res_biId</con:name>
          <con:value>771</con:value>
        </con:property>
      </con:properties>
      <con:returnProperties>
        <con:entry>res_biId</con:entry>
      </con:returnProperties>
      <con:runMode>PARALLELL</con:runMode>
    </con:config>
  </con:testStep>
  <con:testStep type="assertionteststep" name="Assertion start session as second user success" id="68187e9c-acbf-48e2-84d0-3a16a073a478">
    <con:settings/>
    <con:config xsi:type="con:AssertionTestStep" xmlns:xsi="http://www.w3.org/2001/XMLSchema-instance">
      <con:entry>
        <con:id>819c3150-7e44-4b37-902f-2400179b79eb</con:id>
        <con:isGroup>false</con:isGroup>
        <con:sourceId>8f2cb2ff-a45b-4d94-9aac-7ccc34df4fec</con:sourceId>
        <con:propertyName>res_biId</con:propertyName>
        <con:assertion type="Simple Contains" name="Contains" id="b43b3ceb-dcf2-43a0-a8f7-cb7ceb7d2dec">
          <con:configuration>
            <token>\d+</token>
            <ignoreCase>false</ignoreCase>
            <useRegEx>true</useRegEx>
          </con:configuration>
        </con:assertion>
      </con:entry>
    </con:config>
  </con:testStep>
  <con:testStep type="transfer" name="Display first user sessions log - Property Transfer" id="b9357dcf-3728-47cd-b43f-2c914f76c64c">
    <con:settings/>
    <con:config xsi:type="con:PropertyTransfersStep" xmlns:xsi="http://www.w3.org/2001/XMLSchema-instance">
      <con:transfers setNullOnMissingSource="true" transferTextContent="true" failOnError="true" ignoreEmpty="false" transferToAll="false" entitize="false" transferChildNodes="false">
        <con:name>userId</con:name>
        <con:sourceType>req_firstUserRoleId</con:sourceType>
        <con:sourceStep>#TestCase#</con:sourceStep>
        <con:sourcePath/>
        <con:targetType>req_userId</con:targetType>
        <con:targetStep>Display first user sessions log</con:targetStep>
        <con:targetPath/>
        <con:upgraded>true</con:upgraded>
      </con:transfers>
    </con:config>
  </con:testStep>
  <con:testStep type="calltestcase" name="Display first user sessions log" id="5082917d-324b-4aaa-9b06-187518eb5981">
    <con:settings/>
    <con:config xsi:type="con:RunTestCaseStep" xmlns:xsi="http://www.w3.org/2001/XMLSchema-instance">
      <con:targetTestCase>386bb547-46b2-440b-b144-5beef75aa635</con:targetTestCase>
      <con:properties>
        <con:property>
          <con:name>req_userId</con:name>
          <con:value>37</con:value>
        </con:property>
        <con:property>
          <con:name>res_activeSessionId</con:name>
          <con:value>761</con:value>
        </con:property>
        <con:property>
          <con:name>res_headerCode</con:name>
          <con:value>200</con:value>
        </con:property>
        <con:property>
          <con:name>res_initialAccountAmount</con:name>
          <con:value>-99.99</con:value>
        </con:property>
        <con:property>
          <con:name>res_transactionalAccountAmount</con:name>
          <con:value>-99.99</con:value>
        </con:property>
        <con:property>
          <con:name>res_errorMessage</con:name>
        </con:property>
      </con:properties>
      <con:returnProperties>
        <con:entry>res_activeSessionId</con:entry>
        <con:entry>res_headerCode</con:entry>
        <con:entry>res_initialAccountAmount</con:entry>
        <con:entry>res_transactionalAccountAmount</con:entry>
      </con:returnProperties>
      <con:runMode>PARALLELL</con:runMode>
    </con:config>
  </con:testStep>
  <con:testStep type="datagen" name="DataGen accountAmount conversion" id="2d783406-0dc0-4a83-b9d9-6d8cae1aff3d">
    <con:settings/>
    <con:config xsi:type="con:DataGeneratorStep" xmlns:xsi="http://www.w3.org/2001/XMLSchema-instance">
      <con:property type="Script">
        <con:configuration>
          <script>def res_initialAccountAmount = context.expand( '${Display first user sessions log#res_initialAccountAmount}' )
def res_transactionalAccountAmount = context.expand( '${Display first user sessions log#res_transactionalAccountAmount}' )

if (res_initialAccountAmount=="0" &amp;&amp; res_transactionalAccountAmount=="0") {
testRunner.testCase.testSteps['Display first user sessions log'].setPropertyValue("res_initialAccountAmount","0.0");
testRunner.testCase.testSteps['Display first user sessions log'].setPropertyValue("res_transactionalAccountAmount","0.0");
}</script>
        </con:configuration>
        <con:name>accountAmount</con:name>
        <con:mode>STEP</con:mode>
        <con:shared>false</con:shared>
      </con:property>
    </con:config>
  </con:testStep>
  <con:testStep type="assertionteststep" name="Assertion check initial first user's session log" id="94f81089-f40c-4705-bfe9-888f998ad8c4">
    <con:settings/>
    <con:config xsi:type="con:AssertionTestStep" xmlns:xsi="http://www.w3.org/2001/XMLSchema-instance">
      <con:entry>
        <con:id>94713818-49ac-4193-8fea-876ca3d98d0b</con:id>
        <con:isGroup>false</con:isGroup>
        <con:sourceId>5082917d-324b-4aaa-9b06-187518eb5981</con:sourceId>
        <con:propertyName>res_headerCode</con:propertyName>
        <con:assertion type="Simple Equals" name="Equals" id="2ae1a0f5-278c-4efb-85dd-4c19346102cc">
          <con:configuration>
            <patternText>200</patternText>
            <caseSensitive>true</caseSensitive>
          </con:configuration>
        </con:assertion>
      </con:entry>
      <con:entry>
        <con:id>26163803-fda0-45eb-8cca-f0ef40b79106</con:id>
        <con:isGroup>false</con:isGroup>
        <con:sourceId>5082917d-324b-4aaa-9b06-187518eb5981</con:sourceId>
        <con:propertyName>res_activeSessionId</con:propertyName>
        <con:assertion type="Simple Contains" name="Contains" id="b155d032-793f-4705-94e4-76ab4c309c86">
          <con:configuration>
            <token>\d+</token>
            <ignoreCase>false</ignoreCase>
            <useRegEx>true</useRegEx>
          </con:configuration>
        </con:assertion>
      </con:entry>
      <con:entry>
        <con:id>bf62a6c1-a7e7-402d-ae60-06c2a694206a</con:id>
        <con:isGroup>false</con:isGroup>
        <con:sourceId>5082917d-324b-4aaa-9b06-187518eb5981</con:sourceId>
        <con:propertyName>res_initialAccountAmount</con:propertyName>
        <con:assertion type="Simple Equals" name="Equals 2" id="65f0f01f-7b2c-4552-903b-700e952d0261">
          <con:configuration>
            <patternObjectId>7b36e533-bd09-4c6d-b739-a332d85dfc4f</patternObjectId>
            <patternProperty>amountNegative</patternProperty>
            <caseSensitive>true</caseSensitive>
          </con:configuration>
        </con:assertion>
      </con:entry>
      <con:entry>
        <con:id>1e973645-5495-4607-aa3c-76b46a48d80a</con:id>
        <con:isGroup>false</con:isGroup>
        <con:sourceId>5082917d-324b-4aaa-9b06-187518eb5981</con:sourceId>
        <con:propertyName>res_transactionalAccountAmount</con:propertyName>
        <con:assertion type="Simple Equals" name="Equals 3" id="efc84b18-f77d-4b87-b1d7-6918343585be">
          <con:configuration>
            <patternObjectId>7b36e533-bd09-4c6d-b739-a332d85dfc4f</patternObjectId>
            <patternProperty>amountNegative</patternProperty>
            <caseSensitive>true</caseSensitive>
          </con:configuration>
        </con:assertion>
      </con:entry>
    </con:config>
  </con:testStep>
  <con:testStep type="transfer" name="Display second user sessions log - Property Transfer" id="8efd717f-9545-4053-a529-53b5518fb10c">
    <con:settings/>
    <con:config xsi:type="con:PropertyTransfersStep" xmlns:xsi="http://www.w3.org/2001/XMLSchema-instance">
      <con:transfers setNullOnMissingSource="true" transferTextContent="true" failOnError="true" ignoreEmpty="false" transferToAll="false" entitize="false" transferChildNodes="false">
        <con:name>userId</con:name>
        <con:sourceType>req_secondUserRoleId</con:sourceType>
        <con:sourceStep>#TestCase#</con:sourceStep>
        <con:sourcePath/>
        <con:targetType>req_userId</con:targetType>
        <con:targetStep>Display second user sessions log</con:targetStep>
        <con:targetPath/>
        <con:upgraded>true</con:upgraded>
      </con:transfers>
    </con:config>
  </con:testStep>
  <con:testStep type="calltestcase" name="Display second user sessions log" id="f191f029-50ac-4478-8d33-2dbb47ef5f26">
    <con:settings/>
    <con:config xsi:type="con:RunTestCaseStep" xmlns:xsi="http://www.w3.org/2001/XMLSchema-instance">
      <con:targetTestCase>386bb547-46b2-440b-b144-5beef75aa635</con:targetTestCase>
      <con:properties>
        <con:property>
          <con:name>req_userId</con:name>
          <con:value>39</con:value>
        </con:property>
        <con:property>
          <con:name>res_activeSessionId</con:name>
          <con:value>781</con:value>
        </con:property>
        <con:property>
          <con:name>res_headerCode</con:name>
          <con:value>200</con:value>
        </con:property>
        <con:property>
          <con:name>res_initialAccountAmount</con:name>
          <con:value>99.99</con:value>
        </con:property>
        <con:property>
          <con:name>res_transactionalAccountAmount</con:name>
          <con:value>99.99</con:value>
        </con:property>
        <con:property>
          <con:name>res_errorMessage</con:name>
        </con:property>
      </con:properties>
      <con:returnProperties>
        <con:entry>res_activeSessionId</con:entry>
        <con:entry>res_headerCode</con:entry>
        <con:entry>res_initialAccountAmount</con:entry>
        <con:entry>res_transactionalAccountAmount</con:entry>
      </con:returnProperties>
      <con:runMode>PARALLELL</con:runMode>
    </con:config>
  </con:testStep>
  <con:testStep type="datagen" name="DataGen accountAmount conversion 2" id="c295812e-7653-4766-b520-b98c1a8d2075">
    <con:settings/>
    <con:config xsi:type="con:DataGeneratorStep" xmlns:xsi="http://www.w3.org/2001/XMLSchema-instance">
      <con:property type="Script">
        <con:configuration>
          <script>def res_initialAccountAmount = context.expand( '${Display second user sessions log#res_initialAccountAmount}' )
def res_transactionalAccountAmount = context.expand( '${Display second user sessions log#res_transactionalAccountAmount}' )

if (res_initialAccountAmount=="0" &amp;&amp; res_transactionalAccountAmount=="0") {
testRunner.testCase.testSteps['Display second user sessions log'].setPropertyValue("res_initialAccountAmount","0.0");
testRunner.testCase.testSteps['Display second user sessions log'].setPropertyValue("res_transactionalAccountAmount","0.0");
}</script>
        </con:configuration>
        <con:name>accountAmount</con:name>
        <con:mode>STEP</con:mode>
        <con:shared>false</con:shared>
      </con:property>
    </con:config>
  </con:testStep>
  <con:testStep type="assertionteststep" name="Assertion check initial second user's session log" id="3c357eb2-8651-4c87-81a3-745eb99c090b">
    <con:settings/>
    <con:config xsi:type="con:AssertionTestStep" xmlns:xsi="http://www.w3.org/2001/XMLSchema-instance">
      <con:entry>
        <con:id>2c9756a5-993f-4bd7-b33a-197cd5e9defe</con:id>
        <con:isGroup>false</con:isGroup>
        <con:sourceId>f191f029-50ac-4478-8d33-2dbb47ef5f26</con:sourceId>
        <con:propertyName>res_headerCode</con:propertyName>
        <con:assertion type="Simple Equals" name="Equals" id="44d912df-7f98-45bb-9298-b1904b3a3e5f">
          <con:configuration>
            <patternText>200</patternText>
            <caseSensitive>true</caseSensitive>
          </con:configuration>
        </con:assertion>
      </con:entry>
      <con:entry>
        <con:id>b908080e-d7fe-419b-9ad3-6734e2822793</con:id>
        <con:isGroup>false</con:isGroup>
        <con:sourceId>f191f029-50ac-4478-8d33-2dbb47ef5f26</con:sourceId>
        <con:propertyName>res_activeSessionId</con:propertyName>
        <con:assertion type="Simple Contains" name="Contains" id="a6edda2a-9cf5-4e37-973f-d38a1d185b52">
          <con:configuration>
            <token>\d+</token>
            <ignoreCase>false</ignoreCase>
            <useRegEx>true</useRegEx>
          </con:configuration>
        </con:assertion>
      </con:entry>
      <con:entry>
        <con:id>fa14b523-0669-435a-b1d0-5fb3f13bbc16</con:id>
        <con:isGroup>false</con:isGroup>
        <con:sourceId>f191f029-50ac-4478-8d33-2dbb47ef5f26</con:sourceId>
        <con:propertyName>res_initialAccountAmount</con:propertyName>
        <con:assertion type="Simple Equals" name="Equals 2" id="945ec8cf-4abb-4016-834f-75081f6470c4">
          <con:configuration>
            <patternObjectId>7b36e533-bd09-4c6d-b739-a332d85dfc4f</patternObjectId>
            <patternProperty>amount</patternProperty>
            <caseSensitive>true</caseSensitive>
          </con:configuration>
        </con:assertion>
      </con:entry>
      <con:entry>
        <con:id>d57ce3a0-2d08-4b52-b6ed-449f1f0b5f70</con:id>
        <con:isGroup>false</con:isGroup>
        <con:sourceId>f191f029-50ac-4478-8d33-2dbb47ef5f26</con:sourceId>
        <con:propertyName>res_transactionalAccountAmount</con:propertyName>
        <con:assertion type="Simple Equals" name="Equals 3" id="7738287c-3cf1-4ea4-8363-66f850cb31ad">
          <con:configuration>
            <patternObjectId>7b36e533-bd09-4c6d-b739-a332d85dfc4f</patternObjectId>
            <patternProperty>amount</patternProperty>
            <caseSensitive>true</caseSensitive>
          </con:configuration>
        </con:assertion>
      </con:entry>
    </con:config>
  </con:testStep>
  <con:testStep type="transfer" name="Get first user balance  by id before money transfer - Property Transfer" id="8822b080-666d-4382-b883-4794db75ca6c">
    <con:settings/>
    <con:config xsi:type="con:PropertyTransfersStep" xmlns:xsi="http://www.w3.org/2001/XMLSchema-instance">
      <con:transfers setNullOnMissingSource="true" transferTextContent="true" failOnError="true" ignoreEmpty="false" transferToAll="false" entitize="false" transferChildNodes="false">
        <con:name>accountId</con:name>
        <con:sourceType>req_fromAccountId</con:sourceType>
        <con:sourceStep>#TestCase#</con:sourceStep>
        <con:sourcePath/>
        <con:targetType>req_id</con:targetType>
        <con:targetStep>Get first user balance  by id before money transfer 4</con:targetStep>
        <con:targetPath/>
        <con:upgraded>true</con:upgraded>
      </con:transfers>
    </con:config>
  </con:testStep>
  <con:testStep type="calltestcase" name="Get first user balance  by id before money transfer 4" id="f885c505-99dc-4c16-9eee-4943fec1955e">
    <con:settings/>
    <con:config xsi:type="con:RunTestCaseStep" xmlns:xsi="http://www.w3.org/2001/XMLSchema-instance">
      <con:targetTestCase>b8b1a13e-5ebf-4cd2-aaa1-f6546151c21a</con:targetTestCase>
      <con:properties>
        <con:property>
          <con:name>req_id</con:name>
          <con:value>16</con:value>
        </con:property>
        <con:property>
          <con:name>res_balance</con:name>
          <con:value>{"id":16,"name":"User Account : John Smith-name-sfa039e7f-705b-4cca-9a4a-5dcb0c31ddf8","accountType":1,"balance":{"roundedAmount":-99.99,"notRoundedAmount":-99.9900,"currency":"EUR"},"isVisible":true,"dynamicMap":{},"type":"com.ericsson.bss.rm.erms.core.entity.dto.pm.AccountDTO"}</con:value>
        </con:property>
        <con:property>
          <con:name>res_roundedAmount</con:name>
          <con:value>-99.99</con:value>
        </con:property>
      </con:properties>
      <con:returnProperties>
        <con:entry>res_balance</con:entry>
        <con:entry>res_roundedAmount</con:entry>
      </con:returnProperties>
      <con:runMode>PARALLELL</con:runMode>
    </con:config>
  </con:testStep>
  <con:testStep type="datagen" name="DataGen roundedAmount conversion 5" id="e9fab55a-0f2c-45f2-ac9e-ade220d60e22">
    <con:settings/>
    <con:config xsi:type="con:DataGeneratorStep" xmlns:xsi="http://www.w3.org/2001/XMLSchema-instance">
      <con:property type="Script">
        <con:configuration>
          <script>def res_roundedAmount = context.expand( '${Get first user balance  by id before money transfer 4#res_roundedAmount}' )

if (res_roundedAmount=="0") {
testRunner.testCase.testSteps['Get first user balance  by id before money transfer 4'].setPropertyValue("res_roundedAmount","0.0");
}</script>
        </con:configuration>
        <con:name>roundedAmount</con:name>
        <con:mode>STEP</con:mode>
        <con:shared>false</con:shared>
      </con:property>
    </con:config>
  </con:testStep>
  <con:testStep type="assertionteststep" name="Assertion check first user initial balance" id="2b1e5e45-baef-4443-a303-98df6f7e9924">
    <con:settings/>
    <con:config xsi:type="con:AssertionTestStep" xmlns:xsi="http://www.w3.org/2001/XMLSchema-instance">
      <con:entry>
        <con:id>80ed432d-c95a-43e0-99ca-073f6f503c0c</con:id>
        <con:isGroup>false</con:isGroup>
        <con:sourceId>f885c505-99dc-4c16-9eee-4943fec1955e</con:sourceId>
        <con:propertyName>res_roundedAmount</con:propertyName>
        <con:assertion type="Simple Equals" name="Equals" id="f664e503-0ae4-4e66-af1d-58488f559b2c">
          <con:configuration>
            <patternObjectId>7b36e533-bd09-4c6d-b739-a332d85dfc4f</patternObjectId>
            <patternProperty>amountNegative</patternProperty>
            <caseSensitive>true</caseSensitive>
          </con:configuration>
        </con:assertion>
      </con:entry>
    </con:config>
  </con:testStep>
  <con:testStep type="transfer" name="Get second user balance  by id before money transfer - Property Transfer" id="4c78660b-52e4-462f-b9c6-6e174b562ce1">
    <con:settings/>
    <con:config xsi:type="con:PropertyTransfersStep" xmlns:xsi="http://www.w3.org/2001/XMLSchema-instance">
      <con:transfers setNullOnMissingSource="true" transferTextContent="true" failOnError="true" ignoreEmpty="false" transferToAll="false" entitize="false" transferChildNodes="false">
        <con:name>accountId</con:name>
        <con:sourceType>req_toAccountId</con:sourceType>
        <con:sourceStep>#TestCase#</con:sourceStep>
        <con:sourcePath/>
        <con:targetType>req_id</con:targetType>
        <con:targetStep>Get second user balance  by id before money transfer 4</con:targetStep>
        <con:targetPath/>
        <con:upgraded>true</con:upgraded>
      </con:transfers>
    </con:config>
  </con:testStep>
  <con:testStep type="calltestcase" name="Get second user balance  by id before money transfer 4" id="8db093d0-f487-4768-9ca6-8d8620a19c9f">
    <con:settings/>
    <con:config xsi:type="con:RunTestCaseStep" xmlns:xsi="http://www.w3.org/2001/XMLSchema-instance">
      <con:targetTestCase>b8b1a13e-5ebf-4cd2-aaa1-f6546151c21a</con:targetTestCase>
      <con:properties>
        <con:property>
          <con:name>req_id</con:name>
          <con:value>17</con:value>
        </con:property>
        <con:property>
          <con:name>res_balance</con:name>
          <con:value>{"id":17,"name":"User Account : third-user-1stName-5816d53e-9117-4577-941b-e0ec4dda0b43 third-user-lastName-6dfd4887-b6d7-47eb-98dc-1176803d1750-name-sfa039e7f-705b-4cca-9a4a-5dcb0c31ddf8","accountType":1,"balance":{"roundedAmount":99.99,"notRoundedAmount":99.9900,"currency":"EUR"},"isVisible":true,"dynamicMap":{},"type":"com.ericsson.bss.rm.erms.core.entity.dto.pm.AccountDTO"}</con:value>
        </con:property>
        <con:property>
          <con:name>res_roundedAmount</con:name>
          <con:value>99.99</con:value>
        </con:property>
      </con:properties>
      <con:returnProperties>
        <con:entry>res_balance</con:entry>
        <con:entry>res_roundedAmount</con:entry>
      </con:returnProperties>
      <con:runMode>PARALLELL</con:runMode>
    </con:config>
  </con:testStep>
  <con:testStep type="datagen" name="DataGen roundedAmount conversion 6" id="8751bbe0-6f84-47b0-919f-73e9abc0e170">
    <con:settings/>
    <con:config xsi:type="con:DataGeneratorStep" xmlns:xsi="http://www.w3.org/2001/XMLSchema-instance">
      <con:property type="Script">
        <con:configuration>
          <script>def res_roundedAmount = context.expand( '${Get second user balance  by id before money transfer 4#res_roundedAmount}' )

if (res_roundedAmount=="0") {
testRunner.testCase.testSteps['Get second user balance  by id before money transfer 4'].setPropertyValue("res_roundedAmount","0.0");
}</script>
        </con:configuration>
        <con:name>roundedAmount</con:name>
        <con:mode>STEP</con:mode>
        <con:shared>false</con:shared>
      </con:property>
    </con:config>
  </con:testStep>
  <con:testStep type="assertionteststep" name="Assertion check second user initial balance" id="1b71f5ec-13eb-4dcc-91ae-5161bf70a695">
    <con:settings/>
    <con:config xsi:type="con:AssertionTestStep" xmlns:xsi="http://www.w3.org/2001/XMLSchema-instance">
      <con:entry>
        <con:id>13669851-4dee-4559-9614-848457a064ef</con:id>
        <con:isGroup>false</con:isGroup>
        <con:sourceId>8db093d0-f487-4768-9ca6-8d8620a19c9f</con:sourceId>
        <con:propertyName>res_roundedAmount</con:propertyName>
        <con:assertion type="Simple Equals" name="Equals" id="2b772326-3003-4994-9f60-992d1feb47dd">
          <con:configuration>
            <patternObjectId>7b36e533-bd09-4c6d-b739-a332d85dfc4f</patternObjectId>
            <patternProperty>amount</patternProperty>
            <caseSensitive>true</caseSensitive>
          </con:configuration>
        </con:assertion>
      </con:entry>
    </con:config>
  </con:testStep>
  <con:testStep type="transfer" name="Create money transfer with session - Property Transfer" id="d50e33f3-e952-47b9-a544-e190dd9e937a">
    <con:settings/>
    <con:config xsi:type="con:PropertyTransfersStep" xmlns:xsi="http://www.w3.org/2001/XMLSchema-instance">
      <con:transfers setNullOnMissingSource="true" transferTextContent="true" failOnError="true" ignoreEmpty="false" transferToAll="false" entitize="false" transferChildNodes="false">
        <con:name>userRoleId</con:name>
        <con:sourceType>DefaultUserRoleId</con:sourceType>
        <con:sourceStep>#Project#</con:sourceStep>
        <con:sourcePath/>
        <con:targetType>req_userRoleId</con:targetType>
        <con:targetStep>### Same from>to with session > Create money transfer with session 5</con:targetStep>
        <con:targetPath/>
        <con:upgraded>true</con:upgraded>
      </con:transfers>
      <con:transfers setNullOnMissingSource="true" transferTextContent="true" failOnError="true" ignoreEmpty="false" transferToAll="false" entitize="false" transferChildNodes="false">
        <con:name>bispec</con:name>
        <con:sourceType>biSpecCode</con:sourceType>
        <con:sourceStep>Given properties for the test steps</con:sourceStep>
        <con:targetType>req_biSpec</con:targetType>
        <con:targetStep>### Same from>to with session > Create money transfer with session 5</con:targetStep>
        <con:upgraded>true</con:upgraded>
      </con:transfers>
      <con:transfers setNullOnMissingSource="true" transferTextContent="true" failOnError="true" ignoreEmpty="false" transferToAll="false" entitize="false" transferChildNodes="false">
        <con:name>salesorganizationRoleId</con:name>
        <con:sourceType>DefaultSalesOrganizationRoleId</con:sourceType>
        <con:sourceStep>#Project#</con:sourceStep>
        <con:targetType>req_salesOrganizationRoleId</con:targetType>
        <con:targetStep>### Same from>to with session > Create money transfer with session 5</con:targetStep>
        <con:upgraded>true</con:upgraded>
      </con:transfers>
      <con:transfers setNullOnMissingSource="true" transferTextContent="true" failOnError="true" ignoreEmpty="false" transferToAll="false" entitize="false" transferChildNodes="false">
        <con:name>userToken</con:name>
        <con:sourceType>emptyValue</con:sourceType>
        <con:sourceStep>Given properties for the test steps</con:sourceStep>
        <con:targetType>AuthorizationUser</con:targetType>
        <con:targetStep>#Project#</con:targetStep>
        <con:upgraded>true</con:upgraded>
      </con:transfers>
      <con:transfers setNullOnMissingSource="true" transferTextContent="true" failOnError="true" ignoreEmpty="false" transferToAll="false" entitize="false" transferChildNodes="false">
        <con:name>userSo</con:name>
        <con:sourceType>emptyValue</con:sourceType>
        <con:sourceStep>Given properties for the test steps</con:sourceStep>
        <con:targetType>UserSo</con:targetType>
        <con:targetStep>#Project#</con:targetStep>
        <con:upgraded>true</con:upgraded>
      </con:transfers>
    </con:config>
  </con:testStep>
  <con:testStep type="calltestcase" name="### Same from>to with session > Create money transfer with session 5" id="34afdcdd-053a-480a-90ed-e0048a07778a">
    <con:settings/>
    <con:config xsi:type="con:RunTestCaseStep" xmlns:xsi="http://www.w3.org/2001/XMLSchema-instance">
      <con:targetTestCase>a62f64ed-8854-4137-92dc-6a6a778fdc60</con:targetTestCase>
      <con:properties>
        <con:property>
          <con:name>req_userRoleId</con:name>
          <con:value>2</con:value>
        </con:property>
        <con:property>
          <con:name>req_salesOrganizationRoleId</con:name>
          <con:value>1</con:value>
        </con:property>
        <con:property>
          <con:name>req_biSpec</con:name>
          <con:value>MONEYTRSPECCODE</con:value>
        </con:property>
        <con:property>
          <con:name>res_code</con:name>
          <con:value>201</con:value>
        </con:property>
        <con:property>
          <con:name>res_biId</con:name>
          <con:value>791</con:value>
        </con:property>
        <con:property>
          <con:name>res_errorMessage</con:name>
        </con:property>
      </con:properties>
      <con:returnProperties>
        <con:entry>res_code</con:entry>
        <con:entry>res_biId</con:entry>
      </con:returnProperties>
      <con:runMode>PARALLELL</con:runMode>
    </con:config>
  </con:testStep>
  <con:testStep type="assertionteststep" name="Assertion check response code 3" id="80e4695f-f513-4d65-9113-4f8840af7a34">
    <con:settings/>
    <con:config xsi:type="con:AssertionTestStep" xmlns:xsi="http://www.w3.org/2001/XMLSchema-instance">
      <con:entry>
        <con:id>92fdf774-0b72-475f-8c76-d8d1c6465b2e</con:id>
        <con:isGroup>false</con:isGroup>
        <con:sourceId>34afdcdd-053a-480a-90ed-e0048a07778a</con:sourceId>
        <con:propertyName>res_biId</con:propertyName>
        <con:assertion type="Simple Contains" name="Contains 2" id="5802b6c7-c8aa-4362-9ed8-c34779bcde0f">
          <con:configuration>
            <token>\d+</token>
            <ignoreCase>false</ignoreCase>
            <useRegEx>true</useRegEx>
          </con:configuration>
        </con:assertion>
      </con:entry>
      <con:entry>
        <con:id>d0fa6ed3-b8c8-4c02-9ba4-44d60ef0e4a7</con:id>
        <con:isGroup>false</con:isGroup>
        <con:sourceId>34afdcdd-053a-480a-90ed-e0048a07778a</con:sourceId>
        <con:propertyName>res_code</con:propertyName>
        <con:assertion type="Simple Equals" name="Equals" id="d67e3371-1ea0-4c97-b75d-e69bb64717de">
          <con:configuration>
            <patternObjectId>7b36e533-bd09-4c6d-b739-a332d85dfc4f</patternObjectId>
            <patternProperty>res_201</patternProperty>
            <caseSensitive>true</caseSensitive>
          </con:configuration>
        </con:assertion>
      </con:entry>
    </con:config>
  </con:testStep>
  <con:testStep type="transfer" name="Add item to money transfer with session - Property Transfer" id="ab8c6f0c-107d-441b-b368-59954edbb792">
    <con:settings/>
    <con:config xsi:type="con:PropertyTransfersStep" xmlns:xsi="http://www.w3.org/2001/XMLSchema-instance">
      <con:transfers setNullOnMissingSource="true" transferTextContent="true" failOnError="true" ignoreEmpty="false" transferToAll="false" entitize="false" transferChildNodes="false">
        <con:name>biId</con:name>
        <con:sourceType>res_biId</con:sourceType>
        <con:sourceStep>### Same from>to with session > Create money transfer with session 5</con:sourceStep>
        <con:sourcePath/>
        <con:targetType>req_biId</con:targetType>
        <con:targetStep>Add item to money transfer  with session from>to same user 5</con:targetStep>
        <con:targetPath/>
        <con:upgraded>true</con:upgraded>
      </con:transfers>
      <con:transfers setNullOnMissingSource="true" transferTextContent="true" failOnError="true" ignoreEmpty="false" transferToAll="false" entitize="false" transferChildNodes="false">
        <con:name>fromAccount</con:name>
        <con:sourceType>req_fromAccountId</con:sourceType>
        <con:sourceStep>#TestCase#</con:sourceStep>
        <con:targetType>req_fromAccountId</con:targetType>
        <con:targetStep>Add item to money transfer  with session from>to same user 5</con:targetStep>
        <con:upgraded>true</con:upgraded>
      </con:transfers>
      <con:transfers setNullOnMissingSource="true" transferTextContent="true" failOnError="true" ignoreEmpty="false" transferToAll="false" entitize="false" transferChildNodes="false">
        <con:name>toAccount</con:name>
        <con:sourceType>req_fromAccountId</con:sourceType>
        <con:sourceStep>#TestCase#</con:sourceStep>
        <con:targetType>req_toAccountId</con:targetType>
        <con:targetStep>Add item to money transfer  with session from>to same user 5</con:targetStep>
        <con:upgraded>true</con:upgraded>
      </con:transfers>
      <con:transfers setNullOnMissingSource="true" transferTextContent="true" failOnError="true" ignoreEmpty="false" transferToAll="false" entitize="false" transferChildNodes="false">
        <con:name>amount</con:name>
        <con:sourceType>amount</con:sourceType>
        <con:sourceStep>Given properties for the test steps</con:sourceStep>
        <con:targetType>req_amount</con:targetType>
        <con:targetStep>Add item to money transfer  with session from>to same user 5</con:targetStep>
        <con:upgraded>true</con:upgraded>
      </con:transfers>
      <con:transfers setNullOnMissingSource="true" transferTextContent="true" failOnError="true" ignoreEmpty="false" transferToAll="false" entitize="false" transferChildNodes="false">
        <con:name>currency</con:name>
        <con:sourceType>currency</con:sourceType>
        <con:sourceStep>Given properties for the test steps</con:sourceStep>
        <con:targetType>req_currency</con:targetType>
        <con:targetStep>Add item to money transfer  with session from>to same user 5</con:targetStep>
        <con:upgraded>true</con:upgraded>
      </con:transfers>
      <con:transfers setNullOnMissingSource="true" transferTextContent="true" failOnError="true" ignoreEmpty="false" transferToAll="false" entitize="false" transferChildNodes="false">
        <con:name>roundedAmount</con:name>
        <con:sourceType>roundedAmount</con:sourceType>
        <con:sourceStep>Given properties for the test steps</con:sourceStep>
        <con:targetType>req_roundedAmount</con:targetType>
        <con:targetStep>Add item to money transfer  with session from>to same user 5</con:targetStep>
        <con:upgraded>true</con:upgraded>
      </con:transfers>
    </con:config>
  </con:testStep>
  <con:testStep type="calltestcase" name="Add item to money transfer  with session from>to same user 5" id="42eb8ebb-55d2-4dfe-9ca4-dab48a1198e9">
    <con:settings/>
    <con:config xsi:type="con:RunTestCaseStep" xmlns:xsi="http://www.w3.org/2001/XMLSchema-instance">
      <con:targetTestCase>71dd28d9-9244-41c7-8ab3-83bd246d05c1</con:targetTestCase>
      <con:properties>
        <con:property>
          <con:name>req_biId</con:name>
          <con:value>791</con:value>
        </con:property>
        <con:property>
          <con:name>req_fromAccountId</con:name>
          <con:value>16</con:value>
        </con:property>
        <con:property>
          <con:name>req_toAccountId</con:name>
          <con:value>16</con:value>
        </con:property>
        <con:property>
          <con:name>req_amount</con:name>
          <con:value>99.99</con:value>
        </con:property>
        <con:property>
          <con:name>req_currency</con:name>
          <con:value>EUR</con:value>
        </con:property>
        <con:property>
          <con:name>req_roundedAmount</con:name>
          <con:value>99.99</con:value>
        </con:property>
        <con:property>
          <con:name>res_code</con:name>
          <con:value>400</con:value>
        </con:property>
        <con:property>
          <con:name>res_id</con:name>
          <con:value xsi:nil="true"/>
        </con:property>
        <con:property>
          <con:name>res_itemId</con:name>
          <con:value xsi:nil="true"/>
        </con:property>
        <con:property>
          <con:name>res_errorMessage</con:name>
          <con:value>FROM_AND_TO_ACCOUNT_CAN_NOT_BE_SAME</con:value>
        </con:property>
        <con:property>
          <con:name>req_monetaryType</con:name>
        </con:property>
      </con:properties>
      <con:returnProperties>
        <con:entry>res_code</con:entry>
        <con:entry>res_id</con:entry>
        <con:entry>res_itemId</con:entry>
        <con:entry>res_errorMessage</con:entry>
      </con:returnProperties>
      <con:runMode>PARALLELL</con:runMode>
    </con:config>
  </con:testStep>
  <con:testStep type="assertionteststep" name="Assertion check response code 4" id="cc3fcdf1-bfb9-4152-a33b-fbe2482aadef">
    <con:settings/>
    <con:config xsi:type="con:AssertionTestStep" xmlns:xsi="http://www.w3.org/2001/XMLSchema-instance">
      <con:entry>
        <con:id>5f3864d8-5b77-4ae1-a5b6-07a851769973</con:id>
        <con:isGroup>false</con:isGroup>
        <con:sourceId>42eb8ebb-55d2-4dfe-9ca4-dab48a1198e9</con:sourceId>
        <con:propertyName>res_code</con:propertyName>
        <con:assertion type="Simple Equals" name="Equals" id="9d949a23-b8f4-498a-9db5-73d8f64f10a1">
          <con:configuration>
            <patternObjectId>7b36e533-bd09-4c6d-b739-a332d85dfc4f</patternObjectId>
            <patternProperty>res_400</patternProperty>
            <caseSensitive>true</caseSensitive>
          </con:configuration>
        </con:assertion>
      </con:entry>
      <con:entry>
        <con:id>1085f663-101c-4975-a52a-4bb05c4207c2</con:id>
        <con:isGroup>false</con:isGroup>
        <con:sourceId>42eb8ebb-55d2-4dfe-9ca4-dab48a1198e9</con:sourceId>
        <con:propertyName>res_errorMessage</con:propertyName>
        <con:assertion type="Simple Equals" name="Equals 2" id="c195e3cc-501e-4227-9d1d-94c40e8557bd">
          <con:configuration>
            <patternObjectId>7b36e533-bd09-4c6d-b739-a332d85dfc4f</patternObjectId>
            <patternProperty>fromAndToCannotBeSame</patternProperty>
            <caseSensitive>true</caseSensitive>
          </con:configuration>
        </con:assertion>
      </con:entry>
    </con:config>
  </con:testStep>
  <con:testStep type="transfer" name="Submit money transfer - Property Transfer" id="24705a83-49e5-4771-b578-454d6b0964ab">
    <con:settings/>
    <con:config xsi:type="con:PropertyTransfersStep" xmlns:xsi="http://www.w3.org/2001/XMLSchema-instance">
      <con:transfers setNullOnMissingSource="true" transferTextContent="true" failOnError="true" ignoreEmpty="false" transferToAll="false" entitize="false" transferChildNodes="false">
        <con:name>biId</con:name>
        <con:sourceType>res_biId</con:sourceType>
        <con:sourceStep>### Same from>to with session > Create money transfer with session 5</con:sourceStep>
        <con:sourcePath/>
        <con:targetType>req_biId</con:targetType>
        <con:targetStep>Submit money transfer with session fail</con:targetStep>
        <con:targetPath/>
        <con:upgraded>true</con:upgraded>
      </con:transfers>
    </con:config>
  </con:testStep>
  <con:testStep type="calltestcase" name="Submit money transfer with session fail" id="8e3dde6c-13bf-4916-9728-2ad9002c5df7">
    <con:settings/>
    <con:config xsi:type="con:RunTestCaseStep" xmlns:xsi="http://www.w3.org/2001/XMLSchema-instance">
      <con:targetTestCase>18056452-99e8-45b5-8fcd-29f9985f9310</con:targetTestCase>
      <con:properties>
        <con:property>
          <con:name>req_biId</con:name>
          <con:value>791</con:value>
        </con:property>
        <con:property>
          <con:name>res_code</con:name>
          <con:value>400</con:value>
        </con:property>
        <con:property>
          <con:name>res_biId</con:name>
          <con:value xsi:nil="true"/>
        </con:property>
        <con:property>
          <con:name>res_errorMessage</con:name>
          <con:value>BI_CAN_NOT_BE_SUBMITTED_WITHOUT_ITEMS</con:value>
        </con:property>
      </con:properties>
      <con:returnProperties>
        <con:entry>res_code</con:entry>
        <con:entry>res_biId</con:entry>
        <con:entry>res_errorMessage</con:entry>
      </con:returnProperties>
      <con:runMode>PARALLELL</con:runMode>
    </con:config>
  </con:testStep>
  <con:testStep type="assertionteststep" name="Assertion check response code 5" id="71147384-e31b-4a4c-a6f8-f78bf4299ee9">
    <con:settings/>
    <con:config xsi:type="con:AssertionTestStep" xmlns:xsi="http://www.w3.org/2001/XMLSchema-instance">
      <con:entry>
        <con:id>4a7ad462-5000-4e06-b6e7-3e1c797c95fb</con:id>
        <con:isGroup>false</con:isGroup>
        <con:sourceId>8e3dde6c-13bf-4916-9728-2ad9002c5df7</con:sourceId>
        <con:propertyName>res_code</con:propertyName>
        <con:assertion type="Simple Equals" name="Equals" id="d70866d1-3768-4889-91f2-2a691e713352">
          <con:configuration>
            <patternObjectId>7b36e533-bd09-4c6d-b739-a332d85dfc4f</patternObjectId>
            <patternProperty>res_400</patternProperty>
            <caseSensitive>true</caseSensitive>
          </con:configuration>
        </con:assertion>
      </con:entry>
      <con:entry>
        <con:id>146568b6-5ebf-413d-9568-bb6387428bab</con:id>
        <con:isGroup>false</con:isGroup>
        <con:sourceId>8e3dde6c-13bf-4916-9728-2ad9002c5df7</con:sourceId>
        <con:propertyName>res_errorMessage</con:propertyName>
        <con:assertion type="Simple Equals" name="Equals 2" id="e5819f01-ab43-4fa3-8674-461aaa350405">
          <con:configuration>
            <patternObjectId>7b36e533-bd09-4c6d-b739-a332d85dfc4f</patternObjectId>
            <patternProperty>biCannotSubmitWithoutItems</patternProperty>
            <caseSensitive>true</caseSensitive>
          </con:configuration>
        </con:assertion>
      </con:entry>
    </con:config>
  </con:testStep>
  <con:testStep type="transfer" name="Create money transfer with session 6 - Property Transfer" id="9ec2f351-2bd1-4e9b-8723-441ac7463c01">
    <con:settings/>
    <con:config xsi:type="con:PropertyTransfersStep" xmlns:xsi="http://www.w3.org/2001/XMLSchema-instance">
      <con:transfers setNullOnMissingSource="true" transferTextContent="true" failOnError="true" ignoreEmpty="false" transferToAll="false" entitize="false" transferChildNodes="false">
        <con:name>userRoleId</con:name>
        <con:sourceType>DefaultUserRoleId</con:sourceType>
        <con:sourceStep>#Project#</con:sourceStep>
        <con:sourcePath/>
        <con:targetType>req_userRoleId</con:targetType>
        <con:targetStep>### Different from>to with session Create money transfer with session 6</con:targetStep>
        <con:targetPath/>
        <con:upgraded>true</con:upgraded>
      </con:transfers>
      <con:transfers setNullOnMissingSource="true" transferTextContent="true" failOnError="true" ignoreEmpty="false" transferToAll="false" entitize="false" transferChildNodes="false">
        <con:name>biSpec</con:name>
        <con:sourceType>biSpecCode</con:sourceType>
        <con:sourceStep>Given properties for the test steps</con:sourceStep>
        <con:targetType>req_biSpec</con:targetType>
        <con:targetStep>### Different from>to with session Create money transfer with session 6</con:targetStep>
        <con:upgraded>true</con:upgraded>
      </con:transfers>
      <con:transfers setNullOnMissingSource="true" transferTextContent="true" failOnError="true" ignoreEmpty="false" transferToAll="false" entitize="false" transferChildNodes="false">
        <con:name>salesOrganizationRoleId</con:name>
        <con:sourceType>res_salesOrgId</con:sourceType>
        <con:sourceStep>Create sales organization, user, inventory and terminal</con:sourceStep>
        <con:targetType>req_salesOrganizationRoleId</con:targetType>
        <con:targetStep>### Different from>to with session Create money transfer with session 6</con:targetStep>
        <con:upgraded>true</con:upgraded>
      </con:transfers>
    </con:config>
  </con:testStep>
  <con:testStep type="calltestcase" name="### Different from>to with session Create money transfer with session 6" id="8928f53d-039a-42d8-8402-7ef8803388a1">
    <con:settings/>
    <con:config xsi:type="con:RunTestCaseStep" xmlns:xsi="http://www.w3.org/2001/XMLSchema-instance">
      <con:targetTestCase>a62f64ed-8854-4137-92dc-6a6a778fdc60</con:targetTestCase>
      <con:properties>
        <con:property>
          <con:name>req_userRoleId</con:name>
          <con:value>2</con:value>
        </con:property>
        <con:property>
          <con:name>req_salesOrganizationRoleId</con:name>
          <con:value>35</con:value>
        </con:property>
        <con:property>
          <con:name>req_biSpec</con:name>
          <con:value>MONEYTRSPECCODE</con:value>
        </con:property>
        <con:property>
          <con:name>res_code</con:name>
          <con:value>201</con:value>
        </con:property>
        <con:property>
          <con:name>res_biId</con:name>
          <con:value>801</con:value>
        </con:property>
        <con:property>
          <con:name>res_errorMessage</con:name>
        </con:property>
      </con:properties>
      <con:returnProperties>
        <con:entry>res_code</con:entry>
        <con:entry>res_biId</con:entry>
      </con:returnProperties>
      <con:runMode>PARALLELL</con:runMode>
    </con:config>
  </con:testStep>
  <con:testStep type="assertionteststep" name="Assertion check response code 6" id="cacbca3a-d89a-4167-89da-d738585d083a">
    <con:settings/>
    <con:config xsi:type="con:AssertionTestStep" xmlns:xsi="http://www.w3.org/2001/XMLSchema-instance">
      <con:entry>
        <con:id>a5b8df85-7f8b-49ba-9872-0fbca4864692</con:id>
        <con:isGroup>false</con:isGroup>
        <con:sourceId>8928f53d-039a-42d8-8402-7ef8803388a1</con:sourceId>
        <con:propertyName>res_code</con:propertyName>
        <con:assertion type="Simple Equals" name="Equals" id="c52a8f9d-0b80-44e5-b095-a15a503f6459">
          <con:configuration>
            <patternText>201</patternText>
            <caseSensitive>true</caseSensitive>
          </con:configuration>
        </con:assertion>
      </con:entry>
    </con:config>
  </con:testStep>
  <con:testStep type="transfer" name="Add item to money transfer with session 2 - Property Transfer" id="a9c375cc-f460-4032-a0c0-22dca1a92a1f">
    <con:settings/>
    <con:config xsi:type="con:PropertyTransfersStep" xmlns:xsi="http://www.w3.org/2001/XMLSchema-instance">
      <con:transfers setNullOnMissingSource="true" transferTextContent="true" failOnError="true" ignoreEmpty="false" transferToAll="false" entitize="false" transferChildNodes="false">
        <con:name>biId</con:name>
        <con:sourceType>res_biId</con:sourceType>
        <con:sourceStep>### Different from>to with session Create money transfer with session 6</con:sourceStep>
        <con:sourcePath/>
        <con:targetType>req_biId</con:targetType>
        <con:targetStep>Add item to money transfer  with session from>to different user 5</con:targetStep>
        <con:targetPath/>
        <con:upgraded>true</con:upgraded>
      </con:transfers>
      <con:transfers setNullOnMissingSource="true" transferTextContent="true" failOnError="true" ignoreEmpty="false" transferToAll="false" entitize="false" transferChildNodes="false">
        <con:name>fromAccount</con:name>
        <con:sourceType>req_fromAccountId</con:sourceType>
        <con:sourceStep>#TestCase#</con:sourceStep>
        <con:targetType>req_fromAccountId</con:targetType>
        <con:targetStep>Add item to money transfer  with session from>to different user 5</con:targetStep>
        <con:upgraded>true</con:upgraded>
      </con:transfers>
      <con:transfers setNullOnMissingSource="true" transferTextContent="true" failOnError="true" ignoreEmpty="false" transferToAll="false" entitize="false" transferChildNodes="false">
        <con:name>toAccount</con:name>
        <con:sourceType>req_toAccountId</con:sourceType>
        <con:sourceStep>#TestCase#</con:sourceStep>
        <con:targetType>req_toAccountId</con:targetType>
        <con:targetStep>Add item to money transfer  with session from>to different user 5</con:targetStep>
        <con:upgraded>true</con:upgraded>
      </con:transfers>
      <con:transfers setNullOnMissingSource="true" transferTextContent="true" failOnError="true" ignoreEmpty="false" transferToAll="false" entitize="false" transferChildNodes="false">
        <con:name>amount</con:name>
        <con:sourceType>amount</con:sourceType>
        <con:sourceStep>Given properties for the test steps</con:sourceStep>
        <con:targetType>req_amount</con:targetType>
        <con:targetStep>Add item to money transfer  with session from>to different user 5</con:targetStep>
        <con:upgraded>true</con:upgraded>
      </con:transfers>
      <con:transfers setNullOnMissingSource="true" transferTextContent="true" failOnError="true" ignoreEmpty="false" transferToAll="false" entitize="false" transferChildNodes="false">
        <con:name>currency</con:name>
        <con:sourceType>currency</con:sourceType>
        <con:sourceStep>Given properties for the test steps</con:sourceStep>
        <con:targetType>req_currency</con:targetType>
        <con:targetStep>Add item to money transfer  with session from>to different user 5</con:targetStep>
        <con:upgraded>true</con:upgraded>
      </con:transfers>
      <con:transfers setNullOnMissingSource="true" transferTextContent="true" failOnError="true" ignoreEmpty="false" transferToAll="false" entitize="false" transferChildNodes="false">
        <con:name>roundedAmount</con:name>
        <con:sourceType>roundedAmount</con:sourceType>
        <con:sourceStep>Given properties for the test steps</con:sourceStep>
        <con:targetType>req_roundedAmount</con:targetType>
        <con:targetStep>Add item to money transfer  with session from>to different user 5</con:targetStep>
        <con:upgraded>true</con:upgraded>
      </con:transfers>
    </con:config>
  </con:testStep>
  <con:testStep type="calltestcase" name="Add item to money transfer  with session from>to different user 5" id="3f432181-f446-4c9f-90f5-951a6305799b">
    <con:settings/>
    <con:config xsi:type="con:RunTestCaseStep" xmlns:xsi="http://www.w3.org/2001/XMLSchema-instance">
      <con:targetTestCase>71dd28d9-9244-41c7-8ab3-83bd246d05c1</con:targetTestCase>
      <con:properties>
        <con:property>
          <con:name>req_biId</con:name>
          <con:value>801</con:value>
        </con:property>
        <con:property>
          <con:name>req_fromAccountId</con:name>
          <con:value>16</con:value>
        </con:property>
        <con:property>
          <con:name>req_toAccountId</con:name>
          <con:value>17</con:value>
        </con:property>
        <con:property>
          <con:name>req_amount</con:name>
          <con:value>99.99</con:value>
        </con:property>
        <con:property>
          <con:name>req_currency</con:name>
          <con:value>EUR</con:value>
        </con:property>
        <con:property>
          <con:name>req_roundedAmount</con:name>
          <con:value>99.99</con:value>
        </con:property>
        <con:property>
          <con:name>res_code</con:name>
          <con:value>201</con:value>
        </con:property>
        <con:property>
          <con:name>res_id</con:name>
          <con:value xsi:nil="true"/>
        </con:property>
        <con:property>
          <con:name>res_itemId</con:name>
          <con:value>316</con:value>
        </con:property>
        <con:property>
          <con:name>res_errorMessage</con:name>
          <con:value xsi:nil="true"/>
        </con:property>
        <con:property>
          <con:name>req_monetaryType</con:name>
        </con:property>
      </con:properties>
      <con:returnProperties>
        <con:entry>res_code</con:entry>
        <con:entry>res_id</con:entry>
        <con:entry>res_itemId</con:entry>
        <con:entry>res_errorMessage</con:entry>
      </con:returnProperties>
      <con:runMode>PARALLELL</con:runMode>
    </con:config>
  </con:testStep>
  <con:testStep type="assertionteststep" name="Assertion check add item success" id="07a417f3-1793-4d09-86d5-ad6232be2c1a">
    <con:settings/>
    <con:config xsi:type="con:AssertionTestStep" xmlns:xsi="http://www.w3.org/2001/XMLSchema-instance">
      <con:entry>
        <con:id>b1fe9a4a-521e-4c7d-877b-90f8cee73947</con:id>
        <con:isGroup>false</con:isGroup>
        <con:sourceId>3f432181-f446-4c9f-90f5-951a6305799b</con:sourceId>
        <con:propertyName>res_itemId</con:propertyName>
        <con:assertion type="Simple Contains" name="Contains" id="0ac1d702-6f95-433a-b070-48134c070345">
          <con:configuration>
            <token>\d+</token>
            <ignoreCase>false</ignoreCase>
            <useRegEx>true</useRegEx>
          </con:configuration>
        </con:assertion>
      </con:entry>
      <con:entry>
        <con:id>7f76db4b-122d-4539-b2b4-27e925a942fb</con:id>
        <con:isGroup>false</con:isGroup>
        <con:sourceId>3f432181-f446-4c9f-90f5-951a6305799b</con:sourceId>
        <con:propertyName>res_code</con:propertyName>
        <con:assertion type="Simple Equals" name="Equals" id="a8565b0e-a814-4836-9cdb-22495d9aeaa4">
          <con:configuration>
            <patternObjectId>7b36e533-bd09-4c6d-b739-a332d85dfc4f</patternObjectId>
            <patternProperty>res_201</patternProperty>
            <caseSensitive>true</caseSensitive>
          </con:configuration>
        </con:assertion>
      </con:entry>
    </con:config>
  </con:testStep>
  <con:testStep type="transfer" name="Get first user after  by id before money transfer 5 - Property Transfer" id="d40118ea-3e32-47f9-8dac-028f0c17db14">
    <con:settings/>
    <con:config xsi:type="con:PropertyTransfersStep" xmlns:xsi="http://www.w3.org/2001/XMLSchema-instance">
      <con:transfers setNullOnMissingSource="true" transferTextContent="true" failOnError="true" ignoreEmpty="false" transferToAll="false" entitize="false" transferChildNodes="false">
        <con:name>accountId</con:name>
        <con:sourceType>req_fromAccountId</con:sourceType>
        <con:sourceStep>#TestCase#</con:sourceStep>
        <con:sourcePath/>
        <con:targetType>req_id</con:targetType>
        <con:targetStep>Get first user after  by id before money transfer 5</con:targetStep>
        <con:targetPath/>
        <con:upgraded>true</con:upgraded>
      </con:transfers>
    </con:config>
  </con:testStep>
  <con:testStep type="calltestcase" name="Get first user after  by id before money transfer 5" id="b9beb831-fd23-47a1-8baf-a1f57294cdb1">
    <con:settings/>
    <con:config xsi:type="con:RunTestCaseStep" xmlns:xsi="http://www.w3.org/2001/XMLSchema-instance">
      <con:targetTestCase>b8b1a13e-5ebf-4cd2-aaa1-f6546151c21a</con:targetTestCase>
      <con:properties>
        <con:property>
          <con:name>req_id</con:name>
          <con:value>16</con:value>
        </con:property>
        <con:property>
          <con:name>res_balance</con:name>
          <con:value>{"id":16,"name":"User Account : John Smith-name-sfa039e7f-705b-4cca-9a4a-5dcb0c31ddf8","accountType":1,"balance":{"roundedAmount":-99.99,"notRoundedAmount":-99.9900,"currency":"EUR"},"isVisible":true,"dynamicMap":{},"type":"com.ericsson.bss.rm.erms.core.entity.dto.pm.AccountDTO"}</con:value>
        </con:property>
        <con:property>
          <con:name>res_roundedAmount</con:name>
          <con:value>-99.99</con:value>
        </con:property>
      </con:properties>
      <con:returnProperties>
        <con:entry>res_balance</con:entry>
        <con:entry>res_roundedAmount</con:entry>
      </con:returnProperties>
      <con:runMode>PARALLELL</con:runMode>
    </con:config>
  </con:testStep>
  <con:testStep type="datagen" name="DataGen roundedAmount conversion 7" id="173681ec-37f6-4893-954a-4a6b8362af21">
    <con:settings/>
    <con:config xsi:type="con:DataGeneratorStep" xmlns:xsi="http://www.w3.org/2001/XMLSchema-instance">
      <con:property type="Script">
        <con:configuration>
          <script>def res_roundedAmount = context.expand( '${Get first user after  by id before money transfer 5#res_roundedAmount}' )

if (res_roundedAmount=="0") {
testRunner.testCase.testSteps['Get first user after  by id before money transfer 5'].setPropertyValue("res_roundedAmount","0.0");
}</script>
        </con:configuration>
        <con:name>roundedAmount</con:name>
        <con:mode>STEP</con:mode>
        <con:shared>false</con:shared>
      </con:property>
    </con:config>
  </con:testStep>
  <con:testStep type="assertionteststep" name="Assertion check first user initial balance 2" id="bec73055-35f6-4812-adf7-42a085619544">
    <con:settings/>
    <con:config xsi:type="con:AssertionTestStep" xmlns:xsi="http://www.w3.org/2001/XMLSchema-instance">
      <con:entry>
        <con:id>fba0c758-244b-4960-a3fc-49e897ad1d33</con:id>
        <con:isGroup>false</con:isGroup>
        <con:sourceId>b9beb831-fd23-47a1-8baf-a1f57294cdb1</con:sourceId>
        <con:propertyName>res_roundedAmount</con:propertyName>
        <con:assertion type="Simple Equals" name="Equals" id="31d677e9-9887-4db9-96c9-6bf384828c72">
          <con:configuration>
            <patternObjectId>7b36e533-bd09-4c6d-b739-a332d85dfc4f</patternObjectId>
            <patternProperty>amountNegative</patternProperty>
            <caseSensitive>true</caseSensitive>
          </con:configuration>
        </con:assertion>
      </con:entry>
    </con:config>
  </con:testStep>
  <con:testStep type="transfer" name="Get second user balance by id after money transfer 5 - Property Transfer" id="d0980f37-d653-4f16-8e00-3ea250071523">
    <con:settings/>
    <con:config xsi:type="con:PropertyTransfersStep" xmlns:xsi="http://www.w3.org/2001/XMLSchema-instance">
      <con:transfers setNullOnMissingSource="true" transferTextContent="true" failOnError="true" ignoreEmpty="false" transferToAll="false" entitize="false" transferChildNodes="false">
        <con:name>accountId</con:name>
        <con:sourceType>req_toAccountId</con:sourceType>
        <con:sourceStep>#TestCase#</con:sourceStep>
        <con:sourcePath/>
        <con:targetType>req_id</con:targetType>
        <con:targetStep>Get second user balance by id after money transfer 5</con:targetStep>
        <con:targetPath/>
        <con:upgraded>true</con:upgraded>
      </con:transfers>
    </con:config>
  </con:testStep>
  <con:testStep type="calltestcase" name="Get second user balance by id after money transfer 5" id="0a0aef6a-7303-41c1-9c96-1646ecacea76">
    <con:settings/>
    <con:config xsi:type="con:RunTestCaseStep" xmlns:xsi="http://www.w3.org/2001/XMLSchema-instance">
      <con:targetTestCase>b8b1a13e-5ebf-4cd2-aaa1-f6546151c21a</con:targetTestCase>
      <con:properties>
        <con:property>
          <con:name>req_id</con:name>
          <con:value>17</con:value>
        </con:property>
        <con:property>
          <con:name>res_balance</con:name>
          <con:value>{"id":17,"name":"User Account : third-user-1stName-5816d53e-9117-4577-941b-e0ec4dda0b43 third-user-lastName-6dfd4887-b6d7-47eb-98dc-1176803d1750-name-sfa039e7f-705b-4cca-9a4a-5dcb0c31ddf8","accountType":1,"balance":{"roundedAmount":99.99,"notRoundedAmount":99.9900,"currency":"EUR"},"isVisible":true,"dynamicMap":{},"type":"com.ericsson.bss.rm.erms.core.entity.dto.pm.AccountDTO"}</con:value>
        </con:property>
        <con:property>
          <con:name>res_roundedAmount</con:name>
          <con:value>99.99</con:value>
        </con:property>
      </con:properties>
      <con:returnProperties>
        <con:entry>res_balance</con:entry>
        <con:entry>res_roundedAmount</con:entry>
      </con:returnProperties>
      <con:runMode>PARALLELL</con:runMode>
    </con:config>
  </con:testStep>
  <con:testStep type="datagen" name="DataGen roundedAmount conversion 8" id="d47deb14-5360-4df9-8295-581fee13359a">
    <con:settings/>
    <con:config xsi:type="con:DataGeneratorStep" xmlns:xsi="http://www.w3.org/2001/XMLSchema-instance">
      <con:property type="Script">
        <con:configuration>
          <script>def res_roundedAmount = context.expand( '${Get second user balance by id after money transfer 5#res_roundedAmount}' )

if (res_roundedAmount=="0") {
testRunner.testCase.testSteps['Get second user balance by id after money transfer 5'].setPropertyValue("res_roundedAmount","0.0");
}</script>
        </con:configuration>
        <con:name>roundedAmount</con:name>
        <con:mode>STEP</con:mode>
        <con:shared>false</con:shared>
      </con:property>
    </con:config>
  </con:testStep>
  <con:testStep type="assertionteststep" name="Assertion check second user initial balance 2" id="e478d0e0-ade3-4d64-9f73-8801ddf1da7a">
    <con:settings/>
    <con:config xsi:type="con:AssertionTestStep" xmlns:xsi="http://www.w3.org/2001/XMLSchema-instance">
      <con:entry>
        <con:id>f8bebeb9-558f-4fc7-8a63-7a34c01a837f</con:id>
        <con:isGroup>false</con:isGroup>
        <con:sourceId>0a0aef6a-7303-41c1-9c96-1646ecacea76</con:sourceId>
        <con:propertyName>res_roundedAmount</con:propertyName>
        <con:assertion type="Simple Equals" name="Equals" id="c006c8d9-b991-45a1-8990-678fa158053b">
          <con:configuration>
            <patternObjectId>7b36e533-bd09-4c6d-b739-a332d85dfc4f</patternObjectId>
            <patternProperty>roundedAmount</patternProperty>
            <caseSensitive>true</caseSensitive>
          </con:configuration>
        </con:assertion>
      </con:entry>
    </con:config>
  </con:testStep>
  <con:testStep type="transfer" name="Display first user sessions log 2 - Property Transfer" id="a49bb201-582e-4896-9d4a-892174a43acc">
    <con:settings/>
    <con:config xsi:type="con:PropertyTransfersStep" xmlns:xsi="http://www.w3.org/2001/XMLSchema-instance">
      <con:transfers setNullOnMissingSource="true" transferTextContent="true" failOnError="true" ignoreEmpty="false" transferToAll="false" entitize="false" transferChildNodes="false">
        <con:name>userRoleId</con:name>
        <con:sourceType>req_firstUserRoleId</con:sourceType>
        <con:sourceStep>#TestCase#</con:sourceStep>
        <con:sourcePath/>
        <con:targetType>req_userId</con:targetType>
        <con:targetStep>Display first user sessions log 2</con:targetStep>
        <con:targetPath/>
        <con:upgraded>true</con:upgraded>
      </con:transfers>
    </con:config>
  </con:testStep>
  <con:testStep type="calltestcase" name="Display first user sessions log 2" id="bf655092-6321-43d8-996d-dc081ccc7064">
    <con:settings/>
    <con:config xsi:type="con:RunTestCaseStep" xmlns:xsi="http://www.w3.org/2001/XMLSchema-instance">
      <con:targetTestCase>386bb547-46b2-440b-b144-5beef75aa635</con:targetTestCase>
      <con:properties>
        <con:property>
          <con:name>req_userId</con:name>
          <con:value>37</con:value>
        </con:property>
        <con:property>
          <con:name>res_activeSessionId</con:name>
          <con:value>761</con:value>
        </con:property>
        <con:property>
          <con:name>res_headerCode</con:name>
          <con:value>200</con:value>
        </con:property>
        <con:property>
          <con:name>res_initialAccountAmount</con:name>
          <con:value>-99.99</con:value>
        </con:property>
        <con:property>
          <con:name>res_transactionalAccountAmount</con:name>
          <con:value>-99.99</con:value>
        </con:property>
        <con:property>
          <con:name>res_errorMessage</con:name>
        </con:property>
      </con:properties>
      <con:returnProperties>
        <con:entry>res_activeSessionId</con:entry>
        <con:entry>res_headerCode</con:entry>
        <con:entry>res_initialAccountAmount</con:entry>
        <con:entry>res_transactionalAccountAmount</con:entry>
      </con:returnProperties>
      <con:runMode>PARALLELL</con:runMode>
    </con:config>
  </con:testStep>
  <con:testStep type="datagen" name="DataGen accountAmount conversion 3" id="914cc08f-4726-42b0-a263-15f29bfd0959">
    <con:settings/>
    <con:config xsi:type="con:DataGeneratorStep" xmlns:xsi="http://www.w3.org/2001/XMLSchema-instance">
      <con:property type="Script">
        <con:configuration>
          <script>def res_initialAccountAmount = context.expand( '${Display first user sessions log 2#res_initialAccountAmount}' )
def res_transactionalAccountAmount = context.expand( '${Display first user sessions log 2#res_transactionalAccountAmount}' )

if (res_initialAccountAmount=="0" &amp;&amp; res_transactionalAccountAmount=="0") {
testRunner.testCase.testSteps['Display first user sessions log 2'].setPropertyValue("res_initialAccountAmount","0.0");
testRunner.testCase.testSteps['Display first user sessions log 2'].setPropertyValue("res_transactionalAccountAmount","0.0");
}</script>
        </con:configuration>
        <con:name>accountAmount</con:name>
        <con:mode>STEP</con:mode>
        <con:shared>false</con:shared>
      </con:property>
    </con:config>
  </con:testStep>
  <con:testStep type="assertionteststep" name="Assertion check first user session balance" id="2c2a5387-8c2b-4e51-9d1b-1ba291252f5e">
    <con:settings/>
    <con:config xsi:type="con:AssertionTestStep" xmlns:xsi="http://www.w3.org/2001/XMLSchema-instance">
      <con:entry>
        <con:id>b161dc77-7126-425b-b5ac-f82897f6d34c</con:id>
        <con:isGroup>false</con:isGroup>
        <con:sourceId>bf655092-6321-43d8-996d-dc081ccc7064</con:sourceId>
        <con:propertyName>res_headerCode</con:propertyName>
        <con:assertion type="Simple Equals" name="Equals" id="3767d9ae-0e03-4a3e-9d32-0e76fef3729b">
          <con:configuration>
            <patternText>200</patternText>
            <caseSensitive>true</caseSensitive>
          </con:configuration>
        </con:assertion>
      </con:entry>
      <con:entry>
        <con:id>c14b65f0-d1f2-483f-9cf5-78ef72d65194</con:id>
        <con:isGroup>false</con:isGroup>
        <con:sourceId>bf655092-6321-43d8-996d-dc081ccc7064</con:sourceId>
        <con:propertyName>res_activeSessionId</con:propertyName>
        <con:assertion type="Simple Contains" name="Contains" id="d2132a36-b04a-4f6a-b2a6-df68078d7e75">
          <con:configuration>
            <token>\d+</token>
            <ignoreCase>false</ignoreCase>
            <useRegEx>true</useRegEx>
          </con:configuration>
        </con:assertion>
      </con:entry>
      <con:entry>
        <con:id>61fa2193-324c-4efe-88c3-3abd0b9ba05b</con:id>
        <con:isGroup>false</con:isGroup>
        <con:sourceId>bf655092-6321-43d8-996d-dc081ccc7064</con:sourceId>
        <con:propertyName>res_initialAccountAmount</con:propertyName>
        <con:assertion type="Simple Equals" name="Equals 2" id="bdea810e-f32c-4aac-b1c0-d4fe1c6012ff">
          <con:configuration>
            <patternObjectId>7b36e533-bd09-4c6d-b739-a332d85dfc4f</patternObjectId>
            <patternProperty>amountNegative</patternProperty>
            <caseSensitive>true</caseSensitive>
          </con:configuration>
        </con:assertion>
      </con:entry>
      <con:entry>
        <con:id>5d2d860d-eace-4f18-808d-0e17f4f0c230</con:id>
        <con:isGroup>false</con:isGroup>
        <con:sourceId>bf655092-6321-43d8-996d-dc081ccc7064</con:sourceId>
        <con:propertyName>res_transactionalAccountAmount</con:propertyName>
        <con:assertion type="Simple Equals" name="Equals 3" id="b4cd13ea-03f1-4bf3-917e-b4133f2944bf">
          <con:configuration>
            <patternObjectId>7b36e533-bd09-4c6d-b739-a332d85dfc4f</patternObjectId>
            <patternProperty>amountNegative</patternProperty>
            <caseSensitive>true</caseSensitive>
          </con:configuration>
        </con:assertion>
      </con:entry>
    </con:config>
  </con:testStep>
  <con:testStep type="transfer" name="Display second user sessions log 2 - Property Transfer" id="359a9735-f3ec-4b75-a15e-1c2d86ada7ee">
    <con:settings/>
    <con:config xsi:type="con:PropertyTransfersStep" xmlns:xsi="http://www.w3.org/2001/XMLSchema-instance">
      <con:transfers setNullOnMissingSource="true" transferTextContent="true" failOnError="true" ignoreEmpty="false" transferToAll="false" entitize="false" transferChildNodes="false">
        <con:name>userRoleId</con:name>
        <con:sourceType>req_secondUserRoleId</con:sourceType>
        <con:sourceStep>#TestCase#</con:sourceStep>
        <con:sourcePath/>
        <con:targetType>req_userId</con:targetType>
        <con:targetStep>Display second user sessions log 2</con:targetStep>
        <con:targetPath/>
        <con:upgraded>true</con:upgraded>
      </con:transfers>
    </con:config>
  </con:testStep>
  <con:testStep type="calltestcase" name="Display second user sessions log 2" id="533520bb-918d-4437-8af3-c93dc07fb2a0">
    <con:settings/>
    <con:config xsi:type="con:RunTestCaseStep" xmlns:xsi="http://www.w3.org/2001/XMLSchema-instance">
      <con:targetTestCase>386bb547-46b2-440b-b144-5beef75aa635</con:targetTestCase>
      <con:properties>
        <con:property>
          <con:name>req_userId</con:name>
          <con:value>39</con:value>
        </con:property>
        <con:property>
          <con:name>res_activeSessionId</con:name>
          <con:value>781</con:value>
        </con:property>
        <con:property>
          <con:name>res_headerCode</con:name>
          <con:value>200</con:value>
        </con:property>
        <con:property>
          <con:name>res_initialAccountAmount</con:name>
          <con:value>99.99</con:value>
        </con:property>
        <con:property>
          <con:name>res_transactionalAccountAmount</con:name>
          <con:value>99.99</con:value>
        </con:property>
        <con:property>
          <con:name>res_errorMessage</con:name>
        </con:property>
      </con:properties>
      <con:returnProperties>
        <con:entry>res_activeSessionId</con:entry>
        <con:entry>res_headerCode</con:entry>
        <con:entry>res_initialAccountAmount</con:entry>
        <con:entry>res_transactionalAccountAmount</con:entry>
      </con:returnProperties>
      <con:runMode>PARALLELL</con:runMode>
    </con:config>
  </con:testStep>
  <con:testStep type="datagen" name="DataGen accountAmount conversion 4" id="f6df9c02-6899-4796-afa8-fcd02a697713">
    <con:settings/>
    <con:config xsi:type="con:DataGeneratorStep" xmlns:xsi="http://www.w3.org/2001/XMLSchema-instance">
      <con:property type="Script">
        <con:configuration>
          <script>def res_initialAccountAmount = context.expand( '${Display second user sessions log 2#res_initialAccountAmount}' )
def res_transactionalAccountAmount = context.expand( '${Display second user sessions log 2#res_transactionalAccountAmount}' )

if (res_initialAccountAmount=="0" &amp;&amp; res_transactionalAccountAmount=="0") {
testRunner.testCase.testSteps['Display second user sessions log 2'].setPropertyValue("res_initialAccountAmount","0.0");
testRunner.testCase.testSteps['Display second user sessions log 2'].setPropertyValue("res_transactionalAccountAmount","0.0");
}</script>
        </con:configuration>
        <con:name>accountAmount</con:name>
        <con:mode>STEP</con:mode>
        <con:shared>false</con:shared>
      </con:property>
    </con:config>
  </con:testStep>
  <con:testStep type="assertionteststep" name="Assertion check second user session balance" id="94e72b0f-b865-47f5-97be-fbc68377811c">
    <con:settings/>
    <con:config xsi:type="con:AssertionTestStep" xmlns:xsi="http://www.w3.org/2001/XMLSchema-instance">
      <con:entry>
        <con:id>cb994b8d-203b-4bdb-9c75-8055f6122040</con:id>
        <con:isGroup>false</con:isGroup>
        <con:sourceId>533520bb-918d-4437-8af3-c93dc07fb2a0</con:sourceId>
        <con:propertyName>res_headerCode</con:propertyName>
        <con:assertion type="Simple Equals" name="Equals" id="5bdc5cd7-4f1c-4703-9b6c-3db78d7db1cf">
          <con:configuration>
            <patternText>200</patternText>
            <caseSensitive>true</caseSensitive>
          </con:configuration>
        </con:assertion>
      </con:entry>
      <con:entry>
        <con:id>aced05f3-a5e3-45af-9513-f55513a8a5d0</con:id>
        <con:isGroup>false</con:isGroup>
        <con:sourceId>533520bb-918d-4437-8af3-c93dc07fb2a0</con:sourceId>
        <con:propertyName>res_activeSessionId</con:propertyName>
        <con:assertion type="Simple Contains" name="Contains" id="9c16858e-5ad5-40d7-8c31-080f37295bcd">
          <con:configuration>
            <token>\d+</token>
            <ignoreCase>false</ignoreCase>
            <useRegEx>true</useRegEx>
          </con:configuration>
        </con:assertion>
      </con:entry>
      <con:entry>
        <con:id>ae3baa3a-0e98-440b-97c6-8340f4565be8</con:id>
        <con:isGroup>false</con:isGroup>
        <con:sourceId>533520bb-918d-4437-8af3-c93dc07fb2a0</con:sourceId>
        <con:propertyName>res_initialAccountAmount</con:propertyName>
        <con:assertion type="Simple Equals" name="Equals 2" id="730daec0-cc5a-4d5a-9b5f-fcda69028043">
          <con:configuration>
            <patternObjectId>7b36e533-bd09-4c6d-b739-a332d85dfc4f</patternObjectId>
            <patternProperty>roundedAmount</patternProperty>
            <caseSensitive>true</caseSensitive>
          </con:configuration>
        </con:assertion>
      </con:entry>
      <con:entry>
        <con:id>245ef54a-5796-4611-9666-681d24123524</con:id>
        <con:isGroup>false</con:isGroup>
        <con:sourceId>533520bb-918d-4437-8af3-c93dc07fb2a0</con:sourceId>
        <con:propertyName>res_transactionalAccountAmount</con:propertyName>
        <con:assertion type="Simple Equals" name="Equals 3" id="71d23ba4-f74b-4e4b-be27-6338e8099bfc">
          <con:configuration>
            <patternObjectId>7b36e533-bd09-4c6d-b739-a332d85dfc4f</patternObjectId>
            <patternProperty>roundedAmount</patternProperty>
            <caseSensitive>true</caseSensitive>
          </con:configuration>
        </con:assertion>
      </con:entry>
    </con:config>
  </con:testStep>
  <con:testStep type="transfer" name="Set display money transfer item success" id="db2d6c2c-21a2-4cd3-b83a-3aa2044e6ef2">
    <con:settings/>
    <con:config xsi:type="con:PropertyTransfersStep" xmlns:xsi="http://www.w3.org/2001/XMLSchema-instance">
      <con:transfers setNullOnMissingSource="true" transferTextContent="true" failOnError="true" ignoreEmpty="false" transferToAll="false" entitize="false" transferChildNodes="false">
        <con:name>biId</con:name>
        <con:sourceType>res_biId</con:sourceType>
        <con:sourceStep>### Different from>to with session Create money transfer with session 6</con:sourceStep>
        <con:sourcePath/>
        <con:targetType>req_biId</con:targetType>
        <con:targetStep>Display money transfer item success</con:targetStep>
        <con:targetPath/>
        <con:upgraded>true</con:upgraded>
      </con:transfers>
      <con:transfers setNullOnMissingSource="true" transferTextContent="true" failOnError="true" ignoreEmpty="false" transferToAll="false" entitize="false" transferChildNodes="false">
        <con:name>itemId</con:name>
        <con:sourceType>res_itemId</con:sourceType>
        <con:sourceStep>Add item to money transfer  with session from>to different user 5</con:sourceStep>
        <con:targetType>req_itemId</con:targetType>
        <con:targetStep>Display money transfer item success</con:targetStep>
        <con:upgraded>true</con:upgraded>
      </con:transfers>
    </con:config>
  </con:testStep>
  <con:testStep type="calltestcase" name="Display money transfer item success" id="02333e97-cda0-408c-9af3-106b29f737a8">
    <con:settings/>
    <con:config xsi:type="con:RunTestCaseStep" xmlns:xsi="http://www.w3.org/2001/XMLSchema-instance">
      <con:targetTestCase>599f0c27-9340-41ea-a414-504b78ef8def</con:targetTestCase>
      <con:properties>
        <con:property>
          <con:name>req_biId</con:name>
          <con:value>801</con:value>
        </con:property>
        <con:property>
          <con:name>req_itemId</con:name>
          <con:value>316</con:value>
        </con:property>
        <con:property>
          <con:name>res_httpStatus</con:name>
          <con:value>200</con:value>
        </con:property>
        <con:property>
          <con:name>res_errorMessage</con:name>
          <con:value xsi:nil="true"/>
        </con:property>
        <con:property>
          <con:name>res_itemId</con:name>
          <con:value>316</con:value>
        </con:property>
      </con:properties>
      <con:returnProperties>
        <con:entry>res_httpStatus</con:entry>
        <con:entry>res_errorMessage</con:entry>
        <con:entry>res_itemId</con:entry>
      </con:returnProperties>
      <con:runMode>PARALLELL</con:runMode>
    </con:config>
  </con:testStep>
  <con:testStep type="assertionteststep" name="Assertion item displayed success" id="29748b2c-3049-42e0-9768-e5719259519c">
    <con:settings/>
    <con:config xsi:type="con:AssertionTestStep" xmlns:xsi="http://www.w3.org/2001/XMLSchema-instance">
      <con:entry>
        <con:id>13f8e8c7-d5a2-4a69-955b-084ee6505b91</con:id>
        <con:isGroup>false</con:isGroup>
        <con:sourceId>02333e97-cda0-408c-9af3-106b29f737a8</con:sourceId>
        <con:propertyName>res_httpStatus</con:propertyName>
        <con:assertion type="Simple Equals" name="Equals" id="9a866771-988c-4700-9f6d-d19032370dd7">
          <con:configuration>
            <patternObjectId>7b36e533-bd09-4c6d-b739-a332d85dfc4f</patternObjectId>
            <patternProperty>res_200</patternProperty>
            <caseSensitive>true</caseSensitive>
          </con:configuration>
        </con:assertion>
      </con:entry>
      <con:entry>
        <con:id>107c96fe-a159-4c0c-81da-f77fd2ee7c5c</con:id>
        <con:isGroup>false</con:isGroup>
        <con:sourceId>02333e97-cda0-408c-9af3-106b29f737a8</con:sourceId>
        <con:propertyName>res_itemId</con:propertyName>
        <con:assertion type="Simple Equals" name="Equals 2" id="f731129e-7972-40ab-8b74-53712ca47a3d">
          <con:configuration>
            <patternObjectId>3f432181-f446-4c9f-90f5-951a6305799b</patternObjectId>
            <patternProperty>res_itemId</patternProperty>
            <caseSensitive>true</caseSensitive>
          </con:configuration>
        </con:assertion>
      </con:entry>
    </con:config>
  </con:testStep>
  <con:testStep type="transfer" name="Submit money transfer with session success - Property Transfer" id="d3255074-9975-435e-9e0f-aa62a30338a2">
    <con:settings/>
    <con:config xsi:type="con:PropertyTransfersStep" xmlns:xsi="http://www.w3.org/2001/XMLSchema-instance">
      <con:transfers setNullOnMissingSource="true" transferTextContent="true" failOnError="true" ignoreEmpty="false" transferToAll="false" entitize="false" transferChildNodes="false">
        <con:name>biId</con:name>
        <con:sourceType>res_biId</con:sourceType>
        <con:sourceStep>### Different from>to with session Create money transfer with session 6</con:sourceStep>
        <con:sourcePath/>
        <con:targetType>req_biId</con:targetType>
        <con:targetStep>Submit money transfer with session success</con:targetStep>
        <con:targetPath/>
        <con:upgraded>true</con:upgraded>
      </con:transfers>
    </con:config>
  </con:testStep>
  <con:testStep type="calltestcase" name="Submit money transfer with session success" id="f64deaa6-dd6c-4139-b92f-1f45f33ade1e">
    <con:settings/>
    <con:config xsi:type="con:RunTestCaseStep" xmlns:xsi="http://www.w3.org/2001/XMLSchema-instance">
      <con:targetTestCase>18056452-99e8-45b5-8fcd-29f9985f9310</con:targetTestCase>
      <con:properties>
        <con:property>
          <con:name>req_biId</con:name>
          <con:value>801</con:value>
        </con:property>
        <con:property>
          <con:name>res_code</con:name>
          <con:value>200</con:value>
        </con:property>
        <con:property>
          <con:name>res_biId</con:name>
          <con:value>801</con:value>
        </con:property>
        <con:property>
          <con:name>res_errorMessage</con:name>
          <con:value xsi:nil="true"/>
        </con:property>
      </con:properties>
      <con:returnProperties>
        <con:entry>res_code</con:entry>
        <con:entry>res_biId</con:entry>
        <con:entry>res_errorMessage</con:entry>
      </con:returnProperties>
      <con:runMode>PARALLELL</con:runMode>
    </con:config>
  </con:testStep>
  <con:testStep type="assertionteststep" name="Assertion check response code 7" id="49ee5cd7-2d0f-4e32-989b-4cbdfe5f1672">
    <con:settings/>
    <con:config xsi:type="con:AssertionTestStep" xmlns:xsi="http://www.w3.org/2001/XMLSchema-instance">
      <con:entry>
        <con:id>a4b6f7fe-2578-4865-be4d-46aebf925c55</con:id>
        <con:isGroup>false</con:isGroup>
        <con:sourceId>f64deaa6-dd6c-4139-b92f-1f45f33ade1e</con:sourceId>
        <con:propertyName>res_biId</con:propertyName>
        <con:assertion type="Simple Contains" name="Contains" id="e5a5f49f-30c1-47d8-bfc9-397b3ef43d3f">
          <con:configuration>
            <token>\d+</token>
            <ignoreCase>false</ignoreCase>
            <useRegEx>true</useRegEx>
          </con:configuration>
        </con:assertion>
      </con:entry>
      <con:entry>
        <con:id>736e6e0a-eff8-4bc8-8449-d7d0aee8d2f5</con:id>
        <con:isGroup>false</con:isGroup>
        <con:sourceId>f64deaa6-dd6c-4139-b92f-1f45f33ade1e</con:sourceId>
        <con:propertyName>res_code</con:propertyName>
        <con:assertion type="Simple Equals" name="Equals" id="8bec11b0-bcac-4890-8928-b3ec9c64b314">
          <con:configuration>
            <patternObjectId>7b36e533-bd09-4c6d-b739-a332d85dfc4f</patternObjectId>
            <patternProperty>res_200</patternProperty>
            <caseSensitive>true</caseSensitive>
          </con:configuration>
        </con:assertion>
      </con:entry>
    </con:config>
  </con:testStep>
  <con:testStep type="transfer" name="Display first user's sessions log 3 - Property Transfer" id="cab07d0b-2b39-48b1-a85e-c2614e5471b4">
    <con:settings/>
    <con:config xsi:type="con:PropertyTransfersStep" xmlns:xsi="http://www.w3.org/2001/XMLSchema-instance">
      <con:transfers setNullOnMissingSource="true" transferTextContent="true" failOnError="true" ignoreEmpty="false" transferToAll="false" entitize="false" transferChildNodes="false">
        <con:name>userRoleId</con:name>
        <con:sourceType>req_firstUserRoleId</con:sourceType>
        <con:sourceStep>#TestCase#</con:sourceStep>
        <con:sourcePath/>
        <con:targetType>req_userId</con:targetType>
        <con:targetStep>Display first user's sessions log 3</con:targetStep>
        <con:targetPath/>
        <con:upgraded>true</con:upgraded>
      </con:transfers>
    </con:config>
  </con:testStep>
  <con:testStep type="calltestcase" name="Display first user's sessions log 3" id="9de30d3d-08f5-45ba-a12d-b75e269be898">
    <con:settings/>
    <con:config xsi:type="con:RunTestCaseStep" xmlns:xsi="http://www.w3.org/2001/XMLSchema-instance">
      <con:targetTestCase>386bb547-46b2-440b-b144-5beef75aa635</con:targetTestCase>
      <con:properties>
        <con:property>
          <con:name>req_userId</con:name>
          <con:value>37</con:value>
        </con:property>
        <con:property>
          <con:name>res_activeSessionId</con:name>
          <con:value>761</con:value>
        </con:property>
        <con:property>
          <con:name>res_headerCode</con:name>
          <con:value>200</con:value>
        </con:property>
        <con:property>
          <con:name>res_initialAccountAmount</con:name>
          <con:value>-99.99</con:value>
        </con:property>
        <con:property>
          <con:name>res_transactionalAccountAmount</con:name>
          <con:value>-199.98</con:value>
        </con:property>
        <con:property>
          <con:name>res_errorMessage</con:name>
        </con:property>
      </con:properties>
      <con:returnProperties>
        <con:entry>res_activeSessionId</con:entry>
        <con:entry>res_headerCode</con:entry>
        <con:entry>res_initialAccountAmount</con:entry>
        <con:entry>res_transactionalAccountAmount</con:entry>
      </con:returnProperties>
      <con:runMode>PARALLELL</con:runMode>
    </con:config>
  </con:testStep>
  <con:testStep type="assertionteststep" name="Assertion check first user session balance after transfer" id="0a2e12c6-d577-4a68-ace5-89b7975473e5">
    <con:settings/>
    <con:config xsi:type="con:AssertionTestStep" xmlns:xsi="http://www.w3.org/2001/XMLSchema-instance">
      <con:entry>
        <con:id>ef9c4a62-2e98-495b-8a43-cffded079bf1</con:id>
        <con:isGroup>false</con:isGroup>
        <con:sourceId>9de30d3d-08f5-45ba-a12d-b75e269be898</con:sourceId>
        <con:propertyName>res_transactionalAccountAmount</con:propertyName>
        <con:assertion type="Simple Equals" name="Equals" id="13d84913-265d-46b2-8c62-b904cb07768c">
          <con:configuration>
            <patternObjectId>7b36e533-bd09-4c6d-b739-a332d85dfc4f</patternObjectId>
            <patternProperty>amountNegative2</patternProperty>
            <caseSensitive>true</caseSensitive>
          </con:configuration>
        </con:assertion>
      </con:entry>
    </con:config>
  </con:testStep>
  <con:testStep type="transfer" name="Display second user's sessions log 3 - Property Transfer" id="dbb79a90-f19d-43a3-9880-2e91a35119d3">
    <con:settings/>
    <con:config xsi:type="con:PropertyTransfersStep" xmlns:xsi="http://www.w3.org/2001/XMLSchema-instance">
      <con:transfers setNullOnMissingSource="true" transferTextContent="true" failOnError="true" ignoreEmpty="false" transferToAll="false" entitize="false" transferChildNodes="false">
        <con:name>userRoleId</con:name>
        <con:sourceType>req_secondUserRoleId</con:sourceType>
        <con:sourceStep>#TestCase#</con:sourceStep>
        <con:sourcePath/>
        <con:targetType>req_userId</con:targetType>
        <con:targetStep>Display second user's sessions log 3</con:targetStep>
        <con:targetPath/>
        <con:upgraded>true</con:upgraded>
      </con:transfers>
    </con:config>
  </con:testStep>
  <con:testStep type="calltestcase" name="Display second user's sessions log 3" id="9a0a8ffd-8d0b-4262-a396-855807e7a922">
    <con:settings/>
    <con:config xsi:type="con:RunTestCaseStep" xmlns:xsi="http://www.w3.org/2001/XMLSchema-instance">
      <con:targetTestCase>386bb547-46b2-440b-b144-5beef75aa635</con:targetTestCase>
      <con:properties>
        <con:property>
          <con:name>req_userId</con:name>
          <con:value>39</con:value>
        </con:property>
        <con:property>
          <con:name>res_activeSessionId</con:name>
          <con:value>781</con:value>
        </con:property>
        <con:property>
          <con:name>res_headerCode</con:name>
          <con:value>200</con:value>
        </con:property>
        <con:property>
          <con:name>res_initialAccountAmount</con:name>
          <con:value>99.99</con:value>
        </con:property>
        <con:property>
          <con:name>res_transactionalAccountAmount</con:name>
          <con:value>199.98</con:value>
        </con:property>
        <con:property>
          <con:name>res_errorMessage</con:name>
        </con:property>
      </con:properties>
      <con:returnProperties>
        <con:entry>res_activeSessionId</con:entry>
        <con:entry>res_headerCode</con:entry>
        <con:entry>res_initialAccountAmount</con:entry>
        <con:entry>res_transactionalAccountAmount</con:entry>
      </con:returnProperties>
      <con:runMode>PARALLELL</con:runMode>
    </con:config>
  </con:testStep>
  <con:testStep type="assertionteststep" name="Assertion check second user session balance after transfer" id="bc23befb-0935-474f-bd24-85031392c104">
    <con:settings/>
    <con:config xsi:type="con:AssertionTestStep" xmlns:xsi="http://www.w3.org/2001/XMLSchema-instance">
      <con:entry>
        <con:id>5528bf68-a994-419c-9e34-a76a9ab05489</con:id>
        <con:isGroup>false</con:isGroup>
        <con:sourceId>9a0a8ffd-8d0b-4262-a396-855807e7a922</con:sourceId>
        <con:propertyName>res_transactionalAccountAmount</con:propertyName>
        <con:assertion type="Simple Equals" name="Equals" id="c46f1c70-3b74-4ed7-8bc5-0f06aac541ff">
          <con:configuration>
            <patternObjectId>7b36e533-bd09-4c6d-b739-a332d85dfc4f</patternObjectId>
            <patternProperty>amount2</patternProperty>
            <caseSensitive>true</caseSensitive>
          </con:configuration>
        </con:assertion>
      </con:entry>
    </con:config>
  </con:testStep>
  <con:testStep type="transfer" name="Create End first user's session - Property Transfer" id="f94703f4-8a07-4cce-90f7-f892f96288f3">
    <con:settings/>
    <con:config xsi:type="con:PropertyTransfersStep" xmlns:xsi="http://www.w3.org/2001/XMLSchema-instance">
      <con:transfers setNullOnMissingSource="true" transferTextContent="true" failOnError="true" ignoreEmpty="false" transferToAll="false" entitize="false" transferChildNodes="false">
        <con:name>userRoleId</con:name>
        <con:sourceType>req_firstUserRoleId</con:sourceType>
        <con:sourceStep>#TestCase#</con:sourceStep>
        <con:sourcePath/>
        <con:targetType>req_userRoleId</con:targetType>
        <con:targetStep>Create End first user's session</con:targetStep>
        <con:targetPath/>
        <con:upgraded>true</con:upgraded>
      </con:transfers>
      <con:transfers setNullOnMissingSource="true" transferTextContent="true" failOnError="true" ignoreEmpty="false" transferToAll="false" entitize="false" transferChildNodes="false">
        <con:name>salesOrgRoleId</con:name>
        <con:sourceType>req_firstSoRoleId</con:sourceType>
        <con:sourceStep>#TestCase#</con:sourceStep>
        <con:targetType>req_salesOrgRoleId</con:targetType>
        <con:targetStep>Create End first user's session</con:targetStep>
        <con:upgraded>true</con:upgraded>
      </con:transfers>
      <con:transfers setNullOnMissingSource="true" transferTextContent="true" failOnError="true" ignoreEmpty="false" transferToAll="false" entitize="false" transferChildNodes="false">
        <con:name>biSpecCode</con:name>
        <con:sourceType>endSessionBiSpecCode</con:sourceType>
        <con:sourceStep>Given properties for the test steps</con:sourceStep>
        <con:targetType>req_biSpecCode</con:targetType>
        <con:targetStep>Create End first user's session</con:targetStep>
        <con:upgraded>true</con:upgraded>
      </con:transfers>
      <con:transfers setNullOnMissingSource="true" transferTextContent="true" failOnError="true" ignoreEmpty="false" transferToAll="false" entitize="false" transferChildNodes="false">
        <con:name>userToken</con:name>
        <con:sourceType>userToken</con:sourceType>
        <con:sourceStep>Create sales organization, user, inventory and terminal</con:sourceStep>
        <con:targetType>AuthorizationUser</con:targetType>
        <con:targetStep>#Project#</con:targetStep>
        <con:upgraded>true</con:upgraded>
      </con:transfers>
      <con:transfers setNullOnMissingSource="true" transferTextContent="true" failOnError="true" ignoreEmpty="false" transferToAll="false" entitize="false" transferChildNodes="false">
        <con:name>userSo</con:name>
        <con:sourceType>res_salesOrgId</con:sourceType>
        <con:sourceStep>Create sales organization, user, inventory and terminal</con:sourceStep>
        <con:targetType>UserSo</con:targetType>
        <con:targetStep>#Project#</con:targetStep>
        <con:upgraded>true</con:upgraded>
      </con:transfers>
    </con:config>
  </con:testStep>
  <con:testStep type="calltestcase" name="Create End first user's session" id="a507d459-c542-42fa-9c22-1fb802538602">
    <con:settings/>
    <con:config xsi:type="con:RunTestCaseStep" xmlns:xsi="http://www.w3.org/2001/XMLSchema-instance">
      <con:targetTestCase>dc1a7c3e-7636-43aa-9004-8c225ff30f59</con:targetTestCase>
      <con:properties>
        <con:property>
          <con:name>req_userRoleId</con:name>
          <con:value>37</con:value>
        </con:property>
        <con:property>
          <con:name>req_salesOrgRoleId</con:name>
          <con:value>35</con:value>
        </con:property>
        <con:property>
          <con:name>res_biId</con:name>
          <con:value>821</con:value>
        </con:property>
        <con:property>
          <con:name>req_biSpecCode</con:name>
          <con:value>SESSIONENDBISPEC</con:value>
        </con:property>
        <con:property>
          <con:name>res_errorMessage</con:name>
        </con:property>
      </con:properties>
      <con:returnProperties>
        <con:entry>res_biId</con:entry>
      </con:returnProperties>
      <con:runMode>PARALLELL</con:runMode>
    </con:config>
  </con:testStep>
  <con:testStep type="transfer" name="Create End second user's session - Property Transfer" id="76b72fe6-784a-4115-b2b3-17ddaa6cd160">
    <con:settings/>
    <con:config xsi:type="con:PropertyTransfersStep" xmlns:xsi="http://www.w3.org/2001/XMLSchema-instance">
      <con:transfers setNullOnMissingSource="true" transferTextContent="true" failOnError="true" ignoreEmpty="false" transferToAll="false" entitize="false" transferChildNodes="false">
        <con:name>userRoleId</con:name>
        <con:sourceType>req_secondUserRoleId</con:sourceType>
        <con:sourceStep>#TestCase#</con:sourceStep>
        <con:sourcePath/>
        <con:targetType>req_userRoleId</con:targetType>
        <con:targetStep>Create End second user's session</con:targetStep>
        <con:targetPath/>
        <con:upgraded>true</con:upgraded>
      </con:transfers>
      <con:transfers setNullOnMissingSource="true" transferTextContent="true" failOnError="true" ignoreEmpty="false" transferToAll="false" entitize="false" transferChildNodes="false">
        <con:name>salesOrgRoleId</con:name>
        <con:sourceType>req_secondSoRoleId</con:sourceType>
        <con:sourceStep>#TestCase#</con:sourceStep>
        <con:targetType>req_salesOrgRoleId</con:targetType>
        <con:targetStep>Create End second user's session</con:targetStep>
        <con:upgraded>true</con:upgraded>
      </con:transfers>
      <con:transfers setNullOnMissingSource="true" transferTextContent="true" failOnError="true" ignoreEmpty="false" transferToAll="false" entitize="false" transferChildNodes="false">
        <con:name>biSpecCode</con:name>
        <con:sourceType>endSessionBiSpecCode</con:sourceType>
        <con:sourceStep>Given properties for the test steps</con:sourceStep>
        <con:targetType>req_biSpecCode</con:targetType>
        <con:targetStep>Create End second user's session</con:targetStep>
        <con:upgraded>true</con:upgraded>
      </con:transfers>
    </con:config>
  </con:testStep>
  <con:testStep type="calltestcase" name="Create End second user's session" id="a18aa947-3cdc-4087-a2c9-39ff286f7316">
    <con:settings/>
    <con:config xsi:type="con:RunTestCaseStep" xmlns:xsi="http://www.w3.org/2001/XMLSchema-instance">
      <con:targetTestCase>dc1a7c3e-7636-43aa-9004-8c225ff30f59</con:targetTestCase>
      <con:properties>
        <con:property>
          <con:name>req_userRoleId</con:name>
          <con:value>39</con:value>
        </con:property>
        <con:property>
          <con:name>req_salesOrgRoleId</con:name>
          <con:value>35</con:value>
        </con:property>
        <con:property>
          <con:name>res_biId</con:name>
          <con:value xsi:nil="true"/>
        </con:property>
        <con:property>
          <con:name>req_biSpecCode</con:name>
          <con:value>SESSIONENDBISPEC</con:value>
        </con:property>
        <con:property>
          <con:name>res_errorMessage</con:name>
        </con:property>
      </con:properties>
      <con:returnProperties>
        <con:entry>res_biId</con:entry>
      </con:returnProperties>
      <con:runMode>PARALLELL</con:runMode>
    </con:config>
  </con:testStep>
  <con:testStep type="assertionteststep" name="Assertion end sessions control" id="f11a5f33-5767-4a45-b218-b696dc63208e">
    <con:settings/>
    <con:config xsi:type="con:AssertionTestStep" xmlns:xsi="http://www.w3.org/2001/XMLSchema-instance">
      <con:entry>
        <con:id>878b762f-b33a-4f25-915e-29e63d107a5f</con:id>
        <con:isGroup>false</con:isGroup>
        <con:sourceId>a507d459-c542-42fa-9c22-1fb802538602</con:sourceId>
        <con:propertyName>res_biId</con:propertyName>
        <con:assertion type="Simple Contains" name="Contains" id="ba87e40d-769f-4089-a687-f283d4f3c723">
          <con:configuration>
            <token>\d+</token>
            <ignoreCase>false</ignoreCase>
            <useRegEx>true</useRegEx>
          </con:configuration>
        </con:assertion>
      </con:entry>
      <con:entry>
        <con:id>2aff3e33-0f7b-499f-a6c0-d1fc3f1e3a3d</con:id>
        <con:isGroup>false</con:isGroup>
        <con:sourceId>a507d459-c542-42fa-9c22-1fb802538602</con:sourceId>
        <con:propertyName>res_biId</con:propertyName>
        <con:assertion type="Simple Contains" name="Contains 2" id="e3b17360-d5fc-45e6-8b7a-ce33c4dbcd4b">
          <con:configuration>
            <token>\d+</token>
            <ignoreCase>false</ignoreCase>
            <useRegEx>true</useRegEx>
          </con:configuration>
        </con:assertion>
      </con:entry>
    </con:config>
  </con:testStep>
  <con:testStep type="transfer" name="Submit End first user's session - Property Transfer" id="ca5aa4d2-6312-4859-876e-d639074797c5">
    <con:settings/>
    <con:config xsi:type="con:PropertyTransfersStep" xmlns:xsi="http://www.w3.org/2001/XMLSchema-instance">
      <con:transfers setNullOnMissingSource="true" transferTextContent="true" failOnError="true" ignoreEmpty="false" transferToAll="false" entitize="false" transferChildNodes="false">
        <con:name>biId</con:name>
        <con:sourceType>res_biId</con:sourceType>
        <con:sourceStep>Create End first user's session</con:sourceStep>
        <con:sourcePath/>
        <con:targetType>req_biId</con:targetType>
        <con:targetStep>Submit End first user's session</con:targetStep>
        <con:targetPath/>
        <con:upgraded>true</con:upgraded>
      </con:transfers>
    </con:config>
  </con:testStep>
  <con:testStep type="calltestcase" name="Submit End first user's session" id="f8d5c118-fcc5-4943-85a9-8056eb605397">
    <con:settings/>
    <con:config xsi:type="con:RunTestCaseStep" xmlns:xsi="http://www.w3.org/2001/XMLSchema-instance">
      <con:targetTestCase>76a8e774-33db-4719-a8e0-3fae436007b3</con:targetTestCase>
      <con:properties>
        <con:property>
          <con:name>req_biId</con:name>
          <con:value>821</con:value>
        </con:property>
        <con:property>
          <con:name>res_biId</con:name>
          <con:value>821</con:value>
        </con:property>
        <con:property>
          <con:name>res_errorMessage</con:name>
        </con:property>
        <con:property>
          <con:name>res_httpStatusCode</con:name>
        </con:property>
      </con:properties>
      <con:returnProperties>
        <con:entry>res_biId</con:entry>
        <con:entry>res_code</con:entry>
      </con:returnProperties>
      <con:runMode>PARALLELL</con:runMode>
    </con:config>
  </con:testStep>
  <con:testStep type="transfer" name="Submit End second user's session - Property Transfer" id="8fdebeee-a80e-4ddc-8618-33378b7f5db1">
    <con:settings/>
    <con:config xsi:type="con:PropertyTransfersStep" xmlns:xsi="http://www.w3.org/2001/XMLSchema-instance">
      <con:transfers setNullOnMissingSource="true" transferTextContent="true" failOnError="true" ignoreEmpty="false" transferToAll="false" entitize="false" transferChildNodes="false">
        <con:name>biId</con:name>
        <con:sourceType>res_biId</con:sourceType>
        <con:sourceStep>Create End second user's session</con:sourceStep>
        <con:sourcePath/>
        <con:targetType>req_biId</con:targetType>
        <con:targetStep>Submit End second user's session</con:targetStep>
        <con:targetPath/>
        <con:upgraded>true</con:upgraded>
      </con:transfers>
    </con:config>
  </con:testStep>
  <con:testStep type="calltestcase" name="Submit End second user's session" id="deab7866-bd6a-4b60-963e-796dd9f93d00">
    <con:settings/>
    <con:config xsi:type="con:RunTestCaseStep" xmlns:xsi="http://www.w3.org/2001/XMLSchema-instance">
      <con:targetTestCase>76a8e774-33db-4719-a8e0-3fae436007b3</con:targetTestCase>
      <con:properties>
        <con:property>
          <con:name>req_biId</con:name>
          <con:value xsi:nil="true"/>
        </con:property>
        <con:property>
          <con:name>res_biId</con:name>
          <con:value xsi:nil="true"/>
        </con:property>
        <con:property>
          <con:name>res_errorMessage</con:name>
        </con:property>
        <con:property>
          <con:name>res_httpStatusCode</con:name>
        </con:property>
      </con:properties>
      <con:returnProperties>
        <con:entry>res_biId</con:entry>
        <con:entry>res_code</con:entry>
      </con:returnProperties>
      <con:runMode>PARALLELL</con:runMode>
    </con:config>
  </con:testStep>
  <con:testStep type="assertionteststep" name="Assertion submit end sessions control" id="4052d628-d58e-46ce-b0d3-afbc908217f5">
    <con:settings/>
    <con:config xsi:type="con:AssertionTestStep" xmlns:xsi="http://www.w3.org/2001/XMLSchema-instance"/>
  </con:testStep>
  <con:testStep type="transfer" name="Get first user balance  by id after money transfer 4 - Property Transfer" id="0818483c-f421-4726-9bed-77731ed78f9b">
    <con:settings/>
    <con:config xsi:type="con:PropertyTransfersStep" xmlns:xsi="http://www.w3.org/2001/XMLSchema-instance">
      <con:transfers setNullOnMissingSource="true" transferTextContent="true" failOnError="true" ignoreEmpty="false" transferToAll="false" entitize="false" transferChildNodes="false">
        <con:name>accountId</con:name>
        <con:sourceType>req_fromAccountId</con:sourceType>
        <con:sourceStep>#TestCase#</con:sourceStep>
        <con:sourcePath/>
        <con:targetType>req_id</con:targetType>
        <con:targetStep>Get first user balance  by id after money transfer 4</con:targetStep>
        <con:targetPath/>
        <con:upgraded>true</con:upgraded>
      </con:transfers>
    </con:config>
  </con:testStep>
  <con:testStep type="calltestcase" name="Get first user balance  by id after money transfer 4" id="fe159849-5543-4afb-8ff8-feb74669630b">
    <con:settings/>
    <con:config xsi:type="con:RunTestCaseStep" xmlns:xsi="http://www.w3.org/2001/XMLSchema-instance">
      <con:targetTestCase>b8b1a13e-5ebf-4cd2-aaa1-f6546151c21a</con:targetTestCase>
      <con:properties>
        <con:property>
          <con:name>req_id</con:name>
          <con:value>16</con:value>
        </con:property>
        <con:property>
          <con:name>res_balance</con:name>
          <con:value>{"id":16,"name":"User Account : John Smith-name-sfa039e7f-705b-4cca-9a4a-5dcb0c31ddf8","accountType":1,"balance":{"roundedAmount":-199.98,"notRoundedAmount":-199.9800,"currency":"EUR"},"isVisible":true,"dynamicMap":{},"type":"com.ericsson.bss.rm.erms.core.entity.dto.pm.AccountDTO"}</con:value>
        </con:property>
        <con:property>
          <con:name>res_roundedAmount</con:name>
          <con:value>-199.98</con:value>
        </con:property>
      </con:properties>
      <con:returnProperties>
        <con:entry>res_balance</con:entry>
        <con:entry>res_roundedAmount</con:entry>
      </con:returnProperties>
      <con:runMode>PARALLELL</con:runMode>
    </con:config>
  </con:testStep>
  <con:testStep type="assertionteststep" name="Assertion check first user balance after session out" id="54f022d3-5172-425a-91da-120287d20ba3">
    <con:settings/>
    <con:config xsi:type="con:AssertionTestStep" xmlns:xsi="http://www.w3.org/2001/XMLSchema-instance">
      <con:entry>
        <con:id>0d6e777e-23cd-43ee-98b8-f70a3cc618f4</con:id>
        <con:isGroup>false</con:isGroup>
        <con:sourceId>fe159849-5543-4afb-8ff8-feb74669630b</con:sourceId>
        <con:propertyName>res_roundedAmount</con:propertyName>
        <con:assertion type="Simple Equals" name="Equals" id="b1166302-5384-424b-807d-1fac1bfc8d12">
          <con:configuration>
            <patternObjectId>7b36e533-bd09-4c6d-b739-a332d85dfc4f</patternObjectId>
            <patternProperty>amountNegative2</patternProperty>
            <caseSensitive>true</caseSensitive>
          </con:configuration>
        </con:assertion>
      </con:entry>
    </con:config>
  </con:testStep>
  <con:testStep type="transfer" name="Get second user  by id after money transfer 4 - Property Transfer" id="4ea8261a-f7dc-460b-80b4-3101aac1075a">
    <con:settings/>
    <con:config xsi:type="con:PropertyTransfersStep" xmlns:xsi="http://www.w3.org/2001/XMLSchema-instance">
      <con:transfers setNullOnMissingSource="true" transferTextContent="true" failOnError="true" ignoreEmpty="false" transferToAll="false" entitize="false" transferChildNodes="false">
        <con:name>accountId</con:name>
        <con:sourceType>req_toAccountId</con:sourceType>
        <con:sourceStep>#TestCase#</con:sourceStep>
        <con:sourcePath/>
        <con:targetType>req_id</con:targetType>
        <con:targetStep>Get second user  by id after money transfer 4</con:targetStep>
        <con:targetPath/>
        <con:upgraded>true</con:upgraded>
      </con:transfers>
    </con:config>
  </con:testStep>
  <con:testStep type="calltestcase" name="Get second user  by id after money transfer 4" id="1a15f905-b04e-48f0-b05b-9d7fe67da5cf">
    <con:settings/>
    <con:config xsi:type="con:RunTestCaseStep" xmlns:xsi="http://www.w3.org/2001/XMLSchema-instance">
      <con:targetTestCase>b8b1a13e-5ebf-4cd2-aaa1-f6546151c21a</con:targetTestCase>
      <con:properties>
        <con:property>
          <con:name>req_id</con:name>
          <con:value>17</con:value>
        </con:property>
        <con:property>
          <con:name>res_balance</con:name>
          <con:value>{"id":17,"name":"User Account : third-user-1stName-5816d53e-9117-4577-941b-e0ec4dda0b43 third-user-lastName-6dfd4887-b6d7-47eb-98dc-1176803d1750-name-sfa039e7f-705b-4cca-9a4a-5dcb0c31ddf8","accountType":1,"balance":{"roundedAmount":199.98,"notRoundedAmount":199.9800,"currency":"EUR"},"isVisible":true,"dynamicMap":{},"type":"com.ericsson.bss.rm.erms.core.entity.dto.pm.AccountDTO"}</con:value>
        </con:property>
        <con:property>
          <con:name>res_roundedAmount</con:name>
          <con:value>199.98</con:value>
        </con:property>
      </con:properties>
      <con:returnProperties>
        <con:entry>res_balance</con:entry>
        <con:entry>res_roundedAmount</con:entry>
      </con:returnProperties>
      <con:runMode>PARALLELL</con:runMode>
    </con:config>
  </con:testStep>
  <con:testStep type="assertionteststep" name="Assertion check second user balance after session out" id="3e106a71-7fd5-45c2-8c18-3378269a04e9">
    <con:settings/>
    <con:config xsi:type="con:AssertionTestStep" xmlns:xsi="http://www.w3.org/2001/XMLSchema-instance">
      <con:entry>
        <con:id>cd238a42-f7cd-4d4c-9756-e6a8a38cf7b3</con:id>
        <con:isGroup>false</con:isGroup>
        <con:sourceId>1a15f905-b04e-48f0-b05b-9d7fe67da5cf</con:sourceId>
        <con:propertyName>res_roundedAmount</con:propertyName>
        <con:assertion type="Simple Equals" name="Equals" id="faa8763c-4b6d-4f4d-a804-392429836363">
          <con:configuration>
            <patternObjectId>7b36e533-bd09-4c6d-b739-a332d85dfc4f</patternObjectId>
            <patternProperty>amount2</patternProperty>
            <caseSensitive>true</caseSensitive>
          </con:configuration>
        </con:assertion>
      </con:entry>
    </con:config>
  </con:testStep>
  <con:testStep type="calltestcase" name="List monetary transaction" id="24980a5b-c330-440f-baa7-37ed3a212042">
    <con:settings/>
    <con:config xsi:type="con:RunTestCaseStep" xmlns:xsi="http://www.w3.org/2001/XMLSchema-instance">
      <con:targetTestCase>ce36be4c-662a-47cd-b8de-c4318581c842</con:targetTestCase>
      <con:properties>
        <con:property>
          <con:name>res_lastTransactionId</con:name>
          <con:value>811</con:value>
        </con:property>
        <con:property>
          <con:name>res_httpStatus</con:name>
          <con:value>200</con:value>
        </con:property>
      </con:properties>
      <con:returnProperties>
        <con:entry>res_lastTransactionId</con:entry>
        <con:entry>res_httpStatus</con:entry>
      </con:returnProperties>
      <con:runMode>PARALLELL</con:runMode>
    </con:config>
  </con:testStep>
  <con:testStep type="assertionteststep" name="Assertion last transaction item id is correct" id="3e2e142c-51f6-4aba-b546-60ef8ed3176d">
    <con:settings/>
    <con:config xsi:type="con:AssertionTestStep" xmlns:xsi="http://www.w3.org/2001/XMLSchema-instance">
      <con:entry>
        <con:id>413aa7a9-ede4-441e-b7d6-664e508b206a</con:id>
        <con:isGroup>false</con:isGroup>
        <con:sourceId>24980a5b-c330-440f-baa7-37ed3a212042</con:sourceId>
        <con:propertyName>res_httpStatus</con:propertyName>
        <con:assertion type="Simple Equals" name="Equals" id="92a41eb6-c6f3-45d3-befc-8193f679177e">
          <con:configuration>
            <patternObjectId>7b36e533-bd09-4c6d-b739-a332d85dfc4f</patternObjectId>
            <patternProperty>res_200</patternProperty>
            <caseSensitive>true</caseSensitive>
          </con:configuration>
        </con:assertion>
      </con:entry>
      <con:entry>
        <con:id>546f42c7-f0ed-4fd7-b2a7-ac0f98bf627f</con:id>
        <con:isGroup>false</con:isGroup>
        <con:sourceId>24980a5b-c330-440f-baa7-37ed3a212042</con:sourceId>
        <con:propertyName>res_lastTransactionId</con:propertyName>
        <con:assertion type="Simple Contains" name="Contains" id="4e435dbd-9def-471c-9d39-9ff597dec396">
          <con:configuration>
            <token>\d+</token>
            <ignoreCase>false</ignoreCase>
            <useRegEx>true</useRegEx>
          </con:configuration>
        </con:assertion>
      </con:entry>
    </con:config>
  </con:testStep>
  <con:testStep type="transfer" name="Display non-exist monetary transaction item - Property Transfer" id="25512051-4c5a-4eaa-910e-17711fafec0c">
    <con:settings/>
    <con:config xsi:type="con:PropertyTransfersStep" xmlns:xsi="http://www.w3.org/2001/XMLSchema-instance">
      <con:transfers setNullOnMissingSource="true" transferTextContent="true" failOnError="true" ignoreEmpty="false" transferToAll="false" entitize="false" transferChildNodes="false">
        <con:name>transactionId</con:name>
        <con:sourceType>notExistBIId</con:sourceType>
        <con:sourceStep>Given properties for the test steps</con:sourceStep>
        <con:sourcePath/>
        <con:targetType>req_itemId</con:targetType>
        <con:targetStep>Display non-exist monetary transaction item</con:targetStep>
        <con:targetPath/>
        <con:upgraded>true</con:upgraded>
      </con:transfers>
    </con:config>
  </con:testStep>
  <con:testStep type="calltestcase" name="Display non-exist monetary transaction item" id="66754607-a623-47ad-ba3c-cc554889e7c8">
    <con:settings/>
    <con:config xsi:type="con:RunTestCaseStep" xmlns:xsi="http://www.w3.org/2001/XMLSchema-instance">
      <con:targetTestCase>279d7266-b21f-4de7-84b4-8ecd8c976048</con:targetTestCase>
      <con:properties>
        <con:property>
          <con:name>req_itemId</con:name>
          <con:value>-1</con:value>
        </con:property>
        <con:property>
          <con:name>res_itemId</con:name>
          <con:value xsi:nil="true"/>
        </con:property>
        <con:property>
          <con:name>res_mainState</con:name>
          <con:value xsi:nil="true"/>
        </con:property>
        <con:property>
          <con:name>res_state</con:name>
          <con:value xsi:nil="true"/>
        </con:property>
        <con:property>
          <con:name>res_httpStatus</con:name>
          <con:value>404</con:value>
        </con:property>
        <con:property>
          <con:name>res_code</con:name>
          <con:value>404</con:value>
        </con:property>
        <con:property>
          <con:name>res_description</con:name>
        </con:property>
      </con:properties>
      <con:returnProperties>
        <con:entry>res_itemId</con:entry>
        <con:entry>res_mainState</con:entry>
        <con:entry>res_state</con:entry>
        <con:entry>res_httpStatus</con:entry>
        <con:entry>res_code</con:entry>
      </con:returnProperties>
      <con:runMode>PARALLELL</con:runMode>
    </con:config>
  </con:testStep>
  <con:testStep type="assertionteststep" name="Assert monetary transaction cannot found" id="db3eb766-f813-4006-8b56-5c46ab1a4f60">
    <con:settings/>
    <con:config xsi:type="con:AssertionTestStep" xmlns:xsi="http://www.w3.org/2001/XMLSchema-instance">
      <con:entry>
        <con:id>be62d293-8001-4714-bb10-22d14229786f</con:id>
        <con:isGroup>false</con:isGroup>
        <con:sourceId>66754607-a623-47ad-ba3c-cc554889e7c8</con:sourceId>
        <con:propertyName>res_httpStatus</con:propertyName>
        <con:assertion type="Simple Equals" name="Equals" id="dfc22d1b-19a2-4e71-b8bf-7af614745414">
          <con:configuration>
            <patternObjectId>7b36e533-bd09-4c6d-b739-a332d85dfc4f</patternObjectId>
            <patternProperty>res_404</patternProperty>
            <caseSensitive>true</caseSensitive>
          </con:configuration>
        </con:assertion>
      </con:entry>
    </con:config>
  </con:testStep>
  <con:testStep type="transfer" name="Display single monetary transaction - Property Transfer" id="6007b954-bfe6-4d1a-8d72-0a8a16f07b28">
    <con:settings/>
    <con:config xsi:type="con:PropertyTransfersStep" xmlns:xsi="http://www.w3.org/2001/XMLSchema-instance">
      <con:transfers setNullOnMissingSource="true" transferTextContent="true" failOnError="true" ignoreEmpty="false" transferToAll="false" entitize="false" transferChildNodes="false">
        <con:name>transactionId</con:name>
        <con:sourceType>res_lastTransactionId</con:sourceType>
        <con:sourceStep>List monetary transaction</con:sourceStep>
        <con:sourcePath/>
        <con:targetType>req_itemId</con:targetType>
        <con:targetStep>Display single monetary transaction</con:targetStep>
        <con:targetPath/>
        <con:upgraded>true</con:upgraded>
      </con:transfers>
    </con:config>
  </con:testStep>
  <con:testStep type="calltestcase" name="Display single monetary transaction" id="7bfa28ac-0923-4703-9c96-1ca38c3f72c5">
    <con:settings/>
    <con:config xsi:type="con:RunTestCaseStep" xmlns:xsi="http://www.w3.org/2001/XMLSchema-instance">
      <con:targetTestCase>279d7266-b21f-4de7-84b4-8ecd8c976048</con:targetTestCase>
      <con:properties>
        <con:property>
          <con:name>req_itemId</con:name>
          <con:value>811</con:value>
        </con:property>
        <con:property>
          <con:name>res_itemId</con:name>
          <con:value>811</con:value>
        </con:property>
        <con:property>
          <con:name>res_mainState</con:name>
          <con:value>0</con:value>
        </con:property>
        <con:property>
          <con:name>res_state</con:name>
          <con:value>5</con:value>
        </con:property>
        <con:property>
          <con:name>res_httpStatus</con:name>
          <con:value>200</con:value>
        </con:property>
        <con:property>
          <con:name>res_code</con:name>
          <con:value>MTx-811</con:value>
        </con:property>
        <con:property>
          <con:name>res_description</con:name>
          <con:value>Monetary Transaction at [ROOT ORGANIZATION] by [ADMIN USER]</con:value>
        </con:property>
      </con:properties>
      <con:returnProperties>
        <con:entry>res_itemId</con:entry>
        <con:entry>res_mainState</con:entry>
        <con:entry>res_state</con:entry>
        <con:entry>res_httpStatus</con:entry>
        <con:entry>res_code</con:entry>
        <con:entry>res_description</con:entry>
      </con:returnProperties>
      <con:runMode>PARALLELL</con:runMode>
    </con:config>
  </con:testStep>
  <con:testStep type="assertionteststep" name="Assertion display single monetary transaction" id="2aaf3164-5640-41de-aaff-4cf6ffefa52e">
    <con:settings/>
    <con:config xsi:type="con:AssertionTestStep" xmlns:xsi="http://www.w3.org/2001/XMLSchema-instance">
      <con:entry>
        <con:id>ea8b44bc-443a-4148-a2af-bdecf6210e78</con:id>
        <con:isGroup>false</con:isGroup>
        <con:sourceId>7bfa28ac-0923-4703-9c96-1ca38c3f72c5</con:sourceId>
        <con:propertyName>res_httpStatus</con:propertyName>
        <con:assertion type="Simple Equals" name="Equals" id="86148387-f2eb-4d62-986c-dda0f69ef70d">
          <con:configuration>
            <patternObjectId>7b36e533-bd09-4c6d-b739-a332d85dfc4f</patternObjectId>
            <patternProperty>res_200</patternProperty>
            <caseSensitive>true</caseSensitive>
          </con:configuration>
        </con:assertion>
      </con:entry>
      <con:entry>
        <con:id>1c1f70e4-8e93-4dc6-8004-876d2287056a</con:id>
        <con:isGroup>false</con:isGroup>
        <con:sourceId>7bfa28ac-0923-4703-9c96-1ca38c3f72c5</con:sourceId>
        <con:propertyName>res_mainState</con:propertyName>
        <con:assertion type="Simple Equals" name="Equals 2" id="9d010448-8352-4dd1-9306-7dde71de6a2e">
          <con:configuration>
            <patternObjectId>7b36e533-bd09-4c6d-b739-a332d85dfc4f</patternObjectId>
            <patternProperty>mainStateClosed</patternProperty>
            <caseSensitive>true</caseSensitive>
          </con:configuration>
        </con:assertion>
      </con:entry>
      <con:entry>
        <con:id>46121e33-291b-49b9-bf10-b93e48c0dda2</con:id>
        <con:isGroup>false</con:isGroup>
        <con:sourceId>7bfa28ac-0923-4703-9c96-1ca38c3f72c5</con:sourceId>
        <con:propertyName>res_state</con:propertyName>
        <con:assertion type="Simple Equals" name="Equals 3" id="fa723312-a56b-4f31-861d-70dd6a166b7e">
          <con:configuration>
            <patternObjectId>7b36e533-bd09-4c6d-b739-a332d85dfc4f</patternObjectId>
            <patternProperty>stateClosed</patternProperty>
            <caseSensitive>true</caseSensitive>
          </con:configuration>
        </con:assertion>
      </con:entry>
      <con:entry>
        <con:id>8a3b6d0e-651e-455b-9250-d531a1835d99</con:id>
        <con:isGroup>false</con:isGroup>
        <con:sourceId>7bfa28ac-0923-4703-9c96-1ca38c3f72c5</con:sourceId>
        <con:propertyName>res_description</con:propertyName>
        <con:assertion type="Simple Contains" name="Contains" id="7a9e327a-5eb1-47b8-95c7-6305723dbddc">
          <con:configuration>
            <token>\s+</token>
            <ignoreCase>false</ignoreCase>
            <useRegEx>true</useRegEx>
          </con:configuration>
        </con:assertion>
      </con:entry>
    </con:config>
  </con:testStep>
  <con:testStep type="calltestcase" name="Display money transfers" id="41c76a27-6ed7-4584-838d-91f49ab5e1a8">
    <con:settings/>
    <con:config xsi:type="con:RunTestCaseStep" xmlns:xsi="http://www.w3.org/2001/XMLSchema-instance">
      <con:targetTestCase>6d9fc78b-4d10-461e-b2f4-e925bb4968b7</con:targetTestCase>
      <con:properties>
        <con:property>
          <con:name>res_code</con:name>
          <con:value xsi:nil="true"/>
        </con:property>
        <con:property>
          <con:name>res_httpStatus</con:name>
          <con:value>200</con:value>
        </con:property>
        <con:property>
          <con:name>response</con:name>
          <con:value>{"items":[{"businessInteractionType":14,"code":"MT-141","description":"Money Transfer at [name-s37859521-b204-4ff6-a31c-8bfb7d6ad44e] by [John Smith]","mainState":"Closed","state":"Closed","createdDate":"2018-03-05T11:29:16.081Z","preventUpdateFromOtherSystem":false,"id":"141"},{"businessInteractionType":14,"code":"MT-161","description":"Money Transfer at [ROOT ORGANIZATION] by [ADMIN USER]","mainState":"Closed","state":"Cancelled","createdDate":"2018-03-05T11:30:25.382Z","preventUpdateFromOtherSystem":false,"id":"161"},{"businessInteractionType":14,"code":"MT-171","description":"Money Transfer at [name-s37859521-b204-4ff6-a31c-8bfb7d6ad44e] by [John Smith]","mainState":"Closed","state":"Closed","createdDate":"2018-03-05T11:31:59.017Z","preventUpdateFromOtherSystem":false,"id":"171"},{"businessInteractionType":14,"code":"MT-301","description":"Money Transfer at [name-sd9a481b3-b3a5-44ba-b5c5-899aeda423a1] by [John Smith]","mainState":"Closed","state":"Closed","createdDate":"2018-03-05T11:33:17.556Z","preventUpdateFromOtherSystem":false,"id":"301"},{"businessInteractionType":14,"code":"MT-431","description":"Money Transfer at [name-sdc83d1cf-7dbe-47d7-9b18-e619f9d2129b] by [John Smith]","mainState":"Closed","state":"Closed","createdDate":"2018-03-05T11:50:15.208Z","preventUpdateFromOtherSystem":false,"id":"431"},{"businessInteractionType":14,"code":"MT-521","description":"Money Transfer at [name-s1157575e-e8fe-411c-9498-accc102954ad] by [John Smith]","mainState":"Closed","state":"Cancelled","createdDate":"2018-03-05T12:25:06.835Z","preventUpdateFromOtherSystem":false,"id":"521"},{"businessInteractionType":14,"code":"MT-531","description":"Money Transfer at [ROOT ORGANIZATION] by [ADMIN USER]","mainState":"Closed","state":"Closed","createdDate":"2018-03-05T12:25:07.226Z","preventUpdateFromOtherSystem":false,"id":"531"},{"businessInteractionType":14,"code":"MT-551","description":"Money Transfer at [ROOT ORGANIZATION] by [ADMIN USER]","mainState":"Draft","state":"Draft","createdDate":"2018-03-05T12:25:07.612Z","preventUpdateFromOtherSystem":false,"id":"551"},{"businessInteractionType":14,"code":"MT-601","description":"Money Transfer at [ROOT ORGANIZATION] by [ADMIN USER]","mainState":"Draft","state":"Draft","createdDate":"2018-03-05T12:25:08.974Z","preventUpdateFromOtherSystem":false,"id":"601"},{"businessInteractionType":14,"code":"MT-611","description":"Money Transfer at [ROOT ORGANIZATION] by [ADMIN USER]","mainState":"Closed","state":"Closed","createdDate":"2018-03-05T12:25:09.115Z","preventUpdateFromOtherSystem":false,"id":"611"}]}</con:value>
        </con:property>
      </con:properties>
      <con:returnProperties>
        <con:entry>res_code</con:entry>
        <con:entry>res_httpStatus</con:entry>
        <con:entry>response</con:entry>
      </con:returnProperties>
      <con:runMode>PARALLELL</con:runMode>
    </con:config>
  </con:testStep>
  <con:testStep type="assertionteststep" name="Assertion transfers displayed" id="d548aa1a-e52e-4ff0-a322-6a63c3ab60c9">
    <con:settings/>
    <con:config xsi:type="con:AssertionTestStep" xmlns:xsi="http://www.w3.org/2001/XMLSchema-instance">
      <con:entry>
        <con:id>9bbae69d-c9f9-4b52-aedb-306991893925</con:id>
        <con:isGroup>false</con:isGroup>
        <con:sourceId>41c76a27-6ed7-4584-838d-91f49ab5e1a8</con:sourceId>
        <con:propertyName>res_httpStatus</con:propertyName>
        <con:assertion type="Simple Equals" name="Equals" id="e77608e0-df46-40fc-a4b1-22436ddfe618">
          <con:configuration>
            <patternObjectId>7b36e533-bd09-4c6d-b739-a332d85dfc4f</patternObjectId>
            <patternProperty>res_200</patternProperty>
            <caseSensitive>true</caseSensitive>
          </con:configuration>
        </con:assertion>
      </con:entry>
      <con:entry>
        <con:id>cb6c1c85-8cb2-4409-bb49-b4947705387c</con:id>
        <con:isGroup>false</con:isGroup>
        <con:sourceId>41c76a27-6ed7-4584-838d-91f49ab5e1a8</con:sourceId>
        <con:propertyName>response</con:propertyName>
        <con:assertion type="Simple Contains" name="Contains" id="03ec0c67-5fbc-4c2e-9197-8c75bd699159">
          <con:configuration>
            <token>\w+</token>
            <ignoreCase>false</ignoreCase>
            <useRegEx>true</useRegEx>
          </con:configuration>
        </con:assertion>
      </con:entry>
    </con:config>
  </con:testStep>
  <con:testStep type="transfer" name="Set single money transfer item fail" id="3d7d930a-5d71-45c1-8b8f-58e0c92ed595">
    <con:settings/>
    <con:config xsi:type="con:PropertyTransfersStep" xmlns:xsi="http://www.w3.org/2001/XMLSchema-instance">
      <con:transfers setNullOnMissingSource="true" transferTextContent="true" failOnError="true" ignoreEmpty="false" transferToAll="false" entitize="false" transferChildNodes="false">
        <con:name>biId</con:name>
        <con:sourceType>res_biId</con:sourceType>
        <con:sourceStep>### Different from>to with session Create money transfer with session 6</con:sourceStep>
        <con:sourcePath/>
        <con:targetType>req_biId</con:targetType>
        <con:targetStep>Display single money transfer item fail</con:targetStep>
        <con:targetPath/>
        <con:upgraded>true</con:upgraded>
      </con:transfers>
      <con:transfers setNullOnMissingSource="true" transferTextContent="true" failOnError="true" ignoreEmpty="false" transferToAll="false" entitize="false" transferChildNodes="false">
        <con:name>itemId</con:name>
        <con:sourceType>notExistBIId</con:sourceType>
        <con:sourceStep>Given properties for the test steps</con:sourceStep>
        <con:targetType>req_itemId</con:targetType>
        <con:targetStep>Display single money transfer item fail</con:targetStep>
        <con:upgraded>true</con:upgraded>
      </con:transfers>
    </con:config>
  </con:testStep>
  <con:testStep type="calltestcase" name="Display single money transfer item fail" id="057c9229-0c2b-4fb7-88e7-c0f8023053f6">
    <con:settings/>
    <con:config xsi:type="con:RunTestCaseStep" xmlns:xsi="http://www.w3.org/2001/XMLSchema-instance">
      <con:targetTestCase>599f0c27-9340-41ea-a414-504b78ef8def</con:targetTestCase>
      <con:properties>
        <con:property>
          <con:name>req_biId</con:name>
          <con:value>801</con:value>
        </con:property>
        <con:property>
          <con:name>req_itemId</con:name>
          <con:value>-1</con:value>
        </con:property>
        <con:property>
          <con:name>res_httpStatus</con:name>
          <con:value>404</con:value>
        </con:property>
        <con:property>
          <con:name>res_errorMessage</con:name>
          <con:value>404</con:value>
        </con:property>
        <con:property>
          <con:name>res_itemId</con:name>
          <con:value xsi:nil="true"/>
        </con:property>
      </con:properties>
      <con:returnProperties>
        <con:entry>res_httpStatus</con:entry>
        <con:entry>res_errorMessage</con:entry>
        <con:entry>res_itemId</con:entry>
      </con:returnProperties>
      <con:runMode>PARALLELL</con:runMode>
    </con:config>
  </con:testStep>
  <con:testStep type="assertionteststep" name="Assertion status and error message(eksik)" id="b8acdd00-ea3a-41c7-933f-af39464969c9">
    <con:settings/>
    <con:config xsi:type="con:AssertionTestStep" xmlns:xsi="http://www.w3.org/2001/XMLSchema-instance">
      <con:entry>
        <con:id>c4439be5-1cb4-4c54-a07d-998819dc200b</con:id>
        <con:isGroup>false</con:isGroup>
        <con:sourceId>057c9229-0c2b-4fb7-88e7-c0f8023053f6</con:sourceId>
        <con:propertyName>res_httpStatus</con:propertyName>
        <con:assertion type="Simple Equals" name="Equals" id="55780b01-9da0-4526-87c8-a70e0ed47342">
          <con:configuration>
            <patternObjectId>7b36e533-bd09-4c6d-b739-a332d85dfc4f</patternObjectId>
            <patternProperty>res_404</patternProperty>
            <caseSensitive>true</caseSensitive>
          </con:configuration>
        </con:assertion>
      </con:entry>
    </con:config>
  </con:testStep>
  <con:testStep type="transfer" name="Set single money transfer item fail 2" id="c9fb3567-b7cd-43e4-8462-1bc3e030988c">
    <con:settings/>
    <con:config xsi:type="con:PropertyTransfersStep" xmlns:xsi="http://www.w3.org/2001/XMLSchema-instance">
      <con:transfers setNullOnMissingSource="true" transferTextContent="true" failOnError="true" ignoreEmpty="false" transferToAll="false" entitize="false" transferChildNodes="false">
        <con:name>biId</con:name>
        <con:sourceType>notExistBIId</con:sourceType>
        <con:sourceStep>Given properties for the test steps</con:sourceStep>
        <con:sourcePath/>
        <con:targetType>req_biId</con:targetType>
        <con:targetStep>Display single money transfer item fail 2</con:targetStep>
        <con:targetPath/>
        <con:upgraded>true</con:upgraded>
      </con:transfers>
      <con:transfers setNullOnMissingSource="true" transferTextContent="true" failOnError="true" ignoreEmpty="false" transferToAll="false" entitize="false" transferChildNodes="false">
        <con:name>itemId</con:name>
        <con:sourceType>res_itemId</con:sourceType>
        <con:sourceStep>Add item to money transfer  with session from>to different user 5</con:sourceStep>
        <con:targetType>req_itemId</con:targetType>
        <con:targetStep>Display single money transfer item fail 2</con:targetStep>
        <con:upgraded>true</con:upgraded>
      </con:transfers>
    </con:config>
  </con:testStep>
  <con:testStep type="calltestcase" name="Display single money transfer item fail 2" id="75c4aa79-52db-4c24-b0b9-8bb3132e4891">
    <con:settings/>
    <con:config xsi:type="con:RunTestCaseStep" xmlns:xsi="http://www.w3.org/2001/XMLSchema-instance">
      <con:targetTestCase>599f0c27-9340-41ea-a414-504b78ef8def</con:targetTestCase>
      <con:properties>
        <con:property>
          <con:name>req_biId</con:name>
          <con:value>-1</con:value>
        </con:property>
        <con:property>
          <con:name>req_itemId</con:name>
          <con:value>316</con:value>
        </con:property>
        <con:property>
          <con:name>res_httpStatus</con:name>
          <con:value>404</con:value>
        </con:property>
        <con:property>
          <con:name>res_errorMessage</con:name>
          <con:value>404</con:value>
        </con:property>
        <con:property>
          <con:name>res_itemId</con:name>
          <con:value xsi:nil="true"/>
        </con:property>
      </con:properties>
      <con:returnProperties>
        <con:entry>res_httpStatus</con:entry>
        <con:entry>res_errorMessage</con:entry>
        <con:entry>res_itemId</con:entry>
      </con:returnProperties>
      <con:runMode>PARALLELL</con:runMode>
    </con:config>
  </con:testStep>
  <con:testStep type="assertionteststep" name="Assertion status and error message(eksik) 2" id="7c42ef55-1516-4c85-ba24-7574d24f6f7f">
    <con:settings/>
    <con:config xsi:type="con:AssertionTestStep" xmlns:xsi="http://www.w3.org/2001/XMLSchema-instance">
      <con:entry>
        <con:id>a90c7ad2-e7de-4de6-8f8b-fff8755e615b</con:id>
        <con:isGroup>false</con:isGroup>
        <con:sourceId>75c4aa79-52db-4c24-b0b9-8bb3132e4891</con:sourceId>
        <con:propertyName>res_httpStatus</con:propertyName>
        <con:assertion type="Simple Equals" name="Equals" id="dab24c8b-a78e-48e6-8527-469ccff25712">
          <con:configuration>
            <patternObjectId>7b36e533-bd09-4c6d-b739-a332d85dfc4f</patternObjectId>
            <patternProperty>res_404</patternProperty>
            <caseSensitive>true</caseSensitive>
          </con:configuration>
        </con:assertion>
      </con:entry>
    </con:config>
  </con:testStep>
  <con:testStep type="transfer" name="Set single money transfer item fail 3" id="b74cfcb8-d349-492c-9f25-f0244ffef57c">
    <con:settings/>
    <con:config xsi:type="con:PropertyTransfersStep" xmlns:xsi="http://www.w3.org/2001/XMLSchema-instance">
      <con:transfers setNullOnMissingSource="true" transferTextContent="true" failOnError="true" ignoreEmpty="false" transferToAll="false" entitize="false" transferChildNodes="false">
        <con:name>biId</con:name>
        <con:sourceType>notExistBIId</con:sourceType>
        <con:sourceStep>Given properties for the test steps</con:sourceStep>
        <con:sourcePath/>
        <con:targetType>req_biId</con:targetType>
        <con:targetStep>Display single money transfer item fail 3</con:targetStep>
        <con:targetPath/>
        <con:upgraded>true</con:upgraded>
      </con:transfers>
      <con:transfers setNullOnMissingSource="true" transferTextContent="true" failOnError="true" ignoreEmpty="false" transferToAll="false" entitize="false" transferChildNodes="false">
        <con:name>itemId</con:name>
        <con:sourceType>notExistBIId</con:sourceType>
        <con:sourceStep>Given properties for the test steps</con:sourceStep>
        <con:targetType>req_itemId</con:targetType>
        <con:targetStep>Display single money transfer item fail 3</con:targetStep>
        <con:upgraded>true</con:upgraded>
      </con:transfers>
    </con:config>
  </con:testStep>
  <con:testStep type="calltestcase" name="Display single money transfer item fail 3" id="3a5ad142-9af6-4047-b5e1-8c59a91cfd8a">
    <con:settings/>
    <con:config xsi:type="con:RunTestCaseStep" xmlns:xsi="http://www.w3.org/2001/XMLSchema-instance">
      <con:targetTestCase>599f0c27-9340-41ea-a414-504b78ef8def</con:targetTestCase>
      <con:properties>
        <con:property>
          <con:name>req_biId</con:name>
          <con:value>-1</con:value>
        </con:property>
        <con:property>
          <con:name>req_itemId</con:name>
          <con:value>-1</con:value>
        </con:property>
        <con:property>
          <con:name>res_httpStatus</con:name>
          <con:value>404</con:value>
        </con:property>
        <con:property>
          <con:name>res_errorMessage</con:name>
          <con:value>404</con:value>
        </con:property>
        <con:property>
          <con:name>res_itemId</con:name>
          <con:value xsi:nil="true"/>
        </con:property>
      </con:properties>
      <con:returnProperties>
        <con:entry>res_httpStatus</con:entry>
        <con:entry>res_errorMessage</con:entry>
        <con:entry>res_itemId</con:entry>
      </con:returnProperties>
      <con:runMode>PARALLELL</con:runMode>
    </con:config>
  </con:testStep>
  <con:testStep type="assertionteststep" name="Assertion status and error message(eksik) 3" id="5f1aceef-a6fe-4da3-a3f1-b24c3024edd3">
    <con:settings/>
    <con:config xsi:type="con:AssertionTestStep" xmlns:xsi="http://www.w3.org/2001/XMLSchema-instance">
      <con:entry>
        <con:id>06e2a7bd-a24b-41f5-8ecc-4096d11b7bee</con:id>
        <con:isGroup>false</con:isGroup>
        <con:sourceId>3a5ad142-9af6-4047-b5e1-8c59a91cfd8a</con:sourceId>
        <con:propertyName>res_httpStatus</con:propertyName>
        <con:assertion type="Simple Equals" name="Equals" id="3e18ea7f-de91-40df-b0cd-162cdac52641">
          <con:configuration>
            <patternObjectId>7b36e533-bd09-4c6d-b739-a332d85dfc4f</patternObjectId>
            <patternProperty>res_404</patternProperty>
            <caseSensitive>true</caseSensitive>
          </con:configuration>
        </con:assertion>
      </con:entry>
    </con:config>
  </con:testStep>
  <con:testStep type="transfer" name="Set monetary item id" id="10c7f950-35d7-4413-a83f-4bc9801216b8">
    <con:settings/>
    <con:config xsi:type="con:PropertyTransfersStep" xmlns:xsi="http://www.w3.org/2001/XMLSchema-instance">
      <con:transfers setNullOnMissingSource="true" transferTextContent="true" failOnError="true" ignoreEmpty="false" transferToAll="false" entitize="false" transferChildNodes="false">
        <con:name>id</con:name>
        <con:sourceType>res_lastTransactionId</con:sourceType>
        <con:sourceStep>List monetary transaction</con:sourceStep>
        <con:sourcePath/>
        <con:targetType>req_itemId</con:targetType>
        <con:targetStep>Create monetary transaction fail</con:targetStep>
        <con:targetPath/>
        <con:upgraded>true</con:upgraded>
      </con:transfers>
    </con:config>
  </con:testStep>
  <con:testStep type="calltestcase" name="Create monetary transaction fail" id="d2df8e2f-1d45-4918-93f3-7f0c523a3106">
    <con:settings/>
    <con:config xsi:type="con:RunTestCaseStep" xmlns:xsi="http://www.w3.org/2001/XMLSchema-instance">
      <con:targetTestCase>98b76a47-5c69-4f1b-a906-f55594bba261</con:targetTestCase>
      <con:properties>
        <con:property>
          <con:name>res_description</con:name>
          <con:value>HTTP 405 Method Not Allowed</con:value>
        </con:property>
        <con:property>
          <con:name>res_httpStatus</con:name>
          <con:value>405</con:value>
        </con:property>
        <con:property>
          <con:name>req_itemId</con:name>
          <con:value>811</con:value>
        </con:property>
      </con:properties>
      <con:returnProperties>
        <con:entry>res_description</con:entry>
        <con:entry>res_httpStatus</con:entry>
      </con:returnProperties>
      <con:runMode>PARALLELL</con:runMode>
    </con:config>
  </con:testStep>
  <con:testStep type="assertionteststep" name="Assertion httpStatus and ErrorMessage" id="2629c471-b1d1-4834-9088-204118e489b7">
    <con:settings/>
    <con:config xsi:type="con:AssertionTestStep" xmlns:xsi="http://www.w3.org/2001/XMLSchema-instance">
      <con:entry>
        <con:id>9935c5ab-36db-45e3-9a3b-29deb6ac599e</con:id>
        <con:isGroup>false</con:isGroup>
        <con:sourceId>d2df8e2f-1d45-4918-93f3-7f0c523a3106</con:sourceId>
        <con:propertyName>res_httpStatus</con:propertyName>
        <con:assertion type="Simple Equals" name="Equals" id="8c9dcf91-00c4-4b9d-8fd4-4ff022771400">
          <con:configuration>
            <patternObjectId>7b36e533-bd09-4c6d-b739-a332d85dfc4f</patternObjectId>
            <patternProperty>res_405</patternProperty>
            <caseSensitive>true</caseSensitive>
          </con:configuration>
        </con:assertion>
      </con:entry>
      <con:entry>
        <con:id>aad7bee2-507e-45e0-a4a2-885dd4a66f9e</con:id>
        <con:isGroup>false</con:isGroup>
        <con:sourceId>d2df8e2f-1d45-4918-93f3-7f0c523a3106</con:sourceId>
        <con:propertyName>res_description</con:propertyName>
        <con:assertion type="Simple Equals" name="Equals 2" id="031ae3aa-d819-4fa9-aac1-e0ebbd8ef6f9">
          <con:configuration>
            <patternObjectId>7b36e533-bd09-4c6d-b739-a332d85dfc4f</patternObjectId>
            <patternProperty>methodNotAllowed</patternProperty>
            <caseSensitive>true</caseSensitive>
          </con:configuration>
        </con:assertion>
      </con:entry>
    </con:config>
  </con:testStep>
  <con:testStep type="transfer" name="Set monetary item id 2" id="95f54a2f-7d1a-40a8-ae74-a7899848a237">
    <con:settings/>
    <con:config xsi:type="con:PropertyTransfersStep" xmlns:xsi="http://www.w3.org/2001/XMLSchema-instance">
      <con:transfers setNullOnMissingSource="true" transferTextContent="true" failOnError="true" ignoreEmpty="false" transferToAll="false" entitize="false" transferChildNodes="false">
        <con:name>id</con:name>
        <con:sourceType>res_lastTransactionId</con:sourceType>
        <con:sourceStep>List monetary transaction</con:sourceStep>
        <con:sourcePath/>
        <con:targetType>req_itemId</con:targetType>
        <con:targetStep>Delete monetary transaction fail</con:targetStep>
        <con:targetPath/>
        <con:upgraded>true</con:upgraded>
      </con:transfers>
    </con:config>
  </con:testStep>
  <con:testStep type="calltestcase" name="Delete monetary transaction fail" id="8cbffa52-40bd-4d06-943e-d3f67d53cdba">
    <con:settings/>
    <con:config xsi:type="con:RunTestCaseStep" xmlns:xsi="http://www.w3.org/2001/XMLSchema-instance">
      <con:targetTestCase>170857e4-f2a4-4f25-9c9d-79394bdfc521</con:targetTestCase>
      <con:properties>
        <con:property>
          <con:name>res_description</con:name>
          <con:value>HTTP 405 Method Not Allowed</con:value>
        </con:property>
        <con:property>
          <con:name>res_status</con:name>
          <con:value>405</con:value>
        </con:property>
        <con:property>
          <con:name>req_itemId</con:name>
          <con:value>811</con:value>
        </con:property>
      </con:properties>
      <con:returnProperties>
        <con:entry>res_description</con:entry>
        <con:entry>res_status</con:entry>
      </con:returnProperties>
      <con:runMode>PARALLELL</con:runMode>
    </con:config>
  </con:testStep>
  <con:testStep type="assertionteststep" name="Assertion httpStatus and ErrorMessage 2" id="017467d4-31be-4717-a9ab-941af359b8d5">
    <con:settings/>
    <con:config xsi:type="con:AssertionTestStep" xmlns:xsi="http://www.w3.org/2001/XMLSchema-instance">
      <con:entry>
        <con:id>7a532658-89c5-46fe-9746-d04b1a7266ce</con:id>
        <con:isGroup>false</con:isGroup>
        <con:sourceId>8cbffa52-40bd-4d06-943e-d3f67d53cdba</con:sourceId>
        <con:propertyName>res_status</con:propertyName>
        <con:assertion type="Simple Equals" name="Equals" id="f88ce702-ab7b-4955-90a6-7558d2e050d5">
          <con:configuration>
            <patternObjectId>7b36e533-bd09-4c6d-b739-a332d85dfc4f</patternObjectId>
            <patternProperty>res_405</patternProperty>
            <caseSensitive>true</caseSensitive>
          </con:configuration>
        </con:assertion>
      </con:entry>
      <con:entry>
        <con:id>d009d575-4c61-473e-834a-92f4b9c0aa29</con:id>
        <con:isGroup>false</con:isGroup>
        <con:sourceId>8cbffa52-40bd-4d06-943e-d3f67d53cdba</con:sourceId>
        <con:propertyName>res_description</con:propertyName>
        <con:assertion type="Simple Equals" name="Equals 2" id="ec1a4d87-d753-477a-bee1-739a2e6f3844">
          <con:configuration>
            <patternObjectId>7b36e533-bd09-4c6d-b739-a332d85dfc4f</patternObjectId>
            <patternProperty>methodNotAllowed</patternProperty>
            <caseSensitive>true</caseSensitive>
          </con:configuration>
        </con:assertion>
      </con:entry>
    </con:config>
  </con:testStep>
  <con:properties>
    <con:property>
      <con:name>req_firstUserRoleId</con:name>
      <con:value>37</con:value>
    </con:property>
    <con:property>
      <con:name>req_firstSoRoleId</con:name>
      <con:value>35</con:value>
    </con:property>
    <con:property>
      <con:name>req_secondUserRoleId</con:name>
      <con:value>39</con:value>
    </con:property>
    <con:property>
      <con:name>req_secondSoRoleId</con:name>
      <con:value>35</con:value>
    </con:property>
    <con:property>
      <con:name>req_fromAccountId</con:name>
      <con:value>16</con:value>
    </con:property>
    <con:property>
      <con:name>req_toAccountId</con:name>
      <con:value>17</con:value>
    </con:property>
    <con:property>
      <con:name>req_biSpec</con:name>
      <con:value>MONEYTRSPECCODE</con:value>
    </con:property>
  </con:properties>
  <con:reportParameters/>
  <con:breakPoints>
    <con:testStepId>7b36e533-bd09-4c6d-b739-a332d85dfc4f</con:testStepId>
    <con:status>NONE</con:status>
    <con:properties/>
  </con:breakPoints>
  <con:breakPoints>
    <con:testStepId>405b37af-9186-4601-b22e-03e0f3b75fc7</con:testStepId>
    <con:status>NONE</con:status>
    <con:properties/>
  </con:breakPoints>
  <con:breakPoints>
    <con:testStepId>a787c8d8-61a8-4690-98ae-632277fd333e</con:testStepId>
    <con:status>NONE</con:status>
    <con:properties/>
  </con:breakPoints>
  <con:breakPoints>
    <con:testStepId>184aca10-9afa-46a4-9e63-abea587c049b</con:testStepId>
    <con:status>NONE</con:status>
    <con:properties/>
  </con:breakPoints>
  <con:breakPoints>
    <con:testStepId>e44ffb98-656f-4b33-b390-0065e4c7bb8e</con:testStepId>
    <con:status>NONE</con:status>
    <con:properties/>
  </con:breakPoints>
  <con:breakPoints>
    <con:testStepId>b73cefde-436f-4a29-92d7-6da093d35ffa</con:testStepId>
    <con:status>NONE</con:status>
    <con:properties/>
  </con:breakPoints>
  <con:breakPoints>
    <con:testStepId>7ede220c-5d56-4cee-b11a-d91687408a4d</con:testStepId>
    <con:status>NONE</con:status>
    <con:properties/>
  </con:breakPoints>
  <con:breakPoints>
    <con:testStepId>4a01b312-ed19-462c-93fc-c06356f628ab</con:testStepId>
    <con:status>NONE</con:status>
    <con:properties/>
  </con:breakPoints>
  <con:breakPoints>
    <con:testStepId>b7a20947-8e1a-43e0-abd0-dbc9e60e3001</con:testStepId>
    <con:status>NONE</con:status>
    <con:properties/>
  </con:breakPoints>
  <con:breakPoints>
    <con:testStepId>7d63c18f-2f29-429f-815d-02e5908a4fb6</con:testStepId>
    <con:status>ENABLED</con:status>
    <con:properties/>
  </con:breakPoints>
  <con:breakPoints>
    <con:testStepId>7733c203-b901-44ca-b2d5-75e50d402c24</con:testStepId>
    <con:status>NONE</con:status>
    <con:properties/>
  </con:breakPoints>
  <con:breakPoints>
    <con:testStepId>840b4c3f-adc1-4aed-9003-f1700e6a0c7a</con:testStepId>
    <con:status>NONE</con:status>
    <con:properties/>
  </con:breakPoints>
  <con:breakPoints>
    <con:testStepId>b74802ca-5f74-4612-a829-f335f072f24b</con:testStepId>
    <con:status>NONE</con:status>
    <con:properties/>
  </con:breakPoints>
  <con:breakPoints>
    <con:testStepId>90177244-2968-4f70-ae01-6fcb50ffea3b</con:testStepId>
    <con:status>NONE</con:status>
    <con:properties/>
  </con:breakPoints>
  <con:breakPoints>
    <con:testStepId>58263aed-bda5-4c2b-8ed5-b3c9563b3c3e</con:testStepId>
    <con:status>NONE</con:status>
    <con:properties/>
  </con:breakPoints>
  <con:breakPoints>
    <con:testStepId>f2ff2797-f3fb-480d-8906-404b812aaed9</con:testStepId>
    <con:status>NONE</con:status>
    <con:properties/>
  </con:breakPoints>
  <con:breakPoints>
    <con:testStepId>e903a3b4-7642-4553-907e-54516c96f964</con:testStepId>
    <con:status>NONE</con:status>
    <con:properties/>
  </con:breakPoints>
  <con:breakPoints>
    <con:testStepId>8f80c247-f469-4be9-a6e7-7dbf0f4594de</con:testStepId>
    <con:status>NONE</con:status>
    <con:properties/>
  </con:breakPoints>
  <con:breakPoints>
    <con:testStepId>45de5b13-bfda-4336-a2af-4030c5bbc8f6</con:testStepId>
    <con:status>NONE</con:status>
    <con:properties/>
  </con:breakPoints>
  <con:breakPoints>
    <con:testStepId>b003ca36-bcdd-4c27-8801-3d3f762455fb</con:testStepId>
    <con:status>NONE</con:status>
    <con:properties/>
  </con:breakPoints>
  <con:breakPoints>
    <con:testStepId>ee38cfba-b83e-4aae-920c-710be4307fa0</con:testStepId>
    <con:status>NONE</con:status>
    <con:properties/>
  </con:breakPoints>
  <con:breakPoints>
    <con:testStepId>95c5c8b4-94ce-49df-852e-26c69edbc981</con:testStepId>
    <con:status>NONE</con:status>
    <con:properties/>
  </con:breakPoints>
  <con:breakPoints>
    <con:testStepId>7004110a-b69b-42d3-a2d4-5e4b95a44262</con:testStepId>
    <con:status>NONE</con:status>
    <con:properties/>
  </con:breakPoints>
  <con:breakPoints>
    <con:testStepId>6d9f6e70-4b93-41df-a66f-bf46056873e2</con:testStepId>
    <con:status>NONE</con:status>
    <con:properties/>
  </con:breakPoints>
  <con:breakPoints>
    <con:testStepId>c6d2e4d6-4914-4c6e-afa1-5577966dcdf0</con:testStepId>
    <con:status>NONE</con:status>
    <con:properties/>
  </con:breakPoints>
  <con:breakPoints>
    <con:testStepId>40e5fc51-d8e0-4b51-8d48-bf16cae701b5</con:testStepId>
    <con:status>NONE</con:status>
    <con:properties/>
  </con:breakPoints>
  <con:breakPoints>
    <con:testStepId>9531927e-a70d-46e6-8592-0e3635737bc5</con:testStepId>
    <con:status>NONE</con:status>
    <con:properties/>
  </con:breakPoints>
  <con:breakPoints>
    <con:testStepId>7c5dc3f2-9465-4634-95e3-aa5a6159af91</con:testStepId>
    <con:status>NONE</con:status>
    <con:properties/>
  </con:breakPoints>
  <con:breakPoints>
    <con:testStepId>3ab72e69-03fd-46cf-8393-23b7f7bc96c7</con:testStepId>
    <con:status>NONE</con:status>
    <con:properties/>
  </con:breakPoints>
  <con:breakPoints>
    <con:testStepId>5ed55e70-59a7-40c4-a4ad-10dae8519625</con:testStepId>
    <con:status>NONE</con:status>
    <con:properties/>
  </con:breakPoints>
  <con:breakPoints>
    <con:testStepId>a4b38566-e2f6-4382-b3a0-5b688f3d279a</con:testStepId>
    <con:status>NONE</con:status>
    <con:properties/>
  </con:breakPoints>
  <con:breakPoints>
    <con:testStepId>377e03a6-1ffc-4ec0-92ad-3e7cce7c22e8</con:testStepId>
    <con:status>NONE</con:status>
    <con:properties/>
  </con:breakPoints>
  <con:breakPoints>
    <con:testStepId>e9097c0b-fae4-4ccb-8203-6a2536869857</con:testStepId>
    <con:status>NONE</con:status>
    <con:properties/>
  </con:breakPoints>
  <con:breakPoints>
    <con:testStepId>97b90ada-cda5-44b6-88fa-b4debd175122</con:testStepId>
    <con:status>NONE</con:status>
    <con:properties/>
  </con:breakPoints>
  <con:breakPoints>
    <con:testStepId>70f5d7a1-4cdf-4e94-82ed-0ad3e884e7a1</con:testStepId>
    <con:status>NONE</con:status>
    <con:properties/>
  </con:breakPoints>
  <con:breakPoints>
    <con:testStepId>365877c2-0b6a-4722-9134-6c3b4c53c8d0</con:testStepId>
    <con:status>NONE</con:status>
    <con:properties/>
  </con:breakPoints>
  <con:breakPoints>
    <con:testStepId>8f2cb2ff-a45b-4d94-9aac-7ccc34df4fec</con:testStepId>
    <con:status>NONE</con:status>
    <con:properties/>
  </con:breakPoints>
  <con:breakPoints>
    <con:testStepId>24705a83-49e5-4771-b578-454d6b0964ab</con:testStepId>
    <con:status>NONE</con:status>
    <con:properties/>
  </con:breakPoints>
  <con:breakPoints>
    <con:testStepId>a9c375cc-f460-4032-a0c0-22dca1a92a1f</con:testStepId>
    <con:status>NONE</con:status>
    <con:properties/>
  </con:breakPoints>
  <con:breakPoints>
    <con:testStepId>533520bb-918d-4437-8af3-c93dc07fb2a0</con:testStepId>
    <con:status>NONE</con:status>
    <con:properties/>
  </con:breakPoints>
  <con:breakPoints>
    <con:testStepId>3f432181-f446-4c9f-90f5-951a6305799b</con:testStepId>
    <con:status>NONE</con:status>
    <con:properties/>
  </con:breakPoints>
  <con:breakPoints>
    <con:testStepId>8928f53d-039a-42d8-8402-7ef8803388a1</con:testStepId>
    <con:status>NONE</con:status>
    <con:properties/>
  </con:breakPoints>
  <con:breakPoints>
    <con:testStepId>a507d459-c542-42fa-9c22-1fb802538602</con:testStepId>
    <con:status>NONE</con:status>
    <con:properties/>
  </con:breakPoints>
  <con:breakPoints>
    <con:testStepId>f8d5c118-fcc5-4943-85a9-8056eb605397</con:testStepId>
    <con:status>NONE</con:status>
    <con:properties/>
  </con:breakPoints>
  <con:breakPoints>
    <con:testStepId>1a15f905-b04e-48f0-b05b-9d7fe67da5cf</con:testStepId>
    <con:status>NONE</con:status>
    <con:properties/>
  </con:breakPoints>
  <con:breakPoints>
    <con:testStepId>4ea8261a-f7dc-460b-80b4-3101aac1075a</con:testStepId>
    <con:status>NONE</con:status>
    <con:properties/>
  </con:breakPoints>
  <con:breakPoints>
    <con:testStepId>fe159849-5543-4afb-8ff8-feb74669630b</con:testStepId>
    <con:status>NONE</con:status>
    <con:properties/>
  </con:breakPoints>
  <con:breakPoints>
    <con:testStepId>0818483c-f421-4726-9bed-77731ed78f9b</con:testStepId>
    <con:status>NONE</con:status>
    <con:properties/>
  </con:breakPoints>
  <con:breakPoints>
    <con:testStepId>de27a7e3-0944-4e6b-89ec-324e954b7175</con:testStepId>
    <con:status>NONE</con:status>
    <con:properties/>
  </con:breakPoints>
  <con:breakPoints>
    <con:testStepId>68187e9c-acbf-48e2-84d0-3a16a073a478</con:testStepId>
    <con:status>NONE</con:status>
    <con:properties/>
  </con:breakPoints>
  <con:breakPoints>
    <con:testStepId>e478d0e0-ade3-4d64-9f73-8801ddf1da7a</con:testStepId>
    <con:status>NONE</con:status>
    <con:properties/>
  </con:breakPoints>
  <con:breakPoints>
    <con:testStepId>2c2a5387-8c2b-4e51-9d1b-1ba291252f5e</con:testStepId>
    <con:status>NONE</con:status>
    <con:properties/>
  </con:breakPoints>
  <con:breakPoints>
    <con:testStepId>49ee5cd7-2d0f-4e32-989b-4cbdfe5f1672</con:testStepId>
    <con:status>NONE</con:status>
    <con:properties/>
  </con:breakPoints>
  <con:breakPoints>
    <con:testStepId>f11a5f33-5767-4a45-b218-b696dc63208e</con:testStepId>
    <con:status>NONE</con:status>
    <con:properties/>
  </con:breakPoints>
  <con:breakPoints>
    <con:testStepId>54f022d3-5172-425a-91da-120287d20ba3</con:testStepId>
    <con:status>NONE</con:status>
    <con:properties/>
  </con:breakPoints>
  <con:breakPoints>
    <con:testStepId>3e106a71-7fd5-45c2-8c18-3378269a04e9</con:testStepId>
    <con:status>NONE</con:status>
    <con:properties/>
  </con:breakPoints>
  <con:breakPoints>
    <con:testStepId>00ff7b08-b5b6-4468-b927-3f6aca7818d1</con:testStepId>
    <con:status>NONE</con:status>
    <con:properties/>
  </con:breakPoints>
  <con:breakPoints>
    <con:testStepId>c295812e-7653-4766-b520-b98c1a8d2075</con:testStepId>
    <con:status>NONE</con:status>
    <con:properties/>
  </con:breakPoints>
  <con:breakPoints>
    <con:testStepId>e9fab55a-0f2c-45f2-ac9e-ade220d60e22</con:testStepId>
    <con:status>NONE</con:status>
    <con:properties/>
  </con:breakPoints>
  <con:breakPoints>
    <con:testStepId>8751bbe0-6f84-47b0-919f-73e9abc0e170</con:testStepId>
    <con:status>NONE</con:status>
    <con:properties/>
  </con:breakPoints>
  <con:breakPoints>
    <con:testStepId>173681ec-37f6-4893-954a-4a6b8362af21</con:testStepId>
    <con:status>NONE</con:status>
    <con:properties/>
  </con:breakPoints>
  <con:breakPoints>
    <con:testStepId>d47deb14-5360-4df9-8295-581fee13359a</con:testStepId>
    <con:status>NONE</con:status>
    <con:properties/>
  </con:breakPoints>
  <con:breakPoints>
    <con:testStepId>914cc08f-4726-42b0-a263-15f29bfd0959</con:testStepId>
    <con:status>NONE</con:status>
    <con:properties/>
  </con:breakPoints>
  <con:breakPoints>
    <con:testStepId>f6df9c02-6899-4796-afa8-fcd02a697713</con:testStepId>
    <con:status>NONE</con:status>
    <con:properties/>
  </con:breakPoints>
  <con:breakPoints>
    <con:testStepId>24980a5b-c330-440f-baa7-37ed3a212042</con:testStepId>
    <con:status>NONE</con:status>
    <con:properties/>
  </con:breakPoints>
  <con:breakPoints>
    <con:testStepId>41c76a27-6ed7-4584-838d-91f49ab5e1a8</con:testStepId>
    <con:status>NONE</con:status>
    <con:properties/>
  </con:breakPoints>
  <con:breakPoints>
    <con:testStepId>5f1aceef-a6fe-4da3-a3f1-b24c3024edd3</con:testStepId>
    <con:status>NONE</con:status>
    <con:properties/>
  </con:breakPoints>
  <con:breakPoints>
    <con:testStepId>d2df8e2f-1d45-4918-93f3-7f0c523a3106</con:testStepId>
    <con:status>NONE</con:status>
    <con:properties/>
  </con:breakPoints>
  <con:breakPoints>
    <con:testStepId>b4adb201-bf50-441f-908b-f4a6126dc90e</con:testStepId>
    <con:status>NONE</con:status>
    <con:properties/>
  </con:breakPoints>
  <con:breakPoints>
    <con:testStepId>e99027d7-7a4e-4681-99c0-011c28a7b755</con:testStepId>
    <con:status>NONE</con:status>
    <con:properties/>
  </con:breakPoints>
  <con:breakPoints>
    <con:testStepId>98f38572-7fe7-4f83-9c02-ba925739720c</con:testStepId>
    <con:status>NONE</con:status>
    <con:properties/>
  </con:breakPoints>
  <con:breakPoints>
    <con:testStepId>db6f6d63-235e-4c60-97d5-e1c93567b02a</con:testStepId>
    <con:status>NONE</con:status>
    <con:properties/>
  </con:breakPoints>
  <con:breakPoints>
    <con:testStepId>5848991a-90a1-4568-b4db-be3e9fc140f0</con:testStepId>
    <con:status>NONE</con:status>
    <con:properties/>
  </con:breakPoints>
  <con:breakPoints>
    <con:testStepId>73005bd6-88b9-43fd-ae32-66c244e063ff</con:testStepId>
    <con:status>NONE</con:status>
    <con:properties/>
  </con:breakPoints>
  <con:breakPoints>
    <con:testStepId>c756c035-a429-4b32-a934-b24d874ebd09</con:testStepId>
    <con:status>NONE</con:status>
    <con:properties/>
  </con:breakPoints>
</con:testCase>