<?xml version="1.0" encoding="UTF-8"?>
<con:testCase id="6b1a9ef9-cb0a-4801-bf8b-82077168de29" discardOkResults="true" failOnError="true" failTestCaseOnErrors="true" keepSession="false" name="Test Case 1" searchProperties="true" timeout="0" xmlns:con="http://eviware.com/soapui/config">
  <con:settings>
    <con:setting id="42c62765-662c-4423-892b-eb6e9d599300fileName">Test-Case-1</con:setting>
    <con:setting id="6b1a9ef9-cb0a-4801-bf8b-82077168de29fileName">Test-Case-1</con:setting>
  </con:settings>
  <con:savedRecentRuns>1</con:savedRecentRuns>
  <con:testStep type="properties" name="Properties" id="a115145d-835f-4796-97e7-728d85beee81">
    <con:settings/>
    <con:config xsi:type="con:PropertiesStep" saveFirst="true" xmlns:xsi="http://www.w3.org/2001/XMLSchema-instance">
      <con:properties>
        <con:property>
          <con:name>req_userRoleExtId</con:name>
          <con:value>user-${=java.util.UUID.randomUUID()}</con:value>
        </con:property>
        <con:property>
          <con:name>req_salesOrgRoleExtId</con:name>
          <con:value>so-${=java.util.UUID.randomUUID()}</con:value>
        </con:property>
        <con:property>
          <con:name>req_terminalRoleExtId</con:name>
          <con:value>terminal-${=java.util.UUID.randomUUID()}</con:value>
        </con:property>
        <con:property>
          <con:name>req_inventoryRoleExtId</con:name>
          <con:value>inv-${=java.util.UUID.randomUUID()}</con:value>
        </con:property>
        <con:property>
          <con:name>startSessisonBiSpecCode</con:name>
          <con:value>START_SESSION</con:value>
        </con:property>
        <con:property>
          <con:name>endSessionBiSpecCode</con:name>
          <con:value>SESSIONENDBISPEC</con:value>
        </con:property>
        <con:property>
          <con:name>paymentBiSpecCode</con:name>
          <con:value>PAYMENTBISPEC</con:value>
        </con:property>
        <con:property>
          <con:name>stockInBiSpecCode</con:name>
          <con:value>STCKINBISPEC</con:value>
        </con:property>
        <con:property>
          <con:name>salesBiSpecCode</con:name>
          <con:value>SALESBISPEC</con:value>
        </con:property>
        <con:property>
          <con:name>stockOutBiSpecCode</con:name>
          <con:value>STOCK_OUT</con:value>
        </con:property>
        <con:property>
          <con:name>userBiSpecCode</con:name>
          <con:value>USERCREATEBISPEC</con:value>
        </con:property>
        <con:property>
          <con:name>emptyBiSpecCode</con:name>
          <con:value/>
        </con:property>
        <con:property>
          <con:name>biIdDoesNotExist</con:name>
          <con:value>0</con:value>
        </con:property>
        <con:property>
          <con:name>terminalIdDoesNotExist</con:name>
          <con:value>0</con:value>
        </con:property>
        <con:property>
          <con:name>userIdDoesNotExist</con:name>
          <con:value>0</con:value>
        </con:property>
        <con:property>
          <con:name>salesOrgIdDoesNotExist</con:name>
          <con:value>0</con:value>
        </con:property>
        <con:property>
          <con:name>httpStatusCode200</con:name>
          <con:value>200</con:value>
        </con:property>
        <con:property>
          <con:name>httpStatusCode201</con:name>
          <con:value>201</con:value>
        </con:property>
        <con:property>
          <con:name>httpStatusCode400</con:name>
          <con:value>400</con:value>
        </con:property>
        <con:property>
          <con:name>httpStatusCode404</con:name>
          <con:value>404</con:value>
        </con:property>
        <con:property>
          <con:name>errorMessageEmptyBiSpecCode</con:name>
          <con:value>BUSINESS_INTERACTION_CODE_MUST_BE_PROVIDED</con:value>
        </con:property>
        <con:property>
          <con:name>errorMessageBiIdDoesNotExist</con:name>
          <con:value>BI_WITH_ID_NOT_FOUND</con:value>
        </con:property>
        <con:property>
          <con:name>errorMessageTerminalIdDoesNotExist</con:name>
          <con:value>Terminal not found. TerminalId:0</con:value>
        </con:property>
        <con:property>
          <con:name>errorMessageSubmittedBi</con:name>
          <con:value>INVALID_STATE_OPERATION</con:value>
        </con:property>
        <con:property>
          <con:name>errorMessageSessionNotFound</con:name>
          <con:value>SESSION_NOT_FOUND_EXCEPTIONS</con:value>
        </con:property>
        <con:property>
          <con:name>errorMessageUserNotActiveOrExist</con:name>
          <con:value>USER_NOT_ACTIVE_OR_EXISTS</con:value>
        </con:property>
        <con:property>
          <con:name>errorMessageSalesOrgNotActiveOrExist</con:name>
          <con:value>SALES_ORG_NOT_ACTIVE_OR_EXISTS</con:value>
        </con:property>
        <con:property>
          <con:name>errorMessageUserNeedsOpenSession</con:name>
          <con:value>USER_NEEDS_A_SESSION_TO_CREATE_THIS_BUSINESS_INTERACTION</con:value>
        </con:property>
        <con:property>
          <con:name>errorMessageResourceNotFound</con:name>
          <con:value>Result set is empty</con:value>
        </con:property>
        <con:property>
          <con:name>mainState</con:name>
          <con:value>Closed</con:value>
        </con:property>
        <con:property>
          <con:name>state</con:name>
          <con:value>Closed</con:value>
        </con:property>
        <con:property>
          <con:name>statusClosed</con:name>
          <con:value>Closed</con:value>
        </con:property>
        <con:property>
          <con:name>zeroAmount</con:name>
          <con:value>0.0</con:value>
        </con:property>
        <con:property>
          <con:name>currencyEUR</con:name>
          <con:value>EUR</con:value>
        </con:property>
        <con:property>
          <con:name>statusZero</con:name>
          <con:value>0</con:value>
        </con:property>
        <con:property>
          <con:name>paymentBiStatus</con:name>
          <con:value>Closed</con:value>
        </con:property>
        <con:property>
          <con:name>monetaryTransactionBiStatus</con:name>
          <con:value>Closed</con:value>
        </con:property>
        <con:property>
          <con:name>quantityOne</con:name>
          <con:value>1</con:value>
        </con:property>
        <con:property>
          <con:name>stockOutReason</con:name>
          <con:value>1</con:value>
        </con:property>
        <con:property>
          <con:name>forceToUseSessionTrue</con:name>
          <con:value>true</con:value>
        </con:property>
        <con:property>
          <con:name>stageType</con:name>
          <con:value>com.ericsson.bss.rm.erms.core.entity.db.staging.ProductMovementLogStage</con:value>
        </con:property>
        <con:property>
          <con:name>transactionDate</con:name>
          <con:value>2019-08-12T20:17:46.384Z</con:value>
        </con:property>
      </con:properties>
    </con:config>
  </con:testStep>
  <con:testStep type="transfer" name="Property Transfer 1" id="9cbd060d-c653-4c08-9ec3-8945bf9642c8">
    <con:settings/>
    <con:config xsi:type="con:PropertyTransfersStep" xmlns:xsi="http://www.w3.org/2001/XMLSchema-instance">
      <con:transfers setNullOnMissingSource="true" transferTextContent="true" failOnError="true" ignoreEmpty="false" transferToAll="false" entitize="false" transferChildNodes="false">
        <con:name>userRoleId</con:name>
        <con:sourceType>DefaultUserRoleId</con:sourceType>
        <con:sourceStep>#Project#</con:sourceStep>
        <con:sourcePath/>
        <con:targetType>req_createdByUserRoleId</con:targetType>
        <con:targetStep>Create and submit sales org with user, inventory and terminal</con:targetStep>
        <con:targetPath/>
        <con:upgraded>true</con:upgraded>
      </con:transfers>
      <con:transfers setNullOnMissingSource="true" transferTextContent="true" failOnError="true" ignoreEmpty="false" transferToAll="false" entitize="false" transferChildNodes="false">
        <con:name>salesOrgRoleId</con:name>
        <con:sourceType>DefaultSalesOrganizationRoleId</con:sourceType>
        <con:sourceStep>#Project#</con:sourceStep>
        <con:targetType>req_createdBySalesOrgRoleId</con:targetType>
        <con:targetStep>Create and submit sales org with user, inventory and terminal</con:targetStep>
        <con:upgraded>true</con:upgraded>
      </con:transfers>
      <con:transfers setNullOnMissingSource="true" transferTextContent="true" failOnError="true" ignoreEmpty="false" transferToAll="false" entitize="false" transferChildNodes="false">
        <con:name>userRoleExtId</con:name>
        <con:sourceType>req_userRoleExtId</con:sourceType>
        <con:sourceStep>Properties</con:sourceStep>
        <con:targetType>req_userRoleExtId</con:targetType>
        <con:targetStep>Create and submit sales org with user, inventory and terminal</con:targetStep>
        <con:upgraded>true</con:upgraded>
      </con:transfers>
      <con:transfers setNullOnMissingSource="true" transferTextContent="true" failOnError="true" ignoreEmpty="false" transferToAll="false" entitize="false" transferChildNodes="false">
        <con:name>salesOrgRoleExtId</con:name>
        <con:sourceType>req_salesOrgRoleExtId</con:sourceType>
        <con:sourceStep>Properties</con:sourceStep>
        <con:targetType>req_salesOrgRoleExtId</con:targetType>
        <con:targetStep>Create and submit sales org with user, inventory and terminal</con:targetStep>
        <con:upgraded>true</con:upgraded>
      </con:transfers>
      <con:transfers setNullOnMissingSource="true" transferTextContent="true" failOnError="true" ignoreEmpty="false" transferToAll="false" entitize="false" transferChildNodes="false">
        <con:name>terminalRoleExtId</con:name>
        <con:sourceType>req_terminalRoleExtId</con:sourceType>
        <con:sourceStep>Properties</con:sourceStep>
        <con:targetType>req_terminalExtId</con:targetType>
        <con:targetStep>Create and submit sales org with user, inventory and terminal</con:targetStep>
        <con:upgraded>true</con:upgraded>
      </con:transfers>
      <con:transfers setNullOnMissingSource="true" transferTextContent="true" failOnError="true" ignoreEmpty="false" transferToAll="false" entitize="false" transferChildNodes="false">
        <con:name>inventoryRoleExtId</con:name>
        <con:sourceType>req_inventoryRoleExtId</con:sourceType>
        <con:sourceStep>Properties</con:sourceStep>
        <con:targetType>req_inventoryExtId</con:targetType>
        <con:targetStep>Create and submit sales org with user, inventory and terminal</con:targetStep>
        <con:upgraded>true</con:upgraded>
      </con:transfers>
    </con:config>
  </con:testStep>
  <con:testStep type="calltestcase" name="Create and submit sales org with user, inventory and terminal" id="432380aa-1de2-480f-95af-0fa2e8902756">
    <con:settings/>
    <con:config xsi:type="con:RunTestCaseStep" xmlns:xsi="http://www.w3.org/2001/XMLSchema-instance">
      <con:targetTestCase>b92a7c8d-a0ed-4725-99e9-4866fd949629</con:targetTestCase>
      <con:properties>
        <con:property>
          <con:name>req_createdByUserRoleId</con:name>
          <con:value>2</con:value>
        </con:property>
        <con:property>
          <con:name>req_createdBySalesOrgRoleId</con:name>
          <con:value>1</con:value>
        </con:property>
        <con:property>
          <con:name>req_userRoleExtId</con:name>
          <con:value>user-${=java.util.UUID.randomUUID()}</con:value>
        </con:property>
        <con:property>
          <con:name>req_salesOrgRoleExtId</con:name>
          <con:value>so-${=java.util.UUID.randomUUID()}</con:value>
        </con:property>
        <con:property>
          <con:name>req_terminalExtId</con:name>
          <con:value>terminal-${=java.util.UUID.randomUUID()}</con:value>
        </con:property>
        <con:property>
          <con:name>req_inventoryExtId</con:name>
          <con:value>inv-${=java.util.UUID.randomUUID()}</con:value>
        </con:property>
        <con:property>
          <con:name>res_salesOrgBiId</con:name>
          <con:value>3491</con:value>
        </con:property>
        <con:property>
          <con:name>res_userRoleBiId</con:name>
          <con:value>3511</con:value>
        </con:property>
        <con:property>
          <con:name>res_terminalBiId</con:name>
          <con:value>3531</con:value>
        </con:property>
        <con:property>
          <con:name>res_inventoryRoleBiId</con:name>
          <con:value>3521</con:value>
        </con:property>
        <con:property>
          <con:name>res_salesOrgId</con:name>
          <con:value>160</con:value>
        </con:property>
        <con:property>
          <con:name>res_userRoleId</con:name>
          <con:value>162</con:value>
        </con:property>
        <con:property>
          <con:name>res_terminalId</con:name>
          <con:value>39</con:value>
        </con:property>
        <con:property>
          <con:name>res_inventoryRoleId</con:name>
          <con:value>163</con:value>
        </con:property>
        <con:property>
          <con:name>res_placeId</con:name>
          <con:value>83</con:value>
        </con:property>
        <con:property>
          <con:name>res_soExtId</con:name>
        </con:property>
        <con:property>
          <con:name>res_salesOrganisationExternalId</con:name>
        </con:property>
        <con:property>
          <con:name>userToken</con:name>
          <con:value>Bearer eyJraWQiOiIxIiwiYWxnIjoiUlMyNTYifQ.eyJpc3MiOiJVTVMtUHJlZmlsdGVyLUNoZWNrQXV0aG9yaXplIiwic3ViIjoiVEVTVCIsImF1ZCI6IlJNIiwiaWF0IjoxNDg3MTYwOTc5LCJleHAiOjE1NTI0MTE0OTEsImF1dGhfdGltZSI6IjEzMTEyODA4NzAiLCJub25jZSI6Im4tMFM2X1d6QTJNaiIsIm5hbWUiOiJVTVMgVGVzdCBVc2VyIiwieF9kYnNzIjp7ImF1dGh6UHJvZmlsZU5hbWUiOiJDU1JfQXV0aHpQcm9maWxlIiwidmVyc2lvbiI6InYxIiwicGFydHlfaWQiOiIxMjMiLCJleHRlcm5hbF91c2VybmFtZSI6InVzZXItMzFjY2RiMTYtMTVhYy00NGFmLWE1OTktMDFmNjhkZjM1YmYwIn19.vtrlb1WOt0cwgwYqFx0Aj22er8_Dzz7yWvaS-sQSgrDx6u-DxlL77WsQH_yosxHPaSmCHy-5zWEdbbd3cppGs1aBQXVrzGeK9vbTuzvKcgu3vyN69C4xBgsFIBlyZXhFVmfMf9WSaxcBPF6cERzBOzfAdoXMRCgfK95Q53MBsnQ</con:value>
        </con:property>
        <con:property>
          <con:name>userIntToken</con:name>
        </con:property>
        <con:property>
          <con:name>req_email</con:name>
        </con:property>
      </con:properties>
      <con:returnProperties>
        <con:entry>res_inventoryRoleBiId</con:entry>
        <con:entry>res_inventoryRoleId</con:entry>
        <con:entry>res_placeId</con:entry>
        <con:entry>res_salesOrgBiId</con:entry>
        <con:entry>res_salesOrgId</con:entry>
        <con:entry>res_terminalBiId</con:entry>
        <con:entry>res_terminalId</con:entry>
        <con:entry>res_userRoleBiId</con:entry>
        <con:entry>res_userRoleId</con:entry>
        <con:entry>userToken</con:entry>
      </con:returnProperties>
      <con:runMode>PARALLELL</con:runMode>
    </con:config>
  </con:testStep>
  <con:testStep type="assertionteststep" name="Assertion sales organization is created successfully" id="2a08fc39-8553-4041-baeb-477fd9383b24">
    <con:settings/>
    <con:config xsi:type="con:AssertionTestStep" xmlns:xsi="http://www.w3.org/2001/XMLSchema-instance">
      <con:entry>
        <con:id>faf9bbb0-eea4-47b1-8cb7-8e5c0e132a64</con:id>
        <con:isGroup>false</con:isGroup>
        <con:sourceId>432380aa-1de2-480f-95af-0fa2e8902756</con:sourceId>
        <con:propertyName>res_salesOrgId</con:propertyName>
        <con:assertion type="Simple Contains" name="Contains sales org role id" id="9f24e029-f014-4d9e-b6b8-72a945b4b78d">
          <con:configuration>
            <token>\d+</token>
            <ignoreCase>false</ignoreCase>
            <useRegEx>true</useRegEx>
          </con:configuration>
        </con:assertion>
      </con:entry>
      <con:entry>
        <con:id>a2abfcd6-e65e-4b40-b675-035d927c470b</con:id>
        <con:isGroup>false</con:isGroup>
        <con:sourceId>432380aa-1de2-480f-95af-0fa2e8902756</con:sourceId>
        <con:propertyName>res_userRoleId</con:propertyName>
        <con:assertion type="Simple Contains" name="Contains user role id" id="27fa97a0-822e-4579-a600-5369105c99dd">
          <con:configuration>
            <token>\d+</token>
            <ignoreCase>false</ignoreCase>
            <useRegEx>true</useRegEx>
          </con:configuration>
        </con:assertion>
      </con:entry>
      <con:entry>
        <con:id>78b06093-904f-4396-96a7-47f1745a7a79</con:id>
        <con:isGroup>false</con:isGroup>
        <con:sourceId>432380aa-1de2-480f-95af-0fa2e8902756</con:sourceId>
        <con:propertyName>res_terminalId</con:propertyName>
        <con:assertion type="Simple Contains" name="Contains terminal id" id="443a605c-5942-4b36-adc2-ae9b7d05e276">
          <con:configuration>
            <token>\d+</token>
            <ignoreCase>false</ignoreCase>
            <useRegEx>true</useRegEx>
          </con:configuration>
        </con:assertion>
      </con:entry>
    </con:config>
  </con:testStep>
  <con:testStep type="transfer" name="Property Transfer 2" id="204db82c-e9e3-4aae-951f-3381aba245dd">
    <con:settings/>
    <con:config xsi:type="con:PropertyTransfersStep" xmlns:xsi="http://www.w3.org/2001/XMLSchema-instance">
      <con:transfers setNullOnMissingSource="true" transferTextContent="true" failOnError="true" ignoreEmpty="false" transferToAll="false" entitize="false" transferChildNodes="false">
        <con:name>userRoleId</con:name>
        <con:sourceType>DefaultUserRoleId</con:sourceType>
        <con:sourceStep>#Project#</con:sourceStep>
        <con:sourcePath/>
        <con:targetType>req_createdByUserRoleId</con:targetType>
        <con:targetStep>Create and submit sales org with user, inventory and terminal 2</con:targetStep>
        <con:targetPath/>
        <con:upgraded>true</con:upgraded>
      </con:transfers>
      <con:transfers setNullOnMissingSource="true" transferTextContent="true" failOnError="true" ignoreEmpty="false" transferToAll="false" entitize="false" transferChildNodes="false">
        <con:name>salesOrgRoleId</con:name>
        <con:sourceType>DefaultSalesOrganizationRoleId</con:sourceType>
        <con:sourceStep>#Project#</con:sourceStep>
        <con:targetType>req_createdBySalesOrgRoleId</con:targetType>
        <con:targetStep>Create and submit sales org with user, inventory and terminal 2</con:targetStep>
        <con:upgraded>true</con:upgraded>
      </con:transfers>
      <con:transfers setNullOnMissingSource="true" transferTextContent="true" failOnError="true" ignoreEmpty="false" transferToAll="false" entitize="false" transferChildNodes="false">
        <con:name>userRoleExtId</con:name>
        <con:sourceType>req_userRoleExtId</con:sourceType>
        <con:sourceStep>Properties</con:sourceStep>
        <con:targetType>req_userRoleExtId</con:targetType>
        <con:targetStep>Create and submit sales org with user, inventory and terminal 2</con:targetStep>
        <con:upgraded>true</con:upgraded>
      </con:transfers>
      <con:transfers setNullOnMissingSource="true" transferTextContent="true" failOnError="true" ignoreEmpty="false" transferToAll="false" entitize="false" transferChildNodes="false">
        <con:name>salesOrgRoleExtId</con:name>
        <con:sourceType>req_salesOrgRoleExtId</con:sourceType>
        <con:sourceStep>Properties</con:sourceStep>
        <con:targetType>req_salesOrgRoleExtId</con:targetType>
        <con:targetStep>Create and submit sales org with user, inventory and terminal 2</con:targetStep>
        <con:upgraded>true</con:upgraded>
      </con:transfers>
      <con:transfers setNullOnMissingSource="true" transferTextContent="true" failOnError="true" ignoreEmpty="false" transferToAll="false" entitize="false" transferChildNodes="false">
        <con:name>terminalRoleExtId</con:name>
        <con:sourceType>req_terminalRoleExtId</con:sourceType>
        <con:sourceStep>Properties</con:sourceStep>
        <con:targetType>req_terminalExtId</con:targetType>
        <con:targetStep>Create and submit sales org with user, inventory and terminal 2</con:targetStep>
        <con:upgraded>true</con:upgraded>
      </con:transfers>
      <con:transfers setNullOnMissingSource="true" transferTextContent="true" failOnError="true" ignoreEmpty="false" transferToAll="false" entitize="false" transferChildNodes="false">
        <con:name>inventoryRoleExtId</con:name>
        <con:sourceType>req_inventoryRoleExtId</con:sourceType>
        <con:sourceStep>Properties</con:sourceStep>
        <con:targetType>req_inventoryExtId</con:targetType>
        <con:targetStep>Create and submit sales org with user, inventory and terminal 2</con:targetStep>
        <con:upgraded>true</con:upgraded>
      </con:transfers>
    </con:config>
  </con:testStep>
  <con:testStep type="calltestcase" name="Create and submit sales org with user, inventory and terminal 2" id="93701700-f555-4c6f-a3f1-b457472e760f">
    <con:settings/>
    <con:config xsi:type="con:RunTestCaseStep" xmlns:xsi="http://www.w3.org/2001/XMLSchema-instance">
      <con:targetTestCase>b92a7c8d-a0ed-4725-99e9-4866fd949629</con:targetTestCase>
      <con:properties>
        <con:property>
          <con:name>req_createdByUserRoleId</con:name>
          <con:value>2</con:value>
        </con:property>
        <con:property>
          <con:name>req_createdBySalesOrgRoleId</con:name>
          <con:value>1</con:value>
        </con:property>
        <con:property>
          <con:name>req_userRoleExtId</con:name>
          <con:value>user-${=java.util.UUID.randomUUID()}</con:value>
        </con:property>
        <con:property>
          <con:name>req_salesOrgRoleExtId</con:name>
          <con:value>so-${=java.util.UUID.randomUUID()}</con:value>
        </con:property>
        <con:property>
          <con:name>req_terminalExtId</con:name>
          <con:value>terminal-${=java.util.UUID.randomUUID()}</con:value>
        </con:property>
        <con:property>
          <con:name>req_inventoryExtId</con:name>
          <con:value>inv-${=java.util.UUID.randomUUID()}</con:value>
        </con:property>
        <con:property>
          <con:name>res_salesOrgBiId</con:name>
          <con:value>3541</con:value>
        </con:property>
        <con:property>
          <con:name>res_userRoleBiId</con:name>
          <con:value>3561</con:value>
        </con:property>
        <con:property>
          <con:name>res_terminalBiId</con:name>
          <con:value>3581</con:value>
        </con:property>
        <con:property>
          <con:name>res_inventoryRoleBiId</con:name>
          <con:value>3571</con:value>
        </con:property>
        <con:property>
          <con:name>res_salesOrgId</con:name>
          <con:value>164</con:value>
        </con:property>
        <con:property>
          <con:name>res_userRoleId</con:name>
          <con:value>166</con:value>
        </con:property>
        <con:property>
          <con:name>res_terminalId</con:name>
          <con:value>40</con:value>
        </con:property>
        <con:property>
          <con:name>res_inventoryRoleId</con:name>
          <con:value>167</con:value>
        </con:property>
        <con:property>
          <con:name>res_placeId</con:name>
        </con:property>
        <con:property>
          <con:name>res_soExtId</con:name>
        </con:property>
        <con:property>
          <con:name>res_salesOrganisationExternalId</con:name>
        </con:property>
        <con:property>
          <con:name>userToken</con:name>
          <con:value>Bearer eyJraWQiOiIxIiwiYWxnIjoiUlMyNTYifQ.eyJpc3MiOiJVTVMtUHJlZmlsdGVyLUNoZWNrQXV0aG9yaXplIiwic3ViIjoiVEVTVCIsImF1ZCI6IlJNIiwiaWF0IjoxNDg3MTYwOTc5LCJleHAiOjE1NTI0MTE0OTIsImF1dGhfdGltZSI6IjEzMTEyODA4NzAiLCJub25jZSI6Im4tMFM2X1d6QTJNaiIsIm5hbWUiOiJVTVMgVGVzdCBVc2VyIiwieF9kYnNzIjp7ImF1dGh6UHJvZmlsZU5hbWUiOiJDU1JfQXV0aHpQcm9maWxlIiwidmVyc2lvbiI6InYxIiwicGFydHlfaWQiOiIxMjMiLCJleHRlcm5hbF91c2VybmFtZSI6InVzZXItMjBkYmEyMzAtY2FkMS00YzIwLTgyZWQtZTMwYTIyY2JjZWM5In19.FZPrL-lfsryDqwSnYZL_nuze_am5MU2pxv_AlmPbV5CyO9UGOoPUesOk52XumBXGGPI7KtbXyWzlc8K5CnW3PC9Vp1sV7swof4WfF3AAmcN49Hy9omREUo8XaI_mQhaQpjW3cId5el55CvBieSA4VCUgiqYxGfCUAj-ioi09I08</con:value>
        </con:property>
        <con:property>
          <con:name>userIntToken</con:name>
        </con:property>
        <con:property>
          <con:name>req_email</con:name>
        </con:property>
      </con:properties>
      <con:returnProperties>
        <con:entry>res_inventoryRoleBiId</con:entry>
        <con:entry>res_inventoryRoleId</con:entry>
        <con:entry>res_salesOrgBiId</con:entry>
        <con:entry>res_salesOrgId</con:entry>
        <con:entry>res_terminalBiId</con:entry>
        <con:entry>res_terminalId</con:entry>
        <con:entry>res_userRoleBiId</con:entry>
        <con:entry>res_userRoleId</con:entry>
        <con:entry>userToken</con:entry>
      </con:returnProperties>
      <con:runMode>PARALLELL</con:runMode>
    </con:config>
  </con:testStep>
  <con:testStep type="assertionteststep" name="Assertion sales organization is created successfully 2" id="4c731af2-de3c-40a7-a142-9d4ba423d6b2">
    <con:settings/>
    <con:config xsi:type="con:AssertionTestStep" xmlns:xsi="http://www.w3.org/2001/XMLSchema-instance">
      <con:entry>
        <con:id>fbd48e1b-794f-41b9-8536-7a6ac7adfbca</con:id>
        <con:isGroup>false</con:isGroup>
        <con:sourceId>93701700-f555-4c6f-a3f1-b457472e760f</con:sourceId>
        <con:propertyName>res_salesOrgId</con:propertyName>
        <con:assertion type="Simple Contains" name="Contains" id="ef513bb5-fe70-449e-8f66-337acd958f14">
          <con:configuration>
            <token>\d+</token>
            <ignoreCase>false</ignoreCase>
            <useRegEx>true</useRegEx>
          </con:configuration>
        </con:assertion>
      </con:entry>
      <con:entry>
        <con:id>ebf3c032-9b88-40ed-b24c-06546f53315c</con:id>
        <con:isGroup>false</con:isGroup>
        <con:sourceId>93701700-f555-4c6f-a3f1-b457472e760f</con:sourceId>
        <con:propertyName>res_userRoleId</con:propertyName>
        <con:assertion type="Simple Contains" name="Contains 2" id="704dce30-ed97-4470-ad04-17c9b63d0ac4">
          <con:configuration>
            <token>\d+</token>
            <ignoreCase>false</ignoreCase>
            <useRegEx>true</useRegEx>
          </con:configuration>
        </con:assertion>
      </con:entry>
      <con:entry>
        <con:id>52204e46-e172-40ac-8836-dcf1a0a8086f</con:id>
        <con:isGroup>false</con:isGroup>
        <con:sourceId>93701700-f555-4c6f-a3f1-b457472e760f</con:sourceId>
        <con:propertyName>res_terminalId</con:propertyName>
        <con:assertion type="Simple Contains" name="Contains 3" id="1283c034-5581-4d7e-b5da-039d7204b496">
          <con:configuration>
            <token>\d+</token>
            <ignoreCase>false</ignoreCase>
            <useRegEx>true</useRegEx>
          </con:configuration>
        </con:assertion>
      </con:entry>
    </con:config>
  </con:testStep>
  <con:testStep type="transfer" name="Property Transfer 3" id="fcf01097-1e4b-479b-b909-a8b8637a2bd3">
    <con:settings/>
    <con:config xsi:type="con:PropertyTransfersStep" xmlns:xsi="http://www.w3.org/2001/XMLSchema-instance">
      <con:transfers setNullOnMissingSource="true" transferTextContent="true" failOnError="true" ignoreEmpty="false" transferToAll="false" entitize="false" transferChildNodes="false">
        <con:name>userRoleId</con:name>
        <con:sourceType>res_userRoleId</con:sourceType>
        <con:sourceStep>Create and submit sales org with user, inventory and terminal 2</con:sourceStep>
        <con:sourcePath/>
        <con:targetType>req_userRoleId</con:targetType>
        <con:targetStep>Cannot create start session business interaction without bi spec code</con:targetStep>
        <con:targetPath/>
        <con:upgraded>true</con:upgraded>
      </con:transfers>
      <con:transfers setNullOnMissingSource="true" transferTextContent="true" failOnError="true" ignoreEmpty="false" transferToAll="false" entitize="false" transferChildNodes="false">
        <con:name>salesOrgRoleId</con:name>
        <con:sourceType>res_salesOrgId</con:sourceType>
        <con:sourceStep>Create and submit sales org with user, inventory and terminal 2</con:sourceStep>
        <con:targetType>req_salesOrgRoleId</con:targetType>
        <con:targetStep>Cannot create start session business interaction without bi spec code</con:targetStep>
        <con:upgraded>true</con:upgraded>
      </con:transfers>
      <con:transfers setNullOnMissingSource="true" transferTextContent="true" failOnError="true" ignoreEmpty="false" transferToAll="false" entitize="false" transferChildNodes="false">
        <con:name>terminalId</con:name>
        <con:sourceType>res_terminalId</con:sourceType>
        <con:sourceStep>Create and submit sales org with user, inventory and terminal</con:sourceStep>
        <con:targetType>req_terminalId</con:targetType>
        <con:targetStep>Cannot create start session business interaction without bi spec code</con:targetStep>
        <con:upgraded>true</con:upgraded>
      </con:transfers>
      <con:transfers setNullOnMissingSource="true" transferTextContent="true" failOnError="true" ignoreEmpty="false" transferToAll="false" entitize="false" transferChildNodes="false">
        <con:name>biSpecCode</con:name>
        <con:sourceType>emptyBiSpecCode</con:sourceType>
        <con:sourceStep>Properties</con:sourceStep>
        <con:targetType>req_biSpecCode</con:targetType>
        <con:targetStep>Cannot create start session business interaction without bi spec code</con:targetStep>
        <con:upgraded>true</con:upgraded>
      </con:transfers>
    </con:config>
  </con:testStep>
  <con:testStep type="calltestcase" name="Cannot create start session business interaction without bi spec code" id="b203a200-744c-4025-9fe6-a171dd8bac47">
    <con:settings/>
    <con:config xsi:type="con:RunTestCaseStep" xmlns:xsi="http://www.w3.org/2001/XMLSchema-instance">
      <con:targetTestCase>6bf21664-8582-4338-a160-fc4cf4636619</con:targetTestCase>
      <con:properties>
        <con:property>
          <con:name>req_biSpecCode</con:name>
          <con:value/>
        </con:property>
        <con:property>
          <con:name>req_terminalId</con:name>
          <con:value>39</con:value>
        </con:property>
        <con:property>
          <con:name>req_userRoleId</con:name>
          <con:value>166</con:value>
        </con:property>
        <con:property>
          <con:name>req_salesOrgRoleId</con:name>
          <con:value>164</con:value>
        </con:property>
        <con:property>
          <con:name>res_biId</con:name>
          <con:value xsi:nil="true"/>
        </con:property>
        <con:property>
          <con:name>res_errorMessage</con:name>
          <con:value>BUSINESS_INTERACTION_CODE_MUST_BE_PROVIDED</con:value>
        </con:property>
        <con:property>
          <con:name>res_headerCode</con:name>
          <con:value>400</con:value>
        </con:property>
      </con:properties>
      <con:returnProperties>
        <con:entry>res_biId</con:entry>
        <con:entry>res_errorMessage</con:entry>
        <con:entry>res_headerCode</con:entry>
      </con:returnProperties>
      <con:runMode>PARALLELL</con:runMode>
    </con:config>
  </con:testStep>
  <con:testStep type="assertionteststep" name="Assertion start session business interaction fail" id="ed675073-6f8a-4be2-81e8-71ae7ffc663e">
    <con:settings/>
    <con:config xsi:type="con:AssertionTestStep" xmlns:xsi="http://www.w3.org/2001/XMLSchema-instance">
      <con:entry>
        <con:id>3722360d-9951-4ca9-9c79-afdcc1cfc228</con:id>
        <con:isGroup>false</con:isGroup>
        <con:sourceId>b203a200-744c-4025-9fe6-a171dd8bac47</con:sourceId>
        <con:propertyName>res_biId</con:propertyName>
        <con:assertion type="Simple NotContains" name="Not Contains" id="f33deff2-f126-4a6d-858b-a94393ef0800">
          <con:configuration>
            <token>\d+</token>
            <ignoreCase>false</ignoreCase>
            <useRegEx>true</useRegEx>
          </con:configuration>
        </con:assertion>
      </con:entry>
      <con:entry>
        <con:id>769aafc1-8ae7-4fdf-8bb6-097969e0a6e9</con:id>
        <con:isGroup>false</con:isGroup>
        <con:sourceId>b203a200-744c-4025-9fe6-a171dd8bac47</con:sourceId>
        <con:propertyName>res_errorMessage</con:propertyName>
        <con:assertion type="Simple Equals" name="Equals" id="6f3d7501-01c8-482f-b914-2637d9c7c45a">
          <con:configuration>
            <patternObjectId>a115145d-835f-4796-97e7-728d85beee81</patternObjectId>
            <patternProperty>errorMessageEmptyBiSpecCode</patternProperty>
            <caseSensitive>true</caseSensitive>
          </con:configuration>
        </con:assertion>
      </con:entry>
      <con:entry>
        <con:id>19922d9a-e2bb-44d4-b5eb-bbce461227cb</con:id>
        <con:isGroup>false</con:isGroup>
        <con:sourceId>b203a200-744c-4025-9fe6-a171dd8bac47</con:sourceId>
        <con:propertyName>res_headerCode</con:propertyName>
        <con:assertion type="Simple Equals" name="Equals 2" id="46f2bd61-c38c-41cd-a618-2dc85c8f77f5">
          <con:configuration>
            <patternObjectId>a115145d-835f-4796-97e7-728d85beee81</patternObjectId>
            <patternProperty>httpStatusCode400</patternProperty>
            <caseSensitive>true</caseSensitive>
          </con:configuration>
        </con:assertion>
      </con:entry>
    </con:config>
  </con:testStep>
  <con:testStep type="transfer" name="Property Transfer 4" id="c81b2992-8e0e-47c3-930f-8336eef4c960">
    <con:settings/>
    <con:config xsi:type="con:PropertyTransfersStep" xmlns:xsi="http://www.w3.org/2001/XMLSchema-instance">
      <con:transfers setNullOnMissingSource="true" transferTextContent="true" failOnError="true" ignoreEmpty="false" transferToAll="false" entitize="false" transferChildNodes="false">
        <con:name>biId</con:name>
        <con:sourceType>biIdDoesNotExist</con:sourceType>
        <con:sourceStep>Properties</con:sourceStep>
        <con:sourcePath/>
        <con:targetType>req_biId</con:targetType>
        <con:targetStep>Cannot submit start session bi which does not exist</con:targetStep>
        <con:targetPath/>
        <con:upgraded>true</con:upgraded>
      </con:transfers>
    </con:config>
  </con:testStep>
  <con:testStep type="calltestcase" name="Cannot submit start session bi which does not exist" id="11c6182e-3c03-4a84-954a-a05bcbbc76f6">
    <con:settings/>
    <con:config xsi:type="con:RunTestCaseStep" xmlns:xsi="http://www.w3.org/2001/XMLSchema-instance">
      <con:targetTestCase>e21b7fc8-5000-419b-89b7-2a64ecbc1e4a</con:targetTestCase>
      <con:properties>
        <con:property>
          <con:name>req_biId</con:name>
          <con:value>0</con:value>
        </con:property>
        <con:property>
          <con:name>res_biId</con:name>
          <con:value xsi:nil="true"/>
        </con:property>
        <con:property>
          <con:name>res_headerCode</con:name>
          <con:value>400</con:value>
        </con:property>
        <con:property>
          <con:name>res_errorMessage</con:name>
          <con:value>BI_WITH_ID_NOT_FOUND</con:value>
        </con:property>
      </con:properties>
      <con:returnProperties>
        <con:entry>res_biId</con:entry>
        <con:entry>res_headerCode</con:entry>
        <con:entry>res_errorMessage</con:entry>
      </con:returnProperties>
      <con:runMode>PARALLELL</con:runMode>
    </con:config>
  </con:testStep>
  <con:testStep type="assertionteststep" name="Assertion start session bi fail" id="36438017-2b34-470a-baf4-30d97d7ae1fe">
    <con:settings/>
    <con:config xsi:type="con:AssertionTestStep" xmlns:xsi="http://www.w3.org/2001/XMLSchema-instance">
      <con:entry>
        <con:id>94fbc5fa-6f77-4564-a144-fef46e0791ff</con:id>
        <con:isGroup>false</con:isGroup>
        <con:sourceId>11c6182e-3c03-4a84-954a-a05bcbbc76f6</con:sourceId>
        <con:propertyName>res_biId</con:propertyName>
        <con:assertion type="Simple NotContains" name="Not Contains" id="fab42c3a-14fb-4e16-b4c4-7a08b40c0203">
          <con:configuration>
            <token>\d+</token>
            <ignoreCase>false</ignoreCase>
            <useRegEx>true</useRegEx>
          </con:configuration>
        </con:assertion>
      </con:entry>
      <con:entry>
        <con:id>03f1bc78-17cb-4193-8258-33cecc78542a</con:id>
        <con:isGroup>false</con:isGroup>
        <con:sourceId>11c6182e-3c03-4a84-954a-a05bcbbc76f6</con:sourceId>
        <con:propertyName>res_headerCode</con:propertyName>
        <con:assertion type="Simple Equals" name="Equals" id="0457ce17-03cc-48ff-9fa8-b4eb18c51154">
          <con:configuration>
            <patternObjectId>a115145d-835f-4796-97e7-728d85beee81</patternObjectId>
            <patternProperty>httpStatusCode400</patternProperty>
            <caseSensitive>true</caseSensitive>
          </con:configuration>
        </con:assertion>
      </con:entry>
      <con:entry>
        <con:id>85a268ca-e390-4c4a-91d4-80b6ca5e17b0</con:id>
        <con:isGroup>false</con:isGroup>
        <con:sourceId>11c6182e-3c03-4a84-954a-a05bcbbc76f6</con:sourceId>
        <con:propertyName>res_errorMessage</con:propertyName>
        <con:assertion type="Simple Equals" name="Equals 2" id="5d7fefe7-81eb-4338-afb8-63fbbbd8a851">
          <con:configuration>
            <patternObjectId>a115145d-835f-4796-97e7-728d85beee81</patternObjectId>
            <patternProperty>errorMessageBiIdDoesNotExist</patternProperty>
            <caseSensitive>true</caseSensitive>
          </con:configuration>
        </con:assertion>
      </con:entry>
    </con:config>
  </con:testStep>
  <con:testStep type="transfer" name="Property Transfer 5" id="17ab5994-309a-43fd-b41a-6700e4621a90">
    <con:settings/>
    <con:config xsi:type="con:PropertyTransfersStep" xmlns:xsi="http://www.w3.org/2001/XMLSchema-instance">
      <con:transfers setNullOnMissingSource="true" transferTextContent="true" failOnError="true" ignoreEmpty="false" transferToAll="false" entitize="false" transferChildNodes="false">
        <con:name>userRoleId</con:name>
        <con:sourceType>res_userRoleId</con:sourceType>
        <con:sourceStep>Create and submit sales org with user, inventory and terminal 2</con:sourceStep>
        <con:sourcePath/>
        <con:targetType>req_userRoleId</con:targetType>
        <con:targetStep>Cannot create start session business interaction with invalid terminal id</con:targetStep>
        <con:targetPath/>
        <con:upgraded>true</con:upgraded>
      </con:transfers>
      <con:transfers setNullOnMissingSource="true" transferTextContent="true" failOnError="true" ignoreEmpty="false" transferToAll="false" entitize="false" transferChildNodes="false">
        <con:name>salesOrgRoleId</con:name>
        <con:sourceType>res_salesOrgId</con:sourceType>
        <con:sourceStep>Create and submit sales org with user, inventory and terminal 2</con:sourceStep>
        <con:targetType>req_salesOrgRoleId</con:targetType>
        <con:targetStep>Cannot create start session business interaction with invalid terminal id</con:targetStep>
        <con:upgraded>true</con:upgraded>
      </con:transfers>
      <con:transfers setNullOnMissingSource="true" transferTextContent="true" failOnError="true" ignoreEmpty="false" transferToAll="false" entitize="false" transferChildNodes="false">
        <con:name>terminalId</con:name>
        <con:sourceType>terminalIdDoesNotExist</con:sourceType>
        <con:sourceStep>Properties</con:sourceStep>
        <con:targetType>req_terminalId</con:targetType>
        <con:targetStep>Cannot create start session business interaction with invalid terminal id</con:targetStep>
        <con:upgraded>true</con:upgraded>
      </con:transfers>
      <con:transfers setNullOnMissingSource="true" transferTextContent="true" failOnError="true" ignoreEmpty="false" transferToAll="false" entitize="false" transferChildNodes="false">
        <con:name>biSpecCode</con:name>
        <con:sourceType>startSessisonBiSpecCode</con:sourceType>
        <con:sourceStep>Properties</con:sourceStep>
        <con:targetType>req_biSpecCode</con:targetType>
        <con:targetStep>Cannot create start session business interaction with invalid terminal id</con:targetStep>
        <con:upgraded>true</con:upgraded>
      </con:transfers>
    </con:config>
  </con:testStep>
  <con:testStep type="calltestcase" name="Cannot create start session business interaction with invalid terminal id" id="2a6db27f-68af-445e-bd8d-42e5fc50942a">
    <con:settings/>
    <con:config xsi:type="con:RunTestCaseStep" xmlns:xsi="http://www.w3.org/2001/XMLSchema-instance">
      <con:targetTestCase>6bf21664-8582-4338-a160-fc4cf4636619</con:targetTestCase>
      <con:properties>
        <con:property>
          <con:name>req_biSpecCode</con:name>
          <con:value>START_SESSION</con:value>
        </con:property>
        <con:property>
          <con:name>req_terminalId</con:name>
          <con:value>0</con:value>
        </con:property>
        <con:property>
          <con:name>req_userRoleId</con:name>
          <con:value>166</con:value>
        </con:property>
        <con:property>
          <con:name>req_salesOrgRoleId</con:name>
          <con:value>164</con:value>
        </con:property>
        <con:property>
          <con:name>res_biId</con:name>
          <con:value xsi:nil="true"/>
        </con:property>
        <con:property>
          <con:name>res_errorMessage</con:name>
          <con:value>Terminal not found. TerminalId:0</con:value>
        </con:property>
        <con:property>
          <con:name>res_headerCode</con:name>
          <con:value>400</con:value>
        </con:property>
      </con:properties>
      <con:returnProperties>
        <con:entry>res_biId</con:entry>
        <con:entry>res_errorMessage</con:entry>
        <con:entry>res_headerCode</con:entry>
      </con:returnProperties>
      <con:runMode>PARALLELL</con:runMode>
    </con:config>
  </con:testStep>
  <con:testStep type="assertionteststep" name="Assertion start session business interaction fail 2" id="ed1de2e7-453e-4503-899c-73ccd04b746b">
    <con:settings/>
    <con:config xsi:type="con:AssertionTestStep" xmlns:xsi="http://www.w3.org/2001/XMLSchema-instance">
      <con:entry>
        <con:id>f78b7dc7-22e6-43fb-bdda-8594be8a9d56</con:id>
        <con:isGroup>false</con:isGroup>
        <con:sourceId>2a6db27f-68af-445e-bd8d-42e5fc50942a</con:sourceId>
        <con:propertyName>res_biId</con:propertyName>
        <con:assertion type="Simple NotContains" name="Not Contains" id="f1371b89-34b0-479b-8c0c-191aee157005">
          <con:configuration>
            <token>\d+</token>
            <ignoreCase>false</ignoreCase>
            <useRegEx>true</useRegEx>
          </con:configuration>
        </con:assertion>
      </con:entry>
      <con:entry>
        <con:id>7f8006f0-dcf7-4b08-9c37-a93dcd7a45cf</con:id>
        <con:isGroup>false</con:isGroup>
        <con:sourceId>2a6db27f-68af-445e-bd8d-42e5fc50942a</con:sourceId>
        <con:propertyName>res_errorMessage</con:propertyName>
        <con:assertion type="Simple Equals" name="Equals" id="998ed99b-1c43-4cdf-b77e-d184ab711430">
          <con:configuration>
            <patternObjectId>a115145d-835f-4796-97e7-728d85beee81</patternObjectId>
            <patternProperty>errorMessageTerminalIdDoesNotExist</patternProperty>
            <caseSensitive>true</caseSensitive>
          </con:configuration>
        </con:assertion>
      </con:entry>
      <con:entry>
        <con:id>8e229bf4-ae17-40ae-bae6-7e42c26e0d8a</con:id>
        <con:isGroup>false</con:isGroup>
        <con:sourceId>2a6db27f-68af-445e-bd8d-42e5fc50942a</con:sourceId>
        <con:propertyName>res_headerCode</con:propertyName>
        <con:assertion type="Simple Equals" name="Equals 2" id="423454e3-44c2-463b-a7b2-eabdb519ca40">
          <con:configuration>
            <patternObjectId>a115145d-835f-4796-97e7-728d85beee81</patternObjectId>
            <patternProperty>httpStatusCode400</patternProperty>
            <caseSensitive>true</caseSensitive>
          </con:configuration>
        </con:assertion>
      </con:entry>
    </con:config>
  </con:testStep>
  <con:testStep type="transfer" name="Property Transfer 6" id="ec1f8848-8da5-45a8-b77b-6f2e22456dd1">
    <con:settings/>
    <con:config xsi:type="con:PropertyTransfersStep" xmlns:xsi="http://www.w3.org/2001/XMLSchema-instance">
      <con:transfers setNullOnMissingSource="true" transferTextContent="true" failOnError="true" ignoreEmpty="false" transferToAll="false" entitize="false" transferChildNodes="false">
        <con:name>userRoleId</con:name>
        <con:sourceType>res_userRoleId</con:sourceType>
        <con:sourceStep>Create and submit sales org with user, inventory and terminal 2</con:sourceStep>
        <con:sourcePath/>
        <con:targetType>req_userRoleId</con:targetType>
        <con:targetStep>Cannot create start session business interaction with unrelated terminal id</con:targetStep>
        <con:targetPath/>
        <con:upgraded>true</con:upgraded>
      </con:transfers>
      <con:transfers setNullOnMissingSource="true" transferTextContent="true" failOnError="true" ignoreEmpty="false" transferToAll="false" entitize="false" transferChildNodes="false">
        <con:name>salesOrgRoleId</con:name>
        <con:sourceType>res_salesOrgId</con:sourceType>
        <con:sourceStep>Create and submit sales org with user, inventory and terminal 2</con:sourceStep>
        <con:targetType>req_salesOrgRoleId</con:targetType>
        <con:targetStep>Cannot create start session business interaction with unrelated terminal id</con:targetStep>
        <con:upgraded>true</con:upgraded>
      </con:transfers>
      <con:transfers setNullOnMissingSource="true" transferTextContent="true" failOnError="true" ignoreEmpty="false" transferToAll="false" entitize="false" transferChildNodes="false">
        <con:name>terminalId</con:name>
        <con:sourceType>res_terminalId</con:sourceType>
        <con:sourceStep>Create and submit sales org with user, inventory and terminal</con:sourceStep>
        <con:targetType>req_terminalId</con:targetType>
        <con:targetStep>Cannot create start session business interaction with unrelated terminal id</con:targetStep>
        <con:upgraded>true</con:upgraded>
      </con:transfers>
      <con:transfers setNullOnMissingSource="true" transferTextContent="true" failOnError="true" ignoreEmpty="false" transferToAll="false" entitize="false" transferChildNodes="false">
        <con:name>biSpecCode</con:name>
        <con:sourceType>startSessisonBiSpecCode</con:sourceType>
        <con:sourceStep>Properties</con:sourceStep>
        <con:targetType>req_biSpecCode</con:targetType>
        <con:targetStep>Cannot create start session business interaction with unrelated terminal id</con:targetStep>
        <con:upgraded>true</con:upgraded>
      </con:transfers>
    </con:config>
  </con:testStep>
  <con:testStep type="calltestcase" name="Cannot create start session business interaction with unrelated terminal id" id="8492b338-dd22-41b7-9a1f-f14dd3739299">
    <con:settings/>
    <con:config xsi:type="con:RunTestCaseStep" xmlns:xsi="http://www.w3.org/2001/XMLSchema-instance">
      <con:targetTestCase>6bf21664-8582-4338-a160-fc4cf4636619</con:targetTestCase>
      <con:properties>
        <con:property>
          <con:name>req_biSpecCode</con:name>
          <con:value>START_SESSION</con:value>
        </con:property>
        <con:property>
          <con:name>req_terminalId</con:name>
          <con:value>39</con:value>
        </con:property>
        <con:property>
          <con:name>req_userRoleId</con:name>
          <con:value>166</con:value>
        </con:property>
        <con:property>
          <con:name>req_salesOrgRoleId</con:name>
          <con:value>164</con:value>
        </con:property>
        <con:property>
          <con:name>res_biId</con:name>
          <con:value xsi:nil="true"/>
        </con:property>
        <con:property>
          <con:name>res_errorMessage</con:name>
          <con:value>Terminal is not associated with party role :164</con:value>
        </con:property>
        <con:property>
          <con:name>res_headerCode</con:name>
          <con:value>400</con:value>
        </con:property>
      </con:properties>
      <con:returnProperties>
        <con:entry>res_biId</con:entry>
        <con:entry>res_errorMessage</con:entry>
        <con:entry>res_headerCode</con:entry>
      </con:returnProperties>
      <con:runMode>PARALLELL</con:runMode>
    </con:config>
  </con:testStep>
  <con:testStep type="assertionteststep" name="Assertion start session business interaction fail 3" id="57b61257-5956-4b9a-a24a-8859c9bb2673">
    <con:settings/>
    <con:config xsi:type="con:AssertionTestStep" xmlns:xsi="http://www.w3.org/2001/XMLSchema-instance">
      <con:entry>
        <con:id>66e3cb6e-2fb5-436d-a68a-8865d33d50b4</con:id>
        <con:isGroup>false</con:isGroup>
        <con:sourceId>8492b338-dd22-41b7-9a1f-f14dd3739299</con:sourceId>
        <con:propertyName>res_biId</con:propertyName>
        <con:assertion type="Simple NotContains" name="Not Contains" id="c82b2988-764d-4ce8-ab4d-a79b60763649">
          <con:configuration>
            <token>\d+</token>
            <ignoreCase>false</ignoreCase>
            <useRegEx>true</useRegEx>
          </con:configuration>
        </con:assertion>
      </con:entry>
      <con:entry>
        <con:id>08e7ba92-47af-4b20-b7c0-6aecafbeb797</con:id>
        <con:isGroup>false</con:isGroup>
        <con:sourceId>8492b338-dd22-41b7-9a1f-f14dd3739299</con:sourceId>
        <con:propertyName>res_errorMessage</con:propertyName>
        <con:assertion type="Simple Contains" name="Contains" id="4deaef03-286b-45f8-9ba9-9b2e75bade43">
          <con:configuration>
            <token>Terminal is not associated with party role :</token>
            <ignoreCase>false</ignoreCase>
            <useRegEx>true</useRegEx>
          </con:configuration>
        </con:assertion>
      </con:entry>
      <con:entry>
        <con:id>306ccef4-84c6-42e9-8446-930296a3e1b5</con:id>
        <con:isGroup>false</con:isGroup>
        <con:sourceId>8492b338-dd22-41b7-9a1f-f14dd3739299</con:sourceId>
        <con:propertyName>res_headerCode</con:propertyName>
        <con:assertion type="Simple Equals" name="Equals" id="9c530440-cf21-44be-92d4-bdc102311c03">
          <con:configuration>
            <patternObjectId>a115145d-835f-4796-97e7-728d85beee81</patternObjectId>
            <patternProperty>httpStatusCode400</patternProperty>
            <caseSensitive>true</caseSensitive>
          </con:configuration>
        </con:assertion>
      </con:entry>
    </con:config>
  </con:testStep>
  <con:testStep type="transfer" name="P.T. - Create start session interaction" id="7b1bc38c-151f-4daf-a905-c2b5464a4457">
    <con:settings/>
    <con:config xsi:type="con:PropertyTransfersStep" xmlns:xsi="http://www.w3.org/2001/XMLSchema-instance">
      <con:transfers setNullOnMissingSource="true" transferTextContent="true" failOnError="true" ignoreEmpty="false" transferToAll="false" entitize="false" transferChildNodes="false">
        <con:name>userRoleId</con:name>
        <con:sourceType>res_userRoleId</con:sourceType>
        <con:sourceStep>Create and submit sales org with user, inventory and terminal</con:sourceStep>
        <con:sourcePath/>
        <con:targetType>req_userRoleId</con:targetType>
        <con:targetStep>Create start session interaction</con:targetStep>
        <con:targetPath/>
        <con:upgraded>true</con:upgraded>
      </con:transfers>
      <con:transfers setNullOnMissingSource="true" transferTextContent="true" failOnError="true" ignoreEmpty="false" transferToAll="false" entitize="false" transferChildNodes="false">
        <con:name>salesOrgRoleId</con:name>
        <con:sourceType>res_salesOrgId</con:sourceType>
        <con:sourceStep>Create and submit sales org with user, inventory and terminal</con:sourceStep>
        <con:targetType>req_salesOrgRoleId</con:targetType>
        <con:targetStep>Create start session interaction</con:targetStep>
        <con:upgraded>true</con:upgraded>
      </con:transfers>
      <con:transfers setNullOnMissingSource="true" transferTextContent="true" failOnError="true" ignoreEmpty="false" transferToAll="false" entitize="false" transferChildNodes="false">
        <con:name>terminalId</con:name>
        <con:sourceType>res_terminalId</con:sourceType>
        <con:sourceStep>Create and submit sales org with user, inventory and terminal</con:sourceStep>
        <con:targetType>req_terminalId</con:targetType>
        <con:targetStep>Create start session interaction</con:targetStep>
        <con:upgraded>true</con:upgraded>
      </con:transfers>
      <con:transfers setNullOnMissingSource="true" transferTextContent="true" failOnError="true" ignoreEmpty="false" transferToAll="false" entitize="false" transferChildNodes="false">
        <con:name>biSpecCode</con:name>
        <con:sourceType>startSessisonBiSpecCode</con:sourceType>
        <con:sourceStep>Properties</con:sourceStep>
        <con:targetType>req_biSpecCode</con:targetType>
        <con:targetStep>Create start session interaction</con:targetStep>
        <con:upgraded>true</con:upgraded>
      </con:transfers>
      <con:transfers setNullOnMissingSource="true" transferTextContent="true" failOnError="true" ignoreEmpty="false" transferToAll="false" entitize="false" transferChildNodes="false">
        <con:name>userToken</con:name>
        <con:sourceType>userToken</con:sourceType>
        <con:sourceStep>Create and submit sales org with user, inventory and terminal</con:sourceStep>
        <con:targetType>AuthorizationUser</con:targetType>
        <con:targetStep>#Project#</con:targetStep>
        <con:upgraded>true</con:upgraded>
      </con:transfers>
      <con:transfers setNullOnMissingSource="true" transferTextContent="true" failOnError="true" ignoreEmpty="false" transferToAll="false" entitize="false" transferChildNodes="false">
        <con:name>userSo</con:name>
        <con:sourceType>res_salesOrgId</con:sourceType>
        <con:sourceStep>Create and submit sales org with user, inventory and terminal</con:sourceStep>
        <con:targetType>UserSo</con:targetType>
        <con:targetStep>#Project#</con:targetStep>
        <con:upgraded>true</con:upgraded>
      </con:transfers>
    </con:config>
  </con:testStep>
  <con:testStep type="calltestcase" name="Create start session interaction" id="e14d3c99-6fa7-44bc-8469-4ba97d0e565e">
    <con:settings/>
    <con:config xsi:type="con:RunTestCaseStep" xmlns:xsi="http://www.w3.org/2001/XMLSchema-instance">
      <con:targetTestCase>6bf21664-8582-4338-a160-fc4cf4636619</con:targetTestCase>
      <con:properties>
        <con:property>
          <con:name>req_biSpecCode</con:name>
          <con:value>START_SESSION</con:value>
        </con:property>
        <con:property>
          <con:name>req_terminalId</con:name>
          <con:value>39</con:value>
        </con:property>
        <con:property>
          <con:name>req_userRoleId</con:name>
          <con:value>162</con:value>
        </con:property>
        <con:property>
          <con:name>req_salesOrgRoleId</con:name>
          <con:value>160</con:value>
        </con:property>
        <con:property>
          <con:name>res_biId</con:name>
          <con:value>3591</con:value>
        </con:property>
        <con:property>
          <con:name>res_errorMessage</con:name>
          <con:value xsi:nil="true"/>
        </con:property>
        <con:property>
          <con:name>res_headerCode</con:name>
          <con:value>201</con:value>
        </con:property>
      </con:properties>
      <con:returnProperties>
        <con:entry>res_biId</con:entry>
        <con:entry>res_errorMessage</con:entry>
        <con:entry>res_headerCode</con:entry>
      </con:returnProperties>
      <con:runMode>PARALLELL</con:runMode>
    </con:config>
  </con:testStep>
  <con:testStep type="assertionteststep" name="Assertion start session interaction created successfully" id="23690b73-794f-4860-a133-a6cb79a48ef9">
    <con:settings/>
    <con:config xsi:type="con:AssertionTestStep" xmlns:xsi="http://www.w3.org/2001/XMLSchema-instance">
      <con:entry>
        <con:id>3e5395c2-2e33-4e78-95f8-20011a81e940</con:id>
        <con:isGroup>false</con:isGroup>
        <con:sourceId>e14d3c99-6fa7-44bc-8469-4ba97d0e565e</con:sourceId>
        <con:propertyName>res_biId</con:propertyName>
        <con:assertion type="Simple Contains" name="Contains business interaction id" id="24b40b36-54b7-48a0-be36-0dde6dcf2740">
          <con:configuration>
            <token>\d+</token>
            <ignoreCase>false</ignoreCase>
            <useRegEx>true</useRegEx>
          </con:configuration>
        </con:assertion>
      </con:entry>
      <con:entry>
        <con:id>bf89da6d-bbc4-4356-812a-1bef695dc08a</con:id>
        <con:isGroup>false</con:isGroup>
        <con:sourceId>e14d3c99-6fa7-44bc-8469-4ba97d0e565e</con:sourceId>
        <con:propertyName>res_errorMessage</con:propertyName>
        <con:assertion type="Simple NotContains" name="Not Contains" id="8a505f04-544c-4de0-b76e-1a82a166b839">
          <con:configuration>
            <token>\w+</token>
            <ignoreCase>false</ignoreCase>
            <useRegEx>true</useRegEx>
          </con:configuration>
        </con:assertion>
      </con:entry>
      <con:entry>
        <con:id>a13b2eab-cdf2-496d-bf9f-084758eaf93d</con:id>
        <con:isGroup>false</con:isGroup>
        <con:sourceId>e14d3c99-6fa7-44bc-8469-4ba97d0e565e</con:sourceId>
        <con:propertyName>res_headerCode</con:propertyName>
        <con:assertion type="Simple Equals" name="Equals" id="91b507a4-463b-4353-9dc9-c1d98b58fec4">
          <con:configuration>
            <patternObjectId>a115145d-835f-4796-97e7-728d85beee81</patternObjectId>
            <patternProperty>httpStatusCode201</patternProperty>
            <caseSensitive>true</caseSensitive>
          </con:configuration>
        </con:assertion>
      </con:entry>
    </con:config>
  </con:testStep>
  <con:testStep type="transfer" name="P.T. - Submit start session interaction" id="232c3cef-9323-4683-9f1f-27a4c0b10022">
    <con:settings/>
    <con:config xsi:type="con:PropertyTransfersStep" xmlns:xsi="http://www.w3.org/2001/XMLSchema-instance">
      <con:transfers setNullOnMissingSource="true" transferTextContent="true" failOnError="true" ignoreEmpty="false" transferToAll="false" entitize="false" transferChildNodes="false">
        <con:name>biId</con:name>
        <con:sourceType>res_biId</con:sourceType>
        <con:sourceStep>Create start session interaction</con:sourceStep>
        <con:sourcePath/>
        <con:targetType>req_biId</con:targetType>
        <con:targetStep>Submit start session interaction</con:targetStep>
        <con:targetPath/>
        <con:upgraded>true</con:upgraded>
      </con:transfers>
    </con:config>
  </con:testStep>
  <con:testStep type="calltestcase" name="Submit start session interaction" id="a3edd3b8-740b-4e00-a714-a21e4057d282">
    <con:settings/>
    <con:config xsi:type="con:RunTestCaseStep" xmlns:xsi="http://www.w3.org/2001/XMLSchema-instance">
      <con:targetTestCase>e21b7fc8-5000-419b-89b7-2a64ecbc1e4a</con:targetTestCase>
      <con:properties>
        <con:property>
          <con:name>req_biId</con:name>
          <con:value>3591</con:value>
        </con:property>
        <con:property>
          <con:name>res_biId</con:name>
          <con:value>3591</con:value>
        </con:property>
        <con:property>
          <con:name>res_headerCode</con:name>
          <con:value>200</con:value>
        </con:property>
        <con:property>
          <con:name>res_errorMessage</con:name>
          <con:value xsi:nil="true"/>
        </con:property>
      </con:properties>
      <con:returnProperties>
        <con:entry>res_biId</con:entry>
        <con:entry>res_headerCode</con:entry>
        <con:entry>res_errorMessage</con:entry>
      </con:returnProperties>
      <con:runMode>PARALLELL</con:runMode>
    </con:config>
  </con:testStep>
  <con:testStep type="assertionteststep" name="Assertion start session interaction submitted successfully" id="879bb7dd-06fe-4a00-b75f-10e296f08c18">
    <con:settings/>
    <con:config xsi:type="con:AssertionTestStep" xmlns:xsi="http://www.w3.org/2001/XMLSchema-instance">
      <con:entry>
        <con:id>24eccc16-1335-40f9-8c22-d89572918d38</con:id>
        <con:isGroup>false</con:isGroup>
        <con:sourceId>a3edd3b8-740b-4e00-a714-a21e4057d282</con:sourceId>
        <con:propertyName>res_biId</con:propertyName>
        <con:assertion type="Simple Contains" name="Contains business interaction id" id="88a2a517-1020-4948-ad8f-f5634dcd914d">
          <con:configuration>
            <token>\d+</token>
            <ignoreCase>false</ignoreCase>
            <useRegEx>true</useRegEx>
          </con:configuration>
        </con:assertion>
      </con:entry>
    </con:config>
  </con:testStep>
  <con:testStep type="transfer" name="P.T. - Create stock-in interaction" id="85f49270-e0f4-49f2-b563-925dce06e734">
    <con:settings/>
    <con:config xsi:type="con:PropertyTransfersStep" xmlns:xsi="http://www.w3.org/2001/XMLSchema-instance">
      <con:transfers setNullOnMissingSource="true" transferTextContent="true" failOnError="true" ignoreEmpty="false" transferToAll="false" entitize="false" transferChildNodes="false">
        <con:name>userId</con:name>
        <con:sourceType>res_userRoleId</con:sourceType>
        <con:sourceStep>Create and submit sales org with user, inventory and terminal</con:sourceStep>
        <con:sourcePath/>
        <con:targetType>req_userRoleId</con:targetType>
        <con:targetStep>Create stock-in interaction</con:targetStep>
        <con:targetPath/>
        <con:upgraded>true</con:upgraded>
      </con:transfers>
      <con:transfers setNullOnMissingSource="true" transferTextContent="true" failOnError="true" ignoreEmpty="false" transferToAll="false" entitize="false" transferChildNodes="false">
        <con:name>soId</con:name>
        <con:sourceType>res_salesOrgId</con:sourceType>
        <con:sourceStep>Create and submit sales org with user, inventory and terminal</con:sourceStep>
        <con:targetType>req_soRoleId</con:targetType>
        <con:targetStep>Create stock-in interaction</con:targetStep>
        <con:upgraded>true</con:upgraded>
      </con:transfers>
      <con:transfers setNullOnMissingSource="true" transferTextContent="true" failOnError="true" ignoreEmpty="false" transferToAll="false" entitize="false" transferChildNodes="false">
        <con:name>biSpecCode</con:name>
        <con:sourceType>stockInBiSpecCode</con:sourceType>
        <con:sourceStep>Properties</con:sourceStep>
        <con:targetType>req_biSpecCode</con:targetType>
        <con:targetStep>Create stock-in interaction</con:targetStep>
        <con:upgraded>true</con:upgraded>
      </con:transfers>
      <con:transfers setNullOnMissingSource="true" transferTextContent="true" failOnError="true" ignoreEmpty="false" transferToAll="false" entitize="false" transferChildNodes="false">
        <con:name>restoreUserToken</con:name>
        <con:sourceType>userToken</con:sourceType>
        <con:sourceStep>Create and submit sales org with user, inventory and terminal</con:sourceStep>
        <con:targetType>AuthorizationUser</con:targetType>
        <con:targetStep>#Project#</con:targetStep>
        <con:upgraded>true</con:upgraded>
      </con:transfers>
    </con:config>
  </con:testStep>
  <con:testStep type="calltestcase" name="Create stock-in interaction" id="ae139b8f-917b-48a1-865e-0cc051e1f6fe">
    <con:settings/>
    <con:config xsi:type="con:RunTestCaseStep" xmlns:xsi="http://www.w3.org/2001/XMLSchema-instance">
      <con:targetTestCase>bba3ce34-4cc5-41fb-98a0-894988e91181</con:targetTestCase>
      <con:properties>
        <con:property>
          <con:name>req_userRoleId</con:name>
          <con:value>162</con:value>
        </con:property>
        <con:property>
          <con:name>req_soRoleId</con:name>
          <con:value>160</con:value>
        </con:property>
        <con:property>
          <con:name>req_biSpecCode</con:name>
          <con:value>STCKINBISPEC</con:value>
        </con:property>
        <con:property>
          <con:name>res_biId</con:name>
          <con:value>3611</con:value>
        </con:property>
        <con:property>
          <con:name>res_code</con:name>
          <con:value xsi:nil="true"/>
        </con:property>
        <con:property>
          <con:name>res_errorMessage</con:name>
          <con:value xsi:nil="true"/>
        </con:property>
        <con:property>
          <con:name>res_httpStatus</con:name>
          <con:value>201</con:value>
        </con:property>
      </con:properties>
      <con:returnProperties>
        <con:entry>res_biId</con:entry>
        <con:entry>res_httpStatus</con:entry>
      </con:returnProperties>
      <con:runMode>PARALLELL</con:runMode>
    </con:config>
  </con:testStep>
  <con:testStep type="assertionteststep" name="Assertion stock-in interaction created" id="f60c4373-9c44-4cb4-afc5-0f68b75a12f2">
    <con:settings/>
    <con:config xsi:type="con:AssertionTestStep" xmlns:xsi="http://www.w3.org/2001/XMLSchema-instance">
      <con:entry>
        <con:id>4c8120b4-445f-439e-8ca2-a15c6196ca60</con:id>
        <con:isGroup>false</con:isGroup>
        <con:sourceId>ae139b8f-917b-48a1-865e-0cc051e1f6fe</con:sourceId>
        <con:propertyName>res_biId</con:propertyName>
        <con:assertion type="Simple Contains" name="Contains" id="e9465fb3-518c-4f75-b475-1487ef61ba4b">
          <con:configuration>
            <token>\d+</token>
            <ignoreCase>false</ignoreCase>
            <useRegEx>true</useRegEx>
          </con:configuration>
        </con:assertion>
      </con:entry>
      <con:entry>
        <con:id>aefa92b6-d70f-4a7b-a297-eb796e9fb9aa</con:id>
        <con:isGroup>false</con:isGroup>
        <con:sourceId>ae139b8f-917b-48a1-865e-0cc051e1f6fe</con:sourceId>
        <con:propertyName>res_httpStatus</con:propertyName>
        <con:assertion type="Simple Equals" name="Equals" id="214f6f16-5dc2-4749-8ec8-41dd8fb8467c">
          <con:configuration>
            <patternObjectId>a115145d-835f-4796-97e7-728d85beee81</patternObjectId>
            <patternProperty>httpStatusCode201</patternProperty>
            <caseSensitive>true</caseSensitive>
          </con:configuration>
        </con:assertion>
      </con:entry>
    </con:config>
  </con:testStep>
  <con:testStep type="datasource" name="DataSource for nonserialized product" id="e6d68192-3aba-40ac-ae62-7fc1c2093a1f">
    <con:settings/>
    <con:config xsi:type="con:DataSourceStep" xmlns:xsi="http://www.w3.org/2001/XMLSchema-instance">
      <con:dataSource type="Grid">
        <con:configuration>
          <check>&lt;con:entry xmlns:con="http://eviware.com/soapui/config">true&lt;/con:entry></check>
          <row><![CDATA[<xml-fragment><con:entry xmlns:con="http://eviware.com/soapui/config">Apple Mouse 1 Button Count</con:entry><con:entry xmlns:con="http://eviware.com/soapui/config">EXT-APPLMOUSE-1</con:entry><con:entry xmlns:con="http://eviware.com/soapui/config">CODE-APPLMOUSE-1</con:entry><con:entry xmlns:con="http://eviware.com/soapui/config">1</con:entry><con:entry xmlns:con="http://eviware.com/soapui/config">7</con:entry><con:entry xmlns:con="http://eviware.com/soapui/config">17-EXT</con:entry><con:entry xmlns:con="http://eviware.com/soapui/config">1</con:entry><con:entry xmlns:con="http://eviware.com/soapui/config"/><con:entry xmlns:con="http://eviware.com/soapui/config"/></xml-fragment>]]></row>
        </con:configuration>
      </con:dataSource>
      <con:property>description</con:property>
      <con:property>prodSpecExtId</con:property>
      <con:property>productSpecCode</con:property>
      <con:property>quantity</con:property>
      <con:property>charExtId1</con:property>
      <con:property>charValueExtId1</con:property>
      <con:property>productStatus</con:property>
      <con:completeLastOperation>true</con:completeLastOperation>
      <con:restartOnRun>true</con:restartOnRun>
    </con:config>
  </con:testStep>
  <con:testStep type="transfer" name="P.T. - Add stock-in item" id="0c8460e6-c22c-4aee-9c30-98a1b1272b24">
    <con:settings/>
    <con:config xsi:type="con:PropertyTransfersStep" xmlns:xsi="http://www.w3.org/2001/XMLSchema-instance">
      <con:transfers setNullOnMissingSource="true" transferTextContent="true" failOnError="true" ignoreEmpty="false" transferToAll="false" entitize="false" transferChildNodes="false">
        <con:name>biId</con:name>
        <con:sourceType>res_biId</con:sourceType>
        <con:sourceStep>Create stock-in interaction</con:sourceStep>
        <con:sourcePath/>
        <con:targetType>req_biId</con:targetType>
        <con:targetStep>Add stock-in item</con:targetStep>
        <con:targetPath/>
        <con:upgraded>true</con:upgraded>
      </con:transfers>
      <con:transfers setNullOnMissingSource="true" transferTextContent="true" failOnError="true" ignoreEmpty="false" transferToAll="false" entitize="false" transferChildNodes="false">
        <con:name>productSpecExtId</con:name>
        <con:sourceType>prodSpecExtId</con:sourceType>
        <con:sourceStep>DataSource for nonserialized product</con:sourceStep>
        <con:targetType>req_prodSpecExtId</con:targetType>
        <con:targetStep>Add stock-in item</con:targetStep>
        <con:upgraded>true</con:upgraded>
      </con:transfers>
      <con:transfers setNullOnMissingSource="true" transferTextContent="true" failOnError="true" ignoreEmpty="false" transferToAll="false" entitize="false" transferChildNodes="false">
        <con:name>placeId</con:name>
        <con:sourceType>res_placeId</con:sourceType>
        <con:sourceStep>Create and submit sales org with user, inventory and terminal</con:sourceStep>
        <con:targetType>req_placeId</con:targetType>
        <con:targetStep>Add stock-in item</con:targetStep>
        <con:upgraded>true</con:upgraded>
      </con:transfers>
      <con:transfers setNullOnMissingSource="true" transferTextContent="true" failOnError="true" ignoreEmpty="false" transferToAll="false" entitize="false" transferChildNodes="false">
        <con:name>description</con:name>
        <con:sourceType>description</con:sourceType>
        <con:sourceStep>DataSource for nonserialized product</con:sourceStep>
        <con:targetType>req_description</con:targetType>
        <con:targetStep>Add stock-in item</con:targetStep>
        <con:upgraded>true</con:upgraded>
      </con:transfers>
      <con:transfers setNullOnMissingSource="true" transferTextContent="true" failOnError="true" ignoreEmpty="false" transferToAll="false" entitize="false" transferChildNodes="false">
        <con:name>charExtId1</con:name>
        <con:sourceType>charExtId1</con:sourceType>
        <con:sourceStep>DataSource for nonserialized product</con:sourceStep>
        <con:targetType>req_charExtId1</con:targetType>
        <con:targetStep>Add stock-in item</con:targetStep>
        <con:upgraded>true</con:upgraded>
      </con:transfers>
      <con:transfers setNullOnMissingSource="true" transferTextContent="true" failOnError="true" ignoreEmpty="false" transferToAll="false" entitize="false" transferChildNodes="false">
        <con:name>charValueExtId1</con:name>
        <con:sourceType>charValueExtId1</con:sourceType>
        <con:sourceStep>DataSource for nonserialized product</con:sourceStep>
        <con:targetType>req_charValueExtId1</con:targetType>
        <con:targetStep>Add stock-in item</con:targetStep>
        <con:upgraded>true</con:upgraded>
      </con:transfers>
      <con:transfers setNullOnMissingSource="true" transferTextContent="true" failOnError="true" ignoreEmpty="false" transferToAll="false" entitize="false" transferChildNodes="false">
        <con:name>productStatus</con:name>
        <con:sourceType>productStatus</con:sourceType>
        <con:sourceStep>DataSource for nonserialized product</con:sourceStep>
        <con:targetType>req_prodStatus</con:targetType>
        <con:targetStep>Add stock-in item</con:targetStep>
        <con:upgraded>true</con:upgraded>
      </con:transfers>
      <con:transfers setNullOnMissingSource="true" transferTextContent="true" failOnError="true" ignoreEmpty="false" transferToAll="false" entitize="false" transferChildNodes="false">
        <con:name>quantity</con:name>
        <con:sourceType>quantity</con:sourceType>
        <con:sourceStep>DataSource for nonserialized product</con:sourceStep>
        <con:targetType>req_quantity</con:targetType>
        <con:targetStep>Add stock-in item</con:targetStep>
        <con:upgraded>true</con:upgraded>
      </con:transfers>
    </con:config>
  </con:testStep>
  <con:testStep type="calltestcase" name="Add stock-in item" id="6c29ca18-f09b-4f34-89fb-07787f01612c">
    <con:settings/>
    <con:config xsi:type="con:RunTestCaseStep" xmlns:xsi="http://www.w3.org/2001/XMLSchema-instance">
      <con:targetTestCase>1df0a954-3f76-4a4e-bd4b-aa3504f4ccf7</con:targetTestCase>
      <con:properties>
        <con:property>
          <con:name>req_biId</con:name>
          <con:value>3611</con:value>
        </con:property>
        <con:property>
          <con:name>req_prodSpecExtId</con:name>
          <con:value>EXT-APPLMOUSE-1</con:value>
        </con:property>
        <con:property>
          <con:name>req_placeId</con:name>
          <con:value>83</con:value>
        </con:property>
        <con:property>
          <con:name>req_description</con:name>
          <con:value>Apple Mouse 1 Button Count</con:value>
        </con:property>
        <con:property>
          <con:name>req_charExtId1</con:name>
          <con:value>7</con:value>
        </con:property>
        <con:property>
          <con:name>req_charValueExtId1</con:name>
          <con:value>17-EXT</con:value>
        </con:property>
        <con:property>
          <con:name>req_serialText</con:name>
        </con:property>
        <con:property>
          <con:name>res_itemId</con:name>
          <con:value>674</con:value>
        </con:property>
        <con:property>
          <con:name>res_code</con:name>
          <con:value xsi:nil="true"/>
        </con:property>
        <con:property>
          <con:name>res_errorMessage</con:name>
          <con:value xsi:nil="true"/>
        </con:property>
        <con:property>
          <con:name>req_prodStatus</con:name>
          <con:value>1</con:value>
        </con:property>
        <con:property>
          <con:name>req_quantity</con:name>
          <con:value>1</con:value>
        </con:property>
        <con:property>
          <con:name>req_batchId</con:name>
        </con:property>
        <con:property>
          <con:name>res_httpStatus</con:name>
          <con:value>201</con:value>
        </con:property>
      </con:properties>
      <con:returnProperties>
        <con:entry>res_itemId</con:entry>
        <con:entry>res_httpStatus</con:entry>
      </con:returnProperties>
      <con:runMode>PARALLELL</con:runMode>
    </con:config>
  </con:testStep>
  <con:testStep type="assertionteststep" name="Assertion nonserialized product added" id="2913f3a3-d6f2-419c-91d9-752e0f28e067">
    <con:settings/>
    <con:config xsi:type="con:AssertionTestStep" xmlns:xsi="http://www.w3.org/2001/XMLSchema-instance">
      <con:entry>
        <con:id>b3246f21-57ed-40ae-99aa-b575810e7d75</con:id>
        <con:isGroup>false</con:isGroup>
        <con:sourceId>6c29ca18-f09b-4f34-89fb-07787f01612c</con:sourceId>
        <con:propertyName>res_itemId</con:propertyName>
        <con:assertion type="Simple Contains" name="Contains" id="7e203686-184d-48e9-9063-253994681874">
          <con:configuration>
            <token>\d+</token>
            <ignoreCase>false</ignoreCase>
            <useRegEx>true</useRegEx>
          </con:configuration>
        </con:assertion>
      </con:entry>
      <con:entry>
        <con:id>92d42cf1-d172-467a-98c8-731c7fc4312f</con:id>
        <con:isGroup>false</con:isGroup>
        <con:sourceId>6c29ca18-f09b-4f34-89fb-07787f01612c</con:sourceId>
        <con:propertyName>res_httpStatus</con:propertyName>
        <con:assertion type="Simple Equals" name="Equals" id="a603c97c-5011-4b90-b986-b857761ee936">
          <con:configuration>
            <patternObjectId>a115145d-835f-4796-97e7-728d85beee81</patternObjectId>
            <patternProperty>httpStatusCode201</patternProperty>
            <caseSensitive>true</caseSensitive>
          </con:configuration>
        </con:assertion>
      </con:entry>
    </con:config>
  </con:testStep>
  <con:testStep type="transfer" name="P.T. - Submit stock-in interaction" id="c0348312-6eb4-4a4b-a72b-96418db9090c">
    <con:settings/>
    <con:config xsi:type="con:PropertyTransfersStep" xmlns:xsi="http://www.w3.org/2001/XMLSchema-instance">
      <con:transfers setNullOnMissingSource="true" transferTextContent="true" failOnError="true" ignoreEmpty="false" transferToAll="false" entitize="false" transferChildNodes="false">
        <con:name>biId</con:name>
        <con:sourceType>res_biId</con:sourceType>
        <con:sourceStep>Create stock-in interaction</con:sourceStep>
        <con:sourcePath/>
        <con:targetType>req_biId</con:targetType>
        <con:targetStep>Submit stock-in interaction</con:targetStep>
        <con:targetPath/>
        <con:upgraded>true</con:upgraded>
      </con:transfers>
    </con:config>
  </con:testStep>
  <con:testStep type="calltestcase" name="Submit stock-in interaction" id="91836ebb-5819-4b33-a5b3-a66a30aefa32">
    <con:settings/>
    <con:config xsi:type="con:RunTestCaseStep" xmlns:xsi="http://www.w3.org/2001/XMLSchema-instance">
      <con:targetTestCase>c6afe465-b867-4e9f-9e55-596671d41d0a</con:targetTestCase>
      <con:properties>
        <con:property>
          <con:name>req_biId</con:name>
          <con:value>3611</con:value>
        </con:property>
        <con:property>
          <con:name>res_biId</con:name>
          <con:value>3611</con:value>
        </con:property>
        <con:property>
          <con:name>res_code</con:name>
          <con:value xsi:nil="true"/>
        </con:property>
        <con:property>
          <con:name>res_errorMessage</con:name>
          <con:value xsi:nil="true"/>
        </con:property>
        <con:property>
          <con:name>res_httpStatusCode</con:name>
          <con:value>200</con:value>
        </con:property>
      </con:properties>
      <con:returnProperties>
        <con:entry>res_biId</con:entry>
        <con:entry>res_code</con:entry>
        <con:entry>res_errorMessage</con:entry>
        <con:entry>res_httpStatusCode</con:entry>
      </con:returnProperties>
      <con:runMode>PARALLELL</con:runMode>
    </con:config>
  </con:testStep>
  <con:testStep type="assertionteststep" name="Assertion stock-in interaction submitted" id="7f5a27fc-723a-4e61-a800-d6e1fe875e8a">
    <con:settings/>
    <con:config xsi:type="con:AssertionTestStep" xmlns:xsi="http://www.w3.org/2001/XMLSchema-instance">
      <con:entry>
        <con:id>119b09d8-fe26-4c94-8d1a-d8ccb6dfb732</con:id>
        <con:isGroup>false</con:isGroup>
        <con:sourceId>91836ebb-5819-4b33-a5b3-a66a30aefa32</con:sourceId>
        <con:propertyName>res_httpStatusCode</con:propertyName>
        <con:assertion type="Simple Equals" name="Equals" id="c517a157-8126-4c2b-aba8-f00444b7d60a">
          <con:configuration>
            <patternObjectId>a115145d-835f-4796-97e7-728d85beee81</patternObjectId>
            <patternProperty>httpStatusCode200</patternProperty>
            <caseSensitive>true</caseSensitive>
          </con:configuration>
        </con:assertion>
      </con:entry>
      <con:entry>
        <con:id>d1f08c83-b365-4faa-8433-890eadcda2d3</con:id>
        <con:isGroup>false</con:isGroup>
        <con:sourceId>91836ebb-5819-4b33-a5b3-a66a30aefa32</con:sourceId>
        <con:propertyName>res_biId</con:propertyName>
        <con:assertion type="Simple Contains" name="Contains" id="b3e17e8e-cf63-41ca-b28b-17a8e0b80a40">
          <con:configuration>
            <token>\d+</token>
            <ignoreCase>false</ignoreCase>
            <useRegEx>true</useRegEx>
          </con:configuration>
        </con:assertion>
      </con:entry>
    </con:config>
  </con:testStep>
  <con:testStep type="transfer" name="Property Transfer 9" id="e2143faa-ed81-4fb7-886f-98d4c48347d7">
    <con:settings/>
    <con:config xsi:type="con:PropertyTransfersStep" xmlns:xsi="http://www.w3.org/2001/XMLSchema-instance">
      <con:transfers setNullOnMissingSource="true" transferTextContent="true" failOnError="true" ignoreEmpty="false" transferToAll="false" entitize="false" transferChildNodes="false">
        <con:name>userRoleId</con:name>
        <con:sourceType>res_userRoleId</con:sourceType>
        <con:sourceStep>Create and submit sales org with user, inventory and terminal</con:sourceStep>
        <con:sourcePath/>
        <con:targetType>req_userRoleId</con:targetType>
        <con:targetStep>Cannot create start session business interaction with used user id</con:targetStep>
        <con:targetPath/>
        <con:upgraded>true</con:upgraded>
      </con:transfers>
      <con:transfers setNullOnMissingSource="true" transferTextContent="true" failOnError="true" ignoreEmpty="false" transferToAll="false" entitize="false" transferChildNodes="false">
        <con:name>salesOrgRoleId</con:name>
        <con:sourceType>res_salesOrgId</con:sourceType>
        <con:sourceStep>Create and submit sales org with user, inventory and terminal</con:sourceStep>
        <con:targetType>req_salesOrgRoleId</con:targetType>
        <con:targetStep>Cannot create start session business interaction with used user id</con:targetStep>
        <con:upgraded>true</con:upgraded>
      </con:transfers>
      <con:transfers setNullOnMissingSource="true" transferTextContent="true" failOnError="true" ignoreEmpty="false" transferToAll="false" entitize="false" transferChildNodes="false">
        <con:name>terminalId</con:name>
        <con:sourceType>res_terminalId</con:sourceType>
        <con:sourceStep>Create and submit sales org with user, inventory and terminal</con:sourceStep>
        <con:targetType>req_terminalId</con:targetType>
        <con:targetStep>Cannot create start session business interaction with used user id</con:targetStep>
        <con:upgraded>true</con:upgraded>
      </con:transfers>
      <con:transfers setNullOnMissingSource="true" transferTextContent="true" failOnError="true" ignoreEmpty="false" transferToAll="false" entitize="false" transferChildNodes="false">
        <con:name>biSpecCode</con:name>
        <con:sourceType>startSessisonBiSpecCode</con:sourceType>
        <con:sourceStep>Properties</con:sourceStep>
        <con:targetType>req_biSpecCode</con:targetType>
        <con:targetStep>Cannot create start session business interaction with used user id</con:targetStep>
        <con:upgraded>true</con:upgraded>
      </con:transfers>
    </con:config>
  </con:testStep>
  <con:testStep type="calltestcase" name="Cannot create start session business interaction with used user id" id="2b55e04e-d2b8-419e-8755-90871b6d221a">
    <con:settings/>
    <con:config xsi:type="con:RunTestCaseStep" xmlns:xsi="http://www.w3.org/2001/XMLSchema-instance">
      <con:targetTestCase>6bf21664-8582-4338-a160-fc4cf4636619</con:targetTestCase>
      <con:properties>
        <con:property>
          <con:name>req_biSpecCode</con:name>
          <con:value>START_SESSION</con:value>
        </con:property>
        <con:property>
          <con:name>req_terminalId</con:name>
          <con:value>39</con:value>
        </con:property>
        <con:property>
          <con:name>req_userRoleId</con:name>
          <con:value>162</con:value>
        </con:property>
        <con:property>
          <con:name>req_salesOrgRoleId</con:name>
          <con:value>160</con:value>
        </con:property>
        <con:property>
          <con:name>res_biId</con:name>
          <con:value xsi:nil="true"/>
        </con:property>
        <con:property>
          <con:name>res_errorMessage</con:name>
          <con:value>Session already exists for :162</con:value>
        </con:property>
        <con:property>
          <con:name>res_headerCode</con:name>
          <con:value>400</con:value>
        </con:property>
      </con:properties>
      <con:returnProperties>
        <con:entry>res_biId</con:entry>
        <con:entry>res_errorMessage</con:entry>
        <con:entry>res_headerCode</con:entry>
      </con:returnProperties>
      <con:runMode>PARALLELL</con:runMode>
    </con:config>
  </con:testStep>
  <con:testStep type="assertionteststep" name="Assertion start session business interaction fail 4" id="82262c14-af09-4a35-96b5-73e4f7b166b6">
    <con:settings/>
    <con:config xsi:type="con:AssertionTestStep" xmlns:xsi="http://www.w3.org/2001/XMLSchema-instance">
      <con:entry>
        <con:id>95cad12b-7a0d-4a40-b207-81d144cb028f</con:id>
        <con:isGroup>false</con:isGroup>
        <con:sourceId>2b55e04e-d2b8-419e-8755-90871b6d221a</con:sourceId>
        <con:propertyName>res_biId</con:propertyName>
        <con:assertion type="Simple NotContains" name="Not Contains" id="095fa7a2-2c39-466e-8c5c-139d728d1d72">
          <con:configuration>
            <token>\d+</token>
            <ignoreCase>false</ignoreCase>
            <useRegEx>true</useRegEx>
          </con:configuration>
        </con:assertion>
      </con:entry>
      <con:entry>
        <con:id>67744e2a-8cbc-43b9-b9d8-6918e809586d</con:id>
        <con:isGroup>false</con:isGroup>
        <con:sourceId>2b55e04e-d2b8-419e-8755-90871b6d221a</con:sourceId>
        <con:propertyName>res_headerCode</con:propertyName>
        <con:assertion type="Simple Equals" name="Equals" id="35144dcd-e9fc-4904-b9d0-908d88f3b684">
          <con:configuration>
            <patternObjectId>a115145d-835f-4796-97e7-728d85beee81</patternObjectId>
            <patternProperty>httpStatusCode400</patternProperty>
            <caseSensitive>true</caseSensitive>
          </con:configuration>
        </con:assertion>
      </con:entry>
      <con:entry>
        <con:id>25e0d63d-6a22-4e3b-8d42-e8ea3f582398</con:id>
        <con:isGroup>false</con:isGroup>
        <con:sourceId>2b55e04e-d2b8-419e-8755-90871b6d221a</con:sourceId>
        <con:propertyName>res_errorMessage</con:propertyName>
        <con:assertion type="Simple Contains" name="Contains" id="801df1e9-877b-4405-88c9-9aa286c5dd98">
          <con:configuration>
            <token>Session already exists for :</token>
            <ignoreCase>false</ignoreCase>
            <useRegEx>true</useRegEx>
          </con:configuration>
        </con:assertion>
      </con:entry>
    </con:config>
  </con:testStep>
  <con:testStep type="transfer" name="Property Transfer 10" id="706f1834-9961-4890-9dc0-1c098752bdf6">
    <con:settings/>
    <con:config xsi:type="con:PropertyTransfersStep" xmlns:xsi="http://www.w3.org/2001/XMLSchema-instance">
      <con:transfers setNullOnMissingSource="true" transferTextContent="true" failOnError="true" ignoreEmpty="false" transferToAll="false" entitize="false" transferChildNodes="false">
        <con:name>biId</con:name>
        <con:sourceType>res_biId</con:sourceType>
        <con:sourceStep>Create start session interaction</con:sourceStep>
        <con:sourcePath/>
        <con:targetType>req_biId</con:targetType>
        <con:targetStep>Cannot submit submitted start session business interaction</con:targetStep>
        <con:targetPath/>
        <con:upgraded>true</con:upgraded>
      </con:transfers>
    </con:config>
  </con:testStep>
  <con:testStep type="calltestcase" name="Cannot submit submitted start session business interaction" id="f1d4859a-d605-44c7-96de-736574fa8bcb">
    <con:settings/>
    <con:config xsi:type="con:RunTestCaseStep" xmlns:xsi="http://www.w3.org/2001/XMLSchema-instance">
      <con:targetTestCase>e21b7fc8-5000-419b-89b7-2a64ecbc1e4a</con:targetTestCase>
      <con:properties>
        <con:property>
          <con:name>req_biId</con:name>
          <con:value>3591</con:value>
        </con:property>
        <con:property>
          <con:name>res_biId</con:name>
          <con:value xsi:nil="true"/>
        </con:property>
        <con:property>
          <con:name>res_headerCode</con:name>
          <con:value>400</con:value>
        </con:property>
        <con:property>
          <con:name>res_errorMessage</con:name>
          <con:value>INVALID_STATE_OPERATION</con:value>
        </con:property>
      </con:properties>
      <con:returnProperties>
        <con:entry>res_biId</con:entry>
        <con:entry>res_headerCode</con:entry>
        <con:entry>res_errorMessage</con:entry>
      </con:returnProperties>
      <con:runMode>PARALLELL</con:runMode>
    </con:config>
  </con:testStep>
  <con:testStep type="assertionteststep" name="Assertion submit start session fail" id="5cee0713-47d6-4e35-a66f-0eb22bd4f2f4">
    <con:settings/>
    <con:config xsi:type="con:AssertionTestStep" xmlns:xsi="http://www.w3.org/2001/XMLSchema-instance">
      <con:entry>
        <con:id>0541bb3a-c73d-4f54-98c1-18d03b1667f9</con:id>
        <con:isGroup>false</con:isGroup>
        <con:sourceId>f1d4859a-d605-44c7-96de-736574fa8bcb</con:sourceId>
        <con:propertyName>res_biId</con:propertyName>
        <con:assertion type="Simple NotContains" name="Not Contains" id="3df1fa38-bf07-46e0-b751-a468596ca384">
          <con:configuration>
            <token>\d+</token>
            <ignoreCase>false</ignoreCase>
            <useRegEx>true</useRegEx>
          </con:configuration>
        </con:assertion>
      </con:entry>
      <con:entry>
        <con:id>54dc894e-f10c-4b43-9065-ea1fcfde44d3</con:id>
        <con:isGroup>false</con:isGroup>
        <con:sourceId>f1d4859a-d605-44c7-96de-736574fa8bcb</con:sourceId>
        <con:propertyName>res_headerCode</con:propertyName>
        <con:assertion type="Simple Equals" name="Equals" id="8d8ef12b-1a19-4ba9-a25a-f103f21e94a3">
          <con:configuration>
            <patternObjectId>a115145d-835f-4796-97e7-728d85beee81</patternObjectId>
            <patternProperty>httpStatusCode400</patternProperty>
            <caseSensitive>true</caseSensitive>
          </con:configuration>
        </con:assertion>
      </con:entry>
      <con:entry>
        <con:id>365a6e6f-1e2c-487d-afef-e007c71a38f4</con:id>
        <con:isGroup>false</con:isGroup>
        <con:sourceId>f1d4859a-d605-44c7-96de-736574fa8bcb</con:sourceId>
        <con:propertyName>res_errorMessage</con:propertyName>
        <con:assertion type="Simple Equals" name="Equals 2" id="c703647e-4b57-439b-81dc-1fb68c970cfe">
          <con:configuration>
            <patternObjectId>a115145d-835f-4796-97e7-728d85beee81</patternObjectId>
            <patternProperty>errorMessageSubmittedBi</patternProperty>
            <caseSensitive>true</caseSensitive>
          </con:configuration>
        </con:assertion>
      </con:entry>
    </con:config>
  </con:testStep>
  <con:testStep type="transfer" name="Set biId not exist in system 2" id="f0dec71c-6359-4bec-8eac-5ceb02a56d70">
    <con:settings/>
    <con:config xsi:type="con:PropertyTransfersStep" xmlns:xsi="http://www.w3.org/2001/XMLSchema-instance">
      <con:transfers setNullOnMissingSource="true" transferTextContent="true" failOnError="true" ignoreEmpty="false" transferToAll="false" entitize="false" transferChildNodes="false">
        <con:name>biId</con:name>
        <con:sourceType>biIdDoesNotExist</con:sourceType>
        <con:sourceStep>Properties</con:sourceStep>
        <con:sourcePath/>
        <con:targetType>req_biId</con:targetType>
        <con:targetStep>Display non-exist single START session business interaction</con:targetStep>
        <con:targetPath/>
        <con:upgraded>true</con:upgraded>
      </con:transfers>
    </con:config>
  </con:testStep>
  <con:testStep type="calltestcase" name="Display non-exist single START session business interaction" id="643f6eee-b234-403e-b857-c3640e709bcb">
    <con:settings/>
    <con:config xsi:type="con:RunTestCaseStep" xmlns:xsi="http://www.w3.org/2001/XMLSchema-instance">
      <con:targetTestCase>081f6fb1-0e77-4ec3-ae40-713ccc262871</con:targetTestCase>
      <con:properties>
        <con:property>
          <con:name>req_biId</con:name>
          <con:value>0</con:value>
        </con:property>
        <con:property>
          <con:name>res_mainState</con:name>
          <con:value xsi:nil="true"/>
        </con:property>
        <con:property>
          <con:name>res_state</con:name>
          <con:value xsi:nil="true"/>
        </con:property>
        <con:property>
          <con:name>res_httpStatus</con:name>
          <con:value>404</con:value>
        </con:property>
        <con:property>
          <con:name>res_errorCode</con:name>
          <con:value>404</con:value>
        </con:property>
        <con:property>
          <con:name>res_startDate</con:name>
        </con:property>
      </con:properties>
      <con:returnProperties>
        <con:entry>res_httpStatus</con:entry>
        <con:entry>res_errorCode</con:entry>
      </con:returnProperties>
      <con:runMode>PARALLELL</con:runMode>
    </con:config>
  </con:testStep>
  <con:testStep type="assertionteststep" name="Assertion display single start session fail" id="b9991eb8-05f3-4ef4-b257-9e041b0bc914">
    <con:settings/>
    <con:config xsi:type="con:AssertionTestStep" xmlns:xsi="http://www.w3.org/2001/XMLSchema-instance">
      <con:entry>
        <con:id>8b376fc7-edeb-48a5-80d5-4249202d1b86</con:id>
        <con:isGroup>false</con:isGroup>
        <con:sourceId>643f6eee-b234-403e-b857-c3640e709bcb</con:sourceId>
        <con:propertyName>res_httpStatus</con:propertyName>
        <con:assertion type="Simple Equals" name="Equals" id="5e7ee7ea-cec2-43e9-a489-829afbabf6eb">
          <con:configuration>
            <patternObjectId>a115145d-835f-4796-97e7-728d85beee81</patternObjectId>
            <patternProperty>httpStatusCode404</patternProperty>
            <caseSensitive>true</caseSensitive>
          </con:configuration>
        </con:assertion>
      </con:entry>
    </con:config>
  </con:testStep>
  <con:testStep type="transfer" name="Property Transfer 11" id="c5ec0b47-618e-4c0f-86da-11d867c01d31">
    <con:settings/>
    <con:config xsi:type="con:PropertyTransfersStep" xmlns:xsi="http://www.w3.org/2001/XMLSchema-instance">
      <con:transfers setNullOnMissingSource="true" transferTextContent="true" failOnError="true" ignoreEmpty="false" transferToAll="false" entitize="false" transferChildNodes="false">
        <con:name>biId</con:name>
        <con:sourceType>req_biId</con:sourceType>
        <con:sourceStep>Submit start session interaction</con:sourceStep>
        <con:sourcePath/>
        <con:targetType>req_biId</con:targetType>
        <con:targetStep>Display single START session business interaction</con:targetStep>
        <con:targetPath/>
        <con:upgraded>true</con:upgraded>
      </con:transfers>
    </con:config>
  </con:testStep>
  <con:testStep type="calltestcase" name="Display single START session business interaction" id="281ee59e-1ba5-46cf-ad48-5ee22b93f6c9">
    <con:settings/>
    <con:config xsi:type="con:RunTestCaseStep" xmlns:xsi="http://www.w3.org/2001/XMLSchema-instance">
      <con:targetTestCase>081f6fb1-0e77-4ec3-ae40-713ccc262871</con:targetTestCase>
      <con:properties>
        <con:property>
          <con:name>req_biId</con:name>
          <con:value>3591</con:value>
        </con:property>
        <con:property>
          <con:name>res_mainState</con:name>
          <con:value>Closed</con:value>
        </con:property>
        <con:property>
          <con:name>res_state</con:name>
          <con:value>Closed</con:value>
        </con:property>
        <con:property>
          <con:name>res_httpStatus</con:name>
          <con:value>200</con:value>
        </con:property>
        <con:property>
          <con:name>res_errorCode</con:name>
        </con:property>
        <con:property>
          <con:name>res_startDate</con:name>
        </con:property>
      </con:properties>
      <con:returnProperties>
        <con:entry>res_mainState</con:entry>
        <con:entry>res_state</con:entry>
        <con:entry>res_httpStatus</con:entry>
      </con:returnProperties>
      <con:runMode>PARALLELL</con:runMode>
    </con:config>
  </con:testStep>
  <con:testStep type="assertionteststep" name="Assertion display single start session success" id="fad94d49-c2ad-453f-9827-1c8502084707">
    <con:settings/>
    <con:config xsi:type="con:AssertionTestStep" xmlns:xsi="http://www.w3.org/2001/XMLSchema-instance">
      <con:entry>
        <con:id>27daf409-3d6f-45ba-bf7f-781643fb6e18</con:id>
        <con:isGroup>false</con:isGroup>
        <con:sourceId>281ee59e-1ba5-46cf-ad48-5ee22b93f6c9</con:sourceId>
        <con:propertyName>res_mainState</con:propertyName>
        <con:assertion type="Simple Equals" name="Equals" id="0d977ed5-4049-4fbd-98cc-aba9cd8c3f8d">
          <con:configuration>
            <patternObjectId>a115145d-835f-4796-97e7-728d85beee81</patternObjectId>
            <patternProperty>mainState</patternProperty>
            <caseSensitive>true</caseSensitive>
          </con:configuration>
        </con:assertion>
      </con:entry>
      <con:entry>
        <con:id>33f8cd44-13f0-4f1a-b979-7ed391d4ecc7</con:id>
        <con:isGroup>false</con:isGroup>
        <con:sourceId>281ee59e-1ba5-46cf-ad48-5ee22b93f6c9</con:sourceId>
        <con:propertyName>res_state</con:propertyName>
        <con:assertion type="Simple Equals" name="Equals 2" id="df7a5d78-adac-43ba-bd79-431d34b3e7ae">
          <con:configuration>
            <patternObjectId>a115145d-835f-4796-97e7-728d85beee81</patternObjectId>
            <patternProperty>state</patternProperty>
            <caseSensitive>true</caseSensitive>
          </con:configuration>
        </con:assertion>
      </con:entry>
    </con:config>
  </con:testStep>
  <con:testStep type="transfer" name="Property Transfer" id="d4080947-da45-4c83-80f9-440b6b267475">
    <con:settings/>
    <con:config xsi:type="con:PropertyTransfersStep" xmlns:xsi="http://www.w3.org/2001/XMLSchema-instance">
      <con:transfers setNullOnMissingSource="true" transferTextContent="true" failOnError="true" ignoreEmpty="false" transferToAll="false" entitize="false" transferChildNodes="false">
        <con:name>terminalId</con:name>
        <con:sourceType>res_terminalId</con:sourceType>
        <con:sourceStep>Create and submit sales org with user, inventory and terminal</con:sourceStep>
        <con:sourcePath/>
        <con:targetType>req_terminalId</con:targetType>
        <con:targetStep>Get single session by terminal id</con:targetStep>
        <con:targetPath/>
        <con:upgraded>true</con:upgraded>
      </con:transfers>
    </con:config>
  </con:testStep>
  <con:testStep type="calltestcase" name="Get single session by terminal id" id="e2f41ab0-b11b-4565-a166-b716d8449ae1">
    <con:settings/>
    <con:config xsi:type="con:RunTestCaseStep" xmlns:xsi="http://www.w3.org/2001/XMLSchema-instance">
      <con:targetTestCase>f34c1695-e9da-4f9d-a4e3-2a69c51dcac1</con:targetTestCase>
      <con:properties>
        <con:property>
          <con:name>req_terminalId</con:name>
          <con:value>39</con:value>
        </con:property>
        <con:property>
          <con:name>res_sessionId</con:name>
          <con:value>3601</con:value>
        </con:property>
        <con:property>
          <con:name>res_httpStatusCode</con:name>
          <con:value>200</con:value>
        </con:property>
      </con:properties>
      <con:returnProperties>
        <con:entry>res_sessionId</con:entry>
        <con:entry>res_httpStatusCode</con:entry>
      </con:returnProperties>
      <con:runMode>PARALLELL</con:runMode>
    </con:config>
  </con:testStep>
  <con:testStep type="assertionteststep" name="Assertion res_sessionId and res_httpStatusCode" id="d1a3f24c-75a6-4b3c-b02d-d86cb50dbc19">
    <con:settings/>
    <con:config xsi:type="con:AssertionTestStep" xmlns:xsi="http://www.w3.org/2001/XMLSchema-instance">
      <con:entry>
        <con:id>b6b4ae72-772b-48db-8cb6-ddf299816b1a</con:id>
        <con:isGroup>false</con:isGroup>
        <con:sourceId>e2f41ab0-b11b-4565-a166-b716d8449ae1</con:sourceId>
        <con:propertyName>res_sessionId</con:propertyName>
        <con:assertion type="Simple Contains" name="Contains" id="54cbc3d9-57b7-4f86-a6b9-de671d5771c1">
          <con:configuration>
            <token>\d+</token>
            <ignoreCase>false</ignoreCase>
            <useRegEx>true</useRegEx>
          </con:configuration>
        </con:assertion>
      </con:entry>
      <con:entry>
        <con:id>bd2a8cec-8fe7-4d27-8437-5a52f4d7d040</con:id>
        <con:isGroup>false</con:isGroup>
        <con:sourceId>e2f41ab0-b11b-4565-a166-b716d8449ae1</con:sourceId>
        <con:propertyName>res_httpStatusCode</con:propertyName>
        <con:assertion type="Simple Equals" name="Equals" id="50569d8d-cdf9-4ce7-b90e-dfac787580ee">
          <con:configuration>
            <patternObjectId>a115145d-835f-4796-97e7-728d85beee81</patternObjectId>
            <patternProperty>httpStatusCode200</patternProperty>
            <caseSensitive>true</caseSensitive>
          </con:configuration>
        </con:assertion>
      </con:entry>
    </con:config>
  </con:testStep>
  <con:testStep type="transfer" name="Set display products of session user" id="3723a1b2-ece2-4330-900d-84b84e86d958">
    <con:settings/>
    <con:config xsi:type="con:PropertyTransfersStep" xmlns:xsi="http://www.w3.org/2001/XMLSchema-instance">
      <con:transfers setNullOnMissingSource="true" transferTextContent="true" failOnError="true" ignoreEmpty="false" transferToAll="false" entitize="false" transferChildNodes="false">
        <con:name>sessionId</con:name>
        <con:sourceType>res_sessionId</con:sourceType>
        <con:sourceStep>Get single session by terminal id</con:sourceStep>
        <con:sourcePath/>
        <con:targetType>req_id</con:targetType>
        <con:targetStep>TODO: itest #1399271 | Display products of session user INTERNAL</con:targetStep>
        <con:targetPath/>
        <con:upgraded>true</con:upgraded>
      </con:transfers>
    </con:config>
  </con:testStep>
  <con:testStep type="calltestcase" name="TODO: itest #1399271 | Display products of session user INTERNAL" id="80bd78f4-7d26-4639-93c3-84d9496ef7db">
    <con:settings/>
    <con:config xsi:type="con:RunTestCaseStep" xmlns:xsi="http://www.w3.org/2001/XMLSchema-instance">
      <con:targetTestCase>d8edafcd-fcc2-44af-b9f1-32b1bf97f6e8</con:targetTestCase>
      <con:properties>
        <con:property>
          <con:name>req_id</con:name>
          <con:value>3601</con:value>
        </con:property>
        <con:property>
          <con:name>res_httpStatus</con:name>
          <con:value>200</con:value>
        </con:property>
        <con:property>
          <con:name>response</con:name>
          <con:value>[]</con:value>
        </con:property>
      </con:properties>
      <con:returnProperties>
        <con:entry>res_httpStatus</con:entry>
        <con:entry>response</con:entry>
      </con:returnProperties>
      <con:runMode>PARALLELL</con:runMode>
    </con:config>
  </con:testStep>
  <con:testStep type="transfer" name="Property Transfer 13" id="66ed4854-b54c-43af-8e80-d568cb270f71">
    <con:settings/>
    <con:config xsi:type="con:PropertyTransfersStep" xmlns:xsi="http://www.w3.org/2001/XMLSchema-instance">
      <con:transfers setNullOnMissingSource="true" transferTextContent="true" failOnError="true" ignoreEmpty="false" transferToAll="false" entitize="false" transferChildNodes="false">
        <con:name>sessionId</con:name>
        <con:sourceType>res_sessionId</con:sourceType>
        <con:sourceStep>Get single session by terminal id</con:sourceStep>
        <con:sourcePath/>
        <con:targetType>req_biId</con:targetType>
        <con:targetStep>Display initial session acount balance</con:targetStep>
        <con:targetPath/>
        <con:upgraded>true</con:upgraded>
      </con:transfers>
    </con:config>
  </con:testStep>
  <con:testStep type="calltestcase" name="Display initial session acount balance" id="745e1a91-674d-4279-864c-fb67f34ce83b">
    <con:settings/>
    <con:config xsi:type="con:RunTestCaseStep" xmlns:xsi="http://www.w3.org/2001/XMLSchema-instance">
      <con:targetTestCase>eb533557-4d69-406e-b55a-30321ff4b080</con:targetTestCase>
      <con:properties>
        <con:property>
          <con:name>req_biId</con:name>
          <con:value>3601</con:value>
        </con:property>
        <con:property>
          <con:name>res_initialSessionAcountBalance</con:name>
          <con:value>80</con:value>
        </con:property>
        <con:property>
          <con:name>res_notRoundedAmount</con:name>
          <con:value>0.0</con:value>
        </con:property>
        <con:property>
          <con:name>res_roundedAmount</con:name>
          <con:value>0.0</con:value>
        </con:property>
        <con:property>
          <con:name>res_currency</con:name>
          <con:value>EUR</con:value>
        </con:property>
        <con:property>
          <con:name>res_httpStatusCode</con:name>
          <con:value>200</con:value>
        </con:property>
      </con:properties>
      <con:returnProperties>
        <con:entry>res_initialSessionAcountBalance</con:entry>
        <con:entry>res_notRoundedAmount</con:entry>
        <con:entry>res_roundedAmount</con:entry>
        <con:entry>res_currency</con:entry>
        <con:entry>res_httpStatusCode</con:entry>
      </con:returnProperties>
      <con:runMode>PARALLELL</con:runMode>
    </con:config>
  </con:testStep>
  <con:testStep type="datagen" name="DataGen amount conversion" id="4fe94539-6e03-42ad-ade9-eaf60322d272">
    <con:settings/>
    <con:config xsi:type="con:DataGeneratorStep" xmlns:xsi="http://www.w3.org/2001/XMLSchema-instance">
      <con:property type="Script">
        <con:configuration>
          <script>def res_roundedAmount = context.expand( '${Display initial session acount balance#res_roundedAmount}' )

if (!res_roundedAmount.contains(".")) {
testRunner.testCase.testSteps['Display initial session acount balance'].setPropertyValue("res_roundedAmount",res_roundedAmount + ".0");
}</script>
        </con:configuration>
        <con:name>roundedAmount</con:name>
        <con:mode>STEP</con:mode>
        <con:shared>false</con:shared>
      </con:property>
      <con:property type="Script">
        <con:configuration>
          <script>def res_notRoundedAmount = context.expand( '${Display initial session acount balance#res_notRoundedAmount}' )

if (!res_notRoundedAmount.contains(".")) {
testRunner.testCase.testSteps['Display initial session acount balance'].setPropertyValue("res_notRoundedAmount",res_notRoundedAmount + ".0");
}</script>
        </con:configuration>
        <con:name>notRoundedAmount</con:name>
        <con:mode>STEP</con:mode>
        <con:shared>false</con:shared>
      </con:property>
    </con:config>
  </con:testStep>
  <con:testStep type="assertionteststep" name="Assertion initial account balance is displayed successfully" id="f5065829-3b3d-468f-a7c1-968f0b30193d">
    <con:settings/>
    <con:config xsi:type="con:AssertionTestStep" xmlns:xsi="http://www.w3.org/2001/XMLSchema-instance">
      <con:entry>
        <con:id>be35330f-6127-46ff-b9b6-af8d13e1dc20</con:id>
        <con:isGroup>false</con:isGroup>
        <con:sourceId>745e1a91-674d-4279-864c-fb67f34ce83b</con:sourceId>
        <con:propertyName>res_initialSessionAcountBalance</con:propertyName>
        <con:assertion type="Simple Contains" name="Contains" id="5a139b61-64c4-4f88-9dc7-b893e9fd469a">
          <con:configuration>
            <token>\d+</token>
            <ignoreCase>false</ignoreCase>
            <useRegEx>true</useRegEx>
          </con:configuration>
        </con:assertion>
      </con:entry>
      <con:entry>
        <con:id>01d821c2-7575-439e-9334-3e2be80c9973</con:id>
        <con:isGroup>false</con:isGroup>
        <con:sourceId>745e1a91-674d-4279-864c-fb67f34ce83b</con:sourceId>
        <con:propertyName>res_notRoundedAmount</con:propertyName>
        <con:assertion type="Simple Equals" name="Equals" id="37875a33-0812-4b3b-84df-19913035d53d">
          <con:configuration>
            <patternObjectId>a115145d-835f-4796-97e7-728d85beee81</patternObjectId>
            <patternProperty>zeroAmount</patternProperty>
            <caseSensitive>true</caseSensitive>
          </con:configuration>
        </con:assertion>
      </con:entry>
      <con:entry>
        <con:id>db5391ac-c2d9-4433-a21c-e2aaf5f62186</con:id>
        <con:isGroup>false</con:isGroup>
        <con:sourceId>745e1a91-674d-4279-864c-fb67f34ce83b</con:sourceId>
        <con:propertyName>res_roundedAmount</con:propertyName>
        <con:assertion type="Simple Equals" name="Equals 2" id="16aaf604-19f8-4710-a3ce-e12538140bdd">
          <con:configuration>
            <patternObjectId>a115145d-835f-4796-97e7-728d85beee81</patternObjectId>
            <patternProperty>zeroAmount</patternProperty>
            <caseSensitive>true</caseSensitive>
          </con:configuration>
        </con:assertion>
      </con:entry>
      <con:entry>
        <con:id>208ef8c7-0758-4e57-b1b5-02f17c4fece0</con:id>
        <con:isGroup>false</con:isGroup>
        <con:sourceId>745e1a91-674d-4279-864c-fb67f34ce83b</con:sourceId>
        <con:propertyName>res_currency</con:propertyName>
        <con:assertion type="Simple Equals" name="Equals 3" id="10a09e99-a013-4180-90ea-d99b4d4c5673">
          <con:configuration>
            <patternObjectId>a115145d-835f-4796-97e7-728d85beee81</patternObjectId>
            <patternProperty>currencyEUR</patternProperty>
            <caseSensitive>true</caseSensitive>
          </con:configuration>
        </con:assertion>
      </con:entry>
      <con:entry>
        <con:id>27692ddf-5736-48f2-8dd9-4494b1e6c64d</con:id>
        <con:isGroup>false</con:isGroup>
        <con:sourceId>745e1a91-674d-4279-864c-fb67f34ce83b</con:sourceId>
        <con:propertyName>res_httpStatusCode</con:propertyName>
        <con:assertion type="Simple Equals" name="Equals 4" id="59b44353-4d44-4903-bd0b-9a1841889c02">
          <con:configuration>
            <patternObjectId>a115145d-835f-4796-97e7-728d85beee81</patternObjectId>
            <patternProperty>httpStatusCode200</patternProperty>
            <caseSensitive>true</caseSensitive>
          </con:configuration>
        </con:assertion>
      </con:entry>
    </con:config>
  </con:testStep>
  <con:testStep type="transfer" name="Set display non-exist single session with detail INTERNAL" id="f2132de4-693b-40da-ade2-0edf48878e46">
    <con:settings/>
    <con:config xsi:type="con:PropertyTransfersStep" xmlns:xsi="http://www.w3.org/2001/XMLSchema-instance">
      <con:transfers setNullOnMissingSource="true" transferTextContent="true" failOnError="true" ignoreEmpty="false" transferToAll="false" entitize="false" transferChildNodes="false">
        <con:name>sessionId</con:name>
        <con:sourceType>biIdDoesNotExist</con:sourceType>
        <con:sourceStep>Properties</con:sourceStep>
        <con:sourcePath/>
        <con:targetType>req_id</con:targetType>
        <con:targetStep>Display non-exist single session with detail INTERNAL</con:targetStep>
        <con:targetPath/>
        <con:upgraded>true</con:upgraded>
      </con:transfers>
    </con:config>
  </con:testStep>
  <con:testStep type="calltestcase" name="Display non-exist single session with detail INTERNAL" id="a1109bb3-8640-41c3-b68e-8c4deaaef186">
    <con:settings/>
    <con:config xsi:type="con:RunTestCaseStep" xmlns:xsi="http://www.w3.org/2001/XMLSchema-instance">
      <con:targetTestCase>13abe5b0-9500-4e14-baa1-1f8d7610ed04</con:targetTestCase>
      <con:properties>
        <con:property>
          <con:name>req_id</con:name>
          <con:value>0</con:value>
        </con:property>
        <con:property>
          <con:name>res_status</con:name>
          <con:value>404</con:value>
        </con:property>
        <con:property>
          <con:name>res_errorMessage</con:name>
          <con:value>Result set is empty</con:value>
        </con:property>
        <con:property>
          <con:name>response</con:name>
        </con:property>
      </con:properties>
      <con:returnProperties>
        <con:entry>res_status</con:entry>
        <con:entry>res_errorMessage</con:entry>
      </con:returnProperties>
      <con:runMode>PARALLELL</con:runMode>
    </con:config>
  </con:testStep>
  <con:testStep type="assertionteststep" name="Assertion result set is empty error" id="46332bd1-0ffd-409e-98bf-48774544e857">
    <con:settings/>
    <con:config xsi:type="con:AssertionTestStep" xmlns:xsi="http://www.w3.org/2001/XMLSchema-instance">
      <con:entry>
        <con:id>6dca3845-9595-4e12-9d74-f59f09a55f70</con:id>
        <con:isGroup>false</con:isGroup>
        <con:sourceId>a1109bb3-8640-41c3-b68e-8c4deaaef186</con:sourceId>
        <con:propertyName>res_status</con:propertyName>
        <con:assertion type="Simple Equals" name="Equals" id="91b4d02c-f0e1-4b55-8c8c-84eac64b0520">
          <con:configuration>
            <patternObjectId>a115145d-835f-4796-97e7-728d85beee81</patternObjectId>
            <patternProperty>httpStatusCode404</patternProperty>
            <caseSensitive>true</caseSensitive>
          </con:configuration>
        </con:assertion>
      </con:entry>
      <con:entry>
        <con:id>7e646fdb-7207-41ef-929f-962171ec0e9f</con:id>
        <con:isGroup>false</con:isGroup>
        <con:sourceId>a1109bb3-8640-41c3-b68e-8c4deaaef186</con:sourceId>
        <con:propertyName>res_errorMessage</con:propertyName>
        <con:assertion type="Simple Equals" name="Equals 2" id="7a70f84e-9cf8-437d-8555-0d1b0697b69e">
          <con:configuration>
            <patternObjectId>a115145d-835f-4796-97e7-728d85beee81</patternObjectId>
            <patternProperty>errorMessageResourceNotFound</patternProperty>
            <caseSensitive>true</caseSensitive>
          </con:configuration>
        </con:assertion>
      </con:entry>
    </con:config>
  </con:testStep>
  <con:testStep type="transfer" name="Set display single session with detail INTERNAL" id="583804f4-9626-45d2-b876-2d8ba7067996">
    <con:settings/>
    <con:config xsi:type="con:PropertyTransfersStep" xmlns:xsi="http://www.w3.org/2001/XMLSchema-instance">
      <con:transfers setNullOnMissingSource="true" transferTextContent="true" failOnError="true" ignoreEmpty="false" transferToAll="false" entitize="false" transferChildNodes="false">
        <con:name>sessionId</con:name>
        <con:sourceType>res_sessionId</con:sourceType>
        <con:sourceStep>Get single session by terminal id</con:sourceStep>
        <con:sourcePath/>
        <con:targetType>req_id</con:targetType>
        <con:targetStep>Display single session with detail INTERNAL</con:targetStep>
        <con:targetPath/>
        <con:upgraded>true</con:upgraded>
      </con:transfers>
    </con:config>
  </con:testStep>
  <con:testStep type="calltestcase" name="Display single session with detail INTERNAL" id="7a175b64-351f-49f8-8d03-8796ff0f0f04">
    <con:settings/>
    <con:config xsi:type="con:RunTestCaseStep" xmlns:xsi="http://www.w3.org/2001/XMLSchema-instance">
      <con:targetTestCase>13abe5b0-9500-4e14-baa1-1f8d7610ed04</con:targetTestCase>
      <con:properties>
        <con:property>
          <con:name>req_id</con:name>
          <con:value>3601</con:value>
        </con:property>
        <con:property>
          <con:name>res_status</con:name>
          <con:value>200</con:value>
        </con:property>
        <con:property>
          <con:name>res_errorMessage</con:name>
        </con:property>
        <con:property>
          <con:name>response</con:name>
          <con:value>{"id":3601,"mainState":2,"terminalName":"terminal-7e028d16-f386-4389-861f-89be7e1af5ec","salesOrganizationRoleName":"name-so-eb485b60-59b2-44ce-84b4-5a856470c2b3","userName":"John Smith","startDate":"2018-03-12T20:30:04+0300","createdDate":"2018-03-12T20:30:04+0300","code":"SES-3601"}</con:value>
        </con:property>
      </con:properties>
      <con:returnProperties>
        <con:entry>res_status</con:entry>
        <con:entry>response</con:entry>
      </con:returnProperties>
      <con:runMode>PARALLELL</con:runMode>
    </con:config>
  </con:testStep>
  <con:testStep type="assertionteststep" name="Assertion session with detailed displayed successfully" id="04a76962-4f4d-4a85-b33c-76a4cda70dfb">
    <con:settings/>
    <con:config xsi:type="con:AssertionTestStep" xmlns:xsi="http://www.w3.org/2001/XMLSchema-instance">
      <con:entry>
        <con:id>4aa1b203-2d4a-460f-8208-9bc7f434b75d</con:id>
        <con:isGroup>false</con:isGroup>
        <con:sourceId>7a175b64-351f-49f8-8d03-8796ff0f0f04</con:sourceId>
        <con:propertyName>res_status</con:propertyName>
        <con:assertion type="Simple Equals" name="Equals" id="efa795bd-f53d-4584-932e-99b0fe1dd7dc">
          <con:configuration>
            <patternObjectId>a115145d-835f-4796-97e7-728d85beee81</patternObjectId>
            <patternProperty>httpStatusCode200</patternProperty>
            <caseSensitive>true</caseSensitive>
          </con:configuration>
        </con:assertion>
      </con:entry>
      <con:entry>
        <con:id>d2af63c1-678a-4336-8604-dff9f7e37748</con:id>
        <con:isGroup>false</con:isGroup>
        <con:sourceId>7a175b64-351f-49f8-8d03-8796ff0f0f04</con:sourceId>
        <con:propertyName>response</con:propertyName>
        <con:assertion type="Simple Contains" name="Contains" id="defea583-409f-421b-a744-3451e38c5571">
          <con:configuration>
            <token>\w+</token>
            <ignoreCase>false</ignoreCase>
            <useRegEx>true</useRegEx>
          </con:configuration>
        </con:assertion>
      </con:entry>
    </con:config>
  </con:testStep>
  <con:testStep type="calltestcase" name="Display all sessions INTERNAL" id="2b936315-432f-4bf5-b928-76ad86bcc5e0">
    <con:settings/>
    <con:config xsi:type="con:RunTestCaseStep" xmlns:xsi="http://www.w3.org/2001/XMLSchema-instance">
      <con:targetTestCase>366151d3-6ded-4a75-acad-e50d9981eb69</con:targetTestCase>
      <con:properties>
        <con:property>
          <con:name>res_httpStatusCode</con:name>
          <con:value>200</con:value>
        </con:property>
        <con:property>
          <con:name>res_body</con:name>
          <con:value>[{"startDate":"2018-03-12T20:30:04+0300","terminal":{"id":39,"externalId":"terminal-7e028d16-f386-4389-861f-89be7e1af5ec","salesOrganization":{"siteId":"1","isPublic":false,"id":160,"externalId":"so-eb485b60-59b2-44ce-84b4-5a856470c2b3","party":{"name":"name-so-eb485b60-59b2-44ce-84b4-5a856470c2b3","id":120,"partyType":2,"dynamicMap":{},"type":"com.ericsson.bss.rm.erms.core.entity.dto.party.OrganizationDTO"},"partyRoleSpec":{"placeUsageType":0,"id":127,"name":"sos-28805a11-36dc-45d1-81cc-9952e7b60c1f","dynamicMap":{},"type":"com.ericsson.bss.rm.erms.core.entity.dto.salesorganization.SalesOrganizationRoleSpecDTO"},"name":"name-so-eb485b60-59b2-44ce-84b4-5a856470c2b3","status":1,"partyRoleType":8,"partyInteractionRoleId":318,"href":"/v1/centralWarehouseRole/160","dynamicMap":{},"type":"com.ericsson.bss.rm.erms.core.entity.dto.salesorganization.CentralWarehouseDTO"},"name":"terminal-7e028d16-f386-4389-861f-89be7e1af5ec","status":1,"href":"/v1/terminal/39","dynamicMap":{},"type":"com.ericsson.bss.rm.erms.core.entity.dto.salesorganization.TerminalDTO"},"businessInteractionType":7,"code":"SES-3601","description":"Session, [null] on [terminal-7e028d16-f386-4389-861f-89be7e1af5ec]","mainState":2,"state":6,"createdDate":"2018-03-12T17:30:04+0000","businessInteractionSpec":{"id":31,"journaled":true,"name":"Create session sub bi spec for start session bi","specificationType":0,"allowSubmitBIWithoutItem":true,"requiresSession":false,"code":"START_SESSION_CREATE_SESSION","requiresActiveSO":false,"biOperationAllowedWhenSOSuspended":false,"reserveAllNonSerializedSpec":false,"allowStockLevelNegative":false,"dynamicMap":{},"type":"com.ericsson.bss.rm.erms.core.entity.dto.bi.BusinessInteractionSpecDTO"},"createdByUserId":"162","createdBySalesOrganizationId":"160","createdForSalesOrganizationRoleId":"160","preventUpdateFromOtherSystem":false,"items":[],"isLocked":false,"businessInteractionRoleId1":321,"businessInteractionRoleId2":318,"businessInteractionRoleId3":318,"id":3601,"dynamicMap":{},"type":"com.ericsson.bss.rm.erms.core.entity.dto.bi.session.SessionBIDTO"},{"startDate":"2018-03-12T20:28:29+0300","terminal":{"id":37,"externalId":"terminal-f049899a-1068-4921-99ce-c3649adda038","salesOrganization":{"siteId":"1","isPublic":false,"id":152,"externalId":"so-0e2f3685-9738-4b3b-9ae2-44b991adaa55","party":{"name":"name-so-0e2f3685-9738-4b3b-9ae2-44b991adaa55","id":114,"partyType":2,"dynamicMap":{},"type":"com.ericsson.bss.rm.erms.core.entity.dto.party.OrganizationDTO"},"partyRoleSpec":{"placeUsageType":0,"id":121,"name":"sos-54f7596a-b110-4647-adb8-797893bbaef0","dynamicMap":{},"type":"com.ericsson.bss.rm.erms.core.entity.dto.salesorganization.SalesOrganizationRoleSpecDTO"},"name":"name-so-0e2f3685-9738-4b3b-9ae2-44b991adaa55","status":1,"partyRoleType":8,"partyInteractionRoleId":302,"href":"/v1/centralWarehouseRole/152","dynamicMap":{},"type":"com.ericsson.bss.rm.erms.core.entity.dto.salesorganization.CentralWarehouseDTO"},"name":"terminal-f049899a-1068-4921-99ce-c3649adda038","status":1,"href":"/v1/terminal/37","dynamicMap":{},"type":"com.ericsson.bss.rm.erms.core.entity.dto.salesorganization.TerminalDTO"},"businessInteractionType":7,"code":"SES-3451","description":"Session, [name-so-0e2f3685-9738-4b3b-9ae2-44b991adaa55] on [terminal-f049899a-1068-4921-99ce-c3649adda038]","mainState":2,"state":6,"createdDate":"2018-03-12T17:28:29+0000","businessInteractionSpec":{"id":31,"journaled":true,"name":"Create session sub bi spec for start session bi","specificationType":0,"allowSubmitBIWithoutItem":true,"requiresSession":false,"code":"START_SESSION_CREATE_SESSION","requiresActiveSO":false,"biOperationAllowedWhenSOSuspended":false,"reserveAllNonSerializedSpec":false,"allowStockLevelNegative":false,"dynamicMap":{},"type":"com.ericsson.bss.rm.erms.core.entity.dto.bi.BusinessInteractionSpecDTO"},"createdByUserId":"154","createdBySalesOrganizationId":"152","createdForSalesOrganizationRoleId":"152","preventUpdateFromOtherSystem":false,"items":[],"isLocked":false,"businessInteractionRoleId1":305,"businessInteractionRoleId2":302,"businessInteractionRoleId3":302,"id":3451,"dynamicMap":{},"type":"com.ericsson.bss.rm.erms.core.entity.dto.bi.session.SessionBIDTO"},{"startDate":"2018-03-12T20:27:30+0300","terminal":{"id":36,"externalId":"taaf9653b-4232-4555-8524-364de72b7c10","salesOrganization":{"siteId":"1","isPublic":false,"id":148,"externalId":"sd864cc22-3d25-4637-8ca4-6911b96f2042","party":{"name":"name-sd864cc22-3d25-4637-8ca4-6911b96f2042","id":111,"partyType":2,"dynamicMap":{},"type":"com.ericsson.bss.rm.erms.core.entity.dto.party.OrganizationDTO"},"partyRoleSpec":{"placeUsageType":0,"id":118,"name":"sos-9e52a2fb-280b-4de6-a28c-594c113d3a88","dynamicMap":{},"type":"com.ericsson.bss.rm.erms.core.entity.dto.salesorganization.SalesOrganizationRoleSpecDTO"},"name":"name-sd864cc22-3d25-4637-8ca4-6911b96f2042","status":1,"partyRoleType":8,"partyInteractionRoleId":293,"href":"/v1/centralWarehouseRole/148","dynamicMap":{},"type":"com.ericsson.bss.rm.erms.core.entity.dto.salesorganization.CentralWarehouseDTO"},"name":"taaf9653b-4232-4555-8524-364de72b7c10","status":1,"href":"/v1/terminal/36","dynamicMap":{},"type":"com.ericsson.bss.rm.erms.core.entity.dto.salesorganization.TerminalDTO"},"businessInteractionType":7,"code":"SES-3281","description":"Session, [null] on [taaf9653b-4232-4555-8524-364de72b7c10]","mainState":2,"state":6,"createdDate":"2018-03-12T17:27:30+0000","businessInteractionSpec":{"id":31,"journaled":true,"name":"Create session sub bi spec for start session bi","specificationType":0,"allowSubmitBIWithoutItem":true,"requiresSession":false,"code":"START_SESSION_CREATE_SESSION","requiresActiveSO":false,"biOperationAllowedWhenSOSuspended":false,"reserveAllNonSerializedSpec":false,"allowStockLevelNegative":false,"dynamicMap":{},"type":"com.ericsson.bss.rm.erms.core.entity.dto.bi.BusinessInteractionSpecDTO"},"createdByUserId":"150","createdBySalesOrganizationId":"148","createdForSalesOrganizationRoleId":"148","preventUpdateFromOtherSystem":false,"items":[],"isLocked":false,"businessInteractionRoleId1":296,"businessInteractionRoleId2":293,"businessInteractionRoleId3":293,"id":3281,"dynamicMap":{},"type":"com.ericsson.bss.rm.erms.core.entity.dto.bi.session.SessionBIDTO"},{"startDate":"2018-03-12T20:25:36+0300","terminal":{"id":35,"externalId":"te80c8ece-aba2-4cc5-8b82-48f7b8f73acf","salesOrganization":{"siteId":"1","isPublic":false,"id":144,"externalId":"s23dc49bb-00c6-4ed5-a1af-a042c20f9b9d","party":{"name":"name-s23dc49bb-00c6-4ed5-a1af-a042c20f9b9d","id":108,"partyType":2,"dynamicMap":{},"type":"com.ericsson.bss.rm.erms.core.entity.dto.party.OrganizationDTO"},"partyRoleSpec":{"placeUsageType":0,"id":115,"name":"sos-82674975-0f32-446b-800d-b857a4bc3e99","dynamicMap":{},"type":"com.ericsson.bss.rm.erms.core.entity.dto.salesorganization.SalesOrganizationRoleSpecDTO"},"name":"name-s23dc49bb-00c6-4ed5-a1af-a042c20f9b9d","status":1,"partyRoleType":8,"partyInteractionRoleId":284,"href":"/v1/centralWarehouseRole/144","dynamicMap":{},"type":"com.ericsson.bss.rm.erms.core.entity.dto.salesorganization.CentralWarehouseDTO"},"name":"te80c8ece-aba2-4cc5-8b82-48f7b8f73acf","status":1,"href":"/v1/terminal/35","dynamicMap":{},"type":"com.ericsson.bss.rm.erms.core.entity.dto.salesorganization.TerminalDTO"},"businessInteractionType":7,"code":"SES-3151","description":"Session, [null] on [te80c8ece-aba2-4cc5-8b82-48f7b8f73acf]","mainState":2,"state":6,"createdDate":"2018-03-12T17:25:36+0000","businessInteractionSpec":{"id":31,"journaled":true,"name":"Create session sub bi spec for start session bi","specificationType":0,"allowSubmitBIWithoutItem":true,"requiresSession":false,"code":"START_SESSION_CREATE_SESSION","requiresActiveSO":false,"biOperationAllowedWhenSOSuspended":false,"reserveAllNonSerializedSpec":false,"allowStockLevelNegative":false,"dynamicMap":{},"type":"com.ericsson.bss.rm.erms.core.entity.dto.bi.BusinessInteractionSpecDTO"},"createdByUserId":"146","createdBySalesOrganizationId":"144","createdForSalesOrganizationRoleId":"144","preventUpdateFromOtherSystem":false,"items":[],"isLocked":false,"businessInteractionRoleId1":287,"businessInteractionRoleId2":284,"businessInteractionRoleId3":284,"id":3151,"dynamicMap":{},"type":"com.ericsson.bss.rm.erms.core.entity.dto.bi.session.SessionBIDTO"},{"startDate":"2018-03-12T20:25:25+0300","terminal":{"id":34,"externalId":"terminal-3daa92cf-1a28-46cf-ac47-66ee99d3defd","salesOrganization":{"siteId":"1","isPublic":false,"id":140,"externalId":"so-8979c9a7-e0eb-40ae-b05f-2a054009a5e9","party":{"name":"name-so-8979c9a7-e0eb-40ae-b05f-2a054009a5e9","id":105,"partyType":2,"dynamicMap":{},"type":"com.ericsson.bss.rm.erms.core.entity.dto.party.OrganizationDTO"},"partyRoleSpec":{"placeUsageType":0,"id":112,"name":"sos-d09551fb-d401-4d12-9096-2b4faf4f389d","dynamicMap":{},"type":"com.ericsson.bss.rm.erms.core.entity.dto.salesorganization.SalesOrganizationRoleSpecDTO"},"name":"name-so-8979c9a7-e0eb-40ae-b05f-2a054009a5e9","status":1,"partyRoleType":8,"partyInteractionRoleId":275,"href":"/v1/centralWarehouseRole/140","dynamicMap":{},"type":"com.ericsson.bss.rm.erms.core.entity.dto.salesorganization.CentralWarehouseDTO"},"name":"terminal-3daa92cf-1a28-46cf-ac47-66ee99d3defd","status":1,"href":"/v1/terminal/34","dynamicMap":{},"type":"com.ericsson.bss.rm.erms.core.entity.dto.salesorganization.TerminalDTO"},"businessInteractionType":7,"code":"SES-3031","description":"Session, [John Smith] on [terminal-3daa92cf-1a28-46cf-ac47-66ee99d3defd]","mainState":2,"state":6,"createdDate":"2018-03-12T17:25:25+0000","businessInteractionSpec":{"id":31,"journaled":true,"name":"Create session sub bi spec for start session bi","specificationType":0,"allowSubmitBIWithoutItem":true,"requiresSession":false,"code":"START_SESSION_CREATE_SESSION","requiresActiveSO":false,"biOperationAllowedWhenSOSuspended":false,"reserveAllNonSerializedSpec":false,"allowStockLevelNegative":false,"dynamicMap":{},"type":"com.ericsson.bss.rm.erms.core.entity.dto.bi.BusinessInteractionSpecDTO"},"createdByUserId":"142","createdBySalesOrganizationId":"140","createdForSalesOrganizationRoleId":"140","preventUpdateFromOtherSystem":false,"items":[],"isLocked":false,"businessInteractionRoleId1":278,"businessInteractionRoleId2":275,"businessInteractionRoleId3":275,"id":3031,"dynamicMap":{},"type":"com.ericsson.bss.rm.erms.core.entity.dto.bi.session.SessionBIDTO"},{"startDate":"2018-03-12T20:12:59+0300","terminal":{"id":17,"externalId":"terminal-a4217dc4-10e1-4850-9805-1d5f193ad065","salesOrganization":{"siteId":"1","isPublic":false,"id":70,"externalId":"so-cea47830-604b-4a0e-a4f2-d60dd0a3e426","party":{"name":"name-so-cea47830-604b-4a0e-a4f2-d60dd0a3e426","id":53,"partyType":2,"dynamicMap":{},"type":"com.ericsson.bss.rm.erms.core.entity.dto.party.OrganizationDTO"},"partyRoleSpec":{"placeUsageType":0,"id":60,"name":"sos-1b2a4db5-00b0-4ffa-9e43-26dd6856a6a5","dynamicMap":{},"type":"com.ericsson.bss.rm.erms.core.entity.dto.salesorganization.SalesOrganizationRoleSpecDTO"},"name":"name-so-cea47830-604b-4a0e-a4f2-d60dd0a3e426","status":1,"partyRoleType":8,"partyInteractionRoleId":146,"href":"/v1/centralWarehouseRole/70","dynamicMap":{},"type":"com.ericsson.bss.rm.erms.core.entity.dto.salesorganization.CentralWarehouseDTO"},"name":"terminal-a4217dc4-10e1-4850-9805-1d5f193ad065","status":1,"href":"/v1/terminal/17","dynamicMap":{},"type":"com.ericsson.bss.rm.erms.core.entity.dto.salesorganization.TerminalDTO"},"businessInteractionType":7,"code":"SES-1841","description":"Session, [null] on [terminal-a4217dc4-10e1-4850-9805-1d5f193ad065]","mainState":2,"state":6,"createdDate":"2018-03-12T17:12:59+0000","businessInteractionSpec":{"id":31,"journaled":true,"name":"Create session sub bi spec for start session bi","specificationType":0,"allowSubmitBIWithoutItem":true,"requiresSession":false,"code":"START_SESSION_CREATE_SESSION","requiresActiveSO":false,"biOperationAllowedWhenSOSuspended":false,"reserveAllNonSerializedSpec":false,"allowStockLevelNegative":false,"dynamicMap":{},"type":"com.ericsson.bss.rm.erms.core.entity.dto.bi.BusinessInteractionSpecDTO"},"createdByUserId":"72","createdBySalesOrganizationId":"70","createdForSalesOrganizationRoleId":"70","preventUpdateFromOtherSystem":false,"items":[],"isLocked":false,"businessInteractionRoleId1":149,"businessInteractionRoleId2":146,"businessInteractionRoleId3":146,"id":1841,"dynamicMap":{},"type":"com.ericsson.bss.rm.erms.core.entity.dto.bi.session.SessionBIDTO"},{"startDate":"2018-03-12T20:11:57+0300","terminal":{"id":16,"externalId":"terminal-7f4908fe-6e71-43d0-b37b-cb9113864e9f","salesOrganization":{"siteId":"1","isPublic":false,"id":66,"externalId":"so-38190d2b-ba1c-453a-bced-1f9f4d2ff024","party":{"name":"name-so-38190d2b-ba1c-453a-bced-1f9f4d2ff024","id":50,"partyType":2,"dynamicMap":{},"type":"com.ericsson.bss.rm.erms.core.entity.dto.party.OrganizationDTO"},"partyRoleSpec":{"placeUsageType":0,"id":57,"name":"sos-000f8004-bb6f-494a-a181-3360f5381cee","dynamicMap":{},"type":"com.ericsson.bss.rm.erms.core.entity.dto.salesorganization.SalesOrganizationRoleSpecDTO"},"name":"name-so-38190d2b-ba1c-453a-bced-1f9f4d2ff024","status":1,"partyRoleType":8,"partyInteractionRoleId":137,"href":"/v1/centralWarehouseRole/66","dynamicMap":{},"type":"com.ericsson.bss.rm.erms.core.entity.dto.salesorganization.CentralWarehouseDTO"},"name":"terminal-7f4908fe-6e71-43d0-b37b-cb9113864e9f","status":1,"href":"/v1/terminal/16","dynamicMap":{},"type":"com.ericsson.bss.rm.erms.core.entity.dto.salesorganization.TerminalDTO"},"businessInteractionType":7,"code":"SES-1751","description":"Session, [null] on [terminal-7f4908fe-6e71-43d0-b37b-cb9113864e9f]","mainState":2,"state":6,"createdDate":"2018-03-12T17:11:57+0000","businessInteractionSpec":{"id":31,"journaled":true,"name":"Create session sub bi spec for start session bi","specificationType":0,"allowSubmitBIWithoutItem":true,"requiresSession":false,"code":"START_SESSION_CREATE_SESSION","requiresActiveSO":false,"biOperationAllowedWhenSOSuspended":false,"reserveAllNonSerializedSpec":false,"allowStockLevelNegative":false,"dynamicMap":{},"type":"com.ericsson.bss.rm.erms.core.entity.dto.bi.BusinessInteractionSpecDTO"},"createdByUserId":"68","createdBySalesOrganizationId":"66","createdForSalesOrganizationRoleId":"66","preventUpdateFromOtherSystem":false,"items":[],"isLocked":false,"businessInteractionRoleId1":140,"businessInteractionRoleId2":137,"businessInteractionRoleId3":137,"id":1751,"dynamicMap":{},"type":"com.ericsson.bss.rm.erms.core.entity.dto.bi.session.SessionBIDTO"},{"startDate":"2018-03-12T20:10:04+0300","terminal":{"id":15,"externalId":"terminal-78352c30-7199-457e-b474-fb321bbee6a5","salesOrganization":{"siteId":"1","isPublic":false,"id":62,"externalId":"so-4324954b-bafd-48e0-89a1-5c6b9b0b5a47","party":{"name":"name-so-4324954b-bafd-48e0-89a1-5c6b9b0b5a47","id":47,"partyType":2,"dynamicMap":{},"type":"com.ericsson.bss.rm.erms.core.entity.dto.party.OrganizationDTO"},"partyRoleSpec":{"placeUsageType":0,"id":54,"name":"sos-e3472b0e-338e-4410-b56d-3f71a4c29756","dynamicMap":{},"type":"com.ericsson.bss.rm.erms.core.entity.dto.salesorganization.SalesOrganizationRoleSpecDTO"},"name":"name-so-4324954b-bafd-48e0-89a1-5c6b9b0b5a47","status":1,"partyRoleType":8,"partyInteractionRoleId":128,"href":"/v1/centralWarehouseRole/62","dynamicMap":{},"type":"com.ericsson.bss.rm.erms.core.entity.dto.salesorganization.CentralWarehouseDTO"},"name":"terminal-78352c30-7199-457e-b474-fb321bbee6a5","status":1,"href":"/v1/terminal/15","dynamicMap":{},"type":"com.ericsson.bss.rm.erms.core.entity.dto.salesorganization.TerminalDTO"},"businessInteractionType":7,"code":"SES-1651","description":"Session, [John Smith] on [terminal-78352c30-7199-457e-b474-fb321bbee6a5]","mainState":2,"state":6,"createdDate":"2018-03-12T17:10:04+0000","businessInteractionSpec":{"id":31,"journaled":true,"name":"Create session sub bi spec for start session bi","specificationType":0,"allowSubmitBIWithoutItem":true,"requiresSession":false,"code":"START_SESSION_CREATE_SESSION","requiresActiveSO":false,"biOperationAllowedWhenSOSuspended":false,"reserveAllNonSerializedSpec":false,"allowStockLevelNegative":false,"dynamicMap":{},"type":"com.ericsson.bss.rm.erms.core.entity.dto.bi.BusinessInteractionSpecDTO"},"createdByUserId":"64","createdBySalesOrganizationId":"62","createdForSalesOrganizationRoleId":"62","preventUpdateFromOtherSystem":false,"items":[],"isLocked":false,"businessInteractionRoleId1":131,"businessInteractionRoleId2":128,"businessInteractionRoleId3":128,"id":1651,"dynamicMap":{},"type":"com.ericsson.bss.rm.erms.core.entity.dto.bi.session.SessionBIDTO"},{"startDate":"2018-03-12T20:06:50+0300","terminal":{"id":14,"externalId":"terminal-227832ea-df47-4ae5-9003-b373875ec3ba","salesOrganization":{"siteId":"1","isPublic":false,"id":58,"externalId":"so-7e5bb40c-a462-4254-8999-013e1bbdc8f5","party":{"name":"name-so-7e5bb40c-a462-4254-8999-013e1bbdc8f5","id":44,"partyType":2,"dynamicMap":{},"type":"com.ericsson.bss.rm.erms.core.entity.dto.party.OrganizationDTO"},"partyRoleSpec":{"placeUsageType":0,"id":51,"name":"sos-236070b3-687f-473b-b1a3-032588efa6b3","dynamicMap":{},"type":"com.ericsson.bss.rm.erms.core.entity.dto.salesorganization.SalesOrganizationRoleSpecDTO"},"name":"name-so-7e5bb40c-a462-4254-8999-013e1bbdc8f5","status":1,"partyRoleType":8,"partyInteractionRoleId":119,"href":"/v1/centralWarehouseRole/58","dynamicMap":{},"type":"com.ericsson.bss.rm.erms.core.entity.dto.salesorganization.CentralWarehouseDTO"},"name":"terminal-227832ea-df47-4ae5-9003-b373875ec3ba","status":1,"href":"/v1/terminal/14","dynamicMap":{},"type":"com.ericsson.bss.rm.erms.core.entity.dto.salesorganization.TerminalDTO"},"businessInteractionType":7,"code":"SES-1541","description":"Session, [null] on [terminal-227832ea-df47-4ae5-9003-b373875ec3ba]","mainState":2,"state":6,"createdDate":"2018-03-12T17:06:50+0000","businessInteractionSpec":{"id":31,"journaled":true,"name":"Create session sub bi spec for start session bi","specificationType":0,"allowSubmitBIWithoutItem":true,"requiresSession":false,"code":"START_SESSION_CREATE_SESSION","requiresActiveSO":false,"biOperationAllowedWhenSOSuspended":false,"reserveAllNonSerializedSpec":false,"allowStockLevelNegative":false,"dynamicMap":{},"type":"com.ericsson.bss.rm.erms.core.entity.dto.bi.BusinessInteractionSpecDTO"},"createdByUserId":"60","createdBySalesOrganizationId":"58","createdForSalesOrganizationRoleId":"58","preventUpdateFromOtherSystem":false,"items":[],"isLocked":false,"businessInteractionRoleId1":122,"businessInteractionRoleId2":119,"businessInteractionRoleId3":119,"id":1541,"dynamicMap":{},"type":"com.ericsson.bss.rm.erms.core.entity.dto.bi.session.SessionBIDTO"},{"startDate":"2018-03-12T20:04:56+0300","terminal":{"id":13,"externalId":"terminal-5628bc62-d99f-4bb6-a647-6c26f84f28a0","salesOrganization":{"siteId":"1","isPublic":false,"id":54,"externalId":"so-c3dc3e7d-106c-41f7-b99d-973880e848c1","party":{"name":"name-so-c3dc3e7d-106c-41f7-b99d-973880e848c1","id":41,"partyType":2,"dynamicMap":{},"type":"com.ericsson.bss.rm.erms.core.entity.dto.party.OrganizationDTO"},"partyRoleSpec":{"placeUsageType":0,"id":48,"name":"sos-2fcdd3c7-2e9c-4b91-ace5-dda264b1e404","dynamicMap":{},"type":"com.ericsson.bss.rm.erms.core.entity.dto.salesorganization.SalesOrganizationRoleSpecDTO"},"name":"name-so-c3dc3e7d-106c-41f7-b99d-973880e848c1","status":1,"partyRoleType":8,"partyInteractionRoleId":110,"href":"/v1/centralWarehouseRole/54","dynamicMap":{},"type":"com.ericsson.bss.rm.erms.core.entity.dto.salesorganization.CentralWarehouseDTO"},"name":"terminal-5628bc62-d99f-4bb6-a647-6c26f84f28a0","status":1,"href":"/v1/terminal/13","dynamicMap":{},"type":"com.ericsson.bss.rm.erms.core.entity.dto.salesorganization.TerminalDTO"},"businessInteractionType":7,"code":"SES-1441","description":"Session, [John Smith] on [terminal-5628bc62-d99f-4bb6-a647-6c26f84f28a0]","mainState":2,"state":6,"createdDate":"2018-03-12T17:04:56+0000","businessInteractionSpec":{"id":31,"journaled":true,"name":"Create session sub bi spec for start session bi","specificationType":0,"allowSubmitBIWithoutItem":true,"requiresSession":false,"code":"START_SESSION_CREATE_SESSION","requiresActiveSO":false,"biOperationAllowedWhenSOSuspended":false,"reserveAllNonSerializedSpec":false,"allowStockLevelNegative":false,"dynamicMap":{},"type":"com.ericsson.bss.rm.erms.core.entity.dto.bi.BusinessInteractionSpecDTO"},"createdByUserId":"56","createdBySalesOrganizationId":"54","createdForSalesOrganizationRoleId":"54","preventUpdateFromOtherSystem":false,"items":[],"isLocked":false,"businessInteractionRoleId1":113,"businessInteractionRoleId2":110,"businessInteractionRoleId3":110,"id":1441,"dynamicMap":{},"type":"com.ericsson.bss.rm.erms.core.entity.dto.bi.session.SessionBIDTO"}]</con:value>
        </con:property>
      </con:properties>
      <con:returnProperties>
        <con:entry>res_httpStatusCode</con:entry>
        <con:entry>res_body</con:entry>
      </con:returnProperties>
      <con:runMode>PARALLELL</con:runMode>
    </con:config>
  </con:testStep>
  <con:testStep type="assertionteststep" name="Assertion all sesions are displayed successfully" id="672f65e2-6e95-481e-b42e-4107a80e04ad">
    <con:settings/>
    <con:config xsi:type="con:AssertionTestStep" xmlns:xsi="http://www.w3.org/2001/XMLSchema-instance">
      <con:entry>
        <con:id>b3039a16-6f00-4cb7-baaa-68b1cf07a2c4</con:id>
        <con:isGroup>false</con:isGroup>
        <con:sourceId>2b936315-432f-4bf5-b928-76ad86bcc5e0</con:sourceId>
        <con:propertyName>res_httpStatusCode</con:propertyName>
        <con:assertion type="Simple Equals" name="Equals" id="8bd5a72e-7ffd-45c8-824b-d46411cc7567">
          <con:configuration>
            <patternObjectId>a115145d-835f-4796-97e7-728d85beee81</patternObjectId>
            <patternProperty>httpStatusCode200</patternProperty>
            <caseSensitive>true</caseSensitive>
          </con:configuration>
        </con:assertion>
      </con:entry>
      <con:entry>
        <con:id>a5b3bd9e-90d6-40b1-8626-154d65b0c8e0</con:id>
        <con:isGroup>false</con:isGroup>
        <con:sourceId>2b936315-432f-4bf5-b928-76ad86bcc5e0</con:sourceId>
        <con:propertyName>res_body</con:propertyName>
        <con:assertion type="Simple Contains" name="Contains" id="9e427ba6-ac88-4583-966e-c92705f6dfd9">
          <con:configuration>
            <token>\d+</token>
            <ignoreCase>false</ignoreCase>
            <useRegEx>true</useRegEx>
          </con:configuration>
        </con:assertion>
      </con:entry>
    </con:config>
  </con:testStep>
  <con:testStep type="calltestcase" name="Display sessions with details INTERNAL" id="42ccdc41-aca9-46ea-b62c-6d3db46d1272">
    <con:settings/>
    <con:config xsi:type="con:RunTestCaseStep" xmlns:xsi="http://www.w3.org/2001/XMLSchema-instance">
      <con:targetTestCase>2b44837e-871a-4ca2-9f76-b3ec63242b09</con:targetTestCase>
      <con:properties>
        <con:property>
          <con:name>res_status</con:name>
          <con:value>200</con:value>
        </con:property>
        <con:property>
          <con:name>response</con:name>
          <con:value>[{"sessionBI":{"startDate":"2018-03-12T20:30:04+0300","terminal":{"id":39,"externalId":"terminal-7e028d16-f386-4389-861f-89be7e1af5ec","salesOrganization":{"siteId":"1","isPublic":false,"id":160,"externalId":"so-eb485b60-59b2-44ce-84b4-5a856470c2b3","party":{"name":"name-so-eb485b60-59b2-44ce-84b4-5a856470c2b3","id":120,"partyType":2,"dynamicMap":{},"type":"com.ericsson.bss.rm.erms.core.entity.dto.party.OrganizationDTO"},"partyRoleSpec":{"placeUsageType":0,"id":127,"name":"sos-28805a11-36dc-45d1-81cc-9952e7b60c1f","dynamicMap":{},"type":"com.ericsson.bss.rm.erms.core.entity.dto.salesorganization.SalesOrganizationRoleSpecDTO"},"name":"name-so-eb485b60-59b2-44ce-84b4-5a856470c2b3","status":1,"partyRoleType":8,"partyInteractionRoleId":318,"href":"/v1/centralWarehouseRole/160","dynamicMap":{},"type":"com.ericsson.bss.rm.erms.core.entity.dto.salesorganization.CentralWarehouseDTO"},"name":"terminal-7e028d16-f386-4389-861f-89be7e1af5ec","status":1,"href":"/v1/terminal/39","dynamicMap":{},"type":"com.ericsson.bss.rm.erms.core.entity.dto.salesorganization.TerminalDTO"},"businessInteractionType":7,"code":"SES-3601","description":"Session, [null] on [terminal-7e028d16-f386-4389-861f-89be7e1af5ec]","mainState":2,"state":6,"createdDate":"2018-03-12T17:30:04+0000","businessInteractionSpec":{"id":31,"journaled":true,"name":"Create session sub bi spec for start session bi","specificationType":0,"allowSubmitBIWithoutItem":true,"requiresSession":false,"code":"START_SESSION_CREATE_SESSION","requiresActiveSO":false,"biOperationAllowedWhenSOSuspended":false,"reserveAllNonSerializedSpec":false,"allowStockLevelNegative":false,"dynamicMap":{},"type":"com.ericsson.bss.rm.erms.core.entity.dto.bi.BusinessInteractionSpecDTO"},"createdByUserId":"162","createdBySalesOrganizationId":"160","createdForSalesOrganizationRoleId":"160","preventUpdateFromOtherSystem":false,"items":[],"isLocked":false,"businessInteractionRoleId1":321,"businessInteractionRoleId2":318,"businessInteractionRoleId3":318,"id":3601,"dynamicMap":{},"type":"com.ericsson.bss.rm.erms.core.entity.dto.bi.session.SessionBIDTO"},"userName":"John Smith","salesOrganizationName":"name-so-eb485b60-59b2-44ce-84b4-5a856470c2b3","dynamicMap":{},"type":"com.ericsson.bss.rm.erms.core.entity.dto.bi.session.SessionBIViewDTO"},{"sessionBI":{"startDate":"2018-03-12T20:28:29+0300","terminal":{"id":37,"externalId":"terminal-f049899a-1068-4921-99ce-c3649adda038","salesOrganization":{"siteId":"1","isPublic":false,"id":152,"externalId":"so-0e2f3685-9738-4b3b-9ae2-44b991adaa55","party":{"name":"name-so-0e2f3685-9738-4b3b-9ae2-44b991adaa55","id":114,"partyType":2,"dynamicMap":{},"type":"com.ericsson.bss.rm.erms.core.entity.dto.party.OrganizationDTO"},"partyRoleSpec":{"placeUsageType":0,"id":121,"name":"sos-54f7596a-b110-4647-adb8-797893bbaef0","dynamicMap":{},"type":"com.ericsson.bss.rm.erms.core.entity.dto.salesorganization.SalesOrganizationRoleSpecDTO"},"name":"name-so-0e2f3685-9738-4b3b-9ae2-44b991adaa55","status":1,"partyRoleType":8,"partyInteractionRoleId":302,"href":"/v1/centralWarehouseRole/152","dynamicMap":{},"type":"com.ericsson.bss.rm.erms.core.entity.dto.salesorganization.CentralWarehouseDTO"},"name":"terminal-f049899a-1068-4921-99ce-c3649adda038","status":1,"href":"/v1/terminal/37","dynamicMap":{},"type":"com.ericsson.bss.rm.erms.core.entity.dto.salesorganization.TerminalDTO"},"businessInteractionType":7,"code":"SES-3451","description":"Session, [name-so-0e2f3685-9738-4b3b-9ae2-44b991adaa55] on [terminal-f049899a-1068-4921-99ce-c3649adda038]","mainState":2,"state":6,"createdDate":"2018-03-12T17:28:29+0000","businessInteractionSpec":{"id":31,"journaled":true,"name":"Create session sub bi spec for start session bi","specificationType":0,"allowSubmitBIWithoutItem":true,"requiresSession":false,"code":"START_SESSION_CREATE_SESSION","requiresActiveSO":false,"biOperationAllowedWhenSOSuspended":false,"reserveAllNonSerializedSpec":false,"allowStockLevelNegative":false,"dynamicMap":{},"type":"com.ericsson.bss.rm.erms.core.entity.dto.bi.BusinessInteractionSpecDTO"},"createdByUserId":"154","createdBySalesOrganizationId":"152","createdForSalesOrganizationRoleId":"152","preventUpdateFromOtherSystem":false,"items":[],"isLocked":false,"businessInteractionRoleId1":305,"businessInteractionRoleId2":302,"businessInteractionRoleId3":302,"id":3451,"dynamicMap":{},"type":"com.ericsson.bss.rm.erms.core.entity.dto.bi.session.SessionBIDTO"},"userName":"John Smith","salesOrganizationName":"name-so-0e2f3685-9738-4b3b-9ae2-44b991adaa55","dynamicMap":{},"type":"com.ericsson.bss.rm.erms.core.entity.dto.bi.session.SessionBIViewDTO"},{"sessionBI":{"startDate":"2018-03-12T20:27:30+0300","terminal":{"id":36,"externalId":"taaf9653b-4232-4555-8524-364de72b7c10","salesOrganization":{"siteId":"1","isPublic":false,"id":148,"externalId":"sd864cc22-3d25-4637-8ca4-6911b96f2042","party":{"name":"name-sd864cc22-3d25-4637-8ca4-6911b96f2042","id":111,"partyType":2,"dynamicMap":{},"type":"com.ericsson.bss.rm.erms.core.entity.dto.party.OrganizationDTO"},"partyRoleSpec":{"placeUsageType":0,"id":118,"name":"sos-9e52a2fb-280b-4de6-a28c-594c113d3a88","dynamicMap":{},"type":"com.ericsson.bss.rm.erms.core.entity.dto.salesorganization.SalesOrganizationRoleSpecDTO"},"name":"name-sd864cc22-3d25-4637-8ca4-6911b96f2042","status":1,"partyRoleType":8,"partyInteractionRoleId":293,"href":"/v1/centralWarehouseRole/148","dynamicMap":{},"type":"com.ericsson.bss.rm.erms.core.entity.dto.salesorganization.CentralWarehouseDTO"},"name":"taaf9653b-4232-4555-8524-364de72b7c10","status":1,"href":"/v1/terminal/36","dynamicMap":{},"type":"com.ericsson.bss.rm.erms.core.entity.dto.salesorganization.TerminalDTO"},"businessInteractionType":7,"code":"SES-3281","description":"Session, [null] on [taaf9653b-4232-4555-8524-364de72b7c10]","mainState":2,"state":6,"createdDate":"2018-03-12T17:27:30+0000","businessInteractionSpec":{"id":31,"journaled":true,"name":"Create session sub bi spec for start session bi","specificationType":0,"allowSubmitBIWithoutItem":true,"requiresSession":false,"code":"START_SESSION_CREATE_SESSION","requiresActiveSO":false,"biOperationAllowedWhenSOSuspended":false,"reserveAllNonSerializedSpec":false,"allowStockLevelNegative":false,"dynamicMap":{},"type":"com.ericsson.bss.rm.erms.core.entity.dto.bi.BusinessInteractionSpecDTO"},"createdByUserId":"150","createdBySalesOrganizationId":"148","createdForSalesOrganizationRoleId":"148","preventUpdateFromOtherSystem":false,"items":[],"isLocked":false,"businessInteractionRoleId1":296,"businessInteractionRoleId2":293,"businessInteractionRoleId3":293,"id":3281,"dynamicMap":{},"type":"com.ericsson.bss.rm.erms.core.entity.dto.bi.session.SessionBIDTO"},"userName":"John Smith","salesOrganizationName":"name-sd864cc22-3d25-4637-8ca4-6911b96f2042","dynamicMap":{},"type":"com.ericsson.bss.rm.erms.core.entity.dto.bi.session.SessionBIViewDTO"},{"sessionBI":{"startDate":"2018-03-12T20:25:36+0300","terminal":{"id":35,"externalId":"te80c8ece-aba2-4cc5-8b82-48f7b8f73acf","salesOrganization":{"siteId":"1","isPublic":false,"id":144,"externalId":"s23dc49bb-00c6-4ed5-a1af-a042c20f9b9d","party":{"name":"name-s23dc49bb-00c6-4ed5-a1af-a042c20f9b9d","id":108,"partyType":2,"dynamicMap":{},"type":"com.ericsson.bss.rm.erms.core.entity.dto.party.OrganizationDTO"},"partyRoleSpec":{"placeUsageType":0,"id":115,"name":"sos-82674975-0f32-446b-800d-b857a4bc3e99","dynamicMap":{},"type":"com.ericsson.bss.rm.erms.core.entity.dto.salesorganization.SalesOrganizationRoleSpecDTO"},"name":"name-s23dc49bb-00c6-4ed5-a1af-a042c20f9b9d","status":1,"partyRoleType":8,"partyInteractionRoleId":284,"href":"/v1/centralWarehouseRole/144","dynamicMap":{},"type":"com.ericsson.bss.rm.erms.core.entity.dto.salesorganization.CentralWarehouseDTO"},"name":"te80c8ece-aba2-4cc5-8b82-48f7b8f73acf","status":1,"href":"/v1/terminal/35","dynamicMap":{},"type":"com.ericsson.bss.rm.erms.core.entity.dto.salesorganization.TerminalDTO"},"businessInteractionType":7,"code":"SES-3151","description":"Session, [null] on [te80c8ece-aba2-4cc5-8b82-48f7b8f73acf]","mainState":2,"state":6,"createdDate":"2018-03-12T17:25:36+0000","businessInteractionSpec":{"id":31,"journaled":true,"name":"Create session sub bi spec for start session bi","specificationType":0,"allowSubmitBIWithoutItem":true,"requiresSession":false,"code":"START_SESSION_CREATE_SESSION","requiresActiveSO":false,"biOperationAllowedWhenSOSuspended":false,"reserveAllNonSerializedSpec":false,"allowStockLevelNegative":false,"dynamicMap":{},"type":"com.ericsson.bss.rm.erms.core.entity.dto.bi.BusinessInteractionSpecDTO"},"createdByUserId":"146","createdBySalesOrganizationId":"144","createdForSalesOrganizationRoleId":"144","preventUpdateFromOtherSystem":false,"items":[],"isLocked":false,"businessInteractionRoleId1":287,"businessInteractionRoleId2":284,"businessInteractionRoleId3":284,"id":3151,"dynamicMap":{},"type":"com.ericsson.bss.rm.erms.core.entity.dto.bi.session.SessionBIDTO"},"userName":"John Smith","salesOrganizationName":"name-s23dc49bb-00c6-4ed5-a1af-a042c20f9b9d","dynamicMap":{},"type":"com.ericsson.bss.rm.erms.core.entity.dto.bi.session.SessionBIViewDTO"},{"sessionBI":{"startDate":"2018-03-12T20:25:25+0300","terminal":{"id":34,"externalId":"terminal-3daa92cf-1a28-46cf-ac47-66ee99d3defd","salesOrganization":{"siteId":"1","isPublic":false,"id":140,"externalId":"so-8979c9a7-e0eb-40ae-b05f-2a054009a5e9","party":{"name":"name-so-8979c9a7-e0eb-40ae-b05f-2a054009a5e9","id":105,"partyType":2,"dynamicMap":{},"type":"com.ericsson.bss.rm.erms.core.entity.dto.party.OrganizationDTO"},"partyRoleSpec":{"placeUsageType":0,"id":112,"name":"sos-d09551fb-d401-4d12-9096-2b4faf4f389d","dynamicMap":{},"type":"com.ericsson.bss.rm.erms.core.entity.dto.salesorganization.SalesOrganizationRoleSpecDTO"},"name":"name-so-8979c9a7-e0eb-40ae-b05f-2a054009a5e9","status":1,"partyRoleType":8,"partyInteractionRoleId":275,"href":"/v1/centralWarehouseRole/140","dynamicMap":{},"type":"com.ericsson.bss.rm.erms.core.entity.dto.salesorganization.CentralWarehouseDTO"},"name":"terminal-3daa92cf-1a28-46cf-ac47-66ee99d3defd","status":1,"href":"/v1/terminal/34","dynamicMap":{},"type":"com.ericsson.bss.rm.erms.core.entity.dto.salesorganization.TerminalDTO"},"businessInteractionType":7,"code":"SES-3031","description":"Session, [John Smith] on [terminal-3daa92cf-1a28-46cf-ac47-66ee99d3defd]","mainState":2,"state":6,"createdDate":"2018-03-12T17:25:25+0000","businessInteractionSpec":{"id":31,"journaled":true,"name":"Create session sub bi spec for start session bi","specificationType":0,"allowSubmitBIWithoutItem":true,"requiresSession":false,"code":"START_SESSION_CREATE_SESSION","requiresActiveSO":false,"biOperationAllowedWhenSOSuspended":false,"reserveAllNonSerializedSpec":false,"allowStockLevelNegative":false,"dynamicMap":{},"type":"com.ericsson.bss.rm.erms.core.entity.dto.bi.BusinessInteractionSpecDTO"},"createdByUserId":"142","createdBySalesOrganizationId":"140","createdForSalesOrganizationRoleId":"140","preventUpdateFromOtherSystem":false,"items":[],"isLocked":false,"businessInteractionRoleId1":278,"businessInteractionRoleId2":275,"businessInteractionRoleId3":275,"id":3031,"dynamicMap":{},"type":"com.ericsson.bss.rm.erms.core.entity.dto.bi.session.SessionBIDTO"},"userName":"John Smith","salesOrganizationName":"name-so-8979c9a7-e0eb-40ae-b05f-2a054009a5e9","dynamicMap":{},"type":"com.ericsson.bss.rm.erms.core.entity.dto.bi.session.SessionBIViewDTO"},{"sessionBI":{"startDate":"2018-03-12T20:12:59+0300","terminal":{"id":17,"externalId":"terminal-a4217dc4-10e1-4850-9805-1d5f193ad065","salesOrganization":{"siteId":"1","isPublic":false,"id":70,"externalId":"so-cea47830-604b-4a0e-a4f2-d60dd0a3e426","party":{"name":"name-so-cea47830-604b-4a0e-a4f2-d60dd0a3e426","id":53,"partyType":2,"dynamicMap":{},"type":"com.ericsson.bss.rm.erms.core.entity.dto.party.OrganizationDTO"},"partyRoleSpec":{"placeUsageType":0,"id":60,"name":"sos-1b2a4db5-00b0-4ffa-9e43-26dd6856a6a5","dynamicMap":{},"type":"com.ericsson.bss.rm.erms.core.entity.dto.salesorganization.SalesOrganizationRoleSpecDTO"},"name":"name-so-cea47830-604b-4a0e-a4f2-d60dd0a3e426","status":1,"partyRoleType":8,"partyInteractionRoleId":146,"href":"/v1/centralWarehouseRole/70","dynamicMap":{},"type":"com.ericsson.bss.rm.erms.core.entity.dto.salesorganization.CentralWarehouseDTO"},"name":"terminal-a4217dc4-10e1-4850-9805-1d5f193ad065","status":1,"href":"/v1/terminal/17","dynamicMap":{},"type":"com.ericsson.bss.rm.erms.core.entity.dto.salesorganization.TerminalDTO"},"businessInteractionType":7,"code":"SES-1841","description":"Session, [null] on [terminal-a4217dc4-10e1-4850-9805-1d5f193ad065]","mainState":2,"state":6,"createdDate":"2018-03-12T17:12:59+0000","businessInteractionSpec":{"id":31,"journaled":true,"name":"Create session sub bi spec for start session bi","specificationType":0,"allowSubmitBIWithoutItem":true,"requiresSession":false,"code":"START_SESSION_CREATE_SESSION","requiresActiveSO":false,"biOperationAllowedWhenSOSuspended":false,"reserveAllNonSerializedSpec":false,"allowStockLevelNegative":false,"dynamicMap":{},"type":"com.ericsson.bss.rm.erms.core.entity.dto.bi.BusinessInteractionSpecDTO"},"createdByUserId":"72","createdBySalesOrganizationId":"70","createdForSalesOrganizationRoleId":"70","preventUpdateFromOtherSystem":false,"items":[],"isLocked":false,"businessInteractionRoleId1":149,"businessInteractionRoleId2":146,"businessInteractionRoleId3":146,"id":1841,"dynamicMap":{},"type":"com.ericsson.bss.rm.erms.core.entity.dto.bi.session.SessionBIDTO"},"userName":"John Smith","salesOrganizationName":"name-so-cea47830-604b-4a0e-a4f2-d60dd0a3e426","dynamicMap":{},"type":"com.ericsson.bss.rm.erms.core.entity.dto.bi.session.SessionBIViewDTO"},{"sessionBI":{"startDate":"2018-03-12T20:11:57+0300","terminal":{"id":16,"externalId":"terminal-7f4908fe-6e71-43d0-b37b-cb9113864e9f","salesOrganization":{"siteId":"1","isPublic":false,"id":66,"externalId":"so-38190d2b-ba1c-453a-bced-1f9f4d2ff024","party":{"name":"name-so-38190d2b-ba1c-453a-bced-1f9f4d2ff024","id":50,"partyType":2,"dynamicMap":{},"type":"com.ericsson.bss.rm.erms.core.entity.dto.party.OrganizationDTO"},"partyRoleSpec":{"placeUsageType":0,"id":57,"name":"sos-000f8004-bb6f-494a-a181-3360f5381cee","dynamicMap":{},"type":"com.ericsson.bss.rm.erms.core.entity.dto.salesorganization.SalesOrganizationRoleSpecDTO"},"name":"name-so-38190d2b-ba1c-453a-bced-1f9f4d2ff024","status":1,"partyRoleType":8,"partyInteractionRoleId":137,"href":"/v1/centralWarehouseRole/66","dynamicMap":{},"type":"com.ericsson.bss.rm.erms.core.entity.dto.salesorganization.CentralWarehouseDTO"},"name":"terminal-7f4908fe-6e71-43d0-b37b-cb9113864e9f","status":1,"href":"/v1/terminal/16","dynamicMap":{},"type":"com.ericsson.bss.rm.erms.core.entity.dto.salesorganization.TerminalDTO"},"businessInteractionType":7,"code":"SES-1751","description":"Session, [null] on [terminal-7f4908fe-6e71-43d0-b37b-cb9113864e9f]","mainState":2,"state":6,"createdDate":"2018-03-12T17:11:57+0000","businessInteractionSpec":{"id":31,"journaled":true,"name":"Create session sub bi spec for start session bi","specificationType":0,"allowSubmitBIWithoutItem":true,"requiresSession":false,"code":"START_SESSION_CREATE_SESSION","requiresActiveSO":false,"biOperationAllowedWhenSOSuspended":false,"reserveAllNonSerializedSpec":false,"allowStockLevelNegative":false,"dynamicMap":{},"type":"com.ericsson.bss.rm.erms.core.entity.dto.bi.BusinessInteractionSpecDTO"},"createdByUserId":"68","createdBySalesOrganizationId":"66","createdForSalesOrganizationRoleId":"66","preventUpdateFromOtherSystem":false,"items":[],"isLocked":false,"businessInteractionRoleId1":140,"businessInteractionRoleId2":137,"businessInteractionRoleId3":137,"id":1751,"dynamicMap":{},"type":"com.ericsson.bss.rm.erms.core.entity.dto.bi.session.SessionBIDTO"},"userName":"John Smith","salesOrganizationName":"name-so-38190d2b-ba1c-453a-bced-1f9f4d2ff024","dynamicMap":{},"type":"com.ericsson.bss.rm.erms.core.entity.dto.bi.session.SessionBIViewDTO"},{"sessionBI":{"startDate":"2018-03-12T20:10:04+0300","terminal":{"id":15,"externalId":"terminal-78352c30-7199-457e-b474-fb321bbee6a5","salesOrganization":{"siteId":"1","isPublic":false,"id":62,"externalId":"so-4324954b-bafd-48e0-89a1-5c6b9b0b5a47","party":{"name":"name-so-4324954b-bafd-48e0-89a1-5c6b9b0b5a47","id":47,"partyType":2,"dynamicMap":{},"type":"com.ericsson.bss.rm.erms.core.entity.dto.party.OrganizationDTO"},"partyRoleSpec":{"placeUsageType":0,"id":54,"name":"sos-e3472b0e-338e-4410-b56d-3f71a4c29756","dynamicMap":{},"type":"com.ericsson.bss.rm.erms.core.entity.dto.salesorganization.SalesOrganizationRoleSpecDTO"},"name":"name-so-4324954b-bafd-48e0-89a1-5c6b9b0b5a47","status":1,"partyRoleType":8,"partyInteractionRoleId":128,"href":"/v1/centralWarehouseRole/62","dynamicMap":{},"type":"com.ericsson.bss.rm.erms.core.entity.dto.salesorganization.CentralWarehouseDTO"},"name":"terminal-78352c30-7199-457e-b474-fb321bbee6a5","status":1,"href":"/v1/terminal/15","dynamicMap":{},"type":"com.ericsson.bss.rm.erms.core.entity.dto.salesorganization.TerminalDTO"},"businessInteractionType":7,"code":"SES-1651","description":"Session, [John Smith] on [terminal-78352c30-7199-457e-b474-fb321bbee6a5]","mainState":2,"state":6,"createdDate":"2018-03-12T17:10:04+0000","businessInteractionSpec":{"id":31,"journaled":true,"name":"Create session sub bi spec for start session bi","specificationType":0,"allowSubmitBIWithoutItem":true,"requiresSession":false,"code":"START_SESSION_CREATE_SESSION","requiresActiveSO":false,"biOperationAllowedWhenSOSuspended":false,"reserveAllNonSerializedSpec":false,"allowStockLevelNegative":false,"dynamicMap":{},"type":"com.ericsson.bss.rm.erms.core.entity.dto.bi.BusinessInteractionSpecDTO"},"createdByUserId":"64","createdBySalesOrganizationId":"62","createdForSalesOrganizationRoleId":"62","preventUpdateFromOtherSystem":false,"items":[],"isLocked":false,"businessInteractionRoleId1":131,"businessInteractionRoleId2":128,"businessInteractionRoleId3":128,"id":1651,"dynamicMap":{},"type":"com.ericsson.bss.rm.erms.core.entity.dto.bi.session.SessionBIDTO"},"userName":"John Smith","salesOrganizationName":"name-so-4324954b-bafd-48e0-89a1-5c6b9b0b5a47","dynamicMap":{},"type":"com.ericsson.bss.rm.erms.core.entity.dto.bi.session.SessionBIViewDTO"},{"sessionBI":{"startDate":"2018-03-12T20:06:50+0300","terminal":{"id":14,"externalId":"terminal-227832ea-df47-4ae5-9003-b373875ec3ba","salesOrganization":{"siteId":"1","isPublic":false,"id":58,"externalId":"so-7e5bb40c-a462-4254-8999-013e1bbdc8f5","party":{"name":"name-so-7e5bb40c-a462-4254-8999-013e1bbdc8f5","id":44,"partyType":2,"dynamicMap":{},"type":"com.ericsson.bss.rm.erms.core.entity.dto.party.OrganizationDTO"},"partyRoleSpec":{"placeUsageType":0,"id":51,"name":"sos-236070b3-687f-473b-b1a3-032588efa6b3","dynamicMap":{},"type":"com.ericsson.bss.rm.erms.core.entity.dto.salesorganization.SalesOrganizationRoleSpecDTO"},"name":"name-so-7e5bb40c-a462-4254-8999-013e1bbdc8f5","status":1,"partyRoleType":8,"partyInteractionRoleId":119,"href":"/v1/centralWarehouseRole/58","dynamicMap":{},"type":"com.ericsson.bss.rm.erms.core.entity.dto.salesorganization.CentralWarehouseDTO"},"name":"terminal-227832ea-df47-4ae5-9003-b373875ec3ba","status":1,"href":"/v1/terminal/14","dynamicMap":{},"type":"com.ericsson.bss.rm.erms.core.entity.dto.salesorganization.TerminalDTO"},"businessInteractionType":7,"code":"SES-1541","description":"Session, [null] on [terminal-227832ea-df47-4ae5-9003-b373875ec3ba]","mainState":2,"state":6,"createdDate":"2018-03-12T17:06:50+0000","businessInteractionSpec":{"id":31,"journaled":true,"name":"Create session sub bi spec for start session bi","specificationType":0,"allowSubmitBIWithoutItem":true,"requiresSession":false,"code":"START_SESSION_CREATE_SESSION","requiresActiveSO":false,"biOperationAllowedWhenSOSuspended":false,"reserveAllNonSerializedSpec":false,"allowStockLevelNegative":false,"dynamicMap":{},"type":"com.ericsson.bss.rm.erms.core.entity.dto.bi.BusinessInteractionSpecDTO"},"createdByUserId":"60","createdBySalesOrganizationId":"58","createdForSalesOrganizationRoleId":"58","preventUpdateFromOtherSystem":false,"items":[],"isLocked":false,"businessInteractionRoleId1":122,"businessInteractionRoleId2":119,"businessInteractionRoleId3":119,"id":1541,"dynamicMap":{},"type":"com.ericsson.bss.rm.erms.core.entity.dto.bi.session.SessionBIDTO"},"userName":"John Smith","salesOrganizationName":"name-so-7e5bb40c-a462-4254-8999-013e1bbdc8f5","dynamicMap":{},"type":"com.ericsson.bss.rm.erms.core.entity.dto.bi.session.SessionBIViewDTO"},{"sessionBI":{"startDate":"2018-03-12T20:04:56+0300","terminal":{"id":13,"externalId":"terminal-5628bc62-d99f-4bb6-a647-6c26f84f28a0","salesOrganization":{"siteId":"1","isPublic":false,"id":54,"externalId":"so-c3dc3e7d-106c-41f7-b99d-973880e848c1","party":{"name":"name-so-c3dc3e7d-106c-41f7-b99d-973880e848c1","id":41,"partyType":2,"dynamicMap":{},"type":"com.ericsson.bss.rm.erms.core.entity.dto.party.OrganizationDTO"},"partyRoleSpec":{"placeUsageType":0,"id":48,"name":"sos-2fcdd3c7-2e9c-4b91-ace5-dda264b1e404","dynamicMap":{},"type":"com.ericsson.bss.rm.erms.core.entity.dto.salesorganization.SalesOrganizationRoleSpecDTO"},"name":"name-so-c3dc3e7d-106c-41f7-b99d-973880e848c1","status":1,"partyRoleType":8,"partyInteractionRoleId":110,"href":"/v1/centralWarehouseRole/54","dynamicMap":{},"type":"com.ericsson.bss.rm.erms.core.entity.dto.salesorganization.CentralWarehouseDTO"},"name":"terminal-5628bc62-d99f-4bb6-a647-6c26f84f28a0","status":1,"href":"/v1/terminal/13","dynamicMap":{},"type":"com.ericsson.bss.rm.erms.core.entity.dto.salesorganization.TerminalDTO"},"businessInteractionType":7,"code":"SES-1441","description":"Session, [John Smith] on [terminal-5628bc62-d99f-4bb6-a647-6c26f84f28a0]","mainState":2,"state":6,"createdDate":"2018-03-12T17:04:56+0000","businessInteractionSpec":{"id":31,"journaled":true,"name":"Create session sub bi spec for start session bi","specificationType":0,"allowSubmitBIWithoutItem":true,"requiresSession":false,"code":"START_SESSION_CREATE_SESSION","requiresActiveSO":false,"biOperationAllowedWhenSOSuspended":false,"reserveAllNonSerializedSpec":false,"allowStockLevelNegative":false,"dynamicMap":{},"type":"com.ericsson.bss.rm.erms.core.entity.dto.bi.BusinessInteractionSpecDTO"},"createdByUserId":"56","createdBySalesOrganizationId":"54","createdForSalesOrganizationRoleId":"54","preventUpdateFromOtherSystem":false,"items":[],"isLocked":false,"businessInteractionRoleId1":113,"businessInteractionRoleId2":110,"businessInteractionRoleId3":110,"id":1441,"dynamicMap":{},"type":"com.ericsson.bss.rm.erms.core.entity.dto.bi.session.SessionBIDTO"},"userName":"John Smith","salesOrganizationName":"name-so-c3dc3e7d-106c-41f7-b99d-973880e848c1","dynamicMap":{},"type":"com.ericsson.bss.rm.erms.core.entity.dto.bi.session.SessionBIViewDTO"}]</con:value>
        </con:property>
      </con:properties>
      <con:returnProperties>
        <con:entry>res_status</con:entry>
        <con:entry>response</con:entry>
      </con:returnProperties>
      <con:runMode>PARALLELL</con:runMode>
    </con:config>
  </con:testStep>
  <con:testStep type="assertionteststep" name="Assertion session details are listed successfully" id="3e5edce6-ccd3-4a9f-94ed-aa2ff8b0f2fd">
    <con:settings/>
    <con:config xsi:type="con:AssertionTestStep" xmlns:xsi="http://www.w3.org/2001/XMLSchema-instance">
      <con:entry>
        <con:id>fc0ab94c-58c6-4a44-b484-2331727b6ec9</con:id>
        <con:isGroup>false</con:isGroup>
        <con:sourceId>42ccdc41-aca9-46ea-b62c-6d3db46d1272</con:sourceId>
        <con:propertyName>res_status</con:propertyName>
        <con:assertion type="Simple Equals" name="Equals" id="41e9f97a-aae0-4ad8-b734-41e66624d212">
          <con:configuration>
            <patternObjectId>a115145d-835f-4796-97e7-728d85beee81</patternObjectId>
            <patternProperty>httpStatusCode200</patternProperty>
            <caseSensitive>true</caseSensitive>
          </con:configuration>
        </con:assertion>
      </con:entry>
      <con:entry>
        <con:id>c61d63bc-1108-4002-9951-a6bc83b1f919</con:id>
        <con:isGroup>false</con:isGroup>
        <con:sourceId>42ccdc41-aca9-46ea-b62c-6d3db46d1272</con:sourceId>
        <con:propertyName>response</con:propertyName>
        <con:assertion type="Simple Contains" name="Contains" id="9103d91f-cebd-49ee-a763-4acffda0776b">
          <con:configuration>
            <token>\w+</token>
            <ignoreCase>false</ignoreCase>
            <useRegEx>true</useRegEx>
          </con:configuration>
        </con:assertion>
      </con:entry>
    </con:config>
  </con:testStep>
  <con:testStep type="transfer" name="Property Transfer 14" id="4256504c-bcbf-4200-888b-8811fb7d0836">
    <con:settings/>
    <con:config xsi:type="con:PropertyTransfersStep" xmlns:xsi="http://www.w3.org/2001/XMLSchema-instance">
      <con:transfers setNullOnMissingSource="true" transferTextContent="true" failOnError="true" ignoreEmpty="false" transferToAll="false" entitize="false" transferChildNodes="false">
        <con:name>transferUserRoleId</con:name>
        <con:sourceType>res_userRoleId</con:sourceType>
        <con:sourceStep>Create and submit sales org with user, inventory and terminal</con:sourceStep>
        <con:targetType>req_userRoleId</con:targetType>
        <con:targetStep>Create payment business interaction</con:targetStep>
        <con:upgraded>true</con:upgraded>
      </con:transfers>
      <con:transfers setNullOnMissingSource="true" transferTextContent="true" failOnError="true" ignoreEmpty="false" transferToAll="false" entitize="false" transferChildNodes="false">
        <con:name>transferSalesOrgRoleId</con:name>
        <con:sourceType>res_salesOrgId</con:sourceType>
        <con:sourceStep>Create and submit sales org with user, inventory and terminal</con:sourceStep>
        <con:targetType>req_salesOrganizationRoleId</con:targetType>
        <con:targetStep>Create payment business interaction</con:targetStep>
        <con:upgraded>true</con:upgraded>
      </con:transfers>
      <con:transfers setNullOnMissingSource="true" transferTextContent="true" failOnError="true" ignoreEmpty="false" transferToAll="false" entitize="false" transferChildNodes="false">
        <con:name>biSpec</con:name>
        <con:sourceType>paymentBiSpecCode</con:sourceType>
        <con:sourceStep>Properties</con:sourceStep>
        <con:targetType>req_biSpec</con:targetType>
        <con:targetStep>Create payment business interaction</con:targetStep>
        <con:upgraded>true</con:upgraded>
      </con:transfers>
    </con:config>
  </con:testStep>
  <con:testStep type="calltestcase" name="Create payment business interaction" id="d39f84fa-422d-40b4-a545-42452a64593b">
    <con:settings/>
    <con:config xsi:type="con:RunTestCaseStep" xmlns:xsi="http://www.w3.org/2001/XMLSchema-instance">
      <con:targetTestCase>a21d52e7-a67e-4d14-8ec6-72d9aff2dacc</con:targetTestCase>
      <con:properties>
        <con:property>
          <con:name>req_userRoleId</con:name>
          <con:value>162</con:value>
        </con:property>
        <con:property>
          <con:name>req_salesOrganizationRoleId</con:name>
          <con:value>160</con:value>
        </con:property>
        <con:property>
          <con:name>req_biSpec</con:name>
          <con:value>PAYMENTBISPEC</con:value>
        </con:property>
        <con:property>
          <con:name>res_biId</con:name>
          <con:value>3621</con:value>
        </con:property>
        <con:property>
          <con:name>res_code</con:name>
          <con:value>201</con:value>
        </con:property>
        <con:property>
          <con:name>res_errorMessage</con:name>
        </con:property>
        <con:property>
          <con:name>req_note</con:name>
        </con:property>
      </con:properties>
      <con:returnProperties>
        <con:entry>res_biId</con:entry>
        <con:entry>res_code</con:entry>
      </con:returnProperties>
      <con:runMode>PARALLELL</con:runMode>
    </con:config>
  </con:testStep>
  <con:testStep type="assertionteststep" name="Assertion res_code and res_biId" id="e338b3b7-b3ba-4d1e-8352-1d6047511efe">
    <con:settings/>
    <con:config xsi:type="con:AssertionTestStep" xmlns:xsi="http://www.w3.org/2001/XMLSchema-instance">
      <con:entry>
        <con:id>5f4891dc-8005-4d8d-92c0-da8e82f393e2</con:id>
        <con:isGroup>false</con:isGroup>
        <con:sourceId>d39f84fa-422d-40b4-a545-42452a64593b</con:sourceId>
        <con:propertyName>res_biId</con:propertyName>
        <con:assertion type="Simple Contains" name="Contains" id="d09dadc5-a2c9-4c1d-a50f-43558084708b">
          <con:configuration>
            <token>\d+</token>
            <ignoreCase>false</ignoreCase>
            <useRegEx>true</useRegEx>
          </con:configuration>
        </con:assertion>
      </con:entry>
      <con:entry>
        <con:id>2358a034-ef32-4ba6-a395-3481bc751ff1</con:id>
        <con:isGroup>false</con:isGroup>
        <con:sourceId>d39f84fa-422d-40b4-a545-42452a64593b</con:sourceId>
        <con:propertyName>res_code</con:propertyName>
        <con:assertion type="Simple Equals" name="Equals" id="825a46c4-f113-414b-b1f8-7362576092c1">
          <con:configuration>
            <patternObjectId>a115145d-835f-4796-97e7-728d85beee81</patternObjectId>
            <patternProperty>httpStatusCode201</patternProperty>
            <caseSensitive>true</caseSensitive>
          </con:configuration>
        </con:assertion>
      </con:entry>
    </con:config>
  </con:testStep>
  <con:testStep type="datasource" name="DataSource for add item to payment bi test steps" id="c737183b-a861-43ea-a22a-3f7afbed9ebf">
    <con:settings/>
    <con:config xsi:type="con:DataSourceStep" xmlns:xsi="http://www.w3.org/2001/XMLSchema-instance">
      <con:dataSource type="Grid">
        <con:configuration>
          <check>&lt;con:entry xmlns:con="http://eviware.com/soapui/config">true&lt;/con:entry></check>
          <row><![CDATA[<xml-fragment><con:entry xmlns:con="http://eviware.com/soapui/config">BA</con:entry><con:entry xmlns:con="http://eviware.com/soapui/config">1</con:entry><con:entry xmlns:con="http://eviware.com/soapui/config">5127540000000002 </con:entry><con:entry xmlns:con="http://eviware.com/soapui/config">1</con:entry><con:entry xmlns:con="http://eviware.com/soapui/config">1</con:entry><con:entry xmlns:con="http://eviware.com/soapui/config">1.0</con:entry><con:entry xmlns:con="http://eviware.com/soapui/config">1.0</con:entry><con:entry xmlns:con="http://eviware.com/soapui/config">EUR</con:entry><con:entry xmlns:con="http://eviware.com/soapui/config">1</con:entry><con:entry xmlns:con="http://eviware.com/soapui/config">1</con:entry><con:entry xmlns:con="http://eviware.com/soapui/config">EUR</con:entry><con:entry xmlns:con="http://eviware.com/soapui/config"/></xml-fragment>]]></row>
        </con:configuration>
      </con:dataSource>
      <con:property>req_paymentType</con:property>
      <con:property>req_itemOrder</con:property>
      <con:property>req_creditCardNumber</con:property>
      <con:property>req_bank</con:property>
      <con:property>req_chequeNumber</con:property>
      <con:property>req_transactionRoundedAmount</con:property>
      <con:property>req_transactionNotRoundedAmount</con:property>
      <con:property>req_transactionCurrency</con:property>
      <con:property>req_convertedRoundedAmount</con:property>
      <con:property>req_convertedNotRoundedAmount</con:property>
      <con:property>req_convertedCurrency</con:property>
      <con:completeLastOperation>true</con:completeLastOperation>
      <con:restartOnRun>true</con:restartOnRun>
    </con:config>
  </con:testStep>
  <con:testStep type="transfer" name="Property Transfer 15" id="4b0ac26f-e0a0-4e37-ba86-13dea5011503">
    <con:settings/>
    <con:config xsi:type="con:PropertyTransfersStep" xmlns:xsi="http://www.w3.org/2001/XMLSchema-instance">
      <con:transfers setNullOnMissingSource="true" transferTextContent="true" failOnError="false" ignoreEmpty="false" transferToAll="false" entitize="false" transferChildNodes="false">
        <con:name>transfer_biId</con:name>
        <con:sourceType>res_biId</con:sourceType>
        <con:sourceStep>Create payment business interaction</con:sourceStep>
        <con:sourcePath/>
        <con:targetType>req_biId</con:targetType>
        <con:targetStep>Add item to payment business interaction</con:targetStep>
        <con:targetPath/>
        <con:upgraded>true</con:upgraded>
      </con:transfers>
      <con:transfers setNullOnMissingSource="true" transferTextContent="true" failOnError="false" ignoreEmpty="false" transferToAll="false" entitize="false" transferChildNodes="false">
        <con:name>transfer_paymentType</con:name>
        <con:sourceType>req_paymentType</con:sourceType>
        <con:sourceStep>DataSource for add item to payment bi test steps</con:sourceStep>
        <con:targetType>req_paymentType</con:targetType>
        <con:targetStep>Add item to payment business interaction</con:targetStep>
        <con:upgraded>true</con:upgraded>
      </con:transfers>
      <con:transfers setNullOnMissingSource="true" transferTextContent="true" failOnError="false" ignoreEmpty="false" transferToAll="false" entitize="false" transferChildNodes="false">
        <con:name>transfer_itemOrder</con:name>
        <con:sourceType>req_itemOrder</con:sourceType>
        <con:sourceStep>DataSource for add item to payment bi test steps</con:sourceStep>
        <con:targetType>req_itemOrder</con:targetType>
        <con:targetStep>Add item to payment business interaction</con:targetStep>
        <con:upgraded>true</con:upgraded>
      </con:transfers>
      <con:transfers setNullOnMissingSource="true" transferTextContent="true" failOnError="false" ignoreEmpty="false" transferToAll="false" entitize="false" transferChildNodes="false">
        <con:name>transfer_creditCardNumber</con:name>
        <con:sourceType>req_creditCardNumber</con:sourceType>
        <con:sourceStep>DataSource for add item to payment bi test steps</con:sourceStep>
        <con:targetType>req_creditCardNumber</con:targetType>
        <con:targetStep>Add item to payment business interaction</con:targetStep>
        <con:upgraded>true</con:upgraded>
      </con:transfers>
      <con:transfers setNullOnMissingSource="true" transferTextContent="true" failOnError="false" ignoreEmpty="false" transferToAll="false" entitize="false" transferChildNodes="false">
        <con:name>transfer_bank</con:name>
        <con:sourceType>req_bank</con:sourceType>
        <con:sourceStep>DataSource for add item to payment bi test steps</con:sourceStep>
        <con:targetType>req_bank</con:targetType>
        <con:targetStep>Add item to payment business interaction</con:targetStep>
        <con:upgraded>true</con:upgraded>
      </con:transfers>
      <con:transfers setNullOnMissingSource="true" transferTextContent="true" failOnError="false" ignoreEmpty="false" transferToAll="false" entitize="false" transferChildNodes="false">
        <con:name>transfer_chequeNumber</con:name>
        <con:sourceType>req_chequeNumber</con:sourceType>
        <con:sourceStep>DataSource for add item to payment bi test steps</con:sourceStep>
        <con:targetType>req_chequeNumber</con:targetType>
        <con:targetStep>Add item to payment business interaction</con:targetStep>
        <con:upgraded>true</con:upgraded>
      </con:transfers>
      <con:transfers setNullOnMissingSource="true" transferTextContent="true" failOnError="false" ignoreEmpty="false" transferToAll="false" entitize="false" transferChildNodes="false">
        <con:name>transfer_transactionRoundedAmount</con:name>
        <con:sourceType>req_transactionRoundedAmount</con:sourceType>
        <con:sourceStep>DataSource for add item to payment bi test steps</con:sourceStep>
        <con:targetType>req_transactionRoundedAmount</con:targetType>
        <con:targetStep>Add item to payment business interaction</con:targetStep>
        <con:upgraded>true</con:upgraded>
      </con:transfers>
      <con:transfers setNullOnMissingSource="true" transferTextContent="true" failOnError="false" ignoreEmpty="false" transferToAll="false" entitize="false" transferChildNodes="false">
        <con:name>transfer_transactionNotRoundedAmount</con:name>
        <con:sourceType>req_transactionNotRoundedAmount</con:sourceType>
        <con:sourceStep>DataSource for add item to payment bi test steps</con:sourceStep>
        <con:targetType>req_transactionNotRoundedAmount</con:targetType>
        <con:targetStep>Add item to payment business interaction</con:targetStep>
        <con:upgraded>true</con:upgraded>
      </con:transfers>
      <con:transfers setNullOnMissingSource="true" transferTextContent="true" failOnError="false" ignoreEmpty="false" transferToAll="false" entitize="false" transferChildNodes="false">
        <con:name>transfer_transactionCurrency</con:name>
        <con:sourceType>req_transactionCurrency</con:sourceType>
        <con:sourceStep>DataSource for add item to payment bi test steps</con:sourceStep>
        <con:targetType>req_transactionCurrency</con:targetType>
        <con:targetStep>Add item to payment business interaction</con:targetStep>
        <con:upgraded>true</con:upgraded>
      </con:transfers>
      <con:transfers setNullOnMissingSource="true" transferTextContent="true" failOnError="false" ignoreEmpty="false" transferToAll="false" entitize="false" transferChildNodes="false">
        <con:name>transfer_convertedRoundedAmount</con:name>
        <con:sourceType>req_convertedRoundedAmount</con:sourceType>
        <con:sourceStep>DataSource for add item to payment bi test steps</con:sourceStep>
        <con:targetType>req_convertedRoundedAmount</con:targetType>
        <con:targetStep>Add item to payment business interaction</con:targetStep>
        <con:upgraded>true</con:upgraded>
      </con:transfers>
      <con:transfers setNullOnMissingSource="true" transferTextContent="true" failOnError="false" ignoreEmpty="false" transferToAll="false" entitize="false" transferChildNodes="false">
        <con:name>transfer_convertedNotRoundedAmount</con:name>
        <con:sourceType>req_convertedNotRoundedAmount</con:sourceType>
        <con:sourceStep>DataSource for add item to payment bi test steps</con:sourceStep>
        <con:targetType>req_convertedNotRoundedAmount</con:targetType>
        <con:targetStep>Add item to payment business interaction</con:targetStep>
        <con:upgraded>true</con:upgraded>
      </con:transfers>
      <con:transfers setNullOnMissingSource="true" transferTextContent="true" failOnError="false" ignoreEmpty="false" transferToAll="false" entitize="false" transferChildNodes="false">
        <con:name>transfer_convertedCurrency</con:name>
        <con:sourceType>req_convertedCurrency</con:sourceType>
        <con:sourceStep>DataSource for add item to payment bi test steps</con:sourceStep>
        <con:targetType>req_convertedCurrency</con:targetType>
        <con:targetStep>Add item to payment business interaction</con:targetStep>
        <con:upgraded>true</con:upgraded>
      </con:transfers>
      <con:transfers setNullOnMissingSource="true" transferTextContent="true" failOnError="true" ignoreEmpty="false" transferToAll="false" entitize="false" transferChildNodes="false">
        <con:name>transfer_transactionDate</con:name>
        <con:sourceType>transactionDate</con:sourceType>
        <con:sourceStep>Properties</con:sourceStep>
        <con:targetType>req_transactionDate</con:targetType>
        <con:targetStep>Add item to payment business interaction</con:targetStep>
        <con:upgraded>true</con:upgraded>
      </con:transfers>
    </con:config>
  </con:testStep>
  <con:testStep type="calltestcase" name="Add item to payment business interaction" id="1dc78204-3861-4195-bf93-2cfee28e39dd">
    <con:settings/>
    <con:config xsi:type="con:RunTestCaseStep" xmlns:xsi="http://www.w3.org/2001/XMLSchema-instance">
      <con:targetTestCase>af005648-7539-49a8-8bfb-f99b7f11d8cb</con:targetTestCase>
      <con:properties>
        <con:property>
          <con:name>req_biId</con:name>
          <con:value>3621</con:value>
        </con:property>
        <con:property>
          <con:name>res_itemId</con:name>
          <con:value>676</con:value>
        </con:property>
        <con:property>
          <con:name>res_code</con:name>
          <con:value>201</con:value>
        </con:property>
        <con:property>
          <con:name>req_paymentType</con:name>
          <con:value>BA</con:value>
        </con:property>
        <con:property>
          <con:name>req_itemOrder</con:name>
          <con:value>1</con:value>
        </con:property>
        <con:property>
          <con:name>req_creditCardNumber</con:name>
          <con:value>5127540000000002</con:value>
        </con:property>
        <con:property>
          <con:name>req_bank</con:name>
          <con:value>1</con:value>
        </con:property>
        <con:property>
          <con:name>req_chequeNumber</con:name>
          <con:value>1</con:value>
        </con:property>
        <con:property>
          <con:name>req_transactionRoundedAmount</con:name>
          <con:value>1.0</con:value>
        </con:property>
        <con:property>
          <con:name>req_transactionNotRoundedAmount</con:name>
          <con:value>1.0</con:value>
        </con:property>
        <con:property>
          <con:name>req_transactionCurrency</con:name>
          <con:value>EUR</con:value>
        </con:property>
        <con:property>
          <con:name>req_convertedRoundedAmount</con:name>
          <con:value>1</con:value>
        </con:property>
        <con:property>
          <con:name>req_convertedNotRoundedAmount</con:name>
          <con:value>1</con:value>
        </con:property>
        <con:property>
          <con:name>req_convertedCurrency</con:name>
          <con:value>EUR</con:value>
        </con:property>
        <con:property>
          <con:name>res_errorMessage</con:name>
        </con:property>
        <con:property>
          <con:name>req_transactionDate</con:name>
          <con:value>2019-08-12T20:17:46.384Z</con:value>
        </con:property>
      </con:properties>
      <con:returnProperties>
        <con:entry>res_itemId</con:entry>
        <con:entry>res_code</con:entry>
      </con:returnProperties>
      <con:runMode>PARALLELL</con:runMode>
    </con:config>
  </con:testStep>
  <con:testStep type="assertionteststep" name="Assertion res_code and res_itemId" id="9a2ded68-7e9a-4178-8018-c79412c7b488">
    <con:settings/>
    <con:config xsi:type="con:AssertionTestStep" xmlns:xsi="http://www.w3.org/2001/XMLSchema-instance">
      <con:entry>
        <con:id>a19ca91a-963b-4acb-871e-efe7289eff35</con:id>
        <con:isGroup>false</con:isGroup>
        <con:sourceId>1dc78204-3861-4195-bf93-2cfee28e39dd</con:sourceId>
        <con:propertyName>res_code</con:propertyName>
        <con:assertion type="Simple Equals" name="Equals" id="14b04cec-2e40-4f99-8176-62e0261a1f80">
          <con:configuration>
            <patternObjectId>a115145d-835f-4796-97e7-728d85beee81</patternObjectId>
            <patternProperty>httpStatusCode201</patternProperty>
            <caseSensitive>true</caseSensitive>
          </con:configuration>
        </con:assertion>
      </con:entry>
      <con:entry>
        <con:id>ea3ce0be-2dec-4ce5-94fc-7dee5c1ee3f3</con:id>
        <con:isGroup>false</con:isGroup>
        <con:sourceId>1dc78204-3861-4195-bf93-2cfee28e39dd</con:sourceId>
        <con:propertyName>res_itemId</con:propertyName>
        <con:assertion type="Simple Contains" name="Contains" id="d69c6954-3cda-4528-8689-70a95aecc434">
          <con:configuration>
            <token>\d+</token>
            <ignoreCase>false</ignoreCase>
            <useRegEx>true</useRegEx>
          </con:configuration>
        </con:assertion>
      </con:entry>
    </con:config>
  </con:testStep>
  <con:testStep type="transfer" name="Property Transfer 16" id="48b9f596-13c7-4b4b-a325-3f212e56e475">
    <con:settings/>
    <con:config xsi:type="con:PropertyTransfersStep" xmlns:xsi="http://www.w3.org/2001/XMLSchema-instance">
      <con:transfers setNullOnMissingSource="true" transferTextContent="true" failOnError="true" ignoreEmpty="false" transferToAll="false" entitize="false" transferChildNodes="false">
        <con:name>transfer_biId</con:name>
        <con:sourceType>res_biId</con:sourceType>
        <con:sourceStep>Create payment business interaction</con:sourceStep>
        <con:sourcePath/>
        <con:targetType>req_biId</con:targetType>
        <con:targetStep>Submit payment business interaction</con:targetStep>
        <con:targetPath/>
        <con:upgraded>true</con:upgraded>
      </con:transfers>
    </con:config>
  </con:testStep>
  <con:testStep type="calltestcase" name="Submit payment business interaction" id="a929fb54-469a-4ca6-be17-d9ad9f426589">
    <con:settings/>
    <con:config xsi:type="con:RunTestCaseStep" xmlns:xsi="http://www.w3.org/2001/XMLSchema-instance">
      <con:targetTestCase>cb3cb2e1-8414-4af7-a7b2-ec77be43f3be</con:targetTestCase>
      <con:properties>
        <con:property>
          <con:name>req_biId</con:name>
          <con:value>3621</con:value>
        </con:property>
        <con:property>
          <con:name>res_biId</con:name>
          <con:value>3621</con:value>
        </con:property>
        <con:property>
          <con:name>res_code</con:name>
          <con:value>200</con:value>
        </con:property>
        <con:property>
          <con:name>res_errorMessage</con:name>
        </con:property>
      </con:properties>
      <con:returnProperties>
        <con:entry>res_biId</con:entry>
        <con:entry>res_code</con:entry>
      </con:returnProperties>
      <con:runMode>PARALLELL</con:runMode>
    </con:config>
  </con:testStep>
  <con:testStep type="assertionteststep" name="Assertion res_code and res_biId 2" id="ac55736b-c969-488a-b8f1-697ee74043c3">
    <con:settings/>
    <con:config xsi:type="con:AssertionTestStep" xmlns:xsi="http://www.w3.org/2001/XMLSchema-instance">
      <con:entry>
        <con:id>f25ff9f8-6feb-4910-8a94-9eb63f25844f</con:id>
        <con:isGroup>false</con:isGroup>
        <con:sourceId>a929fb54-469a-4ca6-be17-d9ad9f426589</con:sourceId>
        <con:propertyName>res_code</con:propertyName>
        <con:assertion type="Simple Equals" name="Equals" id="4846e283-f30a-4f84-8cb6-d6e492c31407">
          <con:configuration>
            <patternObjectId>a115145d-835f-4796-97e7-728d85beee81</patternObjectId>
            <patternProperty>httpStatusCode200</patternProperty>
            <caseSensitive>true</caseSensitive>
          </con:configuration>
        </con:assertion>
      </con:entry>
    </con:config>
  </con:testStep>
  <con:testStep type="transfer" name="Property Transfer 18" id="144b4520-bc79-4947-a843-16cefd570139">
    <con:settings/>
    <con:config xsi:type="con:PropertyTransfersStep" xmlns:xsi="http://www.w3.org/2001/XMLSchema-instance">
      <con:transfers setNullOnMissingSource="true" transferTextContent="true" failOnError="true" ignoreEmpty="false" transferToAll="false" entitize="false" transferChildNodes="false">
        <con:name>biId</con:name>
        <con:sourceType>res_sessionId</con:sourceType>
        <con:sourceStep>Get single session by terminal id</con:sourceStep>
        <con:sourcePath/>
        <con:targetType>req_biId</con:targetType>
        <con:targetStep>Display transaction session account balance</con:targetStep>
        <con:targetPath/>
        <con:upgraded>true</con:upgraded>
      </con:transfers>
    </con:config>
  </con:testStep>
  <con:testStep type="calltestcase" name="Display transaction session account balance" id="040cfe25-7def-4f06-98cf-baceb400318f">
    <con:settings/>
    <con:config xsi:type="con:RunTestCaseStep" xmlns:xsi="http://www.w3.org/2001/XMLSchema-instance">
      <con:targetTestCase>2b435d30-812b-4d81-a95d-3beea3ea1e10</con:targetTestCase>
      <con:properties>
        <con:property>
          <con:name>req_biId</con:name>
          <con:value>3601</con:value>
        </con:property>
        <con:property>
          <con:name>res_accountId</con:name>
          <con:value>81</con:value>
        </con:property>
        <con:property>
          <con:name>res_roundedAmount</con:name>
          <con:value>1.0</con:value>
        </con:property>
        <con:property>
          <con:name>res_notRoundedAmount</con:name>
          <con:value>1.0</con:value>
        </con:property>
        <con:property>
          <con:name>res_currency</con:name>
          <con:value>EUR</con:value>
        </con:property>
        <con:property>
          <con:name>res_httpStatusCode</con:name>
          <con:value>200</con:value>
        </con:property>
      </con:properties>
      <con:returnProperties>
        <con:entry>res_accountId</con:entry>
        <con:entry>res_roundedAmount</con:entry>
        <con:entry>res_notRoundedAmount</con:entry>
        <con:entry>res_currency</con:entry>
        <con:entry>res_httpStatusCode</con:entry>
      </con:returnProperties>
      <con:runMode>PARALLELL</con:runMode>
    </con:config>
  </con:testStep>
  <con:testStep type="datagen" name="DataGen amount conversion 2" id="c0d745c9-9d7f-4ae5-a84d-e84359f2d788">
    <con:settings/>
    <con:config xsi:type="con:DataGeneratorStep" xmlns:xsi="http://www.w3.org/2001/XMLSchema-instance">
      <con:property type="Script">
        <con:configuration>
          <script>def res_roundedAmount = context.expand( '${Display transaction session account balance#res_roundedAmount}' )

if (!res_roundedAmount.contains(".")) {
testRunner.testCase.testSteps['Display transaction session account balance'].setPropertyValue("res_roundedAmount",res_roundedAmount + ".0");
}</script>
        </con:configuration>
        <con:name>roundedAmount</con:name>
        <con:mode>STEP</con:mode>
        <con:shared>false</con:shared>
      </con:property>
      <con:property type="Script">
        <con:configuration>
          <script>def res_notRoundedAmount = context.expand( '${Display transaction session account balance#res_notRoundedAmount}' )

if (!res_notRoundedAmount.contains(".")) {
testRunner.testCase.testSteps['Display transaction session account balance'].setPropertyValue("res_notRoundedAmount",res_notRoundedAmount + ".0");
}</script>
        </con:configuration>
        <con:name>notRoundedAmount</con:name>
        <con:mode>STEP</con:mode>
        <con:shared>false</con:shared>
      </con:property>
    </con:config>
  </con:testStep>
  <con:testStep type="assertionteststep" name="Assertion transaction session account balance is displayed successfully" id="ea9af211-56fc-49a4-b37f-80d0ad39d7f9">
    <con:settings/>
    <con:config xsi:type="con:AssertionTestStep" xmlns:xsi="http://www.w3.org/2001/XMLSchema-instance">
      <con:entry>
        <con:id>893b5f68-8081-4ba7-84db-559f081879fa</con:id>
        <con:isGroup>false</con:isGroup>
        <con:sourceId>040cfe25-7def-4f06-98cf-baceb400318f</con:sourceId>
        <con:propertyName>res_accountId</con:propertyName>
        <con:assertion type="Simple Contains" name="Contains" id="9b7163e2-b568-413e-adbd-4be23f437893">
          <con:configuration>
            <token>\d+</token>
            <ignoreCase>false</ignoreCase>
            <useRegEx>true</useRegEx>
          </con:configuration>
        </con:assertion>
      </con:entry>
      <con:entry>
        <con:id>4da2e53b-ca44-4636-8e86-e3dbb88649c9</con:id>
        <con:isGroup>false</con:isGroup>
        <con:sourceId>040cfe25-7def-4f06-98cf-baceb400318f</con:sourceId>
        <con:propertyName>res_roundedAmount</con:propertyName>
        <con:assertion type="Simple Equals" name="Equals" id="10e51567-d0d8-4384-ad0c-9a4bb9ec7ced">
          <con:configuration>
            <patternObjectId>c737183b-a861-43ea-a22a-3f7afbed9ebf</patternObjectId>
            <patternProperty>req_transactionRoundedAmount</patternProperty>
            <caseSensitive>true</caseSensitive>
          </con:configuration>
        </con:assertion>
      </con:entry>
      <con:entry>
        <con:id>826c2b5a-0fb0-461e-8402-388219dbead2</con:id>
        <con:isGroup>false</con:isGroup>
        <con:sourceId>040cfe25-7def-4f06-98cf-baceb400318f</con:sourceId>
        <con:propertyName>res_notRoundedAmount</con:propertyName>
        <con:assertion type="Simple Equals" name="Equals 2" id="603a707d-eb57-4da0-ab50-3bbf3ef074cb">
          <con:configuration>
            <patternObjectId>c737183b-a861-43ea-a22a-3f7afbed9ebf</patternObjectId>
            <patternProperty>req_transactionNotRoundedAmount</patternProperty>
            <caseSensitive>true</caseSensitive>
          </con:configuration>
        </con:assertion>
      </con:entry>
      <con:entry>
        <con:id>c1bd4f1e-42da-4a0c-9f04-52ab20bacc91</con:id>
        <con:isGroup>false</con:isGroup>
        <con:sourceId>040cfe25-7def-4f06-98cf-baceb400318f</con:sourceId>
        <con:propertyName>res_currency</con:propertyName>
        <con:assertion type="Simple Equals" name="Equals 3" id="66a6c62b-59d1-43eb-b4f3-75eb59601c8e">
          <con:configuration>
            <patternObjectId>c737183b-a861-43ea-a22a-3f7afbed9ebf</patternObjectId>
            <patternProperty>req_transactionCurrency</patternProperty>
            <caseSensitive>true</caseSensitive>
          </con:configuration>
        </con:assertion>
      </con:entry>
      <con:entry>
        <con:id>08228136-8574-4198-a677-8a686047ae9f</con:id>
        <con:isGroup>false</con:isGroup>
        <con:sourceId>040cfe25-7def-4f06-98cf-baceb400318f</con:sourceId>
        <con:propertyName>res_httpStatusCode</con:propertyName>
        <con:assertion type="Simple Equals" name="Equals 4" id="148391f7-1555-4816-bce7-ad3e9dbf772c">
          <con:configuration>
            <patternObjectId>a115145d-835f-4796-97e7-728d85beee81</patternObjectId>
            <patternProperty>httpStatusCode200</patternProperty>
            <caseSensitive>true</caseSensitive>
          </con:configuration>
        </con:assertion>
      </con:entry>
    </con:config>
  </con:testStep>
  <con:testStep type="transfer" name="Property Transfer 19" id="5e4179c1-e570-4691-83f1-147fa38af392">
    <con:settings/>
    <con:config xsi:type="con:PropertyTransfersStep" xmlns:xsi="http://www.w3.org/2001/XMLSchema-instance">
      <con:transfers setNullOnMissingSource="true" transferTextContent="true" failOnError="true" ignoreEmpty="false" transferToAll="false" entitize="false" transferChildNodes="false">
        <con:name>sessionId</con:name>
        <con:sourceType>res_sessionId</con:sourceType>
        <con:sourceStep>Get single session by terminal id</con:sourceStep>
        <con:sourcePath/>
        <con:targetType>req_biId</con:targetType>
        <con:targetStep>Display session initial account balance</con:targetStep>
        <con:targetPath/>
        <con:upgraded>true</con:upgraded>
      </con:transfers>
    </con:config>
  </con:testStep>
  <con:testStep type="calltestcase" name="Display session initial account balance" id="253f8460-0bc4-4650-9729-41e82894ab7f">
    <con:settings/>
    <con:config xsi:type="con:RunTestCaseStep" xmlns:xsi="http://www.w3.org/2001/XMLSchema-instance">
      <con:targetTestCase>eb533557-4d69-406e-b55a-30321ff4b080</con:targetTestCase>
      <con:properties>
        <con:property>
          <con:name>req_biId</con:name>
          <con:value>3601</con:value>
        </con:property>
        <con:property>
          <con:name>res_initialSessionAcountBalance</con:name>
          <con:value>80</con:value>
        </con:property>
        <con:property>
          <con:name>res_notRoundedAmount</con:name>
          <con:value>0.0</con:value>
        </con:property>
        <con:property>
          <con:name>res_roundedAmount</con:name>
          <con:value>0.0</con:value>
        </con:property>
        <con:property>
          <con:name>res_currency</con:name>
          <con:value>EUR</con:value>
        </con:property>
        <con:property>
          <con:name>res_httpStatusCode</con:name>
          <con:value>200</con:value>
        </con:property>
      </con:properties>
      <con:returnProperties>
        <con:entry>res_initialSessionAcountBalance</con:entry>
        <con:entry>res_notRoundedAmount</con:entry>
        <con:entry>res_roundedAmount</con:entry>
        <con:entry>res_currency</con:entry>
        <con:entry>res_httpStatusCode</con:entry>
      </con:returnProperties>
      <con:runMode>PARALLELL</con:runMode>
    </con:config>
  </con:testStep>
  <con:testStep type="datagen" name="DataGen amount conversion 3" id="ca5c83b2-698f-4917-aed0-442f4818361f">
    <con:settings/>
    <con:config xsi:type="con:DataGeneratorStep" xmlns:xsi="http://www.w3.org/2001/XMLSchema-instance">
      <con:property type="Script">
        <con:configuration>
          <script>def res_roundedAmount = context.expand( '${Display session initial account balance#res_roundedAmount}' )

if (!res_roundedAmount.contains(".")) {
testRunner.testCase.testSteps['Display session initial account balance'].setPropertyValue("res_roundedAmount",res_roundedAmount + ".0");
}</script>
        </con:configuration>
        <con:name>roundedAmount</con:name>
        <con:mode>STEP</con:mode>
        <con:shared>false</con:shared>
      </con:property>
      <con:property type="Script">
        <con:configuration>
          <script>def res_notRoundedAmount = context.expand( '${Display session initial account balance#res_notRoundedAmount}' )

if (!res_notRoundedAmount.contains(".")) {
testRunner.testCase.testSteps['Display session initial account balance'].setPropertyValue("res_notRoundedAmount",res_notRoundedAmount + ".0");
}</script>
        </con:configuration>
        <con:name>notRoundedAmount</con:name>
        <con:mode>STEP</con:mode>
        <con:shared>false</con:shared>
      </con:property>
    </con:config>
  </con:testStep>
  <con:testStep type="assertionteststep" name="Assertion initial session acount is displayed successfully" id="cda4c88e-b45e-4cb8-970d-1fd70c002459">
    <con:settings/>
    <con:config xsi:type="con:AssertionTestStep" xmlns:xsi="http://www.w3.org/2001/XMLSchema-instance">
      <con:entry>
        <con:id>c855aeb2-a232-4022-81c3-6752409f3832</con:id>
        <con:isGroup>false</con:isGroup>
        <con:sourceId>253f8460-0bc4-4650-9729-41e82894ab7f</con:sourceId>
        <con:propertyName>res_notRoundedAmount</con:propertyName>
        <con:assertion type="Simple Equals" name="Equals" id="8baaca7b-de0a-46a9-8a9e-a739de202674">
          <con:configuration>
            <patternObjectId>a115145d-835f-4796-97e7-728d85beee81</patternObjectId>
            <patternProperty>zeroAmount</patternProperty>
            <caseSensitive>true</caseSensitive>
          </con:configuration>
        </con:assertion>
      </con:entry>
      <con:entry>
        <con:id>a11513a9-5919-4f2a-abe7-2d4953c7d097</con:id>
        <con:isGroup>false</con:isGroup>
        <con:sourceId>253f8460-0bc4-4650-9729-41e82894ab7f</con:sourceId>
        <con:propertyName>res_roundedAmount</con:propertyName>
        <con:assertion type="Simple Equals" name="Equals 2" id="46dcd469-c7f0-4762-94b9-708bf83e79a7">
          <con:configuration>
            <patternObjectId>a115145d-835f-4796-97e7-728d85beee81</patternObjectId>
            <patternProperty>zeroAmount</patternProperty>
            <caseSensitive>true</caseSensitive>
          </con:configuration>
        </con:assertion>
      </con:entry>
      <con:entry>
        <con:id>54ec9f07-dafa-4de0-805c-31c6a126ddde</con:id>
        <con:isGroup>false</con:isGroup>
        <con:sourceId>253f8460-0bc4-4650-9729-41e82894ab7f</con:sourceId>
        <con:propertyName>res_currency</con:propertyName>
        <con:assertion type="Simple Equals" name="Equals 3" id="5f5d4d27-ebeb-46d7-af16-0da2a4d7638e">
          <con:configuration>
            <patternObjectId>a115145d-835f-4796-97e7-728d85beee81</patternObjectId>
            <patternProperty>currencyEUR</patternProperty>
            <caseSensitive>true</caseSensitive>
          </con:configuration>
        </con:assertion>
      </con:entry>
      <con:entry>
        <con:id>319dd050-86d1-4c4b-9002-18486eaef5bf</con:id>
        <con:isGroup>false</con:isGroup>
        <con:sourceId>253f8460-0bc4-4650-9729-41e82894ab7f</con:sourceId>
        <con:propertyName>res_initialSessionAcountBalance</con:propertyName>
        <con:assertion type="Simple Contains" name="Contains" id="fc57ec0e-e3c2-48fe-8bfc-63d357f73098">
          <con:configuration>
            <token>\d+</token>
            <ignoreCase>false</ignoreCase>
            <useRegEx>true</useRegEx>
          </con:configuration>
        </con:assertion>
      </con:entry>
      <con:entry>
        <con:id>6dbe3eb6-0328-4599-a6b9-e2a3c21fb90a</con:id>
        <con:isGroup>false</con:isGroup>
        <con:sourceId>253f8460-0bc4-4650-9729-41e82894ab7f</con:sourceId>
        <con:propertyName>res_httpStatusCode</con:propertyName>
        <con:assertion type="Simple Equals" name="Equals 4" id="a30f189d-585e-40e0-8943-ad1722db6648">
          <con:configuration>
            <patternObjectId>a115145d-835f-4796-97e7-728d85beee81</patternObjectId>
            <patternProperty>httpStatusCode200</patternProperty>
            <caseSensitive>true</caseSensitive>
          </con:configuration>
        </con:assertion>
      </con:entry>
    </con:config>
  </con:testStep>
  <con:testStep type="transfer" name="Property Transfer 20" id="c14a56b4-4f1d-4e83-b85f-383a461a3c6d">
    <con:settings/>
    <con:config xsi:type="con:PropertyTransfersStep" xmlns:xsi="http://www.w3.org/2001/XMLSchema-instance">
      <con:transfers setNullOnMissingSource="true" transferTextContent="true" failOnError="true" ignoreEmpty="false" transferToAll="false" entitize="false" transferChildNodes="false">
        <con:name>userId</con:name>
        <con:sourceType>res_userRoleId</con:sourceType>
        <con:sourceStep>Create and submit sales org with user, inventory and terminal</con:sourceStep>
        <con:sourcePath/>
        <con:targetType>req_userId</con:targetType>
        <con:targetStep>Display user's account balance</con:targetStep>
        <con:targetPath/>
        <con:upgraded>true</con:upgraded>
      </con:transfers>
    </con:config>
  </con:testStep>
  <con:testStep type="calltestcase" name="Display user's account balance" id="fd2af412-e0c8-42cd-b49c-2a4923d5c2fd">
    <con:settings/>
    <con:config xsi:type="con:RunTestCaseStep" xmlns:xsi="http://www.w3.org/2001/XMLSchema-instance">
      <con:targetTestCase>8a3b20cb-7c77-4c79-a6a7-2d4c83fecf8c</con:targetTestCase>
      <con:properties>
        <con:property>
          <con:name>req_userId</con:name>
          <con:value>162</con:value>
        </con:property>
        <con:property>
          <con:name>res_accountId</con:name>
          <con:value>78</con:value>
        </con:property>
        <con:property>
          <con:name>res_accountName</con:name>
        </con:property>
        <con:property>
          <con:name>res_notRoundedAmount</con:name>
          <con:value>1.0</con:value>
        </con:property>
        <con:property>
          <con:name>res_currency</con:name>
          <con:value>EUR</con:value>
        </con:property>
        <con:property>
          <con:name>res_roundedAmount</con:name>
          <con:value>1.0</con:value>
        </con:property>
        <con:property>
          <con:name>res_httpStatus</con:name>
        </con:property>
        <con:property>
          <con:name>res_errorMessage</con:name>
        </con:property>
      </con:properties>
      <con:returnProperties>
        <con:entry>res_accountId</con:entry>
        <con:entry>res_notRoundedAmount</con:entry>
        <con:entry>res_currency</con:entry>
        <con:entry>res_roundedAmount</con:entry>
      </con:returnProperties>
      <con:runMode>PARALLELL</con:runMode>
    </con:config>
  </con:testStep>
  <con:testStep type="datagen" name="DataGen amount conversion 4" id="870565bf-ad6c-4c9d-b291-4723bae5aa32">
    <con:settings/>
    <con:config xsi:type="con:DataGeneratorStep" xmlns:xsi="http://www.w3.org/2001/XMLSchema-instance">
      <con:property type="Script">
        <con:configuration>
          <script>def res_roundedAmount = context.expand( '${Display user\'s account balance#res_roundedAmount}' )

if (!res_roundedAmount.contains(".")) {
testRunner.testCase.testSteps['Display user\'s account balance'].setPropertyValue("res_roundedAmount",res_roundedAmount + ".0");
}</script>
        </con:configuration>
        <con:name>roundedAmount</con:name>
        <con:mode>STEP</con:mode>
        <con:shared>false</con:shared>
      </con:property>
      <con:property type="Script">
        <con:configuration>
          <script>def res_notRoundedAmount = context.expand( '${Display user\'s account balance#res_notRoundedAmount}' )

if (!res_notRoundedAmount.contains(".")) {
testRunner.testCase.testSteps['Display user\'s account balance'].setPropertyValue("res_notRoundedAmount",res_notRoundedAmount + ".0");
}</script>
        </con:configuration>
        <con:name>notRoundedAmount</con:name>
        <con:mode>STEP</con:mode>
        <con:shared>false</con:shared>
      </con:property>
    </con:config>
  </con:testStep>
  <con:testStep type="assertionteststep" name="Assertion user's account balance is displayed successfully" id="ad58ae2e-375e-49f8-adbe-38a6a45449ca">
    <con:settings/>
    <con:config xsi:type="con:AssertionTestStep" xmlns:xsi="http://www.w3.org/2001/XMLSchema-instance">
      <con:entry>
        <con:id>24bda6cd-810e-483c-ac57-64b7cb5f75dc</con:id>
        <con:isGroup>false</con:isGroup>
        <con:sourceId>fd2af412-e0c8-42cd-b49c-2a4923d5c2fd</con:sourceId>
        <con:propertyName>res_accountId</con:propertyName>
        <con:assertion type="Simple Contains" name="Contains" id="77071cf5-df9d-4ae9-99f6-307b8b78a262">
          <con:configuration>
            <token>\d+</token>
            <ignoreCase>false</ignoreCase>
            <useRegEx>true</useRegEx>
          </con:configuration>
        </con:assertion>
      </con:entry>
      <con:entry>
        <con:id>42d67f5e-edb3-4e91-a463-f75c7e92db6f</con:id>
        <con:isGroup>false</con:isGroup>
        <con:sourceId>fd2af412-e0c8-42cd-b49c-2a4923d5c2fd</con:sourceId>
        <con:propertyName>res_notRoundedAmount</con:propertyName>
        <con:assertion type="Simple Equals" name="Equals" id="4f49c397-b125-4dd0-9fe2-b062b1c8fa1b">
          <con:configuration>
            <patternObjectId>c737183b-a861-43ea-a22a-3f7afbed9ebf</patternObjectId>
            <patternProperty>req_transactionNotRoundedAmount</patternProperty>
            <caseSensitive>true</caseSensitive>
          </con:configuration>
        </con:assertion>
      </con:entry>
      <con:entry>
        <con:id>fb626de0-2a4f-4dff-8dfc-7d2b305b0622</con:id>
        <con:isGroup>false</con:isGroup>
        <con:sourceId>fd2af412-e0c8-42cd-b49c-2a4923d5c2fd</con:sourceId>
        <con:propertyName>res_roundedAmount</con:propertyName>
        <con:assertion type="Simple Equals" name="Equals 2" id="c2ae524e-7d72-4f60-9011-d83f49520d60">
          <con:configuration>
            <patternObjectId>c737183b-a861-43ea-a22a-3f7afbed9ebf</patternObjectId>
            <patternProperty>req_transactionRoundedAmount</patternProperty>
            <caseSensitive>true</caseSensitive>
          </con:configuration>
        </con:assertion>
      </con:entry>
      <con:entry>
        <con:id>ab1622a7-6b49-4567-adce-74ec3c6b8162</con:id>
        <con:isGroup>false</con:isGroup>
        <con:sourceId>fd2af412-e0c8-42cd-b49c-2a4923d5c2fd</con:sourceId>
        <con:propertyName>res_currency</con:propertyName>
        <con:assertion type="Simple Equals" name="Equals 3" id="26cf09dc-beda-42aa-acb8-5609dfc6db9a">
          <con:configuration>
            <patternObjectId>c737183b-a861-43ea-a22a-3f7afbed9ebf</patternObjectId>
            <patternProperty>req_transactionCurrency</patternProperty>
            <caseSensitive>true</caseSensitive>
          </con:configuration>
        </con:assertion>
      </con:entry>
    </con:config>
  </con:testStep>
  <con:testStep type="transfer" name="Property Transfer 30" id="9d9250f1-d3e7-4415-808b-89b171b39d2d">
    <con:settings/>
    <con:config xsi:type="con:PropertyTransfersStep" xmlns:xsi="http://www.w3.org/2001/XMLSchema-instance">
      <con:transfers setNullOnMissingSource="true" transferTextContent="true" failOnError="true" ignoreEmpty="false" transferToAll="false" entitize="false" transferChildNodes="false">
        <con:name>sessionId</con:name>
        <con:sourceType>res_sessionId</con:sourceType>
        <con:sourceStep>Get single session by terminal id</con:sourceStep>
        <con:sourcePath/>
        <con:targetType>req_sessionId</con:targetType>
        <con:targetStep>Get monetary transaction of session</con:targetStep>
        <con:targetPath/>
        <con:upgraded>true</con:upgraded>
      </con:transfers>
    </con:config>
  </con:testStep>
  <con:testStep type="calltestcase" name="Get monetary transaction of session" id="da057a5c-fc03-4d88-aeee-2a09a022a6c7">
    <con:settings/>
    <con:config xsi:type="con:RunTestCaseStep" xmlns:xsi="http://www.w3.org/2001/XMLSchema-instance">
      <con:targetTestCase>24509476-59ab-4d12-9568-b7dab2a80aa1</con:targetTestCase>
      <con:properties>
        <con:property>
          <con:name>req_sessionId</con:name>
          <con:value>3601</con:value>
        </con:property>
        <con:property>
          <con:name>res_monetaryTransactionId</con:name>
          <con:value>678</con:value>
        </con:property>
        <con:property>
          <con:name>res_status</con:name>
          <con:value>0</con:value>
        </con:property>
        <con:property>
          <con:name>res_relatedAccounts</con:name>
          <con:value>User Account : John Smith-name-so-eb485b60-59b2-44ce-84b4-5a856470c2b3,Annonymous Customer Account</con:value>
        </con:property>
        <con:property>
          <con:name>res_fromAccount</con:name>
          <con:value>User Account : John Smith-name-so-eb485b60-59b2-44ce-84b4-5a856470c2b3</con:value>
        </con:property>
        <con:property>
          <con:name>res_toAccount</con:name>
          <con:value>Annonymous Customer Account</con:value>
        </con:property>
        <con:property>
          <con:name>res_amount</con:name>
          <con:value>1.0</con:value>
        </con:property>
        <con:property>
          <con:name>res_currency</con:name>
          <con:value>EUR</con:value>
        </con:property>
        <con:property>
          <con:name>res_httpStatusCode</con:name>
          <con:value>200</con:value>
        </con:property>
      </con:properties>
      <con:returnProperties>
        <con:entry>res_monetaryTransactionId</con:entry>
        <con:entry>res_status</con:entry>
        <con:entry>res_relatedAccounts</con:entry>
        <con:entry>res_fromAccount</con:entry>
        <con:entry>res_toAccount</con:entry>
        <con:entry>res_amount</con:entry>
        <con:entry>res_currency</con:entry>
        <con:entry>res_httpStatusCode</con:entry>
      </con:returnProperties>
      <con:runMode>PARALLELL</con:runMode>
    </con:config>
  </con:testStep>
  <con:testStep type="assertionteststep" name="Assertion responses" id="add9672e-f47b-4498-a0d7-bd5c13f9f730">
    <con:settings/>
    <con:config xsi:type="con:AssertionTestStep" xmlns:xsi="http://www.w3.org/2001/XMLSchema-instance">
      <con:entry>
        <con:id>ed6cb0ed-4811-43ec-9a52-a7a3bf8c8404</con:id>
        <con:isGroup>false</con:isGroup>
        <con:sourceId>da057a5c-fc03-4d88-aeee-2a09a022a6c7</con:sourceId>
        <con:propertyName>res_status</con:propertyName>
        <con:assertion type="Simple Equals" name="Equals" id="8a22575e-50f4-48a0-ab5e-e09eaaa83596">
          <con:configuration>
            <patternObjectId>a115145d-835f-4796-97e7-728d85beee81</patternObjectId>
            <patternProperty>statusZero</patternProperty>
            <caseSensitive>true</caseSensitive>
          </con:configuration>
        </con:assertion>
      </con:entry>
      <con:entry>
        <con:id>e349a967-2657-4267-9164-80ee79ea1514</con:id>
        <con:isGroup>false</con:isGroup>
        <con:sourceId>da057a5c-fc03-4d88-aeee-2a09a022a6c7</con:sourceId>
        <con:propertyName>res_currency</con:propertyName>
        <con:assertion type="Simple Equals" name="Equals 2" id="b1603e66-6a0b-4296-bddb-f2afc06c9509">
          <con:configuration>
            <patternObjectId>a115145d-835f-4796-97e7-728d85beee81</patternObjectId>
            <patternProperty>currencyEUR</patternProperty>
            <caseSensitive>true</caseSensitive>
          </con:configuration>
        </con:assertion>
      </con:entry>
      <con:entry>
        <con:id>4e3cbe83-fc29-4d7b-82f4-f69da0bdc6b6</con:id>
        <con:isGroup>false</con:isGroup>
        <con:sourceId>da057a5c-fc03-4d88-aeee-2a09a022a6c7</con:sourceId>
        <con:propertyName>res_httpStatusCode</con:propertyName>
        <con:assertion type="Simple Equals" name="Equals 3" id="fcf8f168-0256-4359-9841-04dbd96ac966">
          <con:configuration>
            <patternObjectId>a115145d-835f-4796-97e7-728d85beee81</patternObjectId>
            <patternProperty>httpStatusCode200</patternProperty>
            <caseSensitive>true</caseSensitive>
          </con:configuration>
        </con:assertion>
      </con:entry>
    </con:config>
  </con:testStep>
  <con:testStep type="transfer" name="Property Transfer 17" id="77ba6c2c-6628-47da-837d-3c8c899ad774">
    <con:settings/>
    <con:config xsi:type="con:PropertyTransfersStep" xmlns:xsi="http://www.w3.org/2001/XMLSchema-instance">
      <con:transfers setNullOnMissingSource="true" transferTextContent="true" failOnError="true" ignoreEmpty="false" transferToAll="false" entitize="false" transferChildNodes="false">
        <con:name>sessionId</con:name>
        <con:sourceType>res_sessionId</con:sourceType>
        <con:sourceStep>Get single session by terminal id</con:sourceStep>
        <con:sourcePath/>
        <con:targetType>req_biId</con:targetType>
        <con:targetStep>Display journal business interaction of session</con:targetStep>
        <con:targetPath/>
        <con:upgraded>true</con:upgraded>
      </con:transfers>
    </con:config>
  </con:testStep>
  <con:testStep type="calltestcase" name="Display journal business interaction of session" id="5dc80da7-e70d-4ec4-9b5b-b3b29ea90457">
    <con:settings/>
    <con:config xsi:type="con:RunTestCaseStep" xmlns:xsi="http://www.w3.org/2001/XMLSchema-instance">
      <con:targetTestCase>53ab1504-e5cd-443e-be77-dbf20e3146d1</con:targetTestCase>
      <con:properties>
        <con:property>
          <con:name>req_biId</con:name>
          <con:value>3601</con:value>
        </con:property>
        <con:property>
          <con:name>res_body</con:name>
          <con:value>[{"date":"2018-03-12T20:30:04+0300","id":3611,"biType":"Stock In BI Spec","description":"Stock In at [name-so-eb485b60-59b2-44ce-84b4-5a856470c2b3] by [John Smith]","from":"name-so-eb485b60-59b2-44ce-84b4-5a856470c2b3","to":"name-so-eb485b60-59b2-44ce-84b4-5a856470c2b3","biCode":"STI-3611","biStatus":"Closed","type":"com.ericsson.bss.rm.erms.core.entity.dto.bi.session.JournaledBIOfSessionDTO"},{"date":"2018-03-12T20:30:05+0300","id":3621,"biType":"Payment BI Spec","description":"Standalone Payment","from":"name-so-eb485b60-59b2-44ce-84b4-5a856470c2b3","to":"name-so-eb485b60-59b2-44ce-84b4-5a856470c2b3","biCode":"PAY-3621","biStatus":"Closed","type":"com.ericsson.bss.rm.erms.core.entity.dto.bi.session.JournaledBIOfSessionDTO"},{"date":"2018-03-12T20:30:05+0300","id":3631,"biType":"Monetary Transaction sub bi spec for payment bi","description":"Monetary Transaction at [name-so-eb485b60-59b2-44ce-84b4-5a856470c2b3] by [John Smith]","from":"name-so-eb485b60-59b2-44ce-84b4-5a856470c2b3","to":"name-so-eb485b60-59b2-44ce-84b4-5a856470c2b3","biCode":"MTx-3631","biStatus":"Closed","type":"com.ericsson.bss.rm.erms.core.entity.dto.bi.session.JournaledBIOfSessionDTO"}]</con:value>
        </con:property>
        <con:property>
          <con:name>res_httpStatusCode</con:name>
          <con:value>200</con:value>
        </con:property>
      </con:properties>
      <con:returnProperties>
        <con:entry>res_body</con:entry>
        <con:entry>res_httpStatusCode</con:entry>
      </con:returnProperties>
      <con:runMode>PARALLELL</con:runMode>
    </con:config>
  </con:testStep>
  <con:testStep type="transfer" name="Property Transfer 31" id="27d8383f-1b33-4a27-b37b-c2505cc3d7d0">
    <con:settings/>
    <con:config xsi:type="con:PropertyTransfersStep" xmlns:xsi="http://www.w3.org/2001/XMLSchema-instance">
      <con:transfers setNullOnMissingSource="true" transferTextContent="true" failOnError="true" ignoreEmpty="false" transferToAll="false" entitize="false" transferChildNodes="false">
        <con:name>setPaymentBiStatus</con:name>
        <con:sourceType>res_body</con:sourceType>
        <con:sourceStep>Display journal business interaction of session</con:sourceStep>
        <con:sourcePath>$[0]['biStatus']</con:sourcePath>
        <con:targetType>paymentBiStatus</con:targetType>
        <con:targetStep>Properties</con:targetStep>
        <con:targetPath/>
        <con:type>JSONPATH</con:type>
        <con:upgraded>true</con:upgraded>
      </con:transfers>
      <con:transfers setNullOnMissingSource="true" transferTextContent="true" failOnError="true" ignoreEmpty="false" transferToAll="false" entitize="false" transferChildNodes="false">
        <con:name>setMonetaryTransactionBiStatus</con:name>
        <con:sourceType>res_body</con:sourceType>
        <con:sourceStep>Display journal business interaction of session</con:sourceStep>
        <con:sourcePath>$[1]['biStatus']</con:sourcePath>
        <con:targetType>monetaryTransactionBiStatus</con:targetType>
        <con:targetStep>Properties</con:targetStep>
        <con:type>JSONPATH</con:type>
        <con:upgraded>true</con:upgraded>
      </con:transfers>
    </con:config>
  </con:testStep>
  <con:testStep type="assertionteststep" name="Assertion display journal business interaction" id="a8de30c8-c780-46ba-8cfa-32877e417eb6">
    <con:settings/>
    <con:config xsi:type="con:AssertionTestStep" xmlns:xsi="http://www.w3.org/2001/XMLSchema-instance">
      <con:entry>
        <con:id>344bb696-b73e-499a-98bc-9767468a0a7a</con:id>
        <con:isGroup>false</con:isGroup>
        <con:sourceId>5dc80da7-e70d-4ec4-9b5b-b3b29ea90457</con:sourceId>
        <con:propertyName>res_httpStatusCode</con:propertyName>
        <con:assertion type="Simple Equals" name="Equals" id="7c121343-8ec6-4c4d-9a0b-23abda7aa11f">
          <con:configuration>
            <patternObjectId>a115145d-835f-4796-97e7-728d85beee81</patternObjectId>
            <patternProperty>httpStatusCode200</patternProperty>
            <caseSensitive>true</caseSensitive>
          </con:configuration>
        </con:assertion>
      </con:entry>
      <con:entry>
        <con:id>0fc5e8cd-29c1-4246-bc9b-c635b6aa552a</con:id>
        <con:isGroup>false</con:isGroup>
        <con:sourceId>5dc80da7-e70d-4ec4-9b5b-b3b29ea90457</con:sourceId>
        <con:propertyName>res_body</con:propertyName>
        <con:assertion type="Simple Contains" name="Contains" id="9dc3712f-fec9-49d9-91cd-fc92bc35b556">
          <con:configuration>
            <token>Payment BI Spec</token>
            <ignoreCase>false</ignoreCase>
            <useRegEx>true</useRegEx>
          </con:configuration>
        </con:assertion>
      </con:entry>
      <con:entry>
        <con:id>d7dc8060-363a-4c22-b1b0-15eb23bfa7aa</con:id>
        <con:isGroup>false</con:isGroup>
        <con:sourceId>a115145d-835f-4796-97e7-728d85beee81</con:sourceId>
        <con:propertyName>paymentBiStatus</con:propertyName>
        <con:assertion type="Simple Equals" name="Equals 2" id="690c8c31-cc59-41e4-b0f5-bef84af8145d">
          <con:configuration>
            <patternObjectId>a115145d-835f-4796-97e7-728d85beee81</patternObjectId>
            <patternProperty>statusClosed</patternProperty>
            <caseSensitive>true</caseSensitive>
          </con:configuration>
        </con:assertion>
      </con:entry>
      <con:entry>
        <con:id>55a5343d-e774-4598-8baf-0770bebd306e</con:id>
        <con:isGroup>false</con:isGroup>
        <con:sourceId>a115145d-835f-4796-97e7-728d85beee81</con:sourceId>
        <con:propertyName>monetaryTransactionBiStatus</con:propertyName>
        <con:assertion type="Simple Equals" name="Equals 3" id="79d0f950-755f-4512-a670-2e119fa62168">
          <con:configuration>
            <patternObjectId>a115145d-835f-4796-97e7-728d85beee81</patternObjectId>
            <patternProperty>monetaryTransactionBiStatus</patternProperty>
            <caseSensitive>true</caseSensitive>
          </con:configuration>
        </con:assertion>
      </con:entry>
      <con:entry>
        <con:id>c03353a5-a2ed-491e-b066-bde54c67dd55</con:id>
        <con:isGroup>false</con:isGroup>
        <con:sourceId>5dc80da7-e70d-4ec4-9b5b-b3b29ea90457</con:sourceId>
        <con:propertyName>res_body</con:propertyName>
        <con:assertion type="Simple Contains" name="Contains 2" id="3136ccde-4f63-4f7a-bfb0-4bc19ca95249">
          <con:configuration>
            <token>Payment BI Spec</token>
            <ignoreCase>false</ignoreCase>
            <useRegEx>true</useRegEx>
          </con:configuration>
        </con:assertion>
      </con:entry>
    </con:config>
  </con:testStep>
  <con:testStep type="transfer" name="P.T. - Get reference id for product move. of session" id="c9415f7d-cf20-4714-8115-aba38458d572">
    <con:settings/>
    <con:config xsi:type="con:PropertyTransfersStep" xmlns:xsi="http://www.w3.org/2001/XMLSchema-instance">
      <con:transfers setNullOnMissingSource="true" transferTextContent="true" failOnError="true" ignoreEmpty="false" transferToAll="false" entitize="false" transferChildNodes="false">
        <con:name>biId</con:name>
        <con:sourceType>res_biId</con:sourceType>
        <con:sourceStep>Submit stock-in interaction</con:sourceStep>
        <con:sourcePath/>
        <con:targetType>req_biId</con:targetType>
        <con:targetStep>Get reference id for product move. of session</con:targetStep>
        <con:targetPath/>
        <con:upgraded>true</con:upgraded>
      </con:transfers>
      <con:transfers setNullOnMissingSource="true" transferTextContent="true" failOnError="true" ignoreEmpty="false" transferToAll="false" entitize="false" transferChildNodes="false">
        <con:name>stagingType</con:name>
        <con:sourceType>stageType</con:sourceType>
        <con:sourceStep>Properties</con:sourceStep>
        <con:targetType>req_stagingType</con:targetType>
        <con:targetStep>Get reference id for product move. of session</con:targetStep>
        <con:upgraded>true</con:upgraded>
      </con:transfers>
    </con:config>
  </con:testStep>
  <con:testStep type="calltestcase" name="Get reference id for product move. of session" id="8f049df9-2691-4be6-a368-b41a8f1724c7">
    <con:settings/>
    <con:config xsi:type="con:RunTestCaseStep" xmlns:xsi="http://www.w3.org/2001/XMLSchema-instance">
      <con:targetTestCase>ba31965b-2c11-4f4d-93b4-f44b99f51860</con:targetTestCase>
      <con:properties>
        <con:property>
          <con:name>req_biId</con:name>
          <con:value>3611</con:value>
        </con:property>
        <con:property>
          <con:name>req_stagingType</con:name>
          <con:value>com.ericsson.bss.rm.erms.core.entity.db.staging.ProductMovementLogStage</con:value>
        </con:property>
        <con:property>
          <con:name>res_referenceId</con:name>
          <con:value>3611</con:value>
        </con:property>
        <con:property>
          <con:name>res_httpStatus</con:name>
          <con:value>200</con:value>
        </con:property>
      </con:properties>
      <con:returnProperties>
        <con:entry>res_referenceId</con:entry>
        <con:entry>res_httpStatus</con:entry>
      </con:returnProperties>
      <con:runMode>PARALLELL</con:runMode>
    </con:config>
  </con:testStep>
  <con:testStep type="assertionteststep" name="Assert reference id received" id="0e002eda-c944-44b2-bf0d-70b79648b606">
    <con:settings/>
    <con:config xsi:type="con:AssertionTestStep" xmlns:xsi="http://www.w3.org/2001/XMLSchema-instance">
      <con:entry>
        <con:id>4d11d805-3b06-4078-90e2-a11714755dfb</con:id>
        <con:isGroup>false</con:isGroup>
        <con:sourceId>8f049df9-2691-4be6-a368-b41a8f1724c7</con:sourceId>
        <con:propertyName>res_referenceId</con:propertyName>
        <con:assertion type="Simple Contains" name="Contains" id="480d0ae1-e861-4bfc-8bf9-b0c21e9cf32a">
          <con:configuration>
            <token>\d+</token>
            <ignoreCase>false</ignoreCase>
            <useRegEx>true</useRegEx>
          </con:configuration>
        </con:assertion>
      </con:entry>
      <con:entry>
        <con:id>b2f3d274-1684-4efd-9d3f-b3481174a97b</con:id>
        <con:isGroup>false</con:isGroup>
        <con:sourceId>8f049df9-2691-4be6-a368-b41a8f1724c7</con:sourceId>
        <con:propertyName>res_httpStatus</con:propertyName>
        <con:assertion type="Simple Equals" name="Equals" id="771ebb77-0490-4a80-908e-4d09a840316c">
          <con:configuration>
            <patternObjectId>a115145d-835f-4796-97e7-728d85beee81</patternObjectId>
            <patternProperty>httpStatusCode200</patternProperty>
            <caseSensitive>true</caseSensitive>
          </con:configuration>
        </con:assertion>
      </con:entry>
    </con:config>
  </con:testStep>
  <con:testStep type="transfer" name="Property Transfer 32" id="e1d302b9-a180-4de2-a6a3-d98f08d6c88d" disabled="true">
    <con:settings/>
    <con:config xsi:type="con:PropertyTransfersStep" xmlns:xsi="http://www.w3.org/2001/XMLSchema-instance">
      <con:transfers setNullOnMissingSource="true" transferTextContent="true" failOnError="true" ignoreEmpty="false" transferToAll="false" entitize="false" transferChildNodes="false">
        <con:name>sessionId</con:name>
        <con:sourceType>res_sessionId</con:sourceType>
        <con:sourceStep>Get single session by terminal id</con:sourceStep>
        <con:sourcePath/>
        <con:targetType>req_activeSessionId</con:targetType>
        <con:targetStep>Get product movements of session</con:targetStep>
        <con:targetPath/>
        <con:upgraded>true</con:upgraded>
      </con:transfers>
    </con:config>
  </con:testStep>
  <con:testStep type="calltestcase" name="Get product movements of session" id="1c4dd214-2ad0-4ae7-b111-a4ff272e53a9" disabled="true">
    <con:settings/>
    <con:config xsi:type="con:RunTestCaseStep" xmlns:xsi="http://www.w3.org/2001/XMLSchema-instance">
      <con:targetTestCase>e186105e-ef9b-4f73-b09a-8686d26538be</con:targetTestCase>
      <con:properties>
        <con:property>
          <con:name>req_activeSessionId</con:name>
          <con:value>1591</con:value>
        </con:property>
        <con:property>
          <con:name>res_headerCode</con:name>
          <con:value>200</con:value>
        </con:property>
        <con:property>
          <con:name>res_generatorBIId</con:name>
        </con:property>
        <con:property>
          <con:name>res_body</con:name>
          <con:value>[]</con:value>
        </con:property>
      </con:properties>
      <con:returnProperties>
        <con:entry>res_headerCode</con:entry>
        <con:entry>res_body</con:entry>
      </con:returnProperties>
      <con:runMode>PARALLELL</con:runMode>
    </con:config>
  </con:testStep>
  <con:testStep type="assertionteststep" name="Assertion product movements contains product" id="256dc1c2-b328-4000-aca0-06abda1c1472" disabled="true">
    <con:settings/>
    <con:config xsi:type="con:AssertionTestStep" xmlns:xsi="http://www.w3.org/2001/XMLSchema-instance">
      <con:entry>
        <con:id>c29baf6d-4b23-4941-aaf8-956632ba5f1c</con:id>
        <con:isGroup>false</con:isGroup>
        <con:sourceId>1c4dd214-2ad0-4ae7-b111-a4ff272e53a9</con:sourceId>
        <con:propertyName>res_body</con:propertyName>
        <con:assertion type="Simple Contains" name="Contains" id="3bcfbd2d-1669-4740-a066-62976abaf5b3">
          <con:configuration>
            <token>Apple Mouse</token>
            <ignoreCase>false</ignoreCase>
            <useRegEx>true</useRegEx>
          </con:configuration>
        </con:assertion>
      </con:entry>
      <con:entry>
        <con:id>f516acdb-5b4a-492e-9b07-8a24cea4f07d</con:id>
        <con:isGroup>false</con:isGroup>
        <con:sourceId>1c4dd214-2ad0-4ae7-b111-a4ff272e53a9</con:sourceId>
        <con:propertyName>res_headerCode</con:propertyName>
        <con:assertion type="Simple Equals" name="Equals" id="e8ae7894-f4b6-42c9-8a33-d55d88ec92d2">
          <con:configuration>
            <patternObjectId>a115145d-835f-4796-97e7-728d85beee81</patternObjectId>
            <patternProperty>httpStatusCode200</patternProperty>
            <caseSensitive>true</caseSensitive>
          </con:configuration>
        </con:assertion>
      </con:entry>
    </con:config>
  </con:testStep>
  <con:testStep type="datasource" name="DataSource for nonserialized product creation 2" id="860cb6de-f16f-46ad-83ff-c83e9aacd56a">
    <con:settings/>
    <con:config xsi:type="con:DataSourceStep" xmlns:xsi="http://www.w3.org/2001/XMLSchema-instance">
      <con:dataSource type="Grid">
        <con:configuration>
          <check>&lt;con:entry xmlns:con="http://eviware.com/soapui/config">true&lt;/con:entry></check>
          <row><![CDATA[<xml-fragment><con:entry xmlns:con="http://eviware.com/soapui/config">Apple Mouse 1 Button Count</con:entry><con:entry xmlns:con="http://eviware.com/soapui/config">CODE-APPLMOUSE-1</con:entry><con:entry xmlns:con="http://eviware.com/soapui/config">EXT-APPLMOUSE-1</con:entry><con:entry xmlns:con="http://eviware.com/soapui/config">2</con:entry><con:entry xmlns:con="http://eviware.com/soapui/config">7</con:entry><con:entry xmlns:con="http://eviware.com/soapui/config">17-EXT</con:entry><con:entry xmlns:con="http://eviware.com/soapui/config">1</con:entry><con:entry xmlns:con="http://eviware.com/soapui/config"/><con:entry xmlns:con="http://eviware.com/soapui/config"/></xml-fragment>]]></row>
        </con:configuration>
      </con:dataSource>
      <con:property>description</con:property>
      <con:property>productSpecCode</con:property>
      <con:property>prodSpecExtId</con:property>
      <con:property>quantity</con:property>
      <con:property>charExtId1</con:property>
      <con:property>charValueExtId1</con:property>
      <con:property>productStatus</con:property>
      <con:completeLastOperation>true</con:completeLastOperation>
      <con:restartOnRun>true</con:restartOnRun>
    </con:config>
  </con:testStep>
  <con:testStep type="transfer" name="Set create stock in bi parameters for nonserialized product" id="15a234bf-ec9b-4de6-84c4-cb7290a1d381">
    <con:settings/>
    <con:config xsi:type="con:PropertyTransfersStep" xmlns:xsi="http://www.w3.org/2001/XMLSchema-instance">
      <con:transfers setNullOnMissingSource="true" transferTextContent="true" failOnError="true" ignoreEmpty="false" transferToAll="false" entitize="false" transferChildNodes="false">
        <con:name>userRoleId</con:name>
        <con:sourceType>res_userRoleId</con:sourceType>
        <con:sourceStep>Create and submit sales org with user, inventory and terminal</con:sourceStep>
        <con:sourcePath/>
        <con:targetType>req_userRoleId</con:targetType>
        <con:targetStep>Create nonserialized  products</con:targetStep>
        <con:targetPath/>
        <con:upgraded>true</con:upgraded>
      </con:transfers>
      <con:transfers setNullOnMissingSource="true" transferTextContent="true" failOnError="true" ignoreEmpty="false" transferToAll="false" entitize="false" transferChildNodes="false">
        <con:name>salesOrgRoleId</con:name>
        <con:sourceType>res_salesOrgId</con:sourceType>
        <con:sourceStep>Create and submit sales org with user, inventory and terminal</con:sourceStep>
        <con:targetType>req_salesOrgRoleId</con:targetType>
        <con:targetStep>Create nonserialized  products</con:targetStep>
        <con:upgraded>true</con:upgraded>
      </con:transfers>
      <con:transfers setNullOnMissingSource="true" transferTextContent="true" failOnError="true" ignoreEmpty="false" transferToAll="false" entitize="false" transferChildNodes="false">
        <con:name>prodSpecExtId</con:name>
        <con:sourceType>prodSpecExtId</con:sourceType>
        <con:sourceStep>DataSource for nonserialized product</con:sourceStep>
        <con:targetType>req_prodSpecExtId</con:targetType>
        <con:targetStep>Create nonserialized  products</con:targetStep>
        <con:upgraded>true</con:upgraded>
      </con:transfers>
      <con:transfers setNullOnMissingSource="true" transferTextContent="true" failOnError="true" ignoreEmpty="false" transferToAll="false" entitize="false" transferChildNodes="false">
        <con:name>placeId</con:name>
        <con:sourceType>res_placeId</con:sourceType>
        <con:sourceStep>Create and submit sales org with user, inventory and terminal</con:sourceStep>
        <con:targetType>req_placeId</con:targetType>
        <con:targetStep>Create nonserialized  products</con:targetStep>
        <con:upgraded>true</con:upgraded>
      </con:transfers>
      <con:transfers setNullOnMissingSource="true" transferTextContent="true" failOnError="true" ignoreEmpty="false" transferToAll="false" entitize="false" transferChildNodes="false">
        <con:name>description</con:name>
        <con:sourceType>description</con:sourceType>
        <con:sourceStep>DataSource for nonserialized product</con:sourceStep>
        <con:targetType>req_description</con:targetType>
        <con:targetStep>Create nonserialized  products</con:targetStep>
        <con:upgraded>true</con:upgraded>
      </con:transfers>
      <con:transfers setNullOnMissingSource="true" transferTextContent="true" failOnError="true" ignoreEmpty="false" transferToAll="false" entitize="false" transferChildNodes="false">
        <con:name>charExtId1</con:name>
        <con:sourceType>charExtId1</con:sourceType>
        <con:sourceStep>DataSource for nonserialized product</con:sourceStep>
        <con:targetType>req_charExtId1</con:targetType>
        <con:targetStep>Create nonserialized  products</con:targetStep>
        <con:upgraded>true</con:upgraded>
      </con:transfers>
      <con:transfers setNullOnMissingSource="true" transferTextContent="true" failOnError="true" ignoreEmpty="false" transferToAll="false" entitize="false" transferChildNodes="false">
        <con:name>charValueExtId1</con:name>
        <con:sourceType>charValueExtId1</con:sourceType>
        <con:sourceStep>DataSource for nonserialized product</con:sourceStep>
        <con:targetType>req_charValueExtId1</con:targetType>
        <con:targetStep>Create nonserialized  products</con:targetStep>
        <con:upgraded>true</con:upgraded>
      </con:transfers>
      <con:transfers setNullOnMissingSource="true" transferTextContent="true" failOnError="true" ignoreEmpty="false" transferToAll="false" entitize="false" transferChildNodes="false">
        <con:name>prodStatus</con:name>
        <con:sourceType>productStatus</con:sourceType>
        <con:sourceStep>DataSource for nonserialized product</con:sourceStep>
        <con:targetType>req_prodStatus</con:targetType>
        <con:targetStep>Create nonserialized  products</con:targetStep>
        <con:upgraded>true</con:upgraded>
      </con:transfers>
      <con:transfers setNullOnMissingSource="true" transferTextContent="true" failOnError="true" ignoreEmpty="false" transferToAll="false" entitize="false" transferChildNodes="false">
        <con:name>quantity</con:name>
        <con:sourceType>quantity</con:sourceType>
        <con:sourceStep>DataSource for nonserialized product</con:sourceStep>
        <con:targetType>req_quantity</con:targetType>
        <con:targetStep>Create nonserialized  products</con:targetStep>
        <con:upgraded>true</con:upgraded>
      </con:transfers>
      <con:transfers setNullOnMissingSource="true" transferTextContent="true" failOnError="true" ignoreEmpty="false" transferToAll="false" entitize="false" transferChildNodes="false">
        <con:name>prodSpecCode</con:name>
        <con:sourceType>productSpecCode</con:sourceType>
        <con:sourceStep>DataSource for nonserialized product</con:sourceStep>
        <con:targetType>req_productSpecCode</con:targetType>
        <con:targetStep>Create nonserialized  products</con:targetStep>
        <con:upgraded>true</con:upgraded>
      </con:transfers>
    </con:config>
  </con:testStep>
  <con:testStep type="calltestcase" name="Create nonserialized  products" id="a95ccd67-b886-40d0-9489-1660de9b0cf9">
    <con:settings>
      <con:setting id="com.eviware.soapui.impl.wsdl.panels.testcase.JTestRunLog$OptionsForm@max_rows">1000</con:setting>
      <con:setting id="com.eviware.soapui.impl.wsdl.panels.testcase.JTestRunLog$OptionsForm@errors_only">false</con:setting>
    </con:settings>
    <con:config xsi:type="con:RunTestCaseStep" xmlns:xsi="http://www.w3.org/2001/XMLSchema-instance">
      <con:targetTestCase>10226e64-6d79-4340-8f59-cf5fcc28334d</con:targetTestCase>
      <con:properties>
        <con:property>
          <con:name>req_userRoleId</con:name>
          <con:value>162</con:value>
        </con:property>
        <con:property>
          <con:name>req_salesOrgRoleId</con:name>
          <con:value>160</con:value>
        </con:property>
        <con:property>
          <con:name>req_productSpecCode</con:name>
          <con:value>CODE-APPLMOUSE-1</con:value>
        </con:property>
        <con:property>
          <con:name>req_prodSpecExtId</con:name>
          <con:value>EXT-APPLMOUSE-1</con:value>
        </con:property>
        <con:property>
          <con:name>req_placeId</con:name>
          <con:value>83</con:value>
        </con:property>
        <con:property>
          <con:name>req_prodStatus</con:name>
          <con:value>1</con:value>
        </con:property>
        <con:property>
          <con:name>req_description</con:name>
          <con:value>Apple Mouse 1 Button Count</con:value>
        </con:property>
        <con:property>
          <con:name>req_serialText</con:name>
          <con:value xsi:nil="true"/>
        </con:property>
        <con:property>
          <con:name>req_charExtId1</con:name>
          <con:value>7</con:value>
        </con:property>
        <con:property>
          <con:name>req_charValueExtId1</con:name>
          <con:value>17-EXT</con:value>
        </con:property>
        <con:property>
          <con:name>res_productId</con:name>
          <con:value>52</con:value>
        </con:property>
        <con:property>
          <con:name>req_quantity</con:name>
          <con:value>1</con:value>
        </con:property>
      </con:properties>
      <con:returnProperties>
        <con:entry>res_productId</con:entry>
      </con:returnProperties>
      <con:runMode>PARALLELL</con:runMode>
    </con:config>
  </con:testStep>
  <con:testStep type="assertionteststep" name="Assertion non-serialized product created successfully" id="00611866-d2b8-4f65-8af0-e1fbc73b0a45">
    <con:settings/>
    <con:config xsi:type="con:AssertionTestStep" xmlns:xsi="http://www.w3.org/2001/XMLSchema-instance">
      <con:entry>
        <con:id>2626e09a-54a0-40b2-a22d-40e535989d9b</con:id>
        <con:isGroup>false</con:isGroup>
        <con:sourceId>a95ccd67-b886-40d0-9489-1660de9b0cf9</con:sourceId>
        <con:propertyName>res_productId</con:propertyName>
        <con:assertion type="Simple Contains" name="Contains" id="0753fae8-fc3b-4afd-bbd0-4e23a461e12f">
          <con:configuration>
            <token>\d+</token>
            <ignoreCase>false</ignoreCase>
            <useRegEx>true</useRegEx>
          </con:configuration>
        </con:assertion>
      </con:entry>
    </con:config>
  </con:testStep>
  <con:testStep type="transfer" name="Set create, add item and submit sales business interaction" id="3a099f11-ef70-400a-897b-793981375a71">
    <con:settings/>
    <con:config xsi:type="con:PropertyTransfersStep" xmlns:xsi="http://www.w3.org/2001/XMLSchema-instance">
      <con:transfers setNullOnMissingSource="true" transferTextContent="true" failOnError="true" ignoreEmpty="false" transferToAll="false" entitize="false" transferChildNodes="false">
        <con:name>userRoleId</con:name>
        <con:sourceType>res_userRoleId</con:sourceType>
        <con:sourceStep>Create and submit sales org with user, inventory and terminal</con:sourceStep>
        <con:sourcePath/>
        <con:targetType>req_userRoleId</con:targetType>
        <con:targetStep>Create, add item and submit sales business interaction</con:targetStep>
        <con:targetPath/>
        <con:upgraded>true</con:upgraded>
      </con:transfers>
      <con:transfers setNullOnMissingSource="true" transferTextContent="true" failOnError="true" ignoreEmpty="false" transferToAll="false" entitize="false" transferChildNodes="false">
        <con:name>salesOrgId</con:name>
        <con:sourceType>res_salesOrgId</con:sourceType>
        <con:sourceStep>Create and submit sales org with user, inventory and terminal</con:sourceStep>
        <con:targetType>req_salesOrganizationRoleId</con:targetType>
        <con:targetStep>Create, add item and submit sales business interaction</con:targetStep>
        <con:upgraded>true</con:upgraded>
      </con:transfers>
      <con:transfers setNullOnMissingSource="true" transferTextContent="true" failOnError="true" ignoreEmpty="false" transferToAll="false" entitize="false" transferChildNodes="false">
        <con:name>biSpec</con:name>
        <con:sourceType>salesBiSpecCode</con:sourceType>
        <con:sourceStep>Properties</con:sourceStep>
        <con:targetType>req_biSpec</con:targetType>
        <con:targetStep>Create, add item and submit sales business interaction</con:targetStep>
        <con:upgraded>true</con:upgraded>
      </con:transfers>
      <con:transfers setNullOnMissingSource="true" transferTextContent="true" failOnError="true" ignoreEmpty="false" transferToAll="false" entitize="false" transferChildNodes="false">
        <con:name>quantity</con:name>
        <con:sourceType>quantityOne</con:sourceType>
        <con:sourceStep>Properties</con:sourceStep>
        <con:targetType>req_quantity</con:targetType>
        <con:targetStep>Create, add item and submit sales business interaction</con:targetStep>
        <con:upgraded>true</con:upgraded>
      </con:transfers>
      <con:transfers setNullOnMissingSource="true" transferTextContent="true" failOnError="true" ignoreEmpty="false" transferToAll="false" entitize="false" transferChildNodes="false">
        <con:name>placeId</con:name>
        <con:sourceType>res_placeId</con:sourceType>
        <con:sourceStep>Create and submit sales org with user, inventory and terminal</con:sourceStep>
        <con:targetType>req_placeId</con:targetType>
        <con:targetStep>Create, add item and submit sales business interaction</con:targetStep>
        <con:upgraded>true</con:upgraded>
      </con:transfers>
      <con:transfers setNullOnMissingSource="true" transferTextContent="true" failOnError="true" ignoreEmpty="false" transferToAll="false" entitize="false" transferChildNodes="false">
        <con:name>nonSerializedProductSpecExtId</con:name>
        <con:sourceType>prodSpecExtId</con:sourceType>
        <con:sourceStep>DataSource for nonserialized product creation 2</con:sourceStep>
        <con:targetType>req_productSpecExtId</con:targetType>
        <con:targetStep>Create, add item and submit sales business interaction</con:targetStep>
        <con:upgraded>true</con:upgraded>
      </con:transfers>
      <con:transfers setNullOnMissingSource="true" transferTextContent="true" failOnError="true" ignoreEmpty="false" transferToAll="false" entitize="false" transferChildNodes="false">
        <con:name>charExtId1</con:name>
        <con:sourceType>charExtId1</con:sourceType>
        <con:sourceStep>DataSource for nonserialized product creation 2</con:sourceStep>
        <con:targetType>req_charExtId1</con:targetType>
        <con:targetStep>Create, add item and submit sales business interaction</con:targetStep>
        <con:upgraded>true</con:upgraded>
      </con:transfers>
      <con:transfers setNullOnMissingSource="true" transferTextContent="true" failOnError="true" ignoreEmpty="false" transferToAll="false" entitize="false" transferChildNodes="false">
        <con:name>charValueExtId1</con:name>
        <con:sourceType>charValueExtId1</con:sourceType>
        <con:sourceStep>DataSource for nonserialized product creation 2</con:sourceStep>
        <con:targetType>req_charExtValueId1</con:targetType>
        <con:targetStep>Create, add item and submit sales business interaction</con:targetStep>
        <con:upgraded>true</con:upgraded>
      </con:transfers>
    </con:config>
  </con:testStep>
  <con:testStep type="calltestcase" name="Create, add item and submit sales business interaction" id="203bd250-eb5a-48dc-9234-76cd21334e5a">
    <con:settings/>
    <con:config xsi:type="con:RunTestCaseStep" xmlns:xsi="http://www.w3.org/2001/XMLSchema-instance">
      <con:targetTestCase>a165b3e0-78b5-4836-b6b1-c060f3c25a58</con:targetTestCase>
      <con:properties>
        <con:property>
          <con:name>req_userRoleId</con:name>
          <con:value>162</con:value>
        </con:property>
        <con:property>
          <con:name>req_salesOrganizationRoleId</con:name>
          <con:value>160</con:value>
        </con:property>
        <con:property>
          <con:name>req_biSpec</con:name>
          <con:value>SALESBISPEC</con:value>
        </con:property>
        <con:property>
          <con:name>req_productSpecExtId</con:name>
          <con:value>EXT-APPLMOUSE-1</con:value>
        </con:property>
        <con:property>
          <con:name>req_quantity</con:name>
          <con:value>1</con:value>
        </con:property>
        <con:property>
          <con:name>req_placeId</con:name>
          <con:value>83</con:value>
        </con:property>
        <con:property>
          <con:name>res_biId</con:name>
          <con:value>3661</con:value>
        </con:property>
        <con:property>
          <con:name>res_code</con:name>
          <con:value>200</con:value>
        </con:property>
        <con:property>
          <con:name>res_itemId</con:name>
          <con:value>681</con:value>
        </con:property>
        <con:property>
          <con:name>req_charExtId1</con:name>
          <con:value>7</con:value>
        </con:property>
        <con:property>
          <con:name>req_charExtValueId1</con:name>
          <con:value>17-EXT</con:value>
        </con:property>
      </con:properties>
      <con:returnProperties>
        <con:entry>res_biId</con:entry>
        <con:entry>res_code</con:entry>
        <con:entry>res_itemId</con:entry>
      </con:returnProperties>
      <con:runMode>PARALLELL</con:runMode>
    </con:config>
  </con:testStep>
  <con:testStep type="assertionteststep" name="Assertion create, add item and submit sales business interaction" id="c247fda9-53fd-4b9f-9dc1-e46c732303ce">
    <con:settings/>
    <con:config xsi:type="con:AssertionTestStep" xmlns:xsi="http://www.w3.org/2001/XMLSchema-instance">
      <con:entry>
        <con:id>a1fd8f75-d48f-4cba-b411-2274fb14adfe</con:id>
        <con:isGroup>false</con:isGroup>
        <con:sourceId>203bd250-eb5a-48dc-9234-76cd21334e5a</con:sourceId>
        <con:propertyName>res_code</con:propertyName>
        <con:assertion type="Simple Equals" name="Equals" id="9521943c-da76-4a20-8dc0-6b55710f193b">
          <con:configuration>
            <patternObjectId>a115145d-835f-4796-97e7-728d85beee81</patternObjectId>
            <patternProperty>httpStatusCode200</patternProperty>
            <caseSensitive>true</caseSensitive>
          </con:configuration>
        </con:assertion>
      </con:entry>
      <con:entry>
        <con:id>23417132-9c6f-4ced-bad7-6437f4deb9ee</con:id>
        <con:isGroup>false</con:isGroup>
        <con:sourceId>203bd250-eb5a-48dc-9234-76cd21334e5a</con:sourceId>
        <con:propertyName>res_biId</con:propertyName>
        <con:assertion type="Simple Contains" name="Contains" id="13c7d586-02c7-41b9-8452-605685ac1239">
          <con:configuration>
            <token>\d+</token>
            <ignoreCase>false</ignoreCase>
            <useRegEx>true</useRegEx>
          </con:configuration>
        </con:assertion>
      </con:entry>
    </con:config>
  </con:testStep>
  <con:testStep type="transfer" name="Set create stock out bi" id="404c2135-e769-46ab-8943-22066c885924">
    <con:settings/>
    <con:config xsi:type="con:PropertyTransfersStep" xmlns:xsi="http://www.w3.org/2001/XMLSchema-instance">
      <con:transfers setNullOnMissingSource="true" transferTextContent="true" failOnError="true" ignoreEmpty="false" transferToAll="false" entitize="false" transferChildNodes="false">
        <con:name>userId</con:name>
        <con:sourceType>res_userRoleId</con:sourceType>
        <con:sourceStep>Create and submit sales org with user, inventory and terminal</con:sourceStep>
        <con:sourcePath/>
        <con:targetType>req_userRoleId</con:targetType>
        <con:targetStep>Create stock out bi</con:targetStep>
        <con:targetPath/>
        <con:upgraded>true</con:upgraded>
      </con:transfers>
      <con:transfers setNullOnMissingSource="true" transferTextContent="true" failOnError="true" ignoreEmpty="false" transferToAll="false" entitize="false" transferChildNodes="false">
        <con:name>soId</con:name>
        <con:sourceType>res_salesOrgId</con:sourceType>
        <con:sourceStep>Create and submit sales org with user, inventory and terminal</con:sourceStep>
        <con:targetType>req_salesOrganizationRoleId</con:targetType>
        <con:targetStep>Create stock out bi</con:targetStep>
        <con:upgraded>true</con:upgraded>
      </con:transfers>
      <con:transfers setNullOnMissingSource="true" transferTextContent="true" failOnError="true" ignoreEmpty="false" transferToAll="false" entitize="false" transferChildNodes="false">
        <con:name>biSpecCode</con:name>
        <con:sourceType>stockOutBiSpecCode</con:sourceType>
        <con:sourceStep>Properties</con:sourceStep>
        <con:targetType>req_biSpec</con:targetType>
        <con:targetStep>Create stock out bi</con:targetStep>
        <con:upgraded>true</con:upgraded>
      </con:transfers>
    </con:config>
  </con:testStep>
  <con:testStep type="calltestcase" name="Create stock out bi" id="ff0b9fdf-4ac2-4a2c-9cd6-28b1a996f026">
    <con:settings/>
    <con:config xsi:type="con:RunTestCaseStep" xmlns:xsi="http://www.w3.org/2001/XMLSchema-instance">
      <con:targetTestCase>d6b21754-a4bc-457f-93bf-67dd81b3ce77</con:targetTestCase>
      <con:properties>
        <con:property>
          <con:name>req_userRoleId</con:name>
          <con:value>162</con:value>
        </con:property>
        <con:property>
          <con:name>req_salesOrganizationRoleId</con:name>
          <con:value>160</con:value>
        </con:property>
        <con:property>
          <con:name>res_biId</con:name>
          <con:value>3671</con:value>
        </con:property>
        <con:property>
          <con:name>res_code</con:name>
          <con:value>201</con:value>
        </con:property>
        <con:property>
          <con:name>req_biSpec</con:name>
          <con:value>STOCK_OUT</con:value>
        </con:property>
        <con:property>
          <con:name>res_errorMessage</con:name>
          <con:value xsi:nil="true"/>
        </con:property>
      </con:properties>
      <con:returnProperties>
        <con:entry>res_biId</con:entry>
        <con:entry>res_code</con:entry>
        <con:entry>res_errorMessage</con:entry>
      </con:returnProperties>
      <con:runMode>PARALLELL</con:runMode>
    </con:config>
  </con:testStep>
  <con:testStep type="assertionteststep" name="Assert bi is created successfully" id="f8a7ea47-a2a0-43ac-b95c-f6b0883dc761">
    <con:settings/>
    <con:config xsi:type="con:AssertionTestStep" xmlns:xsi="http://www.w3.org/2001/XMLSchema-instance">
      <con:entry>
        <con:id>3a3e4934-147f-46a9-9166-584fe4b69d92</con:id>
        <con:isGroup>false</con:isGroup>
        <con:sourceId>ff0b9fdf-4ac2-4a2c-9cd6-28b1a996f026</con:sourceId>
        <con:propertyName>res_biId</con:propertyName>
        <con:assertion type="Simple Contains" name="Contains" id="85ff1b93-f852-461e-95e5-3c2b1c3c1f27">
          <con:configuration>
            <token>\d+</token>
            <ignoreCase>false</ignoreCase>
            <useRegEx>true</useRegEx>
          </con:configuration>
        </con:assertion>
      </con:entry>
    </con:config>
  </con:testStep>
  <con:testStep type="transfer" name="Set add stock out item for non-serialized product" id="af502799-a9da-4b40-a640-9b0169241212">
    <con:settings/>
    <con:config xsi:type="con:PropertyTransfersStep" xmlns:xsi="http://www.w3.org/2001/XMLSchema-instance">
      <con:transfers setNullOnMissingSource="true" transferTextContent="true" failOnError="true" ignoreEmpty="false" transferToAll="false" entitize="false" transferChildNodes="false">
        <con:name>biId</con:name>
        <con:sourceType>res_biId</con:sourceType>
        <con:sourceStep>Create stock out bi</con:sourceStep>
        <con:sourcePath/>
        <con:targetType>req_biId</con:targetType>
        <con:targetStep>Add stock out item for non-serialized product</con:targetStep>
        <con:targetPath/>
        <con:upgraded>true</con:upgraded>
      </con:transfers>
      <con:transfers setNullOnMissingSource="true" transferTextContent="true" failOnError="true" ignoreEmpty="false" transferToAll="false" entitize="false" transferChildNodes="false">
        <con:name>quantity</con:name>
        <con:sourceType>quantityOne</con:sourceType>
        <con:sourceStep>Properties</con:sourceStep>
        <con:targetType>req_productInformationQuantity</con:targetType>
        <con:targetStep>Add stock out item for non-serialized product</con:targetStep>
        <con:upgraded>true</con:upgraded>
      </con:transfers>
      <con:transfers setNullOnMissingSource="true" transferTextContent="true" failOnError="true" ignoreEmpty="false" transferToAll="false" entitize="false" transferChildNodes="false">
        <con:name>productId</con:name>
        <con:sourceType>res_productId</con:sourceType>
        <con:sourceStep>Create nonserialized  products</con:sourceStep>
        <con:targetType>req_productId</con:targetType>
        <con:targetStep>Add stock out item for non-serialized product</con:targetStep>
        <con:upgraded>true</con:upgraded>
      </con:transfers>
      <con:transfers setNullOnMissingSource="true" transferTextContent="true" failOnError="true" ignoreEmpty="false" transferToAll="false" entitize="false" transferChildNodes="false">
        <con:name>stockOutReason</con:name>
        <con:sourceType>stockOutReason</con:sourceType>
        <con:sourceStep>Properties</con:sourceStep>
        <con:targetType>req_stockOutReason</con:targetType>
        <con:targetStep>Add stock out item for non-serialized product</con:targetStep>
        <con:upgraded>true</con:upgraded>
      </con:transfers>
    </con:config>
  </con:testStep>
  <con:testStep type="calltestcase" name="Add stock out item for non-serialized product" id="e3ef79d2-1d1c-4ccf-9d85-7365fe5ef07c">
    <con:settings/>
    <con:config xsi:type="con:RunTestCaseStep" xmlns:xsi="http://www.w3.org/2001/XMLSchema-instance">
      <con:targetTestCase>3e44660c-794b-4a0c-ab6a-cce75d64feb3</con:targetTestCase>
      <con:properties>
        <con:property>
          <con:name>req_biId</con:name>
          <con:value>3671</con:value>
        </con:property>
        <con:property>
          <con:name>req_productInformationQuantity</con:name>
          <con:value>1</con:value>
        </con:property>
        <con:property>
          <con:name>req_productId</con:name>
          <con:value>52</con:value>
        </con:property>
        <con:property>
          <con:name>req_stockOutReason</con:name>
          <con:value>1</con:value>
        </con:property>
        <con:property>
          <con:name>res_code</con:name>
          <con:value>201</con:value>
        </con:property>
        <con:property>
          <con:name>res_itemId</con:name>
          <con:value>683</con:value>
        </con:property>
        <con:property>
          <con:name>res_new_product_id</con:name>
          <con:value>52</con:value>
        </con:property>
        <con:property>
          <con:name>res_errorMessage</con:name>
          <con:value xsi:nil="true"/>
        </con:property>
      </con:properties>
      <con:returnProperties>
        <con:entry>res_code</con:entry>
        <con:entry>res_itemId</con:entry>
        <con:entry>res_new_product_id</con:entry>
        <con:entry>res_errorMessage</con:entry>
      </con:returnProperties>
      <con:runMode>PARALLELL</con:runMode>
    </con:config>
  </con:testStep>
  <con:testStep type="assertionteststep" name="Assertion add stock out item for non-serialized product" id="1c657058-6075-44f8-9854-4730b55b6989">
    <con:settings/>
    <con:config xsi:type="con:AssertionTestStep" xmlns:xsi="http://www.w3.org/2001/XMLSchema-instance">
      <con:entry>
        <con:id>4a458ba5-dc2b-4e63-87bc-0e5f146df0ae</con:id>
        <con:isGroup>false</con:isGroup>
        <con:sourceId>e3ef79d2-1d1c-4ccf-9d85-7365fe5ef07c</con:sourceId>
        <con:propertyName>res_itemId</con:propertyName>
        <con:assertion type="Simple Contains" name="Contains" id="185d2ee3-afe5-4bad-a8ef-9c6f665c61ee">
          <con:configuration>
            <token>\d+</token>
            <ignoreCase>false</ignoreCase>
            <useRegEx>true</useRegEx>
          </con:configuration>
        </con:assertion>
      </con:entry>
    </con:config>
  </con:testStep>
  <con:testStep type="transfer" name="Set submit stock out bi" id="20389be0-9411-40b7-b984-3e6d4fddfbb0">
    <con:settings/>
    <con:config xsi:type="con:PropertyTransfersStep" xmlns:xsi="http://www.w3.org/2001/XMLSchema-instance">
      <con:transfers setNullOnMissingSource="true" transferTextContent="true" failOnError="true" ignoreEmpty="false" transferToAll="false" entitize="false" transferChildNodes="false">
        <con:name>biId</con:name>
        <con:sourceType>res_biId</con:sourceType>
        <con:sourceStep>Create stock out bi</con:sourceStep>
        <con:sourcePath/>
        <con:targetType>req_biId</con:targetType>
        <con:targetStep>Submit stock out bi</con:targetStep>
        <con:targetPath/>
        <con:upgraded>true</con:upgraded>
      </con:transfers>
    </con:config>
  </con:testStep>
  <con:testStep type="calltestcase" name="Submit stock out bi" id="4e0f54aa-a135-451f-97a9-3c4eea57046b">
    <con:settings/>
    <con:config xsi:type="con:RunTestCaseStep" xmlns:xsi="http://www.w3.org/2001/XMLSchema-instance">
      <con:targetTestCase>1c365ed6-1300-4bbe-8e52-e637b24f7948</con:targetTestCase>
      <con:properties>
        <con:property>
          <con:name>req_biId</con:name>
          <con:value>3671</con:value>
        </con:property>
        <con:property>
          <con:name>res_biId</con:name>
          <con:value>3671</con:value>
        </con:property>
        <con:property>
          <con:name>res_code</con:name>
          <con:value>200</con:value>
        </con:property>
        <con:property>
          <con:name>res_errorMessage</con:name>
          <con:value xsi:nil="true"/>
        </con:property>
      </con:properties>
      <con:returnProperties>
        <con:entry>res_biId</con:entry>
        <con:entry>res_code</con:entry>
        <con:entry>res_errorMessage</con:entry>
      </con:returnProperties>
      <con:runMode>PARALLELL</con:runMode>
    </con:config>
  </con:testStep>
  <con:testStep type="assertionteststep" name="Assertion stock out submitted successfully" id="37da6902-c3cb-420f-87f7-f26d8bd14e81">
    <con:settings/>
    <con:config xsi:type="con:AssertionTestStep" xmlns:xsi="http://www.w3.org/2001/XMLSchema-instance">
      <con:entry>
        <con:id>1e16e5b3-1bc3-4604-9467-a8a94c84d44c</con:id>
        <con:isGroup>false</con:isGroup>
        <con:sourceId>4e0f54aa-a135-451f-97a9-3c4eea57046b</con:sourceId>
        <con:propertyName>res_biId</con:propertyName>
        <con:assertion type="Simple Equals" name="Equals" id="17fcd832-8563-4217-b7aa-39bdb076dc0d">
          <con:configuration>
            <patternObjectId>4e0f54aa-a135-451f-97a9-3c4eea57046b</patternObjectId>
            <patternProperty>req_biId</patternProperty>
            <caseSensitive>true</caseSensitive>
          </con:configuration>
        </con:assertion>
      </con:entry>
    </con:config>
  </con:testStep>
  <con:testStep type="transfer" name="Property Transfer 36" id="b32177a7-02be-47bf-b8b2-30e2245b3fcd">
    <con:settings/>
    <con:config xsi:type="con:PropertyTransfersStep" xmlns:xsi="http://www.w3.org/2001/XMLSchema-instance">
      <con:transfers setNullOnMissingSource="true" transferTextContent="true" failOnError="true" ignoreEmpty="false" transferToAll="false" entitize="false" transferChildNodes="false">
        <con:name>sessionId</con:name>
        <con:sourceType>res_sessionId</con:sourceType>
        <con:sourceStep>Get single session by terminal id</con:sourceStep>
        <con:sourcePath/>
        <con:targetType>req_biId</con:targetType>
        <con:targetStep>Display journal bi of session</con:targetStep>
        <con:targetPath/>
        <con:upgraded>true</con:upgraded>
      </con:transfers>
    </con:config>
  </con:testStep>
  <con:testStep type="calltestcase" name="Display journal bi of session" id="8b975a88-8705-497e-b2fa-2511e5151cb7">
    <con:settings/>
    <con:config xsi:type="con:RunTestCaseStep" xmlns:xsi="http://www.w3.org/2001/XMLSchema-instance">
      <con:targetTestCase>53ab1504-e5cd-443e-be77-dbf20e3146d1</con:targetTestCase>
      <con:properties>
        <con:property>
          <con:name>req_biId</con:name>
          <con:value>3601</con:value>
        </con:property>
        <con:property>
          <con:name>res_body</con:name>
          <con:value>[{"date":"2018-03-12T20:30:04+0300","id":3611,"biType":"Stock In BI Spec","description":"Stock In at [name-so-eb485b60-59b2-44ce-84b4-5a856470c2b3] by [John Smith]","from":"name-so-eb485b60-59b2-44ce-84b4-5a856470c2b3","to":"name-so-eb485b60-59b2-44ce-84b4-5a856470c2b3","biCode":"STI-3611","biStatus":"Closed","type":"com.ericsson.bss.rm.erms.core.entity.dto.bi.session.JournaledBIOfSessionDTO"},{"date":"2018-03-12T20:30:05+0300","id":3621,"biType":"Payment BI Spec","description":"Standalone Payment","from":"name-so-eb485b60-59b2-44ce-84b4-5a856470c2b3","to":"name-so-eb485b60-59b2-44ce-84b4-5a856470c2b3","biCode":"PAY-3621","biStatus":"Closed","type":"com.ericsson.bss.rm.erms.core.entity.dto.bi.session.JournaledBIOfSessionDTO"},{"date":"2018-03-12T20:30:05+0300","id":3631,"biType":"Monetary Transaction sub bi spec for payment bi","description":"Monetary Transaction at [name-so-eb485b60-59b2-44ce-84b4-5a856470c2b3] by [John Smith]","from":"name-so-eb485b60-59b2-44ce-84b4-5a856470c2b3","to":"name-so-eb485b60-59b2-44ce-84b4-5a856470c2b3","biCode":"MTx-3631","biStatus":"Closed","type":"com.ericsson.bss.rm.erms.core.entity.dto.bi.session.JournaledBIOfSessionDTO"},{"date":"2018-03-12T20:30:07+0300","id":3641,"biType":"Stock In BI Spec","description":"Stock In at [name-so-eb485b60-59b2-44ce-84b4-5a856470c2b3] by [John Smith]","from":"name-so-eb485b60-59b2-44ce-84b4-5a856470c2b3","to":"name-so-eb485b60-59b2-44ce-84b4-5a856470c2b3","biCode":"STI-3641","biStatus":"Closed","type":"com.ericsson.bss.rm.erms.core.entity.dto.bi.session.JournaledBIOfSessionDTO"},{"date":"2018-03-12T20:30:07+0300","id":3661,"biType":"Sales BI Spec","description":"Sales at [name-so-eb485b60-59b2-44ce-84b4-5a856470c2b3] by [John Smith]","from":"name-so-eb485b60-59b2-44ce-84b4-5a856470c2b3","to":"name-so-eb485b60-59b2-44ce-84b4-5a856470c2b3","biCode":"SLS-3661","biStatus":"Closed","type":"com.ericsson.bss.rm.erms.core.entity.dto.bi.session.JournaledBIOfSessionDTO"},{"date":"2018-03-12T20:30:08+0300","id":3671,"biType":"Stock out bi spec","description":"Stock Out at [name-so-eb485b60-59b2-44ce-84b4-5a856470c2b3] by [John Smith]","from":"name-so-eb485b60-59b2-44ce-84b4-5a856470c2b3","to":"name-so-eb485b60-59b2-44ce-84b4-5a856470c2b3","biCode":"STO-3671","biStatus":"Closed","type":"com.ericsson.bss.rm.erms.core.entity.dto.bi.session.JournaledBIOfSessionDTO"}]</con:value>
        </con:property>
        <con:property>
          <con:name>res_httpStatusCode</con:name>
          <con:value>200</con:value>
        </con:property>
      </con:properties>
      <con:returnProperties>
        <con:entry>res_body</con:entry>
        <con:entry>res_httpStatusCode</con:entry>
      </con:returnProperties>
      <con:runMode>PARALLELL</con:runMode>
    </con:config>
  </con:testStep>
  <con:testStep type="assertionteststep" name="Assertion check biTypes" id="f5cd294b-ed3e-4534-92ee-5d8e8449e4bd">
    <con:settings/>
    <con:config xsi:type="con:AssertionTestStep" xmlns:xsi="http://www.w3.org/2001/XMLSchema-instance">
      <con:entry>
        <con:id>f788f477-8ced-4c40-98a6-d36cf7b71684</con:id>
        <con:isGroup>false</con:isGroup>
        <con:sourceId>8b975a88-8705-497e-b2fa-2511e5151cb7</con:sourceId>
        <con:propertyName>res_body</con:propertyName>
        <con:assertion type="Simple Contains" name="Contains" id="83d4c58e-8c12-46b5-af22-cb2cfcb85b11">
          <con:configuration>
            <token>Sales BI</token>
            <ignoreCase>false</ignoreCase>
            <useRegEx>true</useRegEx>
          </con:configuration>
        </con:assertion>
      </con:entry>
      <con:entry>
        <con:id>cdcdf610-d0ec-46e2-a02e-f941108d8c97</con:id>
        <con:isGroup>false</con:isGroup>
        <con:sourceId>8b975a88-8705-497e-b2fa-2511e5151cb7</con:sourceId>
        <con:propertyName>res_body</con:propertyName>
        <con:assertion type="Simple Contains" name="Contains 3" id="ae380008-dc19-4210-8837-388e9452ed77">
          <con:configuration>
            <token>Stock out bi spec</token>
            <ignoreCase>false</ignoreCase>
            <useRegEx>true</useRegEx>
          </con:configuration>
        </con:assertion>
      </con:entry>
    </con:config>
  </con:testStep>
  <con:testStep type="transfer" name="Property Transfer 37" id="9e985c1b-b320-43f4-869b-acbaa687c54f">
    <con:settings/>
    <con:config xsi:type="con:PropertyTransfersStep" xmlns:xsi="http://www.w3.org/2001/XMLSchema-instance">
      <con:transfers setNullOnMissingSource="true" transferTextContent="true" failOnError="true" ignoreEmpty="false" transferToAll="false" entitize="false" transferChildNodes="false">
        <con:name>createdByUserRoleId</con:name>
        <con:sourceType>res_userRoleId</con:sourceType>
        <con:sourceStep>Create and submit sales org with user, inventory and terminal 2</con:sourceStep>
        <con:sourcePath/>
        <con:targetType>req_createdByUserRoleId</con:targetType>
        <con:targetStep>Create and submit user with forceToSessionTrue</con:targetStep>
        <con:targetPath/>
        <con:upgraded>true</con:upgraded>
      </con:transfers>
      <con:transfers setNullOnMissingSource="true" transferTextContent="true" failOnError="true" ignoreEmpty="false" transferToAll="false" entitize="false" transferChildNodes="false">
        <con:name>createdBySalesOrgRoleId</con:name>
        <con:sourceType>res_salesOrgId</con:sourceType>
        <con:sourceStep>Create and submit sales org with user, inventory and terminal 2</con:sourceStep>
        <con:targetType>req_createdBySalesOrgRoleId</con:targetType>
        <con:targetStep>Create and submit user with forceToSessionTrue</con:targetStep>
        <con:upgraded>true</con:upgraded>
      </con:transfers>
      <con:transfers setNullOnMissingSource="true" transferTextContent="true" failOnError="true" ignoreEmpty="false" transferToAll="false" entitize="false" transferChildNodes="false">
        <con:name>soRoleId</con:name>
        <con:sourceType>res_salesOrgId</con:sourceType>
        <con:sourceStep>Create and submit sales org with user, inventory and terminal 2</con:sourceStep>
        <con:targetType>req_soRoleId</con:targetType>
        <con:targetStep>Create and submit user with forceToSessionTrue</con:targetStep>
        <con:upgraded>true</con:upgraded>
      </con:transfers>
      <con:transfers setNullOnMissingSource="true" transferTextContent="true" failOnError="true" ignoreEmpty="false" transferToAll="false" entitize="false" transferChildNodes="false">
        <con:name>biSpecCode</con:name>
        <con:sourceType>userBiSpecCode</con:sourceType>
        <con:sourceStep>Properties</con:sourceStep>
        <con:targetType>req_biSpecCode</con:targetType>
        <con:targetStep>Create and submit user with forceToSessionTrue</con:targetStep>
        <con:upgraded>true</con:upgraded>
      </con:transfers>
      <con:transfers setNullOnMissingSource="true" transferTextContent="true" failOnError="true" ignoreEmpty="false" transferToAll="false" entitize="false" transferChildNodes="false">
        <con:name>userExtId</con:name>
        <con:sourceType>req_userRoleExtId</con:sourceType>
        <con:sourceStep>Properties</con:sourceStep>
        <con:targetType>req_userExternalID</con:targetType>
        <con:targetStep>Create and submit user with forceToSessionTrue</con:targetStep>
        <con:upgraded>true</con:upgraded>
      </con:transfers>
      <con:transfers setNullOnMissingSource="true" transferTextContent="true" failOnError="true" ignoreEmpty="false" transferToAll="false" entitize="false" transferChildNodes="false">
        <con:name>forceToUseSession</con:name>
        <con:sourceType>forceToUseSessionTrue</con:sourceType>
        <con:sourceStep>Properties</con:sourceStep>
        <con:targetType>req_forceToUseSession</con:targetType>
        <con:targetStep>Create and submit user with forceToSessionTrue</con:targetStep>
        <con:upgraded>true</con:upgraded>
      </con:transfers>
      <con:transfers setNullOnMissingSource="true" transferTextContent="true" failOnError="true" ignoreEmpty="false" transferToAll="false" entitize="false" transferChildNodes="false">
        <con:name>userToken</con:name>
        <con:sourceType>userToken</con:sourceType>
        <con:sourceStep>Create and submit sales org with user, inventory and terminal 2</con:sourceStep>
        <con:targetType>AuthorizationUser</con:targetType>
        <con:targetStep>#Project#</con:targetStep>
        <con:upgraded>true</con:upgraded>
      </con:transfers>
      <con:transfers setNullOnMissingSource="true" transferTextContent="true" failOnError="true" ignoreEmpty="false" transferToAll="false" entitize="false" transferChildNodes="false">
        <con:name>userSo</con:name>
        <con:sourceType>res_salesOrgId</con:sourceType>
        <con:sourceStep>Create and submit sales org with user, inventory and terminal 2</con:sourceStep>
        <con:targetType>UserSo</con:targetType>
        <con:targetStep>#Project#</con:targetStep>
        <con:upgraded>true</con:upgraded>
      </con:transfers>
    </con:config>
  </con:testStep>
  <con:testStep type="calltestcase" name="Create and submit user with forceToSessionTrue" id="cc16ef68-b126-4fac-8d27-a4a7016d907f">
    <con:settings/>
    <con:config xsi:type="con:RunTestCaseStep" xmlns:xsi="http://www.w3.org/2001/XMLSchema-instance">
      <con:targetTestCase>f95d12d9-6cd5-4f61-b30f-72301b48157f</con:targetTestCase>
      <con:properties>
        <con:property>
          <con:name>req_createdByUserRoleId</con:name>
          <con:value>166</con:value>
        </con:property>
        <con:property>
          <con:name>req_soRoleId</con:name>
          <con:value>164</con:value>
        </con:property>
        <con:property>
          <con:name>req_biSpecCode</con:name>
          <con:value>USERCREATEBISPEC</con:value>
        </con:property>
        <con:property>
          <con:name>req_userExternalID</con:name>
          <con:value>user-${=java.util.UUID.randomUUID()}</con:value>
        </con:property>
        <con:property>
          <con:name>req_forceToUseSession</con:name>
          <con:value>true</con:value>
        </con:property>
        <con:property>
          <con:name>req_biId</con:name>
        </con:property>
        <con:property>
          <con:name>req_name</con:name>
          <con:value>John Smith</con:value>
        </con:property>
        <con:property>
          <con:name>req_indFirstName</con:name>
          <con:value>John</con:value>
        </con:property>
        <con:property>
          <con:name>req_indLastName</con:name>
          <con:value>Smith</con:value>
        </con:property>
        <con:property>
          <con:name>req_indName</con:name>
          <con:value>John</con:value>
        </con:property>
        <con:property>
          <con:name>req_createdBySalesOrgRoleId</con:name>
          <con:value>164</con:value>
        </con:property>
        <con:property>
          <con:name>req_email</con:name>
          <con:value xsi:nil="true"/>
        </con:property>
        <con:property>
          <con:name>userToken</con:name>
        </con:property>
        <con:property>
          <con:name>intUserToken</con:name>
        </con:property>
        <con:property>
          <con:name>res_error</con:name>
        </con:property>
        <con:property>
          <con:name>res_userId</con:name>
          <con:value>168</con:value>
        </con:property>
        <con:property>
          <con:name>res_biId</con:name>
          <con:value>3681</con:value>
        </con:property>
        <con:property>
          <con:name>res_forceToUseSession</con:name>
        </con:property>
      </con:properties>
      <con:returnProperties>
        <con:entry>res_biId</con:entry>
        <con:entry>res_userId</con:entry>
      </con:returnProperties>
      <con:runMode>PARALLELL</con:runMode>
    </con:config>
  </con:testStep>
  <con:testStep type="assertionteststep" name="Assertion user created successfully" id="66068c9d-1bf1-4fa5-a0d3-1f8ceff54b04">
    <con:settings/>
    <con:config xsi:type="con:AssertionTestStep" xmlns:xsi="http://www.w3.org/2001/XMLSchema-instance">
      <con:entry>
        <con:id>adfbc2b7-f836-44b2-a5e8-2b44be266ae2</con:id>
        <con:isGroup>false</con:isGroup>
        <con:sourceId>cc16ef68-b126-4fac-8d27-a4a7016d907f</con:sourceId>
        <con:propertyName>res_userId</con:propertyName>
        <con:assertion type="Simple Contains" name="Contains" id="bbd1e12c-af97-458b-92d4-ca454dc91b86">
          <con:configuration>
            <token>\d+</token>
            <ignoreCase>false</ignoreCase>
            <useRegEx>true</useRegEx>
          </con:configuration>
        </con:assertion>
      </con:entry>
    </con:config>
  </con:testStep>
  <con:testStep type="transfer" name="Property Transfer 40" id="54117c86-bb60-4ce5-ac75-9c7c2904a92f">
    <con:settings/>
    <con:config xsi:type="con:PropertyTransfersStep" xmlns:xsi="http://www.w3.org/2001/XMLSchema-instance">
      <con:transfers setNullOnMissingSource="true" transferTextContent="true" failOnError="true" ignoreEmpty="false" transferToAll="false" entitize="false" transferChildNodes="false">
        <con:name>userRoleId</con:name>
        <con:sourceType>res_userId</con:sourceType>
        <con:sourceStep>Create and submit user with forceToSessionTrue</con:sourceStep>
        <con:sourcePath/>
        <con:targetType>req_userRoleId</con:targetType>
        <con:targetStep>Create terminal 2</con:targetStep>
        <con:targetPath/>
        <con:upgraded>true</con:upgraded>
      </con:transfers>
      <con:transfers setNullOnMissingSource="true" transferTextContent="true" failOnError="true" ignoreEmpty="false" transferToAll="false" entitize="false" transferChildNodes="false">
        <con:name>salesOrgRoleId</con:name>
        <con:sourceType>res_salesOrgId</con:sourceType>
        <con:sourceStep>Create and submit sales org with user, inventory and terminal 2</con:sourceStep>
        <con:targetType>req_salesOrgRoleId</con:targetType>
        <con:targetStep>Create terminal 2</con:targetStep>
        <con:upgraded>true</con:upgraded>
      </con:transfers>
    </con:config>
  </con:testStep>
  <con:testStep type="calltestcase" name="Create terminal 2" id="4c20670d-84a9-4ea5-bdc1-275a5d5e0ca0">
    <con:settings/>
    <con:config xsi:type="con:RunTestCaseStep" xmlns:xsi="http://www.w3.org/2001/XMLSchema-instance">
      <con:targetTestCase>dd134965-c927-42c2-b77c-aa9898d86735</con:targetTestCase>
      <con:properties>
        <con:property>
          <con:name>req_userRoleId</con:name>
          <con:value>168</con:value>
        </con:property>
        <con:property>
          <con:name>req_salesOrgRoleId</con:name>
          <con:value>164</con:value>
        </con:property>
        <con:property>
          <con:name>res_biId</con:name>
          <con:value>3691</con:value>
        </con:property>
      </con:properties>
      <con:returnProperties>
        <con:entry>res_biId</con:entry>
      </con:returnProperties>
      <con:runMode>PARALLELL</con:runMode>
    </con:config>
  </con:testStep>
  <con:testStep type="assertionteststep" name="Assertion draft terminal created successfully 2" id="996419be-ef53-43a4-8172-7d9db83fb083">
    <con:settings/>
    <con:config xsi:type="con:AssertionTestStep" xmlns:xsi="http://www.w3.org/2001/XMLSchema-instance">
      <con:entry>
        <con:id>82881763-7cef-492d-8f3a-3bc368164a27</con:id>
        <con:isGroup>false</con:isGroup>
        <con:sourceId>4c20670d-84a9-4ea5-bdc1-275a5d5e0ca0</con:sourceId>
        <con:propertyName>res_biId</con:propertyName>
        <con:assertion type="Simple Contains" name="Contains" id="3c44ae20-bc2d-4314-8265-48d665310f20">
          <con:configuration>
            <token>\d+</token>
            <ignoreCase>false</ignoreCase>
            <useRegEx>true</useRegEx>
          </con:configuration>
        </con:assertion>
      </con:entry>
    </con:config>
  </con:testStep>
  <con:testStep type="transfer" name="Property Transfer 41" id="ee90c92c-dc10-4bf7-b7b2-843a74d581ce">
    <con:settings/>
    <con:config xsi:type="con:PropertyTransfersStep" xmlns:xsi="http://www.w3.org/2001/XMLSchema-instance">
      <con:transfers setNullOnMissingSource="true" transferTextContent="true" failOnError="true" ignoreEmpty="false" transferToAll="false" entitize="false" transferChildNodes="false">
        <con:name>externalId</con:name>
        <con:sourceType>req_terminalRoleExtId</con:sourceType>
        <con:sourceStep>Properties</con:sourceStep>
        <con:sourcePath/>
        <con:targetType>req_externalId</con:targetType>
        <con:targetStep>Add item to draft terminal 2</con:targetStep>
        <con:targetPath/>
        <con:upgraded>true</con:upgraded>
      </con:transfers>
      <con:transfers setNullOnMissingSource="true" transferTextContent="true" failOnError="true" ignoreEmpty="false" transferToAll="false" entitize="false" transferChildNodes="false">
        <con:name>salesOrgId</con:name>
        <con:sourceType>res_salesOrgId</con:sourceType>
        <con:sourceStep>Create and submit sales org with user, inventory and terminal 2</con:sourceStep>
        <con:targetType>req_salesOrgId</con:targetType>
        <con:targetStep>Add item to draft terminal 2</con:targetStep>
        <con:upgraded>true</con:upgraded>
      </con:transfers>
      <con:transfers setNullOnMissingSource="true" transferTextContent="true" failOnError="true" ignoreEmpty="false" transferToAll="false" entitize="false" transferChildNodes="false">
        <con:name>biId</con:name>
        <con:sourceType>res_biId</con:sourceType>
        <con:sourceStep>Create terminal 2</con:sourceStep>
        <con:targetType>req_biId</con:targetType>
        <con:targetStep>Add item to draft terminal 2</con:targetStep>
        <con:upgraded>true</con:upgraded>
      </con:transfers>
    </con:config>
  </con:testStep>
  <con:testStep type="calltestcase" name="Add item to draft terminal 2" id="8611b837-f3c4-42fc-bc70-a231febdf939">
    <con:settings/>
    <con:config xsi:type="con:RunTestCaseStep" xmlns:xsi="http://www.w3.org/2001/XMLSchema-instance">
      <con:targetTestCase>c2cf8d8e-d749-4306-b31a-9517cd1e26d6</con:targetTestCase>
      <con:properties>
        <con:property>
          <con:name>req_externalId</con:name>
          <con:value>terminal-${=java.util.UUID.randomUUID()}</con:value>
        </con:property>
        <con:property>
          <con:name>req_salesOrgId</con:name>
          <con:value>164</con:value>
        </con:property>
        <con:property>
          <con:name>req_biId</con:name>
          <con:value>3691</con:value>
        </con:property>
        <con:property>
          <con:name>res_biId</con:name>
          <con:value>3691</con:value>
        </con:property>
        <con:property>
          <con:name>res_biItemId</con:name>
          <con:value>686</con:value>
        </con:property>
        <con:property>
          <con:name>res_errorMessage</con:name>
          <con:value xsi:nil="true"/>
        </con:property>
      </con:properties>
      <con:returnProperties>
        <con:entry>res_biId</con:entry>
        <con:entry>res_biItemId</con:entry>
        <con:entry>res_errorMessage</con:entry>
      </con:returnProperties>
      <con:runMode>PARALLELL</con:runMode>
    </con:config>
  </con:testStep>
  <con:testStep type="assertionteststep" name="Assertion items added to draft terminal successfully 2" id="270fdad9-2658-48b2-bbe5-16648451c765">
    <con:settings/>
    <con:config xsi:type="con:AssertionTestStep" xmlns:xsi="http://www.w3.org/2001/XMLSchema-instance">
      <con:entry>
        <con:id>e5f1d2e8-487e-4a12-8d4e-1e9d7a243f78</con:id>
        <con:isGroup>false</con:isGroup>
        <con:sourceId>8611b837-f3c4-42fc-bc70-a231febdf939</con:sourceId>
        <con:propertyName>res_biItemId</con:propertyName>
        <con:assertion type="Simple Contains" name="Contains" id="57bf546a-3ebd-4567-8c87-842dc81814a4">
          <con:configuration>
            <token>\d+</token>
            <ignoreCase>false</ignoreCase>
            <useRegEx>true</useRegEx>
          </con:configuration>
        </con:assertion>
      </con:entry>
    </con:config>
  </con:testStep>
  <con:testStep type="transfer" name="Property Transfer 42" id="26de79e2-53b9-4a90-9f62-d7f5c1cdc426">
    <con:settings/>
    <con:config xsi:type="con:PropertyTransfersStep" xmlns:xsi="http://www.w3.org/2001/XMLSchema-instance">
      <con:transfers setNullOnMissingSource="true" transferTextContent="true" failOnError="true" ignoreEmpty="false" transferToAll="false" entitize="false" transferChildNodes="false">
        <con:name>biId</con:name>
        <con:sourceType>res_biId</con:sourceType>
        <con:sourceStep>Create terminal 2</con:sourceStep>
        <con:sourcePath/>
        <con:targetType>req_biId</con:targetType>
        <con:targetStep>Cannot submit draft terminal with user which has not open session</con:targetStep>
        <con:targetPath/>
        <con:upgraded>true</con:upgraded>
      </con:transfers>
    </con:config>
  </con:testStep>
  <con:testStep type="calltestcase" name="Cannot submit draft terminal with user which has not open session" id="d007c8d9-ee7d-46ce-a717-b048ffdb48c7">
    <con:settings/>
    <con:config xsi:type="con:RunTestCaseStep" xmlns:xsi="http://www.w3.org/2001/XMLSchema-instance">
      <con:targetTestCase>b9362f84-1b88-4f7e-ac73-8b5c3f0927c8</con:targetTestCase>
      <con:properties>
        <con:property>
          <con:name>req_biId</con:name>
          <con:value>3691</con:value>
        </con:property>
        <con:property>
          <con:name>res_biId</con:name>
          <con:value xsi:nil="true"/>
        </con:property>
        <con:property>
          <con:name>res_errorMessage</con:name>
          <con:value>USER_NEEDS_A_SESSION_TO_CREATE_THIS_BUSINESS_INTERACTION</con:value>
        </con:property>
        <con:property>
          <con:name>res_code</con:name>
        </con:property>
      </con:properties>
      <con:returnProperties>
        <con:entry>res_biId</con:entry>
        <con:entry>res_errorMessage</con:entry>
      </con:returnProperties>
      <con:runMode>PARALLELL</con:runMode>
    </con:config>
  </con:testStep>
  <con:testStep type="assertionteststep" name="Assertion draft terminal cannot submitted" id="8b880ce7-ae2b-46e5-a5bf-eaeb22a2c6bb">
    <con:settings/>
    <con:config xsi:type="con:AssertionTestStep" xmlns:xsi="http://www.w3.org/2001/XMLSchema-instance">
      <con:entry>
        <con:id>b00d4413-ed1b-4c4b-9f9e-75142ed4480d</con:id>
        <con:isGroup>false</con:isGroup>
        <con:sourceId>d007c8d9-ee7d-46ce-a717-b048ffdb48c7</con:sourceId>
        <con:propertyName>res_errorMessage</con:propertyName>
        <con:assertion type="Simple Equals" name="Equals" id="3986ff73-4f71-437a-a6b4-df0ccd6ea8b0">
          <con:configuration>
            <patternObjectId>a115145d-835f-4796-97e7-728d85beee81</patternObjectId>
            <patternProperty>errorMessageUserNeedsOpenSession</patternProperty>
            <caseSensitive>true</caseSensitive>
          </con:configuration>
        </con:assertion>
      </con:entry>
    </con:config>
  </con:testStep>
  <con:testStep type="transfer" name="Property Transfer 38" id="4aa43a79-6c43-488b-a152-e37b806d36c3">
    <con:settings/>
    <con:config xsi:type="con:PropertyTransfersStep" xmlns:xsi="http://www.w3.org/2001/XMLSchema-instance">
      <con:transfers setNullOnMissingSource="true" transferTextContent="true" failOnError="true" ignoreEmpty="false" transferToAll="false" entitize="false" transferChildNodes="false">
        <con:name>userId</con:name>
        <con:sourceType>res_userId</con:sourceType>
        <con:sourceStep>Create and submit user with forceToSessionTrue</con:sourceStep>
        <con:sourcePath/>
        <con:targetType>req_userRoleId</con:targetType>
        <con:targetStep>Create and submit start session</con:targetStep>
        <con:targetPath/>
        <con:upgraded>true</con:upgraded>
      </con:transfers>
      <con:transfers setNullOnMissingSource="true" transferTextContent="true" failOnError="true" ignoreEmpty="false" transferToAll="false" entitize="false" transferChildNodes="false">
        <con:name>salesOrgId</con:name>
        <con:sourceType>res_salesOrgId</con:sourceType>
        <con:sourceStep>Create and submit sales org with user, inventory and terminal 2</con:sourceStep>
        <con:targetType>req_salesOrgRoleId</con:targetType>
        <con:targetStep>Create and submit start session</con:targetStep>
        <con:upgraded>true</con:upgraded>
      </con:transfers>
      <con:transfers setNullOnMissingSource="true" transferTextContent="true" failOnError="true" ignoreEmpty="false" transferToAll="false" entitize="false" transferChildNodes="false">
        <con:name>terminalId</con:name>
        <con:sourceType>res_terminalId</con:sourceType>
        <con:sourceStep>Create and submit sales org with user, inventory and terminal 2</con:sourceStep>
        <con:targetType>req_terminalId</con:targetType>
        <con:targetStep>Create and submit start session</con:targetStep>
        <con:upgraded>true</con:upgraded>
      </con:transfers>
    </con:config>
  </con:testStep>
  <con:testStep type="calltestcase" name="Create and submit start session" id="4fa9caf8-285c-4a26-a955-70fcdce70d62">
    <con:settings/>
    <con:config xsi:type="con:RunTestCaseStep" xmlns:xsi="http://www.w3.org/2001/XMLSchema-instance">
      <con:targetTestCase>a8bc6612-7b48-44cc-84ed-0b76bc1c8f6d</con:targetTestCase>
      <con:properties>
        <con:property>
          <con:name>req_terminalId</con:name>
          <con:value>40</con:value>
        </con:property>
        <con:property>
          <con:name>req_userRoleId</con:name>
          <con:value>168</con:value>
        </con:property>
        <con:property>
          <con:name>req_salesOrgRoleId</con:name>
          <con:value>164</con:value>
        </con:property>
        <con:property>
          <con:name>res_biId</con:name>
          <con:value>3701</con:value>
        </con:property>
      </con:properties>
      <con:returnProperties>
        <con:entry>res_biId</con:entry>
      </con:returnProperties>
      <con:runMode>PARALLELL</con:runMode>
    </con:config>
  </con:testStep>
  <con:testStep type="assertionteststep" name="Assertion start session submitted successfully" id="ab57b9d9-fa19-4acc-927a-6d056b168d6a">
    <con:settings/>
    <con:config xsi:type="con:AssertionTestStep" xmlns:xsi="http://www.w3.org/2001/XMLSchema-instance">
      <con:entry>
        <con:id>fbae5d1c-507f-4a9d-8eb5-caa4c20869d7</con:id>
        <con:isGroup>false</con:isGroup>
        <con:sourceId>4fa9caf8-285c-4a26-a955-70fcdce70d62</con:sourceId>
        <con:propertyName>res_biId</con:propertyName>
        <con:assertion type="Simple Contains" name="Contains" id="8827168a-0a64-4e07-8efc-2e05f052c1b6">
          <con:configuration>
            <token>\d+</token>
            <ignoreCase>false</ignoreCase>
            <useRegEx>true</useRegEx>
          </con:configuration>
        </con:assertion>
      </con:entry>
    </con:config>
  </con:testStep>
  <con:testStep type="transfer" name="Property Transfer 33" id="f2bc6e20-49ad-4b60-9ee6-56c3f86579ad">
    <con:settings/>
    <con:config xsi:type="con:PropertyTransfersStep" xmlns:xsi="http://www.w3.org/2001/XMLSchema-instance">
      <con:transfers setNullOnMissingSource="true" transferTextContent="true" failOnError="true" ignoreEmpty="false" transferToAll="false" entitize="false" transferChildNodes="false">
        <con:name>userRoleId</con:name>
        <con:sourceType>res_userId</con:sourceType>
        <con:sourceStep>Create and submit user with forceToSessionTrue</con:sourceStep>
        <con:sourcePath/>
        <con:targetType>req_userRoleId</con:targetType>
        <con:targetStep>Create terminal</con:targetStep>
        <con:targetPath/>
        <con:upgraded>true</con:upgraded>
      </con:transfers>
      <con:transfers setNullOnMissingSource="true" transferTextContent="true" failOnError="true" ignoreEmpty="false" transferToAll="false" entitize="false" transferChildNodes="false">
        <con:name>salesOrgRoleId</con:name>
        <con:sourceType>res_salesOrgId</con:sourceType>
        <con:sourceStep>Create and submit sales org with user, inventory and terminal 2</con:sourceStep>
        <con:targetType>req_salesOrgRoleId</con:targetType>
        <con:targetStep>Create terminal</con:targetStep>
        <con:upgraded>true</con:upgraded>
      </con:transfers>
    </con:config>
  </con:testStep>
  <con:testStep type="calltestcase" name="Create terminal" id="b7f04432-8afe-478d-8cf8-eaa86330b304">
    <con:settings/>
    <con:config xsi:type="con:RunTestCaseStep" xmlns:xsi="http://www.w3.org/2001/XMLSchema-instance">
      <con:targetTestCase>dd134965-c927-42c2-b77c-aa9898d86735</con:targetTestCase>
      <con:properties>
        <con:property>
          <con:name>req_userRoleId</con:name>
          <con:value>168</con:value>
        </con:property>
        <con:property>
          <con:name>req_salesOrgRoleId</con:name>
          <con:value>164</con:value>
        </con:property>
        <con:property>
          <con:name>res_biId</con:name>
          <con:value>3721</con:value>
        </con:property>
      </con:properties>
      <con:returnProperties>
        <con:entry>res_biId</con:entry>
      </con:returnProperties>
      <con:runMode>PARALLELL</con:runMode>
    </con:config>
  </con:testStep>
  <con:testStep type="assertionteststep" name="Assertion draft terminal created successfully" id="0ee3289d-99a7-463c-97cb-9ef879249718">
    <con:settings/>
    <con:config xsi:type="con:AssertionTestStep" xmlns:xsi="http://www.w3.org/2001/XMLSchema-instance">
      <con:entry>
        <con:id>dfe5ae5d-744e-4d7f-9aca-6761aef957b2</con:id>
        <con:isGroup>false</con:isGroup>
        <con:sourceId>b7f04432-8afe-478d-8cf8-eaa86330b304</con:sourceId>
        <con:propertyName>res_biId</con:propertyName>
        <con:assertion type="Simple Contains" name="Contains" id="359ac652-3477-4834-98fd-14841a89ec5b">
          <con:configuration>
            <token>\d+</token>
            <ignoreCase>false</ignoreCase>
            <useRegEx>true</useRegEx>
          </con:configuration>
        </con:assertion>
      </con:entry>
    </con:config>
  </con:testStep>
  <con:testStep type="transfer" name="Property Transfer 35" id="047bfac6-6a2b-4519-8c9b-c1ff356ed3e1">
    <con:settings/>
    <con:config xsi:type="con:PropertyTransfersStep" xmlns:xsi="http://www.w3.org/2001/XMLSchema-instance">
      <con:transfers setNullOnMissingSource="true" transferTextContent="true" failOnError="true" ignoreEmpty="false" transferToAll="false" entitize="false" transferChildNodes="false">
        <con:name>externalId</con:name>
        <con:sourceType>req_terminalRoleExtId</con:sourceType>
        <con:sourceStep>Properties</con:sourceStep>
        <con:sourcePath/>
        <con:targetType>req_externalId</con:targetType>
        <con:targetStep>Add item to draft terminal</con:targetStep>
        <con:targetPath/>
        <con:upgraded>true</con:upgraded>
      </con:transfers>
      <con:transfers setNullOnMissingSource="true" transferTextContent="true" failOnError="true" ignoreEmpty="false" transferToAll="false" entitize="false" transferChildNodes="false">
        <con:name>salesOrgId</con:name>
        <con:sourceType>res_salesOrgId</con:sourceType>
        <con:sourceStep>Create and submit sales org with user, inventory and terminal 2</con:sourceStep>
        <con:targetType>req_salesOrgId</con:targetType>
        <con:targetStep>Add item to draft terminal</con:targetStep>
        <con:upgraded>true</con:upgraded>
      </con:transfers>
      <con:transfers setNullOnMissingSource="true" transferTextContent="true" failOnError="true" ignoreEmpty="false" transferToAll="false" entitize="false" transferChildNodes="false">
        <con:name>biId</con:name>
        <con:sourceType>res_biId</con:sourceType>
        <con:sourceStep>Create terminal</con:sourceStep>
        <con:targetType>req_biId</con:targetType>
        <con:targetStep>Add item to draft terminal</con:targetStep>
        <con:upgraded>true</con:upgraded>
      </con:transfers>
    </con:config>
  </con:testStep>
  <con:testStep type="calltestcase" name="Add item to draft terminal" id="223d07f3-dbbc-4695-b10c-2792f6286dd4">
    <con:settings/>
    <con:config xsi:type="con:RunTestCaseStep" xmlns:xsi="http://www.w3.org/2001/XMLSchema-instance">
      <con:targetTestCase>c2cf8d8e-d749-4306-b31a-9517cd1e26d6</con:targetTestCase>
      <con:properties>
        <con:property>
          <con:name>req_externalId</con:name>
          <con:value>terminal-${=java.util.UUID.randomUUID()}</con:value>
        </con:property>
        <con:property>
          <con:name>req_salesOrgId</con:name>
          <con:value>164</con:value>
        </con:property>
        <con:property>
          <con:name>req_biId</con:name>
          <con:value>3721</con:value>
        </con:property>
        <con:property>
          <con:name>res_biId</con:name>
          <con:value>3721</con:value>
        </con:property>
        <con:property>
          <con:name>res_biItemId</con:name>
          <con:value>687</con:value>
        </con:property>
        <con:property>
          <con:name>res_errorMessage</con:name>
          <con:value xsi:nil="true"/>
        </con:property>
      </con:properties>
      <con:returnProperties>
        <con:entry>res_biId</con:entry>
        <con:entry>res_biItemId</con:entry>
        <con:entry>res_errorMessage</con:entry>
      </con:returnProperties>
      <con:runMode>PARALLELL</con:runMode>
    </con:config>
  </con:testStep>
  <con:testStep type="assertionteststep" name="Assertion items added to draft terminal successfully" id="1ca96e19-0b3a-49f5-9c09-f9d1be94918c">
    <con:settings/>
    <con:config xsi:type="con:AssertionTestStep" xmlns:xsi="http://www.w3.org/2001/XMLSchema-instance">
      <con:entry>
        <con:id>d7543f8c-77a0-4bff-8f16-5041e515a1c0</con:id>
        <con:isGroup>false</con:isGroup>
        <con:sourceId>223d07f3-dbbc-4695-b10c-2792f6286dd4</con:sourceId>
        <con:propertyName>res_biItemId</con:propertyName>
        <con:assertion type="Simple Contains" name="Contains" id="b2b32d39-b92e-4e45-af21-7730f8086a0f">
          <con:configuration>
            <token>\d+</token>
            <ignoreCase>false</ignoreCase>
            <useRegEx>true</useRegEx>
          </con:configuration>
        </con:assertion>
      </con:entry>
    </con:config>
  </con:testStep>
  <con:testStep type="transfer" name="Property Transfer 34" id="63c4fa6d-69a2-42af-8ad3-78eefcbe5cac">
    <con:settings/>
    <con:config xsi:type="con:PropertyTransfersStep" xmlns:xsi="http://www.w3.org/2001/XMLSchema-instance">
      <con:transfers setNullOnMissingSource="true" transferTextContent="true" failOnError="true" ignoreEmpty="false" transferToAll="false" entitize="false" transferChildNodes="false">
        <con:name>biId</con:name>
        <con:sourceType>res_biId</con:sourceType>
        <con:sourceStep>Create terminal</con:sourceStep>
        <con:sourcePath/>
        <con:targetType>req_biId</con:targetType>
        <con:targetStep>Submit create terminal</con:targetStep>
        <con:targetPath/>
        <con:upgraded>true</con:upgraded>
      </con:transfers>
    </con:config>
  </con:testStep>
  <con:testStep type="calltestcase" name="Submit create terminal" id="52007000-39dd-4150-8d3a-1203c267a8ef">
    <con:settings/>
    <con:config xsi:type="con:RunTestCaseStep" xmlns:xsi="http://www.w3.org/2001/XMLSchema-instance">
      <con:targetTestCase>b9362f84-1b88-4f7e-ac73-8b5c3f0927c8</con:targetTestCase>
      <con:properties>
        <con:property>
          <con:name>req_biId</con:name>
          <con:value>3721</con:value>
        </con:property>
        <con:property>
          <con:name>res_biId</con:name>
          <con:value>3721</con:value>
        </con:property>
        <con:property>
          <con:name>res_errorMessage</con:name>
          <con:value xsi:nil="true"/>
        </con:property>
        <con:property>
          <con:name>res_code</con:name>
        </con:property>
      </con:properties>
      <con:returnProperties>
        <con:entry>res_biId</con:entry>
        <con:entry>res_errorMessage</con:entry>
      </con:returnProperties>
      <con:runMode>PARALLELL</con:runMode>
    </con:config>
  </con:testStep>
  <con:testStep type="assertionteststep" name="Assertion draft terminal submitted successfully" id="386dd750-78f9-4ae4-9439-e3c56c1dba93">
    <con:settings/>
    <con:config xsi:type="con:AssertionTestStep" xmlns:xsi="http://www.w3.org/2001/XMLSchema-instance">
      <con:entry>
        <con:id>317620e9-296f-4305-a787-7f6e0af8a935</con:id>
        <con:isGroup>false</con:isGroup>
        <con:sourceId>52007000-39dd-4150-8d3a-1203c267a8ef</con:sourceId>
        <con:propertyName>res_biId</con:propertyName>
        <con:assertion type="Simple Contains" name="Contains" id="39fb4817-0db4-4861-a369-ac62920467f3">
          <con:configuration>
            <token>\d+</token>
            <ignoreCase>false</ignoreCase>
            <useRegEx>true</useRegEx>
          </con:configuration>
        </con:assertion>
      </con:entry>
    </con:config>
  </con:testStep>
  <con:testStep type="transfer" name="Property Transfer 39" id="54214928-bbce-407e-a73d-a268c8b9462d">
    <con:settings/>
    <con:config xsi:type="con:PropertyTransfersStep" xmlns:xsi="http://www.w3.org/2001/XMLSchema-instance">
      <con:transfers setNullOnMissingSource="true" transferTextContent="true" failOnError="true" ignoreEmpty="false" transferToAll="false" entitize="false" transferChildNodes="false">
        <con:name>sessionId</con:name>
        <con:sourceType>res_sessionId</con:sourceType>
        <con:sourceStep>Get single session by terminal id</con:sourceStep>
        <con:sourcePath/>
        <con:targetType>req_biId</con:targetType>
        <con:targetStep>Display journal bi of session 2</con:targetStep>
        <con:targetPath/>
        <con:upgraded>true</con:upgraded>
      </con:transfers>
    </con:config>
  </con:testStep>
  <con:testStep type="calltestcase" name="Display journal bi of session 2" id="92b10931-a155-4b7d-9fd7-85ebd6954c35">
    <con:settings/>
    <con:config xsi:type="con:RunTestCaseStep" xmlns:xsi="http://www.w3.org/2001/XMLSchema-instance">
      <con:targetTestCase>53ab1504-e5cd-443e-be77-dbf20e3146d1</con:targetTestCase>
      <con:properties>
        <con:property>
          <con:name>req_biId</con:name>
          <con:value>3601</con:value>
        </con:property>
        <con:property>
          <con:name>res_body</con:name>
          <con:value>[{"date":"2018-03-12T20:30:04+0300","id":3611,"biType":"Stock In BI Spec","description":"Stock In at [name-so-eb485b60-59b2-44ce-84b4-5a856470c2b3] by [John Smith]","from":"name-so-eb485b60-59b2-44ce-84b4-5a856470c2b3","to":"name-so-eb485b60-59b2-44ce-84b4-5a856470c2b3","biCode":"STI-3611","biStatus":"Closed","type":"com.ericsson.bss.rm.erms.core.entity.dto.bi.session.JournaledBIOfSessionDTO"},{"date":"2018-03-12T20:30:05+0300","id":3621,"biType":"Payment BI Spec","description":"Standalone Payment","from":"name-so-eb485b60-59b2-44ce-84b4-5a856470c2b3","to":"name-so-eb485b60-59b2-44ce-84b4-5a856470c2b3","biCode":"PAY-3621","biStatus":"Closed","type":"com.ericsson.bss.rm.erms.core.entity.dto.bi.session.JournaledBIOfSessionDTO"},{"date":"2018-03-12T20:30:05+0300","id":3631,"biType":"Monetary Transaction sub bi spec for payment bi","description":"Monetary Transaction at [name-so-eb485b60-59b2-44ce-84b4-5a856470c2b3] by [John Smith]","from":"name-so-eb485b60-59b2-44ce-84b4-5a856470c2b3","to":"name-so-eb485b60-59b2-44ce-84b4-5a856470c2b3","biCode":"MTx-3631","biStatus":"Closed","type":"com.ericsson.bss.rm.erms.core.entity.dto.bi.session.JournaledBIOfSessionDTO"},{"date":"2018-03-12T20:30:07+0300","id":3641,"biType":"Stock In BI Spec","description":"Stock In at [name-so-eb485b60-59b2-44ce-84b4-5a856470c2b3] by [John Smith]","from":"name-so-eb485b60-59b2-44ce-84b4-5a856470c2b3","to":"name-so-eb485b60-59b2-44ce-84b4-5a856470c2b3","biCode":"STI-3641","biStatus":"Closed","type":"com.ericsson.bss.rm.erms.core.entity.dto.bi.session.JournaledBIOfSessionDTO"},{"date":"2018-03-12T20:30:07+0300","id":3661,"biType":"Sales BI Spec","description":"Sales at [name-so-eb485b60-59b2-44ce-84b4-5a856470c2b3] by [John Smith]","from":"name-so-eb485b60-59b2-44ce-84b4-5a856470c2b3","to":"name-so-eb485b60-59b2-44ce-84b4-5a856470c2b3","biCode":"SLS-3661","biStatus":"Closed","type":"com.ericsson.bss.rm.erms.core.entity.dto.bi.session.JournaledBIOfSessionDTO"},{"date":"2018-03-12T20:30:08+0300","id":3671,"biType":"Stock out bi spec","description":"Stock Out at [name-so-eb485b60-59b2-44ce-84b4-5a856470c2b3] by [John Smith]","from":"name-so-eb485b60-59b2-44ce-84b4-5a856470c2b3","to":"name-so-eb485b60-59b2-44ce-84b4-5a856470c2b3","biCode":"STO-3671","biStatus":"Closed","type":"com.ericsson.bss.rm.erms.core.entity.dto.bi.session.JournaledBIOfSessionDTO"}]</con:value>
        </con:property>
        <con:property>
          <con:name>res_httpStatusCode</con:name>
          <con:value>200</con:value>
        </con:property>
      </con:properties>
      <con:returnProperties>
        <con:entry>res_body</con:entry>
        <con:entry>res_httpStatusCode</con:entry>
      </con:returnProperties>
      <con:runMode>PARALLELL</con:runMode>
    </con:config>
  </con:testStep>
  <con:testStep type="assertionteststep" name="Assertion res_body" id="4eae7ba0-3e82-4175-8ac1-e25ba28d4eee">
    <con:settings/>
    <con:config xsi:type="con:AssertionTestStep" xmlns:xsi="http://www.w3.org/2001/XMLSchema-instance">
      <con:entry>
        <con:id>cd721745-fbe0-47d3-9bd9-dff88d002bff</con:id>
        <con:isGroup>false</con:isGroup>
        <con:sourceId>92b10931-a155-4b7d-9fd7-85ebd6954c35</con:sourceId>
        <con:propertyName>res_body</con:propertyName>
        <con:assertion type="Simple NotContains" name="Not Contains" id="ae7c0556-8b21-4731-8889-8922e80b0575">
          <con:configuration>
            <token>Terminal create bi spec</token>
            <ignoreCase>false</ignoreCase>
            <useRegEx>true</useRegEx>
          </con:configuration>
        </con:assertion>
      </con:entry>
    </con:config>
  </con:testStep>
  <con:testStep type="transfer" name="Property Transfer 12" id="e8dde93f-5079-4c19-a7f8-dd7fe22ca1a4">
    <con:settings/>
    <con:config xsi:type="con:PropertyTransfersStep" xmlns:xsi="http://www.w3.org/2001/XMLSchema-instance">
      <con:transfers setNullOnMissingSource="true" transferTextContent="true" failOnError="true" ignoreEmpty="false" transferToAll="false" entitize="false" transferChildNodes="false">
        <con:name>userRoleId</con:name>
        <con:sourceType>res_userRoleId</con:sourceType>
        <con:sourceStep>Create and submit sales org with user, inventory and terminal</con:sourceStep>
        <con:sourcePath/>
        <con:targetType>req_userRoleId</con:targetType>
        <con:targetStep>Create end session business interaction</con:targetStep>
        <con:targetPath/>
        <con:upgraded>true</con:upgraded>
      </con:transfers>
      <con:transfers setNullOnMissingSource="true" transferTextContent="true" failOnError="true" ignoreEmpty="false" transferToAll="false" entitize="false" transferChildNodes="false">
        <con:name>salesOrgRoleId</con:name>
        <con:sourceType>res_salesOrgId</con:sourceType>
        <con:sourceStep>Create and submit sales org with user, inventory and terminal</con:sourceStep>
        <con:targetType>req_salesOrgRoleId</con:targetType>
        <con:targetStep>Create end session business interaction</con:targetStep>
        <con:upgraded>true</con:upgraded>
      </con:transfers>
      <con:transfers setNullOnMissingSource="true" transferTextContent="true" failOnError="true" ignoreEmpty="false" transferToAll="false" entitize="false" transferChildNodes="false">
        <con:name>biSpecCode</con:name>
        <con:sourceType>endSessionBiSpecCode</con:sourceType>
        <con:sourceStep>Properties</con:sourceStep>
        <con:targetType>req_biSpecCode</con:targetType>
        <con:targetStep>Create end session business interaction</con:targetStep>
        <con:upgraded>true</con:upgraded>
      </con:transfers>
      <con:transfers setNullOnMissingSource="true" transferTextContent="true" failOnError="true" ignoreEmpty="false" transferToAll="false" entitize="false" transferChildNodes="false">
        <con:name>userToken</con:name>
        <con:sourceType>userToken</con:sourceType>
        <con:sourceStep>Create and submit sales org with user, inventory and terminal</con:sourceStep>
        <con:targetType>AuthorizationUser</con:targetType>
        <con:targetStep>#Project#</con:targetStep>
        <con:upgraded>true</con:upgraded>
      </con:transfers>
      <con:transfers setNullOnMissingSource="true" transferTextContent="true" failOnError="true" ignoreEmpty="false" transferToAll="false" entitize="false" transferChildNodes="false">
        <con:name>userSo</con:name>
        <con:sourceType>res_salesOrgId</con:sourceType>
        <con:sourceStep>Create and submit sales org with user, inventory and terminal</con:sourceStep>
        <con:targetType>UserSo</con:targetType>
        <con:targetStep>#Project#</con:targetStep>
        <con:upgraded>true</con:upgraded>
      </con:transfers>
    </con:config>
  </con:testStep>
  <con:testStep type="calltestcase" name="Create end session business interaction" id="dba12bae-50d0-4f0c-a8c0-2b7cf7f8dd44">
    <con:settings/>
    <con:config xsi:type="con:RunTestCaseStep" xmlns:xsi="http://www.w3.org/2001/XMLSchema-instance">
      <con:targetTestCase>dc1a7c3e-7636-43aa-9004-8c225ff30f59</con:targetTestCase>
      <con:properties>
        <con:property>
          <con:name>req_biSpecCode</con:name>
          <con:value>SESSIONENDBISPEC</con:value>
        </con:property>
        <con:property>
          <con:name>req_userRoleId</con:name>
          <con:value>162</con:value>
        </con:property>
        <con:property>
          <con:name>req_salesOrgRoleId</con:name>
          <con:value>160</con:value>
        </con:property>
        <con:property>
          <con:name>res_biId</con:name>
          <con:value>3731</con:value>
        </con:property>
        <con:property>
          <con:name>res_errorMessage</con:name>
        </con:property>
      </con:properties>
      <con:returnProperties>
        <con:entry>res_biId</con:entry>
      </con:returnProperties>
      <con:runMode>PARALLELL</con:runMode>
    </con:config>
  </con:testStep>
  <con:testStep type="assertionteststep" name="Assertion end session is created successfully" id="142cd857-f43d-4848-8cd6-3e67d32e9cb2">
    <con:settings/>
    <con:config xsi:type="con:AssertionTestStep" xmlns:xsi="http://www.w3.org/2001/XMLSchema-instance">
      <con:entry>
        <con:id>e9ca7e9a-309b-4673-ac5a-cfdf268beadb</con:id>
        <con:isGroup>false</con:isGroup>
        <con:sourceId>dba12bae-50d0-4f0c-a8c0-2b7cf7f8dd44</con:sourceId>
        <con:propertyName>res_biId</con:propertyName>
        <con:assertion type="Simple Contains" name="Contains" id="9cadbd34-d1a6-4de8-a2b1-74200877f208">
          <con:configuration>
            <token>\d+</token>
            <ignoreCase>false</ignoreCase>
            <useRegEx>true</useRegEx>
          </con:configuration>
        </con:assertion>
      </con:entry>
    </con:config>
  </con:testStep>
  <con:testStep type="transfer" name="P.T. - Display journal bi of closed session" id="fb0522d5-d02c-47f0-adf9-0d63be8b46eb" disabled="true">
    <con:settings/>
    <con:config xsi:type="con:PropertyTransfersStep" xmlns:xsi="http://www.w3.org/2001/XMLSchema-instance">
      <con:transfers setNullOnMissingSource="true" transferTextContent="true" failOnError="true" ignoreEmpty="false" transferToAll="false" entitize="false" transferChildNodes="false">
        <con:name>sessionId</con:name>
        <con:sourceType xsi:nil="true"/>
        <con:sourceStep>Display journal bi of closed session</con:sourceStep>
        <con:sourcePath/>
        <con:targetType>req_biId</con:targetType>
        <con:targetStep>Display journal bi of session 2</con:targetStep>
        <con:targetPath/>
        <con:upgraded>true</con:upgraded>
      </con:transfers>
    </con:config>
  </con:testStep>
  <con:testStep type="calltestcase" name="Display journal bi of closed session" id="ee336e08-5aff-4df2-83eb-51d5ecb1d722" disabled="true">
    <con:settings/>
    <con:config xsi:type="con:RunTestCaseStep" xmlns:xsi="http://www.w3.org/2001/XMLSchema-instance">
      <con:targetTestCase>53ab1504-e5cd-443e-be77-dbf20e3146d1</con:targetTestCase>
      <con:properties>
        <con:property>
          <con:name>req_biId</con:name>
          <con:value>1741</con:value>
        </con:property>
        <con:property>
          <con:name>res_body</con:name>
          <con:value>[{"date":"2018-01-14T01:06:47+0300","id":1751,"biType":"Stock In BI Spec","description":"Stock In at [name-so-68944a08-a336-4253-9993-8b332303a46c] by [John Smith]","from":"name-so-68944a08-a336-4253-9993-8b332303a46c","to":"name-so-68944a08-a336-4253-9993-8b332303a46c","biCode":"STI-1751","biStatus":"Closed","type":"com.ericsson.bss.rm.erms.core.entity.dto.bi.session.JournaledBIOfSessionDTO"},{"date":"2018-01-14T01:06:48+0300","id":1761,"biType":"Payment BI Spec","description":"Standalone Payment","from":"name-so-68944a08-a336-4253-9993-8b332303a46c","to":"name-so-68944a08-a336-4253-9993-8b332303a46c","biCode":"PAY-1761","biStatus":"Closed","type":"com.ericsson.bss.rm.erms.core.entity.dto.bi.session.JournaledBIOfSessionDTO"},{"date":"2018-01-14T01:06:49+0300","id":1771,"biType":"Monetary Transaction sub bi spec for payment bi","description":"Monetary Transaction at [name-so-68944a08-a336-4253-9993-8b332303a46c] by [John Smith]","from":"name-so-68944a08-a336-4253-9993-8b332303a46c","to":"name-so-68944a08-a336-4253-9993-8b332303a46c","biCode":"MTx-1771","biStatus":"Closed","type":"com.ericsson.bss.rm.erms.core.entity.dto.bi.session.JournaledBIOfSessionDTO"},{"date":"2018-01-14T01:06:49+0300","id":1781,"biType":"Stock In BI Spec","description":"Stock In at [name-so-68944a08-a336-4253-9993-8b332303a46c] by [John Smith]","from":"name-so-68944a08-a336-4253-9993-8b332303a46c","to":"name-so-68944a08-a336-4253-9993-8b332303a46c","biCode":"STI-1781","biStatus":"Closed","type":"com.ericsson.bss.rm.erms.core.entity.dto.bi.session.JournaledBIOfSessionDTO"},{"date":"2018-01-14T01:06:50+0300","id":1791,"biType":"Sales BI Spec","description":"Sales at [name-so-68944a08-a336-4253-9993-8b332303a46c] by [John Smith]","from":"name-so-68944a08-a336-4253-9993-8b332303a46c","to":"name-so-68944a08-a336-4253-9993-8b332303a46c","biCode":"SLS-1791","biStatus":"Closed","type":"com.ericsson.bss.rm.erms.core.entity.dto.bi.session.JournaledBIOfSessionDTO"},{"date":"2018-01-14T01:06:50+0300","id":1801,"biType":"Stock out bi spec","description":"Stock Out at [name-so-68944a08-a336-4253-9993-8b332303a46c] by [John Smith]","from":"name-so-68944a08-a336-4253-9993-8b332303a46c","to":"name-so-68944a08-a336-4253-9993-8b332303a46c","biCode":"STO-1801","biStatus":"Closed","type":"com.ericsson.bss.rm.erms.core.entity.dto.bi.session.JournaledBIOfSessionDTO"}]</con:value>
        </con:property>
        <con:property>
          <con:name>res_httpStatusCode</con:name>
          <con:value>200</con:value>
        </con:property>
      </con:properties>
      <con:returnProperties>
        <con:entry>res_body</con:entry>
        <con:entry>res_httpStatusCode</con:entry>
      </con:returnProperties>
      <con:runMode>PARALLELL</con:runMode>
    </con:config>
  </con:testStep>
  <con:testStep type="transfer" name="Property Transfer 21" id="b3803328-5163-4a20-a1e6-188de3404134">
    <con:settings/>
    <con:config xsi:type="con:PropertyTransfersStep" xmlns:xsi="http://www.w3.org/2001/XMLSchema-instance">
      <con:transfers setNullOnMissingSource="true" transferTextContent="true" failOnError="true" ignoreEmpty="false" transferToAll="false" entitize="false" transferChildNodes="false">
        <con:name>userId</con:name>
        <con:sourceType>res_userRoleId</con:sourceType>
        <con:sourceStep>Create and submit sales org with user, inventory and terminal</con:sourceStep>
        <con:sourcePath/>
        <con:targetType>req_userRoleId</con:targetType>
        <con:targetStep>Cannot create end session business intraction without bi spec code</con:targetStep>
        <con:targetPath/>
        <con:upgraded>true</con:upgraded>
      </con:transfers>
      <con:transfers setNullOnMissingSource="true" transferTextContent="true" failOnError="true" ignoreEmpty="false" transferToAll="false" entitize="false" transferChildNodes="false">
        <con:name>soId</con:name>
        <con:sourceType>res_salesOrgId</con:sourceType>
        <con:sourceStep>Create and submit sales org with user, inventory and terminal</con:sourceStep>
        <con:targetType>req_salesOrgRoleId</con:targetType>
        <con:targetStep>Cannot create end session business intraction without bi spec code</con:targetStep>
        <con:upgraded>true</con:upgraded>
      </con:transfers>
    </con:config>
  </con:testStep>
  <con:testStep type="calltestcase" name="Cannot create end session business intraction without bi spec code" id="b86a2d2b-d5e1-47b5-930a-35936e348f3a">
    <con:settings/>
    <con:config xsi:type="con:RunTestCaseStep" xmlns:xsi="http://www.w3.org/2001/XMLSchema-instance">
      <con:targetTestCase>dc1a7c3e-7636-43aa-9004-8c225ff30f59</con:targetTestCase>
      <con:properties>
        <con:property>
          <con:name>req_biSpecCode</con:name>
        </con:property>
        <con:property>
          <con:name>req_userRoleId</con:name>
          <con:value>162</con:value>
        </con:property>
        <con:property>
          <con:name>req_salesOrgRoleId</con:name>
          <con:value>160</con:value>
        </con:property>
        <con:property>
          <con:name>res_biId</con:name>
          <con:value xsi:nil="true"/>
        </con:property>
        <con:property>
          <con:name>res_errorMessage</con:name>
          <con:value>BUSINESS_INTERACTION_CODE_MUST_BE_PROVIDED</con:value>
        </con:property>
      </con:properties>
      <con:returnProperties>
        <con:entry>res_biId</con:entry>
        <con:entry>res_errorMessage</con:entry>
      </con:returnProperties>
      <con:runMode>PARALLELL</con:runMode>
    </con:config>
  </con:testStep>
  <con:testStep type="assertionteststep" name="Assertion create end session fail" id="93af684a-34c4-4aaf-bebf-283386d3fde6">
    <con:settings/>
    <con:config xsi:type="con:AssertionTestStep" xmlns:xsi="http://www.w3.org/2001/XMLSchema-instance">
      <con:entry>
        <con:id>38ba503e-54ac-4fa1-b1f6-0d2aaa595602</con:id>
        <con:isGroup>false</con:isGroup>
        <con:sourceId>b86a2d2b-d5e1-47b5-930a-35936e348f3a</con:sourceId>
        <con:propertyName>res_biId</con:propertyName>
        <con:assertion type="Simple NotContains" name="Not Contains" id="04548eec-357c-44d2-b0d0-84229b1c8f79">
          <con:configuration>
            <token>\d+</token>
            <ignoreCase>false</ignoreCase>
            <useRegEx>true</useRegEx>
          </con:configuration>
        </con:assertion>
      </con:entry>
      <con:entry>
        <con:id>b0fd86ff-9098-4508-8521-69790bf97d15</con:id>
        <con:isGroup>false</con:isGroup>
        <con:sourceId>b86a2d2b-d5e1-47b5-930a-35936e348f3a</con:sourceId>
        <con:propertyName>res_errorMessage</con:propertyName>
        <con:assertion type="Simple Equals" name="Equals" id="abadad95-f64d-4109-ba34-d80d1f206cac">
          <con:configuration>
            <patternObjectId>a115145d-835f-4796-97e7-728d85beee81</patternObjectId>
            <patternProperty>errorMessageEmptyBiSpecCode</patternProperty>
            <caseSensitive>true</caseSensitive>
          </con:configuration>
        </con:assertion>
      </con:entry>
    </con:config>
  </con:testStep>
  <con:testStep type="transfer" name="Property Transfer 22" id="af9e5f90-344e-4f06-99f2-fe0b32326e32">
    <con:settings/>
    <con:config xsi:type="con:PropertyTransfersStep" xmlns:xsi="http://www.w3.org/2001/XMLSchema-instance">
      <con:transfers setNullOnMissingSource="true" transferTextContent="true" failOnError="true" ignoreEmpty="false" transferToAll="false" entitize="false" transferChildNodes="false">
        <con:name>biId</con:name>
        <con:sourceType>biIdDoesNotExist</con:sourceType>
        <con:sourceStep>Properties</con:sourceStep>
        <con:sourcePath/>
        <con:targetType>req_biId</con:targetType>
        <con:targetStep>Cannot submit end session bi wich does not exist</con:targetStep>
        <con:targetPath/>
        <con:upgraded>true</con:upgraded>
      </con:transfers>
    </con:config>
  </con:testStep>
  <con:testStep type="calltestcase" name="Cannot submit end session bi wich does not exist" id="1ee73636-aca7-4e0b-bc97-496517d5d192">
    <con:settings/>
    <con:config xsi:type="con:RunTestCaseStep" xmlns:xsi="http://www.w3.org/2001/XMLSchema-instance">
      <con:targetTestCase>76a8e774-33db-4719-a8e0-3fae436007b3</con:targetTestCase>
      <con:properties>
        <con:property>
          <con:name>req_biId</con:name>
          <con:value>0</con:value>
        </con:property>
        <con:property>
          <con:name>res_biId</con:name>
          <con:value xsi:nil="true"/>
        </con:property>
        <con:property>
          <con:name>res_errorMessage</con:name>
          <con:value>BI_WITH_ID_NOT_FOUND</con:value>
        </con:property>
        <con:property>
          <con:name>res_httpStatusCode</con:name>
          <con:value>400</con:value>
        </con:property>
      </con:properties>
      <con:returnProperties>
        <con:entry>res_biId</con:entry>
        <con:entry>res_errorMessage</con:entry>
        <con:entry>res_httpStatusCode</con:entry>
      </con:returnProperties>
      <con:runMode>PARALLELL</con:runMode>
    </con:config>
  </con:testStep>
  <con:testStep type="assertionteststep" name="Assertion submit end session bi fail" id="1cdd93ea-0c7e-4b99-8b12-f34cebc11295">
    <con:settings/>
    <con:config xsi:type="con:AssertionTestStep" xmlns:xsi="http://www.w3.org/2001/XMLSchema-instance">
      <con:entry>
        <con:id>83f20e46-c52e-4bbd-8514-56fad45c837a</con:id>
        <con:isGroup>false</con:isGroup>
        <con:sourceId>1ee73636-aca7-4e0b-bc97-496517d5d192</con:sourceId>
        <con:propertyName>res_biId</con:propertyName>
        <con:assertion type="Simple NotContains" name="Not Contains" id="968a8206-6210-4338-b0e4-c1aec7bde36d">
          <con:configuration>
            <token>\d+</token>
            <ignoreCase>false</ignoreCase>
            <useRegEx>true</useRegEx>
          </con:configuration>
        </con:assertion>
      </con:entry>
      <con:entry>
        <con:id>9880eb59-02b2-4582-88d4-18c55c4b96b2</con:id>
        <con:isGroup>false</con:isGroup>
        <con:sourceId>1ee73636-aca7-4e0b-bc97-496517d5d192</con:sourceId>
        <con:propertyName>res_errorMessage</con:propertyName>
        <con:assertion type="Simple Equals" name="Equals" id="ab1c9eb5-c20f-4d47-b4c5-d59d2b3153c5">
          <con:configuration>
            <patternObjectId>a115145d-835f-4796-97e7-728d85beee81</patternObjectId>
            <patternProperty>errorMessageBiIdDoesNotExist</patternProperty>
            <caseSensitive>true</caseSensitive>
          </con:configuration>
        </con:assertion>
      </con:entry>
      <con:entry>
        <con:id>dcf35478-15ae-4c8d-8a27-51f14a7d951e</con:id>
        <con:isGroup>false</con:isGroup>
        <con:sourceId>1ee73636-aca7-4e0b-bc97-496517d5d192</con:sourceId>
        <con:propertyName>res_httpStatusCode</con:propertyName>
        <con:assertion type="Simple Equals" name="Equals 2" id="186bb4e9-8e85-44de-a845-cd6b732fef08">
          <con:configuration>
            <patternObjectId>a115145d-835f-4796-97e7-728d85beee81</patternObjectId>
            <patternProperty>httpStatusCode400</patternProperty>
            <caseSensitive>true</caseSensitive>
          </con:configuration>
        </con:assertion>
      </con:entry>
    </con:config>
  </con:testStep>
  <con:testStep type="transfer" name="Property Transfer 23" id="6feaa6a1-d173-4fdd-8621-9bad33d00a40">
    <con:settings/>
    <con:config xsi:type="con:PropertyTransfersStep" xmlns:xsi="http://www.w3.org/2001/XMLSchema-instance">
      <con:transfers setNullOnMissingSource="true" transferTextContent="true" failOnError="true" ignoreEmpty="false" transferToAll="false" entitize="false" transferChildNodes="false">
        <con:name>biSpecCode</con:name>
        <con:sourceType>endSessionBiSpecCode</con:sourceType>
        <con:sourceStep>Properties</con:sourceStep>
        <con:sourcePath/>
        <con:targetType>req_biSpecCode</con:targetType>
        <con:targetStep>Create end session bi with user has not open session</con:targetStep>
        <con:targetPath/>
        <con:upgraded>true</con:upgraded>
      </con:transfers>
      <con:transfers setNullOnMissingSource="true" transferTextContent="true" failOnError="true" ignoreEmpty="false" transferToAll="false" entitize="false" transferChildNodes="false">
        <con:name>userId</con:name>
        <con:sourceType>res_userRoleId</con:sourceType>
        <con:sourceStep>Create and submit sales org with user, inventory and terminal 2</con:sourceStep>
        <con:targetType>req_userRoleId</con:targetType>
        <con:targetStep>Create end session bi with user has not open session</con:targetStep>
        <con:upgraded>true</con:upgraded>
      </con:transfers>
      <con:transfers setNullOnMissingSource="true" transferTextContent="true" failOnError="true" ignoreEmpty="false" transferToAll="false" entitize="false" transferChildNodes="false">
        <con:name>salesOrgId</con:name>
        <con:sourceType>res_salesOrgId</con:sourceType>
        <con:sourceStep>Create and submit sales org with user, inventory and terminal 2</con:sourceStep>
        <con:targetType>req_salesOrgRoleId</con:targetType>
        <con:targetStep>Create end session bi with user has not open session</con:targetStep>
        <con:upgraded>true</con:upgraded>
      </con:transfers>
      <con:transfers setNullOnMissingSource="true" transferTextContent="true" failOnError="true" ignoreEmpty="false" transferToAll="false" entitize="false" transferChildNodes="false">
        <con:name>userToken</con:name>
        <con:sourceType>userToken</con:sourceType>
        <con:sourceStep>Create and submit sales org with user, inventory and terminal 2</con:sourceStep>
        <con:targetType>AuthorizationUser</con:targetType>
        <con:targetStep>#Project#</con:targetStep>
        <con:upgraded>true</con:upgraded>
      </con:transfers>
      <con:transfers setNullOnMissingSource="true" transferTextContent="true" failOnError="true" ignoreEmpty="false" transferToAll="false" entitize="false" transferChildNodes="false">
        <con:name>userSo</con:name>
        <con:sourceType>res_salesOrgId</con:sourceType>
        <con:sourceStep>Create and submit sales org with user, inventory and terminal 2</con:sourceStep>
        <con:targetType>UserSo</con:targetType>
        <con:targetStep>#Project#</con:targetStep>
        <con:upgraded>true</con:upgraded>
      </con:transfers>
    </con:config>
  </con:testStep>
  <con:testStep type="calltestcase" name="Create end session bi with user has not open session" id="533e016d-c155-4e0e-a0e8-de0da15267a5">
    <con:settings/>
    <con:config xsi:type="con:RunTestCaseStep" xmlns:xsi="http://www.w3.org/2001/XMLSchema-instance">
      <con:targetTestCase>dc1a7c3e-7636-43aa-9004-8c225ff30f59</con:targetTestCase>
      <con:properties>
        <con:property>
          <con:name>req_biSpecCode</con:name>
          <con:value>SESSIONENDBISPEC</con:value>
        </con:property>
        <con:property>
          <con:name>req_userRoleId</con:name>
          <con:value>166</con:value>
        </con:property>
        <con:property>
          <con:name>req_salesOrgRoleId</con:name>
          <con:value>164</con:value>
        </con:property>
        <con:property>
          <con:name>res_biId</con:name>
          <con:value>3741</con:value>
        </con:property>
        <con:property>
          <con:name>res_errorMessage</con:name>
          <con:value xsi:nil="true"/>
        </con:property>
      </con:properties>
      <con:returnProperties>
        <con:entry>res_biId</con:entry>
        <con:entry>res_errorMessage</con:entry>
      </con:returnProperties>
      <con:runMode>PARALLELL</con:runMode>
    </con:config>
  </con:testStep>
  <con:testStep type="assertionteststep" name="Assertion end session bi is created successfully" id="6a889d63-37d3-40e7-bed6-dde85204de45">
    <con:settings/>
    <con:config xsi:type="con:AssertionTestStep" xmlns:xsi="http://www.w3.org/2001/XMLSchema-instance">
      <con:entry>
        <con:id>030f4235-d99c-4be8-a9ab-e206374afc2d</con:id>
        <con:isGroup>false</con:isGroup>
        <con:sourceId>533e016d-c155-4e0e-a0e8-de0da15267a5</con:sourceId>
        <con:propertyName>res_biId</con:propertyName>
        <con:assertion type="Simple Contains" name="Contains" id="b7f6c471-a42e-476d-b425-41600f97a25b">
          <con:configuration>
            <token>\d+</token>
            <ignoreCase>false</ignoreCase>
            <useRegEx>true</useRegEx>
          </con:configuration>
        </con:assertion>
      </con:entry>
    </con:config>
  </con:testStep>
  <con:testStep type="transfer" name="Property Transfer 24" id="45f3cf5d-b34d-4074-8839-97628a4c0952">
    <con:settings/>
    <con:config xsi:type="con:PropertyTransfersStep" xmlns:xsi="http://www.w3.org/2001/XMLSchema-instance">
      <con:transfers setNullOnMissingSource="true" transferTextContent="true" failOnError="true" ignoreEmpty="false" transferToAll="false" entitize="false" transferChildNodes="false">
        <con:name>biId</con:name>
        <con:sourceType>res_biId</con:sourceType>
        <con:sourceStep>Create end session bi with user has not open session</con:sourceStep>
        <con:sourcePath/>
        <con:targetType>req_biId</con:targetType>
        <con:targetStep>Cannot submit end session with user has not open session</con:targetStep>
        <con:targetPath/>
        <con:upgraded>true</con:upgraded>
      </con:transfers>
    </con:config>
  </con:testStep>
  <con:testStep type="calltestcase" name="Cannot submit end session with user has not open session" id="809c4948-15c8-41fe-b142-56b567500f8e">
    <con:settings/>
    <con:config xsi:type="con:RunTestCaseStep" xmlns:xsi="http://www.w3.org/2001/XMLSchema-instance">
      <con:targetTestCase>76a8e774-33db-4719-a8e0-3fae436007b3</con:targetTestCase>
      <con:properties>
        <con:property>
          <con:name>req_biId</con:name>
          <con:value>3741</con:value>
        </con:property>
        <con:property>
          <con:name>res_biId</con:name>
          <con:value xsi:nil="true"/>
        </con:property>
        <con:property>
          <con:name>res_errorMessage</con:name>
          <con:value>SESSION_NOT_FOUND_EXCEPTIONS</con:value>
        </con:property>
        <con:property>
          <con:name>res_httpStatusCode</con:name>
          <con:value>400</con:value>
        </con:property>
      </con:properties>
      <con:returnProperties>
        <con:entry>res_biId</con:entry>
        <con:entry>res_errorMessage</con:entry>
        <con:entry>res_httpStatusCode</con:entry>
      </con:returnProperties>
      <con:runMode>PARALLELL</con:runMode>
    </con:config>
  </con:testStep>
  <con:testStep type="assertionteststep" name="Assertion submit end session bi fail 2" id="fce2b4a6-848f-4d48-83cb-19250d026558">
    <con:settings/>
    <con:config xsi:type="con:AssertionTestStep" xmlns:xsi="http://www.w3.org/2001/XMLSchema-instance">
      <con:entry>
        <con:id>afc20469-244d-4a0b-be2c-dc38d4f8b525</con:id>
        <con:isGroup>false</con:isGroup>
        <con:sourceId>809c4948-15c8-41fe-b142-56b567500f8e</con:sourceId>
        <con:propertyName>res_errorMessage</con:propertyName>
        <con:assertion type="Simple Equals" name="Equals" id="4dca6a97-6f93-4678-8338-7338c518f96b">
          <con:configuration>
            <patternObjectId>a115145d-835f-4796-97e7-728d85beee81</patternObjectId>
            <patternProperty>errorMessageSessionNotFound</patternProperty>
            <caseSensitive>true</caseSensitive>
          </con:configuration>
        </con:assertion>
      </con:entry>
      <con:entry>
        <con:id>dfb25386-2565-45a5-805e-c79b4b644853</con:id>
        <con:isGroup>false</con:isGroup>
        <con:sourceId>809c4948-15c8-41fe-b142-56b567500f8e</con:sourceId>
        <con:propertyName>res_httpStatusCode</con:propertyName>
        <con:assertion type="Simple Equals" name="Equals 2" id="dedeb303-2c2d-429f-893f-392535aded23">
          <con:configuration>
            <patternObjectId>a115145d-835f-4796-97e7-728d85beee81</patternObjectId>
            <patternProperty>httpStatusCode400</patternProperty>
            <caseSensitive>true</caseSensitive>
          </con:configuration>
        </con:assertion>
      </con:entry>
    </con:config>
  </con:testStep>
  <con:testStep type="transfer" name="Property Transfer 25" id="91398341-1320-4fb1-ad1d-294f39033c20">
    <con:settings/>
    <con:config xsi:type="con:PropertyTransfersStep" xmlns:xsi="http://www.w3.org/2001/XMLSchema-instance">
      <con:transfers setNullOnMissingSource="true" transferTextContent="true" failOnError="true" ignoreEmpty="false" transferToAll="false" entitize="false" transferChildNodes="false">
        <con:name>biSpecCode</con:name>
        <con:sourceType>endSessionBiSpecCode</con:sourceType>
        <con:sourceStep>Properties</con:sourceStep>
        <con:sourcePath/>
        <con:targetType>req_biSpecCode</con:targetType>
        <con:targetStep>Cannot create end session with invalid user id</con:targetStep>
        <con:targetPath/>
        <con:upgraded>true</con:upgraded>
      </con:transfers>
      <con:transfers setNullOnMissingSource="true" transferTextContent="true" failOnError="true" ignoreEmpty="false" transferToAll="false" entitize="false" transferChildNodes="false">
        <con:name>userId</con:name>
        <con:sourceType>userIdDoesNotExist</con:sourceType>
        <con:sourceStep>Properties</con:sourceStep>
        <con:targetType>req_userRoleId</con:targetType>
        <con:targetStep>Cannot create end session with invalid user id</con:targetStep>
        <con:upgraded>true</con:upgraded>
      </con:transfers>
      <con:transfers setNullOnMissingSource="true" transferTextContent="true" failOnError="true" ignoreEmpty="false" transferToAll="false" entitize="false" transferChildNodes="false">
        <con:name>soId</con:name>
        <con:sourceType>res_salesOrgId</con:sourceType>
        <con:sourceStep>Create and submit sales org with user, inventory and terminal</con:sourceStep>
        <con:targetType>req_salesOrgRoleId</con:targetType>
        <con:targetStep>Cannot create end session with invalid user id</con:targetStep>
        <con:upgraded>true</con:upgraded>
      </con:transfers>
    </con:config>
  </con:testStep>
  <con:testStep type="calltestcase" name="Cannot create end session with invalid user id" id="531d17e0-363b-4366-af7d-829604938d1b">
    <con:settings/>
    <con:config xsi:type="con:RunTestCaseStep" xmlns:xsi="http://www.w3.org/2001/XMLSchema-instance">
      <con:targetTestCase>dc1a7c3e-7636-43aa-9004-8c225ff30f59</con:targetTestCase>
      <con:properties>
        <con:property>
          <con:name>req_biSpecCode</con:name>
          <con:value>SESSIONENDBISPEC</con:value>
        </con:property>
        <con:property>
          <con:name>req_userRoleId</con:name>
          <con:value>0</con:value>
        </con:property>
        <con:property>
          <con:name>req_salesOrgRoleId</con:name>
          <con:value>160</con:value>
        </con:property>
        <con:property>
          <con:name>res_biId</con:name>
          <con:value xsi:nil="true"/>
        </con:property>
        <con:property>
          <con:name>res_errorMessage</con:name>
          <con:value>Invalid user role id in the request</con:value>
        </con:property>
      </con:properties>
      <con:returnProperties>
        <con:entry>res_biId</con:entry>
        <con:entry>res_errorMessage</con:entry>
      </con:returnProperties>
      <con:runMode>PARALLELL</con:runMode>
    </con:config>
  </con:testStep>
  <con:testStep type="assertionteststep" name="Assertion create end session bi fail" id="dd2e2db8-5d0f-40d0-8bc7-fd35ab8542d8" disabled="true">
    <con:settings/>
    <con:config xsi:type="con:AssertionTestStep" xmlns:xsi="http://www.w3.org/2001/XMLSchema-instance">
      <con:entry>
        <con:id>f12287a9-4c86-45fe-bbb4-be2b6c297d33</con:id>
        <con:isGroup>false</con:isGroup>
        <con:sourceId>531d17e0-363b-4366-af7d-829604938d1b</con:sourceId>
        <con:propertyName>res_biId</con:propertyName>
        <con:assertion type="Simple NotContains" name="Not Contains" id="d8c6e33c-3128-4cc3-a300-88b7de1abb55">
          <con:configuration>
            <token>\d+</token>
            <ignoreCase>false</ignoreCase>
            <useRegEx>true</useRegEx>
          </con:configuration>
        </con:assertion>
      </con:entry>
      <con:entry>
        <con:id>4a714980-691f-4071-a5a4-cbfd26e77070</con:id>
        <con:isGroup>false</con:isGroup>
        <con:sourceId>531d17e0-363b-4366-af7d-829604938d1b</con:sourceId>
        <con:propertyName>res_errorMessage</con:propertyName>
        <con:assertion type="Simple Equals" name="Equals" id="e3d7791c-20e5-4113-ad22-9817f1265a06">
          <con:configuration>
            <patternObjectId>a115145d-835f-4796-97e7-728d85beee81</patternObjectId>
            <patternProperty>errorMessageUserNotActiveOrExist</patternProperty>
            <caseSensitive>true</caseSensitive>
          </con:configuration>
        </con:assertion>
      </con:entry>
    </con:config>
  </con:testStep>
  <con:testStep type="transfer" name="Property Transfer 26" id="c0fff3c5-d4b8-4859-b4e4-e477df790531">
    <con:settings/>
    <con:config xsi:type="con:PropertyTransfersStep" xmlns:xsi="http://www.w3.org/2001/XMLSchema-instance">
      <con:transfers setNullOnMissingSource="true" transferTextContent="true" failOnError="true" ignoreEmpty="false" transferToAll="false" entitize="false" transferChildNodes="false">
        <con:name>biSpecCode</con:name>
        <con:sourceType>endSessionBiSpecCode</con:sourceType>
        <con:sourceStep>Properties</con:sourceStep>
        <con:sourcePath/>
        <con:targetType>req_biSpecCode</con:targetType>
        <con:targetStep>Cannot create end session with invalid sales org id</con:targetStep>
        <con:targetPath/>
        <con:upgraded>true</con:upgraded>
      </con:transfers>
      <con:transfers setNullOnMissingSource="true" transferTextContent="true" failOnError="true" ignoreEmpty="false" transferToAll="false" entitize="false" transferChildNodes="false">
        <con:name>userId</con:name>
        <con:sourceType>res_userRoleId</con:sourceType>
        <con:sourceStep>Create and submit sales org with user, inventory and terminal</con:sourceStep>
        <con:targetType>req_userRoleId</con:targetType>
        <con:targetStep>Cannot create end session with invalid sales org id</con:targetStep>
        <con:upgraded>true</con:upgraded>
      </con:transfers>
      <con:transfers setNullOnMissingSource="true" transferTextContent="true" failOnError="true" ignoreEmpty="false" transferToAll="false" entitize="false" transferChildNodes="false">
        <con:name>soId</con:name>
        <con:sourceType>salesOrgIdDoesNotExist</con:sourceType>
        <con:sourceStep>Properties</con:sourceStep>
        <con:targetType>req_salesOrgRoleId</con:targetType>
        <con:targetStep>Cannot create end session with invalid sales org id</con:targetStep>
        <con:upgraded>true</con:upgraded>
      </con:transfers>
    </con:config>
  </con:testStep>
  <con:testStep type="calltestcase" name="Cannot create end session with invalid sales org id" id="a7bfe754-b305-4264-9879-e0d88a4a8b23">
    <con:settings/>
    <con:config xsi:type="con:RunTestCaseStep" xmlns:xsi="http://www.w3.org/2001/XMLSchema-instance">
      <con:targetTestCase>dc1a7c3e-7636-43aa-9004-8c225ff30f59</con:targetTestCase>
      <con:properties>
        <con:property>
          <con:name>req_biSpecCode</con:name>
          <con:value>SESSIONENDBISPEC</con:value>
        </con:property>
        <con:property>
          <con:name>req_userRoleId</con:name>
          <con:value>162</con:value>
        </con:property>
        <con:property>
          <con:name>req_salesOrgRoleId</con:name>
          <con:value>0</con:value>
        </con:property>
        <con:property>
          <con:name>res_biId</con:name>
          <con:value xsi:nil="true"/>
        </con:property>
        <con:property>
          <con:name>res_errorMessage</con:name>
          <con:value>Invalid user role id in the request</con:value>
        </con:property>
      </con:properties>
      <con:returnProperties>
        <con:entry>res_biId</con:entry>
        <con:entry>res_errorMessage</con:entry>
      </con:returnProperties>
      <con:runMode>PARALLELL</con:runMode>
    </con:config>
  </con:testStep>
  <con:testStep type="assertionteststep" name="Assertion create end session bi fail 2" id="90c909c7-6b80-4bcf-8771-d0150e326207" disabled="true">
    <con:settings/>
    <con:config xsi:type="con:AssertionTestStep" xmlns:xsi="http://www.w3.org/2001/XMLSchema-instance">
      <con:entry>
        <con:id>a1e9a2fd-970a-49cc-a671-7647451cc8f9</con:id>
        <con:isGroup>false</con:isGroup>
        <con:sourceId>a7bfe754-b305-4264-9879-e0d88a4a8b23</con:sourceId>
        <con:propertyName>res_biId</con:propertyName>
        <con:assertion type="Simple NotContains" name="Not Contains" id="c381369c-1b0d-45a1-8247-bec1137934b6">
          <con:configuration>
            <token>\d+</token>
            <ignoreCase>false</ignoreCase>
            <useRegEx>true</useRegEx>
          </con:configuration>
        </con:assertion>
      </con:entry>
      <con:entry>
        <con:id>a41d033f-9032-4e9e-a9a0-a5893edbea8c</con:id>
        <con:isGroup>false</con:isGroup>
        <con:sourceId>a7bfe754-b305-4264-9879-e0d88a4a8b23</con:sourceId>
        <con:propertyName>res_errorMessage</con:propertyName>
        <con:assertion type="Simple Equals" name="Equals" id="e65a1868-47e6-447e-95cc-d0085afd3c80">
          <con:configuration>
            <patternObjectId>a115145d-835f-4796-97e7-728d85beee81</patternObjectId>
            <patternProperty>errorMessageSalesOrgNotActiveOrExist</patternProperty>
            <caseSensitive>true</caseSensitive>
          </con:configuration>
        </con:assertion>
      </con:entry>
    </con:config>
  </con:testStep>
  <con:testStep type="transfer" name="Property Transfer 27" id="d9c7704a-b5d3-4f34-874d-bd15c4e169a8">
    <con:settings/>
    <con:config xsi:type="con:PropertyTransfersStep" xmlns:xsi="http://www.w3.org/2001/XMLSchema-instance">
      <con:transfers setNullOnMissingSource="true" transferTextContent="true" failOnError="true" ignoreEmpty="false" transferToAll="false" entitize="false" transferChildNodes="false">
        <con:name>biId</con:name>
        <con:sourceType>res_biId</con:sourceType>
        <con:sourceStep>Create end session business interaction</con:sourceStep>
        <con:sourcePath/>
        <con:targetType>req_biId</con:targetType>
        <con:targetStep>Submit end session business interaction</con:targetStep>
        <con:targetPath/>
        <con:upgraded>true</con:upgraded>
      </con:transfers>
    </con:config>
  </con:testStep>
  <con:testStep type="calltestcase" name="Submit end session business interaction" id="d4de5be6-056e-4aa0-91e4-7c196c90bcc3">
    <con:settings/>
    <con:config xsi:type="con:RunTestCaseStep" xmlns:xsi="http://www.w3.org/2001/XMLSchema-instance">
      <con:targetTestCase>76a8e774-33db-4719-a8e0-3fae436007b3</con:targetTestCase>
      <con:properties>
        <con:property>
          <con:name>req_biId</con:name>
          <con:value>3731</con:value>
        </con:property>
        <con:property>
          <con:name>res_biId</con:name>
          <con:value>3731</con:value>
        </con:property>
        <con:property>
          <con:name>res_errorMessage</con:name>
          <con:value xsi:nil="true"/>
        </con:property>
        <con:property>
          <con:name>res_httpStatusCode</con:name>
          <con:value>200</con:value>
        </con:property>
      </con:properties>
      <con:returnProperties>
        <con:entry>res_biId</con:entry>
        <con:entry>res_errorMessage</con:entry>
        <con:entry>res_httpStatusCode</con:entry>
      </con:returnProperties>
      <con:runMode>PARALLELL</con:runMode>
    </con:config>
  </con:testStep>
  <con:testStep type="assertionteststep" name="Assertion end session is submitted successfully" id="9f7674f2-60ef-4793-afff-6f8d4fffcaa3">
    <con:settings/>
    <con:config xsi:type="con:AssertionTestStep" xmlns:xsi="http://www.w3.org/2001/XMLSchema-instance">
      <con:entry>
        <con:id>a7e13238-3b1d-4182-8b4b-699d7e29424e</con:id>
        <con:isGroup>false</con:isGroup>
        <con:sourceId>d4de5be6-056e-4aa0-91e4-7c196c90bcc3</con:sourceId>
        <con:propertyName>res_biId</con:propertyName>
        <con:assertion type="Simple Equals" name="Equals" id="b5f88569-b4f4-4507-a73a-695365159856">
          <con:configuration>
            <patternObjectId>d4de5be6-056e-4aa0-91e4-7c196c90bcc3</patternObjectId>
            <patternProperty>req_biId</patternProperty>
            <caseSensitive>true</caseSensitive>
          </con:configuration>
        </con:assertion>
      </con:entry>
      <con:entry>
        <con:id>fab75f54-2207-47af-834c-4c5ae9279b0d</con:id>
        <con:isGroup>false</con:isGroup>
        <con:sourceId>d4de5be6-056e-4aa0-91e4-7c196c90bcc3</con:sourceId>
        <con:propertyName>res_httpStatusCode</con:propertyName>
        <con:assertion type="Simple Equals" name="Equals 2" id="7faa5c38-a1ed-4dbf-ae14-2b6c34c3fc2f">
          <con:configuration>
            <patternObjectId>a115145d-835f-4796-97e7-728d85beee81</patternObjectId>
            <patternProperty>httpStatusCode200</patternProperty>
            <caseSensitive>true</caseSensitive>
          </con:configuration>
        </con:assertion>
      </con:entry>
    </con:config>
  </con:testStep>
  <con:testStep type="transfer" name="Property Transfer 28" id="1b2e6955-4fb8-4f88-80fd-69082fd5ba37">
    <con:settings/>
    <con:config xsi:type="con:PropertyTransfersStep" xmlns:xsi="http://www.w3.org/2001/XMLSchema-instance">
      <con:transfers setNullOnMissingSource="true" transferTextContent="true" failOnError="true" ignoreEmpty="false" transferToAll="false" entitize="false" transferChildNodes="false">
        <con:name>biId</con:name>
        <con:sourceType>req_biId</con:sourceType>
        <con:sourceStep>Submit end session business interaction</con:sourceStep>
        <con:sourcePath/>
        <con:targetType>req_biId</con:targetType>
        <con:targetStep>Cannot submit end session which already submitted</con:targetStep>
        <con:targetPath/>
        <con:upgraded>true</con:upgraded>
      </con:transfers>
    </con:config>
  </con:testStep>
  <con:testStep type="calltestcase" name="Cannot submit end session which already submitted" id="0eb01993-cbbf-4822-ae80-81e5cc989d3e">
    <con:settings/>
    <con:config xsi:type="con:RunTestCaseStep" xmlns:xsi="http://www.w3.org/2001/XMLSchema-instance">
      <con:targetTestCase>76a8e774-33db-4719-a8e0-3fae436007b3</con:targetTestCase>
      <con:properties>
        <con:property>
          <con:name>req_biId</con:name>
          <con:value>3731</con:value>
        </con:property>
        <con:property>
          <con:name>res_biId</con:name>
          <con:value xsi:nil="true"/>
        </con:property>
        <con:property>
          <con:name>res_errorMessage</con:name>
          <con:value>INVALID_STATE_OPERATION</con:value>
        </con:property>
        <con:property>
          <con:name>res_httpStatusCode</con:name>
          <con:value>400</con:value>
        </con:property>
      </con:properties>
      <con:returnProperties>
        <con:entry>res_biId</con:entry>
        <con:entry>res_errorMessage</con:entry>
        <con:entry>res_httpStatusCode</con:entry>
      </con:returnProperties>
      <con:runMode>PARALLELL</con:runMode>
    </con:config>
  </con:testStep>
  <con:testStep type="assertionteststep" name="Assertion submit end session fail" id="c1638397-2023-4434-86ed-11a5066837fd">
    <con:settings/>
    <con:config xsi:type="con:AssertionTestStep" xmlns:xsi="http://www.w3.org/2001/XMLSchema-instance">
      <con:entry>
        <con:id>7d31fa91-ce60-4f78-ab8b-7501fd8e8bbf</con:id>
        <con:isGroup>false</con:isGroup>
        <con:sourceId>0eb01993-cbbf-4822-ae80-81e5cc989d3e</con:sourceId>
        <con:propertyName>res_biId</con:propertyName>
        <con:assertion type="Simple NotContains" name="Not Contains" id="973e98e5-c380-4ba5-bac3-082858d4e0c5">
          <con:configuration>
            <token>\d+</token>
            <ignoreCase>false</ignoreCase>
            <useRegEx>true</useRegEx>
          </con:configuration>
        </con:assertion>
      </con:entry>
      <con:entry>
        <con:id>18c6e87b-e0c1-43f5-9cc3-19fbab6dc16c</con:id>
        <con:isGroup>false</con:isGroup>
        <con:sourceId>0eb01993-cbbf-4822-ae80-81e5cc989d3e</con:sourceId>
        <con:propertyName>res_errorMessage</con:propertyName>
        <con:assertion type="Simple Equals" name="Equals" id="1bcb6808-6583-4ea8-a9af-895bc158f74c">
          <con:configuration>
            <patternObjectId>a115145d-835f-4796-97e7-728d85beee81</patternObjectId>
            <patternProperty>errorMessageSubmittedBi</patternProperty>
            <caseSensitive>true</caseSensitive>
          </con:configuration>
        </con:assertion>
      </con:entry>
      <con:entry>
        <con:id>816ae9c7-06ae-440f-a646-ee67df40560b</con:id>
        <con:isGroup>false</con:isGroup>
        <con:sourceId>0eb01993-cbbf-4822-ae80-81e5cc989d3e</con:sourceId>
        <con:propertyName>res_httpStatusCode</con:propertyName>
        <con:assertion type="Simple Equals" name="Equals 2" id="9e20e149-e7fb-44e5-9031-27cc50f8560e">
          <con:configuration>
            <patternObjectId>a115145d-835f-4796-97e7-728d85beee81</patternObjectId>
            <patternProperty>httpStatusCode400</patternProperty>
            <caseSensitive>true</caseSensitive>
          </con:configuration>
        </con:assertion>
      </con:entry>
    </con:config>
  </con:testStep>
  <con:testStep type="transfer" name="NOT IMPLEMENTED Set check bin inventory" id="a9598b8c-af7e-4d75-bba7-7acf85f46acc">
    <con:settings/>
    <con:config xsi:type="con:PropertyTransfersStep" xmlns:xsi="http://www.w3.org/2001/XMLSchema-instance">
      <con:transfers setNullOnMissingSource="true" transferTextContent="true" failOnError="true" ignoreEmpty="false" transferToAll="false" entitize="false" transferChildNodes="false">
        <con:name>sessionId</con:name>
        <con:sourceType>res_sessionId</con:sourceType>
        <con:sourceStep>Get single session by terminal id</con:sourceStep>
        <con:sourcePath/>
        <con:targetType>req_id</con:targetType>
        <con:targetStep>NOT IMPLEMENTED Check bin inventory</con:targetStep>
        <con:targetPath/>
        <con:upgraded>true</con:upgraded>
      </con:transfers>
    </con:config>
  </con:testStep>
  <con:testStep type="calltestcase" name="NOT IMPLEMENTED Check bin inventory" id="5b3b1ece-61b6-4d86-8e13-3942a7d9b01b">
    <con:settings/>
    <con:config xsi:type="con:RunTestCaseStep" xmlns:xsi="http://www.w3.org/2001/XMLSchema-instance">
      <con:targetTestCase>f98d07ea-a630-4b76-bbcd-9c96a3aeacee</con:targetTestCase>
      <con:properties>
        <con:property>
          <con:name>req_id</con:name>
          <con:value>3601</con:value>
        </con:property>
        <con:property>
          <con:name>res_httpStatus</con:name>
          <con:value>404</con:value>
        </con:property>
        <con:property>
          <con:name>response</con:name>
          <con:value>{"code":"404","description":"HTTP 404 Not Found","errorDetails":"HTTP 404 Not Found","errorMessage":"404","httpStatusCode":"404","httpStatusCodeDescription":"HTTP 404 Not Found"}</con:value>
        </con:property>
      </con:properties>
      <con:returnProperties>
        <con:entry>res_httpStatus</con:entry>
        <con:entry>response</con:entry>
      </con:returnProperties>
      <con:runMode>PARALLELL</con:runMode>
    </con:config>
  </con:testStep>
  <con:testStep type="calltestcase" name="Display start session interactions list INTERNAL" id="78af283a-99e3-44fc-8791-62b1201a38ad">
    <con:settings/>
    <con:config xsi:type="con:RunTestCaseStep" xmlns:xsi="http://www.w3.org/2001/XMLSchema-instance">
      <con:targetTestCase>afe98987-788f-4fc3-91ee-a876049aec82</con:targetTestCase>
      <con:properties>
        <con:property>
          <con:name>res_httpStatus</con:name>
          <con:value>200</con:value>
        </con:property>
        <con:property>
          <con:name>response</con:name>
          <con:value>[{"startDate":"2018-03-12T20:30:09+0300","terminal":{"id":40,"externalId":"terminal-d91713bb-b2de-473e-9a66-5e00f903eb5b","salesOrganization":{"siteId":"1","isPublic":false,"id":164,"externalId":"so-2ae62b0a-f046-4cae-8e4f-b72558011a41","party":{"name":"name-so-2ae62b0a-f046-4cae-8e4f-b72558011a41","id":123,"partyType":2,"dynamicMap":{},"type":"com.ericsson.bss.rm.erms.core.entity.dto.party.OrganizationDTO"},"partyRoleSpec":{"placeUsageType":0,"id":130,"name":"sos-e9ee033d-e59c-4019-b552-d438b067a104","dynamicMap":{},"type":"com.ericsson.bss.rm.erms.core.entity.dto.salesorganization.SalesOrganizationRoleSpecDTO"},"name":"name-so-2ae62b0a-f046-4cae-8e4f-b72558011a41","status":1,"partyRoleType":8,"partyInteractionRoleId":325,"href":"/v1/centralWarehouseRole/164","dynamicMap":{},"type":"com.ericsson.bss.rm.erms.core.entity.dto.salesorganization.CentralWarehouseDTO"},"name":"terminal-d91713bb-b2de-473e-9a66-5e00f903eb5b","status":1,"href":"/v1/terminal/40","dynamicMap":{},"type":"com.ericsson.bss.rm.erms.core.entity.dto.salesorganization.TerminalDTO"},"businessInteractionType":6,"code":"SST-3701","description":"Session Start, [John Smith] on [terminal-d91713bb-b2de-473e-9a66-5e00f903eb5b]","mainState":0,"state":5,"createdDate":"2018-03-12T17:30:09+0000","businessInteractionSpec":{"id":29,"journaled":true,"name":"Start session bi spec","specificationType":0,"allowSubmitBIWithoutItem":true,"requiresSession":false,"code":"START_SESSION","requiresActiveSO":false,"biOperationAllowedWhenSOSuspended":false,"reserveAllNonSerializedSpec":false,"allowStockLevelNegative":false,"dynamicMap":{},"type":"com.ericsson.bss.rm.erms.core.entity.dto.bi.BusinessInteractionSpecDTO"},"createdByUserId":"168","createdBySalesOrganizationId":"164","createdForSalesOrganizationRoleId":"164","preventUpdateFromOtherSystem":false,"items":[],"isLocked":false,"businessInteractionRoleId1":334,"businessInteractionRoleId2":325,"businessInteractionRoleId3":325,"id":3701,"href":"/v1/startSession/3701","dynamicMap":{},"type":"com.ericsson.bss.rm.erms.core.entity.dto.bi.session.SessionStartResponseDTO"},{"startDate":"2018-03-12T20:30:04+0300","terminal":{"id":39,"externalId":"terminal-7e028d16-f386-4389-861f-89be7e1af5ec","salesOrganization":{"siteId":"1","isPublic":false,"id":160,"externalId":"so-eb485b60-59b2-44ce-84b4-5a856470c2b3","party":{"name":"name-so-eb485b60-59b2-44ce-84b4-5a856470c2b3","id":120,"partyType":2,"dynamicMap":{},"type":"com.ericsson.bss.rm.erms.core.entity.dto.party.OrganizationDTO"},"partyRoleSpec":{"placeUsageType":0,"id":127,"name":"sos-28805a11-36dc-45d1-81cc-9952e7b60c1f","dynamicMap":{},"type":"com.ericsson.bss.rm.erms.core.entity.dto.salesorganization.SalesOrganizationRoleSpecDTO"},"name":"name-so-eb485b60-59b2-44ce-84b4-5a856470c2b3","status":1,"partyRoleType":8,"partyInteractionRoleId":318,"href":"/v1/centralWarehouseRole/160","dynamicMap":{},"type":"com.ericsson.bss.rm.erms.core.entity.dto.salesorganization.CentralWarehouseDTO"},"name":"terminal-7e028d16-f386-4389-861f-89be7e1af5ec","status":1,"href":"/v1/terminal/39","dynamicMap":{},"type":"com.ericsson.bss.rm.erms.core.entity.dto.salesorganization.TerminalDTO"},"businessInteractionType":6,"code":"SST-3591","description":"Session Start, [John Smith] on [terminal-7e028d16-f386-4389-861f-89be7e1af5ec]","mainState":0,"state":5,"createdDate":"2018-03-12T17:30:04+0000","businessInteractionSpec":{"id":29,"journaled":true,"name":"Start session bi spec","specificationType":0,"allowSubmitBIWithoutItem":true,"requiresSession":false,"code":"START_SESSION","requiresActiveSO":false,"biOperationAllowedWhenSOSuspended":false,"reserveAllNonSerializedSpec":false,"allowStockLevelNegative":false,"dynamicMap":{},"type":"com.ericsson.bss.rm.erms.core.entity.dto.bi.BusinessInteractionSpecDTO"},"createdByUserId":"162","createdBySalesOrganizationId":"160","createdForSalesOrganizationRoleId":"160","preventUpdateFromOtherSystem":false,"items":[],"isLocked":false,"businessInteractionRoleId1":321,"businessInteractionRoleId2":318,"businessInteractionRoleId3":318,"id":3591,"href":"/v1/startSession/3591","dynamicMap":{},"type":"com.ericsson.bss.rm.erms.core.entity.dto.bi.session.SessionStartResponseDTO"},{"startDate":"2018-03-12T20:28:29+0300","terminal":{"id":37,"externalId":"terminal-f049899a-1068-4921-99ce-c3649adda038","salesOrganization":{"siteId":"1","isPublic":false,"id":152,"externalId":"so-0e2f3685-9738-4b3b-9ae2-44b991adaa55","party":{"name":"name-so-0e2f3685-9738-4b3b-9ae2-44b991adaa55","id":114,"partyType":2,"dynamicMap":{},"type":"com.ericsson.bss.rm.erms.core.entity.dto.party.OrganizationDTO"},"partyRoleSpec":{"placeUsageType":0,"id":121,"name":"sos-54f7596a-b110-4647-adb8-797893bbaef0","dynamicMap":{},"type":"com.ericsson.bss.rm.erms.core.entity.dto.salesorganization.SalesOrganizationRoleSpecDTO"},"name":"name-so-0e2f3685-9738-4b3b-9ae2-44b991adaa55","status":1,"partyRoleType":8,"partyInteractionRoleId":302,"href":"/v1/centralWarehouseRole/152","dynamicMap":{},"type":"com.ericsson.bss.rm.erms.core.entity.dto.salesorganization.CentralWarehouseDTO"},"name":"terminal-f049899a-1068-4921-99ce-c3649adda038","status":1,"href":"/v1/terminal/37","dynamicMap":{},"type":"com.ericsson.bss.rm.erms.core.entity.dto.salesorganization.TerminalDTO"},"businessInteractionType":6,"code":"SST-3441","description":"Session Start, [John Smith] on [terminal-f049899a-1068-4921-99ce-c3649adda038]","mainState":0,"state":5,"createdDate":"2018-03-12T17:28:29+0000","businessInteractionSpec":{"id":29,"journaled":true,"name":"Start session bi spec","specificationType":0,"allowSubmitBIWithoutItem":true,"requiresSession":false,"code":"START_SESSION","requiresActiveSO":false,"biOperationAllowedWhenSOSuspended":false,"reserveAllNonSerializedSpec":false,"allowStockLevelNegative":false,"dynamicMap":{},"type":"com.ericsson.bss.rm.erms.core.entity.dto.bi.BusinessInteractionSpecDTO"},"createdByUserId":"154","createdBySalesOrganizationId":"152","createdForSalesOrganizationRoleId":"152","preventUpdateFromOtherSystem":false,"items":[],"isLocked":false,"businessInteractionRoleId1":305,"businessInteractionRoleId2":302,"businessInteractionRoleId3":302,"id":3441,"href":"/v1/startSession/3441","dynamicMap":{},"type":"com.ericsson.bss.rm.erms.core.entity.dto.bi.session.SessionStartResponseDTO"},{"startDate":"2018-03-12T20:27:30+0300","terminal":{"id":36,"externalId":"taaf9653b-4232-4555-8524-364de72b7c10","salesOrganization":{"siteId":"1","isPublic":false,"id":148,"externalId":"sd864cc22-3d25-4637-8ca4-6911b96f2042","party":{"name":"name-sd864cc22-3d25-4637-8ca4-6911b96f2042","id":111,"partyType":2,"dynamicMap":{},"type":"com.ericsson.bss.rm.erms.core.entity.dto.party.OrganizationDTO"},"partyRoleSpec":{"placeUsageType":0,"id":118,"name":"sos-9e52a2fb-280b-4de6-a28c-594c113d3a88","dynamicMap":{},"type":"com.ericsson.bss.rm.erms.core.entity.dto.salesorganization.SalesOrganizationRoleSpecDTO"},"name":"name-sd864cc22-3d25-4637-8ca4-6911b96f2042","status":1,"partyRoleType":8,"partyInteractionRoleId":293,"href":"/v1/centralWarehouseRole/148","dynamicMap":{},"type":"com.ericsson.bss.rm.erms.core.entity.dto.salesorganization.CentralWarehouseDTO"},"name":"taaf9653b-4232-4555-8524-364de72b7c10","status":1,"href":"/v1/terminal/36","dynamicMap":{},"type":"com.ericsson.bss.rm.erms.core.entity.dto.salesorganization.TerminalDTO"},"businessInteractionType":6,"code":"SST-3271","description":"Session Start, [John Smith] on [taaf9653b-4232-4555-8524-364de72b7c10]","mainState":0,"state":5,"createdDate":"2018-03-12T17:27:29+0000","businessInteractionSpec":{"id":29,"journaled":true,"name":"Start session bi spec","specificationType":0,"allowSubmitBIWithoutItem":true,"requiresSession":false,"code":"START_SESSION","requiresActiveSO":false,"biOperationAllowedWhenSOSuspended":false,"reserveAllNonSerializedSpec":false,"allowStockLevelNegative":false,"dynamicMap":{},"type":"com.ericsson.bss.rm.erms.core.entity.dto.bi.BusinessInteractionSpecDTO"},"createdByUserId":"150","createdBySalesOrganizationId":"148","createdForSalesOrganizationRoleId":"148","preventUpdateFromOtherSystem":false,"items":[],"isLocked":false,"businessInteractionRoleId1":296,"businessInteractionRoleId2":293,"businessInteractionRoleId3":293,"id":3271,"href":"/v1/startSession/3271","dynamicMap":{},"type":"com.ericsson.bss.rm.erms.core.entity.dto.bi.session.SessionStartResponseDTO"},{"startDate":"2018-03-12T20:25:36+0300","terminal":{"id":35,"externalId":"te80c8ece-aba2-4cc5-8b82-48f7b8f73acf","salesOrganization":{"siteId":"1","isPublic":false,"id":144,"externalId":"s23dc49bb-00c6-4ed5-a1af-a042c20f9b9d","party":{"name":"name-s23dc49bb-00c6-4ed5-a1af-a042c20f9b9d","id":108,"partyType":2,"dynamicMap":{},"type":"com.ericsson.bss.rm.erms.core.entity.dto.party.OrganizationDTO"},"partyRoleSpec":{"placeUsageType":0,"id":115,"name":"sos-82674975-0f32-446b-800d-b857a4bc3e99","dynamicMap":{},"type":"com.ericsson.bss.rm.erms.core.entity.dto.salesorganization.SalesOrganizationRoleSpecDTO"},"name":"name-s23dc49bb-00c6-4ed5-a1af-a042c20f9b9d","status":1,"partyRoleType":8,"partyInteractionRoleId":284,"href":"/v1/centralWarehouseRole/144","dynamicMap":{},"type":"com.ericsson.bss.rm.erms.core.entity.dto.salesorganization.CentralWarehouseDTO"},"name":"te80c8ece-aba2-4cc5-8b82-48f7b8f73acf","status":1,"href":"/v1/terminal/35","dynamicMap":{},"type":"com.ericsson.bss.rm.erms.core.entity.dto.salesorganization.TerminalDTO"},"businessInteractionType":6,"code":"SST-3141","description":"Session Start, [John Smith] on [te80c8ece-aba2-4cc5-8b82-48f7b8f73acf]","mainState":0,"state":5,"createdDate":"2018-03-12T17:25:36+0000","businessInteractionSpec":{"id":29,"journaled":true,"name":"Start session bi spec","specificationType":0,"allowSubmitBIWithoutItem":true,"requiresSession":false,"code":"START_SESSION","requiresActiveSO":false,"biOperationAllowedWhenSOSuspended":false,"reserveAllNonSerializedSpec":false,"allowStockLevelNegative":false,"dynamicMap":{},"type":"com.ericsson.bss.rm.erms.core.entity.dto.bi.BusinessInteractionSpecDTO"},"createdByUserId":"146","createdBySalesOrganizationId":"144","createdForSalesOrganizationRoleId":"144","preventUpdateFromOtherSystem":false,"items":[],"isLocked":false,"businessInteractionRoleId1":287,"businessInteractionRoleId2":284,"businessInteractionRoleId3":284,"id":3141,"href":"/v1/startSession/3141","dynamicMap":{},"type":"com.ericsson.bss.rm.erms.core.entity.dto.bi.session.SessionStartResponseDTO"},{"startDate":"2018-03-12T20:25:25+0300","terminal":{"id":34,"externalId":"terminal-3daa92cf-1a28-46cf-ac47-66ee99d3defd","salesOrganization":{"siteId":"1","isPublic":false,"id":140,"externalId":"so-8979c9a7-e0eb-40ae-b05f-2a054009a5e9","party":{"name":"name-so-8979c9a7-e0eb-40ae-b05f-2a054009a5e9","id":105,"partyType":2,"dynamicMap":{},"type":"com.ericsson.bss.rm.erms.core.entity.dto.party.OrganizationDTO"},"partyRoleSpec":{"placeUsageType":0,"id":112,"name":"sos-d09551fb-d401-4d12-9096-2b4faf4f389d","dynamicMap":{},"type":"com.ericsson.bss.rm.erms.core.entity.dto.salesorganization.SalesOrganizationRoleSpecDTO"},"name":"name-so-8979c9a7-e0eb-40ae-b05f-2a054009a5e9","status":1,"partyRoleType":8,"partyInteractionRoleId":275,"href":"/v1/centralWarehouseRole/140","dynamicMap":{},"type":"com.ericsson.bss.rm.erms.core.entity.dto.salesorganization.CentralWarehouseDTO"},"name":"terminal-3daa92cf-1a28-46cf-ac47-66ee99d3defd","status":1,"href":"/v1/terminal/34","dynamicMap":{},"type":"com.ericsson.bss.rm.erms.core.entity.dto.salesorganization.TerminalDTO"},"businessInteractionType":6,"code":"SST-3021","description":"Session Start, [John Smith] on [terminal-3daa92cf-1a28-46cf-ac47-66ee99d3defd]","mainState":0,"state":5,"createdDate":"2018-03-12T17:25:25+0000","businessInteractionSpec":{"id":29,"journaled":true,"name":"Start session bi spec","specificationType":0,"allowSubmitBIWithoutItem":true,"requiresSession":false,"code":"START_SESSION","requiresActiveSO":false,"biOperationAllowedWhenSOSuspended":false,"reserveAllNonSerializedSpec":false,"allowStockLevelNegative":false,"dynamicMap":{},"type":"com.ericsson.bss.rm.erms.core.entity.dto.bi.BusinessInteractionSpecDTO"},"createdByUserId":"142","createdBySalesOrganizationId":"140","createdForSalesOrganizationRoleId":"140","preventUpdateFromOtherSystem":false,"items":[],"isLocked":false,"businessInteractionRoleId1":278,"businessInteractionRoleId2":275,"businessInteractionRoleId3":275,"id":3021,"href":"/v1/startSession/3021","dynamicMap":{},"type":"com.ericsson.bss.rm.erms.core.entity.dto.bi.session.SessionStartResponseDTO"},{"startDate":"2018-03-12T20:12:59+0300","terminal":{"id":17,"externalId":"terminal-a4217dc4-10e1-4850-9805-1d5f193ad065","salesOrganization":{"siteId":"1","isPublic":false,"id":70,"externalId":"so-cea47830-604b-4a0e-a4f2-d60dd0a3e426","party":{"name":"name-so-cea47830-604b-4a0e-a4f2-d60dd0a3e426","id":53,"partyType":2,"dynamicMap":{},"type":"com.ericsson.bss.rm.erms.core.entity.dto.party.OrganizationDTO"},"partyRoleSpec":{"placeUsageType":0,"id":60,"name":"sos-1b2a4db5-00b0-4ffa-9e43-26dd6856a6a5","dynamicMap":{},"type":"com.ericsson.bss.rm.erms.core.entity.dto.salesorganization.SalesOrganizationRoleSpecDTO"},"name":"name-so-cea47830-604b-4a0e-a4f2-d60dd0a3e426","status":1,"partyRoleType":8,"partyInteractionRoleId":146,"href":"/v1/centralWarehouseRole/70","dynamicMap":{},"type":"com.ericsson.bss.rm.erms.core.entity.dto.salesorganization.CentralWarehouseDTO"},"name":"terminal-a4217dc4-10e1-4850-9805-1d5f193ad065","status":1,"href":"/v1/terminal/17","dynamicMap":{},"type":"com.ericsson.bss.rm.erms.core.entity.dto.salesorganization.TerminalDTO"},"businessInteractionType":6,"code":"SST-1831","description":"Session Start, [John Smith] on [terminal-a4217dc4-10e1-4850-9805-1d5f193ad065]","mainState":0,"state":5,"createdDate":"2018-03-12T17:12:59+0000","businessInteractionSpec":{"id":29,"journaled":true,"name":"Start session bi spec","specificationType":0,"allowSubmitBIWithoutItem":true,"requiresSession":false,"code":"START_SESSION","requiresActiveSO":false,"biOperationAllowedWhenSOSuspended":false,"reserveAllNonSerializedSpec":false,"allowStockLevelNegative":false,"dynamicMap":{},"type":"com.ericsson.bss.rm.erms.core.entity.dto.bi.BusinessInteractionSpecDTO"},"createdByUserId":"72","createdBySalesOrganizationId":"70","createdForSalesOrganizationRoleId":"70","preventUpdateFromOtherSystem":false,"items":[],"isLocked":false,"businessInteractionRoleId1":149,"businessInteractionRoleId2":146,"businessInteractionRoleId3":146,"id":1831,"href":"/v1/startSession/1831","dynamicMap":{},"type":"com.ericsson.bss.rm.erms.core.entity.dto.bi.session.SessionStartResponseDTO"},{"startDate":"2018-03-12T20:11:57+0300","terminal":{"id":16,"externalId":"terminal-7f4908fe-6e71-43d0-b37b-cb9113864e9f","salesOrganization":{"siteId":"1","isPublic":false,"id":66,"externalId":"so-38190d2b-ba1c-453a-bced-1f9f4d2ff024","party":{"name":"name-so-38190d2b-ba1c-453a-bced-1f9f4d2ff024","id":50,"partyType":2,"dynamicMap":{},"type":"com.ericsson.bss.rm.erms.core.entity.dto.party.OrganizationDTO"},"partyRoleSpec":{"placeUsageType":0,"id":57,"name":"sos-000f8004-bb6f-494a-a181-3360f5381cee","dynamicMap":{},"type":"com.ericsson.bss.rm.erms.core.entity.dto.salesorganization.SalesOrganizationRoleSpecDTO"},"name":"name-so-38190d2b-ba1c-453a-bced-1f9f4d2ff024","status":1,"partyRoleType":8,"partyInteractionRoleId":137,"href":"/v1/centralWarehouseRole/66","dynamicMap":{},"type":"com.ericsson.bss.rm.erms.core.entity.dto.salesorganization.CentralWarehouseDTO"},"name":"terminal-7f4908fe-6e71-43d0-b37b-cb9113864e9f","status":1,"href":"/v1/terminal/16","dynamicMap":{},"type":"com.ericsson.bss.rm.erms.core.entity.dto.salesorganization.TerminalDTO"},"businessInteractionType":6,"code":"SST-1741","description":"Session Start, [John Smith] on [terminal-7f4908fe-6e71-43d0-b37b-cb9113864e9f]","mainState":0,"state":5,"createdDate":"2018-03-12T17:11:57+0000","businessInteractionSpec":{"id":29,"journaled":true,"name":"Start session bi spec","specificationType":0,"allowSubmitBIWithoutItem":true,"requiresSession":false,"code":"START_SESSION","requiresActiveSO":false,"biOperationAllowedWhenSOSuspended":false,"reserveAllNonSerializedSpec":false,"allowStockLevelNegative":false,"dynamicMap":{},"type":"com.ericsson.bss.rm.erms.core.entity.dto.bi.BusinessInteractionSpecDTO"},"createdByUserId":"68","createdBySalesOrganizationId":"66","createdForSalesOrganizationRoleId":"66","preventUpdateFromOtherSystem":false,"items":[],"isLocked":false,"businessInteractionRoleId1":140,"businessInteractionRoleId2":137,"businessInteractionRoleId3":137,"id":1741,"href":"/v1/startSession/1741","dynamicMap":{},"type":"com.ericsson.bss.rm.erms.core.entity.dto.bi.session.SessionStartResponseDTO"},{"startDate":"2018-03-12T20:10:04+0300","terminal":{"id":15,"externalId":"terminal-78352c30-7199-457e-b474-fb321bbee6a5","salesOrganization":{"siteId":"1","isPublic":false,"id":62,"externalId":"so-4324954b-bafd-48e0-89a1-5c6b9b0b5a47","party":{"name":"name-so-4324954b-bafd-48e0-89a1-5c6b9b0b5a47","id":47,"partyType":2,"dynamicMap":{},"type":"com.ericsson.bss.rm.erms.core.entity.dto.party.OrganizationDTO"},"partyRoleSpec":{"placeUsageType":0,"id":54,"name":"sos-e3472b0e-338e-4410-b56d-3f71a4c29756","dynamicMap":{},"type":"com.ericsson.bss.rm.erms.core.entity.dto.salesorganization.SalesOrganizationRoleSpecDTO"},"name":"name-so-4324954b-bafd-48e0-89a1-5c6b9b0b5a47","status":1,"partyRoleType":8,"partyInteractionRoleId":128,"href":"/v1/centralWarehouseRole/62","dynamicMap":{},"type":"com.ericsson.bss.rm.erms.core.entity.dto.salesorganization.CentralWarehouseDTO"},"name":"terminal-78352c30-7199-457e-b474-fb321bbee6a5","status":1,"href":"/v1/terminal/15","dynamicMap":{},"type":"com.ericsson.bss.rm.erms.core.entity.dto.salesorganization.TerminalDTO"},"businessInteractionType":6,"code":"SST-1641","description":"Session Start, [John Smith] on [terminal-78352c30-7199-457e-b474-fb321bbee6a5]","mainState":0,"state":5,"createdDate":"2018-03-12T17:10:04+0000","businessInteractionSpec":{"id":29,"journaled":true,"name":"Start session bi spec","specificationType":0,"allowSubmitBIWithoutItem":true,"requiresSession":false,"code":"START_SESSION","requiresActiveSO":false,"biOperationAllowedWhenSOSuspended":false,"reserveAllNonSerializedSpec":false,"allowStockLevelNegative":false,"dynamicMap":{},"type":"com.ericsson.bss.rm.erms.core.entity.dto.bi.BusinessInteractionSpecDTO"},"createdByUserId":"64","createdBySalesOrganizationId":"62","createdForSalesOrganizationRoleId":"62","preventUpdateFromOtherSystem":false,"items":[],"isLocked":false,"businessInteractionRoleId1":131,"businessInteractionRoleId2":128,"businessInteractionRoleId3":128,"id":1641,"href":"/v1/startSession/1641","dynamicMap":{},"type":"com.ericsson.bss.rm.erms.core.entity.dto.bi.session.SessionStartResponseDTO"},{"startDate":"2018-03-12T20:06:50+0300","terminal":{"id":14,"externalId":"terminal-227832ea-df47-4ae5-9003-b373875ec3ba","salesOrganization":{"siteId":"1","isPublic":false,"id":58,"externalId":"so-7e5bb40c-a462-4254-8999-013e1bbdc8f5","party":{"name":"name-so-7e5bb40c-a462-4254-8999-013e1bbdc8f5","id":44,"partyType":2,"dynamicMap":{},"type":"com.ericsson.bss.rm.erms.core.entity.dto.party.OrganizationDTO"},"partyRoleSpec":{"placeUsageType":0,"id":51,"name":"sos-236070b3-687f-473b-b1a3-032588efa6b3","dynamicMap":{},"type":"com.ericsson.bss.rm.erms.core.entity.dto.salesorganization.SalesOrganizationRoleSpecDTO"},"name":"name-so-7e5bb40c-a462-4254-8999-013e1bbdc8f5","status":1,"partyRoleType":8,"partyInteractionRoleId":119,"href":"/v1/centralWarehouseRole/58","dynamicMap":{},"type":"com.ericsson.bss.rm.erms.core.entity.dto.salesorganization.CentralWarehouseDTO"},"name":"terminal-227832ea-df47-4ae5-9003-b373875ec3ba","status":1,"href":"/v1/terminal/14","dynamicMap":{},"type":"com.ericsson.bss.rm.erms.core.entity.dto.salesorganization.TerminalDTO"},"businessInteractionType":6,"code":"SST-1531","description":"Session Start, [John Smith] on [terminal-227832ea-df47-4ae5-9003-b373875ec3ba]","mainState":0,"state":5,"createdDate":"2018-03-12T17:06:50+0000","businessInteractionSpec":{"id":29,"journaled":true,"name":"Start session bi spec","specificationType":0,"allowSubmitBIWithoutItem":true,"requiresSession":false,"code":"START_SESSION","requiresActiveSO":false,"biOperationAllowedWhenSOSuspended":false,"reserveAllNonSerializedSpec":false,"allowStockLevelNegative":false,"dynamicMap":{},"type":"com.ericsson.bss.rm.erms.core.entity.dto.bi.BusinessInteractionSpecDTO"},"createdByUserId":"60","createdBySalesOrganizationId":"58","createdForSalesOrganizationRoleId":"58","preventUpdateFromOtherSystem":false,"items":[],"isLocked":false,"businessInteractionRoleId1":122,"businessInteractionRoleId2":119,"businessInteractionRoleId3":119,"id":1531,"href":"/v1/startSession/1531","dynamicMap":{},"type":"com.ericsson.bss.rm.erms.core.entity.dto.bi.session.SessionStartResponseDTO"}]</con:value>
        </con:property>
      </con:properties>
      <con:returnProperties>
        <con:entry>res_httpStatus</con:entry>
        <con:entry>response</con:entry>
      </con:returnProperties>
      <con:runMode>PARALLELL</con:runMode>
    </con:config>
  </con:testStep>
  <con:testStep type="assertionteststep" name="Assertion start session interactions listed" id="490cfe0a-fb09-477e-b242-48502c131864">
    <con:settings/>
    <con:config xsi:type="con:AssertionTestStep" xmlns:xsi="http://www.w3.org/2001/XMLSchema-instance">
      <con:entry>
        <con:id>2d85cfd5-51a3-4712-bd2d-9e6ab0ec5177</con:id>
        <con:isGroup>false</con:isGroup>
        <con:sourceId>78af283a-99e3-44fc-8791-62b1201a38ad</con:sourceId>
        <con:propertyName>res_httpStatus</con:propertyName>
        <con:assertion type="Simple Equals" name="Equals" id="6655f4e8-0ffc-4db9-b890-ce9de81164c0">
          <con:configuration>
            <patternObjectId>a115145d-835f-4796-97e7-728d85beee81</patternObjectId>
            <patternProperty>httpStatusCode200</patternProperty>
            <caseSensitive>true</caseSensitive>
          </con:configuration>
        </con:assertion>
      </con:entry>
      <con:entry>
        <con:id>e07b5b7c-8bdf-436b-a27f-7f50fe96077c</con:id>
        <con:isGroup>false</con:isGroup>
        <con:sourceId>78af283a-99e3-44fc-8791-62b1201a38ad</con:sourceId>
        <con:propertyName>response</con:propertyName>
        <con:assertion type="Simple Contains" name="Contains" id="8b3429e3-73e6-4b94-a021-7681ac94df27">
          <con:configuration>
            <token>\w+</token>
            <ignoreCase>false</ignoreCase>
            <useRegEx>true</useRegEx>
          </con:configuration>
        </con:assertion>
      </con:entry>
    </con:config>
  </con:testStep>
  <con:testStep type="calltestcase" name="Display end session interactions list INTERNAL" id="b4706435-5976-452c-9163-50b502d196a4">
    <con:settings/>
    <con:config xsi:type="con:RunTestCaseStep" xmlns:xsi="http://www.w3.org/2001/XMLSchema-instance">
      <con:targetTestCase>5e66e552-70ce-4dab-8a09-d527ae3dda2a</con:targetTestCase>
      <con:properties>
        <con:property>
          <con:name>res_httpStatus</con:name>
          <con:value>200</con:value>
        </con:property>
        <con:property>
          <con:name>response</con:name>
          <con:value>[{"businessInteractionType":8,"code":"SEN-3741","description":"Session End, [John Smith]","mainState":1,"state":0,"createdDate":"2018-03-12T17:30:10+0000","businessInteractionSpec":{"id":53,"journaled":true,"name":"Session End BI Spec","specificationType":0,"allowSubmitBIWithoutItem":true,"requiresSession":false,"code":"SESSIONENDBISPEC","requiresActiveSO":false,"biOperationAllowedWhenSOSuspended":false,"reserveAllNonSerializedSpec":false,"allowStockLevelNegative":false,"dynamicMap":{},"type":"com.ericsson.bss.rm.erms.core.entity.dto.bi.BusinessInteractionSpecDTO"},"createdByUserId":"166","createdBySalesOrganizationId":"164","createdForSalesOrganizationRoleId":"164","preventUpdateFromOtherSystem":false,"items":[],"isLocked":false,"businessInteractionRoleId1":328,"businessInteractionRoleId2":325,"businessInteractionRoleId3":325,"id":3741,"href":"/v1/endSession/3741","dynamicMap":{},"type":"com.ericsson.bss.rm.erms.core.entity.dto.bi.session.EndSessionResponseDTO"},{"businessInteractionType":8,"code":"SEN-3731","description":"Session End, [John Smith]","mainState":0,"state":5,"createdDate":"2018-03-12T17:30:10+0000","businessInteractionSpec":{"id":53,"journaled":true,"name":"Session End BI Spec","specificationType":0,"allowSubmitBIWithoutItem":true,"requiresSession":false,"code":"SESSIONENDBISPEC","requiresActiveSO":false,"biOperationAllowedWhenSOSuspended":false,"reserveAllNonSerializedSpec":false,"allowStockLevelNegative":false,"dynamicMap":{},"type":"com.ericsson.bss.rm.erms.core.entity.dto.bi.BusinessInteractionSpecDTO"},"createdByUserId":"162","createdBySalesOrganizationId":"160","createdForSalesOrganizationRoleId":"160","preventUpdateFromOtherSystem":false,"items":[],"isLocked":false,"businessInteractionRoleId1":321,"businessInteractionRoleId2":318,"businessInteractionRoleId3":318,"id":3731,"href":"/v1/endSession/3731","dynamicMap":{},"type":"com.ericsson.bss.rm.erms.core.entity.dto.bi.session.EndSessionResponseDTO"}]</con:value>
        </con:property>
      </con:properties>
      <con:returnProperties>
        <con:entry>res_httpStatus</con:entry>
        <con:entry>response</con:entry>
      </con:returnProperties>
      <con:runMode>PARALLELL</con:runMode>
    </con:config>
  </con:testStep>
  <con:testStep type="assertionteststep" name="Assertion end session interactions listed" id="9b128052-fde8-4314-a42e-fe5b95e61281">
    <con:settings/>
    <con:config xsi:type="con:AssertionTestStep" xmlns:xsi="http://www.w3.org/2001/XMLSchema-instance">
      <con:entry>
        <con:id>1e7d617c-0233-4d5e-b57d-f79a5753c3f1</con:id>
        <con:isGroup>false</con:isGroup>
        <con:sourceId>b4706435-5976-452c-9163-50b502d196a4</con:sourceId>
        <con:propertyName>res_httpStatus</con:propertyName>
        <con:assertion type="Simple Equals" name="Equals" id="55282fc3-4a2a-43f8-9715-406edeb59d45">
          <con:configuration>
            <patternObjectId>a115145d-835f-4796-97e7-728d85beee81</patternObjectId>
            <patternProperty>httpStatusCode200</patternProperty>
            <caseSensitive>true</caseSensitive>
          </con:configuration>
        </con:assertion>
      </con:entry>
      <con:entry>
        <con:id>6d874b71-7c5d-4540-be98-1924866357a6</con:id>
        <con:isGroup>false</con:isGroup>
        <con:sourceId>b4706435-5976-452c-9163-50b502d196a4</con:sourceId>
        <con:propertyName>response</con:propertyName>
        <con:assertion type="Simple Contains" name="Contains" id="9aae8d57-6ee3-497d-9d32-e1866ec3d065">
          <con:configuration>
            <token>\w+</token>
            <ignoreCase>false</ignoreCase>
            <useRegEx>true</useRegEx>
          </con:configuration>
        </con:assertion>
      </con:entry>
    </con:config>
  </con:testStep>
  <con:testStep type="transfer" name="P.T. - Display single END session business interaction" id="c036aec0-d566-4d3c-b140-6b05607f1a6f">
    <con:settings/>
    <con:config xsi:type="con:PropertyTransfersStep" xmlns:xsi="http://www.w3.org/2001/XMLSchema-instance">
      <con:transfers setNullOnMissingSource="true" transferTextContent="true" failOnError="true" ignoreEmpty="false" transferToAll="false" entitize="false" transferChildNodes="false">
        <con:name>biId</con:name>
        <con:sourceType>res_biId</con:sourceType>
        <con:sourceStep>Submit end session business interaction</con:sourceStep>
        <con:sourcePath/>
        <con:targetType>req_biId</con:targetType>
        <con:targetStep>Display single END session business interaction</con:targetStep>
        <con:targetPath/>
        <con:upgraded>true</con:upgraded>
      </con:transfers>
    </con:config>
  </con:testStep>
  <con:testStep type="calltestcase" name="Display single END session business interaction" id="37187064-5b51-4a0f-9569-8b02d5ab6882">
    <con:settings/>
    <con:config xsi:type="con:RunTestCaseStep" xmlns:xsi="http://www.w3.org/2001/XMLSchema-instance">
      <con:targetTestCase>a50932f5-de12-4664-a079-4497cb61c230</con:targetTestCase>
      <con:properties>
        <con:property>
          <con:name>req_biId</con:name>
          <con:value>3731</con:value>
        </con:property>
        <con:property>
          <con:name>res_mainState</con:name>
          <con:value>Closed</con:value>
        </con:property>
        <con:property>
          <con:name>res_state</con:name>
          <con:value>Closed</con:value>
        </con:property>
        <con:property>
          <con:name>res_httpStatus</con:name>
          <con:value>200</con:value>
        </con:property>
        <con:property>
          <con:name>res_errorCode</con:name>
        </con:property>
        <con:property>
          <con:name>res_endDate</con:name>
          <con:value>2018-03-12T17:30:10.950Z</con:value>
        </con:property>
        <con:property>
          <con:name>res_description</con:name>
          <con:value>Session End, [John Smith]</con:value>
        </con:property>
      </con:properties>
      <con:returnProperties>
        <con:entry>res_mainState</con:entry>
        <con:entry>res_state</con:entry>
        <con:entry>res_httpStatus</con:entry>
        <con:entry>res_endDate</con:entry>
        <con:entry>res_description</con:entry>
      </con:returnProperties>
      <con:runMode>PARALLELL</con:runMode>
    </con:config>
  </con:testStep>
  <con:testStep type="assertionteststep" name="Assertion end session is displayed successfully" id="190aa736-2d8a-495a-b58e-ab5a62e2445a">
    <con:settings/>
    <con:config xsi:type="con:AssertionTestStep" xmlns:xsi="http://www.w3.org/2001/XMLSchema-instance">
      <con:entry>
        <con:id>3fd3e514-24af-40b2-8674-cddc37b84a7e</con:id>
        <con:isGroup>false</con:isGroup>
        <con:sourceId>37187064-5b51-4a0f-9569-8b02d5ab6882</con:sourceId>
        <con:propertyName>res_mainState</con:propertyName>
        <con:assertion type="Simple Equals" name="Equals" id="1597f8f3-b4fc-48e4-92e0-9d4dbd64872f">
          <con:configuration>
            <patternObjectId>a115145d-835f-4796-97e7-728d85beee81</patternObjectId>
            <patternProperty>mainState</patternProperty>
            <caseSensitive>true</caseSensitive>
          </con:configuration>
        </con:assertion>
      </con:entry>
      <con:entry>
        <con:id>824a6045-0b47-43ea-ba8c-2a8b6de4e733</con:id>
        <con:isGroup>false</con:isGroup>
        <con:sourceId>37187064-5b51-4a0f-9569-8b02d5ab6882</con:sourceId>
        <con:propertyName>res_state</con:propertyName>
        <con:assertion type="Simple Equals" name="Equals 2" id="b39e4140-b189-4fee-90cd-3eacedffaa26">
          <con:configuration>
            <patternObjectId>a115145d-835f-4796-97e7-728d85beee81</patternObjectId>
            <patternProperty>state</patternProperty>
            <caseSensitive>true</caseSensitive>
          </con:configuration>
        </con:assertion>
      </con:entry>
      <con:entry>
        <con:id>c35b04a8-f45b-46aa-ab80-6e465f50c5a3</con:id>
        <con:isGroup>false</con:isGroup>
        <con:sourceId>37187064-5b51-4a0f-9569-8b02d5ab6882</con:sourceId>
        <con:propertyName>res_httpStatus</con:propertyName>
        <con:assertion type="Simple Equals" name="Equals 3" id="c3b92cdf-331c-4e4b-8a6c-cec13719b9dd">
          <con:configuration>
            <patternObjectId>a115145d-835f-4796-97e7-728d85beee81</patternObjectId>
            <patternProperty>httpStatusCode200</patternProperty>
            <caseSensitive>true</caseSensitive>
          </con:configuration>
        </con:assertion>
      </con:entry>
      <con:entry>
        <con:id>dd10d3c9-b314-4f99-83d0-83de0d37f9c2</con:id>
        <con:isGroup>false</con:isGroup>
        <con:sourceId>37187064-5b51-4a0f-9569-8b02d5ab6882</con:sourceId>
        <con:propertyName>res_endDate</con:propertyName>
        <con:assertion type="Simple Contains" name="Contains" id="4b4eb7d2-b68a-4eea-ac70-d18cf6b72ab4">
          <con:configuration>
            <token>\w+</token>
            <ignoreCase>false</ignoreCase>
            <useRegEx>true</useRegEx>
          </con:configuration>
        </con:assertion>
      </con:entry>
      <con:entry>
        <con:id>0da19ccd-523e-469c-9135-e22aa701c965</con:id>
        <con:isGroup>false</con:isGroup>
        <con:sourceId>37187064-5b51-4a0f-9569-8b02d5ab6882</con:sourceId>
        <con:propertyName>res_description</con:propertyName>
        <con:assertion type="Simple Contains" name="Contains 2" id="69c8ecaf-c514-4b11-9937-949b6215978a">
          <con:configuration>
            <token>[Session End, [John Smith]]</token>
            <ignoreCase>false</ignoreCase>
            <useRegEx>true</useRegEx>
          </con:configuration>
        </con:assertion>
      </con:entry>
    </con:config>
  </con:testStep>
  <con:testStep type="transfer" name="Set biId not exist in system" id="44b9b365-6b83-46ab-9252-e1f28416d857">
    <con:settings/>
    <con:config xsi:type="con:PropertyTransfersStep" xmlns:xsi="http://www.w3.org/2001/XMLSchema-instance">
      <con:transfers setNullOnMissingSource="true" transferTextContent="true" failOnError="true" ignoreEmpty="false" transferToAll="false" entitize="false" transferChildNodes="false">
        <con:name>biId</con:name>
        <con:sourceType>biIdDoesNotExist</con:sourceType>
        <con:sourceStep>Properties</con:sourceStep>
        <con:sourcePath/>
        <con:targetType>req_biId</con:targetType>
        <con:targetStep>Display non-exist single END session business interaction</con:targetStep>
        <con:targetPath/>
        <con:upgraded>true</con:upgraded>
      </con:transfers>
    </con:config>
  </con:testStep>
  <con:testStep type="calltestcase" name="Display non-exist single END session business interaction" id="fe04689f-7ff8-4021-9e35-640e4eccdae7">
    <con:settings/>
    <con:config xsi:type="con:RunTestCaseStep" xmlns:xsi="http://www.w3.org/2001/XMLSchema-instance">
      <con:targetTestCase>a50932f5-de12-4664-a079-4497cb61c230</con:targetTestCase>
      <con:properties>
        <con:property>
          <con:name>req_biId</con:name>
          <con:value>0</con:value>
        </con:property>
        <con:property>
          <con:name>res_mainState</con:name>
          <con:value xsi:nil="true"/>
        </con:property>
        <con:property>
          <con:name>res_state</con:name>
          <con:value xsi:nil="true"/>
        </con:property>
        <con:property>
          <con:name>res_httpStatus</con:name>
          <con:value>404</con:value>
        </con:property>
        <con:property>
          <con:name>res_errorCode</con:name>
          <con:value>404</con:value>
        </con:property>
        <con:property>
          <con:name>res_endDate</con:name>
        </con:property>
        <con:property>
          <con:name>res_description</con:name>
        </con:property>
      </con:properties>
      <con:returnProperties>
        <con:entry>res_mainState</con:entry>
        <con:entry>res_state</con:entry>
        <con:entry>res_httpStatus</con:entry>
        <con:entry>res_errorCode</con:entry>
      </con:returnProperties>
      <con:runMode>PARALLELL</con:runMode>
    </con:config>
  </con:testStep>
  <con:testStep type="assertionteststep" name="Assertion display single start session fail 2" id="ed503515-8095-4215-b621-887ec89238d0">
    <con:settings/>
    <con:config xsi:type="con:AssertionTestStep" xmlns:xsi="http://www.w3.org/2001/XMLSchema-instance">
      <con:entry>
        <con:id>18d80ace-e79e-415d-98df-ed626d277bd5</con:id>
        <con:isGroup>false</con:isGroup>
        <con:sourceId>fe04689f-7ff8-4021-9e35-640e4eccdae7</con:sourceId>
        <con:propertyName>res_httpStatus</con:propertyName>
        <con:assertion type="Simple Equals" name="Equals" id="0606536e-9ec2-46e3-925a-8c9ae7e068c6">
          <con:configuration>
            <patternObjectId>a115145d-835f-4796-97e7-728d85beee81</patternObjectId>
            <patternProperty>httpStatusCode404</patternProperty>
            <caseSensitive>true</caseSensitive>
          </con:configuration>
        </con:assertion>
      </con:entry>
    </con:config>
  </con:testStep>
  <con:testStep type="calltestcase" name="Display START session interactions" id="55cea973-3ebc-48ae-9eff-f45c39b64816">
    <con:settings/>
    <con:config xsi:type="con:RunTestCaseStep" xmlns:xsi="http://www.w3.org/2001/XMLSchema-instance">
      <con:targetTestCase>23038d1e-e8c6-4f21-9ad1-9be2ace2700e</con:targetTestCase>
      <con:properties>
        <con:property>
          <con:name>res_httpStatus</con:name>
          <con:value>200</con:value>
        </con:property>
        <con:property>
          <con:name>response</con:name>
          <con:value>[{"startDate":"2018-03-12T16:51:54.042Z","terminalId":"1","businessInteractionType":6,"code":"SST-71","description":"Session Start, [John Smith] on [taad73e4f-b2bc-4b3f-bac7-96395b387185]","mainState":"Closed","state":"Closed","createdDate":"2018-03-12T16:51:53.960Z","preventUpdateFromOtherSystem":false,"id":"71"},{"startDate":"2018-03-12T16:52:01.831Z","terminalId":"2","businessInteractionType":6,"code":"SST-171","description":"Session Start, [John Smith] on [t8406d83e-27bc-46ba-9532-e3093101b1c7]","mainState":"Closed","state":"Closed","createdDate":"2018-03-12T16:52:01.738Z","preventUpdateFromOtherSystem":false,"id":"171"},{"startDate":"2018-03-12T16:54:07.814Z","terminalId":"3","businessInteractionType":6,"code":"SST-371","description":"Session Start, [John Smith] on [terminal-64af3565-c221-4abb-9e9b-f25c7b81718b]","mainState":"Closed","state":"Closed","createdDate":"2018-03-12T16:54:07.597Z","preventUpdateFromOtherSystem":false,"id":"371"},{"startDate":"2018-03-12T16:55:03.906Z","terminalId":"4","businessInteractionType":6,"code":"SST-531","description":"Session Start, [John Smith] on [terminal-0ca8a9bb-6e22-4b1f-a94f-5e515f43a49b]","mainState":"Closed","state":"Closed","createdDate":"2018-03-12T16:55:03.871Z","preventUpdateFromOtherSystem":false,"id":"531"},{"startDate":"2018-03-12T16:55:18.422Z","terminalId":"6","businessInteractionType":6,"code":"SST-691","description":"Session Start, [John Smith] on [terminal-cbc80785-b458-4bfe-872f-f985cfc0ef5b]","mainState":"Closed","state":"Closed","createdDate":"2018-03-12T16:55:18.383Z","preventUpdateFromOtherSystem":false,"id":"691"},{"startDate":"2018-03-12T16:57:26.752Z","terminalId":"7","businessInteractionType":6,"code":"SST-801","description":"Session Start, [John Smith] on [terminal-1fbc1a50-b839-401c-989d-65d5571528d4]","mainState":"Closed","state":"Closed","createdDate":"2018-03-12T16:57:26.651Z","preventUpdateFromOtherSystem":false,"id":"801"},{"startDate":"2018-03-12T17:00:56.425Z","terminalId":"11","businessInteractionType":6,"code":"SST-1231","description":"Session Start, [John Smith] on [terminal-c9f3cb7c-1f18-40f4-9aad-7731ca0d6900]","mainState":"Closed","state":"Closed","createdDate":"2018-03-12T17:00:56.385Z","preventUpdateFromOtherSystem":false,"id":"1231"},{"startDate":"2018-03-12T17:02:47.742Z","terminalId":"12","businessInteractionType":6,"code":"SST-1331","description":"Session Start, [John Smith] on [terminal-6fb50f01-6209-47f7-9a04-4d4872cc5b92]","mainState":"Closed","state":"Closed","createdDate":"2018-03-12T17:02:47.708Z","preventUpdateFromOtherSystem":false,"id":"1331"},{"startDate":"2018-03-12T17:04:56.650Z","terminalId":"13","businessInteractionType":6,"code":"SST-1431","description":"Session Start, [John Smith] on [terminal-5628bc62-d99f-4bb6-a647-6c26f84f28a0]","mainState":"Closed","state":"Closed","createdDate":"2018-03-12T17:04:56.618Z","preventUpdateFromOtherSystem":false,"id":"1431"},{"startDate":"2018-03-12T17:06:50.506Z","terminalId":"14","businessInteractionType":6,"code":"SST-1531","description":"Session Start, [John Smith] on [terminal-227832ea-df47-4ae5-9003-b373875ec3ba]","mainState":"Closed","state":"Closed","createdDate":"2018-03-12T17:06:50.466Z","preventUpdateFromOtherSystem":false,"id":"1531"}]</con:value>
        </con:property>
      </con:properties>
      <con:returnProperties>
        <con:entry>res_httpStatus</con:entry>
        <con:entry>response</con:entry>
      </con:returnProperties>
      <con:runMode>PARALLELL</con:runMode>
    </con:config>
  </con:testStep>
  <con:testStep type="assertionteststep" name="Assertion interactions displayed and not empty" id="cbf4dae1-ac0c-4ad3-85e1-0cd64b18f723">
    <con:settings/>
    <con:config xsi:type="con:AssertionTestStep" xmlns:xsi="http://www.w3.org/2001/XMLSchema-instance">
      <con:entry>
        <con:id>0cf6a732-a94c-47c8-bcdf-487181e99c8f</con:id>
        <con:isGroup>false</con:isGroup>
        <con:sourceId>55cea973-3ebc-48ae-9eff-f45c39b64816</con:sourceId>
        <con:propertyName>res_httpStatus</con:propertyName>
        <con:assertion type="Simple Equals" name="Equals" id="abb80148-60d1-4b4e-a658-c78c232b7b40">
          <con:configuration>
            <patternObjectId>a115145d-835f-4796-97e7-728d85beee81</patternObjectId>
            <patternProperty>httpStatusCode200</patternProperty>
            <caseSensitive>true</caseSensitive>
          </con:configuration>
        </con:assertion>
      </con:entry>
      <con:entry>
        <con:id>8dbb4e8c-a9e7-40cb-b892-999e2f2b8ee7</con:id>
        <con:isGroup>false</con:isGroup>
        <con:sourceId>55cea973-3ebc-48ae-9eff-f45c39b64816</con:sourceId>
        <con:propertyName>response</con:propertyName>
        <con:assertion type="Simple Contains" name="Contains" id="b1b4609c-b350-47e0-95e1-30a2ae8f87ff">
          <con:configuration>
            <token>\d+</token>
            <ignoreCase>false</ignoreCase>
            <useRegEx>true</useRegEx>
          </con:configuration>
        </con:assertion>
      </con:entry>
    </con:config>
  </con:testStep>
  <con:testStep type="calltestcase" name="Display END session interactions" id="c054563d-da9c-4adc-b829-893d70844608">
    <con:settings/>
    <con:config xsi:type="con:RunTestCaseStep" xmlns:xsi="http://www.w3.org/2001/XMLSchema-instance">
      <con:targetTestCase>d6b67606-dc6b-47cd-aae9-567b9f25559f</con:targetTestCase>
      <con:properties>
        <con:property>
          <con:name>res_httpStatus</con:name>
          <con:value>200</con:value>
        </con:property>
        <con:property>
          <con:name>response</con:name>
          <con:value>[{"endDate":"2018-03-12T17:30:10.950Z","businessInteractionType":8,"code":"SEN-3731","description":"Session End, [John Smith]","mainState":"Closed","state":"Closed","createdDate":"2018-03-12T17:30:10.512Z","preventUpdateFromOtherSystem":false,"id":"3731"},{"businessInteractionType":8,"code":"SEN-3741","description":"Session End, [John Smith]","mainState":"Draft","state":"Draft","createdDate":"2018-03-12T17:30:10.654Z","preventUpdateFromOtherSystem":false,"id":"3741"}]</con:value>
        </con:property>
      </con:properties>
      <con:returnProperties>
        <con:entry>res_httpStatus</con:entry>
        <con:entry>response</con:entry>
      </con:returnProperties>
      <con:runMode>PARALLELL</con:runMode>
    </con:config>
  </con:testStep>
  <con:testStep type="assertionteststep" name="Assertion interactions displayed and not empty 2" id="34b94dd8-53c1-490d-96a7-aa23a94bd775">
    <con:settings/>
    <con:config xsi:type="con:AssertionTestStep" xmlns:xsi="http://www.w3.org/2001/XMLSchema-instance">
      <con:entry>
        <con:id>fc515847-6c42-401b-94d1-1f90b039253e</con:id>
        <con:isGroup>false</con:isGroup>
        <con:sourceId>c054563d-da9c-4adc-b829-893d70844608</con:sourceId>
        <con:propertyName>res_httpStatus</con:propertyName>
        <con:assertion type="Simple Equals" name="Equals" id="643a1146-cbd5-4e71-909a-e3f5aeb432a9">
          <con:configuration>
            <patternObjectId>a115145d-835f-4796-97e7-728d85beee81</patternObjectId>
            <patternProperty>httpStatusCode200</patternProperty>
            <caseSensitive>true</caseSensitive>
          </con:configuration>
        </con:assertion>
      </con:entry>
      <con:entry>
        <con:id>3148986f-26d6-4147-82ce-7b07b21afe6e</con:id>
        <con:isGroup>false</con:isGroup>
        <con:sourceId>c054563d-da9c-4adc-b829-893d70844608</con:sourceId>
        <con:propertyName>response</con:propertyName>
        <con:assertion type="Simple Contains" name="Contains" id="c28578ee-8e52-4077-9c6d-bad83ede5da3">
          <con:configuration>
            <token>\w+</token>
            <ignoreCase>false</ignoreCase>
            <useRegEx>true</useRegEx>
          </con:configuration>
        </con:assertion>
      </con:entry>
    </con:config>
  </con:testStep>
  <con:testStep type="calltestcase" name="Display ALL session interactions" id="153ade3a-ce34-4308-a2bf-dc11443fdbde">
    <con:settings/>
    <con:config xsi:type="con:RunTestCaseStep" xmlns:xsi="http://www.w3.org/2001/XMLSchema-instance">
      <con:targetTestCase>833d6b97-38b8-43c7-8f3d-dc3f9677d311</con:targetTestCase>
      <con:properties>
        <con:property>
          <con:name>res_httpStatus</con:name>
          <con:value>200</con:value>
        </con:property>
        <con:property>
          <con:name>response</con:name>
          <con:value>[{"terminalId":"40","initialAccount":{"balance":{"notRoundedAmount":0.0000,"roundedAmount":0.00,"currency":"EUR"},"id":"83"},"transactionalAccount":{"balance":{"notRoundedAmount":0.0000,"roundedAmount":0.00,"currency":"EUR"},"id":"84"},"businessInteractionType":7,"code":"SES-3711","description":"Session, [John Smith] on [terminal-d91713bb-b2de-473e-9a66-5e00f903eb5b]","mainState":"Ongoing","state":"Ongoing","createdDate":"2018-03-12T17:30:10.116Z","preventUpdateFromOtherSystem":false,"id":"3711"},{"terminalId":"39","initialAccount":{"balance":{"notRoundedAmount":0.0000,"roundedAmount":0.00,"currency":"EUR"},"id":"80"},"transactionalAccount":{"balance":{"notRoundedAmount":1.0000,"roundedAmount":1.00,"currency":"EUR"},"id":"81"},"businessInteractionType":7,"code":"SES-3601","description":"Session, [null] on [terminal-7e028d16-f386-4389-861f-89be7e1af5ec]","mainState":"Closed","state":"Closed","createdDate":"2018-03-12T17:30:04.156Z","preventUpdateFromOtherSystem":false,"id":"3601"},{"terminalId":"37","initialAccount":{"balance":{"notRoundedAmount":0.0000,"roundedAmount":0.00,"currency":"EUR"},"id":"76"},"transactionalAccount":{"balance":{"notRoundedAmount":0.0000,"roundedAmount":0.00,"currency":"EUR"},"id":"77"},"businessInteractionType":7,"code":"SES-3451","description":"Session, [name-so-0e2f3685-9738-4b3b-9ae2-44b991adaa55] on [terminal-f049899a-1068-4921-99ce-c3649adda038]","mainState":"Ongoing","state":"Ongoing","createdDate":"2018-03-12T17:28:29.515Z","preventUpdateFromOtherSystem":false,"id":"3451"},{"terminalId":"36","initialAccount":{"balance":{"notRoundedAmount":0.0000,"roundedAmount":0.00,"currency":"EUR"},"id":"72"},"transactionalAccount":{"balance":{"notRoundedAmount":0.0000,"roundedAmount":0.00,"currency":"EUR"},"id":"73"},"businessInteractionType":7,"code":"SES-3281","description":"Session, [null] on [taaf9653b-4232-4555-8524-364de72b7c10]","mainState":"Ongoing","state":"Ongoing","createdDate":"2018-03-12T17:27:30.052Z","preventUpdateFromOtherSystem":false,"id":"3281"},{"terminalId":"35","initialAccount":{"balance":{"notRoundedAmount":0.0000,"roundedAmount":0.00,"currency":"EUR"},"id":"69"},"transactionalAccount":{"balance":{"notRoundedAmount":0.0000,"roundedAmount":0.00,"currency":"EUR"},"id":"70"},"businessInteractionType":7,"code":"SES-3151","description":"Session, [null] on [te80c8ece-aba2-4cc5-8b82-48f7b8f73acf]","mainState":"Ongoing","state":"Ongoing","createdDate":"2018-03-12T17:25:36.221Z","preventUpdateFromOtherSystem":false,"id":"3151"},{"terminalId":"34","initialAccount":{"balance":{"notRoundedAmount":0.0000,"roundedAmount":0.00,"currency":"EUR"},"id":"66"},"transactionalAccount":{"balance":{"notRoundedAmount":0.0000,"roundedAmount":0.00,"currency":"EUR"},"id":"67"},"businessInteractionType":7,"code":"SES-3031","description":"Session, [John Smith] on [terminal-3daa92cf-1a28-46cf-ac47-66ee99d3defd]","mainState":"Ongoing","state":"Ongoing","createdDate":"2018-03-12T17:25:25.191Z","preventUpdateFromOtherSystem":false,"id":"3031"},{"terminalId":"17","initialAccount":{"balance":{"notRoundedAmount":0.0000,"roundedAmount":0.00,"currency":"EUR"},"id":"42"},"transactionalAccount":{"balance":{"notRoundedAmount":0.0000,"roundedAmount":0.00,"currency":"EUR"},"id":"43"},"businessInteractionType":7,"code":"SES-1841","description":"Session, [null] on [terminal-a4217dc4-10e1-4850-9805-1d5f193ad065]","mainState":"Ongoing","state":"Ongoing","createdDate":"2018-03-12T17:12:59.579Z","preventUpdateFromOtherSystem":false,"id":"1841"},{"terminalId":"16","initialAccount":{"balance":{"notRoundedAmount":0.0000,"roundedAmount":0.00,"currency":"EUR"},"id":"39"},"transactionalAccount":{"balance":{"notRoundedAmount":0.0000,"roundedAmount":0.00,"currency":"EUR"},"id":"40"},"businessInteractionType":7,"code":"SES-1751","description":"Session, [null] on [terminal-7f4908fe-6e71-43d0-b37b-cb9113864e9f]","mainState":"Ongoing","state":"Ongoing","createdDate":"2018-03-12T17:11:57.612Z","preventUpdateFromOtherSystem":false,"id":"1751"},{"terminalId":"15","initialAccount":{"balance":{"notRoundedAmount":0.0000,"roundedAmount":0.00,"currency":"EUR"},"id":"36"},"transactionalAccount":{"balance":{"notRoundedAmount":0.0000,"roundedAmount":0.00,"currency":"EUR"},"id":"37"},"businessInteractionType":7,"code":"SES-1651","description":"Session, [John Smith] on [terminal-78352c30-7199-457e-b474-fb321bbee6a5]","mainState":"Ongoing","state":"Ongoing","createdDate":"2018-03-12T17:10:04.214Z","preventUpdateFromOtherSystem":false,"id":"1651"},{"terminalId":"14","initialAccount":{"balance":{"notRoundedAmount":0.0000,"roundedAmount":0.00,"currency":"EUR"},"id":"33"},"transactionalAccount":{"balance":{"notRoundedAmount":0.0000,"roundedAmount":0.00,"currency":"EUR"},"id":"34"},"businessInteractionType":7,"code":"SES-1541","description":"Session, [null] on [terminal-227832ea-df47-4ae5-9003-b373875ec3ba]","mainState":"Ongoing","state":"Ongoing","createdDate":"2018-03-12T17:06:50.540Z","preventUpdateFromOtherSystem":false,"id":"1541"}]</con:value>
        </con:property>
      </con:properties>
      <con:returnProperties>
        <con:entry>res_httpStatus</con:entry>
        <con:entry>response</con:entry>
      </con:returnProperties>
      <con:runMode>PARALLELL</con:runMode>
    </con:config>
  </con:testStep>
  <con:testStep type="assertionteststep" name="Assertion interactions displayed and not empty 3" id="4ec31588-6a75-4474-ad8c-a2788680556d">
    <con:settings/>
    <con:config xsi:type="con:AssertionTestStep" xmlns:xsi="http://www.w3.org/2001/XMLSchema-instance">
      <con:entry>
        <con:id>4c26eed7-1593-4a84-b9fc-23159f854705</con:id>
        <con:isGroup>false</con:isGroup>
        <con:sourceId>153ade3a-ce34-4308-a2bf-dc11443fdbde</con:sourceId>
        <con:propertyName>res_httpStatus</con:propertyName>
        <con:assertion type="Simple Equals" name="Equals" id="eca96c99-7b0b-470b-bf6b-a48a73665e1e">
          <con:configuration>
            <patternObjectId>a115145d-835f-4796-97e7-728d85beee81</patternObjectId>
            <patternProperty>httpStatusCode200</patternProperty>
            <caseSensitive>true</caseSensitive>
          </con:configuration>
        </con:assertion>
      </con:entry>
      <con:entry>
        <con:id>e8569606-df8d-4e1d-9783-5f86b1ea9842</con:id>
        <con:isGroup>false</con:isGroup>
        <con:sourceId>153ade3a-ce34-4308-a2bf-dc11443fdbde</con:sourceId>
        <con:propertyName>response</con:propertyName>
        <con:assertion type="Simple Contains" name="Contains" id="c24f02c8-5886-4b22-af35-0634c151706e">
          <con:configuration>
            <token>\w+</token>
            <ignoreCase>false</ignoreCase>
            <useRegEx>true</useRegEx>
          </con:configuration>
        </con:assertion>
      </con:entry>
    </con:config>
  </con:testStep>
  <con:testStep type="transfer" name="Set get print out" id="02067f4e-e6a6-41fd-a605-cd51a956c736">
    <con:settings/>
    <con:config xsi:type="con:PropertyTransfersStep" xmlns:xsi="http://www.w3.org/2001/XMLSchema-instance">
      <con:transfers setNullOnMissingSource="true" transferTextContent="true" failOnError="true" ignoreEmpty="false" transferToAll="false" entitize="false" transferChildNodes="false">
        <con:name>sessionId</con:name>
        <con:sourceType>res_sessionId</con:sourceType>
        <con:sourceStep>Get single session by terminal id</con:sourceStep>
        <con:sourcePath/>
        <con:targetType>req_id</con:targetType>
        <con:targetStep>Get print out</con:targetStep>
        <con:targetPath/>
        <con:upgraded>true</con:upgraded>
      </con:transfers>
    </con:config>
  </con:testStep>
  <con:testStep type="calltestcase" name="Get print out" id="76c0504f-c4e0-4a3d-b3ad-9901f65df86c">
    <con:settings/>
    <con:config xsi:type="con:RunTestCaseStep" xmlns:xsi="http://www.w3.org/2001/XMLSchema-instance">
      <con:targetTestCase>d7863d40-f682-45cb-8802-8222883fcb3f</con:targetTestCase>
      <con:properties>
        <con:property>
          <con:name>req_id</con:name>
          <con:value>3601</con:value>
        </con:property>
        <con:property>
          <con:name>res_httpStatus</con:name>
          <con:value>200</con:value>
        </con:property>
      </con:properties>
      <con:returnProperties>
        <con:entry>res_httpStatus</con:entry>
      </con:returnProperties>
      <con:runMode>PARALLELL</con:runMode>
    </con:config>
  </con:testStep>
  <con:testStep type="assertionteststep" name="Assertion check print out response success" id="a6a594e0-2ad6-414a-a00e-809d713d94c9">
    <con:settings/>
    <con:config xsi:type="con:AssertionTestStep" xmlns:xsi="http://www.w3.org/2001/XMLSchema-instance">
      <con:entry>
        <con:id>f1c2262b-3f42-4e00-a8bc-2a3404754fbf</con:id>
        <con:isGroup>false</con:isGroup>
        <con:sourceId>76c0504f-c4e0-4a3d-b3ad-9901f65df86c</con:sourceId>
        <con:propertyName>res_httpStatus</con:propertyName>
        <con:assertion type="Simple Equals" name="Equals" id="64fea16f-4fb0-46c7-bd40-810c49a24e7c">
          <con:configuration>
            <patternObjectId>a115145d-835f-4796-97e7-728d85beee81</patternObjectId>
            <patternProperty>httpStatusCode200</patternProperty>
            <caseSensitive>true</caseSensitive>
          </con:configuration>
        </con:assertion>
      </con:entry>
    </con:config>
  </con:testStep>
  <con:properties/>
  <con:reportParameters/>
  <con:breakPoints>
    <con:testStepId>198d8654-cf4c-4013-98b9-92d590bd4467</con:testStepId>
    <con:status>NONE</con:status>
    <con:properties/>
  </con:breakPoints>
  <con:breakPoints>
    <con:testStepId>83e3e197-2561-4902-89e9-59d4679aea19</con:testStepId>
    <con:status>NONE</con:status>
    <con:properties/>
  </con:breakPoints>
  <con:breakPoints>
    <con:testStepId>5173efeb-9088-434a-ad68-e0a7503116bb</con:testStepId>
    <con:status>NONE</con:status>
    <con:properties/>
  </con:breakPoints>
  <con:breakPoints>
    <con:testStepId>e1fd0f4d-3fb2-41ae-ad52-731d6fa2cfaf</con:testStepId>
    <con:status>NONE</con:status>
    <con:properties/>
  </con:breakPoints>
  <con:breakPoints>
    <con:testStepId>235376cc-59b2-4bc5-80c0-6f58cf0c663b</con:testStepId>
    <con:status>NONE</con:status>
    <con:properties/>
  </con:breakPoints>
  <con:breakPoints>
    <con:testStepId>e8697ea4-ee4d-486a-964f-6b68375c566e</con:testStepId>
    <con:status>NONE</con:status>
    <con:properties/>
  </con:breakPoints>
  <con:breakPoints>
    <con:testStepId>c31537ec-0af2-4b4d-8c13-1fabf503102f</con:testStepId>
    <con:status>NONE</con:status>
    <con:properties/>
  </con:breakPoints>
  <con:breakPoints>
    <con:testStepId>852f4836-f304-4d76-951e-5830f131a48a</con:testStepId>
    <con:status>NONE</con:status>
    <con:properties/>
  </con:breakPoints>
  <con:breakPoints>
    <con:testStepId>9df873d5-89ea-4c50-92b7-0384d6008f2d</con:testStepId>
    <con:status>NONE</con:status>
    <con:properties/>
  </con:breakPoints>
  <con:breakPoints>
    <con:testStepId>fcf01097-1e4b-479b-b909-a8b8637a2bd3</con:testStepId>
    <con:status>NONE</con:status>
    <con:properties/>
  </con:breakPoints>
  <con:breakPoints>
    <con:testStepId>b203a200-744c-4025-9fe6-a171dd8bac47</con:testStepId>
    <con:status>NONE</con:status>
    <con:properties/>
  </con:breakPoints>
  <con:breakPoints>
    <con:testStepId>ed675073-6f8a-4be2-81e8-71ae7ffc663e</con:testStepId>
    <con:status>NONE</con:status>
    <con:properties/>
  </con:breakPoints>
  <con:breakPoints>
    <con:testStepId>c81b2992-8e0e-47c3-930f-8336eef4c960</con:testStepId>
    <con:status>NONE</con:status>
    <con:properties/>
  </con:breakPoints>
  <con:breakPoints>
    <con:testStepId>11c6182e-3c03-4a84-954a-a05bcbbc76f6</con:testStepId>
    <con:status>NONE</con:status>
    <con:properties/>
  </con:breakPoints>
  <con:breakPoints>
    <con:testStepId>36438017-2b34-470a-baf4-30d97d7ae1fe</con:testStepId>
    <con:status>NONE</con:status>
    <con:properties/>
  </con:breakPoints>
  <con:breakPoints>
    <con:testStepId>17ab5994-309a-43fd-b41a-6700e4621a90</con:testStepId>
    <con:status>NONE</con:status>
    <con:properties/>
  </con:breakPoints>
  <con:breakPoints>
    <con:testStepId>2a6db27f-68af-445e-bd8d-42e5fc50942a</con:testStepId>
    <con:status>NONE</con:status>
    <con:properties/>
  </con:breakPoints>
  <con:breakPoints>
    <con:testStepId>ed1de2e7-453e-4503-899c-73ccd04b746b</con:testStepId>
    <con:status>NONE</con:status>
    <con:properties/>
  </con:breakPoints>
  <con:breakPoints>
    <con:testStepId>204db82c-e9e3-4aae-951f-3381aba245dd</con:testStepId>
    <con:status>NONE</con:status>
    <con:properties/>
  </con:breakPoints>
  <con:breakPoints>
    <con:testStepId>93701700-f555-4c6f-a3f1-b457472e760f</con:testStepId>
    <con:status>NONE</con:status>
    <con:properties/>
  </con:breakPoints>
  <con:breakPoints>
    <con:testStepId>4c731af2-de3c-40a7-a142-9d4ba423d6b2</con:testStepId>
    <con:status>NONE</con:status>
    <con:properties/>
  </con:breakPoints>
  <con:breakPoints>
    <con:testStepId>ec1f8848-8da5-45a8-b77b-6f2e22456dd1</con:testStepId>
    <con:status>NONE</con:status>
    <con:properties/>
  </con:breakPoints>
  <con:breakPoints>
    <con:testStepId>8492b338-dd22-41b7-9a1f-f14dd3739299</con:testStepId>
    <con:status>NONE</con:status>
    <con:properties/>
  </con:breakPoints>
  <con:breakPoints>
    <con:testStepId>57b61257-5956-4b9a-a24a-8859c9bb2673</con:testStepId>
    <con:status>NONE</con:status>
    <con:properties/>
  </con:breakPoints>
  <con:breakPoints>
    <con:testStepId>e2143faa-ed81-4fb7-886f-98d4c48347d7</con:testStepId>
    <con:status>NONE</con:status>
    <con:properties/>
  </con:breakPoints>
  <con:breakPoints>
    <con:testStepId>2b55e04e-d2b8-419e-8755-90871b6d221a</con:testStepId>
    <con:status>NONE</con:status>
    <con:properties/>
  </con:breakPoints>
  <con:breakPoints>
    <con:testStepId>82262c14-af09-4a35-96b5-73e4f7b166b6</con:testStepId>
    <con:status>NONE</con:status>
    <con:properties/>
  </con:breakPoints>
  <con:breakPoints>
    <con:testStepId>dba12bae-50d0-4f0c-a8c0-2b7cf7f8dd44</con:testStepId>
    <con:status>NONE</con:status>
    <con:properties/>
  </con:breakPoints>
  <con:breakPoints>
    <con:testStepId>4256504c-bcbf-4200-888b-8811fb7d0836</con:testStepId>
    <con:status>NONE</con:status>
    <con:properties/>
  </con:breakPoints>
  <con:breakPoints>
    <con:testStepId>d39f84fa-422d-40b4-a545-42452a64593b</con:testStepId>
    <con:status>NONE</con:status>
    <con:properties/>
  </con:breakPoints>
  <con:breakPoints>
    <con:testStepId>142cd857-f43d-4848-8cd6-3e67d32e9cb2</con:testStepId>
    <con:status>NONE</con:status>
    <con:properties/>
  </con:breakPoints>
  <con:breakPoints>
    <con:testStepId>e338b3b7-b3ba-4d1e-8352-1d6047511efe</con:testStepId>
    <con:status>NONE</con:status>
    <con:properties/>
  </con:breakPoints>
  <con:breakPoints>
    <con:testStepId>c737183b-a861-43ea-a22a-3f7afbed9ebf</con:testStepId>
    <con:status>NONE</con:status>
    <con:properties/>
  </con:breakPoints>
  <con:breakPoints>
    <con:testStepId>4b0ac26f-e0a0-4e37-ba86-13dea5011503</con:testStepId>
    <con:status>NONE</con:status>
    <con:properties/>
  </con:breakPoints>
  <con:breakPoints>
    <con:testStepId>1dc78204-3861-4195-bf93-2cfee28e39dd</con:testStepId>
    <con:status>NONE</con:status>
    <con:properties/>
  </con:breakPoints>
  <con:breakPoints>
    <con:testStepId>9a2ded68-7e9a-4178-8018-c79412c7b488</con:testStepId>
    <con:status>NONE</con:status>
    <con:properties/>
  </con:breakPoints>
  <con:breakPoints>
    <con:testStepId>a929fb54-469a-4ca6-be17-d9ad9f426589</con:testStepId>
    <con:status>NONE</con:status>
    <con:properties/>
  </con:breakPoints>
  <con:breakPoints>
    <con:testStepId>ac55736b-c969-488a-b8f1-697ee74043c3</con:testStepId>
    <con:status>NONE</con:status>
    <con:properties/>
  </con:breakPoints>
  <con:breakPoints>
    <con:testStepId>48b9f596-13c7-4b4b-a325-3f212e56e475</con:testStepId>
    <con:status>NONE</con:status>
    <con:properties/>
  </con:breakPoints>
  <con:breakPoints>
    <con:testStepId>1ee73636-aca7-4e0b-bc97-496517d5d192</con:testStepId>
    <con:status>NONE</con:status>
    <con:properties/>
  </con:breakPoints>
  <con:breakPoints>
    <con:testStepId>4fe94539-6e03-42ad-ade9-eaf60322d272</con:testStepId>
    <con:status>NONE</con:status>
    <con:properties/>
  </con:breakPoints>
  <con:breakPoints>
    <con:testStepId>c0d745c9-9d7f-4ae5-a84d-e84359f2d788</con:testStepId>
    <con:status>NONE</con:status>
    <con:properties/>
  </con:breakPoints>
  <con:breakPoints>
    <con:testStepId>ca5c83b2-698f-4917-aed0-442f4818361f</con:testStepId>
    <con:status>NONE</con:status>
    <con:properties/>
  </con:breakPoints>
  <con:breakPoints>
    <con:testStepId>870565bf-ad6c-4c9d-b291-4723bae5aa32</con:testStepId>
    <con:status>NONE</con:status>
    <con:properties/>
  </con:breakPoints>
  <con:breakPoints>
    <con:testStepId>85f49270-e0f4-49f2-b563-925dce06e734</con:testStepId>
    <con:status>NONE</con:status>
    <con:properties/>
  </con:breakPoints>
  <con:breakPoints>
    <con:testStepId>ae139b8f-917b-48a1-865e-0cc051e1f6fe</con:testStepId>
    <con:status>NONE</con:status>
    <con:properties/>
  </con:breakPoints>
  <con:breakPoints>
    <con:testStepId>6c29ca18-f09b-4f34-89fb-07787f01612c</con:testStepId>
    <con:status>NONE</con:status>
    <con:properties/>
  </con:breakPoints>
  <con:breakPoints>
    <con:testStepId>e6d68192-3aba-40ac-ae62-7fc1c2093a1f</con:testStepId>
    <con:status>NONE</con:status>
    <con:properties/>
  </con:breakPoints>
  <con:breakPoints>
    <con:testStepId>0c8460e6-c22c-4aee-9c30-98a1b1272b24</con:testStepId>
    <con:status>NONE</con:status>
    <con:properties/>
  </con:breakPoints>
  <con:breakPoints>
    <con:testStepId>c0348312-6eb4-4a4b-a72b-96418db9090c</con:testStepId>
    <con:status>NONE</con:status>
    <con:properties/>
  </con:breakPoints>
  <con:breakPoints>
    <con:testStepId>91836ebb-5819-4b33-a5b3-a66a30aefa32</con:testStepId>
    <con:status>NONE</con:status>
    <con:properties/>
  </con:breakPoints>
  <con:breakPoints>
    <con:testStepId>a8de30c8-c780-46ba-8cfa-32877e417eb6</con:testStepId>
    <con:status>NONE</con:status>
    <con:properties/>
  </con:breakPoints>
  <con:breakPoints>
    <con:testStepId>27d8383f-1b33-4a27-b37b-c2505cc3d7d0</con:testStepId>
    <con:status>NONE</con:status>
    <con:properties/>
  </con:breakPoints>
  <con:breakPoints>
    <con:testStepId>5dc80da7-e70d-4ec4-9b5b-b3b29ea90457</con:testStepId>
    <con:status>NONE</con:status>
    <con:properties/>
  </con:breakPoints>
  <con:breakPoints>
    <con:testStepId>77ba6c2c-6628-47da-837d-3c8c899ad774</con:testStepId>
    <con:status>NONE</con:status>
    <con:properties/>
  </con:breakPoints>
  <con:breakPoints>
    <con:testStepId>3a099f11-ef70-400a-897b-793981375a71</con:testStepId>
    <con:status>NONE</con:status>
    <con:properties/>
  </con:breakPoints>
  <con:breakPoints>
    <con:testStepId>203bd250-eb5a-48dc-9234-76cd21334e5a</con:testStepId>
    <con:status>NONE</con:status>
    <con:properties/>
  </con:breakPoints>
  <con:breakPoints>
    <con:testStepId>c247fda9-53fd-4b9f-9dc1-e46c732303ce</con:testStepId>
    <con:status>NONE</con:status>
    <con:properties/>
  </con:breakPoints>
  <con:breakPoints>
    <con:testStepId>860cb6de-f16f-46ad-83ff-c83e9aacd56a</con:testStepId>
    <con:status>NONE</con:status>
    <con:properties/>
  </con:breakPoints>
  <con:breakPoints>
    <con:testStepId>15a234bf-ec9b-4de6-84c4-cb7290a1d381</con:testStepId>
    <con:status>NONE</con:status>
    <con:properties/>
  </con:breakPoints>
  <con:breakPoints>
    <con:testStepId>a95ccd67-b886-40d0-9489-1660de9b0cf9</con:testStepId>
    <con:status>NONE</con:status>
    <con:properties/>
  </con:breakPoints>
  <con:breakPoints>
    <con:testStepId>404c2135-e769-46ab-8943-22066c885924</con:testStepId>
    <con:status>NONE</con:status>
    <con:properties/>
  </con:breakPoints>
  <con:breakPoints>
    <con:testStepId>ff0b9fdf-4ac2-4a2c-9cd6-28b1a996f026</con:testStepId>
    <con:status>NONE</con:status>
    <con:properties/>
  </con:breakPoints>
  <con:breakPoints>
    <con:testStepId>f8a7ea47-a2a0-43ac-b95c-f6b0883dc761</con:testStepId>
    <con:status>NONE</con:status>
    <con:properties/>
  </con:breakPoints>
  <con:breakPoints>
    <con:testStepId>af502799-a9da-4b40-a640-9b0169241212</con:testStepId>
    <con:status>NONE</con:status>
    <con:properties/>
  </con:breakPoints>
  <con:breakPoints>
    <con:testStepId>e3ef79d2-1d1c-4ccf-9d85-7365fe5ef07c</con:testStepId>
    <con:status>NONE</con:status>
    <con:properties/>
  </con:breakPoints>
  <con:breakPoints>
    <con:testStepId>1c657058-6075-44f8-9854-4730b55b6989</con:testStepId>
    <con:status>NONE</con:status>
    <con:properties/>
  </con:breakPoints>
  <con:breakPoints>
    <con:testStepId>20389be0-9411-40b7-b984-3e6d4fddfbb0</con:testStepId>
    <con:status>NONE</con:status>
    <con:properties/>
  </con:breakPoints>
  <con:breakPoints>
    <con:testStepId>4e0f54aa-a135-451f-97a9-3c4eea57046b</con:testStepId>
    <con:status>NONE</con:status>
    <con:properties/>
  </con:breakPoints>
  <con:breakPoints>
    <con:testStepId>cc16ef68-b126-4fac-8d27-a4a7016d907f</con:testStepId>
    <con:status>NONE</con:status>
    <con:properties/>
  </con:breakPoints>
  <con:breakPoints>
    <con:testStepId>b7f04432-8afe-478d-8cf8-eaa86330b304</con:testStepId>
    <con:status>NONE</con:status>
    <con:properties/>
  </con:breakPoints>
  <con:breakPoints>
    <con:testStepId>f2bc6e20-49ad-4b60-9ee6-56c3f86579ad</con:testStepId>
    <con:status>NONE</con:status>
    <con:properties/>
  </con:breakPoints>
  <con:breakPoints>
    <con:testStepId>0ee3289d-99a7-463c-97cb-9ef879249718</con:testStepId>
    <con:status>NONE</con:status>
    <con:properties/>
  </con:breakPoints>
  <con:breakPoints>
    <con:testStepId>047bfac6-6a2b-4519-8c9b-c1ff356ed3e1</con:testStepId>
    <con:status>NONE</con:status>
    <con:properties/>
  </con:breakPoints>
  <con:breakPoints>
    <con:testStepId>223d07f3-dbbc-4695-b10c-2792f6286dd4</con:testStepId>
    <con:status>NONE</con:status>
    <con:properties/>
  </con:breakPoints>
  <con:breakPoints>
    <con:testStepId>63c4fa6d-69a2-42af-8ad3-78eefcbe5cac</con:testStepId>
    <con:status>NONE</con:status>
    <con:properties/>
  </con:breakPoints>
  <con:breakPoints>
    <con:testStepId>52007000-39dd-4150-8d3a-1203c267a8ef</con:testStepId>
    <con:status>NONE</con:status>
    <con:properties/>
  </con:breakPoints>
  <con:breakPoints>
    <con:testStepId>54117c86-bb60-4ce5-ac75-9c7c2904a92f</con:testStepId>
    <con:status>NONE</con:status>
    <con:properties/>
  </con:breakPoints>
  <con:breakPoints>
    <con:testStepId>4c20670d-84a9-4ea5-bdc1-275a5d5e0ca0</con:testStepId>
    <con:status>NONE</con:status>
    <con:properties/>
  </con:breakPoints>
  <con:breakPoints>
    <con:testStepId>996419be-ef53-43a4-8172-7d9db83fb083</con:testStepId>
    <con:status>NONE</con:status>
    <con:properties/>
  </con:breakPoints>
  <con:breakPoints>
    <con:testStepId>ee90c92c-dc10-4bf7-b7b2-843a74d581ce</con:testStepId>
    <con:status>NONE</con:status>
    <con:properties/>
  </con:breakPoints>
  <con:breakPoints>
    <con:testStepId>8611b837-f3c4-42fc-bc70-a231febdf939</con:testStepId>
    <con:status>NONE</con:status>
    <con:properties/>
  </con:breakPoints>
  <con:breakPoints>
    <con:testStepId>270fdad9-2658-48b2-bbe5-16648451c765</con:testStepId>
    <con:status>NONE</con:status>
    <con:properties/>
  </con:breakPoints>
  <con:breakPoints>
    <con:testStepId>26de79e2-53b9-4a90-9f62-d7f5c1cdc426</con:testStepId>
    <con:status>NONE</con:status>
    <con:properties/>
  </con:breakPoints>
  <con:breakPoints>
    <con:testStepId>d007c8d9-ee7d-46ce-a717-b048ffdb48c7</con:testStepId>
    <con:status>NONE</con:status>
    <con:properties/>
  </con:breakPoints>
  <con:breakPoints>
    <con:testStepId>8b880ce7-ae2b-46e5-a5bf-eaeb22a2c6bb</con:testStepId>
    <con:status>NONE</con:status>
    <con:properties/>
  </con:breakPoints>
  <con:breakPoints>
    <con:testStepId>9e985c1b-b320-43f4-869b-acbaa687c54f</con:testStepId>
    <con:status>NONE</con:status>
    <con:properties/>
  </con:breakPoints>
  <con:breakPoints>
    <con:testStepId>66068c9d-1bf1-4fa5-a0d3-1f8ceff54b04</con:testStepId>
    <con:status>NONE</con:status>
    <con:properties/>
  </con:breakPoints>
  <con:breakPoints>
    <con:testStepId>44b9b365-6b83-46ab-9252-e1f28416d857</con:testStepId>
    <con:status>NONE</con:status>
    <con:properties/>
  </con:breakPoints>
  <con:breakPoints>
    <con:testStepId>78af283a-99e3-44fc-8791-62b1201a38ad</con:testStepId>
    <con:status>NONE</con:status>
    <con:properties/>
  </con:breakPoints>
  <con:breakPoints>
    <con:testStepId>b4706435-5976-452c-9163-50b502d196a4</con:testStepId>
    <con:status>NONE</con:status>
    <con:properties/>
  </con:breakPoints>
  <con:breakPoints>
    <con:testStepId>3723a1b2-ece2-4330-900d-84b84e86d958</con:testStepId>
    <con:status>NONE</con:status>
    <con:properties/>
  </con:breakPoints>
  <con:breakPoints>
    <con:testStepId>80bd78f4-7d26-4639-93c3-84d9496ef7db</con:testStepId>
    <con:status>NONE</con:status>
    <con:properties/>
  </con:breakPoints>
  <con:breakPoints>
    <con:testStepId>76c0504f-c4e0-4a3d-b3ad-9901f65df86c</con:testStepId>
    <con:status>NONE</con:status>
    <con:properties/>
  </con:breakPoints>
  <con:breakPoints>
    <con:testStepId>a6a594e0-2ad6-414a-a00e-809d713d94c9</con:testStepId>
    <con:status>NONE</con:status>
    <con:properties/>
  </con:breakPoints>
  <con:breakPoints>
    <con:testStepId>f60c4373-9c44-4cb4-afc5-0f68b75a12f2</con:testStepId>
    <con:status>NONE</con:status>
    <con:properties/>
  </con:breakPoints>
  <con:breakPoints>
    <con:testStepId>2913f3a3-d6f2-419c-91d9-752e0f28e067</con:testStepId>
    <con:status>NONE</con:status>
    <con:properties/>
  </con:breakPoints>
  <con:breakPoints>
    <con:testStepId>7f5a27fc-723a-4e61-a800-d6e1fe875e8a</con:testStepId>
    <con:status>NONE</con:status>
    <con:properties/>
  </con:breakPoints>
</con:testCase>