<?xml version="1.0" encoding="UTF-8"?>
<con:testCase id="e20d7fdd-7051-48bc-8884-a56193731ddb" discardOkResults="true" failOnError="true" failTestCaseOnErrors="true" keepSession="false" name="Test Case 6 - Bulk Item" searchProperties="true" timeout="0" xmlns:con="http://eviware.com/soapui/config">
  <con:settings>
    <con:setting id="e20d7fdd-7051-48bc-8884-a56193731ddbfileName">Test-Case-6---Bulk-Item</con:setting>
  </con:settings>
  <con:savedRecentRuns>1</con:savedRecentRuns>
  <con:testStep type="transfer" name="Set default user and sales org id" id="762b087a-831d-49c4-9a38-a13a601adf3c">
    <con:settings/>
    <con:config xsi:type="con:PropertyTransfersStep" xmlns:xsi="http://www.w3.org/2001/XMLSchema-instance">
      <con:transfers setNullOnMissingSource="true" transferTextContent="true" failOnError="true" ignoreEmpty="false" transferToAll="false" entitize="false" transferChildNodes="false">
        <con:name>userRoleId</con:name>
        <con:sourceType>DefaultUserRoleId</con:sourceType>
        <con:sourceStep>#Project#</con:sourceStep>
        <con:sourcePath/>
        <con:targetType>userIdAdmin</con:targetType>
        <con:targetStep>Given properties for the test steps</con:targetStep>
        <con:targetPath/>
        <con:upgraded>true</con:upgraded>
      </con:transfers>
      <con:transfers setNullOnMissingSource="true" transferTextContent="true" failOnError="true" ignoreEmpty="false" transferToAll="false" entitize="false" transferChildNodes="false">
        <con:name>salesOrgRoleId</con:name>
        <con:sourceType>DefaultSalesOrganizationRoleId</con:sourceType>
        <con:sourceStep>#Project#</con:sourceStep>
        <con:targetType>soIdAdmin</con:targetType>
        <con:targetStep>Given properties for the test steps</con:targetStep>
        <con:upgraded>true</con:upgraded>
      </con:transfers>
    </con:config>
  </con:testStep>
  <con:testStep type="datagen" name="DataGen startSerial" id="83924ae5-d02e-4234-8759-32bda92f2f40">
    <con:settings/>
    <con:config xsi:type="con:DataGeneratorStep" xmlns:xsi="http://www.w3.org/2001/XMLSchema-instance">
      <con:property type="Number">
        <con:configuration>
          <start>1</start>
          <end>1000</end>
          <step>2</step>
          <pattern>#</pattern>
          <random>true</random>
          <persist>true</persist>
          <current>280.0</current>
        </con:configuration>
        <con:name>quantity</con:name>
        <con:mode>STEP</con:mode>
        <con:shared>true</con:shared>
      </con:property>
      <con:property type="Number">
        <con:configuration>
          <start>1</start>
          <end>100000000</end>
          <step>1</step>
          <pattern>#</pattern>
          <random>true</random>
          <persist>true</persist>
          <current>8.3243344E7</current>
        </con:configuration>
        <con:name>startSerial</con:name>
        <con:mode>STEP</con:mode>
        <con:shared>true</con:shared>
      </con:property>
      <con:property type="Script">
        <con:configuration>
          <script>def quantity = context.expand( '${DataGen startSerial#quantity}' );
def startSerial = context.expand( '${DataGen startSerial#startSerial}' );
testRunner.testCase.testSteps["Given properties for the test steps"].setPropertyValue("quantity", quantity);
testRunner.testCase.testSteps["Given properties for the test steps"].setPropertyValue("startSerialNumber", startSerial);</script>
        </con:configuration>
        <con:name>setQuantityAndSerialNumber</con:name>
        <con:mode>STEP</con:mode>
        <con:shared>false</con:shared>
      </con:property>
    </con:config>
  </con:testStep>
  <con:testStep type="properties" name="Given properties for the test steps" id="1eb2cb9a-a617-45c2-97ec-acb11fbe2454">
    <con:settings/>
    <con:config xsi:type="con:PropertiesStep" saveFirst="true" xmlns:xsi="http://www.w3.org/2001/XMLSchema-instance">
      <con:properties>
        <con:property>
          <con:name>biId</con:name>
          <con:value>14501</con:value>
        </con:property>
        <con:property>
          <con:name>character</con:name>
          <con:value>qwerty</con:value>
        </con:property>
        <con:property>
          <con:name>characteristicType1</con:name>
          <con:value>1</con:value>
        </con:property>
        <con:property>
          <con:name>characteristicType2</con:name>
          <con:value>2</con:value>
        </con:property>
        <con:property>
          <con:name>emptyValue</con:name>
          <con:value/>
        </con:property>
        <con:property>
          <con:name>endSerialNumber</con:name>
          <con:value>62776437</con:value>
        </con:property>
        <con:property>
          <con:name>errorMessageAllProductSpecMustBeProvided</con:name>
          <con:value>ALL_PRODUCT_SPEC_CHARACTERISTICS_MUST_BE_PROVIDED</con:value>
        </con:property>
        <con:property>
          <con:name>errorMessageCharUseBelongsToCannotBeNull</con:name>
          <con:value>PRODUCT_SPEC_CHAR_USE_BELONGS_TO_CANNOT_BE_NULL</con:value>
        </con:property>
        <con:property>
          <con:name>errorMessageMandatoryStockInMustBeTrue</con:name>
          <con:value>PRODUCT_SPEC_CHAR_USE_MANDATORY_STOCK_IN_MUST_BE_TRUE</con:value>
        </con:property>
        <con:property>
          <con:name>errorMessageProductSpecCharUseExtIdAlreadyExistis</con:name>
          <con:value>PRODUCT_SPEC_CHAR_USE_EXTERNAL_ID_ALREADY_EXISTS</con:value>
        </con:property>
        <con:property>
          <con:name>errorMessageProductSpecCharValueExternalIdOrIdMustBeGiven</con:name>
          <con:value>PRODUCT_SPEC_CHAR_USE_EXTERNAL_ID_OR_ID_MUST_BE_GIVEN</con:value>
        </con:property>
        <con:property>
          <con:name>httpCode200</con:name>
          <con:value>200</con:value>
        </con:property>
        <con:property>
          <con:name>httpCode201</con:name>
          <con:value>201</con:value>
        </con:property>
        <con:property>
          <con:name>httpCode400</con:name>
          <con:value>400</con:value>
        </con:property>
        <con:property>
          <con:name>httpCode404</con:name>
          <con:value>404</con:value>
        </con:property>
        <con:property>
          <con:name>inventoryExtId</con:name>
          <con:value>inventory-${=java.util.UUID.randomUUID()}</con:value>
        </con:property>
        <con:property>
          <con:name>inventoryId</con:name>
          <con:value>254</con:value>
        </con:property>
        <con:property>
          <con:name>isPairedFalse</con:name>
          <con:value>false</con:value>
        </con:property>
        <con:property>
          <con:name>isPairedTrue</con:name>
          <con:value>true</con:value>
        </con:property>
        <con:property>
          <con:name>isSerializedFalse</con:name>
          <con:value>false</con:value>
        </con:property>
        <con:property>
          <con:name>mandatoryForStockInFalse</con:name>
          <con:value>false</con:value>
        </con:property>
        <con:property>
          <con:name>mandatoryForStockInTrue</con:name>
          <con:value>true</con:value>
        </con:property>
        <con:property>
          <con:name>negative</con:name>
          <con:value>-1</con:value>
        </con:property>
        <con:property>
          <con:name>nonSerializedProductId</con:name>
          <con:value>3</con:value>
        </con:property>
        <con:property>
          <con:name>nonSerializedProductItemId</con:name>
          <con:value>3</con:value>
        </con:property>
        <con:property>
          <con:name>nonSerializedProductSpecCode</con:name>
          <con:value>CODE-APPLMOUSE-1</con:value>
        </con:property>
        <con:property>
          <con:name>nonSerializedProductSpecExtId</con:name>
          <con:value>EXT-APPLMOUSE-1</con:value>
        </con:property>
        <con:property>
          <con:name>placeId</con:name>
          <con:value>130</con:value>
        </con:property>
        <con:property>
          <con:name>productDesc</con:name>
          <con:value>productDesc-${=java.util.UUID.randomUUID()}</con:value>
        </con:property>
        <con:property>
          <con:name>productSpecArticle</con:name>
          <con:value>productSpecArticle-${=java.util.UUID.randomUUID()}</con:value>
        </con:property>
        <con:property>
          <con:name>productSpecCharDesc</con:name>
          <con:value>PRODUCTSPECCHARACTERISTIC-DESC-${=java.util.UUID.randomUUID()}</con:value>
        </con:property>
        <con:property>
          <con:name>productSpecCharExtId</con:name>
          <con:value>productSpecCharExtId-${=java.util.UUID.randomUUID()}</con:value>
        </con:property>
        <con:property>
          <con:name>productSpecCharId</con:name>
          <con:value>1</con:value>
        </con:property>
        <con:property>
          <con:name>productSpecCharName</con:name>
          <con:value>PRODUCTSPECCHARACTERISTIC-NAME-${=java.util.UUID.randomUUID()}</con:value>
        </con:property>
        <con:property>
          <con:name>productSpecCharUseBelongsTo</con:name>
          <con:value>PRODUCT</con:value>
        </con:property>
        <con:property>
          <con:name>productSpecCharUseExtId</con:name>
          <con:value>productSpecCharUseExtId-${=java.util.UUID.randomUUID()}</con:value>
        </con:property>
        <con:property>
          <con:name>productSpecCharUseId</con:name>
          <con:value/>
        </con:property>
        <con:property>
          <con:name>productSpecCharValueId</con:name>
          <con:value>1</con:value>
        </con:property>
        <con:property>
          <con:name>productSpecCharValueType</con:name>
          <con:value>LIST</con:value>
        </con:property>
        <con:property>
          <con:name>productSpecCode</con:name>
          <con:value>productSpecCode-${=java.util.UUID.randomUUID()}</con:value>
        </con:property>
        <con:property>
          <con:name>productSpecExtId</con:name>
          <con:value>productSpecExtId-${=java.util.UUID.randomUUID()}</con:value>
        </con:property>
        <con:property>
          <con:name>productSpecInfoName</con:name>
          <con:value>ProductSpecName</con:value>
        </con:property>
        <con:property>
          <con:name>productStatusSellable</con:name>
          <con:value>1</con:value>
        </con:property>
        <con:property>
          <con:name>productTrackingTypeNonSerialized</con:name>
          <con:value>NonSerialized</con:value>
        </con:property>
        <con:property>
          <con:name>quantity</con:name>
          <con:value>280</con:value>
        </con:property>
        <con:property>
          <con:name>quantityOne</con:name>
          <con:value>1</con:value>
        </con:property>
        <con:property>
          <con:name>quantityTwo</con:name>
          <con:value>2</con:value>
        </con:property>
        <con:property>
          <con:name>salesOrganizationExtId</con:name>
          <con:value>so-${=java.util.UUID.randomUUID()}</con:value>
        </con:property>
        <con:property>
          <con:name>serializedProductId</con:name>
          <con:value>1</con:value>
        </con:property>
        <con:property>
          <con:name>serializedProductItemId</con:name>
          <con:value>4</con:value>
        </con:property>
        <con:property>
          <con:name>serializedProductSpecCode</con:name>
          <con:value>CODE-IPHONE6S-1</con:value>
        </con:property>
        <con:property>
          <con:name>serializedProductSpecExtId</con:name>
          <con:value>EXT-IPHONE6S-1</con:value>
        </con:property>
        <con:property>
          <con:name>serializedWithoutRangeProductId</con:name>
          <con:value>2</con:value>
        </con:property>
        <con:property>
          <con:name>serializedWithoutRangeProductItemId</con:name>
          <con:value>5</con:value>
        </con:property>
        <con:property>
          <con:name>serializedWithoutRangeProductSpecCode</con:name>
          <con:value>CODE-GALAXYNOTE4-1</con:value>
        </con:property>
        <con:property>
          <con:name>serializedWithoutRangeProductSpecExtId</con:name>
          <con:value>EXT-GALAXYNOTE4-1</con:value>
        </con:property>
        <con:property>
          <con:name>serialNumber</con:name>
          <con:value>serialNumber-${=java.util.UUID.randomUUID()}</con:value>
        </con:property>
        <con:property>
          <con:name>soId</con:name>
          <con:value>251</con:value>
        </con:property>
        <con:property>
          <con:name>soIdAdmin</con:name>
          <con:value>1</con:value>
        </con:property>
        <con:property>
          <con:name>startSerialNumber</con:name>
          <con:value>83243344</con:value>
        </con:property>
        <con:property>
          <con:name>stateClosed</con:name>
          <con:value>Closed</con:value>
        </con:property>
        <con:property>
          <con:name>statusActive</con:name>
          <con:value>Active</con:value>
        </con:property>
        <con:property>
          <con:name>stockInBISpecCode</con:name>
          <con:value>STCKINBISPEC</con:value>
        </con:property>
        <con:property>
          <con:name>terminalExtId</con:name>
          <con:value>terminal-${=java.util.UUID.randomUUID()}</con:value>
        </con:property>
        <con:property>
          <con:name>terminalId</con:name>
          <con:value>64</con:value>
        </con:property>
        <con:property>
          <con:name>totalQuantity</con:name>
          <con:value/>
        </con:property>
        <con:property>
          <con:name>userId</con:name>
          <con:value>253</con:value>
        </con:property>
        <con:property>
          <con:name>userIdAdmin</con:name>
          <con:value>2</con:value>
        </con:property>
        <con:property>
          <con:name>userRoleExtId</con:name>
          <con:value>user-${=java.util.UUID.randomUUID()}</con:value>
        </con:property>
        <con:property>
          <con:name>zero</con:name>
          <con:value>0</con:value>
        </con:property>
        <con:property>
          <con:name>true</con:name>
          <con:value>true</con:value>
        </con:property>
        <con:property>
          <con:name>error_BI_ITEM_WITH_ID_IS_NOT_IN_BI_WITH_ID</con:name>
          <con:value>BI_ITEM_WITH_ID_IS_NOT_IN_BI_WITH_ID</con:value>
        </con:property>
        <con:property>
          <con:name>3</con:name>
          <con:value>3</con:value>
        </con:property>
        <con:property>
          <con:name>6</con:name>
          <con:value>6</con:value>
        </con:property>
        <con:property>
          <con:name>8</con:name>
          <con:value>8</con:value>
        </con:property>
      </con:properties>
    </con:config>
  </con:testStep>
  <con:testStep type="transfer" name="Set create sales organization and user" id="fe0702b5-48f5-4d8e-9f59-568d389e4de9">
    <con:settings/>
    <con:config xsi:type="con:PropertyTransfersStep" xmlns:xsi="http://www.w3.org/2001/XMLSchema-instance">
      <con:transfers setNullOnMissingSource="true" transferTextContent="true" failOnError="true" ignoreEmpty="false" transferToAll="false" entitize="false" transferChildNodes="false">
        <con:name>userId</con:name>
        <con:sourceType>userIdAdmin</con:sourceType>
        <con:sourceStep>Given properties for the test steps</con:sourceStep>
        <con:sourcePath/>
        <con:targetType>req_createdByUserRoleId</con:targetType>
        <con:targetStep>Create sales organization and user</con:targetStep>
        <con:targetPath/>
        <con:upgraded>true</con:upgraded>
      </con:transfers>
      <con:transfers setNullOnMissingSource="true" transferTextContent="true" failOnError="true" ignoreEmpty="false" transferToAll="false" entitize="false" transferChildNodes="false">
        <con:name>soId</con:name>
        <con:sourceType>soIdAdmin</con:sourceType>
        <con:sourceStep>Given properties for the test steps</con:sourceStep>
        <con:targetType>req_createdBySalesOrgRoleId</con:targetType>
        <con:targetStep>Create sales organization and user</con:targetStep>
        <con:upgraded>true</con:upgraded>
      </con:transfers>
      <con:transfers setNullOnMissingSource="true" transferTextContent="true" failOnError="true" ignoreEmpty="false" transferToAll="false" entitize="false" transferChildNodes="false">
        <con:name>userExtId</con:name>
        <con:sourceType>userRoleExtId</con:sourceType>
        <con:sourceStep>Given properties for the test steps</con:sourceStep>
        <con:targetType>req_userRoleExtId</con:targetType>
        <con:targetStep>Create sales organization and user</con:targetStep>
        <con:upgraded>true</con:upgraded>
      </con:transfers>
      <con:transfers setNullOnMissingSource="true" transferTextContent="true" failOnError="true" ignoreEmpty="false" transferToAll="false" entitize="false" transferChildNodes="false">
        <con:name>soExtId</con:name>
        <con:sourceType>salesOrganizationExtId</con:sourceType>
        <con:sourceStep>Given properties for the test steps</con:sourceStep>
        <con:targetType>req_salesOrgRoleExtId</con:targetType>
        <con:targetStep>Create sales organization and user</con:targetStep>
        <con:upgraded>true</con:upgraded>
      </con:transfers>
      <con:transfers setNullOnMissingSource="true" transferTextContent="true" failOnError="true" ignoreEmpty="false" transferToAll="false" entitize="false" transferChildNodes="false">
        <con:name>terminalExtId</con:name>
        <con:sourceType>terminalExtId</con:sourceType>
        <con:sourceStep>Given properties for the test steps</con:sourceStep>
        <con:targetType>req_terminalExtId</con:targetType>
        <con:targetStep>Create sales organization and user</con:targetStep>
        <con:upgraded>true</con:upgraded>
      </con:transfers>
      <con:transfers setNullOnMissingSource="true" transferTextContent="true" failOnError="true" ignoreEmpty="false" transferToAll="false" entitize="false" transferChildNodes="false">
        <con:name>inventoryExtId</con:name>
        <con:sourceType>inventoryExtId</con:sourceType>
        <con:sourceStep>Given properties for the test steps</con:sourceStep>
        <con:targetType>req_inventoryExtId</con:targetType>
        <con:targetStep>Create sales organization and user</con:targetStep>
        <con:upgraded>true</con:upgraded>
      </con:transfers>
    </con:config>
  </con:testStep>
  <con:testStep type="calltestcase" name="Create sales organization and user" id="81a01e82-0197-4eb3-8927-2c6ad784a632">
    <con:settings/>
    <con:config xsi:type="con:RunTestCaseStep" xmlns:xsi="http://www.w3.org/2001/XMLSchema-instance">
      <con:targetTestCase>b92a7c8d-a0ed-4725-99e9-4866fd949629</con:targetTestCase>
      <con:properties>
        <con:property>
          <con:name>req_createdByUserRoleId</con:name>
          <con:value>2</con:value>
        </con:property>
        <con:property>
          <con:name>req_createdBySalesOrgRoleId</con:name>
          <con:value>1</con:value>
        </con:property>
        <con:property>
          <con:name>req_userRoleExtId</con:name>
          <con:value>user-${=java.util.UUID.randomUUID()}</con:value>
        </con:property>
        <con:property>
          <con:name>req_salesOrgRoleExtId</con:name>
          <con:value>so-${=java.util.UUID.randomUUID()}</con:value>
        </con:property>
        <con:property>
          <con:name>req_terminalExtId</con:name>
          <con:value>terminal-${=java.util.UUID.randomUUID()}</con:value>
        </con:property>
        <con:property>
          <con:name>req_inventoryExtId</con:name>
          <con:value>inventory-${=java.util.UUID.randomUUID()}</con:value>
        </con:property>
        <con:property>
          <con:name>res_salesOrgBiId</con:name>
          <con:value>652</con:value>
        </con:property>
        <con:property>
          <con:name>res_userRoleBiId</con:name>
          <con:value>654</con:value>
        </con:property>
        <con:property>
          <con:name>res_terminalBiId</con:name>
          <con:value>656</con:value>
        </con:property>
        <con:property>
          <con:name>res_inventoryRoleBiId</con:name>
          <con:value>655</con:value>
        </con:property>
        <con:property>
          <con:name>res_salesOrgId</con:name>
          <con:value>334</con:value>
        </con:property>
        <con:property>
          <con:name>res_userRoleId</con:name>
          <con:value>336</con:value>
        </con:property>
        <con:property>
          <con:name>res_terminalId</con:name>
          <con:value>85</con:value>
        </con:property>
        <con:property>
          <con:name>res_inventoryRoleId</con:name>
          <con:value>337</con:value>
        </con:property>
        <con:property>
          <con:name>res_placeId</con:name>
          <con:value>172</con:value>
        </con:property>
        <con:property>
          <con:name>res_soExtId</con:name>
          <con:value>so-57fc158c-ebe6-41ae-a95f-d9b7c5435d58</con:value>
        </con:property>
        <con:property>
          <con:name>res_salesOrganisationExternalId</con:name>
        </con:property>
        <con:property>
          <con:name>userToken</con:name>
          <con:value>Bearer eyJraWQiOiIxIiwiYWxnIjoiUlMyNTYifQ.eyJpc3MiOiJVTVMtUHJlZmlsdGVyLUNoZWNrQXV0aG9yaXplIiwic3ViIjoiVEVTVCIsImF1ZCI6IlJNIiwiaWF0IjoxNDg3MTYwOTc5LCJleHAiOjE1NTI1NjQ4MTMsImF1dGhfdGltZSI6IjEzMTEyODA4NzAiLCJub25jZSI6Im4tMFM2X1d6QTJNaiIsIm5hbWUiOiJVTVMgVGVzdCBVc2VyIiwieF9kYnNzIjp7ImF1dGh6UHJvZmlsZU5hbWUiOiJDU1JfQXV0aHpQcm9maWxlIiwidmVyc2lvbiI6InYxIiwicGFydHlfaWQiOiIxMjMiLCJleHRlcm5hbF91c2VybmFtZSI6InVzZXItMzI5N2VlYmEtNmNiYi00ZDQyLTliNDItNzNlNTU5YzM4ZjVhIn19.Tsf_EATiINM_7OCbbmZY-Ob0GEw_uj9_O5wE62nwBms7UaFc7NXW--lrs77jDCqwPwSI81xyVxJIAjkRE6gnCFD15n1Cuv639Pj1VZyP_YjLkBMIU5I81CyBZhtsR_Rvaqc5ZvJYS8nLJreFbMFzT7j7jXNELxxvElhnzVPhubY</con:value>
        </con:property>
        <con:property>
          <con:name>userIntToken</con:name>
        </con:property>
        <con:property>
          <con:name>req_email</con:name>
        </con:property>
      </con:properties>
      <con:returnProperties>
        <con:entry>res_inventoryRoleId</con:entry>
        <con:entry>res_placeId</con:entry>
        <con:entry>res_salesOrgId</con:entry>
        <con:entry>res_terminalId</con:entry>
        <con:entry>res_userRoleId</con:entry>
        <con:entry>userToken</con:entry>
      </con:returnProperties>
      <con:runMode>PARALLELL</con:runMode>
    </con:config>
  </con:testStep>
  <con:testStep type="assertionteststep" name="Assertion create sales organization and user" id="f1820e7c-5b76-4eb9-9196-bb2af83b5590">
    <con:settings/>
    <con:config xsi:type="con:AssertionTestStep" xmlns:xsi="http://www.w3.org/2001/XMLSchema-instance">
      <con:entry>
        <con:id>901d47b0-c899-450d-a815-fa4a22fab581</con:id>
        <con:isGroup>false</con:isGroup>
        <con:sourceId>81a01e82-0197-4eb3-8927-2c6ad784a632</con:sourceId>
        <con:propertyName>res_salesOrgId</con:propertyName>
        <con:assertion type="Simple Contains" name="Contains" id="d2da88d8-ed63-40d5-b8ed-bfc743f61c0b">
          <con:configuration>
            <token>\d+</token>
            <ignoreCase>false</ignoreCase>
            <useRegEx>true</useRegEx>
          </con:configuration>
        </con:assertion>
      </con:entry>
      <con:entry>
        <con:id>9d8d62e3-5d2a-4043-a745-24b08f95dae4</con:id>
        <con:isGroup>false</con:isGroup>
        <con:sourceId>81a01e82-0197-4eb3-8927-2c6ad784a632</con:sourceId>
        <con:propertyName>res_userRoleId</con:propertyName>
        <con:assertion type="Simple Contains" name="Contains 2" id="42b6fa9d-44e4-4e1c-b83b-7854b75c69ac">
          <con:configuration>
            <token>\d+</token>
            <ignoreCase>false</ignoreCase>
            <useRegEx>true</useRegEx>
          </con:configuration>
        </con:assertion>
      </con:entry>
      <con:entry>
        <con:id>26ab5517-8c18-40af-ab30-1fa2587dfa59</con:id>
        <con:isGroup>false</con:isGroup>
        <con:sourceId>81a01e82-0197-4eb3-8927-2c6ad784a632</con:sourceId>
        <con:propertyName>res_terminalId</con:propertyName>
        <con:assertion type="Simple Contains" name="Contains 3" id="b641ca4f-c2ef-4061-95fd-338583204975">
          <con:configuration>
            <token>\d+</token>
            <ignoreCase>false</ignoreCase>
            <useRegEx>true</useRegEx>
          </con:configuration>
        </con:assertion>
      </con:entry>
      <con:entry>
        <con:id>88eee83f-cc7c-430c-9906-1f76a2ae2d19</con:id>
        <con:isGroup>false</con:isGroup>
        <con:sourceId>81a01e82-0197-4eb3-8927-2c6ad784a632</con:sourceId>
        <con:propertyName>res_inventoryRoleId</con:propertyName>
        <con:assertion type="Simple Contains" name="Contains 4" id="a8f9edd3-cd3f-42d2-b4e6-60920595c500">
          <con:configuration>
            <token>\d+</token>
            <ignoreCase>false</ignoreCase>
            <useRegEx>true</useRegEx>
          </con:configuration>
        </con:assertion>
      </con:entry>
      <con:entry>
        <con:id>7f284575-aa04-4ce6-8f30-142bcc3e927a</con:id>
        <con:isGroup>false</con:isGroup>
        <con:sourceId>81a01e82-0197-4eb3-8927-2c6ad784a632</con:sourceId>
        <con:propertyName>res_placeId</con:propertyName>
        <con:assertion type="Simple Contains" name="Contains 5" id="75a6639f-72e2-48fb-967e-a9798547992c">
          <con:configuration>
            <token>\d+</token>
            <ignoreCase>false</ignoreCase>
            <useRegEx>true</useRegEx>
          </con:configuration>
        </con:assertion>
      </con:entry>
    </con:config>
  </con:testStep>
  <con:testStep type="transfer" name="Property Transfer entityIds" id="802468a9-7fdd-4e49-b19a-ff330b6dfa6a">
    <con:settings/>
    <con:config xsi:type="con:PropertyTransfersStep" xmlns:xsi="http://www.w3.org/2001/XMLSchema-instance">
      <con:transfers setNullOnMissingSource="true" transferTextContent="true" failOnError="true" ignoreEmpty="false" transferToAll="false" entitize="false" transferChildNodes="false">
        <con:name>soId</con:name>
        <con:sourceType>res_salesOrgId</con:sourceType>
        <con:sourceStep>Create sales organization and user</con:sourceStep>
        <con:sourcePath/>
        <con:targetType>soId</con:targetType>
        <con:targetStep>Given properties for the test steps</con:targetStep>
        <con:targetPath/>
        <con:upgraded>true</con:upgraded>
      </con:transfers>
      <con:transfers setNullOnMissingSource="true" transferTextContent="true" failOnError="true" ignoreEmpty="false" transferToAll="false" entitize="false" transferChildNodes="false">
        <con:name>inventoryId</con:name>
        <con:sourceType>res_inventoryRoleId</con:sourceType>
        <con:sourceStep>Create sales organization and user</con:sourceStep>
        <con:targetType>inventoryId</con:targetType>
        <con:targetStep>Given properties for the test steps</con:targetStep>
        <con:upgraded>true</con:upgraded>
      </con:transfers>
      <con:transfers setNullOnMissingSource="true" transferTextContent="true" failOnError="true" ignoreEmpty="false" transferToAll="false" entitize="false" transferChildNodes="false">
        <con:name>userId</con:name>
        <con:sourceType>res_userRoleId</con:sourceType>
        <con:sourceStep>Create sales organization and user</con:sourceStep>
        <con:targetType>userId</con:targetType>
        <con:targetStep>Given properties for the test steps</con:targetStep>
        <con:upgraded>true</con:upgraded>
      </con:transfers>
      <con:transfers setNullOnMissingSource="true" transferTextContent="true" failOnError="true" ignoreEmpty="false" transferToAll="false" entitize="false" transferChildNodes="false">
        <con:name>terminalId</con:name>
        <con:sourceType>res_terminalId</con:sourceType>
        <con:sourceStep>Create sales organization and user</con:sourceStep>
        <con:targetType>terminalId</con:targetType>
        <con:targetStep>Given properties for the test steps</con:targetStep>
        <con:upgraded>true</con:upgraded>
      </con:transfers>
      <con:transfers setNullOnMissingSource="true" transferTextContent="true" failOnError="true" ignoreEmpty="false" transferToAll="false" entitize="false" transferChildNodes="false">
        <con:name>placeId</con:name>
        <con:sourceType>res_placeId</con:sourceType>
        <con:sourceStep>Create sales organization and user</con:sourceStep>
        <con:targetType>placeId</con:targetType>
        <con:targetStep>Given properties for the test steps</con:targetStep>
        <con:upgraded>true</con:upgraded>
      </con:transfers>
    </con:config>
  </con:testStep>
  <con:testStep type="transfer" name="Set start session business interaction parameters" id="6db6f4b9-ed16-44ec-8d64-4ebd97eb79e3">
    <con:settings/>
    <con:config xsi:type="con:PropertyTransfersStep" xmlns:xsi="http://www.w3.org/2001/XMLSchema-instance">
      <con:transfers setNullOnMissingSource="true" transferTextContent="true" failOnError="true" ignoreEmpty="false" transferToAll="false" entitize="false" transferChildNodes="false">
        <con:name>terminalId</con:name>
        <con:sourceType>res_terminalId</con:sourceType>
        <con:sourceStep>Create sales organization and user</con:sourceStep>
        <con:sourcePath/>
        <con:targetType>req_terminalId</con:targetType>
        <con:targetStep>Create and submit start session business interaction</con:targetStep>
        <con:targetPath/>
        <con:upgraded>true</con:upgraded>
      </con:transfers>
      <con:transfers setNullOnMissingSource="true" transferTextContent="true" failOnError="true" ignoreEmpty="false" transferToAll="false" entitize="false" transferChildNodes="false">
        <con:name>soId</con:name>
        <con:sourceType>res_salesOrgId</con:sourceType>
        <con:sourceStep>Create sales organization and user</con:sourceStep>
        <con:targetType>req_salesOrgRoleId</con:targetType>
        <con:targetStep>Create and submit start session business interaction</con:targetStep>
        <con:upgraded>true</con:upgraded>
      </con:transfers>
      <con:transfers setNullOnMissingSource="true" transferTextContent="true" failOnError="true" ignoreEmpty="false" transferToAll="false" entitize="false" transferChildNodes="false">
        <con:name>userId</con:name>
        <con:sourceType>res_userRoleId</con:sourceType>
        <con:sourceStep>Create sales organization and user</con:sourceStep>
        <con:targetType>req_userRoleId</con:targetType>
        <con:targetStep>Create and submit start session business interaction</con:targetStep>
        <con:upgraded>true</con:upgraded>
      </con:transfers>
    </con:config>
  </con:testStep>
  <con:testStep type="calltestcase" name="Create and submit start session business interaction" id="566c2a4a-b142-4ec5-9660-a19a43cd9ad2">
    <con:settings/>
    <con:config xsi:type="con:RunTestCaseStep" xmlns:xsi="http://www.w3.org/2001/XMLSchema-instance">
      <con:targetTestCase>a8bc6612-7b48-44cc-84ed-0b76bc1c8f6d</con:targetTestCase>
      <con:properties>
        <con:property>
          <con:name>req_terminalId</con:name>
          <con:value>64</con:value>
        </con:property>
        <con:property>
          <con:name>req_userRoleId</con:name>
          <con:value>253</con:value>
        </con:property>
        <con:property>
          <con:name>req_salesOrgRoleId</con:name>
          <con:value>251</con:value>
        </con:property>
        <con:property>
          <con:name>res_biId</con:name>
          <con:value>5791</con:value>
        </con:property>
      </con:properties>
      <con:returnProperties>
        <con:entry>res_biId</con:entry>
      </con:returnProperties>
      <con:runMode>PARALLELL</con:runMode>
    </con:config>
  </con:testStep>
  <con:testStep type="assertionteststep" name="Assertion start session submitted successfully" id="b3835483-74fb-4c56-ae23-7d96083c1f2c">
    <con:settings/>
    <con:config xsi:type="con:AssertionTestStep" xmlns:xsi="http://www.w3.org/2001/XMLSchema-instance">
      <con:entry>
        <con:id>25c26b59-5236-4ef6-b10c-4cde3b375181</con:id>
        <con:isGroup>false</con:isGroup>
        <con:sourceId>566c2a4a-b142-4ec5-9660-a19a43cd9ad2</con:sourceId>
        <con:propertyName>res_biId</con:propertyName>
        <con:assertion type="Simple Contains" name="Contains" id="258b446a-97a6-402d-8df2-2a4219962e47">
          <con:configuration>
            <token>\d+</token>
            <ignoreCase>false</ignoreCase>
            <useRegEx>true</useRegEx>
          </con:configuration>
        </con:assertion>
      </con:entry>
    </con:config>
  </con:testStep>
  <con:testStep type="transfer" name="Set create product spec" id="1186307a-b60a-41af-91e2-334b7a11e5cc" disabled="true">
    <con:settings/>
    <con:config xsi:type="con:PropertyTransfersStep" xmlns:xsi="http://www.w3.org/2001/XMLSchema-instance">
      <con:transfers setNullOnMissingSource="true" transferTextContent="true" failOnError="true" ignoreEmpty="false" transferToAll="false" entitize="false" transferChildNodes="false">
        <con:name>productSpecStatus</con:name>
        <con:sourceType>statusActive</con:sourceType>
        <con:sourceStep>Given properties for the test steps</con:sourceStep>
        <con:sourcePath/>
        <con:targetType>req_productSpecStatus</con:targetType>
        <con:targetStep>Create product spec</con:targetStep>
        <con:targetPath/>
        <con:upgraded>true</con:upgraded>
      </con:transfers>
      <con:transfers setNullOnMissingSource="true" transferTextContent="true" failOnError="true" ignoreEmpty="false" transferToAll="false" entitize="false" transferChildNodes="false">
        <con:name>productTrackingType</con:name>
        <con:sourceType>productTrackingTypeNonSerialized</con:sourceType>
        <con:sourceStep>Given properties for the test steps</con:sourceStep>
        <con:targetType>req_productTrackingType</con:targetType>
        <con:targetStep>Create product spec</con:targetStep>
        <con:upgraded>true</con:upgraded>
      </con:transfers>
      <con:transfers setNullOnMissingSource="true" transferTextContent="true" failOnError="true" ignoreEmpty="false" transferToAll="false" entitize="false" transferChildNodes="false">
        <con:name>isSerialized</con:name>
        <con:sourceType>isSerializedFalse</con:sourceType>
        <con:sourceStep>Given properties for the test steps</con:sourceStep>
        <con:targetType>req_productSpecIsSerialized</con:targetType>
        <con:targetStep>Create product spec</con:targetStep>
        <con:upgraded>true</con:upgraded>
      </con:transfers>
      <con:transfers setNullOnMissingSource="true" transferTextContent="true" failOnError="true" ignoreEmpty="false" transferToAll="false" entitize="false" transferChildNodes="false">
        <con:name>productSpecExtId</con:name>
        <con:sourceType>productSpecExtId</con:sourceType>
        <con:sourceStep>Given properties for the test steps</con:sourceStep>
        <con:targetType>req_productSpecExtId</con:targetType>
        <con:targetStep>Create product spec</con:targetStep>
        <con:upgraded>true</con:upgraded>
      </con:transfers>
      <con:transfers setNullOnMissingSource="true" transferTextContent="true" failOnError="true" ignoreEmpty="false" transferToAll="false" entitize="false" transferChildNodes="false">
        <con:name>productSpecInfoName</con:name>
        <con:sourceType>productSpecInfoName</con:sourceType>
        <con:sourceStep>Given properties for the test steps</con:sourceStep>
        <con:targetType>req_productSpecInfoName</con:targetType>
        <con:targetStep>Create product spec</con:targetStep>
        <con:upgraded>true</con:upgraded>
      </con:transfers>
      <con:transfers setNullOnMissingSource="true" transferTextContent="true" failOnError="true" ignoreEmpty="false" transferToAll="false" entitize="false" transferChildNodes="false">
        <con:name>productSpecArticle</con:name>
        <con:sourceType>productSpecArticle</con:sourceType>
        <con:sourceStep>Given properties for the test steps</con:sourceStep>
        <con:targetType>req_productSpecArticle</con:targetType>
        <con:targetStep>Create product spec</con:targetStep>
        <con:upgraded>true</con:upgraded>
      </con:transfers>
      <con:transfers setNullOnMissingSource="true" transferTextContent="true" failOnError="true" ignoreEmpty="false" transferToAll="false" entitize="false" transferChildNodes="false">
        <con:name>productSpecCode</con:name>
        <con:sourceType>productSpecCode</con:sourceType>
        <con:sourceStep>Given properties for the test steps</con:sourceStep>
        <con:targetType>req_productSpecCode</con:targetType>
        <con:targetStep>Create product spec</con:targetStep>
        <con:upgraded>true</con:upgraded>
      </con:transfers>
    </con:config>
  </con:testStep>
  <con:testStep type="calltestcase" name="Create product spec" id="5313c56a-bd9e-4d14-bd2c-ff05f805e090" disabled="true">
    <con:settings/>
    <con:config xsi:type="con:RunTestCaseStep" xmlns:xsi="http://www.w3.org/2001/XMLSchema-instance">
      <con:targetTestCase>2cd3660f-be6e-47c1-b04f-855eb3fa71cb</con:targetTestCase>
      <con:properties>
        <con:property>
          <con:name>req_productSpecCode</con:name>
          <con:value>productSpecCode-${=java.util.UUID.randomUUID()}</con:value>
        </con:property>
        <con:property>
          <con:name>req_productSpecArticle</con:name>
          <con:value>productSpecArticle-${=java.util.UUID.randomUUID()}</con:value>
        </con:property>
        <con:property>
          <con:name>req_productSpecExtId</con:name>
          <con:value>productSpecExtId-${=java.util.UUID.randomUUID()}</con:value>
        </con:property>
        <con:property>
          <con:name>req_productSpecStatus</con:name>
          <con:value>Active</con:value>
        </con:property>
        <con:property>
          <con:name>req_productTrackingType</con:name>
          <con:value>NonSerialized</con:value>
        </con:property>
        <con:property>
          <con:name>res_productSpecId</con:name>
          <con:value>503</con:value>
        </con:property>
        <con:property>
          <con:name>req_productSpecIsSerialized</con:name>
          <con:value>false</con:value>
        </con:property>
        <con:property>
          <con:name>res_productSpecCode</con:name>
          <con:value>productSpecCode-26021d01-65cd-4d3f-9dc0-695eda8aad96</con:value>
        </con:property>
        <con:property>
          <con:name>res_productSpecArticle</con:name>
          <con:value>productSpecArticle-6bb80eb9-a0cf-42c4-9d97-8d6e50b16713</con:value>
        </con:property>
        <con:property>
          <con:name>res_productSpecExtId</con:name>
          <con:value>productSpecExtId-014f96e6-5b76-4967-b1cf-b4f30aa00dfa</con:value>
        </con:property>
        <con:property>
          <con:name>res_code</con:name>
          <con:value>201</con:value>
        </con:property>
        <con:property>
          <con:name>req_productSpecInfoName</con:name>
          <con:value>ProductSpecName</con:value>
        </con:property>
        <con:property>
          <con:name>req_productSpecInfoDescription</con:name>
          <con:value xsi:nil="true"/>
        </con:property>
        <con:property>
          <con:name>req_productSpecSerialNumberFormat</con:name>
          <con:value xsi:nil="true"/>
        </con:property>
      </con:properties>
      <con:returnProperties>
        <con:entry>res_productSpecId</con:entry>
        <con:entry>res_productSpecCode</con:entry>
        <con:entry>res_productSpecArticle</con:entry>
        <con:entry>res_productSpecExtId</con:entry>
        <con:entry>res_code</con:entry>
      </con:returnProperties>
      <con:runMode>PARALLELL</con:runMode>
    </con:config>
  </con:testStep>
  <con:testStep type="assertionteststep" name="Assertion create product spec" id="ce5fe6d4-72ed-4540-a15a-66ff2fef9ff6" disabled="true">
    <con:settings/>
    <con:config xsi:type="con:AssertionTestStep" xmlns:xsi="http://www.w3.org/2001/XMLSchema-instance">
      <con:entry>
        <con:id>67608101-ddfb-4e49-a85a-827443a0e33d</con:id>
        <con:isGroup>false</con:isGroup>
        <con:sourceId>5313c56a-bd9e-4d14-bd2c-ff05f805e090</con:sourceId>
        <con:propertyName>res_productSpecId</con:propertyName>
        <con:assertion type="Simple Contains" name="Contains" id="65818722-419a-48cf-ad8b-f11d4eb57305">
          <con:configuration>
            <token>\d+</token>
            <ignoreCase>false</ignoreCase>
            <useRegEx>true</useRegEx>
          </con:configuration>
        </con:assertion>
      </con:entry>
      <con:entry>
        <con:id>0dadb023-628f-4b5f-a14d-feb94720d289</con:id>
        <con:isGroup>false</con:isGroup>
        <con:sourceId>5313c56a-bd9e-4d14-bd2c-ff05f805e090</con:sourceId>
        <con:propertyName>res_code</con:propertyName>
        <con:assertion type="Simple Equals" name="Equals" id="211b9098-a819-469f-9c30-b537e719df15">
          <con:configuration>
            <patternObjectId>1eb2cb9a-a617-45c2-97ec-acb11fbe2454</patternObjectId>
            <patternProperty>httpCode201</patternProperty>
            <caseSensitive>true</caseSensitive>
          </con:configuration>
        </con:assertion>
      </con:entry>
    </con:config>
  </con:testStep>
  <con:testStep type="transfer" name="Set create product characteristic" id="9ba909fe-8b24-4ecf-94ce-1b8ae26465a8" disabled="true">
    <con:settings/>
    <con:config xsi:type="con:PropertyTransfersStep" xmlns:xsi="http://www.w3.org/2001/XMLSchema-instance">
      <con:transfers setNullOnMissingSource="true" transferTextContent="true" failOnError="true" ignoreEmpty="false" transferToAll="false" entitize="false" transferChildNodes="false">
        <con:name>productSpecCharExtId</con:name>
        <con:sourceType>productSpecCharExtId</con:sourceType>
        <con:sourceStep>Given properties for the test steps</con:sourceStep>
        <con:sourcePath/>
        <con:targetType>req_productSpecCharExtId</con:targetType>
        <con:targetStep>Create product characteristic</con:targetStep>
        <con:targetPath/>
        <con:upgraded>true</con:upgraded>
      </con:transfers>
      <con:transfers setNullOnMissingSource="true" transferTextContent="true" failOnError="true" ignoreEmpty="false" transferToAll="false" entitize="false" transferChildNodes="false">
        <con:name>productSpecCharValueType</con:name>
        <con:sourceType>productSpecCharValueType</con:sourceType>
        <con:sourceStep>Given properties for the test steps</con:sourceStep>
        <con:targetType>req_productCharacteristicValueType</con:targetType>
        <con:targetStep>Create product characteristic</con:targetStep>
        <con:upgraded>true</con:upgraded>
      </con:transfers>
    </con:config>
  </con:testStep>
  <con:testStep type="calltestcase" name="Create product characteristic" id="319bf55d-3576-41ff-930d-367eac4f4ca8" disabled="true">
    <con:settings/>
    <con:config xsi:type="con:RunTestCaseStep" xmlns:xsi="http://www.w3.org/2001/XMLSchema-instance">
      <con:targetTestCase>0f603ec5-33ac-4b7a-ad58-9b37d0707538</con:targetTestCase>
      <con:properties>
        <con:property>
          <con:name>res_productSpecCharId</con:name>
          <con:value>503</con:value>
        </con:property>
        <con:property>
          <con:name>req_productCharacteristicValueType</con:name>
          <con:value>LIST</con:value>
        </con:property>
        <con:property>
          <con:name>req_productSpecCharExtId</con:name>
          <con:value>productSpecCharExtId-${=java.util.UUID.randomUUID()}</con:value>
        </con:property>
        <con:property>
          <con:name>res_code</con:name>
          <con:value>201</con:value>
        </con:property>
        <con:property>
          <con:name>res_productSpecCharExtId</con:name>
          <con:value>productSpecCharExtId-3d93511a-e411-4a8a-912d-19b39551e8a3</con:value>
        </con:property>
        <con:property>
          <con:name>req_productSpecCharInfoName</con:name>
          <con:value>productSpecCharInfoName-${=java.util.UUID.randomUUID()}</con:value>
        </con:property>
        <con:property>
          <con:name>req_productSpecCharInfoDesc</con:name>
          <con:value>productSpecCharInfoDesc-${=java.util.UUID.randomUUID()}</con:value>
        </con:property>
      </con:properties>
      <con:returnProperties>
        <con:entry>res_productSpecCharId</con:entry>
        <con:entry>res_code</con:entry>
        <con:entry>res_productSpecCharExtId</con:entry>
      </con:returnProperties>
      <con:runMode>PARALLELL</con:runMode>
    </con:config>
  </con:testStep>
  <con:testStep type="assertionteststep" name="Assertion create product characteristic" id="6a05f5d8-3248-4bf9-9420-8856b8407d67" disabled="true">
    <con:settings/>
    <con:config xsi:type="con:AssertionTestStep" xmlns:xsi="http://www.w3.org/2001/XMLSchema-instance">
      <con:entry>
        <con:id>9276ab01-e48c-472a-b3d4-3c4d27027d45</con:id>
        <con:isGroup>false</con:isGroup>
        <con:sourceId>319bf55d-3576-41ff-930d-367eac4f4ca8</con:sourceId>
        <con:propertyName>res_productSpecCharId</con:propertyName>
        <con:assertion type="Simple Contains" name="Contains" id="966e7669-17cf-4e4a-ad6a-7fb7ef0f6d02">
          <con:configuration>
            <token>\d+</token>
            <ignoreCase>false</ignoreCase>
            <useRegEx>true</useRegEx>
          </con:configuration>
        </con:assertion>
      </con:entry>
      <con:entry>
        <con:id>2a47d17a-cdd3-4a90-8d8d-ea1a5604ebad</con:id>
        <con:isGroup>false</con:isGroup>
        <con:sourceId>319bf55d-3576-41ff-930d-367eac4f4ca8</con:sourceId>
        <con:propertyName>res_code</con:propertyName>
        <con:assertion type="Simple Equals" name="Equals" id="c9f30333-5da8-4795-a1a5-f6710c99ce89">
          <con:configuration>
            <patternObjectId>1eb2cb9a-a617-45c2-97ec-acb11fbe2454</patternObjectId>
            <patternProperty>httpCode201</patternProperty>
            <caseSensitive>true</caseSensitive>
          </con:configuration>
        </con:assertion>
      </con:entry>
    </con:config>
  </con:testStep>
  <con:testStep type="transfer" name="Property Transfer productSpecCharId" id="d35a3d68-b291-41be-8cff-6cf8bca7c271" disabled="true">
    <con:settings/>
    <con:config xsi:type="con:PropertyTransfersStep" xmlns:xsi="http://www.w3.org/2001/XMLSchema-instance">
      <con:transfers setNullOnMissingSource="true" transferTextContent="true" failOnError="true" ignoreEmpty="false" transferToAll="false" entitize="false" transferChildNodes="false">
        <con:name>productSpecCharId</con:name>
        <con:sourceType>res_productSpecCharId</con:sourceType>
        <con:sourceStep>Create product characteristic</con:sourceStep>
        <con:sourcePath/>
        <con:targetType>req_productSpecCharId</con:targetType>
        <con:targetStep>Create product spec char value</con:targetStep>
        <con:targetPath/>
        <con:upgraded>true</con:upgraded>
      </con:transfers>
      <con:transfers setNullOnMissingSource="true" transferTextContent="true" failOnError="true" ignoreEmpty="false" transferToAll="false" entitize="false" transferChildNodes="false">
        <con:name>productSpecCharExtId</con:name>
        <con:sourceType>res_productSpecCharExtId</con:sourceType>
        <con:sourceStep>Create product characteristic</con:sourceStep>
        <con:targetType>req_productSpecCharValueExtId</con:targetType>
        <con:targetStep>Create product spec char value</con:targetStep>
        <con:upgraded>true</con:upgraded>
      </con:transfers>
      <con:transfers setNullOnMissingSource="true" transferTextContent="true" failOnError="true" ignoreEmpty="false" transferToAll="false" entitize="false" transferChildNodes="false">
        <con:name>productSpecCharValue</con:name>
        <con:sourceType>productSpecCharValueId</con:sourceType>
        <con:sourceStep>Given properties for the test steps</con:sourceStep>
        <con:targetType>req_productSpecCharValue</con:targetType>
        <con:targetStep>Create product spec char value</con:targetStep>
        <con:upgraded>true</con:upgraded>
      </con:transfers>
    </con:config>
  </con:testStep>
  <con:testStep type="calltestcase" name="Create product spec char value" id="f60308c5-7214-4710-bae0-95212ca32d6c" disabled="true">
    <con:settings/>
    <con:config xsi:type="con:RunTestCaseStep" xmlns:xsi="http://www.w3.org/2001/XMLSchema-instance">
      <con:targetTestCase>66ff7048-d3c3-42b5-85c8-827fedbaa40f</con:targetTestCase>
      <con:properties>
        <con:property>
          <con:name>req_productSpecCharId</con:name>
          <con:value>503</con:value>
        </con:property>
        <con:property>
          <con:name>res_productSpecCharValueId</con:name>
          <con:value>503</con:value>
        </con:property>
        <con:property>
          <con:name>res_code</con:name>
          <con:value>201</con:value>
        </con:property>
        <con:property>
          <con:name>req_productSpecCharValueExtId</con:name>
          <con:value>productSpecCharExtId-3d93511a-e411-4a8a-912d-19b39551e8a3</con:value>
        </con:property>
        <con:property>
          <con:name>res_productSpecCharValueExtId</con:name>
        </con:property>
        <con:property>
          <con:name>req_productSpecCharValue</con:name>
          <con:value>1</con:value>
        </con:property>
      </con:properties>
      <con:returnProperties>
        <con:entry>res_productSpecCharValueId</con:entry>
        <con:entry>res_code</con:entry>
      </con:returnProperties>
      <con:runMode>PARALLELL</con:runMode>
    </con:config>
  </con:testStep>
  <con:testStep type="assertionteststep" name="Assertion create product spec char value" id="1d8cecda-5061-4012-b172-bf53d5d48571" disabled="true">
    <con:settings/>
    <con:config xsi:type="con:AssertionTestStep" xmlns:xsi="http://www.w3.org/2001/XMLSchema-instance">
      <con:entry>
        <con:id>4690b2ab-31c4-4065-8e0f-7868176ef0af</con:id>
        <con:isGroup>false</con:isGroup>
        <con:sourceId>f60308c5-7214-4710-bae0-95212ca32d6c</con:sourceId>
        <con:propertyName>res_productSpecCharValueExtId</con:propertyName>
        <con:assertion type="Simple Contains" name="Contains" id="d798e94a-ee9e-486c-a638-8b9c80e8eed4">
          <con:configuration>
            <token>\d+</token>
            <ignoreCase>false</ignoreCase>
            <useRegEx>true</useRegEx>
          </con:configuration>
        </con:assertion>
      </con:entry>
      <con:entry>
        <con:id>79d045a9-4843-4429-a064-8c0d77a185d8</con:id>
        <con:isGroup>false</con:isGroup>
        <con:sourceId>f60308c5-7214-4710-bae0-95212ca32d6c</con:sourceId>
        <con:propertyName>res_code</con:propertyName>
        <con:assertion type="Simple Equals" name="Equals" id="8ddcfff8-734d-46a1-9bf7-4b137834a99d">
          <con:configuration>
            <patternObjectId>1eb2cb9a-a617-45c2-97ec-acb11fbe2454</patternObjectId>
            <patternProperty>httpCode201</patternProperty>
            <caseSensitive>true</caseSensitive>
          </con:configuration>
        </con:assertion>
      </con:entry>
    </con:config>
  </con:testStep>
  <con:testStep type="transfer" name="Set create product spec char use" id="60c7f125-6f71-4586-b9fc-d156f30c1a86" disabled="true">
    <con:settings/>
    <con:config xsi:type="con:PropertyTransfersStep" xmlns:xsi="http://www.w3.org/2001/XMLSchema-instance">
      <con:transfers setNullOnMissingSource="true" transferTextContent="true" failOnError="true" ignoreEmpty="false" transferToAll="false" entitize="false" transferChildNodes="false">
        <con:name>mandatoryForStockIn</con:name>
        <con:sourceType>mandatoryForStockInTrue</con:sourceType>
        <con:sourceStep>Given properties for the test steps</con:sourceStep>
        <con:sourcePath/>
        <con:targetType>req_mandatoryForStockIn</con:targetType>
        <con:targetStep>Create product spec char use</con:targetStep>
        <con:targetPath/>
        <con:upgraded>true</con:upgraded>
      </con:transfers>
      <con:transfers setNullOnMissingSource="true" transferTextContent="true" failOnError="true" ignoreEmpty="false" transferToAll="false" entitize="false" transferChildNodes="false">
        <con:name>productSpecCharId</con:name>
        <con:sourceType>res_productSpecCharId</con:sourceType>
        <con:sourceStep>Create product characteristic</con:sourceStep>
        <con:targetType>req_productSpecCharId</con:targetType>
        <con:targetStep>Create product spec char use</con:targetStep>
        <con:upgraded>true</con:upgraded>
      </con:transfers>
      <con:transfers setNullOnMissingSource="true" transferTextContent="true" failOnError="true" ignoreEmpty="false" transferToAll="false" entitize="false" transferChildNodes="false">
        <con:name>productSpecCharUseExtId</con:name>
        <con:sourceType>productSpecCharUseExtId</con:sourceType>
        <con:sourceStep>Given properties for the test steps</con:sourceStep>
        <con:targetType>req_productSpecCharUseExtId</con:targetType>
        <con:targetStep>Create product spec char use</con:targetStep>
        <con:upgraded>true</con:upgraded>
      </con:transfers>
      <con:transfers setNullOnMissingSource="true" transferTextContent="true" failOnError="true" ignoreEmpty="false" transferToAll="false" entitize="false" transferChildNodes="false">
        <con:name>characteristicType</con:name>
        <con:sourceType>characteristicType2</con:sourceType>
        <con:sourceStep>Given properties for the test steps</con:sourceStep>
        <con:targetType>req_characteristicType</con:targetType>
        <con:targetStep>Create product spec char use</con:targetStep>
        <con:upgraded>true</con:upgraded>
      </con:transfers>
      <con:transfers setNullOnMissingSource="true" transferTextContent="true" failOnError="true" ignoreEmpty="false" transferToAll="false" entitize="false" transferChildNodes="false">
        <con:name>productSpecCharUseBelongsTo</con:name>
        <con:sourceType>productSpecCharUseBelongsTo</con:sourceType>
        <con:sourceStep>Given properties for the test steps</con:sourceStep>
        <con:targetType>req_productSpecCharUseBelongsTo</con:targetType>
        <con:targetStep>Create product spec char use</con:targetStep>
        <con:upgraded>true</con:upgraded>
      </con:transfers>
      <con:transfers setNullOnMissingSource="true" transferTextContent="true" failOnError="true" ignoreEmpty="false" transferToAll="false" entitize="false" transferChildNodes="false">
        <con:name>productSpecId</con:name>
        <con:sourceType>res_productSpecId</con:sourceType>
        <con:sourceStep>Create product spec</con:sourceStep>
        <con:targetType>req_productSpecId</con:targetType>
        <con:targetStep>Create product spec char use</con:targetStep>
        <con:upgraded>true</con:upgraded>
      </con:transfers>
    </con:config>
  </con:testStep>
  <con:testStep type="calltestcase" name="Create product spec char use" id="5fa7b29e-d02c-4c98-8f78-f046e9e92800" disabled="true">
    <con:settings/>
    <con:config xsi:type="con:RunTestCaseStep" xmlns:xsi="http://www.w3.org/2001/XMLSchema-instance">
      <con:targetTestCase>972b3bd1-0047-4db2-8ec6-f1d7b9a0a9b0</con:targetTestCase>
      <con:properties>
        <con:property>
          <con:name>req_productSpecCharId</con:name>
          <con:value>502</con:value>
        </con:property>
        <con:property>
          <con:name>req_productSpecId</con:name>
          <con:value>502</con:value>
        </con:property>
        <con:property>
          <con:name>res_productSpecCharUseId</con:name>
          <con:value>503</con:value>
        </con:property>
        <con:property>
          <con:name>req_productSpecCharUseBelongsTo</con:name>
          <con:value>PRODUCT</con:value>
        </con:property>
        <con:property>
          <con:name>req_characteristicType</con:name>
          <con:value>2</con:value>
        </con:property>
        <con:property>
          <con:name>res_code</con:name>
          <con:value>201</con:value>
        </con:property>
        <con:property>
          <con:name>req_mandatoryForStockIn</con:name>
          <con:value>true</con:value>
        </con:property>
        <con:property>
          <con:name>req_productSpecCharUseExtId</con:name>
          <con:value>productSpecCharUseExtId-${=java.util.UUID.randomUUID()}</con:value>
        </con:property>
        <con:property>
          <con:name>res_productSpecCharUseExtId</con:name>
          <con:value>productSpecCharUseExtId-27f2a644-765b-4eea-a924-3280319ef8fd</con:value>
        </con:property>
        <con:property>
          <con:name>req_productSpecCharUseInfoName</con:name>
          <con:value xsi:nil="true"/>
        </con:property>
        <con:property>
          <con:name>req_productSpecCharUseInfoDesc</con:name>
          <con:value xsi:nil="true"/>
        </con:property>
        <con:property>
          <con:name>res_errorMessage</con:name>
        </con:property>
      </con:properties>
      <con:returnProperties>
        <con:entry>res_productSpecCharUseId</con:entry>
        <con:entry>res_code</con:entry>
        <con:entry>res_productSpecCharUseExtId</con:entry>
      </con:returnProperties>
      <con:runMode>PARALLELL</con:runMode>
    </con:config>
  </con:testStep>
  <con:testStep type="assertionteststep" name="Assertion create product spec char use" id="168b54cd-1016-4525-ba8d-9baf058039f8" disabled="true">
    <con:settings/>
    <con:config xsi:type="con:AssertionTestStep" xmlns:xsi="http://www.w3.org/2001/XMLSchema-instance">
      <con:entry>
        <con:id>ac63ba36-71d7-495c-9cce-0a31832cb832</con:id>
        <con:isGroup>false</con:isGroup>
        <con:sourceId>5fa7b29e-d02c-4c98-8f78-f046e9e92800</con:sourceId>
        <con:propertyName>res_productSpecCharUseId</con:propertyName>
        <con:assertion type="Simple Contains" name="Contains" id="2e3f7744-0161-4f57-9077-0f37cd823a65">
          <con:configuration>
            <token>\d+</token>
            <ignoreCase>false</ignoreCase>
            <useRegEx>true</useRegEx>
          </con:configuration>
        </con:assertion>
      </con:entry>
      <con:entry>
        <con:id>21db0973-9fcb-47f1-9334-72e70a24ea83</con:id>
        <con:isGroup>false</con:isGroup>
        <con:sourceId>5fa7b29e-d02c-4c98-8f78-f046e9e92800</con:sourceId>
        <con:propertyName>res_code</con:propertyName>
        <con:assertion type="Simple Equals" name="Equals" id="b62261c5-feff-47af-996f-ad70f1591474">
          <con:configuration>
            <patternObjectId>1eb2cb9a-a617-45c2-97ec-acb11fbe2454</patternObjectId>
            <patternProperty>httpCode201</patternProperty>
            <caseSensitive>true</caseSensitive>
          </con:configuration>
        </con:assertion>
      </con:entry>
    </con:config>
  </con:testStep>
  <con:testStep type="transfer" name="Set create product spec char value use" id="4e666c58-24bd-431d-bbbc-0bb4f684c7cf" disabled="true">
    <con:settings/>
    <con:config xsi:type="con:PropertyTransfersStep" xmlns:xsi="http://www.w3.org/2001/XMLSchema-instance">
      <con:transfers setNullOnMissingSource="true" transferTextContent="true" failOnError="true" ignoreEmpty="false" transferToAll="false" entitize="false" transferChildNodes="false">
        <con:name>productSpecCharUseId</con:name>
        <con:sourceType>res_productSpecCharUseId</con:sourceType>
        <con:sourceStep>Create product spec char use</con:sourceStep>
        <con:sourcePath/>
        <con:targetType>req_productSpecCharUseId</con:targetType>
        <con:targetStep>Create product spec char value use</con:targetStep>
        <con:targetPath/>
        <con:upgraded>true</con:upgraded>
      </con:transfers>
      <con:transfers setNullOnMissingSource="true" transferTextContent="true" failOnError="true" ignoreEmpty="false" transferToAll="false" entitize="false" transferChildNodes="false">
        <con:name>productSpecCharValueId</con:name>
        <con:sourceType>res_productSpecCharValueId</con:sourceType>
        <con:sourceStep>Create product spec char value</con:sourceStep>
        <con:targetType>req_productSpecCharValueId</con:targetType>
        <con:targetStep>Create product spec char value use</con:targetStep>
        <con:upgraded>true</con:upgraded>
      </con:transfers>
    </con:config>
  </con:testStep>
  <con:testStep type="calltestcase" name="Create product spec char value use" id="1f2e26ff-23e5-4498-84da-5a01e7f0d32c" disabled="true">
    <con:settings/>
    <con:config xsi:type="con:RunTestCaseStep" xmlns:xsi="http://www.w3.org/2001/XMLSchema-instance">
      <con:targetTestCase>a6fe5158-d411-47c6-9bad-6684ab59b6b1</con:targetTestCase>
      <con:properties>
        <con:property>
          <con:name>req_productSpecCharUseId</con:name>
          <con:value>503</con:value>
        </con:property>
        <con:property>
          <con:name>req_productSpecCharValueId</con:name>
          <con:value>502</con:value>
        </con:property>
        <con:property>
          <con:name>res_productSpecCharValueUseId</con:name>
          <con:value>502</con:value>
        </con:property>
      </con:properties>
      <con:returnProperties>
        <con:entry>res_productSpecCharValueUseId</con:entry>
      </con:returnProperties>
      <con:runMode>PARALLELL</con:runMode>
    </con:config>
  </con:testStep>
  <con:testStep type="assertionteststep" name="Assertion create product spec char value use" id="c272fa6b-aa1e-4df3-b80e-4f70fb7d67d9" disabled="true">
    <con:settings/>
    <con:config xsi:type="con:AssertionTestStep" xmlns:xsi="http://www.w3.org/2001/XMLSchema-instance">
      <con:entry>
        <con:id>12a200e0-c505-4091-978d-13a69f44def8</con:id>
        <con:isGroup>false</con:isGroup>
        <con:sourceId>1f2e26ff-23e5-4498-84da-5a01e7f0d32c</con:sourceId>
        <con:propertyName>res_productSpecCharValueUseId</con:propertyName>
        <con:assertion type="Simple Contains" name="Contains" id="313076d1-8787-49dd-b1d7-77ab5344a5a9">
          <con:configuration>
            <token>\d+</token>
            <ignoreCase>false</ignoreCase>
            <useRegEx>true</useRegEx>
          </con:configuration>
        </con:assertion>
      </con:entry>
    </con:config>
  </con:testStep>
  <con:testStep type="transfer" name="Set create stockIn interaction success" id="959201b4-dcb3-4ddc-9b8f-b3e7a94b96f6">
    <con:settings/>
    <con:config xsi:type="con:PropertyTransfersStep" xmlns:xsi="http://www.w3.org/2001/XMLSchema-instance">
      <con:transfers setNullOnMissingSource="true" transferTextContent="true" failOnError="true" ignoreEmpty="false" transferToAll="false" entitize="false" transferChildNodes="false">
        <con:name>userId</con:name>
        <con:sourceType>userId</con:sourceType>
        <con:sourceStep>Given properties for the test steps</con:sourceStep>
        <con:sourcePath/>
        <con:targetType>req_userRoleId</con:targetType>
        <con:targetStep>Create stockIn interaction success</con:targetStep>
        <con:targetPath/>
        <con:upgraded>true</con:upgraded>
      </con:transfers>
      <con:transfers setNullOnMissingSource="true" transferTextContent="true" failOnError="true" ignoreEmpty="false" transferToAll="false" entitize="false" transferChildNodes="false">
        <con:name>soId</con:name>
        <con:sourceType>soId</con:sourceType>
        <con:sourceStep>Given properties for the test steps</con:sourceStep>
        <con:targetType>req_soRoleId</con:targetType>
        <con:targetStep>Create stockIn interaction success</con:targetStep>
        <con:upgraded>true</con:upgraded>
      </con:transfers>
      <con:transfers setNullOnMissingSource="true" transferTextContent="true" failOnError="true" ignoreEmpty="false" transferToAll="false" entitize="false" transferChildNodes="false">
        <con:name>biSpecCode</con:name>
        <con:sourceType>stockInBISpecCode</con:sourceType>
        <con:sourceStep>Given properties for the test steps</con:sourceStep>
        <con:targetType>req_biSpecCode</con:targetType>
        <con:targetStep>Create stockIn interaction success</con:targetStep>
        <con:upgraded>true</con:upgraded>
      </con:transfers>
    </con:config>
  </con:testStep>
  <con:testStep type="calltestcase" name="Create stockIn interaction success" id="c47f8fe1-2512-4fa9-8e34-70a27a73a733">
    <con:settings/>
    <con:config xsi:type="con:RunTestCaseStep" xmlns:xsi="http://www.w3.org/2001/XMLSchema-instance">
      <con:targetTestCase>bba3ce34-4cc5-41fb-98a0-894988e91181</con:targetTestCase>
      <con:properties>
        <con:property>
          <con:name>req_userRoleId</con:name>
          <con:value>253</con:value>
        </con:property>
        <con:property>
          <con:name>req_soRoleId</con:name>
          <con:value>251</con:value>
        </con:property>
        <con:property>
          <con:name>req_biSpecCode</con:name>
          <con:value>STCKINBISPEC</con:value>
        </con:property>
        <con:property>
          <con:name>res_biId</con:name>
          <con:value>5811</con:value>
        </con:property>
        <con:property>
          <con:name>res_code</con:name>
          <con:value>201</con:value>
        </con:property>
        <con:property>
          <con:name>res_errorMessage</con:name>
          <con:value xsi:nil="true"/>
        </con:property>
        <con:property>
          <con:name>res_httpStatus</con:name>
        </con:property>
      </con:properties>
      <con:returnProperties>
        <con:entry>res_biId</con:entry>
        <con:entry>res_code</con:entry>
        <con:entry>res_errorMessage</con:entry>
      </con:returnProperties>
      <con:runMode>PARALLELL</con:runMode>
    </con:config>
  </con:testStep>
  <con:testStep type="assertionteststep" name="Assertion create stockIn interaction" id="941fa30b-a705-462a-b733-a83c4dc68477">
    <con:settings/>
    <con:config xsi:type="con:AssertionTestStep" xmlns:xsi="http://www.w3.org/2001/XMLSchema-instance">
      <con:entry>
        <con:id>40c2106b-40ca-42fc-9bab-f95496569f4a</con:id>
        <con:isGroup>false</con:isGroup>
        <con:sourceId>c47f8fe1-2512-4fa9-8e34-70a27a73a733</con:sourceId>
        <con:propertyName>res_biId</con:propertyName>
        <con:assertion type="Simple Contains" name="Contains" id="9831c224-47ae-44fe-874b-74e8ad8394a8">
          <con:configuration>
            <token>\d+</token>
            <ignoreCase>false</ignoreCase>
            <useRegEx>true</useRegEx>
          </con:configuration>
        </con:assertion>
      </con:entry>
    </con:config>
  </con:testStep>
  <con:testStep type="datasource" name="DataSource for nonserialized product creation" id="314de25f-9696-48e3-8015-4acab706e4e6">
    <con:settings/>
    <con:config xsi:type="con:DataSourceStep" xmlns:xsi="http://www.w3.org/2001/XMLSchema-instance">
      <con:dataSource type="Grid">
        <con:configuration>
          <check><![CDATA[<xml-fragment><con:entry xmlns:con="http://eviware.com/soapui/config">true</con:entry><con:entry xmlns:con="http://eviware.com/soapui/config">true</con:entry></xml-fragment>]]></check>
          <row><![CDATA[<xml-fragment><con:entry xmlns:con="http://eviware.com/soapui/config">Apple Mouse 1 Button Count</con:entry><con:entry xmlns:con="http://eviware.com/soapui/config">EXT-APPLMOUSE-1</con:entry><con:entry xmlns:con="http://eviware.com/soapui/config">CODE-APPLMOUSE-1</con:entry><con:entry xmlns:con="http://eviware.com/soapui/config">${Given properties for the test steps#quantity}</con:entry><con:entry xmlns:con="http://eviware.com/soapui/config">7</con:entry><con:entry xmlns:con="http://eviware.com/soapui/config">17-EXT</con:entry><con:entry xmlns:con="http://eviware.com/soapui/config">1</con:entry><con:entry xmlns:con="http://eviware.com/soapui/config">1</con:entry><con:entry xmlns:con="http://eviware.com/soapui/config"/><con:entry xmlns:con="http://eviware.com/soapui/config"/></xml-fragment>]]></row>
          <row><![CDATA[<xml-fragment><con:entry xmlns:con="http://eviware.com/soapui/config">Apple Mouse 1 Button Count</con:entry><con:entry xmlns:con="http://eviware.com/soapui/config">EXT-APPLMOUSE-1</con:entry><con:entry xmlns:con="http://eviware.com/soapui/config">CODE-APPLMOUSE-1</con:entry><con:entry xmlns:con="http://eviware.com/soapui/config">${#TestCase#req_quantity}</con:entry><con:entry xmlns:con="http://eviware.com/soapui/config">7</con:entry><con:entry xmlns:con="http://eviware.com/soapui/config">17-EXT</con:entry><con:entry xmlns:con="http://eviware.com/soapui/config">1</con:entry><con:entry xmlns:con="http://eviware.com/soapui/config">2</con:entry><con:entry xmlns:con="http://eviware.com/soapui/config"/></xml-fragment>]]></row>
        </con:configuration>
      </con:dataSource>
      <con:property>description</con:property>
      <con:property>prodSpecExtId</con:property>
      <con:property>productSpecCode</con:property>
      <con:property>quantity</con:property>
      <con:property>charExtId1</con:property>
      <con:property>charValueExtId1</con:property>
      <con:property>productStatus</con:property>
      <con:property>run</con:property>
      <con:completeLastOperation>true</con:completeLastOperation>
      <con:restartOnRun>true</con:restartOnRun>
    </con:config>
  </con:testStep>
  <con:testStep type="datasource" name="DataSource for serialized without range product creation" id="bd16cca3-5d00-4573-ac09-181a8282ec5f">
    <con:settings/>
    <con:config xsi:type="con:DataSourceStep" xmlns:xsi="http://www.w3.org/2001/XMLSchema-instance">
      <con:dataSource type="Grid">
        <con:configuration>
          <check>&lt;con:entry xmlns:con="http://eviware.com/soapui/config">true&lt;/con:entry></check>
          <row><![CDATA[<xml-fragment><con:entry xmlns:con="http://eviware.com/soapui/config">EXT-GALAXYNOTE4-1 4.7' 32GB M10</con:entry><con:entry xmlns:con="http://eviware.com/soapui/config">EXT-GALAXYNOTE4-1</con:entry><con:entry xmlns:con="http://eviware.com/soapui/config">CODE-GALAXYNOTE4-1</con:entry><con:entry xmlns:con="http://eviware.com/soapui/config">1</con:entry><con:entry xmlns:con="http://eviware.com/soapui/config">1</con:entry><con:entry xmlns:con="http://eviware.com/soapui/config">4</con:entry><con:entry xmlns:con="http://eviware.com/soapui/config">2-EXT</con:entry><con:entry xmlns:con="http://eviware.com/soapui/config">5</con:entry><con:entry xmlns:con="http://eviware.com/soapui/config">5-EXT</con:entry><con:entry xmlns:con="http://eviware.com/soapui/config">6</con:entry><con:entry xmlns:con="http://eviware.com/soapui/config">10-EXT</con:entry><con:entry xmlns:con="http://eviware.com/soapui/config"/></xml-fragment>]]></row>
        </con:configuration>
      </con:dataSource>
      <con:property>description</con:property>
      <con:property>prodSpecExtId</con:property>
      <con:property>productSpecCode</con:property>
      <con:property>quantity</con:property>
      <con:property>prodStatus</con:property>
      <con:property>charExtId1</con:property>
      <con:property>charValueExtId1</con:property>
      <con:property>charExtId2</con:property>
      <con:property>charValueExtId2</con:property>
      <con:property>charExtId3</con:property>
      <con:property>charValueExtId3</con:property>
      <con:completeLastOperation>true</con:completeLastOperation>
      <con:restartOnRun>true</con:restartOnRun>
    </con:config>
  </con:testStep>
  <con:testStep type="datasource" name="DataSource for serialized product creation" id="7cbaed25-5003-4544-bf0b-7c640da6a3ef">
    <con:settings/>
    <con:config xsi:type="con:DataSourceStep" xmlns:xsi="http://www.w3.org/2001/XMLSchema-instance">
      <con:dataSource type="Grid">
        <con:configuration>
          <check>&lt;con:entry xmlns:con="http://eviware.com/soapui/config">true&lt;/con:entry></check>
          <row><![CDATA[<xml-fragment><con:entry xmlns:con="http://eviware.com/soapui/config">IPHONE 6S 4.7' 32GB A7</con:entry><con:entry xmlns:con="http://eviware.com/soapui/config">EXT-IPHONE6S-1</con:entry><con:entry xmlns:con="http://eviware.com/soapui/config">CODE-IPHONE6S-1</con:entry><con:entry xmlns:con="http://eviware.com/soapui/config">${Given properties for the test steps#quantity}</con:entry><con:entry xmlns:con="http://eviware.com/soapui/config">1</con:entry><con:entry xmlns:con="http://eviware.com/soapui/config">1</con:entry><con:entry xmlns:con="http://eviware.com/soapui/config">1-EXT</con:entry><con:entry xmlns:con="http://eviware.com/soapui/config">2</con:entry><con:entry xmlns:con="http://eviware.com/soapui/config">5-EXT</con:entry><con:entry xmlns:con="http://eviware.com/soapui/config">3</con:entry><con:entry xmlns:con="http://eviware.com/soapui/config">8-EXT</con:entry><con:entry xmlns:con="http://eviware.com/soapui/config"/><con:entry xmlns:con="http://eviware.com/soapui/config"/><con:entry xmlns:con="http://eviware.com/soapui/config">11-EXT</con:entry><con:entry xmlns:con="http://eviware.com/soapui/config">21-EXT</con:entry><con:entry xmlns:con="http://eviware.com/soapui/config">12-EXT</con:entry><con:entry xmlns:con="http://eviware.com/soapui/config">100</con:entry></xml-fragment>]]></row>
        </con:configuration>
      </con:dataSource>
      <con:property>description</con:property>
      <con:property>prodSpecExtId</con:property>
      <con:property>productSpecCode</con:property>
      <con:property>quantity</con:property>
      <con:property>prodStatus</con:property>
      <con:property>charExtId1</con:property>
      <con:property>charValueExtId1</con:property>
      <con:property>charExtId2</con:property>
      <con:property>charValueExtId2</con:property>
      <con:property>charExtId3</con:property>
      <con:property>charValueExtId3</con:property>
      <con:property>charExtId4</con:property>
      <con:property>charValueExtId4</con:property>
      <con:property>charExtId5</con:property>
      <con:property>charValueExtId5</con:property>
      <con:property>charExtId6</con:property>
      <con:property>charValueExtId6</con:property>
      <con:startRow/>
      <con:endRow/>
      <con:recordsPerIteration>1</con:recordsPerIteration>
      <con:completeLastOperation>true</con:completeLastOperation>
      <con:trimValues>false</con:trimValues>
      <con:entitizeValues>false</con:entitizeValues>
      <con:restartOnRun>true</con:restartOnRun>
      <con:expandProperties>false</con:expandProperties>
    </con:config>
  </con:testStep>
  <con:testStep type="transfer" name="Set add StockIn Item with mandatoryForStockIn" id="70e9126f-ac59-43f3-8508-232a1ec3c839">
    <con:settings/>
    <con:config xsi:type="con:PropertyTransfersStep" xmlns:xsi="http://www.w3.org/2001/XMLSchema-instance">
      <con:transfers setNullOnMissingSource="true" transferTextContent="true" failOnError="true" ignoreEmpty="false" transferToAll="false" entitize="false" transferChildNodes="false">
        <con:name>biId</con:name>
        <con:sourceType>res_biId</con:sourceType>
        <con:sourceStep>Create stockIn interaction success</con:sourceStep>
        <con:sourcePath/>
        <con:targetType>req_biId</con:targetType>
        <con:targetStep>Add bulk stockIn item</con:targetStep>
        <con:targetPath/>
        <con:upgraded>true</con:upgraded>
      </con:transfers>
      <con:transfers setNullOnMissingSource="true" transferTextContent="true" failOnError="true" ignoreEmpty="false" transferToAll="false" entitize="false" transferChildNodes="false">
        <con:name>nonSerialized_productSpecExtId</con:name>
        <con:sourceType>prodSpecExtId</con:sourceType>
        <con:sourceStep>DataSource for nonserialized product creation</con:sourceStep>
        <con:targetType>req_NonSerializedprodSpecExtId</con:targetType>
        <con:targetStep>Add bulk stockIn item</con:targetStep>
        <con:upgraded>true</con:upgraded>
      </con:transfers>
      <con:transfers setNullOnMissingSource="true" transferTextContent="true" failOnError="true" ignoreEmpty="false" transferToAll="false" entitize="false" transferChildNodes="false">
        <con:name>nonSerialized_quantity</con:name>
        <con:sourceType>quantity</con:sourceType>
        <con:sourceStep>DataSource for nonserialized product creation</con:sourceStep>
        <con:targetType>req_NonSerializedquantity</con:targetType>
        <con:targetStep>Add bulk stockIn item</con:targetStep>
        <con:upgraded>true</con:upgraded>
      </con:transfers>
      <con:transfers setNullOnMissingSource="true" transferTextContent="true" failOnError="true" ignoreEmpty="false" transferToAll="false" entitize="false" transferChildNodes="false">
        <con:name>nonSerialized_placeId</con:name>
        <con:sourceType>placeId</con:sourceType>
        <con:sourceStep>Given properties for the test steps</con:sourceStep>
        <con:targetType>req_NonSerializedplaceId</con:targetType>
        <con:targetStep>Add bulk stockIn item</con:targetStep>
        <con:upgraded>true</con:upgraded>
      </con:transfers>
      <con:transfers setNullOnMissingSource="true" transferTextContent="true" failOnError="true" ignoreEmpty="false" transferToAll="false" entitize="false" transferChildNodes="false">
        <con:name>nonSerialized_productDesc</con:name>
        <con:sourceType>description</con:sourceType>
        <con:sourceStep>DataSource for nonserialized product creation</con:sourceStep>
        <con:targetType>req_NonSerializeddescription</con:targetType>
        <con:targetStep>Add bulk stockIn item</con:targetStep>
        <con:upgraded>true</con:upgraded>
      </con:transfers>
      <con:transfers setNullOnMissingSource="true" transferTextContent="true" failOnError="true" ignoreEmpty="false" transferToAll="false" entitize="false" transferChildNodes="false">
        <con:name>nonSerialized_productStatus</con:name>
        <con:sourceType>productStatus</con:sourceType>
        <con:sourceStep>DataSource for nonserialized product creation</con:sourceStep>
        <con:targetType>req_NonSerializedprodStatus</con:targetType>
        <con:targetStep>Add bulk stockIn item</con:targetStep>
        <con:upgraded>true</con:upgraded>
      </con:transfers>
      <con:transfers setNullOnMissingSource="true" transferTextContent="true" failOnError="true" ignoreEmpty="false" transferToAll="false" entitize="false" transferChildNodes="false">
        <con:name>NonSerializedcharExtId1</con:name>
        <con:sourceType>charExtId1</con:sourceType>
        <con:sourceStep>DataSource for nonserialized product creation</con:sourceStep>
        <con:targetType>req_NonSerializedcharExtId1</con:targetType>
        <con:targetStep>Add bulk stockIn item</con:targetStep>
        <con:upgraded>true</con:upgraded>
      </con:transfers>
      <con:transfers setNullOnMissingSource="true" transferTextContent="true" failOnError="true" ignoreEmpty="false" transferToAll="false" entitize="false" transferChildNodes="false">
        <con:name>NonSerializedcharValueExtId1</con:name>
        <con:sourceType>charValueExtId1</con:sourceType>
        <con:sourceStep>DataSource for nonserialized product creation</con:sourceStep>
        <con:targetType>req_NonSerializedcharValueExtId1</con:targetType>
        <con:targetStep>Add bulk stockIn item</con:targetStep>
        <con:upgraded>true</con:upgraded>
      </con:transfers>
      <con:transfers setNullOnMissingSource="true" transferTextContent="true" failOnError="true" ignoreEmpty="false" transferToAll="false" entitize="false" transferChildNodes="false">
        <con:name>SerializedWORangeprodSpecExtId</con:name>
        <con:sourceType>prodSpecExtId</con:sourceType>
        <con:sourceStep>DataSource for serialized without range product creation</con:sourceStep>
        <con:targetType>req_SerializedWORangeprodSpecExtId</con:targetType>
        <con:targetStep>Add bulk stockIn item</con:targetStep>
        <con:upgraded>true</con:upgraded>
      </con:transfers>
      <con:transfers setNullOnMissingSource="true" transferTextContent="true" failOnError="true" ignoreEmpty="false" transferToAll="false" entitize="false" transferChildNodes="false">
        <con:name>SerializedWORangeplaceId</con:name>
        <con:sourceType>placeId</con:sourceType>
        <con:sourceStep>Given properties for the test steps</con:sourceStep>
        <con:targetType>req_SerializedWORangeplaceId</con:targetType>
        <con:targetStep>Add bulk stockIn item</con:targetStep>
        <con:upgraded>true</con:upgraded>
      </con:transfers>
      <con:transfers setNullOnMissingSource="true" transferTextContent="true" failOnError="true" ignoreEmpty="false" transferToAll="false" entitize="false" transferChildNodes="false">
        <con:name>SerializedWORangeprodStatus</con:name>
        <con:sourceType>prodStatus</con:sourceType>
        <con:sourceStep>DataSource for serialized without range product creation</con:sourceStep>
        <con:targetType>req_SerializedWORangeprodStatus</con:targetType>
        <con:targetStep>Add bulk stockIn item</con:targetStep>
        <con:upgraded>true</con:upgraded>
      </con:transfers>
      <con:transfers setNullOnMissingSource="true" transferTextContent="true" failOnError="true" ignoreEmpty="false" transferToAll="false" entitize="false" transferChildNodes="false" disabled="false">
        <con:name>SerializedWORangeserialText</con:name>
        <con:sourceType>serialNumber</con:sourceType>
        <con:sourceStep>Given properties for the test steps</con:sourceStep>
        <con:targetType>req_SerializedWORangeserialText</con:targetType>
        <con:targetStep>Add bulk stockIn item</con:targetStep>
        <con:upgraded>true</con:upgraded>
      </con:transfers>
      <con:transfers setNullOnMissingSource="true" transferTextContent="true" failOnError="true" ignoreEmpty="false" transferToAll="false" entitize="false" transferChildNodes="false">
        <con:name>SerializedWORangedescription</con:name>
        <con:sourceType>description</con:sourceType>
        <con:sourceStep>DataSource for serialized without range product creation</con:sourceStep>
        <con:targetType>req_SerializedWORangedescription</con:targetType>
        <con:targetStep>Add bulk stockIn item</con:targetStep>
        <con:upgraded>true</con:upgraded>
      </con:transfers>
      <con:transfers setNullOnMissingSource="true" transferTextContent="true" failOnError="true" ignoreEmpty="false" transferToAll="false" entitize="false" transferChildNodes="false">
        <con:name>SerializedWORangecharExtId1</con:name>
        <con:sourceType>charExtId1</con:sourceType>
        <con:sourceStep>DataSource for serialized without range product creation</con:sourceStep>
        <con:targetType>req_SerializedWORangecharExtId1</con:targetType>
        <con:targetStep>Add bulk stockIn item</con:targetStep>
        <con:upgraded>true</con:upgraded>
      </con:transfers>
      <con:transfers setNullOnMissingSource="true" transferTextContent="true" failOnError="true" ignoreEmpty="false" transferToAll="false" entitize="false" transferChildNodes="false">
        <con:name>SerializedWORangecharValueExtId1</con:name>
        <con:sourceType>charValueExtId1</con:sourceType>
        <con:sourceStep>DataSource for serialized without range product creation</con:sourceStep>
        <con:targetType>req_SerializedWORangecharValueExtId1</con:targetType>
        <con:targetStep>Add bulk stockIn item</con:targetStep>
        <con:upgraded>true</con:upgraded>
      </con:transfers>
      <con:transfers setNullOnMissingSource="true" transferTextContent="true" failOnError="true" ignoreEmpty="false" transferToAll="false" entitize="false" transferChildNodes="false">
        <con:name>SerializedWORangecharExtId2</con:name>
        <con:sourceType>charExtId2</con:sourceType>
        <con:sourceStep>DataSource for serialized without range product creation</con:sourceStep>
        <con:targetType>req_SerializedWORangecharExtId2</con:targetType>
        <con:targetStep>Add bulk stockIn item</con:targetStep>
        <con:upgraded>true</con:upgraded>
      </con:transfers>
      <con:transfers setNullOnMissingSource="true" transferTextContent="true" failOnError="true" ignoreEmpty="false" transferToAll="false" entitize="false" transferChildNodes="false">
        <con:name>SerializedWORangecharValueExtId2</con:name>
        <con:sourceType>charValueExtId2</con:sourceType>
        <con:sourceStep>DataSource for serialized without range product creation</con:sourceStep>
        <con:targetType>req_SerializedWORangecharValueExtId2</con:targetType>
        <con:targetStep>Add bulk stockIn item</con:targetStep>
        <con:upgraded>true</con:upgraded>
      </con:transfers>
      <con:transfers setNullOnMissingSource="true" transferTextContent="true" failOnError="true" ignoreEmpty="false" transferToAll="false" entitize="false" transferChildNodes="false">
        <con:name>SerializedWORangecharExtId3</con:name>
        <con:sourceType>charExtId3</con:sourceType>
        <con:sourceStep>DataSource for serialized without range product creation</con:sourceStep>
        <con:targetType>req_SerializedWORangecharExtId3</con:targetType>
        <con:targetStep>Add bulk stockIn item</con:targetStep>
        <con:upgraded>true</con:upgraded>
      </con:transfers>
      <con:transfers setNullOnMissingSource="true" transferTextContent="true" failOnError="true" ignoreEmpty="false" transferToAll="false" entitize="false" transferChildNodes="false">
        <con:name>SerializedWORangecharValueExtId3</con:name>
        <con:sourceType>charValueExtId3</con:sourceType>
        <con:sourceStep>DataSource for serialized without range product creation</con:sourceStep>
        <con:targetType>req_SerializedWORangecharValueExtId3</con:targetType>
        <con:targetStep>Add bulk stockIn item</con:targetStep>
        <con:upgraded>true</con:upgraded>
      </con:transfers>
      <con:transfers setNullOnMissingSource="true" transferTextContent="true" failOnError="true" ignoreEmpty="false" transferToAll="false" entitize="false" transferChildNodes="false">
        <con:name>SerializedprodSpecExtId</con:name>
        <con:sourceType>prodSpecExtId</con:sourceType>
        <con:sourceStep>DataSource for serialized product creation</con:sourceStep>
        <con:targetType>req_SerializedprodSpecExtId</con:targetType>
        <con:targetStep>Add bulk stockIn item</con:targetStep>
        <con:upgraded>true</con:upgraded>
      </con:transfers>
      <con:transfers setNullOnMissingSource="true" transferTextContent="true" failOnError="true" ignoreEmpty="false" transferToAll="false" entitize="false" transferChildNodes="false">
        <con:name>Serializedquantity</con:name>
        <con:sourceType>quantity</con:sourceType>
        <con:sourceStep>DataSource for serialized product creation</con:sourceStep>
        <con:targetType>req_Serializedquantity</con:targetType>
        <con:targetStep>Add bulk stockIn item</con:targetStep>
        <con:upgraded>true</con:upgraded>
      </con:transfers>
      <con:transfers setNullOnMissingSource="true" transferTextContent="true" failOnError="true" ignoreEmpty="false" transferToAll="false" entitize="false" transferChildNodes="false">
        <con:name>SerializedplaceId</con:name>
        <con:sourceType>placeId</con:sourceType>
        <con:sourceStep>Given properties for the test steps</con:sourceStep>
        <con:targetType>req_SerializedplaceId</con:targetType>
        <con:targetStep>Add bulk stockIn item</con:targetStep>
        <con:upgraded>true</con:upgraded>
      </con:transfers>
      <con:transfers setNullOnMissingSource="true" transferTextContent="true" failOnError="true" ignoreEmpty="false" transferToAll="false" entitize="false" transferChildNodes="false">
        <con:name>SerializedprodStatus</con:name>
        <con:sourceType>prodStatus</con:sourceType>
        <con:sourceStep>DataSource for serialized product creation</con:sourceStep>
        <con:targetType>req_SerializedprodStatus</con:targetType>
        <con:targetStep>Add bulk stockIn item</con:targetStep>
        <con:upgraded>true</con:upgraded>
      </con:transfers>
      <con:transfers setNullOnMissingSource="true" transferTextContent="true" failOnError="true" ignoreEmpty="false" transferToAll="false" entitize="false" transferChildNodes="false">
        <con:name>Serializeddescription</con:name>
        <con:sourceType>description</con:sourceType>
        <con:sourceStep>DataSource for serialized product creation</con:sourceStep>
        <con:targetType>req_Serializeddescription</con:targetType>
        <con:targetStep>Add bulk stockIn item</con:targetStep>
        <con:upgraded>true</con:upgraded>
      </con:transfers>
      <con:transfers setNullOnMissingSource="true" transferTextContent="true" failOnError="true" ignoreEmpty="false" transferToAll="false" entitize="false" transferChildNodes="false">
        <con:name>SerializedstartSerialNumber</con:name>
        <con:sourceType>startSerialNumber</con:sourceType>
        <con:sourceStep>Given properties for the test steps</con:sourceStep>
        <con:targetType>req_SerializedstartSerialNumber</con:targetType>
        <con:targetStep>Add bulk stockIn item</con:targetStep>
        <con:upgraded>true</con:upgraded>
      </con:transfers>
      <con:transfers setNullOnMissingSource="true" transferTextContent="true" failOnError="true" ignoreEmpty="false" transferToAll="false" entitize="false" transferChildNodes="false">
        <con:name>SerializedcharExtId1</con:name>
        <con:sourceType>charExtId1</con:sourceType>
        <con:sourceStep>DataSource for serialized product creation</con:sourceStep>
        <con:targetType>req_SerializedcharExtId1</con:targetType>
        <con:targetStep>Add bulk stockIn item</con:targetStep>
        <con:upgraded>true</con:upgraded>
      </con:transfers>
      <con:transfers setNullOnMissingSource="true" transferTextContent="true" failOnError="true" ignoreEmpty="false" transferToAll="false" entitize="false" transferChildNodes="false">
        <con:name>SerializedcharValueExtId1</con:name>
        <con:sourceType>charValueExtId1</con:sourceType>
        <con:sourceStep>DataSource for serialized product creation</con:sourceStep>
        <con:targetType>req_SerializedcharValueExtId1</con:targetType>
        <con:targetStep>Add bulk stockIn item</con:targetStep>
        <con:upgraded>true</con:upgraded>
      </con:transfers>
      <con:transfers setNullOnMissingSource="true" transferTextContent="true" failOnError="true" ignoreEmpty="false" transferToAll="false" entitize="false" transferChildNodes="false">
        <con:name>SerializedcharExtId2</con:name>
        <con:sourceType>charExtId2</con:sourceType>
        <con:sourceStep>DataSource for serialized product creation</con:sourceStep>
        <con:targetType>req_SerializedcharExtId2</con:targetType>
        <con:targetStep>Add bulk stockIn item</con:targetStep>
        <con:upgraded>true</con:upgraded>
      </con:transfers>
      <con:transfers setNullOnMissingSource="true" transferTextContent="true" failOnError="true" ignoreEmpty="false" transferToAll="false" entitize="false" transferChildNodes="false">
        <con:name>SerializedcharValueExtId2</con:name>
        <con:sourceType>charValueExtId2</con:sourceType>
        <con:sourceStep>DataSource for serialized product creation</con:sourceStep>
        <con:targetType>req_SerializedcharValueExtId2</con:targetType>
        <con:targetStep>Add bulk stockIn item</con:targetStep>
        <con:upgraded>true</con:upgraded>
      </con:transfers>
      <con:transfers setNullOnMissingSource="true" transferTextContent="true" failOnError="true" ignoreEmpty="false" transferToAll="false" entitize="false" transferChildNodes="false">
        <con:name>SerializedcharExtId3</con:name>
        <con:sourceType>charExtId3</con:sourceType>
        <con:sourceStep>DataSource for serialized product creation</con:sourceStep>
        <con:targetType>req_SerializedcharExtId3</con:targetType>
        <con:targetStep>Add bulk stockIn item</con:targetStep>
        <con:upgraded>true</con:upgraded>
      </con:transfers>
      <con:transfers setNullOnMissingSource="true" transferTextContent="true" failOnError="true" ignoreEmpty="false" transferToAll="false" entitize="false" transferChildNodes="false">
        <con:name>SerializedcharValueExtId3</con:name>
        <con:sourceType>charValueExtId3</con:sourceType>
        <con:sourceStep>DataSource for serialized product creation</con:sourceStep>
        <con:targetType>req_SerializedcharValueExtId3</con:targetType>
        <con:targetStep>Add bulk stockIn item</con:targetStep>
        <con:upgraded>true</con:upgraded>
      </con:transfers>
    </con:config>
  </con:testStep>
  <con:testStep type="calltestcase" name="Add bulk stockIn item" id="708a7f0b-62c8-45c0-b088-2eacd25899c9">
    <con:settings/>
    <con:config xsi:type="con:RunTestCaseStep" xmlns:xsi="http://www.w3.org/2001/XMLSchema-instance">
      <con:targetTestCase>e57bf20d-e095-43df-8c04-0977fea8ae76</con:targetTestCase>
      <con:properties>
        <con:property>
          <con:name>res_code</con:name>
          <con:value xsi:nil="true"/>
        </con:property>
        <con:property>
          <con:name>res_itemId</con:name>
          <con:value>[{"id":"976"},{"id":"978"},{"id":"980"}]</con:value>
        </con:property>
        <con:property>
          <con:name>res_errorMessage</con:name>
          <con:value xsi:nil="true"/>
        </con:property>
        <con:property>
          <con:name>res_status</con:name>
          <con:value>201</con:value>
        </con:property>
        <con:property>
          <con:name>req_SerializedprodSpecExtId</con:name>
          <con:value>EXT-IPHONE6S-1</con:value>
        </con:property>
        <con:property>
          <con:name>req_Serializedquantity</con:name>
          <con:value>${Given properties for the test steps#quantity}</con:value>
        </con:property>
        <con:property>
          <con:name>req_SerializedplaceId</con:name>
          <con:value>130</con:value>
        </con:property>
        <con:property>
          <con:name>req_SerializedprodStatus</con:name>
          <con:value>1</con:value>
        </con:property>
        <con:property>
          <con:name>req_Serializeddescription</con:name>
          <con:value>IPHONE 6S 4.7' 32GB A7</con:value>
        </con:property>
        <con:property>
          <con:name>req_SerializedstartSerialNumber</con:name>
          <con:value>73024624</con:value>
        </con:property>
        <con:property>
          <con:name>req_SerializedcharExtId1</con:name>
          <con:value>1</con:value>
        </con:property>
        <con:property>
          <con:name>req_SerializedcharValueExtId1</con:name>
          <con:value>1-EXT</con:value>
        </con:property>
        <con:property>
          <con:name>req_SerializedcharExtId2</con:name>
          <con:value>2</con:value>
        </con:property>
        <con:property>
          <con:name>req_SerializedcharValueExtId2</con:name>
          <con:value>5-EXT</con:value>
        </con:property>
        <con:property>
          <con:name>req_SerializedcharExtId3</con:name>
          <con:value>3</con:value>
        </con:property>
        <con:property>
          <con:name>req_SerializedcharValueExtId3</con:name>
          <con:value>8-EXT</con:value>
        </con:property>
        <con:property>
          <con:name>req_SerializedWORangeprodSpecExtId</con:name>
          <con:value>EXT-GALAXYNOTE4-1</con:value>
        </con:property>
        <con:property>
          <con:name>req_SerializedWORangeplaceId</con:name>
          <con:value>130</con:value>
        </con:property>
        <con:property>
          <con:name>req_SerializedWORangeprodStatus</con:name>
          <con:value>1</con:value>
        </con:property>
        <con:property>
          <con:name>req_SerializedWORangeserialText</con:name>
          <con:value>serialNumber-${=java.util.UUID.randomUUID()}</con:value>
        </con:property>
        <con:property>
          <con:name>req_SerializedWORangedescription</con:name>
          <con:value>EXT-GALAXYNOTE4-1 4.7' 32GB M10</con:value>
        </con:property>
        <con:property>
          <con:name>req_SerializedWORangecharExtId1</con:name>
          <con:value>4</con:value>
        </con:property>
        <con:property>
          <con:name>req_SerializedWORangecharValueExtId1</con:name>
          <con:value>2-EXT</con:value>
        </con:property>
        <con:property>
          <con:name>req_SerializedWORangecharExtId2</con:name>
          <con:value>5</con:value>
        </con:property>
        <con:property>
          <con:name>req_SerializedWORangecharValueExtId2</con:name>
          <con:value>5-EXT</con:value>
        </con:property>
        <con:property>
          <con:name>req_SerializedWORangecharExtId3</con:name>
          <con:value>6</con:value>
        </con:property>
        <con:property>
          <con:name>req_SerializedWORangecharValueExtId3</con:name>
          <con:value>10-EXT</con:value>
        </con:property>
        <con:property>
          <con:name>req_NonSerializedprodSpecExtId</con:name>
          <con:value>EXT-APPLMOUSE-1</con:value>
        </con:property>
        <con:property>
          <con:name>req_NonSerializedplaceId</con:name>
          <con:value>130</con:value>
        </con:property>
        <con:property>
          <con:name>req_NonSerializedprodStatus</con:name>
          <con:value>1</con:value>
        </con:property>
        <con:property>
          <con:name>req_NonSerializeddescription</con:name>
          <con:value>Apple Mouse 1 Button Count</con:value>
        </con:property>
        <con:property>
          <con:name>req_NonSerializedquantity</con:name>
          <con:value>${Given properties for the test steps#quantity}</con:value>
        </con:property>
        <con:property>
          <con:name>req_NonSerializedcharExtId1</con:name>
          <con:value>7</con:value>
        </con:property>
        <con:property>
          <con:name>req_NonSerializedcharValueExtId1</con:name>
          <con:value>17-EXT</con:value>
        </con:property>
        <con:property>
          <con:name>req_NonSerializedbatchId</con:name>
          <con:value xsi:nil="true"/>
        </con:property>
        <con:property>
          <con:name>req_biId</con:name>
          <con:value>5811</con:value>
        </con:property>
      </con:properties>
      <con:returnProperties>
        <con:entry>res_code</con:entry>
        <con:entry>res_itemId</con:entry>
        <con:entry>res_errorMessage</con:entry>
        <con:entry>res_status</con:entry>
      </con:returnProperties>
      <con:runMode>PARALLELL</con:runMode>
    </con:config>
  </con:testStep>
  <con:testStep type="assertionteststep" name="Assertion for adding bulk item" id="24809ba5-6cb7-41f8-a5d4-573e6a3f71e2">
    <con:settings/>
    <con:config xsi:type="con:AssertionTestStep" xmlns:xsi="http://www.w3.org/2001/XMLSchema-instance">
      <con:entry>
        <con:id>96be9f60-d196-4ec1-a616-67fb14888316</con:id>
        <con:isGroup>false</con:isGroup>
        <con:sourceId>708a7f0b-62c8-45c0-b088-2eacd25899c9</con:sourceId>
        <con:propertyName>res_itemId</con:propertyName>
        <con:assertion type="Simple Contains" name="Contains" id="69ed8e92-439c-4da3-b503-f3603218b817">
          <con:configuration>
            <token>\d+</token>
            <ignoreCase>false</ignoreCase>
            <useRegEx>true</useRegEx>
          </con:configuration>
        </con:assertion>
      </con:entry>
      <con:entry>
        <con:id>a2fa0c0f-b2f3-47d8-959d-27241cb75586</con:id>
        <con:isGroup>false</con:isGroup>
        <con:sourceId>708a7f0b-62c8-45c0-b088-2eacd25899c9</con:sourceId>
        <con:propertyName>res_status</con:propertyName>
        <con:assertion type="Simple Equals" name="Equals 2" id="57a09219-5f2a-450c-a1c2-c052689738b4">
          <con:configuration>
            <patternObjectId>1eb2cb9a-a617-45c2-97ec-acb11fbe2454</patternObjectId>
            <patternProperty>httpCode201</patternProperty>
            <caseSensitive>true</caseSensitive>
          </con:configuration>
        </con:assertion>
      </con:entry>
    </con:config>
  </con:testStep>
  <con:testStep type="transfer" name="Property Transfer for add bulk serialized chars 1st item" id="95356766-0a2b-4216-a57b-f3826d3169a0" disabled="true">
    <con:settings/>
    <con:config xsi:type="con:PropertyTransfersStep" xmlns:xsi="http://www.w3.org/2001/XMLSchema-instance">
      <con:transfers setNullOnMissingSource="true" transferTextContent="true" failOnError="true" ignoreEmpty="false" transferToAll="false" entitize="false" transferChildNodes="false">
        <con:name>charUseExternalId</con:name>
        <con:sourceType>6</con:sourceType>
        <con:sourceStep>Given properties for the test steps</con:sourceStep>
        <con:sourcePath/>
        <con:targetType>req_charUseExternalId1</con:targetType>
        <con:targetStep>Add Bulk serialized chars</con:targetStep>
        <con:targetPath/>
        <con:upgraded>true</con:upgraded>
      </con:transfers>
      <con:transfers setNullOnMissingSource="true" transferTextContent="true" failOnError="true" ignoreEmpty="false" transferToAll="false" entitize="false" transferChildNodes="false">
        <con:name>serialNumber</con:name>
        <con:sourceType>serialNumber</con:sourceType>
        <con:sourceStep>Given properties for the test steps</con:sourceStep>
        <con:targetType>req_serialNumber1</con:targetType>
        <con:targetStep>Add Bulk serialized chars</con:targetStep>
        <con:upgraded>true</con:upgraded>
      </con:transfers>
      <con:transfers setNullOnMissingSource="true" transferTextContent="true" failOnError="true" ignoreEmpty="false" transferToAll="false" entitize="false" transferChildNodes="false">
        <con:name>value</con:name>
        <con:sourceType>8</con:sourceType>
        <con:sourceStep>Given properties for the test steps</con:sourceStep>
        <con:targetType>req_value1</con:targetType>
        <con:targetStep>Add Bulk serialized chars</con:targetStep>
        <con:upgraded>true</con:upgraded>
      </con:transfers>
      <con:transfers setNullOnMissingSource="true" transferTextContent="true" failOnError="true" ignoreEmpty="false" transferToAll="false" entitize="false" transferChildNodes="false">
        <con:name>valueExternalId</con:name>
        <con:sourceType>3</con:sourceType>
        <con:sourceStep>Given properties for the test steps</con:sourceStep>
        <con:targetType>req_valueExternalId1</con:targetType>
        <con:targetStep>Add Bulk serialized chars</con:targetStep>
        <con:upgraded>true</con:upgraded>
      </con:transfers>
      <con:transfers setNullOnMissingSource="true" transferTextContent="true" failOnError="true" ignoreEmpty="false" transferToAll="false" entitize="false" transferChildNodes="false">
        <con:name>biId</con:name>
        <con:sourceType>res_biId</con:sourceType>
        <con:sourceStep>Create stockIn interaction success</con:sourceStep>
        <con:targetType>req_biId</con:targetType>
        <con:targetStep>Add Bulk serialized chars</con:targetStep>
        <con:upgraded>true</con:upgraded>
      </con:transfers>
      <con:transfers setNullOnMissingSource="true" transferTextContent="true" failOnError="true" ignoreEmpty="false" transferToAll="false" entitize="false" transferChildNodes="false">
        <con:name>serializedProdSpecExtId</con:name>
        <con:sourceType>req_SerializedprodSpecExtId</con:sourceType>
        <con:sourceStep>Add bulk stockIn item</con:sourceStep>
        <con:targetType>req_SerializedprodSpecExtId</con:targetType>
        <con:targetStep>Add Bulk serialized chars</con:targetStep>
        <con:upgraded>true</con:upgraded>
      </con:transfers>
    </con:config>
  </con:testStep>
  <con:testStep type="transfer" name="Property Transfer for add bulk serialized chars 2nd item" id="74bfd37d-b708-41e2-8942-e0868c28d71c" disabled="true">
    <con:settings/>
    <con:config xsi:type="con:PropertyTransfersStep" xmlns:xsi="http://www.w3.org/2001/XMLSchema-instance">
      <con:transfers setNullOnMissingSource="true" transferTextContent="true" failOnError="true" ignoreEmpty="false" transferToAll="false" entitize="false" transferChildNodes="false">
        <con:name>charUseExternalId</con:name>
        <con:sourceType>6</con:sourceType>
        <con:sourceStep>Given properties for the test steps</con:sourceStep>
        <con:sourcePath/>
        <con:targetType>req_charUseExternalId2</con:targetType>
        <con:targetStep>Add Bulk serialized chars</con:targetStep>
        <con:targetPath/>
        <con:upgraded>true</con:upgraded>
      </con:transfers>
      <con:transfers setNullOnMissingSource="true" transferTextContent="true" failOnError="true" ignoreEmpty="false" transferToAll="false" entitize="false" transferChildNodes="false">
        <con:name>serialNumber</con:name>
        <con:sourceType>serialNumber</con:sourceType>
        <con:sourceStep>Given properties for the test steps</con:sourceStep>
        <con:targetType>req_serialNumber2</con:targetType>
        <con:targetStep>Add Bulk serialized chars</con:targetStep>
        <con:upgraded>true</con:upgraded>
      </con:transfers>
      <con:transfers setNullOnMissingSource="true" transferTextContent="true" failOnError="true" ignoreEmpty="false" transferToAll="false" entitize="false" transferChildNodes="false">
        <con:name>value</con:name>
        <con:sourceType>8</con:sourceType>
        <con:sourceStep>Given properties for the test steps</con:sourceStep>
        <con:targetType>req_value2</con:targetType>
        <con:targetStep>Add Bulk serialized chars</con:targetStep>
        <con:upgraded>true</con:upgraded>
      </con:transfers>
      <con:transfers setNullOnMissingSource="true" transferTextContent="true" failOnError="true" ignoreEmpty="false" transferToAll="false" entitize="false" transferChildNodes="false">
        <con:name>valueExternalId</con:name>
        <con:sourceType>3</con:sourceType>
        <con:sourceStep>Given properties for the test steps</con:sourceStep>
        <con:targetType>req_valueExternalId2</con:targetType>
        <con:targetStep>Add Bulk serialized chars</con:targetStep>
        <con:upgraded>true</con:upgraded>
      </con:transfers>
      <con:transfers setNullOnMissingSource="true" transferTextContent="true" failOnError="true" ignoreEmpty="false" transferToAll="false" entitize="false" transferChildNodes="false">
        <con:name>biId</con:name>
        <con:sourceType>res_biId</con:sourceType>
        <con:sourceStep>Create stockIn interaction success</con:sourceStep>
        <con:targetType>req_biId</con:targetType>
        <con:targetStep>Add Bulk serialized chars</con:targetStep>
        <con:upgraded>true</con:upgraded>
      </con:transfers>
      <con:transfers setNullOnMissingSource="true" transferTextContent="true" failOnError="true" ignoreEmpty="false" transferToAll="false" entitize="false" transferChildNodes="false">
        <con:name>SerializedProdSpecExtId</con:name>
        <con:sourceType>req_SerializedprodSpecExtId</con:sourceType>
        <con:sourceStep>Add bulk stockIn item</con:sourceStep>
        <con:targetType>req_SerializedprodSpecExtId</con:targetType>
        <con:targetStep>Add Bulk serialized chars</con:targetStep>
        <con:upgraded>true</con:upgraded>
      </con:transfers>
    </con:config>
  </con:testStep>
  <con:testStep type="calltestcase" name="Add Bulk serialized chars" id="c0ac5de7-10aa-4c8c-887e-41a68da3506d" disabled="true">
    <con:settings/>
    <con:config xsi:type="con:RunTestCaseStep" xmlns:xsi="http://www.w3.org/2001/XMLSchema-instance">
      <con:targetTestCase>cfe0008b-cdf8-4649-89d6-41bf1cab1881</con:targetTestCase>
      <con:properties>
        <con:property>
          <con:name>req_biId</con:name>
          <con:value>5571</con:value>
        </con:property>
        <con:property>
          <con:name>req_charUseExternalId1</con:name>
          <con:value>6</con:value>
        </con:property>
        <con:property>
          <con:name>req_serialNumber1</con:name>
          <con:value>serialNumber-${=java.util.UUID.randomUUID()}</con:value>
        </con:property>
        <con:property>
          <con:name>req_value1</con:name>
          <con:value>8</con:value>
        </con:property>
        <con:property>
          <con:name>req_valueExternalId1</con:name>
          <con:value>3</con:value>
        </con:property>
        <con:property>
          <con:name>req_charUseExternalId2</con:name>
          <con:value>6</con:value>
        </con:property>
        <con:property>
          <con:name>req_serialNumber2</con:name>
          <con:value>serialNumber-${=java.util.UUID.randomUUID()}</con:value>
        </con:property>
        <con:property>
          <con:name>req_value2</con:name>
          <con:value>8</con:value>
        </con:property>
        <con:property>
          <con:name>req_valueExternalId2</con:name>
          <con:value>3</con:value>
        </con:property>
        <con:property>
          <con:name>res_status</con:name>
          <con:value xsi:nil="true"/>
        </con:property>
        <con:property>
          <con:name>res_code</con:name>
          <con:value/>
        </con:property>
        <con:property>
          <con:name>res_errorMessage</con:name>
          <con:value/>
        </con:property>
        <con:property>
          <con:name>req_SerializedprodSpecExtId</con:name>
          <con:value>EXT-IPHONE6S-1</con:value>
        </con:property>
      </con:properties>
      <con:returnProperties>
        <con:entry>res_status</con:entry>
        <con:entry>res_code</con:entry>
        <con:entry>res_errorMessage</con:entry>
      </con:returnProperties>
      <con:runMode>PARALLELL</con:runMode>
    </con:config>
  </con:testStep>
  <con:testStep type="assertionteststep" name="Assertion for add bulk serialized chars" id="bcc65416-a81f-44c5-ab48-28d39cd1ed01" disabled="true">
    <con:settings/>
    <con:config xsi:type="con:AssertionTestStep" xmlns:xsi="http://www.w3.org/2001/XMLSchema-instance">
      <con:entry>
        <con:id>f8aa34be-82aa-4a62-82e3-0d84cff5b529</con:id>
        <con:isGroup>false</con:isGroup>
        <con:sourceId>c0ac5de7-10aa-4c8c-887e-41a68da3506d</con:sourceId>
        <con:propertyName>res_status</con:propertyName>
        <con:assertion type="Simple Equals" name="Equals" id="32ae6c88-557b-40a5-8f79-e32bbf952c74">
          <con:configuration>
            <patternText>200</patternText>
            <caseSensitive>true</caseSensitive>
          </con:configuration>
        </con:assertion>
      </con:entry>
    </con:config>
  </con:testStep>
  <con:testStep type="transfer" name="Property Transfer for add serialized chars" id="37dd75ac-575f-4832-ad4f-623c76fc1c7f" disabled="true">
    <con:settings/>
    <con:config xsi:type="con:PropertyTransfersStep" xmlns:xsi="http://www.w3.org/2001/XMLSchema-instance">
      <con:transfers setNullOnMissingSource="true" transferTextContent="true" failOnError="true" ignoreEmpty="false" transferToAll="false" entitize="false" transferChildNodes="false">
        <con:name>charUseExternalId</con:name>
        <con:sourceType>6</con:sourceType>
        <con:sourceStep>Given properties for the test steps</con:sourceStep>
        <con:sourcePath/>
        <con:targetType>req_charUseExternalId</con:targetType>
        <con:targetStep>Add Serialized chars to stockIn</con:targetStep>
        <con:targetPath/>
        <con:upgraded>true</con:upgraded>
      </con:transfers>
      <con:transfers setNullOnMissingSource="true" transferTextContent="true" failOnError="true" ignoreEmpty="false" transferToAll="false" entitize="false" transferChildNodes="false">
        <con:name>serialNumber</con:name>
        <con:sourceType>serialNumber</con:sourceType>
        <con:sourceStep>Given properties for the test steps</con:sourceStep>
        <con:targetType>req_serialNumber</con:targetType>
        <con:targetStep>Add Serialized chars to stockIn</con:targetStep>
        <con:upgraded>true</con:upgraded>
      </con:transfers>
      <con:transfers setNullOnMissingSource="true" transferTextContent="true" failOnError="true" ignoreEmpty="false" transferToAll="false" entitize="false" transferChildNodes="false">
        <con:name>value</con:name>
        <con:sourceType>8</con:sourceType>
        <con:sourceStep>Given properties for the test steps</con:sourceStep>
        <con:targetType>req_value</con:targetType>
        <con:targetStep>Add Serialized chars to stockIn</con:targetStep>
        <con:upgraded>true</con:upgraded>
      </con:transfers>
      <con:transfers setNullOnMissingSource="true" transferTextContent="true" failOnError="true" ignoreEmpty="false" transferToAll="false" entitize="false" transferChildNodes="false">
        <con:name>valueExternalId</con:name>
        <con:sourceType>3</con:sourceType>
        <con:sourceStep>Given properties for the test steps</con:sourceStep>
        <con:targetType>req_valueExternalId</con:targetType>
        <con:targetStep>Add Serialized chars to stockIn</con:targetStep>
        <con:upgraded>true</con:upgraded>
      </con:transfers>
      <con:transfers setNullOnMissingSource="true" transferTextContent="true" failOnError="true" ignoreEmpty="false" transferToAll="false" entitize="false" transferChildNodes="false">
        <con:name>createdByUserRoleId</con:name>
        <con:sourceType>res_userRoleId</con:sourceType>
        <con:sourceStep>Create sales organization and user</con:sourceStep>
        <con:targetType>req_createdByUserRoleId</con:targetType>
        <con:targetStep>Add Serialized chars to stockIn</con:targetStep>
        <con:upgraded>true</con:upgraded>
      </con:transfers>
      <con:transfers setNullOnMissingSource="true" transferTextContent="true" failOnError="true" ignoreEmpty="false" transferToAll="false" entitize="false" transferChildNodes="false">
        <con:name>createdBySalesOrganizationId</con:name>
        <con:sourceType>res_salesOrgId</con:sourceType>
        <con:sourceStep>Create sales organization and user</con:sourceStep>
        <con:targetType>req_createdBySalesOrganizationId</con:targetType>
        <con:targetStep>Add Serialized chars to stockIn</con:targetStep>
        <con:upgraded>true</con:upgraded>
      </con:transfers>
      <con:transfers setNullOnMissingSource="true" transferTextContent="true" failOnError="true" ignoreEmpty="false" transferToAll="false" entitize="false" transferChildNodes="false">
        <con:name>createdForSalesOrganizationRoleId</con:name>
        <con:sourceType>res_salesOrgId</con:sourceType>
        <con:sourceStep>Create sales organization and user</con:sourceStep>
        <con:targetType>req_createdForSalesOrganizationRoleId</con:targetType>
        <con:targetStep>Add Serialized chars to stockIn</con:targetStep>
        <con:upgraded>true</con:upgraded>
      </con:transfers>
      <con:transfers setNullOnMissingSource="true" transferTextContent="true" failOnError="true" ignoreEmpty="false" transferToAll="false" entitize="false" transferChildNodes="false">
        <con:name>biId</con:name>
        <con:sourceType>res_biId</con:sourceType>
        <con:sourceStep>Create stockIn interaction success</con:sourceStep>
        <con:targetType>req_biId</con:targetType>
        <con:targetStep>Add Serialized chars to stockIn</con:targetStep>
        <con:upgraded>true</con:upgraded>
      </con:transfers>
    </con:config>
  </con:testStep>
  <con:testStep type="calltestcase" name="Add Serialized chars to stockIn" id="bc6e6292-6a59-4c5e-82d4-3a373c0dc069" disabled="true">
    <con:settings/>
    <con:config xsi:type="con:RunTestCaseStep" xmlns:xsi="http://www.w3.org/2001/XMLSchema-instance">
      <con:targetTestCase>ca28dc0f-2fa3-437c-9a53-9d1dfe3b1a4a</con:targetTestCase>
      <con:properties>
        <con:property>
          <con:name>req_biId</con:name>
          <con:value>2831</con:value>
        </con:property>
        <con:property>
          <con:name>req_charUseExternalId</con:name>
          <con:value>6</con:value>
        </con:property>
        <con:property>
          <con:name>req_serialNumber</con:name>
          <con:value>serialNumber-${=java.util.UUID.randomUUID()}</con:value>
        </con:property>
        <con:property>
          <con:name>req_value</con:name>
          <con:value>8</con:value>
        </con:property>
        <con:property>
          <con:name>req_createdByUserRoleId</con:name>
          <con:value>123</con:value>
        </con:property>
        <con:property>
          <con:name>req_createdBySalesOrganizationId</con:name>
          <con:value>121</con:value>
        </con:property>
        <con:property>
          <con:name>req_createdForSalesOrganizationRoleId</con:name>
          <con:value>121</con:value>
        </con:property>
        <con:property>
          <con:name>res_code</con:name>
          <con:value xsi:nil="true"/>
        </con:property>
        <con:property>
          <con:name>res_status</con:name>
          <con:value>200</con:value>
        </con:property>
        <con:property>
          <con:name>res_errorMessage</con:name>
          <con:value xsi:nil="true"/>
        </con:property>
        <con:property>
          <con:name>req_valueExternalId</con:name>
          <con:value>3</con:value>
        </con:property>
      </con:properties>
      <con:returnProperties>
        <con:entry>res_code</con:entry>
        <con:entry>res_status</con:entry>
        <con:entry>res_errorMessage</con:entry>
      </con:returnProperties>
      <con:runMode>PARALLELL</con:runMode>
    </con:config>
  </con:testStep>
  <con:testStep type="assertionteststep" name="Assertion for add serialized chars" id="c5586b9c-1741-4f35-af04-194284ac2ce9" disabled="true">
    <con:settings/>
    <con:config xsi:type="con:AssertionTestStep" xmlns:xsi="http://www.w3.org/2001/XMLSchema-instance">
      <con:entry>
        <con:id>89b5fee2-ace8-4b33-9527-5283a79aec5d</con:id>
        <con:isGroup>false</con:isGroup>
        <con:sourceId>bc6e6292-6a59-4c5e-82d4-3a373c0dc069</con:sourceId>
        <con:propertyName>res_status</con:propertyName>
        <con:assertion type="Simple Equals" name="Equals" id="ff948432-da69-4cc8-89e2-d54ffd8d5613">
          <con:configuration>
            <patternText>200</patternText>
            <caseSensitive>true</caseSensitive>
          </con:configuration>
        </con:assertion>
      </con:entry>
    </con:config>
  </con:testStep>
  <con:testStep type="transfer" name="Property Transfer get serialized item" id="88171216-f1d9-4cb1-abe9-177ac5cdaca4" disabled="true">
    <con:settings/>
    <con:config xsi:type="con:PropertyTransfersStep" xmlns:xsi="http://www.w3.org/2001/XMLSchema-instance">
      <con:transfers setNullOnMissingSource="true" transferTextContent="true" failOnError="true" ignoreEmpty="false" transferToAll="false" entitize="false" transferChildNodes="false">
        <con:name>biId</con:name>
        <con:sourceType>res_biId</con:sourceType>
        <con:sourceStep>Create stockIn interaction success</con:sourceStep>
        <con:sourcePath/>
        <con:targetType>req_biId</con:targetType>
        <con:targetStep>Get serialized characteristics</con:targetStep>
        <con:targetPath/>
        <con:upgraded>true</con:upgraded>
      </con:transfers>
    </con:config>
  </con:testStep>
  <con:testStep type="calltestcase" name="Get serialized characteristics" id="0e422f16-d844-4b62-a502-896a8ebee2a7" disabled="true">
    <con:settings/>
    <con:config xsi:type="con:RunTestCaseStep" xmlns:xsi="http://www.w3.org/2001/XMLSchema-instance">
      <con:targetTestCase>238b757b-1b46-4dfb-a7cf-d3b6b7a70957</con:targetTestCase>
      <con:properties>
        <con:property>
          <con:name>req_biId</con:name>
          <con:value>5651</con:value>
        </con:property>
        <con:property>
          <con:name>res_charUseExternalId-1st</con:name>
          <con:value>6</con:value>
        </con:property>
        <con:property>
          <con:name>res_id-1st</con:name>
          <con:value>67</con:value>
        </con:property>
        <con:property>
          <con:name>res_serialNumber-1st</con:name>
          <con:value>serialNumber-0ff54c04-f988-4f11-8db7-aa92a98a2dac</con:value>
        </con:property>
        <con:property>
          <con:name>res_response</con:name>
          <con:value>[{"id":"67","serialNumber":"serialNumber-0ff54c04-f988-4f11-8db7-aa92a98a2dac","charUseExternalId":"6"},{"id":"68","serialNumber":"serialNumber-ae6cf5d3-8f93-4df1-a671-16f0b7f8e9aa","charUseExternalId":"6"}]</con:value>
        </con:property>
        <con:property>
          <con:name>res_errorMessage</con:name>
          <con:value xsi:nil="true"/>
        </con:property>
        <con:property>
          <con:name>res_code</con:name>
          <con:value xsi:nil="true"/>
        </con:property>
        <con:property>
          <con:name>res_status</con:name>
          <con:value>200</con:value>
        </con:property>
      </con:properties>
      <con:returnProperties>
        <con:entry>res_charUseExternalId-1st</con:entry>
        <con:entry>res_id-1st</con:entry>
        <con:entry>res_serialNumber-1st</con:entry>
        <con:entry>res_response</con:entry>
        <con:entry>res_errorMessage</con:entry>
        <con:entry>res_code</con:entry>
        <con:entry>res_status</con:entry>
      </con:returnProperties>
      <con:runMode>PARALLELL</con:runMode>
    </con:config>
  </con:testStep>
  <con:testStep type="assertionteststep" name="Assertion for get serialized chars" id="f8b830c2-8ebd-4a7a-afe0-f55cfef13a38" disabled="true">
    <con:settings/>
    <con:config xsi:type="con:AssertionTestStep" xmlns:xsi="http://www.w3.org/2001/XMLSchema-instance">
      <con:entry>
        <con:id>ef190f84-e033-4697-9937-6d5c58f27ccd</con:id>
        <con:isGroup>false</con:isGroup>
        <con:sourceId>0e422f16-d844-4b62-a502-896a8ebee2a7</con:sourceId>
        <con:propertyName>res_status</con:propertyName>
        <con:assertion type="Simple Equals" name="Equals" id="cecd9369-6b93-4520-97f7-98dc293ae342">
          <con:configuration>
            <patternText>200</patternText>
            <caseSensitive>true</caseSensitive>
          </con:configuration>
        </con:assertion>
      </con:entry>
      <con:entry>
        <con:id>81e6a971-c58c-46aa-8dcb-64dba810a960</con:id>
        <con:isGroup>false</con:isGroup>
        <con:sourceId>0e422f16-d844-4b62-a502-896a8ebee2a7</con:sourceId>
        <con:propertyName>res_id-1st</con:propertyName>
        <con:assertion type="Simple Contains" name="Contains" id="4480b8e8-6822-4582-970f-2a14cf688aa6">
          <con:configuration>
            <token>\d+</token>
            <ignoreCase>false</ignoreCase>
            <useRegEx>true</useRegEx>
          </con:configuration>
        </con:assertion>
      </con:entry>
    </con:config>
  </con:testStep>
  <con:testStep type="transfer" name="Property Transfer remove serialized char" id="6c200092-22d8-4076-83ef-6999cf2385ef" disabled="true">
    <con:settings/>
    <con:config xsi:type="con:PropertyTransfersStep" xmlns:xsi="http://www.w3.org/2001/XMLSchema-instance">
      <con:transfers setNullOnMissingSource="true" transferTextContent="true" failOnError="true" ignoreEmpty="false" transferToAll="false" entitize="false" transferChildNodes="false">
        <con:name>itemId</con:name>
        <con:sourceType>res_id-1st</con:sourceType>
        <con:sourceStep>Get serialized characteristics</con:sourceStep>
        <con:sourcePath/>
        <con:targetType>req_stockInSerializedProductCharValueId</con:targetType>
        <con:targetStep>Remove Serialized characteristics</con:targetStep>
        <con:targetPath/>
        <con:upgraded>true</con:upgraded>
      </con:transfers>
      <con:transfers setNullOnMissingSource="true" transferTextContent="true" failOnError="true" ignoreEmpty="false" transferToAll="false" entitize="false" transferChildNodes="false">
        <con:name>biId</con:name>
        <con:sourceType>res_biId</con:sourceType>
        <con:sourceStep>Create stockIn interaction success</con:sourceStep>
        <con:targetType>req_biId</con:targetType>
        <con:targetStep>Remove Serialized characteristics</con:targetStep>
        <con:upgraded>true</con:upgraded>
      </con:transfers>
    </con:config>
  </con:testStep>
  <con:testStep type="calltestcase" name="Remove Serialized characteristics" id="e230fef0-6f3b-4251-9b7c-319be13dab11" disabled="true">
    <con:settings/>
    <con:config xsi:type="con:RunTestCaseStep" xmlns:xsi="http://www.w3.org/2001/XMLSchema-instance">
      <con:targetTestCase>e8ed8fbc-47d3-4b6b-861f-0abc1365c166</con:targetTestCase>
      <con:properties>
        <con:property>
          <con:name>req_biId</con:name>
          <con:value>2831</con:value>
        </con:property>
        <con:property>
          <con:name>req_stockInSerializedProductCharValueId</con:name>
          <con:value>67</con:value>
        </con:property>
        <con:property>
          <con:name>res_status</con:name>
          <con:value>200</con:value>
        </con:property>
        <con:property>
          <con:name>res_errorMessage</con:name>
          <con:value xsi:nil="true"/>
        </con:property>
        <con:property>
          <con:name>res_code</con:name>
          <con:value xsi:nil="true"/>
        </con:property>
      </con:properties>
      <con:returnProperties>
        <con:entry>res_status</con:entry>
        <con:entry>res_errorMessage</con:entry>
        <con:entry>res_code</con:entry>
      </con:returnProperties>
      <con:runMode>PARALLELL</con:runMode>
    </con:config>
  </con:testStep>
  <con:testStep type="assertionteststep" name="Assertion for removing serialized chars" id="9fae8a53-aae3-4920-af68-fafadacaa5c2" disabled="true">
    <con:settings/>
    <con:config xsi:type="con:AssertionTestStep" xmlns:xsi="http://www.w3.org/2001/XMLSchema-instance">
      <con:entry>
        <con:id>d9dde1d3-dd3b-4318-87ef-5dd3da79f7d8</con:id>
        <con:isGroup>false</con:isGroup>
        <con:sourceId>e230fef0-6f3b-4251-9b7c-319be13dab11</con:sourceId>
        <con:propertyName>res_errorMessage</con:propertyName>
        <con:assertion type="Simple Contains" name="Contains" id="6c2863d4-cc99-4c16-b8cd-4f860129996d">
          <con:configuration>
            <token>^\s*$</token>
            <ignoreCase>false</ignoreCase>
            <useRegEx>true</useRegEx>
          </con:configuration>
        </con:assertion>
      </con:entry>
      <con:entry>
        <con:id>b5213bee-6279-459f-b9be-b1332ff2d7b8</con:id>
        <con:isGroup>false</con:isGroup>
        <con:sourceId>e230fef0-6f3b-4251-9b7c-319be13dab11</con:sourceId>
        <con:propertyName>res_status</con:propertyName>
        <con:assertion type="Simple Equals" name="Equals" id="fe69e99b-2083-4d1b-b16b-2c228ffcc475">
          <con:configuration>
            <patternText>200</patternText>
            <caseSensitive>true</caseSensitive>
          </con:configuration>
        </con:assertion>
      </con:entry>
    </con:config>
  </con:testStep>
  <con:testStep type="transfer" name="Property Transfer for submit bulk item" id="2710cd72-ac2d-4137-907c-25c616f31319">
    <con:settings/>
    <con:config xsi:type="con:PropertyTransfersStep" xmlns:xsi="http://www.w3.org/2001/XMLSchema-instance">
      <con:transfers setNullOnMissingSource="true" transferTextContent="true" failOnError="true" ignoreEmpty="false" transferToAll="false" entitize="false" transferChildNodes="false">
        <con:name>biId</con:name>
        <con:sourceType>res_biId</con:sourceType>
        <con:sourceStep>Create stockIn interaction success</con:sourceStep>
        <con:sourcePath/>
        <con:targetType>req_biId</con:targetType>
        <con:targetStep>Submit stock in business interaction</con:targetStep>
        <con:targetPath/>
        <con:upgraded>true</con:upgraded>
      </con:transfers>
    </con:config>
  </con:testStep>
  <con:testStep type="calltestcase" name="Submit stock in business interaction" id="e9fcb656-9cf5-43e7-8ab6-ebb22feb54e9">
    <con:settings/>
    <con:config xsi:type="con:RunTestCaseStep" xmlns:xsi="http://www.w3.org/2001/XMLSchema-instance">
      <con:targetTestCase>c6afe465-b867-4e9f-9e55-596671d41d0a</con:targetTestCase>
      <con:properties>
        <con:property>
          <con:name>req_biId</con:name>
          <con:value>5811</con:value>
        </con:property>
        <con:property>
          <con:name>res_biId</con:name>
          <con:value>5811</con:value>
        </con:property>
        <con:property>
          <con:name>res_code</con:name>
          <con:value xsi:nil="true"/>
        </con:property>
        <con:property>
          <con:name>res_errorMessage</con:name>
          <con:value xsi:nil="true"/>
        </con:property>
        <con:property>
          <con:name>res_httpStatusCode</con:name>
          <con:value>200</con:value>
        </con:property>
      </con:properties>
      <con:returnProperties>
        <con:entry>res_biId</con:entry>
        <con:entry>res_code</con:entry>
        <con:entry>res_errorMessage</con:entry>
        <con:entry>res_httpStatusCode</con:entry>
      </con:returnProperties>
      <con:runMode>PARALLELL</con:runMode>
    </con:config>
  </con:testStep>
  <con:testStep type="assertionteststep" name="Assertion res_code and res_errorMessage" id="fc3bde45-2806-4126-8163-6833cdc625f9">
    <con:settings/>
    <con:config xsi:type="con:AssertionTestStep" xmlns:xsi="http://www.w3.org/2001/XMLSchema-instance">
      <con:entry>
        <con:id>0743fefc-5b6f-4fbb-be90-03b6f8049f22</con:id>
        <con:isGroup>false</con:isGroup>
        <con:sourceId>e9fcb656-9cf5-43e7-8ab6-ebb22feb54e9</con:sourceId>
        <con:propertyName>res_httpStatusCode</con:propertyName>
        <con:assertion type="Simple Contains" name="Contains" id="1ed58ece-6107-4520-b97e-a54c77ad6fd9">
          <con:configuration>
            <token>200</token>
            <ignoreCase>false</ignoreCase>
            <useRegEx>false</useRegEx>
          </con:configuration>
        </con:assertion>
      </con:entry>
    </con:config>
  </con:testStep>
  <con:properties/>
  <con:reportParameters/>
  <con:breakPoints>
    <con:testStepId>708a7f0b-62c8-45c0-b088-2eacd25899c9</con:testStepId>
    <con:status>NONE</con:status>
    <con:properties/>
  </con:breakPoints>
  <con:breakPoints>
    <con:testStepId>70e9126f-ac59-43f3-8508-232a1ec3c839</con:testStepId>
    <con:status>NONE</con:status>
    <con:properties/>
  </con:breakPoints>
  <con:breakPoints>
    <con:testStepId>941fa30b-a705-462a-b733-a83c4dc68477</con:testStepId>
    <con:status>NONE</con:status>
    <con:properties/>
  </con:breakPoints>
  <con:breakPoints>
    <con:testStepId>c47f8fe1-2512-4fa9-8e34-70a27a73a733</con:testStepId>
    <con:status>NONE</con:status>
    <con:properties/>
  </con:breakPoints>
  <con:breakPoints>
    <con:testStepId>959201b4-dcb3-4ddc-9b8f-b3e7a94b96f6</con:testStepId>
    <con:status>NONE</con:status>
    <con:properties/>
  </con:breakPoints>
  <con:breakPoints>
    <con:testStepId>bd16cca3-5d00-4573-ac09-181a8282ec5f</con:testStepId>
    <con:status>NONE</con:status>
    <con:properties/>
  </con:breakPoints>
  <con:breakPoints>
    <con:testStepId>7cbaed25-5003-4544-bf0b-7c640da6a3ef</con:testStepId>
    <con:status>NONE</con:status>
    <con:properties/>
  </con:breakPoints>
  <con:breakPoints>
    <con:testStepId>314de25f-9696-48e3-8015-4acab706e4e6</con:testStepId>
    <con:status>NONE</con:status>
    <con:properties/>
  </con:breakPoints>
  <con:breakPoints>
    <con:testStepId>24809ba5-6cb7-41f8-a5d4-573e6a3f71e2</con:testStepId>
    <con:status>NONE</con:status>
    <con:properties/>
  </con:breakPoints>
  <con:breakPoints>
    <con:testStepId>bc6e6292-6a59-4c5e-82d4-3a373c0dc069</con:testStepId>
    <con:status>NONE</con:status>
    <con:properties/>
  </con:breakPoints>
  <con:breakPoints>
    <con:testStepId>95356766-0a2b-4216-a57b-f3826d3169a0</con:testStepId>
    <con:status>NONE</con:status>
    <con:properties/>
  </con:breakPoints>
  <con:breakPoints>
    <con:testStepId>74bfd37d-b708-41e2-8942-e0868c28d71c</con:testStepId>
    <con:status>NONE</con:status>
    <con:properties/>
  </con:breakPoints>
  <con:breakPoints>
    <con:testStepId>0e422f16-d844-4b62-a502-896a8ebee2a7</con:testStepId>
    <con:status>NONE</con:status>
    <con:properties/>
  </con:breakPoints>
  <con:breakPoints>
    <con:testStepId>e230fef0-6f3b-4251-9b7c-319be13dab11</con:testStepId>
    <con:status>NONE</con:status>
    <con:properties/>
  </con:breakPoints>
</con:testCase>