<?xml version="1.0" encoding="UTF-8"?>
<con:testCase id="fb25639c-4768-4b4e-9e63-19d30023d448" discardOkResults="true" failOnError="true" failTestCaseOnErrors="true" keepSession="false" name="Test Case 8 - EXT AggregatedItem" searchProperties="true" timeout="0" xmlns:con="http://eviware.com/soapui/config">
  <con:settings>
    <con:setting id="fb25639c-4768-4b4e-9e63-19d30023d448fileName">Test-Case-8---EXT-AggregatedItem</con:setting>
  </con:settings>
  <con:savedRecentRuns>1</con:savedRecentRuns>
  <con:testStep type="transfer" name="Set default user and sales org id" id="d828167b-f8da-4ef9-bff0-db16feb4835b">
    <con:settings/>
    <con:config xsi:type="con:PropertyTransfersStep" xmlns:xsi="http://www.w3.org/2001/XMLSchema-instance">
      <con:transfers setNullOnMissingSource="true" transferTextContent="true" failOnError="true" ignoreEmpty="false" transferToAll="false" entitize="false" transferChildNodes="false">
        <con:name>userRoleId</con:name>
        <con:sourceType>DefaultUserRoleId</con:sourceType>
        <con:sourceStep>#Project#</con:sourceStep>
        <con:sourcePath/>
        <con:targetType>userIdAdmin</con:targetType>
        <con:targetStep>Given properties for the test steps</con:targetStep>
        <con:targetPath/>
        <con:upgraded>true</con:upgraded>
      </con:transfers>
      <con:transfers setNullOnMissingSource="true" transferTextContent="true" failOnError="true" ignoreEmpty="false" transferToAll="false" entitize="false" transferChildNodes="false">
        <con:name>salesOrgRoleId</con:name>
        <con:sourceType>DefaultSalesOrganizationRoleId</con:sourceType>
        <con:sourceStep>#Project#</con:sourceStep>
        <con:targetType>soIdAdmin</con:targetType>
        <con:targetStep>Given properties for the test steps</con:targetStep>
        <con:upgraded>true</con:upgraded>
      </con:transfers>
    </con:config>
  </con:testStep>
  <con:testStep type="datagen" name="DataGen for current timeStamp" id="73a097f7-fb98-4a1f-b0c2-c81d5d7d70ce">
    <con:settings/>
    <con:config xsi:type="con:DataGeneratorStep" xmlns:xsi="http://www.w3.org/2001/XMLSchema-instance">
      <con:property type="Script">
        <con:configuration>
          <script>def date1 = new java.text.SimpleDateFormat("yyyy-MM-dd")
def date = date1.format(new Date())
def date2 = new java.text.SimpleDateFormat("HH:mm:ss")
def time = date2.format(new Date())
return date+"T"+time+".000Z"

//2017-12-19T00:00:00.000Z</script>
        </con:configuration>
        <con:name>purchaseDate</con:name>
        <con:mode>STEP</con:mode>
        <con:shared>false</con:shared>
      </con:property>
      <con:property type="Script">
        <con:configuration>
          <script>def date2 = new java.text.SimpleDateFormat("SSS")
def time = date2.format(new Date())
def date1 = new java.text.SimpleDateFormat("SssSSSS")
def time1 = date1.format(new Date())
return "vendorName"+time+time1</script>
        </con:configuration>
        <con:name>vendorName</con:name>
        <con:mode>STEP</con:mode>
        <con:shared>false</con:shared>
      </con:property>
      <con:property type="Script">
        <con:configuration>
          <script>def date2 = new java.text.SimpleDateFormat("SSS")
def time = date2.format(new Date())
def date1 = new java.text.SimpleDateFormat("SssSSSS")
def time1 = date1.format(new Date())
return 1+time+time1</script>
        </con:configuration>
        <con:name>batchId</con:name>
        <con:mode>STEP</con:mode>
        <con:shared>false</con:shared>
      </con:property>
    </con:config>
  </con:testStep>
  <con:testStep type="datagen" name="DataGen startSerial" id="e83b2658-5504-4825-a59e-684970d20d4a">
    <con:settings/>
    <con:config xsi:type="con:DataGeneratorStep" xmlns:xsi="http://www.w3.org/2001/XMLSchema-instance">
      <con:property type="Number">
        <con:configuration>
          <start>1</start>
          <end>1000</end>
          <step>2</step>
          <pattern>#</pattern>
          <random>true</random>
          <persist>true</persist>
          <current>134.0</current>
        </con:configuration>
        <con:name>quantity</con:name>
        <con:mode>STEP</con:mode>
        <con:shared>true</con:shared>
      </con:property>
      <con:property type="Number">
        <con:configuration>
          <start>1</start>
          <end>100000000</end>
          <step>1</step>
          <pattern>#</pattern>
          <random>true</random>
          <persist>true</persist>
          <current>7.4350328E7</current>
        </con:configuration>
        <con:name>startSerial</con:name>
        <con:mode>STEP</con:mode>
        <con:shared>true</con:shared>
      </con:property>
      <con:property type="Script">
        <con:configuration>
          <script>def quantity = context.expand( '${DataGen startSerial#quantity}' );
def startSerial = context.expand( '${DataGen startSerial#startSerial}' );
testRunner.testCase.testSteps["Given properties for the test steps"].setPropertyValue("quantity", quantity);
testRunner.testCase.testSteps["Given properties for the test steps"].setPropertyValue("startSerialNumber", startSerial);</script>
        </con:configuration>
        <con:name>setQuantityAndSerialNumber</con:name>
        <con:mode>STEP</con:mode>
        <con:shared>false</con:shared>
      </con:property>
    </con:config>
  </con:testStep>
  <con:testStep type="properties" name="Given properties for the test steps" id="842c9a51-5b07-43c5-b128-a475db726656">
    <con:settings/>
    <con:config xsi:type="con:PropertiesStep" saveFirst="true" xmlns:xsi="http://www.w3.org/2001/XMLSchema-instance">
      <con:properties>
        <con:property>
          <con:name>biId</con:name>
          <con:value>14501</con:value>
        </con:property>
        <con:property>
          <con:name>character</con:name>
          <con:value>qwerty</con:value>
        </con:property>
        <con:property>
          <con:name>characteristicType1</con:name>
          <con:value>1</con:value>
        </con:property>
        <con:property>
          <con:name>characteristicType2</con:name>
          <con:value>2</con:value>
        </con:property>
        <con:property>
          <con:name>emptyValue</con:name>
          <con:value/>
        </con:property>
        <con:property>
          <con:name>endSerialNumber</con:name>
          <con:value>62776437</con:value>
        </con:property>
        <con:property>
          <con:name>errorMessageAllProductSpecMustBeProvided</con:name>
          <con:value>ALL_PRODUCT_SPEC_CHARACTERISTICS_MUST_BE_PROVIDED</con:value>
        </con:property>
        <con:property>
          <con:name>errorMessageCharUseBelongsToCannotBeNull</con:name>
          <con:value>PRODUCT_SPEC_CHAR_USE_BELONGS_TO_CANNOT_BE_NULL</con:value>
        </con:property>
        <con:property>
          <con:name>errorMessageMandatoryStockInMustBeTrue</con:name>
          <con:value>PRODUCT_SPEC_CHAR_USE_MANDATORY_STOCK_IN_MUST_BE_TRUE</con:value>
        </con:property>
        <con:property>
          <con:name>errorMessageProductSpecCharUseExtIdAlreadyExistis</con:name>
          <con:value>PRODUCT_SPEC_CHAR_USE_EXTERNAL_ID_ALREADY_EXISTS</con:value>
        </con:property>
        <con:property>
          <con:name>errorMessageProductSpecCharValueExternalIdOrIdMustBeGiven</con:name>
          <con:value>PRODUCT_SPEC_CHAR_USE_EXTERNAL_ID_OR_ID_MUST_BE_GIVEN</con:value>
        </con:property>
        <con:property>
          <con:name>httpCode200</con:name>
          <con:value>200</con:value>
        </con:property>
        <con:property>
          <con:name>httpCode201</con:name>
          <con:value>201</con:value>
        </con:property>
        <con:property>
          <con:name>httpCode400</con:name>
          <con:value>400</con:value>
        </con:property>
        <con:property>
          <con:name>httpCode404</con:name>
          <con:value>404</con:value>
        </con:property>
        <con:property>
          <con:name>inventoryExtId</con:name>
          <con:value>inventory-${=java.util.UUID.randomUUID()}</con:value>
        </con:property>
        <con:property>
          <con:name>inventoryId</con:name>
          <con:value>61</con:value>
        </con:property>
        <con:property>
          <con:name>isPairedFalse</con:name>
          <con:value>false</con:value>
        </con:property>
        <con:property>
          <con:name>isPairedTrue</con:name>
          <con:value>true</con:value>
        </con:property>
        <con:property>
          <con:name>isSerializedFalse</con:name>
          <con:value>false</con:value>
        </con:property>
        <con:property>
          <con:name>mandatoryForStockInFalse</con:name>
          <con:value>false</con:value>
        </con:property>
        <con:property>
          <con:name>mandatoryForStockInTrue</con:name>
          <con:value>true</con:value>
        </con:property>
        <con:property>
          <con:name>negative</con:name>
          <con:value>-1</con:value>
        </con:property>
        <con:property>
          <con:name>nonSerializedProductId</con:name>
          <con:value>3</con:value>
        </con:property>
        <con:property>
          <con:name>nonSerializedProductItemId</con:name>
          <con:value>3</con:value>
        </con:property>
        <con:property>
          <con:name>nonSerializedProductSpecCode</con:name>
          <con:value>CODE-APPLMOUSE-1</con:value>
        </con:property>
        <con:property>
          <con:name>nonSerializedProductSpecExtId</con:name>
          <con:value>EXT-APPLMOUSE-1</con:value>
        </con:property>
        <con:property>
          <con:name>placeId</con:name>
          <con:value>32</con:value>
        </con:property>
        <con:property>
          <con:name>productDesc</con:name>
          <con:value>productDesc-${=java.util.UUID.randomUUID()}</con:value>
        </con:property>
        <con:property>
          <con:name>productSpecArticle</con:name>
          <con:value>productSpecArticle-${=java.util.UUID.randomUUID()}</con:value>
        </con:property>
        <con:property>
          <con:name>productSpecCharDesc</con:name>
          <con:value>PRODUCTSPECCHARACTERISTIC-DESC-${=java.util.UUID.randomUUID()}</con:value>
        </con:property>
        <con:property>
          <con:name>productSpecCharExtId</con:name>
          <con:value>productSpecCharExtId-${=java.util.UUID.randomUUID()}</con:value>
        </con:property>
        <con:property>
          <con:name>productSpecCharId</con:name>
          <con:value>1</con:value>
        </con:property>
        <con:property>
          <con:name>productSpecCharName</con:name>
          <con:value>PRODUCTSPECCHARACTERISTIC-NAME-${=java.util.UUID.randomUUID()}</con:value>
        </con:property>
        <con:property>
          <con:name>productSpecCharUseBelongsTo</con:name>
          <con:value>PRODUCT</con:value>
        </con:property>
        <con:property>
          <con:name>productSpecCharUseExtId</con:name>
          <con:value>productSpecCharUseExtId-${=java.util.UUID.randomUUID()}</con:value>
        </con:property>
        <con:property>
          <con:name>productSpecCharUseId</con:name>
          <con:value/>
        </con:property>
        <con:property>
          <con:name>productSpecCharValueId</con:name>
          <con:value>1</con:value>
        </con:property>
        <con:property>
          <con:name>productSpecCharValueType</con:name>
          <con:value>LIST</con:value>
        </con:property>
        <con:property>
          <con:name>productSpecCode</con:name>
          <con:value>productSpecCode-${=java.util.UUID.randomUUID()}</con:value>
        </con:property>
        <con:property>
          <con:name>productSpecExtId</con:name>
          <con:value>productSpecExtId-${=java.util.UUID.randomUUID()}</con:value>
        </con:property>
        <con:property>
          <con:name>productSpecInfoName</con:name>
          <con:value>ProductSpecName</con:value>
        </con:property>
        <con:property>
          <con:name>productStatusSellable</con:name>
          <con:value>1</con:value>
        </con:property>
        <con:property>
          <con:name>productTrackingTypeNonSerialized</con:name>
          <con:value>NonSerialized</con:value>
        </con:property>
        <con:property>
          <con:name>quantity</con:name>
          <con:value>134</con:value>
        </con:property>
        <con:property>
          <con:name>quantityOne</con:name>
          <con:value>1</con:value>
        </con:property>
        <con:property>
          <con:name>quantityTwo</con:name>
          <con:value>2</con:value>
        </con:property>
        <con:property>
          <con:name>salesOrganizationExtId</con:name>
          <con:value>so-${=java.util.UUID.randomUUID()}</con:value>
        </con:property>
        <con:property>
          <con:name>serializedProductId</con:name>
          <con:value>1</con:value>
        </con:property>
        <con:property>
          <con:name>serializedProductItemId</con:name>
          <con:value>4</con:value>
        </con:property>
        <con:property>
          <con:name>serializedProductSpecCode</con:name>
          <con:value>CODE-IPHONE6S-1</con:value>
        </con:property>
        <con:property>
          <con:name>serializedProductSpecExtId</con:name>
          <con:value>EXT-IPHONE6S-1</con:value>
        </con:property>
        <con:property>
          <con:name>serializedWithoutRangeProductId</con:name>
          <con:value>2</con:value>
        </con:property>
        <con:property>
          <con:name>serializedWithoutRangeProductItemId</con:name>
          <con:value>5</con:value>
        </con:property>
        <con:property>
          <con:name>serializedWithoutRangeProductSpecCode</con:name>
          <con:value>CODE-GALAXYNOTE4-1</con:value>
        </con:property>
        <con:property>
          <con:name>serializedWithoutRangeProductSpecExtId</con:name>
          <con:value>EXT-GALAXYNOTE4-1</con:value>
        </con:property>
        <con:property>
          <con:name>serialNumber</con:name>
          <con:value>serialNumber-${=java.util.UUID.randomUUID()}</con:value>
        </con:property>
        <con:property>
          <con:name>soId</con:name>
          <con:value>58</con:value>
        </con:property>
        <con:property>
          <con:name>soIdAdmin</con:name>
          <con:value>1</con:value>
        </con:property>
        <con:property>
          <con:name>startSerialNumber</con:name>
          <con:value>74350328</con:value>
        </con:property>
        <con:property>
          <con:name>stateClosed</con:name>
          <con:value>Closed</con:value>
        </con:property>
        <con:property>
          <con:name>statusActive</con:name>
          <con:value>Active</con:value>
        </con:property>
        <con:property>
          <con:name>stockInBISpecCode</con:name>
          <con:value>STCKINBISPEC</con:value>
        </con:property>
        <con:property>
          <con:name>terminalExtId</con:name>
          <con:value>terminal-${=java.util.UUID.randomUUID()}</con:value>
        </con:property>
        <con:property>
          <con:name>terminalId</con:name>
          <con:value>15</con:value>
        </con:property>
        <con:property>
          <con:name>totalQuantity</con:name>
          <con:value/>
        </con:property>
        <con:property>
          <con:name>userId</con:name>
          <con:value>60</con:value>
        </con:property>
        <con:property>
          <con:name>userIdAdmin</con:name>
          <con:value>2</con:value>
        </con:property>
        <con:property>
          <con:name>userRoleExtId</con:name>
          <con:value>user-${=java.util.UUID.randomUUID()}</con:value>
        </con:property>
        <con:property>
          <con:name>zero</con:name>
          <con:value>0</con:value>
        </con:property>
        <con:property>
          <con:name>true</con:name>
          <con:value>true</con:value>
        </con:property>
        <con:property>
          <con:name>error_BI_ITEM_WITH_ID_IS_NOT_IN_BI_WITH_ID</con:name>
          <con:value>BI_ITEM_WITH_ID_IS_NOT_IN_BI_WITH_ID</con:value>
        </con:property>
        <con:property>
          <con:name>3</con:name>
          <con:value>3</con:value>
        </con:property>
        <con:property>
          <con:name>6</con:name>
          <con:value>6</con:value>
        </con:property>
        <con:property>
          <con:name>8</con:name>
          <con:value>8</con:value>
        </con:property>
        <con:property>
          <con:name>description_iphone6S</con:name>
          <con:value>iphone6S</con:value>
        </con:property>
        <con:property>
          <con:name>1</con:name>
          <con:value>1</con:value>
        </con:property>
        <con:property>
          <con:name>1-EXT</con:name>
          <con:value>1-EXT</con:value>
        </con:property>
        <con:property>
          <con:name>2</con:name>
          <con:value>2</con:value>
        </con:property>
        <con:property>
          <con:name>4-EXT</con:name>
          <con:value>4-EXT</con:value>
        </con:property>
        <con:property>
          <con:name>8-EXT</con:name>
          <con:value>8-EXT</con:value>
        </con:property>
        <con:property>
          <con:name>4</con:name>
          <con:value>4</con:value>
        </con:property>
        <con:property>
          <con:name>2-EXT</con:name>
          <con:value>2-EXT</con:value>
        </con:property>
        <con:property>
          <con:name>5</con:name>
          <con:value>5</con:value>
        </con:property>
        <con:property>
          <con:name>5-EXT</con:name>
          <con:value>5-EXT</con:value>
        </con:property>
        <con:property>
          <con:name>10-EXT</con:name>
          <con:value>10-EXT</con:value>
        </con:property>
        <con:property>
          <con:name>description_galaxynote4</con:name>
          <con:value>galaxynote4</con:value>
        </con:property>
      </con:properties>
    </con:config>
  </con:testStep>
  <con:testStep type="transfer" name="Set create sales organization and user" id="ea081fcb-7aea-4bbf-a4d1-13572ab990dd">
    <con:settings/>
    <con:config xsi:type="con:PropertyTransfersStep" xmlns:xsi="http://www.w3.org/2001/XMLSchema-instance">
      <con:transfers setNullOnMissingSource="true" transferTextContent="true" failOnError="true" ignoreEmpty="false" transferToAll="false" entitize="false" transferChildNodes="false">
        <con:name>userId</con:name>
        <con:sourceType>userIdAdmin</con:sourceType>
        <con:sourceStep>Given properties for the test steps</con:sourceStep>
        <con:sourcePath/>
        <con:targetType>req_createdByUserRoleId</con:targetType>
        <con:targetStep>Create sales organization and user</con:targetStep>
        <con:targetPath/>
        <con:upgraded>true</con:upgraded>
      </con:transfers>
      <con:transfers setNullOnMissingSource="true" transferTextContent="true" failOnError="true" ignoreEmpty="false" transferToAll="false" entitize="false" transferChildNodes="false">
        <con:name>soId</con:name>
        <con:sourceType>soIdAdmin</con:sourceType>
        <con:sourceStep>Given properties for the test steps</con:sourceStep>
        <con:targetType>req_createdBySalesOrgRoleId</con:targetType>
        <con:targetStep>Create sales organization and user</con:targetStep>
        <con:upgraded>true</con:upgraded>
      </con:transfers>
      <con:transfers setNullOnMissingSource="true" transferTextContent="true" failOnError="true" ignoreEmpty="false" transferToAll="false" entitize="false" transferChildNodes="false">
        <con:name>userExtId</con:name>
        <con:sourceType>userRoleExtId</con:sourceType>
        <con:sourceStep>Given properties for the test steps</con:sourceStep>
        <con:targetType>req_userRoleExtId</con:targetType>
        <con:targetStep>Create sales organization and user</con:targetStep>
        <con:upgraded>true</con:upgraded>
      </con:transfers>
      <con:transfers setNullOnMissingSource="true" transferTextContent="true" failOnError="true" ignoreEmpty="false" transferToAll="false" entitize="false" transferChildNodes="false">
        <con:name>soExtId</con:name>
        <con:sourceType>salesOrganizationExtId</con:sourceType>
        <con:sourceStep>Given properties for the test steps</con:sourceStep>
        <con:targetType>req_salesOrgRoleExtId</con:targetType>
        <con:targetStep>Create sales organization and user</con:targetStep>
        <con:upgraded>true</con:upgraded>
      </con:transfers>
      <con:transfers setNullOnMissingSource="true" transferTextContent="true" failOnError="true" ignoreEmpty="false" transferToAll="false" entitize="false" transferChildNodes="false">
        <con:name>terminalExtId</con:name>
        <con:sourceType>terminalExtId</con:sourceType>
        <con:sourceStep>Given properties for the test steps</con:sourceStep>
        <con:targetType>req_terminalExtId</con:targetType>
        <con:targetStep>Create sales organization and user</con:targetStep>
        <con:upgraded>true</con:upgraded>
      </con:transfers>
      <con:transfers setNullOnMissingSource="true" transferTextContent="true" failOnError="true" ignoreEmpty="false" transferToAll="false" entitize="false" transferChildNodes="false">
        <con:name>inventoryExtId</con:name>
        <con:sourceType>inventoryExtId</con:sourceType>
        <con:sourceStep>Given properties for the test steps</con:sourceStep>
        <con:targetType>req_inventoryExtId</con:targetType>
        <con:targetStep>Create sales organization and user</con:targetStep>
        <con:upgraded>true</con:upgraded>
      </con:transfers>
    </con:config>
  </con:testStep>
  <con:testStep type="calltestcase" name="Create sales organization and user" id="3803768f-e946-4659-a10d-a71af13d62eb">
    <con:settings/>
    <con:config xsi:type="con:RunTestCaseStep" xmlns:xsi="http://www.w3.org/2001/XMLSchema-instance">
      <con:targetTestCase>b92a7c8d-a0ed-4725-99e9-4866fd949629</con:targetTestCase>
      <con:properties>
        <con:property>
          <con:name>req_createdByUserRoleId</con:name>
          <con:value>2</con:value>
        </con:property>
        <con:property>
          <con:name>req_createdBySalesOrgRoleId</con:name>
          <con:value>1</con:value>
        </con:property>
        <con:property>
          <con:name>req_userRoleExtId</con:name>
          <con:value>user-${=java.util.UUID.randomUUID()}</con:value>
        </con:property>
        <con:property>
          <con:name>req_salesOrgRoleExtId</con:name>
          <con:value>so-${=java.util.UUID.randomUUID()}</con:value>
        </con:property>
        <con:property>
          <con:name>req_terminalExtId</con:name>
          <con:value>terminal-${=java.util.UUID.randomUUID()}</con:value>
        </con:property>
        <con:property>
          <con:name>req_inventoryExtId</con:name>
          <con:value>inventory-${=java.util.UUID.randomUUID()}</con:value>
        </con:property>
        <con:property>
          <con:name>res_salesOrgBiId</con:name>
          <con:value>1521</con:value>
        </con:property>
        <con:property>
          <con:name>res_userRoleBiId</con:name>
          <con:value>1541</con:value>
        </con:property>
        <con:property>
          <con:name>res_terminalBiId</con:name>
          <con:value>1561</con:value>
        </con:property>
        <con:property>
          <con:name>res_inventoryRoleBiId</con:name>
          <con:value>1551</con:value>
        </con:property>
        <con:property>
          <con:name>res_salesOrgId</con:name>
          <con:value>58</con:value>
        </con:property>
        <con:property>
          <con:name>res_userRoleId</con:name>
          <con:value>60</con:value>
        </con:property>
        <con:property>
          <con:name>res_terminalId</con:name>
          <con:value>15</con:value>
        </con:property>
        <con:property>
          <con:name>res_inventoryRoleId</con:name>
          <con:value>61</con:value>
        </con:property>
        <con:property>
          <con:name>res_placeId</con:name>
          <con:value>32</con:value>
        </con:property>
        <con:property>
          <con:name>res_soExtId</con:name>
          <con:value>so-c0e0666a-27ca-4521-bf14-9918296baf30</con:value>
        </con:property>
        <con:property>
          <con:name>res_salesOrganisationExternalId</con:name>
          <con:value>so-c0e0666a-27ca-4521-bf14-9918296baf30</con:value>
        </con:property>
        <con:property>
          <con:name>userToken</con:name>
          <con:value>Bearer eyJraWQiOiIxIiwiYWxnIjoiUlMyNTYifQ.eyJpc3MiOiJVTVMtUHJlZmlsdGVyLUNoZWNrQXV0aG9yaXplIiwic3ViIjoiVEVTVCIsImF1ZCI6IlJNIiwiaWF0IjoxNDg3MTYwOTc5LCJleHAiOjE1NTI0NjYzOTgsImF1dGhfdGltZSI6IjEzMTEyODA4NzAiLCJub25jZSI6Im4tMFM2X1d6QTJNaiIsIm5hbWUiOiJVTVMgVGVzdCBVc2VyIiwieF9kYnNzIjp7ImF1dGh6UHJvZmlsZU5hbWUiOiJDU1JfQXV0aHpQcm9maWxlIiwidmVyc2lvbiI6InYxIiwicGFydHlfaWQiOiIxMjMiLCJleHRlcm5hbF91c2VybmFtZSI6InVzZXItMjUzZjVlZDYtZjc4Ny00M2M1LThmYjAtN2RlZmM1MmRjZDM5In19.lxO3WT70SU_5j-OjPkKc6FVSmcaLQp0qbUG05VvJCJZ3LIjiOBJHXPAxWbqgVN6ftZE6g8RizjC8XDIwuzGekfcT93vGtffZvxaYlg04kCMrdF8nUGPDl8mhrswEYlnVgTTdYw-YrrqsLA2v2S5uED-GlIGu1p7qBkUdU_HIwmQ</con:value>
        </con:property>
        <con:property>
          <con:name>userIntToken</con:name>
          <con:value>Bearer eyJraWQiOiIxIiwiYWxnIjoiUlMyNTYifQ.eyJpc3MiOiJVTVMtUHJlZmlsdGVyLUNoZWNrQXV0aG9yaXplIiwic3ViIjoiVEVTVCIsImF1ZCI6IlJNIiwiaWF0IjoxNDg3MTYwOTc5LCJleHAiOjE1NTI0NjYzOTgsImF1dGhfdGltZSI6IjEzMTEyODA4NzAiLCJub25jZSI6Im4tMFM2X1d6QTJNaiIsIm5hbWUiOiJVTVMgVGVzdCBVc2VyIiwieF9kYnNzIjp7ImF1dGh6UHJvZmlsZU5hbWUiOiJFUk1TX0FETUlOX0F1dGh6UHJvZmlsZSIsInZlcnNpb24iOiJ2MSIsInBhcnR5X2lkIjoiMTIzIiwiZXh0ZXJuYWxfdXNlcm5hbWUiOiJ1c2VyLTI1M2Y1ZWQ2LWY3ODctNDNjNS04ZmIwLTdkZWZjNTJkY2QzOSJ9fQ.ngwVoZJ3_VtmcwBC07eRpO4h5sf_PF4tcv94DjO879M8A-Sr1gqh2_h6bTPkJcaFOMpmMg7cICo8gMFaPLi2bxzfSX1giTXCwhqdaqbTMHxhoCI64xiD_g9445X24ZfBTfzfphALHatwEX-6gGhST8RFkVOKm9syvNJb8E8TAdQ</con:value>
        </con:property>
        <con:property>
          <con:name>req_email</con:name>
          <con:value xsi:nil="true"/>
        </con:property>
      </con:properties>
      <con:returnProperties>
        <con:entry>res_inventoryRoleBiId</con:entry>
        <con:entry>res_inventoryRoleId</con:entry>
        <con:entry>res_placeId</con:entry>
        <con:entry>res_salesOrganisationExternalId</con:entry>
        <con:entry>res_salesOrgBiId</con:entry>
        <con:entry>res_salesOrgId</con:entry>
        <con:entry>res_soExtId</con:entry>
        <con:entry>res_terminalBiId</con:entry>
        <con:entry>res_terminalId</con:entry>
        <con:entry>res_userRoleBiId</con:entry>
        <con:entry>res_userRoleId</con:entry>
        <con:entry>userToken</con:entry>
        <con:entry>userIntToken</con:entry>
      </con:returnProperties>
      <con:runMode>PARALLELL</con:runMode>
    </con:config>
  </con:testStep>
  <con:testStep type="assertionteststep" name="Assertion create sales organization and user" id="cb53f092-de17-460a-9d8a-9ee9c60616a8">
    <con:settings/>
    <con:config xsi:type="con:AssertionTestStep" xmlns:xsi="http://www.w3.org/2001/XMLSchema-instance">
      <con:entry>
        <con:id>731c6677-0d99-4250-9f89-d358efc9beb5</con:id>
        <con:isGroup>false</con:isGroup>
        <con:sourceId>3803768f-e946-4659-a10d-a71af13d62eb</con:sourceId>
        <con:propertyName>res_salesOrgId</con:propertyName>
        <con:assertion type="Simple Contains" name="Contains" id="9889170b-39f1-4e97-bb07-9ee8cf982434">
          <con:configuration>
            <token>\d+</token>
            <ignoreCase>false</ignoreCase>
            <useRegEx>true</useRegEx>
          </con:configuration>
        </con:assertion>
      </con:entry>
      <con:entry>
        <con:id>e0f4926f-2d95-4d35-ab8f-0bab393fdddd</con:id>
        <con:isGroup>false</con:isGroup>
        <con:sourceId>3803768f-e946-4659-a10d-a71af13d62eb</con:sourceId>
        <con:propertyName>res_userRoleId</con:propertyName>
        <con:assertion type="Simple Contains" name="Contains 2" id="cc04ee54-8fd9-4fa1-a45c-4a4558b7b3fa">
          <con:configuration>
            <token>\d+</token>
            <ignoreCase>false</ignoreCase>
            <useRegEx>true</useRegEx>
          </con:configuration>
        </con:assertion>
      </con:entry>
      <con:entry>
        <con:id>1f713c49-a9bc-4b4d-9f51-05d15d5d2b96</con:id>
        <con:isGroup>false</con:isGroup>
        <con:sourceId>3803768f-e946-4659-a10d-a71af13d62eb</con:sourceId>
        <con:propertyName>res_terminalId</con:propertyName>
        <con:assertion type="Simple Contains" name="Contains 3" id="e4f29a4b-cd6c-49c4-96df-34430490b17e">
          <con:configuration>
            <token>\d+</token>
            <ignoreCase>false</ignoreCase>
            <useRegEx>true</useRegEx>
          </con:configuration>
        </con:assertion>
      </con:entry>
      <con:entry>
        <con:id>5e839b40-9ac4-440e-8159-ffa4cd079a89</con:id>
        <con:isGroup>false</con:isGroup>
        <con:sourceId>3803768f-e946-4659-a10d-a71af13d62eb</con:sourceId>
        <con:propertyName>res_inventoryRoleId</con:propertyName>
        <con:assertion type="Simple Contains" name="Contains 4" id="ba03d12a-1d37-4705-a871-8f41f1e92c38">
          <con:configuration>
            <token>\d+</token>
            <ignoreCase>false</ignoreCase>
            <useRegEx>true</useRegEx>
          </con:configuration>
        </con:assertion>
      </con:entry>
      <con:entry>
        <con:id>9e5620fd-efee-42f5-ae7e-8031d4bf3c94</con:id>
        <con:isGroup>false</con:isGroup>
        <con:sourceId>3803768f-e946-4659-a10d-a71af13d62eb</con:sourceId>
        <con:propertyName>res_placeId</con:propertyName>
        <con:assertion type="Simple Contains" name="Contains 5" id="e498713e-5e62-43c8-a313-77887881286b">
          <con:configuration>
            <token>\d+</token>
            <ignoreCase>false</ignoreCase>
            <useRegEx>true</useRegEx>
          </con:configuration>
        </con:assertion>
      </con:entry>
    </con:config>
  </con:testStep>
  <con:testStep type="transfer" name="Property Transfer entityIds" id="e8cf57fe-c191-45bc-9ca1-2a22e9fccd2f">
    <con:settings/>
    <con:config xsi:type="con:PropertyTransfersStep" xmlns:xsi="http://www.w3.org/2001/XMLSchema-instance">
      <con:transfers setNullOnMissingSource="true" transferTextContent="true" failOnError="true" ignoreEmpty="false" transferToAll="false" entitize="false" transferChildNodes="false">
        <con:name>soId</con:name>
        <con:sourceType>res_salesOrgId</con:sourceType>
        <con:sourceStep>Create sales organization and user</con:sourceStep>
        <con:sourcePath/>
        <con:targetType>soId</con:targetType>
        <con:targetStep>Given properties for the test steps</con:targetStep>
        <con:targetPath/>
        <con:upgraded>true</con:upgraded>
      </con:transfers>
      <con:transfers setNullOnMissingSource="true" transferTextContent="true" failOnError="true" ignoreEmpty="false" transferToAll="false" entitize="false" transferChildNodes="false">
        <con:name>inventoryId</con:name>
        <con:sourceType>res_inventoryRoleId</con:sourceType>
        <con:sourceStep>Create sales organization and user</con:sourceStep>
        <con:targetType>inventoryId</con:targetType>
        <con:targetStep>Given properties for the test steps</con:targetStep>
        <con:upgraded>true</con:upgraded>
      </con:transfers>
      <con:transfers setNullOnMissingSource="true" transferTextContent="true" failOnError="true" ignoreEmpty="false" transferToAll="false" entitize="false" transferChildNodes="false">
        <con:name>userId</con:name>
        <con:sourceType>res_userRoleId</con:sourceType>
        <con:sourceStep>Create sales organization and user</con:sourceStep>
        <con:targetType>userId</con:targetType>
        <con:targetStep>Given properties for the test steps</con:targetStep>
        <con:upgraded>true</con:upgraded>
      </con:transfers>
      <con:transfers setNullOnMissingSource="true" transferTextContent="true" failOnError="true" ignoreEmpty="false" transferToAll="false" entitize="false" transferChildNodes="false">
        <con:name>terminalId</con:name>
        <con:sourceType>res_terminalId</con:sourceType>
        <con:sourceStep>Create sales organization and user</con:sourceStep>
        <con:targetType>terminalId</con:targetType>
        <con:targetStep>Given properties for the test steps</con:targetStep>
        <con:upgraded>true</con:upgraded>
      </con:transfers>
      <con:transfers setNullOnMissingSource="true" transferTextContent="true" failOnError="true" ignoreEmpty="false" transferToAll="false" entitize="false" transferChildNodes="false">
        <con:name>placeId</con:name>
        <con:sourceType>res_placeId</con:sourceType>
        <con:sourceStep>Create sales organization and user</con:sourceStep>
        <con:targetType>placeId</con:targetType>
        <con:targetStep>Given properties for the test steps</con:targetStep>
        <con:upgraded>true</con:upgraded>
      </con:transfers>
    </con:config>
  </con:testStep>
  <con:testStep type="transfer" name="Set start session business interaction parameters" id="48555036-529a-4f01-ad0f-fbb638e6543c">
    <con:settings/>
    <con:config xsi:type="con:PropertyTransfersStep" xmlns:xsi="http://www.w3.org/2001/XMLSchema-instance">
      <con:transfers setNullOnMissingSource="true" transferTextContent="true" failOnError="true" ignoreEmpty="false" transferToAll="false" entitize="false" transferChildNodes="false">
        <con:name>terminalId</con:name>
        <con:sourceType>res_terminalId</con:sourceType>
        <con:sourceStep>Create sales organization and user</con:sourceStep>
        <con:sourcePath/>
        <con:targetType>req_terminalId</con:targetType>
        <con:targetStep>Create and submit start session business interaction</con:targetStep>
        <con:targetPath/>
        <con:upgraded>true</con:upgraded>
      </con:transfers>
      <con:transfers setNullOnMissingSource="true" transferTextContent="true" failOnError="true" ignoreEmpty="false" transferToAll="false" entitize="false" transferChildNodes="false">
        <con:name>soId</con:name>
        <con:sourceType>res_salesOrgId</con:sourceType>
        <con:sourceStep>Create sales organization and user</con:sourceStep>
        <con:targetType>req_salesOrgRoleId</con:targetType>
        <con:targetStep>Create and submit start session business interaction</con:targetStep>
        <con:upgraded>true</con:upgraded>
      </con:transfers>
      <con:transfers setNullOnMissingSource="true" transferTextContent="true" failOnError="true" ignoreEmpty="false" transferToAll="false" entitize="false" transferChildNodes="false">
        <con:name>userId</con:name>
        <con:sourceType>res_userRoleId</con:sourceType>
        <con:sourceStep>Create sales organization and user</con:sourceStep>
        <con:targetType>req_userRoleId</con:targetType>
        <con:targetStep>Create and submit start session business interaction</con:targetStep>
        <con:upgraded>true</con:upgraded>
      </con:transfers>
    </con:config>
  </con:testStep>
  <con:testStep type="calltestcase" name="Create and submit start session business interaction" id="ce2677df-b1b0-4d60-a06d-bab4756195f4">
    <con:settings/>
    <con:config xsi:type="con:RunTestCaseStep" xmlns:xsi="http://www.w3.org/2001/XMLSchema-instance">
      <con:targetTestCase>a8bc6612-7b48-44cc-84ed-0b76bc1c8f6d</con:targetTestCase>
      <con:properties>
        <con:property>
          <con:name>req_terminalId</con:name>
          <con:value>15</con:value>
        </con:property>
        <con:property>
          <con:name>req_userRoleId</con:name>
          <con:value>60</con:value>
        </con:property>
        <con:property>
          <con:name>req_salesOrgRoleId</con:name>
          <con:value>58</con:value>
        </con:property>
        <con:property>
          <con:name>res_biId</con:name>
          <con:value>1571</con:value>
        </con:property>
      </con:properties>
      <con:returnProperties>
        <con:entry>res_biId</con:entry>
      </con:returnProperties>
      <con:runMode>PARALLELL</con:runMode>
    </con:config>
  </con:testStep>
  <con:testStep type="assertionteststep" name="Assertion start session submitted successfully" id="bbb058b1-d376-4949-8732-07023a2aa547">
    <con:settings/>
    <con:config xsi:type="con:AssertionTestStep" xmlns:xsi="http://www.w3.org/2001/XMLSchema-instance">
      <con:entry>
        <con:id>ed12f36e-5297-4995-8273-47dba5f1caf0</con:id>
        <con:isGroup>false</con:isGroup>
        <con:sourceId>ce2677df-b1b0-4d60-a06d-bab4756195f4</con:sourceId>
        <con:propertyName>res_biId</con:propertyName>
        <con:assertion type="Simple Contains" name="Contains" id="f2a26f16-1ab7-4d9e-8e81-df30696883fe">
          <con:configuration>
            <token>\d+</token>
            <ignoreCase>false</ignoreCase>
            <useRegEx>true</useRegEx>
          </con:configuration>
        </con:assertion>
      </con:entry>
    </con:config>
  </con:testStep>
  <con:testStep type="transfer" name="Set create stockIn interaction success" id="b714fa2b-3a79-4188-b915-201598fc1ded">
    <con:settings/>
    <con:config xsi:type="con:PropertyTransfersStep" xmlns:xsi="http://www.w3.org/2001/XMLSchema-instance">
      <con:transfers setNullOnMissingSource="true" transferTextContent="true" failOnError="true" ignoreEmpty="false" transferToAll="false" entitize="false" transferChildNodes="false">
        <con:name>userId</con:name>
        <con:sourceType>userId</con:sourceType>
        <con:sourceStep>Given properties for the test steps</con:sourceStep>
        <con:sourcePath/>
        <con:targetType>req_userRoleId</con:targetType>
        <con:targetStep>Create stockIn interaction success</con:targetStep>
        <con:targetPath/>
        <con:upgraded>true</con:upgraded>
      </con:transfers>
      <con:transfers setNullOnMissingSource="true" transferTextContent="true" failOnError="true" ignoreEmpty="false" transferToAll="false" entitize="false" transferChildNodes="false">
        <con:name>soId</con:name>
        <con:sourceType>soId</con:sourceType>
        <con:sourceStep>Given properties for the test steps</con:sourceStep>
        <con:targetType>req_soRoleId</con:targetType>
        <con:targetStep>Create stockIn interaction success</con:targetStep>
        <con:upgraded>true</con:upgraded>
      </con:transfers>
      <con:transfers setNullOnMissingSource="true" transferTextContent="true" failOnError="true" ignoreEmpty="false" transferToAll="false" entitize="false" transferChildNodes="false">
        <con:name>biSpecCode</con:name>
        <con:sourceType>stockInBISpecCode</con:sourceType>
        <con:sourceStep>Given properties for the test steps</con:sourceStep>
        <con:targetType>req_biSpecCode</con:targetType>
        <con:targetStep>Create stockIn interaction success</con:targetStep>
        <con:upgraded>true</con:upgraded>
      </con:transfers>
    </con:config>
  </con:testStep>
  <con:testStep type="calltestcase" name="Create stockIn interaction success" id="b566445a-ba05-4a45-9695-3b4f3c328b1a">
    <con:settings/>
    <con:config xsi:type="con:RunTestCaseStep" xmlns:xsi="http://www.w3.org/2001/XMLSchema-instance">
      <con:targetTestCase>bba3ce34-4cc5-41fb-98a0-894988e91181</con:targetTestCase>
      <con:properties>
        <con:property>
          <con:name>req_userRoleId</con:name>
          <con:value>60</con:value>
        </con:property>
        <con:property>
          <con:name>req_soRoleId</con:name>
          <con:value>58</con:value>
        </con:property>
        <con:property>
          <con:name>req_biSpecCode</con:name>
          <con:value>STCKINBISPEC</con:value>
        </con:property>
        <con:property>
          <con:name>res_biId</con:name>
          <con:value>1591</con:value>
        </con:property>
        <con:property>
          <con:name>res_code</con:name>
          <con:value>201</con:value>
        </con:property>
        <con:property>
          <con:name>res_errorMessage</con:name>
          <con:value xsi:nil="true"/>
        </con:property>
        <con:property>
          <con:name>res_httpStatus</con:name>
        </con:property>
      </con:properties>
      <con:returnProperties>
        <con:entry>res_biId</con:entry>
        <con:entry>res_code</con:entry>
        <con:entry>res_errorMessage</con:entry>
      </con:returnProperties>
      <con:runMode>PARALLELL</con:runMode>
    </con:config>
  </con:testStep>
  <con:testStep type="assertionteststep" name="Assertion create stockIn interaction" id="f3c286f1-037f-4b85-9d87-b6b5b5998316">
    <con:settings/>
    <con:config xsi:type="con:AssertionTestStep" xmlns:xsi="http://www.w3.org/2001/XMLSchema-instance">
      <con:entry>
        <con:id>5a00af90-6c65-4b31-af91-7c82e371a89e</con:id>
        <con:isGroup>false</con:isGroup>
        <con:sourceId>b566445a-ba05-4a45-9695-3b4f3c328b1a</con:sourceId>
        <con:propertyName>res_biId</con:propertyName>
        <con:assertion type="Simple Contains" name="Contains" id="d8f608d5-8712-432c-89e9-3416f3e55fc4">
          <con:configuration>
            <token>\d+</token>
            <ignoreCase>false</ignoreCase>
            <useRegEx>true</useRegEx>
          </con:configuration>
        </con:assertion>
      </con:entry>
    </con:config>
  </con:testStep>
  <con:testStep type="transfer" name="Property Transfer for adding aggregated Item with negative quantity - errorCheck" id="4fef8506-019f-46f4-906d-bed1cf64507a">
    <con:settings/>
    <con:config xsi:type="con:PropertyTransfersStep" xmlns:xsi="http://www.w3.org/2001/XMLSchema-instance">
      <con:transfers setNullOnMissingSource="true" transferTextContent="true" failOnError="true" ignoreEmpty="false" transferToAll="false" entitize="false" transferChildNodes="false">
        <con:name>biId</con:name>
        <con:sourceType>res_biId</con:sourceType>
        <con:sourceStep>Create stockIn interaction success</con:sourceStep>
        <con:sourcePath/>
        <con:targetType>req_biId</con:targetType>
        <con:targetStep>Adding aggregated Item with negative quantity - errorChecck</con:targetStep>
        <con:targetPath/>
        <con:upgraded>true</con:upgraded>
      </con:transfers>
      <con:transfers setNullOnMissingSource="true" transferTextContent="true" failOnError="true" ignoreEmpty="false" transferToAll="false" entitize="false" transferChildNodes="false">
        <con:name>placeId</con:name>
        <con:sourceType>res_placeId</con:sourceType>
        <con:sourceStep>Create sales organization and user</con:sourceStep>
        <con:targetType>req_toPlaceId</con:targetType>
        <con:targetStep>Adding aggregated Item with negative quantity - errorChecck</con:targetStep>
        <con:upgraded>true</con:upgraded>
      </con:transfers>
      <con:transfers setNullOnMissingSource="true" transferTextContent="true" failOnError="true" ignoreEmpty="false" transferToAll="false" entitize="false" transferChildNodes="false">
        <con:name>soId</con:name>
        <con:sourceType>res_salesOrgId</con:sourceType>
        <con:sourceStep>Create sales organization and user</con:sourceStep>
        <con:targetType>req_soId</con:targetType>
        <con:targetStep>Adding aggregated Item with negative quantity - errorChecck</con:targetStep>
        <con:upgraded>true</con:upgraded>
      </con:transfers>
      <con:transfers setNullOnMissingSource="true" transferTextContent="true" failOnError="true" ignoreEmpty="false" transferToAll="false" entitize="false" transferChildNodes="false">
        <con:name>purchaseDate</con:name>
        <con:sourceType>purchaseDate</con:sourceType>
        <con:sourceStep>DataGen for current timeStamp</con:sourceStep>
        <con:targetType>req_purchaseDate</con:targetType>
        <con:targetStep>Adding aggregated Item with negative quantity - errorChecck</con:targetStep>
        <con:upgraded>true</con:upgraded>
      </con:transfers>
      <con:transfers setNullOnMissingSource="true" transferTextContent="true" failOnError="true" ignoreEmpty="false" transferToAll="false" entitize="false" transferChildNodes="false">
        <con:name>quantity</con:name>
        <con:sourceType>negative</con:sourceType>
        <con:sourceStep>Given properties for the test steps</con:sourceStep>
        <con:targetType>req_quantity</con:targetType>
        <con:targetStep>Adding aggregated Item with negative quantity - errorChecck</con:targetStep>
        <con:upgraded>true</con:upgraded>
      </con:transfers>
    </con:config>
  </con:testStep>
  <con:testStep type="calltestcase" name="Adding aggregated Item with negative quantity - errorChecck" id="c68e7384-6ffd-491e-8391-a2b6a9cdc9a9">
    <con:settings/>
    <con:config xsi:type="con:RunTestCaseStep" xmlns:xsi="http://www.w3.org/2001/XMLSchema-instance">
      <con:targetTestCase>5b682848-55d0-40d6-a04c-3744672801b3</con:targetTestCase>
      <con:properties>
        <con:property>
          <con:name>req_biId</con:name>
          <con:value>1591</con:value>
        </con:property>
        <con:property>
          <con:name>req_soId</con:name>
          <con:value>58</con:value>
        </con:property>
        <con:property>
          <con:name>res_code</con:name>
          <con:value>ITEM_QUANTITY_MUST_BE_GREATER_THAN_ZERO</con:value>
        </con:property>
        <con:property>
          <con:name>res_errorMessage</con:name>
          <con:value>ITEM_QUANTITY_MUST_BE_GREATER_THAN_ZERO</con:value>
        </con:property>
        <con:property>
          <con:name>res_id</con:name>
          <con:value xsi:nil="true"/>
        </con:property>
        <con:property>
          <con:name>res_status</con:name>
          <con:value>400</con:value>
        </con:property>
        <con:property>
          <con:name>req_toPlaceId</con:name>
          <con:value>32</con:value>
        </con:property>
        <con:property>
          <con:name>req_quantity</con:name>
          <con:value>-1</con:value>
        </con:property>
        <con:property>
          <con:name>req_purchaseDate</con:name>
          <con:value>2018-03-13T10:45:08.000Z</con:value>
        </con:property>
        <con:property>
          <con:name>res_errorCode</con:name>
          <con:value/>
        </con:property>
      </con:properties>
      <con:returnProperties>
        <con:entry>res_status</con:entry>
        <con:entry>res_code</con:entry>
        <con:entry>res_errorCode</con:entry>
        <con:entry>res_errorMessage</con:entry>
        <con:entry>res_id</con:entry>
      </con:returnProperties>
      <con:runMode>PARALLELL</con:runMode>
    </con:config>
  </con:testStep>
  <con:testStep type="assertionteststep" name="Assertion Adding aggregated Item with negative quantity - errorCheck" id="f2b8f7e9-8856-483d-8363-9bd0fdcda5e7">
    <con:settings/>
    <con:config xsi:type="con:AssertionTestStep" xmlns:xsi="http://www.w3.org/2001/XMLSchema-instance">
      <con:entry>
        <con:id>2d2d7160-800f-422e-8969-5348addec752</con:id>
        <con:isGroup>false</con:isGroup>
        <con:sourceId>c68e7384-6ffd-491e-8391-a2b6a9cdc9a9</con:sourceId>
        <con:propertyName>res_errorMessage</con:propertyName>
        <con:assertion type="Simple Equals" name="Equals" id="6b968462-5e88-4f46-87f4-015b1d5faf84">
          <con:configuration>
            <patternText>ITEM_QUANTITY_MUST_BE_GREATER_THAN_ZERO</patternText>
            <caseSensitive>true</caseSensitive>
          </con:configuration>
        </con:assertion>
      </con:entry>
      <con:entry>
        <con:id>3bafbfee-d662-451e-991f-901e79f9d55e</con:id>
        <con:isGroup>false</con:isGroup>
        <con:sourceId>c68e7384-6ffd-491e-8391-a2b6a9cdc9a9</con:sourceId>
        <con:propertyName>res_status</con:propertyName>
        <con:assertion type="Simple Equals" name="Equals 2" id="3535ea0f-f609-4bc1-afc6-eccb5c8c2016">
          <con:configuration>
            <patternText>400</patternText>
            <caseSensitive>true</caseSensitive>
          </con:configuration>
        </con:assertion>
      </con:entry>
    </con:config>
  </con:testStep>
  <con:testStep type="transfer" name="Property Transfer for adding aggregated Item 2" id="296f9b4e-3949-485b-af83-9f1b85af4443">
    <con:settings/>
    <con:config xsi:type="con:PropertyTransfersStep" xmlns:xsi="http://www.w3.org/2001/XMLSchema-instance">
      <con:transfers setNullOnMissingSource="true" transferTextContent="true" failOnError="true" ignoreEmpty="false" transferToAll="false" entitize="false" transferChildNodes="false">
        <con:name>biId</con:name>
        <con:sourceType>res_biId</con:sourceType>
        <con:sourceStep>Create stockIn interaction success</con:sourceStep>
        <con:sourcePath/>
        <con:targetType>req_biId</con:targetType>
        <con:targetStep>Add Aggregated nonSerialized Item 2</con:targetStep>
        <con:targetPath/>
        <con:upgraded>true</con:upgraded>
      </con:transfers>
      <con:transfers setNullOnMissingSource="true" transferTextContent="true" failOnError="true" ignoreEmpty="false" transferToAll="false" entitize="false" transferChildNodes="false">
        <con:name>placeId</con:name>
        <con:sourceType>res_placeId</con:sourceType>
        <con:sourceStep>Create sales organization and user</con:sourceStep>
        <con:targetType>req_toPlaceId</con:targetType>
        <con:targetStep>Add Aggregated nonSerialized Item 2</con:targetStep>
        <con:upgraded>true</con:upgraded>
      </con:transfers>
      <con:transfers setNullOnMissingSource="true" transferTextContent="true" failOnError="true" ignoreEmpty="false" transferToAll="false" entitize="false" transferChildNodes="false" disabled="true">
        <con:name>userId</con:name>
        <con:sourceType>res_userRoleId</con:sourceType>
        <con:sourceStep>Create sales organization and user</con:sourceStep>
        <con:targetType xsi:nil="true"/>
        <con:targetStep>Add Aggregated nonSerialized Item 2</con:targetStep>
        <con:upgraded>true</con:upgraded>
      </con:transfers>
      <con:transfers setNullOnMissingSource="true" transferTextContent="true" failOnError="true" ignoreEmpty="false" transferToAll="false" entitize="false" transferChildNodes="false">
        <con:name>soId</con:name>
        <con:sourceType>res_salesOrgId</con:sourceType>
        <con:sourceStep>Create sales organization and user</con:sourceStep>
        <con:targetType>req_soId</con:targetType>
        <con:targetStep>Add Aggregated nonSerialized Item 2</con:targetStep>
        <con:upgraded>true</con:upgraded>
      </con:transfers>
      <con:transfers setNullOnMissingSource="true" transferTextContent="true" failOnError="true" ignoreEmpty="false" transferToAll="false" entitize="false" transferChildNodes="false">
        <con:name>purchaseDate</con:name>
        <con:sourceType>purchaseDate</con:sourceType>
        <con:sourceStep>DataGen for current timeStamp</con:sourceStep>
        <con:targetType>req_purchaseDate</con:targetType>
        <con:targetStep>Add Aggregated nonSerialized Item 2</con:targetStep>
        <con:upgraded>true</con:upgraded>
      </con:transfers>
      <con:transfers setNullOnMissingSource="true" transferTextContent="true" failOnError="true" ignoreEmpty="false" transferToAll="false" entitize="false" transferChildNodes="false">
        <con:name>quantity</con:name>
        <con:sourceType>quantity</con:sourceType>
        <con:sourceStep>Given properties for the test steps</con:sourceStep>
        <con:targetType>req_quantity</con:targetType>
        <con:targetStep>Add Aggregated nonSerialized Item 2</con:targetStep>
        <con:upgraded>true</con:upgraded>
      </con:transfers>
    </con:config>
  </con:testStep>
  <con:testStep type="calltestcase" name="Add Aggregated nonSerialized Item 2" id="98f0f96d-dcf4-42a1-83d1-c24d67c35166">
    <con:settings/>
    <con:config xsi:type="con:RunTestCaseStep" xmlns:xsi="http://www.w3.org/2001/XMLSchema-instance">
      <con:targetTestCase>5b682848-55d0-40d6-a04c-3744672801b3</con:targetTestCase>
      <con:properties>
        <con:property>
          <con:name>req_biId</con:name>
          <con:value>1591</con:value>
        </con:property>
        <con:property>
          <con:name>req_soId</con:name>
          <con:value>58</con:value>
        </con:property>
        <con:property>
          <con:name>res_code</con:name>
          <con:value xsi:nil="true"/>
        </con:property>
        <con:property>
          <con:name>res_errorMessage</con:name>
          <con:value xsi:nil="true"/>
        </con:property>
        <con:property>
          <con:name>res_id</con:name>
          <con:value>408</con:value>
        </con:property>
        <con:property>
          <con:name>res_status</con:name>
          <con:value>201</con:value>
        </con:property>
        <con:property>
          <con:name>req_toPlaceId</con:name>
          <con:value>32</con:value>
        </con:property>
        <con:property>
          <con:name>req_quantity</con:name>
          <con:value>134</con:value>
        </con:property>
        <con:property>
          <con:name>req_purchaseDate</con:name>
          <con:value>2018-03-13T10:45:08.000Z</con:value>
        </con:property>
        <con:property>
          <con:name>res_errorCode</con:name>
          <con:value/>
        </con:property>
      </con:properties>
      <con:returnProperties>
        <con:entry>res_status</con:entry>
        <con:entry>res_code</con:entry>
        <con:entry>res_errorCode</con:entry>
        <con:entry>res_errorMessage</con:entry>
        <con:entry>res_id</con:entry>
      </con:returnProperties>
      <con:runMode>PARALLELL</con:runMode>
    </con:config>
  </con:testStep>
  <con:testStep type="assertionteststep" name="Assertion for adding Aggregated nonSerialized Item 2" id="904f9fb2-e8fe-40a7-9d2a-0ca3eba74faf">
    <con:settings/>
    <con:config xsi:type="con:AssertionTestStep" xmlns:xsi="http://www.w3.org/2001/XMLSchema-instance">
      <con:entry>
        <con:id>09c88295-6eb3-47c3-a26a-ec49f26876b8</con:id>
        <con:isGroup>false</con:isGroup>
        <con:sourceId>98f0f96d-dcf4-42a1-83d1-c24d67c35166</con:sourceId>
        <con:propertyName>res_id</con:propertyName>
        <con:assertion type="Simple Contains" name="Contains" id="60c32d82-9afe-4b2d-9bcb-9f77ff1ec756">
          <con:configuration>
            <token>\d+</token>
            <ignoreCase>false</ignoreCase>
            <useRegEx>true</useRegEx>
          </con:configuration>
        </con:assertion>
      </con:entry>
      <con:entry>
        <con:id>27b028c8-4c32-4a74-b5cb-7c1e880dd0cd</con:id>
        <con:isGroup>false</con:isGroup>
        <con:sourceId>98f0f96d-dcf4-42a1-83d1-c24d67c35166</con:sourceId>
        <con:propertyName>res_status</con:propertyName>
        <con:assertion type="Simple Equals" name="Equals" id="1b78f66f-a21f-4451-8aae-dff7c22eec33">
          <con:configuration>
            <patternText>201</patternText>
            <caseSensitive>true</caseSensitive>
          </con:configuration>
        </con:assertion>
      </con:entry>
    </con:config>
  </con:testStep>
  <con:testStep type="transfer" name="Property Transfer for adding aggregated Item with negative quantity" id="cb3d0fb6-b8f5-46f7-acf5-53447f54974e">
    <con:settings/>
    <con:config xsi:type="con:PropertyTransfersStep" xmlns:xsi="http://www.w3.org/2001/XMLSchema-instance">
      <con:transfers setNullOnMissingSource="true" transferTextContent="true" failOnError="true" ignoreEmpty="false" transferToAll="false" entitize="false" transferChildNodes="false">
        <con:name>biId</con:name>
        <con:sourceType>res_biId</con:sourceType>
        <con:sourceStep>Create stockIn interaction success</con:sourceStep>
        <con:sourcePath/>
        <con:targetType>req_biId</con:targetType>
        <con:targetStep>Adding aggregated Item with negative quantity</con:targetStep>
        <con:targetPath/>
        <con:upgraded>true</con:upgraded>
      </con:transfers>
      <con:transfers setNullOnMissingSource="true" transferTextContent="true" failOnError="true" ignoreEmpty="false" transferToAll="false" entitize="false" transferChildNodes="false">
        <con:name>placeId</con:name>
        <con:sourceType>res_placeId</con:sourceType>
        <con:sourceStep>Create sales organization and user</con:sourceStep>
        <con:targetType>req_toPlaceId</con:targetType>
        <con:targetStep>Adding aggregated Item with negative quantity</con:targetStep>
        <con:upgraded>true</con:upgraded>
      </con:transfers>
      <con:transfers setNullOnMissingSource="true" transferTextContent="true" failOnError="true" ignoreEmpty="false" transferToAll="false" entitize="false" transferChildNodes="false">
        <con:name>soId</con:name>
        <con:sourceType>res_salesOrgId</con:sourceType>
        <con:sourceStep>Create sales organization and user</con:sourceStep>
        <con:targetType>req_soId</con:targetType>
        <con:targetStep>Adding aggregated Item with negative quantity</con:targetStep>
        <con:upgraded>true</con:upgraded>
      </con:transfers>
      <con:transfers setNullOnMissingSource="true" transferTextContent="true" failOnError="true" ignoreEmpty="false" transferToAll="false" entitize="false" transferChildNodes="false">
        <con:name>purchaseDate</con:name>
        <con:sourceType>purchaseDate</con:sourceType>
        <con:sourceStep>DataGen for current timeStamp</con:sourceStep>
        <con:targetType>req_purchaseDate</con:targetType>
        <con:targetStep>Adding aggregated Item with negative quantity</con:targetStep>
        <con:upgraded>true</con:upgraded>
      </con:transfers>
      <con:transfers setNullOnMissingSource="true" transferTextContent="true" failOnError="true" ignoreEmpty="false" transferToAll="false" entitize="false" transferChildNodes="false">
        <con:name>quantity</con:name>
        <con:sourceType>negative</con:sourceType>
        <con:sourceStep>Given properties for the test steps</con:sourceStep>
        <con:targetType>req_quantity</con:targetType>
        <con:targetStep>Adding aggregated Item with negative quantity</con:targetStep>
        <con:upgraded>true</con:upgraded>
      </con:transfers>
    </con:config>
  </con:testStep>
  <con:testStep type="calltestcase" name="Adding aggregated Item with negative quantity" id="506e602c-10ee-4de0-8b24-1e6406fb1ea0">
    <con:settings/>
    <con:config xsi:type="con:RunTestCaseStep" xmlns:xsi="http://www.w3.org/2001/XMLSchema-instance">
      <con:targetTestCase>5b682848-55d0-40d6-a04c-3744672801b3</con:targetTestCase>
      <con:properties>
        <con:property>
          <con:name>req_biId</con:name>
          <con:value>1591</con:value>
        </con:property>
        <con:property>
          <con:name>req_soId</con:name>
          <con:value>58</con:value>
        </con:property>
        <con:property>
          <con:name>res_code</con:name>
          <con:value>ITEM_QUANTITY_MUST_BE_GREATER_THAN_ZERO</con:value>
        </con:property>
        <con:property>
          <con:name>res_errorMessage</con:name>
          <con:value>ITEM_QUANTITY_MUST_BE_GREATER_THAN_ZERO</con:value>
        </con:property>
        <con:property>
          <con:name>res_id</con:name>
          <con:value xsi:nil="true"/>
        </con:property>
        <con:property>
          <con:name>res_status</con:name>
          <con:value>400</con:value>
        </con:property>
        <con:property>
          <con:name>req_toPlaceId</con:name>
          <con:value>32</con:value>
        </con:property>
        <con:property>
          <con:name>req_quantity</con:name>
          <con:value>-1</con:value>
        </con:property>
        <con:property>
          <con:name>req_purchaseDate</con:name>
          <con:value>2018-03-13T10:45:08.000Z</con:value>
        </con:property>
        <con:property>
          <con:name>res_errorCode</con:name>
          <con:value/>
        </con:property>
      </con:properties>
      <con:returnProperties>
        <con:entry>res_status</con:entry>
        <con:entry>res_code</con:entry>
        <con:entry>res_errorCode</con:entry>
        <con:entry>res_errorMessage</con:entry>
        <con:entry>res_id</con:entry>
      </con:returnProperties>
      <con:runMode>PARALLELL</con:runMode>
    </con:config>
  </con:testStep>
  <con:testStep type="assertionteststep" name="Assertion Adding aggregated Item with negative quantity" id="ad1e4c4a-f4be-48fe-895c-a2da3e536016">
    <con:settings/>
    <con:config xsi:type="con:AssertionTestStep" xmlns:xsi="http://www.w3.org/2001/XMLSchema-instance">
      <con:entry>
        <con:id>2116c602-33f1-475d-bf90-22d727f6066d</con:id>
        <con:isGroup>false</con:isGroup>
        <con:sourceId>506e602c-10ee-4de0-8b24-1e6406fb1ea0</con:sourceId>
        <con:propertyName>res_status</con:propertyName>
        <con:assertion type="Simple Equals" name="Equals" id="3b34edf5-ffae-4608-8718-4280ddacadc3">
          <con:configuration>
            <patternText>400</patternText>
            <caseSensitive>true</caseSensitive>
          </con:configuration>
        </con:assertion>
      </con:entry>
      <con:entry>
        <con:id>cdad09e4-228c-4bcb-8824-9a8ccb1ca506</con:id>
        <con:isGroup>false</con:isGroup>
        <con:sourceId>506e602c-10ee-4de0-8b24-1e6406fb1ea0</con:sourceId>
        <con:propertyName>res_errorMessage</con:propertyName>
        <con:assertion type="Simple Equals" name="Equals 2" id="f98895c1-1c38-4ee8-9524-87d7b93b037e">
          <con:configuration>
            <patternText>ITEM_QUANTITY_MUST_BE_GREATER_THAN_ZERO</patternText>
            <caseSensitive>true</caseSensitive>
          </con:configuration>
        </con:assertion>
      </con:entry>
      <con:entry>
        <con:id>0e0c362c-6f77-42e0-9d12-df626724aa16</con:id>
        <con:isGroup>false</con:isGroup>
        <con:sourceId>506e602c-10ee-4de0-8b24-1e6406fb1ea0</con:sourceId>
        <con:propertyName>res_id</con:propertyName>
        <con:assertion type="Simple Contains" name="Contains" id="b6faaf0e-004f-46d8-a43c-e8d1aeed5101" disabled="true">
          <con:configuration>
            <token>\d+</token>
            <ignoreCase>false</ignoreCase>
            <useRegEx>true</useRegEx>
          </con:configuration>
        </con:assertion>
      </con:entry>
    </con:config>
  </con:testStep>
  <con:testStep type="transfer" name="Property Transfer for adding aggregated Item with zero quantity" id="5143b8b6-f3df-4c6d-a11d-e230ca01bb78">
    <con:settings/>
    <con:config xsi:type="con:PropertyTransfersStep" xmlns:xsi="http://www.w3.org/2001/XMLSchema-instance">
      <con:transfers setNullOnMissingSource="true" transferTextContent="true" failOnError="true" ignoreEmpty="false" transferToAll="false" entitize="false" transferChildNodes="false">
        <con:name>biId</con:name>
        <con:sourceType>res_biId</con:sourceType>
        <con:sourceStep>Create stockIn interaction success</con:sourceStep>
        <con:sourcePath/>
        <con:targetType>req_biId</con:targetType>
        <con:targetStep>Adding aggregated Item with zero quantity</con:targetStep>
        <con:targetPath/>
        <con:upgraded>true</con:upgraded>
      </con:transfers>
      <con:transfers setNullOnMissingSource="true" transferTextContent="true" failOnError="true" ignoreEmpty="false" transferToAll="false" entitize="false" transferChildNodes="false">
        <con:name>placeId</con:name>
        <con:sourceType>res_placeId</con:sourceType>
        <con:sourceStep>Create sales organization and user</con:sourceStep>
        <con:targetType>req_toPlaceId</con:targetType>
        <con:targetStep>Adding aggregated Item with zero quantity</con:targetStep>
        <con:upgraded>true</con:upgraded>
      </con:transfers>
      <con:transfers setNullOnMissingSource="true" transferTextContent="true" failOnError="true" ignoreEmpty="false" transferToAll="false" entitize="false" transferChildNodes="false">
        <con:name>soId</con:name>
        <con:sourceType>res_salesOrgId</con:sourceType>
        <con:sourceStep>Create sales organization and user</con:sourceStep>
        <con:targetType>req_soId</con:targetType>
        <con:targetStep>Adding aggregated Item with zero quantity</con:targetStep>
        <con:upgraded>true</con:upgraded>
      </con:transfers>
      <con:transfers setNullOnMissingSource="true" transferTextContent="true" failOnError="true" ignoreEmpty="false" transferToAll="false" entitize="false" transferChildNodes="false">
        <con:name>purchaseDate</con:name>
        <con:sourceType>purchaseDate</con:sourceType>
        <con:sourceStep>DataGen for current timeStamp</con:sourceStep>
        <con:targetType>req_purchaseDate</con:targetType>
        <con:targetStep>Adding aggregated Item with zero quantity</con:targetStep>
        <con:upgraded>true</con:upgraded>
      </con:transfers>
      <con:transfers setNullOnMissingSource="true" transferTextContent="true" failOnError="true" ignoreEmpty="false" transferToAll="false" entitize="false" transferChildNodes="false">
        <con:name>quantity</con:name>
        <con:sourceType>zero</con:sourceType>
        <con:sourceStep>Given properties for the test steps</con:sourceStep>
        <con:targetType>req_quantity</con:targetType>
        <con:targetStep>Adding aggregated Item with zero quantity</con:targetStep>
        <con:upgraded>true</con:upgraded>
      </con:transfers>
    </con:config>
  </con:testStep>
  <con:testStep type="calltestcase" name="Adding aggregated Item with zero quantity" id="702c3775-764a-477d-a4c1-63c6b738db4c">
    <con:settings/>
    <con:config xsi:type="con:RunTestCaseStep" xmlns:xsi="http://www.w3.org/2001/XMLSchema-instance">
      <con:targetTestCase>5b682848-55d0-40d6-a04c-3744672801b3</con:targetTestCase>
      <con:properties>
        <con:property>
          <con:name>req_biId</con:name>
          <con:value>1591</con:value>
        </con:property>
        <con:property>
          <con:name>req_soId</con:name>
          <con:value>58</con:value>
        </con:property>
        <con:property>
          <con:name>res_code</con:name>
          <con:value>ITEM_QUANTITY_MUST_BE_GREATER_THAN_ZERO</con:value>
        </con:property>
        <con:property>
          <con:name>res_errorMessage</con:name>
          <con:value>ITEM_QUANTITY_MUST_BE_GREATER_THAN_ZERO</con:value>
        </con:property>
        <con:property>
          <con:name>res_id</con:name>
          <con:value xsi:nil="true"/>
        </con:property>
        <con:property>
          <con:name>res_status</con:name>
          <con:value>400</con:value>
        </con:property>
        <con:property>
          <con:name>req_toPlaceId</con:name>
          <con:value>32</con:value>
        </con:property>
        <con:property>
          <con:name>req_quantity</con:name>
          <con:value>0</con:value>
        </con:property>
        <con:property>
          <con:name>req_purchaseDate</con:name>
          <con:value>2018-03-13T10:45:08.000Z</con:value>
        </con:property>
        <con:property>
          <con:name>res_errorCode</con:name>
          <con:value/>
        </con:property>
      </con:properties>
      <con:returnProperties>
        <con:entry>res_status</con:entry>
        <con:entry>res_code</con:entry>
        <con:entry>res_errorCode</con:entry>
        <con:entry>res_errorMessage</con:entry>
        <con:entry>res_id</con:entry>
      </con:returnProperties>
      <con:runMode>PARALLELL</con:runMode>
    </con:config>
  </con:testStep>
  <con:testStep type="assertionteststep" name="Assertion Adding aggregated Item with zero quantity" id="9a68a9ad-8949-40a9-a29c-babb26d344bc">
    <con:settings/>
    <con:config xsi:type="con:AssertionTestStep" xmlns:xsi="http://www.w3.org/2001/XMLSchema-instance">
      <con:entry>
        <con:id>21dc5362-3dca-48f5-b295-2be77722dd86</con:id>
        <con:isGroup>false</con:isGroup>
        <con:sourceId>702c3775-764a-477d-a4c1-63c6b738db4c</con:sourceId>
        <con:propertyName>res_errorMessage</con:propertyName>
        <con:assertion type="Simple Contains" name="Contains" id="69fb274c-ac78-4954-b10d-188fc627c790">
          <con:configuration>
            <token>ITEM_QUANTITY_MUST_BE_GREATER_THAN_ZERO</token>
            <ignoreCase>false</ignoreCase>
            <useRegEx>false</useRegEx>
          </con:configuration>
        </con:assertion>
      </con:entry>
      <con:entry>
        <con:id>8c80d323-9f9e-4ae8-b9d7-8e7b3cebedec</con:id>
        <con:isGroup>false</con:isGroup>
        <con:sourceId>702c3775-764a-477d-a4c1-63c6b738db4c</con:sourceId>
        <con:propertyName>res_status</con:propertyName>
        <con:assertion type="Simple Equals" name="Equals" id="f218e9df-7008-4d3f-bc13-778ef72fa13a">
          <con:configuration>
            <patternText>400</patternText>
            <caseSensitive>true</caseSensitive>
          </con:configuration>
        </con:assertion>
      </con:entry>
      <con:entry>
        <con:id>0a66f53a-4369-4e25-8a0c-b308567f105a</con:id>
        <con:isGroup>false</con:isGroup>
        <con:sourceId>702c3775-764a-477d-a4c1-63c6b738db4c</con:sourceId>
        <con:propertyName>res_id</con:propertyName>
        <con:assertion type="Simple Contains" name="Contains 2" id="86d957b7-8c59-4033-bbe6-9069f061ab14" disabled="true">
          <con:configuration>
            <token>\d+</token>
            <ignoreCase>false</ignoreCase>
            <useRegEx>true</useRegEx>
          </con:configuration>
        </con:assertion>
      </con:entry>
    </con:config>
  </con:testStep>
  <con:testStep type="transfer" name="Property Transfer for adding aggregated Item with character quantity" id="18994bfd-6acb-4673-ac6e-1e05b59261b6">
    <con:settings/>
    <con:config xsi:type="con:PropertyTransfersStep" xmlns:xsi="http://www.w3.org/2001/XMLSchema-instance">
      <con:transfers setNullOnMissingSource="true" transferTextContent="true" failOnError="true" ignoreEmpty="false" transferToAll="false" entitize="false" transferChildNodes="false">
        <con:name>biId</con:name>
        <con:sourceType>res_biId</con:sourceType>
        <con:sourceStep>Create stockIn interaction success</con:sourceStep>
        <con:sourcePath/>
        <con:targetType>req_biId</con:targetType>
        <con:targetStep>Adding aggregated Item with character quantity</con:targetStep>
        <con:targetPath/>
        <con:upgraded>true</con:upgraded>
      </con:transfers>
      <con:transfers setNullOnMissingSource="true" transferTextContent="true" failOnError="true" ignoreEmpty="false" transferToAll="false" entitize="false" transferChildNodes="false">
        <con:name>placeId</con:name>
        <con:sourceType>res_placeId</con:sourceType>
        <con:sourceStep>Create sales organization and user</con:sourceStep>
        <con:targetType>req_toPlaceId</con:targetType>
        <con:targetStep>Adding aggregated Item with character quantity</con:targetStep>
        <con:upgraded>true</con:upgraded>
      </con:transfers>
      <con:transfers setNullOnMissingSource="true" transferTextContent="true" failOnError="true" ignoreEmpty="false" transferToAll="false" entitize="false" transferChildNodes="false">
        <con:name>soId</con:name>
        <con:sourceType>res_salesOrgId</con:sourceType>
        <con:sourceStep>Create sales organization and user</con:sourceStep>
        <con:targetType>req_soId</con:targetType>
        <con:targetStep>Adding aggregated Item with character quantity</con:targetStep>
        <con:upgraded>true</con:upgraded>
      </con:transfers>
      <con:transfers setNullOnMissingSource="true" transferTextContent="true" failOnError="true" ignoreEmpty="false" transferToAll="false" entitize="false" transferChildNodes="false">
        <con:name>purchaseDate</con:name>
        <con:sourceType>purchaseDate</con:sourceType>
        <con:sourceStep>DataGen for current timeStamp</con:sourceStep>
        <con:targetType>req_purchaseDate</con:targetType>
        <con:targetStep>Adding aggregated Item with character quantity</con:targetStep>
        <con:upgraded>true</con:upgraded>
      </con:transfers>
      <con:transfers setNullOnMissingSource="true" transferTextContent="true" failOnError="true" ignoreEmpty="false" transferToAll="false" entitize="false" transferChildNodes="false">
        <con:name>quantity</con:name>
        <con:sourceType>character</con:sourceType>
        <con:sourceStep>Given properties for the test steps</con:sourceStep>
        <con:targetType>req_quantity</con:targetType>
        <con:targetStep>Adding aggregated Item with character quantity</con:targetStep>
        <con:upgraded>true</con:upgraded>
      </con:transfers>
    </con:config>
  </con:testStep>
  <con:testStep type="calltestcase" name="Adding aggregated Item with character quantity" id="20884a97-a0f0-44bb-9390-36cf0d36eee4">
    <con:settings/>
    <con:config xsi:type="con:RunTestCaseStep" xmlns:xsi="http://www.w3.org/2001/XMLSchema-instance">
      <con:targetTestCase>5b682848-55d0-40d6-a04c-3744672801b3</con:targetTestCase>
      <con:properties>
        <con:property>
          <con:name>req_biId</con:name>
          <con:value>1591</con:value>
        </con:property>
        <con:property>
          <con:name>req_soId</con:name>
          <con:value>58</con:value>
        </con:property>
        <con:property>
          <con:name>res_code</con:name>
          <con:value>400</con:value>
        </con:property>
        <con:property>
          <con:name>res_errorMessage</con:name>
          <con:value>400</con:value>
        </con:property>
        <con:property>
          <con:name>res_id</con:name>
          <con:value xsi:nil="true"/>
        </con:property>
        <con:property>
          <con:name>res_status</con:name>
          <con:value>400</con:value>
        </con:property>
        <con:property>
          <con:name>req_toPlaceId</con:name>
          <con:value>32</con:value>
        </con:property>
        <con:property>
          <con:name>req_quantity</con:name>
          <con:value>qwerty</con:value>
        </con:property>
        <con:property>
          <con:name>req_purchaseDate</con:name>
          <con:value>2018-03-13T10:45:08.000Z</con:value>
        </con:property>
        <con:property>
          <con:name>res_errorCode</con:name>
          <con:value/>
        </con:property>
      </con:properties>
      <con:returnProperties>
        <con:entry>res_status</con:entry>
        <con:entry>res_code</con:entry>
        <con:entry>res_errorCode</con:entry>
        <con:entry>res_errorMessage</con:entry>
        <con:entry>res_id</con:entry>
      </con:returnProperties>
      <con:runMode>PARALLELL</con:runMode>
    </con:config>
  </con:testStep>
  <con:testStep type="assertionteststep" name="Assertion Adding aggregated Item with character quantity" id="ef120e8a-b5d4-4c04-b41a-7c5ecd414c71">
    <con:settings/>
    <con:config xsi:type="con:AssertionTestStep" xmlns:xsi="http://www.w3.org/2001/XMLSchema-instance">
      <con:entry>
        <con:id>9d68a5dd-7c6e-4f49-973b-609e0c6b44e0</con:id>
        <con:isGroup>false</con:isGroup>
        <con:sourceId>20884a97-a0f0-44bb-9390-36cf0d36eee4</con:sourceId>
        <con:propertyName>res_code</con:propertyName>
        <con:assertion type="Simple Equals" name="Equals" id="1c8db5ef-3a6b-4c50-8dc5-41458c0b22f2">
          <con:configuration>
            <patternText>400</patternText>
            <caseSensitive>true</caseSensitive>
          </con:configuration>
        </con:assertion>
      </con:entry>
      <con:entry>
        <con:id>c3682b6b-192c-402b-ad52-5dfe8064044c</con:id>
        <con:isGroup>false</con:isGroup>
        <con:sourceId>20884a97-a0f0-44bb-9390-36cf0d36eee4</con:sourceId>
        <con:propertyName>res_status</con:propertyName>
        <con:assertion type="Simple Equals" name="Equals 2" id="cce6b1ec-a0ac-4efa-adf3-1345be03866d">
          <con:configuration>
            <patternText>400</patternText>
            <caseSensitive>true</caseSensitive>
          </con:configuration>
        </con:assertion>
      </con:entry>
    </con:config>
  </con:testStep>
  <con:testStep type="transfer" name="Property Transfer for deleting aggregated item" id="d99f5665-a4cf-48d2-813e-baeca3dfa772">
    <con:settings/>
    <con:config xsi:type="con:PropertyTransfersStep" xmlns:xsi="http://www.w3.org/2001/XMLSchema-instance">
      <con:transfers setNullOnMissingSource="true" transferTextContent="true" failOnError="true" ignoreEmpty="false" transferToAll="false" entitize="false" transferChildNodes="false">
        <con:name>biId</con:name>
        <con:sourceType>res_biId</con:sourceType>
        <con:sourceStep>Create stockIn interaction success</con:sourceStep>
        <con:sourcePath/>
        <con:targetType>req_biId</con:targetType>
        <con:targetStep>Delete aggregated item</con:targetStep>
        <con:targetPath/>
        <con:upgraded>true</con:upgraded>
      </con:transfers>
      <con:transfers setNullOnMissingSource="true" transferTextContent="true" failOnError="true" ignoreEmpty="false" transferToAll="false" entitize="false" transferChildNodes="false">
        <con:name>aggregatedItemId</con:name>
        <con:sourceType>res_id</con:sourceType>
        <con:sourceStep>Add Aggregated nonSerialized Item 2</con:sourceStep>
        <con:targetType>req_aggregatedItemId</con:targetType>
        <con:targetStep>Delete aggregated item</con:targetStep>
        <con:upgraded>true</con:upgraded>
      </con:transfers>
    </con:config>
  </con:testStep>
  <con:testStep type="calltestcase" name="Delete aggregated item" id="abd8d139-e9d9-4775-9999-6480532b48c7">
    <con:settings/>
    <con:config xsi:type="con:RunTestCaseStep" xmlns:xsi="http://www.w3.org/2001/XMLSchema-instance">
      <con:targetTestCase>c41c25fd-1111-4fc2-bf79-c3e89d5155da</con:targetTestCase>
      <con:properties>
        <con:property>
          <con:name>req_biId</con:name>
          <con:value>1591</con:value>
        </con:property>
        <con:property>
          <con:name>req_aggregatedItemId</con:name>
          <con:value>408</con:value>
        </con:property>
        <con:property>
          <con:name>res_status</con:name>
          <con:value>200</con:value>
        </con:property>
        <con:property>
          <con:name>res_code</con:name>
          <con:value xsi:nil="true"/>
        </con:property>
        <con:property>
          <con:name>res_errorMessage</con:name>
          <con:value xsi:nil="true"/>
        </con:property>
        <con:property>
          <con:name>res_id</con:name>
          <con:value>408</con:value>
        </con:property>
      </con:properties>
      <con:returnProperties>
        <con:entry>res_status</con:entry>
        <con:entry>res_code</con:entry>
        <con:entry>res_errorMessage</con:entry>
        <con:entry>res_id</con:entry>
      </con:returnProperties>
      <con:runMode>PARALLELL</con:runMode>
    </con:config>
  </con:testStep>
  <con:testStep type="assertionteststep" name="Assertion for delete aggregated item" id="22828db6-b772-43ab-8223-9e429725a51a">
    <con:settings/>
    <con:config xsi:type="con:AssertionTestStep" xmlns:xsi="http://www.w3.org/2001/XMLSchema-instance">
      <con:entry>
        <con:id>0f0a9a91-2e56-461c-8092-91e31f71bbd3</con:id>
        <con:isGroup>false</con:isGroup>
        <con:sourceId>abd8d139-e9d9-4775-9999-6480532b48c7</con:sourceId>
        <con:propertyName>res_status</con:propertyName>
        <con:assertion type="Simple Equals" name="Equals" id="69cd2446-cb58-458e-a5eb-dd9192bca7fd">
          <con:configuration>
            <patternText>200</patternText>
            <caseSensitive>true</caseSensitive>
          </con:configuration>
        </con:assertion>
      </con:entry>
      <con:entry>
        <con:id>019784de-e57d-4654-a43a-d5e4f6e72713</con:id>
        <con:isGroup>false</con:isGroup>
        <con:sourceId>abd8d139-e9d9-4775-9999-6480532b48c7</con:sourceId>
        <con:propertyName>req_aggregatedItemId</con:propertyName>
        <con:assertion type="Simple Equals" name="Equals 2" id="a22dd0e5-196a-4dca-a463-7c532b72246f">
          <con:configuration>
            <patternObjectId>98f0f96d-dcf4-42a1-83d1-c24d67c35166</patternObjectId>
            <patternProperty>res_id</patternProperty>
            <caseSensitive>true</caseSensitive>
          </con:configuration>
        </con:assertion>
      </con:entry>
    </con:config>
  </con:testStep>
  <con:testStep type="transfer" name="Property Transfer for adding aggregated Item - woRange - negative quantity" id="4f707993-5e9d-411f-8f1d-70a58625084a">
    <con:settings/>
    <con:config xsi:type="con:PropertyTransfersStep" xmlns:xsi="http://www.w3.org/2001/XMLSchema-instance">
      <con:transfers setNullOnMissingSource="true" transferTextContent="true" failOnError="true" ignoreEmpty="false" transferToAll="false" entitize="false" transferChildNodes="false">
        <con:name>biId</con:name>
        <con:sourceType>res_biId</con:sourceType>
        <con:sourceStep>Create stockIn interaction success</con:sourceStep>
        <con:sourcePath/>
        <con:targetType>req_biId</con:targetType>
        <con:targetStep>Adding aggregated Item - woRange - negative quantity</con:targetStep>
        <con:targetPath/>
        <con:upgraded>true</con:upgraded>
      </con:transfers>
      <con:transfers setNullOnMissingSource="true" transferTextContent="true" failOnError="true" ignoreEmpty="false" transferToAll="false" entitize="false" transferChildNodes="false">
        <con:name>placeId</con:name>
        <con:sourceType>res_placeId</con:sourceType>
        <con:sourceStep>Create sales organization and user</con:sourceStep>
        <con:targetType>req_toPlaceId</con:targetType>
        <con:targetStep>Adding aggregated Item - woRange - negative quantity</con:targetStep>
        <con:upgraded>true</con:upgraded>
      </con:transfers>
      <con:transfers setNullOnMissingSource="true" transferTextContent="true" failOnError="true" ignoreEmpty="false" transferToAll="false" entitize="false" transferChildNodes="false" disabled="true">
        <con:name>serialNumber</con:name>
        <con:sourceType>batchId</con:sourceType>
        <con:sourceStep>DataGen for current timeStamp</con:sourceStep>
        <con:targetType>req_startSerialNumber</con:targetType>
        <con:targetStep>Add Aggregated serial Item</con:targetStep>
        <con:upgraded>true</con:upgraded>
      </con:transfers>
      <con:transfers setNullOnMissingSource="true" transferTextContent="true" failOnError="true" ignoreEmpty="false" transferToAll="false" entitize="false" transferChildNodes="false">
        <con:name>soId</con:name>
        <con:sourceType>res_salesOrgId</con:sourceType>
        <con:sourceStep>Create sales organization and user</con:sourceStep>
        <con:targetType>req_soId</con:targetType>
        <con:targetStep>Adding aggregated Item - woRange - negative quantity</con:targetStep>
        <con:upgraded>true</con:upgraded>
      </con:transfers>
      <con:transfers setNullOnMissingSource="true" transferTextContent="true" failOnError="true" ignoreEmpty="false" transferToAll="false" entitize="false" transferChildNodes="false">
        <con:name>quantity</con:name>
        <con:sourceType>negative</con:sourceType>
        <con:sourceStep>Given properties for the test steps</con:sourceStep>
        <con:targetType>req_quantity</con:targetType>
        <con:targetStep>Adding aggregated Item - woRange - negative quantity</con:targetStep>
        <con:upgraded>true</con:upgraded>
      </con:transfers>
      <con:transfers setNullOnMissingSource="true" transferTextContent="true" failOnError="true" ignoreEmpty="false" transferToAll="false" entitize="false" transferChildNodes="false">
        <con:name>purchaseDate</con:name>
        <con:sourceType>purchaseDate</con:sourceType>
        <con:sourceStep>DataGen for current timeStamp</con:sourceStep>
        <con:targetType>req_purchaseDate</con:targetType>
        <con:targetStep>Adding aggregated Item - woRange - negative quantity</con:targetStep>
        <con:upgraded>true</con:upgraded>
      </con:transfers>
    </con:config>
  </con:testStep>
  <con:testStep type="calltestcase" name="Adding aggregated Item - woRange - negative quantity" id="d723999c-ba74-4429-9889-2841d31f0e97">
    <con:settings/>
    <con:config xsi:type="con:RunTestCaseStep" xmlns:xsi="http://www.w3.org/2001/XMLSchema-instance">
      <con:targetTestCase>fd5b92ad-c0cd-451d-b373-060a0b1a9c38</con:targetTestCase>
      <con:properties>
        <con:property>
          <con:name>req_biId</con:name>
          <con:value>1591</con:value>
        </con:property>
        <con:property>
          <con:name>req_toPlaceId</con:name>
          <con:value>32</con:value>
        </con:property>
        <con:property>
          <con:name>req_quantity</con:name>
          <con:value>-1</con:value>
        </con:property>
        <con:property>
          <con:name>req_soId</con:name>
          <con:value>58</con:value>
        </con:property>
        <con:property>
          <con:name>req_purchaseDate</con:name>
          <con:value>2018-03-13T10:45:08.000Z</con:value>
        </con:property>
        <con:property>
          <con:name>res_status</con:name>
          <con:value>400</con:value>
        </con:property>
        <con:property>
          <con:name>res_code</con:name>
          <con:value>ITEM_QUANTITY_MUST_BE_GREATER_THAN_ZERO</con:value>
        </con:property>
        <con:property>
          <con:name>res_errorCode</con:name>
          <con:value/>
        </con:property>
        <con:property>
          <con:name>res_errorMessage</con:name>
          <con:value>ITEM_QUANTITY_MUST_BE_GREATER_THAN_ZERO</con:value>
        </con:property>
        <con:property>
          <con:name>res_id</con:name>
          <con:value xsi:nil="true"/>
        </con:property>
        <con:property>
          <con:name>req_toSalesOrganizationId</con:name>
        </con:property>
      </con:properties>
      <con:returnProperties>
        <con:entry>res_status</con:entry>
        <con:entry>res_code</con:entry>
        <con:entry>res_errorCode</con:entry>
        <con:entry>res_errorMessage</con:entry>
        <con:entry>res_id</con:entry>
      </con:returnProperties>
      <con:runMode>PARALLELL</con:runMode>
    </con:config>
  </con:testStep>
  <con:testStep type="assertionteststep" name="Assertion for Adding aggregated Item - woRange - negative quantity" id="945a7fed-d1e0-49f3-8b6f-1d1231d579f7">
    <con:settings/>
    <con:config xsi:type="con:AssertionTestStep" xmlns:xsi="http://www.w3.org/2001/XMLSchema-instance">
      <con:entry>
        <con:id>2dffbc7c-2853-4cc2-9be9-d335af5b0a2a</con:id>
        <con:isGroup>false</con:isGroup>
        <con:sourceId>d723999c-ba74-4429-9889-2841d31f0e97</con:sourceId>
        <con:propertyName>res_status</con:propertyName>
        <con:assertion type="Simple Equals" name="Equals" id="a3b1d3a4-b0c7-433d-8495-b61b6982cab3">
          <con:configuration>
            <patternText>400</patternText>
            <caseSensitive>true</caseSensitive>
          </con:configuration>
        </con:assertion>
      </con:entry>
      <con:entry>
        <con:id>c67cae87-c419-4458-9bdf-a129bd714322</con:id>
        <con:isGroup>false</con:isGroup>
        <con:sourceId>d723999c-ba74-4429-9889-2841d31f0e97</con:sourceId>
        <con:propertyName>res_errorMessage</con:propertyName>
        <con:assertion type="Simple Contains" name="Contains" id="cb298c4a-4780-44c6-9b1e-a0973238c51a">
          <con:configuration>
            <token>ITEM_QUANTITY_MUST_BE_GREATER_THAN_ZERO</token>
            <ignoreCase>false</ignoreCase>
            <useRegEx>false</useRegEx>
          </con:configuration>
        </con:assertion>
      </con:entry>
      <con:entry>
        <con:id>e5b02b55-472a-4ea0-a592-9bf4380fc600</con:id>
        <con:isGroup>false</con:isGroup>
        <con:sourceId>d723999c-ba74-4429-9889-2841d31f0e97</con:sourceId>
        <con:propertyName>res_id</con:propertyName>
        <con:assertion type="Simple Contains" name="Contains 2" id="90f31ce0-3f80-4639-b05d-7a67c71aefa0">
          <con:configuration>
            <token>^\s*$</token>
            <ignoreCase>false</ignoreCase>
            <useRegEx>true</useRegEx>
          </con:configuration>
        </con:assertion>
      </con:entry>
    </con:config>
  </con:testStep>
  <con:testStep type="transfer" name="Property Transfer for adding aggregated Item - woRange - zero quantity" id="93c437ac-a7a7-425a-b433-b7956d910459">
    <con:settings/>
    <con:config xsi:type="con:PropertyTransfersStep" xmlns:xsi="http://www.w3.org/2001/XMLSchema-instance">
      <con:transfers setNullOnMissingSource="true" transferTextContent="true" failOnError="true" ignoreEmpty="false" transferToAll="false" entitize="false" transferChildNodes="false">
        <con:name>biId</con:name>
        <con:sourceType>res_biId</con:sourceType>
        <con:sourceStep>Create stockIn interaction success</con:sourceStep>
        <con:sourcePath/>
        <con:targetType>req_biId</con:targetType>
        <con:targetStep>Adding aggregated Item - woRange - zero quantity</con:targetStep>
        <con:targetPath/>
        <con:upgraded>true</con:upgraded>
      </con:transfers>
      <con:transfers setNullOnMissingSource="true" transferTextContent="true" failOnError="true" ignoreEmpty="false" transferToAll="false" entitize="false" transferChildNodes="false">
        <con:name>placeId</con:name>
        <con:sourceType>res_placeId</con:sourceType>
        <con:sourceStep>Create sales organization and user</con:sourceStep>
        <con:targetType>req_toPlaceId</con:targetType>
        <con:targetStep>Adding aggregated Item - woRange - zero quantity</con:targetStep>
        <con:upgraded>true</con:upgraded>
      </con:transfers>
      <con:transfers setNullOnMissingSource="true" transferTextContent="true" failOnError="true" ignoreEmpty="false" transferToAll="false" entitize="false" transferChildNodes="false" disabled="true">
        <con:name>serialNumber</con:name>
        <con:sourceType>batchId</con:sourceType>
        <con:sourceStep>DataGen for current timeStamp</con:sourceStep>
        <con:targetType>req_startSerialNumber</con:targetType>
        <con:targetStep>Add Aggregated serial Item</con:targetStep>
        <con:upgraded>true</con:upgraded>
      </con:transfers>
      <con:transfers setNullOnMissingSource="true" transferTextContent="true" failOnError="true" ignoreEmpty="false" transferToAll="false" entitize="false" transferChildNodes="false">
        <con:name>soId</con:name>
        <con:sourceType>res_salesOrgId</con:sourceType>
        <con:sourceStep>Create sales organization and user</con:sourceStep>
        <con:targetType>req_soId</con:targetType>
        <con:targetStep>Adding aggregated Item - woRange - zero quantity</con:targetStep>
        <con:upgraded>true</con:upgraded>
      </con:transfers>
      <con:transfers setNullOnMissingSource="true" transferTextContent="true" failOnError="true" ignoreEmpty="false" transferToAll="false" entitize="false" transferChildNodes="false">
        <con:name>quantity</con:name>
        <con:sourceType>zero</con:sourceType>
        <con:sourceStep>Given properties for the test steps</con:sourceStep>
        <con:targetType>req_quantity</con:targetType>
        <con:targetStep>Adding aggregated Item - woRange - zero quantity</con:targetStep>
        <con:upgraded>true</con:upgraded>
      </con:transfers>
      <con:transfers setNullOnMissingSource="true" transferTextContent="true" failOnError="true" ignoreEmpty="false" transferToAll="false" entitize="false" transferChildNodes="false">
        <con:name>purchaseDate</con:name>
        <con:sourceType>purchaseDate</con:sourceType>
        <con:sourceStep>DataGen for current timeStamp</con:sourceStep>
        <con:targetType>req_purchaseDate</con:targetType>
        <con:targetStep>Adding aggregated Item - woRange - zero quantity</con:targetStep>
        <con:upgraded>true</con:upgraded>
      </con:transfers>
    </con:config>
  </con:testStep>
  <con:testStep type="calltestcase" name="Adding aggregated Item - woRange - zero quantity" id="85096db6-3615-460b-a206-8f08e111db72">
    <con:settings/>
    <con:config xsi:type="con:RunTestCaseStep" xmlns:xsi="http://www.w3.org/2001/XMLSchema-instance">
      <con:targetTestCase>fd5b92ad-c0cd-451d-b373-060a0b1a9c38</con:targetTestCase>
      <con:properties>
        <con:property>
          <con:name>req_biId</con:name>
          <con:value>1591</con:value>
        </con:property>
        <con:property>
          <con:name>req_toPlaceId</con:name>
          <con:value>32</con:value>
        </con:property>
        <con:property>
          <con:name>req_quantity</con:name>
          <con:value>0</con:value>
        </con:property>
        <con:property>
          <con:name>req_soId</con:name>
          <con:value>58</con:value>
        </con:property>
        <con:property>
          <con:name>req_purchaseDate</con:name>
          <con:value>2018-03-13T10:45:08.000Z</con:value>
        </con:property>
        <con:property>
          <con:name>res_status</con:name>
          <con:value>400</con:value>
        </con:property>
        <con:property>
          <con:name>res_code</con:name>
          <con:value>ITEM_QUANTITY_MUST_BE_GREATER_THAN_ZERO</con:value>
        </con:property>
        <con:property>
          <con:name>res_errorCode</con:name>
          <con:value/>
        </con:property>
        <con:property>
          <con:name>res_errorMessage</con:name>
          <con:value>ITEM_QUANTITY_MUST_BE_GREATER_THAN_ZERO</con:value>
        </con:property>
        <con:property>
          <con:name>res_id</con:name>
          <con:value xsi:nil="true"/>
        </con:property>
        <con:property>
          <con:name>req_toSalesOrganizationId</con:name>
        </con:property>
      </con:properties>
      <con:returnProperties>
        <con:entry>res_status</con:entry>
        <con:entry>res_code</con:entry>
        <con:entry>res_errorCode</con:entry>
        <con:entry>res_errorMessage</con:entry>
        <con:entry>res_id</con:entry>
      </con:returnProperties>
      <con:runMode>PARALLELL</con:runMode>
    </con:config>
  </con:testStep>
  <con:testStep type="assertionteststep" name="Assertion for Adding aggregated Item - woRange - zero quantity" id="a51f8417-1dca-4f57-b9d2-12893df697b9">
    <con:settings/>
    <con:config xsi:type="con:AssertionTestStep" xmlns:xsi="http://www.w3.org/2001/XMLSchema-instance">
      <con:entry>
        <con:id>b840e55f-1c0a-4a74-8f76-14cd7f6e9efa</con:id>
        <con:isGroup>false</con:isGroup>
        <con:sourceId>85096db6-3615-460b-a206-8f08e111db72</con:sourceId>
        <con:propertyName>res_status</con:propertyName>
        <con:assertion type="Simple Equals" name="Equals" id="75f73fa4-9305-400d-aa24-8f970f95e286">
          <con:configuration>
            <patternText>400</patternText>
            <caseSensitive>true</caseSensitive>
          </con:configuration>
        </con:assertion>
      </con:entry>
      <con:entry>
        <con:id>3cf9ecf6-7d41-4706-9d4f-10dc324b10bc</con:id>
        <con:isGroup>false</con:isGroup>
        <con:sourceId>85096db6-3615-460b-a206-8f08e111db72</con:sourceId>
        <con:propertyName>res_id</con:propertyName>
        <con:assertion type="Simple Contains" name="Contains" id="88865ba2-f0a1-4a2e-9243-a2b35fda1ecf">
          <con:configuration>
            <token>^\s*$</token>
            <ignoreCase>false</ignoreCase>
            <useRegEx>true</useRegEx>
          </con:configuration>
        </con:assertion>
      </con:entry>
      <con:entry>
        <con:id>f95f4bca-46c4-4218-a504-fff8d43b7036</con:id>
        <con:isGroup>false</con:isGroup>
        <con:sourceId>85096db6-3615-460b-a206-8f08e111db72</con:sourceId>
        <con:propertyName>res_errorMessage</con:propertyName>
        <con:assertion type="Simple Contains" name="Contains 2" id="e99252db-5b6d-47b3-b42c-1ada1b03d203">
          <con:configuration>
            <token>ITEM_QUANTITY_MUST_BE_GREATER_THAN_ZERO</token>
            <ignoreCase>false</ignoreCase>
            <useRegEx>false</useRegEx>
          </con:configuration>
        </con:assertion>
      </con:entry>
    </con:config>
  </con:testStep>
  <con:testStep type="transfer" name="Property Transfer for adding aggregated Item - woRange - character quantity" id="6934c0e6-998b-4574-9e75-dcf69e11ac46">
    <con:settings/>
    <con:config xsi:type="con:PropertyTransfersStep" xmlns:xsi="http://www.w3.org/2001/XMLSchema-instance">
      <con:transfers setNullOnMissingSource="true" transferTextContent="true" failOnError="true" ignoreEmpty="false" transferToAll="false" entitize="false" transferChildNodes="false">
        <con:name>biId</con:name>
        <con:sourceType>res_biId</con:sourceType>
        <con:sourceStep>Create stockIn interaction success</con:sourceStep>
        <con:sourcePath/>
        <con:targetType>req_biId</con:targetType>
        <con:targetStep>Adding aggregated Item - woRange - character quantity</con:targetStep>
        <con:targetPath/>
        <con:upgraded>true</con:upgraded>
      </con:transfers>
      <con:transfers setNullOnMissingSource="true" transferTextContent="true" failOnError="true" ignoreEmpty="false" transferToAll="false" entitize="false" transferChildNodes="false">
        <con:name>placeId</con:name>
        <con:sourceType>res_placeId</con:sourceType>
        <con:sourceStep>Create sales organization and user</con:sourceStep>
        <con:targetType>req_toPlaceId</con:targetType>
        <con:targetStep>Adding aggregated Item - woRange - character quantity</con:targetStep>
        <con:upgraded>true</con:upgraded>
      </con:transfers>
      <con:transfers setNullOnMissingSource="true" transferTextContent="true" failOnError="true" ignoreEmpty="false" transferToAll="false" entitize="false" transferChildNodes="false" disabled="true">
        <con:name>serialNumber</con:name>
        <con:sourceType>batchId</con:sourceType>
        <con:sourceStep>DataGen for current timeStamp</con:sourceStep>
        <con:targetType>req_startSerialNumber</con:targetType>
        <con:targetStep>Add Aggregated serial Item</con:targetStep>
        <con:upgraded>true</con:upgraded>
      </con:transfers>
      <con:transfers setNullOnMissingSource="true" transferTextContent="true" failOnError="true" ignoreEmpty="false" transferToAll="false" entitize="false" transferChildNodes="false">
        <con:name>soId</con:name>
        <con:sourceType>res_salesOrgId</con:sourceType>
        <con:sourceStep>Create sales organization and user</con:sourceStep>
        <con:targetType>req_soId</con:targetType>
        <con:targetStep>Adding aggregated Item - woRange - character quantity</con:targetStep>
        <con:upgraded>true</con:upgraded>
      </con:transfers>
      <con:transfers setNullOnMissingSource="true" transferTextContent="true" failOnError="true" ignoreEmpty="false" transferToAll="false" entitize="false" transferChildNodes="false">
        <con:name>quantity</con:name>
        <con:sourceType>character</con:sourceType>
        <con:sourceStep>Given properties for the test steps</con:sourceStep>
        <con:targetType>req_quantity</con:targetType>
        <con:targetStep>Adding aggregated Item - woRange - character quantity</con:targetStep>
        <con:upgraded>true</con:upgraded>
      </con:transfers>
      <con:transfers setNullOnMissingSource="true" transferTextContent="true" failOnError="true" ignoreEmpty="false" transferToAll="false" entitize="false" transferChildNodes="false">
        <con:name>purchaseDate</con:name>
        <con:sourceType>purchaseDate</con:sourceType>
        <con:sourceStep>DataGen for current timeStamp</con:sourceStep>
        <con:targetType>req_purchaseDate</con:targetType>
        <con:targetStep>Adding aggregated Item - woRange - character quantity</con:targetStep>
        <con:upgraded>true</con:upgraded>
      </con:transfers>
    </con:config>
  </con:testStep>
  <con:testStep type="calltestcase" name="Adding aggregated Item - woRange - character quantity" id="3d7e0994-6d2b-4d93-870f-1bcdea227d58">
    <con:settings/>
    <con:config xsi:type="con:RunTestCaseStep" xmlns:xsi="http://www.w3.org/2001/XMLSchema-instance">
      <con:targetTestCase>fd5b92ad-c0cd-451d-b373-060a0b1a9c38</con:targetTestCase>
      <con:properties>
        <con:property>
          <con:name>req_biId</con:name>
          <con:value>1591</con:value>
        </con:property>
        <con:property>
          <con:name>req_toPlaceId</con:name>
          <con:value>32</con:value>
        </con:property>
        <con:property>
          <con:name>req_quantity</con:name>
          <con:value>qwerty</con:value>
        </con:property>
        <con:property>
          <con:name>req_soId</con:name>
          <con:value>58</con:value>
        </con:property>
        <con:property>
          <con:name>req_purchaseDate</con:name>
          <con:value>2018-03-13T10:45:08.000Z</con:value>
        </con:property>
        <con:property>
          <con:name>res_status</con:name>
          <con:value>400</con:value>
        </con:property>
        <con:property>
          <con:name>res_code</con:name>
          <con:value>400</con:value>
        </con:property>
        <con:property>
          <con:name>res_errorCode</con:name>
          <con:value/>
        </con:property>
        <con:property>
          <con:name>res_errorMessage</con:name>
          <con:value>400</con:value>
        </con:property>
        <con:property>
          <con:name>res_id</con:name>
          <con:value xsi:nil="true"/>
        </con:property>
        <con:property>
          <con:name>req_toSalesOrganizationId</con:name>
        </con:property>
      </con:properties>
      <con:returnProperties>
        <con:entry>res_status</con:entry>
        <con:entry>res_code</con:entry>
        <con:entry>res_errorCode</con:entry>
        <con:entry>res_errorMessage</con:entry>
        <con:entry>res_id</con:entry>
      </con:returnProperties>
      <con:runMode>PARALLELL</con:runMode>
    </con:config>
  </con:testStep>
  <con:testStep type="assertionteststep" name="Assertion for Adding aggregated Item - woRange - character quantity" id="62c6fafa-71b0-4625-9103-c747c3809075">
    <con:settings/>
    <con:config xsi:type="con:AssertionTestStep" xmlns:xsi="http://www.w3.org/2001/XMLSchema-instance">
      <con:entry>
        <con:id>b983ba9e-db49-4521-8853-d25fb4cb2de9</con:id>
        <con:isGroup>false</con:isGroup>
        <con:sourceId>3d7e0994-6d2b-4d93-870f-1bcdea227d58</con:sourceId>
        <con:propertyName>res_errorMessage</con:propertyName>
        <con:assertion type="Simple Equals" name="Equals" id="5a4e8b48-4f85-43eb-9739-77d7fe43ff82">
          <con:configuration>
            <patternText>400</patternText>
            <caseSensitive>true</caseSensitive>
          </con:configuration>
        </con:assertion>
      </con:entry>
      <con:entry>
        <con:id>a6b9a8e5-9afa-4659-bc74-cb2a56ca87f7</con:id>
        <con:isGroup>false</con:isGroup>
        <con:sourceId>3d7e0994-6d2b-4d93-870f-1bcdea227d58</con:sourceId>
        <con:propertyName>res_status</con:propertyName>
        <con:assertion type="Simple Equals" name="Equals 2" id="900cfb28-ad96-4a60-8ee9-3e803c2d36dc">
          <con:configuration>
            <patternText>400</patternText>
            <caseSensitive>true</caseSensitive>
          </con:configuration>
        </con:assertion>
      </con:entry>
    </con:config>
  </con:testStep>
  <con:testStep type="transfer" name="Property Transfer for adding aggregated Item - woRange" id="107d1e03-e549-49a9-aa7d-8c429bc4936b">
    <con:settings/>
    <con:config xsi:type="con:PropertyTransfersStep" xmlns:xsi="http://www.w3.org/2001/XMLSchema-instance">
      <con:transfers setNullOnMissingSource="true" transferTextContent="true" failOnError="true" ignoreEmpty="false" transferToAll="false" entitize="false" transferChildNodes="false">
        <con:name>biId</con:name>
        <con:sourceType>res_biId</con:sourceType>
        <con:sourceStep>Create stockIn interaction success</con:sourceStep>
        <con:sourcePath/>
        <con:targetType>req_biId</con:targetType>
        <con:targetStep>Adding aggregated Item - woRange</con:targetStep>
        <con:targetPath/>
        <con:upgraded>true</con:upgraded>
      </con:transfers>
      <con:transfers setNullOnMissingSource="true" transferTextContent="true" failOnError="true" ignoreEmpty="false" transferToAll="false" entitize="false" transferChildNodes="false">
        <con:name>placeId</con:name>
        <con:sourceType>res_placeId</con:sourceType>
        <con:sourceStep>Create sales organization and user</con:sourceStep>
        <con:targetType>req_toPlaceId</con:targetType>
        <con:targetStep>Adding aggregated Item - woRange</con:targetStep>
        <con:upgraded>true</con:upgraded>
      </con:transfers>
      <con:transfers setNullOnMissingSource="true" transferTextContent="true" failOnError="true" ignoreEmpty="false" transferToAll="false" entitize="false" transferChildNodes="false" disabled="true">
        <con:name>serialNumber</con:name>
        <con:sourceType>batchId</con:sourceType>
        <con:sourceStep>DataGen for current timeStamp</con:sourceStep>
        <con:targetType>req_startSerialNumber</con:targetType>
        <con:targetStep>Add Aggregated serial Item</con:targetStep>
        <con:upgraded>true</con:upgraded>
      </con:transfers>
      <con:transfers setNullOnMissingSource="true" transferTextContent="true" failOnError="true" ignoreEmpty="false" transferToAll="false" entitize="false" transferChildNodes="false">
        <con:name>soId</con:name>
        <con:sourceType>res_salesOrgId</con:sourceType>
        <con:sourceStep>Create sales organization and user</con:sourceStep>
        <con:targetType>req_soId</con:targetType>
        <con:targetStep>Adding aggregated Item - woRange</con:targetStep>
        <con:upgraded>true</con:upgraded>
      </con:transfers>
      <con:transfers setNullOnMissingSource="true" transferTextContent="true" failOnError="true" ignoreEmpty="false" transferToAll="false" entitize="false" transferChildNodes="false">
        <con:name>quantity</con:name>
        <con:sourceType>quantityOne</con:sourceType>
        <con:sourceStep>Given properties for the test steps</con:sourceStep>
        <con:targetType>req_quantity</con:targetType>
        <con:targetStep>Adding aggregated Item - woRange</con:targetStep>
        <con:upgraded>true</con:upgraded>
      </con:transfers>
      <con:transfers setNullOnMissingSource="true" transferTextContent="true" failOnError="true" ignoreEmpty="false" transferToAll="false" entitize="false" transferChildNodes="false">
        <con:name>purchaseDate</con:name>
        <con:sourceType>purchaseDate</con:sourceType>
        <con:sourceStep>DataGen for current timeStamp</con:sourceStep>
        <con:targetType>req_purchaseDate</con:targetType>
        <con:targetStep>Adding aggregated Item - woRange</con:targetStep>
        <con:upgraded>true</con:upgraded>
      </con:transfers>
    </con:config>
  </con:testStep>
  <con:testStep type="calltestcase" name="Adding aggregated Item - woRange" id="2916f806-8a0b-4c84-9e98-3a7c35f3d024">
    <con:settings/>
    <con:config xsi:type="con:RunTestCaseStep" xmlns:xsi="http://www.w3.org/2001/XMLSchema-instance">
      <con:targetTestCase>fd5b92ad-c0cd-451d-b373-060a0b1a9c38</con:targetTestCase>
      <con:properties>
        <con:property>
          <con:name>req_biId</con:name>
          <con:value>1591</con:value>
        </con:property>
        <con:property>
          <con:name>req_toPlaceId</con:name>
          <con:value>32</con:value>
        </con:property>
        <con:property>
          <con:name>req_quantity</con:name>
          <con:value>1</con:value>
        </con:property>
        <con:property>
          <con:name>req_soId</con:name>
          <con:value>58</con:value>
        </con:property>
        <con:property>
          <con:name>req_purchaseDate</con:name>
          <con:value>2018-03-13T10:45:08.000Z</con:value>
        </con:property>
        <con:property>
          <con:name>res_status</con:name>
          <con:value>201</con:value>
        </con:property>
        <con:property>
          <con:name>res_code</con:name>
          <con:value xsi:nil="true"/>
        </con:property>
        <con:property>
          <con:name>res_errorCode</con:name>
          <con:value/>
        </con:property>
        <con:property>
          <con:name>res_errorMessage</con:name>
          <con:value xsi:nil="true"/>
        </con:property>
        <con:property>
          <con:name>res_id</con:name>
          <con:value>410</con:value>
        </con:property>
        <con:property>
          <con:name>req_toSalesOrganizationId</con:name>
        </con:property>
      </con:properties>
      <con:returnProperties>
        <con:entry>res_status</con:entry>
        <con:entry>res_code</con:entry>
        <con:entry>res_errorCode</con:entry>
        <con:entry>res_errorMessage</con:entry>
        <con:entry>res_id</con:entry>
      </con:returnProperties>
      <con:runMode>PARALLELL</con:runMode>
    </con:config>
  </con:testStep>
  <con:testStep type="assertionteststep" name="Assertion for Adding aggregated Item - woRange" id="158c87b5-6cea-41f7-96be-bd659ce078a2">
    <con:settings/>
    <con:config xsi:type="con:AssertionTestStep" xmlns:xsi="http://www.w3.org/2001/XMLSchema-instance">
      <con:entry>
        <con:id>12d6ba81-9f4c-45ef-95da-61af11fc5065</con:id>
        <con:isGroup>false</con:isGroup>
        <con:sourceId>2916f806-8a0b-4c84-9e98-3a7c35f3d024</con:sourceId>
        <con:propertyName>res_status</con:propertyName>
        <con:assertion type="Simple Equals" name="Equals" id="6540a861-b3b4-419e-bb91-18cf81dd671e">
          <con:configuration>
            <patternText>201</patternText>
            <caseSensitive>true</caseSensitive>
          </con:configuration>
        </con:assertion>
      </con:entry>
      <con:entry>
        <con:id>ee512af5-5dc1-4903-ae7a-12969f591669</con:id>
        <con:isGroup>false</con:isGroup>
        <con:sourceId>2916f806-8a0b-4c84-9e98-3a7c35f3d024</con:sourceId>
        <con:propertyName>res_id</con:propertyName>
        <con:assertion type="Simple Contains" name="Contains" id="52b2f6dc-b8b6-4f68-939b-eb4cfe675048">
          <con:configuration>
            <token>\d+</token>
            <ignoreCase>false</ignoreCase>
            <useRegEx>true</useRegEx>
          </con:configuration>
        </con:assertion>
      </con:entry>
    </con:config>
  </con:testStep>
  <con:testStep type="transfer" name="Property Transfer for adding aggregated Item - negative quantity" id="826e2b6f-ef27-4cb9-a063-5e92075ec82a">
    <con:settings/>
    <con:config xsi:type="con:PropertyTransfersStep" xmlns:xsi="http://www.w3.org/2001/XMLSchema-instance">
      <con:transfers setNullOnMissingSource="true" transferTextContent="true" failOnError="true" ignoreEmpty="false" transferToAll="false" entitize="false" transferChildNodes="false">
        <con:name>biId</con:name>
        <con:sourceType>res_biId</con:sourceType>
        <con:sourceStep>Create stockIn interaction success</con:sourceStep>
        <con:sourcePath/>
        <con:targetType>req_biId</con:targetType>
        <con:targetStep>Add Aggregated serial Item - negative quantity</con:targetStep>
        <con:targetPath/>
        <con:upgraded>true</con:upgraded>
      </con:transfers>
      <con:transfers setNullOnMissingSource="true" transferTextContent="true" failOnError="true" ignoreEmpty="false" transferToAll="false" entitize="false" transferChildNodes="false">
        <con:name>placeId</con:name>
        <con:sourceType>res_placeId</con:sourceType>
        <con:sourceStep>Create sales organization and user</con:sourceStep>
        <con:targetType>req_toPlaceId</con:targetType>
        <con:targetStep>Add Aggregated serial Item - negative quantity</con:targetStep>
        <con:upgraded>true</con:upgraded>
      </con:transfers>
      <con:transfers setNullOnMissingSource="true" transferTextContent="true" failOnError="true" ignoreEmpty="false" transferToAll="false" entitize="false" transferChildNodes="false" disabled="true">
        <con:name>serialNumber</con:name>
        <con:sourceType>batchId</con:sourceType>
        <con:sourceStep>DataGen for current timeStamp</con:sourceStep>
        <con:targetType>req_startSerialNumber</con:targetType>
        <con:targetStep>Add Aggregated serial Item</con:targetStep>
        <con:upgraded>true</con:upgraded>
      </con:transfers>
      <con:transfers setNullOnMissingSource="true" transferTextContent="true" failOnError="true" ignoreEmpty="false" transferToAll="false" entitize="false" transferChildNodes="false">
        <con:name>soId</con:name>
        <con:sourceType>res_salesOrgId</con:sourceType>
        <con:sourceStep>Create sales organization and user</con:sourceStep>
        <con:targetType>req_soId</con:targetType>
        <con:targetStep>Add Aggregated serial Item - negative quantity</con:targetStep>
        <con:upgraded>true</con:upgraded>
      </con:transfers>
      <con:transfers setNullOnMissingSource="true" transferTextContent="true" failOnError="true" ignoreEmpty="false" transferToAll="false" entitize="false" transferChildNodes="false">
        <con:name>quantity</con:name>
        <con:sourceType>negative</con:sourceType>
        <con:sourceStep>Given properties for the test steps</con:sourceStep>
        <con:targetType>req_quantity</con:targetType>
        <con:targetStep>Add Aggregated serial Item - negative quantity</con:targetStep>
        <con:upgraded>true</con:upgraded>
      </con:transfers>
      <con:transfers setNullOnMissingSource="true" transferTextContent="true" failOnError="true" ignoreEmpty="false" transferToAll="false" entitize="false" transferChildNodes="false">
        <con:name>purchaseDate</con:name>
        <con:sourceType>purchaseDate</con:sourceType>
        <con:sourceStep>DataGen for current timeStamp</con:sourceStep>
        <con:targetType>req_purchaseDate</con:targetType>
        <con:targetStep>Add Aggregated serial Item - negative quantity</con:targetStep>
        <con:upgraded>true</con:upgraded>
      </con:transfers>
    </con:config>
  </con:testStep>
  <con:testStep type="calltestcase" name="Add Aggregated serial Item - negative quantity" id="fc40986b-c564-4bf1-a714-20a393532fa3">
    <con:settings/>
    <con:config xsi:type="con:RunTestCaseStep" xmlns:xsi="http://www.w3.org/2001/XMLSchema-instance">
      <con:targetTestCase>56257bd7-ca12-4aa0-bc6c-f7c9fa9bea22</con:targetTestCase>
      <con:properties>
        <con:property>
          <con:name>req_biId</con:name>
          <con:value>1591</con:value>
        </con:property>
        <con:property>
          <con:name>req_soId</con:name>
          <con:value>58</con:value>
        </con:property>
        <con:property>
          <con:name>res_code</con:name>
          <con:value>ITEM_QUANTITY_MUST_BE_GREATER_THAN_ZERO</con:value>
        </con:property>
        <con:property>
          <con:name>res_errorMessage</con:name>
          <con:value>ITEM_QUANTITY_MUST_BE_GREATER_THAN_ZERO</con:value>
        </con:property>
        <con:property>
          <con:name>res_id</con:name>
          <con:value xsi:nil="true"/>
        </con:property>
        <con:property>
          <con:name>res_status</con:name>
          <con:value>400</con:value>
        </con:property>
        <con:property>
          <con:name>req_toPlaceId</con:name>
          <con:value>32</con:value>
        </con:property>
        <con:property>
          <con:name>req_quantity</con:name>
          <con:value>-1</con:value>
        </con:property>
        <con:property>
          <con:name>req_purchaseDate</con:name>
          <con:value>2018-03-13T10:45:08.000Z</con:value>
        </con:property>
        <con:property>
          <con:name>res_errorCode</con:name>
          <con:value/>
        </con:property>
        <con:property>
          <con:name>req_startSerialNumber</con:name>
          <con:value xsi:nil="true"/>
        </con:property>
        <con:property>
          <con:name>req_endSerialNumber</con:name>
          <con:value xsi:nil="true"/>
        </con:property>
        <con:property>
          <con:name>req_vendor</con:name>
        </con:property>
        <con:property>
          <con:name>req_toSalesOrganizationId</con:name>
        </con:property>
      </con:properties>
      <con:returnProperties>
        <con:entry>res_status</con:entry>
        <con:entry>res_code</con:entry>
        <con:entry>res_errorCode</con:entry>
        <con:entry>res_errorMessage</con:entry>
        <con:entry>res_id</con:entry>
      </con:returnProperties>
      <con:runMode>PARALLELL</con:runMode>
    </con:config>
  </con:testStep>
  <con:testStep type="assertionteststep" name="Assertion for adding aggregated serial item - negative quantity" id="14d84e40-5430-4362-9611-3f02e64af9ee">
    <con:settings/>
    <con:config xsi:type="con:AssertionTestStep" xmlns:xsi="http://www.w3.org/2001/XMLSchema-instance">
      <con:entry>
        <con:id>3cd020a2-288c-49f8-80e9-80104732aa71</con:id>
        <con:isGroup>false</con:isGroup>
        <con:sourceId>fc40986b-c564-4bf1-a714-20a393532fa3</con:sourceId>
        <con:propertyName>res_status</con:propertyName>
        <con:assertion type="Simple Equals" name="Equals" id="125693da-5eec-4edc-b343-6f4f7ccb8dc4">
          <con:configuration>
            <patternText>400</patternText>
            <caseSensitive>true</caseSensitive>
          </con:configuration>
        </con:assertion>
      </con:entry>
      <con:entry>
        <con:id>90d551f1-b164-4538-ba18-791d7cda02e3</con:id>
        <con:isGroup>false</con:isGroup>
        <con:sourceId>fc40986b-c564-4bf1-a714-20a393532fa3</con:sourceId>
        <con:propertyName>res_errorMessage</con:propertyName>
        <con:assertion type="Simple Contains" name="Contains" id="6ecf209a-15f3-4a19-85ad-89383fe16e8b">
          <con:configuration>
            <token>ITEM_QUANTITY_MUST_BE_GREATER_THAN_ZERO</token>
            <ignoreCase>false</ignoreCase>
            <useRegEx>false</useRegEx>
          </con:configuration>
        </con:assertion>
      </con:entry>
      <con:entry>
        <con:id>ba946212-91cd-4153-8044-15895d2c37c5</con:id>
        <con:isGroup>false</con:isGroup>
        <con:sourceId>fc40986b-c564-4bf1-a714-20a393532fa3</con:sourceId>
        <con:propertyName>res_id</con:propertyName>
        <con:assertion type="Simple Contains" name="Contains 2" id="83c2d7df-e9cf-494b-a3ef-bb48af319fcb">
          <con:configuration>
            <token>^\s*$</token>
            <ignoreCase>false</ignoreCase>
            <useRegEx>true</useRegEx>
          </con:configuration>
        </con:assertion>
      </con:entry>
    </con:config>
  </con:testStep>
  <con:testStep type="transfer" name="Property Transfer for adding aggregated Item - zero quantity" id="ddf0c6d3-a5e5-47e5-94e2-6469c549cb68">
    <con:settings/>
    <con:config xsi:type="con:PropertyTransfersStep" xmlns:xsi="http://www.w3.org/2001/XMLSchema-instance">
      <con:transfers setNullOnMissingSource="true" transferTextContent="true" failOnError="true" ignoreEmpty="false" transferToAll="false" entitize="false" transferChildNodes="false">
        <con:name>biId</con:name>
        <con:sourceType>res_biId</con:sourceType>
        <con:sourceStep>Create stockIn interaction success</con:sourceStep>
        <con:sourcePath/>
        <con:targetType>req_biId</con:targetType>
        <con:targetStep>Add Aggregated serial Item - zero quantity</con:targetStep>
        <con:targetPath/>
        <con:upgraded>true</con:upgraded>
      </con:transfers>
      <con:transfers setNullOnMissingSource="true" transferTextContent="true" failOnError="true" ignoreEmpty="false" transferToAll="false" entitize="false" transferChildNodes="false">
        <con:name>placeId</con:name>
        <con:sourceType>res_placeId</con:sourceType>
        <con:sourceStep>Create sales organization and user</con:sourceStep>
        <con:targetType>req_toPlaceId</con:targetType>
        <con:targetStep>Add Aggregated serial Item - zero quantity</con:targetStep>
        <con:upgraded>true</con:upgraded>
      </con:transfers>
      <con:transfers setNullOnMissingSource="true" transferTextContent="true" failOnError="true" ignoreEmpty="false" transferToAll="false" entitize="false" transferChildNodes="false" disabled="true">
        <con:name>serialNumber</con:name>
        <con:sourceType>batchId</con:sourceType>
        <con:sourceStep>DataGen for current timeStamp</con:sourceStep>
        <con:targetType>req_startSerialNumber</con:targetType>
        <con:targetStep>Add Aggregated serial Item</con:targetStep>
        <con:upgraded>true</con:upgraded>
      </con:transfers>
      <con:transfers setNullOnMissingSource="true" transferTextContent="true" failOnError="true" ignoreEmpty="false" transferToAll="false" entitize="false" transferChildNodes="false">
        <con:name>soId</con:name>
        <con:sourceType>res_salesOrgId</con:sourceType>
        <con:sourceStep>Create sales organization and user</con:sourceStep>
        <con:targetType>req_soId</con:targetType>
        <con:targetStep>Add Aggregated serial Item - zero quantity</con:targetStep>
        <con:upgraded>true</con:upgraded>
      </con:transfers>
      <con:transfers setNullOnMissingSource="true" transferTextContent="true" failOnError="true" ignoreEmpty="false" transferToAll="false" entitize="false" transferChildNodes="false">
        <con:name>quantity</con:name>
        <con:sourceType>zero</con:sourceType>
        <con:sourceStep>Given properties for the test steps</con:sourceStep>
        <con:targetType>req_quantity</con:targetType>
        <con:targetStep>Add Aggregated serial Item - zero quantity</con:targetStep>
        <con:upgraded>true</con:upgraded>
      </con:transfers>
      <con:transfers setNullOnMissingSource="true" transferTextContent="true" failOnError="true" ignoreEmpty="false" transferToAll="false" entitize="false" transferChildNodes="false">
        <con:name>purchaseDate</con:name>
        <con:sourceType>purchaseDate</con:sourceType>
        <con:sourceStep>DataGen for current timeStamp</con:sourceStep>
        <con:targetType>req_purchaseDate</con:targetType>
        <con:targetStep>Add Aggregated serial Item - zero quantity</con:targetStep>
        <con:upgraded>true</con:upgraded>
      </con:transfers>
    </con:config>
  </con:testStep>
  <con:testStep type="calltestcase" name="Add Aggregated serial Item - zero quantity" id="02bea91a-872e-4ecf-83ef-9cff754633e9">
    <con:settings/>
    <con:config xsi:type="con:RunTestCaseStep" xmlns:xsi="http://www.w3.org/2001/XMLSchema-instance">
      <con:targetTestCase>56257bd7-ca12-4aa0-bc6c-f7c9fa9bea22</con:targetTestCase>
      <con:properties>
        <con:property>
          <con:name>req_biId</con:name>
          <con:value>1591</con:value>
        </con:property>
        <con:property>
          <con:name>req_soId</con:name>
          <con:value>58</con:value>
        </con:property>
        <con:property>
          <con:name>res_code</con:name>
          <con:value>ITEM_QUANTITY_MUST_BE_GREATER_THAN_ZERO</con:value>
        </con:property>
        <con:property>
          <con:name>res_errorMessage</con:name>
          <con:value>ITEM_QUANTITY_MUST_BE_GREATER_THAN_ZERO</con:value>
        </con:property>
        <con:property>
          <con:name>res_id</con:name>
          <con:value xsi:nil="true"/>
        </con:property>
        <con:property>
          <con:name>res_status</con:name>
          <con:value>400</con:value>
        </con:property>
        <con:property>
          <con:name>req_toPlaceId</con:name>
          <con:value>32</con:value>
        </con:property>
        <con:property>
          <con:name>req_quantity</con:name>
          <con:value>0</con:value>
        </con:property>
        <con:property>
          <con:name>req_purchaseDate</con:name>
          <con:value>2018-03-13T10:45:08.000Z</con:value>
        </con:property>
        <con:property>
          <con:name>res_errorCode</con:name>
          <con:value/>
        </con:property>
        <con:property>
          <con:name>req_startSerialNumber</con:name>
          <con:value xsi:nil="true"/>
        </con:property>
        <con:property>
          <con:name>req_endSerialNumber</con:name>
          <con:value xsi:nil="true"/>
        </con:property>
        <con:property>
          <con:name>req_vendor</con:name>
        </con:property>
        <con:property>
          <con:name>req_toSalesOrganizationId</con:name>
        </con:property>
      </con:properties>
      <con:returnProperties>
        <con:entry>res_status</con:entry>
        <con:entry>res_code</con:entry>
        <con:entry>res_errorCode</con:entry>
        <con:entry>res_errorMessage</con:entry>
        <con:entry>res_id</con:entry>
      </con:returnProperties>
      <con:runMode>PARALLELL</con:runMode>
    </con:config>
  </con:testStep>
  <con:testStep type="assertionteststep" name="Assertion for adding aggregated serial item - zero quantity" id="63a49ffb-0cbc-4e6e-a795-67108e6a11c3">
    <con:settings/>
    <con:config xsi:type="con:AssertionTestStep" xmlns:xsi="http://www.w3.org/2001/XMLSchema-instance">
      <con:entry>
        <con:id>8d594bd8-59ca-4a3b-9e1b-614ad22178f3</con:id>
        <con:isGroup>false</con:isGroup>
        <con:sourceId>02bea91a-872e-4ecf-83ef-9cff754633e9</con:sourceId>
        <con:propertyName>res_id</con:propertyName>
        <con:assertion type="Simple Contains" name="Contains" id="88b9d9ef-cd1e-431a-b6c2-63dd8a692fd8">
          <con:configuration>
            <token>^\s*$</token>
            <ignoreCase>false</ignoreCase>
            <useRegEx>true</useRegEx>
          </con:configuration>
        </con:assertion>
      </con:entry>
      <con:entry>
        <con:id>ca352ea1-6d6c-4447-b6ea-2510e97cb6de</con:id>
        <con:isGroup>false</con:isGroup>
        <con:sourceId>02bea91a-872e-4ecf-83ef-9cff754633e9</con:sourceId>
        <con:propertyName>res_errorMessage</con:propertyName>
        <con:assertion type="Simple Contains" name="Contains 2" id="641884d9-f8c7-42e6-a98c-57942bc8563d">
          <con:configuration>
            <token>ITEM_QUANTITY_MUST_BE_GREATER_THAN_ZERO</token>
            <ignoreCase>false</ignoreCase>
            <useRegEx>false</useRegEx>
          </con:configuration>
        </con:assertion>
      </con:entry>
      <con:entry>
        <con:id>f475c59f-bf32-47ad-acf6-a1d17e8597b6</con:id>
        <con:isGroup>false</con:isGroup>
        <con:sourceId>02bea91a-872e-4ecf-83ef-9cff754633e9</con:sourceId>
        <con:propertyName>res_status</con:propertyName>
        <con:assertion type="Simple Equals" name="Equals" id="950c3613-1ed9-4a4b-a489-ec5a4d5347f1">
          <con:configuration>
            <patternText>400</patternText>
            <caseSensitive>true</caseSensitive>
          </con:configuration>
        </con:assertion>
      </con:entry>
    </con:config>
  </con:testStep>
  <con:testStep type="transfer" name="Property Transfer for adding aggregated Item - character quantity" id="0688f313-8bd0-4a5b-8e9a-ba982379cea7">
    <con:settings/>
    <con:config xsi:type="con:PropertyTransfersStep" xmlns:xsi="http://www.w3.org/2001/XMLSchema-instance">
      <con:transfers setNullOnMissingSource="true" transferTextContent="true" failOnError="true" ignoreEmpty="false" transferToAll="false" entitize="false" transferChildNodes="false">
        <con:name>biId</con:name>
        <con:sourceType>res_biId</con:sourceType>
        <con:sourceStep>Create stockIn interaction success</con:sourceStep>
        <con:sourcePath/>
        <con:targetType>req_biId</con:targetType>
        <con:targetStep>Add Aggregated serial Item - character quantity</con:targetStep>
        <con:targetPath/>
        <con:upgraded>true</con:upgraded>
      </con:transfers>
      <con:transfers setNullOnMissingSource="true" transferTextContent="true" failOnError="true" ignoreEmpty="false" transferToAll="false" entitize="false" transferChildNodes="false">
        <con:name>placeId</con:name>
        <con:sourceType>res_placeId</con:sourceType>
        <con:sourceStep>Create sales organization and user</con:sourceStep>
        <con:targetType>req_toPlaceId</con:targetType>
        <con:targetStep>Add Aggregated serial Item - character quantity</con:targetStep>
        <con:upgraded>true</con:upgraded>
      </con:transfers>
      <con:transfers setNullOnMissingSource="true" transferTextContent="true" failOnError="true" ignoreEmpty="false" transferToAll="false" entitize="false" transferChildNodes="false" disabled="true">
        <con:name>serialNumber</con:name>
        <con:sourceType>batchId</con:sourceType>
        <con:sourceStep>DataGen for current timeStamp</con:sourceStep>
        <con:targetType>req_startSerialNumber</con:targetType>
        <con:targetStep>Add Aggregated serial Item</con:targetStep>
        <con:upgraded>true</con:upgraded>
      </con:transfers>
      <con:transfers setNullOnMissingSource="true" transferTextContent="true" failOnError="true" ignoreEmpty="false" transferToAll="false" entitize="false" transferChildNodes="false">
        <con:name>soId</con:name>
        <con:sourceType>res_salesOrgId</con:sourceType>
        <con:sourceStep>Create sales organization and user</con:sourceStep>
        <con:targetType>req_soId</con:targetType>
        <con:targetStep>Add Aggregated serial Item - character quantity</con:targetStep>
        <con:upgraded>true</con:upgraded>
      </con:transfers>
      <con:transfers setNullOnMissingSource="true" transferTextContent="true" failOnError="true" ignoreEmpty="false" transferToAll="false" entitize="false" transferChildNodes="false">
        <con:name>quantity</con:name>
        <con:sourceType>character</con:sourceType>
        <con:sourceStep>Given properties for the test steps</con:sourceStep>
        <con:targetType>req_quantity</con:targetType>
        <con:targetStep>Add Aggregated serial Item - character quantity</con:targetStep>
        <con:upgraded>true</con:upgraded>
      </con:transfers>
      <con:transfers setNullOnMissingSource="true" transferTextContent="true" failOnError="true" ignoreEmpty="false" transferToAll="false" entitize="false" transferChildNodes="false">
        <con:name>purchaseDate</con:name>
        <con:sourceType>purchaseDate</con:sourceType>
        <con:sourceStep>DataGen for current timeStamp</con:sourceStep>
        <con:targetType>req_purchaseDate</con:targetType>
        <con:targetStep>Add Aggregated serial Item - character quantity</con:targetStep>
        <con:upgraded>true</con:upgraded>
      </con:transfers>
    </con:config>
  </con:testStep>
  <con:testStep type="calltestcase" name="Add Aggregated serial Item - character quantity" id="a3356f0c-d2cd-4260-b5aa-a3306583807e">
    <con:settings/>
    <con:config xsi:type="con:RunTestCaseStep" xmlns:xsi="http://www.w3.org/2001/XMLSchema-instance">
      <con:targetTestCase>56257bd7-ca12-4aa0-bc6c-f7c9fa9bea22</con:targetTestCase>
      <con:properties>
        <con:property>
          <con:name>req_biId</con:name>
          <con:value>1591</con:value>
        </con:property>
        <con:property>
          <con:name>req_soId</con:name>
          <con:value>58</con:value>
        </con:property>
        <con:property>
          <con:name>res_code</con:name>
          <con:value>400</con:value>
        </con:property>
        <con:property>
          <con:name>res_errorMessage</con:name>
          <con:value>400</con:value>
        </con:property>
        <con:property>
          <con:name>res_id</con:name>
          <con:value xsi:nil="true"/>
        </con:property>
        <con:property>
          <con:name>res_status</con:name>
          <con:value>400</con:value>
        </con:property>
        <con:property>
          <con:name>req_toPlaceId</con:name>
          <con:value>32</con:value>
        </con:property>
        <con:property>
          <con:name>req_quantity</con:name>
          <con:value>qwerty</con:value>
        </con:property>
        <con:property>
          <con:name>req_purchaseDate</con:name>
          <con:value>2018-03-13T10:45:08.000Z</con:value>
        </con:property>
        <con:property>
          <con:name>res_errorCode</con:name>
          <con:value/>
        </con:property>
        <con:property>
          <con:name>req_startSerialNumber</con:name>
          <con:value xsi:nil="true"/>
        </con:property>
        <con:property>
          <con:name>req_endSerialNumber</con:name>
          <con:value xsi:nil="true"/>
        </con:property>
        <con:property>
          <con:name>req_vendor</con:name>
        </con:property>
        <con:property>
          <con:name>req_toSalesOrganizationId</con:name>
        </con:property>
      </con:properties>
      <con:returnProperties>
        <con:entry>res_status</con:entry>
        <con:entry>res_code</con:entry>
        <con:entry>res_errorCode</con:entry>
        <con:entry>res_errorMessage</con:entry>
        <con:entry>res_id</con:entry>
      </con:returnProperties>
      <con:runMode>PARALLELL</con:runMode>
    </con:config>
  </con:testStep>
  <con:testStep type="assertionteststep" name="Assertion for adding aggregated serial item - character quantity" id="903b16fc-b014-47ec-8dbf-77e2a272dce2">
    <con:settings/>
    <con:config xsi:type="con:AssertionTestStep" xmlns:xsi="http://www.w3.org/2001/XMLSchema-instance">
      <con:entry>
        <con:id>185f7749-c09f-41c3-92ee-88a3b34628cc</con:id>
        <con:isGroup>false</con:isGroup>
        <con:sourceId>a3356f0c-d2cd-4260-b5aa-a3306583807e</con:sourceId>
        <con:propertyName>res_status</con:propertyName>
        <con:assertion type="Simple Equals" name="Equals" id="018d1d83-bb0c-489b-9fee-76c99c6def00">
          <con:configuration>
            <patternText>400</patternText>
            <caseSensitive>true</caseSensitive>
          </con:configuration>
        </con:assertion>
      </con:entry>
      <con:entry>
        <con:id>4f075087-a98b-444b-9d7f-882f8c1462d3</con:id>
        <con:isGroup>false</con:isGroup>
        <con:sourceId>a3356f0c-d2cd-4260-b5aa-a3306583807e</con:sourceId>
        <con:propertyName>res_errorMessage</con:propertyName>
        <con:assertion type="Simple Equals" name="Equals 2" id="cd0fde5e-2036-4623-91d7-c935b62d830a">
          <con:configuration>
            <patternText>400</patternText>
            <caseSensitive>true</caseSensitive>
          </con:configuration>
        </con:assertion>
      </con:entry>
    </con:config>
  </con:testStep>
  <con:testStep type="transfer" name="Property Transfer for adding aggregated Item" id="e6ab1693-b141-4707-a648-6f0b92ca2b33">
    <con:settings/>
    <con:config xsi:type="con:PropertyTransfersStep" xmlns:xsi="http://www.w3.org/2001/XMLSchema-instance">
      <con:transfers setNullOnMissingSource="true" transferTextContent="true" failOnError="true" ignoreEmpty="false" transferToAll="false" entitize="false" transferChildNodes="false">
        <con:name>biId</con:name>
        <con:sourceType>res_biId</con:sourceType>
        <con:sourceStep>Create stockIn interaction success</con:sourceStep>
        <con:sourcePath/>
        <con:targetType>req_biId</con:targetType>
        <con:targetStep>Add Aggregated serial Item</con:targetStep>
        <con:targetPath/>
        <con:upgraded>true</con:upgraded>
      </con:transfers>
      <con:transfers setNullOnMissingSource="true" transferTextContent="true" failOnError="true" ignoreEmpty="false" transferToAll="false" entitize="false" transferChildNodes="false">
        <con:name>placeId</con:name>
        <con:sourceType>res_placeId</con:sourceType>
        <con:sourceStep>Create sales organization and user</con:sourceStep>
        <con:targetType>req_toPlaceId</con:targetType>
        <con:targetStep>Add Aggregated serial Item</con:targetStep>
        <con:upgraded>true</con:upgraded>
      </con:transfers>
      <con:transfers setNullOnMissingSource="true" transferTextContent="true" failOnError="true" ignoreEmpty="false" transferToAll="false" entitize="false" transferChildNodes="false" disabled="true">
        <con:name>serialNumber</con:name>
        <con:sourceType>batchId</con:sourceType>
        <con:sourceStep>DataGen for current timeStamp</con:sourceStep>
        <con:targetType>req_startSerialNumber</con:targetType>
        <con:targetStep>Add Aggregated serial Item</con:targetStep>
        <con:upgraded>true</con:upgraded>
      </con:transfers>
      <con:transfers setNullOnMissingSource="true" transferTextContent="true" failOnError="true" ignoreEmpty="false" transferToAll="false" entitize="false" transferChildNodes="false">
        <con:name>soId</con:name>
        <con:sourceType>res_salesOrgId</con:sourceType>
        <con:sourceStep>Create sales organization and user</con:sourceStep>
        <con:targetType>req_soId</con:targetType>
        <con:targetStep>Add Aggregated serial Item</con:targetStep>
        <con:upgraded>true</con:upgraded>
      </con:transfers>
      <con:transfers setNullOnMissingSource="true" transferTextContent="true" failOnError="true" ignoreEmpty="false" transferToAll="false" entitize="false" transferChildNodes="false">
        <con:name>quantity</con:name>
        <con:sourceType>quantityOne</con:sourceType>
        <con:sourceStep>Given properties for the test steps</con:sourceStep>
        <con:targetType>req_quantity</con:targetType>
        <con:targetStep>Add Aggregated serial Item</con:targetStep>
        <con:upgraded>true</con:upgraded>
      </con:transfers>
      <con:transfers setNullOnMissingSource="true" transferTextContent="true" failOnError="true" ignoreEmpty="false" transferToAll="false" entitize="false" transferChildNodes="false">
        <con:name>purchaseDate</con:name>
        <con:sourceType>purchaseDate</con:sourceType>
        <con:sourceStep>DataGen for current timeStamp</con:sourceStep>
        <con:targetType>req_purchaseDate</con:targetType>
        <con:targetStep>Add Aggregated serial Item</con:targetStep>
        <con:upgraded>true</con:upgraded>
      </con:transfers>
    </con:config>
  </con:testStep>
  <con:testStep type="calltestcase" name="Add Aggregated serial Item" id="5eac6e64-fdfd-454c-af67-3d51e8ce528e">
    <con:settings/>
    <con:config xsi:type="con:RunTestCaseStep" xmlns:xsi="http://www.w3.org/2001/XMLSchema-instance">
      <con:targetTestCase>56257bd7-ca12-4aa0-bc6c-f7c9fa9bea22</con:targetTestCase>
      <con:properties>
        <con:property>
          <con:name>req_biId</con:name>
          <con:value>1591</con:value>
        </con:property>
        <con:property>
          <con:name>req_soId</con:name>
          <con:value>58</con:value>
        </con:property>
        <con:property>
          <con:name>res_code</con:name>
          <con:value xsi:nil="true"/>
        </con:property>
        <con:property>
          <con:name>res_errorMessage</con:name>
          <con:value xsi:nil="true"/>
        </con:property>
        <con:property>
          <con:name>res_id</con:name>
          <con:value>411</con:value>
        </con:property>
        <con:property>
          <con:name>res_status</con:name>
          <con:value>201</con:value>
        </con:property>
        <con:property>
          <con:name>req_toPlaceId</con:name>
          <con:value>32</con:value>
        </con:property>
        <con:property>
          <con:name>req_quantity</con:name>
          <con:value>1</con:value>
        </con:property>
        <con:property>
          <con:name>req_purchaseDate</con:name>
          <con:value>2018-03-13T10:45:08.000Z</con:value>
        </con:property>
        <con:property>
          <con:name>res_errorCode</con:name>
          <con:value/>
        </con:property>
        <con:property>
          <con:name>req_startSerialNumber</con:name>
          <con:value xsi:nil="true"/>
        </con:property>
        <con:property>
          <con:name>req_endSerialNumber</con:name>
          <con:value xsi:nil="true"/>
        </con:property>
        <con:property>
          <con:name>req_vendor</con:name>
        </con:property>
        <con:property>
          <con:name>req_toSalesOrganizationId</con:name>
        </con:property>
      </con:properties>
      <con:returnProperties>
        <con:entry>res_status</con:entry>
        <con:entry>res_code</con:entry>
        <con:entry>res_errorCode</con:entry>
        <con:entry>res_errorMessage</con:entry>
        <con:entry>res_id</con:entry>
      </con:returnProperties>
      <con:runMode>PARALLELL</con:runMode>
    </con:config>
  </con:testStep>
  <con:testStep type="assertionteststep" name="Assertion for adding aggregated serial item" id="616302db-bd82-4415-9399-9756b006ca81">
    <con:settings/>
    <con:config xsi:type="con:AssertionTestStep" xmlns:xsi="http://www.w3.org/2001/XMLSchema-instance">
      <con:entry>
        <con:id>99c85064-456c-4083-9d30-8ca916bf6de9</con:id>
        <con:isGroup>false</con:isGroup>
        <con:sourceId>5eac6e64-fdfd-454c-af67-3d51e8ce528e</con:sourceId>
        <con:propertyName>res_id</con:propertyName>
        <con:assertion type="Simple Contains" name="Contains" id="ddaf2454-ead0-417a-b1d2-c7db16a9f04d">
          <con:configuration>
            <token>\d+</token>
            <ignoreCase>false</ignoreCase>
            <useRegEx>true</useRegEx>
          </con:configuration>
        </con:assertion>
      </con:entry>
      <con:entry>
        <con:id>d530bfa1-048c-4a6c-828f-b1e52128265f</con:id>
        <con:isGroup>false</con:isGroup>
        <con:sourceId>5eac6e64-fdfd-454c-af67-3d51e8ce528e</con:sourceId>
        <con:propertyName>res_status</con:propertyName>
        <con:assertion type="Simple Equals" name="Equals" id="49f84a93-e55a-4cb9-945d-c156b98126ee">
          <con:configuration>
            <patternText>201</patternText>
            <caseSensitive>true</caseSensitive>
          </con:configuration>
        </con:assertion>
      </con:entry>
    </con:config>
  </con:testStep>
  <con:testStep type="transfer" name="Property Transfer for display aggregated item" id="e1a12d45-5850-4280-a593-8c9d11945d4f">
    <con:settings/>
    <con:config xsi:type="con:PropertyTransfersStep" xmlns:xsi="http://www.w3.org/2001/XMLSchema-instance">
      <con:transfers setNullOnMissingSource="true" transferTextContent="true" failOnError="true" ignoreEmpty="false" transferToAll="false" entitize="false" transferChildNodes="false">
        <con:name>biId1</con:name>
        <con:sourceType>res_biId</con:sourceType>
        <con:sourceStep>Create stockIn interaction success</con:sourceStep>
        <con:sourcePath/>
        <con:targetType>req_biId</con:targetType>
        <con:targetStep>Get aggregated items of stockIn BI</con:targetStep>
        <con:targetPath/>
        <con:upgraded>true</con:upgraded>
      </con:transfers>
      <con:transfers setNullOnMissingSource="true" transferTextContent="true" failOnError="true" ignoreEmpty="false" transferToAll="false" entitize="false" transferChildNodes="false">
        <con:name>biId2</con:name>
        <con:sourceType>res_biId</con:sourceType>
        <con:sourceStep>Create stockIn interaction success</con:sourceStep>
        <con:targetType>req_biId</con:targetType>
        <con:targetStep>Get items of aggregated stockIn BI</con:targetStep>
        <con:upgraded>true</con:upgraded>
      </con:transfers>
      <con:transfers setNullOnMissingSource="true" transferTextContent="true" failOnError="true" ignoreEmpty="false" transferToAll="false" entitize="false" transferChildNodes="false">
        <con:name>aggId2</con:name>
        <con:sourceType>res_id</con:sourceType>
        <con:sourceStep>Add Aggregated serial Item</con:sourceStep>
        <con:targetType>req_aggregatedItemId</con:targetType>
        <con:targetStep>Get items of aggregated stockIn BI</con:targetStep>
        <con:upgraded>true</con:upgraded>
      </con:transfers>
      <con:transfers setNullOnMissingSource="true" transferTextContent="true" failOnError="true" ignoreEmpty="false" transferToAll="false" entitize="false" transferChildNodes="false">
        <con:name>biId3</con:name>
        <con:sourceType>res_biId</con:sourceType>
        <con:sourceStep>Create stockIn interaction success</con:sourceStep>
        <con:targetType>req_biId</con:targetType>
        <con:targetStep>Get items of aggregated items stockIn BI</con:targetStep>
        <con:upgraded>true</con:upgraded>
      </con:transfers>
      <con:transfers setNullOnMissingSource="true" transferTextContent="true" failOnError="true" ignoreEmpty="false" transferToAll="false" entitize="false" transferChildNodes="false">
        <con:name>aggId3</con:name>
        <con:sourceType>res_id</con:sourceType>
        <con:sourceStep>Add Aggregated serial Item</con:sourceStep>
        <con:targetType>req_aggregatedItemId</con:targetType>
        <con:targetStep>Get items of aggregated items stockIn BI</con:targetStep>
        <con:upgraded>true</con:upgraded>
      </con:transfers>
    </con:config>
  </con:testStep>
  <con:testStep type="calltestcase" name="Get aggregated items of stockIn BI" id="0f9b08be-9262-42bb-a13c-836cdf0c96c4">
    <con:settings/>
    <con:config xsi:type="con:RunTestCaseStep" xmlns:xsi="http://www.w3.org/2001/XMLSchema-instance">
      <con:targetTestCase>a8eaefd6-024d-476a-a19e-aaf79f527446</con:targetTestCase>
      <con:properties>
        <con:property>
          <con:name>req_biId</con:name>
          <con:value>1591</con:value>
        </con:property>
        <con:property>
          <con:name>res_code</con:name>
          <con:value xsi:nil="true"/>
        </con:property>
        <con:property>
          <con:name>res_errorMessage</con:name>
          <con:value xsi:nil="true"/>
        </con:property>
        <con:property>
          <con:name>res_status</con:name>
          <con:value>200</con:value>
        </con:property>
        <con:property>
          <con:name>res_response</con:name>
          <con:value>{"items":[{"vendorName":"Vendor","purchaseDate":"2018-03-13T10:45:08.000Z","isPaired":false,"productSpecExternalId":"EXT-GALAXYNOTE4-1","requestedQuantity":1,"status":"Sellable","characteristicDescription":"null, null, null","id":"410"},{"vendorName":"Vendor","purchaseDate":"2018-03-13T10:45:08.000Z","isPaired":false,"productSpecExternalId":"EXT-IPHONE6S-1","requestedQuantity":1,"status":"Sellable","characteristicDescription":"null, null, null","id":"411"}]}</con:value>
        </con:property>
      </con:properties>
      <con:returnProperties>
        <con:entry>res_code</con:entry>
        <con:entry>res_errorMessage</con:entry>
        <con:entry>res_status</con:entry>
        <con:entry>res_response</con:entry>
      </con:returnProperties>
      <con:runMode>PARALLELL</con:runMode>
    </con:config>
  </con:testStep>
  <con:testStep type="calltestcase" name="Get items of aggregated stockIn BI" id="ace3277d-8dcc-49ba-adda-7b640da21ce7">
    <con:settings/>
    <con:config xsi:type="con:RunTestCaseStep" xmlns:xsi="http://www.w3.org/2001/XMLSchema-instance">
      <con:targetTestCase>1abac953-7b31-4d44-9738-d75865f63872</con:targetTestCase>
      <con:properties>
        <con:property>
          <con:name>req_biId</con:name>
          <con:value>1591</con:value>
        </con:property>
        <con:property>
          <con:name>res_code</con:name>
          <con:value xsi:nil="true"/>
        </con:property>
        <con:property>
          <con:name>res_errorMessage</con:name>
          <con:value xsi:nil="true"/>
        </con:property>
        <con:property>
          <con:name>res_status</con:name>
          <con:value>200</con:value>
        </con:property>
        <con:property>
          <con:name>res_response</con:name>
          <con:value>{"vendorName":"Vendor","purchaseDate":"2018-03-13T10:45:08.000Z","isPaired":false,"productSpecExternalId":"EXT-IPHONE6S-1","requestedQuantity":1,"status":"Sellable","characteristicDescription":"null, null, null","id":"411"}</con:value>
        </con:property>
        <con:property>
          <con:name>req_aggregatedItemId</con:name>
          <con:value>411</con:value>
        </con:property>
      </con:properties>
      <con:returnProperties>
        <con:entry>res_errorMessage</con:entry>
        <con:entry>res_status</con:entry>
        <con:entry>res_code</con:entry>
        <con:entry>res_response</con:entry>
      </con:returnProperties>
      <con:runMode>PARALLELL</con:runMode>
    </con:config>
  </con:testStep>
  <con:testStep type="calltestcase" name="Get items of aggregated items stockIn BI" id="17a0ba9f-b8ff-43dd-953e-982f97812020">
    <con:settings/>
    <con:config xsi:type="con:RunTestCaseStep" xmlns:xsi="http://www.w3.org/2001/XMLSchema-instance">
      <con:targetTestCase>3ab33e88-5c72-423e-98f6-5f167c78d70a</con:targetTestCase>
      <con:properties>
        <con:property>
          <con:name>req_biId</con:name>
          <con:value>1591</con:value>
        </con:property>
        <con:property>
          <con:name>res_code</con:name>
          <con:value xsi:nil="true"/>
        </con:property>
        <con:property>
          <con:name>res_errorMessage</con:name>
          <con:value xsi:nil="true"/>
        </con:property>
        <con:property>
          <con:name>res_status</con:name>
          <con:value>200</con:value>
        </con:property>
        <con:property>
          <con:name>res_response</con:name>
          <con:value>{"items":[]}</con:value>
        </con:property>
        <con:property>
          <con:name>req_aggregatedItemId</con:name>
          <con:value>411</con:value>
        </con:property>
      </con:properties>
      <con:returnProperties>
        <con:entry>res_errorMessage</con:entry>
        <con:entry>res_status</con:entry>
        <con:entry>res_code</con:entry>
        <con:entry>res_response</con:entry>
      </con:returnProperties>
      <con:runMode>PARALLELL</con:runMode>
    </con:config>
  </con:testStep>
  <con:testStep type="assertionteststep" name="Assertion for display aggregated items" id="5d36be8f-9e41-4697-b94b-04093f0c54b3">
    <con:settings/>
    <con:config xsi:type="con:AssertionTestStep" xmlns:xsi="http://www.w3.org/2001/XMLSchema-instance">
      <con:entry>
        <con:id>479aaa3f-2b95-4e84-8b08-8d90c72b25e6</con:id>
        <con:isGroup>false</con:isGroup>
        <con:sourceId>0f9b08be-9262-42bb-a13c-836cdf0c96c4</con:sourceId>
        <con:propertyName>res_status</con:propertyName>
        <con:assertion type="Simple Equals" name="Equals" id="dda8b0ae-dfe7-4d9e-9776-5de20adcb825">
          <con:configuration>
            <patternText>200</patternText>
            <caseSensitive>true</caseSensitive>
          </con:configuration>
        </con:assertion>
      </con:entry>
      <con:entry>
        <con:id>a0e794f1-2f19-4742-be6c-280362816f78</con:id>
        <con:isGroup>false</con:isGroup>
        <con:sourceId>ace3277d-8dcc-49ba-adda-7b640da21ce7</con:sourceId>
        <con:propertyName>res_status</con:propertyName>
        <con:assertion type="Simple Equals" name="Equals 2" id="79d1a7b3-8bcd-41fe-89a2-b681070c0073">
          <con:configuration>
            <patternText>200</patternText>
            <caseSensitive>true</caseSensitive>
          </con:configuration>
        </con:assertion>
      </con:entry>
      <con:entry>
        <con:id>404dc496-da61-46a0-a44a-933192ba28c6</con:id>
        <con:isGroup>false</con:isGroup>
        <con:sourceId>17a0ba9f-b8ff-43dd-953e-982f97812020</con:sourceId>
        <con:propertyName>res_status</con:propertyName>
        <con:assertion type="Simple Equals" name="Equals 3" id="4ed1982a-f28b-4dd6-abd4-0250f766a693">
          <con:configuration>
            <patternText>200</patternText>
            <caseSensitive>true</caseSensitive>
          </con:configuration>
        </con:assertion>
      </con:entry>
      <con:entry>
        <con:id>93b65b02-3687-43a8-95f4-130c87586213</con:id>
        <con:isGroup>false</con:isGroup>
        <con:sourceId>0f9b08be-9262-42bb-a13c-836cdf0c96c4</con:sourceId>
        <con:propertyName>res_response</con:propertyName>
        <con:assertion type="Simple Contains" name="Contains" id="990fb5f0-87e9-4c6d-aa10-827bf017389b">
          <con:configuration>
            <token>\d+</token>
            <ignoreCase>false</ignoreCase>
            <useRegEx>true</useRegEx>
          </con:configuration>
        </con:assertion>
      </con:entry>
      <con:entry>
        <con:id>f9b3ab39-8659-4590-939c-26ce0477790c</con:id>
        <con:isGroup>false</con:isGroup>
        <con:sourceId>ace3277d-8dcc-49ba-adda-7b640da21ce7</con:sourceId>
        <con:propertyName>res_response</con:propertyName>
        <con:assertion type="Simple Contains" name="Contains 2" id="0ff882e3-fc55-499f-838e-b1942891ad37">
          <con:configuration>
            <token>\d+</token>
            <ignoreCase>false</ignoreCase>
            <useRegEx>true</useRegEx>
          </con:configuration>
        </con:assertion>
      </con:entry>
    </con:config>
  </con:testStep>
  <con:testStep type="transfer" name="Property Transfer for update Requested Quantity to negative" id="fc56ab54-99de-43a7-8f82-bfed7a5c8a0c">
    <con:settings/>
    <con:config xsi:type="con:PropertyTransfersStep" xmlns:xsi="http://www.w3.org/2001/XMLSchema-instance">
      <con:transfers setNullOnMissingSource="true" transferTextContent="true" failOnError="true" ignoreEmpty="false" transferToAll="false" entitize="false" transferChildNodes="false">
        <con:name>aggregatedItemId</con:name>
        <con:sourceType>res_id</con:sourceType>
        <con:sourceStep>Add Aggregated serial Item</con:sourceStep>
        <con:sourcePath/>
        <con:targetType>req_aggregatedItemId</con:targetType>
        <con:targetStep>Update Requested Quantity to negative</con:targetStep>
        <con:targetPath/>
        <con:upgraded>true</con:upgraded>
      </con:transfers>
      <con:transfers setNullOnMissingSource="true" transferTextContent="true" failOnError="true" ignoreEmpty="false" transferToAll="false" entitize="false" transferChildNodes="false">
        <con:name>quantity</con:name>
        <con:sourceType>negative</con:sourceType>
        <con:sourceStep>Given properties for the test steps</con:sourceStep>
        <con:targetType>req_requestedQuantity</con:targetType>
        <con:targetStep>Update Requested Quantity to negative</con:targetStep>
        <con:upgraded>true</con:upgraded>
      </con:transfers>
      <con:transfers setNullOnMissingSource="true" transferTextContent="true" failOnError="true" ignoreEmpty="false" transferToAll="false" entitize="false" transferChildNodes="false">
        <con:name>userId</con:name>
        <con:sourceType>res_userRoleId</con:sourceType>
        <con:sourceStep>Create sales organization and user</con:sourceStep>
        <con:targetType>req_userId</con:targetType>
        <con:targetStep>Update Requested Quantity to negative</con:targetStep>
        <con:upgraded>true</con:upgraded>
      </con:transfers>
      <con:transfers setNullOnMissingSource="true" transferTextContent="true" failOnError="true" ignoreEmpty="false" transferToAll="false" entitize="false" transferChildNodes="false">
        <con:name>soId</con:name>
        <con:sourceType>res_salesOrgId</con:sourceType>
        <con:sourceStep>Create sales organization and user</con:sourceStep>
        <con:targetType>req_soId</con:targetType>
        <con:targetStep>Update Requested Quantity to negative</con:targetStep>
        <con:upgraded>true</con:upgraded>
      </con:transfers>
      <con:transfers setNullOnMissingSource="true" transferTextContent="true" failOnError="true" ignoreEmpty="false" transferToAll="false" entitize="false" transferChildNodes="false">
        <con:name>biId</con:name>
        <con:sourceType>res_biId</con:sourceType>
        <con:sourceStep>Create stockIn interaction success</con:sourceStep>
        <con:targetType>req_biId</con:targetType>
        <con:targetStep>Update Requested Quantity to negative</con:targetStep>
        <con:upgraded>true</con:upgraded>
      </con:transfers>
    </con:config>
  </con:testStep>
  <con:testStep type="calltestcase" name="Update Requested Quantity to negative" id="9880a4c4-1b14-45bf-b605-34723a9ca5f1">
    <con:settings/>
    <con:config xsi:type="con:RunTestCaseStep" xmlns:xsi="http://www.w3.org/2001/XMLSchema-instance">
      <con:targetTestCase>2fb2fa7a-2901-4ff0-bc67-fc212cc8328c</con:targetTestCase>
      <con:properties>
        <con:property>
          <con:name>req_aggregatedItemId</con:name>
          <con:value>411</con:value>
        </con:property>
        <con:property>
          <con:name>req_requestedQuantity</con:name>
          <con:value>-1</con:value>
        </con:property>
        <con:property>
          <con:name>req_soId</con:name>
          <con:value>58</con:value>
        </con:property>
        <con:property>
          <con:name>req_biId</con:name>
          <con:value>1591</con:value>
        </con:property>
        <con:property>
          <con:name>res_status</con:name>
          <con:value>400</con:value>
        </con:property>
        <con:property>
          <con:name>res_code</con:name>
          <con:value>QUANTITY_CANNOT_BE_ZERO_OR_NEGATIVE</con:value>
        </con:property>
        <con:property>
          <con:name>res_errorMessage</con:name>
          <con:value>QUANTITY_CANNOT_BE_ZERO_OR_NEGATIVE</con:value>
        </con:property>
        <con:property>
          <con:name>req_userId</con:name>
          <con:value>60</con:value>
        </con:property>
        <con:property>
          <con:name>res_id</con:name>
          <con:value xsi:nil="true"/>
        </con:property>
      </con:properties>
      <con:returnProperties>
        <con:entry>res_errorMessage</con:entry>
        <con:entry>res_code</con:entry>
        <con:entry>res_status</con:entry>
        <con:entry>res_id</con:entry>
      </con:returnProperties>
      <con:runMode>PARALLELL</con:runMode>
    </con:config>
  </con:testStep>
  <con:testStep type="assertionteststep" name="Assertion for updating reserved quantity  to negative" id="5fb708da-6d25-4a94-bf33-7ce663d641ac">
    <con:settings/>
    <con:config xsi:type="con:AssertionTestStep" xmlns:xsi="http://www.w3.org/2001/XMLSchema-instance">
      <con:entry>
        <con:id>c9851b14-af94-4d25-aac3-9ee4ae2c0213</con:id>
        <con:isGroup>false</con:isGroup>
        <con:sourceId>9880a4c4-1b14-45bf-b605-34723a9ca5f1</con:sourceId>
        <con:propertyName>res_status</con:propertyName>
        <con:assertion type="Simple Equals" name="Equals" id="8d88ff77-c044-4eb7-9892-7fbf06a6f2fb" disabled="true">
          <con:configuration>
            <patternText>400</patternText>
            <caseSensitive>true</caseSensitive>
          </con:configuration>
        </con:assertion>
      </con:entry>
      <con:entry>
        <con:id>757918c2-186d-4206-9870-2720b24db72d</con:id>
        <con:isGroup>false</con:isGroup>
        <con:sourceId>9880a4c4-1b14-45bf-b605-34723a9ca5f1</con:sourceId>
        <con:propertyName>res_errorMessage</con:propertyName>
        <con:assertion type="Simple Equals" name="Equals 2" id="8cfc19ad-6a75-41c6-bae3-6d66deced222">
          <con:configuration>
            <patternText>QUANTITY_CANNOT_BE_ZERO_OR_NEGATIVE</patternText>
            <caseSensitive>true</caseSensitive>
          </con:configuration>
        </con:assertion>
      </con:entry>
      <con:entry>
        <con:id>3197ab6e-55e1-420d-abc6-0e4e3463cfe4</con:id>
        <con:isGroup>false</con:isGroup>
        <con:sourceId>9880a4c4-1b14-45bf-b605-34723a9ca5f1</con:sourceId>
        <con:propertyName>res_status</con:propertyName>
        <con:assertion type="Simple Equals" name="Equals 3" id="f93a5595-dce9-4997-b4ca-d2ce98fc96d8">
          <con:configuration>
            <patternText>400</patternText>
            <caseSensitive>true</caseSensitive>
          </con:configuration>
        </con:assertion>
      </con:entry>
      <con:entry>
        <con:id>39e8a0d4-fcc3-466c-8542-8f5437d3a986</con:id>
        <con:isGroup>false</con:isGroup>
        <con:sourceId>9880a4c4-1b14-45bf-b605-34723a9ca5f1</con:sourceId>
        <con:propertyName>res_id</con:propertyName>
        <con:assertion type="Simple Contains" name="Contains" id="eaaafc2f-b03e-49d7-b862-3357d7eba752">
          <con:configuration>
            <token>^\s*$</token>
            <ignoreCase>false</ignoreCase>
            <useRegEx>true</useRegEx>
          </con:configuration>
        </con:assertion>
      </con:entry>
    </con:config>
  </con:testStep>
  <con:testStep type="transfer" name="Property Transfer for update Requested Quantity" id="7673416b-d28f-4628-ba90-784d2fa85986">
    <con:settings/>
    <con:config xsi:type="con:PropertyTransfersStep" xmlns:xsi="http://www.w3.org/2001/XMLSchema-instance">
      <con:transfers setNullOnMissingSource="true" transferTextContent="true" failOnError="true" ignoreEmpty="false" transferToAll="false" entitize="false" transferChildNodes="false">
        <con:name>aggregatedItemId</con:name>
        <con:sourceType>res_id</con:sourceType>
        <con:sourceStep>Add Aggregated serial Item</con:sourceStep>
        <con:sourcePath/>
        <con:targetType>req_aggregatedItemId</con:targetType>
        <con:targetStep>Update Requested Quantity</con:targetStep>
        <con:targetPath/>
        <con:upgraded>true</con:upgraded>
      </con:transfers>
      <con:transfers setNullOnMissingSource="true" transferTextContent="true" failOnError="true" ignoreEmpty="false" transferToAll="false" entitize="false" transferChildNodes="false">
        <con:name>quantity</con:name>
        <con:sourceType>quantityTwo</con:sourceType>
        <con:sourceStep>Given properties for the test steps</con:sourceStep>
        <con:targetType>req_requestedQuantity</con:targetType>
        <con:targetStep>Update Requested Quantity</con:targetStep>
        <con:upgraded>true</con:upgraded>
      </con:transfers>
      <con:transfers setNullOnMissingSource="true" transferTextContent="true" failOnError="true" ignoreEmpty="false" transferToAll="false" entitize="false" transferChildNodes="false">
        <con:name>userId</con:name>
        <con:sourceType>res_userRoleId</con:sourceType>
        <con:sourceStep>Create sales organization and user</con:sourceStep>
        <con:targetType>req_userId</con:targetType>
        <con:targetStep>Update Requested Quantity</con:targetStep>
        <con:upgraded>true</con:upgraded>
      </con:transfers>
      <con:transfers setNullOnMissingSource="true" transferTextContent="true" failOnError="true" ignoreEmpty="false" transferToAll="false" entitize="false" transferChildNodes="false">
        <con:name>soId</con:name>
        <con:sourceType>res_salesOrgId</con:sourceType>
        <con:sourceStep>Create sales organization and user</con:sourceStep>
        <con:targetType>req_soId</con:targetType>
        <con:targetStep>Update Requested Quantity</con:targetStep>
        <con:upgraded>true</con:upgraded>
      </con:transfers>
      <con:transfers setNullOnMissingSource="true" transferTextContent="true" failOnError="true" ignoreEmpty="false" transferToAll="false" entitize="false" transferChildNodes="false">
        <con:name>biId</con:name>
        <con:sourceType>res_biId</con:sourceType>
        <con:sourceStep>Create stockIn interaction success</con:sourceStep>
        <con:targetType>req_biId</con:targetType>
        <con:targetStep>Update Requested Quantity</con:targetStep>
        <con:upgraded>true</con:upgraded>
      </con:transfers>
    </con:config>
  </con:testStep>
  <con:testStep type="calltestcase" name="Update Requested Quantity" id="2da1c550-4d85-41eb-b446-a835bed0f14c">
    <con:settings/>
    <con:config xsi:type="con:RunTestCaseStep" xmlns:xsi="http://www.w3.org/2001/XMLSchema-instance">
      <con:targetTestCase>2fb2fa7a-2901-4ff0-bc67-fc212cc8328c</con:targetTestCase>
      <con:properties>
        <con:property>
          <con:name>req_aggregatedItemId</con:name>
          <con:value>411</con:value>
        </con:property>
        <con:property>
          <con:name>req_requestedQuantity</con:name>
          <con:value>2</con:value>
        </con:property>
        <con:property>
          <con:name>req_soId</con:name>
          <con:value>58</con:value>
        </con:property>
        <con:property>
          <con:name>req_biId</con:name>
          <con:value>1591</con:value>
        </con:property>
        <con:property>
          <con:name>res_status</con:name>
          <con:value>200</con:value>
        </con:property>
        <con:property>
          <con:name>res_code</con:name>
          <con:value xsi:nil="true"/>
        </con:property>
        <con:property>
          <con:name>res_errorMessage</con:name>
          <con:value xsi:nil="true"/>
        </con:property>
        <con:property>
          <con:name>req_userId</con:name>
          <con:value>60</con:value>
        </con:property>
        <con:property>
          <con:name>res_id</con:name>
          <con:value>411</con:value>
        </con:property>
      </con:properties>
      <con:returnProperties>
        <con:entry>res_errorMessage</con:entry>
        <con:entry>res_code</con:entry>
        <con:entry>res_status</con:entry>
        <con:entry>res_id</con:entry>
      </con:returnProperties>
      <con:runMode>PARALLELL</con:runMode>
    </con:config>
  </con:testStep>
  <con:testStep type="assertionteststep" name="Assertion for updating reserved quantity to 2" id="8edc2e11-d279-4ce7-96cb-447f87ddea2e">
    <con:settings/>
    <con:config xsi:type="con:AssertionTestStep" xmlns:xsi="http://www.w3.org/2001/XMLSchema-instance">
      <con:entry>
        <con:id>31deb0a2-7179-4618-8d0c-bca14e88ca6b</con:id>
        <con:isGroup>false</con:isGroup>
        <con:sourceId>2da1c550-4d85-41eb-b446-a835bed0f14c</con:sourceId>
        <con:propertyName>req_aggregatedItemId</con:propertyName>
        <con:assertion type="Simple Equals" name="Equals" id="3440afb0-fb31-4a62-826c-67dd1c5c4a45">
          <con:configuration>
            <patternObjectId>2da1c550-4d85-41eb-b446-a835bed0f14c</patternObjectId>
            <patternProperty>res_id</patternProperty>
            <caseSensitive>true</caseSensitive>
          </con:configuration>
        </con:assertion>
      </con:entry>
      <con:entry>
        <con:id>d5c3992b-506a-4a9a-b922-776870b80e89</con:id>
        <con:isGroup>false</con:isGroup>
        <con:sourceId>2da1c550-4d85-41eb-b446-a835bed0f14c</con:sourceId>
        <con:propertyName>res_status</con:propertyName>
        <con:assertion type="Simple Equals" name="Equals 2" id="cd9bc00c-153f-4314-9f97-72440196e3c4">
          <con:configuration>
            <patternText>200</patternText>
            <caseSensitive>true</caseSensitive>
          </con:configuration>
        </con:assertion>
      </con:entry>
    </con:config>
  </con:testStep>
  <con:testStep type="transfer" name="Property Transfer for update Requested Quantity to 1" id="5495e66a-d3fc-4697-b072-179914903b0e">
    <con:settings/>
    <con:config xsi:type="con:PropertyTransfersStep" xmlns:xsi="http://www.w3.org/2001/XMLSchema-instance">
      <con:transfers setNullOnMissingSource="true" transferTextContent="true" failOnError="true" ignoreEmpty="false" transferToAll="false" entitize="false" transferChildNodes="false">
        <con:name>aggregatedItemId</con:name>
        <con:sourceType>res_id</con:sourceType>
        <con:sourceStep>Add Aggregated serial Item</con:sourceStep>
        <con:sourcePath/>
        <con:targetType>req_aggregatedItemId</con:targetType>
        <con:targetStep>Update Requested Quantity to 1</con:targetStep>
        <con:targetPath/>
        <con:upgraded>true</con:upgraded>
      </con:transfers>
      <con:transfers setNullOnMissingSource="true" transferTextContent="true" failOnError="true" ignoreEmpty="false" transferToAll="false" entitize="false" transferChildNodes="false">
        <con:name>quantity</con:name>
        <con:sourceType>quantityOne</con:sourceType>
        <con:sourceStep>Given properties for the test steps</con:sourceStep>
        <con:targetType>req_requestedQuantity</con:targetType>
        <con:targetStep>Update Requested Quantity to 1</con:targetStep>
        <con:upgraded>true</con:upgraded>
      </con:transfers>
      <con:transfers setNullOnMissingSource="true" transferTextContent="true" failOnError="true" ignoreEmpty="false" transferToAll="false" entitize="false" transferChildNodes="false">
        <con:name>userId</con:name>
        <con:sourceType>res_userRoleId</con:sourceType>
        <con:sourceStep>Create sales organization and user</con:sourceStep>
        <con:targetType>req_userId</con:targetType>
        <con:targetStep>Update Requested Quantity to 1</con:targetStep>
        <con:upgraded>true</con:upgraded>
      </con:transfers>
      <con:transfers setNullOnMissingSource="true" transferTextContent="true" failOnError="true" ignoreEmpty="false" transferToAll="false" entitize="false" transferChildNodes="false">
        <con:name>soId</con:name>
        <con:sourceType>res_salesOrgId</con:sourceType>
        <con:sourceStep>Create sales organization and user</con:sourceStep>
        <con:targetType>req_soId</con:targetType>
        <con:targetStep>Update Requested Quantity to 1</con:targetStep>
        <con:upgraded>true</con:upgraded>
      </con:transfers>
      <con:transfers setNullOnMissingSource="true" transferTextContent="true" failOnError="true" ignoreEmpty="false" transferToAll="false" entitize="false" transferChildNodes="false">
        <con:name>biId</con:name>
        <con:sourceType>res_biId</con:sourceType>
        <con:sourceStep>Create stockIn interaction success</con:sourceStep>
        <con:targetType>req_biId</con:targetType>
        <con:targetStep>Update Requested Quantity to 1</con:targetStep>
        <con:upgraded>true</con:upgraded>
      </con:transfers>
    </con:config>
  </con:testStep>
  <con:testStep type="calltestcase" name="Update Requested Quantity to 1" id="408e2c79-e81e-4062-a97e-80a4a8a74a67">
    <con:settings/>
    <con:config xsi:type="con:RunTestCaseStep" xmlns:xsi="http://www.w3.org/2001/XMLSchema-instance">
      <con:targetTestCase>2fb2fa7a-2901-4ff0-bc67-fc212cc8328c</con:targetTestCase>
      <con:properties>
        <con:property>
          <con:name>req_aggregatedItemId</con:name>
          <con:value>411</con:value>
        </con:property>
        <con:property>
          <con:name>req_requestedQuantity</con:name>
          <con:value>1</con:value>
        </con:property>
        <con:property>
          <con:name>req_soId</con:name>
          <con:value>58</con:value>
        </con:property>
        <con:property>
          <con:name>req_biId</con:name>
          <con:value>1591</con:value>
        </con:property>
        <con:property>
          <con:name>res_status</con:name>
          <con:value>200</con:value>
        </con:property>
        <con:property>
          <con:name>res_code</con:name>
          <con:value xsi:nil="true"/>
        </con:property>
        <con:property>
          <con:name>res_errorMessage</con:name>
          <con:value xsi:nil="true"/>
        </con:property>
        <con:property>
          <con:name>req_userId</con:name>
          <con:value>60</con:value>
        </con:property>
        <con:property>
          <con:name>res_id</con:name>
          <con:value>411</con:value>
        </con:property>
      </con:properties>
      <con:returnProperties>
        <con:entry>res_errorMessage</con:entry>
        <con:entry>res_code</con:entry>
        <con:entry>res_status</con:entry>
        <con:entry>res_id</con:entry>
      </con:returnProperties>
      <con:runMode>PARALLELL</con:runMode>
    </con:config>
  </con:testStep>
  <con:testStep type="assertionteststep" name="Assertion for updating reserved quantity to 1" id="f37bae02-3b23-45c6-bb4c-ccc865edca6d">
    <con:settings/>
    <con:config xsi:type="con:AssertionTestStep" xmlns:xsi="http://www.w3.org/2001/XMLSchema-instance">
      <con:entry>
        <con:id>d6c21c99-34df-4473-8155-9e9858e85977</con:id>
        <con:isGroup>false</con:isGroup>
        <con:sourceId>408e2c79-e81e-4062-a97e-80a4a8a74a67</con:sourceId>
        <con:propertyName>res_status</con:propertyName>
        <con:assertion type="Simple Equals" name="Equals" id="e70f2bd9-1d22-4a92-a77a-2532a5d4fc49">
          <con:configuration>
            <patternText>200</patternText>
            <caseSensitive>true</caseSensitive>
          </con:configuration>
        </con:assertion>
      </con:entry>
      <con:entry>
        <con:id>ffb34bcd-1b4c-421c-97e4-36ed1acae78a</con:id>
        <con:isGroup>false</con:isGroup>
        <con:sourceId>408e2c79-e81e-4062-a97e-80a4a8a74a67</con:sourceId>
        <con:propertyName>res_id</con:propertyName>
        <con:assertion type="Simple Contains" name="Contains" id="c7c1a700-d893-4434-8599-aaf03c55bd2b">
          <con:configuration>
            <token>\d+</token>
            <ignoreCase>false</ignoreCase>
            <useRegEx>true</useRegEx>
          </con:configuration>
        </con:assertion>
      </con:entry>
    </con:config>
  </con:testStep>
  <con:testStep type="transfer" name="Property Transfer for submit stockIn" id="aadb9743-5929-4059-8c56-e995273aa45c">
    <con:settings/>
    <con:config xsi:type="con:PropertyTransfersStep" xmlns:xsi="http://www.w3.org/2001/XMLSchema-instance">
      <con:transfers setNullOnMissingSource="true" transferTextContent="true" failOnError="true" ignoreEmpty="false" transferToAll="false" entitize="false" transferChildNodes="false">
        <con:name>biId</con:name>
        <con:sourceType>res_biId</con:sourceType>
        <con:sourceStep>Create stockIn interaction success</con:sourceStep>
        <con:sourcePath/>
        <con:targetType>req_biId</con:targetType>
        <con:targetStep>Submit stockIn</con:targetStep>
        <con:targetPath/>
        <con:upgraded>true</con:upgraded>
      </con:transfers>
    </con:config>
  </con:testStep>
  <con:testStep type="calltestcase" name="Submit stockIn" id="db86dadc-1a6c-420f-87b0-fcfcd9f7d531">
    <con:settings/>
    <con:config xsi:type="con:RunTestCaseStep" xmlns:xsi="http://www.w3.org/2001/XMLSchema-instance">
      <con:targetTestCase>c6afe465-b867-4e9f-9e55-596671d41d0a</con:targetTestCase>
      <con:properties>
        <con:property>
          <con:name>req_biId</con:name>
          <con:value>1591</con:value>
        </con:property>
        <con:property>
          <con:name>res_biId</con:name>
          <con:value>1591</con:value>
        </con:property>
        <con:property>
          <con:name>res_code</con:name>
          <con:value xsi:nil="true"/>
        </con:property>
        <con:property>
          <con:name>res_errorMessage</con:name>
          <con:value xsi:nil="true"/>
        </con:property>
        <con:property>
          <con:name>res_httpStatusCode</con:name>
          <con:value>200</con:value>
        </con:property>
      </con:properties>
      <con:returnProperties>
        <con:entry>res_biId</con:entry>
        <con:entry>res_code</con:entry>
        <con:entry>res_errorMessage</con:entry>
        <con:entry>res_httpStatusCode</con:entry>
      </con:returnProperties>
      <con:runMode>PARALLELL</con:runMode>
    </con:config>
  </con:testStep>
  <con:testStep type="assertionteststep" name="Assertion for submitting stockIn" id="6f466b05-79b3-4581-9468-61cfd57f3711">
    <con:settings/>
    <con:config xsi:type="con:AssertionTestStep" xmlns:xsi="http://www.w3.org/2001/XMLSchema-instance">
      <con:entry>
        <con:id>beac7c38-6cf6-4858-9d16-77827a10c176</con:id>
        <con:isGroup>false</con:isGroup>
        <con:sourceId>db86dadc-1a6c-420f-87b0-fcfcd9f7d531</con:sourceId>
        <con:propertyName>req_biId</con:propertyName>
        <con:assertion type="Simple Equals" name="Equals" id="b19936ca-fe55-41fa-a0db-441622f8962b">
          <con:configuration>
            <patternObjectId>db86dadc-1a6c-420f-87b0-fcfcd9f7d531</patternObjectId>
            <patternProperty>res_biId</patternProperty>
            <caseSensitive>true</caseSensitive>
          </con:configuration>
        </con:assertion>
      </con:entry>
      <con:entry>
        <con:id>f5550858-8345-4666-8986-a1d5a3051c5f</con:id>
        <con:isGroup>false</con:isGroup>
        <con:sourceId>db86dadc-1a6c-420f-87b0-fcfcd9f7d531</con:sourceId>
        <con:propertyName>res_httpStatusCode</con:propertyName>
        <con:assertion type="Simple Equals" name="Equals 2" id="bc80ff2e-9ff0-46d3-98ff-6e8873de2e24">
          <con:configuration>
            <patternText>200</patternText>
            <caseSensitive>true</caseSensitive>
          </con:configuration>
        </con:assertion>
      </con:entry>
    </con:config>
  </con:testStep>
  <con:testStep type="transfer" name="Property Transfer for adding aggregated Item while ongoing state" id="adcf7cf7-c587-4a5c-8a32-d9e9301f1288">
    <con:settings/>
    <con:config xsi:type="con:PropertyTransfersStep" xmlns:xsi="http://www.w3.org/2001/XMLSchema-instance">
      <con:transfers setNullOnMissingSource="true" transferTextContent="true" failOnError="true" ignoreEmpty="false" transferToAll="false" entitize="false" transferChildNodes="false">
        <con:name>biId</con:name>
        <con:sourceType>res_biId</con:sourceType>
        <con:sourceStep>Create stockIn interaction success</con:sourceStep>
        <con:sourcePath/>
        <con:targetType>req_biId</con:targetType>
        <con:targetStep>Adding aggregated Item while ongoing state</con:targetStep>
        <con:targetPath/>
        <con:upgraded>true</con:upgraded>
      </con:transfers>
      <con:transfers setNullOnMissingSource="true" transferTextContent="true" failOnError="true" ignoreEmpty="false" transferToAll="false" entitize="false" transferChildNodes="false">
        <con:name>placeId</con:name>
        <con:sourceType>res_placeId</con:sourceType>
        <con:sourceStep>Create sales organization and user</con:sourceStep>
        <con:targetType>req_toPlaceId</con:targetType>
        <con:targetStep>Adding aggregated Item while ongoing state</con:targetStep>
        <con:upgraded>true</con:upgraded>
      </con:transfers>
      <con:transfers setNullOnMissingSource="true" transferTextContent="true" failOnError="true" ignoreEmpty="false" transferToAll="false" entitize="false" transferChildNodes="false">
        <con:name>soId</con:name>
        <con:sourceType>res_salesOrgId</con:sourceType>
        <con:sourceStep>Create sales organization and user</con:sourceStep>
        <con:targetType>req_soId</con:targetType>
        <con:targetStep>Adding aggregated Item while ongoing state</con:targetStep>
        <con:upgraded>true</con:upgraded>
      </con:transfers>
      <con:transfers setNullOnMissingSource="true" transferTextContent="true" failOnError="true" ignoreEmpty="false" transferToAll="false" entitize="false" transferChildNodes="false">
        <con:name>purchaseDate</con:name>
        <con:sourceType>purchaseDate</con:sourceType>
        <con:sourceStep>DataGen for current timeStamp</con:sourceStep>
        <con:targetType>req_purchaseDate</con:targetType>
        <con:targetStep>Adding aggregated Item while ongoing state</con:targetStep>
        <con:upgraded>true</con:upgraded>
      </con:transfers>
      <con:transfers setNullOnMissingSource="true" transferTextContent="true" failOnError="true" ignoreEmpty="false" transferToAll="false" entitize="false" transferChildNodes="false">
        <con:name>quantity</con:name>
        <con:sourceType>quantityOne</con:sourceType>
        <con:sourceStep>Given properties for the test steps</con:sourceStep>
        <con:targetType>req_quantity</con:targetType>
        <con:targetStep>Adding aggregated Item while ongoing state</con:targetStep>
        <con:upgraded>true</con:upgraded>
      </con:transfers>
    </con:config>
  </con:testStep>
  <con:testStep type="calltestcase" name="Adding aggregated Item while ongoing state" id="a57ce300-484b-484b-b407-78c4fdb358c6">
    <con:settings/>
    <con:config xsi:type="con:RunTestCaseStep" xmlns:xsi="http://www.w3.org/2001/XMLSchema-instance">
      <con:targetTestCase>5b682848-55d0-40d6-a04c-3744672801b3</con:targetTestCase>
      <con:properties>
        <con:property>
          <con:name>req_biId</con:name>
          <con:value>1591</con:value>
        </con:property>
        <con:property>
          <con:name>req_soId</con:name>
          <con:value>58</con:value>
        </con:property>
        <con:property>
          <con:name>res_code</con:name>
          <con:value>BI_MUST_BE_IN_DRAFT</con:value>
        </con:property>
        <con:property>
          <con:name>res_errorMessage</con:name>
          <con:value>BI_MUST_BE_IN_DRAFT</con:value>
        </con:property>
        <con:property>
          <con:name>res_id</con:name>
          <con:value xsi:nil="true"/>
        </con:property>
        <con:property>
          <con:name>res_status</con:name>
          <con:value>400</con:value>
        </con:property>
        <con:property>
          <con:name>req_toPlaceId</con:name>
          <con:value>32</con:value>
        </con:property>
        <con:property>
          <con:name>req_quantity</con:name>
          <con:value>1</con:value>
        </con:property>
        <con:property>
          <con:name>req_purchaseDate</con:name>
          <con:value>2018-03-13T10:45:08.000Z</con:value>
        </con:property>
        <con:property>
          <con:name>res_errorCode</con:name>
          <con:value/>
        </con:property>
      </con:properties>
      <con:returnProperties>
        <con:entry>res_status</con:entry>
        <con:entry>res_code</con:entry>
        <con:entry>res_errorCode</con:entry>
        <con:entry>res_errorMessage</con:entry>
        <con:entry>res_id</con:entry>
      </con:returnProperties>
      <con:runMode>PARALLELL</con:runMode>
    </con:config>
  </con:testStep>
  <con:testStep type="assertionteststep" name="Assertion for adding aggregated item while ongoing state" id="5179d327-b62c-42d4-b2ce-1a408eb1459d">
    <con:settings/>
    <con:config xsi:type="con:AssertionTestStep" xmlns:xsi="http://www.w3.org/2001/XMLSchema-instance">
      <con:entry>
        <con:id>776cf995-6167-4ae9-9df8-12f9e8644f3b</con:id>
        <con:isGroup>false</con:isGroup>
        <con:sourceId>a57ce300-484b-484b-b407-78c4fdb358c6</con:sourceId>
        <con:propertyName>res_status</con:propertyName>
        <con:assertion type="Simple Equals" name="Equals" id="402e9ce2-47ce-4f82-b1ce-809ed2043bf5">
          <con:configuration>
            <patternText>400</patternText>
            <caseSensitive>true</caseSensitive>
          </con:configuration>
        </con:assertion>
      </con:entry>
      <con:entry>
        <con:id>24bdf37d-4eb5-480c-809e-cf093e3ee200</con:id>
        <con:isGroup>false</con:isGroup>
        <con:sourceId>a57ce300-484b-484b-b407-78c4fdb358c6</con:sourceId>
        <con:propertyName>res_errorMessage</con:propertyName>
        <con:assertion type="Simple Equals" name="Equals 2" id="d8dfc9eb-2f2e-4b66-a6e4-666bfb1e8d4d">
          <con:configuration>
            <patternText>BI_MUST_BE_IN_DRAFT</patternText>
            <caseSensitive>true</caseSensitive>
          </con:configuration>
        </con:assertion>
      </con:entry>
    </con:config>
  </con:testStep>
  <con:testStep type="transfer" name="Property Transfer for update Requested Quantity 2" id="6bfa1693-8f00-4679-b5ef-d8bed34ba0c1">
    <con:settings/>
    <con:config xsi:type="con:PropertyTransfersStep" xmlns:xsi="http://www.w3.org/2001/XMLSchema-instance">
      <con:transfers setNullOnMissingSource="true" transferTextContent="true" failOnError="true" ignoreEmpty="false" transferToAll="false" entitize="false" transferChildNodes="false">
        <con:name>aggregatedItemId</con:name>
        <con:sourceType>res_id</con:sourceType>
        <con:sourceStep>Add Aggregated serial Item</con:sourceStep>
        <con:sourcePath/>
        <con:targetType>req_aggregatedItemId</con:targetType>
        <con:targetStep>Update Requested Quantity 2</con:targetStep>
        <con:targetPath/>
        <con:upgraded>true</con:upgraded>
      </con:transfers>
      <con:transfers setNullOnMissingSource="true" transferTextContent="true" failOnError="true" ignoreEmpty="false" transferToAll="false" entitize="false" transferChildNodes="false">
        <con:name>quantity</con:name>
        <con:sourceType>quantityOne</con:sourceType>
        <con:sourceStep>Given properties for the test steps</con:sourceStep>
        <con:targetType>req_requestedQuantity</con:targetType>
        <con:targetStep>Update Requested Quantity 2</con:targetStep>
        <con:upgraded>true</con:upgraded>
      </con:transfers>
      <con:transfers setNullOnMissingSource="true" transferTextContent="true" failOnError="true" ignoreEmpty="false" transferToAll="false" entitize="false" transferChildNodes="false">
        <con:name>userId</con:name>
        <con:sourceType>res_userRoleId</con:sourceType>
        <con:sourceStep>Create sales organization and user</con:sourceStep>
        <con:targetType>req_userId</con:targetType>
        <con:targetStep>Update Requested Quantity 2</con:targetStep>
        <con:upgraded>true</con:upgraded>
      </con:transfers>
      <con:transfers setNullOnMissingSource="true" transferTextContent="true" failOnError="true" ignoreEmpty="false" transferToAll="false" entitize="false" transferChildNodes="false">
        <con:name>soId</con:name>
        <con:sourceType>res_salesOrgId</con:sourceType>
        <con:sourceStep>Create sales organization and user</con:sourceStep>
        <con:targetType>req_soId</con:targetType>
        <con:targetStep>Update Requested Quantity 2</con:targetStep>
        <con:upgraded>true</con:upgraded>
      </con:transfers>
      <con:transfers setNullOnMissingSource="true" transferTextContent="true" failOnError="true" ignoreEmpty="false" transferToAll="false" entitize="false" transferChildNodes="false">
        <con:name>biId</con:name>
        <con:sourceType>res_biId</con:sourceType>
        <con:sourceStep>Create stockIn interaction success</con:sourceStep>
        <con:targetType>req_biId</con:targetType>
        <con:targetStep>Update Requested Quantity 2</con:targetStep>
        <con:upgraded>true</con:upgraded>
      </con:transfers>
    </con:config>
  </con:testStep>
  <con:testStep type="calltestcase" name="Update Requested Quantity 2" id="b5f7cd07-3341-45b8-823a-dcccce122349">
    <con:settings/>
    <con:config xsi:type="con:RunTestCaseStep" xmlns:xsi="http://www.w3.org/2001/XMLSchema-instance">
      <con:targetTestCase>2fb2fa7a-2901-4ff0-bc67-fc212cc8328c</con:targetTestCase>
      <con:properties>
        <con:property>
          <con:name>req_aggregatedItemId</con:name>
          <con:value>411</con:value>
        </con:property>
        <con:property>
          <con:name>req_requestedQuantity</con:name>
          <con:value>1</con:value>
        </con:property>
        <con:property>
          <con:name>req_soId</con:name>
          <con:value>58</con:value>
        </con:property>
        <con:property>
          <con:name>req_biId</con:name>
          <con:value>1591</con:value>
        </con:property>
        <con:property>
          <con:name>res_status</con:name>
          <con:value>400</con:value>
        </con:property>
        <con:property>
          <con:name>res_code</con:name>
          <con:value>BI_MUST_BE_IN_DRAFT_STATE</con:value>
        </con:property>
        <con:property>
          <con:name>res_errorMessage</con:name>
          <con:value>BI_MUST_BE_IN_DRAFT_STATE</con:value>
        </con:property>
        <con:property>
          <con:name>req_userId</con:name>
          <con:value>60</con:value>
        </con:property>
        <con:property>
          <con:name>res_id</con:name>
          <con:value xsi:nil="true"/>
        </con:property>
      </con:properties>
      <con:returnProperties>
        <con:entry>res_errorMessage</con:entry>
        <con:entry>res_code</con:entry>
        <con:entry>res_status</con:entry>
        <con:entry>res_id</con:entry>
      </con:returnProperties>
      <con:runMode>PARALLELL</con:runMode>
    </con:config>
  </con:testStep>
  <con:testStep type="assertionteststep" name="Assertion for updating requested quantity" id="528df4e9-61ad-484f-9d31-29612f075748">
    <con:settings/>
    <con:config xsi:type="con:AssertionTestStep" xmlns:xsi="http://www.w3.org/2001/XMLSchema-instance">
      <con:entry>
        <con:id>da090740-73b8-4102-bd41-adc8eca70035</con:id>
        <con:isGroup>false</con:isGroup>
        <con:sourceId>b5f7cd07-3341-45b8-823a-dcccce122349</con:sourceId>
        <con:propertyName>res_status</con:propertyName>
        <con:assertion type="Simple Equals" name="Equals 2" id="a1ddf8a9-590a-4fad-b036-93634ceff87a">
          <con:configuration>
            <patternText>400</patternText>
            <caseSensitive>true</caseSensitive>
          </con:configuration>
        </con:assertion>
      </con:entry>
      <con:entry>
        <con:id>4e5d8dad-9d2a-4128-8c6b-91ee9298bb81</con:id>
        <con:isGroup>false</con:isGroup>
        <con:sourceId>b5f7cd07-3341-45b8-823a-dcccce122349</con:sourceId>
        <con:propertyName>res_errorMessage</con:propertyName>
        <con:assertion type="Simple Equals" name="Equals" id="8adfd337-227f-4712-855c-5b9a7436d731">
          <con:configuration>
            <patternText>BI_MUST_BE_IN_DRAFT_STATE</patternText>
            <caseSensitive>true</caseSensitive>
          </con:configuration>
        </con:assertion>
      </con:entry>
    </con:config>
  </con:testStep>
  <con:testStep type="transfer" name="Property Transfer for submit serial numbers - fail 2" id="0001e6d4-844f-40cf-9abb-8d01e8fc883e">
    <con:settings/>
    <con:config xsi:type="con:PropertyTransfersStep" xmlns:xsi="http://www.w3.org/2001/XMLSchema-instance">
      <con:transfers setNullOnMissingSource="true" transferTextContent="true" failOnError="true" ignoreEmpty="false" transferToAll="false" entitize="false" transferChildNodes="false">
        <con:name>biId</con:name>
        <con:sourceType>res_biId</con:sourceType>
        <con:sourceStep>Create stockIn interaction success</con:sourceStep>
        <con:sourcePath/>
        <con:targetType>req_biId</con:targetType>
        <con:targetStep>Submit serial numbers - fail 2</con:targetStep>
        <con:targetPath/>
        <con:upgraded>true</con:upgraded>
      </con:transfers>
    </con:config>
  </con:testStep>
  <con:testStep type="calltestcase" name="Submit serial numbers - fail 2" id="984a9f52-f055-4a62-b1a5-668374547806">
    <con:settings/>
    <con:config xsi:type="con:RunTestCaseStep" xmlns:xsi="http://www.w3.org/2001/XMLSchema-instance">
      <con:targetTestCase>4d66cbda-2c28-4caa-a47e-94706a20261e</con:targetTestCase>
      <con:properties>
        <con:property>
          <con:name>req_biId</con:name>
          <con:value>1591</con:value>
        </con:property>
        <con:property>
          <con:name>res_status</con:name>
          <con:value>400</con:value>
        </con:property>
        <con:property>
          <con:name>res_response</con:name>
          <con:value>{"code":"CANNOT_SUBMIT_BI_WITH_TEMPORARY_PRODUCTS","description":"Cannot submit the business interaction with id 1591 because it has unassigned serial numbers.","errorDetails":"Cannot submit the business interaction with id 1591 because it has unassigned serial numbers.","errorMessage":"CANNOT_SUBMIT_BI_WITH_TEMPORARY_PRODUCTS","httpStatusCode":"CANNOT_SUBMIT_BI_WITH_TEMPORARY_PRODUCTS","httpStatusCodeDescription":"Cannot submit the business interaction with id 1591 because it has unassigned serial numbers."}</con:value>
        </con:property>
      </con:properties>
      <con:returnProperties>
        <con:entry>res_status</con:entry>
        <con:entry>res_response</con:entry>
      </con:returnProperties>
      <con:runMode>PARALLELL</con:runMode>
    </con:config>
  </con:testStep>
  <con:testStep type="assertionteststep" name="Assertion for Submit serial numbers - fail 2" id="97a8a14d-ad74-4ec3-8355-938cd2fefa1b">
    <con:settings/>
    <con:config xsi:type="con:AssertionTestStep" xmlns:xsi="http://www.w3.org/2001/XMLSchema-instance">
      <con:entry>
        <con:id>50db900f-97c7-4384-b834-cd3bf3b5824c</con:id>
        <con:isGroup>false</con:isGroup>
        <con:sourceId>984a9f52-f055-4a62-b1a5-668374547806</con:sourceId>
        <con:propertyName>res_status</con:propertyName>
        <con:assertion type="Simple Equals" name="Equals 2" id="830bc5a3-f5b9-4db5-96c4-97def1b15b11">
          <con:configuration>
            <patternText>400</patternText>
            <caseSensitive>true</caseSensitive>
          </con:configuration>
        </con:assertion>
      </con:entry>
      <con:entry>
        <con:id>5ea5d837-261c-41a9-8d73-f9742a809806</con:id>
        <con:isGroup>false</con:isGroup>
        <con:sourceId>984a9f52-f055-4a62-b1a5-668374547806</con:sourceId>
        <con:propertyName>res_response</con:propertyName>
        <con:assertion type="Simple Contains" name="Contains" id="59d9110c-ffeb-420a-8334-7f6955f65298">
          <con:configuration>
            <token>CANNOT_SUBMIT_BI_WITH_TEMPORARY_PRODUCTS</token>
            <ignoreCase>false</ignoreCase>
            <useRegEx>false</useRegEx>
          </con:configuration>
        </con:assertion>
      </con:entry>
    </con:config>
  </con:testStep>
  <con:testStep type="transfer" name="Property Transfer for add sim serial" id="b91b6f80-e5fd-450e-909d-8cbfc7acb47e">
    <con:settings/>
    <con:config xsi:type="con:PropertyTransfersStep" xmlns:xsi="http://www.w3.org/2001/XMLSchema-instance">
      <con:transfers setNullOnMissingSource="true" transferTextContent="true" failOnError="true" ignoreEmpty="false" transferToAll="false" entitize="false" transferChildNodes="false">
        <con:name>biId</con:name>
        <con:sourceType>res_biId</con:sourceType>
        <con:sourceStep>Create stockIn interaction success</con:sourceStep>
        <con:targetType>req_biId</con:targetType>
        <con:targetStep>Add serial for aggregated item</con:targetStep>
        <con:upgraded>true</con:upgraded>
      </con:transfers>
      <con:transfers setNullOnMissingSource="true" transferTextContent="true" failOnError="true" ignoreEmpty="false" transferToAll="false" entitize="false" transferChildNodes="false" disabled="false">
        <con:name>quantity</con:name>
        <con:sourceType>quantityOne</con:sourceType>
        <con:sourceStep>Given properties for the test steps</con:sourceStep>
        <con:targetType>req_quantity</con:targetType>
        <con:targetStep>Add serial for aggregated item</con:targetStep>
        <con:upgraded>true</con:upgraded>
      </con:transfers>
      <con:transfers setNullOnMissingSource="true" transferTextContent="true" failOnError="true" ignoreEmpty="false" transferToAll="false" entitize="false" transferChildNodes="false">
        <con:name>placeId</con:name>
        <con:sourceType>res_placeId</con:sourceType>
        <con:sourceStep>Create sales organization and user</con:sourceStep>
        <con:targetType>req_placeId</con:targetType>
        <con:targetStep>Add serial for aggregated item</con:targetStep>
        <con:upgraded>true</con:upgraded>
      </con:transfers>
      <con:transfers setNullOnMissingSource="true" transferTextContent="true" failOnError="true" ignoreEmpty="false" transferToAll="false" entitize="false" transferChildNodes="false" disabled="false">
        <con:name>description</con:name>
        <con:sourceType>description_iphone6S</con:sourceType>
        <con:sourceStep>Given properties for the test steps</con:sourceStep>
        <con:targetType>req_description</con:targetType>
        <con:targetStep>Add serial for aggregated item</con:targetStep>
        <con:upgraded>true</con:upgraded>
      </con:transfers>
      <con:transfers setNullOnMissingSource="true" transferTextContent="true" failOnError="true" ignoreEmpty="false" transferToAll="false" entitize="false" transferChildNodes="false" disabled="false">
        <con:name>userId</con:name>
        <con:sourceType>serializedProductSpecExtId</con:sourceType>
        <con:sourceStep>Given properties for the test steps</con:sourceStep>
        <con:targetType>req_prodSpecExtId</con:targetType>
        <con:targetStep>Add serial for aggregated item</con:targetStep>
        <con:upgraded>true</con:upgraded>
      </con:transfers>
      <con:transfers setNullOnMissingSource="true" transferTextContent="true" failOnError="true" ignoreEmpty="false" transferToAll="false" entitize="false" transferChildNodes="false" disabled="false">
        <con:name>status</con:name>
        <con:sourceType>productStatusSellable</con:sourceType>
        <con:sourceStep>Given properties for the test steps</con:sourceStep>
        <con:targetType>req_prodStatus</con:targetType>
        <con:targetStep>Add serial for aggregated item</con:targetStep>
        <con:upgraded>true</con:upgraded>
      </con:transfers>
      <con:transfers setNullOnMissingSource="true" transferTextContent="true" failOnError="true" ignoreEmpty="false" transferToAll="false" entitize="false" transferChildNodes="false">
        <con:name>startSerial</con:name>
        <con:sourceType>batchId</con:sourceType>
        <con:sourceStep>DataGen for current timeStamp</con:sourceStep>
        <con:sourcePath/>
        <con:targetType>req_startSerialNumber</con:targetType>
        <con:targetStep>Add serial for aggregated item</con:targetStep>
        <con:targetPath/>
        <con:upgraded>true</con:upgraded>
      </con:transfers>
      <con:transfers setNullOnMissingSource="true" transferTextContent="true" failOnError="true" ignoreEmpty="false" transferToAll="false" entitize="false" transferChildNodes="false">
        <con:name>charExtId1</con:name>
        <con:sourceType>1</con:sourceType>
        <con:sourceStep>Given properties for the test steps</con:sourceStep>
        <con:targetType>req_charExtId1</con:targetType>
        <con:targetStep>Add serial for aggregated item</con:targetStep>
        <con:upgraded>true</con:upgraded>
      </con:transfers>
      <con:transfers setNullOnMissingSource="true" transferTextContent="true" failOnError="true" ignoreEmpty="false" transferToAll="false" entitize="false" transferChildNodes="false">
        <con:name>charExtId2</con:name>
        <con:sourceType>2</con:sourceType>
        <con:sourceStep>Given properties for the test steps</con:sourceStep>
        <con:targetType>req_charExtId2</con:targetType>
        <con:targetStep>Add serial for aggregated item</con:targetStep>
        <con:upgraded>true</con:upgraded>
      </con:transfers>
      <con:transfers setNullOnMissingSource="true" transferTextContent="true" failOnError="true" ignoreEmpty="false" transferToAll="false" entitize="false" transferChildNodes="false">
        <con:name>charExtId3</con:name>
        <con:sourceType>3</con:sourceType>
        <con:sourceStep>Given properties for the test steps</con:sourceStep>
        <con:targetType>req_charExtId3</con:targetType>
        <con:targetStep>Add serial for aggregated item</con:targetStep>
        <con:upgraded>true</con:upgraded>
      </con:transfers>
      <con:transfers setNullOnMissingSource="true" transferTextContent="true" failOnError="true" ignoreEmpty="false" transferToAll="false" entitize="false" transferChildNodes="false">
        <con:name>charValueExtId1</con:name>
        <con:sourceType>1-EXT</con:sourceType>
        <con:sourceStep>Given properties for the test steps</con:sourceStep>
        <con:targetType>req_charValueExtId1</con:targetType>
        <con:targetStep>Add serial for aggregated item</con:targetStep>
        <con:upgraded>true</con:upgraded>
      </con:transfers>
      <con:transfers setNullOnMissingSource="true" transferTextContent="true" failOnError="true" ignoreEmpty="false" transferToAll="false" entitize="false" transferChildNodes="false">
        <con:name>charValueExtId2</con:name>
        <con:sourceType>4-EXT</con:sourceType>
        <con:sourceStep>Given properties for the test steps</con:sourceStep>
        <con:targetType>req_charValueExtId2</con:targetType>
        <con:targetStep>Add serial for aggregated item</con:targetStep>
        <con:upgraded>true</con:upgraded>
      </con:transfers>
      <con:transfers setNullOnMissingSource="true" transferTextContent="true" failOnError="true" ignoreEmpty="false" transferToAll="false" entitize="false" transferChildNodes="false">
        <con:name>charValueExtId3</con:name>
        <con:sourceType>8-EXT</con:sourceType>
        <con:sourceStep>Given properties for the test steps</con:sourceStep>
        <con:targetType>req_charValueExtId3</con:targetType>
        <con:targetStep>Add serial for aggregated item</con:targetStep>
        <con:upgraded>true</con:upgraded>
      </con:transfers>
      <con:transfers setNullOnMissingSource="true" transferTextContent="true" failOnError="true" ignoreEmpty="false" transferToAll="false" entitize="false" transferChildNodes="false">
        <con:name>purhcaseDate</con:name>
        <con:sourceType>purchaseDate</con:sourceType>
        <con:sourceStep>DataGen for current timeStamp</con:sourceStep>
        <con:targetType>req_purchaseDate</con:targetType>
        <con:targetStep>Add serial for aggregated item</con:targetStep>
        <con:upgraded>true</con:upgraded>
      </con:transfers>
    </con:config>
  </con:testStep>
  <con:testStep type="calltestcase" name="Add serial for aggregated item" id="0a3cade0-4b80-47cb-bf90-f36487f663f4">
    <con:settings/>
    <con:config xsi:type="con:RunTestCaseStep" xmlns:xsi="http://www.w3.org/2001/XMLSchema-instance">
      <con:targetTestCase>56164888-7def-4f22-a137-db5cdc7164ac</con:targetTestCase>
      <con:properties>
        <con:property>
          <con:name>req_biId</con:name>
          <con:value>1591</con:value>
        </con:property>
        <con:property>
          <con:name>res_code</con:name>
          <con:value xsi:nil="true"/>
        </con:property>
        <con:property>
          <con:name>res_errorMessage</con:name>
          <con:value xsi:nil="true"/>
        </con:property>
        <con:property>
          <con:name>req_quantity</con:name>
          <con:value>1</con:value>
        </con:property>
        <con:property>
          <con:name>req_placeId</con:name>
          <con:value>32</con:value>
        </con:property>
        <con:property>
          <con:name>req_description</con:name>
          <con:value>iphone6S</con:value>
        </con:property>
        <con:property>
          <con:name>req_prodSpecExtId</con:name>
          <con:value>EXT-IPHONE6S-1</con:value>
        </con:property>
        <con:property>
          <con:name>req_prodStatus</con:name>
          <con:value>1</con:value>
        </con:property>
        <con:property>
          <con:name>req_startSerialNumber</con:name>
          <con:value>1371371080371</con:value>
        </con:property>
        <con:property>
          <con:name>req_charExtId1</con:name>
          <con:value>1</con:value>
        </con:property>
        <con:property>
          <con:name>req_charValueExtId1</con:name>
          <con:value>1-EXT</con:value>
        </con:property>
        <con:property>
          <con:name>req_charExtId2</con:name>
          <con:value>2</con:value>
        </con:property>
        <con:property>
          <con:name>req_charValueExtId2</con:name>
          <con:value>4-EXT</con:value>
        </con:property>
        <con:property>
          <con:name>req_charExtId3</con:name>
          <con:value>3</con:value>
        </con:property>
        <con:property>
          <con:name>req_charValueExtId3</con:name>
          <con:value>8-EXT</con:value>
        </con:property>
        <con:property>
          <con:name>res_itemId</con:name>
          <con:value>412</con:value>
        </con:property>
        <con:property>
          <con:name>req_charExtId4</con:name>
          <con:value xsi:nil="true"/>
        </con:property>
        <con:property>
          <con:name>req_charValueExtId4</con:name>
          <con:value xsi:nil="true"/>
        </con:property>
        <con:property>
          <con:name>req_charExtId5</con:name>
          <con:value xsi:nil="true"/>
        </con:property>
        <con:property>
          <con:name>req_charValueExtId5</con:name>
          <con:value xsi:nil="true"/>
        </con:property>
        <con:property>
          <con:name>req_charExtId6</con:name>
          <con:value xsi:nil="true"/>
        </con:property>
        <con:property>
          <con:name>req_charValueExtId6</con:name>
          <con:value xsi:nil="true"/>
        </con:property>
        <con:property>
          <con:name>req_purchaseDate</con:name>
          <con:value>2018-03-13T10:45:08.000Z</con:value>
        </con:property>
      </con:properties>
      <con:returnProperties>
        <con:entry>res_itemId</con:entry>
        <con:entry>res_code</con:entry>
        <con:entry>res_errorMessage</con:entry>
      </con:returnProperties>
      <con:runMode>PARALLELL</con:runMode>
    </con:config>
  </con:testStep>
  <con:testStep type="assertionteststep" name="Assertion for adding serail number" id="89cf7fee-f740-46fd-9f71-6a21c7fa779b">
    <con:settings/>
    <con:config xsi:type="con:AssertionTestStep" xmlns:xsi="http://www.w3.org/2001/XMLSchema-instance">
      <con:entry>
        <con:id>dc984c36-8573-4c6f-a042-007824a0cd70</con:id>
        <con:isGroup>false</con:isGroup>
        <con:sourceId>0a3cade0-4b80-47cb-bf90-f36487f663f4</con:sourceId>
        <con:propertyName>res_errorMessage</con:propertyName>
        <con:assertion type="Simple Equals" name="Equals" id="afbd65f9-c084-4639-a218-b92c6a53a694" disabled="true">
          <con:configuration>
            <patternText>BI_MUST_BE_IN_DRAFT</patternText>
            <caseSensitive>true</caseSensitive>
          </con:configuration>
        </con:assertion>
      </con:entry>
      <con:entry>
        <con:id>7adf5fcd-0b67-4515-b5fb-24b2ecafd6a6</con:id>
        <con:isGroup>false</con:isGroup>
        <con:sourceId>0a3cade0-4b80-47cb-bf90-f36487f663f4</con:sourceId>
        <con:propertyName>res_itemId</con:propertyName>
        <con:assertion type="Simple Contains" name="Contains" id="7378e9e2-51ad-48e5-b246-ebd04706f757">
          <con:configuration>
            <token>\d+</token>
            <ignoreCase>false</ignoreCase>
            <useRegEx>true</useRegEx>
          </con:configuration>
        </con:assertion>
      </con:entry>
    </con:config>
  </con:testStep>
  <con:testStep type="transfer" name="Property Transfer for submit serial numbers - fail 1" id="58af0f9b-c9f9-49e0-8295-26cb079f2c13">
    <con:settings/>
    <con:config xsi:type="con:PropertyTransfersStep" xmlns:xsi="http://www.w3.org/2001/XMLSchema-instance">
      <con:transfers setNullOnMissingSource="true" transferTextContent="true" failOnError="true" ignoreEmpty="false" transferToAll="false" entitize="false" transferChildNodes="false">
        <con:name>biId</con:name>
        <con:sourceType>res_biId</con:sourceType>
        <con:sourceStep>Create stockIn interaction success</con:sourceStep>
        <con:sourcePath/>
        <con:targetType>req_biId</con:targetType>
        <con:targetStep>Submit serial numbers - fail 1</con:targetStep>
        <con:targetPath/>
        <con:upgraded>true</con:upgraded>
      </con:transfers>
    </con:config>
  </con:testStep>
  <con:testStep type="calltestcase" name="Submit serial numbers - fail 1" id="3ba01259-a2ee-4da2-a287-dfcb8e8dcc92">
    <con:settings/>
    <con:config xsi:type="con:RunTestCaseStep" xmlns:xsi="http://www.w3.org/2001/XMLSchema-instance">
      <con:targetTestCase>4d66cbda-2c28-4caa-a47e-94706a20261e</con:targetTestCase>
      <con:properties>
        <con:property>
          <con:name>req_biId</con:name>
          <con:value>1591</con:value>
        </con:property>
        <con:property>
          <con:name>res_status</con:name>
          <con:value>400</con:value>
        </con:property>
        <con:property>
          <con:name>res_response</con:name>
          <con:value>{"code":"CANNOT_SUBMIT_BI_WITH_TEMPORARY_PRODUCTS","description":"Cannot submit the business interaction with id 1591 because it has unassigned serial numbers.","errorDetails":"Cannot submit the business interaction with id 1591 because it has unassigned serial numbers.","errorMessage":"CANNOT_SUBMIT_BI_WITH_TEMPORARY_PRODUCTS","httpStatusCode":"CANNOT_SUBMIT_BI_WITH_TEMPORARY_PRODUCTS","httpStatusCodeDescription":"Cannot submit the business interaction with id 1591 because it has unassigned serial numbers."}</con:value>
        </con:property>
      </con:properties>
      <con:returnProperties>
        <con:entry>res_status</con:entry>
        <con:entry>res_response</con:entry>
      </con:returnProperties>
      <con:runMode>PARALLELL</con:runMode>
    </con:config>
  </con:testStep>
  <con:testStep type="assertionteststep" name="Assertion for Submit serial numbers - fail 1" id="3ba78533-8c11-42b5-b2dc-3b31d311ed28">
    <con:settings/>
    <con:config xsi:type="con:AssertionTestStep" xmlns:xsi="http://www.w3.org/2001/XMLSchema-instance">
      <con:entry>
        <con:id>3eb69828-5491-400b-8245-b3c675175aea</con:id>
        <con:isGroup>false</con:isGroup>
        <con:sourceId>3ba01259-a2ee-4da2-a287-dfcb8e8dcc92</con:sourceId>
        <con:propertyName>res_response</con:propertyName>
        <con:assertion type="Simple Contains" name="Contains" id="b5e20a07-04c0-45ec-a405-c05acb13ff00">
          <con:configuration>
            <token>CANNOT_SUBMIT_BI_WITH_TEMPORARY_PRODUCTS</token>
            <ignoreCase>false</ignoreCase>
            <useRegEx>false</useRegEx>
          </con:configuration>
        </con:assertion>
      </con:entry>
      <con:entry>
        <con:id>e537841d-d004-4dc6-9063-7d0d0cbefd5a</con:id>
        <con:isGroup>false</con:isGroup>
        <con:sourceId>3ba01259-a2ee-4da2-a287-dfcb8e8dcc92</con:sourceId>
        <con:propertyName>res_status</con:propertyName>
        <con:assertion type="Simple Equals" name="Equals" id="76f9dd49-fa73-4cd2-8b71-3996a3228229">
          <con:configuration>
            <patternText>400</patternText>
            <caseSensitive>true</caseSensitive>
          </con:configuration>
        </con:assertion>
      </con:entry>
    </con:config>
  </con:testStep>
  <con:testStep type="transfer" name="Property Transfer for add serial text to woRange" id="43275931-c90e-46e2-9dfa-5d445caca820">
    <con:settings/>
    <con:config xsi:type="con:PropertyTransfersStep" xmlns:xsi="http://www.w3.org/2001/XMLSchema-instance">
      <con:transfers setNullOnMissingSource="true" transferTextContent="true" failOnError="true" ignoreEmpty="false" transferToAll="false" entitize="false" transferChildNodes="false">
        <con:name>biId</con:name>
        <con:sourceType>res_biId</con:sourceType>
        <con:sourceStep>Create stockIn interaction success</con:sourceStep>
        <con:targetType>req_biId</con:targetType>
        <con:targetStep>Add serial for aggregated woRange item</con:targetStep>
        <con:upgraded>true</con:upgraded>
      </con:transfers>
      <con:transfers setNullOnMissingSource="true" transferTextContent="true" failOnError="true" ignoreEmpty="false" transferToAll="false" entitize="false" transferChildNodes="false" disabled="true">
        <con:name>quantity</con:name>
        <con:sourceType>quantityOne</con:sourceType>
        <con:sourceStep>Given properties for the test steps</con:sourceStep>
        <con:targetType>req_biId</con:targetType>
        <con:targetStep>Add serial for aggregated woRange item</con:targetStep>
        <con:upgraded>true</con:upgraded>
      </con:transfers>
      <con:transfers setNullOnMissingSource="true" transferTextContent="true" failOnError="true" ignoreEmpty="false" transferToAll="false" entitize="false" transferChildNodes="false">
        <con:name>placeId</con:name>
        <con:sourceType>res_placeId</con:sourceType>
        <con:sourceStep>Create sales organization and user</con:sourceStep>
        <con:targetType>req_placeId</con:targetType>
        <con:targetStep>Add serial for aggregated woRange item</con:targetStep>
        <con:upgraded>true</con:upgraded>
      </con:transfers>
      <con:transfers setNullOnMissingSource="true" transferTextContent="true" failOnError="true" ignoreEmpty="false" transferToAll="false" entitize="false" transferChildNodes="false" disabled="false">
        <con:name>description</con:name>
        <con:sourceType>description_galaxynote4</con:sourceType>
        <con:sourceStep>Given properties for the test steps</con:sourceStep>
        <con:targetType>req_description</con:targetType>
        <con:targetStep>Add serial for aggregated woRange item</con:targetStep>
        <con:upgraded>true</con:upgraded>
      </con:transfers>
      <con:transfers setNullOnMissingSource="true" transferTextContent="true" failOnError="true" ignoreEmpty="false" transferToAll="false" entitize="false" transferChildNodes="false" disabled="false">
        <con:name>userId</con:name>
        <con:sourceType>serializedWithoutRangeProductSpecExtId</con:sourceType>
        <con:sourceStep>Given properties for the test steps</con:sourceStep>
        <con:targetType>req_prodSpecExtId</con:targetType>
        <con:targetStep>Add serial for aggregated woRange item</con:targetStep>
        <con:upgraded>true</con:upgraded>
      </con:transfers>
      <con:transfers setNullOnMissingSource="true" transferTextContent="true" failOnError="true" ignoreEmpty="false" transferToAll="false" entitize="false" transferChildNodes="false" disabled="false">
        <con:name>status</con:name>
        <con:sourceType>productStatusSellable</con:sourceType>
        <con:sourceStep>Given properties for the test steps</con:sourceStep>
        <con:targetType>req_prodStatus</con:targetType>
        <con:targetStep>Add serial for aggregated woRange item</con:targetStep>
        <con:upgraded>true</con:upgraded>
      </con:transfers>
      <con:transfers setNullOnMissingSource="true" transferTextContent="true" failOnError="true" ignoreEmpty="false" transferToAll="false" entitize="false" transferChildNodes="false">
        <con:name>startSerial</con:name>
        <con:sourceType>vendorName</con:sourceType>
        <con:sourceStep>DataGen for current timeStamp</con:sourceStep>
        <con:sourcePath/>
        <con:targetType>req_serialText</con:targetType>
        <con:targetStep>Add serial for aggregated woRange item</con:targetStep>
        <con:targetPath/>
        <con:upgraded>true</con:upgraded>
      </con:transfers>
      <con:transfers setNullOnMissingSource="true" transferTextContent="true" failOnError="true" ignoreEmpty="false" transferToAll="false" entitize="false" transferChildNodes="false">
        <con:name>charExtId1</con:name>
        <con:sourceType>4</con:sourceType>
        <con:sourceStep>Given properties for the test steps</con:sourceStep>
        <con:targetType>req_charExtId1</con:targetType>
        <con:targetStep>Add serial for aggregated woRange item</con:targetStep>
        <con:upgraded>true</con:upgraded>
      </con:transfers>
      <con:transfers setNullOnMissingSource="true" transferTextContent="true" failOnError="true" ignoreEmpty="false" transferToAll="false" entitize="false" transferChildNodes="false">
        <con:name>charExtId2</con:name>
        <con:sourceType>5</con:sourceType>
        <con:sourceStep>Given properties for the test steps</con:sourceStep>
        <con:targetType>req_charExtId2</con:targetType>
        <con:targetStep>Add serial for aggregated woRange item</con:targetStep>
        <con:upgraded>true</con:upgraded>
      </con:transfers>
      <con:transfers setNullOnMissingSource="true" transferTextContent="true" failOnError="true" ignoreEmpty="false" transferToAll="false" entitize="false" transferChildNodes="false">
        <con:name>charExtId3</con:name>
        <con:sourceType>6</con:sourceType>
        <con:sourceStep>Given properties for the test steps</con:sourceStep>
        <con:targetType>req_charExtId3</con:targetType>
        <con:targetStep>Add serial for aggregated woRange item</con:targetStep>
        <con:upgraded>true</con:upgraded>
      </con:transfers>
      <con:transfers setNullOnMissingSource="true" transferTextContent="true" failOnError="true" ignoreEmpty="false" transferToAll="false" entitize="false" transferChildNodes="false">
        <con:name>charValueExtId1</con:name>
        <con:sourceType>2-EXT</con:sourceType>
        <con:sourceStep>Given properties for the test steps</con:sourceStep>
        <con:targetType>req_charValueExtId1</con:targetType>
        <con:targetStep>Add serial for aggregated woRange item</con:targetStep>
        <con:upgraded>true</con:upgraded>
      </con:transfers>
      <con:transfers setNullOnMissingSource="true" transferTextContent="true" failOnError="true" ignoreEmpty="false" transferToAll="false" entitize="false" transferChildNodes="false">
        <con:name>charValueExtId2</con:name>
        <con:sourceType>5-EXT</con:sourceType>
        <con:sourceStep>Given properties for the test steps</con:sourceStep>
        <con:targetType>req_charValueExtId2</con:targetType>
        <con:targetStep>Add serial for aggregated woRange item</con:targetStep>
        <con:upgraded>true</con:upgraded>
      </con:transfers>
      <con:transfers setNullOnMissingSource="true" transferTextContent="true" failOnError="true" ignoreEmpty="false" transferToAll="false" entitize="false" transferChildNodes="false">
        <con:name>charValueExtId3</con:name>
        <con:sourceType>10-EXT</con:sourceType>
        <con:sourceStep>Given properties for the test steps</con:sourceStep>
        <con:targetType>req_charValueExtId3</con:targetType>
        <con:targetStep>Add serial for aggregated woRange item</con:targetStep>
        <con:upgraded>true</con:upgraded>
      </con:transfers>
      <con:transfers setNullOnMissingSource="true" transferTextContent="true" failOnError="true" ignoreEmpty="false" transferToAll="false" entitize="false" transferChildNodes="false">
        <con:name>purhcaseDate</con:name>
        <con:sourceType>purchaseDate</con:sourceType>
        <con:sourceStep>DataGen for current timeStamp</con:sourceStep>
        <con:targetType>req_purchaseDate</con:targetType>
        <con:targetStep>Add serial for aggregated woRange item</con:targetStep>
        <con:upgraded>true</con:upgraded>
      </con:transfers>
    </con:config>
  </con:testStep>
  <con:testStep type="calltestcase" name="Add serial for aggregated woRange item" id="3a74b70a-68f8-4fe3-ac32-78c947a3fc54">
    <con:settings/>
    <con:config xsi:type="con:RunTestCaseStep" xmlns:xsi="http://www.w3.org/2001/XMLSchema-instance">
      <con:targetTestCase>76f311fc-16ba-460d-b95b-d53b0e30551d</con:targetTestCase>
      <con:properties>
        <con:property>
          <con:name>req_biId</con:name>
          <con:value>1591</con:value>
        </con:property>
        <con:property>
          <con:name>res_code</con:name>
          <con:value xsi:nil="true"/>
        </con:property>
        <con:property>
          <con:name>res_errorMessage</con:name>
          <con:value xsi:nil="true"/>
        </con:property>
        <con:property>
          <con:name>req_placeId</con:name>
          <con:value>32</con:value>
        </con:property>
        <con:property>
          <con:name>req_description</con:name>
          <con:value>galaxynote4</con:value>
        </con:property>
        <con:property>
          <con:name>req_prodSpecExtId</con:name>
          <con:value>EXT-GALAXYNOTE4-1</con:value>
        </con:property>
        <con:property>
          <con:name>req_prodStatus</con:name>
          <con:value>1</con:value>
        </con:property>
        <con:property>
          <con:name>req_charExtId1</con:name>
          <con:value>4</con:value>
        </con:property>
        <con:property>
          <con:name>req_charValueExtId1</con:name>
          <con:value>2-EXT</con:value>
        </con:property>
        <con:property>
          <con:name>req_charExtId2</con:name>
          <con:value>5</con:value>
        </con:property>
        <con:property>
          <con:name>req_charValueExtId2</con:name>
          <con:value>5-EXT</con:value>
        </con:property>
        <con:property>
          <con:name>req_charExtId3</con:name>
          <con:value>6</con:value>
        </con:property>
        <con:property>
          <con:name>req_charValueExtId3</con:name>
          <con:value>10-EXT</con:value>
        </con:property>
        <con:property>
          <con:name>res_itemId</con:name>
          <con:value>413</con:value>
        </con:property>
        <con:property>
          <con:name>req_purchaseDate</con:name>
          <con:value>2018-03-13T10:45:08.000Z</con:value>
        </con:property>
        <con:property>
          <con:name>req_serialText</con:name>
          <con:value>vendorName371371080371</con:value>
        </con:property>
        <con:property>
          <con:name>req_batchId</con:name>
        </con:property>
      </con:properties>
      <con:returnProperties>
        <con:entry>res_itemId</con:entry>
        <con:entry>res_code</con:entry>
        <con:entry>res_errorMessage</con:entry>
      </con:returnProperties>
      <con:runMode>PARALLELL</con:runMode>
    </con:config>
  </con:testStep>
  <con:testStep type="assertionteststep" name="Assertion for Add serial for aggregated woRange item" id="1bb006df-66dc-45fa-a23c-5f3f26c5d8d9">
    <con:settings/>
    <con:config xsi:type="con:AssertionTestStep" xmlns:xsi="http://www.w3.org/2001/XMLSchema-instance">
      <con:entry>
        <con:id>eec613bd-9858-428f-85d1-f1e55245829a</con:id>
        <con:isGroup>false</con:isGroup>
        <con:sourceId>3a74b70a-68f8-4fe3-ac32-78c947a3fc54</con:sourceId>
        <con:propertyName>res_itemId</con:propertyName>
        <con:assertion type="Simple Contains" name="Contains" id="406675f3-db7c-4265-a3e4-c40a8e7f39b4">
          <con:configuration>
            <token>\d+</token>
            <ignoreCase>false</ignoreCase>
            <useRegEx>true</useRegEx>
          </con:configuration>
        </con:assertion>
      </con:entry>
      <con:entry>
        <con:id>cc355f4a-3c8d-4446-9295-65d54ecb6193</con:id>
        <con:isGroup>false</con:isGroup>
        <con:sourceId>3a74b70a-68f8-4fe3-ac32-78c947a3fc54</con:sourceId>
        <con:propertyName>res_errorMessage</con:propertyName>
        <con:assertion type="Simple Contains" name="Contains 2" id="2b61b764-bd6e-4c87-b04c-03ce43d2ff88">
          <con:configuration>
            <token>^\s*$</token>
            <ignoreCase>false</ignoreCase>
            <useRegEx>true</useRegEx>
          </con:configuration>
        </con:assertion>
      </con:entry>
    </con:config>
  </con:testStep>
  <con:testStep type="datasource" name="DataSource for serialized char values for sim" id="532f72bf-85f5-4498-bf13-07700c61aa31" disabled="true">
    <con:settings/>
    <con:config xsi:type="con:DataSourceStep" xmlns:xsi="http://www.w3.org/2001/XMLSchema-instance">
      <con:dataSource type="Grid">
        <con:configuration>
          <check>&lt;con:entry xmlns:con="http://eviware.com/soapui/config">true&lt;/con:entry></check>
          <row><![CDATA[<xml-fragment><con:entry xmlns:con="http://eviware.com/soapui/config">14</con:entry><con:entry xmlns:con="http://eviware.com/soapui/config">1234567891234567891</con:entry><con:entry xmlns:con="http://eviware.com/soapui/config">12</con:entry><con:entry xmlns:con="http://eviware.com/soapui/config">1234</con:entry><con:entry xmlns:con="http://eviware.com/soapui/config">13</con:entry><con:entry xmlns:con="http://eviware.com/soapui/config">4321</con:entry><con:entry xmlns:con="http://eviware.com/soapui/config"/></xml-fragment>]]></row>
        </con:configuration>
      </con:dataSource>
      <con:property>charId1</con:property>
      <con:property>charValueId1</con:property>
      <con:property>charId2</con:property>
      <con:property>charValueId2</con:property>
      <con:property>charId3</con:property>
      <con:property>charValueId3</con:property>
      <con:completeLastOperation>true</con:completeLastOperation>
      <con:restartOnRun>true</con:restartOnRun>
    </con:config>
  </con:testStep>
  <con:testStep type="transfer" name="Property Transfer for adding serial char value for sim" id="ad3505a8-47cb-40a6-ab95-f8ede3487593" disabled="true">
    <con:settings/>
    <con:config xsi:type="con:PropertyTransfersStep" xmlns:xsi="http://www.w3.org/2001/XMLSchema-instance">
      <con:transfers setNullOnMissingSource="true" transferTextContent="true" failOnError="true" ignoreEmpty="false" transferToAll="false" entitize="false" transferChildNodes="false">
        <con:name>userId</con:name>
        <con:sourceType>res_userRoleId</con:sourceType>
        <con:sourceStep>Create sales organization and user</con:sourceStep>
        <con:sourcePath/>
        <con:targetType>req_userRoleId</con:targetType>
        <con:targetStep>Add Serial Char value</con:targetStep>
        <con:targetPath/>
        <con:upgraded>true</con:upgraded>
      </con:transfers>
      <con:transfers setNullOnMissingSource="true" transferTextContent="true" failOnError="true" ignoreEmpty="false" transferToAll="false" entitize="false" transferChildNodes="false">
        <con:name>soId</con:name>
        <con:sourceType>res_salesOrgId</con:sourceType>
        <con:sourceStep>Create sales organization and user</con:sourceStep>
        <con:targetType>req_salesOrgRoleId</con:targetType>
        <con:targetStep>Add Serial Char value</con:targetStep>
        <con:upgraded>true</con:upgraded>
      </con:transfers>
      <con:transfers setNullOnMissingSource="true" transferTextContent="true" failOnError="true" ignoreEmpty="false" transferToAll="false" entitize="false" transferChildNodes="false">
        <con:name>biId</con:name>
        <con:sourceType>res_biId</con:sourceType>
        <con:sourceStep>Create stockIn interaction success</con:sourceStep>
        <con:targetType>req_biId</con:targetType>
        <con:targetStep>Add Serial Char value</con:targetStep>
        <con:upgraded>true</con:upgraded>
      </con:transfers>
      <con:transfers setNullOnMissingSource="true" transferTextContent="true" failOnError="true" ignoreEmpty="false" transferToAll="false" entitize="false" transferChildNodes="false">
        <con:name>charId1</con:name>
        <con:sourceType>charId1</con:sourceType>
        <con:sourceStep>DataSource for serialized char values for sim</con:sourceStep>
        <con:targetType>req_prodSpecCharUseId1</con:targetType>
        <con:targetStep>Add Serial Char value</con:targetStep>
        <con:upgraded>true</con:upgraded>
      </con:transfers>
      <con:transfers setNullOnMissingSource="true" transferTextContent="true" failOnError="true" ignoreEmpty="false" transferToAll="false" entitize="false" transferChildNodes="false">
        <con:name>charId2</con:name>
        <con:sourceType>charId2</con:sourceType>
        <con:sourceStep>DataSource for serialized char values for sim</con:sourceStep>
        <con:targetType>req_prodSpecCharUseId2</con:targetType>
        <con:targetStep>Add Serial Char value</con:targetStep>
        <con:upgraded>true</con:upgraded>
      </con:transfers>
      <con:transfers setNullOnMissingSource="true" transferTextContent="true" failOnError="true" ignoreEmpty="false" transferToAll="false" entitize="false" transferChildNodes="false">
        <con:name>charId3</con:name>
        <con:sourceType>charId3</con:sourceType>
        <con:sourceStep>DataSource for serialized char values for sim</con:sourceStep>
        <con:targetType>req_prodSpecCharUseId3</con:targetType>
        <con:targetStep>Add Serial Char value</con:targetStep>
        <con:upgraded>true</con:upgraded>
      </con:transfers>
      <con:transfers setNullOnMissingSource="true" transferTextContent="true" failOnError="true" ignoreEmpty="false" transferToAll="false" entitize="false" transferChildNodes="false">
        <con:name>charValue1</con:name>
        <con:sourceType>charValueId1</con:sourceType>
        <con:sourceStep>DataSource for serialized char values for sim</con:sourceStep>
        <con:targetType>req_charValue1</con:targetType>
        <con:targetStep>Add Serial Char value</con:targetStep>
        <con:upgraded>true</con:upgraded>
      </con:transfers>
      <con:transfers setNullOnMissingSource="true" transferTextContent="true" failOnError="true" ignoreEmpty="false" transferToAll="false" entitize="false" transferChildNodes="false">
        <con:name>charValue2</con:name>
        <con:sourceType>charValueId2</con:sourceType>
        <con:sourceStep>DataSource for serialized char values for sim</con:sourceStep>
        <con:targetType>req_charValue2</con:targetType>
        <con:targetStep>Add Serial Char value</con:targetStep>
        <con:upgraded>true</con:upgraded>
      </con:transfers>
      <con:transfers setNullOnMissingSource="true" transferTextContent="true" failOnError="true" ignoreEmpty="false" transferToAll="false" entitize="false" transferChildNodes="false">
        <con:name>charValue3</con:name>
        <con:sourceType>charValueId3</con:sourceType>
        <con:sourceStep>DataSource for serialized char values for sim</con:sourceStep>
        <con:targetType>req_charValue3</con:targetType>
        <con:targetStep>Add Serial Char value</con:targetStep>
        <con:upgraded>true</con:upgraded>
      </con:transfers>
    </con:config>
  </con:testStep>
  <con:testStep type="calltestcase" name="Add Serial Char value" id="9760de92-d118-45fe-a682-0291877c9930" disabled="true">
    <con:settings/>
    <con:config xsi:type="con:RunTestCaseStep" xmlns:xsi="http://www.w3.org/2001/XMLSchema-instance">
      <con:targetTestCase>35e4d53a-3b71-4240-a90b-f82b1e4aaa48</con:targetTestCase>
      <con:properties>
        <con:property>
          <con:name>req_userRoleId</con:name>
          <con:value>49</con:value>
        </con:property>
        <con:property>
          <con:name>req_salesOrgRoleId</con:name>
          <con:value>47</con:value>
        </con:property>
        <con:property>
          <con:name>req_prodSpecCharUseId1</con:name>
          <con:value>14</con:value>
        </con:property>
        <con:property>
          <con:name>req_serialNumber</con:name>
          <con:value>18464396</con:value>
        </con:property>
        <con:property>
          <con:name>req_charValue2</con:name>
          <con:value>1234</con:value>
        </con:property>
        <con:property>
          <con:name>response</con:name>
          <con:value>{}</con:value>
        </con:property>
        <con:property>
          <con:name>req_biId</con:name>
          <con:value>1211</con:value>
        </con:property>
        <con:property>
          <con:name>req_charValue3</con:name>
          <con:value>4321</con:value>
        </con:property>
        <con:property>
          <con:name>req_prodSpecCharUseId2</con:name>
          <con:value>12</con:value>
        </con:property>
        <con:property>
          <con:name>req_prodSpecCharUseId3</con:name>
          <con:value>13</con:value>
        </con:property>
        <con:property>
          <con:name>req_charValue1</con:name>
          <con:value>1234567891234567891</con:value>
        </con:property>
        <con:property>
          <con:name>res_status</con:name>
          <con:value>201</con:value>
        </con:property>
      </con:properties>
      <con:returnProperties>
        <con:entry>response</con:entry>
        <con:entry>res_status</con:entry>
      </con:returnProperties>
      <con:runMode>PARALLELL</con:runMode>
    </con:config>
  </con:testStep>
  <con:testStep type="assertionteststep" name="Assertion for adding serialchar value" id="ba6ce70a-6117-4526-bf8a-dc7f196637a7" disabled="true">
    <con:settings/>
    <con:config xsi:type="con:AssertionTestStep" xmlns:xsi="http://www.w3.org/2001/XMLSchema-instance">
      <con:entry>
        <con:id>785246be-21e1-4aa1-bfba-abe9c04b0e35</con:id>
        <con:isGroup>false</con:isGroup>
        <con:sourceId>9760de92-d118-45fe-a682-0291877c9930</con:sourceId>
        <con:propertyName>res_status</con:propertyName>
        <con:assertion type="Simple Equals" name="Equals" id="1ef9c9ca-fb63-414f-adbf-251c3013bdeb">
          <con:configuration>
            <patternText>201</patternText>
            <caseSensitive>true</caseSensitive>
          </con:configuration>
        </con:assertion>
      </con:entry>
      <con:entry>
        <con:id>0b8ec9f9-629a-48a5-bbbf-53535bb5eb42</con:id>
        <con:isGroup>false</con:isGroup>
        <con:sourceId>9760de92-d118-45fe-a682-0291877c9930</con:sourceId>
        <con:propertyName>response</con:propertyName>
        <con:assertion type="Simple Equals" name="Equals 2" id="23055b0d-82a1-45fc-9580-a791035806f2">
          <con:configuration>
            <patternText>{}</patternText>
            <caseSensitive>true</caseSensitive>
          </con:configuration>
        </con:assertion>
      </con:entry>
    </con:config>
  </con:testStep>
  <con:testStep type="transfer" name="Property Transfer for displaying stockin" id="02e63b41-ed13-4b64-bd74-38d705c54fce">
    <con:settings/>
    <con:config xsi:type="con:PropertyTransfersStep" xmlns:xsi="http://www.w3.org/2001/XMLSchema-instance">
      <con:transfers setNullOnMissingSource="true" transferTextContent="true" failOnError="true" ignoreEmpty="false" transferToAll="false" entitize="false" transferChildNodes="false">
        <con:name>biId</con:name>
        <con:sourceType>res_biId</con:sourceType>
        <con:sourceStep>Create stockIn interaction success</con:sourceStep>
        <con:sourcePath/>
        <con:targetType>req_biId</con:targetType>
        <con:targetStep>Display single stockIn bi</con:targetStep>
        <con:targetPath/>
        <con:upgraded>true</con:upgraded>
      </con:transfers>
    </con:config>
  </con:testStep>
  <con:testStep type="calltestcase" name="Display single stockIn bi" id="6b7c89f0-b833-453d-b064-65fce4904b04">
    <con:settings/>
    <con:config xsi:type="con:RunTestCaseStep" xmlns:xsi="http://www.w3.org/2001/XMLSchema-instance">
      <con:targetTestCase>23c105c1-e15f-4ce4-8f04-c5a3f5541b68</con:targetTestCase>
      <con:properties>
        <con:property>
          <con:name>req_biId</con:name>
          <con:value>1591</con:value>
        </con:property>
        <con:property>
          <con:name>res_stockInBI</con:name>
          <con:value>{"businessInteractionType":1,"code":"STI-1591","description":"Stock In at [name-so-c0e0666a-27ca-4521-bf14-9918296baf30] by [John Smith]","mainState":"Ongoing","state":"ProductAssignment","createdDate":"2018-03-13T08:45:09.414Z","preventUpdateFromOtherSystem":false,"id":"1591"}</con:value>
        </con:property>
        <con:property>
          <con:name>res_biId</con:name>
          <con:value>1591</con:value>
        </con:property>
        <con:property>
          <con:name>res_state</con:name>
          <con:value>ProductAssignment</con:value>
        </con:property>
        <con:property>
          <con:name>res_mainState</con:name>
          <con:value>Ongoing</con:value>
        </con:property>
        <con:property>
          <con:name>res_errorMessage</con:name>
          <con:value xsi:nil="true"/>
        </con:property>
        <con:property>
          <con:name>res_httpStatusCode</con:name>
          <con:value>200</con:value>
        </con:property>
      </con:properties>
      <con:returnProperties>
        <con:entry>res_stockInBI</con:entry>
        <con:entry>res_biId</con:entry>
        <con:entry>res_state</con:entry>
        <con:entry>res_mainState</con:entry>
        <con:entry>res_errorMessage</con:entry>
        <con:entry>res_httpStatusCode</con:entry>
      </con:returnProperties>
      <con:runMode>PARALLELL</con:runMode>
    </con:config>
  </con:testStep>
  <con:testStep type="assertionteststep" name="Assertion for displayin stockIn" id="da2c9df6-ced8-4e30-80ac-ad433c4eb3ff">
    <con:settings/>
    <con:config xsi:type="con:AssertionTestStep" xmlns:xsi="http://www.w3.org/2001/XMLSchema-instance">
      <con:entry>
        <con:id>6e55ed25-78b1-467f-b871-70390de7523e</con:id>
        <con:isGroup>false</con:isGroup>
        <con:sourceId>6b7c89f0-b833-453d-b064-65fce4904b04</con:sourceId>
        <con:propertyName>res_state</con:propertyName>
        <con:assertion type="Simple Equals" name="Equals" id="53d775e2-b685-4a5e-bb2b-6f5182c88ad9">
          <con:configuration>
            <patternText>ProductAssignment</patternText>
            <caseSensitive>true</caseSensitive>
          </con:configuration>
        </con:assertion>
      </con:entry>
      <con:entry>
        <con:id>aef46cf2-21f2-48fc-844a-1c086b1ea325</con:id>
        <con:isGroup>false</con:isGroup>
        <con:sourceId>6b7c89f0-b833-453d-b064-65fce4904b04</con:sourceId>
        <con:propertyName>res_mainState</con:propertyName>
        <con:assertion type="Simple Equals" name="Equals 2" id="4eabb148-9eaf-4d12-bebb-3f4809d3fd21">
          <con:configuration>
            <patternText>Ongoing</patternText>
            <caseSensitive>true</caseSensitive>
          </con:configuration>
        </con:assertion>
      </con:entry>
      <con:entry>
        <con:id>37d6be26-6bc9-4053-8465-698f9347a7dc</con:id>
        <con:isGroup>false</con:isGroup>
        <con:sourceId>6b7c89f0-b833-453d-b064-65fce4904b04</con:sourceId>
        <con:propertyName>res_httpStatusCode</con:propertyName>
        <con:assertion type="Simple Equals" name="Equals 3" id="06a74800-ee0e-4aa2-93ca-be261403a4fe">
          <con:configuration>
            <patternText>200</patternText>
            <caseSensitive>true</caseSensitive>
          </con:configuration>
        </con:assertion>
      </con:entry>
    </con:config>
  </con:testStep>
  <con:testStep type="transfer" name="Property Transfer for submit stockIn 2" id="df6c91f0-8558-49d2-88bc-6efdaf59f1b1">
    <con:settings/>
    <con:config xsi:type="con:PropertyTransfersStep" xmlns:xsi="http://www.w3.org/2001/XMLSchema-instance">
      <con:transfers setNullOnMissingSource="true" transferTextContent="true" failOnError="true" ignoreEmpty="false" transferToAll="false" entitize="false" transferChildNodes="false">
        <con:name>biId</con:name>
        <con:sourceType>res_biId</con:sourceType>
        <con:sourceStep>Create stockIn interaction success</con:sourceStep>
        <con:sourcePath/>
        <con:targetType>req_biId</con:targetType>
        <con:targetStep>Submit stock in business interaction 2</con:targetStep>
        <con:targetPath/>
        <con:upgraded>true</con:upgraded>
      </con:transfers>
    </con:config>
  </con:testStep>
  <con:testStep type="calltestcase" name="Submit stock in business interaction 2" id="e1c2adfd-7142-487b-8f1e-7c22968cc9b8">
    <con:settings/>
    <con:config xsi:type="con:RunTestCaseStep" xmlns:xsi="http://www.w3.org/2001/XMLSchema-instance">
      <con:targetTestCase>c6afe465-b867-4e9f-9e55-596671d41d0a</con:targetTestCase>
      <con:properties>
        <con:property>
          <con:name>req_biId</con:name>
          <con:value>1591</con:value>
        </con:property>
        <con:property>
          <con:name>res_biId</con:name>
          <con:value xsi:nil="true"/>
        </con:property>
        <con:property>
          <con:name>res_code</con:name>
          <con:value>NEXT_STATE_NOT_FOUND</con:value>
        </con:property>
        <con:property>
          <con:name>res_errorMessage</con:name>
          <con:value>NEXT_STATE_NOT_FOUND</con:value>
        </con:property>
        <con:property>
          <con:name>res_httpStatusCode</con:name>
          <con:value>400</con:value>
        </con:property>
      </con:properties>
      <con:returnProperties>
        <con:entry>res_biId</con:entry>
        <con:entry>res_code</con:entry>
        <con:entry>res_errorMessage</con:entry>
        <con:entry>res_httpStatusCode</con:entry>
      </con:returnProperties>
      <con:runMode>PARALLELL</con:runMode>
    </con:config>
  </con:testStep>
  <con:testStep type="assertionteststep" name="Assertion for submitting stockIn 2" id="ebd80aca-5ed7-4ec6-a92b-6434d378a22f">
    <con:settings/>
    <con:config xsi:type="con:AssertionTestStep" xmlns:xsi="http://www.w3.org/2001/XMLSchema-instance">
      <con:entry>
        <con:id>4ed62379-666a-4ea9-8d03-1ff85ce0c877</con:id>
        <con:isGroup>false</con:isGroup>
        <con:sourceId>e1c2adfd-7142-487b-8f1e-7c22968cc9b8</con:sourceId>
        <con:propertyName>res_httpStatusCode</con:propertyName>
        <con:assertion type="Simple Equals" name="Equals" id="63d62536-b0ec-43f7-93a7-12a15893306a">
          <con:configuration>
            <patternText>400</patternText>
            <caseSensitive>true</caseSensitive>
          </con:configuration>
        </con:assertion>
      </con:entry>
      <con:entry>
        <con:id>7cf9b766-50d8-4b44-9cbb-8ead247796f1</con:id>
        <con:isGroup>false</con:isGroup>
        <con:sourceId>e1c2adfd-7142-487b-8f1e-7c22968cc9b8</con:sourceId>
        <con:propertyName>res_code</con:propertyName>
        <con:assertion type="Simple Equals" name="NEXT_STATE_NOT_FOUND" id="52b34c7d-3b6e-419a-9dc6-8fde2e4746aa">
          <con:configuration>
            <patternText>NEXT_STATE_NOT_FOUND</patternText>
            <caseSensitive>true</caseSensitive>
          </con:configuration>
        </con:assertion>
      </con:entry>
    </con:config>
  </con:testStep>
  <con:testStep type="transfer" name="Property Transfer for Get Product Item List Of Aggregated Item" id="0eeb407a-2db8-4ede-a665-d469eb347c5e">
    <con:settings/>
    <con:config xsi:type="con:PropertyTransfersStep" xmlns:xsi="http://www.w3.org/2001/XMLSchema-instance">
      <con:transfers setNullOnMissingSource="true" transferTextContent="true" failOnError="true" ignoreEmpty="false" transferToAll="false" entitize="false" transferChildNodes="false">
        <con:name>biId</con:name>
        <con:sourceType>res_biId</con:sourceType>
        <con:sourceStep>Create stockIn interaction success</con:sourceStep>
        <con:sourcePath/>
        <con:targetType>req_biId</con:targetType>
        <con:targetStep>Get Product Item List Of Aggregated Item</con:targetStep>
        <con:targetPath/>
        <con:upgraded>true</con:upgraded>
      </con:transfers>
      <con:transfers setNullOnMissingSource="true" transferTextContent="true" failOnError="true" ignoreEmpty="false" transferToAll="false" entitize="false" transferChildNodes="false">
        <con:name>aggregatedItemId</con:name>
        <con:sourceType>res_id</con:sourceType>
        <con:sourceStep>Add Aggregated serial Item</con:sourceStep>
        <con:targetType>req_aggregatedItemId</con:targetType>
        <con:targetStep>Get Product Item List Of Aggregated Item</con:targetStep>
        <con:upgraded>true</con:upgraded>
      </con:transfers>
    </con:config>
  </con:testStep>
  <con:testStep type="calltestcase" name="Get Product Item List Of Aggregated Item" id="89b116d4-6bd7-44a4-899d-4cf225ba5850">
    <con:settings/>
    <con:config xsi:type="con:RunTestCaseStep" xmlns:xsi="http://www.w3.org/2001/XMLSchema-instance">
      <con:targetTestCase>f87aec4c-fc6f-4ee8-8380-15f5daf1cff6</con:targetTestCase>
      <con:properties>
        <con:property>
          <con:name>req_biId</con:name>
          <con:value>1591</con:value>
        </con:property>
        <con:property>
          <con:name>req_aggregatedItemId</con:name>
          <con:value>411</con:value>
        </con:property>
        <con:property>
          <con:name>res_status</con:name>
          <con:value>200</con:value>
        </con:property>
        <con:property>
          <con:name>res_response</con:name>
          <con:value>[{"productInformation":{"quantity":1,"status":1,"characteristicDescription":"null, null, null","productSpecification":{"id":1,"code":"CODE-IPHONE6S-1","article":"ARR-IPHONE6S-1","externalReference":{"externalId":"EXT-IPHONE6S-1"},"info":{"name":"IPhone 6S","description":"IPhone 6S"},"replicationInfo":{"isReplicated":false},"returnPeriod":{"value":1,"unit":"Year"},"serialNumberFormat":"IPHONE6S-XXXXXXXXXX","status":"Active","valueType":1,"versionInfo":{"versionNumber":1000000},"warrantyPeriod":{"value":1,"unit":"Year"},"productTrackingType":"Serialized","productSpecType":"Atomic","isSerialized":true,"dynamicMap":{},"type":"com.ericsson.bss.rm.erms.core.entity.dto.product.AtomicProductSpecDTO"},"description":"Memory : 16 GB; Processor : A7","startSerialNumber":1371371080371,"endSerialNumber":1371371080371,"isPaired":false,"type":"com.ericsson.bss.rm.erms.core.entity.dto.product.ProductInformationDTO"},"vendorName":"Vendor","purchaseDate":"2018-03-13T13:45:08+0300","id":412,"href":"/v1/stockInItem/412","dynamicMap":{},"type":"com.ericsson.bss.rm.erms.core.entity.dto.bi.stockin.StockInItemResponseDto"}]</con:value>
        </con:property>
      </con:properties>
      <con:returnProperties>
        <con:entry>res_status</con:entry>
        <con:entry>res_response</con:entry>
      </con:returnProperties>
      <con:runMode>PARALLELL</con:runMode>
    </con:config>
  </con:testStep>
  <con:testStep type="assertionteststep" name="Assertion for Get Product Item List Of Aggregated Item" id="817117b9-e115-4b03-af18-2bb0388c0988">
    <con:settings/>
    <con:config xsi:type="con:AssertionTestStep" xmlns:xsi="http://www.w3.org/2001/XMLSchema-instance">
      <con:entry>
        <con:id>773ccbe9-84a8-4bd7-9339-4619571e1673</con:id>
        <con:isGroup>false</con:isGroup>
        <con:sourceId>89b116d4-6bd7-44a4-899d-4cf225ba5850</con:sourceId>
        <con:propertyName>res_status</con:propertyName>
        <con:assertion type="Simple Equals" name="Equals" id="1aea9514-4435-4550-9eb0-e6a1c4eaf40a">
          <con:configuration>
            <patternText>200</patternText>
            <caseSensitive>true</caseSensitive>
          </con:configuration>
        </con:assertion>
      </con:entry>
      <con:entry>
        <con:id>7bd044b4-a82e-4397-8fc3-2991eb6fe933</con:id>
        <con:isGroup>false</con:isGroup>
        <con:sourceId>89b116d4-6bd7-44a4-899d-4cf225ba5850</con:sourceId>
        <con:propertyName>res_response</con:propertyName>
        <con:assertion type="Simple Contains" name="Contains" id="f9040463-34f3-4d11-84ad-e5c8decb0397">
          <con:configuration>
            <token>EXT-IPHONE6S-1</token>
            <ignoreCase>false</ignoreCase>
            <useRegEx>false</useRegEx>
          </con:configuration>
        </con:assertion>
      </con:entry>
    </con:config>
  </con:testStep>
  <con:testStep type="transfer" name="Property Transfer for submit serial numbers" id="63e93e00-31d0-4556-8c1e-7a9624329dad">
    <con:settings/>
    <con:config xsi:type="con:PropertyTransfersStep" xmlns:xsi="http://www.w3.org/2001/XMLSchema-instance">
      <con:transfers setNullOnMissingSource="true" transferTextContent="true" failOnError="true" ignoreEmpty="false" transferToAll="false" entitize="false" transferChildNodes="false">
        <con:name>biId</con:name>
        <con:sourceType>res_biId</con:sourceType>
        <con:sourceStep>Create stockIn interaction success</con:sourceStep>
        <con:sourcePath/>
        <con:targetType>req_biId</con:targetType>
        <con:targetStep>Submit serial numbers</con:targetStep>
        <con:targetPath/>
        <con:upgraded>true</con:upgraded>
      </con:transfers>
    </con:config>
  </con:testStep>
  <con:testStep type="calltestcase" name="Submit serial numbers" id="f9deb96c-60df-473d-9a87-b33fc6287637">
    <con:settings/>
    <con:config xsi:type="con:RunTestCaseStep" xmlns:xsi="http://www.w3.org/2001/XMLSchema-instance">
      <con:targetTestCase>4d66cbda-2c28-4caa-a47e-94706a20261e</con:targetTestCase>
      <con:properties>
        <con:property>
          <con:name>req_biId</con:name>
          <con:value>1591</con:value>
        </con:property>
        <con:property>
          <con:name>res_status</con:name>
          <con:value>200</con:value>
        </con:property>
        <con:property>
          <con:name>res_response</con:name>
          <con:value>{"businessInteractionType":1,"code":"STI-1591","description":"Stock In at [name-so-c0e0666a-27ca-4521-bf14-9918296baf30] by [John Smith]","mainState":0,"state":5,"createdDate":"2018-03-13T08:45:09+0000","businessInteractionSpec":{"id":4,"journaled":true,"name":"Stock In BI Spec","specificationType":0,"allowSubmitBIWithoutItem":false,"requiresSession":true,"code":"STCKINBISPEC","requiresActiveSO":false,"biOperationAllowedWhenSOSuspended":false,"reserveAllNonSerializedSpec":false,"allowStockLevelNegative":false,"dynamicMap":{},"type":"com.ericsson.bss.rm.erms.core.entity.dto.bi.BusinessInteractionSpecDTO"},"createdByUserId":"60","createdBySalesOrganizationId":"58","createdForSalesOrganizationRoleId":"58","preventUpdateFromOtherSystem":false,"items":[],"isLocked":false,"businessInteractionRoleId1":129,"businessInteractionRoleId2":126,"businessInteractionRoleId3":126,"id":1591,"href":"/v1/stockin/1591","dynamicMap":{},"type":"com.ericsson.bss.rm.erms.core.entity.dto.bi.stockin.StockInResponseDto"}</con:value>
        </con:property>
      </con:properties>
      <con:returnProperties>
        <con:entry>res_status</con:entry>
        <con:entry>res_response</con:entry>
      </con:returnProperties>
      <con:runMode>PARALLELL</con:runMode>
    </con:config>
  </con:testStep>
  <con:testStep type="assertionteststep" name="Assertion for submitting serial numbers" id="3703e5c0-d687-493a-9de3-5c182f5da911">
    <con:settings/>
    <con:config xsi:type="con:AssertionTestStep" xmlns:xsi="http://www.w3.org/2001/XMLSchema-instance">
      <con:entry>
        <con:id>7e9b01d3-5a0a-41f9-95bf-b74a9fff8b81</con:id>
        <con:isGroup>false</con:isGroup>
        <con:sourceId>f9deb96c-60df-473d-9a87-b33fc6287637</con:sourceId>
        <con:propertyName>res_response</con:propertyName>
        <con:assertion type="Simple Contains" name="Contains" id="1fd8fd60-a2fb-4719-b654-16dfcc8d6f67">
          <con:configuration>
            <token>Stock In</token>
            <ignoreCase>false</ignoreCase>
            <useRegEx>false</useRegEx>
          </con:configuration>
        </con:assertion>
      </con:entry>
      <con:entry>
        <con:id>960b25a6-7c33-4adf-9a87-80bd094713b3</con:id>
        <con:isGroup>false</con:isGroup>
        <con:sourceId>f9deb96c-60df-473d-9a87-b33fc6287637</con:sourceId>
        <con:propertyName>res_status</con:propertyName>
        <con:assertion type="Simple Equals" name="Equals" id="cd0dd3d7-aee7-4589-b1ce-4971456558cb">
          <con:configuration>
            <patternText>200</patternText>
            <caseSensitive>true</caseSensitive>
          </con:configuration>
        </con:assertion>
      </con:entry>
    </con:config>
  </con:testStep>
  <con:testStep type="transfer" name="Property Transfer for displaying stockin after submit" id="78a92db6-fa6f-45f1-8db7-cac58940b0e2">
    <con:settings/>
    <con:config xsi:type="con:PropertyTransfersStep" xmlns:xsi="http://www.w3.org/2001/XMLSchema-instance">
      <con:transfers setNullOnMissingSource="true" transferTextContent="true" failOnError="true" ignoreEmpty="false" transferToAll="false" entitize="false" transferChildNodes="false">
        <con:name>biId</con:name>
        <con:sourceType>res_biId</con:sourceType>
        <con:sourceStep>Create stockIn interaction success</con:sourceStep>
        <con:sourcePath/>
        <con:targetType>req_biId</con:targetType>
        <con:targetStep>Display single stockIn bi after submit</con:targetStep>
        <con:targetPath/>
        <con:upgraded>true</con:upgraded>
      </con:transfers>
    </con:config>
  </con:testStep>
  <con:testStep type="calltestcase" name="Display single stockIn bi after submit" id="90aa8369-0dfe-450b-86b5-c4587cdc57eb">
    <con:settings/>
    <con:config xsi:type="con:RunTestCaseStep" xmlns:xsi="http://www.w3.org/2001/XMLSchema-instance">
      <con:targetTestCase>23c105c1-e15f-4ce4-8f04-c5a3f5541b68</con:targetTestCase>
      <con:properties>
        <con:property>
          <con:name>req_biId</con:name>
          <con:value>1591</con:value>
        </con:property>
        <con:property>
          <con:name>res_stockInBI</con:name>
          <con:value>{"businessInteractionType":1,"code":"STI-1591","description":"Stock In at [name-so-c0e0666a-27ca-4521-bf14-9918296baf30] by [John Smith]","mainState":"Closed","state":"Closed","createdDate":"2018-03-13T08:45:09.414Z","preventUpdateFromOtherSystem":false,"id":"1591"}</con:value>
        </con:property>
        <con:property>
          <con:name>res_biId</con:name>
          <con:value>1591</con:value>
        </con:property>
        <con:property>
          <con:name>res_state</con:name>
          <con:value>Closed</con:value>
        </con:property>
        <con:property>
          <con:name>res_mainState</con:name>
          <con:value>Closed</con:value>
        </con:property>
        <con:property>
          <con:name>res_errorMessage</con:name>
          <con:value xsi:nil="true"/>
        </con:property>
        <con:property>
          <con:name>res_httpStatusCode</con:name>
          <con:value>200</con:value>
        </con:property>
      </con:properties>
      <con:returnProperties>
        <con:entry>res_stockInBI</con:entry>
        <con:entry>res_biId</con:entry>
        <con:entry>res_state</con:entry>
        <con:entry>res_mainState</con:entry>
        <con:entry>res_errorMessage</con:entry>
        <con:entry>res_httpStatusCode</con:entry>
      </con:returnProperties>
      <con:runMode>PARALLELL</con:runMode>
    </con:config>
  </con:testStep>
  <con:testStep type="assertionteststep" name="Assertion for displaying single stockin after bi submit" id="1ade6d50-92f0-475e-a572-196cd2dea1f4">
    <con:settings/>
    <con:config xsi:type="con:AssertionTestStep" xmlns:xsi="http://www.w3.org/2001/XMLSchema-instance">
      <con:entry>
        <con:id>70600cf8-7c18-42a5-8212-ed922e248a78</con:id>
        <con:isGroup>false</con:isGroup>
        <con:sourceId>90aa8369-0dfe-450b-86b5-c4587cdc57eb</con:sourceId>
        <con:propertyName>res_mainState</con:propertyName>
        <con:assertion type="Simple Equals" name="Equals" id="2a5789d6-568f-4e1d-9047-d19005e0d0f6">
          <con:configuration>
            <patternText>Closed</patternText>
            <caseSensitive>true</caseSensitive>
          </con:configuration>
        </con:assertion>
      </con:entry>
      <con:entry>
        <con:id>5db88620-a8c3-4491-b8d2-03b5eb595889</con:id>
        <con:isGroup>false</con:isGroup>
        <con:sourceId>90aa8369-0dfe-450b-86b5-c4587cdc57eb</con:sourceId>
        <con:propertyName>res_state</con:propertyName>
        <con:assertion type="Simple Equals" name="Equals 2" id="3e45ab6b-3132-4452-a9eb-07aceff8c908">
          <con:configuration>
            <patternObjectId>2e8b1c41-e004-4119-b53c-d94945340c2c</patternObjectId>
            <patternProperty>res_mainState</patternProperty>
            <caseSensitive>true</caseSensitive>
          </con:configuration>
        </con:assertion>
      </con:entry>
      <con:entry>
        <con:id>5bd7de54-2260-46d0-af2b-2d44f8f2d022</con:id>
        <con:isGroup>false</con:isGroup>
        <con:sourceId>90aa8369-0dfe-450b-86b5-c4587cdc57eb</con:sourceId>
        <con:propertyName>res_httpStatusCode</con:propertyName>
        <con:assertion type="Simple Equals" name="Equals 3" id="c80a7360-b15f-47e7-9168-026f141f7325">
          <con:configuration>
            <patternText>200</patternText>
            <caseSensitive>true</caseSensitive>
          </con:configuration>
        </con:assertion>
      </con:entry>
    </con:config>
  </con:testStep>
  <con:properties/>
  <con:reportParameters/>
  <con:breakPoints>
    <con:testStepId>708a7f0b-62c8-45c0-b088-2eacd25899c9</con:testStepId>
    <con:status>NONE</con:status>
    <con:properties/>
  </con:breakPoints>
  <con:breakPoints>
    <con:testStepId>70e9126f-ac59-43f3-8508-232a1ec3c839</con:testStepId>
    <con:status>NONE</con:status>
    <con:properties/>
  </con:breakPoints>
  <con:breakPoints>
    <con:testStepId>941fa30b-a705-462a-b733-a83c4dc68477</con:testStepId>
    <con:status>NONE</con:status>
    <con:properties/>
  </con:breakPoints>
  <con:breakPoints>
    <con:testStepId>c47f8fe1-2512-4fa9-8e34-70a27a73a733</con:testStepId>
    <con:status>NONE</con:status>
    <con:properties/>
  </con:breakPoints>
  <con:breakPoints>
    <con:testStepId>959201b4-dcb3-4ddc-9b8f-b3e7a94b96f6</con:testStepId>
    <con:status>NONE</con:status>
    <con:properties/>
  </con:breakPoints>
  <con:breakPoints>
    <con:testStepId>bd16cca3-5d00-4573-ac09-181a8282ec5f</con:testStepId>
    <con:status>NONE</con:status>
    <con:properties/>
  </con:breakPoints>
  <con:breakPoints>
    <con:testStepId>7cbaed25-5003-4544-bf0b-7c640da6a3ef</con:testStepId>
    <con:status>NONE</con:status>
    <con:properties/>
  </con:breakPoints>
  <con:breakPoints>
    <con:testStepId>314de25f-9696-48e3-8015-4acab706e4e6</con:testStepId>
    <con:status>NONE</con:status>
    <con:properties/>
  </con:breakPoints>
  <con:breakPoints>
    <con:testStepId>24809ba5-6cb7-41f8-a5d4-573e6a3f71e2</con:testStepId>
    <con:status>NONE</con:status>
    <con:properties/>
  </con:breakPoints>
  <con:breakPoints>
    <con:testStepId>bc6e6292-6a59-4c5e-82d4-3a373c0dc069</con:testStepId>
    <con:status>NONE</con:status>
    <con:properties/>
  </con:breakPoints>
  <con:breakPoints>
    <con:testStepId>95356766-0a2b-4216-a57b-f3826d3169a0</con:testStepId>
    <con:status>NONE</con:status>
    <con:properties/>
  </con:breakPoints>
  <con:breakPoints>
    <con:testStepId>74bfd37d-b708-41e2-8942-e0868c28d71c</con:testStepId>
    <con:status>NONE</con:status>
    <con:properties/>
  </con:breakPoints>
  <con:breakPoints>
    <con:testStepId>0e422f16-d844-4b62-a502-896a8ebee2a7</con:testStepId>
    <con:status>NONE</con:status>
    <con:properties/>
  </con:breakPoints>
  <con:breakPoints>
    <con:testStepId>e230fef0-6f3b-4251-9b7c-319be13dab11</con:testStepId>
    <con:status>NONE</con:status>
    <con:properties/>
  </con:breakPoints>
  <con:breakPoints>
    <con:testStepId>e7824543-0ffc-48e0-a779-20b79df3c716</con:testStepId>
    <con:status>NONE</con:status>
    <con:properties/>
  </con:breakPoints>
  <con:breakPoints>
    <con:testStepId>2e8b1c41-e004-4119-b53c-d94945340c2c</con:testStepId>
    <con:status>NONE</con:status>
    <con:properties/>
  </con:breakPoints>
  <con:breakPoints>
    <con:testStepId>82923cd0-a76e-48f3-b3a0-505033958168</con:testStepId>
    <con:status>NONE</con:status>
    <con:properties/>
  </con:breakPoints>
  <con:breakPoints>
    <con:testStepId>493e3e78-2c8a-47e1-b0e6-529781bf7a8f</con:testStepId>
    <con:status>NONE</con:status>
    <con:properties/>
  </con:breakPoints>
  <con:breakPoints>
    <con:testStepId>172d8e28-e874-43d1-9573-e646abec1abd</con:testStepId>
    <con:status>NONE</con:status>
    <con:properties/>
  </con:breakPoints>
  <con:breakPoints>
    <con:testStepId>4dfbdcb9-5a4c-4911-9ffb-4cb483110983</con:testStepId>
    <con:status>NONE</con:status>
    <con:properties/>
  </con:breakPoints>
  <con:breakPoints>
    <con:testStepId>d2c25492-e428-4e65-8f2b-8d1b53e07ca8</con:testStepId>
    <con:status>NONE</con:status>
    <con:properties/>
  </con:breakPoints>
  <con:breakPoints>
    <con:testStepId>d9766315-e70c-4e6d-8f2f-8595fd17aca4</con:testStepId>
    <con:status>NONE</con:status>
    <con:properties/>
  </con:breakPoints>
  <con:breakPoints>
    <con:testStepId>80193474-f0f8-4693-ab88-61abb9949ffa</con:testStepId>
    <con:status>NONE</con:status>
    <con:properties/>
  </con:breakPoints>
  <con:breakPoints>
    <con:testStepId>73a097f7-fb98-4a1f-b0c2-c81d5d7d70ce</con:testStepId>
    <con:status>NONE</con:status>
    <con:properties/>
  </con:breakPoints>
  <con:breakPoints>
    <con:testStepId>fc56ab54-99de-43a7-8f82-bfed7a5c8a0c</con:testStepId>
    <con:status>NONE</con:status>
    <con:properties/>
  </con:breakPoints>
  <con:breakPoints>
    <con:testStepId>702c3775-764a-477d-a4c1-63c6b738db4c</con:testStepId>
    <con:status>NONE</con:status>
    <con:properties/>
  </con:breakPoints>
  <con:breakPoints>
    <con:testStepId>ad1e4c4a-f4be-48fe-895c-a2da3e536016</con:testStepId>
    <con:status>NONE</con:status>
    <con:properties/>
  </con:breakPoints>
  <con:breakPoints>
    <con:testStepId>904f9fb2-e8fe-40a7-9d2a-0ca3eba74faf</con:testStepId>
    <con:status>NONE</con:status>
    <con:properties/>
  </con:breakPoints>
  <con:breakPoints>
    <con:testStepId>98f0f96d-dcf4-42a1-83d1-c24d67c35166</con:testStepId>
    <con:status>NONE</con:status>
    <con:properties/>
  </con:breakPoints>
  <con:breakPoints>
    <con:testStepId>296f9b4e-3949-485b-af83-9f1b85af4443</con:testStepId>
    <con:status>NONE</con:status>
    <con:properties/>
  </con:breakPoints>
  <con:breakPoints>
    <con:testStepId>e6ab1693-b141-4707-a648-6f0b92ca2b33</con:testStepId>
    <con:status>NONE</con:status>
    <con:properties/>
  </con:breakPoints>
  <con:breakPoints>
    <con:testStepId>3ba01259-a2ee-4da2-a287-dfcb8e8dcc92</con:testStepId>
    <con:status>NONE</con:status>
    <con:properties/>
  </con:breakPoints>
  <con:breakPoints>
    <con:testStepId>58af0f9b-c9f9-49e0-8295-26cb079f2c13</con:testStepId>
    <con:status>NONE</con:status>
    <con:properties/>
  </con:breakPoints>
  <con:breakPoints>
    <con:testStepId>adcf7cf7-c587-4a5c-8a32-d9e9301f1288</con:testStepId>
    <con:status>NONE</con:status>
    <con:properties/>
  </con:breakPoints>
  <con:breakPoints>
    <con:testStepId>a57ce300-484b-484b-b407-78c4fdb358c6</con:testStepId>
    <con:status>NONE</con:status>
    <con:properties/>
  </con:breakPoints>
</con:testCase>