<?xml version="1.0" encoding="UTF-8"?>
<con:testCase id="904ccc06-d330-40a6-8340-95b2bc288fa1" discardOkResults="true" failOnError="true" failTestCaseOnErrors="true" keepSession="false" name="Test Case 7 - AggregatedItem" searchProperties="true" timeout="0" xmlns:con="http://eviware.com/soapui/config">
  <con:settings>
    <con:setting id="904ccc06-d330-40a6-8340-95b2bc288fa1fileName">Test-Case-7---AggregatedItem</con:setting>
  </con:settings>
  <con:savedRecentRuns>1</con:savedRecentRuns>
  <con:testStep type="transfer" name="Set default user and sales org id" id="b8c8e7fd-6316-473f-94da-4a43cd2b0c25">
    <con:settings/>
    <con:config xsi:type="con:PropertyTransfersStep" xmlns:xsi="http://www.w3.org/2001/XMLSchema-instance">
      <con:transfers setNullOnMissingSource="true" transferTextContent="true" failOnError="true" ignoreEmpty="false" transferToAll="false" entitize="false" transferChildNodes="false">
        <con:name>userRoleId</con:name>
        <con:sourceType>DefaultUserRoleId</con:sourceType>
        <con:sourceStep>#Project#</con:sourceStep>
        <con:sourcePath/>
        <con:targetType>userIdAdmin</con:targetType>
        <con:targetStep>Given properties for the test steps</con:targetStep>
        <con:targetPath/>
        <con:upgraded>true</con:upgraded>
      </con:transfers>
      <con:transfers setNullOnMissingSource="true" transferTextContent="true" failOnError="true" ignoreEmpty="false" transferToAll="false" entitize="false" transferChildNodes="false">
        <con:name>salesOrgRoleId</con:name>
        <con:sourceType>DefaultSalesOrganizationRoleId</con:sourceType>
        <con:sourceStep>#Project#</con:sourceStep>
        <con:targetType>soIdAdmin</con:targetType>
        <con:targetStep>Given properties for the test steps</con:targetStep>
        <con:upgraded>true</con:upgraded>
      </con:transfers>
    </con:config>
  </con:testStep>
  <con:testStep type="datagen" name="DataGen startSerial" id="a65924e3-cf40-4e91-9993-acfbf1a67a07">
    <con:settings/>
    <con:config xsi:type="con:DataGeneratorStep" xmlns:xsi="http://www.w3.org/2001/XMLSchema-instance">
      <con:property type="Number">
        <con:configuration>
          <start>1</start>
          <end>1000</end>
          <step>2</step>
          <pattern>#</pattern>
          <random>true</random>
          <persist>true</persist>
          <current>152.0</current>
        </con:configuration>
        <con:name>quantity</con:name>
        <con:mode>STEP</con:mode>
        <con:shared>true</con:shared>
      </con:property>
      <con:property type="Number">
        <con:configuration>
          <start>1</start>
          <end>100000000</end>
          <step>1</step>
          <pattern>#</pattern>
          <random>true</random>
          <persist>true</persist>
          <current>6.701086E7</current>
        </con:configuration>
        <con:name>startSerial</con:name>
        <con:mode>STEP</con:mode>
        <con:shared>true</con:shared>
      </con:property>
      <con:property type="Script">
        <con:configuration>
          <script>def quantity = context.expand( '${DataGen startSerial#quantity}' );
def startSerial = context.expand( '${DataGen startSerial#startSerial}' );
testRunner.testCase.testSteps["Given properties for the test steps"].setPropertyValue("quantity", quantity);
testRunner.testCase.testSteps["Given properties for the test steps"].setPropertyValue("startSerialNumber", startSerial);</script>
        </con:configuration>
        <con:name>setQuantityAndSerialNumber</con:name>
        <con:mode>STEP</con:mode>
        <con:shared>false</con:shared>
      </con:property>
    </con:config>
  </con:testStep>
  <con:testStep type="properties" name="Given properties for the test steps" id="cf90069b-5e21-4050-a72e-3c46d955bc8c">
    <con:settings/>
    <con:config xsi:type="con:PropertiesStep" saveFirst="true" xmlns:xsi="http://www.w3.org/2001/XMLSchema-instance">
      <con:properties>
        <con:property>
          <con:name>biId</con:name>
          <con:value>14501</con:value>
        </con:property>
        <con:property>
          <con:name>character</con:name>
          <con:value>qwerty</con:value>
        </con:property>
        <con:property>
          <con:name>characteristicType1</con:name>
          <con:value>1</con:value>
        </con:property>
        <con:property>
          <con:name>characteristicType2</con:name>
          <con:value>2</con:value>
        </con:property>
        <con:property>
          <con:name>emptyValue</con:name>
          <con:value/>
        </con:property>
        <con:property>
          <con:name>endSerialNumber</con:name>
          <con:value>62776437</con:value>
        </con:property>
        <con:property>
          <con:name>errorMessageAllProductSpecMustBeProvided</con:name>
          <con:value>ALL_PRODUCT_SPEC_CHARACTERISTICS_MUST_BE_PROVIDED</con:value>
        </con:property>
        <con:property>
          <con:name>errorMessageCharUseBelongsToCannotBeNull</con:name>
          <con:value>PRODUCT_SPEC_CHAR_USE_BELONGS_TO_CANNOT_BE_NULL</con:value>
        </con:property>
        <con:property>
          <con:name>errorMessageMandatoryStockInMustBeTrue</con:name>
          <con:value>PRODUCT_SPEC_CHAR_USE_MANDATORY_STOCK_IN_MUST_BE_TRUE</con:value>
        </con:property>
        <con:property>
          <con:name>errorMessageProductSpecCharUseExtIdAlreadyExistis</con:name>
          <con:value>PRODUCT_SPEC_CHAR_USE_EXTERNAL_ID_ALREADY_EXISTS</con:value>
        </con:property>
        <con:property>
          <con:name>errorMessageProductSpecCharValueExternalIdOrIdMustBeGiven</con:name>
          <con:value>PRODUCT_SPEC_CHAR_USE_EXTERNAL_ID_OR_ID_MUST_BE_GIVEN</con:value>
        </con:property>
        <con:property>
          <con:name>httpCode200</con:name>
          <con:value>200</con:value>
        </con:property>
        <con:property>
          <con:name>httpCode201</con:name>
          <con:value>201</con:value>
        </con:property>
        <con:property>
          <con:name>httpCode400</con:name>
          <con:value>400</con:value>
        </con:property>
        <con:property>
          <con:name>httpCode404</con:name>
          <con:value>404</con:value>
        </con:property>
        <con:property>
          <con:name>inventoryExtId</con:name>
          <con:value>inventory-${=java.util.UUID.randomUUID()}</con:value>
        </con:property>
        <con:property>
          <con:name>inventoryId</con:name>
          <con:value>45</con:value>
        </con:property>
        <con:property>
          <con:name>isPairedFalse</con:name>
          <con:value>false</con:value>
        </con:property>
        <con:property>
          <con:name>isPairedTrue</con:name>
          <con:value>true</con:value>
        </con:property>
        <con:property>
          <con:name>isSerializedFalse</con:name>
          <con:value>false</con:value>
        </con:property>
        <con:property>
          <con:name>mandatoryForStockInFalse</con:name>
          <con:value>false</con:value>
        </con:property>
        <con:property>
          <con:name>mandatoryForStockInTrue</con:name>
          <con:value>true</con:value>
        </con:property>
        <con:property>
          <con:name>negative</con:name>
          <con:value>-1</con:value>
        </con:property>
        <con:property>
          <con:name>nonSerializedProductId</con:name>
          <con:value>3</con:value>
        </con:property>
        <con:property>
          <con:name>nonSerializedProductItemId</con:name>
          <con:value>3</con:value>
        </con:property>
        <con:property>
          <con:name>nonSerializedProductSpecCode</con:name>
          <con:value>CODE-APPLMOUSE-1</con:value>
        </con:property>
        <con:property>
          <con:name>nonSerializedProductSpecExtId</con:name>
          <con:value>EXT-APPLMOUSE-1</con:value>
        </con:property>
        <con:property>
          <con:name>placeId</con:name>
          <con:value>24</con:value>
        </con:property>
        <con:property>
          <con:name>productDesc</con:name>
          <con:value>productDesc-${=java.util.UUID.randomUUID()}</con:value>
        </con:property>
        <con:property>
          <con:name>productSpecArticle</con:name>
          <con:value>productSpecArticle-${=java.util.UUID.randomUUID()}</con:value>
        </con:property>
        <con:property>
          <con:name>productSpecCharDesc</con:name>
          <con:value>PRODUCTSPECCHARACTERISTIC-DESC-${=java.util.UUID.randomUUID()}</con:value>
        </con:property>
        <con:property>
          <con:name>productSpecCharExtId</con:name>
          <con:value>productSpecCharExtId-${=java.util.UUID.randomUUID()}</con:value>
        </con:property>
        <con:property>
          <con:name>productSpecCharId</con:name>
          <con:value>1</con:value>
        </con:property>
        <con:property>
          <con:name>productSpecCharName</con:name>
          <con:value>PRODUCTSPECCHARACTERISTIC-NAME-${=java.util.UUID.randomUUID()}</con:value>
        </con:property>
        <con:property>
          <con:name>productSpecCharUseBelongsTo</con:name>
          <con:value>PRODUCT</con:value>
        </con:property>
        <con:property>
          <con:name>productSpecCharUseExtId</con:name>
          <con:value>productSpecCharUseExtId-${=java.util.UUID.randomUUID()}</con:value>
        </con:property>
        <con:property>
          <con:name>productSpecCharUseId</con:name>
          <con:value/>
        </con:property>
        <con:property>
          <con:name>productSpecCharValueId</con:name>
          <con:value>1</con:value>
        </con:property>
        <con:property>
          <con:name>productSpecCharValueType</con:name>
          <con:value>LIST</con:value>
        </con:property>
        <con:property>
          <con:name>productSpecCode</con:name>
          <con:value>productSpecCode-${=java.util.UUID.randomUUID()}</con:value>
        </con:property>
        <con:property>
          <con:name>productSpecExtId</con:name>
          <con:value>productSpecExtId-${=java.util.UUID.randomUUID()}</con:value>
        </con:property>
        <con:property>
          <con:name>productSpecInfoName</con:name>
          <con:value>ProductSpecName</con:value>
        </con:property>
        <con:property>
          <con:name>productStatusSellable</con:name>
          <con:value>1</con:value>
        </con:property>
        <con:property>
          <con:name>productTrackingTypeNonSerialized</con:name>
          <con:value>NonSerialized</con:value>
        </con:property>
        <con:property>
          <con:name>quantity</con:name>
          <con:value>152</con:value>
        </con:property>
        <con:property>
          <con:name>quantityOne</con:name>
          <con:value>1</con:value>
        </con:property>
        <con:property>
          <con:name>quantityTwo</con:name>
          <con:value>2</con:value>
        </con:property>
        <con:property>
          <con:name>salesOrganizationExtId</con:name>
          <con:value>so-${=java.util.UUID.randomUUID()}</con:value>
        </con:property>
        <con:property>
          <con:name>serializedProductId</con:name>
          <con:value>1</con:value>
        </con:property>
        <con:property>
          <con:name>serializedProductItemId</con:name>
          <con:value>4</con:value>
        </con:property>
        <con:property>
          <con:name>serializedProductSpecCode</con:name>
          <con:value>CODE-IPHONE6S-1</con:value>
        </con:property>
        <con:property>
          <con:name>serializedProductSpecExtId</con:name>
          <con:value>EXT-IPHONE6S-1</con:value>
        </con:property>
        <con:property>
          <con:name>serializedWithoutRangeProductId</con:name>
          <con:value>2</con:value>
        </con:property>
        <con:property>
          <con:name>serializedWithoutRangeProductItemId</con:name>
          <con:value>5</con:value>
        </con:property>
        <con:property>
          <con:name>serializedWithoutRangeProductSpecCode</con:name>
          <con:value>CODE-GALAXYNOTE4-1</con:value>
        </con:property>
        <con:property>
          <con:name>serializedWithoutRangeProductSpecExtId</con:name>
          <con:value>EXT-GALAXYNOTE4-1</con:value>
        </con:property>
        <con:property>
          <con:name>serialNumber</con:name>
          <con:value>serialNumber-${=java.util.UUID.randomUUID()}</con:value>
        </con:property>
        <con:property>
          <con:name>soId</con:name>
          <con:value>42</con:value>
        </con:property>
        <con:property>
          <con:name>soIdAdmin</con:name>
          <con:value>1</con:value>
        </con:property>
        <con:property>
          <con:name>startSerialNumber</con:name>
          <con:value>67010860</con:value>
        </con:property>
        <con:property>
          <con:name>stateClosed</con:name>
          <con:value>Closed</con:value>
        </con:property>
        <con:property>
          <con:name>statusActive</con:name>
          <con:value>Active</con:value>
        </con:property>
        <con:property>
          <con:name>stockInBISpecCode</con:name>
          <con:value>STCKINBISPEC</con:value>
        </con:property>
        <con:property>
          <con:name>terminalExtId</con:name>
          <con:value>terminal-${=java.util.UUID.randomUUID()}</con:value>
        </con:property>
        <con:property>
          <con:name>terminalId</con:name>
          <con:value>11</con:value>
        </con:property>
        <con:property>
          <con:name>totalQuantity</con:name>
          <con:value/>
        </con:property>
        <con:property>
          <con:name>userId</con:name>
          <con:value>44</con:value>
        </con:property>
        <con:property>
          <con:name>userIdAdmin</con:name>
          <con:value>2</con:value>
        </con:property>
        <con:property>
          <con:name>userRoleExtId</con:name>
          <con:value>user-${=java.util.UUID.randomUUID()}</con:value>
        </con:property>
        <con:property>
          <con:name>zero</con:name>
          <con:value>0</con:value>
        </con:property>
        <con:property>
          <con:name>true</con:name>
          <con:value>true</con:value>
        </con:property>
        <con:property>
          <con:name>error_BI_ITEM_WITH_ID_IS_NOT_IN_BI_WITH_ID</con:name>
          <con:value>BI_ITEM_WITH_ID_IS_NOT_IN_BI_WITH_ID</con:value>
        </con:property>
        <con:property>
          <con:name>3</con:name>
          <con:value>3</con:value>
        </con:property>
        <con:property>
          <con:name>6</con:name>
          <con:value>6</con:value>
        </con:property>
        <con:property>
          <con:name>8</con:name>
          <con:value>8</con:value>
        </con:property>
        <con:property>
          <con:name>150</con:name>
          <con:value>150</con:value>
        </con:property>
      </con:properties>
    </con:config>
  </con:testStep>
  <con:testStep type="transfer" name="Set create sales organization and user" id="cbd382df-0076-4210-a8b2-916043311576">
    <con:settings/>
    <con:config xsi:type="con:PropertyTransfersStep" xmlns:xsi="http://www.w3.org/2001/XMLSchema-instance">
      <con:transfers setNullOnMissingSource="true" transferTextContent="true" failOnError="true" ignoreEmpty="false" transferToAll="false" entitize="false" transferChildNodes="false">
        <con:name>userId</con:name>
        <con:sourceType>userIdAdmin</con:sourceType>
        <con:sourceStep>Given properties for the test steps</con:sourceStep>
        <con:sourcePath/>
        <con:targetType>req_createdByUserRoleId</con:targetType>
        <con:targetStep>Create sales organization and user</con:targetStep>
        <con:targetPath/>
        <con:upgraded>true</con:upgraded>
      </con:transfers>
      <con:transfers setNullOnMissingSource="true" transferTextContent="true" failOnError="true" ignoreEmpty="false" transferToAll="false" entitize="false" transferChildNodes="false">
        <con:name>soId</con:name>
        <con:sourceType>soIdAdmin</con:sourceType>
        <con:sourceStep>Given properties for the test steps</con:sourceStep>
        <con:targetType>req_createdBySalesOrgRoleId</con:targetType>
        <con:targetStep>Create sales organization and user</con:targetStep>
        <con:upgraded>true</con:upgraded>
      </con:transfers>
      <con:transfers setNullOnMissingSource="true" transferTextContent="true" failOnError="true" ignoreEmpty="false" transferToAll="false" entitize="false" transferChildNodes="false">
        <con:name>userExtId</con:name>
        <con:sourceType>userRoleExtId</con:sourceType>
        <con:sourceStep>Given properties for the test steps</con:sourceStep>
        <con:targetType>req_userRoleExtId</con:targetType>
        <con:targetStep>Create sales organization and user</con:targetStep>
        <con:upgraded>true</con:upgraded>
      </con:transfers>
      <con:transfers setNullOnMissingSource="true" transferTextContent="true" failOnError="true" ignoreEmpty="false" transferToAll="false" entitize="false" transferChildNodes="false">
        <con:name>soExtId</con:name>
        <con:sourceType>salesOrganizationExtId</con:sourceType>
        <con:sourceStep>Given properties for the test steps</con:sourceStep>
        <con:targetType>req_salesOrgRoleExtId</con:targetType>
        <con:targetStep>Create sales organization and user</con:targetStep>
        <con:upgraded>true</con:upgraded>
      </con:transfers>
      <con:transfers setNullOnMissingSource="true" transferTextContent="true" failOnError="true" ignoreEmpty="false" transferToAll="false" entitize="false" transferChildNodes="false">
        <con:name>terminalExtId</con:name>
        <con:sourceType>terminalExtId</con:sourceType>
        <con:sourceStep>Given properties for the test steps</con:sourceStep>
        <con:targetType>req_terminalExtId</con:targetType>
        <con:targetStep>Create sales organization and user</con:targetStep>
        <con:upgraded>true</con:upgraded>
      </con:transfers>
      <con:transfers setNullOnMissingSource="true" transferTextContent="true" failOnError="true" ignoreEmpty="false" transferToAll="false" entitize="false" transferChildNodes="false">
        <con:name>inventoryExtId</con:name>
        <con:sourceType>inventoryExtId</con:sourceType>
        <con:sourceStep>Given properties for the test steps</con:sourceStep>
        <con:targetType>req_inventoryExtId</con:targetType>
        <con:targetStep>Create sales organization and user</con:targetStep>
        <con:upgraded>true</con:upgraded>
      </con:transfers>
    </con:config>
  </con:testStep>
  <con:testStep type="calltestcase" name="Create sales organization and user" id="5bf10701-6639-4736-ae30-84d1a4d1ad88">
    <con:settings/>
    <con:config xsi:type="con:RunTestCaseStep" xmlns:xsi="http://www.w3.org/2001/XMLSchema-instance">
      <con:targetTestCase>b92a7c8d-a0ed-4725-99e9-4866fd949629</con:targetTestCase>
      <con:properties>
        <con:property>
          <con:name>req_createdByUserRoleId</con:name>
          <con:value>2</con:value>
        </con:property>
        <con:property>
          <con:name>req_createdBySalesOrgRoleId</con:name>
          <con:value>1</con:value>
        </con:property>
        <con:property>
          <con:name>req_userRoleExtId</con:name>
          <con:value>user-${=java.util.UUID.randomUUID()}</con:value>
        </con:property>
        <con:property>
          <con:name>req_salesOrgRoleExtId</con:name>
          <con:value>so-${=java.util.UUID.randomUUID()}</con:value>
        </con:property>
        <con:property>
          <con:name>req_terminalExtId</con:name>
          <con:value>terminal-${=java.util.UUID.randomUUID()}</con:value>
        </con:property>
        <con:property>
          <con:name>req_inventoryExtId</con:name>
          <con:value>inventory-${=java.util.UUID.randomUUID()}</con:value>
        </con:property>
        <con:property>
          <con:name>res_salesOrgBiId</con:name>
          <con:value>1061</con:value>
        </con:property>
        <con:property>
          <con:name>res_userRoleBiId</con:name>
          <con:value>1081</con:value>
        </con:property>
        <con:property>
          <con:name>res_terminalBiId</con:name>
          <con:value>1101</con:value>
        </con:property>
        <con:property>
          <con:name>res_inventoryRoleBiId</con:name>
          <con:value>1091</con:value>
        </con:property>
        <con:property>
          <con:name>res_salesOrgId</con:name>
          <con:value>42</con:value>
        </con:property>
        <con:property>
          <con:name>res_userRoleId</con:name>
          <con:value>44</con:value>
        </con:property>
        <con:property>
          <con:name>res_terminalId</con:name>
          <con:value>11</con:value>
        </con:property>
        <con:property>
          <con:name>res_inventoryRoleId</con:name>
          <con:value>45</con:value>
        </con:property>
        <con:property>
          <con:name>res_placeId</con:name>
          <con:value>24</con:value>
        </con:property>
        <con:property>
          <con:name>res_soExtId</con:name>
          <con:value>so-ad978595-64e4-4cb2-802d-5df3f8bec095</con:value>
        </con:property>
        <con:property>
          <con:name>res_salesOrganisationExternalId</con:name>
          <con:value>so-ad978595-64e4-4cb2-802d-5df3f8bec095</con:value>
        </con:property>
        <con:property>
          <con:name>userToken</con:name>
          <con:value>Bearer eyJraWQiOiIxIiwiYWxnIjoiUlMyNTYifQ.eyJpc3MiOiJVTVMtUHJlZmlsdGVyLUNoZWNrQXV0aG9yaXplIiwic3ViIjoiVEVTVCIsImF1ZCI6IlJNIiwiaWF0IjoxNDg3MTYwOTc5LCJleHAiOjE1NTI0NjU3MzAsImF1dGhfdGltZSI6IjEzMTEyODA4NzAiLCJub25jZSI6Im4tMFM2X1d6QTJNaiIsIm5hbWUiOiJVTVMgVGVzdCBVc2VyIiwieF9kYnNzIjp7ImF1dGh6UHJvZmlsZU5hbWUiOiJDU1JfQXV0aHpQcm9maWxlIiwidmVyc2lvbiI6InYxIiwicGFydHlfaWQiOiIxMjMiLCJleHRlcm5hbF91c2VybmFtZSI6InVzZXItYmYxNzEwMTEtZTNlNS00ZDk4LTlkNTAtOTVlZmI5YThkYzY3In19.W_53tYv1mEhOiRB447W0AKEOHl-mIv0esjQSd8_Sx5AtNalTMcnpCxH416NZlmJkyIyqM3V3JVdNM3m7FM8lEFyIJYBjTMBejxEJ8Jshy43J0x_8yQx_4_bTcZiufkdzK9AEmG3NbCC7eNsQnn9mVwOlU-AASEMuZGiHXYKUcOM</con:value>
        </con:property>
        <con:property>
          <con:name>userIntToken</con:name>
          <con:value>Bearer eyJraWQiOiIxIiwiYWxnIjoiUlMyNTYifQ.eyJpc3MiOiJVTVMtUHJlZmlsdGVyLUNoZWNrQXV0aG9yaXplIiwic3ViIjoiVEVTVCIsImF1ZCI6IlJNIiwiaWF0IjoxNDg3MTYwOTc5LCJleHAiOjE1NTI0NjU3MzAsImF1dGhfdGltZSI6IjEzMTEyODA4NzAiLCJub25jZSI6Im4tMFM2X1d6QTJNaiIsIm5hbWUiOiJVTVMgVGVzdCBVc2VyIiwieF9kYnNzIjp7ImF1dGh6UHJvZmlsZU5hbWUiOiJFUk1TX0FETUlOX0F1dGh6UHJvZmlsZSIsInZlcnNpb24iOiJ2MSIsInBhcnR5X2lkIjoiMTIzIiwiZXh0ZXJuYWxfdXNlcm5hbWUiOiJ1c2VyLWJmMTcxMDExLWUzZTUtNGQ5OC05ZDUwLTk1ZWZiOWE4ZGM2NyJ9fQ.y6RJM-rX-ayLWXy0WNbvt9C9pAMKbuH6sy9nlWoeV8bEqPxAoEx-WbqFApkK17-Rnns2SONzKHKj5MkxxnTgmQBieIt8s8OZDT4cAtbzXlQH-9MvcXyh6sGKuME3RohixW5C8jC2zTUBEGk35x-HlwY3AV87Fq5rRNT0U3B_hhE</con:value>
        </con:property>
        <con:property>
          <con:name>req_email</con:name>
          <con:value xsi:nil="true"/>
        </con:property>
      </con:properties>
      <con:returnProperties>
        <con:entry>res_inventoryRoleBiId</con:entry>
        <con:entry>res_inventoryRoleId</con:entry>
        <con:entry>res_placeId</con:entry>
        <con:entry>res_salesOrganisationExternalId</con:entry>
        <con:entry>res_salesOrgBiId</con:entry>
        <con:entry>res_salesOrgId</con:entry>
        <con:entry>res_soExtId</con:entry>
        <con:entry>res_terminalBiId</con:entry>
        <con:entry>res_terminalId</con:entry>
        <con:entry>res_userRoleBiId</con:entry>
        <con:entry>res_userRoleId</con:entry>
        <con:entry>userToken</con:entry>
        <con:entry>userIntToken</con:entry>
      </con:returnProperties>
      <con:runMode>PARALLELL</con:runMode>
    </con:config>
  </con:testStep>
  <con:testStep type="assertionteststep" name="Assertion create sales organization and user" id="835524de-1654-4659-a88f-755ce3d482df">
    <con:settings/>
    <con:config xsi:type="con:AssertionTestStep" xmlns:xsi="http://www.w3.org/2001/XMLSchema-instance">
      <con:entry>
        <con:id>8d525c52-4cca-453c-ab62-bc0559e41c33</con:id>
        <con:isGroup>false</con:isGroup>
        <con:sourceId>5bf10701-6639-4736-ae30-84d1a4d1ad88</con:sourceId>
        <con:propertyName>res_salesOrgId</con:propertyName>
        <con:assertion type="Simple Contains" name="Contains" id="0f356abe-34d3-4d53-8858-f559da669d89">
          <con:configuration>
            <token>\d+</token>
            <ignoreCase>false</ignoreCase>
            <useRegEx>true</useRegEx>
          </con:configuration>
        </con:assertion>
      </con:entry>
      <con:entry>
        <con:id>c43b2781-7651-4082-9202-a3676a772882</con:id>
        <con:isGroup>false</con:isGroup>
        <con:sourceId>5bf10701-6639-4736-ae30-84d1a4d1ad88</con:sourceId>
        <con:propertyName>res_userRoleId</con:propertyName>
        <con:assertion type="Simple Contains" name="Contains 2" id="9fe71eb1-b015-41bf-badf-b119f102357b">
          <con:configuration>
            <token>\d+</token>
            <ignoreCase>false</ignoreCase>
            <useRegEx>true</useRegEx>
          </con:configuration>
        </con:assertion>
      </con:entry>
      <con:entry>
        <con:id>d97e71cc-8847-4922-b7ef-de452bf44b86</con:id>
        <con:isGroup>false</con:isGroup>
        <con:sourceId>5bf10701-6639-4736-ae30-84d1a4d1ad88</con:sourceId>
        <con:propertyName>res_terminalId</con:propertyName>
        <con:assertion type="Simple Contains" name="Contains 3" id="fea3fcc6-8aaa-4407-a971-8d9c53b70329">
          <con:configuration>
            <token>\d+</token>
            <ignoreCase>false</ignoreCase>
            <useRegEx>true</useRegEx>
          </con:configuration>
        </con:assertion>
      </con:entry>
      <con:entry>
        <con:id>504b89d7-0810-4c56-b13c-6419ee5ad091</con:id>
        <con:isGroup>false</con:isGroup>
        <con:sourceId>5bf10701-6639-4736-ae30-84d1a4d1ad88</con:sourceId>
        <con:propertyName>res_inventoryRoleId</con:propertyName>
        <con:assertion type="Simple Contains" name="Contains 4" id="ec042070-113b-42db-96c0-1a8b41dd8063">
          <con:configuration>
            <token>\d+</token>
            <ignoreCase>false</ignoreCase>
            <useRegEx>true</useRegEx>
          </con:configuration>
        </con:assertion>
      </con:entry>
      <con:entry>
        <con:id>5c8d8c63-60cb-4596-941f-23e54539c41a</con:id>
        <con:isGroup>false</con:isGroup>
        <con:sourceId>5bf10701-6639-4736-ae30-84d1a4d1ad88</con:sourceId>
        <con:propertyName>res_placeId</con:propertyName>
        <con:assertion type="Simple Contains" name="Contains 5" id="64510aa1-422d-4a0d-a06f-697be585f9f5">
          <con:configuration>
            <token>\d+</token>
            <ignoreCase>false</ignoreCase>
            <useRegEx>true</useRegEx>
          </con:configuration>
        </con:assertion>
      </con:entry>
    </con:config>
  </con:testStep>
  <con:testStep type="transfer" name="Property Transfer entityIds" id="fddc6cb4-8f8c-404a-81e6-e62c19bcc244">
    <con:settings/>
    <con:config xsi:type="con:PropertyTransfersStep" xmlns:xsi="http://www.w3.org/2001/XMLSchema-instance">
      <con:transfers setNullOnMissingSource="true" transferTextContent="true" failOnError="true" ignoreEmpty="false" transferToAll="false" entitize="false" transferChildNodes="false">
        <con:name>soId</con:name>
        <con:sourceType>res_salesOrgId</con:sourceType>
        <con:sourceStep>Create sales organization and user</con:sourceStep>
        <con:sourcePath/>
        <con:targetType>soId</con:targetType>
        <con:targetStep>Given properties for the test steps</con:targetStep>
        <con:targetPath/>
        <con:upgraded>true</con:upgraded>
      </con:transfers>
      <con:transfers setNullOnMissingSource="true" transferTextContent="true" failOnError="true" ignoreEmpty="false" transferToAll="false" entitize="false" transferChildNodes="false">
        <con:name>inventoryId</con:name>
        <con:sourceType>res_inventoryRoleId</con:sourceType>
        <con:sourceStep>Create sales organization and user</con:sourceStep>
        <con:targetType>inventoryId</con:targetType>
        <con:targetStep>Given properties for the test steps</con:targetStep>
        <con:upgraded>true</con:upgraded>
      </con:transfers>
      <con:transfers setNullOnMissingSource="true" transferTextContent="true" failOnError="true" ignoreEmpty="false" transferToAll="false" entitize="false" transferChildNodes="false">
        <con:name>userId</con:name>
        <con:sourceType>res_userRoleId</con:sourceType>
        <con:sourceStep>Create sales organization and user</con:sourceStep>
        <con:targetType>userId</con:targetType>
        <con:targetStep>Given properties for the test steps</con:targetStep>
        <con:upgraded>true</con:upgraded>
      </con:transfers>
      <con:transfers setNullOnMissingSource="true" transferTextContent="true" failOnError="true" ignoreEmpty="false" transferToAll="false" entitize="false" transferChildNodes="false">
        <con:name>terminalId</con:name>
        <con:sourceType>res_terminalId</con:sourceType>
        <con:sourceStep>Create sales organization and user</con:sourceStep>
        <con:targetType>terminalId</con:targetType>
        <con:targetStep>Given properties for the test steps</con:targetStep>
        <con:upgraded>true</con:upgraded>
      </con:transfers>
      <con:transfers setNullOnMissingSource="true" transferTextContent="true" failOnError="true" ignoreEmpty="false" transferToAll="false" entitize="false" transferChildNodes="false">
        <con:name>placeId</con:name>
        <con:sourceType>res_placeId</con:sourceType>
        <con:sourceStep>Create sales organization and user</con:sourceStep>
        <con:targetType>placeId</con:targetType>
        <con:targetStep>Given properties for the test steps</con:targetStep>
        <con:upgraded>true</con:upgraded>
      </con:transfers>
    </con:config>
  </con:testStep>
  <con:testStep type="transfer" name="Set start session business interaction parameters" id="ca70be43-ca5c-4811-bd7b-ceef18bc1197">
    <con:settings/>
    <con:config xsi:type="con:PropertyTransfersStep" xmlns:xsi="http://www.w3.org/2001/XMLSchema-instance">
      <con:transfers setNullOnMissingSource="true" transferTextContent="true" failOnError="true" ignoreEmpty="false" transferToAll="false" entitize="false" transferChildNodes="false">
        <con:name>terminalId</con:name>
        <con:sourceType>res_terminalId</con:sourceType>
        <con:sourceStep>Create sales organization and user</con:sourceStep>
        <con:sourcePath/>
        <con:targetType>req_terminalId</con:targetType>
        <con:targetStep>Create and submit start session business interaction</con:targetStep>
        <con:targetPath/>
        <con:upgraded>true</con:upgraded>
      </con:transfers>
      <con:transfers setNullOnMissingSource="true" transferTextContent="true" failOnError="true" ignoreEmpty="false" transferToAll="false" entitize="false" transferChildNodes="false">
        <con:name>soId</con:name>
        <con:sourceType>res_salesOrgId</con:sourceType>
        <con:sourceStep>Create sales organization and user</con:sourceStep>
        <con:targetType>req_salesOrgRoleId</con:targetType>
        <con:targetStep>Create and submit start session business interaction</con:targetStep>
        <con:upgraded>true</con:upgraded>
      </con:transfers>
      <con:transfers setNullOnMissingSource="true" transferTextContent="true" failOnError="true" ignoreEmpty="false" transferToAll="false" entitize="false" transferChildNodes="false">
        <con:name>userId</con:name>
        <con:sourceType>res_userRoleId</con:sourceType>
        <con:sourceStep>Create sales organization and user</con:sourceStep>
        <con:targetType>req_userRoleId</con:targetType>
        <con:targetStep>Create and submit start session business interaction</con:targetStep>
        <con:upgraded>true</con:upgraded>
      </con:transfers>
    </con:config>
  </con:testStep>
  <con:testStep type="calltestcase" name="Create and submit start session business interaction" id="d326a372-c1cd-498f-ac7f-2a88723d5597">
    <con:settings/>
    <con:config xsi:type="con:RunTestCaseStep" xmlns:xsi="http://www.w3.org/2001/XMLSchema-instance">
      <con:targetTestCase>a8bc6612-7b48-44cc-84ed-0b76bc1c8f6d</con:targetTestCase>
      <con:properties>
        <con:property>
          <con:name>req_terminalId</con:name>
          <con:value>11</con:value>
        </con:property>
        <con:property>
          <con:name>req_userRoleId</con:name>
          <con:value>44</con:value>
        </con:property>
        <con:property>
          <con:name>req_salesOrgRoleId</con:name>
          <con:value>42</con:value>
        </con:property>
        <con:property>
          <con:name>res_biId</con:name>
          <con:value>1111</con:value>
        </con:property>
      </con:properties>
      <con:returnProperties>
        <con:entry>res_biId</con:entry>
      </con:returnProperties>
      <con:runMode>PARALLELL</con:runMode>
    </con:config>
  </con:testStep>
  <con:testStep type="assertionteststep" name="Assertion start session submitted successfully" id="bde9c35c-1731-4ba4-b8ed-6308899b25a7">
    <con:settings/>
    <con:config xsi:type="con:AssertionTestStep" xmlns:xsi="http://www.w3.org/2001/XMLSchema-instance">
      <con:entry>
        <con:id>67d7332c-660c-4a89-849c-a65d1c1e6a6d</con:id>
        <con:isGroup>false</con:isGroup>
        <con:sourceId>d326a372-c1cd-498f-ac7f-2a88723d5597</con:sourceId>
        <con:propertyName>res_biId</con:propertyName>
        <con:assertion type="Simple Contains" name="Contains" id="c3403a25-846b-47bb-ba43-e6faf03c2787">
          <con:configuration>
            <token>\d+</token>
            <ignoreCase>false</ignoreCase>
            <useRegEx>true</useRegEx>
          </con:configuration>
        </con:assertion>
      </con:entry>
    </con:config>
  </con:testStep>
  <con:testStep type="transfer" name="Set create stockIn interaction success" id="330b3fa0-6929-4c2e-bfdd-6b85105a134f">
    <con:settings/>
    <con:config xsi:type="con:PropertyTransfersStep" xmlns:xsi="http://www.w3.org/2001/XMLSchema-instance">
      <con:transfers setNullOnMissingSource="true" transferTextContent="true" failOnError="true" ignoreEmpty="false" transferToAll="false" entitize="false" transferChildNodes="false">
        <con:name>userId</con:name>
        <con:sourceType>userId</con:sourceType>
        <con:sourceStep>Given properties for the test steps</con:sourceStep>
        <con:sourcePath/>
        <con:targetType>req_userRoleId</con:targetType>
        <con:targetStep>Create stockIn interaction success</con:targetStep>
        <con:targetPath/>
        <con:upgraded>true</con:upgraded>
      </con:transfers>
      <con:transfers setNullOnMissingSource="true" transferTextContent="true" failOnError="true" ignoreEmpty="false" transferToAll="false" entitize="false" transferChildNodes="false">
        <con:name>soId</con:name>
        <con:sourceType>soId</con:sourceType>
        <con:sourceStep>Given properties for the test steps</con:sourceStep>
        <con:targetType>req_soRoleId</con:targetType>
        <con:targetStep>Create stockIn interaction success</con:targetStep>
        <con:upgraded>true</con:upgraded>
      </con:transfers>
      <con:transfers setNullOnMissingSource="true" transferTextContent="true" failOnError="true" ignoreEmpty="false" transferToAll="false" entitize="false" transferChildNodes="false">
        <con:name>biSpecCode</con:name>
        <con:sourceType>stockInBISpecCode</con:sourceType>
        <con:sourceStep>Given properties for the test steps</con:sourceStep>
        <con:targetType>req_biSpecCode</con:targetType>
        <con:targetStep>Create stockIn interaction success</con:targetStep>
        <con:upgraded>true</con:upgraded>
      </con:transfers>
    </con:config>
  </con:testStep>
  <con:testStep type="calltestcase" name="Create stockIn interaction success" id="48faa8f9-7062-4623-8c31-39f580de639b">
    <con:settings/>
    <con:config xsi:type="con:RunTestCaseStep" xmlns:xsi="http://www.w3.org/2001/XMLSchema-instance">
      <con:targetTestCase>bba3ce34-4cc5-41fb-98a0-894988e91181</con:targetTestCase>
      <con:properties>
        <con:property>
          <con:name>req_userRoleId</con:name>
          <con:value>44</con:value>
        </con:property>
        <con:property>
          <con:name>req_soRoleId</con:name>
          <con:value>42</con:value>
        </con:property>
        <con:property>
          <con:name>req_biSpecCode</con:name>
          <con:value>STCKINBISPEC</con:value>
        </con:property>
        <con:property>
          <con:name>res_biId</con:name>
          <con:value>1131</con:value>
        </con:property>
        <con:property>
          <con:name>res_code</con:name>
          <con:value>201</con:value>
        </con:property>
        <con:property>
          <con:name>res_errorMessage</con:name>
          <con:value xsi:nil="true"/>
        </con:property>
        <con:property>
          <con:name>res_httpStatus</con:name>
        </con:property>
      </con:properties>
      <con:returnProperties>
        <con:entry>res_biId</con:entry>
        <con:entry>res_code</con:entry>
        <con:entry>res_errorMessage</con:entry>
      </con:returnProperties>
      <con:runMode>PARALLELL</con:runMode>
    </con:config>
  </con:testStep>
  <con:testStep type="assertionteststep" name="Assertion create stockIn interaction" id="44f30b5c-0502-4173-8959-513fce8dedf6">
    <con:settings/>
    <con:config xsi:type="con:AssertionTestStep" xmlns:xsi="http://www.w3.org/2001/XMLSchema-instance">
      <con:entry>
        <con:id>4673cc32-6085-418b-bcdb-e24cfae292ee</con:id>
        <con:isGroup>false</con:isGroup>
        <con:sourceId>48faa8f9-7062-4623-8c31-39f580de639b</con:sourceId>
        <con:propertyName>res_biId</con:propertyName>
        <con:assertion type="Simple Contains" name="Contains" id="b210dbd3-6546-435a-bf61-799f99f1832e">
          <con:configuration>
            <token>\d+</token>
            <ignoreCase>false</ignoreCase>
            <useRegEx>true</useRegEx>
          </con:configuration>
        </con:assertion>
      </con:entry>
    </con:config>
  </con:testStep>
  <con:testStep type="transfer" name="Property Transfer for adding aggregated Item 2" id="493e3e78-2c8a-47e1-b0e6-529781bf7a8f">
    <con:settings/>
    <con:config xsi:type="con:PropertyTransfersStep" xmlns:xsi="http://www.w3.org/2001/XMLSchema-instance">
      <con:transfers setNullOnMissingSource="true" transferTextContent="true" failOnError="true" ignoreEmpty="false" transferToAll="false" entitize="false" transferChildNodes="false">
        <con:name>biId</con:name>
        <con:sourceType>res_biId</con:sourceType>
        <con:sourceStep>Create stockIn interaction success</con:sourceStep>
        <con:sourcePath/>
        <con:targetType>req_biId</con:targetType>
        <con:targetStep>Add Aggregated sim Item 2</con:targetStep>
        <con:targetPath/>
        <con:upgraded>true</con:upgraded>
      </con:transfers>
      <con:transfers setNullOnMissingSource="true" transferTextContent="true" failOnError="true" ignoreEmpty="false" transferToAll="false" entitize="false" transferChildNodes="false">
        <con:name>placeId</con:name>
        <con:sourceType>res_placeId</con:sourceType>
        <con:sourceStep>Create sales organization and user</con:sourceStep>
        <con:targetType>req_placeId</con:targetType>
        <con:targetStep>Add Aggregated sim Item 2</con:targetStep>
        <con:upgraded>true</con:upgraded>
      </con:transfers>
      <con:transfers setNullOnMissingSource="true" transferTextContent="true" failOnError="true" ignoreEmpty="false" transferToAll="false" entitize="false" transferChildNodes="false">
        <con:name>userId</con:name>
        <con:sourceType>res_userRoleId</con:sourceType>
        <con:sourceStep>Create sales organization and user</con:sourceStep>
        <con:targetType>req_userId</con:targetType>
        <con:targetStep>Add Aggregated sim Item 2</con:targetStep>
        <con:upgraded>true</con:upgraded>
      </con:transfers>
      <con:transfers setNullOnMissingSource="true" transferTextContent="true" failOnError="true" ignoreEmpty="false" transferToAll="false" entitize="false" transferChildNodes="false">
        <con:name>soId</con:name>
        <con:sourceType>res_salesOrgId</con:sourceType>
        <con:sourceStep>Create sales organization and user</con:sourceStep>
        <con:targetType>req_soId</con:targetType>
        <con:targetStep>Add Aggregated sim Item 2</con:targetStep>
        <con:upgraded>true</con:upgraded>
      </con:transfers>
    </con:config>
  </con:testStep>
  <con:testStep type="calltestcase" name="Add Aggregated sim Item 2" id="82923cd0-a76e-48f3-b3a0-505033958168">
    <con:settings/>
    <con:config xsi:type="con:RunTestCaseStep" xmlns:xsi="http://www.w3.org/2001/XMLSchema-instance">
      <con:targetTestCase>4174c50e-482c-468d-99de-45a57e0c462a</con:targetTestCase>
      <con:properties>
        <con:property>
          <con:name>req_biId</con:name>
          <con:value>1131</con:value>
        </con:property>
        <con:property>
          <con:name>req_placeId</con:name>
          <con:value>24</con:value>
        </con:property>
        <con:property>
          <con:name>req_userId</con:name>
          <con:value>44</con:value>
        </con:property>
        <con:property>
          <con:name>req_soId</con:name>
          <con:value>42</con:value>
        </con:property>
        <con:property>
          <con:name>res_code</con:name>
          <con:value xsi:nil="true"/>
        </con:property>
        <con:property>
          <con:name>res_errorMessage</con:name>
          <con:value xsi:nil="true"/>
        </con:property>
        <con:property>
          <con:name>res_id</con:name>
          <con:value>370</con:value>
        </con:property>
        <con:property>
          <con:name>res_status</con:name>
          <con:value>201</con:value>
        </con:property>
      </con:properties>
      <con:returnProperties>
        <con:entry>res_code</con:entry>
        <con:entry>res_errorMessage</con:entry>
        <con:entry>res_id</con:entry>
        <con:entry>res_status</con:entry>
      </con:returnProperties>
      <con:runMode>PARALLELL</con:runMode>
    </con:config>
  </con:testStep>
  <con:testStep type="assertionteststep" name="Assertion for adding aggregated item 2" id="4dfbdcb9-5a4c-4911-9ffb-4cb483110983">
    <con:settings/>
    <con:config xsi:type="con:AssertionTestStep" xmlns:xsi="http://www.w3.org/2001/XMLSchema-instance">
      <con:entry>
        <con:id>6f4b5eb3-a8cb-4fea-b8c7-1320fa69b7ac</con:id>
        <con:isGroup>false</con:isGroup>
        <con:sourceId>82923cd0-a76e-48f3-b3a0-505033958168</con:sourceId>
        <con:propertyName>res_id</con:propertyName>
        <con:assertion type="Simple Contains" name="Contains" id="bbdf532d-d909-47ec-b94c-73581c37518b">
          <con:configuration>
            <token>\d+</token>
            <ignoreCase>false</ignoreCase>
            <useRegEx>true</useRegEx>
          </con:configuration>
        </con:assertion>
      </con:entry>
      <con:entry>
        <con:id>f42dcad4-f005-4224-a964-a094804cc393</con:id>
        <con:isGroup>false</con:isGroup>
        <con:sourceId>82923cd0-a76e-48f3-b3a0-505033958168</con:sourceId>
        <con:propertyName>res_status</con:propertyName>
        <con:assertion type="Simple Equals" name="Equals" id="2bc176d5-eacf-4b73-b4e8-7a29095fb0b3">
          <con:configuration>
            <patternText>201</patternText>
            <caseSensitive>true</caseSensitive>
          </con:configuration>
        </con:assertion>
      </con:entry>
    </con:config>
  </con:testStep>
  <con:testStep type="transfer" name="Property Transfer for deleting aggregated item" id="13c80d2d-59b9-47bd-b685-30d528a5d62c">
    <con:settings/>
    <con:config xsi:type="con:PropertyTransfersStep" xmlns:xsi="http://www.w3.org/2001/XMLSchema-instance">
      <con:transfers setNullOnMissingSource="true" transferTextContent="true" failOnError="true" ignoreEmpty="false" transferToAll="false" entitize="false" transferChildNodes="false">
        <con:name>biId</con:name>
        <con:sourceType>res_biId</con:sourceType>
        <con:sourceStep>Create stockIn interaction success</con:sourceStep>
        <con:sourcePath/>
        <con:targetType>req_biId</con:targetType>
        <con:targetStep>Delete aggregated item</con:targetStep>
        <con:targetPath/>
        <con:upgraded>true</con:upgraded>
      </con:transfers>
      <con:transfers setNullOnMissingSource="true" transferTextContent="true" failOnError="true" ignoreEmpty="false" transferToAll="false" entitize="false" transferChildNodes="false">
        <con:name>aggregatedItemId</con:name>
        <con:sourceType>res_id</con:sourceType>
        <con:sourceStep>Add Aggregated sim Item 2</con:sourceStep>
        <con:targetType>req_aggregatedItemId</con:targetType>
        <con:targetStep>Delete aggregated item</con:targetStep>
        <con:upgraded>true</con:upgraded>
      </con:transfers>
    </con:config>
  </con:testStep>
  <con:testStep type="calltestcase" name="Delete aggregated item" id="241ac8ab-396b-41ae-b179-f5d2ff6e7c52">
    <con:settings/>
    <con:config xsi:type="con:RunTestCaseStep" xmlns:xsi="http://www.w3.org/2001/XMLSchema-instance">
      <con:targetTestCase>ec821b9d-54f9-4175-a6a8-06ae1059cba7</con:targetTestCase>
      <con:properties>
        <con:property>
          <con:name>req_biId</con:name>
          <con:value>1131</con:value>
        </con:property>
        <con:property>
          <con:name>req_aggregatedItemId</con:name>
          <con:value>370</con:value>
        </con:property>
        <con:property>
          <con:name>res_status</con:name>
          <con:value>200</con:value>
        </con:property>
        <con:property>
          <con:name>res_response</con:name>
          <con:value>370</con:value>
        </con:property>
        <con:property>
          <con:name>res_code</con:name>
          <con:value/>
        </con:property>
      </con:properties>
      <con:returnProperties>
        <con:entry>res_status</con:entry>
        <con:entry>res_response</con:entry>
        <con:entry>res_code</con:entry>
      </con:returnProperties>
      <con:runMode>PARALLELL</con:runMode>
    </con:config>
  </con:testStep>
  <con:testStep type="assertionteststep" name="Assertion for delete aggregated item" id="1706ce22-202c-4945-aa72-b2cd417f18f7">
    <con:settings/>
    <con:config xsi:type="con:AssertionTestStep" xmlns:xsi="http://www.w3.org/2001/XMLSchema-instance">
      <con:entry>
        <con:id>aac56392-fcbf-40d2-9c99-961f1e4336bd</con:id>
        <con:isGroup>false</con:isGroup>
        <con:sourceId>241ac8ab-396b-41ae-b179-f5d2ff6e7c52</con:sourceId>
        <con:propertyName>res_status</con:propertyName>
        <con:assertion type="Simple Equals" name="Equals" id="30ff0861-549e-4729-a525-4062722d68bc">
          <con:configuration>
            <patternText>200</patternText>
            <caseSensitive>true</caseSensitive>
          </con:configuration>
        </con:assertion>
      </con:entry>
      <con:entry>
        <con:id>a71dc804-9c27-4887-9917-dc013c393e8e</con:id>
        <con:isGroup>false</con:isGroup>
        <con:sourceId>241ac8ab-396b-41ae-b179-f5d2ff6e7c52</con:sourceId>
        <con:propertyName>req_aggregatedItemId</con:propertyName>
        <con:assertion type="Simple Equals" name="Equals 2" id="ced8d677-1fdf-407a-b697-c1747c6aed9f">
          <con:configuration>
            <patternObjectId>241ac8ab-396b-41ae-b179-f5d2ff6e7c52</patternObjectId>
            <patternProperty>res_response</patternProperty>
            <caseSensitive>true</caseSensitive>
          </con:configuration>
        </con:assertion>
      </con:entry>
    </con:config>
  </con:testStep>
  <con:testStep type="transfer" name="Property Transfer for adding aggregated Item" id="d2c25492-e428-4e65-8f2b-8d1b53e07ca8">
    <con:settings/>
    <con:config xsi:type="con:PropertyTransfersStep" xmlns:xsi="http://www.w3.org/2001/XMLSchema-instance">
      <con:transfers setNullOnMissingSource="true" transferTextContent="true" failOnError="true" ignoreEmpty="false" transferToAll="false" entitize="false" transferChildNodes="false">
        <con:name>biId</con:name>
        <con:sourceType>res_biId</con:sourceType>
        <con:sourceStep>Create stockIn interaction success</con:sourceStep>
        <con:sourcePath/>
        <con:targetType>req_biId</con:targetType>
        <con:targetStep>Add Aggregated sim Item</con:targetStep>
        <con:targetPath/>
        <con:upgraded>true</con:upgraded>
      </con:transfers>
      <con:transfers setNullOnMissingSource="true" transferTextContent="true" failOnError="true" ignoreEmpty="false" transferToAll="false" entitize="false" transferChildNodes="false">
        <con:name>placeId</con:name>
        <con:sourceType>res_placeId</con:sourceType>
        <con:sourceStep>Create sales organization and user</con:sourceStep>
        <con:targetType>req_placeId</con:targetType>
        <con:targetStep>Add Aggregated sim Item</con:targetStep>
        <con:upgraded>true</con:upgraded>
      </con:transfers>
      <con:transfers setNullOnMissingSource="true" transferTextContent="true" failOnError="true" ignoreEmpty="false" transferToAll="false" entitize="false" transferChildNodes="false">
        <con:name>userId</con:name>
        <con:sourceType>res_userRoleId</con:sourceType>
        <con:sourceStep>Create sales organization and user</con:sourceStep>
        <con:targetType>req_userId</con:targetType>
        <con:targetStep>Add Aggregated sim Item</con:targetStep>
        <con:upgraded>true</con:upgraded>
      </con:transfers>
      <con:transfers setNullOnMissingSource="true" transferTextContent="true" failOnError="true" ignoreEmpty="false" transferToAll="false" entitize="false" transferChildNodes="false">
        <con:name>soId</con:name>
        <con:sourceType>res_salesOrgId</con:sourceType>
        <con:sourceStep>Create sales organization and user</con:sourceStep>
        <con:targetType>req_soId</con:targetType>
        <con:targetStep>Add Aggregated sim Item</con:targetStep>
        <con:upgraded>true</con:upgraded>
      </con:transfers>
    </con:config>
  </con:testStep>
  <con:testStep type="calltestcase" name="Add Aggregated sim Item" id="d4172eb6-359e-4561-9ade-65491c2ce15a">
    <con:settings/>
    <con:config xsi:type="con:RunTestCaseStep" xmlns:xsi="http://www.w3.org/2001/XMLSchema-instance">
      <con:targetTestCase>4174c50e-482c-468d-99de-45a57e0c462a</con:targetTestCase>
      <con:properties>
        <con:property>
          <con:name>req_biId</con:name>
          <con:value>1131</con:value>
        </con:property>
        <con:property>
          <con:name>req_placeId</con:name>
          <con:value>24</con:value>
        </con:property>
        <con:property>
          <con:name>req_userId</con:name>
          <con:value>44</con:value>
        </con:property>
        <con:property>
          <con:name>req_soId</con:name>
          <con:value>42</con:value>
        </con:property>
        <con:property>
          <con:name>res_code</con:name>
          <con:value xsi:nil="true"/>
        </con:property>
        <con:property>
          <con:name>res_errorMessage</con:name>
          <con:value xsi:nil="true"/>
        </con:property>
        <con:property>
          <con:name>res_id</con:name>
          <con:value>371</con:value>
        </con:property>
        <con:property>
          <con:name>res_status</con:name>
          <con:value>201</con:value>
        </con:property>
      </con:properties>
      <con:returnProperties>
        <con:entry>res_code</con:entry>
        <con:entry>res_errorMessage</con:entry>
        <con:entry>res_id</con:entry>
        <con:entry>res_status</con:entry>
      </con:returnProperties>
      <con:runMode>PARALLELL</con:runMode>
    </con:config>
  </con:testStep>
  <con:testStep type="assertionteststep" name="Assertion for adding aggregated sim item" id="0a5500f7-538a-47b4-abf0-cd334b947c67">
    <con:settings/>
    <con:config xsi:type="con:AssertionTestStep" xmlns:xsi="http://www.w3.org/2001/XMLSchema-instance">
      <con:entry>
        <con:id>00f76d27-b006-4b22-b417-210f5933039d</con:id>
        <con:isGroup>false</con:isGroup>
        <con:sourceId>d4172eb6-359e-4561-9ade-65491c2ce15a</con:sourceId>
        <con:propertyName>res_id</con:propertyName>
        <con:assertion type="Simple Contains" name="Contains" id="9b95f816-69fa-4256-bdd9-040c8eaf06a9">
          <con:configuration>
            <token>\d+</token>
            <ignoreCase>false</ignoreCase>
            <useRegEx>true</useRegEx>
          </con:configuration>
        </con:assertion>
      </con:entry>
      <con:entry>
        <con:id>590f8f33-9009-4f50-8102-0d4a8b954a98</con:id>
        <con:isGroup>false</con:isGroup>
        <con:sourceId>d4172eb6-359e-4561-9ade-65491c2ce15a</con:sourceId>
        <con:propertyName>res_status</con:propertyName>
        <con:assertion type="Simple Equals" name="Equals" id="c53b7452-f443-400a-b3af-8312ae5f6f8a">
          <con:configuration>
            <patternText>201</patternText>
            <caseSensitive>true</caseSensitive>
          </con:configuration>
        </con:assertion>
      </con:entry>
    </con:config>
  </con:testStep>
  <con:testStep type="transfer" name="Property Transfer for update Requested Quantity" id="d9766315-e70c-4e6d-8f2f-8595fd17aca4">
    <con:settings/>
    <con:config xsi:type="con:PropertyTransfersStep" xmlns:xsi="http://www.w3.org/2001/XMLSchema-instance">
      <con:transfers setNullOnMissingSource="true" transferTextContent="true" failOnError="true" ignoreEmpty="false" transferToAll="false" entitize="false" transferChildNodes="false">
        <con:name>aggregatedItemId</con:name>
        <con:sourceType>res_id</con:sourceType>
        <con:sourceStep>Add Aggregated sim Item</con:sourceStep>
        <con:sourcePath/>
        <con:targetType>req_aggregatedItemId</con:targetType>
        <con:targetStep>Update Requested Quantity</con:targetStep>
        <con:targetPath/>
        <con:upgraded>true</con:upgraded>
      </con:transfers>
      <con:transfers setNullOnMissingSource="true" transferTextContent="true" failOnError="true" ignoreEmpty="false" transferToAll="false" entitize="false" transferChildNodes="false">
        <con:name>quantity</con:name>
        <con:sourceType>quantityTwo</con:sourceType>
        <con:sourceStep>Given properties for the test steps</con:sourceStep>
        <con:targetType>req_requestedQuantity</con:targetType>
        <con:targetStep>Update Requested Quantity</con:targetStep>
        <con:upgraded>true</con:upgraded>
      </con:transfers>
      <con:transfers setNullOnMissingSource="true" transferTextContent="true" failOnError="true" ignoreEmpty="false" transferToAll="false" entitize="false" transferChildNodes="false">
        <con:name>userId</con:name>
        <con:sourceType>res_userRoleId</con:sourceType>
        <con:sourceStep>Create sales organization and user</con:sourceStep>
        <con:targetType>req_userRoleId</con:targetType>
        <con:targetStep>Update Requested Quantity</con:targetStep>
        <con:upgraded>true</con:upgraded>
      </con:transfers>
      <con:transfers setNullOnMissingSource="true" transferTextContent="true" failOnError="true" ignoreEmpty="false" transferToAll="false" entitize="false" transferChildNodes="false">
        <con:name>soId</con:name>
        <con:sourceType>res_salesOrgId</con:sourceType>
        <con:sourceStep>Create sales organization and user</con:sourceStep>
        <con:targetType>req_soId</con:targetType>
        <con:targetStep>Update Requested Quantity</con:targetStep>
        <con:upgraded>true</con:upgraded>
      </con:transfers>
      <con:transfers setNullOnMissingSource="true" transferTextContent="true" failOnError="true" ignoreEmpty="false" transferToAll="false" entitize="false" transferChildNodes="false">
        <con:name>biId</con:name>
        <con:sourceType>res_biId</con:sourceType>
        <con:sourceStep>Create stockIn interaction success</con:sourceStep>
        <con:targetType>req_biId</con:targetType>
        <con:targetStep>Update Requested Quantity</con:targetStep>
        <con:upgraded>true</con:upgraded>
      </con:transfers>
    </con:config>
  </con:testStep>
  <con:testStep type="calltestcase" name="Update Requested Quantity" id="80193474-f0f8-4693-ab88-61abb9949ffa">
    <con:settings/>
    <con:config xsi:type="con:RunTestCaseStep" xmlns:xsi="http://www.w3.org/2001/XMLSchema-instance">
      <con:targetTestCase>8bcb89dc-056f-4fbd-842a-24764b105c40</con:targetTestCase>
      <con:properties>
        <con:property>
          <con:name>req_aggregatedItemId</con:name>
          <con:value>371</con:value>
        </con:property>
        <con:property>
          <con:name>req_requestedQuantity</con:name>
          <con:value>2</con:value>
        </con:property>
        <con:property>
          <con:name>req_userRoleId</con:name>
          <con:value>44</con:value>
        </con:property>
        <con:property>
          <con:name>req_soId</con:name>
          <con:value>42</con:value>
        </con:property>
        <con:property>
          <con:name>req_biId</con:name>
          <con:value>1131</con:value>
        </con:property>
        <con:property>
          <con:name>res_status</con:name>
          <con:value>200</con:value>
        </con:property>
        <con:property>
          <con:name>res_code</con:name>
          <con:value/>
        </con:property>
        <con:property>
          <con:name>res_errorMessage</con:name>
          <con:value/>
        </con:property>
        <con:property>
          <con:name>res_response</con:name>
          <con:value>371</con:value>
        </con:property>
      </con:properties>
      <con:returnProperties>
        <con:entry>res_status</con:entry>
        <con:entry>res_code</con:entry>
        <con:entry>res_errorMessage</con:entry>
        <con:entry>res_response</con:entry>
      </con:returnProperties>
      <con:runMode>PARALLELL</con:runMode>
    </con:config>
  </con:testStep>
  <con:testStep type="assertionteststep" name="Assertion for updating reserved quantity to 2" id="1109a2a7-fa32-4ca2-ad68-12f037b09a79">
    <con:settings/>
    <con:config xsi:type="con:AssertionTestStep" xmlns:xsi="http://www.w3.org/2001/XMLSchema-instance">
      <con:entry>
        <con:id>55846ed8-a854-483b-908b-75e7ea01d639</con:id>
        <con:isGroup>false</con:isGroup>
        <con:sourceId>80193474-f0f8-4693-ab88-61abb9949ffa</con:sourceId>
        <con:propertyName>req_aggregatedItemId</con:propertyName>
        <con:assertion type="Simple Equals" name="Equals" id="05cc3a0c-307b-4708-a0e7-5c585be7e5fa">
          <con:configuration>
            <patternObjectId>80193474-f0f8-4693-ab88-61abb9949ffa</patternObjectId>
            <patternProperty>res_response</patternProperty>
            <caseSensitive>true</caseSensitive>
          </con:configuration>
        </con:assertion>
      </con:entry>
      <con:entry>
        <con:id>737d1454-2fde-4d08-8b3c-c8c05ee1cbf6</con:id>
        <con:isGroup>false</con:isGroup>
        <con:sourceId>80193474-f0f8-4693-ab88-61abb9949ffa</con:sourceId>
        <con:propertyName>res_status</con:propertyName>
        <con:assertion type="Simple Equals" name="Equals 2" id="909e7764-7cd1-4e58-8126-a982fb3f9569">
          <con:configuration>
            <patternText>200</patternText>
            <caseSensitive>true</caseSensitive>
          </con:configuration>
        </con:assertion>
      </con:entry>
    </con:config>
  </con:testStep>
  <con:testStep type="transfer" name="Property Transfer for update Requested Quantity to 1" id="086d2b77-d2dc-4a4e-a5b0-7971fb5ffb39">
    <con:settings/>
    <con:config xsi:type="con:PropertyTransfersStep" xmlns:xsi="http://www.w3.org/2001/XMLSchema-instance">
      <con:transfers setNullOnMissingSource="true" transferTextContent="true" failOnError="true" ignoreEmpty="false" transferToAll="false" entitize="false" transferChildNodes="false">
        <con:name>aggregatedItemId</con:name>
        <con:sourceType>res_id</con:sourceType>
        <con:sourceStep>Add Aggregated sim Item</con:sourceStep>
        <con:sourcePath/>
        <con:targetType>req_aggregatedItemId</con:targetType>
        <con:targetStep>Update Requested Quantity to 1</con:targetStep>
        <con:targetPath/>
        <con:upgraded>true</con:upgraded>
      </con:transfers>
      <con:transfers setNullOnMissingSource="true" transferTextContent="true" failOnError="true" ignoreEmpty="false" transferToAll="false" entitize="false" transferChildNodes="false">
        <con:name>quantity</con:name>
        <con:sourceType>quantityOne</con:sourceType>
        <con:sourceStep>Given properties for the test steps</con:sourceStep>
        <con:targetType>req_requestedQuantity</con:targetType>
        <con:targetStep>Update Requested Quantity to 1</con:targetStep>
        <con:upgraded>true</con:upgraded>
      </con:transfers>
      <con:transfers setNullOnMissingSource="true" transferTextContent="true" failOnError="true" ignoreEmpty="false" transferToAll="false" entitize="false" transferChildNodes="false">
        <con:name>userId</con:name>
        <con:sourceType>res_userRoleId</con:sourceType>
        <con:sourceStep>Create sales organization and user</con:sourceStep>
        <con:targetType>req_userRoleId</con:targetType>
        <con:targetStep>Update Requested Quantity to 1</con:targetStep>
        <con:upgraded>true</con:upgraded>
      </con:transfers>
      <con:transfers setNullOnMissingSource="true" transferTextContent="true" failOnError="true" ignoreEmpty="false" transferToAll="false" entitize="false" transferChildNodes="false">
        <con:name>soId</con:name>
        <con:sourceType>res_salesOrgId</con:sourceType>
        <con:sourceStep>Create sales organization and user</con:sourceStep>
        <con:targetType>req_soId</con:targetType>
        <con:targetStep>Update Requested Quantity to 1</con:targetStep>
        <con:upgraded>true</con:upgraded>
      </con:transfers>
      <con:transfers setNullOnMissingSource="true" transferTextContent="true" failOnError="true" ignoreEmpty="false" transferToAll="false" entitize="false" transferChildNodes="false">
        <con:name>biId</con:name>
        <con:sourceType>res_biId</con:sourceType>
        <con:sourceStep>Create stockIn interaction success</con:sourceStep>
        <con:targetType>req_biId</con:targetType>
        <con:targetStep>Update Requested Quantity to 1</con:targetStep>
        <con:upgraded>true</con:upgraded>
      </con:transfers>
    </con:config>
  </con:testStep>
  <con:testStep type="calltestcase" name="Update Requested Quantity to 1" id="395e9990-6ec4-48d7-b69a-163f7bfe2b6f">
    <con:settings/>
    <con:config xsi:type="con:RunTestCaseStep" xmlns:xsi="http://www.w3.org/2001/XMLSchema-instance">
      <con:targetTestCase>8bcb89dc-056f-4fbd-842a-24764b105c40</con:targetTestCase>
      <con:properties>
        <con:property>
          <con:name>req_aggregatedItemId</con:name>
          <con:value>371</con:value>
        </con:property>
        <con:property>
          <con:name>req_requestedQuantity</con:name>
          <con:value>1</con:value>
        </con:property>
        <con:property>
          <con:name>req_userRoleId</con:name>
          <con:value>44</con:value>
        </con:property>
        <con:property>
          <con:name>req_soId</con:name>
          <con:value>42</con:value>
        </con:property>
        <con:property>
          <con:name>req_biId</con:name>
          <con:value>1131</con:value>
        </con:property>
        <con:property>
          <con:name>res_status</con:name>
          <con:value>200</con:value>
        </con:property>
        <con:property>
          <con:name>res_code</con:name>
          <con:value/>
        </con:property>
        <con:property>
          <con:name>res_errorMessage</con:name>
          <con:value/>
        </con:property>
        <con:property>
          <con:name>res_response</con:name>
          <con:value>371</con:value>
        </con:property>
      </con:properties>
      <con:returnProperties>
        <con:entry>res_status</con:entry>
        <con:entry>res_code</con:entry>
        <con:entry>res_errorMessage</con:entry>
        <con:entry>res_response</con:entry>
      </con:returnProperties>
      <con:runMode>PARALLELL</con:runMode>
    </con:config>
  </con:testStep>
  <con:testStep type="assertionteststep" name="Assertion for updating requested quantity to 1" id="e228ff58-a3a1-4b53-a9cd-eb2df766ac77">
    <con:settings/>
    <con:config xsi:type="con:AssertionTestStep" xmlns:xsi="http://www.w3.org/2001/XMLSchema-instance">
      <con:entry>
        <con:id>0e1e3aab-5a3f-4da3-b52a-ac7f66652050</con:id>
        <con:isGroup>false</con:isGroup>
        <con:sourceId>395e9990-6ec4-48d7-b69a-163f7bfe2b6f</con:sourceId>
        <con:propertyName>res_status</con:propertyName>
        <con:assertion type="Simple Equals" name="Equals" id="6d8e1c40-c5f8-46d9-9efe-23188f9efaa8">
          <con:configuration>
            <patternText>200</patternText>
            <caseSensitive>true</caseSensitive>
          </con:configuration>
        </con:assertion>
      </con:entry>
      <con:entry>
        <con:id>56663176-03aa-4a72-880c-a2d906de36f7</con:id>
        <con:isGroup>false</con:isGroup>
        <con:sourceId>395e9990-6ec4-48d7-b69a-163f7bfe2b6f</con:sourceId>
        <con:propertyName>res_response</con:propertyName>
        <con:assertion type="Simple Contains" name="Contains" id="61efe4e4-eb0a-471f-bcf1-c5482cbc7930">
          <con:configuration>
            <token>\d+</token>
            <ignoreCase>false</ignoreCase>
            <useRegEx>true</useRegEx>
          </con:configuration>
        </con:assertion>
      </con:entry>
    </con:config>
  </con:testStep>
  <con:testStep type="transfer" name="Property Transfer for submit stockIn" id="172d8e28-e874-43d1-9573-e646abec1abd">
    <con:settings/>
    <con:config xsi:type="con:PropertyTransfersStep" xmlns:xsi="http://www.w3.org/2001/XMLSchema-instance">
      <con:transfers setNullOnMissingSource="true" transferTextContent="true" failOnError="true" ignoreEmpty="false" transferToAll="false" entitize="false" transferChildNodes="false">
        <con:name>biId</con:name>
        <con:sourceType>res_biId</con:sourceType>
        <con:sourceStep>Create stockIn interaction success</con:sourceStep>
        <con:sourcePath/>
        <con:targetType>req_biId</con:targetType>
        <con:targetStep>Submit stockIn</con:targetStep>
        <con:targetPath/>
        <con:upgraded>true</con:upgraded>
      </con:transfers>
    </con:config>
  </con:testStep>
  <con:testStep type="calltestcase" name="Submit stockIn" id="c85040ae-3e35-476b-bf75-9a2529d3828f">
    <con:settings/>
    <con:config xsi:type="con:RunTestCaseStep" xmlns:xsi="http://www.w3.org/2001/XMLSchema-instance">
      <con:targetTestCase>c6afe465-b867-4e9f-9e55-596671d41d0a</con:targetTestCase>
      <con:properties>
        <con:property>
          <con:name>req_biId</con:name>
          <con:value>1131</con:value>
        </con:property>
        <con:property>
          <con:name>res_biId</con:name>
          <con:value>1131</con:value>
        </con:property>
        <con:property>
          <con:name>res_code</con:name>
          <con:value xsi:nil="true"/>
        </con:property>
        <con:property>
          <con:name>res_errorMessage</con:name>
          <con:value xsi:nil="true"/>
        </con:property>
        <con:property>
          <con:name>res_httpStatusCode</con:name>
          <con:value>200</con:value>
        </con:property>
      </con:properties>
      <con:returnProperties>
        <con:entry>res_biId</con:entry>
        <con:entry>res_code</con:entry>
        <con:entry>res_errorMessage</con:entry>
        <con:entry>res_httpStatusCode</con:entry>
      </con:returnProperties>
      <con:runMode>PARALLELL</con:runMode>
    </con:config>
  </con:testStep>
  <con:testStep type="assertionteststep" name="Assertion for submitting stockIn" id="2f6dfa1b-706f-4ed0-85da-34a17afd2e33">
    <con:settings/>
    <con:config xsi:type="con:AssertionTestStep" xmlns:xsi="http://www.w3.org/2001/XMLSchema-instance">
      <con:entry>
        <con:id>b2c46e35-c3b7-4e86-91d3-e19f223fbfc3</con:id>
        <con:isGroup>false</con:isGroup>
        <con:sourceId>c85040ae-3e35-476b-bf75-9a2529d3828f</con:sourceId>
        <con:propertyName>req_biId</con:propertyName>
        <con:assertion type="Simple Equals" name="Equals" id="fc03cad1-0b15-4f3e-9e39-d79468663b4f">
          <con:configuration>
            <patternObjectId>c85040ae-3e35-476b-bf75-9a2529d3828f</patternObjectId>
            <patternProperty>res_biId</patternProperty>
            <caseSensitive>true</caseSensitive>
          </con:configuration>
        </con:assertion>
      </con:entry>
      <con:entry>
        <con:id>c86ef1be-1cb5-4911-95d6-fa5bc1fcb80b</con:id>
        <con:isGroup>false</con:isGroup>
        <con:sourceId>c85040ae-3e35-476b-bf75-9a2529d3828f</con:sourceId>
        <con:propertyName>res_httpStatusCode</con:propertyName>
        <con:assertion type="Simple Equals" name="Equals 2" id="2ba53f86-af01-4feb-bd27-c5fe0f45f8fe">
          <con:configuration>
            <patternText>200</patternText>
            <caseSensitive>true</caseSensitive>
          </con:configuration>
        </con:assertion>
      </con:entry>
    </con:config>
  </con:testStep>
  <con:testStep type="transfer" name="Property Transfer for update Requested Quantity 2" id="80de8727-2f5f-4d25-b1e2-b3b1df681165">
    <con:settings/>
    <con:config xsi:type="con:PropertyTransfersStep" xmlns:xsi="http://www.w3.org/2001/XMLSchema-instance">
      <con:transfers setNullOnMissingSource="true" transferTextContent="true" failOnError="true" ignoreEmpty="false" transferToAll="false" entitize="false" transferChildNodes="false">
        <con:name>aggregatedItemId</con:name>
        <con:sourceType>res_id</con:sourceType>
        <con:sourceStep>Add Aggregated sim Item</con:sourceStep>
        <con:sourcePath/>
        <con:targetType>req_aggregatedItemId</con:targetType>
        <con:targetStep>Update Requested Quantity 2</con:targetStep>
        <con:targetPath/>
        <con:upgraded>true</con:upgraded>
      </con:transfers>
      <con:transfers setNullOnMissingSource="true" transferTextContent="true" failOnError="true" ignoreEmpty="false" transferToAll="false" entitize="false" transferChildNodes="false">
        <con:name>quantity</con:name>
        <con:sourceType>quantityOne</con:sourceType>
        <con:sourceStep>Given properties for the test steps</con:sourceStep>
        <con:targetType>req_requestedQuantity</con:targetType>
        <con:targetStep>Update Requested Quantity 2</con:targetStep>
        <con:upgraded>true</con:upgraded>
      </con:transfers>
      <con:transfers setNullOnMissingSource="true" transferTextContent="true" failOnError="true" ignoreEmpty="false" transferToAll="false" entitize="false" transferChildNodes="false">
        <con:name>userId</con:name>
        <con:sourceType>res_userRoleId</con:sourceType>
        <con:sourceStep>Create sales organization and user</con:sourceStep>
        <con:targetType>req_userRoleId</con:targetType>
        <con:targetStep>Update Requested Quantity 2</con:targetStep>
        <con:upgraded>true</con:upgraded>
      </con:transfers>
      <con:transfers setNullOnMissingSource="true" transferTextContent="true" failOnError="true" ignoreEmpty="false" transferToAll="false" entitize="false" transferChildNodes="false">
        <con:name>soId</con:name>
        <con:sourceType>res_salesOrgId</con:sourceType>
        <con:sourceStep>Create sales organization and user</con:sourceStep>
        <con:targetType>req_soId</con:targetType>
        <con:targetStep>Update Requested Quantity 2</con:targetStep>
        <con:upgraded>true</con:upgraded>
      </con:transfers>
      <con:transfers setNullOnMissingSource="true" transferTextContent="true" failOnError="true" ignoreEmpty="false" transferToAll="false" entitize="false" transferChildNodes="false">
        <con:name>biId</con:name>
        <con:sourceType>res_biId</con:sourceType>
        <con:sourceStep>Create stockIn interaction success</con:sourceStep>
        <con:targetType>req_biId</con:targetType>
        <con:targetStep>Update Requested Quantity 2</con:targetStep>
        <con:upgraded>true</con:upgraded>
      </con:transfers>
    </con:config>
  </con:testStep>
  <con:testStep type="calltestcase" name="Update Requested Quantity 2" id="2f25f30a-3a6c-4602-ab45-0a4b2def2f7f">
    <con:settings/>
    <con:config xsi:type="con:RunTestCaseStep" xmlns:xsi="http://www.w3.org/2001/XMLSchema-instance">
      <con:targetTestCase>8bcb89dc-056f-4fbd-842a-24764b105c40</con:targetTestCase>
      <con:properties>
        <con:property>
          <con:name>req_aggregatedItemId</con:name>
          <con:value>371</con:value>
        </con:property>
        <con:property>
          <con:name>req_requestedQuantity</con:name>
          <con:value>1</con:value>
        </con:property>
        <con:property>
          <con:name>req_userRoleId</con:name>
          <con:value>44</con:value>
        </con:property>
        <con:property>
          <con:name>req_soId</con:name>
          <con:value>42</con:value>
        </con:property>
        <con:property>
          <con:name>req_biId</con:name>
          <con:value>1131</con:value>
        </con:property>
        <con:property>
          <con:name>res_status</con:name>
          <con:value>400</con:value>
        </con:property>
        <con:property>
          <con:name>res_code</con:name>
          <con:value>BI_MUST_BE_IN_DRAFT_STATE</con:value>
        </con:property>
        <con:property>
          <con:name>res_errorMessage</con:name>
          <con:value>BI_MUST_BE_IN_DRAFT_STATE</con:value>
        </con:property>
        <con:property>
          <con:name>res_response</con:name>
          <con:value>{"code":"BI_MUST_BE_IN_DRAFT_STATE","description":"BI with id 1131 must be in the draft state.","errorDetails":"BI with id 1131 must be in the draft state.","errorMessage":"BI_MUST_BE_IN_DRAFT_STATE","httpStatusCode":"BI_MUST_BE_IN_DRAFT_STATE","httpStatusCodeDescription":"BI with id 1131 must be in the draft state."}</con:value>
        </con:property>
      </con:properties>
      <con:returnProperties>
        <con:entry>res_status</con:entry>
        <con:entry>res_code</con:entry>
        <con:entry>res_errorMessage</con:entry>
        <con:entry>res_response</con:entry>
      </con:returnProperties>
      <con:runMode>PARALLELL</con:runMode>
    </con:config>
  </con:testStep>
  <con:testStep type="assertionteststep" name="Assertion for updating requested quantity" id="55b2f7fc-bc5d-4e34-8348-0731bc4cc13b">
    <con:settings/>
    <con:config xsi:type="con:AssertionTestStep" xmlns:xsi="http://www.w3.org/2001/XMLSchema-instance">
      <con:entry>
        <con:id>fdf50119-6780-4f4a-bf88-964ac3d4e65a</con:id>
        <con:isGroup>false</con:isGroup>
        <con:sourceId>2f25f30a-3a6c-4602-ab45-0a4b2def2f7f</con:sourceId>
        <con:propertyName>req_aggregatedItemId</con:propertyName>
        <con:assertion type="Simple Equals" name="Equals" id="edd4abbe-88ee-476d-b704-e9d7c31353c1" disabled="true">
          <con:configuration>
            <patternObjectId>2f25f30a-3a6c-4602-ab45-0a4b2def2f7f</patternObjectId>
            <patternProperty>res_response</patternProperty>
            <caseSensitive>true</caseSensitive>
          </con:configuration>
        </con:assertion>
      </con:entry>
      <con:entry>
        <con:id>32901768-a1e0-4b17-adf0-8f7f4c67ef63</con:id>
        <con:isGroup>false</con:isGroup>
        <con:sourceId>2f25f30a-3a6c-4602-ab45-0a4b2def2f7f</con:sourceId>
        <con:propertyName>res_status</con:propertyName>
        <con:assertion type="Simple Equals" name="Equals 2" id="67833405-e801-423a-bfce-cb2fcc2c5aa9">
          <con:configuration>
            <patternText>400</patternText>
            <caseSensitive>true</caseSensitive>
          </con:configuration>
        </con:assertion>
      </con:entry>
      <con:entry>
        <con:id>2a6958d3-d35b-41fc-b6ce-e124f6f94be0</con:id>
        <con:isGroup>false</con:isGroup>
        <con:sourceId>2f25f30a-3a6c-4602-ab45-0a4b2def2f7f</con:sourceId>
        <con:propertyName>res_errorMessage</con:propertyName>
        <con:assertion type="Simple Equals" name="Equals 3" id="1f83bd10-5f61-4f60-92b2-e51b4b0ac0e6">
          <con:configuration>
            <patternText>BI_MUST_BE_IN_DRAFT_STATE</patternText>
            <caseSensitive>true</caseSensitive>
          </con:configuration>
        </con:assertion>
      </con:entry>
    </con:config>
  </con:testStep>
  <con:testStep type="transfer" name="Property Transfer for add sim serial" id="35aed1e3-f5d9-4b18-a537-859eb0b96195">
    <con:settings/>
    <con:config xsi:type="con:PropertyTransfersStep" xmlns:xsi="http://www.w3.org/2001/XMLSchema-instance">
      <con:transfers setNullOnMissingSource="true" transferTextContent="true" failOnError="true" ignoreEmpty="false" transferToAll="false" entitize="false" transferChildNodes="false">
        <con:name>startSerial</con:name>
        <con:sourceType>startSerial</con:sourceType>
        <con:sourceStep>DataGen startSerial</con:sourceStep>
        <con:sourcePath/>
        <con:targetType>req_startSerial</con:targetType>
        <con:targetStep>Add sim serail for aggregated item</con:targetStep>
        <con:targetPath/>
        <con:upgraded>true</con:upgraded>
      </con:transfers>
      <con:transfers setNullOnMissingSource="true" transferTextContent="true" failOnError="true" ignoreEmpty="false" transferToAll="false" entitize="false" transferChildNodes="false">
        <con:name>endSerial</con:name>
        <con:sourceType>startSerial</con:sourceType>
        <con:sourceStep>DataGen startSerial</con:sourceStep>
        <con:targetType>req_endSerial</con:targetType>
        <con:targetStep>Add sim serail for aggregated item</con:targetStep>
        <con:upgraded>true</con:upgraded>
      </con:transfers>
      <con:transfers setNullOnMissingSource="true" transferTextContent="true" failOnError="true" ignoreEmpty="false" transferToAll="false" entitize="false" transferChildNodes="false">
        <con:name>soId</con:name>
        <con:sourceType>res_salesOrgId</con:sourceType>
        <con:sourceStep>Create sales organization and user</con:sourceStep>
        <con:targetType>req_soId</con:targetType>
        <con:targetStep>Add sim serail for aggregated item</con:targetStep>
        <con:upgraded>true</con:upgraded>
      </con:transfers>
      <con:transfers setNullOnMissingSource="true" transferTextContent="true" failOnError="true" ignoreEmpty="false" transferToAll="false" entitize="false" transferChildNodes="false">
        <con:name>userId</con:name>
        <con:sourceType>res_userRoleId</con:sourceType>
        <con:sourceStep>Create sales organization and user</con:sourceStep>
        <con:targetType>req_userId</con:targetType>
        <con:targetStep>Add sim serail for aggregated item</con:targetStep>
        <con:upgraded>true</con:upgraded>
      </con:transfers>
      <con:transfers setNullOnMissingSource="true" transferTextContent="true" failOnError="true" ignoreEmpty="false" transferToAll="false" entitize="false" transferChildNodes="false">
        <con:name>biId</con:name>
        <con:sourceType>res_biId</con:sourceType>
        <con:sourceStep>Create stockIn interaction success</con:sourceStep>
        <con:targetType>req_biId</con:targetType>
        <con:targetStep>Add sim serail for aggregated item</con:targetStep>
        <con:upgraded>true</con:upgraded>
      </con:transfers>
      <con:transfers setNullOnMissingSource="true" transferTextContent="true" failOnError="true" ignoreEmpty="false" transferToAll="false" entitize="false" transferChildNodes="false">
        <con:name>aggregatedItemId</con:name>
        <con:sourceType>res_id</con:sourceType>
        <con:sourceStep>Add Aggregated sim Item</con:sourceStep>
        <con:targetType>req_aggregatedItemId</con:targetType>
        <con:targetStep>Add sim serail for aggregated item</con:targetStep>
        <con:upgraded>true</con:upgraded>
      </con:transfers>
      <con:transfers setNullOnMissingSource="true" transferTextContent="true" failOnError="true" ignoreEmpty="false" transferToAll="false" entitize="false" transferChildNodes="false">
        <con:name>placeId</con:name>
        <con:sourceType>res_placeId</con:sourceType>
        <con:sourceStep>Create sales organization and user</con:sourceStep>
        <con:targetType>req_placeId</con:targetType>
        <con:targetStep>Add sim serail for aggregated item</con:targetStep>
        <con:upgraded>true</con:upgraded>
      </con:transfers>
    </con:config>
  </con:testStep>
  <con:testStep type="calltestcase" name="Add sim serail for aggregated item" id="e6e47e35-b665-4869-a70d-88a107af0454">
    <con:settings/>
    <con:config xsi:type="con:RunTestCaseStep" xmlns:xsi="http://www.w3.org/2001/XMLSchema-instance">
      <con:targetTestCase>5a153c21-8020-4c7f-b095-6675aec739a0</con:targetTestCase>
      <con:properties>
        <con:property>
          <con:name>req_biId</con:name>
          <con:value>1131</con:value>
        </con:property>
        <con:property>
          <con:name>req_startSerial</con:name>
          <con:value>67010860</con:value>
        </con:property>
        <con:property>
          <con:name>req_endSerial</con:name>
          <con:value>67010860</con:value>
        </con:property>
        <con:property>
          <con:name>req_soId</con:name>
          <con:value>42</con:value>
        </con:property>
        <con:property>
          <con:name>req_placeId</con:name>
          <con:value>24</con:value>
        </con:property>
        <con:property>
          <con:name>req_userId</con:name>
          <con:value>44</con:value>
        </con:property>
        <con:property>
          <con:name>req_aggregatedItemId</con:name>
          <con:value>371</con:value>
        </con:property>
        <con:property>
          <con:name>res_status</con:name>
          <con:value>201</con:value>
        </con:property>
        <con:property>
          <con:name>res_code</con:name>
          <con:value xsi:nil="true"/>
        </con:property>
        <con:property>
          <con:name>res_errorMessage</con:name>
          <con:value xsi:nil="true"/>
        </con:property>
        <con:property>
          <con:name>res_response</con:name>
          <con:value>{"productInformation":{"quantity":1,"status":1,"characteristicDescription":"32MB","description":"SIM Memory : 32MB","startSerialNumber":67010860,"endSerialNumber":67010860,"isPaired":false,"batchId":"1","type":"com.ericsson.bss.rm.erms.core.entity.dto.product.ProductInformationDTO"},"vendorName":"Vendor","purchaseDate":"2018-01-08T00:00:00+0300","id":372,"href":"/v1/stockInItem/372","dynamicMap":{},"type":"com.ericsson.bss.rm.erms.core.entity.dto.bi.stockin.StockInItemResponseDto"}</con:value>
        </con:property>
      </con:properties>
      <con:returnProperties>
        <con:entry>res_status</con:entry>
        <con:entry>res_code</con:entry>
        <con:entry>res_errorMessage</con:entry>
        <con:entry>res_response</con:entry>
      </con:returnProperties>
      <con:runMode>PARALLELL</con:runMode>
    </con:config>
  </con:testStep>
  <con:testStep type="assertionteststep" name="Assertion for adding serail number" id="c11275e0-0b01-4403-95e8-a8d40b0f7f65">
    <con:settings/>
    <con:config xsi:type="con:AssertionTestStep" xmlns:xsi="http://www.w3.org/2001/XMLSchema-instance">
      <con:entry>
        <con:id>70dcb048-db63-4518-9148-fcbbd63a4f96</con:id>
        <con:isGroup>false</con:isGroup>
        <con:sourceId>e6e47e35-b665-4869-a70d-88a107af0454</con:sourceId>
        <con:propertyName>res_status</con:propertyName>
        <con:assertion type="Simple Equals" name="Equals" id="1819adc1-164f-4922-933d-d332a4200196">
          <con:configuration>
            <patternText>201</patternText>
            <caseSensitive>true</caseSensitive>
          </con:configuration>
        </con:assertion>
      </con:entry>
      <con:entry>
        <con:id>0ef8cf40-d953-4c93-ba10-56d65792a099</con:id>
        <con:isGroup>false</con:isGroup>
        <con:sourceId>e6e47e35-b665-4869-a70d-88a107af0454</con:sourceId>
        <con:propertyName>res_response</con:propertyName>
        <con:assertion type="Simple Contains" name="Contains" id="ad740efb-1652-4529-a3c2-9593a306a50d">
          <con:configuration>
            <token>SIM</token>
            <ignoreCase>false</ignoreCase>
            <useRegEx>false</useRegEx>
          </con:configuration>
        </con:assertion>
      </con:entry>
    </con:config>
  </con:testStep>
  <con:testStep type="datasource" name="DataSource for serialized char values for sim" id="e7824543-0ffc-48e0-a779-20b79df3c716">
    <con:settings/>
    <con:config xsi:type="con:DataSourceStep" xmlns:xsi="http://www.w3.org/2001/XMLSchema-instance">
      <con:dataSource type="Grid">
        <con:configuration>
          <check>&lt;con:entry xmlns:con="http://eviware.com/soapui/config">true&lt;/con:entry></check>
          <row><![CDATA[<xml-fragment><con:entry xmlns:con="http://eviware.com/soapui/config">14</con:entry><con:entry xmlns:con="http://eviware.com/soapui/config">1234567891234567891</con:entry><con:entry xmlns:con="http://eviware.com/soapui/config">12</con:entry><con:entry xmlns:con="http://eviware.com/soapui/config">1234</con:entry><con:entry xmlns:con="http://eviware.com/soapui/config">13</con:entry><con:entry xmlns:con="http://eviware.com/soapui/config">4321</con:entry><con:entry xmlns:con="http://eviware.com/soapui/config"/></xml-fragment>]]></row>
        </con:configuration>
      </con:dataSource>
      <con:property>charId1</con:property>
      <con:property>charValueId1</con:property>
      <con:property>charId2</con:property>
      <con:property>charValueId2</con:property>
      <con:property>charId3</con:property>
      <con:property>charValueId3</con:property>
      <con:completeLastOperation>true</con:completeLastOperation>
      <con:restartOnRun>true</con:restartOnRun>
    </con:config>
  </con:testStep>
  <con:testStep type="transfer" name="Property Transfer for adding serial char value for sim" id="2f7c63c4-c9a4-4471-a6e9-f5c5d1338c92">
    <con:settings/>
    <con:config xsi:type="con:PropertyTransfersStep" xmlns:xsi="http://www.w3.org/2001/XMLSchema-instance">
      <con:transfers setNullOnMissingSource="true" transferTextContent="true" failOnError="true" ignoreEmpty="false" transferToAll="false" entitize="false" transferChildNodes="false">
        <con:name>userId</con:name>
        <con:sourceType>res_userRoleId</con:sourceType>
        <con:sourceStep>Create sales organization and user</con:sourceStep>
        <con:sourcePath/>
        <con:targetType>req_userRoleId</con:targetType>
        <con:targetStep>Add Serial Char value</con:targetStep>
        <con:targetPath/>
        <con:upgraded>true</con:upgraded>
      </con:transfers>
      <con:transfers setNullOnMissingSource="true" transferTextContent="true" failOnError="true" ignoreEmpty="false" transferToAll="false" entitize="false" transferChildNodes="false">
        <con:name>soId</con:name>
        <con:sourceType>res_salesOrgId</con:sourceType>
        <con:sourceStep>Create sales organization and user</con:sourceStep>
        <con:targetType>req_salesOrgRoleId</con:targetType>
        <con:targetStep>Add Serial Char value</con:targetStep>
        <con:upgraded>true</con:upgraded>
      </con:transfers>
      <con:transfers setNullOnMissingSource="true" transferTextContent="true" failOnError="true" ignoreEmpty="false" transferToAll="false" entitize="false" transferChildNodes="false">
        <con:name>biId</con:name>
        <con:sourceType>res_biId</con:sourceType>
        <con:sourceStep>Create stockIn interaction success</con:sourceStep>
        <con:targetType>req_biId</con:targetType>
        <con:targetStep>Add Serial Char value</con:targetStep>
        <con:upgraded>true</con:upgraded>
      </con:transfers>
      <con:transfers setNullOnMissingSource="true" transferTextContent="true" failOnError="true" ignoreEmpty="false" transferToAll="false" entitize="false" transferChildNodes="false">
        <con:name>serialnumber</con:name>
        <con:sourceType>req_startSerial</con:sourceType>
        <con:sourceStep>Add sim serail for aggregated item</con:sourceStep>
        <con:targetType>req_serialNumber</con:targetType>
        <con:targetStep>Add Serial Char value</con:targetStep>
        <con:upgraded>true</con:upgraded>
      </con:transfers>
      <con:transfers setNullOnMissingSource="true" transferTextContent="true" failOnError="true" ignoreEmpty="false" transferToAll="false" entitize="false" transferChildNodes="false">
        <con:name>charId1</con:name>
        <con:sourceType>charId1</con:sourceType>
        <con:sourceStep>DataSource for serialized char values for sim</con:sourceStep>
        <con:targetType>req_prodSpecCharUseId1</con:targetType>
        <con:targetStep>Add Serial Char value</con:targetStep>
        <con:upgraded>true</con:upgraded>
      </con:transfers>
      <con:transfers setNullOnMissingSource="true" transferTextContent="true" failOnError="true" ignoreEmpty="false" transferToAll="false" entitize="false" transferChildNodes="false">
        <con:name>charId2</con:name>
        <con:sourceType>charId2</con:sourceType>
        <con:sourceStep>DataSource for serialized char values for sim</con:sourceStep>
        <con:targetType>req_prodSpecCharUseId2</con:targetType>
        <con:targetStep>Add Serial Char value</con:targetStep>
        <con:upgraded>true</con:upgraded>
      </con:transfers>
      <con:transfers setNullOnMissingSource="true" transferTextContent="true" failOnError="true" ignoreEmpty="false" transferToAll="false" entitize="false" transferChildNodes="false">
        <con:name>charId3</con:name>
        <con:sourceType>charId3</con:sourceType>
        <con:sourceStep>DataSource for serialized char values for sim</con:sourceStep>
        <con:targetType>req_prodSpecCharUseId3</con:targetType>
        <con:targetStep>Add Serial Char value</con:targetStep>
        <con:upgraded>true</con:upgraded>
      </con:transfers>
      <con:transfers setNullOnMissingSource="true" transferTextContent="true" failOnError="true" ignoreEmpty="false" transferToAll="false" entitize="false" transferChildNodes="false">
        <con:name>charValue1</con:name>
        <con:sourceType>charValueId1</con:sourceType>
        <con:sourceStep>DataSource for serialized char values for sim</con:sourceStep>
        <con:targetType>req_charValue1</con:targetType>
        <con:targetStep>Add Serial Char value</con:targetStep>
        <con:upgraded>true</con:upgraded>
      </con:transfers>
      <con:transfers setNullOnMissingSource="true" transferTextContent="true" failOnError="true" ignoreEmpty="false" transferToAll="false" entitize="false" transferChildNodes="false">
        <con:name>charValue2</con:name>
        <con:sourceType>charValueId2</con:sourceType>
        <con:sourceStep>DataSource for serialized char values for sim</con:sourceStep>
        <con:targetType>req_charValue2</con:targetType>
        <con:targetStep>Add Serial Char value</con:targetStep>
        <con:upgraded>true</con:upgraded>
      </con:transfers>
      <con:transfers setNullOnMissingSource="true" transferTextContent="true" failOnError="true" ignoreEmpty="false" transferToAll="false" entitize="false" transferChildNodes="false">
        <con:name>charValue3</con:name>
        <con:sourceType>charValueId3</con:sourceType>
        <con:sourceStep>DataSource for serialized char values for sim</con:sourceStep>
        <con:targetType>req_charValue3</con:targetType>
        <con:targetStep>Add Serial Char value</con:targetStep>
        <con:upgraded>true</con:upgraded>
      </con:transfers>
    </con:config>
  </con:testStep>
  <con:testStep type="calltestcase" name="Add Serial Char value" id="fe012898-6a12-4fa5-bfde-2126441c3d45">
    <con:settings/>
    <con:config xsi:type="con:RunTestCaseStep" xmlns:xsi="http://www.w3.org/2001/XMLSchema-instance">
      <con:targetTestCase>35e4d53a-3b71-4240-a90b-f82b1e4aaa48</con:targetTestCase>
      <con:properties>
        <con:property>
          <con:name>req_userRoleId</con:name>
          <con:value>44</con:value>
        </con:property>
        <con:property>
          <con:name>req_salesOrgRoleId</con:name>
          <con:value>42</con:value>
        </con:property>
        <con:property>
          <con:name>req_prodSpecCharUseId1</con:name>
          <con:value>14</con:value>
        </con:property>
        <con:property>
          <con:name>req_serialNumber</con:name>
          <con:value>67010860</con:value>
        </con:property>
        <con:property>
          <con:name>req_charValue2</con:name>
          <con:value>1234</con:value>
        </con:property>
        <con:property>
          <con:name>response</con:name>
          <con:value>{}</con:value>
        </con:property>
        <con:property>
          <con:name>req_biId</con:name>
          <con:value>1131</con:value>
        </con:property>
        <con:property>
          <con:name>req_charValue3</con:name>
          <con:value>4321</con:value>
        </con:property>
        <con:property>
          <con:name>req_prodSpecCharUseId2</con:name>
          <con:value>12</con:value>
        </con:property>
        <con:property>
          <con:name>req_prodSpecCharUseId3</con:name>
          <con:value>13</con:value>
        </con:property>
        <con:property>
          <con:name>req_charValue1</con:name>
          <con:value>1234567891234567891</con:value>
        </con:property>
        <con:property>
          <con:name>res_status</con:name>
          <con:value>201</con:value>
        </con:property>
      </con:properties>
      <con:returnProperties>
        <con:entry>response</con:entry>
        <con:entry>res_status</con:entry>
      </con:returnProperties>
      <con:runMode>PARALLELL</con:runMode>
    </con:config>
  </con:testStep>
  <con:testStep type="assertionteststep" name="Assertion for adding serialchar value" id="6bde6d3b-32ac-4387-a188-9c145b773d2d">
    <con:settings/>
    <con:config xsi:type="con:AssertionTestStep" xmlns:xsi="http://www.w3.org/2001/XMLSchema-instance">
      <con:entry>
        <con:id>a7eaad17-8ed9-4886-86ce-150a0a7db4e6</con:id>
        <con:isGroup>false</con:isGroup>
        <con:sourceId>fe012898-6a12-4fa5-bfde-2126441c3d45</con:sourceId>
        <con:propertyName>res_status</con:propertyName>
        <con:assertion type="Simple Equals" name="Equals" id="79239d7a-fc4a-4d2a-815a-799336fa9ce0">
          <con:configuration>
            <patternText>201</patternText>
            <caseSensitive>true</caseSensitive>
          </con:configuration>
        </con:assertion>
      </con:entry>
      <con:entry>
        <con:id>cca571e8-3608-416f-9bf3-6622815e3324</con:id>
        <con:isGroup>false</con:isGroup>
        <con:sourceId>fe012898-6a12-4fa5-bfde-2126441c3d45</con:sourceId>
        <con:propertyName>response</con:propertyName>
        <con:assertion type="Simple Equals" name="Equals 2" id="2727addd-011c-44f2-beb0-df8aa6d04c11">
          <con:configuration>
            <patternText>{}</patternText>
            <caseSensitive>true</caseSensitive>
          </con:configuration>
        </con:assertion>
      </con:entry>
    </con:config>
  </con:testStep>
  <con:testStep type="transfer" name="Property Transfer for displaying stockin" id="f3b8d650-0a68-44cb-8768-152ec936f0be">
    <con:settings/>
    <con:config xsi:type="con:PropertyTransfersStep" xmlns:xsi="http://www.w3.org/2001/XMLSchema-instance">
      <con:transfers setNullOnMissingSource="true" transferTextContent="true" failOnError="true" ignoreEmpty="false" transferToAll="false" entitize="false" transferChildNodes="false">
        <con:name>biId</con:name>
        <con:sourceType>res_biId</con:sourceType>
        <con:sourceStep>Create stockIn interaction success</con:sourceStep>
        <con:sourcePath/>
        <con:targetType>req_biId</con:targetType>
        <con:targetStep>Display single stockIn bi</con:targetStep>
        <con:targetPath/>
        <con:upgraded>true</con:upgraded>
      </con:transfers>
    </con:config>
  </con:testStep>
  <con:testStep type="calltestcase" name="Display single stockIn bi" id="b25a56ef-9465-4a08-aed5-8152a5f6b704">
    <con:settings/>
    <con:config xsi:type="con:RunTestCaseStep" xmlns:xsi="http://www.w3.org/2001/XMLSchema-instance">
      <con:targetTestCase>23c105c1-e15f-4ce4-8f04-c5a3f5541b68</con:targetTestCase>
      <con:properties>
        <con:property>
          <con:name>req_biId</con:name>
          <con:value>1131</con:value>
        </con:property>
        <con:property>
          <con:name>res_stockInBI</con:name>
          <con:value>{"businessInteractionType":1,"code":"STI-1131","description":"Stock In at [name-so-ad978595-64e4-4cb2-802d-5df3f8bec095] by [John Smith]","mainState":"Ongoing","state":"ProductAssignment","createdDate":"2018-03-13T08:34:00.769Z","preventUpdateFromOtherSystem":false,"id":"1131"}</con:value>
        </con:property>
        <con:property>
          <con:name>res_biId</con:name>
          <con:value>1131</con:value>
        </con:property>
        <con:property>
          <con:name>res_state</con:name>
          <con:value>ProductAssignment</con:value>
        </con:property>
        <con:property>
          <con:name>res_mainState</con:name>
          <con:value>Ongoing</con:value>
        </con:property>
        <con:property>
          <con:name>res_errorMessage</con:name>
          <con:value xsi:nil="true"/>
        </con:property>
        <con:property>
          <con:name>res_httpStatusCode</con:name>
          <con:value>200</con:value>
        </con:property>
      </con:properties>
      <con:returnProperties>
        <con:entry>res_stockInBI</con:entry>
        <con:entry>res_biId</con:entry>
        <con:entry>res_state</con:entry>
        <con:entry>res_mainState</con:entry>
        <con:entry>res_errorMessage</con:entry>
        <con:entry>res_httpStatusCode</con:entry>
      </con:returnProperties>
      <con:runMode>PARALLELL</con:runMode>
    </con:config>
  </con:testStep>
  <con:testStep type="assertionteststep" name="Assertion for displayin stockIn" id="ad4b8fcf-db15-4ca0-9fec-1111bbb9be37">
    <con:settings/>
    <con:config xsi:type="con:AssertionTestStep" xmlns:xsi="http://www.w3.org/2001/XMLSchema-instance">
      <con:entry>
        <con:id>3702f5c5-d933-492c-a954-8a344a849779</con:id>
        <con:isGroup>false</con:isGroup>
        <con:sourceId>b25a56ef-9465-4a08-aed5-8152a5f6b704</con:sourceId>
        <con:propertyName>res_state</con:propertyName>
        <con:assertion type="Simple Equals" name="Equals" id="5b97dac3-320b-4ac1-84d5-8528c3c50e51">
          <con:configuration>
            <patternText>ProductAssignment</patternText>
            <caseSensitive>true</caseSensitive>
          </con:configuration>
        </con:assertion>
      </con:entry>
      <con:entry>
        <con:id>a901ef02-d474-4ff0-9320-2f08e3666728</con:id>
        <con:isGroup>false</con:isGroup>
        <con:sourceId>b25a56ef-9465-4a08-aed5-8152a5f6b704</con:sourceId>
        <con:propertyName>res_mainState</con:propertyName>
        <con:assertion type="Simple Equals" name="Equals 2" id="f358c624-c9b8-4788-8ef6-cf78206322b9">
          <con:configuration>
            <patternText>Ongoing</patternText>
            <caseSensitive>true</caseSensitive>
          </con:configuration>
        </con:assertion>
      </con:entry>
      <con:entry>
        <con:id>aac430ed-44d0-4244-836d-78fb8c56516b</con:id>
        <con:isGroup>false</con:isGroup>
        <con:sourceId>b25a56ef-9465-4a08-aed5-8152a5f6b704</con:sourceId>
        <con:propertyName>res_httpStatusCode</con:propertyName>
        <con:assertion type="Simple Equals" name="Equals 3" id="4d95e0ec-9687-45ec-813b-4a28267d8868">
          <con:configuration>
            <patternText>200</patternText>
            <caseSensitive>true</caseSensitive>
          </con:configuration>
        </con:assertion>
      </con:entry>
    </con:config>
  </con:testStep>
  <con:testStep type="transfer" name="Property Transfer for submit stockIn 2" id="afb9de1d-412d-4f33-a8d0-a36ad01f0242">
    <con:settings/>
    <con:config xsi:type="con:PropertyTransfersStep" xmlns:xsi="http://www.w3.org/2001/XMLSchema-instance">
      <con:transfers setNullOnMissingSource="true" transferTextContent="true" failOnError="true" ignoreEmpty="false" transferToAll="false" entitize="false" transferChildNodes="false">
        <con:name>biId</con:name>
        <con:sourceType>res_biId</con:sourceType>
        <con:sourceStep>Create stockIn interaction success</con:sourceStep>
        <con:sourcePath/>
        <con:targetType>req_biId</con:targetType>
        <con:targetStep>Submit stock in business interaction 2</con:targetStep>
        <con:targetPath/>
        <con:upgraded>true</con:upgraded>
      </con:transfers>
    </con:config>
  </con:testStep>
  <con:testStep type="calltestcase" name="Submit stock in business interaction 2" id="22d3d103-f133-4f55-9440-be4794678b3a">
    <con:settings/>
    <con:config xsi:type="con:RunTestCaseStep" xmlns:xsi="http://www.w3.org/2001/XMLSchema-instance">
      <con:targetTestCase>c6afe465-b867-4e9f-9e55-596671d41d0a</con:targetTestCase>
      <con:properties>
        <con:property>
          <con:name>req_biId</con:name>
          <con:value>1131</con:value>
        </con:property>
        <con:property>
          <con:name>res_biId</con:name>
          <con:value xsi:nil="true"/>
        </con:property>
        <con:property>
          <con:name>res_code</con:name>
          <con:value>NEXT_STATE_NOT_FOUND</con:value>
        </con:property>
        <con:property>
          <con:name>res_errorMessage</con:name>
          <con:value>NEXT_STATE_NOT_FOUND</con:value>
        </con:property>
        <con:property>
          <con:name>res_httpStatusCode</con:name>
          <con:value>400</con:value>
        </con:property>
      </con:properties>
      <con:returnProperties>
        <con:entry>res_biId</con:entry>
        <con:entry>res_code</con:entry>
        <con:entry>res_errorMessage</con:entry>
        <con:entry>res_httpStatusCode</con:entry>
      </con:returnProperties>
      <con:runMode>PARALLELL</con:runMode>
    </con:config>
  </con:testStep>
  <con:testStep type="assertionteststep" name="Assertion for submitting stockIn 2" id="adbd0b4a-53f0-4aed-9efa-5924fec46569">
    <con:settings/>
    <con:config xsi:type="con:AssertionTestStep" xmlns:xsi="http://www.w3.org/2001/XMLSchema-instance">
      <con:entry>
        <con:id>a4556e3f-ddee-4603-b7f1-3d2bf341c027</con:id>
        <con:isGroup>false</con:isGroup>
        <con:sourceId>22d3d103-f133-4f55-9440-be4794678b3a</con:sourceId>
        <con:propertyName>res_httpStatusCode</con:propertyName>
        <con:assertion type="Simple Equals" name="Equals" id="20137b1f-5627-4872-bc50-46cb8fdcf6f0">
          <con:configuration>
            <patternText>400</patternText>
            <caseSensitive>true</caseSensitive>
          </con:configuration>
        </con:assertion>
      </con:entry>
      <con:entry>
        <con:id>b7859035-62b4-492a-bfd8-f10df863163a</con:id>
        <con:isGroup>false</con:isGroup>
        <con:sourceId>22d3d103-f133-4f55-9440-be4794678b3a</con:sourceId>
        <con:propertyName>res_code</con:propertyName>
        <con:assertion type="Simple Equals" name="NEXT_STATE_NOT_FOUND" id="fb3d0f21-e17e-4eda-b3b5-af1000c57d9d">
          <con:configuration>
            <patternText>NEXT_STATE_NOT_FOUND</patternText>
            <caseSensitive>true</caseSensitive>
          </con:configuration>
        </con:assertion>
      </con:entry>
    </con:config>
  </con:testStep>
  <con:testStep type="transfer" name="Property Transfer for Get Product Item List Of Aggregated Item" id="81b08b6c-ee28-4243-a47a-8d3ec88aba2a">
    <con:settings/>
    <con:config xsi:type="con:PropertyTransfersStep" xmlns:xsi="http://www.w3.org/2001/XMLSchema-instance">
      <con:transfers setNullOnMissingSource="true" transferTextContent="true" failOnError="true" ignoreEmpty="false" transferToAll="false" entitize="false" transferChildNodes="false">
        <con:name>biId</con:name>
        <con:sourceType>res_biId</con:sourceType>
        <con:sourceStep>Create stockIn interaction success</con:sourceStep>
        <con:sourcePath/>
        <con:targetType>req_biId</con:targetType>
        <con:targetStep>Get Product Item List Of Aggregated Item</con:targetStep>
        <con:targetPath/>
        <con:upgraded>true</con:upgraded>
      </con:transfers>
      <con:transfers setNullOnMissingSource="true" transferTextContent="true" failOnError="true" ignoreEmpty="false" transferToAll="false" entitize="false" transferChildNodes="false">
        <con:name>aggregatedItemId</con:name>
        <con:sourceType>res_id</con:sourceType>
        <con:sourceStep>Add Aggregated sim Item</con:sourceStep>
        <con:targetType>req_aggregatedItemId</con:targetType>
        <con:targetStep>Get Product Item List Of Aggregated Item</con:targetStep>
        <con:upgraded>true</con:upgraded>
      </con:transfers>
    </con:config>
  </con:testStep>
  <con:testStep type="calltestcase" name="Get Product Item List Of Aggregated Item" id="c37cd1a0-0047-4594-859a-68d79bb0a4bd">
    <con:settings/>
    <con:config xsi:type="con:RunTestCaseStep" xmlns:xsi="http://www.w3.org/2001/XMLSchema-instance">
      <con:targetTestCase>f87aec4c-fc6f-4ee8-8380-15f5daf1cff6</con:targetTestCase>
      <con:properties>
        <con:property>
          <con:name>req_biId</con:name>
          <con:value>1131</con:value>
        </con:property>
        <con:property>
          <con:name>req_aggregatedItemId</con:name>
          <con:value>371</con:value>
        </con:property>
        <con:property>
          <con:name>res_status</con:name>
          <con:value>200</con:value>
        </con:property>
        <con:property>
          <con:name>res_response</con:name>
          <con:value>[{"productInformation":{"quantity":1,"status":1,"characteristicDescription":"32MB","productSpecification":{"id":7,"code":"CODE-SIM-1","article":"ARR-SIM-1","externalReference":{"externalId":"EXT-SIM-1"},"info":{"name":"SIM","description":"SIM"},"replicationInfo":{"isReplicated":false},"returnPeriod":{"value":1,"unit":"Year"},"serialNumberFormat":"SIM-XXXXXXXXXX","status":"Active","valueType":1,"versionInfo":{"versionNumber":1000000},"warrantyPeriod":{"value":1,"unit":"Year"},"productTrackingType":"Serialized","productSpecType":"Sim","isSerialized":true,"dynamicMap":{},"type":"com.ericsson.bss.rm.erms.core.entity.dto.product.AtomicProductSpecDTO"},"description":"SIM Memory : 32MB","startSerialNumber":67010860,"endSerialNumber":67010860,"isPaired":false,"batchId":"1","type":"com.ericsson.bss.rm.erms.core.entity.dto.product.ProductInformationDTO"},"vendorName":"Vendor","purchaseDate":"2018-01-08T00:00:00+0300","id":372,"href":"/v1/stockInItem/372","dynamicMap":{},"type":"com.ericsson.bss.rm.erms.core.entity.dto.bi.stockin.StockInItemResponseDto"}]</con:value>
        </con:property>
      </con:properties>
      <con:returnProperties>
        <con:entry>res_status</con:entry>
        <con:entry>res_response</con:entry>
      </con:returnProperties>
      <con:runMode>PARALLELL</con:runMode>
    </con:config>
  </con:testStep>
  <con:testStep type="assertionteststep" name="Assertion for Get Product Item List Of Aggregated Item" id="ff60848c-b7a1-44b0-bac9-936b208a6e4f">
    <con:settings/>
    <con:config xsi:type="con:AssertionTestStep" xmlns:xsi="http://www.w3.org/2001/XMLSchema-instance">
      <con:entry>
        <con:id>b23d36a5-1dfa-4137-bcc5-11402c3d0aaa</con:id>
        <con:isGroup>false</con:isGroup>
        <con:sourceId>c37cd1a0-0047-4594-859a-68d79bb0a4bd</con:sourceId>
        <con:propertyName>res_status</con:propertyName>
        <con:assertion type="Simple Equals" name="Equals" id="a2add262-40c5-484b-974b-ddc3629c79bf">
          <con:configuration>
            <patternText>200</patternText>
            <caseSensitive>true</caseSensitive>
          </con:configuration>
        </con:assertion>
      </con:entry>
      <con:entry>
        <con:id>96cb9738-00eb-4367-8731-0477021bc856</con:id>
        <con:isGroup>false</con:isGroup>
        <con:sourceId>c37cd1a0-0047-4594-859a-68d79bb0a4bd</con:sourceId>
        <con:propertyName>res_response</con:propertyName>
        <con:assertion type="Simple Contains" name="Contains" id="73836a4d-65e0-4f89-85a5-ea47241a4a75">
          <con:configuration>
            <token>EXT-SIM-1</token>
            <ignoreCase>false</ignoreCase>
            <useRegEx>false</useRegEx>
          </con:configuration>
        </con:assertion>
      </con:entry>
    </con:config>
  </con:testStep>
  <con:testStep type="transfer" name="Property Transfer for submit serial numbers" id="53b4214b-6b48-4a37-bf02-d174b6cc5aa4">
    <con:settings/>
    <con:config xsi:type="con:PropertyTransfersStep" xmlns:xsi="http://www.w3.org/2001/XMLSchema-instance">
      <con:transfers setNullOnMissingSource="true" transferTextContent="true" failOnError="true" ignoreEmpty="false" transferToAll="false" entitize="false" transferChildNodes="false">
        <con:name>biId</con:name>
        <con:sourceType>res_biId</con:sourceType>
        <con:sourceStep>Create stockIn interaction success</con:sourceStep>
        <con:sourcePath/>
        <con:targetType>req_biId</con:targetType>
        <con:targetStep>Submit serial numbers</con:targetStep>
        <con:targetPath/>
        <con:upgraded>true</con:upgraded>
      </con:transfers>
    </con:config>
  </con:testStep>
  <con:testStep type="calltestcase" name="Submit serial numbers" id="af29ac34-df6d-4ee3-b00b-6b6d55cd67f1">
    <con:settings/>
    <con:config xsi:type="con:RunTestCaseStep" xmlns:xsi="http://www.w3.org/2001/XMLSchema-instance">
      <con:targetTestCase>4d66cbda-2c28-4caa-a47e-94706a20261e</con:targetTestCase>
      <con:properties>
        <con:property>
          <con:name>req_biId</con:name>
          <con:value>1131</con:value>
        </con:property>
        <con:property>
          <con:name>res_status</con:name>
          <con:value>200</con:value>
        </con:property>
        <con:property>
          <con:name>res_response</con:name>
          <con:value>{"businessInteractionType":1,"code":"STI-1131","description":"Stock In at [name-so-ad978595-64e4-4cb2-802d-5df3f8bec095] by [John Smith]","mainState":0,"state":5,"createdDate":"2018-03-13T08:34:00+0000","businessInteractionSpec":{"id":4,"journaled":true,"name":"Stock In BI Spec","specificationType":0,"allowSubmitBIWithoutItem":false,"requiresSession":true,"code":"STCKINBISPEC","requiresActiveSO":false,"biOperationAllowedWhenSOSuspended":false,"reserveAllNonSerializedSpec":false,"allowStockLevelNegative":false,"dynamicMap":{},"type":"com.ericsson.bss.rm.erms.core.entity.dto.bi.BusinessInteractionSpecDTO"},"createdByUserId":"44","createdBySalesOrganizationId":"42","createdForSalesOrganizationRoleId":"42","preventUpdateFromOtherSystem":false,"items":[],"isLocked":false,"businessInteractionRoleId1":93,"businessInteractionRoleId2":90,"businessInteractionRoleId3":90,"id":1131,"href":"/v1/stockin/1131","dynamicMap":{},"type":"com.ericsson.bss.rm.erms.core.entity.dto.bi.stockin.StockInResponseDto"}</con:value>
        </con:property>
      </con:properties>
      <con:returnProperties>
        <con:entry>res_status</con:entry>
        <con:entry>res_response</con:entry>
      </con:returnProperties>
      <con:runMode>PARALLELL</con:runMode>
    </con:config>
  </con:testStep>
  <con:testStep type="assertionteststep" name="Assertion for submitting serial numbers" id="a40832c1-0423-42b0-b295-3357da9393a1">
    <con:settings/>
    <con:config xsi:type="con:AssertionTestStep" xmlns:xsi="http://www.w3.org/2001/XMLSchema-instance">
      <con:entry>
        <con:id>ccf74167-099e-429c-ae9b-737472042864</con:id>
        <con:isGroup>false</con:isGroup>
        <con:sourceId>af29ac34-df6d-4ee3-b00b-6b6d55cd67f1</con:sourceId>
        <con:propertyName>res_response</con:propertyName>
        <con:assertion type="Simple Contains" name="Contains" id="1f1cf842-4abe-4052-9bbd-3debb9816722">
          <con:configuration>
            <token>Stock In</token>
            <ignoreCase>false</ignoreCase>
            <useRegEx>false</useRegEx>
          </con:configuration>
        </con:assertion>
      </con:entry>
      <con:entry>
        <con:id>d6c5c092-8dfc-4761-b280-ac5286cedfd7</con:id>
        <con:isGroup>false</con:isGroup>
        <con:sourceId>af29ac34-df6d-4ee3-b00b-6b6d55cd67f1</con:sourceId>
        <con:propertyName>res_status</con:propertyName>
        <con:assertion type="Simple Equals" name="Equals" id="6dc029d2-fcca-41cb-b2aa-10cd2544609a">
          <con:configuration>
            <patternText>200</patternText>
            <caseSensitive>true</caseSensitive>
          </con:configuration>
        </con:assertion>
      </con:entry>
    </con:config>
  </con:testStep>
  <con:testStep type="transfer" name="Property Transfer for displaying stockin after submit" id="26a256ce-456b-4d79-bb68-34cde1811944">
    <con:settings/>
    <con:config xsi:type="con:PropertyTransfersStep" xmlns:xsi="http://www.w3.org/2001/XMLSchema-instance">
      <con:transfers setNullOnMissingSource="true" transferTextContent="true" failOnError="true" ignoreEmpty="false" transferToAll="false" entitize="false" transferChildNodes="false">
        <con:name>biId</con:name>
        <con:sourceType>res_biId</con:sourceType>
        <con:sourceStep>Create stockIn interaction success</con:sourceStep>
        <con:sourcePath/>
        <con:targetType>req_biId</con:targetType>
        <con:targetStep>Display single stockIn bi after submit</con:targetStep>
        <con:targetPath/>
        <con:upgraded>true</con:upgraded>
      </con:transfers>
    </con:config>
  </con:testStep>
  <con:testStep type="calltestcase" name="Display single stockIn bi after submit" id="2e8b1c41-e004-4119-b53c-d94945340c2c">
    <con:settings/>
    <con:config xsi:type="con:RunTestCaseStep" xmlns:xsi="http://www.w3.org/2001/XMLSchema-instance">
      <con:targetTestCase>23c105c1-e15f-4ce4-8f04-c5a3f5541b68</con:targetTestCase>
      <con:properties>
        <con:property>
          <con:name>req_biId</con:name>
          <con:value>1131</con:value>
        </con:property>
        <con:property>
          <con:name>res_stockInBI</con:name>
          <con:value>{"businessInteractionType":1,"code":"STI-1131","description":"Stock In at [name-so-ad978595-64e4-4cb2-802d-5df3f8bec095] by [John Smith]","mainState":"Closed","state":"Closed","createdDate":"2018-03-13T08:34:00.769Z","preventUpdateFromOtherSystem":false,"id":"1131"}</con:value>
        </con:property>
        <con:property>
          <con:name>res_biId</con:name>
          <con:value>1131</con:value>
        </con:property>
        <con:property>
          <con:name>res_state</con:name>
          <con:value>Closed</con:value>
        </con:property>
        <con:property>
          <con:name>res_mainState</con:name>
          <con:value>Closed</con:value>
        </con:property>
        <con:property>
          <con:name>res_errorMessage</con:name>
          <con:value xsi:nil="true"/>
        </con:property>
        <con:property>
          <con:name>res_httpStatusCode</con:name>
          <con:value>200</con:value>
        </con:property>
      </con:properties>
      <con:returnProperties>
        <con:entry>res_stockInBI</con:entry>
        <con:entry>res_biId</con:entry>
        <con:entry>res_state</con:entry>
        <con:entry>res_mainState</con:entry>
        <con:entry>res_errorMessage</con:entry>
        <con:entry>res_httpStatusCode</con:entry>
      </con:returnProperties>
      <con:runMode>PARALLELL</con:runMode>
    </con:config>
  </con:testStep>
  <con:testStep type="assertionteststep" name="Assertion for displaying single stockin after bi submit" id="f5cd845e-af9c-4e5c-8d40-ceda976a5de4">
    <con:settings/>
    <con:config xsi:type="con:AssertionTestStep" xmlns:xsi="http://www.w3.org/2001/XMLSchema-instance">
      <con:entry>
        <con:id>1c209333-fe3a-486a-af6e-c60197fd2a13</con:id>
        <con:isGroup>false</con:isGroup>
        <con:sourceId>2e8b1c41-e004-4119-b53c-d94945340c2c</con:sourceId>
        <con:propertyName>res_mainState</con:propertyName>
        <con:assertion type="Simple Equals" name="Equals" id="76cac28e-2844-46fe-9f66-128b60153d96">
          <con:configuration>
            <patternText>Closed</patternText>
            <caseSensitive>true</caseSensitive>
          </con:configuration>
        </con:assertion>
      </con:entry>
      <con:entry>
        <con:id>0be62c41-274d-4673-9b6d-f7dfa21858a9</con:id>
        <con:isGroup>false</con:isGroup>
        <con:sourceId>2e8b1c41-e004-4119-b53c-d94945340c2c</con:sourceId>
        <con:propertyName>res_state</con:propertyName>
        <con:assertion type="Simple Equals" name="Equals 2" id="d980b320-10aa-45bf-a863-c3127ebc4f89">
          <con:configuration>
            <patternObjectId>2e8b1c41-e004-4119-b53c-d94945340c2c</patternObjectId>
            <patternProperty>res_mainState</patternProperty>
            <caseSensitive>true</caseSensitive>
          </con:configuration>
        </con:assertion>
      </con:entry>
      <con:entry>
        <con:id>98f3c5a5-40c3-4fdd-84d4-4096562342d9</con:id>
        <con:isGroup>false</con:isGroup>
        <con:sourceId>2e8b1c41-e004-4119-b53c-d94945340c2c</con:sourceId>
        <con:propertyName>res_httpStatusCode</con:propertyName>
        <con:assertion type="Simple Equals" name="Equals 3" id="d66c43eb-5699-4a07-9fdc-6e43c3cbbc25">
          <con:configuration>
            <patternText>200</patternText>
            <caseSensitive>true</caseSensitive>
          </con:configuration>
        </con:assertion>
      </con:entry>
    </con:config>
  </con:testStep>
  <con:testStep type="transfer" name="Set create stockIn interaction success 2" id="1977da04-076d-4aae-8f5b-1a0da38f94e6">
    <con:settings/>
    <con:config xsi:type="con:PropertyTransfersStep" xmlns:xsi="http://www.w3.org/2001/XMLSchema-instance">
      <con:transfers setNullOnMissingSource="true" transferTextContent="true" failOnError="true" ignoreEmpty="false" transferToAll="false" entitize="false" transferChildNodes="false">
        <con:name>userId</con:name>
        <con:sourceType>userId</con:sourceType>
        <con:sourceStep>Given properties for the test steps</con:sourceStep>
        <con:sourcePath/>
        <con:targetType>req_userRoleId</con:targetType>
        <con:targetStep>Create stockIn interaction success 2</con:targetStep>
        <con:targetPath/>
        <con:upgraded>true</con:upgraded>
      </con:transfers>
      <con:transfers setNullOnMissingSource="true" transferTextContent="true" failOnError="true" ignoreEmpty="false" transferToAll="false" entitize="false" transferChildNodes="false">
        <con:name>soId</con:name>
        <con:sourceType>soId</con:sourceType>
        <con:sourceStep>Given properties for the test steps</con:sourceStep>
        <con:targetType>req_soRoleId</con:targetType>
        <con:targetStep>Create stockIn interaction success 2</con:targetStep>
        <con:upgraded>true</con:upgraded>
      </con:transfers>
      <con:transfers setNullOnMissingSource="true" transferTextContent="true" failOnError="true" ignoreEmpty="false" transferToAll="false" entitize="false" transferChildNodes="false">
        <con:name>biSpecCode</con:name>
        <con:sourceType>stockInBISpecCode</con:sourceType>
        <con:sourceStep>Given properties for the test steps</con:sourceStep>
        <con:targetType>req_biSpecCode</con:targetType>
        <con:targetStep>Create stockIn interaction success 2</con:targetStep>
        <con:upgraded>true</con:upgraded>
      </con:transfers>
    </con:config>
  </con:testStep>
  <con:testStep type="calltestcase" name="Create stockIn interaction success 2" id="f92f5c81-9c0d-4ea8-a035-ab4a186172d1">
    <con:settings/>
    <con:config xsi:type="con:RunTestCaseStep" xmlns:xsi="http://www.w3.org/2001/XMLSchema-instance">
      <con:targetTestCase>bba3ce34-4cc5-41fb-98a0-894988e91181</con:targetTestCase>
      <con:properties>
        <con:property>
          <con:name>req_userRoleId</con:name>
          <con:value>44</con:value>
        </con:property>
        <con:property>
          <con:name>req_soRoleId</con:name>
          <con:value>42</con:value>
        </con:property>
        <con:property>
          <con:name>req_biSpecCode</con:name>
          <con:value>STCKINBISPEC</con:value>
        </con:property>
        <con:property>
          <con:name>res_biId</con:name>
          <con:value>1151</con:value>
        </con:property>
        <con:property>
          <con:name>res_code</con:name>
          <con:value>201</con:value>
        </con:property>
        <con:property>
          <con:name>res_errorMessage</con:name>
          <con:value xsi:nil="true"/>
        </con:property>
        <con:property>
          <con:name>res_httpStatus</con:name>
        </con:property>
      </con:properties>
      <con:returnProperties>
        <con:entry>res_biId</con:entry>
        <con:entry>res_code</con:entry>
        <con:entry>res_errorMessage</con:entry>
      </con:returnProperties>
      <con:runMode>PARALLELL</con:runMode>
    </con:config>
  </con:testStep>
  <con:testStep type="assertionteststep" name="Assertion create stockIn interaction 2" id="d70fe6a1-ef3b-40a1-a415-56665e3eccb5">
    <con:settings/>
    <con:config xsi:type="con:AssertionTestStep" xmlns:xsi="http://www.w3.org/2001/XMLSchema-instance">
      <con:entry>
        <con:id>f4744490-40ac-46ec-9ecf-d89f137bfeda</con:id>
        <con:isGroup>false</con:isGroup>
        <con:sourceId>f92f5c81-9c0d-4ea8-a035-ab4a186172d1</con:sourceId>
        <con:propertyName>res_biId</con:propertyName>
        <con:assertion type="Simple Contains" name="Contains" id="87188d69-6fc4-4e3d-990d-7efaf8f5df3f">
          <con:configuration>
            <token>\d+</token>
            <ignoreCase>false</ignoreCase>
            <useRegEx>true</useRegEx>
          </con:configuration>
        </con:assertion>
      </con:entry>
    </con:config>
  </con:testStep>
  <con:testStep type="transfer" name="Property Transfer for adding aggregated Item charging cable" id="737a4f7c-3189-4916-9add-51c55a97cace">
    <con:settings/>
    <con:config xsi:type="con:PropertyTransfersStep" xmlns:xsi="http://www.w3.org/2001/XMLSchema-instance">
      <con:transfers setNullOnMissingSource="true" transferTextContent="true" failOnError="true" ignoreEmpty="false" transferToAll="false" entitize="false" transferChildNodes="false">
        <con:name>biId</con:name>
        <con:sourceType>res_biId</con:sourceType>
        <con:sourceStep>Create stockIn interaction success 2</con:sourceStep>
        <con:sourcePath/>
        <con:targetType>req_biId</con:targetType>
        <con:targetStep>Add Aggregated charging cable</con:targetStep>
        <con:targetPath/>
        <con:upgraded>true</con:upgraded>
      </con:transfers>
      <con:transfers setNullOnMissingSource="true" transferTextContent="true" failOnError="true" ignoreEmpty="false" transferToAll="false" entitize="false" transferChildNodes="false">
        <con:name>placeId</con:name>
        <con:sourceType>res_placeId</con:sourceType>
        <con:sourceStep>Create sales organization and user</con:sourceStep>
        <con:targetType>req_placeId</con:targetType>
        <con:targetStep>Add Aggregated charging cable</con:targetStep>
        <con:upgraded>true</con:upgraded>
      </con:transfers>
      <con:transfers setNullOnMissingSource="true" transferTextContent="true" failOnError="true" ignoreEmpty="false" transferToAll="false" entitize="false" transferChildNodes="false">
        <con:name>userId</con:name>
        <con:sourceType>res_userRoleId</con:sourceType>
        <con:sourceStep>Create sales organization and user</con:sourceStep>
        <con:targetType>req_userId</con:targetType>
        <con:targetStep>Add Aggregated charging cable</con:targetStep>
        <con:upgraded>true</con:upgraded>
      </con:transfers>
      <con:transfers setNullOnMissingSource="true" transferTextContent="true" failOnError="true" ignoreEmpty="false" transferToAll="false" entitize="false" transferChildNodes="false">
        <con:name>soId</con:name>
        <con:sourceType>res_salesOrgId</con:sourceType>
        <con:sourceStep>Create sales organization and user</con:sourceStep>
        <con:targetType>req_soId</con:targetType>
        <con:targetStep>Add Aggregated charging cable</con:targetStep>
        <con:upgraded>true</con:upgraded>
      </con:transfers>
    </con:config>
  </con:testStep>
  <con:testStep type="calltestcase" name="Add Aggregated charging cable" id="87494d6c-3140-4a81-bcf5-fa37d2b459eb">
    <con:settings/>
    <con:config xsi:type="con:RunTestCaseStep" xmlns:xsi="http://www.w3.org/2001/XMLSchema-instance">
      <con:targetTestCase>e388536c-6ec1-4f5d-a4f4-39c3b6eadb72</con:targetTestCase>
      <con:properties>
        <con:property>
          <con:name>req_biId</con:name>
          <con:value>1151</con:value>
        </con:property>
        <con:property>
          <con:name>req_placeId</con:name>
          <con:value>24</con:value>
        </con:property>
        <con:property>
          <con:name>req_userId</con:name>
          <con:value>44</con:value>
        </con:property>
        <con:property>
          <con:name>req_soId</con:name>
          <con:value>42</con:value>
        </con:property>
        <con:property>
          <con:name>res_code</con:name>
          <con:value xsi:nil="true"/>
        </con:property>
        <con:property>
          <con:name>res_errorMessage</con:name>
          <con:value xsi:nil="true"/>
        </con:property>
        <con:property>
          <con:name>res_id</con:name>
          <con:value>373</con:value>
        </con:property>
        <con:property>
          <con:name>res_status</con:name>
          <con:value>201</con:value>
        </con:property>
      </con:properties>
      <con:returnProperties>
        <con:entry>res_code</con:entry>
        <con:entry>res_errorMessage</con:entry>
        <con:entry>res_id</con:entry>
        <con:entry>res_status</con:entry>
      </con:returnProperties>
      <con:runMode>PARALLELL</con:runMode>
    </con:config>
  </con:testStep>
  <con:testStep type="assertionteststep" name="Assertion for adding aggregated charging vable" id="8cee97b5-d5f3-4448-acca-2b2640ab89ad">
    <con:settings/>
    <con:config xsi:type="con:AssertionTestStep" xmlns:xsi="http://www.w3.org/2001/XMLSchema-instance">
      <con:entry>
        <con:id>6d3431c1-393e-47b4-9cdd-89e117a8b8e4</con:id>
        <con:isGroup>false</con:isGroup>
        <con:sourceId>87494d6c-3140-4a81-bcf5-fa37d2b459eb</con:sourceId>
        <con:propertyName>res_status</con:propertyName>
        <con:assertion type="Simple Equals" name="Equals" id="ae086d80-19a1-41c5-99f9-36615c2a525e">
          <con:configuration>
            <patternText>201</patternText>
            <caseSensitive>true</caseSensitive>
          </con:configuration>
        </con:assertion>
      </con:entry>
      <con:entry>
        <con:id>1f6108c8-0fc0-40c3-b0be-06badf9a8587</con:id>
        <con:isGroup>false</con:isGroup>
        <con:sourceId>87494d6c-3140-4a81-bcf5-fa37d2b459eb</con:sourceId>
        <con:propertyName>res_id</con:propertyName>
        <con:assertion type="Simple Contains" name="Contains" id="f1f22867-7b49-4a64-813a-49912544f8f0">
          <con:configuration>
            <token>\d+</token>
            <ignoreCase>false</ignoreCase>
            <useRegEx>true</useRegEx>
          </con:configuration>
        </con:assertion>
      </con:entry>
    </con:config>
  </con:testStep>
  <con:testStep type="transfer" name="Property Transfer for adding aggregated stockIn Item charging cable" id="ac42efa7-3dbe-432c-ae74-4d9ff6dea2be">
    <con:settings/>
    <con:config xsi:type="con:PropertyTransfersStep" xmlns:xsi="http://www.w3.org/2001/XMLSchema-instance">
      <con:transfers setNullOnMissingSource="true" transferTextContent="true" failOnError="true" ignoreEmpty="false" transferToAll="false" entitize="false" transferChildNodes="false">
        <con:name>biId</con:name>
        <con:sourceType>res_biId</con:sourceType>
        <con:sourceStep>Create stockIn interaction success 2</con:sourceStep>
        <con:sourcePath/>
        <con:targetType>req_biId</con:targetType>
        <con:targetStep>Add Aggregated stockIn charging cable</con:targetStep>
        <con:targetPath/>
        <con:upgraded>true</con:upgraded>
      </con:transfers>
      <con:transfers setNullOnMissingSource="true" transferTextContent="true" failOnError="true" ignoreEmpty="false" transferToAll="false" entitize="false" transferChildNodes="false">
        <con:name>placeId</con:name>
        <con:sourceType>res_placeId</con:sourceType>
        <con:sourceStep>Create sales organization and user</con:sourceStep>
        <con:targetType>req_placeId</con:targetType>
        <con:targetStep>Add Aggregated stockIn charging cable</con:targetStep>
        <con:upgraded>true</con:upgraded>
      </con:transfers>
      <con:transfers setNullOnMissingSource="true" transferTextContent="true" failOnError="true" ignoreEmpty="false" transferToAll="false" entitize="false" transferChildNodes="false">
        <con:name>userId</con:name>
        <con:sourceType>res_userRoleId</con:sourceType>
        <con:sourceStep>Create sales organization and user</con:sourceStep>
        <con:targetType>req_userId</con:targetType>
        <con:targetStep>Add Aggregated stockIn charging cable</con:targetStep>
        <con:upgraded>true</con:upgraded>
      </con:transfers>
      <con:transfers setNullOnMissingSource="true" transferTextContent="true" failOnError="true" ignoreEmpty="false" transferToAll="false" entitize="false" transferChildNodes="false">
        <con:name>soId</con:name>
        <con:sourceType>res_salesOrgId</con:sourceType>
        <con:sourceStep>Create sales organization and user</con:sourceStep>
        <con:targetType>req_soId</con:targetType>
        <con:targetStep>Add Aggregated stockIn charging cable</con:targetStep>
        <con:upgraded>true</con:upgraded>
      </con:transfers>
      <con:transfers setNullOnMissingSource="true" transferTextContent="true" failOnError="true" ignoreEmpty="false" transferToAll="false" entitize="false" transferChildNodes="false">
        <con:name>aggItemId</con:name>
        <con:sourceType>res_id</con:sourceType>
        <con:sourceStep>Add Aggregated charging cable</con:sourceStep>
        <con:targetType>req_aggregatedItemId</con:targetType>
        <con:targetStep>Add Aggregated stockIn charging cable</con:targetStep>
        <con:upgraded>true</con:upgraded>
      </con:transfers>
    </con:config>
  </con:testStep>
  <con:testStep type="calltestcase" name="Add Aggregated stockIn charging cable" id="29d30882-42e5-4177-8a20-45c94370e592">
    <con:settings/>
    <con:config xsi:type="con:RunTestCaseStep" xmlns:xsi="http://www.w3.org/2001/XMLSchema-instance">
      <con:targetTestCase>b46045a3-3511-4ffb-9bcc-bae811f95477</con:targetTestCase>
      <con:properties>
        <con:property>
          <con:name>req_biId</con:name>
          <con:value>1151</con:value>
        </con:property>
        <con:property>
          <con:name>req_userId</con:name>
          <con:value>44</con:value>
        </con:property>
        <con:property>
          <con:name>req_soId</con:name>
          <con:value>42</con:value>
        </con:property>
        <con:property>
          <con:name>res_code</con:name>
          <con:value>201</con:value>
        </con:property>
        <con:property>
          <con:name>req_productSpecId</con:name>
          <con:value xsi:nil="true"/>
        </con:property>
        <con:property>
          <con:name>req_quantity</con:name>
          <con:value xsi:nil="true"/>
        </con:property>
        <con:property>
          <con:name>req_startSerialNumber</con:name>
          <con:value xsi:nil="true"/>
        </con:property>
        <con:property>
          <con:name>req_serialText</con:name>
          <con:value xsi:nil="true"/>
        </con:property>
        <con:property>
          <con:name>req_endSerialNumber</con:name>
          <con:value xsi:nil="true"/>
        </con:property>
        <con:property>
          <con:name>req_status</con:name>
          <con:value xsi:nil="true"/>
        </con:property>
        <con:property>
          <con:name>req_isPaired</con:name>
          <con:value xsi:nil="true"/>
        </con:property>
        <con:property>
          <con:name>req_productSpecCharUseId</con:name>
          <con:value xsi:nil="true"/>
        </con:property>
        <con:property>
          <con:name>req_productSpecCharId</con:name>
          <con:value xsi:nil="true"/>
        </con:property>
        <con:property>
          <con:name>req_productSpecCharValueId</con:name>
          <con:value xsi:nil="true"/>
        </con:property>
        <con:property>
          <con:name>req_placeId</con:name>
          <con:value>24</con:value>
        </con:property>
        <con:property>
          <con:name>req_description</con:name>
          <con:value xsi:nil="true"/>
        </con:property>
        <con:property>
          <con:name>res_itemId</con:name>
          <con:value>375</con:value>
        </con:property>
        <con:property>
          <con:name>req_aggregatedItemId</con:name>
          <con:value>373</con:value>
        </con:property>
      </con:properties>
      <con:returnProperties>
        <con:entry>res_code</con:entry>
        <con:entry>res_itemId</con:entry>
      </con:returnProperties>
      <con:runMode>PARALLELL</con:runMode>
    </con:config>
  </con:testStep>
  <con:testStep type="assertionteststep" name="Assertion for adding aggregated stockIn charging vable" id="75424bb7-1cf4-403b-ae0a-12f63fb7e008">
    <con:settings/>
    <con:config xsi:type="con:AssertionTestStep" xmlns:xsi="http://www.w3.org/2001/XMLSchema-instance">
      <con:entry>
        <con:id>c155c3ba-391f-40cf-8345-02ee915c5114</con:id>
        <con:isGroup>false</con:isGroup>
        <con:sourceId>29d30882-42e5-4177-8a20-45c94370e592</con:sourceId>
        <con:propertyName>res_code</con:propertyName>
        <con:assertion type="Simple Equals" name="Equals" id="2bce91d3-4d51-4266-9668-e87f4620040b">
          <con:configuration>
            <patternText>201</patternText>
            <caseSensitive>true</caseSensitive>
          </con:configuration>
        </con:assertion>
      </con:entry>
      <con:entry>
        <con:id>97384931-7d47-4a0d-b6ff-4c5a9f7ae68b</con:id>
        <con:isGroup>false</con:isGroup>
        <con:sourceId>29d30882-42e5-4177-8a20-45c94370e592</con:sourceId>
        <con:propertyName>res_itemId</con:propertyName>
        <con:assertion type="Simple Contains" name="Contains" id="a8548fe3-13a5-48ef-8dfc-a2a5bed7111b">
          <con:configuration>
            <token>\d+</token>
            <ignoreCase>false</ignoreCase>
            <useRegEx>true</useRegEx>
          </con:configuration>
        </con:assertion>
      </con:entry>
    </con:config>
  </con:testStep>
  <con:testStep type="transfer" name="Property Transfer for update Requested Quantity for charging cable" id="62a3052e-61b6-4a43-9d42-1c42b3456b22">
    <con:settings/>
    <con:config xsi:type="con:PropertyTransfersStep" xmlns:xsi="http://www.w3.org/2001/XMLSchema-instance">
      <con:transfers setNullOnMissingSource="true" transferTextContent="true" failOnError="true" ignoreEmpty="false" transferToAll="false" entitize="false" transferChildNodes="false">
        <con:name>aggregatedItemId</con:name>
        <con:sourceType>res_id</con:sourceType>
        <con:sourceStep>Add Aggregated charging cable</con:sourceStep>
        <con:sourcePath/>
        <con:targetType>req_aggregatedItemId</con:targetType>
        <con:targetStep>Update Requested Quantity for charging cable</con:targetStep>
        <con:targetPath/>
        <con:upgraded>true</con:upgraded>
      </con:transfers>
      <con:transfers setNullOnMissingSource="true" transferTextContent="true" failOnError="true" ignoreEmpty="false" transferToAll="false" entitize="false" transferChildNodes="false">
        <con:name>quantity</con:name>
        <con:sourceType>150</con:sourceType>
        <con:sourceStep>Given properties for the test steps</con:sourceStep>
        <con:targetType>req_requestedQuantity</con:targetType>
        <con:targetStep>Update Requested Quantity for charging cable</con:targetStep>
        <con:upgraded>true</con:upgraded>
      </con:transfers>
      <con:transfers setNullOnMissingSource="true" transferTextContent="true" failOnError="true" ignoreEmpty="false" transferToAll="false" entitize="false" transferChildNodes="false">
        <con:name>userId</con:name>
        <con:sourceType>res_userRoleId</con:sourceType>
        <con:sourceStep>Create sales organization and user</con:sourceStep>
        <con:targetType>req_userRoleId</con:targetType>
        <con:targetStep>Update Requested Quantity for charging cable</con:targetStep>
        <con:upgraded>true</con:upgraded>
      </con:transfers>
      <con:transfers setNullOnMissingSource="true" transferTextContent="true" failOnError="true" ignoreEmpty="false" transferToAll="false" entitize="false" transferChildNodes="false">
        <con:name>soId</con:name>
        <con:sourceType>res_salesOrgId</con:sourceType>
        <con:sourceStep>Create sales organization and user</con:sourceStep>
        <con:targetType>req_soId</con:targetType>
        <con:targetStep>Update Requested Quantity for charging cable</con:targetStep>
        <con:upgraded>true</con:upgraded>
      </con:transfers>
      <con:transfers setNullOnMissingSource="true" transferTextContent="true" failOnError="true" ignoreEmpty="false" transferToAll="false" entitize="false" transferChildNodes="false">
        <con:name>biId</con:name>
        <con:sourceType>res_biId</con:sourceType>
        <con:sourceStep>Create stockIn interaction success 2</con:sourceStep>
        <con:targetType>req_biId</con:targetType>
        <con:targetStep>Update Requested Quantity for charging cable</con:targetStep>
        <con:upgraded>true</con:upgraded>
      </con:transfers>
    </con:config>
  </con:testStep>
  <con:testStep type="calltestcase" name="Update Requested Quantity for charging cable" id="2f84bd4b-b2e3-4c5c-b6f6-d7650c6d4854">
    <con:settings/>
    <con:config xsi:type="con:RunTestCaseStep" xmlns:xsi="http://www.w3.org/2001/XMLSchema-instance">
      <con:targetTestCase>8bcb89dc-056f-4fbd-842a-24764b105c40</con:targetTestCase>
      <con:properties>
        <con:property>
          <con:name>req_aggregatedItemId</con:name>
          <con:value>373</con:value>
        </con:property>
        <con:property>
          <con:name>req_requestedQuantity</con:name>
          <con:value>150</con:value>
        </con:property>
        <con:property>
          <con:name>req_userRoleId</con:name>
          <con:value>44</con:value>
        </con:property>
        <con:property>
          <con:name>req_soId</con:name>
          <con:value>42</con:value>
        </con:property>
        <con:property>
          <con:name>req_biId</con:name>
          <con:value>1151</con:value>
        </con:property>
        <con:property>
          <con:name>res_status</con:name>
          <con:value>200</con:value>
        </con:property>
        <con:property>
          <con:name>res_code</con:name>
          <con:value/>
        </con:property>
        <con:property>
          <con:name>res_errorMessage</con:name>
          <con:value/>
        </con:property>
        <con:property>
          <con:name>res_response</con:name>
          <con:value>373</con:value>
        </con:property>
      </con:properties>
      <con:returnProperties>
        <con:entry>res_status</con:entry>
        <con:entry>res_code</con:entry>
        <con:entry>res_errorMessage</con:entry>
        <con:entry>res_response</con:entry>
      </con:returnProperties>
      <con:runMode>PARALLELL</con:runMode>
    </con:config>
  </con:testStep>
  <con:testStep type="assertionteststep" name="Assertion for updating reserved quantity for charging cable" id="419e5497-59ac-435f-8b3d-b3160e2e7ee2">
    <con:settings/>
    <con:config xsi:type="con:AssertionTestStep" xmlns:xsi="http://www.w3.org/2001/XMLSchema-instance">
      <con:entry>
        <con:id>0c54276d-a552-47a2-9a7a-65cbdca3ea87</con:id>
        <con:isGroup>false</con:isGroup>
        <con:sourceId>2f84bd4b-b2e3-4c5c-b6f6-d7650c6d4854</con:sourceId>
        <con:propertyName>res_status</con:propertyName>
        <con:assertion type="Simple Equals" name="Equals" id="4c8f517d-1b6e-4266-ad81-5d4066e96491">
          <con:configuration>
            <patternText>200</patternText>
            <caseSensitive>true</caseSensitive>
          </con:configuration>
        </con:assertion>
      </con:entry>
      <con:entry>
        <con:id>8d8e3871-ec35-4685-acb0-d0753e685b91</con:id>
        <con:isGroup>false</con:isGroup>
        <con:sourceId>2f84bd4b-b2e3-4c5c-b6f6-d7650c6d4854</con:sourceId>
        <con:propertyName>req_aggregatedItemId</con:propertyName>
        <con:assertion type="Simple Equals" name="Equals 2" id="dd019a6d-77e4-44d1-b493-ad0961c23583">
          <con:configuration>
            <patternObjectId>2f84bd4b-b2e3-4c5c-b6f6-d7650c6d4854</patternObjectId>
            <patternProperty>res_response</patternProperty>
            <caseSensitive>true</caseSensitive>
          </con:configuration>
        </con:assertion>
      </con:entry>
    </con:config>
  </con:testStep>
  <con:testStep type="transfer" name="Property Transfer for submit stockIn for charging cable" id="18d212bf-b372-4d19-b2e0-214c72864aed">
    <con:settings/>
    <con:config xsi:type="con:PropertyTransfersStep" xmlns:xsi="http://www.w3.org/2001/XMLSchema-instance">
      <con:transfers setNullOnMissingSource="true" transferTextContent="true" failOnError="true" ignoreEmpty="false" transferToAll="false" entitize="false" transferChildNodes="false">
        <con:name>biId</con:name>
        <con:sourceType>res_biId</con:sourceType>
        <con:sourceStep>Create stockIn interaction success 2</con:sourceStep>
        <con:sourcePath/>
        <con:targetType>req_biId</con:targetType>
        <con:targetStep>Submit stockIn for charging cable</con:targetStep>
        <con:targetPath/>
        <con:upgraded>true</con:upgraded>
      </con:transfers>
    </con:config>
  </con:testStep>
  <con:testStep type="calltestcase" name="Submit stockIn for charging cable" id="96140d30-ade8-426b-a84d-bb3cf0afe5a1">
    <con:settings/>
    <con:config xsi:type="con:RunTestCaseStep" xmlns:xsi="http://www.w3.org/2001/XMLSchema-instance">
      <con:targetTestCase>c6afe465-b867-4e9f-9e55-596671d41d0a</con:targetTestCase>
      <con:properties>
        <con:property>
          <con:name>req_biId</con:name>
          <con:value>1151</con:value>
        </con:property>
        <con:property>
          <con:name>res_biId</con:name>
          <con:value>1151</con:value>
        </con:property>
        <con:property>
          <con:name>res_code</con:name>
          <con:value xsi:nil="true"/>
        </con:property>
        <con:property>
          <con:name>res_errorMessage</con:name>
          <con:value xsi:nil="true"/>
        </con:property>
        <con:property>
          <con:name>res_httpStatusCode</con:name>
          <con:value>200</con:value>
        </con:property>
      </con:properties>
      <con:returnProperties>
        <con:entry>res_biId</con:entry>
        <con:entry>res_code</con:entry>
        <con:entry>res_errorMessage</con:entry>
        <con:entry>res_httpStatusCode</con:entry>
      </con:returnProperties>
      <con:runMode>PARALLELL</con:runMode>
    </con:config>
  </con:testStep>
  <con:testStep type="assertionteststep" name="Assertion for submitting stockIn for charging cable" id="ae213006-0629-4377-ac75-763763caf70c">
    <con:settings/>
    <con:config xsi:type="con:AssertionTestStep" xmlns:xsi="http://www.w3.org/2001/XMLSchema-instance">
      <con:entry>
        <con:id>f712e70d-b7d9-43d9-a8b0-bcd27bc6e6be</con:id>
        <con:isGroup>false</con:isGroup>
        <con:sourceId>96140d30-ade8-426b-a84d-bb3cf0afe5a1</con:sourceId>
        <con:propertyName>res_httpStatusCode</con:propertyName>
        <con:assertion type="Simple Equals" name="Equals" id="aa3699d5-81f9-4596-85d0-3539eba788c6">
          <con:configuration>
            <patternText>200</patternText>
            <caseSensitive>true</caseSensitive>
          </con:configuration>
        </con:assertion>
      </con:entry>
      <con:entry>
        <con:id>97f85c66-f062-4a03-b56a-829356e8cead</con:id>
        <con:isGroup>false</con:isGroup>
        <con:sourceId>96140d30-ade8-426b-a84d-bb3cf0afe5a1</con:sourceId>
        <con:propertyName>req_biId</con:propertyName>
        <con:assertion type="Simple Equals" name="Equals 2" id="0f1fe355-6c8c-4287-b243-b8b5a2b19223">
          <con:configuration>
            <patternObjectId>96140d30-ade8-426b-a84d-bb3cf0afe5a1</patternObjectId>
            <patternProperty>res_biId</patternProperty>
            <caseSensitive>true</caseSensitive>
          </con:configuration>
        </con:assertion>
      </con:entry>
    </con:config>
  </con:testStep>
  <con:properties/>
  <con:reportParameters/>
  <con:breakPoints>
    <con:testStepId>708a7f0b-62c8-45c0-b088-2eacd25899c9</con:testStepId>
    <con:status>NONE</con:status>
    <con:properties/>
  </con:breakPoints>
  <con:breakPoints>
    <con:testStepId>70e9126f-ac59-43f3-8508-232a1ec3c839</con:testStepId>
    <con:status>NONE</con:status>
    <con:properties/>
  </con:breakPoints>
  <con:breakPoints>
    <con:testStepId>941fa30b-a705-462a-b733-a83c4dc68477</con:testStepId>
    <con:status>NONE</con:status>
    <con:properties/>
  </con:breakPoints>
  <con:breakPoints>
    <con:testStepId>c47f8fe1-2512-4fa9-8e34-70a27a73a733</con:testStepId>
    <con:status>NONE</con:status>
    <con:properties/>
  </con:breakPoints>
  <con:breakPoints>
    <con:testStepId>959201b4-dcb3-4ddc-9b8f-b3e7a94b96f6</con:testStepId>
    <con:status>NONE</con:status>
    <con:properties/>
  </con:breakPoints>
  <con:breakPoints>
    <con:testStepId>bd16cca3-5d00-4573-ac09-181a8282ec5f</con:testStepId>
    <con:status>NONE</con:status>
    <con:properties/>
  </con:breakPoints>
  <con:breakPoints>
    <con:testStepId>7cbaed25-5003-4544-bf0b-7c640da6a3ef</con:testStepId>
    <con:status>NONE</con:status>
    <con:properties/>
  </con:breakPoints>
  <con:breakPoints>
    <con:testStepId>314de25f-9696-48e3-8015-4acab706e4e6</con:testStepId>
    <con:status>NONE</con:status>
    <con:properties/>
  </con:breakPoints>
  <con:breakPoints>
    <con:testStepId>24809ba5-6cb7-41f8-a5d4-573e6a3f71e2</con:testStepId>
    <con:status>NONE</con:status>
    <con:properties/>
  </con:breakPoints>
  <con:breakPoints>
    <con:testStepId>bc6e6292-6a59-4c5e-82d4-3a373c0dc069</con:testStepId>
    <con:status>NONE</con:status>
    <con:properties/>
  </con:breakPoints>
  <con:breakPoints>
    <con:testStepId>95356766-0a2b-4216-a57b-f3826d3169a0</con:testStepId>
    <con:status>NONE</con:status>
    <con:properties/>
  </con:breakPoints>
  <con:breakPoints>
    <con:testStepId>74bfd37d-b708-41e2-8942-e0868c28d71c</con:testStepId>
    <con:status>NONE</con:status>
    <con:properties/>
  </con:breakPoints>
  <con:breakPoints>
    <con:testStepId>0e422f16-d844-4b62-a502-896a8ebee2a7</con:testStepId>
    <con:status>NONE</con:status>
    <con:properties/>
  </con:breakPoints>
  <con:breakPoints>
    <con:testStepId>e230fef0-6f3b-4251-9b7c-319be13dab11</con:testStepId>
    <con:status>NONE</con:status>
    <con:properties/>
  </con:breakPoints>
  <con:breakPoints>
    <con:testStepId>e7824543-0ffc-48e0-a779-20b79df3c716</con:testStepId>
    <con:status>NONE</con:status>
    <con:properties/>
  </con:breakPoints>
  <con:breakPoints>
    <con:testStepId>2e8b1c41-e004-4119-b53c-d94945340c2c</con:testStepId>
    <con:status>NONE</con:status>
    <con:properties/>
  </con:breakPoints>
  <con:breakPoints>
    <con:testStepId>82923cd0-a76e-48f3-b3a0-505033958168</con:testStepId>
    <con:status>NONE</con:status>
    <con:properties/>
  </con:breakPoints>
  <con:breakPoints>
    <con:testStepId>493e3e78-2c8a-47e1-b0e6-529781bf7a8f</con:testStepId>
    <con:status>NONE</con:status>
    <con:properties/>
  </con:breakPoints>
  <con:breakPoints>
    <con:testStepId>172d8e28-e874-43d1-9573-e646abec1abd</con:testStepId>
    <con:status>NONE</con:status>
    <con:properties/>
  </con:breakPoints>
  <con:breakPoints>
    <con:testStepId>4dfbdcb9-5a4c-4911-9ffb-4cb483110983</con:testStepId>
    <con:status>NONE</con:status>
    <con:properties/>
  </con:breakPoints>
  <con:breakPoints>
    <con:testStepId>d2c25492-e428-4e65-8f2b-8d1b53e07ca8</con:testStepId>
    <con:status>NONE</con:status>
    <con:properties/>
  </con:breakPoints>
  <con:breakPoints>
    <con:testStepId>d9766315-e70c-4e6d-8f2f-8595fd17aca4</con:testStepId>
    <con:status>NONE</con:status>
    <con:properties/>
  </con:breakPoints>
  <con:breakPoints>
    <con:testStepId>80193474-f0f8-4693-ab88-61abb9949ffa</con:testStepId>
    <con:status>NONE</con:status>
    <con:properties/>
  </con:breakPoints>
</con:testCase>