<?xml version="1.0" encoding="UTF-8"?>
<con:testCase id="7fef2c37-5c75-44f8-9080-13656d0381dc" discardOkResults="true" failOnError="true" failTestCaseOnErrors="true" keepSession="false" name="Test Case1" searchProperties="true" timeout="0" xmlns:con="http://eviware.com/soapui/config">
  <con:settings>
    <con:setting id="7fef2c37-5c75-44f8-9080-13656d0381dcfileName">Test-Case1</con:setting>
  </con:settings>
  <con:savedRecentRuns>1</con:savedRecentRuns>
  <con:testStep type="transfer" name="Set default user and sales org id" id="08e4822c-2c8b-49b2-b730-df26d5801d75">
    <con:settings/>
    <con:config xsi:type="con:PropertyTransfersStep" xmlns:xsi="http://www.w3.org/2001/XMLSchema-instance">
      <con:transfers setNullOnMissingSource="true" transferTextContent="true" failOnError="true" ignoreEmpty="false" transferToAll="false" entitize="false" transferChildNodes="false">
        <con:name>userRoleId</con:name>
        <con:sourceType>DefaultUserRoleId</con:sourceType>
        <con:sourceStep>#Project#</con:sourceStep>
        <con:sourcePath/>
        <con:targetType>userIdAdmin</con:targetType>
        <con:targetStep>Given properties for the test steps</con:targetStep>
        <con:targetPath/>
        <con:upgraded>true</con:upgraded>
      </con:transfers>
      <con:transfers setNullOnMissingSource="true" transferTextContent="true" failOnError="true" ignoreEmpty="false" transferToAll="false" entitize="false" transferChildNodes="false">
        <con:name>salesOrgRoleId</con:name>
        <con:sourceType>DefaultSalesOrganizationRoleId</con:sourceType>
        <con:sourceStep>#Project#</con:sourceStep>
        <con:targetType>soIdAdmin</con:targetType>
        <con:targetStep>Given properties for the test steps</con:targetStep>
        <con:upgraded>true</con:upgraded>
      </con:transfers>
    </con:config>
  </con:testStep>
  <con:testStep type="datagen" name="DataGen startSerial" id="d020c07c-2f2a-4412-9b05-a2ff31790442">
    <con:settings/>
    <con:config xsi:type="con:DataGeneratorStep" xmlns:xsi="http://www.w3.org/2001/XMLSchema-instance">
      <con:property type="Number">
        <con:configuration>
          <start>1</start>
          <end>1000</end>
          <step>2</step>
          <pattern>#</pattern>
          <random>true</random>
          <persist>true</persist>
          <current>368.0</current>
        </con:configuration>
        <con:name>quantity</con:name>
        <con:mode>STEP</con:mode>
        <con:shared>true</con:shared>
      </con:property>
      <con:property type="Number">
        <con:configuration>
          <start>1</start>
          <end>100000000</end>
          <step>1</step>
          <pattern>#</pattern>
          <random>true</random>
          <persist>true</persist>
          <current>2.4815092E7</current>
        </con:configuration>
        <con:name>startSerial</con:name>
        <con:mode>STEP</con:mode>
        <con:shared>true</con:shared>
      </con:property>
      <con:property type="Script">
        <con:configuration>
          <script>def quantity = context.expand( '${DataGen startSerial#quantity}' );
def startSerial = context.expand( '${DataGen startSerial#startSerial}' );
testRunner.testCase.testSteps["Given properties for the test steps"].setPropertyValue("quantity", quantity);
testRunner.testCase.testSteps["Given properties for the test steps"].setPropertyValue("startSerialNumber", startSerial);</script>
        </con:configuration>
        <con:name>setQuantityAndSerialNumber</con:name>
        <con:mode>STEP</con:mode>
        <con:shared>false</con:shared>
      </con:property>
    </con:config>
  </con:testStep>
  <con:testStep type="properties" name="Given properties for the test steps" id="f76519cf-133d-40b7-a12d-0c647a3bbbd1">
    <con:settings/>
    <con:config xsi:type="con:PropertiesStep" saveFirst="true" xmlns:xsi="http://www.w3.org/2001/XMLSchema-instance">
      <con:properties>
        <con:property>
          <con:name>biId</con:name>
          <con:value>12401</con:value>
        </con:property>
        <con:property>
          <con:name>character</con:name>
          <con:value>qwerty</con:value>
        </con:property>
        <con:property>
          <con:name>characteristicType1</con:name>
          <con:value>1</con:value>
        </con:property>
        <con:property>
          <con:name>characteristicType2</con:name>
          <con:value>2</con:value>
        </con:property>
        <con:property>
          <con:name>emptyValue</con:name>
          <con:value/>
        </con:property>
        <con:property>
          <con:name>endSerialNumber</con:name>
          <con:value>62776437</con:value>
        </con:property>
        <con:property>
          <con:name>errorMessageAllProductSpecMustBeProvided</con:name>
          <con:value>ALL_PRODUCT_SPEC_CHARACTERISTICS_MUST_BE_PROVIDED</con:value>
        </con:property>
        <con:property>
          <con:name>errorMessageCharUseBelongsToCannotBeNull</con:name>
          <con:value>PRODUCT_SPEC_CHAR_USE_BELONGS_TO_CANNOT_BE_NULL</con:value>
        </con:property>
        <con:property>
          <con:name>errorMessageMandatoryStockInMustBeTrue</con:name>
          <con:value>PRODUCT_SPEC_CHAR_USE_MANDATORY_STOCK_IN_MUST_BE_TRUE</con:value>
        </con:property>
        <con:property>
          <con:name>errorMessageProductSpecCharUseExtIdAlreadyExistis</con:name>
          <con:value>PRODUCT_SPEC_CHAR_USE_EXTERNAL_ID_ALREADY_EXISTS</con:value>
        </con:property>
        <con:property>
          <con:name>errorMessageProductSpecCharValueExternalIdOrIdMustBeGiven</con:name>
          <con:value>PRODUCT_SPEC_CHAR_USE_EXTERNAL_ID_OR_ID_MUST_BE_GIVEN</con:value>
        </con:property>
        <con:property>
          <con:name>httpCode200</con:name>
          <con:value>200</con:value>
        </con:property>
        <con:property>
          <con:name>httpCode201</con:name>
          <con:value>201</con:value>
        </con:property>
        <con:property>
          <con:name>httpCode400</con:name>
          <con:value>400</con:value>
        </con:property>
        <con:property>
          <con:name>httpCode404</con:name>
          <con:value>404</con:value>
        </con:property>
        <con:property>
          <con:name>inventoryExtId</con:name>
          <con:value>inventory-${=java.util.UUID.randomUUID()}</con:value>
        </con:property>
        <con:property>
          <con:name>inventoryId</con:name>
          <con:value>392</con:value>
        </con:property>
        <con:property>
          <con:name>isPairedFalse</con:name>
          <con:value>false</con:value>
        </con:property>
        <con:property>
          <con:name>isPairedTrue</con:name>
          <con:value>true</con:value>
        </con:property>
        <con:property>
          <con:name>isSerializedFalse</con:name>
          <con:value>false</con:value>
        </con:property>
        <con:property>
          <con:name>mandatoryForStockInFalse</con:name>
          <con:value>false</con:value>
        </con:property>
        <con:property>
          <con:name>mandatoryForStockInTrue</con:name>
          <con:value>true</con:value>
        </con:property>
        <con:property>
          <con:name>negative</con:name>
          <con:value>-1</con:value>
        </con:property>
        <con:property>
          <con:name>nonSerializedProductId</con:name>
          <con:value>3</con:value>
        </con:property>
        <con:property>
          <con:name>nonSerializedProductItemId</con:name>
          <con:value>3</con:value>
        </con:property>
        <con:property>
          <con:name>nonSerializedProductSpecCode</con:name>
          <con:value>CODE-APPLMOUSE-1</con:value>
        </con:property>
        <con:property>
          <con:name>nonSerializedProductSpecExtId</con:name>
          <con:value>EXT-APPLMOUSE-1</con:value>
        </con:property>
        <con:property>
          <con:name>placeId</con:name>
          <con:value>198</con:value>
        </con:property>
        <con:property>
          <con:name>productDesc</con:name>
          <con:value>productDesc-${=java.util.UUID.randomUUID()}</con:value>
        </con:property>
        <con:property>
          <con:name>productSpecArticle</con:name>
          <con:value>productSpecArticle-${=java.util.UUID.randomUUID()}</con:value>
        </con:property>
        <con:property>
          <con:name>productSpecCharDesc</con:name>
          <con:value>PRODUCTSPECCHARACTERISTIC-DESC-${=java.util.UUID.randomUUID()}</con:value>
        </con:property>
        <con:property>
          <con:name>productSpecCharExtId</con:name>
          <con:value>productSpecCharExtId-${=java.util.UUID.randomUUID()}</con:value>
        </con:property>
        <con:property>
          <con:name>productSpecCharId</con:name>
          <con:value>1</con:value>
        </con:property>
        <con:property>
          <con:name>productSpecCharName</con:name>
          <con:value>PRODUCTSPECCHARACTERISTIC-NAME-${=java.util.UUID.randomUUID()}</con:value>
        </con:property>
        <con:property>
          <con:name>productSpecCharUseBelongsTo</con:name>
          <con:value>PRODUCT</con:value>
        </con:property>
        <con:property>
          <con:name>productSpecCharUseExtId</con:name>
          <con:value>productSpecCharUseExtId-${=java.util.UUID.randomUUID()}</con:value>
        </con:property>
        <con:property>
          <con:name>productSpecCharUseId</con:name>
          <con:value/>
        </con:property>
        <con:property>
          <con:name>productSpecCharValueId</con:name>
          <con:value>1</con:value>
        </con:property>
        <con:property>
          <con:name>productSpecCharValueType</con:name>
          <con:value>LIST</con:value>
        </con:property>
        <con:property>
          <con:name>productSpecCode</con:name>
          <con:value>productSpecCode-${=java.util.UUID.randomUUID()}</con:value>
        </con:property>
        <con:property>
          <con:name>productSpecExtId</con:name>
          <con:value>productSpecExtId-${=java.util.UUID.randomUUID()}</con:value>
        </con:property>
        <con:property>
          <con:name>productSpecInfoName</con:name>
          <con:value>ProductSpecName</con:value>
        </con:property>
        <con:property>
          <con:name>productStatusSellable</con:name>
          <con:value>1</con:value>
        </con:property>
        <con:property>
          <con:name>productTrackingTypeNonSerialized</con:name>
          <con:value>NonSerialized</con:value>
        </con:property>
        <con:property>
          <con:name>quantity</con:name>
          <con:value>368</con:value>
        </con:property>
        <con:property>
          <con:name>quantityOne</con:name>
          <con:value>1</con:value>
        </con:property>
        <con:property>
          <con:name>quantityTwo</con:name>
          <con:value>2</con:value>
        </con:property>
        <con:property>
          <con:name>salesOrganizationExtId</con:name>
          <con:value>so-${=java.util.UUID.randomUUID()}</con:value>
        </con:property>
        <con:property>
          <con:name>serializedProductId</con:name>
          <con:value>1</con:value>
        </con:property>
        <con:property>
          <con:name>serializedProductItemId</con:name>
          <con:value>4</con:value>
        </con:property>
        <con:property>
          <con:name>serializedProductSpecCode</con:name>
          <con:value>CODE-IPHONE6S-1</con:value>
        </con:property>
        <con:property>
          <con:name>serializedProductSpecExtId</con:name>
          <con:value>EXT-IPHONE6S-1</con:value>
        </con:property>
        <con:property>
          <con:name>serializedWithoutRangeProductId</con:name>
          <con:value>2</con:value>
        </con:property>
        <con:property>
          <con:name>serializedWithoutRangeProductItemId</con:name>
          <con:value>5</con:value>
        </con:property>
        <con:property>
          <con:name>serializedWithoutRangeProductSpecCode</con:name>
          <con:value>CODE-GALAXYNOTE4-1</con:value>
        </con:property>
        <con:property>
          <con:name>serializedWithoutRangeProductSpecExtId</con:name>
          <con:value>EXT-GALAXYNOTE4-1</con:value>
        </con:property>
        <con:property>
          <con:name>serialNumber</con:name>
          <con:value>serialNumber-${=java.util.UUID.randomUUID()}</con:value>
        </con:property>
        <con:property>
          <con:name>soId</con:name>
          <con:value>389</con:value>
        </con:property>
        <con:property>
          <con:name>soIdAdmin</con:name>
          <con:value>1</con:value>
        </con:property>
        <con:property>
          <con:name>startSerialNumber</con:name>
          <con:value>24815092</con:value>
        </con:property>
        <con:property>
          <con:name>stateClosed</con:name>
          <con:value>Closed</con:value>
        </con:property>
        <con:property>
          <con:name>statusActive</con:name>
          <con:value>Active</con:value>
        </con:property>
        <con:property>
          <con:name>stockInBISpecCode</con:name>
          <con:value>STCKINBISPEC</con:value>
        </con:property>
        <con:property>
          <con:name>terminalExtId</con:name>
          <con:value>terminal-${=java.util.UUID.randomUUID()}</con:value>
        </con:property>
        <con:property>
          <con:name>terminalId</con:name>
          <con:value>98</con:value>
        </con:property>
        <con:property>
          <con:name>totalQuantity</con:name>
          <con:value/>
        </con:property>
        <con:property>
          <con:name>userId</con:name>
          <con:value>391</con:value>
        </con:property>
        <con:property>
          <con:name>userIdAdmin</con:name>
          <con:value>2</con:value>
        </con:property>
        <con:property>
          <con:name>userRoleExtId</con:name>
          <con:value>user-${=java.util.UUID.randomUUID()}</con:value>
        </con:property>
        <con:property>
          <con:name>zero</con:name>
          <con:value>0</con:value>
        </con:property>
        <con:property>
          <con:name>true</con:name>
          <con:value>true</con:value>
        </con:property>
        <con:property>
          <con:name>error_BI_ITEM_WITH_ID_IS_NOT_IN_BI_WITH_ID</con:name>
          <con:value>BI_ITEM_WITH_ID_IS_NOT_IN_BI_WITH_ID</con:value>
        </con:property>
      </con:properties>
    </con:config>
  </con:testStep>
  <con:testStep type="transfer" name="Set create sales organization and user" id="a38108f0-5be7-4095-9cb9-b01514777418">
    <con:settings/>
    <con:config xsi:type="con:PropertyTransfersStep" xmlns:xsi="http://www.w3.org/2001/XMLSchema-instance">
      <con:transfers setNullOnMissingSource="true" transferTextContent="true" failOnError="true" ignoreEmpty="false" transferToAll="false" entitize="false" transferChildNodes="false">
        <con:name>userId</con:name>
        <con:sourceType>userIdAdmin</con:sourceType>
        <con:sourceStep>Given properties for the test steps</con:sourceStep>
        <con:sourcePath/>
        <con:targetType>req_createdByUserRoleId</con:targetType>
        <con:targetStep>Create sales organization and user</con:targetStep>
        <con:targetPath/>
        <con:upgraded>true</con:upgraded>
      </con:transfers>
      <con:transfers setNullOnMissingSource="true" transferTextContent="true" failOnError="true" ignoreEmpty="false" transferToAll="false" entitize="false" transferChildNodes="false">
        <con:name>soId</con:name>
        <con:sourceType>soIdAdmin</con:sourceType>
        <con:sourceStep>Given properties for the test steps</con:sourceStep>
        <con:targetType>req_createdBySalesOrgRoleId</con:targetType>
        <con:targetStep>Create sales organization and user</con:targetStep>
        <con:upgraded>true</con:upgraded>
      </con:transfers>
      <con:transfers setNullOnMissingSource="true" transferTextContent="true" failOnError="true" ignoreEmpty="false" transferToAll="false" entitize="false" transferChildNodes="false">
        <con:name>userExtId</con:name>
        <con:sourceType>userRoleExtId</con:sourceType>
        <con:sourceStep>Given properties for the test steps</con:sourceStep>
        <con:targetType>req_userRoleExtId</con:targetType>
        <con:targetStep>Create sales organization and user</con:targetStep>
        <con:upgraded>true</con:upgraded>
      </con:transfers>
      <con:transfers setNullOnMissingSource="true" transferTextContent="true" failOnError="true" ignoreEmpty="false" transferToAll="false" entitize="false" transferChildNodes="false">
        <con:name>soExtId</con:name>
        <con:sourceType>salesOrganizationExtId</con:sourceType>
        <con:sourceStep>Given properties for the test steps</con:sourceStep>
        <con:targetType>req_salesOrgRoleExtId</con:targetType>
        <con:targetStep>Create sales organization and user</con:targetStep>
        <con:upgraded>true</con:upgraded>
      </con:transfers>
      <con:transfers setNullOnMissingSource="true" transferTextContent="true" failOnError="true" ignoreEmpty="false" transferToAll="false" entitize="false" transferChildNodes="false">
        <con:name>terminalExtId</con:name>
        <con:sourceType>terminalExtId</con:sourceType>
        <con:sourceStep>Given properties for the test steps</con:sourceStep>
        <con:targetType>req_terminalExtId</con:targetType>
        <con:targetStep>Create sales organization and user</con:targetStep>
        <con:upgraded>true</con:upgraded>
      </con:transfers>
      <con:transfers setNullOnMissingSource="true" transferTextContent="true" failOnError="true" ignoreEmpty="false" transferToAll="false" entitize="false" transferChildNodes="false">
        <con:name>inventoryExtId</con:name>
        <con:sourceType>inventoryExtId</con:sourceType>
        <con:sourceStep>Given properties for the test steps</con:sourceStep>
        <con:targetType>req_inventoryExtId</con:targetType>
        <con:targetStep>Create sales organization and user</con:targetStep>
        <con:upgraded>true</con:upgraded>
      </con:transfers>
    </con:config>
  </con:testStep>
  <con:testStep type="calltestcase" name="Create sales organization and user" id="f717dfa1-e39b-410b-a11b-fdd88f5c4b68">
    <con:settings/>
    <con:config xsi:type="con:RunTestCaseStep" xmlns:xsi="http://www.w3.org/2001/XMLSchema-instance">
      <con:targetTestCase>b92a7c8d-a0ed-4725-99e9-4866fd949629</con:targetTestCase>
      <con:properties>
        <con:property>
          <con:name>req_createdByUserRoleId</con:name>
          <con:value>2</con:value>
        </con:property>
        <con:property>
          <con:name>req_createdBySalesOrgRoleId</con:name>
          <con:value>1</con:value>
        </con:property>
        <con:property>
          <con:name>req_userRoleExtId</con:name>
          <con:value>user-${=java.util.UUID.randomUUID()}</con:value>
        </con:property>
        <con:property>
          <con:name>req_salesOrgRoleExtId</con:name>
          <con:value>so-${=java.util.UUID.randomUUID()}</con:value>
        </con:property>
        <con:property>
          <con:name>req_terminalExtId</con:name>
          <con:value>terminal-${=java.util.UUID.randomUUID()}</con:value>
        </con:property>
        <con:property>
          <con:name>req_inventoryExtId</con:name>
          <con:value>inventory-${=java.util.UUID.randomUUID()}</con:value>
        </con:property>
        <con:property>
          <con:name>res_salesOrgBiId</con:name>
          <con:value>652</con:value>
        </con:property>
        <con:property>
          <con:name>res_userRoleBiId</con:name>
          <con:value>654</con:value>
        </con:property>
        <con:property>
          <con:name>res_terminalBiId</con:name>
          <con:value>656</con:value>
        </con:property>
        <con:property>
          <con:name>res_inventoryRoleBiId</con:name>
          <con:value>655</con:value>
        </con:property>
        <con:property>
          <con:name>res_salesOrgId</con:name>
          <con:value>389</con:value>
        </con:property>
        <con:property>
          <con:name>res_userRoleId</con:name>
          <con:value>391</con:value>
        </con:property>
        <con:property>
          <con:name>res_terminalId</con:name>
          <con:value>98</con:value>
        </con:property>
        <con:property>
          <con:name>res_inventoryRoleId</con:name>
          <con:value>392</con:value>
        </con:property>
        <con:property>
          <con:name>res_placeId</con:name>
          <con:value>198</con:value>
        </con:property>
        <con:property>
          <con:name>res_soExtId</con:name>
          <con:value>so-57fc158c-ebe6-41ae-a95f-d9b7c5435d58</con:value>
        </con:property>
        <con:property>
          <con:name>res_salesOrganisationExternalId</con:name>
        </con:property>
        <con:property>
          <con:name>userToken</con:name>
          <con:value>Bearer eyJraWQiOiIxIiwiYWxnIjoiUlMyNTYifQ.eyJpc3MiOiJVTVMtUHJlZmlsdGVyLUNoZWNrQXV0aG9yaXplIiwic3ViIjoiVEVTVCIsImF1ZCI6IlJNIiwiaWF0IjoxNDg3MTYwOTc5LCJleHAiOjE1NTI0NzYxODEsImF1dGhfdGltZSI6IjEzMTEyODA4NzAiLCJub25jZSI6Im4tMFM2X1d6QTJNaiIsIm5hbWUiOiJVTVMgVGVzdCBVc2VyIiwieF9kYnNzIjp7ImF1dGh6UHJvZmlsZU5hbWUiOiJDU1JfQXV0aHpQcm9maWxlIiwidmVyc2lvbiI6InYxIiwicGFydHlfaWQiOiIxMjMiLCJleHRlcm5hbF91c2VybmFtZSI6InVzZXItODA1MDhhM2ItOTQ3My00Njc1LTg5NmQtNjRmOTMzNDQwZDE1In19.16E1mAwG2uDP0jhwBopaAvel8qVcSt0Du5js0d33KckkYNifxj5yTGhApHDpZxFRcZsIJX9JPtD4goqv_5s_DQl19EFnYjupgucJfk61uGf-zYswgiUst1yiZyHt47K-BGJsDZ0SvWRCmRv9ezeTstxyXFrsqUv5Q6Ezts-waOg</con:value>
        </con:property>
        <con:property>
          <con:name>userIntToken</con:name>
        </con:property>
        <con:property>
          <con:name>req_email</con:name>
        </con:property>
      </con:properties>
      <con:returnProperties>
        <con:entry>res_inventoryRoleId</con:entry>
        <con:entry>res_placeId</con:entry>
        <con:entry>res_salesOrgId</con:entry>
        <con:entry>res_terminalId</con:entry>
        <con:entry>res_userRoleId</con:entry>
        <con:entry>userToken</con:entry>
      </con:returnProperties>
      <con:runMode>PARALLELL</con:runMode>
    </con:config>
  </con:testStep>
  <con:testStep type="assertionteststep" name="Assertion create sales organization and user" id="7f40bb08-a99d-49a8-a795-942ab65b47df">
    <con:settings/>
    <con:config xsi:type="con:AssertionTestStep" xmlns:xsi="http://www.w3.org/2001/XMLSchema-instance">
      <con:entry>
        <con:id>fdced54a-c503-404d-a094-d67a918e9724</con:id>
        <con:isGroup>false</con:isGroup>
        <con:sourceId>f717dfa1-e39b-410b-a11b-fdd88f5c4b68</con:sourceId>
        <con:propertyName>res_salesOrgId</con:propertyName>
        <con:assertion type="Simple Contains" name="Contains" id="6850d2dc-e004-4c95-b604-37265d1e5396">
          <con:configuration>
            <token>\d+</token>
            <ignoreCase>false</ignoreCase>
            <useRegEx>true</useRegEx>
          </con:configuration>
        </con:assertion>
      </con:entry>
      <con:entry>
        <con:id>e6d37e12-56c5-4ccb-ba31-546f86c37098</con:id>
        <con:isGroup>false</con:isGroup>
        <con:sourceId>f717dfa1-e39b-410b-a11b-fdd88f5c4b68</con:sourceId>
        <con:propertyName>res_userRoleId</con:propertyName>
        <con:assertion type="Simple Contains" name="Contains 2" id="d398ec36-cb75-4587-aeee-551180a23ba3">
          <con:configuration>
            <token>\d+</token>
            <ignoreCase>false</ignoreCase>
            <useRegEx>true</useRegEx>
          </con:configuration>
        </con:assertion>
      </con:entry>
      <con:entry>
        <con:id>752c6dd7-9595-4cc9-8ac0-f6fe99cb8257</con:id>
        <con:isGroup>false</con:isGroup>
        <con:sourceId>f717dfa1-e39b-410b-a11b-fdd88f5c4b68</con:sourceId>
        <con:propertyName>res_terminalId</con:propertyName>
        <con:assertion type="Simple Contains" name="Contains 3" id="8b8fd6f4-93fe-4f0a-bf00-543f29007779">
          <con:configuration>
            <token>\d+</token>
            <ignoreCase>false</ignoreCase>
            <useRegEx>true</useRegEx>
          </con:configuration>
        </con:assertion>
      </con:entry>
      <con:entry>
        <con:id>efd1c63f-34ae-4768-84c1-38b81387e0cd</con:id>
        <con:isGroup>false</con:isGroup>
        <con:sourceId>f717dfa1-e39b-410b-a11b-fdd88f5c4b68</con:sourceId>
        <con:propertyName>res_inventoryRoleId</con:propertyName>
        <con:assertion type="Simple Contains" name="Contains 4" id="5056b730-10dc-4a3e-8953-2531ed5e5233">
          <con:configuration>
            <token>\d+</token>
            <ignoreCase>false</ignoreCase>
            <useRegEx>true</useRegEx>
          </con:configuration>
        </con:assertion>
      </con:entry>
      <con:entry>
        <con:id>6102534d-7fdf-40b5-864f-9d12d3509b6f</con:id>
        <con:isGroup>false</con:isGroup>
        <con:sourceId>f717dfa1-e39b-410b-a11b-fdd88f5c4b68</con:sourceId>
        <con:propertyName>res_placeId</con:propertyName>
        <con:assertion type="Simple Contains" name="Contains 5" id="dd24b2f7-a898-4c13-b12f-ecf0f3c9123c">
          <con:configuration>
            <token>\d+</token>
            <ignoreCase>false</ignoreCase>
            <useRegEx>true</useRegEx>
          </con:configuration>
        </con:assertion>
      </con:entry>
    </con:config>
  </con:testStep>
  <con:testStep type="transfer" name="Property Transfer entityIds" id="28649618-20dd-43ad-b6b5-4a2a1a15253c">
    <con:settings/>
    <con:config xsi:type="con:PropertyTransfersStep" xmlns:xsi="http://www.w3.org/2001/XMLSchema-instance">
      <con:transfers setNullOnMissingSource="true" transferTextContent="true" failOnError="true" ignoreEmpty="false" transferToAll="false" entitize="false" transferChildNodes="false">
        <con:name>soId</con:name>
        <con:sourceType>res_salesOrgId</con:sourceType>
        <con:sourceStep>Create sales organization and user</con:sourceStep>
        <con:sourcePath/>
        <con:targetType>soId</con:targetType>
        <con:targetStep>Given properties for the test steps</con:targetStep>
        <con:targetPath/>
        <con:upgraded>true</con:upgraded>
      </con:transfers>
      <con:transfers setNullOnMissingSource="true" transferTextContent="true" failOnError="true" ignoreEmpty="false" transferToAll="false" entitize="false" transferChildNodes="false">
        <con:name>inventoryId</con:name>
        <con:sourceType>res_inventoryRoleId</con:sourceType>
        <con:sourceStep>Create sales organization and user</con:sourceStep>
        <con:targetType>inventoryId</con:targetType>
        <con:targetStep>Given properties for the test steps</con:targetStep>
        <con:upgraded>true</con:upgraded>
      </con:transfers>
      <con:transfers setNullOnMissingSource="true" transferTextContent="true" failOnError="true" ignoreEmpty="false" transferToAll="false" entitize="false" transferChildNodes="false">
        <con:name>userId</con:name>
        <con:sourceType>res_userRoleId</con:sourceType>
        <con:sourceStep>Create sales organization and user</con:sourceStep>
        <con:targetType>userId</con:targetType>
        <con:targetStep>Given properties for the test steps</con:targetStep>
        <con:upgraded>true</con:upgraded>
      </con:transfers>
      <con:transfers setNullOnMissingSource="true" transferTextContent="true" failOnError="true" ignoreEmpty="false" transferToAll="false" entitize="false" transferChildNodes="false">
        <con:name>terminalId</con:name>
        <con:sourceType>res_terminalId</con:sourceType>
        <con:sourceStep>Create sales organization and user</con:sourceStep>
        <con:targetType>terminalId</con:targetType>
        <con:targetStep>Given properties for the test steps</con:targetStep>
        <con:upgraded>true</con:upgraded>
      </con:transfers>
      <con:transfers setNullOnMissingSource="true" transferTextContent="true" failOnError="true" ignoreEmpty="false" transferToAll="false" entitize="false" transferChildNodes="false">
        <con:name>placeId</con:name>
        <con:sourceType>res_placeId</con:sourceType>
        <con:sourceStep>Create sales organization and user</con:sourceStep>
        <con:targetType>placeId</con:targetType>
        <con:targetStep>Given properties for the test steps</con:targetStep>
        <con:upgraded>true</con:upgraded>
      </con:transfers>
    </con:config>
  </con:testStep>
  <con:testStep type="transfer" name="Set start session business interaction parameters" id="661bbc44-5784-444a-8adb-7c34badb9997">
    <con:settings/>
    <con:config xsi:type="con:PropertyTransfersStep" xmlns:xsi="http://www.w3.org/2001/XMLSchema-instance">
      <con:transfers setNullOnMissingSource="true" transferTextContent="true" failOnError="true" ignoreEmpty="false" transferToAll="false" entitize="false" transferChildNodes="false">
        <con:name>terminalId</con:name>
        <con:sourceType>res_terminalId</con:sourceType>
        <con:sourceStep>Create sales organization and user</con:sourceStep>
        <con:sourcePath/>
        <con:targetType>req_terminalId</con:targetType>
        <con:targetStep>Create and submit start session business interaction</con:targetStep>
        <con:targetPath/>
        <con:upgraded>true</con:upgraded>
      </con:transfers>
      <con:transfers setNullOnMissingSource="true" transferTextContent="true" failOnError="true" ignoreEmpty="false" transferToAll="false" entitize="false" transferChildNodes="false">
        <con:name>soId</con:name>
        <con:sourceType>res_salesOrgId</con:sourceType>
        <con:sourceStep>Create sales organization and user</con:sourceStep>
        <con:targetType>req_salesOrgRoleId</con:targetType>
        <con:targetStep>Create and submit start session business interaction</con:targetStep>
        <con:upgraded>true</con:upgraded>
      </con:transfers>
      <con:transfers setNullOnMissingSource="true" transferTextContent="true" failOnError="true" ignoreEmpty="false" transferToAll="false" entitize="false" transferChildNodes="false">
        <con:name>userId</con:name>
        <con:sourceType>res_userRoleId</con:sourceType>
        <con:sourceStep>Create sales organization and user</con:sourceStep>
        <con:targetType>req_userRoleId</con:targetType>
        <con:targetStep>Create and submit start session business interaction</con:targetStep>
        <con:upgraded>true</con:upgraded>
      </con:transfers>
    </con:config>
  </con:testStep>
  <con:testStep type="calltestcase" name="Create and submit start session business interaction" id="9c7e6d75-3b33-4784-85ba-a1ff21cc7a06">
    <con:settings/>
    <con:config xsi:type="con:RunTestCaseStep" xmlns:xsi="http://www.w3.org/2001/XMLSchema-instance">
      <con:targetTestCase>a8bc6612-7b48-44cc-84ed-0b76bc1c8f6d</con:targetTestCase>
      <con:properties>
        <con:property>
          <con:name>req_terminalId</con:name>
          <con:value>98</con:value>
        </con:property>
        <con:property>
          <con:name>req_userRoleId</con:name>
          <con:value>391</con:value>
        </con:property>
        <con:property>
          <con:name>req_salesOrgRoleId</con:name>
          <con:value>389</con:value>
        </con:property>
        <con:property>
          <con:name>res_biId</con:name>
          <con:value>12301</con:value>
        </con:property>
      </con:properties>
      <con:returnProperties>
        <con:entry>res_biId</con:entry>
      </con:returnProperties>
      <con:runMode>PARALLELL</con:runMode>
    </con:config>
  </con:testStep>
  <con:testStep type="assertionteststep" name="Assertion start session submitted successfully" id="5caf4f22-ae40-4abe-b1ed-8dac2304941d">
    <con:settings/>
    <con:config xsi:type="con:AssertionTestStep" xmlns:xsi="http://www.w3.org/2001/XMLSchema-instance">
      <con:entry>
        <con:id>e3ba0f79-36ee-4eba-a8d3-d19a6575cd27</con:id>
        <con:isGroup>false</con:isGroup>
        <con:sourceId>9c7e6d75-3b33-4784-85ba-a1ff21cc7a06</con:sourceId>
        <con:propertyName>res_biId</con:propertyName>
        <con:assertion type="Simple Contains" name="Contains" id="5be7febe-d69b-4630-8b80-0db47c8e488d">
          <con:configuration>
            <token>\d+</token>
            <ignoreCase>false</ignoreCase>
            <useRegEx>true</useRegEx>
          </con:configuration>
        </con:assertion>
      </con:entry>
    </con:config>
  </con:testStep>
  <con:testStep type="transfer" name="Set create stockIn interaction without biSpec" id="eb536a9f-278a-4bbf-890b-3eae9de7beb0">
    <con:settings/>
    <con:config xsi:type="con:PropertyTransfersStep" xmlns:xsi="http://www.w3.org/2001/XMLSchema-instance">
      <con:transfers setNullOnMissingSource="true" transferTextContent="true" failOnError="true" ignoreEmpty="false" transferToAll="false" entitize="false" transferChildNodes="false">
        <con:name>userId</con:name>
        <con:sourceType>userId</con:sourceType>
        <con:sourceStep>Given properties for the test steps</con:sourceStep>
        <con:sourcePath/>
        <con:targetType>req_userRoleId</con:targetType>
        <con:targetStep>Create stockIn interaction without biSpec</con:targetStep>
        <con:targetPath/>
        <con:upgraded>true</con:upgraded>
      </con:transfers>
      <con:transfers setNullOnMissingSource="true" transferTextContent="true" failOnError="true" ignoreEmpty="false" transferToAll="false" entitize="false" transferChildNodes="false">
        <con:name>soId</con:name>
        <con:sourceType>soId</con:sourceType>
        <con:sourceStep>Given properties for the test steps</con:sourceStep>
        <con:targetType>req_soRoleId</con:targetType>
        <con:targetStep>Create stockIn interaction without biSpec</con:targetStep>
        <con:upgraded>true</con:upgraded>
      </con:transfers>
    </con:config>
  </con:testStep>
  <con:testStep type="calltestcase" name="Create stockIn interaction without biSpec" id="86afadde-e112-4423-9cff-1a128b91561c">
    <con:settings/>
    <con:config xsi:type="con:RunTestCaseStep" xmlns:xsi="http://www.w3.org/2001/XMLSchema-instance">
      <con:targetTestCase>bba3ce34-4cc5-41fb-98a0-894988e91181</con:targetTestCase>
      <con:properties>
        <con:property>
          <con:name>req_userRoleId</con:name>
          <con:value>391</con:value>
        </con:property>
        <con:property>
          <con:name>req_soRoleId</con:name>
          <con:value>389</con:value>
        </con:property>
        <con:property>
          <con:name>req_biSpecCode</con:name>
        </con:property>
        <con:property>
          <con:name>res_biId</con:name>
          <con:value xsi:nil="true"/>
        </con:property>
        <con:property>
          <con:name>res_code</con:name>
          <con:value>400</con:value>
        </con:property>
        <con:property>
          <con:name>res_errorMessage</con:name>
          <con:value>BUSINESS_INTERACTION_CODE_MUST_BE_PROVIDED</con:value>
        </con:property>
        <con:property>
          <con:name>res_httpStatus</con:name>
        </con:property>
      </con:properties>
      <con:returnProperties>
        <con:entry>res_biId</con:entry>
        <con:entry>res_code</con:entry>
        <con:entry>res_errorMessage</con:entry>
      </con:returnProperties>
      <con:runMode>PARALLELL</con:runMode>
    </con:config>
  </con:testStep>
  <con:testStep type="assertionteststep" name="Assertion create stockIn interaction without biSpec" id="03822b6e-e5cb-4e19-9b55-4b54b2785fee">
    <con:settings/>
    <con:config xsi:type="con:AssertionTestStep" xmlns:xsi="http://www.w3.org/2001/XMLSchema-instance">
      <con:entry>
        <con:id>6724a805-456e-4c18-a82b-df79ad87d151</con:id>
        <con:isGroup>false</con:isGroup>
        <con:sourceId>86afadde-e112-4423-9cff-1a128b91561c</con:sourceId>
        <con:propertyName>res_errorMessage</con:propertyName>
        <con:assertion type="Simple Contains" name="Contains" id="bc35e5ba-1d61-44a9-a989-4abc9877542a">
          <con:configuration>
            <token>\w+</token>
            <ignoreCase>false</ignoreCase>
            <useRegEx>true</useRegEx>
          </con:configuration>
        </con:assertion>
      </con:entry>
    </con:config>
  </con:testStep>
  <con:testStep type="transfer" name="Set create stockIn interaction with none associate user" id="46e48567-68d6-46a0-807f-0827aa2c3507">
    <con:settings/>
    <con:config xsi:type="con:PropertyTransfersStep" xmlns:xsi="http://www.w3.org/2001/XMLSchema-instance">
      <con:transfers setNullOnMissingSource="true" transferTextContent="true" failOnError="true" ignoreEmpty="false" transferToAll="false" entitize="false" transferChildNodes="false">
        <con:name>userId</con:name>
        <con:sourceType>DefaultUserRoleId</con:sourceType>
        <con:sourceStep>#Project#</con:sourceStep>
        <con:sourcePath/>
        <con:targetType>req_userRoleId</con:targetType>
        <con:targetStep>Create stockIn interaction with none associate user</con:targetStep>
        <con:targetPath/>
        <con:upgraded>true</con:upgraded>
      </con:transfers>
      <con:transfers setNullOnMissingSource="true" transferTextContent="true" failOnError="true" ignoreEmpty="false" transferToAll="false" entitize="false" transferChildNodes="false">
        <con:name>soId</con:name>
        <con:sourceType>soId</con:sourceType>
        <con:sourceStep>Given properties for the test steps</con:sourceStep>
        <con:targetType>req_soRoleId</con:targetType>
        <con:targetStep>Create stockIn interaction with none associate user</con:targetStep>
        <con:upgraded>true</con:upgraded>
      </con:transfers>
      <con:transfers setNullOnMissingSource="true" transferTextContent="true" failOnError="true" ignoreEmpty="false" transferToAll="false" entitize="false" transferChildNodes="false">
        <con:name>biSpecCode</con:name>
        <con:sourceType>stockInBISpecCode</con:sourceType>
        <con:sourceStep>Given properties for the test steps</con:sourceStep>
        <con:targetType>req_biSpecCode</con:targetType>
        <con:targetStep>Create stockIn interaction with none associate user</con:targetStep>
        <con:upgraded>true</con:upgraded>
      </con:transfers>
    </con:config>
  </con:testStep>
  <con:testStep type="calltestcase" name="Create stockIn interaction with none associate user" id="9efdebb8-f537-4668-8951-970bcbc58344">
    <con:settings/>
    <con:config xsi:type="con:RunTestCaseStep" xmlns:xsi="http://www.w3.org/2001/XMLSchema-instance">
      <con:targetTestCase>bba3ce34-4cc5-41fb-98a0-894988e91181</con:targetTestCase>
      <con:properties>
        <con:property>
          <con:name>req_userRoleId</con:name>
          <con:value>2</con:value>
        </con:property>
        <con:property>
          <con:name>req_soRoleId</con:name>
          <con:value>389</con:value>
        </con:property>
        <con:property>
          <con:name>req_biSpecCode</con:name>
          <con:value>STCKINBISPEC</con:value>
        </con:property>
        <con:property>
          <con:name>res_biId</con:name>
          <con:value xsi:nil="true"/>
        </con:property>
        <con:property>
          <con:name>res_code</con:name>
          <con:value>403</con:value>
        </con:property>
        <con:property>
          <con:name>res_errorMessage</con:name>
          <con:value>Invalid user role id in the request</con:value>
        </con:property>
        <con:property>
          <con:name>res_httpStatus</con:name>
        </con:property>
      </con:properties>
      <con:returnProperties>
        <con:entry>res_biId</con:entry>
        <con:entry>res_code</con:entry>
        <con:entry>res_errorMessage</con:entry>
      </con:returnProperties>
      <con:runMode>PARALLELL</con:runMode>
    </con:config>
  </con:testStep>
  <con:testStep type="assertionteststep" name="Assertion create stockIn interaction with none associate user" id="25cda6a0-fa82-4fff-8240-795ab9b6ffd1">
    <con:settings/>
    <con:config xsi:type="con:AssertionTestStep" xmlns:xsi="http://www.w3.org/2001/XMLSchema-instance">
      <con:entry>
        <con:id>964d87c0-038f-438e-8a33-7e116252fc3c</con:id>
        <con:isGroup>false</con:isGroup>
        <con:sourceId>9efdebb8-f537-4668-8951-970bcbc58344</con:sourceId>
        <con:propertyName>res_errorMessage</con:propertyName>
        <con:assertion type="Simple Contains" name="Contains" id="23648663-0c9b-48ca-8258-5727546127a4">
          <con:configuration>
            <token>\w+</token>
            <ignoreCase>false</ignoreCase>
            <useRegEx>true</useRegEx>
          </con:configuration>
        </con:assertion>
      </con:entry>
    </con:config>
  </con:testStep>
  <con:testStep type="transfer" name="Set add stockIn Item with none existing biId" id="76a04cf9-dbc2-4a45-8175-bcf3dcb04f74">
    <con:settings/>
    <con:config xsi:type="con:PropertyTransfersStep" xmlns:xsi="http://www.w3.org/2001/XMLSchema-instance">
      <con:transfers setNullOnMissingSource="true" transferTextContent="true" failOnError="true" ignoreEmpty="false" transferToAll="false" entitize="false" transferChildNodes="false">
        <con:name>biId</con:name>
        <con:sourceType>zero</con:sourceType>
        <con:sourceStep>Given properties for the test steps</con:sourceStep>
        <con:sourcePath/>
        <con:targetType>req_biId</con:targetType>
        <con:targetStep>Add stockIn Item with none existing biId</con:targetStep>
        <con:targetPath/>
        <con:upgraded>true</con:upgraded>
      </con:transfers>
      <con:transfers setNullOnMissingSource="true" transferTextContent="true" failOnError="true" ignoreEmpty="false" transferToAll="false" entitize="false" transferChildNodes="false">
        <con:name>productSpecExtId</con:name>
        <con:sourceType>serializedProductSpecExtId</con:sourceType>
        <con:sourceStep>Given properties for the test steps</con:sourceStep>
        <con:targetType>req_prodSpecExternalId</con:targetType>
        <con:targetStep>Add stockIn Item with none existing biId</con:targetStep>
        <con:upgraded>true</con:upgraded>
      </con:transfers>
      <con:transfers setNullOnMissingSource="true" transferTextContent="true" failOnError="true" ignoreEmpty="false" transferToAll="false" entitize="false" transferChildNodes="false">
        <con:name>quantity</con:name>
        <con:sourceType>quantity</con:sourceType>
        <con:sourceStep>Given properties for the test steps</con:sourceStep>
        <con:targetType>req_quantity</con:targetType>
        <con:targetStep>Add stockIn Item with none existing biId</con:targetStep>
        <con:upgraded>true</con:upgraded>
      </con:transfers>
      <con:transfers setNullOnMissingSource="true" transferTextContent="true" failOnError="true" ignoreEmpty="false" transferToAll="false" entitize="false" transferChildNodes="false">
        <con:name>placeId</con:name>
        <con:sourceType>placeId</con:sourceType>
        <con:sourceStep>Given properties for the test steps</con:sourceStep>
        <con:targetType>req_placeId</con:targetType>
        <con:targetStep>Add stockIn Item with none existing biId</con:targetStep>
        <con:upgraded>true</con:upgraded>
      </con:transfers>
      <con:transfers setNullOnMissingSource="true" transferTextContent="true" failOnError="true" ignoreEmpty="false" transferToAll="false" entitize="false" transferChildNodes="false">
        <con:name>productStatus</con:name>
        <con:sourceType>productStatusSellable</con:sourceType>
        <con:sourceStep>Given properties for the test steps</con:sourceStep>
        <con:targetType>req_productStatus</con:targetType>
        <con:targetStep>Add stockIn Item with none existing biId</con:targetStep>
        <con:upgraded>true</con:upgraded>
      </con:transfers>
      <con:transfers setNullOnMissingSource="true" transferTextContent="true" failOnError="true" ignoreEmpty="false" transferToAll="false" entitize="false" transferChildNodes="false">
        <con:name>productDesc</con:name>
        <con:sourceType>productSpecCharDesc</con:sourceType>
        <con:sourceStep>Given properties for the test steps</con:sourceStep>
        <con:targetType>req_description</con:targetType>
        <con:targetStep>Add stockIn Item with none existing biId</con:targetStep>
        <con:upgraded>true</con:upgraded>
      </con:transfers>
      <con:transfers setNullOnMissingSource="true" transferTextContent="true" failOnError="true" ignoreEmpty="false" transferToAll="false" entitize="false" transferChildNodes="false">
        <con:name>productSpecCharUseId</con:name>
        <con:sourceType>productSpecCharUseId</con:sourceType>
        <con:sourceStep>Given properties for the test steps</con:sourceStep>
        <con:targetType>req_productSpecCharUseId</con:targetType>
        <con:targetStep>Add stockIn Item with none existing biId</con:targetStep>
        <con:upgraded>true</con:upgraded>
      </con:transfers>
      <con:transfers setNullOnMissingSource="true" transferTextContent="true" failOnError="true" ignoreEmpty="false" transferToAll="false" entitize="false" transferChildNodes="false">
        <con:name>productSpecCharId</con:name>
        <con:sourceType>productSpecCharId</con:sourceType>
        <con:sourceStep>Given properties for the test steps</con:sourceStep>
        <con:targetType>req_productSpecCharId</con:targetType>
        <con:targetStep>Add stockIn Item with none existing biId</con:targetStep>
        <con:upgraded>true</con:upgraded>
      </con:transfers>
      <con:transfers setNullOnMissingSource="true" transferTextContent="true" failOnError="true" ignoreEmpty="false" transferToAll="false" entitize="false" transferChildNodes="false">
        <con:name>productSpecCharValueId</con:name>
        <con:sourceType>productSpecCharValueId</con:sourceType>
        <con:sourceStep>Given properties for the test steps</con:sourceStep>
        <con:targetType>req_productSpecCharValueId</con:targetType>
        <con:targetStep>Add stockIn Item with none existing biId</con:targetStep>
        <con:upgraded>true</con:upgraded>
      </con:transfers>
      <con:transfers setNullOnMissingSource="true" transferTextContent="true" failOnError="true" ignoreEmpty="false" transferToAll="false" entitize="false" transferChildNodes="false">
        <con:name>isPaired</con:name>
        <con:sourceType>isPairedFalse</con:sourceType>
        <con:sourceStep>Given properties for the test steps</con:sourceStep>
        <con:targetType>req_isPaired</con:targetType>
        <con:targetStep>Add stockIn Item with none existing biId</con:targetStep>
        <con:upgraded>true</con:upgraded>
      </con:transfers>
      <con:transfers setNullOnMissingSource="true" transferTextContent="true" failOnError="true" ignoreEmpty="false" transferToAll="false" entitize="false" transferChildNodes="false">
        <con:name>startSerial</con:name>
        <con:sourceType>startSerialNumber</con:sourceType>
        <con:sourceStep>Given properties for the test steps</con:sourceStep>
        <con:targetType>req_startSerial</con:targetType>
        <con:targetStep>Add stockIn Item with none existing biId</con:targetStep>
        <con:upgraded>true</con:upgraded>
      </con:transfers>
      <con:transfers setNullOnMissingSource="true" transferTextContent="true" failOnError="true" ignoreEmpty="false" transferToAll="false" entitize="false" transferChildNodes="false">
        <con:name>endSerial</con:name>
        <con:sourceType>endSerialNumber</con:sourceType>
        <con:sourceStep>Given properties for the test steps</con:sourceStep>
        <con:targetType>req_endSerial</con:targetType>
        <con:targetStep>Add stockIn Item with none existing biId</con:targetStep>
        <con:upgraded>true</con:upgraded>
      </con:transfers>
      <con:transfers setNullOnMissingSource="true" transferTextContent="true" failOnError="true" ignoreEmpty="false" transferToAll="false" entitize="false" transferChildNodes="false">
        <con:name>serialNumber</con:name>
        <con:sourceType>serialNumber</con:sourceType>
        <con:sourceStep>Given properties for the test steps</con:sourceStep>
        <con:targetType>req_serialNumber</con:targetType>
        <con:targetStep>Add stockIn Item with none existing biId</con:targetStep>
        <con:upgraded>true</con:upgraded>
      </con:transfers>
    </con:config>
  </con:testStep>
  <con:testStep type="calltestcase" name="Add stockIn Item with none existing biId" id="2b7ac3a8-62c6-4205-8a88-c15ee28fbc88">
    <con:settings/>
    <con:config xsi:type="con:RunTestCaseStep" xmlns:xsi="http://www.w3.org/2001/XMLSchema-instance">
      <con:targetTestCase>2a528d8b-5b13-4d95-87ac-42a9644387c3</con:targetTestCase>
      <con:properties>
        <con:property>
          <con:name>req_biId</con:name>
          <con:value>0</con:value>
        </con:property>
        <con:property>
          <con:name>req_prodSpecExternalId</con:name>
          <con:value>EXT-IPHONE6S-1</con:value>
        </con:property>
        <con:property>
          <con:name>req_quantity</con:name>
          <con:value>368</con:value>
        </con:property>
        <con:property>
          <con:name>req_placeId</con:name>
          <con:value>198</con:value>
        </con:property>
        <con:property>
          <con:name>req_productStatus</con:name>
          <con:value>1</con:value>
        </con:property>
        <con:property>
          <con:name>req_description</con:name>
          <con:value>PRODUCTSPECCHARACTERISTIC-DESC-${=java.util.UUID.randomUUID()}</con:value>
        </con:property>
        <con:property>
          <con:name>res_id</con:name>
          <con:value xsi:nil="true"/>
        </con:property>
        <con:property>
          <con:name>req_productSpecCharUseId</con:name>
          <con:value/>
        </con:property>
        <con:property>
          <con:name>req_productSpecCharId</con:name>
          <con:value>1</con:value>
        </con:property>
        <con:property>
          <con:name>req_productSpecCharValueId</con:name>
          <con:value>1</con:value>
        </con:property>
        <con:property>
          <con:name>req_isPaired</con:name>
          <con:value>false</con:value>
        </con:property>
        <con:property>
          <con:name>req_startSerial</con:name>
          <con:value>24815092</con:value>
        </con:property>
        <con:property>
          <con:name>req_endSerial</con:name>
          <con:value>62776437</con:value>
        </con:property>
        <con:property>
          <con:name>res_startSerial</con:name>
        </con:property>
        <con:property>
          <con:name>res_endSerial</con:name>
        </con:property>
        <con:property>
          <con:name>res_code</con:name>
          <con:value>BI_WITH_ID_NOT_FOUND</con:value>
        </con:property>
        <con:property>
          <con:name>res_quantity</con:name>
          <con:value>368</con:value>
        </con:property>
        <con:property>
          <con:name>req_serialNumber</con:name>
          <con:value>serialNumber-${=java.util.UUID.randomUUID()}</con:value>
        </con:property>
        <con:property>
          <con:name>res_errorMessage</con:name>
        </con:property>
      </con:properties>
      <con:returnProperties>
        <con:entry>res_code</con:entry>
        <con:entry>res_quantity</con:entry>
      </con:returnProperties>
      <con:runMode>PARALLELL</con:runMode>
    </con:config>
  </con:testStep>
  <con:testStep type="assertionteststep" name="Assertion add stockIn item with none existing biId" id="567985fa-3556-48fa-b061-683145ca9106">
    <con:settings/>
    <con:config xsi:type="con:AssertionTestStep" xmlns:xsi="http://www.w3.org/2001/XMLSchema-instance">
      <con:entry>
        <con:id>a2d80b48-b942-4067-ad94-bf1f58637c45</con:id>
        <con:isGroup>false</con:isGroup>
        <con:sourceId>2b7ac3a8-62c6-4205-8a88-c15ee28fbc88</con:sourceId>
        <con:propertyName>res_code</con:propertyName>
        <con:assertion type="Simple Contains" name="Contains" id="007bb21c-5b24-4340-8c51-3501cc88b77f">
          <con:configuration>
            <token>\w+</token>
            <ignoreCase>false</ignoreCase>
            <useRegEx>true</useRegEx>
          </con:configuration>
        </con:assertion>
      </con:entry>
    </con:config>
  </con:testStep>
  <con:testStep type="transfer" name="Set create stockIn interaction success" id="c808acaa-1cb6-46d9-9de2-2029ed155460">
    <con:settings/>
    <con:config xsi:type="con:PropertyTransfersStep" xmlns:xsi="http://www.w3.org/2001/XMLSchema-instance">
      <con:transfers setNullOnMissingSource="true" transferTextContent="true" failOnError="true" ignoreEmpty="false" transferToAll="false" entitize="false" transferChildNodes="false">
        <con:name>userId</con:name>
        <con:sourceType>userId</con:sourceType>
        <con:sourceStep>Given properties for the test steps</con:sourceStep>
        <con:sourcePath/>
        <con:targetType>req_userRoleId</con:targetType>
        <con:targetStep>Create stockIn interaction success</con:targetStep>
        <con:targetPath/>
        <con:upgraded>true</con:upgraded>
      </con:transfers>
      <con:transfers setNullOnMissingSource="true" transferTextContent="true" failOnError="true" ignoreEmpty="false" transferToAll="false" entitize="false" transferChildNodes="false">
        <con:name>soId</con:name>
        <con:sourceType>soId</con:sourceType>
        <con:sourceStep>Given properties for the test steps</con:sourceStep>
        <con:targetType>req_soRoleId</con:targetType>
        <con:targetStep>Create stockIn interaction success</con:targetStep>
        <con:upgraded>true</con:upgraded>
      </con:transfers>
      <con:transfers setNullOnMissingSource="true" transferTextContent="true" failOnError="true" ignoreEmpty="false" transferToAll="false" entitize="false" transferChildNodes="false">
        <con:name>biSpecCode</con:name>
        <con:sourceType>stockInBISpecCode</con:sourceType>
        <con:sourceStep>Given properties for the test steps</con:sourceStep>
        <con:targetType>req_biSpecCode</con:targetType>
        <con:targetStep>Create stockIn interaction success</con:targetStep>
        <con:upgraded>true</con:upgraded>
      </con:transfers>
    </con:config>
  </con:testStep>
  <con:testStep type="calltestcase" name="Create stockIn interaction success" id="a5b32bcc-4a55-41c0-8c64-4ce1c7be59a0">
    <con:settings/>
    <con:config xsi:type="con:RunTestCaseStep" xmlns:xsi="http://www.w3.org/2001/XMLSchema-instance">
      <con:targetTestCase>bba3ce34-4cc5-41fb-98a0-894988e91181</con:targetTestCase>
      <con:properties>
        <con:property>
          <con:name>req_userRoleId</con:name>
          <con:value>391</con:value>
        </con:property>
        <con:property>
          <con:name>req_soRoleId</con:name>
          <con:value>389</con:value>
        </con:property>
        <con:property>
          <con:name>req_biSpecCode</con:name>
          <con:value>STCKINBISPEC</con:value>
        </con:property>
        <con:property>
          <con:name>res_biId</con:name>
          <con:value>12321</con:value>
        </con:property>
        <con:property>
          <con:name>res_code</con:name>
          <con:value>201</con:value>
        </con:property>
        <con:property>
          <con:name>res_errorMessage</con:name>
          <con:value xsi:nil="true"/>
        </con:property>
        <con:property>
          <con:name>res_httpStatus</con:name>
        </con:property>
      </con:properties>
      <con:returnProperties>
        <con:entry>res_biId</con:entry>
        <con:entry>res_code</con:entry>
        <con:entry>res_errorMessage</con:entry>
      </con:returnProperties>
      <con:runMode>PARALLELL</con:runMode>
    </con:config>
  </con:testStep>
  <con:testStep type="assertionteststep" name="Assertion create stockIn interaction" id="37e45323-98a4-4a5e-8b23-f10098a2876f">
    <con:settings/>
    <con:config xsi:type="con:AssertionTestStep" xmlns:xsi="http://www.w3.org/2001/XMLSchema-instance">
      <con:entry>
        <con:id>a63e5ad2-2f4e-42a2-89bb-0c4ded9866ec</con:id>
        <con:isGroup>false</con:isGroup>
        <con:sourceId>a5b32bcc-4a55-41c0-8c64-4ce1c7be59a0</con:sourceId>
        <con:propertyName>res_biId</con:propertyName>
        <con:assertion type="Simple Contains" name="Contains" id="449db4c5-0ca4-46a7-8fd1-906b296cc717">
          <con:configuration>
            <token>\d+</token>
            <ignoreCase>false</ignoreCase>
            <useRegEx>true</useRegEx>
          </con:configuration>
        </con:assertion>
      </con:entry>
    </con:config>
  </con:testStep>
  <con:testStep type="transfer" name="Property Transfer biId" id="9ebb8821-ceff-47b1-b0ac-5f9ddaf8d73f">
    <con:settings/>
    <con:config xsi:type="con:PropertyTransfersStep" xmlns:xsi="http://www.w3.org/2001/XMLSchema-instance">
      <con:transfers setNullOnMissingSource="true" transferTextContent="true" failOnError="true" ignoreEmpty="false" transferToAll="false" entitize="false" transferChildNodes="false">
        <con:name>biId</con:name>
        <con:sourceType>res_biId</con:sourceType>
        <con:sourceStep>Create stockIn interaction success</con:sourceStep>
        <con:sourcePath/>
        <con:targetType>biId</con:targetType>
        <con:targetStep>Given properties for the test steps</con:targetStep>
        <con:targetPath/>
        <con:upgraded>true</con:upgraded>
      </con:transfers>
    </con:config>
  </con:testStep>
  <con:testStep type="transfer" name="Set create product spec" id="444635b6-299c-40ae-a5f5-b0dbe5700fa7">
    <con:settings/>
    <con:config xsi:type="con:PropertyTransfersStep" xmlns:xsi="http://www.w3.org/2001/XMLSchema-instance">
      <con:transfers setNullOnMissingSource="true" transferTextContent="true" failOnError="true" ignoreEmpty="false" transferToAll="false" entitize="false" transferChildNodes="false">
        <con:name>productSpecStatus</con:name>
        <con:sourceType>statusActive</con:sourceType>
        <con:sourceStep>Given properties for the test steps</con:sourceStep>
        <con:sourcePath/>
        <con:targetType>req_productSpecStatus</con:targetType>
        <con:targetStep>Create product spec</con:targetStep>
        <con:targetPath/>
        <con:upgraded>true</con:upgraded>
      </con:transfers>
      <con:transfers setNullOnMissingSource="true" transferTextContent="true" failOnError="true" ignoreEmpty="false" transferToAll="false" entitize="false" transferChildNodes="false">
        <con:name>productTrackingType</con:name>
        <con:sourceType>productTrackingTypeNonSerialized</con:sourceType>
        <con:sourceStep>Given properties for the test steps</con:sourceStep>
        <con:targetType>req_productTrackingType</con:targetType>
        <con:targetStep>Create product spec</con:targetStep>
        <con:upgraded>true</con:upgraded>
      </con:transfers>
      <con:transfers setNullOnMissingSource="true" transferTextContent="true" failOnError="true" ignoreEmpty="false" transferToAll="false" entitize="false" transferChildNodes="false">
        <con:name>isSerialized</con:name>
        <con:sourceType>isSerializedFalse</con:sourceType>
        <con:sourceStep>Given properties for the test steps</con:sourceStep>
        <con:targetType>req_productSpecIsSerialized</con:targetType>
        <con:targetStep>Create product spec</con:targetStep>
        <con:upgraded>true</con:upgraded>
      </con:transfers>
      <con:transfers setNullOnMissingSource="true" transferTextContent="true" failOnError="true" ignoreEmpty="false" transferToAll="false" entitize="false" transferChildNodes="false">
        <con:name>productSpecExtId</con:name>
        <con:sourceType>productSpecExtId</con:sourceType>
        <con:sourceStep>Given properties for the test steps</con:sourceStep>
        <con:targetType>req_productSpecExtId</con:targetType>
        <con:targetStep>Create product spec</con:targetStep>
        <con:upgraded>true</con:upgraded>
      </con:transfers>
      <con:transfers setNullOnMissingSource="true" transferTextContent="true" failOnError="true" ignoreEmpty="false" transferToAll="false" entitize="false" transferChildNodes="false">
        <con:name>productSpecInfoName</con:name>
        <con:sourceType>productSpecInfoName</con:sourceType>
        <con:sourceStep>Given properties for the test steps</con:sourceStep>
        <con:targetType>req_productSpecInfoName</con:targetType>
        <con:targetStep>Create product spec</con:targetStep>
        <con:upgraded>true</con:upgraded>
      </con:transfers>
      <con:transfers setNullOnMissingSource="true" transferTextContent="true" failOnError="true" ignoreEmpty="false" transferToAll="false" entitize="false" transferChildNodes="false">
        <con:name>productSpecArticle</con:name>
        <con:sourceType>productSpecArticle</con:sourceType>
        <con:sourceStep>Given properties for the test steps</con:sourceStep>
        <con:targetType>req_productSpecArticle</con:targetType>
        <con:targetStep>Create product spec</con:targetStep>
        <con:upgraded>true</con:upgraded>
      </con:transfers>
      <con:transfers setNullOnMissingSource="true" transferTextContent="true" failOnError="true" ignoreEmpty="false" transferToAll="false" entitize="false" transferChildNodes="false">
        <con:name>productSpecCode</con:name>
        <con:sourceType>productSpecCode</con:sourceType>
        <con:sourceStep>Given properties for the test steps</con:sourceStep>
        <con:targetType>req_productSpecCode</con:targetType>
        <con:targetStep>Create product spec</con:targetStep>
        <con:upgraded>true</con:upgraded>
      </con:transfers>
    </con:config>
  </con:testStep>
  <con:testStep type="calltestcase" name="Create product spec" id="a8e027f0-d416-4ed8-a376-cc2eaf20a590">
    <con:settings/>
    <con:config xsi:type="con:RunTestCaseStep" xmlns:xsi="http://www.w3.org/2001/XMLSchema-instance">
      <con:targetTestCase>2cd3660f-be6e-47c1-b04f-855eb3fa71cb</con:targetTestCase>
      <con:properties>
        <con:property>
          <con:name>req_productSpecCode</con:name>
          <con:value>productSpecCode-${=java.util.UUID.randomUUID()}</con:value>
        </con:property>
        <con:property>
          <con:name>req_productSpecArticle</con:name>
          <con:value>productSpecArticle-${=java.util.UUID.randomUUID()}</con:value>
        </con:property>
        <con:property>
          <con:name>req_productSpecExtId</con:name>
          <con:value>productSpecExtId-${=java.util.UUID.randomUUID()}</con:value>
        </con:property>
        <con:property>
          <con:name>req_productSpecStatus</con:name>
          <con:value>Active</con:value>
        </con:property>
        <con:property>
          <con:name>req_productTrackingType</con:name>
          <con:value>NonSerialized</con:value>
        </con:property>
        <con:property>
          <con:name>res_productSpecId</con:name>
          <con:value>542</con:value>
        </con:property>
        <con:property>
          <con:name>req_productSpecIsSerialized</con:name>
          <con:value>false</con:value>
        </con:property>
        <con:property>
          <con:name>res_productSpecCode</con:name>
          <con:value>productSpecCode-7d6190c6-4779-4330-a533-5263f1137781</con:value>
        </con:property>
        <con:property>
          <con:name>res_productSpecArticle</con:name>
          <con:value>productSpecArticle-bebc545f-5791-4eec-aeb4-965e070b91d4</con:value>
        </con:property>
        <con:property>
          <con:name>res_productSpecExtId</con:name>
          <con:value>productSpecExtId-118efdc1-f3b0-4a60-a2be-51ae3025cf48</con:value>
        </con:property>
        <con:property>
          <con:name>res_code</con:name>
          <con:value>201</con:value>
        </con:property>
        <con:property>
          <con:name>req_productSpecInfoName</con:name>
          <con:value>ProductSpecName</con:value>
        </con:property>
        <con:property>
          <con:name>req_productSpecInfoDescription</con:name>
          <con:value xsi:nil="true"/>
        </con:property>
        <con:property>
          <con:name>req_productSpecSerialNumberFormat</con:name>
          <con:value xsi:nil="true"/>
        </con:property>
      </con:properties>
      <con:returnProperties>
        <con:entry>res_productSpecId</con:entry>
        <con:entry>res_productSpecCode</con:entry>
        <con:entry>res_productSpecArticle</con:entry>
        <con:entry>res_productSpecExtId</con:entry>
        <con:entry>res_code</con:entry>
      </con:returnProperties>
      <con:runMode>PARALLELL</con:runMode>
    </con:config>
  </con:testStep>
  <con:testStep type="assertionteststep" name="Assertion create product spec" id="fb16149c-aa0f-408b-a5b8-61d8e4a05be0">
    <con:settings/>
    <con:config xsi:type="con:AssertionTestStep" xmlns:xsi="http://www.w3.org/2001/XMLSchema-instance">
      <con:entry>
        <con:id>84a5cc30-83f2-4452-9542-bdc89762dceb</con:id>
        <con:isGroup>false</con:isGroup>
        <con:sourceId>a8e027f0-d416-4ed8-a376-cc2eaf20a590</con:sourceId>
        <con:propertyName>res_productSpecId</con:propertyName>
        <con:assertion type="Simple Contains" name="Contains" id="5a1080b3-0cf9-4e52-9c72-707e36bec75c">
          <con:configuration>
            <token>\d+</token>
            <ignoreCase>false</ignoreCase>
            <useRegEx>true</useRegEx>
          </con:configuration>
        </con:assertion>
      </con:entry>
      <con:entry>
        <con:id>e55a240c-44e4-44fb-b356-400a7e40fddd</con:id>
        <con:isGroup>false</con:isGroup>
        <con:sourceId>a8e027f0-d416-4ed8-a376-cc2eaf20a590</con:sourceId>
        <con:propertyName>res_code</con:propertyName>
        <con:assertion type="Simple Equals" name="Equals" id="d1fce0dd-055e-45f7-a8cf-a7f570389fa3">
          <con:configuration>
            <patternObjectId>f76519cf-133d-40b7-a12d-0c647a3bbbd1</patternObjectId>
            <patternProperty>httpCode201</patternProperty>
            <caseSensitive>true</caseSensitive>
          </con:configuration>
        </con:assertion>
      </con:entry>
    </con:config>
  </con:testStep>
  <con:testStep type="transfer" name="Set create product characteristic" id="0387d504-3847-401a-b685-7070fc7159ed">
    <con:settings/>
    <con:config xsi:type="con:PropertyTransfersStep" xmlns:xsi="http://www.w3.org/2001/XMLSchema-instance">
      <con:transfers setNullOnMissingSource="true" transferTextContent="true" failOnError="true" ignoreEmpty="false" transferToAll="false" entitize="false" transferChildNodes="false">
        <con:name>productSpecCharExtId</con:name>
        <con:sourceType>productSpecCharExtId</con:sourceType>
        <con:sourceStep>Given properties for the test steps</con:sourceStep>
        <con:sourcePath/>
        <con:targetType>req_productSpecCharExtId</con:targetType>
        <con:targetStep>Create product characteristic</con:targetStep>
        <con:targetPath/>
        <con:upgraded>true</con:upgraded>
      </con:transfers>
      <con:transfers setNullOnMissingSource="true" transferTextContent="true" failOnError="true" ignoreEmpty="false" transferToAll="false" entitize="false" transferChildNodes="false">
        <con:name>productSpecCharValueType</con:name>
        <con:sourceType>productSpecCharValueType</con:sourceType>
        <con:sourceStep>Given properties for the test steps</con:sourceStep>
        <con:targetType>req_productCharacteristicValueType</con:targetType>
        <con:targetStep>Create product characteristic</con:targetStep>
        <con:upgraded>true</con:upgraded>
      </con:transfers>
    </con:config>
  </con:testStep>
  <con:testStep type="transfer" name="Set display product spec by code" id="a271c0a2-fde8-494c-b4f0-80ff7135afd9">
    <con:settings/>
    <con:config xsi:type="con:PropertyTransfersStep" xmlns:xsi="http://www.w3.org/2001/XMLSchema-instance">
      <con:transfers setNullOnMissingSource="true" transferTextContent="true" failOnError="true" ignoreEmpty="false" transferToAll="false" entitize="false" transferChildNodes="false">
        <con:name>code</con:name>
        <con:sourceType>res_productSpecCode</con:sourceType>
        <con:sourceStep>Create product spec</con:sourceStep>
        <con:sourcePath/>
        <con:targetType>req_productSpecCode</con:targetType>
        <con:targetStep>Display product spec by code</con:targetStep>
        <con:targetPath/>
        <con:upgraded>true</con:upgraded>
      </con:transfers>
    </con:config>
  </con:testStep>
  <con:testStep type="calltestcase" name="Display product spec by code" id="a89226f6-0b54-442d-8cbf-917a77648ce9">
    <con:settings/>
    <con:config xsi:type="con:RunTestCaseStep" xmlns:xsi="http://www.w3.org/2001/XMLSchema-instance">
      <con:targetTestCase>febce5ae-d812-4a4e-8b96-330bad16f4db</con:targetTestCase>
      <con:properties>
        <con:property>
          <con:name>res_httpCode</con:name>
          <con:value>200</con:value>
        </con:property>
        <con:property>
          <con:name>res_errorMessage</con:name>
          <con:value xsi:nil="true"/>
        </con:property>
        <con:property>
          <con:name>response</con:name>
          <con:value>[{"code":"productSpecCode-7d6190c6-4779-4330-a533-5263f1137781","externalReference":{"externalId":"productSpecExtId-118efdc1-f3b0-4a60-a2be-51ae3025cf48"},"info":{"name":"ProductSpecName"},"status":"Active","versionInfo":{"versionNumber":1000000},"returnPeriod":{"value":1,"unit":"Year"},"warrantyPeriod":{"value":1,"unit":"Year"},"productTrackingType":"NonSerialized","id":"542"}]</con:value>
        </con:property>
        <con:property>
          <con:name>req_productSpecCode</con:name>
          <con:value>productSpecCode-7d6190c6-4779-4330-a533-5263f1137781</con:value>
        </con:property>
        <con:property>
          <con:name>res_productSpecExtId</con:name>
          <con:value>productSpecExtId-118efdc1-f3b0-4a60-a2be-51ae3025cf48</con:value>
        </con:property>
        <con:property>
          <con:name>res_productSpecStatus</con:name>
          <con:value>Active</con:value>
        </con:property>
        <con:property>
          <con:name>res_productSpecTrackingType</con:name>
          <con:value>NonSerialized</con:value>
        </con:property>
      </con:properties>
      <con:returnProperties>
        <con:entry>res_httpCode</con:entry>
        <con:entry>res_errorMessage</con:entry>
        <con:entry>response</con:entry>
        <con:entry>res_productSpecExtId</con:entry>
        <con:entry>res_productSpecStatus</con:entry>
        <con:entry>res_productSpecTrackingType</con:entry>
      </con:returnProperties>
      <con:runMode>PARALLELL</con:runMode>
    </con:config>
  </con:testStep>
  <con:testStep type="assertionteststep" name="Assertion display product spec by code" id="0ebfdcbf-17bb-4c11-a777-24fc688730d5">
    <con:settings/>
    <con:config xsi:type="con:AssertionTestStep" xmlns:xsi="http://www.w3.org/2001/XMLSchema-instance">
      <con:entry>
        <con:id>316dc3f0-7771-4819-9729-8b8592c4cced</con:id>
        <con:isGroup>false</con:isGroup>
        <con:sourceId>a89226f6-0b54-442d-8cbf-917a77648ce9</con:sourceId>
        <con:propertyName>res_httpCode</con:propertyName>
        <con:assertion type="Simple Equals" name="Equals" id="0540a9b9-363f-4d89-af11-d0b72fa87dc5">
          <con:configuration>
            <patternObjectId>f76519cf-133d-40b7-a12d-0c647a3bbbd1</patternObjectId>
            <patternProperty>httpCode200</patternProperty>
            <caseSensitive>true</caseSensitive>
          </con:configuration>
        </con:assertion>
      </con:entry>
      <con:entry>
        <con:id>ff004333-961e-4ffd-8900-343656bbdafb</con:id>
        <con:isGroup>false</con:isGroup>
        <con:sourceId>a89226f6-0b54-442d-8cbf-917a77648ce9</con:sourceId>
        <con:propertyName>response</con:propertyName>
        <con:assertion type="Simple Contains" name="Contains" id="a61bcefc-0960-4f0e-94cd-7eae59a40f90">
          <con:configuration>
            <token>\w+</token>
            <ignoreCase>false</ignoreCase>
            <useRegEx>true</useRegEx>
          </con:configuration>
        </con:assertion>
      </con:entry>
      <con:entry>
        <con:id>7cce7480-4757-4e35-adf5-29ec26d29c46</con:id>
        <con:isGroup>false</con:isGroup>
        <con:sourceId>a89226f6-0b54-442d-8cbf-917a77648ce9</con:sourceId>
        <con:propertyName>res_productSpecExtId</con:propertyName>
        <con:assertion type="Simple Equals" name="Equals 2" id="2557b9b8-2cef-4a23-bf81-43d7bfa0f0a7">
          <con:configuration>
            <patternObjectId>a8e027f0-d416-4ed8-a376-cc2eaf20a590</patternObjectId>
            <patternProperty>res_productSpecExtId</patternProperty>
            <caseSensitive>true</caseSensitive>
          </con:configuration>
        </con:assertion>
      </con:entry>
      <con:entry>
        <con:id>4e7683a3-361a-4549-bb96-741b6404d6ff</con:id>
        <con:isGroup>false</con:isGroup>
        <con:sourceId>a89226f6-0b54-442d-8cbf-917a77648ce9</con:sourceId>
        <con:propertyName>res_productSpecStatus</con:propertyName>
        <con:assertion type="Simple Equals" name="Equals 3" id="9d475356-35a4-4bc3-91dc-489432928bbf">
          <con:configuration>
            <patternObjectId>a8e027f0-d416-4ed8-a376-cc2eaf20a590</patternObjectId>
            <patternProperty>req_productSpecStatus</patternProperty>
            <caseSensitive>true</caseSensitive>
          </con:configuration>
        </con:assertion>
      </con:entry>
      <con:entry>
        <con:id>9bf61f86-88da-455e-a149-e60497463404</con:id>
        <con:isGroup>false</con:isGroup>
        <con:sourceId>a89226f6-0b54-442d-8cbf-917a77648ce9</con:sourceId>
        <con:propertyName>res_productSpecTrackingType</con:propertyName>
        <con:assertion type="Simple Equals" name="Equals 4" id="d5d8c63a-c405-4fbf-94e5-8460269d4b8c">
          <con:configuration>
            <patternObjectId>a8e027f0-d416-4ed8-a376-cc2eaf20a590</patternObjectId>
            <patternProperty>req_productTrackingType</patternProperty>
            <caseSensitive>true</caseSensitive>
          </con:configuration>
        </con:assertion>
      </con:entry>
    </con:config>
  </con:testStep>
  <con:testStep type="calltestcase" name="Create product characteristic" id="05f5cfc9-4dd2-4947-9a4d-287ad97f6ede">
    <con:settings/>
    <con:config xsi:type="con:RunTestCaseStep" xmlns:xsi="http://www.w3.org/2001/XMLSchema-instance">
      <con:targetTestCase>0f603ec5-33ac-4b7a-ad58-9b37d0707538</con:targetTestCase>
      <con:properties>
        <con:property>
          <con:name>res_productSpecCharId</con:name>
          <con:value>602</con:value>
        </con:property>
        <con:property>
          <con:name>req_productCharacteristicValueType</con:name>
          <con:value>LIST</con:value>
        </con:property>
        <con:property>
          <con:name>req_productSpecCharExtId</con:name>
          <con:value>productSpecCharExtId-${=java.util.UUID.randomUUID()}</con:value>
        </con:property>
        <con:property>
          <con:name>res_code</con:name>
          <con:value>201</con:value>
        </con:property>
        <con:property>
          <con:name>res_productSpecCharExtId</con:name>
          <con:value>productSpecCharExtId-55c75a5a-9951-4745-8baf-4d154bebefae</con:value>
        </con:property>
        <con:property>
          <con:name>req_productSpecCharInfoName</con:name>
          <con:value>productSpecCharInfoName-${=java.util.UUID.randomUUID()}</con:value>
        </con:property>
        <con:property>
          <con:name>req_productSpecCharInfoDesc</con:name>
          <con:value>productSpecCharInfoDesc-${=java.util.UUID.randomUUID()}</con:value>
        </con:property>
      </con:properties>
      <con:returnProperties>
        <con:entry>res_productSpecCharId</con:entry>
        <con:entry>res_code</con:entry>
        <con:entry>res_productSpecCharExtId</con:entry>
      </con:returnProperties>
      <con:runMode>PARALLELL</con:runMode>
    </con:config>
  </con:testStep>
  <con:testStep type="assertionteststep" name="Assertion create product characteristic" id="6cff5813-da10-40cd-84ac-169334dfa505">
    <con:settings/>
    <con:config xsi:type="con:AssertionTestStep" xmlns:xsi="http://www.w3.org/2001/XMLSchema-instance">
      <con:entry>
        <con:id>f8615f99-a423-4877-81aa-51a20b86c115</con:id>
        <con:isGroup>false</con:isGroup>
        <con:sourceId>05f5cfc9-4dd2-4947-9a4d-287ad97f6ede</con:sourceId>
        <con:propertyName>res_productSpecCharId</con:propertyName>
        <con:assertion type="Simple Contains" name="Contains" id="bf58f756-a296-454a-bd68-6a56b3d07768">
          <con:configuration>
            <token>\d+</token>
            <ignoreCase>false</ignoreCase>
            <useRegEx>true</useRegEx>
          </con:configuration>
        </con:assertion>
      </con:entry>
      <con:entry>
        <con:id>cc2287b2-80d6-408f-a811-e513cdc7c0f3</con:id>
        <con:isGroup>false</con:isGroup>
        <con:sourceId>05f5cfc9-4dd2-4947-9a4d-287ad97f6ede</con:sourceId>
        <con:propertyName>res_code</con:propertyName>
        <con:assertion type="Simple Equals" name="Equals" id="58e169c3-4815-463b-b1df-2b35d56d45f2">
          <con:configuration>
            <patternObjectId>f76519cf-133d-40b7-a12d-0c647a3bbbd1</patternObjectId>
            <patternProperty>httpCode201</patternProperty>
            <caseSensitive>true</caseSensitive>
          </con:configuration>
        </con:assertion>
      </con:entry>
    </con:config>
  </con:testStep>
  <con:testStep type="transfer" name="Property Transfer productSpecCharId" id="36f8dea6-e1dc-42c8-b0e3-5eb47c313261">
    <con:settings/>
    <con:config xsi:type="con:PropertyTransfersStep" xmlns:xsi="http://www.w3.org/2001/XMLSchema-instance">
      <con:transfers setNullOnMissingSource="true" transferTextContent="true" failOnError="true" ignoreEmpty="false" transferToAll="false" entitize="false" transferChildNodes="false">
        <con:name>productSpecCharId</con:name>
        <con:sourceType>res_productSpecCharId</con:sourceType>
        <con:sourceStep>Create product characteristic</con:sourceStep>
        <con:sourcePath/>
        <con:targetType>req_productSpecCharId</con:targetType>
        <con:targetStep>Create product spec char value</con:targetStep>
        <con:targetPath/>
        <con:upgraded>true</con:upgraded>
      </con:transfers>
      <con:transfers setNullOnMissingSource="true" transferTextContent="true" failOnError="true" ignoreEmpty="false" transferToAll="false" entitize="false" transferChildNodes="false">
        <con:name>productSpecCharExtId</con:name>
        <con:sourceType>res_productSpecCharExtId</con:sourceType>
        <con:sourceStep>Create product characteristic</con:sourceStep>
        <con:targetType>req_productSpecCharValueExtId</con:targetType>
        <con:targetStep>Create product spec char value</con:targetStep>
        <con:upgraded>true</con:upgraded>
      </con:transfers>
      <con:transfers setNullOnMissingSource="true" transferTextContent="true" failOnError="true" ignoreEmpty="false" transferToAll="false" entitize="false" transferChildNodes="false">
        <con:name>productSpecCharValue</con:name>
        <con:sourceType>productSpecCharValueId</con:sourceType>
        <con:sourceStep>Given properties for the test steps</con:sourceStep>
        <con:targetType>req_productSpecCharValue</con:targetType>
        <con:targetStep>Create product spec char value</con:targetStep>
        <con:upgraded>true</con:upgraded>
      </con:transfers>
    </con:config>
  </con:testStep>
  <con:testStep type="calltestcase" name="Create product spec char value" id="bb09a498-6cb3-4f19-b947-7d543a9cf8b6">
    <con:settings/>
    <con:config xsi:type="con:RunTestCaseStep" xmlns:xsi="http://www.w3.org/2001/XMLSchema-instance">
      <con:targetTestCase>66ff7048-d3c3-42b5-85c8-827fedbaa40f</con:targetTestCase>
      <con:properties>
        <con:property>
          <con:name>req_productSpecCharId</con:name>
          <con:value>602</con:value>
        </con:property>
        <con:property>
          <con:name>res_productSpecCharValueId</con:name>
          <con:value>585</con:value>
        </con:property>
        <con:property>
          <con:name>res_code</con:name>
          <con:value>201</con:value>
        </con:property>
        <con:property>
          <con:name>req_productSpecCharValueExtId</con:name>
          <con:value>productSpecCharExtId-55c75a5a-9951-4745-8baf-4d154bebefae</con:value>
        </con:property>
        <con:property>
          <con:name>res_productSpecCharValueExtId</con:name>
        </con:property>
        <con:property>
          <con:name>req_productSpecCharValue</con:name>
          <con:value>1</con:value>
        </con:property>
      </con:properties>
      <con:returnProperties>
        <con:entry>res_productSpecCharValueId</con:entry>
        <con:entry>res_code</con:entry>
      </con:returnProperties>
      <con:runMode>PARALLELL</con:runMode>
    </con:config>
  </con:testStep>
  <con:testStep type="assertionteststep" name="Assertion create product spec char value" id="6d9d8a2b-8e41-4efa-9d78-7ba57b8a02bf">
    <con:settings/>
    <con:config xsi:type="con:AssertionTestStep" xmlns:xsi="http://www.w3.org/2001/XMLSchema-instance">
      <con:entry>
        <con:id>be87a7d0-be76-4272-8b16-03fd79bb1bb2</con:id>
        <con:isGroup>false</con:isGroup>
        <con:sourceId>bb09a498-6cb3-4f19-b947-7d543a9cf8b6</con:sourceId>
        <con:propertyName>res_productSpecCharValueId</con:propertyName>
        <con:assertion type="Simple Contains" name="Contains" id="2604598e-7ecc-418d-b6c6-02e14b221864">
          <con:configuration>
            <token>\d+</token>
            <ignoreCase>false</ignoreCase>
            <useRegEx>true</useRegEx>
          </con:configuration>
        </con:assertion>
      </con:entry>
      <con:entry>
        <con:id>34d70b0a-3119-4da0-a2ab-330ab4561333</con:id>
        <con:isGroup>false</con:isGroup>
        <con:sourceId>bb09a498-6cb3-4f19-b947-7d543a9cf8b6</con:sourceId>
        <con:propertyName>res_code</con:propertyName>
        <con:assertion type="Simple Equals" name="Equals" id="c89a1623-4acc-431e-99dc-89fee2af9a63">
          <con:configuration>
            <patternObjectId>f76519cf-133d-40b7-a12d-0c647a3bbbd1</patternObjectId>
            <patternProperty>httpCode201</patternProperty>
            <caseSensitive>true</caseSensitive>
          </con:configuration>
        </con:assertion>
      </con:entry>
    </con:config>
  </con:testStep>
  <con:testStep type="transfer" name="Set create product spec char use without charUseBelongsTo" id="47409c2a-3dec-4b6e-9724-87b3e8aae21f">
    <con:settings/>
    <con:config xsi:type="con:PropertyTransfersStep" xmlns:xsi="http://www.w3.org/2001/XMLSchema-instance">
      <con:transfers setNullOnMissingSource="true" transferTextContent="true" failOnError="true" ignoreEmpty="false" transferToAll="false" entitize="false" transferChildNodes="false">
        <con:name>mandatoryForStockIn</con:name>
        <con:sourceType>mandatoryForStockInTrue</con:sourceType>
        <con:sourceStep>Given properties for the test steps</con:sourceStep>
        <con:sourcePath/>
        <con:targetType>req_mandatoryForStockIn</con:targetType>
        <con:targetStep>Create product spec char use without charUseBelongsTo</con:targetStep>
        <con:targetPath/>
        <con:upgraded>true</con:upgraded>
      </con:transfers>
      <con:transfers setNullOnMissingSource="true" transferTextContent="true" failOnError="true" ignoreEmpty="false" transferToAll="false" entitize="false" transferChildNodes="false">
        <con:name>productSpecCharId</con:name>
        <con:sourceType>res_productSpecCharId</con:sourceType>
        <con:sourceStep>Create product characteristic</con:sourceStep>
        <con:targetType>req_productSpecCharId</con:targetType>
        <con:targetStep>Create product spec char use without charUseBelongsTo</con:targetStep>
        <con:upgraded>true</con:upgraded>
      </con:transfers>
      <con:transfers setNullOnMissingSource="true" transferTextContent="true" failOnError="true" ignoreEmpty="false" transferToAll="false" entitize="false" transferChildNodes="false">
        <con:name>productSpecCharUseExtId</con:name>
        <con:sourceType>productSpecCharUseExtId</con:sourceType>
        <con:sourceStep>Given properties for the test steps</con:sourceStep>
        <con:targetType>req_productSpecCharUseExtId</con:targetType>
        <con:targetStep>Create product spec char use without charUseBelongsTo</con:targetStep>
        <con:upgraded>true</con:upgraded>
      </con:transfers>
      <con:transfers setNullOnMissingSource="true" transferTextContent="true" failOnError="true" ignoreEmpty="false" transferToAll="false" entitize="false" transferChildNodes="false">
        <con:name>characteristicType</con:name>
        <con:sourceType>characteristicType2</con:sourceType>
        <con:sourceStep>Given properties for the test steps</con:sourceStep>
        <con:targetType>req_characteristicType</con:targetType>
        <con:targetStep>Create product spec char use without charUseBelongsTo</con:targetStep>
        <con:upgraded>true</con:upgraded>
      </con:transfers>
      <con:transfers setNullOnMissingSource="true" transferTextContent="true" failOnError="true" ignoreEmpty="false" transferToAll="false" entitize="false" transferChildNodes="false">
        <con:name>productSpecId</con:name>
        <con:sourceType>res_productSpecId</con:sourceType>
        <con:sourceStep>Create product spec</con:sourceStep>
        <con:targetType>req_productSpecId</con:targetType>
        <con:targetStep>Create product spec char use without charUseBelongsTo</con:targetStep>
        <con:upgraded>true</con:upgraded>
      </con:transfers>
    </con:config>
  </con:testStep>
  <con:testStep type="calltestcase" name="Create product spec char use without charUseBelongsTo" id="85ced04c-2603-4f3b-b44c-77418a6601c1">
    <con:settings/>
    <con:config xsi:type="con:RunTestCaseStep" xmlns:xsi="http://www.w3.org/2001/XMLSchema-instance">
      <con:targetTestCase>972b3bd1-0047-4db2-8ec6-f1d7b9a0a9b0</con:targetTestCase>
      <con:properties>
        <con:property>
          <con:name>req_productSpecCharId</con:name>
          <con:value>602</con:value>
        </con:property>
        <con:property>
          <con:name>req_productSpecId</con:name>
          <con:value>542</con:value>
        </con:property>
        <con:property>
          <con:name>res_productSpecCharUseId</con:name>
          <con:value xsi:nil="true"/>
        </con:property>
        <con:property>
          <con:name>req_productSpecCharUseBelongsTo</con:name>
          <con:value/>
        </con:property>
        <con:property>
          <con:name>req_characteristicType</con:name>
          <con:value>2</con:value>
        </con:property>
        <con:property>
          <con:name>res_code</con:name>
          <con:value>400</con:value>
        </con:property>
        <con:property>
          <con:name>req_mandatoryForStockIn</con:name>
          <con:value>true</con:value>
        </con:property>
        <con:property>
          <con:name>req_productSpecCharUseExtId</con:name>
          <con:value>productSpecCharUseExtId-${=java.util.UUID.randomUUID()}</con:value>
        </con:property>
        <con:property>
          <con:name>res_productSpecCharUseExtId</con:name>
        </con:property>
        <con:property>
          <con:name>req_productSpecCharUseInfoName</con:name>
        </con:property>
        <con:property>
          <con:name>req_productSpecCharUseInfoDesc</con:name>
        </con:property>
        <con:property>
          <con:name>res_errorMessage</con:name>
          <con:value>PRODUCT_SPEC_CHAR_USE_BELONGS_TO_CANNOT_BE_NULL</con:value>
        </con:property>
      </con:properties>
      <con:returnProperties>
        <con:entry>res_productSpecCharUseId</con:entry>
        <con:entry>res_code</con:entry>
        <con:entry>res_errorMessage</con:entry>
      </con:returnProperties>
      <con:runMode>PARALLELL</con:runMode>
    </con:config>
  </con:testStep>
  <con:testStep type="assertionteststep" name="Assertion create product spec char use without charUseBelongsTo" id="016fdcfd-1c6a-4a5e-be9f-2bddd7e42bd0">
    <con:settings/>
    <con:config xsi:type="con:AssertionTestStep" xmlns:xsi="http://www.w3.org/2001/XMLSchema-instance">
      <con:entry>
        <con:id>45e69019-4660-4c35-9e32-5cdf9a3b391b</con:id>
        <con:isGroup>false</con:isGroup>
        <con:sourceId>85ced04c-2603-4f3b-b44c-77418a6601c1</con:sourceId>
        <con:propertyName>res_errorMessage</con:propertyName>
        <con:assertion type="Simple Equals" name="Equals" id="088321d8-1a57-4ed3-b314-e22e6ae2a90d">
          <con:configuration>
            <patternObjectId>f76519cf-133d-40b7-a12d-0c647a3bbbd1</patternObjectId>
            <patternProperty>errorMessageCharUseBelongsToCannotBeNull</patternProperty>
            <caseSensitive>true</caseSensitive>
          </con:configuration>
        </con:assertion>
      </con:entry>
    </con:config>
  </con:testStep>
  <con:testStep type="transfer" name="Set create product spec char use with mandatory false and type 1" id="9470da19-c58b-4062-b7ea-f120f3f4ae03">
    <con:settings/>
    <con:config xsi:type="con:PropertyTransfersStep" xmlns:xsi="http://www.w3.org/2001/XMLSchema-instance">
      <con:transfers setNullOnMissingSource="true" transferTextContent="true" failOnError="true" ignoreEmpty="false" transferToAll="false" entitize="false" transferChildNodes="false">
        <con:name>mandatoryForStockIn</con:name>
        <con:sourceType>mandatoryForStockInFalse</con:sourceType>
        <con:sourceStep>Given properties for the test steps</con:sourceStep>
        <con:sourcePath/>
        <con:targetType>req_mandatoryForStockIn</con:targetType>
        <con:targetStep>Create product spec char use with mandatory false and type 1</con:targetStep>
        <con:targetPath/>
        <con:upgraded>true</con:upgraded>
      </con:transfers>
      <con:transfers setNullOnMissingSource="true" transferTextContent="true" failOnError="true" ignoreEmpty="false" transferToAll="false" entitize="false" transferChildNodes="false">
        <con:name>productSpecCharId</con:name>
        <con:sourceType>res_productSpecCharId</con:sourceType>
        <con:sourceStep>Create product characteristic</con:sourceStep>
        <con:targetType>req_productSpecCharId</con:targetType>
        <con:targetStep>Create product spec char use with mandatory false and type 1</con:targetStep>
        <con:upgraded>true</con:upgraded>
      </con:transfers>
      <con:transfers setNullOnMissingSource="true" transferTextContent="true" failOnError="true" ignoreEmpty="false" transferToAll="false" entitize="false" transferChildNodes="false">
        <con:name>productSpecCharUseExtId</con:name>
        <con:sourceType>productSpecCharUseExtId</con:sourceType>
        <con:sourceStep>Given properties for the test steps</con:sourceStep>
        <con:targetType>req_productSpecCharUseExtId</con:targetType>
        <con:targetStep>Create product spec char use with mandatory false and type 1</con:targetStep>
        <con:upgraded>true</con:upgraded>
      </con:transfers>
      <con:transfers setNullOnMissingSource="true" transferTextContent="true" failOnError="true" ignoreEmpty="false" transferToAll="false" entitize="false" transferChildNodes="false">
        <con:name>characteristicType</con:name>
        <con:sourceType>characteristicType1</con:sourceType>
        <con:sourceStep>Given properties for the test steps</con:sourceStep>
        <con:targetType>req_characteristicType</con:targetType>
        <con:targetStep>Create product spec char use with mandatory false and type 1</con:targetStep>
        <con:upgraded>true</con:upgraded>
      </con:transfers>
      <con:transfers setNullOnMissingSource="true" transferTextContent="true" failOnError="true" ignoreEmpty="false" transferToAll="false" entitize="false" transferChildNodes="false">
        <con:name>productSpecCharUseBelongsTo</con:name>
        <con:sourceType>productSpecCharUseBelongsTo</con:sourceType>
        <con:sourceStep>Given properties for the test steps</con:sourceStep>
        <con:targetType>req_productSpecCharUseBelongsTo</con:targetType>
        <con:targetStep>Create product spec char use with mandatory false and type 1</con:targetStep>
        <con:upgraded>true</con:upgraded>
      </con:transfers>
      <con:transfers setNullOnMissingSource="true" transferTextContent="true" failOnError="true" ignoreEmpty="false" transferToAll="false" entitize="false" transferChildNodes="false">
        <con:name>productSpecId</con:name>
        <con:sourceType>res_productSpecId</con:sourceType>
        <con:sourceStep>Create product spec</con:sourceStep>
        <con:targetType>req_productSpecId</con:targetType>
        <con:targetStep>Create product spec char use with mandatory false and type 1</con:targetStep>
        <con:upgraded>true</con:upgraded>
      </con:transfers>
    </con:config>
  </con:testStep>
  <con:testStep type="calltestcase" name="Create product spec char use with mandatory false and type 1" id="0184df95-3cbc-4c47-9dfc-795e57b1df81">
    <con:settings/>
    <con:config xsi:type="con:RunTestCaseStep" xmlns:xsi="http://www.w3.org/2001/XMLSchema-instance">
      <con:targetTestCase>972b3bd1-0047-4db2-8ec6-f1d7b9a0a9b0</con:targetTestCase>
      <con:properties>
        <con:property>
          <con:name>req_productSpecCharId</con:name>
          <con:value>602</con:value>
        </con:property>
        <con:property>
          <con:name>req_productSpecId</con:name>
          <con:value>542</con:value>
        </con:property>
        <con:property>
          <con:name>res_productSpecCharUseId</con:name>
          <con:value xsi:nil="true"/>
        </con:property>
        <con:property>
          <con:name>req_productSpecCharUseBelongsTo</con:name>
          <con:value>PRODUCT</con:value>
        </con:property>
        <con:property>
          <con:name>req_characteristicType</con:name>
          <con:value>1</con:value>
        </con:property>
        <con:property>
          <con:name>res_code</con:name>
          <con:value>400</con:value>
        </con:property>
        <con:property>
          <con:name>req_mandatoryForStockIn</con:name>
          <con:value>false</con:value>
        </con:property>
        <con:property>
          <con:name>req_productSpecCharUseExtId</con:name>
          <con:value>productSpecCharUseExtId-${=java.util.UUID.randomUUID()}</con:value>
        </con:property>
        <con:property>
          <con:name>res_productSpecCharUseExtId</con:name>
          <con:value xsi:nil="true"/>
        </con:property>
        <con:property>
          <con:name>req_productSpecCharUseInfoName</con:name>
          <con:value xsi:nil="true"/>
        </con:property>
        <con:property>
          <con:name>req_productSpecCharUseInfoDesc</con:name>
          <con:value xsi:nil="true"/>
        </con:property>
        <con:property>
          <con:name>res_errorMessage</con:name>
          <con:value>PRODUCT_SPEC_CHAR_USE_MANDATORY_STOCK_IN_MUST_BE_TRUE</con:value>
        </con:property>
      </con:properties>
      <con:returnProperties>
        <con:entry>res_productSpecCharUseId</con:entry>
        <con:entry>res_code</con:entry>
        <con:entry>res_errorMessage</con:entry>
      </con:returnProperties>
      <con:runMode>PARALLELL</con:runMode>
    </con:config>
  </con:testStep>
  <con:testStep type="assertionteststep" name="Assertion create product spec char use with mandatory false and type 1" id="1456f430-b33b-4cfe-b106-ef7699125a8e">
    <con:settings/>
    <con:config xsi:type="con:AssertionTestStep" xmlns:xsi="http://www.w3.org/2001/XMLSchema-instance">
      <con:entry>
        <con:id>9068c420-4b6e-4531-b6f9-459f35d7f472</con:id>
        <con:isGroup>false</con:isGroup>
        <con:sourceId>0184df95-3cbc-4c47-9dfc-795e57b1df81</con:sourceId>
        <con:propertyName>res_errorMessage</con:propertyName>
        <con:assertion type="Simple Equals" name="Equals" id="ca3b69d7-6e59-452a-83d2-5a8d78730c23">
          <con:configuration>
            <patternObjectId>f76519cf-133d-40b7-a12d-0c647a3bbbd1</patternObjectId>
            <patternProperty>errorMessageMandatoryStockInMustBeTrue</patternProperty>
            <caseSensitive>true</caseSensitive>
          </con:configuration>
        </con:assertion>
      </con:entry>
    </con:config>
  </con:testStep>
  <con:testStep type="transfer" name="Set create product spec char use" id="9df5f23f-8561-421b-aad8-1ab2ac29b6ed">
    <con:settings/>
    <con:config xsi:type="con:PropertyTransfersStep" xmlns:xsi="http://www.w3.org/2001/XMLSchema-instance">
      <con:transfers setNullOnMissingSource="true" transferTextContent="true" failOnError="true" ignoreEmpty="false" transferToAll="false" entitize="false" transferChildNodes="false">
        <con:name>mandatoryForStockIn</con:name>
        <con:sourceType>mandatoryForStockInTrue</con:sourceType>
        <con:sourceStep>Given properties for the test steps</con:sourceStep>
        <con:sourcePath/>
        <con:targetType>req_mandatoryForStockIn</con:targetType>
        <con:targetStep>Create product spec char use</con:targetStep>
        <con:targetPath/>
        <con:upgraded>true</con:upgraded>
      </con:transfers>
      <con:transfers setNullOnMissingSource="true" transferTextContent="true" failOnError="true" ignoreEmpty="false" transferToAll="false" entitize="false" transferChildNodes="false">
        <con:name>productSpecCharId</con:name>
        <con:sourceType>res_productSpecCharId</con:sourceType>
        <con:sourceStep>Create product characteristic</con:sourceStep>
        <con:targetType>req_productSpecCharId</con:targetType>
        <con:targetStep>Create product spec char use</con:targetStep>
        <con:upgraded>true</con:upgraded>
      </con:transfers>
      <con:transfers setNullOnMissingSource="true" transferTextContent="true" failOnError="true" ignoreEmpty="false" transferToAll="false" entitize="false" transferChildNodes="false">
        <con:name>productSpecCharUseExtId</con:name>
        <con:sourceType>productSpecCharUseExtId</con:sourceType>
        <con:sourceStep>Given properties for the test steps</con:sourceStep>
        <con:targetType>req_productSpecCharUseExtId</con:targetType>
        <con:targetStep>Create product spec char use</con:targetStep>
        <con:upgraded>true</con:upgraded>
      </con:transfers>
      <con:transfers setNullOnMissingSource="true" transferTextContent="true" failOnError="true" ignoreEmpty="false" transferToAll="false" entitize="false" transferChildNodes="false">
        <con:name>characteristicType</con:name>
        <con:sourceType>characteristicType2</con:sourceType>
        <con:sourceStep>Given properties for the test steps</con:sourceStep>
        <con:targetType>req_characteristicType</con:targetType>
        <con:targetStep>Create product spec char use</con:targetStep>
        <con:upgraded>true</con:upgraded>
      </con:transfers>
      <con:transfers setNullOnMissingSource="true" transferTextContent="true" failOnError="true" ignoreEmpty="false" transferToAll="false" entitize="false" transferChildNodes="false">
        <con:name>productSpecCharUseBelongsTo</con:name>
        <con:sourceType>productSpecCharUseBelongsTo</con:sourceType>
        <con:sourceStep>Given properties for the test steps</con:sourceStep>
        <con:targetType>req_productSpecCharUseBelongsTo</con:targetType>
        <con:targetStep>Create product spec char use</con:targetStep>
        <con:upgraded>true</con:upgraded>
      </con:transfers>
      <con:transfers setNullOnMissingSource="true" transferTextContent="true" failOnError="true" ignoreEmpty="false" transferToAll="false" entitize="false" transferChildNodes="false">
        <con:name>productSpecId</con:name>
        <con:sourceType>res_productSpecId</con:sourceType>
        <con:sourceStep>Create product spec</con:sourceStep>
        <con:targetType>req_productSpecId</con:targetType>
        <con:targetStep>Create product spec char use</con:targetStep>
        <con:upgraded>true</con:upgraded>
      </con:transfers>
    </con:config>
  </con:testStep>
  <con:testStep type="calltestcase" name="Create product spec char use" id="03b65bad-2bfc-4e55-9b69-39bf806dca93">
    <con:settings/>
    <con:config xsi:type="con:RunTestCaseStep" xmlns:xsi="http://www.w3.org/2001/XMLSchema-instance">
      <con:targetTestCase>972b3bd1-0047-4db2-8ec6-f1d7b9a0a9b0</con:targetTestCase>
      <con:properties>
        <con:property>
          <con:name>req_productSpecCharId</con:name>
          <con:value>602</con:value>
        </con:property>
        <con:property>
          <con:name>req_productSpecId</con:name>
          <con:value>542</con:value>
        </con:property>
        <con:property>
          <con:name>res_productSpecCharUseId</con:name>
          <con:value>602</con:value>
        </con:property>
        <con:property>
          <con:name>req_productSpecCharUseBelongsTo</con:name>
          <con:value>PRODUCT</con:value>
        </con:property>
        <con:property>
          <con:name>req_characteristicType</con:name>
          <con:value>2</con:value>
        </con:property>
        <con:property>
          <con:name>res_code</con:name>
          <con:value>201</con:value>
        </con:property>
        <con:property>
          <con:name>req_mandatoryForStockIn</con:name>
          <con:value>true</con:value>
        </con:property>
        <con:property>
          <con:name>req_productSpecCharUseExtId</con:name>
          <con:value>productSpecCharUseExtId-${=java.util.UUID.randomUUID()}</con:value>
        </con:property>
        <con:property>
          <con:name>res_productSpecCharUseExtId</con:name>
          <con:value>productSpecCharUseExtId-c2212952-2b6c-40ee-86b6-0b891c5a10da</con:value>
        </con:property>
        <con:property>
          <con:name>req_productSpecCharUseInfoName</con:name>
          <con:value xsi:nil="true"/>
        </con:property>
        <con:property>
          <con:name>req_productSpecCharUseInfoDesc</con:name>
          <con:value xsi:nil="true"/>
        </con:property>
        <con:property>
          <con:name>res_errorMessage</con:name>
        </con:property>
      </con:properties>
      <con:returnProperties>
        <con:entry>res_productSpecCharUseId</con:entry>
        <con:entry>res_code</con:entry>
        <con:entry>res_productSpecCharUseExtId</con:entry>
      </con:returnProperties>
      <con:runMode>PARALLELL</con:runMode>
    </con:config>
  </con:testStep>
  <con:testStep type="assertionteststep" name="Assertion create product spec char use" id="717e30ee-fa2c-47e2-bc5f-504dfecbb80d">
    <con:settings/>
    <con:config xsi:type="con:AssertionTestStep" xmlns:xsi="http://www.w3.org/2001/XMLSchema-instance">
      <con:entry>
        <con:id>86037c92-7084-4e7e-a8e0-acce983dcd0a</con:id>
        <con:isGroup>false</con:isGroup>
        <con:sourceId>03b65bad-2bfc-4e55-9b69-39bf806dca93</con:sourceId>
        <con:propertyName>res_productSpecCharUseId</con:propertyName>
        <con:assertion type="Simple Contains" name="Contains" id="d3375062-af96-4d4b-800c-c61bca169cf2">
          <con:configuration>
            <token>\d+</token>
            <ignoreCase>false</ignoreCase>
            <useRegEx>true</useRegEx>
          </con:configuration>
        </con:assertion>
      </con:entry>
      <con:entry>
        <con:id>16a0cf2b-c8bd-422e-8843-9b83ec7162bc</con:id>
        <con:isGroup>false</con:isGroup>
        <con:sourceId>03b65bad-2bfc-4e55-9b69-39bf806dca93</con:sourceId>
        <con:propertyName>res_code</con:propertyName>
        <con:assertion type="Simple Equals" name="Equals" id="8a801bf5-9397-42dc-801f-e939509e1c8e">
          <con:configuration>
            <patternObjectId>f76519cf-133d-40b7-a12d-0c647a3bbbd1</patternObjectId>
            <patternProperty>httpCode201</patternProperty>
            <caseSensitive>true</caseSensitive>
          </con:configuration>
        </con:assertion>
      </con:entry>
    </con:config>
  </con:testStep>
  <con:testStep type="transfer" name="Set create product spec char use with duplicate ext id" id="07f94010-1dd3-43f6-b60e-ec51f3499282">
    <con:settings/>
    <con:config xsi:type="con:PropertyTransfersStep" xmlns:xsi="http://www.w3.org/2001/XMLSchema-instance">
      <con:transfers setNullOnMissingSource="true" transferTextContent="true" failOnError="true" ignoreEmpty="false" transferToAll="false" entitize="false" transferChildNodes="false">
        <con:name>mandatoryForStockIn</con:name>
        <con:sourceType>req_mandatoryForStockIn</con:sourceType>
        <con:sourceStep>Create product spec char use</con:sourceStep>
        <con:sourcePath/>
        <con:targetType>req_mandatoryForStockIn</con:targetType>
        <con:targetStep>Create product spec char use with duplicate ext id</con:targetStep>
        <con:targetPath/>
        <con:upgraded>true</con:upgraded>
      </con:transfers>
      <con:transfers setNullOnMissingSource="true" transferTextContent="true" failOnError="true" ignoreEmpty="false" transferToAll="false" entitize="false" transferChildNodes="false">
        <con:name>productSpecCharId</con:name>
        <con:sourceType>req_productSpecCharId</con:sourceType>
        <con:sourceStep>Create product spec char use</con:sourceStep>
        <con:targetType>req_productSpecCharId</con:targetType>
        <con:targetStep>Create product spec char use with duplicate ext id</con:targetStep>
        <con:upgraded>true</con:upgraded>
      </con:transfers>
      <con:transfers setNullOnMissingSource="true" transferTextContent="true" failOnError="true" ignoreEmpty="false" transferToAll="false" entitize="false" transferChildNodes="false">
        <con:name>productSpecCharUseExtId</con:name>
        <con:sourceType>res_productSpecCharUseExtId</con:sourceType>
        <con:sourceStep>Create product spec char use</con:sourceStep>
        <con:targetType>req_productSpecCharUseExtId</con:targetType>
        <con:targetStep>Create product spec char use with duplicate ext id</con:targetStep>
        <con:upgraded>true</con:upgraded>
      </con:transfers>
      <con:transfers setNullOnMissingSource="true" transferTextContent="true" failOnError="true" ignoreEmpty="false" transferToAll="false" entitize="false" transferChildNodes="false">
        <con:name>characteristicType</con:name>
        <con:sourceType>req_characteristicType</con:sourceType>
        <con:sourceStep>Create product spec char use</con:sourceStep>
        <con:targetType>req_characteristicType</con:targetType>
        <con:targetStep>Create product spec char use with duplicate ext id</con:targetStep>
        <con:upgraded>true</con:upgraded>
      </con:transfers>
      <con:transfers setNullOnMissingSource="true" transferTextContent="true" failOnError="true" ignoreEmpty="false" transferToAll="false" entitize="false" transferChildNodes="false">
        <con:name>productSpecCharUseBelongsTo</con:name>
        <con:sourceType>req_productSpecCharUseBelongsTo</con:sourceType>
        <con:sourceStep>Create product spec char use</con:sourceStep>
        <con:targetType>req_productSpecCharUseBelongsTo</con:targetType>
        <con:targetStep>Create product spec char use with duplicate ext id</con:targetStep>
        <con:upgraded>true</con:upgraded>
      </con:transfers>
      <con:transfers setNullOnMissingSource="true" transferTextContent="true" failOnError="true" ignoreEmpty="false" transferToAll="false" entitize="false" transferChildNodes="false">
        <con:name>productSpecId</con:name>
        <con:sourceType>req_productSpecId</con:sourceType>
        <con:sourceStep>Create product spec char use</con:sourceStep>
        <con:targetType>req_productSpecId</con:targetType>
        <con:targetStep>Create product spec char use with duplicate ext id</con:targetStep>
        <con:upgraded>true</con:upgraded>
      </con:transfers>
    </con:config>
  </con:testStep>
  <con:testStep type="calltestcase" name="Create product spec char use with duplicate ext id" id="f287a7a9-3d38-4a9c-9355-721508ac5f2e">
    <con:settings/>
    <con:config xsi:type="con:RunTestCaseStep" xmlns:xsi="http://www.w3.org/2001/XMLSchema-instance">
      <con:targetTestCase>972b3bd1-0047-4db2-8ec6-f1d7b9a0a9b0</con:targetTestCase>
      <con:properties>
        <con:property>
          <con:name>req_productSpecCharId</con:name>
          <con:value>602</con:value>
        </con:property>
        <con:property>
          <con:name>req_productSpecId</con:name>
          <con:value>542</con:value>
        </con:property>
        <con:property>
          <con:name>res_productSpecCharUseId</con:name>
        </con:property>
        <con:property>
          <con:name>req_productSpecCharUseExtId</con:name>
          <con:value>productSpecCharUseExtId-c2212952-2b6c-40ee-86b6-0b891c5a10da</con:value>
        </con:property>
        <con:property>
          <con:name>req_productSpecCharUseBelongsTo</con:name>
          <con:value>PRODUCT</con:value>
        </con:property>
        <con:property>
          <con:name>req_characteristicType</con:name>
          <con:value>2</con:value>
        </con:property>
        <con:property>
          <con:name>res_code</con:name>
          <con:value>400</con:value>
        </con:property>
        <con:property>
          <con:name>req_mandatoryForStockIn</con:name>
          <con:value>true</con:value>
        </con:property>
        <con:property>
          <con:name>res_productSpecCharUseExtId</con:name>
        </con:property>
        <con:property>
          <con:name>req_productSpecCharUseInfoName</con:name>
        </con:property>
        <con:property>
          <con:name>req_productSpecCharUseInfoDesc</con:name>
        </con:property>
        <con:property>
          <con:name>res_errorMessage</con:name>
          <con:value>PRODUCT_SPEC_CHAR_USE_EXTERNAL_ID_ALREADY_EXISTS</con:value>
        </con:property>
      </con:properties>
      <con:returnProperties>
        <con:entry>res_code</con:entry>
        <con:entry>res_errorMessage</con:entry>
      </con:returnProperties>
      <con:runMode>PARALLELL</con:runMode>
    </con:config>
  </con:testStep>
  <con:testStep type="assertionteststep" name="Assertion create product spec char use with duplicate ext id" id="ac8834e4-fe5f-486f-babf-4d41d2cd9384">
    <con:settings/>
    <con:config xsi:type="con:AssertionTestStep" xmlns:xsi="http://www.w3.org/2001/XMLSchema-instance">
      <con:entry>
        <con:id>61cdd113-6726-41c1-b862-2ad1b64b71e4</con:id>
        <con:isGroup>false</con:isGroup>
        <con:sourceId>f287a7a9-3d38-4a9c-9355-721508ac5f2e</con:sourceId>
        <con:propertyName>res_errorMessage</con:propertyName>
        <con:assertion type="Simple Equals" name="Equals" id="fcc79958-a26d-4543-960a-856b47c18b84">
          <con:configuration>
            <patternObjectId>f76519cf-133d-40b7-a12d-0c647a3bbbd1</patternObjectId>
            <patternProperty>errorMessageProductSpecCharUseExtIdAlreadyExistis</patternProperty>
            <caseSensitive>true</caseSensitive>
          </con:configuration>
        </con:assertion>
      </con:entry>
      <con:entry>
        <con:id>b3cf0b1b-a9b5-4b72-941e-f67b1c2ef4dc</con:id>
        <con:isGroup>false</con:isGroup>
        <con:sourceId>f287a7a9-3d38-4a9c-9355-721508ac5f2e</con:sourceId>
        <con:propertyName>res_code</con:propertyName>
        <con:assertion type="Simple Equals" name="Equals 2" id="a40f9799-079e-48d6-92f8-e29205b131c7">
          <con:configuration>
            <patternObjectId>f76519cf-133d-40b7-a12d-0c647a3bbbd1</patternObjectId>
            <patternProperty>httpCode400</patternProperty>
            <caseSensitive>true</caseSensitive>
          </con:configuration>
        </con:assertion>
      </con:entry>
    </con:config>
  </con:testStep>
  <con:testStep type="transfer" name="Set create product spec char value use" id="c8a109eb-f344-48cc-8e23-846c862d7456">
    <con:settings/>
    <con:config xsi:type="con:PropertyTransfersStep" xmlns:xsi="http://www.w3.org/2001/XMLSchema-instance">
      <con:transfers setNullOnMissingSource="true" transferTextContent="true" failOnError="true" ignoreEmpty="false" transferToAll="false" entitize="false" transferChildNodes="false">
        <con:name>productSpecCharUseId</con:name>
        <con:sourceType>res_productSpecCharUseId</con:sourceType>
        <con:sourceStep>Create product spec char use</con:sourceStep>
        <con:sourcePath/>
        <con:targetType>req_productSpecCharUseId</con:targetType>
        <con:targetStep>Create product spec char value use</con:targetStep>
        <con:targetPath/>
        <con:upgraded>true</con:upgraded>
      </con:transfers>
      <con:transfers setNullOnMissingSource="true" transferTextContent="true" failOnError="true" ignoreEmpty="false" transferToAll="false" entitize="false" transferChildNodes="false">
        <con:name>productSpecCharValueId</con:name>
        <con:sourceType>res_productSpecCharValueId</con:sourceType>
        <con:sourceStep>Create product spec char value</con:sourceStep>
        <con:targetType>req_productSpecCharValueId</con:targetType>
        <con:targetStep>Create product spec char value use</con:targetStep>
        <con:upgraded>true</con:upgraded>
      </con:transfers>
    </con:config>
  </con:testStep>
  <con:testStep type="calltestcase" name="Create product spec char value use" id="85e5c019-6e0a-4f5f-9d5d-b52cbcaf430d">
    <con:settings/>
    <con:config xsi:type="con:RunTestCaseStep" xmlns:xsi="http://www.w3.org/2001/XMLSchema-instance">
      <con:targetTestCase>a6fe5158-d411-47c6-9bad-6684ab59b6b1</con:targetTestCase>
      <con:properties>
        <con:property>
          <con:name>req_productSpecCharUseId</con:name>
          <con:value>602</con:value>
        </con:property>
        <con:property>
          <con:name>req_productSpecCharValueId</con:name>
          <con:value>585</con:value>
        </con:property>
        <con:property>
          <con:name>res_productSpecCharValueUseId</con:name>
          <con:value>585</con:value>
        </con:property>
      </con:properties>
      <con:returnProperties>
        <con:entry>res_productSpecCharValueUseId</con:entry>
      </con:returnProperties>
      <con:runMode>PARALLELL</con:runMode>
    </con:config>
  </con:testStep>
  <con:testStep type="assertionteststep" name="Assertion create product spec char value use" id="2fa99267-eeaa-49b9-aa84-268f1be415ec">
    <con:settings/>
    <con:config xsi:type="con:AssertionTestStep" xmlns:xsi="http://www.w3.org/2001/XMLSchema-instance">
      <con:entry>
        <con:id>49857855-d972-4d7b-9510-017ff3c273a1</con:id>
        <con:isGroup>false</con:isGroup>
        <con:sourceId>85e5c019-6e0a-4f5f-9d5d-b52cbcaf430d</con:sourceId>
        <con:propertyName>res_productSpecCharValueUseId</con:propertyName>
        <con:assertion type="Simple Contains" name="Contains" id="a6ec52d8-f548-45cd-8c49-2762dc949008">
          <con:configuration>
            <token>\d+</token>
            <ignoreCase>false</ignoreCase>
            <useRegEx>true</useRegEx>
          </con:configuration>
        </con:assertion>
      </con:entry>
    </con:config>
  </con:testStep>
  <con:testStep type="transfer" name="Set add StockIn Item with mandatoryForStockIn" id="9ae9d60d-6e30-44ca-8275-369b80a72874">
    <con:settings/>
    <con:config xsi:type="con:PropertyTransfersStep" xmlns:xsi="http://www.w3.org/2001/XMLSchema-instance">
      <con:transfers setNullOnMissingSource="true" transferTextContent="true" failOnError="true" ignoreEmpty="false" transferToAll="false" entitize="false" transferChildNodes="false">
        <con:name>biId</con:name>
        <con:sourceType>biId</con:sourceType>
        <con:sourceStep>Given properties for the test steps</con:sourceStep>
        <con:sourcePath/>
        <con:targetType>req_biId</con:targetType>
        <con:targetStep>Add StockIn Item with mandatoryForStockIn</con:targetStep>
        <con:targetPath/>
        <con:upgraded>true</con:upgraded>
      </con:transfers>
      <con:transfers setNullOnMissingSource="true" transferTextContent="true" failOnError="true" ignoreEmpty="false" transferToAll="false" entitize="false" transferChildNodes="false">
        <con:name>productSpecExtId</con:name>
        <con:sourceType>res_productSpecExtId</con:sourceType>
        <con:sourceStep>Create product spec</con:sourceStep>
        <con:targetType>req_prodSpecExtId</con:targetType>
        <con:targetStep>Add StockIn Item with mandatoryForStockIn</con:targetStep>
        <con:upgraded>true</con:upgraded>
      </con:transfers>
      <con:transfers setNullOnMissingSource="true" transferTextContent="true" failOnError="true" ignoreEmpty="false" transferToAll="false" entitize="false" transferChildNodes="false">
        <con:name>quantity</con:name>
        <con:sourceType>quantity</con:sourceType>
        <con:sourceStep>Given properties for the test steps</con:sourceStep>
        <con:targetType>req_quantity</con:targetType>
        <con:targetStep>Add StockIn Item with mandatoryForStockIn</con:targetStep>
        <con:upgraded>true</con:upgraded>
      </con:transfers>
      <con:transfers setNullOnMissingSource="true" transferTextContent="true" failOnError="true" ignoreEmpty="false" transferToAll="false" entitize="false" transferChildNodes="false">
        <con:name>placeId</con:name>
        <con:sourceType>placeId</con:sourceType>
        <con:sourceStep>Given properties for the test steps</con:sourceStep>
        <con:targetType>req_placeId</con:targetType>
        <con:targetStep>Add StockIn Item with mandatoryForStockIn</con:targetStep>
        <con:upgraded>true</con:upgraded>
      </con:transfers>
      <con:transfers setNullOnMissingSource="true" transferTextContent="true" failOnError="true" ignoreEmpty="false" transferToAll="false" entitize="false" transferChildNodes="false">
        <con:name>productDesc</con:name>
        <con:sourceType>productDesc</con:sourceType>
        <con:sourceStep>Given properties for the test steps</con:sourceStep>
        <con:targetType>req_description</con:targetType>
        <con:targetStep>Add StockIn Item with mandatoryForStockIn</con:targetStep>
        <con:upgraded>true</con:upgraded>
      </con:transfers>
      <con:transfers setNullOnMissingSource="true" transferTextContent="true" failOnError="true" ignoreEmpty="false" transferToAll="false" entitize="false" transferChildNodes="false">
        <con:name>productStatus</con:name>
        <con:sourceType>productStatusSellable</con:sourceType>
        <con:sourceStep>Given properties for the test steps</con:sourceStep>
        <con:targetType>req_prodStatus</con:targetType>
        <con:targetStep>Add StockIn Item with mandatoryForStockIn</con:targetStep>
        <con:upgraded>true</con:upgraded>
      </con:transfers>
    </con:config>
  </con:testStep>
  <con:testStep type="calltestcase" name="Add StockIn Item with mandatoryForStockIn" id="e5f317e3-5e86-43d7-95ab-d182e51078e9">
    <con:settings/>
    <con:config xsi:type="con:RunTestCaseStep" xmlns:xsi="http://www.w3.org/2001/XMLSchema-instance">
      <con:targetTestCase>796523a2-8d30-4206-b546-8558e6850535</con:targetTestCase>
      <con:properties>
        <con:property>
          <con:name>req_biId</con:name>
          <con:value>12321</con:value>
        </con:property>
        <con:property>
          <con:name>req_quantity</con:name>
          <con:value>368</con:value>
        </con:property>
        <con:property>
          <con:name>req_placeId</con:name>
          <con:value>198</con:value>
        </con:property>
        <con:property>
          <con:name>req_description</con:name>
          <con:value>productDesc-${=java.util.UUID.randomUUID()}</con:value>
        </con:property>
        <con:property>
          <con:name>res_code</con:name>
          <con:value>ALL_PRODUCT_SPEC_CHARACTERISTICS_MUST_BE_PROVIDED</con:value>
        </con:property>
        <con:property>
          <con:name>res_errorMessage</con:name>
          <con:value>ALL_PRODUCT_SPEC_CHARACTERISTICS_MUST_BE_PROVIDED</con:value>
        </con:property>
        <con:property>
          <con:name>req_prodSpecExtId</con:name>
          <con:value>productSpecExtId-118efdc1-f3b0-4a60-a2be-51ae3025cf48</con:value>
        </con:property>
        <con:property>
          <con:name>res_itemId</con:name>
          <con:value xsi:nil="true"/>
        </con:property>
        <con:property>
          <con:name>req_prodStatus</con:name>
          <con:value>1</con:value>
        </con:property>
      </con:properties>
      <con:returnProperties>
        <con:entry>res_itemId</con:entry>
        <con:entry>res_code</con:entry>
        <con:entry>res_errorMessage</con:entry>
      </con:returnProperties>
      <con:runMode>PARALLELL</con:runMode>
    </con:config>
  </con:testStep>
  <con:testStep type="assertionteststep" name="Assertion add StockIn Item with mandatoryForStockIn" id="90845bc5-6b2b-4af7-8458-8bdbdd266382">
    <con:settings/>
    <con:config xsi:type="con:AssertionTestStep" xmlns:xsi="http://www.w3.org/2001/XMLSchema-instance">
      <con:entry>
        <con:id>a7d91fda-62aa-4165-8cd9-3156f8b94108</con:id>
        <con:isGroup>false</con:isGroup>
        <con:sourceId>e5f317e3-5e86-43d7-95ab-d182e51078e9</con:sourceId>
        <con:propertyName>res_errorMessage</con:propertyName>
        <con:assertion type="Simple Equals" name="Equals" id="372046a1-8d49-4b5f-8bb1-d8eee41777d0">
          <con:configuration>
            <patternObjectId>f76519cf-133d-40b7-a12d-0c647a3bbbd1</patternObjectId>
            <patternProperty>errorMessageAllProductSpecMustBeProvided</patternProperty>
            <caseSensitive>true</caseSensitive>
          </con:configuration>
        </con:assertion>
      </con:entry>
    </con:config>
  </con:testStep>
  <con:testStep type="transfer" name="Set add stockIn Item with none existing product spec" id="5e9906b5-41b8-4d10-911c-338c3ec2d40d">
    <con:settings/>
    <con:config xsi:type="con:PropertyTransfersStep" xmlns:xsi="http://www.w3.org/2001/XMLSchema-instance">
      <con:transfers setNullOnMissingSource="true" transferTextContent="true" failOnError="true" ignoreEmpty="false" transferToAll="false" entitize="false" transferChildNodes="false">
        <con:name>biId</con:name>
        <con:sourceType>biId</con:sourceType>
        <con:sourceStep>Given properties for the test steps</con:sourceStep>
        <con:sourcePath/>
        <con:targetType>req_biId</con:targetType>
        <con:targetStep>Add stockIn Item with none existing product spec</con:targetStep>
        <con:targetPath/>
        <con:upgraded>true</con:upgraded>
      </con:transfers>
      <con:transfers setNullOnMissingSource="true" transferTextContent="true" failOnError="true" ignoreEmpty="false" transferToAll="false" entitize="false" transferChildNodes="false">
        <con:name>productSpecExtId</con:name>
        <con:sourceType>emptyValue</con:sourceType>
        <con:sourceStep>Given properties for the test steps</con:sourceStep>
        <con:targetType>req_prodSpecExternalId</con:targetType>
        <con:targetStep>Add stockIn Item with none existing product spec</con:targetStep>
        <con:upgraded>true</con:upgraded>
      </con:transfers>
      <con:transfers setNullOnMissingSource="true" transferTextContent="true" failOnError="true" ignoreEmpty="false" transferToAll="false" entitize="false" transferChildNodes="false">
        <con:name>quantity</con:name>
        <con:sourceType>quantity</con:sourceType>
        <con:sourceStep>Given properties for the test steps</con:sourceStep>
        <con:targetType>req_quantity</con:targetType>
        <con:targetStep>Add stockIn Item with none existing product spec</con:targetStep>
        <con:upgraded>true</con:upgraded>
      </con:transfers>
      <con:transfers setNullOnMissingSource="true" transferTextContent="true" failOnError="true" ignoreEmpty="false" transferToAll="false" entitize="false" transferChildNodes="false">
        <con:name>placeId</con:name>
        <con:sourceType>placeId</con:sourceType>
        <con:sourceStep>Given properties for the test steps</con:sourceStep>
        <con:targetType>req_placeId</con:targetType>
        <con:targetStep>Add stockIn Item with none existing product spec</con:targetStep>
        <con:upgraded>true</con:upgraded>
      </con:transfers>
      <con:transfers setNullOnMissingSource="true" transferTextContent="true" failOnError="true" ignoreEmpty="false" transferToAll="false" entitize="false" transferChildNodes="false">
        <con:name>productStatus</con:name>
        <con:sourceType>productStatusSellable</con:sourceType>
        <con:sourceStep>Given properties for the test steps</con:sourceStep>
        <con:targetType>req_productStatus</con:targetType>
        <con:targetStep>Add stockIn Item with none existing product spec</con:targetStep>
        <con:upgraded>true</con:upgraded>
      </con:transfers>
      <con:transfers setNullOnMissingSource="true" transferTextContent="true" failOnError="true" ignoreEmpty="false" transferToAll="false" entitize="false" transferChildNodes="false">
        <con:name>productDesc</con:name>
        <con:sourceType>productSpecCharDesc</con:sourceType>
        <con:sourceStep>Given properties for the test steps</con:sourceStep>
        <con:targetType>req_description</con:targetType>
        <con:targetStep>Add stockIn Item with none existing product spec</con:targetStep>
        <con:upgraded>true</con:upgraded>
      </con:transfers>
      <con:transfers setNullOnMissingSource="true" transferTextContent="true" failOnError="true" ignoreEmpty="false" transferToAll="false" entitize="false" transferChildNodes="false">
        <con:name>productSpecCharUseId</con:name>
        <con:sourceType>productSpecCharUseId</con:sourceType>
        <con:sourceStep>Given properties for the test steps</con:sourceStep>
        <con:targetType>req_productSpecCharUseId</con:targetType>
        <con:targetStep>Add stockIn Item with none existing product spec</con:targetStep>
        <con:upgraded>true</con:upgraded>
      </con:transfers>
      <con:transfers setNullOnMissingSource="true" transferTextContent="true" failOnError="true" ignoreEmpty="false" transferToAll="false" entitize="false" transferChildNodes="false">
        <con:name>productSpecCharId</con:name>
        <con:sourceType>productSpecCharId</con:sourceType>
        <con:sourceStep>Given properties for the test steps</con:sourceStep>
        <con:targetType>req_productSpecCharId</con:targetType>
        <con:targetStep>Add stockIn Item with none existing product spec</con:targetStep>
        <con:upgraded>true</con:upgraded>
      </con:transfers>
      <con:transfers setNullOnMissingSource="true" transferTextContent="true" failOnError="true" ignoreEmpty="false" transferToAll="false" entitize="false" transferChildNodes="false">
        <con:name>productSpecCharValueId</con:name>
        <con:sourceType>productSpecCharValueId</con:sourceType>
        <con:sourceStep>Given properties for the test steps</con:sourceStep>
        <con:targetType>req_productSpecCharValueId</con:targetType>
        <con:targetStep>Add stockIn Item with none existing product spec</con:targetStep>
        <con:upgraded>true</con:upgraded>
      </con:transfers>
      <con:transfers setNullOnMissingSource="true" transferTextContent="true" failOnError="true" ignoreEmpty="false" transferToAll="false" entitize="false" transferChildNodes="false">
        <con:name>isPaired</con:name>
        <con:sourceType>isPairedFalse</con:sourceType>
        <con:sourceStep>Given properties for the test steps</con:sourceStep>
        <con:targetType>req_isPaired</con:targetType>
        <con:targetStep>Add stockIn Item with none existing product spec</con:targetStep>
        <con:upgraded>true</con:upgraded>
      </con:transfers>
      <con:transfers setNullOnMissingSource="true" transferTextContent="true" failOnError="true" ignoreEmpty="false" transferToAll="false" entitize="false" transferChildNodes="false">
        <con:name>startSerial</con:name>
        <con:sourceType>startSerialNumber</con:sourceType>
        <con:sourceStep>Given properties for the test steps</con:sourceStep>
        <con:targetType>req_startSerial</con:targetType>
        <con:targetStep>Add stockIn Item with none existing product spec</con:targetStep>
        <con:upgraded>true</con:upgraded>
      </con:transfers>
      <con:transfers setNullOnMissingSource="true" transferTextContent="true" failOnError="true" ignoreEmpty="false" transferToAll="false" entitize="false" transferChildNodes="false">
        <con:name>endSerial</con:name>
        <con:sourceType>endSerialNumber</con:sourceType>
        <con:sourceStep>Given properties for the test steps</con:sourceStep>
        <con:targetType>req_endSerial</con:targetType>
        <con:targetStep>Add stockIn Item with none existing product spec</con:targetStep>
        <con:upgraded>true</con:upgraded>
      </con:transfers>
      <con:transfers setNullOnMissingSource="true" transferTextContent="true" failOnError="true" ignoreEmpty="false" transferToAll="false" entitize="false" transferChildNodes="false">
        <con:name>serialNumber</con:name>
        <con:sourceType>serialNumber</con:sourceType>
        <con:sourceStep>Given properties for the test steps</con:sourceStep>
        <con:targetType>req_serialNumber</con:targetType>
        <con:targetStep>Add stockIn Item with none existing product spec</con:targetStep>
        <con:upgraded>true</con:upgraded>
      </con:transfers>
    </con:config>
  </con:testStep>
  <con:testStep type="calltestcase" name="Add stockIn Item with none existing product spec" id="11d6a7f5-30a5-4068-a382-7719f918a0a5">
    <con:settings/>
    <con:config xsi:type="con:RunTestCaseStep" xmlns:xsi="http://www.w3.org/2001/XMLSchema-instance">
      <con:targetTestCase>2a528d8b-5b13-4d95-87ac-42a9644387c3</con:targetTestCase>
      <con:properties>
        <con:property>
          <con:name>req_biId</con:name>
          <con:value>12321</con:value>
        </con:property>
        <con:property>
          <con:name>req_prodSpecExternalId</con:name>
          <con:value/>
        </con:property>
        <con:property>
          <con:name>req_quantity</con:name>
          <con:value>368</con:value>
        </con:property>
        <con:property>
          <con:name>req_placeId</con:name>
          <con:value>198</con:value>
        </con:property>
        <con:property>
          <con:name>req_productStatus</con:name>
          <con:value>1</con:value>
        </con:property>
        <con:property>
          <con:name>req_description</con:name>
          <con:value>PRODUCTSPECCHARACTERISTIC-DESC-${=java.util.UUID.randomUUID()}</con:value>
        </con:property>
        <con:property>
          <con:name>res_id</con:name>
          <con:value xsi:nil="true"/>
        </con:property>
        <con:property>
          <con:name>req_productSpecCharUseId</con:name>
          <con:value/>
        </con:property>
        <con:property>
          <con:name>req_productSpecCharId</con:name>
          <con:value>1</con:value>
        </con:property>
        <con:property>
          <con:name>req_productSpecCharValueId</con:name>
          <con:value>1</con:value>
        </con:property>
        <con:property>
          <con:name>req_isPaired</con:name>
          <con:value>false</con:value>
        </con:property>
        <con:property>
          <con:name>req_startSerial</con:name>
          <con:value>24815092</con:value>
        </con:property>
        <con:property>
          <con:name>req_endSerial</con:name>
          <con:value>62776437</con:value>
        </con:property>
        <con:property>
          <con:name>res_startSerial</con:name>
          <con:value>24815092</con:value>
        </con:property>
        <con:property>
          <con:name>res_endSerial</con:name>
          <con:value>62776437</con:value>
        </con:property>
        <con:property>
          <con:name>res_code</con:name>
          <con:value>PRODUCT_SPEC_MUST_BE_GIVEN</con:value>
        </con:property>
        <con:property>
          <con:name>res_quantity</con:name>
        </con:property>
        <con:property>
          <con:name>req_serialNumber</con:name>
          <con:value>serialNumber-${=java.util.UUID.randomUUID()}</con:value>
        </con:property>
        <con:property>
          <con:name>res_errorMessage</con:name>
          <con:value>PRODUCT_SPEC_MUST_BE_GIVEN</con:value>
        </con:property>
      </con:properties>
      <con:returnProperties>
        <con:entry>res_id</con:entry>
        <con:entry>res_startSerial</con:entry>
        <con:entry>res_endSerial</con:entry>
        <con:entry>res_code</con:entry>
        <con:entry>res_errorMessage</con:entry>
      </con:returnProperties>
      <con:runMode>PARALLELL</con:runMode>
    </con:config>
  </con:testStep>
  <con:testStep type="assertionteststep" name="Assertion add stockIn with none existing product spec" id="6d12e2e1-12e6-455f-8acb-bd52ef32dd42">
    <con:settings/>
    <con:config xsi:type="con:AssertionTestStep" xmlns:xsi="http://www.w3.org/2001/XMLSchema-instance">
      <con:entry>
        <con:id>dbaf9df6-4869-4b04-ae3f-97b63ad62d3c</con:id>
        <con:isGroup>false</con:isGroup>
        <con:sourceId>11d6a7f5-30a5-4068-a382-7719f918a0a5</con:sourceId>
        <con:propertyName>res_errorMessage</con:propertyName>
        <con:assertion type="Simple Contains" name="Contains" id="de858148-5772-4287-8834-0d8877ca4358">
          <con:configuration>
            <token>\w+</token>
            <ignoreCase>false</ignoreCase>
            <useRegEx>true</useRegEx>
          </con:configuration>
        </con:assertion>
      </con:entry>
    </con:config>
  </con:testStep>
  <con:testStep type="datasource" name="DataSource for nonserialized product nonexisting char" id="73daae9b-97fb-439e-aaf4-cf449dc66634">
    <con:settings/>
    <con:config xsi:type="con:DataSourceStep" xmlns:xsi="http://www.w3.org/2001/XMLSchema-instance">
      <con:dataSource type="Grid">
        <con:configuration>
          <check>&lt;con:entry xmlns:con="http://eviware.com/soapui/config">true&lt;/con:entry></check>
          <row><![CDATA[<xml-fragment><con:entry xmlns:con="http://eviware.com/soapui/config">Apple Mouse 1 Button Count</con:entry><con:entry xmlns:con="http://eviware.com/soapui/config">EXT-APPLMOUSE-1</con:entry><con:entry xmlns:con="http://eviware.com/soapui/config">CODE-APPLMOUSE-1</con:entry><con:entry xmlns:con="http://eviware.com/soapui/config">${#TestCase#req_quantity}</con:entry><con:entry xmlns:con="http://eviware.com/soapui/config">5-EXT</con:entry><con:entry xmlns:con="http://eviware.com/soapui/config">17-EXT</con:entry><con:entry xmlns:con="http://eviware.com/soapui/config">1</con:entry><con:entry xmlns:con="http://eviware.com/soapui/config"/><con:entry xmlns:con="http://eviware.com/soapui/config"/></xml-fragment>]]></row>
        </con:configuration>
      </con:dataSource>
      <con:property>description</con:property>
      <con:property>prodSpecExtId</con:property>
      <con:property>productSpecCode</con:property>
      <con:property>quantity</con:property>
      <con:property>charExtId1</con:property>
      <con:property>charValueExtId1</con:property>
      <con:property>productStatus</con:property>
      <con:completeLastOperation>true</con:completeLastOperation>
      <con:restartOnRun>true</con:restartOnRun>
    </con:config>
  </con:testStep>
  <con:testStep type="transfer" name="Set add nonserialized stockIn item nonexisting char" id="a7eb6b0b-ab94-4b14-aa4d-c904201b0373">
    <con:settings/>
    <con:config xsi:type="con:PropertyTransfersStep" xmlns:xsi="http://www.w3.org/2001/XMLSchema-instance">
      <con:transfers setNullOnMissingSource="true" transferTextContent="true" failOnError="true" ignoreEmpty="false" transferToAll="false" entitize="false" transferChildNodes="false">
        <con:name>biId</con:name>
        <con:sourceType>biId</con:sourceType>
        <con:sourceStep>Given properties for the test steps</con:sourceStep>
        <con:sourcePath/>
        <con:targetType>req_biId</con:targetType>
        <con:targetStep>Add nonserialized stockIn item nonexisting char</con:targetStep>
        <con:targetPath/>
        <con:upgraded>true</con:upgraded>
      </con:transfers>
      <con:transfers setNullOnMissingSource="true" transferTextContent="true" failOnError="true" ignoreEmpty="false" transferToAll="false" entitize="false" transferChildNodes="false">
        <con:name>productSpecExtId</con:name>
        <con:sourceType>prodSpecExtId</con:sourceType>
        <con:sourceStep>DataSource for nonserialized product nonexisting char</con:sourceStep>
        <con:targetType>req_prodSpecExtId</con:targetType>
        <con:targetStep>Add nonserialized stockIn item nonexisting char</con:targetStep>
        <con:upgraded>true</con:upgraded>
      </con:transfers>
      <con:transfers setNullOnMissingSource="true" transferTextContent="true" failOnError="true" ignoreEmpty="false" transferToAll="false" entitize="false" transferChildNodes="false">
        <con:name>placeId</con:name>
        <con:sourceType>placeId</con:sourceType>
        <con:sourceStep>Given properties for the test steps</con:sourceStep>
        <con:targetType>req_placeId</con:targetType>
        <con:targetStep>Add nonserialized stockIn item nonexisting char</con:targetStep>
        <con:upgraded>true</con:upgraded>
      </con:transfers>
      <con:transfers setNullOnMissingSource="true" transferTextContent="true" failOnError="true" ignoreEmpty="false" transferToAll="false" entitize="false" transferChildNodes="false">
        <con:name>description</con:name>
        <con:sourceType>productDesc</con:sourceType>
        <con:sourceStep>Given properties for the test steps</con:sourceStep>
        <con:targetType>req_description</con:targetType>
        <con:targetStep>Add nonserialized stockIn item nonexisting char</con:targetStep>
        <con:upgraded>true</con:upgraded>
      </con:transfers>
      <con:transfers setNullOnMissingSource="true" transferTextContent="true" failOnError="true" ignoreEmpty="false" transferToAll="false" entitize="false" transferChildNodes="false">
        <con:name>charValueExtId1</con:name>
        <con:sourceType>charValueExtId1</con:sourceType>
        <con:sourceStep>DataSource for nonserialized product nonexisting char</con:sourceStep>
        <con:targetType>req_charValueExtId1</con:targetType>
        <con:targetStep>Add nonserialized stockIn item nonexisting char</con:targetStep>
        <con:upgraded>true</con:upgraded>
      </con:transfers>
      <con:transfers setNullOnMissingSource="true" transferTextContent="true" failOnError="true" ignoreEmpty="false" transferToAll="false" entitize="false" transferChildNodes="false">
        <con:name>charExtId1</con:name>
        <con:sourceType>startSerialNumber</con:sourceType>
        <con:sourceStep>Given properties for the test steps</con:sourceStep>
        <con:targetType>req_charExtId1</con:targetType>
        <con:targetStep>Add nonserialized stockIn item nonexisting char</con:targetStep>
        <con:upgraded>true</con:upgraded>
      </con:transfers>
      <con:transfers setNullOnMissingSource="true" transferTextContent="true" failOnError="true" ignoreEmpty="false" transferToAll="false" entitize="false" transferChildNodes="false">
        <con:name>productStatus</con:name>
        <con:sourceType>productStatus</con:sourceType>
        <con:sourceStep>DataSource for nonserialized product nonexisting char</con:sourceStep>
        <con:targetType>req_prodStatus</con:targetType>
        <con:targetStep>Add nonserialized stockIn item nonexisting char</con:targetStep>
        <con:upgraded>true</con:upgraded>
      </con:transfers>
      <con:transfers setNullOnMissingSource="true" transferTextContent="true" failOnError="true" ignoreEmpty="false" transferToAll="false" entitize="false" transferChildNodes="false">
        <con:name>quantity</con:name>
        <con:sourceType>quantity</con:sourceType>
        <con:sourceStep>Given properties for the test steps</con:sourceStep>
        <con:targetType>req_quantity</con:targetType>
        <con:targetStep>Add nonserialized stockIn item nonexisting char</con:targetStep>
        <con:upgraded>true</con:upgraded>
      </con:transfers>
    </con:config>
  </con:testStep>
  <con:testStep type="calltestcase" name="Add nonserialized stockIn item nonexisting char" id="c4fe8429-4042-4ab0-b669-e702e005941a">
    <con:settings/>
    <con:config xsi:type="con:RunTestCaseStep" xmlns:xsi="http://www.w3.org/2001/XMLSchema-instance">
      <con:targetTestCase>1df0a954-3f76-4a4e-bd4b-aa3504f4ccf7</con:targetTestCase>
      <con:properties>
        <con:property>
          <con:name>req_biId</con:name>
          <con:value>12321</con:value>
        </con:property>
        <con:property>
          <con:name>req_prodSpecExtId</con:name>
          <con:value>EXT-APPLMOUSE-1</con:value>
        </con:property>
        <con:property>
          <con:name>req_placeId</con:name>
          <con:value>198</con:value>
        </con:property>
        <con:property>
          <con:name>req_description</con:name>
          <con:value>productDesc-${=java.util.UUID.randomUUID()}</con:value>
        </con:property>
        <con:property>
          <con:name>req_charExtId1</con:name>
          <con:value>24815092</con:value>
        </con:property>
        <con:property>
          <con:name>req_charValueExtId1</con:name>
          <con:value>17-EXT</con:value>
        </con:property>
        <con:property>
          <con:name>req_serialText</con:name>
        </con:property>
        <con:property>
          <con:name>res_itemId</con:name>
          <con:value xsi:nil="true"/>
        </con:property>
        <con:property>
          <con:name>res_code</con:name>
          <con:value>PRODUCT_SPEC_CHAR_USE_NOT_FOUND_WITH_EXTERNAL_ID</con:value>
        </con:property>
        <con:property>
          <con:name>res_errorMessage</con:name>
          <con:value>PRODUCT_SPEC_CHAR_USE_NOT_FOUND_WITH_EXTERNAL_ID</con:value>
        </con:property>
        <con:property>
          <con:name>req_prodStatus</con:name>
          <con:value>1</con:value>
        </con:property>
        <con:property>
          <con:name>req_quantity</con:name>
          <con:value>368</con:value>
        </con:property>
        <con:property>
          <con:name>req_batchId</con:name>
        </con:property>
        <con:property>
          <con:name>res_httpStatus</con:name>
        </con:property>
      </con:properties>
      <con:returnProperties>
        <con:entry>res_itemId</con:entry>
        <con:entry>res_code</con:entry>
        <con:entry>res_errorMessage</con:entry>
      </con:returnProperties>
      <con:runMode>PARALLELL</con:runMode>
    </con:config>
  </con:testStep>
  <con:testStep type="assertionteststep" name="Assertion add nonserialized stockIn item nonexisting char" id="25d44d1e-a357-46e6-b3fd-169f15b761d8">
    <con:settings/>
    <con:config xsi:type="con:AssertionTestStep" xmlns:xsi="http://www.w3.org/2001/XMLSchema-instance">
      <con:entry>
        <con:id>fbc9dfe2-0829-4ee1-9717-a3057c3803e6</con:id>
        <con:isGroup>false</con:isGroup>
        <con:sourceId>c4fe8429-4042-4ab0-b669-e702e005941a</con:sourceId>
        <con:propertyName>res_errorMessage</con:propertyName>
        <con:assertion type="Simple Contains" name="Contains" id="da7bbc15-14c9-4d69-935c-b6b9b3215f96">
          <con:configuration>
            <token>\w+</token>
            <ignoreCase>false</ignoreCase>
            <useRegEx>true</useRegEx>
          </con:configuration>
        </con:assertion>
      </con:entry>
    </con:config>
  </con:testStep>
  <con:testStep type="transfer" name="Set add stockIn item with quantity character" id="d8347efd-9578-4946-a62d-ef4f58331863">
    <con:settings/>
    <con:config xsi:type="con:PropertyTransfersStep" xmlns:xsi="http://www.w3.org/2001/XMLSchema-instance">
      <con:transfers setNullOnMissingSource="true" transferTextContent="true" failOnError="true" ignoreEmpty="false" transferToAll="false" entitize="false" transferChildNodes="false">
        <con:name>biId</con:name>
        <con:sourceType>biId</con:sourceType>
        <con:sourceStep>Given properties for the test steps</con:sourceStep>
        <con:sourcePath/>
        <con:targetType>req_biId</con:targetType>
        <con:targetStep>Add stockIn item with quantity character</con:targetStep>
        <con:targetPath/>
        <con:upgraded>true</con:upgraded>
      </con:transfers>
      <con:transfers setNullOnMissingSource="true" transferTextContent="true" failOnError="true" ignoreEmpty="false" transferToAll="false" entitize="false" transferChildNodes="false">
        <con:name>productSpecExtId</con:name>
        <con:sourceType>serializedWithoutRangeProductSpecExtId</con:sourceType>
        <con:sourceStep>Given properties for the test steps</con:sourceStep>
        <con:targetType>req_prodSpecExternalId</con:targetType>
        <con:targetStep>Add stockIn item with quantity character</con:targetStep>
        <con:upgraded>true</con:upgraded>
      </con:transfers>
      <con:transfers setNullOnMissingSource="true" transferTextContent="true" failOnError="true" ignoreEmpty="false" transferToAll="false" entitize="false" transferChildNodes="false">
        <con:name>quantity</con:name>
        <con:sourceType>character</con:sourceType>
        <con:sourceStep>Given properties for the test steps</con:sourceStep>
        <con:targetType>req_quantity</con:targetType>
        <con:targetStep>Add stockIn item with quantity character</con:targetStep>
        <con:upgraded>true</con:upgraded>
      </con:transfers>
      <con:transfers setNullOnMissingSource="true" transferTextContent="true" failOnError="true" ignoreEmpty="false" transferToAll="false" entitize="false" transferChildNodes="false">
        <con:name>placeId</con:name>
        <con:sourceType>placeId</con:sourceType>
        <con:sourceStep>Given properties for the test steps</con:sourceStep>
        <con:targetType>req_placeId</con:targetType>
        <con:targetStep>Add stockIn item with quantity character</con:targetStep>
        <con:upgraded>true</con:upgraded>
      </con:transfers>
      <con:transfers setNullOnMissingSource="true" transferTextContent="true" failOnError="true" ignoreEmpty="false" transferToAll="false" entitize="false" transferChildNodes="false">
        <con:name>productStatus</con:name>
        <con:sourceType>productStatusSellable</con:sourceType>
        <con:sourceStep>Given properties for the test steps</con:sourceStep>
        <con:targetType>req_productStatus</con:targetType>
        <con:targetStep>Add stockIn item with quantity character</con:targetStep>
        <con:upgraded>true</con:upgraded>
      </con:transfers>
      <con:transfers setNullOnMissingSource="true" transferTextContent="true" failOnError="true" ignoreEmpty="false" transferToAll="false" entitize="false" transferChildNodes="false">
        <con:name>productDesc</con:name>
        <con:sourceType>productSpecCharDesc</con:sourceType>
        <con:sourceStep>Given properties for the test steps</con:sourceStep>
        <con:targetType>req_description</con:targetType>
        <con:targetStep>Add stockIn item with quantity character</con:targetStep>
        <con:upgraded>true</con:upgraded>
      </con:transfers>
      <con:transfers setNullOnMissingSource="true" transferTextContent="true" failOnError="true" ignoreEmpty="false" transferToAll="false" entitize="false" transferChildNodes="false">
        <con:name>productSpecCharUseId</con:name>
        <con:sourceType>productSpecCharUseId</con:sourceType>
        <con:sourceStep>Given properties for the test steps</con:sourceStep>
        <con:targetType>req_productSpecCharUseId</con:targetType>
        <con:targetStep>Add stockIn item with quantity character</con:targetStep>
        <con:upgraded>true</con:upgraded>
      </con:transfers>
      <con:transfers setNullOnMissingSource="true" transferTextContent="true" failOnError="true" ignoreEmpty="false" transferToAll="false" entitize="false" transferChildNodes="false">
        <con:name>productSpecCharId</con:name>
        <con:sourceType>productSpecCharId</con:sourceType>
        <con:sourceStep>Given properties for the test steps</con:sourceStep>
        <con:targetType>req_productSpecCharId</con:targetType>
        <con:targetStep>Add stockIn item with quantity character</con:targetStep>
        <con:upgraded>true</con:upgraded>
      </con:transfers>
      <con:transfers setNullOnMissingSource="true" transferTextContent="true" failOnError="true" ignoreEmpty="false" transferToAll="false" entitize="false" transferChildNodes="false">
        <con:name>productSpecCharValueId</con:name>
        <con:sourceType>productSpecCharValueId</con:sourceType>
        <con:sourceStep>Given properties for the test steps</con:sourceStep>
        <con:targetType>req_productSpecCharValueId</con:targetType>
        <con:targetStep>Add stockIn item with quantity character</con:targetStep>
        <con:upgraded>true</con:upgraded>
      </con:transfers>
      <con:transfers setNullOnMissingSource="true" transferTextContent="true" failOnError="true" ignoreEmpty="false" transferToAll="false" entitize="false" transferChildNodes="false">
        <con:name>isPaired</con:name>
        <con:sourceType>isPairedFalse</con:sourceType>
        <con:sourceStep>Given properties for the test steps</con:sourceStep>
        <con:targetType>req_isPaired</con:targetType>
        <con:targetStep>Add stockIn item with quantity character</con:targetStep>
        <con:upgraded>true</con:upgraded>
      </con:transfers>
      <con:transfers setNullOnMissingSource="true" transferTextContent="true" failOnError="true" ignoreEmpty="false" transferToAll="false" entitize="false" transferChildNodes="false">
        <con:name>startSerial</con:name>
        <con:sourceType>startSerialNumber</con:sourceType>
        <con:sourceStep>Given properties for the test steps</con:sourceStep>
        <con:targetType>req_startSerial</con:targetType>
        <con:targetStep>Add stockIn item with quantity character</con:targetStep>
        <con:upgraded>true</con:upgraded>
      </con:transfers>
      <con:transfers setNullOnMissingSource="true" transferTextContent="true" failOnError="true" ignoreEmpty="false" transferToAll="false" entitize="false" transferChildNodes="false">
        <con:name>endSerial</con:name>
        <con:sourceType>endSerialNumber</con:sourceType>
        <con:sourceStep>Given properties for the test steps</con:sourceStep>
        <con:targetType>req_endSerial</con:targetType>
        <con:targetStep>Add stockIn item with quantity character</con:targetStep>
        <con:upgraded>true</con:upgraded>
      </con:transfers>
      <con:transfers setNullOnMissingSource="true" transferTextContent="true" failOnError="true" ignoreEmpty="false" transferToAll="false" entitize="false" transferChildNodes="false">
        <con:name>serialNumber</con:name>
        <con:sourceType>serialNumber</con:sourceType>
        <con:sourceStep>Given properties for the test steps</con:sourceStep>
        <con:targetType>req_serialNumber</con:targetType>
        <con:targetStep>Add stockIn item with quantity character</con:targetStep>
        <con:upgraded>true</con:upgraded>
      </con:transfers>
    </con:config>
  </con:testStep>
  <con:testStep type="calltestcase" name="Add stockIn item with quantity character" id="cfc3d387-9a27-4285-910f-1789f96b1138">
    <con:settings/>
    <con:config xsi:type="con:RunTestCaseStep" xmlns:xsi="http://www.w3.org/2001/XMLSchema-instance">
      <con:targetTestCase>2a528d8b-5b13-4d95-87ac-42a9644387c3</con:targetTestCase>
      <con:properties>
        <con:property>
          <con:name>req_biId</con:name>
          <con:value>12321</con:value>
        </con:property>
        <con:property>
          <con:name>req_prodSpecExternalId</con:name>
          <con:value>EXT-GALAXYNOTE4-1</con:value>
        </con:property>
        <con:property>
          <con:name>req_quantity</con:name>
          <con:value>0</con:value>
        </con:property>
        <con:property>
          <con:name>req_placeId</con:name>
          <con:value>198</con:value>
        </con:property>
        <con:property>
          <con:name>req_productStatus</con:name>
          <con:value>1</con:value>
        </con:property>
        <con:property>
          <con:name>req_description</con:name>
          <con:value>PRODUCTSPECCHARACTERISTIC-DESC-${=java.util.UUID.randomUUID()}</con:value>
        </con:property>
        <con:property>
          <con:name>res_id</con:name>
          <con:value xsi:nil="true"/>
        </con:property>
        <con:property>
          <con:name>req_productSpecCharUseId</con:name>
          <con:value/>
        </con:property>
        <con:property>
          <con:name>req_productSpecCharId</con:name>
          <con:value>1</con:value>
        </con:property>
        <con:property>
          <con:name>req_productSpecCharValueId</con:name>
          <con:value>1</con:value>
        </con:property>
        <con:property>
          <con:name>req_isPaired</con:name>
          <con:value>false</con:value>
        </con:property>
        <con:property>
          <con:name>req_startSerial</con:name>
          <con:value>24815092</con:value>
        </con:property>
        <con:property>
          <con:name>req_endSerial</con:name>
          <con:value>62776437</con:value>
        </con:property>
        <con:property>
          <con:name>res_startSerial</con:name>
        </con:property>
        <con:property>
          <con:name>res_endSerial</con:name>
        </con:property>
        <con:property>
          <con:name>res_code</con:name>
          <con:value>406</con:value>
        </con:property>
        <con:property>
          <con:name>res_quantity</con:name>
        </con:property>
        <con:property>
          <con:name>req_serialNumber</con:name>
          <con:value>serialNumber-${=java.util.UUID.randomUUID()}</con:value>
        </con:property>
        <con:property>
          <con:name>res_errorMessage</con:name>
          <con:value>406</con:value>
        </con:property>
      </con:properties>
      <con:returnProperties>
        <con:entry>res_code</con:entry>
        <con:entry>res_errorMessage</con:entry>
      </con:returnProperties>
      <con:runMode>PARALLELL</con:runMode>
    </con:config>
  </con:testStep>
  <con:testStep type="assertionteststep" name="Assertion add item with quantity character" id="b8f62f2f-9bff-48fc-8ef1-210f4f75bbbb">
    <con:settings/>
    <con:config xsi:type="con:AssertionTestStep" xmlns:xsi="http://www.w3.org/2001/XMLSchema-instance">
      <con:entry>
        <con:id>fb202ca3-7d81-4980-8d46-fe886a740a6e</con:id>
        <con:isGroup>false</con:isGroup>
        <con:sourceId>cfc3d387-9a27-4285-910f-1789f96b1138</con:sourceId>
        <con:propertyName>res_errorMessage</con:propertyName>
        <con:assertion type="Simple Contains" name="Contains" id="c0086425-90de-41df-931d-d4af896eaaa7">
          <con:configuration>
            <token>\w+</token>
            <ignoreCase>false</ignoreCase>
            <useRegEx>true</useRegEx>
          </con:configuration>
        </con:assertion>
      </con:entry>
    </con:config>
  </con:testStep>
  <con:testStep type="transfer" name="Set add stockIn item with quantity zero" id="fd8181b9-5521-4f51-86cd-91270f5552f0">
    <con:settings/>
    <con:config xsi:type="con:PropertyTransfersStep" xmlns:xsi="http://www.w3.org/2001/XMLSchema-instance">
      <con:transfers setNullOnMissingSource="true" transferTextContent="true" failOnError="true" ignoreEmpty="false" transferToAll="false" entitize="false" transferChildNodes="false">
        <con:name>biId</con:name>
        <con:sourceType>biId</con:sourceType>
        <con:sourceStep>Given properties for the test steps</con:sourceStep>
        <con:sourcePath/>
        <con:targetType>req_biId</con:targetType>
        <con:targetStep>Add stockIn item with quantity zero</con:targetStep>
        <con:targetPath/>
        <con:upgraded>true</con:upgraded>
      </con:transfers>
      <con:transfers setNullOnMissingSource="true" transferTextContent="true" failOnError="true" ignoreEmpty="false" transferToAll="false" entitize="false" transferChildNodes="false">
        <con:name>productSpecExtId</con:name>
        <con:sourceType>serializedWithoutRangeProductSpecExtId</con:sourceType>
        <con:sourceStep>Given properties for the test steps</con:sourceStep>
        <con:targetType>req_prodSpecExternalId</con:targetType>
        <con:targetStep>Add stockIn item with quantity zero</con:targetStep>
        <con:upgraded>true</con:upgraded>
      </con:transfers>
      <con:transfers setNullOnMissingSource="true" transferTextContent="true" failOnError="true" ignoreEmpty="false" transferToAll="false" entitize="false" transferChildNodes="false">
        <con:name>quantity</con:name>
        <con:sourceType>zero</con:sourceType>
        <con:sourceStep>Given properties for the test steps</con:sourceStep>
        <con:targetType>req_quantity</con:targetType>
        <con:targetStep>Add stockIn item with quantity character</con:targetStep>
        <con:upgraded>true</con:upgraded>
      </con:transfers>
      <con:transfers setNullOnMissingSource="true" transferTextContent="true" failOnError="true" ignoreEmpty="false" transferToAll="false" entitize="false" transferChildNodes="false">
        <con:name>placeId</con:name>
        <con:sourceType>placeId</con:sourceType>
        <con:sourceStep>Given properties for the test steps</con:sourceStep>
        <con:targetType>req_placeId</con:targetType>
        <con:targetStep>Add stockIn item with quantity zero</con:targetStep>
        <con:upgraded>true</con:upgraded>
      </con:transfers>
      <con:transfers setNullOnMissingSource="true" transferTextContent="true" failOnError="true" ignoreEmpty="false" transferToAll="false" entitize="false" transferChildNodes="false">
        <con:name>productStatus</con:name>
        <con:sourceType>productStatusSellable</con:sourceType>
        <con:sourceStep>Given properties for the test steps</con:sourceStep>
        <con:targetType>req_productStatus</con:targetType>
        <con:targetStep>Add stockIn item with quantity zero</con:targetStep>
        <con:upgraded>true</con:upgraded>
      </con:transfers>
      <con:transfers setNullOnMissingSource="true" transferTextContent="true" failOnError="true" ignoreEmpty="false" transferToAll="false" entitize="false" transferChildNodes="false">
        <con:name>productDesc</con:name>
        <con:sourceType>productSpecCharDesc</con:sourceType>
        <con:sourceStep>Given properties for the test steps</con:sourceStep>
        <con:targetType>req_description</con:targetType>
        <con:targetStep>Add stockIn item with quantity zero</con:targetStep>
        <con:upgraded>true</con:upgraded>
      </con:transfers>
      <con:transfers setNullOnMissingSource="true" transferTextContent="true" failOnError="true" ignoreEmpty="false" transferToAll="false" entitize="false" transferChildNodes="false">
        <con:name>productSpecCharUseId</con:name>
        <con:sourceType>productSpecCharUseId</con:sourceType>
        <con:sourceStep>Given properties for the test steps</con:sourceStep>
        <con:targetType>req_productSpecCharUseId</con:targetType>
        <con:targetStep>Add stockIn item with quantity zero</con:targetStep>
        <con:upgraded>true</con:upgraded>
      </con:transfers>
      <con:transfers setNullOnMissingSource="true" transferTextContent="true" failOnError="true" ignoreEmpty="false" transferToAll="false" entitize="false" transferChildNodes="false">
        <con:name>productSpecCharId</con:name>
        <con:sourceType>productSpecCharId</con:sourceType>
        <con:sourceStep>Given properties for the test steps</con:sourceStep>
        <con:targetType>req_productSpecCharId</con:targetType>
        <con:targetStep>Add stockIn item with quantity zero</con:targetStep>
        <con:upgraded>true</con:upgraded>
      </con:transfers>
      <con:transfers setNullOnMissingSource="true" transferTextContent="true" failOnError="true" ignoreEmpty="false" transferToAll="false" entitize="false" transferChildNodes="false">
        <con:name>productSpecCharValueId</con:name>
        <con:sourceType>productSpecCharValueId</con:sourceType>
        <con:sourceStep>Given properties for the test steps</con:sourceStep>
        <con:targetType>req_productSpecCharValueId</con:targetType>
        <con:targetStep>Add stockIn item with quantity zero</con:targetStep>
        <con:upgraded>true</con:upgraded>
      </con:transfers>
      <con:transfers setNullOnMissingSource="true" transferTextContent="true" failOnError="true" ignoreEmpty="false" transferToAll="false" entitize="false" transferChildNodes="false">
        <con:name>isPaired</con:name>
        <con:sourceType>isPairedFalse</con:sourceType>
        <con:sourceStep>Given properties for the test steps</con:sourceStep>
        <con:targetType>req_isPaired</con:targetType>
        <con:targetStep>Add stockIn item with quantity zero</con:targetStep>
        <con:upgraded>true</con:upgraded>
      </con:transfers>
      <con:transfers setNullOnMissingSource="true" transferTextContent="true" failOnError="true" ignoreEmpty="false" transferToAll="false" entitize="false" transferChildNodes="false">
        <con:name>startSerial</con:name>
        <con:sourceType>startSerialNumber</con:sourceType>
        <con:sourceStep>Given properties for the test steps</con:sourceStep>
        <con:targetType>req_startSerial</con:targetType>
        <con:targetStep>Add stockIn item with quantity zero</con:targetStep>
        <con:upgraded>true</con:upgraded>
      </con:transfers>
      <con:transfers setNullOnMissingSource="true" transferTextContent="true" failOnError="true" ignoreEmpty="false" transferToAll="false" entitize="false" transferChildNodes="false">
        <con:name>endSerial</con:name>
        <con:sourceType>endSerialNumber</con:sourceType>
        <con:sourceStep>Given properties for the test steps</con:sourceStep>
        <con:targetType>req_endSerial</con:targetType>
        <con:targetStep>Add stockIn item with quantity zero</con:targetStep>
        <con:upgraded>true</con:upgraded>
      </con:transfers>
      <con:transfers setNullOnMissingSource="true" transferTextContent="true" failOnError="true" ignoreEmpty="false" transferToAll="false" entitize="false" transferChildNodes="false">
        <con:name>serialNumber</con:name>
        <con:sourceType>serialNumber</con:sourceType>
        <con:sourceStep>Given properties for the test steps</con:sourceStep>
        <con:targetType>req_serialNumber</con:targetType>
        <con:targetStep>Add stockIn item with quantity zero</con:targetStep>
        <con:upgraded>true</con:upgraded>
      </con:transfers>
    </con:config>
  </con:testStep>
  <con:testStep type="calltestcase" name="Add stockIn item with quantity zero" id="ada11fdf-3503-4d6e-a1bf-46e81f554ab3">
    <con:settings/>
    <con:config xsi:type="con:RunTestCaseStep" xmlns:xsi="http://www.w3.org/2001/XMLSchema-instance">
      <con:targetTestCase>2a528d8b-5b13-4d95-87ac-42a9644387c3</con:targetTestCase>
      <con:properties>
        <con:property>
          <con:name>req_biId</con:name>
          <con:value>12321</con:value>
        </con:property>
        <con:property>
          <con:name>req_prodSpecExternalId</con:name>
          <con:value>EXT-GALAXYNOTE4-1</con:value>
        </con:property>
        <con:property>
          <con:name>req_quantity</con:name>
          <con:value>0</con:value>
        </con:property>
        <con:property>
          <con:name>req_placeId</con:name>
          <con:value>198</con:value>
        </con:property>
        <con:property>
          <con:name>req_productStatus</con:name>
          <con:value>1</con:value>
        </con:property>
        <con:property>
          <con:name>req_description</con:name>
          <con:value>PRODUCTSPECCHARACTERISTIC-DESC-${=java.util.UUID.randomUUID()}</con:value>
        </con:property>
        <con:property>
          <con:name>res_id</con:name>
          <con:value xsi:nil="true"/>
        </con:property>
        <con:property>
          <con:name>req_productSpecCharUseId</con:name>
          <con:value/>
        </con:property>
        <con:property>
          <con:name>req_productSpecCharId</con:name>
          <con:value>1</con:value>
        </con:property>
        <con:property>
          <con:name>req_productSpecCharValueId</con:name>
          <con:value>1</con:value>
        </con:property>
        <con:property>
          <con:name>req_isPaired</con:name>
          <con:value>false</con:value>
        </con:property>
        <con:property>
          <con:name>req_startSerial</con:name>
          <con:value>24815092</con:value>
        </con:property>
        <con:property>
          <con:name>req_endSerial</con:name>
          <con:value>62776437</con:value>
        </con:property>
        <con:property>
          <con:name>res_startSerial</con:name>
        </con:property>
        <con:property>
          <con:name>res_endSerial</con:name>
        </con:property>
        <con:property>
          <con:name>res_code</con:name>
        </con:property>
        <con:property>
          <con:name>res_quantity</con:name>
        </con:property>
        <con:property>
          <con:name>req_serialNumber</con:name>
          <con:value>serialNumber-${=java.util.UUID.randomUUID()}</con:value>
        </con:property>
        <con:property>
          <con:name>res_errorMessage</con:name>
        </con:property>
      </con:properties>
      <con:returnProperties>
        <con:entry>res_id</con:entry>
      </con:returnProperties>
      <con:runMode>PARALLELL</con:runMode>
    </con:config>
  </con:testStep>
  <con:testStep type="assertionteststep" name="Assertion add item with quantity zero" id="af49d218-4ee4-4318-b91a-663ab71728eb">
    <con:settings/>
    <con:config xsi:type="con:AssertionTestStep" xmlns:xsi="http://www.w3.org/2001/XMLSchema-instance">
      <con:entry>
        <con:id>f1e25ed8-3db4-4e20-961b-c6b5f3559e61</con:id>
        <con:isGroup>false</con:isGroup>
        <con:sourceId>ada11fdf-3503-4d6e-a1bf-46e81f554ab3</con:sourceId>
        <con:propertyName>res_errorMessage</con:propertyName>
        <con:assertion type="Simple Contains" name="Contains" id="c2547a5d-7ef7-4cc2-b108-ffda01f8e8b4">
          <con:configuration>
            <token>^\s*$</token>
            <ignoreCase>false</ignoreCase>
            <useRegEx>true</useRegEx>
          </con:configuration>
        </con:assertion>
      </con:entry>
    </con:config>
  </con:testStep>
  <con:testStep type="transfer" name="Set submit item with quantity zero" id="435f4b1f-6e47-4fca-9ad9-179ebd57254c">
    <con:settings/>
    <con:config xsi:type="con:PropertyTransfersStep" xmlns:xsi="http://www.w3.org/2001/XMLSchema-instance">
      <con:transfers setNullOnMissingSource="true" transferTextContent="true" failOnError="true" ignoreEmpty="false" transferToAll="false" entitize="false" transferChildNodes="false">
        <con:name>biId</con:name>
        <con:sourceType>biId</con:sourceType>
        <con:sourceStep>Given properties for the test steps</con:sourceStep>
        <con:sourcePath/>
        <con:targetType>req_biId</con:targetType>
        <con:targetStep>Submit stockIn item with quantity zero</con:targetStep>
        <con:targetPath/>
        <con:upgraded>true</con:upgraded>
      </con:transfers>
    </con:config>
  </con:testStep>
  <con:testStep type="calltestcase" name="Submit stockIn item with quantity zero" id="ddd255c2-2b84-4dfc-9881-15a23fffe474">
    <con:settings/>
    <con:config xsi:type="con:RunTestCaseStep" xmlns:xsi="http://www.w3.org/2001/XMLSchema-instance">
      <con:targetTestCase>c6afe465-b867-4e9f-9e55-596671d41d0a</con:targetTestCase>
      <con:properties>
        <con:property>
          <con:name>req_biId</con:name>
          <con:value>12321</con:value>
        </con:property>
        <con:property>
          <con:name>res_biId</con:name>
          <con:value xsi:nil="true"/>
        </con:property>
        <con:property>
          <con:name>res_code</con:name>
          <con:value>BI_CANNOT_SUBMIT_WITHOUT_ITEMS</con:value>
        </con:property>
        <con:property>
          <con:name>res_errorMessage</con:name>
          <con:value>BI_CANNOT_SUBMIT_WITHOUT_ITEMS</con:value>
        </con:property>
        <con:property>
          <con:name>res_httpStatusCode</con:name>
        </con:property>
      </con:properties>
      <con:returnProperties>
        <con:entry>res_code</con:entry>
        <con:entry>res_errorMessage</con:entry>
      </con:returnProperties>
      <con:runMode>PARALLELL</con:runMode>
    </con:config>
  </con:testStep>
  <con:testStep type="assertionteststep" name="Assertion submit add item with quantity zero" id="6b784b86-0441-43db-82e3-3395693e6080">
    <con:settings/>
    <con:config xsi:type="con:AssertionTestStep" xmlns:xsi="http://www.w3.org/2001/XMLSchema-instance">
      <con:entry>
        <con:id>a901e292-92aa-4ce1-9c5e-48363e4abc1b</con:id>
        <con:isGroup>false</con:isGroup>
        <con:sourceId>ddd255c2-2b84-4dfc-9881-15a23fffe474</con:sourceId>
        <con:propertyName>res_errorMessage</con:propertyName>
        <con:assertion type="Simple Contains" name="Contains" id="1d2698d5-389b-4745-ab29-637327f91f4f">
          <con:configuration>
            <token>\w+</token>
            <ignoreCase>false</ignoreCase>
            <useRegEx>true</useRegEx>
          </con:configuration>
        </con:assertion>
      </con:entry>
    </con:config>
  </con:testStep>
  <con:testStep type="transfer" name="Property Transfer to display stock level step" id="98c35fdb-20cb-48ec-bc58-0d781857b01e">
    <con:settings/>
    <con:config xsi:type="con:PropertyTransfersStep" xmlns:xsi="http://www.w3.org/2001/XMLSchema-instance">
      <con:transfers setNullOnMissingSource="true" transferTextContent="true" failOnError="true" ignoreEmpty="false" transferToAll="false" entitize="false" transferChildNodes="false">
        <con:name>placeId</con:name>
        <con:sourceType>placeId</con:sourceType>
        <con:sourceStep>Given properties for the test steps</con:sourceStep>
        <con:sourcePath/>
        <con:targetType>req_placeId</con:targetType>
        <con:targetStep>Display stock level by product spec ext id</con:targetStep>
        <con:targetPath/>
        <con:upgraded>true</con:upgraded>
      </con:transfers>
      <con:transfers setNullOnMissingSource="true" transferTextContent="true" failOnError="true" ignoreEmpty="false" transferToAll="false" entitize="false" transferChildNodes="false">
        <con:name>productSpecExtId</con:name>
        <con:sourceType>nonSerializedProductSpecExtId</con:sourceType>
        <con:sourceStep>Given properties for the test steps</con:sourceStep>
        <con:targetType>req_productSpecificationExternalId</con:targetType>
        <con:targetStep>Display stock level by product spec ext id</con:targetStep>
        <con:upgraded>true</con:upgraded>
      </con:transfers>
    </con:config>
  </con:testStep>
  <con:testStep type="calltestcase" name="Display stock level by product spec ext id" id="bad7356c-6500-416b-b48a-e371e05ff417">
    <con:settings/>
    <con:config xsi:type="con:RunTestCaseStep" xmlns:xsi="http://www.w3.org/2001/XMLSchema-instance">
      <con:targetTestCase>ae70f14b-9b62-4330-9f1f-32535bcddc8b</con:targetTestCase>
      <con:properties>
        <con:property>
          <con:name>req_placeId</con:name>
          <con:value>198</con:value>
        </con:property>
        <con:property>
          <con:name>req_productSpecCode</con:name>
        </con:property>
        <con:property>
          <con:name>req_productSpecArticle</con:name>
        </con:property>
        <con:property>
          <con:name>req_productStatus</con:name>
        </con:property>
        <con:property>
          <con:name>req_includeLocked</con:name>
        </con:property>
        <con:property>
          <con:name>req_productSpecificationExternalId</con:name>
          <con:value>EXT-APPLMOUSE-1</con:value>
        </con:property>
        <con:property>
          <con:name>res_placeId</con:name>
          <con:value xsi:nil="true"/>
        </con:property>
        <con:property>
          <con:name>res_productSpecificationId</con:name>
          <con:value xsi:nil="true"/>
        </con:property>
        <con:property>
          <con:name>res_productSpecificationExternalId</con:name>
          <con:value xsi:nil="true"/>
        </con:property>
        <con:property>
          <con:name>res_quantity</con:name>
          <con:value xsi:nil="true"/>
        </con:property>
        <con:property>
          <con:name>res_salesOrganizationId</con:name>
          <con:value xsi:nil="true"/>
        </con:property>
        <con:property>
          <con:name>res_totalQuantity</con:name>
          <con:value xsi:nil="true"/>
        </con:property>
        <con:property>
          <con:name>res_reservedQuantity</con:name>
          <con:value xsi:nil="true"/>
        </con:property>
        <con:property>
          <con:name>req_productId</con:name>
        </con:property>
        <con:property>
          <con:name>res_code</con:name>
        </con:property>
        <con:property>
          <con:name>req_productSerialNumber</con:name>
        </con:property>
        <con:property>
          <con:name>req_productSerialText</con:name>
        </con:property>
        <con:property>
          <con:name>req_productSpecificationId</con:name>
        </con:property>
        <con:property>
          <con:name>req_parentSerialNumberText</con:name>
        </con:property>
        <con:property>
          <con:name>req_batchId</con:name>
        </con:property>
        <con:property>
          <con:name>req_country</con:name>
        </con:property>
        <con:property>
          <con:name>req_state</con:name>
        </con:property>
        <con:property>
          <con:name>req_city</con:name>
        </con:property>
        <con:property>
          <con:name>req_regionId</con:name>
        </con:property>
        <con:property>
          <con:name>res_fullResponse</con:name>
        </con:property>
        <con:property>
          <con:name>res_errorMessage</con:name>
        </con:property>
      </con:properties>
      <con:returnProperties>
        <con:entry>res_placeId</con:entry>
        <con:entry>res_productSpecificationId</con:entry>
        <con:entry>res_productSpecificationExternalId</con:entry>
        <con:entry>res_quantity</con:entry>
        <con:entry>res_salesOrganizationId</con:entry>
        <con:entry>res_totalQuantity</con:entry>
        <con:entry>res_reservedQuantity</con:entry>
      </con:returnProperties>
      <con:runMode>PARALLELL</con:runMode>
    </con:config>
  </con:testStep>
  <con:testStep type="assertionteststep" name="Assertion res_quantity, res_totalQuantity and res_reservedQuantity" id="d5e2f149-50a8-486e-a5eb-5afd4859910c">
    <con:settings/>
    <con:config xsi:type="con:AssertionTestStep" xmlns:xsi="http://www.w3.org/2001/XMLSchema-instance">
      <con:entry>
        <con:id>9d8fa91f-6a77-47fa-84ea-dd605ddd8ae8</con:id>
        <con:isGroup>false</con:isGroup>
        <con:sourceId>bad7356c-6500-416b-b48a-e371e05ff417</con:sourceId>
        <con:propertyName>res_quantity</con:propertyName>
        <con:assertion type="Simple NotContains" name="Not Contains" id="c771a8c5-fff1-4889-8cd4-7a348b7c89be">
          <con:configuration>
            <token>\d+</token>
            <ignoreCase>false</ignoreCase>
            <useRegEx>true</useRegEx>
          </con:configuration>
        </con:assertion>
      </con:entry>
      <con:entry>
        <con:id>f0f7f54f-b386-4987-897c-a9a3e9e14e5c</con:id>
        <con:isGroup>false</con:isGroup>
        <con:sourceId>bad7356c-6500-416b-b48a-e371e05ff417</con:sourceId>
        <con:propertyName>res_totalQuantity</con:propertyName>
        <con:assertion type="Simple NotContains" name="Not Contains 2" id="44f1a6bd-8ea8-4ab6-9ad6-d647a915b07b">
          <con:configuration>
            <token>\d+</token>
            <ignoreCase>false</ignoreCase>
            <useRegEx>true</useRegEx>
          </con:configuration>
        </con:assertion>
      </con:entry>
      <con:entry>
        <con:id>b155dffc-d36b-4633-8a9c-1292d20004c2</con:id>
        <con:isGroup>false</con:isGroup>
        <con:sourceId>bad7356c-6500-416b-b48a-e371e05ff417</con:sourceId>
        <con:propertyName>res_reservedQuantity</con:propertyName>
        <con:assertion type="Simple NotContains" name="Not Contains 3" id="301e0042-5782-4b72-9e81-cb529c2e1374">
          <con:configuration>
            <token>\d+</token>
            <ignoreCase>false</ignoreCase>
            <useRegEx>true</useRegEx>
          </con:configuration>
        </con:assertion>
      </con:entry>
    </con:config>
  </con:testStep>
  <con:testStep type="transfer" name="Set create stockIn interaction success 2" id="d6cde4f1-d985-4012-afaa-280bc10b9e30">
    <con:settings/>
    <con:config xsi:type="con:PropertyTransfersStep" xmlns:xsi="http://www.w3.org/2001/XMLSchema-instance">
      <con:transfers setNullOnMissingSource="true" transferTextContent="true" failOnError="true" ignoreEmpty="false" transferToAll="false" entitize="false" transferChildNodes="false">
        <con:name>userId</con:name>
        <con:sourceType>userId</con:sourceType>
        <con:sourceStep>Given properties for the test steps</con:sourceStep>
        <con:sourcePath/>
        <con:targetType>req_userRoleId</con:targetType>
        <con:targetStep>Create stockIn interaction success 2</con:targetStep>
        <con:targetPath/>
        <con:upgraded>true</con:upgraded>
      </con:transfers>
      <con:transfers setNullOnMissingSource="true" transferTextContent="true" failOnError="true" ignoreEmpty="false" transferToAll="false" entitize="false" transferChildNodes="false">
        <con:name>soId</con:name>
        <con:sourceType>soId</con:sourceType>
        <con:sourceStep>Given properties for the test steps</con:sourceStep>
        <con:targetType>req_soRoleId</con:targetType>
        <con:targetStep>Create stockIn interaction success 2</con:targetStep>
        <con:upgraded>true</con:upgraded>
      </con:transfers>
      <con:transfers setNullOnMissingSource="true" transferTextContent="true" failOnError="true" ignoreEmpty="false" transferToAll="false" entitize="false" transferChildNodes="false">
        <con:name>biSpecCode</con:name>
        <con:sourceType>stockInBISpecCode</con:sourceType>
        <con:sourceStep>Given properties for the test steps</con:sourceStep>
        <con:targetType>req_biSpecCode</con:targetType>
        <con:targetStep>Create stockIn interaction success 2</con:targetStep>
        <con:upgraded>true</con:upgraded>
      </con:transfers>
    </con:config>
  </con:testStep>
  <con:testStep type="calltestcase" name="Create stockIn interaction success 2" id="22050ade-250a-4723-ab75-020266a6ec3c">
    <con:settings/>
    <con:config xsi:type="con:RunTestCaseStep" xmlns:xsi="http://www.w3.org/2001/XMLSchema-instance">
      <con:targetTestCase>bba3ce34-4cc5-41fb-98a0-894988e91181</con:targetTestCase>
      <con:properties>
        <con:property>
          <con:name>req_userRoleId</con:name>
          <con:value>391</con:value>
        </con:property>
        <con:property>
          <con:name>req_soRoleId</con:name>
          <con:value>389</con:value>
        </con:property>
        <con:property>
          <con:name>req_biSpecCode</con:name>
          <con:value>STCKINBISPEC</con:value>
        </con:property>
        <con:property>
          <con:name>res_biId</con:name>
          <con:value>12331</con:value>
        </con:property>
        <con:property>
          <con:name>res_code</con:name>
          <con:value>201</con:value>
        </con:property>
        <con:property>
          <con:name>res_errorMessage</con:name>
          <con:value xsi:nil="true"/>
        </con:property>
        <con:property>
          <con:name>res_httpStatus</con:name>
        </con:property>
      </con:properties>
      <con:returnProperties>
        <con:entry>res_biId</con:entry>
        <con:entry>res_code</con:entry>
        <con:entry>res_errorMessage</con:entry>
      </con:returnProperties>
      <con:runMode>PARALLELL</con:runMode>
    </con:config>
  </con:testStep>
  <con:testStep type="assertionteststep" name="Assertion create stockIn interaction success 2" id="74b200a4-4935-4cbf-aeec-f5d83da06682">
    <con:settings/>
    <con:config xsi:type="con:AssertionTestStep" xmlns:xsi="http://www.w3.org/2001/XMLSchema-instance">
      <con:entry>
        <con:id>a13b1429-625b-40d4-a1a3-a8f6509a845a</con:id>
        <con:isGroup>false</con:isGroup>
        <con:sourceId>22050ade-250a-4723-ab75-020266a6ec3c</con:sourceId>
        <con:propertyName>res_biId</con:propertyName>
        <con:assertion type="Simple Contains" name="Contains" id="605ae425-7061-473f-bb7e-3e886ba6298f">
          <con:configuration>
            <token>\d+</token>
            <ignoreCase>false</ignoreCase>
            <useRegEx>true</useRegEx>
          </con:configuration>
        </con:assertion>
      </con:entry>
    </con:config>
  </con:testStep>
  <con:testStep type="transfer" name="Property Transfer biId 2" id="b5ee09c6-d00d-4673-ae40-b4bc3d1d4055">
    <con:settings/>
    <con:config xsi:type="con:PropertyTransfersStep" xmlns:xsi="http://www.w3.org/2001/XMLSchema-instance">
      <con:transfers setNullOnMissingSource="true" transferTextContent="true" failOnError="true" ignoreEmpty="false" transferToAll="false" entitize="false" transferChildNodes="false">
        <con:name>biId</con:name>
        <con:sourceType>res_biId</con:sourceType>
        <con:sourceStep>Create stockIn interaction success 2</con:sourceStep>
        <con:sourcePath/>
        <con:targetType>biId</con:targetType>
        <con:targetStep>Given properties for the test steps</con:targetStep>
        <con:targetPath/>
        <con:upgraded>true</con:upgraded>
      </con:transfers>
    </con:config>
  </con:testStep>
  <con:testStep type="transfer" name="Set add stockIn item with quantity negative" id="5e71b7e3-1dc2-4a75-901b-486576b2510c">
    <con:settings/>
    <con:config xsi:type="con:PropertyTransfersStep" xmlns:xsi="http://www.w3.org/2001/XMLSchema-instance">
      <con:transfers setNullOnMissingSource="true" transferTextContent="true" failOnError="true" ignoreEmpty="false" transferToAll="false" entitize="false" transferChildNodes="false">
        <con:name>biId</con:name>
        <con:sourceType>biId</con:sourceType>
        <con:sourceStep>Given properties for the test steps</con:sourceStep>
        <con:sourcePath/>
        <con:targetType>req_biId</con:targetType>
        <con:targetStep>Add stockIn item with quantity negative</con:targetStep>
        <con:targetPath/>
        <con:upgraded>true</con:upgraded>
      </con:transfers>
      <con:transfers setNullOnMissingSource="true" transferTextContent="true" failOnError="true" ignoreEmpty="false" transferToAll="false" entitize="false" transferChildNodes="false">
        <con:name>productSpecExtId</con:name>
        <con:sourceType>serializedWithoutRangeProductSpecExtId</con:sourceType>
        <con:sourceStep>Given properties for the test steps</con:sourceStep>
        <con:targetType>req_prodSpecExternalId</con:targetType>
        <con:targetStep>Add stockIn item with quantity negative</con:targetStep>
        <con:upgraded>true</con:upgraded>
      </con:transfers>
      <con:transfers setNullOnMissingSource="true" transferTextContent="true" failOnError="true" ignoreEmpty="false" transferToAll="false" entitize="false" transferChildNodes="false">
        <con:name>quantity</con:name>
        <con:sourceType>negative</con:sourceType>
        <con:sourceStep>Given properties for the test steps</con:sourceStep>
        <con:targetType>req_quantity</con:targetType>
        <con:targetStep>Add stockIn item with quantity negative</con:targetStep>
        <con:upgraded>true</con:upgraded>
      </con:transfers>
      <con:transfers setNullOnMissingSource="true" transferTextContent="true" failOnError="true" ignoreEmpty="false" transferToAll="false" entitize="false" transferChildNodes="false">
        <con:name>placeId</con:name>
        <con:sourceType>placeId</con:sourceType>
        <con:sourceStep>Given properties for the test steps</con:sourceStep>
        <con:targetType>req_placeId</con:targetType>
        <con:targetStep>Add stockIn item with quantity negative</con:targetStep>
        <con:upgraded>true</con:upgraded>
      </con:transfers>
      <con:transfers setNullOnMissingSource="true" transferTextContent="true" failOnError="true" ignoreEmpty="false" transferToAll="false" entitize="false" transferChildNodes="false">
        <con:name>productStatus</con:name>
        <con:sourceType>productStatusSellable</con:sourceType>
        <con:sourceStep>Given properties for the test steps</con:sourceStep>
        <con:targetType>req_productStatus</con:targetType>
        <con:targetStep>Add stockIn item with quantity negative</con:targetStep>
        <con:upgraded>true</con:upgraded>
      </con:transfers>
      <con:transfers setNullOnMissingSource="true" transferTextContent="true" failOnError="true" ignoreEmpty="false" transferToAll="false" entitize="false" transferChildNodes="false">
        <con:name>productDesc</con:name>
        <con:sourceType>productSpecCharDesc</con:sourceType>
        <con:sourceStep>Given properties for the test steps</con:sourceStep>
        <con:targetType>req_description</con:targetType>
        <con:targetStep>Add stockIn item with quantity negative</con:targetStep>
        <con:upgraded>true</con:upgraded>
      </con:transfers>
      <con:transfers setNullOnMissingSource="true" transferTextContent="true" failOnError="true" ignoreEmpty="false" transferToAll="false" entitize="false" transferChildNodes="false">
        <con:name>productSpecCharUseId</con:name>
        <con:sourceType>productSpecCharUseId</con:sourceType>
        <con:sourceStep>Given properties for the test steps</con:sourceStep>
        <con:targetType>req_productSpecCharUseId</con:targetType>
        <con:targetStep>Add stockIn item with quantity negative</con:targetStep>
        <con:upgraded>true</con:upgraded>
      </con:transfers>
      <con:transfers setNullOnMissingSource="true" transferTextContent="true" failOnError="true" ignoreEmpty="false" transferToAll="false" entitize="false" transferChildNodes="false">
        <con:name>productSpecCharId</con:name>
        <con:sourceType>productSpecCharId</con:sourceType>
        <con:sourceStep>Given properties for the test steps</con:sourceStep>
        <con:targetType>req_productSpecCharId</con:targetType>
        <con:targetStep>Add stockIn item with quantity negative</con:targetStep>
        <con:upgraded>true</con:upgraded>
      </con:transfers>
      <con:transfers setNullOnMissingSource="true" transferTextContent="true" failOnError="true" ignoreEmpty="false" transferToAll="false" entitize="false" transferChildNodes="false">
        <con:name>productSpecCharValueId</con:name>
        <con:sourceType>productSpecCharValueId</con:sourceType>
        <con:sourceStep>Given properties for the test steps</con:sourceStep>
        <con:targetType>req_productSpecCharValueId</con:targetType>
        <con:targetStep>Add stockIn item with quantity negative</con:targetStep>
        <con:upgraded>true</con:upgraded>
      </con:transfers>
      <con:transfers setNullOnMissingSource="true" transferTextContent="true" failOnError="true" ignoreEmpty="false" transferToAll="false" entitize="false" transferChildNodes="false">
        <con:name>isPaired</con:name>
        <con:sourceType>isPairedFalse</con:sourceType>
        <con:sourceStep>Given properties for the test steps</con:sourceStep>
        <con:targetType>req_isPaired</con:targetType>
        <con:targetStep>Add stockIn item with quantity negative</con:targetStep>
        <con:upgraded>true</con:upgraded>
      </con:transfers>
      <con:transfers setNullOnMissingSource="true" transferTextContent="true" failOnError="true" ignoreEmpty="false" transferToAll="false" entitize="false" transferChildNodes="false">
        <con:name>startSerial</con:name>
        <con:sourceType>startSerialNumber</con:sourceType>
        <con:sourceStep>Given properties for the test steps</con:sourceStep>
        <con:targetType>req_startSerial</con:targetType>
        <con:targetStep>Add stockIn item with quantity negative</con:targetStep>
        <con:upgraded>true</con:upgraded>
      </con:transfers>
      <con:transfers setNullOnMissingSource="true" transferTextContent="true" failOnError="true" ignoreEmpty="false" transferToAll="false" entitize="false" transferChildNodes="false">
        <con:name>endSerial</con:name>
        <con:sourceType>endSerialNumber</con:sourceType>
        <con:sourceStep>Given properties for the test steps</con:sourceStep>
        <con:targetType>req_endSerial</con:targetType>
        <con:targetStep>Add stockIn item with quantity negative</con:targetStep>
        <con:upgraded>true</con:upgraded>
      </con:transfers>
      <con:transfers setNullOnMissingSource="true" transferTextContent="true" failOnError="true" ignoreEmpty="false" transferToAll="false" entitize="false" transferChildNodes="false">
        <con:name>serialNumber</con:name>
        <con:sourceType>serialNumber</con:sourceType>
        <con:sourceStep>Given properties for the test steps</con:sourceStep>
        <con:targetType>req_serialNumber</con:targetType>
        <con:targetStep>Add stockIn item with quantity negative</con:targetStep>
        <con:upgraded>true</con:upgraded>
      </con:transfers>
    </con:config>
  </con:testStep>
  <con:testStep type="calltestcase" name="Add stockIn item with quantity negative" id="c84888c4-3f63-4ac0-a22c-73a1dfcfb656">
    <con:settings/>
    <con:config xsi:type="con:RunTestCaseStep" xmlns:xsi="http://www.w3.org/2001/XMLSchema-instance">
      <con:targetTestCase>2a528d8b-5b13-4d95-87ac-42a9644387c3</con:targetTestCase>
      <con:properties>
        <con:property>
          <con:name>req_biId</con:name>
          <con:value>12331</con:value>
        </con:property>
        <con:property>
          <con:name>req_prodSpecExternalId</con:name>
          <con:value>EXT-GALAXYNOTE4-1</con:value>
        </con:property>
        <con:property>
          <con:name>req_quantity</con:name>
          <con:value>-1</con:value>
        </con:property>
        <con:property>
          <con:name>req_placeId</con:name>
          <con:value>198</con:value>
        </con:property>
        <con:property>
          <con:name>req_productStatus</con:name>
          <con:value>1</con:value>
        </con:property>
        <con:property>
          <con:name>req_description</con:name>
          <con:value>PRODUCTSPECCHARACTERISTIC-DESC-${=java.util.UUID.randomUUID()}</con:value>
        </con:property>
        <con:property>
          <con:name>res_id</con:name>
          <con:value xsi:nil="true"/>
        </con:property>
        <con:property>
          <con:name>req_productSpecCharUseId</con:name>
          <con:value/>
        </con:property>
        <con:property>
          <con:name>req_productSpecCharId</con:name>
          <con:value>1</con:value>
        </con:property>
        <con:property>
          <con:name>req_productSpecCharValueId</con:name>
          <con:value>1</con:value>
        </con:property>
        <con:property>
          <con:name>req_isPaired</con:name>
          <con:value>false</con:value>
        </con:property>
        <con:property>
          <con:name>req_startSerial</con:name>
          <con:value>24815092</con:value>
        </con:property>
        <con:property>
          <con:name>req_endSerial</con:name>
          <con:value>62776437</con:value>
        </con:property>
        <con:property>
          <con:name>res_startSerial</con:name>
        </con:property>
        <con:property>
          <con:name>res_endSerial</con:name>
        </con:property>
        <con:property>
          <con:name>res_code</con:name>
          <con:value>ALL_PRODUCT_SPEC_CHARACTERISTICS_MUST_BE_PROVIDED</con:value>
        </con:property>
        <con:property>
          <con:name>res_quantity</con:name>
        </con:property>
        <con:property>
          <con:name>req_serialNumber</con:name>
          <con:value>serialNumber-${=java.util.UUID.randomUUID()}</con:value>
        </con:property>
        <con:property>
          <con:name>res_errorMessage</con:name>
          <con:value>ALL_PRODUCT_SPEC_CHARACTERISTICS_MUST_BE_PROVIDED</con:value>
        </con:property>
      </con:properties>
      <con:returnProperties>
        <con:entry>res_id</con:entry>
        <con:entry>res_code</con:entry>
        <con:entry>res_errorMessage</con:entry>
      </con:returnProperties>
      <con:runMode>PARALLELL</con:runMode>
    </con:config>
  </con:testStep>
  <con:testStep type="assertionteststep" name="Assertion add stockIn item with quantity negative" id="f816d919-e6c8-4e9f-80e8-107ab2394fec">
    <con:settings/>
    <con:config xsi:type="con:AssertionTestStep" xmlns:xsi="http://www.w3.org/2001/XMLSchema-instance">
      <con:entry>
        <con:id>221e303b-a5d4-4503-a83a-d0d4533f58a5</con:id>
        <con:isGroup>false</con:isGroup>
        <con:sourceId>c84888c4-3f63-4ac0-a22c-73a1dfcfb656</con:sourceId>
        <con:propertyName>res_errorMessage</con:propertyName>
        <con:assertion type="Simple Contains" name="Contains" id="12bb7c07-5bcf-4c52-9745-2e5278dbd071">
          <con:configuration>
            <token>\w+</token>
            <ignoreCase>false</ignoreCase>
            <useRegEx>true</useRegEx>
          </con:configuration>
        </con:assertion>
      </con:entry>
    </con:config>
  </con:testStep>
  <con:testStep type="transfer" name="Set submit stockIn item with quantity negative" id="d9a573ec-4ca2-431d-9e17-66ff238ff84e">
    <con:settings/>
    <con:config xsi:type="con:PropertyTransfersStep" xmlns:xsi="http://www.w3.org/2001/XMLSchema-instance">
      <con:transfers setNullOnMissingSource="true" transferTextContent="true" failOnError="true" ignoreEmpty="false" transferToAll="false" entitize="false" transferChildNodes="false">
        <con:name>biId</con:name>
        <con:sourceType>biId</con:sourceType>
        <con:sourceStep>Given properties for the test steps</con:sourceStep>
        <con:sourcePath/>
        <con:targetType>req_biId</con:targetType>
        <con:targetStep>Submit stockIn item with quantity negative</con:targetStep>
        <con:targetPath/>
        <con:upgraded>true</con:upgraded>
      </con:transfers>
    </con:config>
  </con:testStep>
  <con:testStep type="calltestcase" name="Submit stockIn item with quantity negative" id="bd70b107-a56d-4823-9b81-d55ea2e25913">
    <con:settings/>
    <con:config xsi:type="con:RunTestCaseStep" xmlns:xsi="http://www.w3.org/2001/XMLSchema-instance">
      <con:targetTestCase>c6afe465-b867-4e9f-9e55-596671d41d0a</con:targetTestCase>
      <con:properties>
        <con:property>
          <con:name>req_biId</con:name>
          <con:value>12331</con:value>
        </con:property>
        <con:property>
          <con:name>res_biId</con:name>
          <con:value xsi:nil="true"/>
        </con:property>
        <con:property>
          <con:name>res_code</con:name>
          <con:value>BI_CANNOT_SUBMIT_WITHOUT_ITEMS</con:value>
        </con:property>
        <con:property>
          <con:name>res_errorMessage</con:name>
          <con:value>BI_CANNOT_SUBMIT_WITHOUT_ITEMS</con:value>
        </con:property>
        <con:property>
          <con:name>res_httpStatusCode</con:name>
        </con:property>
      </con:properties>
      <con:returnProperties>
        <con:entry>res_biId</con:entry>
        <con:entry>res_code</con:entry>
        <con:entry>res_errorMessage</con:entry>
      </con:returnProperties>
      <con:runMode>PARALLELL</con:runMode>
    </con:config>
  </con:testStep>
  <con:testStep type="assertionteststep" name="Assertion submit add item with quantity negative" id="151172ba-666f-4974-9712-2e966538f1b7">
    <con:settings/>
    <con:config xsi:type="con:AssertionTestStep" xmlns:xsi="http://www.w3.org/2001/XMLSchema-instance">
      <con:entry>
        <con:id>b09879d0-580c-4878-9b6c-7f263f412e6c</con:id>
        <con:isGroup>false</con:isGroup>
        <con:sourceId>bd70b107-a56d-4823-9b81-d55ea2e25913</con:sourceId>
        <con:propertyName>res_errorMessage</con:propertyName>
        <con:assertion type="Simple Contains" name="Contains" id="0006a18f-d7ca-429d-a0a8-7cb5b212ab81">
          <con:configuration>
            <token>\w+</token>
            <ignoreCase>false</ignoreCase>
            <useRegEx>true</useRegEx>
          </con:configuration>
        </con:assertion>
      </con:entry>
    </con:config>
  </con:testStep>
  <con:testStep type="transfer" name="Property Transfer to display stock level step 2" id="f05b5465-fb1a-47dc-a76e-0d09ae4d75ea">
    <con:settings/>
    <con:config xsi:type="con:PropertyTransfersStep" xmlns:xsi="http://www.w3.org/2001/XMLSchema-instance">
      <con:transfers setNullOnMissingSource="true" transferTextContent="true" failOnError="true" ignoreEmpty="false" transferToAll="false" entitize="false" transferChildNodes="false">
        <con:name>placeId</con:name>
        <con:sourceType>req_placeId</con:sourceType>
        <con:sourceStep>Add stockIn item with quantity negative</con:sourceStep>
        <con:sourcePath/>
        <con:targetType>req_placeId</con:targetType>
        <con:targetStep>Display stock level by product spec ext id 2</con:targetStep>
        <con:targetPath/>
        <con:upgraded>true</con:upgraded>
      </con:transfers>
      <con:transfers setNullOnMissingSource="true" transferTextContent="true" failOnError="true" ignoreEmpty="false" transferToAll="false" entitize="false" transferChildNodes="false">
        <con:name>productSpecExtId</con:name>
        <con:sourceType>req_prodSpecExternalId</con:sourceType>
        <con:sourceStep>Add stockIn item with quantity negative</con:sourceStep>
        <con:targetType>req_productSpecificationExternalId</con:targetType>
        <con:targetStep>Display stock level by product spec ext id 2</con:targetStep>
        <con:upgraded>true</con:upgraded>
      </con:transfers>
    </con:config>
  </con:testStep>
  <con:testStep type="calltestcase" name="Display stock level by product spec ext id 2" id="ee51e0e7-37a5-4352-969a-e084963769a0">
    <con:settings/>
    <con:config xsi:type="con:RunTestCaseStep" xmlns:xsi="http://www.w3.org/2001/XMLSchema-instance">
      <con:targetTestCase>ae70f14b-9b62-4330-9f1f-32535bcddc8b</con:targetTestCase>
      <con:properties>
        <con:property>
          <con:name>req_placeId</con:name>
          <con:value>198</con:value>
        </con:property>
        <con:property>
          <con:name>req_productSpecCode</con:name>
        </con:property>
        <con:property>
          <con:name>req_productSpecArticle</con:name>
        </con:property>
        <con:property>
          <con:name>req_productStatus</con:name>
        </con:property>
        <con:property>
          <con:name>req_includeLocked</con:name>
        </con:property>
        <con:property>
          <con:name>req_productSpecificationExternalId</con:name>
          <con:value>EXT-GALAXYNOTE4-1</con:value>
        </con:property>
        <con:property>
          <con:name>res_placeId</con:name>
          <con:value xsi:nil="true"/>
        </con:property>
        <con:property>
          <con:name>res_productSpecificationId</con:name>
          <con:value xsi:nil="true"/>
        </con:property>
        <con:property>
          <con:name>res_productSpecificationExternalId</con:name>
          <con:value xsi:nil="true"/>
        </con:property>
        <con:property>
          <con:name>res_quantity</con:name>
          <con:value xsi:nil="true"/>
        </con:property>
        <con:property>
          <con:name>res_salesOrganizationId</con:name>
          <con:value xsi:nil="true"/>
        </con:property>
        <con:property>
          <con:name>res_totalQuantity</con:name>
          <con:value xsi:nil="true"/>
        </con:property>
        <con:property>
          <con:name>res_reservedQuantity</con:name>
          <con:value xsi:nil="true"/>
        </con:property>
        <con:property>
          <con:name>req_productId</con:name>
        </con:property>
        <con:property>
          <con:name>res_code</con:name>
        </con:property>
        <con:property>
          <con:name>req_productSerialNumber</con:name>
        </con:property>
        <con:property>
          <con:name>req_productSerialText</con:name>
        </con:property>
        <con:property>
          <con:name>req_productSpecificationId</con:name>
        </con:property>
        <con:property>
          <con:name>req_parentSerialNumberText</con:name>
        </con:property>
        <con:property>
          <con:name>req_batchId</con:name>
        </con:property>
        <con:property>
          <con:name>req_country</con:name>
        </con:property>
        <con:property>
          <con:name>req_state</con:name>
        </con:property>
        <con:property>
          <con:name>req_city</con:name>
        </con:property>
        <con:property>
          <con:name>req_regionId</con:name>
        </con:property>
        <con:property>
          <con:name>res_fullResponse</con:name>
        </con:property>
        <con:property>
          <con:name>res_errorMessage</con:name>
        </con:property>
      </con:properties>
      <con:returnProperties>
        <con:entry>res_placeId</con:entry>
        <con:entry>res_productSpecificationId</con:entry>
        <con:entry>res_productSpecificationExternalId</con:entry>
        <con:entry>res_quantity</con:entry>
        <con:entry>res_salesOrganizationId</con:entry>
        <con:entry>res_totalQuantity</con:entry>
        <con:entry>res_reservedQuantity</con:entry>
      </con:returnProperties>
      <con:runMode>PARALLELL</con:runMode>
    </con:config>
  </con:testStep>
  <con:testStep type="assertionteststep" name="Assertion res_quantity, res_totalQuantity and res_reservedQuantity 2" id="7279e808-ba89-401e-a87d-d2fa240efd0e">
    <con:settings/>
    <con:config xsi:type="con:AssertionTestStep" xmlns:xsi="http://www.w3.org/2001/XMLSchema-instance">
      <con:entry>
        <con:id>21465ae3-d5f3-4c40-a335-1c12e3553829</con:id>
        <con:isGroup>false</con:isGroup>
        <con:sourceId>ee51e0e7-37a5-4352-969a-e084963769a0</con:sourceId>
        <con:propertyName>res_quantity</con:propertyName>
        <con:assertion type="Simple NotContains" name="Not Contains" id="83d876e7-bc48-43d1-9b72-bfe62e37bb29">
          <con:configuration>
            <token>\d+</token>
            <ignoreCase>false</ignoreCase>
            <useRegEx>true</useRegEx>
          </con:configuration>
        </con:assertion>
      </con:entry>
      <con:entry>
        <con:id>6fae900c-7637-4782-a8d3-5b378efc83dc</con:id>
        <con:isGroup>false</con:isGroup>
        <con:sourceId>ee51e0e7-37a5-4352-969a-e084963769a0</con:sourceId>
        <con:propertyName>res_totalQuantity</con:propertyName>
        <con:assertion type="Simple NotContains" name="Not Contains 2" id="2050479e-8770-4ce7-9aa9-006f23c2eb97">
          <con:configuration>
            <token>\d+</token>
            <ignoreCase>false</ignoreCase>
            <useRegEx>true</useRegEx>
          </con:configuration>
        </con:assertion>
      </con:entry>
      <con:entry>
        <con:id>d3759737-217a-44be-956d-bfeceef0cc45</con:id>
        <con:isGroup>false</con:isGroup>
        <con:sourceId>ee51e0e7-37a5-4352-969a-e084963769a0</con:sourceId>
        <con:propertyName>res_reservedQuantity</con:propertyName>
        <con:assertion type="Simple NotContains" name="Not Contains 3" id="1848cc77-5bc6-4820-a4e1-f740e9b466ee">
          <con:configuration>
            <token>\d+</token>
            <ignoreCase>false</ignoreCase>
            <useRegEx>true</useRegEx>
          </con:configuration>
        </con:assertion>
      </con:entry>
    </con:config>
  </con:testStep>
  <con:testStep type="transfer" name="Set create stockIn interaction success 4" id="cabd6b09-5ac0-4dfb-b284-ea5a1ea06329">
    <con:settings/>
    <con:config xsi:type="con:PropertyTransfersStep" xmlns:xsi="http://www.w3.org/2001/XMLSchema-instance">
      <con:transfers setNullOnMissingSource="true" transferTextContent="true" failOnError="true" ignoreEmpty="false" transferToAll="false" entitize="false" transferChildNodes="false">
        <con:name>userId</con:name>
        <con:sourceType>userId</con:sourceType>
        <con:sourceStep>Given properties for the test steps</con:sourceStep>
        <con:sourcePath/>
        <con:targetType>req_userRoleId</con:targetType>
        <con:targetStep>Create stockIn interaction success 4</con:targetStep>
        <con:targetPath/>
        <con:upgraded>true</con:upgraded>
      </con:transfers>
      <con:transfers setNullOnMissingSource="true" transferTextContent="true" failOnError="true" ignoreEmpty="false" transferToAll="false" entitize="false" transferChildNodes="false">
        <con:name>soId</con:name>
        <con:sourceType>soId</con:sourceType>
        <con:sourceStep>Given properties for the test steps</con:sourceStep>
        <con:targetType>req_soRoleId</con:targetType>
        <con:targetStep>Create stockIn interaction success 4</con:targetStep>
        <con:upgraded>true</con:upgraded>
      </con:transfers>
      <con:transfers setNullOnMissingSource="true" transferTextContent="true" failOnError="true" ignoreEmpty="false" transferToAll="false" entitize="false" transferChildNodes="false">
        <con:name>biSpecCode</con:name>
        <con:sourceType>stockInBISpecCode</con:sourceType>
        <con:sourceStep>Given properties for the test steps</con:sourceStep>
        <con:targetType>req_biSpecCode</con:targetType>
        <con:targetStep>Create stockIn interaction success 4</con:targetStep>
        <con:upgraded>true</con:upgraded>
      </con:transfers>
    </con:config>
  </con:testStep>
  <con:testStep type="calltestcase" name="Create stockIn interaction success 4" id="75fef665-bb96-4afd-98e0-1cb456f32058">
    <con:settings/>
    <con:config xsi:type="con:RunTestCaseStep" xmlns:xsi="http://www.w3.org/2001/XMLSchema-instance">
      <con:targetTestCase>bba3ce34-4cc5-41fb-98a0-894988e91181</con:targetTestCase>
      <con:properties>
        <con:property>
          <con:name>req_userRoleId</con:name>
          <con:value>391</con:value>
        </con:property>
        <con:property>
          <con:name>req_soRoleId</con:name>
          <con:value>389</con:value>
        </con:property>
        <con:property>
          <con:name>req_biSpecCode</con:name>
          <con:value>STCKINBISPEC</con:value>
        </con:property>
        <con:property>
          <con:name>res_biId</con:name>
          <con:value>12341</con:value>
        </con:property>
        <con:property>
          <con:name>res_code</con:name>
          <con:value>201</con:value>
        </con:property>
        <con:property>
          <con:name>res_errorMessage</con:name>
        </con:property>
        <con:property>
          <con:name>res_httpStatus</con:name>
        </con:property>
      </con:properties>
      <con:returnProperties>
        <con:entry>res_biId</con:entry>
        <con:entry>res_code</con:entry>
      </con:returnProperties>
      <con:runMode>PARALLELL</con:runMode>
    </con:config>
  </con:testStep>
  <con:testStep type="assertionteststep" name="Assertion create stockIn interaction success 4" id="c51a3144-b728-484a-aa8c-b9e784f5c3a0">
    <con:settings/>
    <con:config xsi:type="con:AssertionTestStep" xmlns:xsi="http://www.w3.org/2001/XMLSchema-instance">
      <con:entry>
        <con:id>7bbf8a05-32f0-4871-aae9-205dcd0c571e</con:id>
        <con:isGroup>false</con:isGroup>
        <con:sourceId>75fef665-bb96-4afd-98e0-1cb456f32058</con:sourceId>
        <con:propertyName>res_biId</con:propertyName>
        <con:assertion type="Simple Contains" name="Contains" id="da269d35-dd6e-4d91-b445-77f7804f3285">
          <con:configuration>
            <token>\d+</token>
            <ignoreCase>false</ignoreCase>
            <useRegEx>true</useRegEx>
          </con:configuration>
        </con:assertion>
      </con:entry>
    </con:config>
  </con:testStep>
  <con:testStep type="transfer" name="Property Transfer biId 4" id="1a7277cf-afb5-4a6b-8112-017a58c853f3">
    <con:settings/>
    <con:config xsi:type="con:PropertyTransfersStep" xmlns:xsi="http://www.w3.org/2001/XMLSchema-instance">
      <con:transfers setNullOnMissingSource="true" transferTextContent="true" failOnError="true" ignoreEmpty="false" transferToAll="false" entitize="false" transferChildNodes="false">
        <con:name>biId</con:name>
        <con:sourceType>res_biId</con:sourceType>
        <con:sourceStep>Create stockIn interaction success 4</con:sourceStep>
        <con:sourcePath/>
        <con:targetType>biId</con:targetType>
        <con:targetStep>Given properties for the test steps</con:targetStep>
        <con:targetPath/>
        <con:upgraded>true</con:upgraded>
      </con:transfers>
    </con:config>
  </con:testStep>
  <con:testStep type="datasource" name="DataSource for nonserialized product spec code" id="c433e4f5-a8b9-458f-b4bf-4f5aa83e40b3">
    <con:settings/>
    <con:config xsi:type="con:DataSourceStep" xmlns:xsi="http://www.w3.org/2001/XMLSchema-instance">
      <con:dataSource type="Grid">
        <con:configuration>
          <check>&lt;con:entry xmlns:con="http://eviware.com/soapui/config">true&lt;/con:entry></check>
          <row><![CDATA[<xml-fragment><con:entry xmlns:con="http://eviware.com/soapui/config">Apple Mouse 1 Button Count</con:entry><con:entry xmlns:con="http://eviware.com/soapui/config">EXT-APPLMOUSE-1</con:entry><con:entry xmlns:con="http://eviware.com/soapui/config">CODE-APPLMOUSE-1</con:entry><con:entry xmlns:con="http://eviware.com/soapui/config">${#TestCase#req_quantity}</con:entry><con:entry xmlns:con="http://eviware.com/soapui/config">5-EXT</con:entry><con:entry xmlns:con="http://eviware.com/soapui/config">17-EXT</con:entry><con:entry xmlns:con="http://eviware.com/soapui/config">1</con:entry><con:entry xmlns:con="http://eviware.com/soapui/config"/><con:entry xmlns:con="http://eviware.com/soapui/config"/></xml-fragment>]]></row>
        </con:configuration>
      </con:dataSource>
      <con:property>description</con:property>
      <con:property>prodSpecExtId</con:property>
      <con:property>productSpecCode</con:property>
      <con:property>quantity</con:property>
      <con:property>charExtId1</con:property>
      <con:property>charValueExtId1</con:property>
      <con:property>productStatus</con:property>
      <con:completeLastOperation>true</con:completeLastOperation>
      <con:restartOnRun>true</con:restartOnRun>
    </con:config>
  </con:testStep>
  <con:testStep type="transfer" name="Set add stockIn Item nonserialized with serial number" id="b257a1be-9d67-4379-a450-f8848e05f73d">
    <con:settings/>
    <con:config xsi:type="con:PropertyTransfersStep" xmlns:xsi="http://www.w3.org/2001/XMLSchema-instance">
      <con:transfers setNullOnMissingSource="true" transferTextContent="true" failOnError="true" ignoreEmpty="false" transferToAll="false" entitize="false" transferChildNodes="false">
        <con:name>biId</con:name>
        <con:sourceType>biId</con:sourceType>
        <con:sourceStep>Given properties for the test steps</con:sourceStep>
        <con:sourcePath/>
        <con:targetType>req_biId</con:targetType>
        <con:targetStep>Add stockIn Item nonserialized with serial number</con:targetStep>
        <con:targetPath/>
        <con:upgraded>true</con:upgraded>
      </con:transfers>
      <con:transfers setNullOnMissingSource="true" transferTextContent="true" failOnError="true" ignoreEmpty="false" transferToAll="false" entitize="false" transferChildNodes="false">
        <con:name>productSpecExtId</con:name>
        <con:sourceType>prodSpecExtId</con:sourceType>
        <con:sourceStep>DataSource for nonserialized product spec code</con:sourceStep>
        <con:targetType>req_prodSpecExternalId</con:targetType>
        <con:targetStep>Add stockIn Item nonserialized with serial number</con:targetStep>
        <con:upgraded>true</con:upgraded>
      </con:transfers>
      <con:transfers setNullOnMissingSource="true" transferTextContent="true" failOnError="true" ignoreEmpty="false" transferToAll="false" entitize="false" transferChildNodes="false">
        <con:name>placeId</con:name>
        <con:sourceType>placeId</con:sourceType>
        <con:sourceStep>Given properties for the test steps</con:sourceStep>
        <con:targetType>req_placeId</con:targetType>
        <con:targetStep>Add stockIn Item nonserialized with serial number</con:targetStep>
        <con:upgraded>true</con:upgraded>
      </con:transfers>
      <con:transfers setNullOnMissingSource="true" transferTextContent="true" failOnError="true" ignoreEmpty="false" transferToAll="false" entitize="false" transferChildNodes="false">
        <con:name>description</con:name>
        <con:sourceType>productDesc</con:sourceType>
        <con:sourceStep>Given properties for the test steps</con:sourceStep>
        <con:targetType>req_description</con:targetType>
        <con:targetStep>Add stockIn Item nonserialized with serial number</con:targetStep>
        <con:upgraded>true</con:upgraded>
      </con:transfers>
      <con:transfers setNullOnMissingSource="true" transferTextContent="true" failOnError="true" ignoreEmpty="false" transferToAll="false" entitize="false" transferChildNodes="false">
        <con:name>productStatus</con:name>
        <con:sourceType>productStatus</con:sourceType>
        <con:sourceStep>DataSource for nonserialized product spec code</con:sourceStep>
        <con:targetType>req_productStatus</con:targetType>
        <con:targetStep>Add stockIn Item nonserialized with serial number</con:targetStep>
        <con:upgraded>true</con:upgraded>
      </con:transfers>
      <con:transfers setNullOnMissingSource="true" transferTextContent="true" failOnError="true" ignoreEmpty="false" transferToAll="false" entitize="false" transferChildNodes="false">
        <con:name>quantity</con:name>
        <con:sourceType>quantity</con:sourceType>
        <con:sourceStep>Given properties for the test steps</con:sourceStep>
        <con:targetType>req_quantity</con:targetType>
        <con:targetStep>Add stockIn Item nonserialized with serial number</con:targetStep>
        <con:upgraded>true</con:upgraded>
      </con:transfers>
      <con:transfers setNullOnMissingSource="true" transferTextContent="true" failOnError="true" ignoreEmpty="false" transferToAll="false" entitize="false" transferChildNodes="false">
        <con:name>startSerialNumber</con:name>
        <con:sourceType>startSerialNumber</con:sourceType>
        <con:sourceStep>Given properties for the test steps</con:sourceStep>
        <con:targetType>req_startSerial</con:targetType>
        <con:targetStep>Add stockIn Item nonserialized with serial number</con:targetStep>
        <con:upgraded>true</con:upgraded>
      </con:transfers>
    </con:config>
  </con:testStep>
  <con:testStep type="calltestcase" name="Add stockIn Item nonserialized with serial number" id="3f41131e-2ee7-4228-8f71-8df1a6b32b55">
    <con:settings/>
    <con:config xsi:type="con:RunTestCaseStep" xmlns:xsi="http://www.w3.org/2001/XMLSchema-instance">
      <con:targetTestCase>2a528d8b-5b13-4d95-87ac-42a9644387c3</con:targetTestCase>
      <con:properties>
        <con:property>
          <con:name>req_biId</con:name>
          <con:value>12341</con:value>
        </con:property>
        <con:property>
          <con:name>req_prodSpecExternalId</con:name>
          <con:value>EXT-APPLMOUSE-1</con:value>
        </con:property>
        <con:property>
          <con:name>req_quantity</con:name>
          <con:value>368</con:value>
        </con:property>
        <con:property>
          <con:name>req_placeId</con:name>
          <con:value>198</con:value>
        </con:property>
        <con:property>
          <con:name>req_productStatus</con:name>
          <con:value>1</con:value>
        </con:property>
        <con:property>
          <con:name>req_description</con:name>
          <con:value>productDesc-${=java.util.UUID.randomUUID()}</con:value>
        </con:property>
        <con:property>
          <con:name>res_id</con:name>
          <con:value xsi:nil="true"/>
        </con:property>
        <con:property>
          <con:name>req_productSpecCharUseId</con:name>
          <con:value xsi:nil="true"/>
        </con:property>
        <con:property>
          <con:name>req_productSpecCharId</con:name>
          <con:value xsi:nil="true"/>
        </con:property>
        <con:property>
          <con:name>req_productSpecCharValueId</con:name>
          <con:value xsi:nil="true"/>
        </con:property>
        <con:property>
          <con:name>req_isPaired</con:name>
          <con:value xsi:nil="true"/>
        </con:property>
        <con:property>
          <con:name>req_startSerial</con:name>
          <con:value>24815092</con:value>
        </con:property>
        <con:property>
          <con:name>req_endSerial</con:name>
          <con:value xsi:nil="true"/>
        </con:property>
        <con:property>
          <con:name>res_startSerial</con:name>
          <con:value xsi:nil="true"/>
        </con:property>
        <con:property>
          <con:name>res_endSerial</con:name>
          <con:value xsi:nil="true"/>
        </con:property>
        <con:property>
          <con:name>res_code</con:name>
          <con:value>ALL_PRODUCT_SPEC_CHARACTERISTICS_MUST_BE_PROVIDED</con:value>
        </con:property>
        <con:property>
          <con:name>res_quantity</con:name>
          <con:value xsi:nil="true"/>
        </con:property>
        <con:property>
          <con:name>req_serialNumber</con:name>
          <con:value xsi:nil="true"/>
        </con:property>
        <con:property>
          <con:name>res_errorMessage</con:name>
          <con:value>ALL_PRODUCT_SPEC_CHARACTERISTICS_MUST_BE_PROVIDED</con:value>
        </con:property>
      </con:properties>
      <con:returnProperties>
        <con:entry>res_id</con:entry>
        <con:entry>res_code</con:entry>
        <con:entry>res_errorMessage</con:entry>
      </con:returnProperties>
      <con:runMode>PARALLELL</con:runMode>
    </con:config>
  </con:testStep>
  <con:testStep type="assertionteststep" name="Assertion add stockIn Item nonserialized with serial number" id="6c553c16-94e7-4041-9b2c-d824433427f2">
    <con:settings/>
    <con:config xsi:type="con:AssertionTestStep" xmlns:xsi="http://www.w3.org/2001/XMLSchema-instance">
      <con:entry>
        <con:id>73b3ca47-4656-41e1-bf3d-8fa6280c6ba1</con:id>
        <con:isGroup>false</con:isGroup>
        <con:sourceId>3f41131e-2ee7-4228-8f71-8df1a6b32b55</con:sourceId>
        <con:propertyName>res_errorMessage</con:propertyName>
        <con:assertion type="Simple Contains" name="Contains" id="a1b42010-02cb-4613-bc15-4241fd8675fe">
          <con:configuration>
            <token>\w+</token>
            <ignoreCase>false</ignoreCase>
            <useRegEx>true</useRegEx>
          </con:configuration>
        </con:assertion>
      </con:entry>
    </con:config>
  </con:testStep>
  <con:testStep type="transfer" name="Set create stockIn interaction success 5" id="375d0bd0-94ea-4829-a402-4b35d589ad4c">
    <con:settings/>
    <con:config xsi:type="con:PropertyTransfersStep" xmlns:xsi="http://www.w3.org/2001/XMLSchema-instance">
      <con:transfers setNullOnMissingSource="true" transferTextContent="true" failOnError="true" ignoreEmpty="false" transferToAll="false" entitize="false" transferChildNodes="false">
        <con:name>userId</con:name>
        <con:sourceType>userId</con:sourceType>
        <con:sourceStep>Given properties for the test steps</con:sourceStep>
        <con:sourcePath/>
        <con:targetType>req_userRoleId</con:targetType>
        <con:targetStep>Create stockIn interaction success 5</con:targetStep>
        <con:targetPath/>
        <con:upgraded>true</con:upgraded>
      </con:transfers>
      <con:transfers setNullOnMissingSource="true" transferTextContent="true" failOnError="true" ignoreEmpty="false" transferToAll="false" entitize="false" transferChildNodes="false">
        <con:name>soId</con:name>
        <con:sourceType>soId</con:sourceType>
        <con:sourceStep>Given properties for the test steps</con:sourceStep>
        <con:targetType>req_soRoleId</con:targetType>
        <con:targetStep>Create stockIn interaction success 5</con:targetStep>
        <con:upgraded>true</con:upgraded>
      </con:transfers>
      <con:transfers setNullOnMissingSource="true" transferTextContent="true" failOnError="true" ignoreEmpty="false" transferToAll="false" entitize="false" transferChildNodes="false">
        <con:name>biSpecCode</con:name>
        <con:sourceType>stockInBISpecCode</con:sourceType>
        <con:sourceStep>Given properties for the test steps</con:sourceStep>
        <con:targetType>req_biSpecCode</con:targetType>
        <con:targetStep>Create stockIn interaction success 5</con:targetStep>
        <con:upgraded>true</con:upgraded>
      </con:transfers>
    </con:config>
  </con:testStep>
  <con:testStep type="calltestcase" name="Create stockIn interaction success 5" id="0c32d5cd-786f-4968-a7f2-8ce166429dde">
    <con:settings/>
    <con:config xsi:type="con:RunTestCaseStep" xmlns:xsi="http://www.w3.org/2001/XMLSchema-instance">
      <con:targetTestCase>bba3ce34-4cc5-41fb-98a0-894988e91181</con:targetTestCase>
      <con:properties>
        <con:property>
          <con:name>req_userRoleId</con:name>
          <con:value>391</con:value>
        </con:property>
        <con:property>
          <con:name>req_soRoleId</con:name>
          <con:value>389</con:value>
        </con:property>
        <con:property>
          <con:name>req_biSpecCode</con:name>
          <con:value>STCKINBISPEC</con:value>
        </con:property>
        <con:property>
          <con:name>res_biId</con:name>
          <con:value>12351</con:value>
        </con:property>
        <con:property>
          <con:name>res_code</con:name>
          <con:value>201</con:value>
        </con:property>
        <con:property>
          <con:name>res_errorMessage</con:name>
          <con:value xsi:nil="true"/>
        </con:property>
        <con:property>
          <con:name>res_httpStatus</con:name>
        </con:property>
      </con:properties>
      <con:returnProperties>
        <con:entry>res_biId</con:entry>
        <con:entry>res_code</con:entry>
        <con:entry>res_errorMessage</con:entry>
      </con:returnProperties>
      <con:runMode>PARALLELL</con:runMode>
    </con:config>
  </con:testStep>
  <con:testStep type="assertionteststep" name="Assertion create stockIn interaction success 5" id="9e177189-5cf3-4945-9c3b-31fb76a2b8d6">
    <con:settings/>
    <con:config xsi:type="con:AssertionTestStep" xmlns:xsi="http://www.w3.org/2001/XMLSchema-instance">
      <con:entry>
        <con:id>3813ad76-3467-481f-8d81-1e7a44c9e502</con:id>
        <con:isGroup>false</con:isGroup>
        <con:sourceId>0c32d5cd-786f-4968-a7f2-8ce166429dde</con:sourceId>
        <con:propertyName>res_biId</con:propertyName>
        <con:assertion type="Simple Contains" name="Contains" id="06668908-570b-43fc-b2c1-0d3c6f3d36bc">
          <con:configuration>
            <token>\d+</token>
            <ignoreCase>false</ignoreCase>
            <useRegEx>true</useRegEx>
          </con:configuration>
        </con:assertion>
      </con:entry>
    </con:config>
  </con:testStep>
  <con:testStep type="transfer" name="Property Transfer biId 5" id="db6e704c-47f0-4a69-b931-f6d68352289c">
    <con:settings/>
    <con:config xsi:type="con:PropertyTransfersStep" xmlns:xsi="http://www.w3.org/2001/XMLSchema-instance">
      <con:transfers setNullOnMissingSource="true" transferTextContent="true" failOnError="true" ignoreEmpty="false" transferToAll="false" entitize="false" transferChildNodes="false">
        <con:name>biId</con:name>
        <con:sourceType>res_biId</con:sourceType>
        <con:sourceStep>Create stockIn interaction success 5</con:sourceStep>
        <con:sourcePath/>
        <con:targetType>biId</con:targetType>
        <con:targetStep>Given properties for the test steps</con:targetStep>
        <con:targetPath/>
        <con:upgraded>true</con:upgraded>
      </con:transfers>
    </con:config>
  </con:testStep>
  <con:testStep type="transfer" name="Set add stockIn Item with serial character" id="0d42ff32-5cd1-4380-b666-123a492e5390">
    <con:settings/>
    <con:config xsi:type="con:PropertyTransfersStep" xmlns:xsi="http://www.w3.org/2001/XMLSchema-instance">
      <con:transfers setNullOnMissingSource="true" transferTextContent="true" failOnError="true" ignoreEmpty="false" transferToAll="false" entitize="false" transferChildNodes="false">
        <con:name>biId</con:name>
        <con:sourceType>biId</con:sourceType>
        <con:sourceStep>Given properties for the test steps</con:sourceStep>
        <con:sourcePath/>
        <con:targetType>req_biId</con:targetType>
        <con:targetStep>Add stockIn Item with serial character</con:targetStep>
        <con:targetPath/>
        <con:upgraded>true</con:upgraded>
      </con:transfers>
      <con:transfers setNullOnMissingSource="true" transferTextContent="true" failOnError="true" ignoreEmpty="false" transferToAll="false" entitize="false" transferChildNodes="false">
        <con:name>productSpecExtId</con:name>
        <con:sourceType>serializedWithoutRangeProductSpecExtId</con:sourceType>
        <con:sourceStep>Given properties for the test steps</con:sourceStep>
        <con:targetType>req_prodSpecExternalId</con:targetType>
        <con:targetStep>Add stockIn Item with serial character</con:targetStep>
        <con:upgraded>true</con:upgraded>
      </con:transfers>
      <con:transfers setNullOnMissingSource="true" transferTextContent="true" failOnError="true" ignoreEmpty="false" transferToAll="false" entitize="false" transferChildNodes="false">
        <con:name>quantity</con:name>
        <con:sourceType>quantity</con:sourceType>
        <con:sourceStep>Given properties for the test steps</con:sourceStep>
        <con:targetType>req_quantity</con:targetType>
        <con:targetStep>Add stockIn Item with serial character</con:targetStep>
        <con:upgraded>true</con:upgraded>
      </con:transfers>
      <con:transfers setNullOnMissingSource="true" transferTextContent="true" failOnError="true" ignoreEmpty="false" transferToAll="false" entitize="false" transferChildNodes="false">
        <con:name>placeId</con:name>
        <con:sourceType>placeId</con:sourceType>
        <con:sourceStep>Given properties for the test steps</con:sourceStep>
        <con:targetType>req_startSerial</con:targetType>
        <con:targetStep>Add stockIn Item with serial character</con:targetStep>
        <con:upgraded>true</con:upgraded>
      </con:transfers>
      <con:transfers setNullOnMissingSource="true" transferTextContent="true" failOnError="true" ignoreEmpty="false" transferToAll="false" entitize="false" transferChildNodes="false">
        <con:name>productStatus</con:name>
        <con:sourceType>productStatusSellable</con:sourceType>
        <con:sourceStep>Given properties for the test steps</con:sourceStep>
        <con:targetType>req_productStatus</con:targetType>
        <con:targetStep>Add stockIn Item with serial character</con:targetStep>
        <con:upgraded>true</con:upgraded>
      </con:transfers>
      <con:transfers setNullOnMissingSource="true" transferTextContent="true" failOnError="true" ignoreEmpty="false" transferToAll="false" entitize="false" transferChildNodes="false">
        <con:name>productDesc</con:name>
        <con:sourceType>productDesc</con:sourceType>
        <con:sourceStep>Given properties for the test steps</con:sourceStep>
        <con:targetType>req_description</con:targetType>
        <con:targetStep>Add stockIn Item with serial character</con:targetStep>
        <con:upgraded>true</con:upgraded>
      </con:transfers>
      <con:transfers setNullOnMissingSource="true" transferTextContent="true" failOnError="true" ignoreEmpty="false" transferToAll="false" entitize="false" transferChildNodes="false">
        <con:name>productSpecCharUseId</con:name>
        <con:sourceType>productSpecCharUseId</con:sourceType>
        <con:sourceStep>Given properties for the test steps</con:sourceStep>
        <con:targetType>req_productSpecCharUseId</con:targetType>
        <con:targetStep>Add stockIn Item with serial character</con:targetStep>
        <con:upgraded>true</con:upgraded>
      </con:transfers>
      <con:transfers setNullOnMissingSource="true" transferTextContent="true" failOnError="true" ignoreEmpty="false" transferToAll="false" entitize="false" transferChildNodes="false">
        <con:name>productSpecCharId</con:name>
        <con:sourceType>productSpecCharId</con:sourceType>
        <con:sourceStep>Given properties for the test steps</con:sourceStep>
        <con:targetType>req_productSpecCharId</con:targetType>
        <con:targetStep>Add stockIn Item with serial character</con:targetStep>
        <con:upgraded>true</con:upgraded>
      </con:transfers>
      <con:transfers setNullOnMissingSource="true" transferTextContent="true" failOnError="true" ignoreEmpty="false" transferToAll="false" entitize="false" transferChildNodes="false">
        <con:name>productSpecCharValueId</con:name>
        <con:sourceType>productSpecCharValueId</con:sourceType>
        <con:sourceStep>Given properties for the test steps</con:sourceStep>
        <con:targetType>req_productSpecCharValueId</con:targetType>
        <con:targetStep>Add stockIn Item with serial character</con:targetStep>
        <con:upgraded>true</con:upgraded>
      </con:transfers>
      <con:transfers setNullOnMissingSource="true" transferTextContent="true" failOnError="true" ignoreEmpty="false" transferToAll="false" entitize="false" transferChildNodes="false">
        <con:name>isPaired</con:name>
        <con:sourceType>isPairedFalse</con:sourceType>
        <con:sourceStep>Given properties for the test steps</con:sourceStep>
        <con:targetType>req_isPaired</con:targetType>
        <con:targetStep>Add stockIn Item with serial character</con:targetStep>
        <con:upgraded>true</con:upgraded>
      </con:transfers>
      <con:transfers setNullOnMissingSource="true" transferTextContent="true" failOnError="true" ignoreEmpty="false" transferToAll="false" entitize="false" transferChildNodes="false">
        <con:name>startSerial</con:name>
        <con:sourceType>character</con:sourceType>
        <con:sourceStep>Given properties for the test steps</con:sourceStep>
        <con:targetType>req_startSerial</con:targetType>
        <con:targetStep>Add stockIn Item with serial character</con:targetStep>
        <con:upgraded>true</con:upgraded>
      </con:transfers>
      <con:transfers setNullOnMissingSource="true" transferTextContent="true" failOnError="true" ignoreEmpty="false" transferToAll="false" entitize="false" transferChildNodes="false">
        <con:name>endSerial</con:name>
        <con:sourceType>endSerialNumber</con:sourceType>
        <con:sourceStep>Given properties for the test steps</con:sourceStep>
        <con:targetType>req_endSerial</con:targetType>
        <con:targetStep>Add stockIn item with quantity negative</con:targetStep>
        <con:upgraded>true</con:upgraded>
      </con:transfers>
      <con:transfers setNullOnMissingSource="true" transferTextContent="true" failOnError="true" ignoreEmpty="false" transferToAll="false" entitize="false" transferChildNodes="false">
        <con:name>serialNumber</con:name>
        <con:sourceType>serialNumber</con:sourceType>
        <con:sourceStep>Given properties for the test steps</con:sourceStep>
        <con:targetType>req_serialNumber</con:targetType>
        <con:targetStep>Add stockIn item with quantity negative</con:targetStep>
        <con:upgraded>true</con:upgraded>
      </con:transfers>
    </con:config>
  </con:testStep>
  <con:testStep type="calltestcase" name="Add stockIn Item with serial character" id="c8c14723-9e4d-47e5-a371-b33541476d8d">
    <con:settings/>
    <con:config xsi:type="con:RunTestCaseStep" xmlns:xsi="http://www.w3.org/2001/XMLSchema-instance">
      <con:targetTestCase>2a528d8b-5b13-4d95-87ac-42a9644387c3</con:targetTestCase>
      <con:properties>
        <con:property>
          <con:name>req_biId</con:name>
          <con:value>12351</con:value>
        </con:property>
        <con:property>
          <con:name>req_prodSpecExternalId</con:name>
          <con:value>EXT-GALAXYNOTE4-1</con:value>
        </con:property>
        <con:property>
          <con:name>req_quantity</con:name>
          <con:value>368</con:value>
        </con:property>
        <con:property>
          <con:name>req_placeId</con:name>
          <con:value>${#TestSuite#placeId}</con:value>
        </con:property>
        <con:property>
          <con:name>req_productStatus</con:name>
          <con:value>1</con:value>
        </con:property>
        <con:property>
          <con:name>req_description</con:name>
          <con:value>productDesc-${=java.util.UUID.randomUUID()}</con:value>
        </con:property>
        <con:property>
          <con:name>res_id</con:name>
          <con:value xsi:nil="true"/>
        </con:property>
        <con:property>
          <con:name>req_productSpecCharUseId</con:name>
          <con:value/>
        </con:property>
        <con:property>
          <con:name>req_productSpecCharId</con:name>
          <con:value>1</con:value>
        </con:property>
        <con:property>
          <con:name>req_productSpecCharValueId</con:name>
          <con:value>1</con:value>
        </con:property>
        <con:property>
          <con:name>req_isPaired</con:name>
          <con:value>false</con:value>
        </con:property>
        <con:property>
          <con:name>req_startSerial</con:name>
          <con:value>qwerty</con:value>
        </con:property>
        <con:property>
          <con:name>req_endSerial</con:name>
          <con:value>0</con:value>
        </con:property>
        <con:property>
          <con:name>res_startSerial</con:name>
        </con:property>
        <con:property>
          <con:name>res_endSerial</con:name>
        </con:property>
        <con:property>
          <con:name>res_code</con:name>
          <con:value>406</con:value>
        </con:property>
        <con:property>
          <con:name>res_quantity</con:name>
        </con:property>
        <con:property>
          <con:name>req_serialNumber</con:name>
        </con:property>
        <con:property>
          <con:name>res_errorMessage</con:name>
          <con:value>406</con:value>
        </con:property>
      </con:properties>
      <con:returnProperties>
        <con:entry>res_id</con:entry>
        <con:entry>res_code</con:entry>
        <con:entry>res_errorMessage</con:entry>
      </con:returnProperties>
      <con:runMode>PARALLELL</con:runMode>
    </con:config>
  </con:testStep>
  <con:testStep type="assertionteststep" name="Assertion start serial character" id="31747a77-21d3-409f-985e-0d77c8245a2c">
    <con:settings/>
    <con:config xsi:type="con:AssertionTestStep" xmlns:xsi="http://www.w3.org/2001/XMLSchema-instance">
      <con:entry>
        <con:id>f8bda5bb-b7ee-4023-b0b8-3d6431101d2e</con:id>
        <con:isGroup>false</con:isGroup>
        <con:sourceId>c8c14723-9e4d-47e5-a371-b33541476d8d</con:sourceId>
        <con:propertyName>res_errorMessage</con:propertyName>
        <con:assertion type="Simple Contains" name="Contains" id="64ef8c9e-6a0c-4ba8-bfc9-512bd8d4eaf2">
          <con:configuration>
            <token>\w+</token>
            <ignoreCase>false</ignoreCase>
            <useRegEx>true</useRegEx>
          </con:configuration>
        </con:assertion>
      </con:entry>
    </con:config>
  </con:testStep>
  <con:testStep type="transfer" name="Set create stockIn interaction success 6" id="d0f1c401-5b93-44c5-b826-9f1726087941">
    <con:settings/>
    <con:config xsi:type="con:PropertyTransfersStep" xmlns:xsi="http://www.w3.org/2001/XMLSchema-instance">
      <con:transfers setNullOnMissingSource="true" transferTextContent="true" failOnError="true" ignoreEmpty="false" transferToAll="false" entitize="false" transferChildNodes="false">
        <con:name>userId</con:name>
        <con:sourceType>userId</con:sourceType>
        <con:sourceStep>Given properties for the test steps</con:sourceStep>
        <con:sourcePath/>
        <con:targetType>req_userRoleId</con:targetType>
        <con:targetStep>Create stockIn interaction success 6</con:targetStep>
        <con:targetPath/>
        <con:upgraded>true</con:upgraded>
      </con:transfers>
      <con:transfers setNullOnMissingSource="true" transferTextContent="true" failOnError="true" ignoreEmpty="false" transferToAll="false" entitize="false" transferChildNodes="false">
        <con:name>soId</con:name>
        <con:sourceType>soId</con:sourceType>
        <con:sourceStep>Given properties for the test steps</con:sourceStep>
        <con:targetType>req_soRoleId</con:targetType>
        <con:targetStep>Create stockIn interaction success 6</con:targetStep>
        <con:upgraded>true</con:upgraded>
      </con:transfers>
      <con:transfers setNullOnMissingSource="true" transferTextContent="true" failOnError="true" ignoreEmpty="false" transferToAll="false" entitize="false" transferChildNodes="false">
        <con:name>biSpecCode</con:name>
        <con:sourceType>stockInBISpecCode</con:sourceType>
        <con:sourceStep>Given properties for the test steps</con:sourceStep>
        <con:targetType>req_biSpecCode</con:targetType>
        <con:targetStep>Create stockIn interaction success 6</con:targetStep>
        <con:upgraded>true</con:upgraded>
      </con:transfers>
    </con:config>
  </con:testStep>
  <con:testStep type="calltestcase" name="Create stockIn interaction success 6" id="e05052ed-1c6d-4a7c-8679-1a86dd071ee2">
    <con:settings/>
    <con:config xsi:type="con:RunTestCaseStep" xmlns:xsi="http://www.w3.org/2001/XMLSchema-instance">
      <con:targetTestCase>bba3ce34-4cc5-41fb-98a0-894988e91181</con:targetTestCase>
      <con:properties>
        <con:property>
          <con:name>req_userRoleId</con:name>
          <con:value>391</con:value>
        </con:property>
        <con:property>
          <con:name>req_soRoleId</con:name>
          <con:value>389</con:value>
        </con:property>
        <con:property>
          <con:name>req_biSpecCode</con:name>
          <con:value>STCKINBISPEC</con:value>
        </con:property>
        <con:property>
          <con:name>res_biId</con:name>
          <con:value>12361</con:value>
        </con:property>
        <con:property>
          <con:name>res_code</con:name>
          <con:value>201</con:value>
        </con:property>
        <con:property>
          <con:name>res_errorMessage</con:name>
          <con:value xsi:nil="true"/>
        </con:property>
        <con:property>
          <con:name>res_httpStatus</con:name>
        </con:property>
      </con:properties>
      <con:returnProperties>
        <con:entry>res_biId</con:entry>
        <con:entry>res_code</con:entry>
        <con:entry>res_errorMessage</con:entry>
      </con:returnProperties>
      <con:runMode>PARALLELL</con:runMode>
    </con:config>
  </con:testStep>
  <con:testStep type="assertionteststep" name="Assertion create stockIn interaction success 6" id="df512990-8f25-49ac-8110-354f1620c73b">
    <con:settings/>
    <con:config xsi:type="con:AssertionTestStep" xmlns:xsi="http://www.w3.org/2001/XMLSchema-instance">
      <con:entry>
        <con:id>6c143afa-d89e-4c32-927e-d63b83d62984</con:id>
        <con:isGroup>false</con:isGroup>
        <con:sourceId>e05052ed-1c6d-4a7c-8679-1a86dd071ee2</con:sourceId>
        <con:propertyName>res_biId</con:propertyName>
        <con:assertion type="Simple Contains" name="Contains" id="78533975-ea72-4a6c-8fb4-8dd522102d84">
          <con:configuration>
            <token>\d+</token>
            <ignoreCase>false</ignoreCase>
            <useRegEx>true</useRegEx>
          </con:configuration>
        </con:assertion>
      </con:entry>
    </con:config>
  </con:testStep>
  <con:testStep type="transfer" name="Property Transfer biId 6" id="50075a98-b25e-4215-8860-d612a77cc31a">
    <con:settings/>
    <con:config xsi:type="con:PropertyTransfersStep" xmlns:xsi="http://www.w3.org/2001/XMLSchema-instance">
      <con:transfers setNullOnMissingSource="true" transferTextContent="true" failOnError="true" ignoreEmpty="false" transferToAll="false" entitize="false" transferChildNodes="false">
        <con:name>biId</con:name>
        <con:sourceType>res_biId</con:sourceType>
        <con:sourceStep>Create stockIn interaction success 6</con:sourceStep>
        <con:sourcePath/>
        <con:targetType>biId</con:targetType>
        <con:targetStep>Given properties for the test steps</con:targetStep>
        <con:targetPath/>
        <con:upgraded>true</con:upgraded>
      </con:transfers>
    </con:config>
  </con:testStep>
  <con:testStep type="transfer" name="Set add stockIn item to be cancelled 2" id="91fe77fe-71b2-4e10-ab04-23a87faa9f30">
    <con:settings/>
    <con:config xsi:type="con:PropertyTransfersStep" xmlns:xsi="http://www.w3.org/2001/XMLSchema-instance">
      <con:transfers setNullOnMissingSource="true" transferTextContent="true" failOnError="true" ignoreEmpty="false" transferToAll="false" entitize="false" transferChildNodes="false">
        <con:name>biId</con:name>
        <con:sourceType>biId</con:sourceType>
        <con:sourceStep>Given properties for the test steps</con:sourceStep>
        <con:sourcePath/>
        <con:targetType>req_biId</con:targetType>
        <con:targetStep>Add nonserialized stokIn item to be cancelled</con:targetStep>
        <con:targetPath/>
        <con:upgraded>true</con:upgraded>
      </con:transfers>
      <con:transfers setNullOnMissingSource="true" transferTextContent="true" failOnError="true" ignoreEmpty="false" transferToAll="false" entitize="false" transferChildNodes="false">
        <con:name>productSpecExtId</con:name>
        <con:sourceType>serializedProductSpecExtId</con:sourceType>
        <con:sourceStep>Given properties for the test steps</con:sourceStep>
        <con:targetType>req_prodSpecExtId</con:targetType>
        <con:targetStep>Add nonserialized stokIn item to be cancelled</con:targetStep>
        <con:upgraded>true</con:upgraded>
      </con:transfers>
      <con:transfers setNullOnMissingSource="true" transferTextContent="true" failOnError="true" ignoreEmpty="false" transferToAll="false" entitize="false" transferChildNodes="false">
        <con:name>quantity</con:name>
        <con:sourceType>quantity</con:sourceType>
        <con:sourceStep>Given properties for the test steps</con:sourceStep>
        <con:targetType>req_quantity</con:targetType>
        <con:targetStep>Add nonserialized stokIn item to be cancelled</con:targetStep>
        <con:upgraded>true</con:upgraded>
      </con:transfers>
      <con:transfers setNullOnMissingSource="true" transferTextContent="true" failOnError="true" ignoreEmpty="false" transferToAll="false" entitize="false" transferChildNodes="false">
        <con:name>placeId</con:name>
        <con:sourceType>placeId</con:sourceType>
        <con:sourceStep>Given properties for the test steps</con:sourceStep>
        <con:targetType>req_placeId</con:targetType>
        <con:targetStep>Add nonserialized stokIn item to be cancelled</con:targetStep>
        <con:upgraded>true</con:upgraded>
      </con:transfers>
      <con:transfers setNullOnMissingSource="true" transferTextContent="true" failOnError="true" ignoreEmpty="false" transferToAll="false" entitize="false" transferChildNodes="false">
        <con:name>productStatus</con:name>
        <con:sourceType>productStatusSellable</con:sourceType>
        <con:sourceStep>Given properties for the test steps</con:sourceStep>
        <con:targetType>req_prodStatus</con:targetType>
        <con:targetStep>Add nonserialized stokIn item to be cancelled</con:targetStep>
        <con:upgraded>true</con:upgraded>
      </con:transfers>
      <con:transfers setNullOnMissingSource="true" transferTextContent="true" failOnError="true" ignoreEmpty="false" transferToAll="false" entitize="false" transferChildNodes="false">
        <con:name>productDesc</con:name>
        <con:sourceType>productDesc</con:sourceType>
        <con:sourceStep>Given properties for the test steps</con:sourceStep>
        <con:targetType>req_description</con:targetType>
        <con:targetStep>Add nonserialized stokIn item to be cancelled</con:targetStep>
        <con:upgraded>true</con:upgraded>
      </con:transfers>
    </con:config>
  </con:testStep>
  <con:testStep type="calltestcase" name="Add nonserialized stokIn item to be cancelled" id="b1d1a132-e094-4301-ae1c-99d67ba31d38">
    <con:settings/>
    <con:config xsi:type="con:RunTestCaseStep" xmlns:xsi="http://www.w3.org/2001/XMLSchema-instance">
      <con:targetTestCase>1df0a954-3f76-4a4e-bd4b-aa3504f4ccf7</con:targetTestCase>
      <con:properties>
        <con:property>
          <con:name>req_biId</con:name>
          <con:value>12361</con:value>
        </con:property>
        <con:property>
          <con:name>req_prodSpecExtId</con:name>
          <con:value>EXT-IPHONE6S-1</con:value>
        </con:property>
        <con:property>
          <con:name>req_placeId</con:name>
          <con:value>198</con:value>
        </con:property>
        <con:property>
          <con:name>req_description</con:name>
          <con:value>productDesc-${=java.util.UUID.randomUUID()}</con:value>
        </con:property>
        <con:property>
          <con:name>req_charExtId1</con:name>
        </con:property>
        <con:property>
          <con:name>req_charValueExtId1</con:name>
        </con:property>
        <con:property>
          <con:name>req_serialText</con:name>
        </con:property>
        <con:property>
          <con:name>res_itemId</con:name>
          <con:value xsi:nil="true"/>
        </con:property>
        <con:property>
          <con:name>res_code</con:name>
          <con:value>PRODUCT_SPEC_CHAR_USE_EXTERNAL_ID_OR_ID_MUST_BE_GIVEN</con:value>
        </con:property>
        <con:property>
          <con:name>res_errorMessage</con:name>
          <con:value>PRODUCT_SPEC_CHAR_USE_EXTERNAL_ID_OR_ID_MUST_BE_GIVEN</con:value>
        </con:property>
        <con:property>
          <con:name>req_prodStatus</con:name>
          <con:value>1</con:value>
        </con:property>
        <con:property>
          <con:name>req_quantity</con:name>
          <con:value>368</con:value>
        </con:property>
        <con:property>
          <con:name>req_batchId</con:name>
        </con:property>
        <con:property>
          <con:name>res_httpStatus</con:name>
        </con:property>
      </con:properties>
      <con:returnProperties>
        <con:entry>res_itemId</con:entry>
        <con:entry>res_code</con:entry>
        <con:entry>res_errorMessage</con:entry>
      </con:returnProperties>
      <con:runMode>PARALLELL</con:runMode>
    </con:config>
  </con:testStep>
  <con:testStep type="transfer" name="Set cancel add stockIn item" id="cc9c3220-add1-403d-aaf4-dbd19ecdbe25">
    <con:settings/>
    <con:config xsi:type="con:PropertyTransfersStep" xmlns:xsi="http://www.w3.org/2001/XMLSchema-instance">
      <con:transfers setNullOnMissingSource="true" transferTextContent="true" failOnError="true" ignoreEmpty="false" transferToAll="false" entitize="false" transferChildNodes="false">
        <con:name>biId</con:name>
        <con:sourceType>biId</con:sourceType>
        <con:sourceStep>Given properties for the test steps</con:sourceStep>
        <con:sourcePath/>
        <con:targetType>req_biId</con:targetType>
        <con:targetStep>Cancel add stockIn item request</con:targetStep>
        <con:targetPath/>
        <con:upgraded>true</con:upgraded>
      </con:transfers>
    </con:config>
  </con:testStep>
  <con:testStep type="calltestcase" name="Cancel add stockIn item request" id="dd7ff34c-7ec7-499a-a4c4-e32e3ee9a2ce">
    <con:settings/>
    <con:config xsi:type="con:RunTestCaseStep" xmlns:xsi="http://www.w3.org/2001/XMLSchema-instance">
      <con:targetTestCase>4ffc15a1-2572-462e-859a-6f5c02e2aa40</con:targetTestCase>
      <con:properties>
        <con:property>
          <con:name>req_biId</con:name>
          <con:value>12361</con:value>
        </con:property>
        <con:property>
          <con:name>res_biId</con:name>
          <con:value>12361</con:value>
        </con:property>
        <con:property>
          <con:name>res_code</con:name>
          <con:value xsi:nil="true"/>
        </con:property>
        <con:property>
          <con:name>res_errorMessage</con:name>
        </con:property>
      </con:properties>
      <con:returnProperties>
        <con:entry>res_biId</con:entry>
        <con:entry>res_code</con:entry>
      </con:returnProperties>
      <con:runMode>PARALLELL</con:runMode>
    </con:config>
  </con:testStep>
  <con:testStep type="assertionteststep" name="Assertion cancel add stockIn item" id="53145fef-c771-4051-9de7-3f0638d01c89">
    <con:settings/>
    <con:config xsi:type="con:AssertionTestStep" xmlns:xsi="http://www.w3.org/2001/XMLSchema-instance">
      <con:entry>
        <con:id>068277b8-6711-46b3-9bf4-ccfd2d8f824f</con:id>
        <con:isGroup>false</con:isGroup>
        <con:sourceId>dd7ff34c-7ec7-499a-a4c4-e32e3ee9a2ce</con:sourceId>
        <con:propertyName>res_biId</con:propertyName>
        <con:assertion type="Simple Contains" name="Contains" id="cee00760-c176-4c69-b5ae-68adc35294cb">
          <con:configuration>
            <token>\d+</token>
            <ignoreCase>false</ignoreCase>
            <useRegEx>true</useRegEx>
          </con:configuration>
        </con:assertion>
      </con:entry>
    </con:config>
  </con:testStep>
  <con:testStep type="transfer" name="Property Transfer to display stock level step 3" id="7f460547-cb40-4c82-873c-5950c5d8293e">
    <con:settings/>
    <con:config xsi:type="con:PropertyTransfersStep" xmlns:xsi="http://www.w3.org/2001/XMLSchema-instance">
      <con:transfers setNullOnMissingSource="true" transferTextContent="true" failOnError="true" ignoreEmpty="false" transferToAll="false" entitize="false" transferChildNodes="false">
        <con:name>placeId</con:name>
        <con:sourceType>req_placeId</con:sourceType>
        <con:sourceStep>Add nonserialized stokIn item to be cancelled</con:sourceStep>
        <con:sourcePath/>
        <con:targetType>req_placeId</con:targetType>
        <con:targetStep>Display stock level by product spec ext id 3</con:targetStep>
        <con:targetPath/>
        <con:upgraded>true</con:upgraded>
      </con:transfers>
      <con:transfers setNullOnMissingSource="true" transferTextContent="true" failOnError="true" ignoreEmpty="false" transferToAll="false" entitize="false" transferChildNodes="false">
        <con:name>productSpecExtId</con:name>
        <con:sourceType>req_prodSpecExtId</con:sourceType>
        <con:sourceStep>Add nonserialized stokIn item to be cancelled</con:sourceStep>
        <con:targetType>req_productSpecificationExternalId</con:targetType>
        <con:targetStep>Display stock level by product spec ext id 3</con:targetStep>
        <con:upgraded>true</con:upgraded>
      </con:transfers>
    </con:config>
  </con:testStep>
  <con:testStep type="calltestcase" name="Display stock level by product spec ext id 3" id="7bd11273-f2c5-462e-ada8-9d72e5c893df">
    <con:settings/>
    <con:config xsi:type="con:RunTestCaseStep" xmlns:xsi="http://www.w3.org/2001/XMLSchema-instance">
      <con:targetTestCase>ae70f14b-9b62-4330-9f1f-32535bcddc8b</con:targetTestCase>
      <con:properties>
        <con:property>
          <con:name>req_placeId</con:name>
          <con:value>198</con:value>
        </con:property>
        <con:property>
          <con:name>req_productSpecCode</con:name>
        </con:property>
        <con:property>
          <con:name>req_productSpecArticle</con:name>
        </con:property>
        <con:property>
          <con:name>req_productStatus</con:name>
        </con:property>
        <con:property>
          <con:name>req_includeLocked</con:name>
        </con:property>
        <con:property>
          <con:name>req_productSpecificationExternalId</con:name>
          <con:value>EXT-IPHONE6S-1</con:value>
        </con:property>
        <con:property>
          <con:name>res_placeId</con:name>
          <con:value xsi:nil="true"/>
        </con:property>
        <con:property>
          <con:name>res_productSpecificationId</con:name>
          <con:value xsi:nil="true"/>
        </con:property>
        <con:property>
          <con:name>res_productSpecificationExternalId</con:name>
          <con:value xsi:nil="true"/>
        </con:property>
        <con:property>
          <con:name>res_quantity</con:name>
          <con:value xsi:nil="true"/>
        </con:property>
        <con:property>
          <con:name>res_salesOrganizationId</con:name>
          <con:value xsi:nil="true"/>
        </con:property>
        <con:property>
          <con:name>res_totalQuantity</con:name>
          <con:value xsi:nil="true"/>
        </con:property>
        <con:property>
          <con:name>res_reservedQuantity</con:name>
          <con:value xsi:nil="true"/>
        </con:property>
        <con:property>
          <con:name>req_productId</con:name>
        </con:property>
        <con:property>
          <con:name>res_code</con:name>
        </con:property>
        <con:property>
          <con:name>req_productSerialNumber</con:name>
        </con:property>
        <con:property>
          <con:name>req_productSerialText</con:name>
        </con:property>
        <con:property>
          <con:name>req_productSpecificationId</con:name>
        </con:property>
        <con:property>
          <con:name>req_parentSerialNumberText</con:name>
        </con:property>
        <con:property>
          <con:name>req_batchId</con:name>
        </con:property>
        <con:property>
          <con:name>req_country</con:name>
        </con:property>
        <con:property>
          <con:name>req_state</con:name>
        </con:property>
        <con:property>
          <con:name>req_city</con:name>
        </con:property>
        <con:property>
          <con:name>req_regionId</con:name>
        </con:property>
        <con:property>
          <con:name>res_fullResponse</con:name>
        </con:property>
        <con:property>
          <con:name>res_errorMessage</con:name>
        </con:property>
      </con:properties>
      <con:returnProperties>
        <con:entry>res_placeId</con:entry>
        <con:entry>res_productSpecificationId</con:entry>
        <con:entry>res_productSpecificationExternalId</con:entry>
        <con:entry>res_quantity</con:entry>
        <con:entry>res_salesOrganizationId</con:entry>
        <con:entry>res_totalQuantity</con:entry>
        <con:entry>res_reservedQuantity</con:entry>
      </con:returnProperties>
      <con:runMode>PARALLELL</con:runMode>
    </con:config>
  </con:testStep>
  <con:testStep type="assertionteststep" name="Assertion res_quantity, res_totalQuantity and res_reservedQuantity 3" id="5d284d7b-2eba-442a-ba00-3d84d383e1bc">
    <con:settings/>
    <con:config xsi:type="con:AssertionTestStep" xmlns:xsi="http://www.w3.org/2001/XMLSchema-instance">
      <con:entry>
        <con:id>c1891f74-e33c-4c94-bd73-3819091bcebb</con:id>
        <con:isGroup>false</con:isGroup>
        <con:sourceId>7bd11273-f2c5-462e-ada8-9d72e5c893df</con:sourceId>
        <con:propertyName>res_quantity</con:propertyName>
        <con:assertion type="Simple NotContains" name="Not Contains" id="c786403f-3f08-4853-9488-f1daf37d590b">
          <con:configuration>
            <token>\d+</token>
            <ignoreCase>false</ignoreCase>
            <useRegEx>true</useRegEx>
          </con:configuration>
        </con:assertion>
      </con:entry>
      <con:entry>
        <con:id>44889393-e3f6-476a-9460-ef9c16a87232</con:id>
        <con:isGroup>false</con:isGroup>
        <con:sourceId>7bd11273-f2c5-462e-ada8-9d72e5c893df</con:sourceId>
        <con:propertyName>res_totalQuantity</con:propertyName>
        <con:assertion type="Simple NotContains" name="Not Contains 2" id="33b5cc1d-7d45-4643-a056-34f19ede17b4">
          <con:configuration>
            <token>\d+</token>
            <ignoreCase>false</ignoreCase>
            <useRegEx>true</useRegEx>
          </con:configuration>
        </con:assertion>
      </con:entry>
      <con:entry>
        <con:id>15993b3a-6e04-4dc9-a045-00e6bc4820ca</con:id>
        <con:isGroup>false</con:isGroup>
        <con:sourceId>7bd11273-f2c5-462e-ada8-9d72e5c893df</con:sourceId>
        <con:propertyName>res_reservedQuantity</con:propertyName>
        <con:assertion type="Simple NotContains" name="Not Contains 3" id="fa838c02-4fee-4df1-9625-0a033bb50e65">
          <con:configuration>
            <token>\d+</token>
            <ignoreCase>false</ignoreCase>
            <useRegEx>true</useRegEx>
          </con:configuration>
        </con:assertion>
      </con:entry>
    </con:config>
  </con:testStep>
  <con:testStep type="transfer" name="Set submit cancelled stockIn item" id="c38141d9-6b24-4d2c-9073-96f23e534c81">
    <con:settings/>
    <con:config xsi:type="con:PropertyTransfersStep" xmlns:xsi="http://www.w3.org/2001/XMLSchema-instance">
      <con:transfers setNullOnMissingSource="true" transferTextContent="true" failOnError="true" ignoreEmpty="false" transferToAll="false" entitize="false" transferChildNodes="false">
        <con:name>biId</con:name>
        <con:sourceType>biId</con:sourceType>
        <con:sourceStep>Given properties for the test steps</con:sourceStep>
        <con:sourcePath/>
        <con:targetType>req_biId</con:targetType>
        <con:targetStep>Submit cancelled stockIn add item interaction</con:targetStep>
        <con:targetPath/>
        <con:upgraded>true</con:upgraded>
      </con:transfers>
    </con:config>
  </con:testStep>
  <con:testStep type="calltestcase" name="Submit cancelled stockIn add item interaction" id="a59fb1ca-64e8-411d-83ec-d5bcd06c0884">
    <con:settings/>
    <con:config xsi:type="con:RunTestCaseStep" xmlns:xsi="http://www.w3.org/2001/XMLSchema-instance">
      <con:targetTestCase>c6afe465-b867-4e9f-9e55-596671d41d0a</con:targetTestCase>
      <con:properties>
        <con:property>
          <con:name>req_biId</con:name>
          <con:value>12361</con:value>
        </con:property>
        <con:property>
          <con:name>res_biId</con:name>
          <con:value xsi:nil="true"/>
        </con:property>
        <con:property>
          <con:name>res_code</con:name>
          <con:value>INVALID_STATE_OPERATION</con:value>
        </con:property>
        <con:property>
          <con:name>res_errorMessage</con:name>
          <con:value>INVALID_STATE_OPERATION</con:value>
        </con:property>
        <con:property>
          <con:name>res_httpStatusCode</con:name>
        </con:property>
      </con:properties>
      <con:returnProperties>
        <con:entry>res_biId</con:entry>
        <con:entry>res_code</con:entry>
        <con:entry>res_errorMessage</con:entry>
      </con:returnProperties>
      <con:runMode>PARALLELL</con:runMode>
    </con:config>
  </con:testStep>
  <con:testStep type="assertionteststep" name="Assertion submit cancelled interaction" id="dd15f108-4a63-4430-adfd-e9d0529b5fde">
    <con:settings/>
    <con:config xsi:type="con:AssertionTestStep" xmlns:xsi="http://www.w3.org/2001/XMLSchema-instance">
      <con:entry>
        <con:id>e2bdd6c4-45c7-441d-9d8e-88678384afa6</con:id>
        <con:isGroup>false</con:isGroup>
        <con:sourceId>a59fb1ca-64e8-411d-83ec-d5bcd06c0884</con:sourceId>
        <con:propertyName>res_errorMessage</con:propertyName>
        <con:assertion type="Simple Contains" name="Contains" id="1d71b30f-6bc1-48b6-8097-e09a9f09d1f5">
          <con:configuration>
            <token>\w+</token>
            <ignoreCase>false</ignoreCase>
            <useRegEx>true</useRegEx>
          </con:configuration>
        </con:assertion>
      </con:entry>
    </con:config>
  </con:testStep>
  <con:testStep type="transfer" name="Property Transfer to display stock level step 4" id="7f5ae6e6-6f78-41a4-aa4a-cac2151637cc">
    <con:settings/>
    <con:config xsi:type="con:PropertyTransfersStep" xmlns:xsi="http://www.w3.org/2001/XMLSchema-instance">
      <con:transfers setNullOnMissingSource="true" transferTextContent="true" failOnError="true" ignoreEmpty="false" transferToAll="false" entitize="false" transferChildNodes="false">
        <con:name>placeId</con:name>
        <con:sourceType>req_placeId</con:sourceType>
        <con:sourceStep>Add nonserialized stokIn item to be cancelled</con:sourceStep>
        <con:sourcePath/>
        <con:targetType>req_placeId</con:targetType>
        <con:targetStep>Display stock level by product spec ext id 4</con:targetStep>
        <con:targetPath/>
        <con:upgraded>true</con:upgraded>
      </con:transfers>
      <con:transfers setNullOnMissingSource="true" transferTextContent="true" failOnError="true" ignoreEmpty="false" transferToAll="false" entitize="false" transferChildNodes="false">
        <con:name>productSpecExtId</con:name>
        <con:sourceType>req_prodSpecExtId</con:sourceType>
        <con:sourceStep>Add nonserialized stokIn item to be cancelled</con:sourceStep>
        <con:targetType>req_productSpecificationExternalId</con:targetType>
        <con:targetStep>Display stock level by product spec ext id 4</con:targetStep>
        <con:upgraded>true</con:upgraded>
      </con:transfers>
    </con:config>
  </con:testStep>
  <con:testStep type="calltestcase" name="Display stock level by product spec ext id 4" id="0c0f28d1-a18e-4dab-9e1b-0a0fdc40f9f1">
    <con:settings/>
    <con:config xsi:type="con:RunTestCaseStep" xmlns:xsi="http://www.w3.org/2001/XMLSchema-instance">
      <con:targetTestCase>ae70f14b-9b62-4330-9f1f-32535bcddc8b</con:targetTestCase>
      <con:properties>
        <con:property>
          <con:name>req_placeId</con:name>
          <con:value>198</con:value>
        </con:property>
        <con:property>
          <con:name>req_productSpecCode</con:name>
        </con:property>
        <con:property>
          <con:name>req_productSpecArticle</con:name>
        </con:property>
        <con:property>
          <con:name>req_productStatus</con:name>
        </con:property>
        <con:property>
          <con:name>req_includeLocked</con:name>
        </con:property>
        <con:property>
          <con:name>req_productSpecificationExternalId</con:name>
          <con:value>EXT-IPHONE6S-1</con:value>
        </con:property>
        <con:property>
          <con:name>res_placeId</con:name>
          <con:value xsi:nil="true"/>
        </con:property>
        <con:property>
          <con:name>res_productSpecificationId</con:name>
          <con:value xsi:nil="true"/>
        </con:property>
        <con:property>
          <con:name>res_productSpecificationExternalId</con:name>
          <con:value xsi:nil="true"/>
        </con:property>
        <con:property>
          <con:name>res_quantity</con:name>
          <con:value xsi:nil="true"/>
        </con:property>
        <con:property>
          <con:name>res_salesOrganizationId</con:name>
          <con:value xsi:nil="true"/>
        </con:property>
        <con:property>
          <con:name>res_totalQuantity</con:name>
          <con:value xsi:nil="true"/>
        </con:property>
        <con:property>
          <con:name>res_reservedQuantity</con:name>
          <con:value xsi:nil="true"/>
        </con:property>
        <con:property>
          <con:name>req_productId</con:name>
        </con:property>
        <con:property>
          <con:name>res_code</con:name>
        </con:property>
        <con:property>
          <con:name>req_productSerialNumber</con:name>
        </con:property>
        <con:property>
          <con:name>req_productSerialText</con:name>
        </con:property>
        <con:property>
          <con:name>req_productSpecificationId</con:name>
        </con:property>
        <con:property>
          <con:name>req_parentSerialNumberText</con:name>
        </con:property>
        <con:property>
          <con:name>req_batchId</con:name>
        </con:property>
        <con:property>
          <con:name>req_country</con:name>
        </con:property>
        <con:property>
          <con:name>req_state</con:name>
        </con:property>
        <con:property>
          <con:name>req_city</con:name>
        </con:property>
        <con:property>
          <con:name>req_regionId</con:name>
        </con:property>
        <con:property>
          <con:name>res_fullResponse</con:name>
        </con:property>
        <con:property>
          <con:name>res_errorMessage</con:name>
        </con:property>
      </con:properties>
      <con:returnProperties>
        <con:entry>res_placeId</con:entry>
        <con:entry>res_productSpecificationId</con:entry>
        <con:entry>res_productSpecificationExternalId</con:entry>
        <con:entry>res_quantity</con:entry>
        <con:entry>res_salesOrganizationId</con:entry>
        <con:entry>res_totalQuantity</con:entry>
        <con:entry>res_reservedQuantity</con:entry>
      </con:returnProperties>
      <con:runMode>PARALLELL</con:runMode>
    </con:config>
  </con:testStep>
  <con:testStep type="assertionteststep" name="Assertion res_quantity, res_totalQuantity and res_reservedQuantity 4" id="b0db305a-c566-4cba-bcb0-e68edc3072b0">
    <con:settings/>
    <con:config xsi:type="con:AssertionTestStep" xmlns:xsi="http://www.w3.org/2001/XMLSchema-instance">
      <con:entry>
        <con:id>614b673f-c7bb-4a68-a115-e810a863822e</con:id>
        <con:isGroup>false</con:isGroup>
        <con:sourceId>0c0f28d1-a18e-4dab-9e1b-0a0fdc40f9f1</con:sourceId>
        <con:propertyName>res_quantity</con:propertyName>
        <con:assertion type="Simple NotContains" name="Not Contains" id="cea89792-6422-4dcc-a2f5-a8948e48dca0">
          <con:configuration>
            <token>d\+</token>
            <ignoreCase>false</ignoreCase>
            <useRegEx>true</useRegEx>
          </con:configuration>
        </con:assertion>
      </con:entry>
      <con:entry>
        <con:id>c1277877-0007-4140-a313-dd1d566888cf</con:id>
        <con:isGroup>false</con:isGroup>
        <con:sourceId>0c0f28d1-a18e-4dab-9e1b-0a0fdc40f9f1</con:sourceId>
        <con:propertyName>res_totalQuantity</con:propertyName>
        <con:assertion type="Simple NotContains" name="Not Contains 2" id="44c38240-2978-4a57-b7ce-c25ddf6e66e3">
          <con:configuration>
            <token>d\+</token>
            <ignoreCase>false</ignoreCase>
            <useRegEx>true</useRegEx>
          </con:configuration>
        </con:assertion>
      </con:entry>
      <con:entry>
        <con:id>7deb8a74-f7da-4d85-8b21-4db83d9be764</con:id>
        <con:isGroup>false</con:isGroup>
        <con:sourceId>0c0f28d1-a18e-4dab-9e1b-0a0fdc40f9f1</con:sourceId>
        <con:propertyName>res_reservedQuantity</con:propertyName>
        <con:assertion type="Simple NotContains" name="Not Contains 3" id="9125f097-6f72-41c7-bd63-f53fde178f5d">
          <con:configuration>
            <token>d\+</token>
            <ignoreCase>false</ignoreCase>
            <useRegEx>true</useRegEx>
          </con:configuration>
        </con:assertion>
      </con:entry>
    </con:config>
  </con:testStep>
  <con:testStep type="transfer" name="Set create stockIn interaction success 7" id="adb7e63b-631b-4136-b504-1bdcde571812">
    <con:settings/>
    <con:config xsi:type="con:PropertyTransfersStep" xmlns:xsi="http://www.w3.org/2001/XMLSchema-instance">
      <con:transfers setNullOnMissingSource="true" transferTextContent="true" failOnError="true" ignoreEmpty="false" transferToAll="false" entitize="false" transferChildNodes="false">
        <con:name>userId</con:name>
        <con:sourceType>userId</con:sourceType>
        <con:sourceStep>Given properties for the test steps</con:sourceStep>
        <con:sourcePath/>
        <con:targetType>req_userRoleId</con:targetType>
        <con:targetStep>Create stockIn interaction success 7</con:targetStep>
        <con:targetPath/>
        <con:upgraded>true</con:upgraded>
      </con:transfers>
      <con:transfers setNullOnMissingSource="true" transferTextContent="true" failOnError="true" ignoreEmpty="false" transferToAll="false" entitize="false" transferChildNodes="false">
        <con:name>soId</con:name>
        <con:sourceType>soId</con:sourceType>
        <con:sourceStep>Given properties for the test steps</con:sourceStep>
        <con:targetType>req_soRoleId</con:targetType>
        <con:targetStep>Create stockIn interaction success 7</con:targetStep>
        <con:upgraded>true</con:upgraded>
      </con:transfers>
      <con:transfers setNullOnMissingSource="true" transferTextContent="true" failOnError="true" ignoreEmpty="false" transferToAll="false" entitize="false" transferChildNodes="false">
        <con:name>biSpecCode</con:name>
        <con:sourceType>stockInBISpecCode</con:sourceType>
        <con:sourceStep>Given properties for the test steps</con:sourceStep>
        <con:targetType>req_biSpecCode</con:targetType>
        <con:targetStep>Create stockIn interaction success 7</con:targetStep>
        <con:upgraded>true</con:upgraded>
      </con:transfers>
    </con:config>
  </con:testStep>
  <con:testStep type="calltestcase" name="Create stockIn interaction success 7" id="dffc6db7-683e-42a7-bbeb-6677ffc9bc93">
    <con:settings/>
    <con:config xsi:type="con:RunTestCaseStep" xmlns:xsi="http://www.w3.org/2001/XMLSchema-instance">
      <con:targetTestCase>bba3ce34-4cc5-41fb-98a0-894988e91181</con:targetTestCase>
      <con:properties>
        <con:property>
          <con:name>req_userRoleId</con:name>
          <con:value>391</con:value>
        </con:property>
        <con:property>
          <con:name>req_soRoleId</con:name>
          <con:value>389</con:value>
        </con:property>
        <con:property>
          <con:name>req_biSpecCode</con:name>
          <con:value>STCKINBISPEC</con:value>
        </con:property>
        <con:property>
          <con:name>res_biId</con:name>
          <con:value>12371</con:value>
        </con:property>
        <con:property>
          <con:name>res_code</con:name>
          <con:value>201</con:value>
        </con:property>
        <con:property>
          <con:name>res_errorMessage</con:name>
        </con:property>
        <con:property>
          <con:name>res_httpStatus</con:name>
        </con:property>
      </con:properties>
      <con:returnProperties>
        <con:entry>res_biId</con:entry>
        <con:entry>res_code</con:entry>
      </con:returnProperties>
      <con:runMode>PARALLELL</con:runMode>
    </con:config>
  </con:testStep>
  <con:testStep type="assertionteststep" name="Assertion create stockIn interaction success 7" id="3a1b1b3f-dcc8-4280-9fe0-033ec2489c3d">
    <con:settings/>
    <con:config xsi:type="con:AssertionTestStep" xmlns:xsi="http://www.w3.org/2001/XMLSchema-instance">
      <con:entry>
        <con:id>f9dbcdf6-d693-4241-827c-7d5986daa9ab</con:id>
        <con:isGroup>false</con:isGroup>
        <con:sourceId>dffc6db7-683e-42a7-bbeb-6677ffc9bc93</con:sourceId>
        <con:propertyName>res_biId</con:propertyName>
        <con:assertion type="Simple Contains" name="Contains" id="d2a07aae-abb2-4e30-b9c7-af916bcc129b">
          <con:configuration>
            <token>\d+</token>
            <ignoreCase>false</ignoreCase>
            <useRegEx>true</useRegEx>
          </con:configuration>
        </con:assertion>
      </con:entry>
    </con:config>
  </con:testStep>
  <con:testStep type="transfer" name="Property Transfer biId 7" id="c98955ca-0661-4030-9f75-215e452b15fc">
    <con:settings/>
    <con:config xsi:type="con:PropertyTransfersStep" xmlns:xsi="http://www.w3.org/2001/XMLSchema-instance">
      <con:transfers setNullOnMissingSource="true" transferTextContent="true" failOnError="true" ignoreEmpty="false" transferToAll="false" entitize="false" transferChildNodes="false">
        <con:name>biId</con:name>
        <con:sourceType>res_biId</con:sourceType>
        <con:sourceStep>Create stockIn interaction success 7</con:sourceStep>
        <con:sourcePath/>
        <con:targetType>biId</con:targetType>
        <con:targetStep>Given properties for the test steps</con:targetStep>
        <con:targetPath/>
        <con:upgraded>true</con:upgraded>
      </con:transfers>
    </con:config>
  </con:testStep>
  <con:testStep type="transfer" name="Set add stockIn item without range with more quantity" id="06a18f49-d8d6-4c51-935f-1a5748982704">
    <con:settings/>
    <con:config xsi:type="con:PropertyTransfersStep" xmlns:xsi="http://www.w3.org/2001/XMLSchema-instance">
      <con:transfers setNullOnMissingSource="true" transferTextContent="true" failOnError="true" ignoreEmpty="false" transferToAll="false" entitize="false" transferChildNodes="false">
        <con:name>biId</con:name>
        <con:sourceType>biId</con:sourceType>
        <con:sourceStep>Given properties for the test steps</con:sourceStep>
        <con:sourcePath/>
        <con:targetType>req_biId</con:targetType>
        <con:targetStep>Add stockIn item without range with more quantity</con:targetStep>
        <con:targetPath/>
        <con:upgraded>true</con:upgraded>
      </con:transfers>
      <con:transfers setNullOnMissingSource="true" transferTextContent="true" failOnError="true" ignoreEmpty="false" transferToAll="false" entitize="false" transferChildNodes="false">
        <con:name>productSpecExtId</con:name>
        <con:sourceType>serializedWithoutRangeProductSpecExtId</con:sourceType>
        <con:sourceStep>Given properties for the test steps</con:sourceStep>
        <con:targetType>req_prodSpecExternalId</con:targetType>
        <con:targetStep>Add stockIn item without range with more quantity</con:targetStep>
        <con:upgraded>true</con:upgraded>
      </con:transfers>
      <con:transfers setNullOnMissingSource="true" transferTextContent="true" failOnError="true" ignoreEmpty="false" transferToAll="false" entitize="false" transferChildNodes="false">
        <con:name>quantity</con:name>
        <con:sourceType>quantityTwo</con:sourceType>
        <con:sourceStep>Given properties for the test steps</con:sourceStep>
        <con:targetType>req_quantity</con:targetType>
        <con:targetStep>Add stockIn item without range with more quantity</con:targetStep>
        <con:upgraded>true</con:upgraded>
      </con:transfers>
      <con:transfers setNullOnMissingSource="true" transferTextContent="true" failOnError="true" ignoreEmpty="false" transferToAll="false" entitize="false" transferChildNodes="false">
        <con:name>placeId</con:name>
        <con:sourceType>placeId</con:sourceType>
        <con:sourceStep>Given properties for the test steps</con:sourceStep>
        <con:targetType>req_placeId</con:targetType>
        <con:targetStep>Add stockIn item without range with more quantity</con:targetStep>
        <con:upgraded>true</con:upgraded>
      </con:transfers>
      <con:transfers setNullOnMissingSource="true" transferTextContent="true" failOnError="true" ignoreEmpty="false" transferToAll="false" entitize="false" transferChildNodes="false">
        <con:name>productStatus</con:name>
        <con:sourceType>productStatusSellable</con:sourceType>
        <con:sourceStep>Given properties for the test steps</con:sourceStep>
        <con:targetType>req_productStatus</con:targetType>
        <con:targetStep>Add stockIn item without range with more quantity</con:targetStep>
        <con:upgraded>true</con:upgraded>
      </con:transfers>
      <con:transfers setNullOnMissingSource="true" transferTextContent="true" failOnError="true" ignoreEmpty="false" transferToAll="false" entitize="false" transferChildNodes="false">
        <con:name>productDesc</con:name>
        <con:sourceType>productDesc</con:sourceType>
        <con:sourceStep>Given properties for the test steps</con:sourceStep>
        <con:targetType>req_description</con:targetType>
        <con:targetStep>Add stockIn item without range with more quantity</con:targetStep>
        <con:upgraded>true</con:upgraded>
      </con:transfers>
      <con:transfers setNullOnMissingSource="true" transferTextContent="true" failOnError="true" ignoreEmpty="false" transferToAll="false" entitize="false" transferChildNodes="false">
        <con:name>productSpecCharUseId</con:name>
        <con:sourceType>productSpecCharUseId</con:sourceType>
        <con:sourceStep>Given properties for the test steps</con:sourceStep>
        <con:targetType>req_productSpecCharUseId</con:targetType>
        <con:targetStep>Add stockIn item without range with more quantity</con:targetStep>
        <con:upgraded>true</con:upgraded>
      </con:transfers>
      <con:transfers setNullOnMissingSource="true" transferTextContent="true" failOnError="true" ignoreEmpty="false" transferToAll="false" entitize="false" transferChildNodes="false">
        <con:name>productSpecCharId</con:name>
        <con:sourceType>productSpecCharId</con:sourceType>
        <con:sourceStep>Given properties for the test steps</con:sourceStep>
        <con:targetType>req_productSpecCharId</con:targetType>
        <con:targetStep>Add stockIn item without range with more quantity</con:targetStep>
        <con:upgraded>true</con:upgraded>
      </con:transfers>
      <con:transfers setNullOnMissingSource="true" transferTextContent="true" failOnError="true" ignoreEmpty="false" transferToAll="false" entitize="false" transferChildNodes="false">
        <con:name>productSpecCharValueId</con:name>
        <con:sourceType>productSpecCharValueId</con:sourceType>
        <con:sourceStep>Given properties for the test steps</con:sourceStep>
        <con:targetType>req_productSpecCharValueId</con:targetType>
        <con:targetStep>Add stockIn item without range with more quantity</con:targetStep>
        <con:upgraded>true</con:upgraded>
      </con:transfers>
      <con:transfers setNullOnMissingSource="true" transferTextContent="true" failOnError="true" ignoreEmpty="false" transferToAll="false" entitize="false" transferChildNodes="false">
        <con:name>isPaired</con:name>
        <con:sourceType>isPairedFalse</con:sourceType>
        <con:sourceStep>Given properties for the test steps</con:sourceStep>
        <con:targetType>req_isPaired</con:targetType>
        <con:targetStep>Add stockIn item without range with more quantity</con:targetStep>
        <con:upgraded>true</con:upgraded>
      </con:transfers>
      <con:transfers setNullOnMissingSource="true" transferTextContent="true" failOnError="true" ignoreEmpty="false" transferToAll="false" entitize="false" transferChildNodes="false">
        <con:name>startSerial</con:name>
        <con:sourceType>startSerialNumber</con:sourceType>
        <con:sourceStep>Given properties for the test steps</con:sourceStep>
        <con:targetType>req_startSerial</con:targetType>
        <con:targetStep>Add stockIn item without range with more quantity</con:targetStep>
        <con:upgraded>true</con:upgraded>
      </con:transfers>
      <con:transfers setNullOnMissingSource="true" transferTextContent="true" failOnError="true" ignoreEmpty="false" transferToAll="false" entitize="false" transferChildNodes="false">
        <con:name>endSerial</con:name>
        <con:sourceType>endSerialNumber</con:sourceType>
        <con:sourceStep>Given properties for the test steps</con:sourceStep>
        <con:targetType>req_endSerial</con:targetType>
        <con:targetStep>Add stockIn item without range with more quantity</con:targetStep>
        <con:upgraded>true</con:upgraded>
      </con:transfers>
      <con:transfers setNullOnMissingSource="true" transferTextContent="true" failOnError="true" ignoreEmpty="false" transferToAll="false" entitize="false" transferChildNodes="false">
        <con:name>serialNumber</con:name>
        <con:sourceType>serialNumber</con:sourceType>
        <con:sourceStep>Given properties for the test steps</con:sourceStep>
        <con:targetType>req_serialNumber</con:targetType>
        <con:targetStep>Add stockIn item without range with more quantity</con:targetStep>
        <con:upgraded>true</con:upgraded>
      </con:transfers>
    </con:config>
  </con:testStep>
  <con:testStep type="calltestcase" name="Add stockIn item without range with more quantity" id="3b44959c-d780-46a2-a3c4-1bbd351f4354">
    <con:settings/>
    <con:config xsi:type="con:RunTestCaseStep" xmlns:xsi="http://www.w3.org/2001/XMLSchema-instance">
      <con:targetTestCase>2a528d8b-5b13-4d95-87ac-42a9644387c3</con:targetTestCase>
      <con:properties>
        <con:property>
          <con:name>req_biId</con:name>
          <con:value>12371</con:value>
        </con:property>
        <con:property>
          <con:name>req_prodSpecExternalId</con:name>
          <con:value>EXT-GALAXYNOTE4-1</con:value>
        </con:property>
        <con:property>
          <con:name>req_quantity</con:name>
          <con:value>2</con:value>
        </con:property>
        <con:property>
          <con:name>req_placeId</con:name>
          <con:value>198</con:value>
        </con:property>
        <con:property>
          <con:name>req_productStatus</con:name>
          <con:value>1</con:value>
        </con:property>
        <con:property>
          <con:name>req_description</con:name>
          <con:value>productDesc-${=java.util.UUID.randomUUID()}</con:value>
        </con:property>
        <con:property>
          <con:name>res_id</con:name>
          <con:value xsi:nil="true"/>
        </con:property>
        <con:property>
          <con:name>req_productSpecCharUseId</con:name>
          <con:value/>
        </con:property>
        <con:property>
          <con:name>req_productSpecCharId</con:name>
          <con:value>1</con:value>
        </con:property>
        <con:property>
          <con:name>req_productSpecCharValueId</con:name>
          <con:value>1</con:value>
        </con:property>
        <con:property>
          <con:name>req_isPaired</con:name>
          <con:value>false</con:value>
        </con:property>
        <con:property>
          <con:name>req_startSerial</con:name>
          <con:value>24815092</con:value>
        </con:property>
        <con:property>
          <con:name>req_endSerial</con:name>
          <con:value>62776437</con:value>
        </con:property>
        <con:property>
          <con:name>res_startSerial</con:name>
        </con:property>
        <con:property>
          <con:name>res_endSerial</con:name>
        </con:property>
        <con:property>
          <con:name>res_code</con:name>
          <con:value>ALL_PRODUCT_SPEC_CHARACTERISTICS_MUST_BE_PROVIDED</con:value>
        </con:property>
        <con:property>
          <con:name>res_quantity</con:name>
        </con:property>
        <con:property>
          <con:name>req_serialNumber</con:name>
          <con:value>serialNumber-${=java.util.UUID.randomUUID()}</con:value>
        </con:property>
        <con:property>
          <con:name>res_errorMessage</con:name>
          <con:value>ALL_PRODUCT_SPEC_CHARACTERISTICS_MUST_BE_PROVIDED</con:value>
        </con:property>
      </con:properties>
      <con:returnProperties>
        <con:entry>res_id</con:entry>
        <con:entry>res_code</con:entry>
        <con:entry>res_errorMessage</con:entry>
      </con:returnProperties>
      <con:runMode>PARALLELL</con:runMode>
    </con:config>
  </con:testStep>
  <con:testStep type="transfer" name="Set create stockIn interaction success 8" id="e366e213-e6e5-4371-b635-7e09fe6a9cb0">
    <con:settings/>
    <con:config xsi:type="con:PropertyTransfersStep" xmlns:xsi="http://www.w3.org/2001/XMLSchema-instance">
      <con:transfers setNullOnMissingSource="true" transferTextContent="true" failOnError="true" ignoreEmpty="false" transferToAll="false" entitize="false" transferChildNodes="false">
        <con:name>userId</con:name>
        <con:sourceType>userId</con:sourceType>
        <con:sourceStep>Given properties for the test steps</con:sourceStep>
        <con:sourcePath/>
        <con:targetType>req_userRoleId</con:targetType>
        <con:targetStep>Create stockIn interaction success 8</con:targetStep>
        <con:targetPath/>
        <con:upgraded>true</con:upgraded>
      </con:transfers>
      <con:transfers setNullOnMissingSource="true" transferTextContent="true" failOnError="true" ignoreEmpty="false" transferToAll="false" entitize="false" transferChildNodes="false">
        <con:name>soId</con:name>
        <con:sourceType>soId</con:sourceType>
        <con:sourceStep>Given properties for the test steps</con:sourceStep>
        <con:targetType>req_soRoleId</con:targetType>
        <con:targetStep>Create stockIn interaction success 8</con:targetStep>
        <con:upgraded>true</con:upgraded>
      </con:transfers>
      <con:transfers setNullOnMissingSource="true" transferTextContent="true" failOnError="true" ignoreEmpty="false" transferToAll="false" entitize="false" transferChildNodes="false">
        <con:name>biSpecCode</con:name>
        <con:sourceType>stockInBISpecCode</con:sourceType>
        <con:sourceStep>Given properties for the test steps</con:sourceStep>
        <con:targetType>req_biSpecCode</con:targetType>
        <con:targetStep>Create stockIn interaction success 8</con:targetStep>
        <con:upgraded>true</con:upgraded>
      </con:transfers>
    </con:config>
  </con:testStep>
  <con:testStep type="calltestcase" name="Create stockIn interaction success 8" id="742789f1-f8df-4ec8-9503-9adeaddebf19">
    <con:settings/>
    <con:config xsi:type="con:RunTestCaseStep" xmlns:xsi="http://www.w3.org/2001/XMLSchema-instance">
      <con:targetTestCase>bba3ce34-4cc5-41fb-98a0-894988e91181</con:targetTestCase>
      <con:properties>
        <con:property>
          <con:name>req_userRoleId</con:name>
          <con:value>391</con:value>
        </con:property>
        <con:property>
          <con:name>req_soRoleId</con:name>
          <con:value>389</con:value>
        </con:property>
        <con:property>
          <con:name>req_biSpecCode</con:name>
          <con:value>STCKINBISPEC</con:value>
        </con:property>
        <con:property>
          <con:name>res_biId</con:name>
          <con:value>12381</con:value>
        </con:property>
        <con:property>
          <con:name>res_code</con:name>
          <con:value>201</con:value>
        </con:property>
        <con:property>
          <con:name>res_errorMessage</con:name>
          <con:value xsi:nil="true"/>
        </con:property>
        <con:property>
          <con:name>res_httpStatus</con:name>
        </con:property>
      </con:properties>
      <con:returnProperties>
        <con:entry>res_biId</con:entry>
        <con:entry>res_code</con:entry>
        <con:entry>res_errorMessage</con:entry>
      </con:returnProperties>
      <con:runMode>PARALLELL</con:runMode>
    </con:config>
  </con:testStep>
  <con:testStep type="transfer" name="Property Transfer biId8" id="d5cddd64-9e61-4227-9c60-0181296493cb">
    <con:settings/>
    <con:config xsi:type="con:PropertyTransfersStep" xmlns:xsi="http://www.w3.org/2001/XMLSchema-instance">
      <con:transfers setNullOnMissingSource="true" transferTextContent="true" failOnError="true" ignoreEmpty="false" transferToAll="false" entitize="false" transferChildNodes="false">
        <con:name>biId</con:name>
        <con:sourceType>res_biId</con:sourceType>
        <con:sourceStep>Create stockIn interaction success 8</con:sourceStep>
        <con:sourcePath/>
        <con:targetType>biId</con:targetType>
        <con:targetStep>Given properties for the test steps</con:targetStep>
        <con:targetPath/>
        <con:upgraded>true</con:upgraded>
      </con:transfers>
    </con:config>
  </con:testStep>
  <con:testStep type="assertionteststep" name="Assertion create stockIn interaction success 8" id="ea3c970b-31ce-4a5a-a08c-8ac6bc7dce41">
    <con:settings/>
    <con:config xsi:type="con:AssertionTestStep" xmlns:xsi="http://www.w3.org/2001/XMLSchema-instance">
      <con:entry>
        <con:id>6914579b-871f-4472-9f7a-9a78fa078742</con:id>
        <con:isGroup>false</con:isGroup>
        <con:sourceId>742789f1-f8df-4ec8-9503-9adeaddebf19</con:sourceId>
        <con:propertyName>res_biId</con:propertyName>
        <con:assertion type="Simple Contains" name="Contains" id="e5ef5dbf-617c-4727-9d98-042168ab0505">
          <con:configuration>
            <token>\d+</token>
            <ignoreCase>false</ignoreCase>
            <useRegEx>true</useRegEx>
          </con:configuration>
        </con:assertion>
      </con:entry>
    </con:config>
  </con:testStep>
  <con:testStep type="properties" name="Properties for itemId of nonSerialized" id="3755280e-4145-41cd-b772-1210bd72f4f2">
    <con:settings/>
    <con:config xsi:type="con:PropertiesStep" saveFirst="true" xmlns:xsi="http://www.w3.org/2001/XMLSchema-instance">
      <con:properties>
        <con:property>
          <con:name>firstRunItemId</con:name>
          <con:value>1887</con:value>
        </con:property>
        <con:property>
          <con:name>secondRunItemId</con:name>
          <con:value>1889</con:value>
        </con:property>
      </con:properties>
    </con:config>
  </con:testStep>
  <con:testStep type="datasource" name="DataSource for nonserialized product creation" id="27b04659-d54c-4948-bd51-f7ae2b5471c0">
    <con:settings/>
    <con:config xsi:type="con:DataSourceStep" xmlns:xsi="http://www.w3.org/2001/XMLSchema-instance">
      <con:dataSource type="Grid">
        <con:configuration>
          <check><![CDATA[<xml-fragment><con:entry xmlns:con="http://eviware.com/soapui/config">true</con:entry><con:entry xmlns:con="http://eviware.com/soapui/config">true</con:entry></xml-fragment>]]></check>
          <row><![CDATA[<xml-fragment><con:entry xmlns:con="http://eviware.com/soapui/config">Apple Mouse 1 Button Count</con:entry><con:entry xmlns:con="http://eviware.com/soapui/config">EXT-APPLMOUSE-1</con:entry><con:entry xmlns:con="http://eviware.com/soapui/config">CODE-APPLMOUSE-1</con:entry><con:entry xmlns:con="http://eviware.com/soapui/config">${#TestCase#req_quantity}</con:entry><con:entry xmlns:con="http://eviware.com/soapui/config">7</con:entry><con:entry xmlns:con="http://eviware.com/soapui/config">17-EXT</con:entry><con:entry xmlns:con="http://eviware.com/soapui/config">1</con:entry><con:entry xmlns:con="http://eviware.com/soapui/config">1</con:entry><con:entry xmlns:con="http://eviware.com/soapui/config"/><con:entry xmlns:con="http://eviware.com/soapui/config"/></xml-fragment>]]></row>
          <row><![CDATA[<xml-fragment><con:entry xmlns:con="http://eviware.com/soapui/config">Apple Mouse 1 Button Count</con:entry><con:entry xmlns:con="http://eviware.com/soapui/config">EXT-APPLMOUSE-1</con:entry><con:entry xmlns:con="http://eviware.com/soapui/config">CODE-APPLMOUSE-1</con:entry><con:entry xmlns:con="http://eviware.com/soapui/config">${#TestCase#req_quantity}</con:entry><con:entry xmlns:con="http://eviware.com/soapui/config">7</con:entry><con:entry xmlns:con="http://eviware.com/soapui/config">17-EXT</con:entry><con:entry xmlns:con="http://eviware.com/soapui/config">1</con:entry><con:entry xmlns:con="http://eviware.com/soapui/config">2</con:entry><con:entry xmlns:con="http://eviware.com/soapui/config"/></xml-fragment>]]></row>
        </con:configuration>
      </con:dataSource>
      <con:property>description</con:property>
      <con:property>prodSpecExtId</con:property>
      <con:property>productSpecCode</con:property>
      <con:property>quantity</con:property>
      <con:property>charExtId1</con:property>
      <con:property>charValueExtId1</con:property>
      <con:property>productStatus</con:property>
      <con:property>run</con:property>
      <con:completeLastOperation>true</con:completeLastOperation>
      <con:restartOnRun>true</con:restartOnRun>
    </con:config>
  </con:testStep>
  <con:testStep type="transfer" name="Set add nonserialized stockIn item" id="a7433dbc-7bbf-475b-a0b2-fcea029949aa">
    <con:settings/>
    <con:config xsi:type="con:PropertyTransfersStep" xmlns:xsi="http://www.w3.org/2001/XMLSchema-instance">
      <con:transfers setNullOnMissingSource="true" transferTextContent="true" failOnError="true" ignoreEmpty="false" transferToAll="false" entitize="false" transferChildNodes="false">
        <con:name>biId</con:name>
        <con:sourceType>biId</con:sourceType>
        <con:sourceStep>Given properties for the test steps</con:sourceStep>
        <con:sourcePath/>
        <con:targetType>req_biId</con:targetType>
        <con:targetStep>Add nonserialized stockIn item</con:targetStep>
        <con:targetPath/>
        <con:upgraded>true</con:upgraded>
      </con:transfers>
      <con:transfers setNullOnMissingSource="true" transferTextContent="true" failOnError="true" ignoreEmpty="false" transferToAll="false" entitize="false" transferChildNodes="false">
        <con:name>productSpecExtId</con:name>
        <con:sourceType>prodSpecExtId</con:sourceType>
        <con:sourceStep>DataSource for nonserialized product creation</con:sourceStep>
        <con:targetType>req_prodSpecExtId</con:targetType>
        <con:targetStep>Add nonserialized stockIn item</con:targetStep>
        <con:upgraded>true</con:upgraded>
      </con:transfers>
      <con:transfers setNullOnMissingSource="true" transferTextContent="true" failOnError="true" ignoreEmpty="false" transferToAll="false" entitize="false" transferChildNodes="false">
        <con:name>placeId</con:name>
        <con:sourceType>placeId</con:sourceType>
        <con:sourceStep>Given properties for the test steps</con:sourceStep>
        <con:targetType>req_placeId</con:targetType>
        <con:targetStep>Add nonserialized stockIn item</con:targetStep>
        <con:upgraded>true</con:upgraded>
      </con:transfers>
      <con:transfers setNullOnMissingSource="true" transferTextContent="true" failOnError="true" ignoreEmpty="false" transferToAll="false" entitize="false" transferChildNodes="false">
        <con:name>description</con:name>
        <con:sourceType>productDesc</con:sourceType>
        <con:sourceStep>Given properties for the test steps</con:sourceStep>
        <con:targetType>req_description</con:targetType>
        <con:targetStep>Add nonserialized stockIn item</con:targetStep>
        <con:upgraded>true</con:upgraded>
      </con:transfers>
      <con:transfers setNullOnMissingSource="true" transferTextContent="true" failOnError="true" ignoreEmpty="false" transferToAll="false" entitize="false" transferChildNodes="false">
        <con:name>charExtId1</con:name>
        <con:sourceType>charExtId1</con:sourceType>
        <con:sourceStep>DataSource for nonserialized product creation</con:sourceStep>
        <con:targetType>req_charExtId1</con:targetType>
        <con:targetStep>Add nonserialized stockIn item</con:targetStep>
        <con:upgraded>true</con:upgraded>
      </con:transfers>
      <con:transfers setNullOnMissingSource="true" transferTextContent="true" failOnError="true" ignoreEmpty="false" transferToAll="false" entitize="false" transferChildNodes="false">
        <con:name>charValueExtId1</con:name>
        <con:sourceType>charValueExtId1</con:sourceType>
        <con:sourceStep>DataSource for nonserialized product creation</con:sourceStep>
        <con:targetType>req_charValueExtId1</con:targetType>
        <con:targetStep>Add nonserialized stockIn item</con:targetStep>
        <con:upgraded>true</con:upgraded>
      </con:transfers>
      <con:transfers setNullOnMissingSource="true" transferTextContent="true" failOnError="true" ignoreEmpty="false" transferToAll="false" entitize="false" transferChildNodes="false">
        <con:name>productStatus</con:name>
        <con:sourceType>productStatus</con:sourceType>
        <con:sourceStep>DataSource for nonserialized product creation</con:sourceStep>
        <con:targetType>req_prodStatus</con:targetType>
        <con:targetStep>Add nonserialized stockIn item</con:targetStep>
        <con:upgraded>true</con:upgraded>
      </con:transfers>
      <con:transfers setNullOnMissingSource="true" transferTextContent="true" failOnError="true" ignoreEmpty="false" transferToAll="false" entitize="false" transferChildNodes="false">
        <con:name>quantity</con:name>
        <con:sourceType>quantity</con:sourceType>
        <con:sourceStep>Given properties for the test steps</con:sourceStep>
        <con:targetType>req_quantity</con:targetType>
        <con:targetStep>Add nonserialized stockIn item</con:targetStep>
        <con:upgraded>true</con:upgraded>
      </con:transfers>
    </con:config>
  </con:testStep>
  <con:testStep type="calltestcase" name="Add nonserialized stockIn item" id="6c5cd768-d738-4eb3-b4e6-2a6574f4fbd7">
    <con:settings/>
    <con:config xsi:type="con:RunTestCaseStep" xmlns:xsi="http://www.w3.org/2001/XMLSchema-instance">
      <con:targetTestCase>1df0a954-3f76-4a4e-bd4b-aa3504f4ccf7</con:targetTestCase>
      <con:properties>
        <con:property>
          <con:name>req_biId</con:name>
          <con:value>12381</con:value>
        </con:property>
        <con:property>
          <con:name>req_prodSpecExtId</con:name>
          <con:value>EXT-APPLMOUSE-1</con:value>
        </con:property>
        <con:property>
          <con:name>req_placeId</con:name>
          <con:value>198</con:value>
        </con:property>
        <con:property>
          <con:name>req_description</con:name>
          <con:value>productDesc-${=java.util.UUID.randomUUID()}</con:value>
        </con:property>
        <con:property>
          <con:name>req_charExtId1</con:name>
          <con:value>7</con:value>
        </con:property>
        <con:property>
          <con:name>req_charValueExtId1</con:name>
          <con:value>17-EXT</con:value>
        </con:property>
        <con:property>
          <con:name>req_serialText</con:name>
        </con:property>
        <con:property>
          <con:name>res_itemId</con:name>
          <con:value>1889</con:value>
        </con:property>
        <con:property>
          <con:name>res_code</con:name>
          <con:value xsi:nil="true"/>
        </con:property>
        <con:property>
          <con:name>res_errorMessage</con:name>
          <con:value xsi:nil="true"/>
        </con:property>
        <con:property>
          <con:name>req_prodStatus</con:name>
          <con:value>1</con:value>
        </con:property>
        <con:property>
          <con:name>req_quantity</con:name>
          <con:value>368</con:value>
        </con:property>
        <con:property>
          <con:name>req_batchId</con:name>
        </con:property>
        <con:property>
          <con:name>res_httpStatus</con:name>
        </con:property>
      </con:properties>
      <con:returnProperties>
        <con:entry>res_itemId</con:entry>
        <con:entry>res_code</con:entry>
        <con:entry>res_errorMessage</con:entry>
      </con:returnProperties>
      <con:runMode>PARALLELL</con:runMode>
    </con:config>
  </con:testStep>
  <con:testStep type="assertionteststep" name="Assertion add nonserialized stockIn item" id="3ec64f40-afb8-463a-a895-27747384abc0">
    <con:settings/>
    <con:config xsi:type="con:AssertionTestStep" xmlns:xsi="http://www.w3.org/2001/XMLSchema-instance">
      <con:entry>
        <con:id>5d12f9d5-df38-4902-ba08-95394a5b442d</con:id>
        <con:isGroup>false</con:isGroup>
        <con:sourceId>6c5cd768-d738-4eb3-b4e6-2a6574f4fbd7</con:sourceId>
        <con:propertyName>res_itemId</con:propertyName>
        <con:assertion type="Simple Contains" name="Contains" id="ac1d6593-65ac-4c76-b432-b7dfba4496ec">
          <con:configuration>
            <token>\d+</token>
            <ignoreCase>false</ignoreCase>
            <useRegEx>true</useRegEx>
          </con:configuration>
        </con:assertion>
      </con:entry>
    </con:config>
  </con:testStep>
  <con:testStep type="datagen" name="DataGen to get itemId" id="19de7261-9423-47d9-bc54-c059f08051df">
    <con:settings/>
    <con:config xsi:type="con:DataGeneratorStep" xmlns:xsi="http://www.w3.org/2001/XMLSchema-instance">
      <con:property type="Script">
        <con:configuration>
          <script>//import net.sf.json.groovy.*;

def resId = context.expand( '${Add nonserialized stockIn item#res_itemId}' );
def run = context.expand( '${DataSource for nonserialized product creation#run}' ) as Integer;


if (run == 1){
	//('${Properties for itemId of nonSerialized#firstRunItemId}')
	
	testRunner.testCase.testSteps['Properties for itemId of nonSerialized'].setPropertyValue("firstRunItemId",resId.toString());
	
	//return resId;
	}</script>
        </con:configuration>
        <con:name>Property Transfer 1</con:name>
        <con:mode>STEP</con:mode>
        <con:shared>true</con:shared>
      </con:property>
      <con:property type="Script">
        <con:configuration>
          <script>//import net.sf.json.groovy.*;

def resId = context.expand( '${Add nonserialized stockIn item#res_itemId}' );
def run = context.expand( '${DataSource for nonserialized product creation#run}' ) as Integer;


if (run == 2){
	//('${Properties for itemId of nonSerialized#firstRunItemId}')
	testRunner.testCase.testSteps['Properties for itemId of nonSerialized'].setPropertyValue("secondRunItemId",resId.toString());
	//return resId;
	}</script>
        </con:configuration>
        <con:name>Property Transfer 2</con:name>
        <con:mode>STEP</con:mode>
        <con:shared>true</con:shared>
      </con:property>
    </con:config>
  </con:testStep>
  <con:testStep type="datasourceloop" name="DataSource Loop for nonserialized product creation" id="9529fb2e-9b10-4d28-a4d8-23e8704c16c9">
    <con:settings/>
    <con:config>
      <dataSourceStep>DataSource for nonserialized product creation</dataSourceStep>
      <targetStep>Set add nonserialized stockIn item</targetStep>
    </con:config>
  </con:testStep>
  <con:testStep type="datasource" name="DataSource for serialized product creation" id="b85c2b91-03c5-4fc5-be0c-fac20c31014d">
    <con:settings/>
    <con:config xsi:type="con:DataSourceStep" xmlns:xsi="http://www.w3.org/2001/XMLSchema-instance">
      <con:dataSource type="Grid">
        <con:configuration>
          <check>&lt;con:entry xmlns:con="http://eviware.com/soapui/config">true&lt;/con:entry></check>
          <row><![CDATA[<xml-fragment><con:entry xmlns:con="http://eviware.com/soapui/config">IPHONE 6S 4.7' 32GB A7</con:entry><con:entry xmlns:con="http://eviware.com/soapui/config">EXT-IPHONE6S-1</con:entry><con:entry xmlns:con="http://eviware.com/soapui/config">CODE-IPHONE6S-1</con:entry><con:entry xmlns:con="http://eviware.com/soapui/config">${#TestCase#req_quantity}</con:entry><con:entry xmlns:con="http://eviware.com/soapui/config">1</con:entry><con:entry xmlns:con="http://eviware.com/soapui/config">1</con:entry><con:entry xmlns:con="http://eviware.com/soapui/config">1-EXT</con:entry><con:entry xmlns:con="http://eviware.com/soapui/config">2</con:entry><con:entry xmlns:con="http://eviware.com/soapui/config">5-EXT</con:entry><con:entry xmlns:con="http://eviware.com/soapui/config">3</con:entry><con:entry xmlns:con="http://eviware.com/soapui/config">8-EXT</con:entry><con:entry xmlns:con="http://eviware.com/soapui/config"/><con:entry xmlns:con="http://eviware.com/soapui/config"/><con:entry xmlns:con="http://eviware.com/soapui/config">11-EXT</con:entry><con:entry xmlns:con="http://eviware.com/soapui/config">21-EXT</con:entry><con:entry xmlns:con="http://eviware.com/soapui/config">12-EXT</con:entry><con:entry xmlns:con="http://eviware.com/soapui/config">100</con:entry></xml-fragment>]]></row>
        </con:configuration>
      </con:dataSource>
      <con:property>description</con:property>
      <con:property>prodSpecExtId</con:property>
      <con:property>productSpecCode</con:property>
      <con:property>quantity</con:property>
      <con:property>prodStatus</con:property>
      <con:property>charExtId1</con:property>
      <con:property>charValueExtId1</con:property>
      <con:property>charExtId2</con:property>
      <con:property>charValueExtId2</con:property>
      <con:property>charExtId3</con:property>
      <con:property>charValueExtId3</con:property>
      <con:property>charExtId4</con:property>
      <con:property>charValueExtId4</con:property>
      <con:property>charExtId5</con:property>
      <con:property>charValueExtId5</con:property>
      <con:property>charExtId6</con:property>
      <con:property>charValueExtId6</con:property>
      <con:startRow/>
      <con:endRow/>
      <con:recordsPerIteration>1</con:recordsPerIteration>
      <con:completeLastOperation>true</con:completeLastOperation>
      <con:trimValues>false</con:trimValues>
      <con:entitizeValues>false</con:entitizeValues>
      <con:restartOnRun>true</con:restartOnRun>
      <con:expandProperties>false</con:expandProperties>
    </con:config>
  </con:testStep>
  <con:testStep type="transfer" name="Set add serialized stockIn item" id="a3ef5f55-fced-4a44-b50e-da34287b66a3">
    <con:settings/>
    <con:config xsi:type="con:PropertyTransfersStep" xmlns:xsi="http://www.w3.org/2001/XMLSchema-instance">
      <con:transfers setNullOnMissingSource="true" transferTextContent="true" failOnError="true" ignoreEmpty="false" transferToAll="false" entitize="false" transferChildNodes="false">
        <con:name>biId</con:name>
        <con:sourceType>biId</con:sourceType>
        <con:sourceStep>Given properties for the test steps</con:sourceStep>
        <con:sourcePath/>
        <con:targetType>req_biId</con:targetType>
        <con:targetStep>Add serialized stockIn item</con:targetStep>
        <con:targetPath/>
        <con:upgraded>true</con:upgraded>
      </con:transfers>
      <con:transfers setNullOnMissingSource="true" transferTextContent="true" failOnError="true" ignoreEmpty="false" transferToAll="false" entitize="false" transferChildNodes="false">
        <con:name>productSpecExtId</con:name>
        <con:sourceType>prodSpecExtId</con:sourceType>
        <con:sourceStep>DataSource for serialized product creation</con:sourceStep>
        <con:targetType>req_prodSpecExtId</con:targetType>
        <con:targetStep>Add serialized stockIn item</con:targetStep>
        <con:upgraded>true</con:upgraded>
      </con:transfers>
      <con:transfers setNullOnMissingSource="true" transferTextContent="true" failOnError="true" ignoreEmpty="false" transferToAll="false" entitize="false" transferChildNodes="false">
        <con:name>placeId</con:name>
        <con:sourceType>placeId</con:sourceType>
        <con:sourceStep>Given properties for the test steps</con:sourceStep>
        <con:targetType>req_placeId</con:targetType>
        <con:targetStep>Add serialized stockIn item</con:targetStep>
        <con:upgraded>true</con:upgraded>
      </con:transfers>
      <con:transfers setNullOnMissingSource="true" transferTextContent="true" failOnError="true" ignoreEmpty="false" transferToAll="false" entitize="false" transferChildNodes="false">
        <con:name>description</con:name>
        <con:sourceType>productDesc</con:sourceType>
        <con:sourceStep>Given properties for the test steps</con:sourceStep>
        <con:targetType>req_description</con:targetType>
        <con:targetStep>Add serialized stockIn item</con:targetStep>
        <con:upgraded>true</con:upgraded>
      </con:transfers>
      <con:transfers setNullOnMissingSource="true" transferTextContent="true" failOnError="true" ignoreEmpty="false" transferToAll="false" entitize="false" transferChildNodes="false">
        <con:name>productStatus</con:name>
        <con:sourceType>prodStatus</con:sourceType>
        <con:sourceStep>DataSource for serialized product creation</con:sourceStep>
        <con:targetType>req_prodStatus</con:targetType>
        <con:targetStep>Add serialized stockIn item</con:targetStep>
        <con:upgraded>true</con:upgraded>
      </con:transfers>
      <con:transfers setNullOnMissingSource="true" transferTextContent="true" failOnError="true" ignoreEmpty="false" transferToAll="false" entitize="false" transferChildNodes="false">
        <con:name>quantity</con:name>
        <con:sourceType>quantity</con:sourceType>
        <con:sourceStep>Given properties for the test steps</con:sourceStep>
        <con:targetType>req_quantity</con:targetType>
        <con:targetStep>Add serialized stockIn item</con:targetStep>
        <con:upgraded>true</con:upgraded>
      </con:transfers>
      <con:transfers setNullOnMissingSource="true" transferTextContent="true" failOnError="true" ignoreEmpty="false" transferToAll="false" entitize="false" transferChildNodes="false">
        <con:name>startSerialNumber</con:name>
        <con:sourceType>startSerialNumber</con:sourceType>
        <con:sourceStep>Given properties for the test steps</con:sourceStep>
        <con:targetType>req_startSerialNumber</con:targetType>
        <con:targetStep>Add serialized stockIn item</con:targetStep>
        <con:upgraded>true</con:upgraded>
      </con:transfers>
      <con:transfers setNullOnMissingSource="true" transferTextContent="true" failOnError="true" ignoreEmpty="false" transferToAll="false" entitize="false" transferChildNodes="false">
        <con:name>charExtId1</con:name>
        <con:sourceType>charExtId1</con:sourceType>
        <con:sourceStep>DataSource for serialized product creation</con:sourceStep>
        <con:targetType>req_charExtId1</con:targetType>
        <con:targetStep>Add serialized stockIn item</con:targetStep>
        <con:upgraded>true</con:upgraded>
      </con:transfers>
      <con:transfers setNullOnMissingSource="true" transferTextContent="true" failOnError="true" ignoreEmpty="false" transferToAll="false" entitize="false" transferChildNodes="false">
        <con:name>charExtId2</con:name>
        <con:sourceType>charExtId2</con:sourceType>
        <con:sourceStep>DataSource for serialized product creation</con:sourceStep>
        <con:targetType>req_charExtId2</con:targetType>
        <con:targetStep>Add serialized stockIn item</con:targetStep>
        <con:upgraded>true</con:upgraded>
      </con:transfers>
      <con:transfers setNullOnMissingSource="true" transferTextContent="true" failOnError="true" ignoreEmpty="false" transferToAll="false" entitize="false" transferChildNodes="false">
        <con:name>charExtId3</con:name>
        <con:sourceType>charExtId3</con:sourceType>
        <con:sourceStep>DataSource for serialized product creation</con:sourceStep>
        <con:targetType>req_charExtId3</con:targetType>
        <con:targetStep>Add serialized stockIn item</con:targetStep>
        <con:upgraded>true</con:upgraded>
      </con:transfers>
      <con:transfers setNullOnMissingSource="true" transferTextContent="true" failOnError="true" ignoreEmpty="false" transferToAll="false" entitize="false" transferChildNodes="false">
        <con:name>charExtId4</con:name>
        <con:sourceType>charExtId4</con:sourceType>
        <con:sourceStep>DataSource for serialized product creation</con:sourceStep>
        <con:targetType>req_charExtId4</con:targetType>
        <con:targetStep>Add serialized stockIn item</con:targetStep>
        <con:upgraded>true</con:upgraded>
      </con:transfers>
      <con:transfers setNullOnMissingSource="true" transferTextContent="true" failOnError="true" ignoreEmpty="false" transferToAll="false" entitize="false" transferChildNodes="false">
        <con:name>charExtId5</con:name>
        <con:sourceType>charExtId5</con:sourceType>
        <con:sourceStep>DataSource for serialized product creation</con:sourceStep>
        <con:targetType>req_charExtId5</con:targetType>
        <con:targetStep>Add serialized stockIn item</con:targetStep>
        <con:upgraded>true</con:upgraded>
      </con:transfers>
      <con:transfers setNullOnMissingSource="true" transferTextContent="true" failOnError="true" ignoreEmpty="false" transferToAll="false" entitize="false" transferChildNodes="false">
        <con:name>charExtId6</con:name>
        <con:sourceType>charExtId6</con:sourceType>
        <con:sourceStep>DataSource for serialized product creation</con:sourceStep>
        <con:targetType>req_charExtId6</con:targetType>
        <con:targetStep>Add serialized stockIn item</con:targetStep>
        <con:upgraded>true</con:upgraded>
      </con:transfers>
      <con:transfers setNullOnMissingSource="true" transferTextContent="true" failOnError="true" ignoreEmpty="false" transferToAll="false" entitize="false" transferChildNodes="false">
        <con:name>charValueExtId1</con:name>
        <con:sourceType>charValueExtId1</con:sourceType>
        <con:sourceStep>DataSource for serialized product creation</con:sourceStep>
        <con:targetType>req_charValueExtId1</con:targetType>
        <con:targetStep>Add serialized stockIn item</con:targetStep>
        <con:upgraded>true</con:upgraded>
      </con:transfers>
      <con:transfers setNullOnMissingSource="true" transferTextContent="true" failOnError="true" ignoreEmpty="false" transferToAll="false" entitize="false" transferChildNodes="false">
        <con:name>charValueExtId2</con:name>
        <con:sourceType>charValueExtId2</con:sourceType>
        <con:sourceStep>DataSource for serialized product creation</con:sourceStep>
        <con:targetType>req_charValueExtId2</con:targetType>
        <con:targetStep>Add serialized stockIn item</con:targetStep>
        <con:upgraded>true</con:upgraded>
      </con:transfers>
      <con:transfers setNullOnMissingSource="true" transferTextContent="true" failOnError="true" ignoreEmpty="false" transferToAll="false" entitize="false" transferChildNodes="false">
        <con:name>charValueExtId3</con:name>
        <con:sourceType>charValueExtId3</con:sourceType>
        <con:sourceStep>DataSource for serialized product creation</con:sourceStep>
        <con:targetType>req_charValueExtId3</con:targetType>
        <con:targetStep>Add serialized stockIn item</con:targetStep>
        <con:upgraded>true</con:upgraded>
      </con:transfers>
      <con:transfers setNullOnMissingSource="true" transferTextContent="true" failOnError="true" ignoreEmpty="false" transferToAll="false" entitize="false" transferChildNodes="false">
        <con:name>charValueExtId4</con:name>
        <con:sourceType>charValueExtId4</con:sourceType>
        <con:sourceStep>DataSource for serialized product creation</con:sourceStep>
        <con:targetType>req_charValueExtId4</con:targetType>
        <con:targetStep>Add serialized stockIn item</con:targetStep>
        <con:upgraded>true</con:upgraded>
      </con:transfers>
      <con:transfers setNullOnMissingSource="true" transferTextContent="true" failOnError="true" ignoreEmpty="false" transferToAll="false" entitize="false" transferChildNodes="false">
        <con:name>charValueExtId5</con:name>
        <con:sourceType>charValueExtId5</con:sourceType>
        <con:sourceStep>DataSource for serialized product creation</con:sourceStep>
        <con:targetType>req_charValueExtId5</con:targetType>
        <con:targetStep>Add serialized stockIn item</con:targetStep>
        <con:upgraded>true</con:upgraded>
      </con:transfers>
      <con:transfers setNullOnMissingSource="true" transferTextContent="true" failOnError="true" ignoreEmpty="false" transferToAll="false" entitize="false" transferChildNodes="false">
        <con:name>charValueExtId6</con:name>
        <con:sourceType>charValueExtId6</con:sourceType>
        <con:sourceStep>DataSource for serialized product creation</con:sourceStep>
        <con:targetType>req_charValueExtId6</con:targetType>
        <con:targetStep>Add serialized stockIn item</con:targetStep>
        <con:upgraded>true</con:upgraded>
      </con:transfers>
    </con:config>
  </con:testStep>
  <con:testStep type="calltestcase" name="Add serialized stockIn item" id="5836b2a9-b0ab-41d2-b7e4-a3e2b2ec66e2">
    <con:settings/>
    <con:config xsi:type="con:RunTestCaseStep" xmlns:xsi="http://www.w3.org/2001/XMLSchema-instance">
      <con:targetTestCase>6bd1934a-177f-4060-ae9c-cb6238b88203</con:targetTestCase>
      <con:properties>
        <con:property>
          <con:name>req_biId</con:name>
          <con:value>12381</con:value>
        </con:property>
        <con:property>
          <con:name>req_prodSpecExtId</con:name>
          <con:value>EXT-IPHONE6S-1</con:value>
        </con:property>
        <con:property>
          <con:name>req_quantity</con:name>
          <con:value>368</con:value>
        </con:property>
        <con:property>
          <con:name>req_placeId</con:name>
          <con:value>198</con:value>
        </con:property>
        <con:property>
          <con:name>req_prodStatus</con:name>
          <con:value>1</con:value>
        </con:property>
        <con:property>
          <con:name>req_description</con:name>
          <con:value>productDesc-${=java.util.UUID.randomUUID()}</con:value>
        </con:property>
        <con:property>
          <con:name>req_startSerialNumber</con:name>
          <con:value>24815092</con:value>
        </con:property>
        <con:property>
          <con:name>req_charExtId1</con:name>
          <con:value>1</con:value>
        </con:property>
        <con:property>
          <con:name>req_charValueExtId1</con:name>
          <con:value>1-EXT</con:value>
        </con:property>
        <con:property>
          <con:name>req_charExtId2</con:name>
          <con:value>2</con:value>
        </con:property>
        <con:property>
          <con:name>req_charValueExtId2</con:name>
          <con:value>5-EXT</con:value>
        </con:property>
        <con:property>
          <con:name>req_charExtId3</con:name>
          <con:value>3</con:value>
        </con:property>
        <con:property>
          <con:name>req_charValueExtId3</con:name>
          <con:value>8-EXT</con:value>
        </con:property>
        <con:property>
          <con:name>res_itemId</con:name>
          <con:value>1890</con:value>
        </con:property>
        <con:property>
          <con:name>res_code</con:name>
          <con:value xsi:nil="true"/>
        </con:property>
        <con:property>
          <con:name>res_errorMessage</con:name>
          <con:value xsi:nil="true"/>
        </con:property>
        <con:property>
          <con:name>req_charExtId4</con:name>
          <con:value/>
        </con:property>
        <con:property>
          <con:name>req_charValueExtId4</con:name>
          <con:value/>
        </con:property>
        <con:property>
          <con:name>req_charExtId5</con:name>
          <con:value>11-EXT</con:value>
        </con:property>
        <con:property>
          <con:name>req_charValueExtId5</con:name>
          <con:value>21-EXT</con:value>
        </con:property>
        <con:property>
          <con:name>req_charExtId6</con:name>
          <con:value>12-EXT</con:value>
        </con:property>
        <con:property>
          <con:name>req_charValueExtId6</con:name>
          <con:value>100</con:value>
        </con:property>
        <con:property>
          <con:name>req_batchId</con:name>
        </con:property>
      </con:properties>
      <con:returnProperties>
        <con:entry>res_itemId</con:entry>
        <con:entry>res_code</con:entry>
        <con:entry>res_errorMessage</con:entry>
      </con:returnProperties>
      <con:runMode>PARALLELL</con:runMode>
    </con:config>
  </con:testStep>
  <con:testStep type="assertionteststep" name="Assertion add serialized stockIn item" id="2ee842ff-f6e6-49b4-9176-8f747305d558">
    <con:settings/>
    <con:config xsi:type="con:AssertionTestStep" xmlns:xsi="http://www.w3.org/2001/XMLSchema-instance">
      <con:entry>
        <con:id>04aa99de-3be0-4950-bd89-18884495c062</con:id>
        <con:isGroup>false</con:isGroup>
        <con:sourceId>5836b2a9-b0ab-41d2-b7e4-a3e2b2ec66e2</con:sourceId>
        <con:propertyName>res_itemId</con:propertyName>
        <con:assertion type="Simple Contains" name="Contains" id="9e0fa799-f60d-4845-9bac-4334a5839679">
          <con:configuration>
            <token>\d+</token>
            <ignoreCase>false</ignoreCase>
            <useRegEx>true</useRegEx>
          </con:configuration>
        </con:assertion>
      </con:entry>
    </con:config>
  </con:testStep>
  <con:testStep type="transfer" name="Set add serialized without range stockIn item static values" id="2fc1475b-bd6a-439c-a794-f08710a341b9">
    <con:settings/>
    <con:config xsi:type="con:PropertyTransfersStep" xmlns:xsi="http://www.w3.org/2001/XMLSchema-instance">
      <con:transfers setNullOnMissingSource="true" transferTextContent="true" failOnError="true" ignoreEmpty="false" transferToAll="false" entitize="false" transferChildNodes="false">
        <con:name>biId</con:name>
        <con:sourceType>biId</con:sourceType>
        <con:sourceStep>Given properties for the test steps</con:sourceStep>
        <con:sourcePath/>
        <con:targetType>req_biId</con:targetType>
        <con:targetStep>Add serialized without range stock item static values</con:targetStep>
        <con:targetPath/>
        <con:upgraded>true</con:upgraded>
      </con:transfers>
      <con:transfers setNullOnMissingSource="true" transferTextContent="true" failOnError="true" ignoreEmpty="false" transferToAll="false" entitize="false" transferChildNodes="false">
        <con:name>placeId</con:name>
        <con:sourceType>placeId</con:sourceType>
        <con:sourceStep>Given properties for the test steps</con:sourceStep>
        <con:targetType>req_placeId</con:targetType>
        <con:targetStep>Add serialized without range stock item static values</con:targetStep>
        <con:upgraded>true</con:upgraded>
      </con:transfers>
      <con:transfers setNullOnMissingSource="true" transferTextContent="true" failOnError="true" ignoreEmpty="false" transferToAll="false" entitize="false" transferChildNodes="false">
        <con:name>serialText</con:name>
        <con:sourceType>serialNumber</con:sourceType>
        <con:sourceStep>Given properties for the test steps</con:sourceStep>
        <con:targetType>req_serialText</con:targetType>
        <con:targetStep>Add serialized without range stock item static values</con:targetStep>
        <con:upgraded>true</con:upgraded>
      </con:transfers>
      <con:transfers setNullOnMissingSource="true" transferTextContent="true" failOnError="true" ignoreEmpty="false" transferToAll="false" entitize="false" transferChildNodes="false">
        <con:name>userId</con:name>
        <con:sourceType>res_userRoleId</con:sourceType>
        <con:sourceStep>Create sales organization and user</con:sourceStep>
        <con:targetType>req_userId</con:targetType>
        <con:targetStep>Add serialized without range stock item static values</con:targetStep>
        <con:upgraded>true</con:upgraded>
      </con:transfers>
      <con:transfers setNullOnMissingSource="true" transferTextContent="true" failOnError="true" ignoreEmpty="false" transferToAll="false" entitize="false" transferChildNodes="false">
        <con:name>soId</con:name>
        <con:sourceType>res_salesOrgId</con:sourceType>
        <con:sourceStep>Create sales organization and user</con:sourceStep>
        <con:targetType>req_soId</con:targetType>
        <con:targetStep>Add serialized without range stock item static values</con:targetStep>
        <con:upgraded>true</con:upgraded>
      </con:transfers>
      <con:transfers setNullOnMissingSource="true" transferTextContent="true" failOnError="true" ignoreEmpty="false" transferToAll="false" entitize="false" transferChildNodes="false">
        <con:name>quantity</con:name>
        <con:sourceType>quantityOne</con:sourceType>
        <con:sourceStep>Given properties for the test steps</con:sourceStep>
        <con:targetType>req_quantity</con:targetType>
        <con:targetStep>Add serialized without range stock item static values</con:targetStep>
        <con:upgraded>true</con:upgraded>
      </con:transfers>
      <con:transfers setNullOnMissingSource="true" transferTextContent="true" failOnError="true" ignoreEmpty="false" transferToAll="false" entitize="false" transferChildNodes="false">
        <con:name>startSerial</con:name>
        <con:sourceType>zero</con:sourceType>
        <con:sourceStep>Given properties for the test steps</con:sourceStep>
        <con:targetType>req_startSerialNumber</con:targetType>
        <con:targetStep>Add serialized without range stock item static values</con:targetStep>
        <con:upgraded>true</con:upgraded>
      </con:transfers>
      <con:transfers setNullOnMissingSource="true" transferTextContent="true" failOnError="true" ignoreEmpty="false" transferToAll="false" entitize="false" transferChildNodes="false">
        <con:name>endSerial</con:name>
        <con:sourceType>zero</con:sourceType>
        <con:sourceStep>Given properties for the test steps</con:sourceStep>
        <con:targetType>req_endSerialNumber</con:targetType>
        <con:targetStep>Add serialized without range stock item static values</con:targetStep>
        <con:upgraded>true</con:upgraded>
      </con:transfers>
    </con:config>
  </con:testStep>
  <con:testStep type="calltestcase" name="Add serialized without range stock item static values" id="3ee7bec3-6e77-427e-9eed-1e28bfb3fc40">
    <con:settings/>
    <con:config xsi:type="con:RunTestCaseStep" xmlns:xsi="http://www.w3.org/2001/XMLSchema-instance">
      <con:targetTestCase>ae191751-0bc4-4512-8943-bc2eb3fca39e</con:targetTestCase>
      <con:properties>
        <con:property>
          <con:name>req_quantity</con:name>
          <con:value>1</con:value>
        </con:property>
        <con:property>
          <con:name>req_startSerialNumber</con:name>
          <con:value>0</con:value>
        </con:property>
        <con:property>
          <con:name>req_serialText</con:name>
          <con:value>serialNumber-${=java.util.UUID.randomUUID()}</con:value>
        </con:property>
        <con:property>
          <con:name>req_endSerialNumber</con:name>
          <con:value>0</con:value>
        </con:property>
        <con:property>
          <con:name>req_userId</con:name>
          <con:value>391</con:value>
        </con:property>
        <con:property>
          <con:name>req_soId</con:name>
          <con:value>389</con:value>
        </con:property>
        <con:property>
          <con:name>res_code</con:name>
          <con:value>201</con:value>
        </con:property>
        <con:property>
          <con:name>req_biId</con:name>
          <con:value>12381</con:value>
        </con:property>
        <con:property>
          <con:name>req_placeId</con:name>
          <con:value>198</con:value>
        </con:property>
        <con:property>
          <con:name>res_errorMessage</con:name>
          <con:value xsi:nil="true"/>
        </con:property>
      </con:properties>
      <con:returnProperties>
        <con:entry>res_code</con:entry>
        <con:entry>res_errorMessage</con:entry>
      </con:returnProperties>
      <con:runMode>PARALLELL</con:runMode>
    </con:config>
  </con:testStep>
  <con:testStep type="assertionteststep" name="Assertion Add serialized without range stock item static values" id="5363cbed-db90-4dc0-8803-77efb315e6eb">
    <con:settings/>
    <con:config xsi:type="con:AssertionTestStep" xmlns:xsi="http://www.w3.org/2001/XMLSchema-instance">
      <con:entry>
        <con:id>8abd40f8-7322-4edd-889b-720d3c46cee8</con:id>
        <con:isGroup>false</con:isGroup>
        <con:sourceId>3ee7bec3-6e77-427e-9eed-1e28bfb3fc40</con:sourceId>
        <con:propertyName>res_code</con:propertyName>
        <con:assertion type="Simple Equals" name="Equals" id="b8216dd4-833f-4ca2-bc9b-941eead0908e">
          <con:configuration>
            <patternObjectId>f76519cf-133d-40b7-a12d-0c647a3bbbd1</patternObjectId>
            <patternProperty>httpCode201</patternProperty>
            <caseSensitive>true</caseSensitive>
          </con:configuration>
        </con:assertion>
      </con:entry>
    </con:config>
  </con:testStep>
  <con:testStep type="datasource" name="DataSource for serialized without range product creation" id="01be6d8d-c849-45b2-9241-fefbc9c014ba">
    <con:settings/>
    <con:config xsi:type="con:DataSourceStep" xmlns:xsi="http://www.w3.org/2001/XMLSchema-instance">
      <con:dataSource type="Grid">
        <con:configuration>
          <check>&lt;con:entry xmlns:con="http://eviware.com/soapui/config">true&lt;/con:entry></check>
          <row><![CDATA[<xml-fragment><con:entry xmlns:con="http://eviware.com/soapui/config">EXT-GALAXYNOTE4-1 4.7' 32GB M10</con:entry><con:entry xmlns:con="http://eviware.com/soapui/config">EXT-GALAXYNOTE4-1</con:entry><con:entry xmlns:con="http://eviware.com/soapui/config">CODE-GALAXYNOTE4-1</con:entry><con:entry xmlns:con="http://eviware.com/soapui/config">1</con:entry><con:entry xmlns:con="http://eviware.com/soapui/config">1</con:entry><con:entry xmlns:con="http://eviware.com/soapui/config">4</con:entry><con:entry xmlns:con="http://eviware.com/soapui/config">2-EXT</con:entry><con:entry xmlns:con="http://eviware.com/soapui/config">5</con:entry><con:entry xmlns:con="http://eviware.com/soapui/config">5-EXT</con:entry><con:entry xmlns:con="http://eviware.com/soapui/config">6</con:entry><con:entry xmlns:con="http://eviware.com/soapui/config">10-EXT</con:entry><con:entry xmlns:con="http://eviware.com/soapui/config"/></xml-fragment>]]></row>
        </con:configuration>
      </con:dataSource>
      <con:property>description</con:property>
      <con:property>prodSpecExtId</con:property>
      <con:property>productSpecCode</con:property>
      <con:property>quantity</con:property>
      <con:property>prodStatus</con:property>
      <con:property>charExtId1</con:property>
      <con:property>charValueExtId1</con:property>
      <con:property>charExtId2</con:property>
      <con:property>charValueExtId2</con:property>
      <con:property>charExtId3</con:property>
      <con:property>charValueExtId3</con:property>
      <con:completeLastOperation>true</con:completeLastOperation>
      <con:restartOnRun>true</con:restartOnRun>
    </con:config>
  </con:testStep>
  <con:testStep type="transfer" name="Set add serialized without range stockIn item" id="d8ff96be-4adb-43bc-86d3-38449359f727">
    <con:settings/>
    <con:config xsi:type="con:PropertyTransfersStep" xmlns:xsi="http://www.w3.org/2001/XMLSchema-instance">
      <con:transfers setNullOnMissingSource="true" transferTextContent="true" failOnError="true" ignoreEmpty="false" transferToAll="false" entitize="false" transferChildNodes="false">
        <con:name>biId</con:name>
        <con:sourceType>biId</con:sourceType>
        <con:sourceStep>Given properties for the test steps</con:sourceStep>
        <con:sourcePath/>
        <con:targetType>req_biId</con:targetType>
        <con:targetStep>Add serialized without range stock item</con:targetStep>
        <con:targetPath/>
        <con:upgraded>true</con:upgraded>
      </con:transfers>
      <con:transfers setNullOnMissingSource="true" transferTextContent="true" failOnError="true" ignoreEmpty="false" transferToAll="false" entitize="false" transferChildNodes="false">
        <con:name>productSpecExtId</con:name>
        <con:sourceType>prodSpecExtId</con:sourceType>
        <con:sourceStep>DataSource for serialized without range product creation</con:sourceStep>
        <con:targetType>req_prodSpecExtId</con:targetType>
        <con:targetStep>Add serialized without range stock item</con:targetStep>
        <con:upgraded>true</con:upgraded>
      </con:transfers>
      <con:transfers setNullOnMissingSource="true" transferTextContent="true" failOnError="true" ignoreEmpty="false" transferToAll="false" entitize="false" transferChildNodes="false">
        <con:name>placeId</con:name>
        <con:sourceType>placeId</con:sourceType>
        <con:sourceStep>Given properties for the test steps</con:sourceStep>
        <con:targetType>req_placeId</con:targetType>
        <con:targetStep>Add serialized without range stock item</con:targetStep>
        <con:upgraded>true</con:upgraded>
      </con:transfers>
      <con:transfers setNullOnMissingSource="true" transferTextContent="true" failOnError="true" ignoreEmpty="false" transferToAll="false" entitize="false" transferChildNodes="false">
        <con:name>productStatus</con:name>
        <con:sourceType>prodStatus</con:sourceType>
        <con:sourceStep>DataSource for serialized without range product creation</con:sourceStep>
        <con:targetType>req_prodStatus</con:targetType>
        <con:targetStep>Add serialized without range stock item</con:targetStep>
        <con:upgraded>true</con:upgraded>
      </con:transfers>
      <con:transfers setNullOnMissingSource="true" transferTextContent="true" failOnError="true" ignoreEmpty="false" transferToAll="false" entitize="false" transferChildNodes="false">
        <con:name>description</con:name>
        <con:sourceType>productDesc</con:sourceType>
        <con:sourceStep>Given properties for the test steps</con:sourceStep>
        <con:targetType>req_description</con:targetType>
        <con:targetStep>Add serialized without range stock item</con:targetStep>
        <con:upgraded>true</con:upgraded>
      </con:transfers>
      <con:transfers setNullOnMissingSource="true" transferTextContent="true" failOnError="true" ignoreEmpty="false" transferToAll="false" entitize="false" transferChildNodes="false">
        <con:name>serialText</con:name>
        <con:sourceType>serialNumber</con:sourceType>
        <con:sourceStep>Given properties for the test steps</con:sourceStep>
        <con:targetType>req_serialText</con:targetType>
        <con:targetStep>Add serialized without range stock item</con:targetStep>
        <con:upgraded>true</con:upgraded>
      </con:transfers>
      <con:transfers setNullOnMissingSource="true" transferTextContent="true" failOnError="true" ignoreEmpty="false" transferToAll="false" entitize="false" transferChildNodes="false">
        <con:name>charExtId1</con:name>
        <con:sourceType>charExtId1</con:sourceType>
        <con:sourceStep>DataSource for serialized without range product creation</con:sourceStep>
        <con:targetType>req_charExtId1</con:targetType>
        <con:targetStep>Add serialized without range stock item</con:targetStep>
        <con:upgraded>true</con:upgraded>
      </con:transfers>
      <con:transfers setNullOnMissingSource="true" transferTextContent="true" failOnError="true" ignoreEmpty="false" transferToAll="false" entitize="false" transferChildNodes="false">
        <con:name>charExtId2</con:name>
        <con:sourceType>charExtId2</con:sourceType>
        <con:sourceStep>DataSource for serialized without range product creation</con:sourceStep>
        <con:targetType>req_charExtId2</con:targetType>
        <con:targetStep>Add serialized without range stock item</con:targetStep>
        <con:upgraded>true</con:upgraded>
      </con:transfers>
      <con:transfers setNullOnMissingSource="true" transferTextContent="true" failOnError="true" ignoreEmpty="false" transferToAll="false" entitize="false" transferChildNodes="false">
        <con:name>charExtId3</con:name>
        <con:sourceType>charExtId3</con:sourceType>
        <con:sourceStep>DataSource for serialized without range product creation</con:sourceStep>
        <con:targetType>req_charExtId3</con:targetType>
        <con:targetStep>Add serialized without range stock item</con:targetStep>
        <con:upgraded>true</con:upgraded>
      </con:transfers>
      <con:transfers setNullOnMissingSource="true" transferTextContent="true" failOnError="true" ignoreEmpty="false" transferToAll="false" entitize="false" transferChildNodes="false">
        <con:name>charValueExtId1</con:name>
        <con:sourceType>charValueExtId1</con:sourceType>
        <con:sourceStep>DataSource for serialized without range product creation</con:sourceStep>
        <con:targetType>req_charValueExtId1</con:targetType>
        <con:targetStep>Add serialized without range stock item</con:targetStep>
        <con:upgraded>true</con:upgraded>
      </con:transfers>
      <con:transfers setNullOnMissingSource="true" transferTextContent="true" failOnError="true" ignoreEmpty="false" transferToAll="false" entitize="false" transferChildNodes="false">
        <con:name>charValueExtId2</con:name>
        <con:sourceType>charValueExtId2</con:sourceType>
        <con:sourceStep>DataSource for serialized without range product creation</con:sourceStep>
        <con:targetType>req_charValueExtId2</con:targetType>
        <con:targetStep>Add serialized without range stock item</con:targetStep>
        <con:upgraded>true</con:upgraded>
      </con:transfers>
      <con:transfers setNullOnMissingSource="true" transferTextContent="true" failOnError="true" ignoreEmpty="false" transferToAll="false" entitize="false" transferChildNodes="false">
        <con:name>charValueExtId3</con:name>
        <con:sourceType>charValueExtId3</con:sourceType>
        <con:sourceStep>DataSource for serialized without range product creation</con:sourceStep>
        <con:targetType>req_charValueExtId3</con:targetType>
        <con:targetStep>Add serialized without range stock item</con:targetStep>
        <con:upgraded>true</con:upgraded>
      </con:transfers>
    </con:config>
  </con:testStep>
  <con:testStep type="calltestcase" name="Add serialized without range stock item" id="12a958f1-0cec-402e-9e3d-c11a81fb7fb8">
    <con:settings/>
    <con:config xsi:type="con:RunTestCaseStep" xmlns:xsi="http://www.w3.org/2001/XMLSchema-instance">
      <con:targetTestCase>817eed1d-b20d-48e7-ade2-9994637cee9d</con:targetTestCase>
      <con:properties>
        <con:property>
          <con:name>req_biId</con:name>
          <con:value>12381</con:value>
        </con:property>
        <con:property>
          <con:name>req_prodSpecExtId</con:name>
          <con:value>EXT-GALAXYNOTE4-1</con:value>
        </con:property>
        <con:property>
          <con:name>req_placeId</con:name>
          <con:value>198</con:value>
        </con:property>
        <con:property>
          <con:name>req_prodStatus</con:name>
          <con:value>1</con:value>
        </con:property>
        <con:property>
          <con:name>req_description</con:name>
          <con:value>productDesc-${=java.util.UUID.randomUUID()}</con:value>
        </con:property>
        <con:property>
          <con:name>req_charExtId1</con:name>
          <con:value>4</con:value>
        </con:property>
        <con:property>
          <con:name>req_charValueExtId1</con:name>
          <con:value>2-EXT</con:value>
        </con:property>
        <con:property>
          <con:name>req_charExtId2</con:name>
          <con:value>5</con:value>
        </con:property>
        <con:property>
          <con:name>req_charValueExtId2</con:name>
          <con:value>5-EXT</con:value>
        </con:property>
        <con:property>
          <con:name>req_charExtId3</con:name>
          <con:value>6</con:value>
        </con:property>
        <con:property>
          <con:name>req_charValueExtId3</con:name>
          <con:value>10-EXT</con:value>
        </con:property>
        <con:property>
          <con:name>req_serialText</con:name>
          <con:value>serialNumber-${=java.util.UUID.randomUUID()}</con:value>
        </con:property>
        <con:property>
          <con:name>res_itemId</con:name>
          <con:value>1894</con:value>
        </con:property>
        <con:property>
          <con:name>res_code</con:name>
          <con:value xsi:nil="true"/>
        </con:property>
        <con:property>
          <con:name>res_errorMessage</con:name>
          <con:value xsi:nil="true"/>
        </con:property>
        <con:property>
          <con:name>req_batchId</con:name>
        </con:property>
      </con:properties>
      <con:returnProperties>
        <con:entry>res_itemId</con:entry>
        <con:entry>res_code</con:entry>
        <con:entry>res_errorMessage</con:entry>
      </con:returnProperties>
      <con:runMode>PARALLELL</con:runMode>
    </con:config>
  </con:testStep>
  <con:testStep type="assertionteststep" name="Assertion add serialized without range stock item" id="9e151165-8d91-4e45-ac99-6982cb9cbf01">
    <con:settings/>
    <con:config xsi:type="con:AssertionTestStep" xmlns:xsi="http://www.w3.org/2001/XMLSchema-instance">
      <con:entry>
        <con:id>1a52405c-8f43-4342-a387-b5ff773cc68f</con:id>
        <con:isGroup>false</con:isGroup>
        <con:sourceId>12a958f1-0cec-402e-9e3d-c11a81fb7fb8</con:sourceId>
        <con:propertyName>res_itemId</con:propertyName>
        <con:assertion type="Simple Contains" name="Contains" id="c2952cb7-2be0-468e-a030-ee0565d7ae13">
          <con:configuration>
            <token>\d+</token>
            <ignoreCase>false</ignoreCase>
            <useRegEx>true</useRegEx>
          </con:configuration>
        </con:assertion>
      </con:entry>
    </con:config>
  </con:testStep>
  <con:testStep type="transfer" name="Property Transfer 2" id="20a094b3-efa9-4f06-ab64-69e6a9710aad">
    <con:settings/>
    <con:config xsi:type="con:PropertyTransfersStep" xmlns:xsi="http://www.w3.org/2001/XMLSchema-instance">
      <con:transfers setNullOnMissingSource="true" transferTextContent="true" failOnError="true" ignoreEmpty="false" transferToAll="false" entitize="false" transferChildNodes="false">
        <con:name>biId</con:name>
        <con:sourceType>res_biId</con:sourceType>
        <con:sourceStep>Submit stockIn item success</con:sourceStep>
        <con:sourcePath/>
        <con:targetType>req_biId</con:targetType>
        <con:targetStep>Cannot delete bi item with non-existing item id</con:targetStep>
        <con:targetPath/>
        <con:upgraded>true</con:upgraded>
      </con:transfers>
      <con:transfers setNullOnMissingSource="true" transferTextContent="true" failOnError="true" ignoreEmpty="false" transferToAll="false" entitize="false" transferChildNodes="false">
        <con:name>non-existingItemId</con:name>
        <con:sourceType>zero</con:sourceType>
        <con:sourceStep>Given properties for the test steps</con:sourceStep>
        <con:targetType>req_biItemId</con:targetType>
        <con:targetStep>Cannot delete bi item with non-existing item id</con:targetStep>
        <con:upgraded>true</con:upgraded>
      </con:transfers>
    </con:config>
  </con:testStep>
  <con:testStep type="calltestcase" name="Cannot delete bi item with non-existing item id" id="0cf1c484-d1af-4043-808f-caeb0e39bbdf">
    <con:settings/>
    <con:config xsi:type="con:RunTestCaseStep" xmlns:xsi="http://www.w3.org/2001/XMLSchema-instance">
      <con:targetTestCase>5f873fcd-878d-4a6d-ba42-258a63192853</con:targetTestCase>
      <con:properties>
        <con:property>
          <con:name>req_biId</con:name>
          <con:value>311</con:value>
        </con:property>
        <con:property>
          <con:name>req_biItemId</con:name>
          <con:value>0</con:value>
        </con:property>
        <con:property>
          <con:name>res_biItemId</con:name>
          <con:value xsi:nil="true"/>
        </con:property>
        <con:property>
          <con:name>res_code</con:name>
          <con:value>400</con:value>
        </con:property>
        <con:property>
          <con:name>res_errorMessage</con:name>
        </con:property>
      </con:properties>
      <con:returnProperties>
        <con:entry>res_biItemId</con:entry>
        <con:entry>res_code</con:entry>
      </con:returnProperties>
      <con:runMode>PARALLELL</con:runMode>
    </con:config>
  </con:testStep>
  <con:testStep type="assertionteststep" name="Assertion non-existing bi item id cannot delete" id="12b00584-b738-4ef6-8417-65f552b83346">
    <con:settings/>
    <con:config xsi:type="con:AssertionTestStep" xmlns:xsi="http://www.w3.org/2001/XMLSchema-instance">
      <con:entry>
        <con:id>b3048394-8fb0-4428-944d-171f4dd20f69</con:id>
        <con:isGroup>false</con:isGroup>
        <con:sourceId>0cf1c484-d1af-4043-808f-caeb0e39bbdf</con:sourceId>
        <con:propertyName>res_code</con:propertyName>
        <con:assertion type="Simple Equals" name="Equals" id="dab9eeee-68cd-4539-9d56-ffde63f68579">
          <con:configuration>
            <patternObjectId>f76519cf-133d-40b7-a12d-0c647a3bbbd1</patternObjectId>
            <patternProperty>httpCode400</patternProperty>
            <caseSensitive>true</caseSensitive>
          </con:configuration>
        </con:assertion>
      </con:entry>
      <con:entry>
        <con:id>54684f92-ff7d-4c8e-aec4-e306f4861fad</con:id>
        <con:isGroup>false</con:isGroup>
        <con:sourceId>0cf1c484-d1af-4043-808f-caeb0e39bbdf</con:sourceId>
        <con:propertyName>res_biItemId</con:propertyName>
        <con:assertion type="Simple Contains" name="Contains" id="331e9097-21b5-4b36-9df9-a1da78498756">
          <con:configuration>
            <token>^\s*$</token>
            <ignoreCase>false</ignoreCase>
            <useRegEx>true</useRegEx>
          </con:configuration>
        </con:assertion>
      </con:entry>
    </con:config>
  </con:testStep>
  <con:testStep type="transfer" name="Set submit stockIn item success" id="328eaa2e-a02b-4992-b3ab-efc362064144">
    <con:settings/>
    <con:config xsi:type="con:PropertyTransfersStep" xmlns:xsi="http://www.w3.org/2001/XMLSchema-instance">
      <con:transfers setNullOnMissingSource="true" transferTextContent="true" failOnError="true" ignoreEmpty="false" transferToAll="false" entitize="false" transferChildNodes="false">
        <con:name>biId</con:name>
        <con:sourceType>biId</con:sourceType>
        <con:sourceStep>Given properties for the test steps</con:sourceStep>
        <con:sourcePath/>
        <con:targetType>req_biId</con:targetType>
        <con:targetStep>Submit stockIn item success</con:targetStep>
        <con:targetPath/>
        <con:upgraded>true</con:upgraded>
      </con:transfers>
    </con:config>
  </con:testStep>
  <con:testStep type="calltestcase" name="Submit stockIn item success" id="4f26fd0f-5d90-4c78-8b58-8f4398388dc5">
    <con:settings/>
    <con:config xsi:type="con:RunTestCaseStep" xmlns:xsi="http://www.w3.org/2001/XMLSchema-instance">
      <con:targetTestCase>c6afe465-b867-4e9f-9e55-596671d41d0a</con:targetTestCase>
      <con:properties>
        <con:property>
          <con:name>req_biId</con:name>
          <con:value>12381</con:value>
        </con:property>
        <con:property>
          <con:name>res_biId</con:name>
          <con:value>12381</con:value>
        </con:property>
        <con:property>
          <con:name>res_code</con:name>
          <con:value xsi:nil="true"/>
        </con:property>
        <con:property>
          <con:name>res_errorMessage</con:name>
          <con:value xsi:nil="true"/>
        </con:property>
        <con:property>
          <con:name>res_httpStatusCode</con:name>
        </con:property>
      </con:properties>
      <con:returnProperties>
        <con:entry>res_biId</con:entry>
        <con:entry>res_code</con:entry>
        <con:entry>res_errorMessage</con:entry>
      </con:returnProperties>
      <con:runMode>PARALLELL</con:runMode>
    </con:config>
  </con:testStep>
  <con:testStep type="assertionteststep" name="Assertion submit stockIn item success" id="8deb21a8-6ca4-4160-9992-3695dae5fbce">
    <con:settings/>
    <con:config xsi:type="con:AssertionTestStep" xmlns:xsi="http://www.w3.org/2001/XMLSchema-instance">
      <con:entry>
        <con:id>10c255ff-2089-4202-b072-96fa52c88204</con:id>
        <con:isGroup>false</con:isGroup>
        <con:sourceId>4f26fd0f-5d90-4c78-8b58-8f4398388dc5</con:sourceId>
        <con:propertyName>res_biId</con:propertyName>
        <con:assertion type="Simple Contains" name="Contains" id="9683d4cf-a2aa-4854-bc36-ad6603420a8a">
          <con:configuration>
            <token>\d+</token>
            <ignoreCase>false</ignoreCase>
            <useRegEx>true</useRegEx>
          </con:configuration>
        </con:assertion>
      </con:entry>
    </con:config>
  </con:testStep>
  <con:testStep type="transfer" name="Property Transfer nonExisting biId" id="ad2ce825-64d9-42fc-a528-cfb5ff15c8ec">
    <con:settings/>
    <con:config xsi:type="con:PropertyTransfersStep" xmlns:xsi="http://www.w3.org/2001/XMLSchema-instance">
      <con:transfers setNullOnMissingSource="true" transferTextContent="true" failOnError="true" ignoreEmpty="false" transferToAll="false" entitize="false" transferChildNodes="false">
        <con:name>biId</con:name>
        <con:sourceType>negative</con:sourceType>
        <con:sourceStep>Given properties for the test steps</con:sourceStep>
        <con:sourcePath/>
        <con:targetType>req_biId</con:targetType>
        <con:targetStep>Get stock in bi single item nonExisting biId</con:targetStep>
        <con:targetPath/>
        <con:upgraded>true</con:upgraded>
      </con:transfers>
      <con:transfers setNullOnMissingSource="true" transferTextContent="true" failOnError="true" ignoreEmpty="false" transferToAll="false" entitize="false" transferChildNodes="false">
        <con:name>itemId</con:name>
        <con:sourceType>res_itemId</con:sourceType>
        <con:sourceStep>Add serialized stockIn item</con:sourceStep>
        <con:targetType>req_itemId</con:targetType>
        <con:targetStep>Get stock in bi single item nonExisting biId</con:targetStep>
        <con:upgraded>true</con:upgraded>
      </con:transfers>
    </con:config>
  </con:testStep>
  <con:testStep type="calltestcase" name="Get stock in bi single item nonExisting biId" id="6ff3bcc8-f9dd-449c-b7bf-9462493344c4">
    <con:settings/>
    <con:config xsi:type="con:RunTestCaseStep" xmlns:xsi="http://www.w3.org/2001/XMLSchema-instance">
      <con:targetTestCase>ad5c4a55-bfcd-41e6-8385-ebbb4b17c99c</con:targetTestCase>
      <con:properties>
        <con:property>
          <con:name>req_biId</con:name>
          <con:value>-1</con:value>
        </con:property>
        <con:property>
          <con:name>req_itemId</con:name>
          <con:value>1890</con:value>
        </con:property>
        <con:property>
          <con:name>res_errorMessage</con:name>
          <con:value>404</con:value>
        </con:property>
        <con:property>
          <con:name>res_httpStatusCode</con:name>
          <con:value>404</con:value>
        </con:property>
        <con:property>
          <con:name>res_itemId</con:name>
          <con:value xsi:nil="true"/>
        </con:property>
        <con:property>
          <con:name>res_lockerBiId</con:name>
          <con:value xsi:nil="true"/>
        </con:property>
      </con:properties>
      <con:returnProperties>
        <con:entry>res_errorMessage</con:entry>
        <con:entry>res_httpStatusCode</con:entry>
        <con:entry>res_itemId</con:entry>
        <con:entry>res_lockerBiId</con:entry>
      </con:returnProperties>
      <con:runMode>PARALLELL</con:runMode>
    </con:config>
  </con:testStep>
  <con:testStep type="assertionteststep" name="Assertion stock in bi single item displayed nonExisting biId" id="2a14e80a-e85c-4e9c-b6e4-b408424bec90">
    <con:settings/>
    <con:config xsi:type="con:AssertionTestStep" xmlns:xsi="http://www.w3.org/2001/XMLSchema-instance">
      <con:entry>
        <con:id>19a1789a-fb25-4782-8501-b1c916e1dfbf</con:id>
        <con:isGroup>false</con:isGroup>
        <con:sourceId>f76519cf-133d-40b7-a12d-0c647a3bbbd1</con:sourceId>
        <con:propertyName>httpCode404</con:propertyName>
        <con:assertion type="Simple Equals" name="Equals" id="030e8fe0-019a-42c5-8dcb-a17b2dcf36a6">
          <con:configuration>
            <patternObjectId>6ff3bcc8-f9dd-449c-b7bf-9462493344c4</patternObjectId>
            <patternProperty>res_httpStatusCode</patternProperty>
            <caseSensitive>true</caseSensitive>
          </con:configuration>
        </con:assertion>
      </con:entry>
      <con:entry>
        <con:id>703d47b1-14c7-42ed-a455-d49c1fff89a1</con:id>
        <con:isGroup>false</con:isGroup>
        <con:sourceId>f76519cf-133d-40b7-a12d-0c647a3bbbd1</con:sourceId>
        <con:propertyName>httpCode404</con:propertyName>
        <con:assertion type="Simple Equals" name="Equals 2" id="15a12350-1af6-4ca9-bf5c-c493b603431a">
          <con:configuration>
            <patternObjectId>6ff3bcc8-f9dd-449c-b7bf-9462493344c4</patternObjectId>
            <patternProperty>res_errorMessage</patternProperty>
            <caseSensitive>true</caseSensitive>
          </con:configuration>
        </con:assertion>
      </con:entry>
    </con:config>
  </con:testStep>
  <con:testStep type="transfer" name="Property Transfer" id="a5ddbedc-a2d2-48d6-9638-d788804949b1">
    <con:settings/>
    <con:config xsi:type="con:PropertyTransfersStep" xmlns:xsi="http://www.w3.org/2001/XMLSchema-instance">
      <con:transfers setNullOnMissingSource="true" transferTextContent="true" failOnError="true" ignoreEmpty="false" transferToAll="false" entitize="false" transferChildNodes="false">
        <con:name>biId</con:name>
        <con:sourceType>res_biId</con:sourceType>
        <con:sourceStep>Create stockIn interaction success 8</con:sourceStep>
        <con:sourcePath/>
        <con:targetType>req_biId</con:targetType>
        <con:targetStep>Get stock in bi single item</con:targetStep>
        <con:targetPath/>
        <con:upgraded>true</con:upgraded>
      </con:transfers>
      <con:transfers setNullOnMissingSource="true" transferTextContent="true" failOnError="true" ignoreEmpty="false" transferToAll="false" entitize="false" transferChildNodes="false">
        <con:name>itemId</con:name>
        <con:sourceType>res_itemId</con:sourceType>
        <con:sourceStep>Add serialized stockIn item</con:sourceStep>
        <con:targetType>req_itemId</con:targetType>
        <con:targetStep>Get stock in bi single item</con:targetStep>
        <con:upgraded>true</con:upgraded>
      </con:transfers>
    </con:config>
  </con:testStep>
  <con:testStep type="calltestcase" name="Get stock in bi single item" id="9b9bd77c-075b-4a6f-91a1-a4800e6ac640">
    <con:settings/>
    <con:config xsi:type="con:RunTestCaseStep" xmlns:xsi="http://www.w3.org/2001/XMLSchema-instance">
      <con:targetTestCase>ad5c4a55-bfcd-41e6-8385-ebbb4b17c99c</con:targetTestCase>
      <con:properties>
        <con:property>
          <con:name>req_biId</con:name>
          <con:value>12381</con:value>
        </con:property>
        <con:property>
          <con:name>req_itemId</con:name>
          <con:value>1890</con:value>
        </con:property>
        <con:property>
          <con:name>res_errorMessage</con:name>
          <con:value xsi:nil="true"/>
        </con:property>
        <con:property>
          <con:name>res_httpStatusCode</con:name>
          <con:value>200</con:value>
        </con:property>
        <con:property>
          <con:name>res_itemId</con:name>
          <con:value>1890</con:value>
        </con:property>
        <con:property>
          <con:name>res_lockerBiId</con:name>
          <con:value xsi:nil="true"/>
        </con:property>
      </con:properties>
      <con:returnProperties>
        <con:entry>res_errorMessage</con:entry>
        <con:entry>res_httpStatusCode</con:entry>
        <con:entry>res_itemId</con:entry>
        <con:entry>res_lockerBiId</con:entry>
      </con:returnProperties>
      <con:runMode>PARALLELL</con:runMode>
    </con:config>
  </con:testStep>
  <con:testStep type="assertionteststep" name="Assertion stock in bi single item displayed successfully" id="39b85953-0e69-42d7-90e6-eb93797132e0">
    <con:settings/>
    <con:config xsi:type="con:AssertionTestStep" xmlns:xsi="http://www.w3.org/2001/XMLSchema-instance">
      <con:entry>
        <con:id>38773393-544f-4be0-a69d-b7327cc9f82c</con:id>
        <con:isGroup>false</con:isGroup>
        <con:sourceId>9b9bd77c-075b-4a6f-91a1-a4800e6ac640</con:sourceId>
        <con:propertyName>res_itemId</con:propertyName>
        <con:assertion type="Simple Equals" name="Equals" id="5d4c4870-1bed-46ee-8455-826aabcb429f">
          <con:configuration>
            <patternObjectId>9b9bd77c-075b-4a6f-91a1-a4800e6ac640</patternObjectId>
            <patternProperty>req_itemId</patternProperty>
            <caseSensitive>true</caseSensitive>
          </con:configuration>
        </con:assertion>
      </con:entry>
      <con:entry>
        <con:id>f6effd60-b154-41d1-849e-def534779230</con:id>
        <con:isGroup>false</con:isGroup>
        <con:sourceId>9b9bd77c-075b-4a6f-91a1-a4800e6ac640</con:sourceId>
        <con:propertyName>res_httpStatusCode</con:propertyName>
        <con:assertion type="Simple Equals" name="Equals 2" id="103bc2a7-8006-4447-84a0-341bcf478279">
          <con:configuration>
            <patternObjectId>f76519cf-133d-40b7-a12d-0c647a3bbbd1</patternObjectId>
            <patternProperty>httpCode200</patternProperty>
            <caseSensitive>true</caseSensitive>
          </con:configuration>
        </con:assertion>
      </con:entry>
    </con:config>
  </con:testStep>
  <con:testStep type="transfer" name="Set display stockIn bi" id="51ad369c-2616-435c-b10b-2d8915195387">
    <con:settings/>
    <con:config xsi:type="con:PropertyTransfersStep" xmlns:xsi="http://www.w3.org/2001/XMLSchema-instance">
      <con:transfers setNullOnMissingSource="true" transferTextContent="true" failOnError="true" ignoreEmpty="false" transferToAll="false" entitize="false" transferChildNodes="false">
        <con:name>biId</con:name>
        <con:sourceType>biId</con:sourceType>
        <con:sourceStep>Given properties for the test steps</con:sourceStep>
        <con:sourcePath/>
        <con:targetType>req_biId</con:targetType>
        <con:targetStep>Display stockIn bi</con:targetStep>
        <con:targetPath/>
        <con:upgraded>true</con:upgraded>
      </con:transfers>
    </con:config>
  </con:testStep>
  <con:testStep type="calltestcase" name="Display stockIn bi" id="bee4dc1a-26f9-42e7-9532-60e07a24a7f5">
    <con:settings/>
    <con:config xsi:type="con:RunTestCaseStep" xmlns:xsi="http://www.w3.org/2001/XMLSchema-instance">
      <con:targetTestCase>23c105c1-e15f-4ce4-8f04-c5a3f5541b68</con:targetTestCase>
      <con:properties>
        <con:property>
          <con:name>req_biId</con:name>
          <con:value>12381</con:value>
        </con:property>
        <con:property>
          <con:name>res_stockInBI</con:name>
          <con:value>{"businessInteractionType":1,"code":"STI-12381","description":"Stock In at [name-so-344367ce-7b20-49cd-bb17-8144c7945821] by [John Smith]","mainState":"Closed","state":"Closed","createdDate":"2018-03-13T11:28:14.339Z","preventUpdateFromOtherSystem":false,"id":"12381"}</con:value>
        </con:property>
        <con:property>
          <con:name>res_biId</con:name>
          <con:value>12381</con:value>
        </con:property>
        <con:property>
          <con:name>res_state</con:name>
          <con:value>Closed</con:value>
        </con:property>
        <con:property>
          <con:name>res_mainState</con:name>
          <con:value>Closed</con:value>
        </con:property>
        <con:property>
          <con:name>res_errorMessage</con:name>
        </con:property>
        <con:property>
          <con:name>res_httpStatusCode</con:name>
        </con:property>
      </con:properties>
      <con:returnProperties>
        <con:entry>res_stockInBI</con:entry>
        <con:entry>res_biId</con:entry>
        <con:entry>res_state</con:entry>
        <con:entry>res_mainState</con:entry>
      </con:returnProperties>
      <con:runMode>PARALLELL</con:runMode>
    </con:config>
  </con:testStep>
  <con:testStep type="assertionteststep" name="Assertion display stockIn bi" id="250fb361-a1ce-40c1-b41f-8a890f542800">
    <con:settings/>
    <con:config xsi:type="con:AssertionTestStep" xmlns:xsi="http://www.w3.org/2001/XMLSchema-instance">
      <con:entry>
        <con:id>0d977b7d-8bec-4249-b520-501ea9e8df37</con:id>
        <con:isGroup>false</con:isGroup>
        <con:sourceId>bee4dc1a-26f9-42e7-9532-60e07a24a7f5</con:sourceId>
        <con:propertyName>res_state</con:propertyName>
        <con:assertion type="Simple Equals" name="Equals" id="0a170328-69f8-45b6-88ad-ae60e7f21924">
          <con:configuration>
            <patternObjectId>f76519cf-133d-40b7-a12d-0c647a3bbbd1</patternObjectId>
            <patternProperty>stateClosed</patternProperty>
            <caseSensitive>true</caseSensitive>
          </con:configuration>
        </con:assertion>
      </con:entry>
      <con:entry>
        <con:id>7b92b6c5-0b3e-435e-9a55-ca5b233436d6</con:id>
        <con:isGroup>false</con:isGroup>
        <con:sourceId>bee4dc1a-26f9-42e7-9532-60e07a24a7f5</con:sourceId>
        <con:propertyName>res_mainState</con:propertyName>
        <con:assertion type="Simple Equals" name="Equals 2" id="aa103266-0273-4868-a1f6-06d35029d9b6">
          <con:configuration>
            <patternObjectId>f76519cf-133d-40b7-a12d-0c647a3bbbd1</patternObjectId>
            <patternProperty>stateClosed</patternProperty>
            <caseSensitive>true</caseSensitive>
          </con:configuration>
        </con:assertion>
      </con:entry>
      <con:entry>
        <con:id>360cf5ae-72b4-4c65-88e7-12a55dfa83fa</con:id>
        <con:isGroup>false</con:isGroup>
        <con:sourceId>bee4dc1a-26f9-42e7-9532-60e07a24a7f5</con:sourceId>
        <con:propertyName>res_biId</con:propertyName>
        <con:assertion type="Simple Equals" name="Equals 3" id="58233153-ba29-4d0b-becc-9507f4206bb5">
          <con:configuration>
            <patternObjectId>f76519cf-133d-40b7-a12d-0c647a3bbbd1</patternObjectId>
            <patternProperty>biId</patternProperty>
            <caseSensitive>true</caseSensitive>
          </con:configuration>
        </con:assertion>
      </con:entry>
    </con:config>
  </con:testStep>
  <con:testStep type="transfer" name="Property Transfer 3" id="291e99ef-17e3-428f-ab69-934a6d7b0494">
    <con:settings/>
    <con:config xsi:type="con:PropertyTransfersStep" xmlns:xsi="http://www.w3.org/2001/XMLSchema-instance">
      <con:transfers setNullOnMissingSource="true" transferTextContent="true" failOnError="true" ignoreEmpty="false" transferToAll="false" entitize="false" transferChildNodes="false">
        <con:name>biId</con:name>
        <con:sourceType>res_biId</con:sourceType>
        <con:sourceStep>Submit stockIn item success</con:sourceStep>
        <con:sourcePath/>
        <con:targetType>req_biId</con:targetType>
        <con:targetStep>Display stock in bi's all items</con:targetStep>
        <con:targetPath/>
        <con:upgraded>true</con:upgraded>
      </con:transfers>
    </con:config>
  </con:testStep>
  <con:testStep type="calltestcase" name="Display stock in bi's all items" id="46e9696e-f247-4b49-a3eb-d2abf04a5569">
    <con:settings/>
    <con:config xsi:type="con:RunTestCaseStep" xmlns:xsi="http://www.w3.org/2001/XMLSchema-instance">
      <con:targetTestCase>9566acc5-02d7-47a1-a122-e69eb6f6959d</con:targetTestCase>
      <con:properties>
        <con:property>
          <con:name>res_stockInBIItems</con:name>
          <con:value>[{"productInformation":{"quantity":368,"status":"Sellable","isPaired":false,"description":"Mouse Button Count : 1","productSpecification":{"id":"3"}},"id":"1887"},{"productInformation":{"quantity":368,"status":"Sellable","isPaired":false,"description":"Mouse Button Count : 1","productSpecification":{"id":"3"}},"id":"1889"},{"productInformation":{"quantity":368,"status":"Sellable","serialNumberRange":{"start":24815092,"end":24815459},"isPaired":false,"description":"Memory : 32 GB; Processor : A7","productSpecification":{"id":"1"}},"id":"1890"},{"productInformation":{"quantity":1,"status":"Sellable","serialNumber":"serialNumber-6a3260db-c6d8-4a74-8d52-29167e1afb2f","isPaired":false,"description":"Screen Size : 5.4; Memory : 32 GB; Processor : M15","productSpecification":{"id":"2"}},"vendorName":"eeee","id":"1892"},{"productInformation":{"quantity":1,"status":"Sellable","serialNumber":"serialNumber-a6b37c32-6e30-4c68-9ab4-789aede15103","isPaired":false,"description":"Screen Size : 5.4; Memory : 32 GB; Processor : M10","productSpecification":{"id":"2"}},"id":"1894"}]</con:value>
        </con:property>
        <con:property>
          <con:name>req_biId</con:name>
          <con:value>12381</con:value>
        </con:property>
      </con:properties>
      <con:returnProperties>
        <con:entry>res_stockInBIItems</con:entry>
      </con:returnProperties>
      <con:runMode>PARALLELL</con:runMode>
    </con:config>
  </con:testStep>
  <con:testStep type="datagen" name="DataGen for displayed product information" id="ae0bbd66-bd53-4809-90d1-5775411d3460">
    <con:settings/>
    <con:config xsi:type="con:DataGeneratorStep" xmlns:xsi="http://www.w3.org/2001/XMLSchema-instance">
      <con:property type="Script">
        <con:configuration>
          <script>import net.sf.json.groovy.*;

def resBody = context.expand( '${Display stock in bi\'s all items#res_stockInBiItems}' );
def itemId = context.expand( '${Properties for itemId of nonSerialized#firstRunItemId}' ) as Integer;
def itemId2 = context.expand( '${Properties for itemId of nonSerialized#firstRunItemId}' ) as Integer;
def jsonBody = new JsonSlurper().parseText(resBody);
int count = 0;
//testRunner.testCase.testSteps['Properties for itemId of nonSerialized'].setPropertyValue("firstRunItemId",resId.toString());
for (int i=0; i &lt; jsonBody.size(); i++){
	def id = jsonBody[i].id as Integer;
	
	if ((id == itemId)  || (id == itemId - 10)) {

		count ++;
	}
	if ((id == itemId2) || (id == itemId2 - 10)) {

		count ++;
	}
}
//return count
if (count == 2) return true;
else return false;</script>
        </con:configuration>
        <con:name>isNonserializedProductsListed</con:name>
        <con:mode>STEP</con:mode>
        <con:shared>false</con:shared>
      </con:property>
      <con:property type="Script">
        <con:configuration>
          <script>import net.sf.json.groovy.*;

def resBody = context.expand( '${Display stock in bi\'s all items#res_stockInBiItems}' );
def serializedItemId = context.expand( '${Add serialized stockIn item#res_itemId}' ) as Integer;
def jsonBody = new JsonSlurper().parseText(resBody);

for (int i=0; i &lt; jsonBody.size(); i++){
	def itemId = jsonBody[i].id as Integer;
	
	if ((itemId == serializedItemId)) {
		return true;
	}
}

return false;</script>
        </con:configuration>
        <con:name>isSerializedProductListed</con:name>
        <con:mode>STEP</con:mode>
        <con:shared>false</con:shared>
      </con:property>
      <con:property type="Script">
        <con:configuration>
          <script>import net.sf.json.groovy.*;

def resBody = context.expand( '${Display stock in bi\'s all items#res_stockInBiItems}' );
def serializedWithOutRangeItemId = context.expand( '${Add serialized without range stock item#res_itemId}' ) as Integer;
def jsonBody = new JsonSlurper().parseText(resBody);

for (int i=0; i &lt; jsonBody.size(); i++){
	def itemId = jsonBody[i].id as Integer;
	
	if ((itemId == serializedWithOutRangeItemId)) {
		return true;
	}
}

return false;</script>
        </con:configuration>
        <con:name>isSerializedWithOutRangeProductListed</con:name>
        <con:mode>STEP</con:mode>
        <con:shared>false</con:shared>
      </con:property>
    </con:config>
  </con:testStep>
  <con:testStep type="assertionteststep" name="Assertion stock in bi's all items listed successfully" id="fe8ce311-29c0-4c4f-983f-177514aa1054">
    <con:settings/>
    <con:config xsi:type="con:AssertionTestStep" xmlns:xsi="http://www.w3.org/2001/XMLSchema-instance">
      <con:entry>
        <con:id>0c3f9a0a-32b6-4689-8cad-d3e426ddeb15</con:id>
        <con:isGroup>false</con:isGroup>
        <con:sourceId>ae0bbd66-bd53-4809-90d1-5775411d3460</con:sourceId>
        <con:propertyName>isSerializedWithOutRangeProductListed</con:propertyName>
        <con:assertion type="Simple Equals" name="Equals" id="086afd5c-0fdc-4988-a2fe-50ba73e8a9bc">
          <con:configuration>
            <patternObjectId>f76519cf-133d-40b7-a12d-0c647a3bbbd1</patternObjectId>
            <patternProperty>true</patternProperty>
            <caseSensitive>true</caseSensitive>
          </con:configuration>
        </con:assertion>
      </con:entry>
      <con:entry>
        <con:id>202fe4fb-7c45-45f9-8dbc-b38c4de56fa2</con:id>
        <con:isGroup>false</con:isGroup>
        <con:sourceId>ae0bbd66-bd53-4809-90d1-5775411d3460</con:sourceId>
        <con:propertyName>isSerializedProductListed</con:propertyName>
        <con:assertion type="Simple Equals" name="Equals 2" id="bff5f819-4b29-4905-a9fc-d278c8bb0550">
          <con:configuration>
            <patternObjectId>f76519cf-133d-40b7-a12d-0c647a3bbbd1</patternObjectId>
            <patternProperty>true</patternProperty>
            <caseSensitive>true</caseSensitive>
          </con:configuration>
        </con:assertion>
      </con:entry>
      <con:entry>
        <con:id>c9c4a05e-8fc7-4978-8104-08d38341f831</con:id>
        <con:isGroup>false</con:isGroup>
        <con:sourceId>ae0bbd66-bd53-4809-90d1-5775411d3460</con:sourceId>
        <con:propertyName>isNonserializedProductsListed</con:propertyName>
        <con:assertion type="Simple Equals" name="Equals 3" id="0b4f7fe7-5f4f-412d-b518-354b684f0f57">
          <con:configuration>
            <patternObjectId>f76519cf-133d-40b7-a12d-0c647a3bbbd1</patternObjectId>
            <patternProperty>true</patternProperty>
            <caseSensitive>true</caseSensitive>
          </con:configuration>
        </con:assertion>
      </con:entry>
    </con:config>
  </con:testStep>
  <con:testStep type="datasource" name="DataSource display product" id="ddcce0b2-c605-442e-a31f-bc26ccb3c697">
    <con:settings/>
    <con:config xsi:type="con:DataSourceStep" xmlns:xsi="http://www.w3.org/2001/XMLSchema-instance">
      <con:dataSource type="Grid">
        <con:configuration>
          <check><![CDATA[<xml-fragment><con:entry xmlns:con="http://eviware.com/soapui/config">true</con:entry><con:entry xmlns:con="http://eviware.com/soapui/config">true</con:entry><con:entry xmlns:con="http://eviware.com/soapui/config">true</con:entry></xml-fragment>]]></check>
          <row><![CDATA[<xml-fragment><con:entry xmlns:con="http://eviware.com/soapui/config">${DataSource for nonserialized product creation#productSpecCode}</con:entry><con:entry xmlns:con="http://eviware.com/soapui/config">${DataSource for nonserialized product creation#prodSpecExtId}</con:entry><con:entry xmlns:con="http://eviware.com/soapui/config"/><con:entry xmlns:con="http://eviware.com/soapui/config"/><con:entry xmlns:con="http://eviware.com/soapui/config">${=${Given properties for the test steps#quantity}*2}</con:entry><con:entry xmlns:con="http://eviware.com/soapui/config"/></xml-fragment>]]></row>
          <row><![CDATA[<xml-fragment><con:entry xmlns:con="http://eviware.com/soapui/config">${DataSource for serialized product creation#productSpecCode}</con:entry><con:entry xmlns:con="http://eviware.com/soapui/config">${DataSource for serialized product creation#prodSpecExtId}</con:entry><con:entry xmlns:con="http://eviware.com/soapui/config">${Given properties for the test steps#startSerialNumber}</con:entry><con:entry xmlns:con="http://eviware.com/soapui/config">${Given properties for the test steps#endSerialNumber}</con:entry><con:entry xmlns:con="http://eviware.com/soapui/config">${Given properties for the test steps#quantity}</con:entry><con:entry xmlns:con="http://eviware.com/soapui/config"/></xml-fragment>]]></row>
          <row><![CDATA[<xml-fragment><con:entry xmlns:con="http://eviware.com/soapui/config">${DataSource for serialized without range product creation#productSpecCode}</con:entry><con:entry xmlns:con="http://eviware.com/soapui/config">${DataSource for serialized without range product creation#prodSpecExtId}</con:entry><con:entry xmlns:con="http://eviware.com/soapui/config"/><con:entry xmlns:con="http://eviware.com/soapui/config"/><con:entry xmlns:con="http://eviware.com/soapui/config">${Given properties for the test steps#quantityOne}</con:entry><con:entry xmlns:con="http://eviware.com/soapui/config"/></xml-fragment>]]></row>
        </con:configuration>
      </con:dataSource>
      <con:property>productSpecCode</con:property>
      <con:property>productSpecExtId</con:property>
      <con:property>startSerial</con:property>
      <con:property>endSerial</con:property>
      <con:property>quantity</con:property>
      <con:completeLastOperation>true</con:completeLastOperation>
      <con:restartOnRun>true</con:restartOnRun>
    </con:config>
  </con:testStep>
  <con:testStep type="datagen" name="DataGen product info" id="27d63884-0fa7-40ba-9262-729da422a002">
    <con:settings/>
    <con:config xsi:type="con:DataGeneratorStep" xmlns:xsi="http://www.w3.org/2001/XMLSchema-instance">
      <con:property type="Script">
        <con:configuration>
          <script>int quantity = context.expand( '${DataSource display product#quantity}' ).toInteger();
return quantity;</script>
        </con:configuration>
        <con:name>quantity</con:name>
        <con:mode>STEP</con:mode>
        <con:shared>true</con:shared>
      </con:property>
    </con:config>
  </con:testStep>
  <con:testStep type="transfer" name="Set display stock level" id="ee517e0b-d943-4c5d-a68c-115c105e2d78">
    <con:settings/>
    <con:config xsi:type="con:PropertyTransfersStep" xmlns:xsi="http://www.w3.org/2001/XMLSchema-instance">
      <con:transfers setNullOnMissingSource="true" transferTextContent="true" failOnError="true" ignoreEmpty="false" transferToAll="false" entitize="false" transferChildNodes="false">
        <con:name>placeId</con:name>
        <con:sourceType>placeId</con:sourceType>
        <con:sourceStep>Given properties for the test steps</con:sourceStep>
        <con:targetType>req_placeId</con:targetType>
        <con:targetStep>Display stock level by spec ext id</con:targetStep>
        <con:upgraded>true</con:upgraded>
      </con:transfers>
      <con:transfers setNullOnMissingSource="true" transferTextContent="true" failOnError="false" ignoreEmpty="false" transferToAll="false" entitize="false" transferChildNodes="false">
        <con:name>productSpecExtId</con:name>
        <con:sourceType>productSpecExtId</con:sourceType>
        <con:sourceStep>DataSource display product</con:sourceStep>
        <con:targetType>req_productSpecificationExternalId</con:targetType>
        <con:targetStep>Display stock level by spec ext id</con:targetStep>
        <con:upgraded>true</con:upgraded>
      </con:transfers>
    </con:config>
  </con:testStep>
  <con:testStep type="calltestcase" name="Display stock level by spec ext id" id="c3769851-2723-4f37-9d0b-c129324f2479">
    <con:settings/>
    <con:config xsi:type="con:RunTestCaseStep" xmlns:xsi="http://www.w3.org/2001/XMLSchema-instance">
      <con:targetTestCase>ae70f14b-9b62-4330-9f1f-32535bcddc8b</con:targetTestCase>
      <con:properties>
        <con:property>
          <con:name>req_placeId</con:name>
          <con:value>198</con:value>
        </con:property>
        <con:property>
          <con:name>req_productSpecCode</con:name>
          <con:value xsi:nil="true"/>
        </con:property>
        <con:property>
          <con:name>req_productSpecArticle</con:name>
          <con:value xsi:nil="true"/>
        </con:property>
        <con:property>
          <con:name>req_productStatus</con:name>
          <con:value xsi:nil="true"/>
        </con:property>
        <con:property>
          <con:name>req_includeLocked</con:name>
          <con:value xsi:nil="true"/>
        </con:property>
        <con:property>
          <con:name>req_productSpecificationExternalId</con:name>
          <con:value>${DataSource for serialized without range product creation#prodSpecExtId}</con:value>
        </con:property>
        <con:property>
          <con:name>res_placeId</con:name>
          <con:value>198</con:value>
        </con:property>
        <con:property>
          <con:name>res_productSpecificationId</con:name>
          <con:value>2</con:value>
        </con:property>
        <con:property>
          <con:name>res_productSpecificationExternalId</con:name>
          <con:value>EXT-GALAXYNOTE4-1</con:value>
        </con:property>
        <con:property>
          <con:name>res_quantity</con:name>
          <con:value>1</con:value>
        </con:property>
        <con:property>
          <con:name>res_salesOrganizationId</con:name>
          <con:value>389</con:value>
        </con:property>
        <con:property>
          <con:name>res_totalQuantity</con:name>
          <con:value>1</con:value>
        </con:property>
        <con:property>
          <con:name>res_reservedQuantity</con:name>
          <con:value>0</con:value>
        </con:property>
        <con:property>
          <con:name>req_productId</con:name>
          <con:value xsi:nil="true"/>
        </con:property>
        <con:property>
          <con:name>res_code</con:name>
        </con:property>
        <con:property>
          <con:name>req_productSerialNumber</con:name>
        </con:property>
        <con:property>
          <con:name>req_productSerialText</con:name>
        </con:property>
        <con:property>
          <con:name>req_productSpecificationId</con:name>
        </con:property>
        <con:property>
          <con:name>req_parentSerialNumberText</con:name>
        </con:property>
        <con:property>
          <con:name>req_batchId</con:name>
        </con:property>
        <con:property>
          <con:name>req_country</con:name>
        </con:property>
        <con:property>
          <con:name>req_state</con:name>
        </con:property>
        <con:property>
          <con:name>req_city</con:name>
        </con:property>
        <con:property>
          <con:name>req_regionId</con:name>
        </con:property>
        <con:property>
          <con:name>res_fullResponse</con:name>
        </con:property>
        <con:property>
          <con:name>res_errorMessage</con:name>
        </con:property>
      </con:properties>
      <con:returnProperties>
        <con:entry>res_placeId</con:entry>
        <con:entry>res_productSpecificationId</con:entry>
        <con:entry>res_productSpecificationExternalId</con:entry>
        <con:entry>res_quantity</con:entry>
        <con:entry>res_salesOrganizationId</con:entry>
        <con:entry>res_totalQuantity</con:entry>
        <con:entry>res_reservedQuantity</con:entry>
      </con:returnProperties>
      <con:runMode>PARALLELL</con:runMode>
    </con:config>
  </con:testStep>
  <con:testStep type="assertionteststep" name="Assertion display stock level" id="90372ae8-0145-495c-90b9-45c0e2aa0073">
    <con:settings/>
    <con:config xsi:type="con:AssertionTestStep" xmlns:xsi="http://www.w3.org/2001/XMLSchema-instance">
      <con:entry>
        <con:id>b1107bd7-e106-4f75-80e8-2f4b5ab88b19</con:id>
        <con:isGroup>false</con:isGroup>
        <con:sourceId>c3769851-2723-4f37-9d0b-c129324f2479</con:sourceId>
        <con:propertyName>res_totalQuantity</con:propertyName>
        <con:assertion type="Simple Equals" name="Equals" id="5a191cdb-1594-40a1-9ae9-ae6cef789519">
          <con:configuration>
            <patternObjectId>27d63884-0fa7-40ba-9262-729da422a002</patternObjectId>
            <patternProperty>quantity</patternProperty>
            <caseSensitive>true</caseSensitive>
          </con:configuration>
        </con:assertion>
      </con:entry>
      <con:entry>
        <con:id>7a1467d0-28df-424e-8a82-c8db0e0b878f</con:id>
        <con:isGroup>false</con:isGroup>
        <con:sourceId>c3769851-2723-4f37-9d0b-c129324f2479</con:sourceId>
        <con:propertyName>res_reservedQuantity</con:propertyName>
        <con:assertion type="Simple Equals" name="Equals 2" id="7b376ba1-1c9a-4bac-bfb0-3d382eec2e38">
          <con:configuration>
            <patternObjectId>f76519cf-133d-40b7-a12d-0c647a3bbbd1</patternObjectId>
            <patternProperty>zero</patternProperty>
            <caseSensitive>true</caseSensitive>
          </con:configuration>
        </con:assertion>
      </con:entry>
    </con:config>
  </con:testStep>
  <con:testStep type="transfer" name="Set display product" id="6cbeb78e-1d9f-4be6-bf3f-409b57060cf9">
    <con:settings/>
    <con:config xsi:type="con:PropertyTransfersStep" xmlns:xsi="http://www.w3.org/2001/XMLSchema-instance">
      <con:transfers setNullOnMissingSource="true" transferTextContent="true" failOnError="true" ignoreEmpty="false" transferToAll="false" entitize="false" transferChildNodes="false">
        <con:name>placeId</con:name>
        <con:sourceType>placeId</con:sourceType>
        <con:sourceStep>Given properties for the test steps</con:sourceStep>
        <con:sourcePath/>
        <con:targetType>req_placeId</con:targetType>
        <con:targetStep>Display product by specCode</con:targetStep>
        <con:targetPath/>
        <con:upgraded>true</con:upgraded>
      </con:transfers>
      <con:transfers setNullOnMissingSource="true" transferTextContent="true" failOnError="true" ignoreEmpty="false" transferToAll="false" entitize="false" transferChildNodes="false">
        <con:name>productSpecCode</con:name>
        <con:sourceType>productSpecCode</con:sourceType>
        <con:sourceStep>DataSource display product</con:sourceStep>
        <con:targetType>req_productSpecCode</con:targetType>
        <con:targetStep>Display product by specCode</con:targetStep>
        <con:upgraded>true</con:upgraded>
      </con:transfers>
    </con:config>
  </con:testStep>
  <con:testStep type="calltestcase" name="Display product by specCode" id="dd21f8c7-4f53-4145-a29b-7f43cd59d446">
    <con:settings/>
    <con:config xsi:type="con:RunTestCaseStep" xmlns:xsi="http://www.w3.org/2001/XMLSchema-instance">
      <con:targetTestCase>4c1508cd-8683-4910-9bd3-cd691d2f41c4</con:targetTestCase>
      <con:properties>
        <con:property>
          <con:name>req_productSpecCode</con:name>
          <con:value>${DataSource for serialized without range product creation#productSpecCode}</con:value>
        </con:property>
        <con:property>
          <con:name>res_quantity</con:name>
          <con:value>1</con:value>
        </con:property>
        <con:property>
          <con:name>res_startSerial</con:name>
          <con:value xsi:nil="true"/>
        </con:property>
        <con:property>
          <con:name>res_endSerial</con:name>
          <con:value xsi:nil="true"/>
        </con:property>
        <con:property>
          <con:name>res_isPaired</con:name>
          <con:value>false</con:value>
        </con:property>
        <con:property>
          <con:name>res_status</con:name>
          <con:value>1</con:value>
        </con:property>
        <con:property>
          <con:name>res_productId</con:name>
          <con:value>342</con:value>
        </con:property>
        <con:property>
          <con:name>req_placeId</con:name>
          <con:value>198</con:value>
        </con:property>
      </con:properties>
      <con:returnProperties>
        <con:entry>res_quantity</con:entry>
        <con:entry>res_startSerial</con:entry>
        <con:entry>res_endSerial</con:entry>
        <con:entry>res_isPaired</con:entry>
        <con:entry>res_status</con:entry>
        <con:entry>res_productId</con:entry>
      </con:returnProperties>
      <con:runMode>PARALLELL</con:runMode>
    </con:config>
  </con:testStep>
  <con:testStep type="assertionteststep" name="Assertion display product" id="cdc94dc1-852d-49fc-800c-2f1981d427f4">
    <con:settings/>
    <con:config xsi:type="con:AssertionTestStep" xmlns:xsi="http://www.w3.org/2001/XMLSchema-instance">
      <con:entry>
        <con:id>8bab9092-51a9-46b8-88ce-8b2997aee8c3</con:id>
        <con:isGroup>false</con:isGroup>
        <con:sourceId>a193392e-f926-4309-8d5f-a9fc99526dd1</con:sourceId>
        <con:propertyName>startSerialNumber</con:propertyName>
        <con:assertion type="Simple Equals" name="Equals startSerial" id="451f364d-561c-42c8-a8bd-62301ca66aef" disabled="true">
          <con:configuration>
            <patternObjectId>ddcce0b2-c605-442e-a31f-bc26ccb3c697</patternObjectId>
            <patternProperty>startSerial</patternProperty>
            <caseSensitive>true</caseSensitive>
          </con:configuration>
        </con:assertion>
      </con:entry>
      <con:entry>
        <con:id>e370eb55-d62e-4818-b02b-3133ad408487</con:id>
        <con:isGroup>false</con:isGroup>
        <con:sourceId>a193392e-f926-4309-8d5f-a9fc99526dd1</con:sourceId>
        <con:propertyName>endSerialNumber</con:propertyName>
        <con:assertion type="Simple Equals" name="Equals endSerial" id="4e728133-a7ed-4a21-8ccf-7f41c5e1cc7b" disabled="true">
          <con:configuration>
            <patternObjectId>ddcce0b2-c605-442e-a31f-bc26ccb3c697</patternObjectId>
            <patternProperty>endSerial</patternProperty>
            <caseSensitive>true</caseSensitive>
          </con:configuration>
        </con:assertion>
      </con:entry>
      <con:entry>
        <con:id>2d092820-91af-4427-ae86-a6e6fa02e49f</con:id>
        <con:isGroup>false</con:isGroup>
        <con:sourceId>dd21f8c7-4f53-4145-a29b-7f43cd59d446</con:sourceId>
        <con:propertyName>res_status</con:propertyName>
        <con:assertion type="Simple Equals" name="Equals status" id="ed44c3ad-2e88-4fc3-94e4-028714c9ecb1">
          <con:configuration>
            <patternObjectId>f76519cf-133d-40b7-a12d-0c647a3bbbd1</patternObjectId>
            <patternProperty>productStatusSellable</patternProperty>
            <caseSensitive>true</caseSensitive>
          </con:configuration>
        </con:assertion>
      </con:entry>
      <con:entry>
        <con:id>b05676b1-e3e1-443e-b94a-277385fe39e3</con:id>
        <con:isGroup>false</con:isGroup>
        <con:sourceId>dd21f8c7-4f53-4145-a29b-7f43cd59d446</con:sourceId>
        <con:propertyName>res_isPaired</con:propertyName>
        <con:assertion type="Simple Equals" name="Equals isPaired" id="1fc06b35-2548-40e3-806a-6765cf086dcf" disabled="true">
          <con:configuration>
            <patternObjectId>aed05f0c-471b-45f0-aa66-172ddfd85d9d</patternObjectId>
            <patternProperty>req_isPaired</patternProperty>
            <caseSensitive>true</caseSensitive>
          </con:configuration>
        </con:assertion>
      </con:entry>
      <con:entry>
        <con:id>d9730a8f-4f79-4c99-bf8b-dc6a00d9346a</con:id>
        <con:isGroup>false</con:isGroup>
        <con:sourceId>dd21f8c7-4f53-4145-a29b-7f43cd59d446</con:sourceId>
        <con:propertyName>res_quantity</con:propertyName>
        <con:assertion type="Simple Equals" name="Equals quantity" id="87e72606-5e47-4904-a832-5eed30fe6a6f">
          <con:configuration>
            <patternObjectId>27d63884-0fa7-40ba-9262-729da422a002</patternObjectId>
            <patternProperty>quantity</patternProperty>
            <caseSensitive>true</caseSensitive>
          </con:configuration>
        </con:assertion>
      </con:entry>
    </con:config>
  </con:testStep>
  <con:testStep type="datasourceloop" name="DataSource Loop display product" id="f7b7fdaa-3dd6-4414-954a-bb471fa7165a">
    <con:settings/>
    <con:config>
      <dataSourceStep>DataSource display product</dataSourceStep>
      <targetStep>DataGen product info</targetStep>
    </con:config>
  </con:testStep>
  <con:testStep type="transfer" name="Set add stockIn item for closed bi" id="054d747e-6a76-4a4e-abf0-678b60c65f5c">
    <con:settings/>
    <con:config xsi:type="con:PropertyTransfersStep" xmlns:xsi="http://www.w3.org/2001/XMLSchema-instance">
      <con:transfers setNullOnMissingSource="true" transferTextContent="true" failOnError="true" ignoreEmpty="false" transferToAll="false" entitize="false" transferChildNodes="false">
        <con:name>biId</con:name>
        <con:sourceType>biId</con:sourceType>
        <con:sourceStep>Given properties for the test steps</con:sourceStep>
        <con:sourcePath/>
        <con:targetType>req_biId</con:targetType>
        <con:targetStep>Add stockIn item for closed bi</con:targetStep>
        <con:targetPath/>
        <con:upgraded>true</con:upgraded>
      </con:transfers>
      <con:transfers setNullOnMissingSource="true" transferTextContent="true" failOnError="true" ignoreEmpty="false" transferToAll="false" entitize="false" transferChildNodes="false">
        <con:name>productSpecExtId</con:name>
        <con:sourceType>prodSpecExtId</con:sourceType>
        <con:sourceStep>DataSource for nonserialized product creation</con:sourceStep>
        <con:targetType>req_prodSpecExternalId</con:targetType>
        <con:targetStep>Add stockIn item for closed bi</con:targetStep>
        <con:upgraded>true</con:upgraded>
      </con:transfers>
      <con:transfers setNullOnMissingSource="true" transferTextContent="true" failOnError="true" ignoreEmpty="false" transferToAll="false" entitize="false" transferChildNodes="false">
        <con:name>quantity</con:name>
        <con:sourceType>quantity</con:sourceType>
        <con:sourceStep>Given properties for the test steps</con:sourceStep>
        <con:targetType>req_quantity</con:targetType>
        <con:targetStep>Add stockIn item for closed bi</con:targetStep>
        <con:upgraded>true</con:upgraded>
      </con:transfers>
      <con:transfers setNullOnMissingSource="true" transferTextContent="true" failOnError="true" ignoreEmpty="false" transferToAll="false" entitize="false" transferChildNodes="false">
        <con:name>placeId</con:name>
        <con:sourceType>placeId</con:sourceType>
        <con:sourceStep>Given properties for the test steps</con:sourceStep>
        <con:targetType>req_placeId</con:targetType>
        <con:targetStep>Add stockIn item for closed bi</con:targetStep>
        <con:upgraded>true</con:upgraded>
      </con:transfers>
      <con:transfers setNullOnMissingSource="true" transferTextContent="true" failOnError="true" ignoreEmpty="false" transferToAll="false" entitize="false" transferChildNodes="false">
        <con:name>productStatus</con:name>
        <con:sourceType>productStatusSellable</con:sourceType>
        <con:sourceStep>Given properties for the test steps</con:sourceStep>
        <con:targetType>req_productStatus</con:targetType>
        <con:targetStep>Add stockIn item for closed bi</con:targetStep>
        <con:upgraded>true</con:upgraded>
      </con:transfers>
      <con:transfers setNullOnMissingSource="true" transferTextContent="true" failOnError="true" ignoreEmpty="false" transferToAll="false" entitize="false" transferChildNodes="false">
        <con:name>productDesc</con:name>
        <con:sourceType>productDesc</con:sourceType>
        <con:sourceStep>Given properties for the test steps</con:sourceStep>
        <con:targetType>req_description</con:targetType>
        <con:targetStep>Add stockIn item for closed bi</con:targetStep>
        <con:upgraded>true</con:upgraded>
      </con:transfers>
      <con:transfers setNullOnMissingSource="true" transferTextContent="true" failOnError="true" ignoreEmpty="false" transferToAll="false" entitize="false" transferChildNodes="false">
        <con:name>productSpecCharUseId</con:name>
        <con:sourceType>productSpecCharUseId</con:sourceType>
        <con:sourceStep>Given properties for the test steps</con:sourceStep>
        <con:targetType>req_productSpecCharUseId</con:targetType>
        <con:targetStep>Add stockIn item for closed bi</con:targetStep>
        <con:upgraded>true</con:upgraded>
      </con:transfers>
      <con:transfers setNullOnMissingSource="true" transferTextContent="true" failOnError="true" ignoreEmpty="false" transferToAll="false" entitize="false" transferChildNodes="false">
        <con:name>productSpecCharId</con:name>
        <con:sourceType>productSpecCharId</con:sourceType>
        <con:sourceStep>Given properties for the test steps</con:sourceStep>
        <con:targetType>req_productSpecCharId</con:targetType>
        <con:targetStep>Add stockIn item for closed bi</con:targetStep>
        <con:upgraded>true</con:upgraded>
      </con:transfers>
      <con:transfers setNullOnMissingSource="true" transferTextContent="true" failOnError="true" ignoreEmpty="false" transferToAll="false" entitize="false" transferChildNodes="false">
        <con:name>productSpecCharValueId</con:name>
        <con:sourceType>productSpecCharValueId</con:sourceType>
        <con:sourceStep>Given properties for the test steps</con:sourceStep>
        <con:targetType>req_productSpecCharValueId</con:targetType>
        <con:targetStep>Add stockIn item for closed bi</con:targetStep>
        <con:upgraded>true</con:upgraded>
      </con:transfers>
      <con:transfers setNullOnMissingSource="true" transferTextContent="true" failOnError="true" ignoreEmpty="false" transferToAll="false" entitize="false" transferChildNodes="false">
        <con:name>isPaired</con:name>
        <con:sourceType>isPairedFalse</con:sourceType>
        <con:sourceStep>Given properties for the test steps</con:sourceStep>
        <con:targetType>req_isPaired</con:targetType>
        <con:targetStep>Add stockIn item for closed bi</con:targetStep>
        <con:upgraded>true</con:upgraded>
      </con:transfers>
      <con:transfers setNullOnMissingSource="true" transferTextContent="true" failOnError="true" ignoreEmpty="false" transferToAll="false" entitize="false" transferChildNodes="false">
        <con:name>startSerial</con:name>
        <con:sourceType>startSerialNumber</con:sourceType>
        <con:sourceStep>Given properties for the test steps</con:sourceStep>
        <con:targetType>req_startSerial</con:targetType>
        <con:targetStep>Add stockIn item for closed bi</con:targetStep>
        <con:upgraded>true</con:upgraded>
      </con:transfers>
      <con:transfers setNullOnMissingSource="true" transferTextContent="true" failOnError="true" ignoreEmpty="false" transferToAll="false" entitize="false" transferChildNodes="false">
        <con:name>serialNumber</con:name>
        <con:sourceType>serialNumber</con:sourceType>
        <con:sourceStep>Given properties for the test steps</con:sourceStep>
        <con:targetType>req_serialNumber</con:targetType>
        <con:targetStep>Add stockIn item for closed bi</con:targetStep>
        <con:upgraded>true</con:upgraded>
      </con:transfers>
    </con:config>
  </con:testStep>
  <con:testStep type="calltestcase" name="Add stockIn item for closed bi" id="a0d19c82-8f4d-4bbd-b556-c3fc707e7b46">
    <con:settings/>
    <con:config xsi:type="con:RunTestCaseStep" xmlns:xsi="http://www.w3.org/2001/XMLSchema-instance">
      <con:targetTestCase>2a528d8b-5b13-4d95-87ac-42a9644387c3</con:targetTestCase>
      <con:properties>
        <con:property>
          <con:name>req_biId</con:name>
          <con:value>12381</con:value>
        </con:property>
        <con:property>
          <con:name>req_prodSpecExternalId</con:name>
          <con:value>EXT-APPLMOUSE-1</con:value>
        </con:property>
        <con:property>
          <con:name>req_quantity</con:name>
          <con:value>368</con:value>
        </con:property>
        <con:property>
          <con:name>req_placeId</con:name>
          <con:value>198</con:value>
        </con:property>
        <con:property>
          <con:name>req_productStatus</con:name>
          <con:value>1</con:value>
        </con:property>
        <con:property>
          <con:name>req_description</con:name>
          <con:value>productDesc-${=java.util.UUID.randomUUID()}</con:value>
        </con:property>
        <con:property>
          <con:name>res_id</con:name>
          <con:value xsi:nil="true"/>
        </con:property>
        <con:property>
          <con:name>req_productSpecCharUseId</con:name>
          <con:value/>
        </con:property>
        <con:property>
          <con:name>req_productSpecCharId</con:name>
          <con:value>1</con:value>
        </con:property>
        <con:property>
          <con:name>req_productSpecCharValueId</con:name>
          <con:value>1</con:value>
        </con:property>
        <con:property>
          <con:name>req_isPaired</con:name>
          <con:value>false</con:value>
        </con:property>
        <con:property>
          <con:name>req_startSerial</con:name>
          <con:value>24815092</con:value>
        </con:property>
        <con:property>
          <con:name>req_endSerial</con:name>
          <con:value>${Given properties for the test steps#endSerialNumber}</con:value>
        </con:property>
        <con:property>
          <con:name>res_startSerial</con:name>
          <con:value>24815092</con:value>
        </con:property>
        <con:property>
          <con:name>res_endSerial</con:name>
          <con:value>62776437</con:value>
        </con:property>
        <con:property>
          <con:name>res_code</con:name>
          <con:value>BI_MUST_BE_IN_DRAFT_OR_ONGOING_STATE</con:value>
        </con:property>
        <con:property>
          <con:name>res_quantity</con:name>
          <con:value>368</con:value>
        </con:property>
        <con:property>
          <con:name>req_serialNumber</con:name>
          <con:value>serialNumber-${=java.util.UUID.randomUUID()}</con:value>
        </con:property>
        <con:property>
          <con:name>res_errorMessage</con:name>
          <con:value>BI_MUST_BE_IN_DRAFT_OR_ONGOING_STATE</con:value>
        </con:property>
      </con:properties>
      <con:returnProperties>
        <con:entry>res_id</con:entry>
        <con:entry>res_startSerial</con:entry>
        <con:entry>res_endSerial</con:entry>
        <con:entry>res_code</con:entry>
        <con:entry>res_quantity</con:entry>
        <con:entry>res_errorMessage</con:entry>
      </con:returnProperties>
      <con:runMode>PARALLELL</con:runMode>
    </con:config>
  </con:testStep>
  <con:testStep type="assertionteststep" name="Assertion add item for closed bi" id="71dd7028-5796-4132-ada7-2d81aae99e46">
    <con:settings/>
    <con:config xsi:type="con:AssertionTestStep" xmlns:xsi="http://www.w3.org/2001/XMLSchema-instance">
      <con:entry>
        <con:id>6cae1ff9-87c7-445e-9ece-c75e508feadb</con:id>
        <con:isGroup>false</con:isGroup>
        <con:sourceId>a0d19c82-8f4d-4bbd-b556-c3fc707e7b46</con:sourceId>
        <con:propertyName>res_errorMessage</con:propertyName>
        <con:assertion type="Simple Contains" name="Contains" id="7b775df9-165c-4732-9587-2f6eaf495f89">
          <con:configuration>
            <token>\w+</token>
            <ignoreCase>false</ignoreCase>
            <useRegEx>true</useRegEx>
          </con:configuration>
        </con:assertion>
      </con:entry>
    </con:config>
  </con:testStep>
  <con:testStep type="transfer" name="Property Transfer to display stock level step 5" id="c132e26c-39d0-4cad-aaf7-16749056352f">
    <con:settings/>
    <con:config xsi:type="con:PropertyTransfersStep" xmlns:xsi="http://www.w3.org/2001/XMLSchema-instance">
      <con:transfers setNullOnMissingSource="true" transferTextContent="true" failOnError="true" ignoreEmpty="false" transferToAll="false" entitize="false" transferChildNodes="false">
        <con:name>placeId</con:name>
        <con:sourceType>req_placeId</con:sourceType>
        <con:sourceStep>Add stockIn item for closed bi</con:sourceStep>
        <con:sourcePath/>
        <con:targetType>req_placeId</con:targetType>
        <con:targetStep>Display stock level by product spec ext id 5</con:targetStep>
        <con:targetPath/>
        <con:upgraded>true</con:upgraded>
      </con:transfers>
      <con:transfers setNullOnMissingSource="true" transferTextContent="true" failOnError="true" ignoreEmpty="false" transferToAll="false" entitize="false" transferChildNodes="false">
        <con:name>productSpecExtId</con:name>
        <con:sourceType>req_prodSpecExternalId</con:sourceType>
        <con:sourceStep>Add stockIn item for closed bi</con:sourceStep>
        <con:targetType>req_productSpecificationExternalId</con:targetType>
        <con:targetStep>Display stock level by product spec ext id 5</con:targetStep>
        <con:upgraded>true</con:upgraded>
      </con:transfers>
    </con:config>
  </con:testStep>
  <con:testStep type="calltestcase" name="Display stock level by product spec ext id 5" id="333ec68c-27c8-47f9-99c8-d23f017f12a3">
    <con:settings/>
    <con:config xsi:type="con:RunTestCaseStep" xmlns:xsi="http://www.w3.org/2001/XMLSchema-instance">
      <con:targetTestCase>ae70f14b-9b62-4330-9f1f-32535bcddc8b</con:targetTestCase>
      <con:properties>
        <con:property>
          <con:name>req_placeId</con:name>
          <con:value>198</con:value>
        </con:property>
        <con:property>
          <con:name>req_productSpecCode</con:name>
        </con:property>
        <con:property>
          <con:name>req_productSpecArticle</con:name>
        </con:property>
        <con:property>
          <con:name>req_productStatus</con:name>
        </con:property>
        <con:property>
          <con:name>req_includeLocked</con:name>
        </con:property>
        <con:property>
          <con:name>req_productSpecificationExternalId</con:name>
          <con:value>EXT-APPLMOUSE-1</con:value>
        </con:property>
        <con:property>
          <con:name>res_placeId</con:name>
          <con:value>198</con:value>
        </con:property>
        <con:property>
          <con:name>res_productSpecificationId</con:name>
          <con:value>3</con:value>
        </con:property>
        <con:property>
          <con:name>res_productSpecificationExternalId</con:name>
          <con:value>EXT-APPLMOUSE-1</con:value>
        </con:property>
        <con:property>
          <con:name>res_quantity</con:name>
          <con:value>736</con:value>
        </con:property>
        <con:property>
          <con:name>res_salesOrganizationId</con:name>
          <con:value>389</con:value>
        </con:property>
        <con:property>
          <con:name>res_totalQuantity</con:name>
          <con:value>736</con:value>
        </con:property>
        <con:property>
          <con:name>res_reservedQuantity</con:name>
          <con:value>0</con:value>
        </con:property>
        <con:property>
          <con:name>req_productId</con:name>
        </con:property>
        <con:property>
          <con:name>res_code</con:name>
        </con:property>
        <con:property>
          <con:name>req_productSerialNumber</con:name>
        </con:property>
        <con:property>
          <con:name>req_productSerialText</con:name>
        </con:property>
        <con:property>
          <con:name>req_productSpecificationId</con:name>
        </con:property>
        <con:property>
          <con:name>req_parentSerialNumberText</con:name>
        </con:property>
        <con:property>
          <con:name>req_batchId</con:name>
        </con:property>
        <con:property>
          <con:name>req_country</con:name>
        </con:property>
        <con:property>
          <con:name>req_state</con:name>
        </con:property>
        <con:property>
          <con:name>req_city</con:name>
        </con:property>
        <con:property>
          <con:name>req_regionId</con:name>
        </con:property>
        <con:property>
          <con:name>res_fullResponse</con:name>
        </con:property>
        <con:property>
          <con:name>res_errorMessage</con:name>
        </con:property>
      </con:properties>
      <con:returnProperties>
        <con:entry>res_placeId</con:entry>
        <con:entry>res_productSpecificationId</con:entry>
        <con:entry>res_productSpecificationExternalId</con:entry>
        <con:entry>res_quantity</con:entry>
        <con:entry>res_salesOrganizationId</con:entry>
        <con:entry>res_totalQuantity</con:entry>
        <con:entry>res_reservedQuantity</con:entry>
      </con:returnProperties>
      <con:runMode>PARALLELL</con:runMode>
    </con:config>
  </con:testStep>
  <con:testStep type="transfer" name="Set submit closed bi" id="b91c4d31-1f48-4491-bfbf-4e1dcb73340a">
    <con:settings/>
    <con:config xsi:type="con:PropertyTransfersStep" xmlns:xsi="http://www.w3.org/2001/XMLSchema-instance">
      <con:transfers setNullOnMissingSource="true" transferTextContent="true" failOnError="true" ignoreEmpty="false" transferToAll="false" entitize="false" transferChildNodes="false">
        <con:name>biId</con:name>
        <con:sourceType>biId</con:sourceType>
        <con:sourceStep>Given properties for the test steps</con:sourceStep>
        <con:sourcePath/>
        <con:targetType>req_biId</con:targetType>
        <con:targetStep>Submit closed bi</con:targetStep>
        <con:targetPath/>
        <con:upgraded>true</con:upgraded>
      </con:transfers>
    </con:config>
  </con:testStep>
  <con:testStep type="calltestcase" name="Submit closed bi" id="428cd367-7fee-48b8-bb26-c4ce97221be3">
    <con:settings/>
    <con:config xsi:type="con:RunTestCaseStep" xmlns:xsi="http://www.w3.org/2001/XMLSchema-instance">
      <con:targetTestCase>c6afe465-b867-4e9f-9e55-596671d41d0a</con:targetTestCase>
      <con:properties>
        <con:property>
          <con:name>req_biId</con:name>
          <con:value>12381</con:value>
        </con:property>
        <con:property>
          <con:name>res_biId</con:name>
          <con:value xsi:nil="true"/>
        </con:property>
        <con:property>
          <con:name>res_code</con:name>
          <con:value>NEXT_STATE_NOT_FOUND</con:value>
        </con:property>
        <con:property>
          <con:name>res_errorMessage</con:name>
          <con:value>NEXT_STATE_NOT_FOUND</con:value>
        </con:property>
        <con:property>
          <con:name>res_httpStatusCode</con:name>
        </con:property>
      </con:properties>
      <con:returnProperties>
        <con:entry>res_biId</con:entry>
        <con:entry>res_code</con:entry>
        <con:entry>res_errorMessage</con:entry>
      </con:returnProperties>
      <con:runMode>PARALLELL</con:runMode>
    </con:config>
  </con:testStep>
  <con:testStep type="assertionteststep" name="Assertion submit closed bi" id="0fb3b308-12f9-4956-97c3-5cc68ecbeac5">
    <con:settings/>
    <con:config xsi:type="con:AssertionTestStep" xmlns:xsi="http://www.w3.org/2001/XMLSchema-instance">
      <con:entry>
        <con:id>56f2dec3-e22f-4f02-981a-8b30f23a1a63</con:id>
        <con:isGroup>false</con:isGroup>
        <con:sourceId>428cd367-7fee-48b8-bb26-c4ce97221be3</con:sourceId>
        <con:propertyName>res_errorMessage</con:propertyName>
        <con:assertion type="Simple Contains" name="Contains" id="9a9b3687-83a5-48c8-aeae-e3debbc74c5c">
          <con:configuration>
            <token>\w+</token>
            <ignoreCase>false</ignoreCase>
            <useRegEx>true</useRegEx>
          </con:configuration>
        </con:assertion>
      </con:entry>
    </con:config>
  </con:testStep>
  <con:testStep type="transfer" name="Property Transfer to display stock level step 6" id="ddd284ec-cd31-438b-8fb7-adad1993be37">
    <con:settings/>
    <con:config xsi:type="con:PropertyTransfersStep" xmlns:xsi="http://www.w3.org/2001/XMLSchema-instance">
      <con:transfers setNullOnMissingSource="true" transferTextContent="true" failOnError="true" ignoreEmpty="false" transferToAll="false" entitize="false" transferChildNodes="false">
        <con:name>placeId</con:name>
        <con:sourceType>req_placeId</con:sourceType>
        <con:sourceStep>Add stockIn item for closed bi</con:sourceStep>
        <con:sourcePath/>
        <con:targetType>req_placeId</con:targetType>
        <con:targetStep>Display stock level by product spec ext id 6</con:targetStep>
        <con:targetPath/>
        <con:upgraded>true</con:upgraded>
      </con:transfers>
      <con:transfers setNullOnMissingSource="true" transferTextContent="true" failOnError="true" ignoreEmpty="false" transferToAll="false" entitize="false" transferChildNodes="false">
        <con:name>productSpecExtId</con:name>
        <con:sourceType>req_prodSpecExternalId</con:sourceType>
        <con:sourceStep>Add stockIn item for closed bi</con:sourceStep>
        <con:targetType>req_productSpecificationExternalId</con:targetType>
        <con:targetStep>Display stock level by product spec ext id 6</con:targetStep>
        <con:upgraded>true</con:upgraded>
      </con:transfers>
    </con:config>
  </con:testStep>
  <con:testStep type="calltestcase" name="Display stock level by product spec ext id 6" id="bad8e8bf-dde3-478c-8dc2-82fe2cc1aaf5">
    <con:settings/>
    <con:config xsi:type="con:RunTestCaseStep" xmlns:xsi="http://www.w3.org/2001/XMLSchema-instance">
      <con:targetTestCase>ae70f14b-9b62-4330-9f1f-32535bcddc8b</con:targetTestCase>
      <con:properties>
        <con:property>
          <con:name>req_placeId</con:name>
          <con:value>198</con:value>
        </con:property>
        <con:property>
          <con:name>req_productSpecCode</con:name>
        </con:property>
        <con:property>
          <con:name>req_productSpecArticle</con:name>
        </con:property>
        <con:property>
          <con:name>req_productStatus</con:name>
        </con:property>
        <con:property>
          <con:name>req_includeLocked</con:name>
        </con:property>
        <con:property>
          <con:name>req_productSpecificationExternalId</con:name>
          <con:value>EXT-APPLMOUSE-1</con:value>
        </con:property>
        <con:property>
          <con:name>res_placeId</con:name>
          <con:value>198</con:value>
        </con:property>
        <con:property>
          <con:name>res_productSpecificationId</con:name>
          <con:value>3</con:value>
        </con:property>
        <con:property>
          <con:name>res_productSpecificationExternalId</con:name>
          <con:value>EXT-APPLMOUSE-1</con:value>
        </con:property>
        <con:property>
          <con:name>res_quantity</con:name>
          <con:value>736</con:value>
        </con:property>
        <con:property>
          <con:name>res_salesOrganizationId</con:name>
          <con:value>389</con:value>
        </con:property>
        <con:property>
          <con:name>res_totalQuantity</con:name>
          <con:value>736</con:value>
        </con:property>
        <con:property>
          <con:name>res_reservedQuantity</con:name>
          <con:value>0</con:value>
        </con:property>
        <con:property>
          <con:name>req_productId</con:name>
        </con:property>
        <con:property>
          <con:name>res_code</con:name>
        </con:property>
        <con:property>
          <con:name>req_productSerialNumber</con:name>
        </con:property>
        <con:property>
          <con:name>req_productSerialText</con:name>
        </con:property>
        <con:property>
          <con:name>req_productSpecificationId</con:name>
        </con:property>
        <con:property>
          <con:name>req_parentSerialNumberText</con:name>
        </con:property>
        <con:property>
          <con:name>req_batchId</con:name>
        </con:property>
        <con:property>
          <con:name>req_country</con:name>
        </con:property>
        <con:property>
          <con:name>req_state</con:name>
        </con:property>
        <con:property>
          <con:name>req_city</con:name>
        </con:property>
        <con:property>
          <con:name>req_regionId</con:name>
        </con:property>
        <con:property>
          <con:name>res_fullResponse</con:name>
        </con:property>
        <con:property>
          <con:name>res_errorMessage</con:name>
        </con:property>
      </con:properties>
      <con:returnProperties>
        <con:entry>res_placeId</con:entry>
        <con:entry>res_productSpecificationId</con:entry>
        <con:entry>res_productSpecificationExternalId</con:entry>
        <con:entry>res_quantity</con:entry>
        <con:entry>res_salesOrganizationId</con:entry>
        <con:entry>res_totalQuantity</con:entry>
        <con:entry>res_reservedQuantity</con:entry>
      </con:returnProperties>
      <con:runMode>PARALLELL</con:runMode>
    </con:config>
  </con:testStep>
  <con:testStep type="assertionteststep" name="Assertion res_quantity, res_totalQuantity and res_reservedQuantity 5" id="45c5760c-c0aa-4c7e-99a9-16206a7a7371">
    <con:settings/>
    <con:config xsi:type="con:AssertionTestStep" xmlns:xsi="http://www.w3.org/2001/XMLSchema-instance">
      <con:entry>
        <con:id>f5771e47-c386-495a-92c9-7bbfe725e7ea</con:id>
        <con:isGroup>false</con:isGroup>
        <con:sourceId>bad8e8bf-dde3-478c-8dc2-82fe2cc1aaf5</con:sourceId>
        <con:propertyName>res_quantity</con:propertyName>
        <con:assertion type="Simple Equals" name="Equals" id="07a6e042-c25d-40f7-be48-a289c6078b84">
          <con:configuration>
            <patternObjectId>333ec68c-27c8-47f9-99c8-d23f017f12a3</patternObjectId>
            <patternProperty>res_quantity</patternProperty>
            <caseSensitive>true</caseSensitive>
          </con:configuration>
        </con:assertion>
      </con:entry>
      <con:entry>
        <con:id>2cf90de6-1897-4b74-a6a3-c60aa502e87d</con:id>
        <con:isGroup>false</con:isGroup>
        <con:sourceId>bad8e8bf-dde3-478c-8dc2-82fe2cc1aaf5</con:sourceId>
        <con:propertyName>res_totalQuantity</con:propertyName>
        <con:assertion type="Simple Equals" name="Equals 2" id="6a932dc8-b4be-4b05-af26-247710a5af81">
          <con:configuration>
            <patternObjectId>333ec68c-27c8-47f9-99c8-d23f017f12a3</patternObjectId>
            <patternProperty>res_totalQuantity</patternProperty>
            <caseSensitive>true</caseSensitive>
          </con:configuration>
        </con:assertion>
      </con:entry>
      <con:entry>
        <con:id>4e3e5f43-6a08-4b0c-b2b4-880ddb08c8b6</con:id>
        <con:isGroup>false</con:isGroup>
        <con:sourceId>bad8e8bf-dde3-478c-8dc2-82fe2cc1aaf5</con:sourceId>
        <con:propertyName>res_reservedQuantity</con:propertyName>
        <con:assertion type="Simple Equals" name="Equals 3" id="31a44e66-8eae-4522-b8e0-ac1c552ae847">
          <con:configuration>
            <patternObjectId>333ec68c-27c8-47f9-99c8-d23f017f12a3</patternObjectId>
            <patternProperty>res_reservedQuantity</patternProperty>
            <caseSensitive>true</caseSensitive>
          </con:configuration>
        </con:assertion>
      </con:entry>
    </con:config>
  </con:testStep>
  <con:testStep type="transfer" name="Set create stockIn interaction success 9" id="3116c7db-6b47-4fe7-84e7-ce067229f487">
    <con:settings/>
    <con:config xsi:type="con:PropertyTransfersStep" xmlns:xsi="http://www.w3.org/2001/XMLSchema-instance">
      <con:transfers setNullOnMissingSource="true" transferTextContent="true" failOnError="true" ignoreEmpty="false" transferToAll="false" entitize="false" transferChildNodes="false">
        <con:name>userId</con:name>
        <con:sourceType>userId</con:sourceType>
        <con:sourceStep>Given properties for the test steps</con:sourceStep>
        <con:sourcePath/>
        <con:targetType>req_userRoleId</con:targetType>
        <con:targetStep>Create stockIn interaction success 9</con:targetStep>
        <con:targetPath/>
        <con:upgraded>true</con:upgraded>
      </con:transfers>
      <con:transfers setNullOnMissingSource="true" transferTextContent="true" failOnError="true" ignoreEmpty="false" transferToAll="false" entitize="false" transferChildNodes="false">
        <con:name>soId</con:name>
        <con:sourceType>soId</con:sourceType>
        <con:sourceStep>Given properties for the test steps</con:sourceStep>
        <con:targetType>req_soRoleId</con:targetType>
        <con:targetStep>Create stockIn interaction success 9</con:targetStep>
        <con:upgraded>true</con:upgraded>
      </con:transfers>
      <con:transfers setNullOnMissingSource="true" transferTextContent="true" failOnError="true" ignoreEmpty="false" transferToAll="false" entitize="false" transferChildNodes="false">
        <con:name>biSpecCode</con:name>
        <con:sourceType>stockInBISpecCode</con:sourceType>
        <con:sourceStep>Given properties for the test steps</con:sourceStep>
        <con:targetType>req_biSpecCode</con:targetType>
        <con:targetStep>Create stockIn interaction success 9</con:targetStep>
        <con:upgraded>true</con:upgraded>
      </con:transfers>
    </con:config>
  </con:testStep>
  <con:testStep type="calltestcase" name="Create stockIn interaction success 9" id="46c3b9cb-d7ae-4e74-9d12-feed3a3833f0">
    <con:settings/>
    <con:config xsi:type="con:RunTestCaseStep" xmlns:xsi="http://www.w3.org/2001/XMLSchema-instance">
      <con:targetTestCase>bba3ce34-4cc5-41fb-98a0-894988e91181</con:targetTestCase>
      <con:properties>
        <con:property>
          <con:name>req_userRoleId</con:name>
          <con:value>391</con:value>
        </con:property>
        <con:property>
          <con:name>req_soRoleId</con:name>
          <con:value>389</con:value>
        </con:property>
        <con:property>
          <con:name>req_biSpecCode</con:name>
          <con:value>STCKINBISPEC</con:value>
        </con:property>
        <con:property>
          <con:name>res_biId</con:name>
          <con:value>12391</con:value>
        </con:property>
        <con:property>
          <con:name>res_code</con:name>
          <con:value>201</con:value>
        </con:property>
        <con:property>
          <con:name>res_errorMessage</con:name>
          <con:value xsi:nil="true"/>
        </con:property>
        <con:property>
          <con:name>res_httpStatus</con:name>
        </con:property>
      </con:properties>
      <con:returnProperties>
        <con:entry>res_biId</con:entry>
        <con:entry>res_code</con:entry>
        <con:entry>res_errorMessage</con:entry>
      </con:returnProperties>
      <con:runMode>PARALLELL</con:runMode>
    </con:config>
  </con:testStep>
  <con:testStep type="assertionteststep" name="Assertion create stockIn interaction success 9" id="a37633d1-ec19-48ab-8050-728b7d48dd90">
    <con:settings/>
    <con:config xsi:type="con:AssertionTestStep" xmlns:xsi="http://www.w3.org/2001/XMLSchema-instance">
      <con:entry>
        <con:id>4f114054-6498-4e88-b803-98a25fa2164a</con:id>
        <con:isGroup>false</con:isGroup>
        <con:sourceId>46c3b9cb-d7ae-4e74-9d12-feed3a3833f0</con:sourceId>
        <con:propertyName>res_biId</con:propertyName>
        <con:assertion type="Simple Contains" name="Contains" id="e578d09d-ce0e-4579-a5be-6f05fbf432b7">
          <con:configuration>
            <token>\d+</token>
            <ignoreCase>false</ignoreCase>
            <useRegEx>true</useRegEx>
          </con:configuration>
        </con:assertion>
      </con:entry>
    </con:config>
  </con:testStep>
  <con:testStep type="transfer" name="Property Transfer biId 9" id="d27a4fee-ad14-457a-8be2-fa56f6753b43">
    <con:settings/>
    <con:config xsi:type="con:PropertyTransfersStep" xmlns:xsi="http://www.w3.org/2001/XMLSchema-instance">
      <con:transfers setNullOnMissingSource="true" transferTextContent="true" failOnError="true" ignoreEmpty="false" transferToAll="false" entitize="false" transferChildNodes="false">
        <con:name>biId</con:name>
        <con:sourceType>res_biId</con:sourceType>
        <con:sourceStep>Create stockIn interaction success 9</con:sourceStep>
        <con:sourcePath/>
        <con:targetType>biId</con:targetType>
        <con:targetStep>Given properties for the test steps</con:targetStep>
        <con:targetPath/>
        <con:upgraded>true</con:upgraded>
      </con:transfers>
    </con:config>
  </con:testStep>
  <con:testStep type="datasource" name="DataSource for nonserialized product creation 2" id="62a08d90-db0c-44f9-9862-e6d219d83f70">
    <con:settings/>
    <con:config xsi:type="con:DataSourceStep" xmlns:xsi="http://www.w3.org/2001/XMLSchema-instance">
      <con:dataSource type="Grid">
        <con:configuration>
          <check>&lt;con:entry xmlns:con="http://eviware.com/soapui/config">true&lt;/con:entry></check>
          <row><![CDATA[<xml-fragment><con:entry xmlns:con="http://eviware.com/soapui/config">Apple Mouse 1 Button Count</con:entry><con:entry xmlns:con="http://eviware.com/soapui/config">EXT-APPLMOUSE-1</con:entry><con:entry xmlns:con="http://eviware.com/soapui/config">CODE-APPLMOUSE-1</con:entry><con:entry xmlns:con="http://eviware.com/soapui/config">${#TestCase#req_quantity}</con:entry><con:entry xmlns:con="http://eviware.com/soapui/config">7</con:entry><con:entry xmlns:con="http://eviware.com/soapui/config">17-EXT</con:entry><con:entry xmlns:con="http://eviware.com/soapui/config">1</con:entry><con:entry xmlns:con="http://eviware.com/soapui/config"/><con:entry xmlns:con="http://eviware.com/soapui/config"/></xml-fragment>]]></row>
        </con:configuration>
      </con:dataSource>
      <con:property>description</con:property>
      <con:property>prodSpecExtId</con:property>
      <con:property>productSpecCode</con:property>
      <con:property>quantity</con:property>
      <con:property>charExtId1</con:property>
      <con:property>charValueExtId1</con:property>
      <con:property>productStatus</con:property>
      <con:completeLastOperation>true</con:completeLastOperation>
      <con:restartOnRun>true</con:restartOnRun>
    </con:config>
  </con:testStep>
  <con:testStep type="transfer" name="Set add nonserialized stockIn item 2" id="54e2d581-70e5-4463-a0fa-e66d59cda550">
    <con:settings/>
    <con:config xsi:type="con:PropertyTransfersStep" xmlns:xsi="http://www.w3.org/2001/XMLSchema-instance">
      <con:transfers setNullOnMissingSource="true" transferTextContent="true" failOnError="true" ignoreEmpty="false" transferToAll="false" entitize="false" transferChildNodes="false">
        <con:name>biId</con:name>
        <con:sourceType>biId</con:sourceType>
        <con:sourceStep>Given properties for the test steps</con:sourceStep>
        <con:sourcePath/>
        <con:targetType>req_biId</con:targetType>
        <con:targetStep>Add nonserialized stockIn item 2</con:targetStep>
        <con:targetPath/>
        <con:upgraded>true</con:upgraded>
      </con:transfers>
      <con:transfers setNullOnMissingSource="true" transferTextContent="true" failOnError="true" ignoreEmpty="false" transferToAll="false" entitize="false" transferChildNodes="false">
        <con:name>productSpecExtId</con:name>
        <con:sourceType>prodSpecExtId</con:sourceType>
        <con:sourceStep>DataSource for nonserialized product creation 2</con:sourceStep>
        <con:targetType>req_prodSpecExtId</con:targetType>
        <con:targetStep>Add nonserialized stockIn item 2</con:targetStep>
        <con:upgraded>true</con:upgraded>
      </con:transfers>
      <con:transfers setNullOnMissingSource="true" transferTextContent="true" failOnError="true" ignoreEmpty="false" transferToAll="false" entitize="false" transferChildNodes="false">
        <con:name>placeId</con:name>
        <con:sourceType>placeId</con:sourceType>
        <con:sourceStep>Given properties for the test steps</con:sourceStep>
        <con:targetType>req_placeId</con:targetType>
        <con:targetStep>Add nonserialized stockIn item 2</con:targetStep>
        <con:upgraded>true</con:upgraded>
      </con:transfers>
      <con:transfers setNullOnMissingSource="true" transferTextContent="true" failOnError="true" ignoreEmpty="false" transferToAll="false" entitize="false" transferChildNodes="false">
        <con:name>description</con:name>
        <con:sourceType>productDesc</con:sourceType>
        <con:sourceStep>Given properties for the test steps</con:sourceStep>
        <con:targetType>req_description</con:targetType>
        <con:targetStep>Add nonserialized stockIn item 2</con:targetStep>
        <con:upgraded>true</con:upgraded>
      </con:transfers>
      <con:transfers setNullOnMissingSource="true" transferTextContent="true" failOnError="true" ignoreEmpty="false" transferToAll="false" entitize="false" transferChildNodes="false">
        <con:name>charExtId1</con:name>
        <con:sourceType>charExtId1</con:sourceType>
        <con:sourceStep>DataSource for nonserialized product creation 2</con:sourceStep>
        <con:targetType>req_charExtId1</con:targetType>
        <con:targetStep>Add nonserialized stockIn item 2</con:targetStep>
        <con:upgraded>true</con:upgraded>
      </con:transfers>
      <con:transfers setNullOnMissingSource="true" transferTextContent="true" failOnError="true" ignoreEmpty="false" transferToAll="false" entitize="false" transferChildNodes="false">
        <con:name>charValueExtId1</con:name>
        <con:sourceType>charValueExtId1</con:sourceType>
        <con:sourceStep>DataSource for nonserialized product creation 2</con:sourceStep>
        <con:targetType>req_charValueExtId1</con:targetType>
        <con:targetStep>Add nonserialized stockIn item 2</con:targetStep>
        <con:upgraded>true</con:upgraded>
      </con:transfers>
      <con:transfers setNullOnMissingSource="true" transferTextContent="true" failOnError="true" ignoreEmpty="false" transferToAll="false" entitize="false" transferChildNodes="false">
        <con:name>productStatus</con:name>
        <con:sourceType>productStatus</con:sourceType>
        <con:sourceStep>DataSource for nonserialized product creation 2</con:sourceStep>
        <con:targetType>req_prodStatus</con:targetType>
        <con:targetStep>Add nonserialized stockIn item 2</con:targetStep>
        <con:upgraded>true</con:upgraded>
      </con:transfers>
      <con:transfers setNullOnMissingSource="true" transferTextContent="true" failOnError="true" ignoreEmpty="false" transferToAll="false" entitize="false" transferChildNodes="false">
        <con:name>quantity</con:name>
        <con:sourceType>quantity</con:sourceType>
        <con:sourceStep>Given properties for the test steps</con:sourceStep>
        <con:targetType>req_quantity</con:targetType>
        <con:targetStep>Add nonserialized stockIn item 2</con:targetStep>
        <con:upgraded>true</con:upgraded>
      </con:transfers>
    </con:config>
  </con:testStep>
  <con:testStep type="calltestcase" name="Add nonserialized stockIn item 2" id="2a4aaf0e-b1c1-4c27-9c38-f63752afa17c">
    <con:settings/>
    <con:config xsi:type="con:RunTestCaseStep" xmlns:xsi="http://www.w3.org/2001/XMLSchema-instance">
      <con:targetTestCase>1df0a954-3f76-4a4e-bd4b-aa3504f4ccf7</con:targetTestCase>
      <con:properties>
        <con:property>
          <con:name>req_biId</con:name>
          <con:value>12391</con:value>
        </con:property>
        <con:property>
          <con:name>req_prodSpecExtId</con:name>
          <con:value>EXT-APPLMOUSE-1</con:value>
        </con:property>
        <con:property>
          <con:name>req_placeId</con:name>
          <con:value>198</con:value>
        </con:property>
        <con:property>
          <con:name>req_description</con:name>
          <con:value>productDesc-${=java.util.UUID.randomUUID()}</con:value>
        </con:property>
        <con:property>
          <con:name>req_charExtId1</con:name>
          <con:value>7</con:value>
        </con:property>
        <con:property>
          <con:name>req_charValueExtId1</con:name>
          <con:value>17-EXT</con:value>
        </con:property>
        <con:property>
          <con:name>req_serialText</con:name>
        </con:property>
        <con:property>
          <con:name>res_itemId</con:name>
          <con:value>1896</con:value>
        </con:property>
        <con:property>
          <con:name>res_code</con:name>
          <con:value xsi:nil="true"/>
        </con:property>
        <con:property>
          <con:name>res_errorMessage</con:name>
          <con:value xsi:nil="true"/>
        </con:property>
        <con:property>
          <con:name>req_prodStatus</con:name>
          <con:value>1</con:value>
        </con:property>
        <con:property>
          <con:name>req_quantity</con:name>
          <con:value>368</con:value>
        </con:property>
        <con:property>
          <con:name>req_batchId</con:name>
        </con:property>
        <con:property>
          <con:name>res_httpStatus</con:name>
        </con:property>
      </con:properties>
      <con:returnProperties>
        <con:entry>res_itemId</con:entry>
        <con:entry>res_code</con:entry>
        <con:entry>res_errorMessage</con:entry>
      </con:returnProperties>
      <con:runMode>PARALLELL</con:runMode>
    </con:config>
  </con:testStep>
  <con:testStep type="assertionteststep" name="Assertion add nonserialized stockIn item 2" id="0ac4d940-ed6a-41da-a95b-b4aeeed3190d">
    <con:settings/>
    <con:config xsi:type="con:AssertionTestStep" xmlns:xsi="http://www.w3.org/2001/XMLSchema-instance">
      <con:entry>
        <con:id>312433bb-2bd4-4798-b7cf-da36d4ef7eb0</con:id>
        <con:isGroup>false</con:isGroup>
        <con:sourceId>2a4aaf0e-b1c1-4c27-9c38-f63752afa17c</con:sourceId>
        <con:propertyName>res_itemId</con:propertyName>
        <con:assertion type="Simple Contains" name="Contains" id="02494a0a-903b-48da-a5a0-3182df22cf52">
          <con:configuration>
            <token>\d+</token>
            <ignoreCase>false</ignoreCase>
            <useRegEx>true</useRegEx>
          </con:configuration>
        </con:assertion>
      </con:entry>
    </con:config>
  </con:testStep>
  <con:testStep type="datasource" name="DataSource for serialized product creation 2" id="ce9e9144-2189-4cff-982b-c1a9aa84f9ce">
    <con:settings/>
    <con:config xsi:type="con:DataSourceStep" xmlns:xsi="http://www.w3.org/2001/XMLSchema-instance">
      <con:dataSource type="Grid">
        <con:configuration>
          <check>&lt;con:entry xmlns:con="http://eviware.com/soapui/config">true&lt;/con:entry></check>
          <row><![CDATA[<xml-fragment><con:entry xmlns:con="http://eviware.com/soapui/config">IPHONE 6S 4.7' 32GB A7</con:entry><con:entry xmlns:con="http://eviware.com/soapui/config">EXT-IPHONE6S-1</con:entry><con:entry xmlns:con="http://eviware.com/soapui/config">CODE-IPHONE6S-1</con:entry><con:entry xmlns:con="http://eviware.com/soapui/config">${#TestCase#req_quantity}</con:entry><con:entry xmlns:con="http://eviware.com/soapui/config">1</con:entry><con:entry xmlns:con="http://eviware.com/soapui/config">1</con:entry><con:entry xmlns:con="http://eviware.com/soapui/config">1-EXT</con:entry><con:entry xmlns:con="http://eviware.com/soapui/config">2</con:entry><con:entry xmlns:con="http://eviware.com/soapui/config">5-EXT</con:entry><con:entry xmlns:con="http://eviware.com/soapui/config">3</con:entry><con:entry xmlns:con="http://eviware.com/soapui/config">8-EXT</con:entry><con:entry xmlns:con="http://eviware.com/soapui/config"/><con:entry xmlns:con="http://eviware.com/soapui/config"/><con:entry xmlns:con="http://eviware.com/soapui/config">11-EXT</con:entry><con:entry xmlns:con="http://eviware.com/soapui/config">21-EXT</con:entry><con:entry xmlns:con="http://eviware.com/soapui/config">12-EXT</con:entry><con:entry xmlns:con="http://eviware.com/soapui/config">100</con:entry></xml-fragment>]]></row>
        </con:configuration>
      </con:dataSource>
      <con:property>description</con:property>
      <con:property>prodSpecExtId</con:property>
      <con:property>productSpecCode</con:property>
      <con:property>quantity</con:property>
      <con:property>prodStatus</con:property>
      <con:property>charExtId1</con:property>
      <con:property>charValueExtId1</con:property>
      <con:property>charExtId2</con:property>
      <con:property>charValueExtId2</con:property>
      <con:property>charExtId3</con:property>
      <con:property>charValueExtId3</con:property>
      <con:property>charExtId4</con:property>
      <con:property>charValueExtId4</con:property>
      <con:property>charExtId5</con:property>
      <con:property>charValueExtId5</con:property>
      <con:property>charExtId6</con:property>
      <con:property>charValueExtId6</con:property>
      <con:startRow/>
      <con:endRow/>
      <con:recordsPerIteration>1</con:recordsPerIteration>
      <con:completeLastOperation>true</con:completeLastOperation>
      <con:trimValues>false</con:trimValues>
      <con:entitizeValues>false</con:entitizeValues>
      <con:restartOnRun>true</con:restartOnRun>
      <con:expandProperties>false</con:expandProperties>
    </con:config>
  </con:testStep>
  <con:testStep type="datagen" name="DataGen startSerial 2" id="8df90aae-5520-45ff-87db-3cb9f3f93c67">
    <con:settings/>
    <con:config xsi:type="con:DataGeneratorStep" xmlns:xsi="http://www.w3.org/2001/XMLSchema-instance">
      <con:property type="Script">
        <con:configuration>
          <script>def startSerialNumber = context.expand( '${Given properties for the test steps#startSerialNumber}' ).toInteger();
def quantity = context.expand( '${Add serialized stockIn item#req_quantity}' ).toInteger();
return  startSerialNumber + quantity;</script>
        </con:configuration>
        <con:name>startSerial</con:name>
        <con:mode>STEP</con:mode>
        <con:shared>true</con:shared>
      </con:property>
    </con:config>
  </con:testStep>
  <con:testStep type="transfer" name="Set add serialized stockIn item 2" id="90c26be1-00af-4174-8423-4366ebf5a644">
    <con:settings/>
    <con:config xsi:type="con:PropertyTransfersStep" xmlns:xsi="http://www.w3.org/2001/XMLSchema-instance">
      <con:transfers setNullOnMissingSource="true" transferTextContent="true" failOnError="true" ignoreEmpty="false" transferToAll="false" entitize="false" transferChildNodes="false">
        <con:name>biId</con:name>
        <con:sourceType>biId</con:sourceType>
        <con:sourceStep>Given properties for the test steps</con:sourceStep>
        <con:sourcePath/>
        <con:targetType>req_biId</con:targetType>
        <con:targetStep>Add serialized stockIn item 2</con:targetStep>
        <con:targetPath/>
        <con:upgraded>true</con:upgraded>
      </con:transfers>
      <con:transfers setNullOnMissingSource="true" transferTextContent="true" failOnError="true" ignoreEmpty="false" transferToAll="false" entitize="false" transferChildNodes="false">
        <con:name>productSpecExtId</con:name>
        <con:sourceType>prodSpecExtId</con:sourceType>
        <con:sourceStep>DataSource for serialized product creation</con:sourceStep>
        <con:targetType>req_prodSpecExtId</con:targetType>
        <con:targetStep>Add serialized stockIn item 2</con:targetStep>
        <con:upgraded>true</con:upgraded>
      </con:transfers>
      <con:transfers setNullOnMissingSource="true" transferTextContent="true" failOnError="true" ignoreEmpty="false" transferToAll="false" entitize="false" transferChildNodes="false">
        <con:name>placeId</con:name>
        <con:sourceType>placeId</con:sourceType>
        <con:sourceStep>Given properties for the test steps</con:sourceStep>
        <con:targetType>req_placeId</con:targetType>
        <con:targetStep>Add serialized stockIn item 2</con:targetStep>
        <con:upgraded>true</con:upgraded>
      </con:transfers>
      <con:transfers setNullOnMissingSource="true" transferTextContent="true" failOnError="true" ignoreEmpty="false" transferToAll="false" entitize="false" transferChildNodes="false">
        <con:name>description</con:name>
        <con:sourceType>productDesc</con:sourceType>
        <con:sourceStep>Given properties for the test steps</con:sourceStep>
        <con:targetType>req_description</con:targetType>
        <con:targetStep>Add serialized stockIn item 2</con:targetStep>
        <con:upgraded>true</con:upgraded>
      </con:transfers>
      <con:transfers setNullOnMissingSource="true" transferTextContent="true" failOnError="true" ignoreEmpty="false" transferToAll="false" entitize="false" transferChildNodes="false">
        <con:name>productStatus</con:name>
        <con:sourceType>prodStatus</con:sourceType>
        <con:sourceStep>DataSource for serialized product creation</con:sourceStep>
        <con:targetType>req_prodStatus</con:targetType>
        <con:targetStep>Add serialized stockIn item 2</con:targetStep>
        <con:upgraded>true</con:upgraded>
      </con:transfers>
      <con:transfers setNullOnMissingSource="true" transferTextContent="true" failOnError="true" ignoreEmpty="false" transferToAll="false" entitize="false" transferChildNodes="false">
        <con:name>quantity</con:name>
        <con:sourceType>quantity</con:sourceType>
        <con:sourceStep>Given properties for the test steps</con:sourceStep>
        <con:targetType>req_quantity</con:targetType>
        <con:targetStep>Add serialized stockIn item 2</con:targetStep>
        <con:upgraded>true</con:upgraded>
      </con:transfers>
      <con:transfers setNullOnMissingSource="true" transferTextContent="true" failOnError="true" ignoreEmpty="false" transferToAll="false" entitize="false" transferChildNodes="false">
        <con:name>startSerialNumber</con:name>
        <con:sourceType>startSerial</con:sourceType>
        <con:sourceStep>DataGen startSerial 2</con:sourceStep>
        <con:targetType>req_startSerialNumber</con:targetType>
        <con:targetStep>Add serialized stockIn item 2</con:targetStep>
        <con:upgraded>true</con:upgraded>
      </con:transfers>
      <con:transfers setNullOnMissingSource="true" transferTextContent="true" failOnError="true" ignoreEmpty="false" transferToAll="false" entitize="false" transferChildNodes="false">
        <con:name>charExtId1</con:name>
        <con:sourceType>charExtId1</con:sourceType>
        <con:sourceStep>DataSource for serialized product creation</con:sourceStep>
        <con:targetType>req_charExtId1</con:targetType>
        <con:targetStep>Add serialized stockIn item 2</con:targetStep>
        <con:upgraded>true</con:upgraded>
      </con:transfers>
      <con:transfers setNullOnMissingSource="true" transferTextContent="true" failOnError="true" ignoreEmpty="false" transferToAll="false" entitize="false" transferChildNodes="false">
        <con:name>charExtId2</con:name>
        <con:sourceType>charExtId2</con:sourceType>
        <con:sourceStep>DataSource for serialized product creation</con:sourceStep>
        <con:targetType>req_charExtId2</con:targetType>
        <con:targetStep>Add serialized stockIn item 2</con:targetStep>
        <con:upgraded>true</con:upgraded>
      </con:transfers>
      <con:transfers setNullOnMissingSource="true" transferTextContent="true" failOnError="true" ignoreEmpty="false" transferToAll="false" entitize="false" transferChildNodes="false">
        <con:name>charExtId3</con:name>
        <con:sourceType>charExtId3</con:sourceType>
        <con:sourceStep>DataSource for serialized product creation</con:sourceStep>
        <con:targetType>req_charExtId3</con:targetType>
        <con:targetStep>Add serialized stockIn item 2</con:targetStep>
        <con:upgraded>true</con:upgraded>
      </con:transfers>
      <con:transfers setNullOnMissingSource="true" transferTextContent="true" failOnError="true" ignoreEmpty="false" transferToAll="false" entitize="false" transferChildNodes="false">
        <con:name>charExtId4</con:name>
        <con:sourceType>charExtId4</con:sourceType>
        <con:sourceStep>DataSource for serialized product creation</con:sourceStep>
        <con:targetType>req_charExtId4</con:targetType>
        <con:targetStep>Add serialized stockIn item 2</con:targetStep>
        <con:upgraded>true</con:upgraded>
      </con:transfers>
      <con:transfers setNullOnMissingSource="true" transferTextContent="true" failOnError="true" ignoreEmpty="false" transferToAll="false" entitize="false" transferChildNodes="false">
        <con:name>charExtId5</con:name>
        <con:sourceType>charExtId5</con:sourceType>
        <con:sourceStep>DataSource for serialized product creation</con:sourceStep>
        <con:targetType>req_charExtId5</con:targetType>
        <con:targetStep>Add serialized stockIn item 2</con:targetStep>
        <con:upgraded>true</con:upgraded>
      </con:transfers>
      <con:transfers setNullOnMissingSource="true" transferTextContent="true" failOnError="true" ignoreEmpty="false" transferToAll="false" entitize="false" transferChildNodes="false">
        <con:name>charExtId6</con:name>
        <con:sourceType>charExtId6</con:sourceType>
        <con:sourceStep>DataSource for serialized product creation</con:sourceStep>
        <con:targetType>req_charExtId6</con:targetType>
        <con:targetStep>Add serialized stockIn item 2</con:targetStep>
        <con:upgraded>true</con:upgraded>
      </con:transfers>
      <con:transfers setNullOnMissingSource="true" transferTextContent="true" failOnError="true" ignoreEmpty="false" transferToAll="false" entitize="false" transferChildNodes="false">
        <con:name>charValueExtId1</con:name>
        <con:sourceType>charValueExtId1</con:sourceType>
        <con:sourceStep>DataSource for serialized product creation</con:sourceStep>
        <con:targetType>req_charValueExtId1</con:targetType>
        <con:targetStep>Add serialized stockIn item 2</con:targetStep>
        <con:upgraded>true</con:upgraded>
      </con:transfers>
      <con:transfers setNullOnMissingSource="true" transferTextContent="true" failOnError="true" ignoreEmpty="false" transferToAll="false" entitize="false" transferChildNodes="false">
        <con:name>charValueExtId2</con:name>
        <con:sourceType>charValueExtId2</con:sourceType>
        <con:sourceStep>DataSource for serialized product creation</con:sourceStep>
        <con:targetType>req_charValueExtId2</con:targetType>
        <con:targetStep>Add serialized stockIn item 2</con:targetStep>
        <con:upgraded>true</con:upgraded>
      </con:transfers>
      <con:transfers setNullOnMissingSource="true" transferTextContent="true" failOnError="true" ignoreEmpty="false" transferToAll="false" entitize="false" transferChildNodes="false">
        <con:name>charValueExtId3</con:name>
        <con:sourceType>charValueExtId3</con:sourceType>
        <con:sourceStep>DataSource for serialized product creation</con:sourceStep>
        <con:targetType>req_charValueExtId3</con:targetType>
        <con:targetStep>Add serialized stockIn item 2</con:targetStep>
        <con:upgraded>true</con:upgraded>
      </con:transfers>
      <con:transfers setNullOnMissingSource="true" transferTextContent="true" failOnError="true" ignoreEmpty="false" transferToAll="false" entitize="false" transferChildNodes="false">
        <con:name>charValueExtId4</con:name>
        <con:sourceType>charValueExtId4</con:sourceType>
        <con:sourceStep>DataSource for serialized product creation</con:sourceStep>
        <con:targetType>req_charValueExtId4</con:targetType>
        <con:targetStep>Add serialized stockIn item 2</con:targetStep>
        <con:upgraded>true</con:upgraded>
      </con:transfers>
      <con:transfers setNullOnMissingSource="true" transferTextContent="true" failOnError="true" ignoreEmpty="false" transferToAll="false" entitize="false" transferChildNodes="false">
        <con:name>charValueExtId5</con:name>
        <con:sourceType>charValueExtId5</con:sourceType>
        <con:sourceStep>DataSource for serialized product creation</con:sourceStep>
        <con:targetType>req_charValueExtId5</con:targetType>
        <con:targetStep>Add serialized stockIn item 2</con:targetStep>
        <con:upgraded>true</con:upgraded>
      </con:transfers>
      <con:transfers setNullOnMissingSource="true" transferTextContent="true" failOnError="true" ignoreEmpty="false" transferToAll="false" entitize="false" transferChildNodes="false">
        <con:name>charValueExtId6</con:name>
        <con:sourceType>charValueExtId6</con:sourceType>
        <con:sourceStep>DataSource for serialized product creation</con:sourceStep>
        <con:targetType>req_charValueExtId6</con:targetType>
        <con:targetStep>Add serialized stockIn item 2</con:targetStep>
        <con:upgraded>true</con:upgraded>
      </con:transfers>
    </con:config>
  </con:testStep>
  <con:testStep type="calltestcase" name="Add serialized stockIn item 2" id="b3adb3d9-ed78-4d95-948f-554a85910ef3">
    <con:settings/>
    <con:config xsi:type="con:RunTestCaseStep" xmlns:xsi="http://www.w3.org/2001/XMLSchema-instance">
      <con:targetTestCase>6bd1934a-177f-4060-ae9c-cb6238b88203</con:targetTestCase>
      <con:properties>
        <con:property>
          <con:name>req_biId</con:name>
          <con:value>12391</con:value>
        </con:property>
        <con:property>
          <con:name>req_prodSpecExtId</con:name>
          <con:value>EXT-IPHONE6S-1</con:value>
        </con:property>
        <con:property>
          <con:name>req_quantity</con:name>
          <con:value>368</con:value>
        </con:property>
        <con:property>
          <con:name>req_placeId</con:name>
          <con:value>198</con:value>
        </con:property>
        <con:property>
          <con:name>req_prodStatus</con:name>
          <con:value>1</con:value>
        </con:property>
        <con:property>
          <con:name>req_description</con:name>
          <con:value>productDesc-${=java.util.UUID.randomUUID()}</con:value>
        </con:property>
        <con:property>
          <con:name>req_startSerialNumber</con:name>
          <con:value>24815460</con:value>
        </con:property>
        <con:property>
          <con:name>req_charExtId1</con:name>
          <con:value>1</con:value>
        </con:property>
        <con:property>
          <con:name>req_charValueExtId1</con:name>
          <con:value>1-EXT</con:value>
        </con:property>
        <con:property>
          <con:name>req_charExtId2</con:name>
          <con:value>2</con:value>
        </con:property>
        <con:property>
          <con:name>req_charValueExtId2</con:name>
          <con:value>5-EXT</con:value>
        </con:property>
        <con:property>
          <con:name>req_charExtId3</con:name>
          <con:value>3</con:value>
        </con:property>
        <con:property>
          <con:name>req_charValueExtId3</con:name>
          <con:value>8-EXT</con:value>
        </con:property>
        <con:property>
          <con:name>res_itemId</con:name>
          <con:value>1898</con:value>
        </con:property>
        <con:property>
          <con:name>res_code</con:name>
          <con:value xsi:nil="true"/>
        </con:property>
        <con:property>
          <con:name>res_errorMessage</con:name>
          <con:value xsi:nil="true"/>
        </con:property>
        <con:property>
          <con:name>req_charExtId4</con:name>
          <con:value/>
        </con:property>
        <con:property>
          <con:name>req_charValueExtId4</con:name>
          <con:value/>
        </con:property>
        <con:property>
          <con:name>req_charExtId5</con:name>
          <con:value>11-EXT</con:value>
        </con:property>
        <con:property>
          <con:name>req_charValueExtId5</con:name>
          <con:value>21-EXT</con:value>
        </con:property>
        <con:property>
          <con:name>req_charExtId6</con:name>
          <con:value>12-EXT</con:value>
        </con:property>
        <con:property>
          <con:name>req_charValueExtId6</con:name>
          <con:value>100</con:value>
        </con:property>
        <con:property>
          <con:name>req_batchId</con:name>
        </con:property>
      </con:properties>
      <con:returnProperties>
        <con:entry>res_itemId</con:entry>
        <con:entry>res_code</con:entry>
        <con:entry>res_errorMessage</con:entry>
      </con:returnProperties>
      <con:runMode>PARALLELL</con:runMode>
    </con:config>
  </con:testStep>
  <con:testStep type="assertionteststep" name="Assertion add serialized stockIn item 2" id="87b789fd-c8b3-468d-8418-69d3bb3f1c94">
    <con:settings/>
    <con:config xsi:type="con:AssertionTestStep" xmlns:xsi="http://www.w3.org/2001/XMLSchema-instance">
      <con:entry>
        <con:id>45d15ecf-47b9-46df-b72e-b56d607375ce</con:id>
        <con:isGroup>false</con:isGroup>
        <con:sourceId>b3adb3d9-ed78-4d95-948f-554a85910ef3</con:sourceId>
        <con:propertyName>res_itemId</con:propertyName>
        <con:assertion type="Simple Contains" name="Contains" id="f6a5fd7b-0737-46c7-bc95-16388717917d">
          <con:configuration>
            <token>\d+</token>
            <ignoreCase>false</ignoreCase>
            <useRegEx>true</useRegEx>
          </con:configuration>
        </con:assertion>
      </con:entry>
    </con:config>
  </con:testStep>
  <con:testStep type="transfer" name="Set submit stockIn item success 2" id="58a93294-4882-489a-8202-40bc58bb6a0e">
    <con:settings/>
    <con:config xsi:type="con:PropertyTransfersStep" xmlns:xsi="http://www.w3.org/2001/XMLSchema-instance">
      <con:transfers setNullOnMissingSource="true" transferTextContent="true" failOnError="true" ignoreEmpty="false" transferToAll="false" entitize="false" transferChildNodes="false">
        <con:name>biId</con:name>
        <con:sourceType>biId</con:sourceType>
        <con:sourceStep>Given properties for the test steps</con:sourceStep>
        <con:sourcePath/>
        <con:targetType>req_biId</con:targetType>
        <con:targetStep>Submit stockIn item success 2</con:targetStep>
        <con:targetPath/>
        <con:upgraded>true</con:upgraded>
      </con:transfers>
    </con:config>
  </con:testStep>
  <con:testStep type="calltestcase" name="Submit stockIn item success 2" id="0900de24-712f-4e79-8637-2452bf3ad2ff">
    <con:settings/>
    <con:config xsi:type="con:RunTestCaseStep" xmlns:xsi="http://www.w3.org/2001/XMLSchema-instance">
      <con:targetTestCase>c6afe465-b867-4e9f-9e55-596671d41d0a</con:targetTestCase>
      <con:properties>
        <con:property>
          <con:name>req_biId</con:name>
          <con:value>12391</con:value>
        </con:property>
        <con:property>
          <con:name>res_biId</con:name>
          <con:value>12391</con:value>
        </con:property>
        <con:property>
          <con:name>res_code</con:name>
          <con:value xsi:nil="true"/>
        </con:property>
        <con:property>
          <con:name>res_errorMessage</con:name>
          <con:value xsi:nil="true"/>
        </con:property>
        <con:property>
          <con:name>res_httpStatusCode</con:name>
        </con:property>
      </con:properties>
      <con:returnProperties>
        <con:entry>res_biId</con:entry>
        <con:entry>res_code</con:entry>
        <con:entry>res_errorMessage</con:entry>
      </con:returnProperties>
      <con:runMode>PARALLELL</con:runMode>
    </con:config>
  </con:testStep>
  <con:testStep type="assertionteststep" name="Assertion submit stockIn item success 2" id="b019c2cb-80e0-4ce4-813b-3ba0e1ce05e4">
    <con:settings/>
    <con:config xsi:type="con:AssertionTestStep" xmlns:xsi="http://www.w3.org/2001/XMLSchema-instance">
      <con:entry>
        <con:id>a0468832-6117-4525-8c45-10ed8e24d6e2</con:id>
        <con:isGroup>false</con:isGroup>
        <con:sourceId>0900de24-712f-4e79-8637-2452bf3ad2ff</con:sourceId>
        <con:propertyName>res_biId</con:propertyName>
        <con:assertion type="Simple Equals" name="Equals" id="fac5b60a-8a76-42fa-aa86-679a19d1350c">
          <con:configuration>
            <patternObjectId>0900de24-712f-4e79-8637-2452bf3ad2ff</patternObjectId>
            <patternProperty>req_biId</patternProperty>
            <caseSensitive>false</caseSensitive>
          </con:configuration>
        </con:assertion>
      </con:entry>
    </con:config>
  </con:testStep>
  <con:testStep type="transfer" name="Set display stockIn bi with nonExisting biId" id="f2250b21-c425-4ced-874d-e99f65e78e14">
    <con:settings/>
    <con:config xsi:type="con:PropertyTransfersStep" xmlns:xsi="http://www.w3.org/2001/XMLSchema-instance">
      <con:transfers setNullOnMissingSource="true" transferTextContent="true" failOnError="true" ignoreEmpty="false" transferToAll="false" entitize="false" transferChildNodes="false">
        <con:name>biId</con:name>
        <con:sourceType>negative</con:sourceType>
        <con:sourceStep>Given properties for the test steps</con:sourceStep>
        <con:sourcePath/>
        <con:targetType>req_biId</con:targetType>
        <con:targetStep>Display stockIn bi nonExisting biId</con:targetStep>
        <con:targetPath/>
        <con:upgraded>true</con:upgraded>
      </con:transfers>
    </con:config>
  </con:testStep>
  <con:testStep type="calltestcase" name="Display stockIn bi nonExisting biId" id="b945a3cc-a524-4bb2-901b-e6c63e908593">
    <con:settings/>
    <con:config xsi:type="con:RunTestCaseStep" xmlns:xsi="http://www.w3.org/2001/XMLSchema-instance">
      <con:targetTestCase>23c105c1-e15f-4ce4-8f04-c5a3f5541b68</con:targetTestCase>
      <con:properties>
        <con:property>
          <con:name>req_biId</con:name>
          <con:value>-1</con:value>
        </con:property>
        <con:property>
          <con:name>res_stockInBI</con:name>
          <con:value>{"code":"404","description":"HTTP 404 Not Found","errorDetails":"HTTP 404 Not Found","errorMessage":"404","httpStatusCode":"404","httpStatusCodeDescription":"HTTP 404 Not Found"}</con:value>
        </con:property>
        <con:property>
          <con:name>res_biId</con:name>
          <con:value xsi:nil="true"/>
        </con:property>
        <con:property>
          <con:name>res_state</con:name>
          <con:value xsi:nil="true"/>
        </con:property>
        <con:property>
          <con:name>res_mainState</con:name>
          <con:value xsi:nil="true"/>
        </con:property>
        <con:property>
          <con:name>res_errorMessage</con:name>
        </con:property>
        <con:property>
          <con:name>res_httpStatusCode</con:name>
        </con:property>
      </con:properties>
      <con:returnProperties>
        <con:entry>res_stockInBI</con:entry>
        <con:entry>res_biId</con:entry>
        <con:entry>res_state</con:entry>
        <con:entry>res_mainState</con:entry>
      </con:returnProperties>
      <con:runMode>PARALLELL</con:runMode>
    </con:config>
  </con:testStep>
  <con:testStep type="assertionteststep" name="Assertion display stockIn bi nonExisting biId" id="bfc995f2-d42a-4f57-8650-3098d2db976b">
    <con:settings/>
    <con:config xsi:type="con:AssertionTestStep" xmlns:xsi="http://www.w3.org/2001/XMLSchema-instance">
      <con:entry>
        <con:id>91785388-bd7a-4282-b00f-fef786255289</con:id>
        <con:isGroup>false</con:isGroup>
        <con:sourceId>b945a3cc-a524-4bb2-901b-e6c63e908593</con:sourceId>
        <con:propertyName>res_stockInBI</con:propertyName>
        <con:assertion type="Simple Equals" name="Equals" id="10243dda-ec15-4cbb-bd45-7f4388443b11">
          <con:configuration>
            <patternText>{"code":"404","description":"HTTP 404 Not Found","errorDetails":"HTTP 404 Not Found","errorMessage":"404","httpStatusCode":"404","httpStatusCodeDescription":"HTTP 404 Not Found"}</patternText>
            <caseSensitive>true</caseSensitive>
          </con:configuration>
        </con:assertion>
      </con:entry>
    </con:config>
  </con:testStep>
  <con:testStep type="transfer" name="Set display stockIn bi 2" id="eb1fd244-cdb3-44c0-818b-3e1fd95e40c9">
    <con:settings/>
    <con:config xsi:type="con:PropertyTransfersStep" xmlns:xsi="http://www.w3.org/2001/XMLSchema-instance">
      <con:transfers setNullOnMissingSource="true" transferTextContent="true" failOnError="true" ignoreEmpty="false" transferToAll="false" entitize="false" transferChildNodes="false">
        <con:name>biId</con:name>
        <con:sourceType>biId</con:sourceType>
        <con:sourceStep>Given properties for the test steps</con:sourceStep>
        <con:sourcePath/>
        <con:targetType>req_biId</con:targetType>
        <con:targetStep>Display stockIn bi 2</con:targetStep>
        <con:targetPath/>
        <con:upgraded>true</con:upgraded>
      </con:transfers>
    </con:config>
  </con:testStep>
  <con:testStep type="calltestcase" name="Display stockIn bi 2" id="8eeca442-c4c2-4a38-9ab7-91d2705ee5b6">
    <con:settings/>
    <con:config xsi:type="con:RunTestCaseStep" xmlns:xsi="http://www.w3.org/2001/XMLSchema-instance">
      <con:targetTestCase>23c105c1-e15f-4ce4-8f04-c5a3f5541b68</con:targetTestCase>
      <con:properties>
        <con:property>
          <con:name>req_biId</con:name>
          <con:value>12391</con:value>
        </con:property>
        <con:property>
          <con:name>res_stockInBI</con:name>
          <con:value>{"businessInteractionType":1,"code":"STI-12391","description":"Stock In at [name-so-344367ce-7b20-49cd-bb17-8144c7945821] by [John Smith]","mainState":"Closed","state":"Closed","createdDate":"2018-03-13T11:28:16.754Z","preventUpdateFromOtherSystem":false,"id":"12391"}</con:value>
        </con:property>
        <con:property>
          <con:name>res_biId</con:name>
          <con:value>12391</con:value>
        </con:property>
        <con:property>
          <con:name>res_state</con:name>
          <con:value>Closed</con:value>
        </con:property>
        <con:property>
          <con:name>res_mainState</con:name>
          <con:value>Closed</con:value>
        </con:property>
        <con:property>
          <con:name>res_errorMessage</con:name>
        </con:property>
        <con:property>
          <con:name>res_httpStatusCode</con:name>
        </con:property>
      </con:properties>
      <con:returnProperties>
        <con:entry>res_stockInBI</con:entry>
        <con:entry>res_biId</con:entry>
        <con:entry>res_state</con:entry>
        <con:entry>res_mainState</con:entry>
      </con:returnProperties>
      <con:runMode>PARALLELL</con:runMode>
    </con:config>
  </con:testStep>
  <con:testStep type="assertionteststep" name="Assertion display stockIn bi 2" id="214f3e4a-bb90-46ff-a0f3-01b16b9b22e9">
    <con:settings/>
    <con:config xsi:type="con:AssertionTestStep" xmlns:xsi="http://www.w3.org/2001/XMLSchema-instance">
      <con:entry>
        <con:id>2ce7f59d-7d8c-4f11-8fb2-79a91cca1472</con:id>
        <con:isGroup>false</con:isGroup>
        <con:sourceId>8eeca442-c4c2-4a38-9ab7-91d2705ee5b6</con:sourceId>
        <con:propertyName>res_state</con:propertyName>
        <con:assertion type="Simple Equals" name="Equals" id="f9e9b571-5ad8-4dc7-9377-d7a3f3775709">
          <con:configuration>
            <patternObjectId>f76519cf-133d-40b7-a12d-0c647a3bbbd1</patternObjectId>
            <patternProperty>stateClosed</patternProperty>
            <caseSensitive>true</caseSensitive>
          </con:configuration>
        </con:assertion>
      </con:entry>
      <con:entry>
        <con:id>cd274b72-75f9-4813-acbe-285a396fb8d4</con:id>
        <con:isGroup>false</con:isGroup>
        <con:sourceId>8eeca442-c4c2-4a38-9ab7-91d2705ee5b6</con:sourceId>
        <con:propertyName>res_mainState</con:propertyName>
        <con:assertion type="Simple Equals" name="Equals 2" id="5921b72e-fb87-45e0-8acc-42c640730990">
          <con:configuration>
            <patternObjectId>f76519cf-133d-40b7-a12d-0c647a3bbbd1</patternObjectId>
            <patternProperty>stateClosed</patternProperty>
            <caseSensitive>true</caseSensitive>
          </con:configuration>
        </con:assertion>
      </con:entry>
      <con:entry>
        <con:id>54aad052-eed0-4a3b-92f8-b6b049560628</con:id>
        <con:isGroup>false</con:isGroup>
        <con:sourceId>8eeca442-c4c2-4a38-9ab7-91d2705ee5b6</con:sourceId>
        <con:propertyName>res_biId</con:propertyName>
        <con:assertion type="Simple Equals" name="Equals 3" id="d6c4283e-13ec-4641-a503-93adc63dbf6a">
          <con:configuration>
            <patternObjectId>8eeca442-c4c2-4a38-9ab7-91d2705ee5b6</patternObjectId>
            <patternProperty>req_biId</patternProperty>
            <caseSensitive>true</caseSensitive>
          </con:configuration>
        </con:assertion>
      </con:entry>
    </con:config>
  </con:testStep>
  <con:testStep type="datasource" name="DataSource display product 2" id="de179b15-f013-40e2-af88-eb2c7e09a72d">
    <con:settings/>
    <con:config xsi:type="con:DataSourceStep" xmlns:xsi="http://www.w3.org/2001/XMLSchema-instance">
      <con:dataSource type="Grid">
        <con:configuration>
          <check><![CDATA[<xml-fragment><con:entry xmlns:con="http://eviware.com/soapui/config">true</con:entry><con:entry xmlns:con="http://eviware.com/soapui/config">true</con:entry></xml-fragment>]]></check>
          <row><![CDATA[<xml-fragment><con:entry xmlns:con="http://eviware.com/soapui/config">${DataSource for nonserialized product creation#productSpecCode}</con:entry><con:entry xmlns:con="http://eviware.com/soapui/config">${DataSource for nonserialized product creation#prodSpecExtId}</con:entry><con:entry xmlns:con="http://eviware.com/soapui/config">${Display stock level by product spec ext id 5#res_quantity}</con:entry><con:entry xmlns:con="http://eviware.com/soapui/config">${Add nonserialized stockIn item 2#req_quantity}</con:entry><con:entry xmlns:con="http://eviware.com/soapui/config"/><con:entry xmlns:con="http://eviware.com/soapui/config"/></xml-fragment>]]></row>
          <row><![CDATA[<xml-fragment><con:entry xmlns:con="http://eviware.com/soapui/config">${DataSource for serialized product creation#productSpecCode}</con:entry><con:entry xmlns:con="http://eviware.com/soapui/config">${DataSource for serialized product creation#prodSpecExtId}</con:entry><con:entry xmlns:con="http://eviware.com/soapui/config">${Add serialized stockIn item#req_quantity}</con:entry><con:entry xmlns:con="http://eviware.com/soapui/config">${Add nonserialized stockIn item 2#req_quantity}</con:entry><con:entry xmlns:con="http://eviware.com/soapui/config"/><con:entry xmlns:con="http://eviware.com/soapui/config"/></xml-fragment>]]></row>
        </con:configuration>
      </con:dataSource>
      <con:property>productSpecCode</con:property>
      <con:property>productSpecExtId</con:property>
      <con:property>quantity1</con:property>
      <con:property>quantity2</con:property>
      <con:completeLastOperation>true</con:completeLastOperation>
      <con:restartOnRun>true</con:restartOnRun>
    </con:config>
  </con:testStep>
  <con:testStep type="datagen" name="DataGen product info 2" id="635d1ce0-718c-41ca-8095-9e264721fbc6">
    <con:settings/>
    <con:config xsi:type="con:DataGeneratorStep" xmlns:xsi="http://www.w3.org/2001/XMLSchema-instance">
      <con:property type="Script">
        <con:configuration>
          <script>def quantity1 = context.expand( '${DataSource display product 2#quantity1}' ).toInteger();
def quantity2 = context.expand( '${DataSource display product 2#quantity2}' ).toInteger();
return  quantity1 + quantity2;</script>
        </con:configuration>
        <con:name>quantity</con:name>
        <con:mode>STEP</con:mode>
        <con:shared>true</con:shared>
      </con:property>
    </con:config>
  </con:testStep>
  <con:testStep type="transfer" name="Set display stock level 2" id="7a3e6b7c-1a29-4702-925e-b0e3d314b5ed">
    <con:settings/>
    <con:config xsi:type="con:PropertyTransfersStep" xmlns:xsi="http://www.w3.org/2001/XMLSchema-instance">
      <con:transfers setNullOnMissingSource="true" transferTextContent="true" failOnError="true" ignoreEmpty="false" transferToAll="false" entitize="false" transferChildNodes="false">
        <con:name>placeId</con:name>
        <con:sourceType>placeId</con:sourceType>
        <con:sourceStep>Given properties for the test steps</con:sourceStep>
        <con:targetType>req_placeId</con:targetType>
        <con:targetStep>Display stock level by spec ext id 2</con:targetStep>
        <con:upgraded>true</con:upgraded>
      </con:transfers>
      <con:transfers setNullOnMissingSource="true" transferTextContent="true" failOnError="false" ignoreEmpty="false" transferToAll="false" entitize="false" transferChildNodes="false">
        <con:name>productSpecExtId</con:name>
        <con:sourceType>productSpecExtId</con:sourceType>
        <con:sourceStep>DataSource display product 2</con:sourceStep>
        <con:targetType>req_productSpecificationExternalId</con:targetType>
        <con:targetStep>Display stock level by spec ext id 2</con:targetStep>
        <con:upgraded>true</con:upgraded>
      </con:transfers>
    </con:config>
  </con:testStep>
  <con:testStep type="calltestcase" name="Display stock level by spec ext id 2" id="5a93ba69-ceb0-461b-b4bf-0ae59516332c">
    <con:settings/>
    <con:config xsi:type="con:RunTestCaseStep" xmlns:xsi="http://www.w3.org/2001/XMLSchema-instance">
      <con:targetTestCase>ae70f14b-9b62-4330-9f1f-32535bcddc8b</con:targetTestCase>
      <con:properties>
        <con:property>
          <con:name>req_placeId</con:name>
          <con:value>198</con:value>
        </con:property>
        <con:property>
          <con:name>req_productSpecCode</con:name>
          <con:value>${Add nonserialized stockIn item#req_quantity}</con:value>
        </con:property>
        <con:property>
          <con:name>req_productSpecArticle</con:name>
          <con:value/>
        </con:property>
        <con:property>
          <con:name>req_productStatus</con:name>
          <con:value xsi:nil="true"/>
        </con:property>
        <con:property>
          <con:name>req_includeLocked</con:name>
          <con:value xsi:nil="true"/>
        </con:property>
        <con:property>
          <con:name>req_productSpecificationExternalId</con:name>
          <con:value>${DataSource for serialized product creation#prodSpecExtId}</con:value>
        </con:property>
        <con:property>
          <con:name>res_placeId</con:name>
          <con:value>198</con:value>
        </con:property>
        <con:property>
          <con:name>res_productSpecificationId</con:name>
          <con:value>1</con:value>
        </con:property>
        <con:property>
          <con:name>res_productSpecificationExternalId</con:name>
          <con:value>EXT-IPHONE6S-1</con:value>
        </con:property>
        <con:property>
          <con:name>res_quantity</con:name>
          <con:value>736</con:value>
        </con:property>
        <con:property>
          <con:name>res_salesOrganizationId</con:name>
          <con:value>389</con:value>
        </con:property>
        <con:property>
          <con:name>res_totalQuantity</con:name>
          <con:value>736</con:value>
        </con:property>
        <con:property>
          <con:name>res_reservedQuantity</con:name>
          <con:value>0</con:value>
        </con:property>
        <con:property>
          <con:name>req_productId</con:name>
          <con:value xsi:nil="true"/>
        </con:property>
        <con:property>
          <con:name>res_code</con:name>
        </con:property>
        <con:property>
          <con:name>req_productSerialNumber</con:name>
        </con:property>
        <con:property>
          <con:name>req_productSerialText</con:name>
        </con:property>
        <con:property>
          <con:name>req_productSpecificationId</con:name>
        </con:property>
        <con:property>
          <con:name>req_parentSerialNumberText</con:name>
        </con:property>
        <con:property>
          <con:name>req_batchId</con:name>
        </con:property>
        <con:property>
          <con:name>req_country</con:name>
        </con:property>
        <con:property>
          <con:name>req_state</con:name>
        </con:property>
        <con:property>
          <con:name>req_city</con:name>
        </con:property>
        <con:property>
          <con:name>req_regionId</con:name>
        </con:property>
        <con:property>
          <con:name>res_fullResponse</con:name>
        </con:property>
        <con:property>
          <con:name>res_errorMessage</con:name>
        </con:property>
      </con:properties>
      <con:returnProperties>
        <con:entry>res_placeId</con:entry>
        <con:entry>res_productSpecificationId</con:entry>
        <con:entry>res_productSpecificationExternalId</con:entry>
        <con:entry>res_quantity</con:entry>
        <con:entry>res_salesOrganizationId</con:entry>
        <con:entry>res_totalQuantity</con:entry>
        <con:entry>res_reservedQuantity</con:entry>
      </con:returnProperties>
      <con:runMode>PARALLELL</con:runMode>
    </con:config>
  </con:testStep>
  <con:testStep type="assertionteststep" name="Assertion display stock level 2" id="ae21116b-0a73-41d4-8965-2fdc9aa93122">
    <con:settings/>
    <con:config xsi:type="con:AssertionTestStep" xmlns:xsi="http://www.w3.org/2001/XMLSchema-instance">
      <con:entry>
        <con:id>6e182e23-8997-42f2-97f1-770c44b95c5f</con:id>
        <con:isGroup>false</con:isGroup>
        <con:sourceId>5a93ba69-ceb0-461b-b4bf-0ae59516332c</con:sourceId>
        <con:propertyName>res_totalQuantity</con:propertyName>
        <con:assertion type="Simple Equals" name="Equals" id="ebcc0ff9-910a-4c79-ac30-b885c37c9c40">
          <con:configuration>
            <patternObjectId>635d1ce0-718c-41ca-8095-9e264721fbc6</patternObjectId>
            <patternProperty>quantity</patternProperty>
            <caseSensitive>true</caseSensitive>
          </con:configuration>
        </con:assertion>
      </con:entry>
      <con:entry>
        <con:id>87bcc907-c07f-4e34-9590-0903c9447ed9</con:id>
        <con:isGroup>false</con:isGroup>
        <con:sourceId>5a93ba69-ceb0-461b-b4bf-0ae59516332c</con:sourceId>
        <con:propertyName>res_reservedQuantity</con:propertyName>
        <con:assertion type="Simple Equals" name="Equals 2" id="cfa68bed-cfa5-4576-ad9d-56bed5e0a063">
          <con:configuration>
            <patternObjectId>f76519cf-133d-40b7-a12d-0c647a3bbbd1</patternObjectId>
            <patternProperty>zero</patternProperty>
            <caseSensitive>true</caseSensitive>
          </con:configuration>
        </con:assertion>
      </con:entry>
    </con:config>
  </con:testStep>
  <con:testStep type="transfer" name="Property Transfer to display product and return quantity" id="3a2d9906-2670-4842-81fa-9861c50c5a1b" disabled="true">
    <con:settings/>
    <con:config xsi:type="con:PropertyTransfersStep" xmlns:xsi="http://www.w3.org/2001/XMLSchema-instance">
      <con:transfers setNullOnMissingSource="true" transferTextContent="true" failOnError="true" ignoreEmpty="false" transferToAll="false" entitize="false" transferChildNodes="false">
        <con:name>placeId</con:name>
        <con:sourceType>req_placeId</con:sourceType>
        <con:sourceStep>Display stock level by spec ext id 2</con:sourceStep>
        <con:sourcePath/>
        <con:targetType>req_placeId</con:targetType>
        <con:targetStep>Display prodct by id and return quantity</con:targetStep>
        <con:targetPath/>
        <con:upgraded>true</con:upgraded>
      </con:transfers>
      <con:transfers setNullOnMissingSource="true" transferTextContent="true" failOnError="true" ignoreEmpty="false" transferToAll="false" entitize="false" transferChildNodes="false">
        <con:name>productSpecExtId</con:name>
        <con:sourceType>req_productSpecificationExternalId</con:sourceType>
        <con:sourceStep>Display stock level by spec ext id 2</con:sourceStep>
        <con:targetType>req_prodSpecExtId</con:targetType>
        <con:targetStep>Display prodct by id and return quantity</con:targetStep>
        <con:upgraded>true</con:upgraded>
      </con:transfers>
    </con:config>
  </con:testStep>
  <con:testStep type="calltestcase" name="Display prodct by id and return quantity" id="5e8fa18f-39b3-411b-b802-6c3df031086c" disabled="true">
    <con:settings/>
    <con:config xsi:type="con:RunTestCaseStep" xmlns:xsi="http://www.w3.org/2001/XMLSchema-instance">
      <con:targetTestCase>d2b26572-8a0d-4af3-817b-b84821bf69b7</con:targetTestCase>
      <con:properties>
        <con:property>
          <con:name>req_placeId</con:name>
          <con:value>28</con:value>
        </con:property>
        <con:property>
          <con:name>req_prodSpecExtId</con:name>
          <con:value>${DataSource for nonserialized product creation#prodSpecExtId}</con:value>
        </con:property>
        <con:property>
          <con:name>req_prodSpecCode</con:name>
        </con:property>
        <con:property>
          <con:name>res_productId</con:name>
          <con:value>63</con:value>
        </con:property>
        <con:property>
          <con:name>res_quantity</con:name>
          <con:value>1866</con:value>
        </con:property>
      </con:properties>
      <con:returnProperties>
        <con:entry>res_productId</con:entry>
        <con:entry>res_quantity</con:entry>
      </con:returnProperties>
      <con:runMode>PARALLELL</con:runMode>
    </con:config>
  </con:testStep>
  <con:testStep type="assertionteststep" name="Assertion product quantity" id="1fe15210-f1ae-4640-b7ae-5346156372b8" disabled="true">
    <con:settings/>
    <con:config xsi:type="con:AssertionTestStep" xmlns:xsi="http://www.w3.org/2001/XMLSchema-instance">
      <con:entry>
        <con:id>50c9e884-83eb-4452-8781-ce7b5617a072</con:id>
        <con:isGroup>false</con:isGroup>
        <con:sourceId>5e8fa18f-39b3-411b-b802-6c3df031086c</con:sourceId>
        <con:propertyName>res_quantity</con:propertyName>
        <con:assertion type="Simple Equals" name="Equals" id="b1cd1032-a0c3-4d32-a211-c14999092fec">
          <con:configuration>
            <patternObjectId>635d1ce0-718c-41ca-8095-9e264721fbc6</patternObjectId>
            <patternProperty>quantity</patternProperty>
            <caseSensitive>true</caseSensitive>
          </con:configuration>
        </con:assertion>
      </con:entry>
    </con:config>
  </con:testStep>
  <con:testStep type="datasourceloop" name="DataSource Loop display product 2" id="4347fddf-9158-49c6-b7b8-30db01c2d30d">
    <con:settings/>
    <con:config>
      <dataSourceStep>DataSource display product 2</dataSourceStep>
      <targetStep>DataGen product info 2</targetStep>
    </con:config>
  </con:testStep>
  <con:testStep type="transfer" name="Set create stockIn interaction success 10" id="44dac9ba-319e-410e-bb0e-928b0cb15d19">
    <con:settings/>
    <con:config xsi:type="con:PropertyTransfersStep" xmlns:xsi="http://www.w3.org/2001/XMLSchema-instance">
      <con:transfers setNullOnMissingSource="true" transferTextContent="true" failOnError="true" ignoreEmpty="false" transferToAll="false" entitize="false" transferChildNodes="false">
        <con:name>userId</con:name>
        <con:sourceType>userId</con:sourceType>
        <con:sourceStep>Given properties for the test steps</con:sourceStep>
        <con:sourcePath/>
        <con:targetType>req_userRoleId</con:targetType>
        <con:targetStep>Create stockIn interaction success 10</con:targetStep>
        <con:targetPath/>
        <con:upgraded>true</con:upgraded>
      </con:transfers>
      <con:transfers setNullOnMissingSource="true" transferTextContent="true" failOnError="true" ignoreEmpty="false" transferToAll="false" entitize="false" transferChildNodes="false">
        <con:name>soId</con:name>
        <con:sourceType>soId</con:sourceType>
        <con:sourceStep>Given properties for the test steps</con:sourceStep>
        <con:targetType>req_soRoleId</con:targetType>
        <con:targetStep>Create stockIn interaction success 10</con:targetStep>
        <con:upgraded>true</con:upgraded>
      </con:transfers>
      <con:transfers setNullOnMissingSource="true" transferTextContent="true" failOnError="true" ignoreEmpty="false" transferToAll="false" entitize="false" transferChildNodes="false">
        <con:name>biSpecCode</con:name>
        <con:sourceType>stockInBISpecCode</con:sourceType>
        <con:sourceStep>Given properties for the test steps</con:sourceStep>
        <con:targetType>req_biSpecCode</con:targetType>
        <con:targetStep>Create stockIn interaction success 10</con:targetStep>
        <con:upgraded>true</con:upgraded>
      </con:transfers>
    </con:config>
  </con:testStep>
  <con:testStep type="calltestcase" name="Create stockIn interaction success 10" id="af95fa4f-2fe2-43f8-b6a2-f16c36665bbe">
    <con:settings/>
    <con:config xsi:type="con:RunTestCaseStep" xmlns:xsi="http://www.w3.org/2001/XMLSchema-instance">
      <con:targetTestCase>bba3ce34-4cc5-41fb-98a0-894988e91181</con:targetTestCase>
      <con:properties>
        <con:property>
          <con:name>req_userRoleId</con:name>
          <con:value>391</con:value>
        </con:property>
        <con:property>
          <con:name>req_soRoleId</con:name>
          <con:value>389</con:value>
        </con:property>
        <con:property>
          <con:name>req_biSpecCode</con:name>
          <con:value>STCKINBISPEC</con:value>
        </con:property>
        <con:property>
          <con:name>res_biId</con:name>
          <con:value>12401</con:value>
        </con:property>
        <con:property>
          <con:name>res_code</con:name>
          <con:value>201</con:value>
        </con:property>
        <con:property>
          <con:name>res_errorMessage</con:name>
          <con:value xsi:nil="true"/>
        </con:property>
        <con:property>
          <con:name>res_httpStatus</con:name>
        </con:property>
      </con:properties>
      <con:returnProperties>
        <con:entry>res_biId</con:entry>
        <con:entry>res_code</con:entry>
        <con:entry>res_errorMessage</con:entry>
      </con:returnProperties>
      <con:runMode>PARALLELL</con:runMode>
    </con:config>
  </con:testStep>
  <con:testStep type="assertionteststep" name="Assertion create stockIn interaction success 10" id="2a1b6166-60d7-435d-9d42-12edfe41314c">
    <con:settings/>
    <con:config xsi:type="con:AssertionTestStep" xmlns:xsi="http://www.w3.org/2001/XMLSchema-instance">
      <con:entry>
        <con:id>c8b68583-c506-499c-b586-4d2316f42a10</con:id>
        <con:isGroup>false</con:isGroup>
        <con:sourceId>af95fa4f-2fe2-43f8-b6a2-f16c36665bbe</con:sourceId>
        <con:propertyName>res_biId</con:propertyName>
        <con:assertion type="Simple Contains" name="Contains" id="a8c27462-8dc1-4e30-a938-0ae8fab2d625">
          <con:configuration>
            <token>\d+</token>
            <ignoreCase>false</ignoreCase>
            <useRegEx>true</useRegEx>
          </con:configuration>
        </con:assertion>
      </con:entry>
    </con:config>
  </con:testStep>
  <con:testStep type="transfer" name="Property Transfer biId 10" id="32b9ef6c-3d59-4fca-9ed4-4ff6d5133153">
    <con:settings/>
    <con:config xsi:type="con:PropertyTransfersStep" xmlns:xsi="http://www.w3.org/2001/XMLSchema-instance">
      <con:transfers setNullOnMissingSource="true" transferTextContent="true" failOnError="true" ignoreEmpty="false" transferToAll="false" entitize="false" transferChildNodes="false">
        <con:name>biId</con:name>
        <con:sourceType>res_biId</con:sourceType>
        <con:sourceStep>Create stockIn interaction success 10</con:sourceStep>
        <con:sourcePath/>
        <con:targetType>biId</con:targetType>
        <con:targetStep>Given properties for the test steps</con:targetStep>
        <con:targetPath/>
        <con:upgraded>true</con:upgraded>
      </con:transfers>
    </con:config>
  </con:testStep>
  <con:testStep type="datasource" name="DataSource for nonserialized product creation 3" id="fcc44a0a-7ab3-4c08-b9d0-01ae467fbb32">
    <con:settings/>
    <con:config xsi:type="con:DataSourceStep" xmlns:xsi="http://www.w3.org/2001/XMLSchema-instance">
      <con:dataSource type="Grid">
        <con:configuration>
          <check>&lt;con:entry xmlns:con="http://eviware.com/soapui/config">true&lt;/con:entry></check>
          <row><![CDATA[<xml-fragment><con:entry xmlns:con="http://eviware.com/soapui/config">Apple Mouse 1 Button Count</con:entry><con:entry xmlns:con="http://eviware.com/soapui/config">EXT-APPLMOUSE-1</con:entry><con:entry xmlns:con="http://eviware.com/soapui/config">CODE-APPLMOUSE-1</con:entry><con:entry xmlns:con="http://eviware.com/soapui/config">${#TestCase#req_quantity}</con:entry><con:entry xmlns:con="http://eviware.com/soapui/config">7</con:entry><con:entry xmlns:con="http://eviware.com/soapui/config">17-EXT</con:entry><con:entry xmlns:con="http://eviware.com/soapui/config">1</con:entry><con:entry xmlns:con="http://eviware.com/soapui/config"/><con:entry xmlns:con="http://eviware.com/soapui/config"/></xml-fragment>]]></row>
        </con:configuration>
      </con:dataSource>
      <con:property>description</con:property>
      <con:property>prodSpecExtId</con:property>
      <con:property>productSpecCode</con:property>
      <con:property>quantity</con:property>
      <con:property>charExtId1</con:property>
      <con:property>charValueExtId1</con:property>
      <con:property>productStatus</con:property>
      <con:completeLastOperation>true</con:completeLastOperation>
      <con:restartOnRun>true</con:restartOnRun>
    </con:config>
  </con:testStep>
  <con:testStep type="transfer" name="Set add nonserialized stockIn item 3" id="b564fb58-e0ba-4ec9-b8a6-373c953c8a63">
    <con:settings/>
    <con:config xsi:type="con:PropertyTransfersStep" xmlns:xsi="http://www.w3.org/2001/XMLSchema-instance">
      <con:transfers setNullOnMissingSource="true" transferTextContent="true" failOnError="true" ignoreEmpty="false" transferToAll="false" entitize="false" transferChildNodes="false">
        <con:name>biId</con:name>
        <con:sourceType>biId</con:sourceType>
        <con:sourceStep>Given properties for the test steps</con:sourceStep>
        <con:sourcePath/>
        <con:targetType>req_biId</con:targetType>
        <con:targetStep>Add nonserialized stockIn item 3</con:targetStep>
        <con:targetPath/>
        <con:upgraded>true</con:upgraded>
      </con:transfers>
      <con:transfers setNullOnMissingSource="true" transferTextContent="true" failOnError="true" ignoreEmpty="false" transferToAll="false" entitize="false" transferChildNodes="false">
        <con:name>productSpecExtId</con:name>
        <con:sourceType>prodSpecExtId</con:sourceType>
        <con:sourceStep>DataSource for nonserialized product creation 3</con:sourceStep>
        <con:targetType>req_prodSpecExtId</con:targetType>
        <con:targetStep>Add nonserialized stockIn item 3</con:targetStep>
        <con:upgraded>true</con:upgraded>
      </con:transfers>
      <con:transfers setNullOnMissingSource="true" transferTextContent="true" failOnError="true" ignoreEmpty="false" transferToAll="false" entitize="false" transferChildNodes="false">
        <con:name>placeId</con:name>
        <con:sourceType>placeId</con:sourceType>
        <con:sourceStep>Given properties for the test steps</con:sourceStep>
        <con:targetType>req_placeId</con:targetType>
        <con:targetStep>Add nonserialized stockIn item 3</con:targetStep>
        <con:upgraded>true</con:upgraded>
      </con:transfers>
      <con:transfers setNullOnMissingSource="true" transferTextContent="true" failOnError="true" ignoreEmpty="false" transferToAll="false" entitize="false" transferChildNodes="false">
        <con:name>description</con:name>
        <con:sourceType>productDesc</con:sourceType>
        <con:sourceStep>Given properties for the test steps</con:sourceStep>
        <con:targetType>req_description</con:targetType>
        <con:targetStep>Add nonserialized stockIn item 3</con:targetStep>
        <con:upgraded>true</con:upgraded>
      </con:transfers>
      <con:transfers setNullOnMissingSource="true" transferTextContent="true" failOnError="true" ignoreEmpty="false" transferToAll="false" entitize="false" transferChildNodes="false">
        <con:name>charExtId1</con:name>
        <con:sourceType>charExtId1</con:sourceType>
        <con:sourceStep>DataSource for nonserialized product creation 3</con:sourceStep>
        <con:targetType>req_charExtId1</con:targetType>
        <con:targetStep>Add nonserialized stockIn item 3</con:targetStep>
        <con:upgraded>true</con:upgraded>
      </con:transfers>
      <con:transfers setNullOnMissingSource="true" transferTextContent="true" failOnError="true" ignoreEmpty="false" transferToAll="false" entitize="false" transferChildNodes="false">
        <con:name>charValueExtId1</con:name>
        <con:sourceType>charValueExtId1</con:sourceType>
        <con:sourceStep>DataSource for nonserialized product creation 3</con:sourceStep>
        <con:targetType>req_charValueExtId1</con:targetType>
        <con:targetStep>Add nonserialized stockIn item 3</con:targetStep>
        <con:upgraded>true</con:upgraded>
      </con:transfers>
      <con:transfers setNullOnMissingSource="true" transferTextContent="true" failOnError="true" ignoreEmpty="false" transferToAll="false" entitize="false" transferChildNodes="false">
        <con:name>productStatus</con:name>
        <con:sourceType>productStatus</con:sourceType>
        <con:sourceStep>DataSource for nonserialized product creation 3</con:sourceStep>
        <con:targetType>req_prodStatus</con:targetType>
        <con:targetStep>Add nonserialized stockIn item 3</con:targetStep>
        <con:upgraded>true</con:upgraded>
      </con:transfers>
      <con:transfers setNullOnMissingSource="true" transferTextContent="true" failOnError="true" ignoreEmpty="false" transferToAll="false" entitize="false" transferChildNodes="false">
        <con:name>quantity</con:name>
        <con:sourceType>quantity</con:sourceType>
        <con:sourceStep>Given properties for the test steps</con:sourceStep>
        <con:targetType>req_quantity</con:targetType>
        <con:targetStep>Add nonserialized stockIn item 3</con:targetStep>
        <con:upgraded>true</con:upgraded>
      </con:transfers>
    </con:config>
  </con:testStep>
  <con:testStep type="calltestcase" name="Add nonserialized stockIn item 3" id="4823d2e8-284b-424a-9ffa-45588ba1d2de">
    <con:settings/>
    <con:config xsi:type="con:RunTestCaseStep" xmlns:xsi="http://www.w3.org/2001/XMLSchema-instance">
      <con:targetTestCase>1df0a954-3f76-4a4e-bd4b-aa3504f4ccf7</con:targetTestCase>
      <con:properties>
        <con:property>
          <con:name>req_biId</con:name>
          <con:value>12401</con:value>
        </con:property>
        <con:property>
          <con:name>req_prodSpecExtId</con:name>
          <con:value>EXT-APPLMOUSE-1</con:value>
        </con:property>
        <con:property>
          <con:name>req_placeId</con:name>
          <con:value>198</con:value>
        </con:property>
        <con:property>
          <con:name>req_description</con:name>
          <con:value>productDesc-${=java.util.UUID.randomUUID()}</con:value>
        </con:property>
        <con:property>
          <con:name>req_charExtId1</con:name>
          <con:value>7</con:value>
        </con:property>
        <con:property>
          <con:name>req_charValueExtId1</con:name>
          <con:value>17-EXT</con:value>
        </con:property>
        <con:property>
          <con:name>req_serialText</con:name>
        </con:property>
        <con:property>
          <con:name>res_itemId</con:name>
          <con:value>1900</con:value>
        </con:property>
        <con:property>
          <con:name>res_code</con:name>
          <con:value xsi:nil="true"/>
        </con:property>
        <con:property>
          <con:name>res_errorMessage</con:name>
          <con:value xsi:nil="true"/>
        </con:property>
        <con:property>
          <con:name>req_prodStatus</con:name>
          <con:value>1</con:value>
        </con:property>
        <con:property>
          <con:name>req_quantity</con:name>
          <con:value>368</con:value>
        </con:property>
        <con:property>
          <con:name>req_batchId</con:name>
        </con:property>
        <con:property>
          <con:name>res_httpStatus</con:name>
        </con:property>
      </con:properties>
      <con:returnProperties>
        <con:entry>res_itemId</con:entry>
        <con:entry>res_code</con:entry>
        <con:entry>res_errorMessage</con:entry>
      </con:returnProperties>
      <con:runMode>PARALLELL</con:runMode>
    </con:config>
  </con:testStep>
  <con:testStep type="assertionteststep" name="Assertion add nonserialized stockIn item 3" id="18baad78-3830-42ed-ae0e-8fc3b1ef2a88">
    <con:settings/>
    <con:config xsi:type="con:AssertionTestStep" xmlns:xsi="http://www.w3.org/2001/XMLSchema-instance">
      <con:entry>
        <con:id>546bf998-57f5-4aa7-a846-fa4454d49d68</con:id>
        <con:isGroup>false</con:isGroup>
        <con:sourceId>4823d2e8-284b-424a-9ffa-45588ba1d2de</con:sourceId>
        <con:propertyName>res_itemId</con:propertyName>
        <con:assertion type="Simple Contains" name="Contains" id="eb0e242c-1742-4594-85ea-61f7f9331d2d">
          <con:configuration>
            <token>\d+</token>
            <ignoreCase>false</ignoreCase>
            <useRegEx>true</useRegEx>
          </con:configuration>
        </con:assertion>
      </con:entry>
    </con:config>
  </con:testStep>
  <con:testStep type="datasource" name="DataSource for serialized product creation 3" id="9ba2ab6c-8e91-4c55-aa2e-01875fb932cd">
    <con:settings/>
    <con:config xsi:type="con:DataSourceStep" xmlns:xsi="http://www.w3.org/2001/XMLSchema-instance">
      <con:dataSource type="Grid">
        <con:configuration>
          <check>&lt;con:entry xmlns:con="http://eviware.com/soapui/config">true&lt;/con:entry></check>
          <row><![CDATA[<xml-fragment><con:entry xmlns:con="http://eviware.com/soapui/config">IPHONE 6S 4.7' 32GB A7</con:entry><con:entry xmlns:con="http://eviware.com/soapui/config">EXT-IPHONE6S-1</con:entry><con:entry xmlns:con="http://eviware.com/soapui/config">CODE-IPHONE6S-1</con:entry><con:entry xmlns:con="http://eviware.com/soapui/config">${#TestCase#req_quantity}</con:entry><con:entry xmlns:con="http://eviware.com/soapui/config">1</con:entry><con:entry xmlns:con="http://eviware.com/soapui/config">1</con:entry><con:entry xmlns:con="http://eviware.com/soapui/config">1-EXT</con:entry><con:entry xmlns:con="http://eviware.com/soapui/config">2</con:entry><con:entry xmlns:con="http://eviware.com/soapui/config">5-EXT</con:entry><con:entry xmlns:con="http://eviware.com/soapui/config">3</con:entry><con:entry xmlns:con="http://eviware.com/soapui/config">8-EXT</con:entry><con:entry xmlns:con="http://eviware.com/soapui/config"/><con:entry xmlns:con="http://eviware.com/soapui/config"/><con:entry xmlns:con="http://eviware.com/soapui/config">11-EXT</con:entry><con:entry xmlns:con="http://eviware.com/soapui/config">21-EXT</con:entry><con:entry xmlns:con="http://eviware.com/soapui/config">12-EXT</con:entry><con:entry xmlns:con="http://eviware.com/soapui/config">100</con:entry></xml-fragment>]]></row>
        </con:configuration>
      </con:dataSource>
      <con:property>description</con:property>
      <con:property>prodSpecExtId</con:property>
      <con:property>productSpecCode</con:property>
      <con:property>quantity</con:property>
      <con:property>prodStatus</con:property>
      <con:property>charExtId1</con:property>
      <con:property>charValueExtId1</con:property>
      <con:property>charExtId2</con:property>
      <con:property>charValueExtId2</con:property>
      <con:property>charExtId3</con:property>
      <con:property>charValueExtId3</con:property>
      <con:property>charExtId4</con:property>
      <con:property>charValueExtId4</con:property>
      <con:property>charExtId5</con:property>
      <con:property>charValueExtId5</con:property>
      <con:property>charExtId6</con:property>
      <con:property>charValueExtId6</con:property>
      <con:startRow/>
      <con:endRow/>
      <con:recordsPerIteration>1</con:recordsPerIteration>
      <con:completeLastOperation>true</con:completeLastOperation>
      <con:trimValues>false</con:trimValues>
      <con:entitizeValues>false</con:entitizeValues>
      <con:restartOnRun>true</con:restartOnRun>
      <con:expandProperties>false</con:expandProperties>
    </con:config>
  </con:testStep>
  <con:testStep type="datagen" name="DataGen startSerial 3" id="f352fad4-4644-40e6-bbb9-d88aa79b0756">
    <con:settings/>
    <con:config xsi:type="con:DataGeneratorStep" xmlns:xsi="http://www.w3.org/2001/XMLSchema-instance">
      <con:property type="Script">
        <con:configuration>
          <script>def startSerialNumber = context.expand( '${Given properties for the test steps#startSerialNumber}' ).toInteger();
def quantity1 = context.expand( '${Add serialized stockIn item#req_quantity}' ).toInteger();
def quantity2 = context.expand( '${Add serialized stockIn item 2#req_quantity}' ).toInteger();
return  startSerialNumber + quantity1 + quantity2;</script>
        </con:configuration>
        <con:name>startSerial</con:name>
        <con:mode>STEP</con:mode>
        <con:shared>true</con:shared>
      </con:property>
    </con:config>
  </con:testStep>
  <con:testStep type="transfer" name="Set add serialized stockIn item 3" id="05b0ada0-33e1-4211-80cd-fbcbfdcdf109">
    <con:settings/>
    <con:config xsi:type="con:PropertyTransfersStep" xmlns:xsi="http://www.w3.org/2001/XMLSchema-instance">
      <con:transfers setNullOnMissingSource="true" transferTextContent="true" failOnError="true" ignoreEmpty="false" transferToAll="false" entitize="false" transferChildNodes="false">
        <con:name>biId</con:name>
        <con:sourceType>biId</con:sourceType>
        <con:sourceStep>Given properties for the test steps</con:sourceStep>
        <con:sourcePath/>
        <con:targetType>req_biId</con:targetType>
        <con:targetStep>Add serialized stockIn item 3</con:targetStep>
        <con:targetPath/>
        <con:upgraded>true</con:upgraded>
      </con:transfers>
      <con:transfers setNullOnMissingSource="true" transferTextContent="true" failOnError="true" ignoreEmpty="false" transferToAll="false" entitize="false" transferChildNodes="false">
        <con:name>productSpecExtId</con:name>
        <con:sourceType>prodSpecExtId</con:sourceType>
        <con:sourceStep>DataSource for serialized product creation 3</con:sourceStep>
        <con:targetType>req_prodSpecExtId</con:targetType>
        <con:targetStep>Add serialized stockIn item 3</con:targetStep>
        <con:upgraded>true</con:upgraded>
      </con:transfers>
      <con:transfers setNullOnMissingSource="true" transferTextContent="true" failOnError="true" ignoreEmpty="false" transferToAll="false" entitize="false" transferChildNodes="false">
        <con:name>placeId</con:name>
        <con:sourceType>placeId</con:sourceType>
        <con:sourceStep>Given properties for the test steps</con:sourceStep>
        <con:targetType>req_placeId</con:targetType>
        <con:targetStep>Add serialized stockIn item 3</con:targetStep>
        <con:upgraded>true</con:upgraded>
      </con:transfers>
      <con:transfers setNullOnMissingSource="true" transferTextContent="true" failOnError="true" ignoreEmpty="false" transferToAll="false" entitize="false" transferChildNodes="false">
        <con:name>description</con:name>
        <con:sourceType>productDesc</con:sourceType>
        <con:sourceStep>Given properties for the test steps</con:sourceStep>
        <con:targetType>req_description</con:targetType>
        <con:targetStep>Add serialized stockIn item 3</con:targetStep>
        <con:upgraded>true</con:upgraded>
      </con:transfers>
      <con:transfers setNullOnMissingSource="true" transferTextContent="true" failOnError="true" ignoreEmpty="false" transferToAll="false" entitize="false" transferChildNodes="false">
        <con:name>productStatus</con:name>
        <con:sourceType>prodStatus</con:sourceType>
        <con:sourceStep>DataSource for serialized product creation 3</con:sourceStep>
        <con:targetType>req_prodStatus</con:targetType>
        <con:targetStep>Add serialized stockIn item 3</con:targetStep>
        <con:upgraded>true</con:upgraded>
      </con:transfers>
      <con:transfers setNullOnMissingSource="true" transferTextContent="true" failOnError="true" ignoreEmpty="false" transferToAll="false" entitize="false" transferChildNodes="false">
        <con:name>quantity</con:name>
        <con:sourceType>quantity</con:sourceType>
        <con:sourceStep>Given properties for the test steps</con:sourceStep>
        <con:targetType>req_quantity</con:targetType>
        <con:targetStep>Add serialized stockIn item 3</con:targetStep>
        <con:upgraded>true</con:upgraded>
      </con:transfers>
      <con:transfers setNullOnMissingSource="true" transferTextContent="true" failOnError="true" ignoreEmpty="false" transferToAll="false" entitize="false" transferChildNodes="false">
        <con:name>startSerialNumber</con:name>
        <con:sourceType>startSerial</con:sourceType>
        <con:sourceStep>DataGen startSerial 3</con:sourceStep>
        <con:targetType>req_startSerialNumber</con:targetType>
        <con:targetStep>Add serialized stockIn item 3</con:targetStep>
        <con:upgraded>true</con:upgraded>
      </con:transfers>
      <con:transfers setNullOnMissingSource="true" transferTextContent="true" failOnError="true" ignoreEmpty="false" transferToAll="false" entitize="false" transferChildNodes="false">
        <con:name>charExtId1</con:name>
        <con:sourceType>charExtId1</con:sourceType>
        <con:sourceStep>DataSource for serialized product creation 3</con:sourceStep>
        <con:targetType>req_charExtId1</con:targetType>
        <con:targetStep>Add serialized stockIn item 3</con:targetStep>
        <con:upgraded>true</con:upgraded>
      </con:transfers>
      <con:transfers setNullOnMissingSource="true" transferTextContent="true" failOnError="true" ignoreEmpty="false" transferToAll="false" entitize="false" transferChildNodes="false">
        <con:name>charExtId2</con:name>
        <con:sourceType>charExtId2</con:sourceType>
        <con:sourceStep>DataSource for serialized product creation 3</con:sourceStep>
        <con:targetType>req_charExtId2</con:targetType>
        <con:targetStep>Add serialized stockIn item 3</con:targetStep>
        <con:upgraded>true</con:upgraded>
      </con:transfers>
      <con:transfers setNullOnMissingSource="true" transferTextContent="true" failOnError="true" ignoreEmpty="false" transferToAll="false" entitize="false" transferChildNodes="false">
        <con:name>charExtId3</con:name>
        <con:sourceType>charExtId3</con:sourceType>
        <con:sourceStep>DataSource for serialized product creation 3</con:sourceStep>
        <con:targetType>req_charExtId3</con:targetType>
        <con:targetStep>Add serialized stockIn item 3</con:targetStep>
        <con:upgraded>true</con:upgraded>
      </con:transfers>
      <con:transfers setNullOnMissingSource="true" transferTextContent="true" failOnError="true" ignoreEmpty="false" transferToAll="false" entitize="false" transferChildNodes="false">
        <con:name>charExtId4</con:name>
        <con:sourceType>charExtId4</con:sourceType>
        <con:sourceStep>DataSource for serialized product creation 3</con:sourceStep>
        <con:targetType>req_charExtId4</con:targetType>
        <con:targetStep>Add serialized stockIn item 3</con:targetStep>
        <con:upgraded>true</con:upgraded>
      </con:transfers>
      <con:transfers setNullOnMissingSource="true" transferTextContent="true" failOnError="true" ignoreEmpty="false" transferToAll="false" entitize="false" transferChildNodes="false">
        <con:name>charExtId5</con:name>
        <con:sourceType>charExtId5</con:sourceType>
        <con:sourceStep>DataSource for serialized product creation 3</con:sourceStep>
        <con:targetType>req_charValueExtId5</con:targetType>
        <con:targetStep>Add serialized stockIn item 3</con:targetStep>
        <con:upgraded>true</con:upgraded>
      </con:transfers>
      <con:transfers setNullOnMissingSource="true" transferTextContent="true" failOnError="true" ignoreEmpty="false" transferToAll="false" entitize="false" transferChildNodes="false">
        <con:name>charExtId6</con:name>
        <con:sourceType>charExtId6</con:sourceType>
        <con:sourceStep>DataSource for serialized product creation 3</con:sourceStep>
        <con:targetType>req_charExtId6</con:targetType>
        <con:targetStep>Add serialized stockIn item 3</con:targetStep>
        <con:upgraded>true</con:upgraded>
      </con:transfers>
      <con:transfers setNullOnMissingSource="true" transferTextContent="true" failOnError="true" ignoreEmpty="false" transferToAll="false" entitize="false" transferChildNodes="false">
        <con:name>charValueExtId1</con:name>
        <con:sourceType>charValueExtId1</con:sourceType>
        <con:sourceStep>DataSource for serialized product creation 3</con:sourceStep>
        <con:targetType>req_charValueExtId1</con:targetType>
        <con:targetStep>Add serialized stockIn item 3</con:targetStep>
        <con:upgraded>true</con:upgraded>
      </con:transfers>
      <con:transfers setNullOnMissingSource="true" transferTextContent="true" failOnError="true" ignoreEmpty="false" transferToAll="false" entitize="false" transferChildNodes="false">
        <con:name>charValueExtId2</con:name>
        <con:sourceType>charValueExtId2</con:sourceType>
        <con:sourceStep>DataSource for serialized product creation 3</con:sourceStep>
        <con:targetType>req_charValueExtId2</con:targetType>
        <con:targetStep>Add serialized stockIn item 3</con:targetStep>
        <con:upgraded>true</con:upgraded>
      </con:transfers>
      <con:transfers setNullOnMissingSource="true" transferTextContent="true" failOnError="true" ignoreEmpty="false" transferToAll="false" entitize="false" transferChildNodes="false">
        <con:name>charValueExtId3</con:name>
        <con:sourceType>charValueExtId3</con:sourceType>
        <con:sourceStep>DataSource for serialized product creation 3</con:sourceStep>
        <con:targetType>req_charValueExtId3</con:targetType>
        <con:targetStep>Add serialized stockIn item 3</con:targetStep>
        <con:upgraded>true</con:upgraded>
      </con:transfers>
      <con:transfers setNullOnMissingSource="true" transferTextContent="true" failOnError="true" ignoreEmpty="false" transferToAll="false" entitize="false" transferChildNodes="false">
        <con:name>charValueExtId4</con:name>
        <con:sourceType>charValueExtId4</con:sourceType>
        <con:sourceStep>DataSource for serialized product creation 3</con:sourceStep>
        <con:targetType>req_charValueExtId4</con:targetType>
        <con:targetStep>Add serialized stockIn item 3</con:targetStep>
        <con:upgraded>true</con:upgraded>
      </con:transfers>
      <con:transfers setNullOnMissingSource="true" transferTextContent="true" failOnError="true" ignoreEmpty="false" transferToAll="false" entitize="false" transferChildNodes="false">
        <con:name>charValueExtId5</con:name>
        <con:sourceType>charValueExtId5</con:sourceType>
        <con:sourceStep>DataSource for serialized product creation 3</con:sourceStep>
        <con:targetType>req_charValueExtId5</con:targetType>
        <con:targetStep>Add serialized stockIn item 3</con:targetStep>
        <con:upgraded>true</con:upgraded>
      </con:transfers>
      <con:transfers setNullOnMissingSource="true" transferTextContent="true" failOnError="true" ignoreEmpty="false" transferToAll="false" entitize="false" transferChildNodes="false">
        <con:name>charValueExtId6</con:name>
        <con:sourceType>charValueExtId6</con:sourceType>
        <con:sourceStep>DataSource for serialized product creation 3</con:sourceStep>
        <con:targetType>req_charValueExtId6</con:targetType>
        <con:targetStep>Add serialized stockIn item 3</con:targetStep>
        <con:upgraded>true</con:upgraded>
      </con:transfers>
    </con:config>
  </con:testStep>
  <con:testStep type="calltestcase" name="Add serialized stockIn item 3" id="3f60301c-b79d-4745-b923-7e5c8030bedc">
    <con:settings/>
    <con:config xsi:type="con:RunTestCaseStep" xmlns:xsi="http://www.w3.org/2001/XMLSchema-instance">
      <con:targetTestCase>6bd1934a-177f-4060-ae9c-cb6238b88203</con:targetTestCase>
      <con:properties>
        <con:property>
          <con:name>req_biId</con:name>
          <con:value>12401</con:value>
        </con:property>
        <con:property>
          <con:name>req_prodSpecExtId</con:name>
          <con:value>EXT-IPHONE6S-1</con:value>
        </con:property>
        <con:property>
          <con:name>req_quantity</con:name>
          <con:value>368</con:value>
        </con:property>
        <con:property>
          <con:name>req_placeId</con:name>
          <con:value>198</con:value>
        </con:property>
        <con:property>
          <con:name>req_prodStatus</con:name>
          <con:value>1</con:value>
        </con:property>
        <con:property>
          <con:name>req_description</con:name>
          <con:value>productDesc-${=java.util.UUID.randomUUID()}</con:value>
        </con:property>
        <con:property>
          <con:name>req_startSerialNumber</con:name>
          <con:value>24815828</con:value>
        </con:property>
        <con:property>
          <con:name>req_charExtId1</con:name>
          <con:value>1</con:value>
        </con:property>
        <con:property>
          <con:name>req_charValueExtId1</con:name>
          <con:value>1-EXT</con:value>
        </con:property>
        <con:property>
          <con:name>req_charExtId2</con:name>
          <con:value>2</con:value>
        </con:property>
        <con:property>
          <con:name>req_charValueExtId2</con:name>
          <con:value>5-EXT</con:value>
        </con:property>
        <con:property>
          <con:name>req_charExtId3</con:name>
          <con:value>3</con:value>
        </con:property>
        <con:property>
          <con:name>req_charValueExtId3</con:name>
          <con:value>8-EXT</con:value>
        </con:property>
        <con:property>
          <con:name>res_itemId</con:name>
          <con:value>1902</con:value>
        </con:property>
        <con:property>
          <con:name>res_code</con:name>
          <con:value xsi:nil="true"/>
        </con:property>
        <con:property>
          <con:name>res_errorMessage</con:name>
          <con:value xsi:nil="true"/>
        </con:property>
        <con:property>
          <con:name>req_charExtId4</con:name>
          <con:value/>
        </con:property>
        <con:property>
          <con:name>req_charValueExtId4</con:name>
          <con:value/>
        </con:property>
        <con:property>
          <con:name>req_charExtId5</con:name>
          <con:value>11-EXT</con:value>
        </con:property>
        <con:property>
          <con:name>req_charValueExtId5</con:name>
          <con:value>21-EXT</con:value>
        </con:property>
        <con:property>
          <con:name>req_charExtId6</con:name>
          <con:value>12-EXT</con:value>
        </con:property>
        <con:property>
          <con:name>req_charValueExtId6</con:name>
          <con:value>100</con:value>
        </con:property>
        <con:property>
          <con:name>req_batchId</con:name>
        </con:property>
      </con:properties>
      <con:returnProperties>
        <con:entry>res_itemId</con:entry>
        <con:entry>res_code</con:entry>
        <con:entry>res_errorMessage</con:entry>
      </con:returnProperties>
      <con:runMode>PARALLELL</con:runMode>
    </con:config>
  </con:testStep>
  <con:testStep type="assertionteststep" name="Assertion add serialized stockIn item 3" id="7e31c7c5-7ee9-4652-921c-8f66290a271d">
    <con:settings/>
    <con:config xsi:type="con:AssertionTestStep" xmlns:xsi="http://www.w3.org/2001/XMLSchema-instance">
      <con:entry>
        <con:id>661d4ea6-085e-415c-acd8-94e28d8da680</con:id>
        <con:isGroup>false</con:isGroup>
        <con:sourceId>3f60301c-b79d-4745-b923-7e5c8030bedc</con:sourceId>
        <con:propertyName>res_itemId</con:propertyName>
        <con:assertion type="Simple Contains" name="Contains" id="2e09e3cb-f842-4a14-8b20-b3525f3959cd">
          <con:configuration>
            <token>\d+</token>
            <ignoreCase>false</ignoreCase>
            <useRegEx>true</useRegEx>
          </con:configuration>
        </con:assertion>
      </con:entry>
    </con:config>
  </con:testStep>
  <con:testStep type="datasource" name="DataSource for delete item steps" id="d1f01398-b109-4e84-987e-47ef4a185b4c">
    <con:settings/>
    <con:config xsi:type="con:DataSourceStep" xmlns:xsi="http://www.w3.org/2001/XMLSchema-instance">
      <con:dataSource type="Grid">
        <con:configuration>
          <check><![CDATA[<xml-fragment><con:entry xmlns:con="http://eviware.com/soapui/config">true</con:entry><con:entry xmlns:con="http://eviware.com/soapui/config">true</con:entry></xml-fragment>]]></check>
          <row>&lt;xml-fragment>&lt;con:entry xmlns:con="http://eviware.com/soapui/config">${Add nonserialized stockIn item 3#res_itemId}&lt;/con:entry>&lt;con:entry xmlns:con="http://eviware.com/soapui/config"/>&lt;/xml-fragment></row>
          <row>&lt;xml-fragment>&lt;con:entry xmlns:con="http://eviware.com/soapui/config">${Add serialized stockIn item 3#res_itemId}&lt;/con:entry>&lt;con:entry xmlns:con="http://eviware.com/soapui/config"/>&lt;/xml-fragment></row>
        </con:configuration>
      </con:dataSource>
      <con:property>itemId</con:property>
      <con:completeLastOperation>true</con:completeLastOperation>
      <con:restartOnRun>true</con:restartOnRun>
    </con:config>
  </con:testStep>
  <con:testStep type="transfer" name="Property Transfer to delete item step" id="ec7a6f70-5798-45ba-9578-cddef85fb2d4">
    <con:settings/>
    <con:config xsi:type="con:PropertyTransfersStep" xmlns:xsi="http://www.w3.org/2001/XMLSchema-instance">
      <con:transfers setNullOnMissingSource="true" transferTextContent="true" failOnError="true" ignoreEmpty="false" transferToAll="false" entitize="false" transferChildNodes="false">
        <con:name>biId</con:name>
        <con:sourceType>res_biId</con:sourceType>
        <con:sourceStep>Create stockIn interaction success 10</con:sourceStep>
        <con:sourcePath/>
        <con:targetType>req_biId</con:targetType>
        <con:targetStep>Delete item of stock in bi</con:targetStep>
        <con:targetPath/>
        <con:upgraded>true</con:upgraded>
      </con:transfers>
      <con:transfers setNullOnMissingSource="true" transferTextContent="true" failOnError="true" ignoreEmpty="false" transferToAll="false" entitize="false" transferChildNodes="false">
        <con:name>biItemId</con:name>
        <con:sourceType>itemId</con:sourceType>
        <con:sourceStep>DataSource for delete item steps</con:sourceStep>
        <con:targetType>req_biItemId</con:targetType>
        <con:targetStep>Delete item of stock in bi</con:targetStep>
        <con:upgraded>true</con:upgraded>
      </con:transfers>
    </con:config>
  </con:testStep>
  <con:testStep type="calltestcase" name="Delete item of stock in bi" id="9b5a37a6-b7ed-494e-ae14-81030666d20c">
    <con:settings/>
    <con:config xsi:type="con:RunTestCaseStep" xmlns:xsi="http://www.w3.org/2001/XMLSchema-instance">
      <con:targetTestCase>5f873fcd-878d-4a6d-ba42-258a63192853</con:targetTestCase>
      <con:properties>
        <con:property>
          <con:name>req_biId</con:name>
          <con:value>12401</con:value>
        </con:property>
        <con:property>
          <con:name>req_biItemId</con:name>
          <con:value>${Add serialized stockIn item 3#res_itemId}</con:value>
        </con:property>
        <con:property>
          <con:name>res_biItemId</con:name>
          <con:value>1902</con:value>
        </con:property>
        <con:property>
          <con:name>res_code</con:name>
          <con:value>200</con:value>
        </con:property>
        <con:property>
          <con:name>res_errorMessage</con:name>
          <con:value xsi:nil="true"/>
        </con:property>
      </con:properties>
      <con:returnProperties>
        <con:entry>res_biItemId</con:entry>
        <con:entry>res_code</con:entry>
        <con:entry>res_errorMessage</con:entry>
      </con:returnProperties>
      <con:runMode>PARALLELL</con:runMode>
    </con:config>
  </con:testStep>
  <con:testStep type="assertionteststep" name="Assertion res_itemId, res_code" id="ae37c9db-d1ee-4065-94ad-d958e4bb38bf">
    <con:settings/>
    <con:config xsi:type="con:AssertionTestStep" xmlns:xsi="http://www.w3.org/2001/XMLSchema-instance">
      <con:entry>
        <con:id>0a506bd3-ca16-46e1-af05-af0ab7812257</con:id>
        <con:isGroup>false</con:isGroup>
        <con:sourceId>9b5a37a6-b7ed-494e-ae14-81030666d20c</con:sourceId>
        <con:propertyName>res_code</con:propertyName>
        <con:assertion type="Simple Equals" name="Equals" id="1ebe98b8-72f1-4c8b-8a6e-6f7da480f143">
          <con:configuration>
            <patternText>200</patternText>
            <caseSensitive>true</caseSensitive>
          </con:configuration>
        </con:assertion>
      </con:entry>
    </con:config>
  </con:testStep>
  <con:testStep type="datasourceloop" name="DataSource Loop" id="0e23b302-9080-42a5-a3e5-d20c7d96450a">
    <con:settings/>
    <con:config>
      <dataSourceStep>DataSource for delete item steps</dataSourceStep>
      <targetStep>Property Transfer to delete item step</targetStep>
    </con:config>
  </con:testStep>
  <con:testStep type="datasource" name="DataSource display product 3" id="10d847a2-4ab0-4e14-ace4-881a0452f41f">
    <con:settings/>
    <con:config xsi:type="con:DataSourceStep" xmlns:xsi="http://www.w3.org/2001/XMLSchema-instance">
      <con:dataSource type="Grid">
        <con:configuration>
          <check><![CDATA[<xml-fragment><con:entry xmlns:con="http://eviware.com/soapui/config">true</con:entry><con:entry xmlns:con="http://eviware.com/soapui/config">true</con:entry></xml-fragment>]]></check>
          <row><![CDATA[<xml-fragment><con:entry xmlns:con="http://eviware.com/soapui/config">${DataSource for nonserialized product creation#productSpecCode}</con:entry><con:entry xmlns:con="http://eviware.com/soapui/config">${DataSource for nonserialized product creation#prodSpecExtId}</con:entry><con:entry xmlns:con="http://eviware.com/soapui/config">${Display stock level by product spec ext id 5#res_quantity}</con:entry><con:entry xmlns:con="http://eviware.com/soapui/config">${Add nonserialized stockIn item 2#req_quantity}</con:entry><con:entry xmlns:con="http://eviware.com/soapui/config"/><con:entry xmlns:con="http://eviware.com/soapui/config"/></xml-fragment>]]></row>
          <row><![CDATA[<xml-fragment><con:entry xmlns:con="http://eviware.com/soapui/config">${DataSource for serialized product creation#productSpecCode}</con:entry><con:entry xmlns:con="http://eviware.com/soapui/config">${DataSource for serialized product creation#prodSpecExtId}</con:entry><con:entry xmlns:con="http://eviware.com/soapui/config">${Add serialized stockIn item#req_quantity}</con:entry><con:entry xmlns:con="http://eviware.com/soapui/config">${Add nonserialized stockIn item 2#req_quantity}</con:entry><con:entry xmlns:con="http://eviware.com/soapui/config"/><con:entry xmlns:con="http://eviware.com/soapui/config"/></xml-fragment>]]></row>
        </con:configuration>
      </con:dataSource>
      <con:property>productSpecCode</con:property>
      <con:property>productSpecExtId</con:property>
      <con:property>quantity1</con:property>
      <con:property>quantity2</con:property>
      <con:completeLastOperation>true</con:completeLastOperation>
      <con:restartOnRun>true</con:restartOnRun>
    </con:config>
  </con:testStep>
  <con:testStep type="datagen" name="DataGen product info 3" id="b43c324a-fde6-4852-90b3-f2083adc43b9">
    <con:settings/>
    <con:config xsi:type="con:DataGeneratorStep" xmlns:xsi="http://www.w3.org/2001/XMLSchema-instance">
      <con:property type="Script">
        <con:configuration>
          <script>def quantity1 = context.expand( '${DataSource display product 2#quantity1}' ).toInteger();
def quantity2 = context.expand( '${DataSource display product 2#quantity2}' ).toInteger();
return  quantity1 + quantity2;</script>
        </con:configuration>
        <con:name>quantity</con:name>
        <con:mode>STEP</con:mode>
        <con:shared>true</con:shared>
      </con:property>
    </con:config>
  </con:testStep>
  <con:testStep type="transfer" name="Set display stock level 3" id="532b9cea-f1f9-491a-ba1c-f7d3c0729348">
    <con:settings/>
    <con:config xsi:type="con:PropertyTransfersStep" xmlns:xsi="http://www.w3.org/2001/XMLSchema-instance">
      <con:transfers setNullOnMissingSource="true" transferTextContent="true" failOnError="true" ignoreEmpty="false" transferToAll="false" entitize="false" transferChildNodes="false">
        <con:name>placeId</con:name>
        <con:sourceType>placeId</con:sourceType>
        <con:sourceStep>Given properties for the test steps</con:sourceStep>
        <con:targetType>req_placeId</con:targetType>
        <con:targetStep>Display stock level by spec ext id 3</con:targetStep>
        <con:upgraded>true</con:upgraded>
      </con:transfers>
      <con:transfers setNullOnMissingSource="true" transferTextContent="true" failOnError="false" ignoreEmpty="false" transferToAll="false" entitize="false" transferChildNodes="false">
        <con:name>productSpecExtId</con:name>
        <con:sourceType>productSpecExtId</con:sourceType>
        <con:sourceStep>DataSource display product 2</con:sourceStep>
        <con:targetType>req_productSpecificationExternalId</con:targetType>
        <con:targetStep>Display stock level by spec ext id 3</con:targetStep>
        <con:upgraded>true</con:upgraded>
      </con:transfers>
    </con:config>
  </con:testStep>
  <con:testStep type="calltestcase" name="Display stock level by spec ext id 3" id="c6e4e676-c375-4d7c-a38f-719d0cb49f10">
    <con:settings/>
    <con:config xsi:type="con:RunTestCaseStep" xmlns:xsi="http://www.w3.org/2001/XMLSchema-instance">
      <con:targetTestCase>ae70f14b-9b62-4330-9f1f-32535bcddc8b</con:targetTestCase>
      <con:properties>
        <con:property>
          <con:name>req_placeId</con:name>
          <con:value>198</con:value>
        </con:property>
        <con:property>
          <con:name>req_productSpecCode</con:name>
          <con:value>${Add nonserialized stockIn item#req_quantity}</con:value>
        </con:property>
        <con:property>
          <con:name>req_productSpecArticle</con:name>
          <con:value/>
        </con:property>
        <con:property>
          <con:name>req_productStatus</con:name>
          <con:value xsi:nil="true"/>
        </con:property>
        <con:property>
          <con:name>req_includeLocked</con:name>
          <con:value xsi:nil="true"/>
        </con:property>
        <con:property>
          <con:name>req_productSpecificationExternalId</con:name>
          <con:value>${DataSource for serialized product creation#prodSpecExtId}</con:value>
        </con:property>
        <con:property>
          <con:name>res_placeId</con:name>
          <con:value>198</con:value>
        </con:property>
        <con:property>
          <con:name>res_productSpecificationId</con:name>
          <con:value>1</con:value>
        </con:property>
        <con:property>
          <con:name>res_productSpecificationExternalId</con:name>
          <con:value>EXT-IPHONE6S-1</con:value>
        </con:property>
        <con:property>
          <con:name>res_quantity</con:name>
          <con:value>736</con:value>
        </con:property>
        <con:property>
          <con:name>res_salesOrganizationId</con:name>
          <con:value>389</con:value>
        </con:property>
        <con:property>
          <con:name>res_totalQuantity</con:name>
          <con:value>736</con:value>
        </con:property>
        <con:property>
          <con:name>res_reservedQuantity</con:name>
          <con:value>0</con:value>
        </con:property>
        <con:property>
          <con:name>req_productId</con:name>
          <con:value xsi:nil="true"/>
        </con:property>
        <con:property>
          <con:name>res_code</con:name>
        </con:property>
        <con:property>
          <con:name>req_productSerialNumber</con:name>
        </con:property>
        <con:property>
          <con:name>req_productSerialText</con:name>
        </con:property>
        <con:property>
          <con:name>req_productSpecificationId</con:name>
        </con:property>
        <con:property>
          <con:name>req_parentSerialNumberText</con:name>
        </con:property>
        <con:property>
          <con:name>req_batchId</con:name>
        </con:property>
        <con:property>
          <con:name>req_country</con:name>
        </con:property>
        <con:property>
          <con:name>req_state</con:name>
        </con:property>
        <con:property>
          <con:name>req_city</con:name>
        </con:property>
        <con:property>
          <con:name>req_regionId</con:name>
        </con:property>
        <con:property>
          <con:name>res_fullResponse</con:name>
        </con:property>
        <con:property>
          <con:name>res_errorMessage</con:name>
        </con:property>
      </con:properties>
      <con:returnProperties>
        <con:entry>res_placeId</con:entry>
        <con:entry>res_productSpecificationId</con:entry>
        <con:entry>res_productSpecificationExternalId</con:entry>
        <con:entry>res_quantity</con:entry>
        <con:entry>res_salesOrganizationId</con:entry>
        <con:entry>res_totalQuantity</con:entry>
        <con:entry>res_reservedQuantity</con:entry>
      </con:returnProperties>
      <con:runMode>PARALLELL</con:runMode>
    </con:config>
  </con:testStep>
  <con:testStep type="assertionteststep" name="Assertion display stock level 3" id="ad3f2f04-fe98-466f-90d5-ffe63a48002c">
    <con:settings/>
    <con:config xsi:type="con:AssertionTestStep" xmlns:xsi="http://www.w3.org/2001/XMLSchema-instance">
      <con:entry>
        <con:id>5a95b261-e7ed-4122-8093-2cbc9b98a36f</con:id>
        <con:isGroup>false</con:isGroup>
        <con:sourceId>c6e4e676-c375-4d7c-a38f-719d0cb49f10</con:sourceId>
        <con:propertyName>res_totalQuantity</con:propertyName>
        <con:assertion type="Simple Equals" name="Equals" id="8095f75d-9cf2-4c78-9819-78b8fa55b220">
          <con:configuration>
            <patternObjectId>b43c324a-fde6-4852-90b3-f2083adc43b9</patternObjectId>
            <patternProperty>quantity</patternProperty>
            <caseSensitive>true</caseSensitive>
          </con:configuration>
        </con:assertion>
      </con:entry>
      <con:entry>
        <con:id>44eaacc5-b50a-4010-9f28-edc8a621e8c9</con:id>
        <con:isGroup>false</con:isGroup>
        <con:sourceId>c6e4e676-c375-4d7c-a38f-719d0cb49f10</con:sourceId>
        <con:propertyName>res_reservedQuantity</con:propertyName>
        <con:assertion type="Simple Equals" name="Equals 2" id="53c23bd4-6edc-4b13-afa2-af4fd710cf8c">
          <con:configuration>
            <patternObjectId>f76519cf-133d-40b7-a12d-0c647a3bbbd1</patternObjectId>
            <patternProperty>zero</patternProperty>
            <caseSensitive>true</caseSensitive>
          </con:configuration>
        </con:assertion>
      </con:entry>
    </con:config>
  </con:testStep>
  <con:testStep type="datasourceloop" name="DataSource Loop display product 3" id="9f326c88-25a9-4c25-a3be-8dce89b6a1a7">
    <con:settings/>
    <con:config>
      <dataSourceStep>DataSource display product 3</dataSourceStep>
      <targetStep>DataGen product info 3</targetStep>
    </con:config>
  </con:testStep>
  <con:testStep type="datasource" name="DataSource for nonserialized product creation 4" id="4cc56afd-9a3c-432d-b61d-b82938a2240f">
    <con:settings/>
    <con:config xsi:type="con:DataSourceStep" xmlns:xsi="http://www.w3.org/2001/XMLSchema-instance">
      <con:dataSource type="Grid">
        <con:configuration>
          <check>&lt;con:entry xmlns:con="http://eviware.com/soapui/config">true&lt;/con:entry></check>
          <row><![CDATA[<xml-fragment><con:entry xmlns:con="http://eviware.com/soapui/config">Apple Mouse 1 Button Count</con:entry><con:entry xmlns:con="http://eviware.com/soapui/config">EXT-APPLMOUSE-1</con:entry><con:entry xmlns:con="http://eviware.com/soapui/config">CODE-APPLMOUSE-1</con:entry><con:entry xmlns:con="http://eviware.com/soapui/config">${#TestCase#req_quantity}</con:entry><con:entry xmlns:con="http://eviware.com/soapui/config">7</con:entry><con:entry xmlns:con="http://eviware.com/soapui/config">17-EXT</con:entry><con:entry xmlns:con="http://eviware.com/soapui/config">2</con:entry><con:entry xmlns:con="http://eviware.com/soapui/config"/><con:entry xmlns:con="http://eviware.com/soapui/config"/></xml-fragment>]]></row>
        </con:configuration>
      </con:dataSource>
      <con:property>description</con:property>
      <con:property>prodSpecExtId</con:property>
      <con:property>productSpecCode</con:property>
      <con:property>quantity</con:property>
      <con:property>charExtId1</con:property>
      <con:property>charValueExtId1</con:property>
      <con:property>productStatus</con:property>
      <con:completeLastOperation>true</con:completeLastOperation>
      <con:restartOnRun>true</con:restartOnRun>
    </con:config>
  </con:testStep>
  <con:testStep type="transfer" name="Set add nonserialized stockIn item 4" id="c2dd65b3-75bc-40f0-9a92-74e1c716ea2a">
    <con:settings/>
    <con:config xsi:type="con:PropertyTransfersStep" xmlns:xsi="http://www.w3.org/2001/XMLSchema-instance">
      <con:transfers setNullOnMissingSource="true" transferTextContent="true" failOnError="true" ignoreEmpty="false" transferToAll="false" entitize="false" transferChildNodes="false">
        <con:name>biId</con:name>
        <con:sourceType>biId</con:sourceType>
        <con:sourceStep>Given properties for the test steps</con:sourceStep>
        <con:sourcePath/>
        <con:targetType>req_biId</con:targetType>
        <con:targetStep>Add nonserialized stockIn item 4</con:targetStep>
        <con:targetPath/>
        <con:upgraded>true</con:upgraded>
      </con:transfers>
      <con:transfers setNullOnMissingSource="true" transferTextContent="true" failOnError="true" ignoreEmpty="false" transferToAll="false" entitize="false" transferChildNodes="false">
        <con:name>productSpecExtId</con:name>
        <con:sourceType>prodSpecExtId</con:sourceType>
        <con:sourceStep>DataSource for nonserialized product creation 4</con:sourceStep>
        <con:targetType>req_prodSpecExtId</con:targetType>
        <con:targetStep>Add nonserialized stockIn item 4</con:targetStep>
        <con:upgraded>true</con:upgraded>
      </con:transfers>
      <con:transfers setNullOnMissingSource="true" transferTextContent="true" failOnError="true" ignoreEmpty="false" transferToAll="false" entitize="false" transferChildNodes="false">
        <con:name>placeId</con:name>
        <con:sourceType>placeId</con:sourceType>
        <con:sourceStep>Given properties for the test steps</con:sourceStep>
        <con:targetType>req_placeId</con:targetType>
        <con:targetStep>Add nonserialized stockIn item 4</con:targetStep>
        <con:upgraded>true</con:upgraded>
      </con:transfers>
      <con:transfers setNullOnMissingSource="true" transferTextContent="true" failOnError="true" ignoreEmpty="false" transferToAll="false" entitize="false" transferChildNodes="false">
        <con:name>description</con:name>
        <con:sourceType>productDesc</con:sourceType>
        <con:sourceStep>Given properties for the test steps</con:sourceStep>
        <con:targetType>req_description</con:targetType>
        <con:targetStep>Add nonserialized stockIn item 4</con:targetStep>
        <con:upgraded>true</con:upgraded>
      </con:transfers>
      <con:transfers setNullOnMissingSource="true" transferTextContent="true" failOnError="true" ignoreEmpty="false" transferToAll="false" entitize="false" transferChildNodes="false">
        <con:name>charExtId1</con:name>
        <con:sourceType>charExtId1</con:sourceType>
        <con:sourceStep>DataSource for nonserialized product creation 4</con:sourceStep>
        <con:targetType>req_charExtId1</con:targetType>
        <con:targetStep>Add nonserialized stockIn item 4</con:targetStep>
        <con:upgraded>true</con:upgraded>
      </con:transfers>
      <con:transfers setNullOnMissingSource="true" transferTextContent="true" failOnError="true" ignoreEmpty="false" transferToAll="false" entitize="false" transferChildNodes="false">
        <con:name>charValueExtId1</con:name>
        <con:sourceType>charValueExtId1</con:sourceType>
        <con:sourceStep>DataSource for nonserialized product creation 4</con:sourceStep>
        <con:targetType>req_charValueExtId1</con:targetType>
        <con:targetStep>Add nonserialized stockIn item 4</con:targetStep>
        <con:upgraded>true</con:upgraded>
      </con:transfers>
      <con:transfers setNullOnMissingSource="true" transferTextContent="true" failOnError="true" ignoreEmpty="false" transferToAll="false" entitize="false" transferChildNodes="false">
        <con:name>productStatus</con:name>
        <con:sourceType>productStatus</con:sourceType>
        <con:sourceStep>DataSource for nonserialized product creation 4</con:sourceStep>
        <con:targetType>req_prodStatus</con:targetType>
        <con:targetStep>Add nonserialized stockIn item 4</con:targetStep>
        <con:upgraded>true</con:upgraded>
      </con:transfers>
      <con:transfers setNullOnMissingSource="true" transferTextContent="true" failOnError="true" ignoreEmpty="false" transferToAll="false" entitize="false" transferChildNodes="false">
        <con:name>quantity</con:name>
        <con:sourceType>quantity</con:sourceType>
        <con:sourceStep>Given properties for the test steps</con:sourceStep>
        <con:targetType>req_quantity</con:targetType>
        <con:targetStep>Add nonserialized stockIn item 4</con:targetStep>
        <con:upgraded>true</con:upgraded>
      </con:transfers>
    </con:config>
  </con:testStep>
  <con:testStep type="calltestcase" name="Add nonserialized stockIn item 4" id="89229d80-4fa8-4ecc-bdb1-8111a5c486e2">
    <con:settings/>
    <con:config xsi:type="con:RunTestCaseStep" xmlns:xsi="http://www.w3.org/2001/XMLSchema-instance">
      <con:targetTestCase>1df0a954-3f76-4a4e-bd4b-aa3504f4ccf7</con:targetTestCase>
      <con:properties>
        <con:property>
          <con:name>req_biId</con:name>
          <con:value>12401</con:value>
        </con:property>
        <con:property>
          <con:name>req_prodSpecExtId</con:name>
          <con:value>EXT-APPLMOUSE-1</con:value>
        </con:property>
        <con:property>
          <con:name>req_placeId</con:name>
          <con:value>198</con:value>
        </con:property>
        <con:property>
          <con:name>req_description</con:name>
          <con:value>productDesc-${=java.util.UUID.randomUUID()}</con:value>
        </con:property>
        <con:property>
          <con:name>req_charExtId1</con:name>
          <con:value>7</con:value>
        </con:property>
        <con:property>
          <con:name>req_charValueExtId1</con:name>
          <con:value>17-EXT</con:value>
        </con:property>
        <con:property>
          <con:name>req_serialText</con:name>
        </con:property>
        <con:property>
          <con:name>res_itemId</con:name>
          <con:value>1904</con:value>
        </con:property>
        <con:property>
          <con:name>res_code</con:name>
          <con:value xsi:nil="true"/>
        </con:property>
        <con:property>
          <con:name>res_errorMessage</con:name>
          <con:value xsi:nil="true"/>
        </con:property>
        <con:property>
          <con:name>req_prodStatus</con:name>
          <con:value>2</con:value>
        </con:property>
        <con:property>
          <con:name>req_quantity</con:name>
          <con:value>368</con:value>
        </con:property>
        <con:property>
          <con:name>req_batchId</con:name>
        </con:property>
        <con:property>
          <con:name>res_httpStatus</con:name>
        </con:property>
      </con:properties>
      <con:returnProperties>
        <con:entry>res_itemId</con:entry>
        <con:entry>res_code</con:entry>
        <con:entry>res_errorMessage</con:entry>
      </con:returnProperties>
      <con:runMode>PARALLELL</con:runMode>
    </con:config>
  </con:testStep>
  <con:testStep type="assertionteststep" name="Assertion add nonserialized stockIn item 4" id="3e31d3cb-efe5-403b-80a9-acbd18c25121">
    <con:settings/>
    <con:config xsi:type="con:AssertionTestStep" xmlns:xsi="http://www.w3.org/2001/XMLSchema-instance">
      <con:entry>
        <con:id>058c9464-b138-4eaa-b312-e7e224857e7f</con:id>
        <con:isGroup>false</con:isGroup>
        <con:sourceId>89229d80-4fa8-4ecc-bdb1-8111a5c486e2</con:sourceId>
        <con:propertyName>res_itemId</con:propertyName>
        <con:assertion type="Simple Contains" name="Contains" id="0b1d0605-a051-4241-905a-ab01714e0e1b">
          <con:configuration>
            <token>\d+</token>
            <ignoreCase>false</ignoreCase>
            <useRegEx>true</useRegEx>
          </con:configuration>
        </con:assertion>
      </con:entry>
    </con:config>
  </con:testStep>
  <con:testStep type="datasource" name="DataSource for serialized product creation 4 - Lost&amp;Sold check" id="be1a22b9-051d-48c4-954b-15b4bcd7d1b2">
    <con:settings/>
    <con:config xsi:type="con:DataSourceStep" xmlns:xsi="http://www.w3.org/2001/XMLSchema-instance">
      <con:dataSource type="Grid">
        <con:configuration>
          <check><![CDATA[<xml-fragment><con:entry xmlns:con="http://eviware.com/soapui/config">true</con:entry><con:entry xmlns:con="http://eviware.com/soapui/config">true</con:entry></xml-fragment>]]></check>
          <row><![CDATA[<xml-fragment><con:entry xmlns:con="http://eviware.com/soapui/config">IPHONE 6S 4.7' 32GB A7</con:entry><con:entry xmlns:con="http://eviware.com/soapui/config">EXT-IPHONE6S-1</con:entry><con:entry xmlns:con="http://eviware.com/soapui/config">CODE-IPHONE6S-1</con:entry><con:entry xmlns:con="http://eviware.com/soapui/config">${#TestCase#req_quantity}</con:entry><con:entry xmlns:con="http://eviware.com/soapui/config">3</con:entry><con:entry xmlns:con="http://eviware.com/soapui/config">1</con:entry><con:entry xmlns:con="http://eviware.com/soapui/config">1-EXT</con:entry><con:entry xmlns:con="http://eviware.com/soapui/config">2</con:entry><con:entry xmlns:con="http://eviware.com/soapui/config">5-EXT</con:entry><con:entry xmlns:con="http://eviware.com/soapui/config">3</con:entry><con:entry xmlns:con="http://eviware.com/soapui/config">8-EXT</con:entry><con:entry xmlns:con="http://eviware.com/soapui/config"/><con:entry xmlns:con="http://eviware.com/soapui/config"/><con:entry xmlns:con="http://eviware.com/soapui/config">11-EXT</con:entry><con:entry xmlns:con="http://eviware.com/soapui/config">21-EXT</con:entry><con:entry xmlns:con="http://eviware.com/soapui/config">12-EXT</con:entry><con:entry xmlns:con="http://eviware.com/soapui/config">100</con:entry></xml-fragment>]]></row>
          <row><![CDATA[<xml-fragment><con:entry xmlns:con="http://eviware.com/soapui/config">IPHONE 6S 4.7' 32GB A7</con:entry><con:entry xmlns:con="http://eviware.com/soapui/config">EXT-IPHONE6S-1</con:entry><con:entry xmlns:con="http://eviware.com/soapui/config">CODE-IPHONE6S-1</con:entry><con:entry xmlns:con="http://eviware.com/soapui/config">${#TestCase#req_quantity}</con:entry><con:entry xmlns:con="http://eviware.com/soapui/config">5</con:entry><con:entry xmlns:con="http://eviware.com/soapui/config">1</con:entry><con:entry xmlns:con="http://eviware.com/soapui/config">1-EXT</con:entry><con:entry xmlns:con="http://eviware.com/soapui/config">2</con:entry><con:entry xmlns:con="http://eviware.com/soapui/config">5-EXT</con:entry><con:entry xmlns:con="http://eviware.com/soapui/config">3</con:entry><con:entry xmlns:con="http://eviware.com/soapui/config">8-EXT</con:entry><con:entry xmlns:con="http://eviware.com/soapui/config"/><con:entry xmlns:con="http://eviware.com/soapui/config"/><con:entry xmlns:con="http://eviware.com/soapui/config">11-EXT</con:entry><con:entry xmlns:con="http://eviware.com/soapui/config">21-EXT</con:entry><con:entry xmlns:con="http://eviware.com/soapui/config">12-EXT</con:entry><con:entry xmlns:con="http://eviware.com/soapui/config">100</con:entry><con:entry xmlns:con="http://eviware.com/soapui/config"/></xml-fragment>]]></row>
        </con:configuration>
      </con:dataSource>
      <con:property>description</con:property>
      <con:property>prodSpecExtId</con:property>
      <con:property>productSpecCode</con:property>
      <con:property>quantity</con:property>
      <con:property>prodStatus</con:property>
      <con:property>charExtId1</con:property>
      <con:property>charValueExtId1</con:property>
      <con:property>charExtId2</con:property>
      <con:property>charValueExtId2</con:property>
      <con:property>charExtId3</con:property>
      <con:property>charValueExtId3</con:property>
      <con:property>charExtId4</con:property>
      <con:property>charValueExtId4</con:property>
      <con:property>charExtId5</con:property>
      <con:property>charValueExtId5</con:property>
      <con:property>charExtId6</con:property>
      <con:property>charValueExtId6</con:property>
      <con:startRow/>
      <con:endRow/>
      <con:recordsPerIteration>1</con:recordsPerIteration>
      <con:completeLastOperation>true</con:completeLastOperation>
      <con:trimValues>false</con:trimValues>
      <con:entitizeValues>false</con:entitizeValues>
      <con:restartOnRun>true</con:restartOnRun>
      <con:expandProperties>false</con:expandProperties>
    </con:config>
  </con:testStep>
  <con:testStep type="datagen" name="DataGen startSerial 4- Lost&amp;Sold check" id="5c4733a9-9753-49fa-aae0-1ccc0e230bfd">
    <con:settings/>
    <con:config xsi:type="con:DataGeneratorStep" xmlns:xsi="http://www.w3.org/2001/XMLSchema-instance">
      <con:property type="Script">
        <con:configuration>
          <script>def startSerialNumber = context.expand( '${Given properties for the test steps#startSerialNumber}' ).toInteger();
def quantity1 = context.expand( '${Add serialized stockIn item#req_quantity}' ).toInteger();
def quantity2 = context.expand( '${Add serialized stockIn item 2#req_quantity}' ).toInteger();
def quantity3 = context.expand( '${Add serialized stockIn item 3#req_quantity}' ).toInteger();
return  startSerialNumber + quantity1 + quantity2 + quantity3;</script>
        </con:configuration>
        <con:name>startSerial</con:name>
        <con:mode>STEP</con:mode>
        <con:shared>true</con:shared>
      </con:property>
      <con:property type="Script">
        <con:configuration>
          <script>def startSerialNumber = context.expand( '${Given properties for the test steps#startSerialNumber}' ).toInteger();
def quantity1 = context.expand( '${Add serialized stockIn item#req_quantity}' ).toInteger();
def quantity2 = context.expand( '${Add serialized stockIn item 2#req_quantity}' ).toInteger();
def quantity3 = context.expand( '${Add serialized stockIn item 3#req_quantity}' ).toInteger();
def quantity4 = context.expand( '${Add serialized stockIn item 3#req_quantity}' ).toInteger();
return  startSerialNumber + quantity1 + quantity2 + quantity3 + quantity4;</script>
        </con:configuration>
        <con:name>anotherStartSerialNumber</con:name>
        <con:mode>STEP</con:mode>
        <con:shared>true</con:shared>
      </con:property>
    </con:config>
  </con:testStep>
  <con:testStep type="transfer" name="Set add serialized stockIn item 4 - Lost&amp;Sold check" id="ed5932cd-9ea1-4efb-9ea9-fe510d068387">
    <con:settings/>
    <con:config xsi:type="con:PropertyTransfersStep" xmlns:xsi="http://www.w3.org/2001/XMLSchema-instance">
      <con:transfers setNullOnMissingSource="true" transferTextContent="true" failOnError="true" ignoreEmpty="false" transferToAll="false" entitize="false" transferChildNodes="false">
        <con:name>biId</con:name>
        <con:sourceType>biId</con:sourceType>
        <con:sourceStep>Given properties for the test steps</con:sourceStep>
        <con:sourcePath/>
        <con:targetType>req_biId</con:targetType>
        <con:targetStep>Add serialized stockIn item 4 - Lost&amp;Sold check</con:targetStep>
        <con:targetPath/>
        <con:upgraded>true</con:upgraded>
      </con:transfers>
      <con:transfers setNullOnMissingSource="true" transferTextContent="true" failOnError="true" ignoreEmpty="false" transferToAll="false" entitize="false" transferChildNodes="false">
        <con:name>productSpecExtId</con:name>
        <con:sourceType>prodSpecExtId</con:sourceType>
        <con:sourceStep>DataSource for serialized product creation 4 - Lost&amp;Sold check</con:sourceStep>
        <con:targetType>req_prodSpecExtId</con:targetType>
        <con:targetStep>Add serialized stockIn item 4 - Lost&amp;Sold check</con:targetStep>
        <con:upgraded>true</con:upgraded>
      </con:transfers>
      <con:transfers setNullOnMissingSource="true" transferTextContent="true" failOnError="true" ignoreEmpty="false" transferToAll="false" entitize="false" transferChildNodes="false">
        <con:name>placeId</con:name>
        <con:sourceType>placeId</con:sourceType>
        <con:sourceStep>Given properties for the test steps</con:sourceStep>
        <con:targetType>req_placeId</con:targetType>
        <con:targetStep>Add serialized stockIn item 4 - Lost&amp;Sold check</con:targetStep>
        <con:upgraded>true</con:upgraded>
      </con:transfers>
      <con:transfers setNullOnMissingSource="true" transferTextContent="true" failOnError="true" ignoreEmpty="false" transferToAll="false" entitize="false" transferChildNodes="false">
        <con:name>description</con:name>
        <con:sourceType>productDesc</con:sourceType>
        <con:sourceStep>Given properties for the test steps</con:sourceStep>
        <con:targetType>req_description</con:targetType>
        <con:targetStep>Add serialized stockIn item 4 - Lost&amp;Sold check</con:targetStep>
        <con:upgraded>true</con:upgraded>
      </con:transfers>
      <con:transfers setNullOnMissingSource="true" transferTextContent="true" failOnError="true" ignoreEmpty="false" transferToAll="false" entitize="false" transferChildNodes="false">
        <con:name>productStatus</con:name>
        <con:sourceType>prodStatus</con:sourceType>
        <con:sourceStep>DataSource for serialized product creation 4 - Lost&amp;Sold check</con:sourceStep>
        <con:targetType>req_prodStatus</con:targetType>
        <con:targetStep>Add serialized stockIn item 4 - Lost&amp;Sold check</con:targetStep>
        <con:upgraded>true</con:upgraded>
      </con:transfers>
      <con:transfers setNullOnMissingSource="true" transferTextContent="true" failOnError="true" ignoreEmpty="false" transferToAll="false" entitize="false" transferChildNodes="false">
        <con:name>quantity</con:name>
        <con:sourceType>quantity</con:sourceType>
        <con:sourceStep>Given properties for the test steps</con:sourceStep>
        <con:targetType>req_quantity</con:targetType>
        <con:targetStep>Add serialized stockIn item 4 - Lost&amp;Sold check</con:targetStep>
        <con:upgraded>true</con:upgraded>
      </con:transfers>
      <con:transfers setNullOnMissingSource="true" transferTextContent="true" failOnError="true" ignoreEmpty="false" transferToAll="false" entitize="false" transferChildNodes="false">
        <con:name>startSerialNumber</con:name>
        <con:sourceType>startSerial</con:sourceType>
        <con:sourceStep>DataGen startSerial 4- Lost&amp;Sold check</con:sourceStep>
        <con:targetType>req_startSerialNumber</con:targetType>
        <con:targetStep>Add serialized stockIn item 4 - Lost&amp;Sold check</con:targetStep>
        <con:upgraded>true</con:upgraded>
      </con:transfers>
      <con:transfers setNullOnMissingSource="true" transferTextContent="true" failOnError="true" ignoreEmpty="false" transferToAll="false" entitize="false" transferChildNodes="false">
        <con:name>charExtId1</con:name>
        <con:sourceType>charExtId1</con:sourceType>
        <con:sourceStep>DataSource for serialized product creation 4 - Lost&amp;Sold check</con:sourceStep>
        <con:targetType>req_charExtId1</con:targetType>
        <con:targetStep>Add serialized stockIn item 4 - Lost&amp;Sold check</con:targetStep>
        <con:upgraded>true</con:upgraded>
      </con:transfers>
      <con:transfers setNullOnMissingSource="true" transferTextContent="true" failOnError="true" ignoreEmpty="false" transferToAll="false" entitize="false" transferChildNodes="false">
        <con:name>charExtId2</con:name>
        <con:sourceType>charExtId2</con:sourceType>
        <con:sourceStep>DataSource for serialized product creation 4 - Lost&amp;Sold check</con:sourceStep>
        <con:targetType>req_charExtId2</con:targetType>
        <con:targetStep>Add serialized stockIn item 4 - Lost&amp;Sold check</con:targetStep>
        <con:upgraded>true</con:upgraded>
      </con:transfers>
      <con:transfers setNullOnMissingSource="true" transferTextContent="true" failOnError="true" ignoreEmpty="false" transferToAll="false" entitize="false" transferChildNodes="false">
        <con:name>charExtId3</con:name>
        <con:sourceType>charExtId3</con:sourceType>
        <con:sourceStep>DataSource for serialized product creation 4 - Lost&amp;Sold check</con:sourceStep>
        <con:targetType>req_charExtId3</con:targetType>
        <con:targetStep>Add serialized stockIn item 4 - Lost&amp;Sold check</con:targetStep>
        <con:upgraded>true</con:upgraded>
      </con:transfers>
      <con:transfers setNullOnMissingSource="true" transferTextContent="true" failOnError="true" ignoreEmpty="false" transferToAll="false" entitize="false" transferChildNodes="false">
        <con:name>charExtId4</con:name>
        <con:sourceType>charExtId4</con:sourceType>
        <con:sourceStep>DataSource for serialized product creation 4 - Lost&amp;Sold check</con:sourceStep>
        <con:targetType>req_charExtId4</con:targetType>
        <con:targetStep>Add serialized stockIn item 4 - Lost&amp;Sold check</con:targetStep>
        <con:upgraded>true</con:upgraded>
      </con:transfers>
      <con:transfers setNullOnMissingSource="true" transferTextContent="true" failOnError="true" ignoreEmpty="false" transferToAll="false" entitize="false" transferChildNodes="false">
        <con:name>charExtId5</con:name>
        <con:sourceType>req_charExtId5</con:sourceType>
        <con:sourceStep>Add serialized stockIn item 4 - Lost&amp;Sold check</con:sourceStep>
        <con:targetType>req_charValueExtId5</con:targetType>
        <con:targetStep>Add serialized stockIn item 4 - Lost&amp;Sold check</con:targetStep>
        <con:upgraded>true</con:upgraded>
      </con:transfers>
      <con:transfers setNullOnMissingSource="true" transferTextContent="true" failOnError="true" ignoreEmpty="false" transferToAll="false" entitize="false" transferChildNodes="false">
        <con:name>charExtId6</con:name>
        <con:sourceType>charExtId6</con:sourceType>
        <con:sourceStep>DataSource for serialized product creation 4 - Lost&amp;Sold check</con:sourceStep>
        <con:targetType>req_charExtId6</con:targetType>
        <con:targetStep>Add serialized stockIn item 4 - Lost&amp;Sold check</con:targetStep>
        <con:upgraded>true</con:upgraded>
      </con:transfers>
      <con:transfers setNullOnMissingSource="true" transferTextContent="true" failOnError="true" ignoreEmpty="false" transferToAll="false" entitize="false" transferChildNodes="false">
        <con:name>charValueExtId1</con:name>
        <con:sourceType>charValueExtId1</con:sourceType>
        <con:sourceStep>DataSource for serialized product creation 4 - Lost&amp;Sold check</con:sourceStep>
        <con:targetType>req_charValueExtId1</con:targetType>
        <con:targetStep>Add serialized stockIn item 4 - Lost&amp;Sold check</con:targetStep>
        <con:upgraded>true</con:upgraded>
      </con:transfers>
      <con:transfers setNullOnMissingSource="true" transferTextContent="true" failOnError="true" ignoreEmpty="false" transferToAll="false" entitize="false" transferChildNodes="false">
        <con:name>charValueExtId2</con:name>
        <con:sourceType>charValueExtId2</con:sourceType>
        <con:sourceStep>DataSource for serialized product creation 4 - Lost&amp;Sold check</con:sourceStep>
        <con:targetType>req_charValueExtId2</con:targetType>
        <con:targetStep>Add serialized stockIn item 4 - Lost&amp;Sold check</con:targetStep>
        <con:upgraded>true</con:upgraded>
      </con:transfers>
      <con:transfers setNullOnMissingSource="true" transferTextContent="true" failOnError="true" ignoreEmpty="false" transferToAll="false" entitize="false" transferChildNodes="false">
        <con:name>charValueExtId3</con:name>
        <con:sourceType>charValueExtId3</con:sourceType>
        <con:sourceStep>DataSource for serialized product creation 4 - Lost&amp;Sold check</con:sourceStep>
        <con:targetType>req_charValueExtId3</con:targetType>
        <con:targetStep>Add serialized stockIn item 4 - Lost&amp;Sold check</con:targetStep>
        <con:upgraded>true</con:upgraded>
      </con:transfers>
      <con:transfers setNullOnMissingSource="true" transferTextContent="true" failOnError="true" ignoreEmpty="false" transferToAll="false" entitize="false" transferChildNodes="false">
        <con:name>charValueExtId4</con:name>
        <con:sourceType>charExtId4</con:sourceType>
        <con:sourceStep>DataSource for serialized product creation 4 - Lost&amp;Sold check</con:sourceStep>
        <con:targetType>req_charValueExtId4</con:targetType>
        <con:targetStep>Add serialized stockIn item 4 - Lost&amp;Sold check</con:targetStep>
        <con:upgraded>true</con:upgraded>
      </con:transfers>
      <con:transfers setNullOnMissingSource="true" transferTextContent="true" failOnError="true" ignoreEmpty="false" transferToAll="false" entitize="false" transferChildNodes="false">
        <con:name>charValueExtId5</con:name>
        <con:sourceType>req_charValueExtId5</con:sourceType>
        <con:sourceStep>Add serialized stockIn item 4 - Lost&amp;Sold check</con:sourceStep>
        <con:targetType>req_charValueExtId5</con:targetType>
        <con:targetStep>Add serialized stockIn item 4 - Lost&amp;Sold check</con:targetStep>
        <con:upgraded>true</con:upgraded>
      </con:transfers>
      <con:transfers setNullOnMissingSource="true" transferTextContent="true" failOnError="true" ignoreEmpty="false" transferToAll="false" entitize="false" transferChildNodes="false">
        <con:name>charValueExtId6</con:name>
        <con:sourceType>charValueExtId6</con:sourceType>
        <con:sourceStep>DataSource for serialized product creation 4 - Lost&amp;Sold check</con:sourceStep>
        <con:targetType>req_charValueExtId6</con:targetType>
        <con:targetStep>Add serialized stockIn item 4 - Lost&amp;Sold check</con:targetStep>
        <con:upgraded>true</con:upgraded>
      </con:transfers>
    </con:config>
  </con:testStep>
  <con:testStep type="calltestcase" name="Add serialized stockIn item 4 - Lost&amp;Sold check" id="d1258a7a-6db1-4d81-b13f-a10a0a581cab">
    <con:settings/>
    <con:config xsi:type="con:RunTestCaseStep" xmlns:xsi="http://www.w3.org/2001/XMLSchema-instance">
      <con:targetTestCase>6bd1934a-177f-4060-ae9c-cb6238b88203</con:targetTestCase>
      <con:properties>
        <con:property>
          <con:name>req_biId</con:name>
          <con:value>12401</con:value>
        </con:property>
        <con:property>
          <con:name>req_prodSpecExtId</con:name>
          <con:value>EXT-IPHONE6S-1</con:value>
        </con:property>
        <con:property>
          <con:name>req_quantity</con:name>
          <con:value>368</con:value>
        </con:property>
        <con:property>
          <con:name>req_placeId</con:name>
          <con:value>198</con:value>
        </con:property>
        <con:property>
          <con:name>req_prodStatus</con:name>
          <con:value>3</con:value>
        </con:property>
        <con:property>
          <con:name>req_description</con:name>
          <con:value>productDesc-${=java.util.UUID.randomUUID()}</con:value>
        </con:property>
        <con:property>
          <con:name>req_startSerialNumber</con:name>
          <con:value>24816196</con:value>
        </con:property>
        <con:property>
          <con:name>req_charExtId1</con:name>
          <con:value>1</con:value>
        </con:property>
        <con:property>
          <con:name>req_charValueExtId1</con:name>
          <con:value>1-EXT</con:value>
        </con:property>
        <con:property>
          <con:name>req_charExtId2</con:name>
          <con:value>2</con:value>
        </con:property>
        <con:property>
          <con:name>req_charValueExtId2</con:name>
          <con:value>5-EXT</con:value>
        </con:property>
        <con:property>
          <con:name>req_charExtId3</con:name>
          <con:value>3</con:value>
        </con:property>
        <con:property>
          <con:name>req_charValueExtId3</con:name>
          <con:value>8-EXT</con:value>
        </con:property>
        <con:property>
          <con:name>res_itemId</con:name>
          <con:value xsi:nil="true"/>
        </con:property>
        <con:property>
          <con:name>res_code</con:name>
          <con:value>LOST_SOLD_STATUS_INVALID_FOR_STOCKIN</con:value>
        </con:property>
        <con:property>
          <con:name>res_errorMessage</con:name>
          <con:value>LOST_SOLD_STATUS_INVALID_FOR_STOCKIN</con:value>
        </con:property>
        <con:property>
          <con:name>req_charExtId4</con:name>
          <con:value/>
        </con:property>
        <con:property>
          <con:name>req_charValueExtId4</con:name>
          <con:value/>
        </con:property>
        <con:property>
          <con:name>req_charExtId5</con:name>
          <con:value>11-EXT</con:value>
        </con:property>
        <con:property>
          <con:name>req_charValueExtId5</con:name>
          <con:value>11-EXT</con:value>
        </con:property>
        <con:property>
          <con:name>req_charExtId6</con:name>
          <con:value>12-EXT</con:value>
        </con:property>
        <con:property>
          <con:name>req_charValueExtId6</con:name>
          <con:value>100</con:value>
        </con:property>
        <con:property>
          <con:name>req_batchId</con:name>
        </con:property>
      </con:properties>
      <con:returnProperties>
        <con:entry>res_itemId</con:entry>
        <con:entry>res_code</con:entry>
        <con:entry>res_errorMessage</con:entry>
      </con:returnProperties>
      <con:runMode>PARALLELL</con:runMode>
    </con:config>
  </con:testStep>
  <con:testStep type="assertionteststep" name="Assertion add serialized stockIn item 4 - Lost&amp;Sold check" id="2814c9b0-d941-419e-9f8c-def9e99658ec">
    <con:settings/>
    <con:config xsi:type="con:AssertionTestStep" xmlns:xsi="http://www.w3.org/2001/XMLSchema-instance">
      <con:entry>
        <con:id>86e74d3b-04e2-45db-bfcb-0fcf1730ae82</con:id>
        <con:isGroup>false</con:isGroup>
        <con:sourceId>d1258a7a-6db1-4d81-b13f-a10a0a581cab</con:sourceId>
        <con:propertyName>res_errorMessage</con:propertyName>
        <con:assertion type="Simple Equals" name="Equals" id="f5b245df-7d2b-4ea8-af83-38165adfba02">
          <con:configuration>
            <patternText>LOST_SOLD_STATUS_INVALID_FOR_STOCKIN</patternText>
            <caseSensitive>true</caseSensitive>
          </con:configuration>
        </con:assertion>
      </con:entry>
    </con:config>
  </con:testStep>
  <con:testStep type="manualTestStep" name="Manual" id="88774ce6-001a-4fb3-a886-4aa98018a79c" disabled="true">
    <con:settings/>
    <con:config xsi:type="con:ManualTestStep" xmlns:xsi="http://www.w3.org/2001/XMLSchema-instance"/>
  </con:testStep>
  <con:testStep type="transfer" name="Set cannot add serialized stock in if all chars not given" id="40aec072-7da1-4319-9f45-bd1c1936dc87">
    <con:settings/>
    <con:config xsi:type="con:PropertyTransfersStep" xmlns:xsi="http://www.w3.org/2001/XMLSchema-instance">
      <con:transfers setNullOnMissingSource="true" transferTextContent="true" failOnError="true" ignoreEmpty="false" transferToAll="false" entitize="false" transferChildNodes="false">
        <con:name>biId</con:name>
        <con:sourceType>biId</con:sourceType>
        <con:sourceStep>Given properties for the test steps</con:sourceStep>
        <con:sourcePath/>
        <con:targetType>req_biId</con:targetType>
        <con:targetStep>Cannot add serialized stock in if all chars not given</con:targetStep>
        <con:targetPath/>
        <con:upgraded>true</con:upgraded>
      </con:transfers>
      <con:transfers setNullOnMissingSource="true" transferTextContent="true" failOnError="true" ignoreEmpty="false" transferToAll="false" entitize="false" transferChildNodes="false">
        <con:name>productSpecExtId</con:name>
        <con:sourceType>prodSpecExtId</con:sourceType>
        <con:sourceStep>DataSource for serialized product creation 4 - Lost&amp;Sold check</con:sourceStep>
        <con:targetType>req_prodSpecExtId</con:targetType>
        <con:targetStep>Cannot add serialized stock in if all chars not given</con:targetStep>
        <con:upgraded>true</con:upgraded>
      </con:transfers>
      <con:transfers setNullOnMissingSource="true" transferTextContent="true" failOnError="true" ignoreEmpty="false" transferToAll="false" entitize="false" transferChildNodes="false">
        <con:name>placeId</con:name>
        <con:sourceType>placeId</con:sourceType>
        <con:sourceStep>Given properties for the test steps</con:sourceStep>
        <con:targetType>req_placeId</con:targetType>
        <con:targetStep>Cannot add serialized stock in if all chars not given</con:targetStep>
        <con:upgraded>true</con:upgraded>
      </con:transfers>
      <con:transfers setNullOnMissingSource="true" transferTextContent="true" failOnError="true" ignoreEmpty="false" transferToAll="false" entitize="false" transferChildNodes="false">
        <con:name>description</con:name>
        <con:sourceType>productDesc</con:sourceType>
        <con:sourceStep>Given properties for the test steps</con:sourceStep>
        <con:targetType>req_description</con:targetType>
        <con:targetStep>Cannot add serialized stock in if all chars not given</con:targetStep>
        <con:upgraded>true</con:upgraded>
      </con:transfers>
      <con:transfers setNullOnMissingSource="true" transferTextContent="true" failOnError="true" ignoreEmpty="false" transferToAll="false" entitize="false" transferChildNodes="false">
        <con:name>productStatus</con:name>
        <con:sourceType>productStatus</con:sourceType>
        <con:sourceStep>DataSource for nonserialized product creation 4</con:sourceStep>
        <con:targetType>req_prodStatus</con:targetType>
        <con:targetStep>Cannot add serialized stock in if all chars not given</con:targetStep>
        <con:upgraded>true</con:upgraded>
      </con:transfers>
      <con:transfers setNullOnMissingSource="true" transferTextContent="true" failOnError="true" ignoreEmpty="false" transferToAll="false" entitize="false" transferChildNodes="false">
        <con:name>quantity</con:name>
        <con:sourceType>quantity</con:sourceType>
        <con:sourceStep>Given properties for the test steps</con:sourceStep>
        <con:targetType>req_quantity</con:targetType>
        <con:targetStep>Cannot add serialized stock in if all chars not given</con:targetStep>
        <con:upgraded>true</con:upgraded>
      </con:transfers>
      <con:transfers setNullOnMissingSource="true" transferTextContent="true" failOnError="true" ignoreEmpty="false" transferToAll="false" entitize="false" transferChildNodes="false">
        <con:name>startSerialNumber</con:name>
        <con:sourceType>anotherStartSerialNumber</con:sourceType>
        <con:sourceStep>DataGen startSerial 4- Lost&amp;Sold check</con:sourceStep>
        <con:targetType>req_startSerialNumber</con:targetType>
        <con:targetStep>Cannot add serialized stock in if all chars not given</con:targetStep>
        <con:upgraded>true</con:upgraded>
      </con:transfers>
      <con:transfers setNullOnMissingSource="true" transferTextContent="true" failOnError="true" ignoreEmpty="false" transferToAll="false" entitize="false" transferChildNodes="false">
        <con:name>charExtId1</con:name>
        <con:sourceType>charExtId1</con:sourceType>
        <con:sourceStep>DataSource for serialized product creation 4 - Lost&amp;Sold check</con:sourceStep>
        <con:targetType>req_charExtId1</con:targetType>
        <con:targetStep>Cannot add serialized stock in if all chars not given</con:targetStep>
        <con:upgraded>true</con:upgraded>
      </con:transfers>
      <con:transfers setNullOnMissingSource="true" transferTextContent="true" failOnError="true" ignoreEmpty="false" transferToAll="false" entitize="false" transferChildNodes="false" disabled="true">
        <con:name>charExtId2</con:name>
        <con:sourceType>charExtId2</con:sourceType>
        <con:sourceStep>DataSource for serialized product creation 4 - Lost&amp;Sold check</con:sourceStep>
        <con:targetType>req_charExtId2</con:targetType>
        <con:targetStep>Add serialized stockIn item 4 - Lost&amp;Sold check</con:targetStep>
        <con:upgraded>true</con:upgraded>
      </con:transfers>
      <con:transfers setNullOnMissingSource="true" transferTextContent="true" failOnError="true" ignoreEmpty="false" transferToAll="false" entitize="false" transferChildNodes="false" disabled="true">
        <con:name>charExtId3</con:name>
        <con:sourceType>charExtId3</con:sourceType>
        <con:sourceStep>DataSource for serialized product creation 4 - Lost&amp;Sold check</con:sourceStep>
        <con:targetType>req_charExtId3</con:targetType>
        <con:targetStep>Add serialized stockIn item 4 - Lost&amp;Sold check</con:targetStep>
        <con:upgraded>true</con:upgraded>
      </con:transfers>
      <con:transfers setNullOnMissingSource="true" transferTextContent="true" failOnError="true" ignoreEmpty="false" transferToAll="false" entitize="false" transferChildNodes="false" disabled="true">
        <con:name>charExtId4</con:name>
        <con:sourceType>charExtId4</con:sourceType>
        <con:sourceStep>DataSource for serialized product creation 4 - Lost&amp;Sold check</con:sourceStep>
        <con:targetType>req_charExtId4</con:targetType>
        <con:targetStep>Add serialized stockIn item 4 - Lost&amp;Sold check</con:targetStep>
        <con:upgraded>true</con:upgraded>
      </con:transfers>
      <con:transfers setNullOnMissingSource="true" transferTextContent="true" failOnError="true" ignoreEmpty="false" transferToAll="false" entitize="false" transferChildNodes="false" disabled="true">
        <con:name>charExtId5</con:name>
        <con:sourceType>req_charExtId5</con:sourceType>
        <con:sourceStep>Add serialized stockIn item 4 - Lost&amp;Sold check</con:sourceStep>
        <con:targetType>req_charValueExtId5</con:targetType>
        <con:targetStep>Add serialized stockIn item 4 - Lost&amp;Sold check</con:targetStep>
        <con:upgraded>true</con:upgraded>
      </con:transfers>
      <con:transfers setNullOnMissingSource="true" transferTextContent="true" failOnError="true" ignoreEmpty="false" transferToAll="false" entitize="false" transferChildNodes="false" disabled="true">
        <con:name>charExtId6</con:name>
        <con:sourceType>charExtId6</con:sourceType>
        <con:sourceStep>DataSource for serialized product creation 4 - Lost&amp;Sold check</con:sourceStep>
        <con:targetType>req_charExtId6</con:targetType>
        <con:targetStep>Add serialized stockIn item 4 - Lost&amp;Sold check</con:targetStep>
        <con:upgraded>true</con:upgraded>
      </con:transfers>
      <con:transfers setNullOnMissingSource="true" transferTextContent="true" failOnError="true" ignoreEmpty="false" transferToAll="false" entitize="false" transferChildNodes="false">
        <con:name>charValueExtId1</con:name>
        <con:sourceType>charValueExtId1</con:sourceType>
        <con:sourceStep>DataSource for serialized product creation 4 - Lost&amp;Sold check</con:sourceStep>
        <con:targetType>req_charValueExtId1</con:targetType>
        <con:targetStep>Cannot add serialized stock in if all chars not given</con:targetStep>
        <con:upgraded>true</con:upgraded>
      </con:transfers>
      <con:transfers setNullOnMissingSource="true" transferTextContent="true" failOnError="true" ignoreEmpty="false" transferToAll="false" entitize="false" transferChildNodes="false" disabled="true">
        <con:name>charValueExtId2</con:name>
        <con:sourceType>charValueExtId2</con:sourceType>
        <con:sourceStep>DataSource for serialized product creation 4 - Lost&amp;Sold check</con:sourceStep>
        <con:targetType>req_charValueExtId2</con:targetType>
        <con:targetStep>Add serialized stockIn item 4 - Lost&amp;Sold check</con:targetStep>
        <con:upgraded>true</con:upgraded>
      </con:transfers>
      <con:transfers setNullOnMissingSource="true" transferTextContent="true" failOnError="true" ignoreEmpty="false" transferToAll="false" entitize="false" transferChildNodes="false" disabled="true">
        <con:name>charValueExtId3</con:name>
        <con:sourceType>charValueExtId3</con:sourceType>
        <con:sourceStep>DataSource for serialized product creation 4 - Lost&amp;Sold check</con:sourceStep>
        <con:targetType>req_charValueExtId3</con:targetType>
        <con:targetStep>Add serialized stockIn item 4 - Lost&amp;Sold check</con:targetStep>
        <con:upgraded>true</con:upgraded>
      </con:transfers>
      <con:transfers setNullOnMissingSource="true" transferTextContent="true" failOnError="true" ignoreEmpty="false" transferToAll="false" entitize="false" transferChildNodes="false" disabled="true">
        <con:name>charValueExtId4</con:name>
        <con:sourceType>charExtId4</con:sourceType>
        <con:sourceStep>DataSource for serialized product creation 4 - Lost&amp;Sold check</con:sourceStep>
        <con:targetType>req_charValueExtId4</con:targetType>
        <con:targetStep>Add serialized stockIn item 4 - Lost&amp;Sold check</con:targetStep>
        <con:upgraded>true</con:upgraded>
      </con:transfers>
      <con:transfers setNullOnMissingSource="true" transferTextContent="true" failOnError="true" ignoreEmpty="false" transferToAll="false" entitize="false" transferChildNodes="false" disabled="true">
        <con:name>charValueExtId5</con:name>
        <con:sourceType>req_charValueExtId5</con:sourceType>
        <con:sourceStep>Add serialized stockIn item 4 - Lost&amp;Sold check</con:sourceStep>
        <con:targetType>req_charValueExtId5</con:targetType>
        <con:targetStep>Add serialized stockIn item 4 - Lost&amp;Sold check</con:targetStep>
        <con:upgraded>true</con:upgraded>
      </con:transfers>
      <con:transfers setNullOnMissingSource="true" transferTextContent="true" failOnError="true" ignoreEmpty="false" transferToAll="false" entitize="false" transferChildNodes="false" disabled="true">
        <con:name>charValueExtId6</con:name>
        <con:sourceType>charValueExtId6</con:sourceType>
        <con:sourceStep>DataSource for serialized product creation 4 - Lost&amp;Sold check</con:sourceStep>
        <con:targetType>req_charValueExtId6</con:targetType>
        <con:targetStep>Add serialized stockIn item 4 - Lost&amp;Sold check</con:targetStep>
        <con:upgraded>true</con:upgraded>
      </con:transfers>
    </con:config>
  </con:testStep>
  <con:testStep type="calltestcase" name="Cannot add serialized stock in if all chars not given" id="7364553d-3b86-4535-8a43-45d66e774144">
    <con:settings/>
    <con:config xsi:type="con:RunTestCaseStep" xmlns:xsi="http://www.w3.org/2001/XMLSchema-instance">
      <con:targetTestCase>6bd1934a-177f-4060-ae9c-cb6238b88203</con:targetTestCase>
      <con:properties>
        <con:property>
          <con:name>req_biId</con:name>
          <con:value>12401</con:value>
        </con:property>
        <con:property>
          <con:name>req_prodSpecExtId</con:name>
          <con:value>EXT-IPHONE6S-1</con:value>
        </con:property>
        <con:property>
          <con:name>req_quantity</con:name>
          <con:value>368</con:value>
        </con:property>
        <con:property>
          <con:name>req_placeId</con:name>
          <con:value>198</con:value>
        </con:property>
        <con:property>
          <con:name>req_prodStatus</con:name>
          <con:value>2</con:value>
        </con:property>
        <con:property>
          <con:name>req_description</con:name>
          <con:value>productDesc-${=java.util.UUID.randomUUID()}</con:value>
        </con:property>
        <con:property>
          <con:name>req_startSerialNumber</con:name>
          <con:value>24816564</con:value>
        </con:property>
        <con:property>
          <con:name>req_charExtId1</con:name>
          <con:value>1</con:value>
        </con:property>
        <con:property>
          <con:name>req_charValueExtId1</con:name>
          <con:value>1-EXT</con:value>
        </con:property>
        <con:property>
          <con:name>req_charExtId2</con:name>
          <con:value/>
        </con:property>
        <con:property>
          <con:name>req_charValueExtId2</con:name>
          <con:value/>
        </con:property>
        <con:property>
          <con:name>req_charExtId3</con:name>
          <con:value/>
        </con:property>
        <con:property>
          <con:name>req_charValueExtId3</con:name>
          <con:value/>
        </con:property>
        <con:property>
          <con:name>res_itemId</con:name>
          <con:value xsi:nil="true"/>
        </con:property>
        <con:property>
          <con:name>res_code</con:name>
          <con:value>PRODUCT_SPEC_CHAR_USE_EXTERNAL_ID_OR_ID_MUST_BE_GIVEN</con:value>
        </con:property>
        <con:property>
          <con:name>res_errorMessage</con:name>
          <con:value>PRODUCT_SPEC_CHAR_USE_EXTERNAL_ID_OR_ID_MUST_BE_GIVEN</con:value>
        </con:property>
        <con:property>
          <con:name>req_charExtId4</con:name>
          <con:value/>
        </con:property>
        <con:property>
          <con:name>req_charValueExtId4</con:name>
          <con:value/>
        </con:property>
        <con:property>
          <con:name>req_charExtId5</con:name>
          <con:value/>
        </con:property>
        <con:property>
          <con:name>req_charValueExtId5</con:name>
          <con:value/>
        </con:property>
        <con:property>
          <con:name>req_charExtId6</con:name>
          <con:value/>
        </con:property>
        <con:property>
          <con:name>req_charValueExtId6</con:name>
          <con:value/>
        </con:property>
        <con:property>
          <con:name>req_batchId</con:name>
        </con:property>
      </con:properties>
      <con:returnProperties>
        <con:entry>res_itemId</con:entry>
        <con:entry>res_code</con:entry>
        <con:entry>res_errorMessage</con:entry>
      </con:returnProperties>
      <con:runMode>PARALLELL</con:runMode>
    </con:config>
  </con:testStep>
  <con:testStep type="assertionteststep" name="Assertion cannot add serialized product because all chars not given" id="6efaf704-b91a-49cc-a255-1fd21495d1a4">
    <con:settings/>
    <con:config xsi:type="con:AssertionTestStep" xmlns:xsi="http://www.w3.org/2001/XMLSchema-instance">
      <con:entry>
        <con:id>78fdb6ce-c565-49ae-a8d7-bb5e8f5e5569</con:id>
        <con:isGroup>false</con:isGroup>
        <con:sourceId>7364553d-3b86-4535-8a43-45d66e774144</con:sourceId>
        <con:propertyName>res_errorMessage</con:propertyName>
        <con:assertion type="Simple Equals" name="Equals" id="aca6bcc2-131e-4bab-a539-33e23737a7fc">
          <con:configuration>
            <patternObjectId>f76519cf-133d-40b7-a12d-0c647a3bbbd1</patternObjectId>
            <patternProperty>errorMessageProductSpecCharValueExternalIdOrIdMustBeGiven</patternProperty>
            <caseSensitive>true</caseSensitive>
          </con:configuration>
        </con:assertion>
      </con:entry>
    </con:config>
  </con:testStep>
  <con:testStep type="datasource" name="DataSource for nonserialized product creation 5 - Lost&amp;Sold check" id="ec3a1290-0946-4ba1-9a7e-1b02a0054a15">
    <con:settings/>
    <con:config xsi:type="con:DataSourceStep" xmlns:xsi="http://www.w3.org/2001/XMLSchema-instance">
      <con:dataSource type="Grid">
        <con:configuration>
          <check><![CDATA[<xml-fragment><con:entry xmlns:con="http://eviware.com/soapui/config">false</con:entry><con:entry xmlns:con="http://eviware.com/soapui/config">true</con:entry></xml-fragment>]]></check>
          <row><![CDATA[<xml-fragment><con:entry xmlns:con="http://eviware.com/soapui/config">Apple Mouse 1 Button Count</con:entry><con:entry xmlns:con="http://eviware.com/soapui/config">EXT-APPLMOUSE-1</con:entry><con:entry xmlns:con="http://eviware.com/soapui/config">CODE-APPLMOUSE-1</con:entry><con:entry xmlns:con="http://eviware.com/soapui/config">${#TestCase#req_quantity}</con:entry><con:entry xmlns:con="http://eviware.com/soapui/config">7</con:entry><con:entry xmlns:con="http://eviware.com/soapui/config">17-EXT</con:entry><con:entry xmlns:con="http://eviware.com/soapui/config">4</con:entry><con:entry xmlns:con="http://eviware.com/soapui/config"/><con:entry xmlns:con="http://eviware.com/soapui/config"/></xml-fragment>]]></row>
          <row><![CDATA[<xml-fragment><con:entry xmlns:con="http://eviware.com/soapui/config">Apple Mouse 1 Button Count</con:entry><con:entry xmlns:con="http://eviware.com/soapui/config">EXT-APPLMOUSE-1</con:entry><con:entry xmlns:con="http://eviware.com/soapui/config">CODE-APPLMOUSE-1</con:entry><con:entry xmlns:con="http://eviware.com/soapui/config">${#TestCase#req_quantity}</con:entry><con:entry xmlns:con="http://eviware.com/soapui/config">7</con:entry><con:entry xmlns:con="http://eviware.com/soapui/config">17-EXT</con:entry><con:entry xmlns:con="http://eviware.com/soapui/config">5</con:entry><con:entry xmlns:con="http://eviware.com/soapui/config"/></xml-fragment>]]></row>
        </con:configuration>
      </con:dataSource>
      <con:property>description</con:property>
      <con:property>prodSpecExtId</con:property>
      <con:property>productSpecCode</con:property>
      <con:property>quantity</con:property>
      <con:property>charExtId1</con:property>
      <con:property>charValueExtId1</con:property>
      <con:property>productStatus</con:property>
      <con:completeLastOperation>true</con:completeLastOperation>
      <con:restartOnRun>true</con:restartOnRun>
    </con:config>
  </con:testStep>
  <con:testStep type="transfer" name="Set add nonserialized stockIn item 5 - Lost&amp;Sold check" id="d0ebc09a-8680-4169-952e-34ffe932b471">
    <con:settings/>
    <con:config xsi:type="con:PropertyTransfersStep" xmlns:xsi="http://www.w3.org/2001/XMLSchema-instance">
      <con:transfers setNullOnMissingSource="true" transferTextContent="true" failOnError="true" ignoreEmpty="false" transferToAll="false" entitize="false" transferChildNodes="false">
        <con:name>biId</con:name>
        <con:sourceType>biId</con:sourceType>
        <con:sourceStep>Given properties for the test steps</con:sourceStep>
        <con:sourcePath/>
        <con:targetType>req_biId</con:targetType>
        <con:targetStep>Add nonserialized stockIn item 5 - Lost&amp;Sold check</con:targetStep>
        <con:targetPath/>
        <con:upgraded>true</con:upgraded>
      </con:transfers>
      <con:transfers setNullOnMissingSource="true" transferTextContent="true" failOnError="true" ignoreEmpty="false" transferToAll="false" entitize="false" transferChildNodes="false">
        <con:name>productSpecExtId</con:name>
        <con:sourceType>prodSpecExtId</con:sourceType>
        <con:sourceStep>DataSource for nonserialized product creation 5 - Lost&amp;Sold check</con:sourceStep>
        <con:targetType>req_prodSpecExtId</con:targetType>
        <con:targetStep>Add nonserialized stockIn item 5 - Lost&amp;Sold check</con:targetStep>
        <con:upgraded>true</con:upgraded>
      </con:transfers>
      <con:transfers setNullOnMissingSource="true" transferTextContent="true" failOnError="true" ignoreEmpty="false" transferToAll="false" entitize="false" transferChildNodes="false">
        <con:name>placeId</con:name>
        <con:sourceType>placeId</con:sourceType>
        <con:sourceStep>Given properties for the test steps</con:sourceStep>
        <con:targetType>req_placeId</con:targetType>
        <con:targetStep>Add nonserialized stockIn item 5 - Lost&amp;Sold check</con:targetStep>
        <con:upgraded>true</con:upgraded>
      </con:transfers>
      <con:transfers setNullOnMissingSource="true" transferTextContent="true" failOnError="true" ignoreEmpty="false" transferToAll="false" entitize="false" transferChildNodes="false">
        <con:name>description</con:name>
        <con:sourceType>productDesc</con:sourceType>
        <con:sourceStep>Given properties for the test steps</con:sourceStep>
        <con:targetType>req_description</con:targetType>
        <con:targetStep>Add nonserialized stockIn item 5 - Lost&amp;Sold check</con:targetStep>
        <con:upgraded>true</con:upgraded>
      </con:transfers>
      <con:transfers setNullOnMissingSource="true" transferTextContent="true" failOnError="true" ignoreEmpty="false" transferToAll="false" entitize="false" transferChildNodes="false">
        <con:name>charExtId1</con:name>
        <con:sourceType>charExtId1</con:sourceType>
        <con:sourceStep>DataSource for nonserialized product creation 5 - Lost&amp;Sold check</con:sourceStep>
        <con:targetType>req_charExtId1</con:targetType>
        <con:targetStep>Add nonserialized stockIn item 5 - Lost&amp;Sold check</con:targetStep>
        <con:upgraded>true</con:upgraded>
      </con:transfers>
      <con:transfers setNullOnMissingSource="true" transferTextContent="true" failOnError="true" ignoreEmpty="false" transferToAll="false" entitize="false" transferChildNodes="false">
        <con:name>charValueExtId1</con:name>
        <con:sourceType>charValueExtId1</con:sourceType>
        <con:sourceStep>DataSource for nonserialized product creation 5 - Lost&amp;Sold check</con:sourceStep>
        <con:targetType>req_charValueExtId1</con:targetType>
        <con:targetStep>Add nonserialized stockIn item 5 - Lost&amp;Sold check</con:targetStep>
        <con:upgraded>true</con:upgraded>
      </con:transfers>
      <con:transfers setNullOnMissingSource="true" transferTextContent="true" failOnError="true" ignoreEmpty="false" transferToAll="false" entitize="false" transferChildNodes="false">
        <con:name>productStatus</con:name>
        <con:sourceType>productStatus</con:sourceType>
        <con:sourceStep>DataSource for nonserialized product creation 5 - Lost&amp;Sold check</con:sourceStep>
        <con:targetType>req_prodStatus</con:targetType>
        <con:targetStep>Add nonserialized stockIn item 5 - Lost&amp;Sold check</con:targetStep>
        <con:upgraded>true</con:upgraded>
      </con:transfers>
      <con:transfers setNullOnMissingSource="true" transferTextContent="true" failOnError="true" ignoreEmpty="false" transferToAll="false" entitize="false" transferChildNodes="false">
        <con:name>quantity</con:name>
        <con:sourceType>quantity</con:sourceType>
        <con:sourceStep>Given properties for the test steps</con:sourceStep>
        <con:targetType>req_quantity</con:targetType>
        <con:targetStep>Add nonserialized stockIn item 5 - Lost&amp;Sold check</con:targetStep>
        <con:upgraded>true</con:upgraded>
      </con:transfers>
    </con:config>
  </con:testStep>
  <con:testStep type="calltestcase" name="Add nonserialized stockIn item 5 - Lost&amp;Sold check" id="9e2edcf6-1d40-401e-acee-f1e2fa2e5e22">
    <con:settings/>
    <con:config xsi:type="con:RunTestCaseStep" xmlns:xsi="http://www.w3.org/2001/XMLSchema-instance">
      <con:targetTestCase>1df0a954-3f76-4a4e-bd4b-aa3504f4ccf7</con:targetTestCase>
      <con:properties>
        <con:property>
          <con:name>req_biId</con:name>
          <con:value>12401</con:value>
        </con:property>
        <con:property>
          <con:name>req_prodSpecExtId</con:name>
          <con:value>EXT-APPLMOUSE-1</con:value>
        </con:property>
        <con:property>
          <con:name>req_placeId</con:name>
          <con:value>198</con:value>
        </con:property>
        <con:property>
          <con:name>req_description</con:name>
          <con:value>productDesc-${=java.util.UUID.randomUUID()}</con:value>
        </con:property>
        <con:property>
          <con:name>req_charExtId1</con:name>
          <con:value>7</con:value>
        </con:property>
        <con:property>
          <con:name>req_charValueExtId1</con:name>
          <con:value>17-EXT</con:value>
        </con:property>
        <con:property>
          <con:name>req_serialText</con:name>
        </con:property>
        <con:property>
          <con:name>res_itemId</con:name>
          <con:value xsi:nil="true"/>
        </con:property>
        <con:property>
          <con:name>res_code</con:name>
          <con:value>LOST_SOLD_STATUS_INVALID_FOR_STOCKIN</con:value>
        </con:property>
        <con:property>
          <con:name>res_errorMessage</con:name>
          <con:value>LOST_SOLD_STATUS_INVALID_FOR_STOCKIN</con:value>
        </con:property>
        <con:property>
          <con:name>req_prodStatus</con:name>
          <con:value>5</con:value>
        </con:property>
        <con:property>
          <con:name>req_quantity</con:name>
          <con:value>368</con:value>
        </con:property>
        <con:property>
          <con:name>req_batchId</con:name>
        </con:property>
        <con:property>
          <con:name>res_httpStatus</con:name>
        </con:property>
      </con:properties>
      <con:returnProperties>
        <con:entry>res_itemId</con:entry>
        <con:entry>res_code</con:entry>
        <con:entry>res_errorMessage</con:entry>
      </con:returnProperties>
      <con:runMode>PARALLELL</con:runMode>
    </con:config>
  </con:testStep>
  <con:testStep type="assertionteststep" name="Assertion add nonserialized stockIn item 5 - Lost&amp;Sold check" id="24a2e920-a399-4bed-b816-35c661ac3c01">
    <con:settings/>
    <con:config xsi:type="con:AssertionTestStep" xmlns:xsi="http://www.w3.org/2001/XMLSchema-instance">
      <con:entry>
        <con:id>39cccda9-ae3d-4d33-9dd1-66b12231b8d1</con:id>
        <con:isGroup>false</con:isGroup>
        <con:sourceId>9e2edcf6-1d40-401e-acee-f1e2fa2e5e22</con:sourceId>
        <con:propertyName>res_errorMessage</con:propertyName>
        <con:assertion type="Simple Equals" name="Equals" id="a46568f3-eb96-4a05-a4a5-44ecafa6f447">
          <con:configuration>
            <patternText>LOST_SOLD_STATUS_INVALID_FOR_STOCKIN</patternText>
            <caseSensitive>true</caseSensitive>
          </con:configuration>
        </con:assertion>
      </con:entry>
    </con:config>
  </con:testStep>
  <con:testStep type="datasourceloop" name="DataSource Loop 5 - Lost&amp;Sold check" id="d7373bc0-0c9f-4f09-add9-e00279f2e982">
    <con:settings/>
    <con:config>
      <dataSourceStep>DataSource for nonserialized product creation 5 - Lost&amp;Sold check</dataSourceStep>
      <targetStep>Set add nonserialized stockIn item 5 - Lost&amp;Sold check</targetStep>
    </con:config>
  </con:testStep>
  <con:testStep type="datasource" name="DataSource for nonserialized product creation 5" id="ed5bc138-e76e-43f4-b39d-e5aeed9440d4">
    <con:settings/>
    <con:config xsi:type="con:DataSourceStep" xmlns:xsi="http://www.w3.org/2001/XMLSchema-instance">
      <con:dataSource type="Grid">
        <con:configuration>
          <check><![CDATA[<xml-fragment><con:entry xmlns:con="http://eviware.com/soapui/config">true</con:entry><con:entry xmlns:con="http://eviware.com/soapui/config">false</con:entry></xml-fragment>]]></check>
          <row><![CDATA[<xml-fragment><con:entry xmlns:con="http://eviware.com/soapui/config">Apple Mouse 1 Button Count</con:entry><con:entry xmlns:con="http://eviware.com/soapui/config">EXT-APPLMOUSE-1</con:entry><con:entry xmlns:con="http://eviware.com/soapui/config">CODE-APPLMOUSE-1</con:entry><con:entry xmlns:con="http://eviware.com/soapui/config">${#TestCase#req_quantity}</con:entry><con:entry xmlns:con="http://eviware.com/soapui/config">7</con:entry><con:entry xmlns:con="http://eviware.com/soapui/config">17-EXT</con:entry><con:entry xmlns:con="http://eviware.com/soapui/config">4</con:entry><con:entry xmlns:con="http://eviware.com/soapui/config"/><con:entry xmlns:con="http://eviware.com/soapui/config"/></xml-fragment>]]></row>
          <row><![CDATA[<xml-fragment><con:entry xmlns:con="http://eviware.com/soapui/config">Apple Mouse 1 Button Count</con:entry><con:entry xmlns:con="http://eviware.com/soapui/config">EXT-APPLMOUSE-1</con:entry><con:entry xmlns:con="http://eviware.com/soapui/config">CODE-APPLMOUSE-1</con:entry><con:entry xmlns:con="http://eviware.com/soapui/config">${#TestCase#req_quantity}</con:entry><con:entry xmlns:con="http://eviware.com/soapui/config">7</con:entry><con:entry xmlns:con="http://eviware.com/soapui/config">17-EXT</con:entry><con:entry xmlns:con="http://eviware.com/soapui/config">5</con:entry><con:entry xmlns:con="http://eviware.com/soapui/config"/></xml-fragment>]]></row>
        </con:configuration>
      </con:dataSource>
      <con:property>description</con:property>
      <con:property>prodSpecExtId</con:property>
      <con:property>productSpecCode</con:property>
      <con:property>quantity</con:property>
      <con:property>charExtId1</con:property>
      <con:property>charValueExtId1</con:property>
      <con:property>productStatus</con:property>
      <con:completeLastOperation>true</con:completeLastOperation>
      <con:restartOnRun>true</con:restartOnRun>
    </con:config>
  </con:testStep>
  <con:testStep type="transfer" name="Set add nonserialized stockIn item 5" id="3040e254-f295-4879-ac89-63193a245f71">
    <con:settings/>
    <con:config xsi:type="con:PropertyTransfersStep" xmlns:xsi="http://www.w3.org/2001/XMLSchema-instance">
      <con:transfers setNullOnMissingSource="true" transferTextContent="true" failOnError="true" ignoreEmpty="false" transferToAll="false" entitize="false" transferChildNodes="false">
        <con:name>biId</con:name>
        <con:sourceType>biId</con:sourceType>
        <con:sourceStep>Given properties for the test steps</con:sourceStep>
        <con:sourcePath/>
        <con:targetType>req_biId</con:targetType>
        <con:targetStep>Add nonserialized stockIn item 5</con:targetStep>
        <con:targetPath/>
        <con:upgraded>true</con:upgraded>
      </con:transfers>
      <con:transfers setNullOnMissingSource="true" transferTextContent="true" failOnError="true" ignoreEmpty="false" transferToAll="false" entitize="false" transferChildNodes="false">
        <con:name>productSpecExtId</con:name>
        <con:sourceType>prodSpecExtId</con:sourceType>
        <con:sourceStep>DataSource for nonserialized product creation 5</con:sourceStep>
        <con:targetType>req_prodSpecExtId</con:targetType>
        <con:targetStep>Add nonserialized stockIn item 5</con:targetStep>
        <con:upgraded>true</con:upgraded>
      </con:transfers>
      <con:transfers setNullOnMissingSource="true" transferTextContent="true" failOnError="true" ignoreEmpty="false" transferToAll="false" entitize="false" transferChildNodes="false">
        <con:name>placeId</con:name>
        <con:sourceType>placeId</con:sourceType>
        <con:sourceStep>Given properties for the test steps</con:sourceStep>
        <con:targetType>req_placeId</con:targetType>
        <con:targetStep>Add nonserialized stockIn item 5</con:targetStep>
        <con:upgraded>true</con:upgraded>
      </con:transfers>
      <con:transfers setNullOnMissingSource="true" transferTextContent="true" failOnError="true" ignoreEmpty="false" transferToAll="false" entitize="false" transferChildNodes="false">
        <con:name>description</con:name>
        <con:sourceType>productDesc</con:sourceType>
        <con:sourceStep>Given properties for the test steps</con:sourceStep>
        <con:targetType>req_description</con:targetType>
        <con:targetStep>Add nonserialized stockIn item 5</con:targetStep>
        <con:upgraded>true</con:upgraded>
      </con:transfers>
      <con:transfers setNullOnMissingSource="true" transferTextContent="true" failOnError="true" ignoreEmpty="false" transferToAll="false" entitize="false" transferChildNodes="false">
        <con:name>charExtId1</con:name>
        <con:sourceType>charExtId1</con:sourceType>
        <con:sourceStep>DataSource for nonserialized product creation 5</con:sourceStep>
        <con:targetType>req_charExtId1</con:targetType>
        <con:targetStep>Add nonserialized stockIn item 5</con:targetStep>
        <con:upgraded>true</con:upgraded>
      </con:transfers>
      <con:transfers setNullOnMissingSource="true" transferTextContent="true" failOnError="true" ignoreEmpty="false" transferToAll="false" entitize="false" transferChildNodes="false">
        <con:name>charValueExtId1</con:name>
        <con:sourceType>charValueExtId1</con:sourceType>
        <con:sourceStep>DataSource for nonserialized product creation 5</con:sourceStep>
        <con:targetType>req_charValueExtId1</con:targetType>
        <con:targetStep>Add nonserialized stockIn item 5</con:targetStep>
        <con:upgraded>true</con:upgraded>
      </con:transfers>
      <con:transfers setNullOnMissingSource="true" transferTextContent="true" failOnError="true" ignoreEmpty="false" transferToAll="false" entitize="false" transferChildNodes="false">
        <con:name>productStatus</con:name>
        <con:sourceType>productStatus</con:sourceType>
        <con:sourceStep>DataSource for nonserialized product creation 5</con:sourceStep>
        <con:targetType>req_prodStatus</con:targetType>
        <con:targetStep>Add nonserialized stockIn item 5</con:targetStep>
        <con:upgraded>true</con:upgraded>
      </con:transfers>
      <con:transfers setNullOnMissingSource="true" transferTextContent="true" failOnError="true" ignoreEmpty="false" transferToAll="false" entitize="false" transferChildNodes="false">
        <con:name>quantity</con:name>
        <con:sourceType>quantity</con:sourceType>
        <con:sourceStep>Given properties for the test steps</con:sourceStep>
        <con:targetType>req_quantity</con:targetType>
        <con:targetStep>Add nonserialized stockIn item 5</con:targetStep>
        <con:upgraded>true</con:upgraded>
      </con:transfers>
    </con:config>
  </con:testStep>
  <con:testStep type="calltestcase" name="Add nonserialized stockIn item 5" id="cf4079cc-b720-4bbf-9ea7-408b6be2dccd">
    <con:settings/>
    <con:config xsi:type="con:RunTestCaseStep" xmlns:xsi="http://www.w3.org/2001/XMLSchema-instance">
      <con:targetTestCase>1df0a954-3f76-4a4e-bd4b-aa3504f4ccf7</con:targetTestCase>
      <con:properties>
        <con:property>
          <con:name>req_biId</con:name>
          <con:value>12401</con:value>
        </con:property>
        <con:property>
          <con:name>req_prodSpecExtId</con:name>
          <con:value>EXT-APPLMOUSE-1</con:value>
        </con:property>
        <con:property>
          <con:name>req_placeId</con:name>
          <con:value>198</con:value>
        </con:property>
        <con:property>
          <con:name>req_description</con:name>
          <con:value>productDesc-${=java.util.UUID.randomUUID()}</con:value>
        </con:property>
        <con:property>
          <con:name>req_charExtId1</con:name>
          <con:value>7</con:value>
        </con:property>
        <con:property>
          <con:name>req_charValueExtId1</con:name>
          <con:value>17-EXT</con:value>
        </con:property>
        <con:property>
          <con:name>req_serialText</con:name>
        </con:property>
        <con:property>
          <con:name>res_itemId</con:name>
          <con:value>1906</con:value>
        </con:property>
        <con:property>
          <con:name>res_code</con:name>
          <con:value xsi:nil="true"/>
        </con:property>
        <con:property>
          <con:name>res_errorMessage</con:name>
          <con:value xsi:nil="true"/>
        </con:property>
        <con:property>
          <con:name>req_prodStatus</con:name>
          <con:value>4</con:value>
        </con:property>
        <con:property>
          <con:name>req_quantity</con:name>
          <con:value>368</con:value>
        </con:property>
        <con:property>
          <con:name>req_batchId</con:name>
        </con:property>
        <con:property>
          <con:name>res_httpStatus</con:name>
        </con:property>
      </con:properties>
      <con:returnProperties>
        <con:entry>res_itemId</con:entry>
        <con:entry>res_code</con:entry>
        <con:entry>res_errorMessage</con:entry>
      </con:returnProperties>
      <con:runMode>PARALLELL</con:runMode>
    </con:config>
  </con:testStep>
  <con:testStep type="assertionteststep" name="Assertion add nonserialized stockIn item 5" id="84ffe067-f719-4dfb-a80f-4fd4c73c651d">
    <con:settings/>
    <con:config xsi:type="con:AssertionTestStep" xmlns:xsi="http://www.w3.org/2001/XMLSchema-instance">
      <con:entry>
        <con:id>e54d8a7f-e9b3-4e6a-bcb9-0b47cae4644f</con:id>
        <con:isGroup>false</con:isGroup>
        <con:sourceId>cf4079cc-b720-4bbf-9ea7-408b6be2dccd</con:sourceId>
        <con:propertyName>res_itemId</con:propertyName>
        <con:assertion type="Simple Contains" name="Contains" id="da94e5b5-5895-478f-af18-c9e79686e8f5">
          <con:configuration>
            <token>\d+</token>
            <ignoreCase>false</ignoreCase>
            <useRegEx>true</useRegEx>
          </con:configuration>
        </con:assertion>
      </con:entry>
    </con:config>
  </con:testStep>
  <con:testStep type="datasourceloop" name="DataSource Loop 5" id="5f1de3e8-44f0-450c-86fb-0810c3783639">
    <con:settings/>
    <con:config>
      <dataSourceStep>DataSource for nonserialized product creation 5</dataSourceStep>
      <targetStep>Set add nonserialized stockIn item 5</targetStep>
    </con:config>
  </con:testStep>
  <con:testStep type="transfer" name="Set submit stockIn item success 3" id="6bd9d42a-f25a-44f0-9b39-1ea4e5c544c1">
    <con:settings/>
    <con:config xsi:type="con:PropertyTransfersStep" xmlns:xsi="http://www.w3.org/2001/XMLSchema-instance">
      <con:transfers setNullOnMissingSource="true" transferTextContent="true" failOnError="true" ignoreEmpty="false" transferToAll="false" entitize="false" transferChildNodes="false">
        <con:name>biId</con:name>
        <con:sourceType>biId</con:sourceType>
        <con:sourceStep>Given properties for the test steps</con:sourceStep>
        <con:sourcePath/>
        <con:targetType>req_biId</con:targetType>
        <con:targetStep>Submit stockIn item success 3</con:targetStep>
        <con:targetPath/>
        <con:upgraded>true</con:upgraded>
      </con:transfers>
    </con:config>
  </con:testStep>
  <con:testStep type="calltestcase" name="Submit stockIn item success 3" id="0baab217-ca4e-48a9-bd59-441b742c412c">
    <con:settings/>
    <con:config xsi:type="con:RunTestCaseStep" xmlns:xsi="http://www.w3.org/2001/XMLSchema-instance">
      <con:targetTestCase>c6afe465-b867-4e9f-9e55-596671d41d0a</con:targetTestCase>
      <con:properties>
        <con:property>
          <con:name>req_biId</con:name>
          <con:value>12401</con:value>
        </con:property>
        <con:property>
          <con:name>res_biId</con:name>
          <con:value>12401</con:value>
        </con:property>
        <con:property>
          <con:name>res_code</con:name>
          <con:value xsi:nil="true"/>
        </con:property>
        <con:property>
          <con:name>res_errorMessage</con:name>
          <con:value xsi:nil="true"/>
        </con:property>
        <con:property>
          <con:name>res_httpStatusCode</con:name>
        </con:property>
      </con:properties>
      <con:returnProperties>
        <con:entry>res_biId</con:entry>
        <con:entry>res_code</con:entry>
        <con:entry>res_errorMessage</con:entry>
      </con:returnProperties>
      <con:runMode>PARALLELL</con:runMode>
    </con:config>
  </con:testStep>
  <con:testStep type="assertionteststep" name="Assertion submit stockIn item success 3" id="8cacd4cd-37c6-46e9-a7fd-f74d118a0abf">
    <con:settings/>
    <con:config xsi:type="con:AssertionTestStep" xmlns:xsi="http://www.w3.org/2001/XMLSchema-instance">
      <con:entry>
        <con:id>29d1b497-c3be-4c3a-a3ee-16b2611c768c</con:id>
        <con:isGroup>false</con:isGroup>
        <con:sourceId>0baab217-ca4e-48a9-bd59-441b742c412c</con:sourceId>
        <con:propertyName>res_biId</con:propertyName>
        <con:assertion type="Simple Equals" name="Equals" id="e4702c88-8186-4fc6-b2d1-4e19f0633d64">
          <con:configuration>
            <patternObjectId>0baab217-ca4e-48a9-bd59-441b742c412c</patternObjectId>
            <patternProperty>req_biId</patternProperty>
            <caseSensitive>true</caseSensitive>
          </con:configuration>
        </con:assertion>
      </con:entry>
    </con:config>
  </con:testStep>
  <con:testStep type="calltestcase" name="Get all stock in business interactions" id="4a8c7a30-d8be-4be1-8ee3-846fb2769db5">
    <con:settings/>
    <con:config xsi:type="con:RunTestCaseStep" xmlns:xsi="http://www.w3.org/2001/XMLSchema-instance">
      <con:targetTestCase>1d8d2ee4-2743-4fc8-a95a-94fe154c0391</con:targetTestCase>
      <con:properties>
        <con:property>
          <con:name>res_body</con:name>
          <con:value>[{"businessInteractionType":1,"code":"STI-12401","description":"Stock In at [name-so-344367ce-7b20-49cd-bb17-8144c7945821] by [John Smith]","mainState":"Closed","state":"Closed","createdDate":"2018-03-13T11:28:17.536Z","preventUpdateFromOtherSystem":false,"id":"12401"},{"businessInteractionType":1,"code":"STI-12391","description":"Stock In at [name-so-344367ce-7b20-49cd-bb17-8144c7945821] by [John Smith]","mainState":"Closed","state":"Closed","createdDate":"2018-03-13T11:28:16.754Z","preventUpdateFromOtherSystem":false,"id":"12391"},{"businessInteractionType":1,"code":"STI-12381","description":"Stock In at [name-so-344367ce-7b20-49cd-bb17-8144c7945821] by [John Smith]","mainState":"Closed","state":"Closed","createdDate":"2018-03-13T11:28:14.339Z","preventUpdateFromOtherSystem":false,"id":"12381"},{"businessInteractionType":1,"code":"STI-12371","description":"Stock In at [name-so-344367ce-7b20-49cd-bb17-8144c7945821] by [John Smith]","mainState":"Draft","state":"Draft","createdDate":"2018-03-13T11:28:14.245Z","preventUpdateFromOtherSystem":false,"id":"12371"},{"businessInteractionType":1,"code":"STI-12361","description":"Stock In at [name-so-344367ce-7b20-49cd-bb17-8144c7945821] by [John Smith]","mainState":"Closed","state":"Cancelled","createdDate":"2018-03-13T11:28:13.905Z","preventUpdateFromOtherSystem":false,"id":"12361"},{"businessInteractionType":1,"code":"STI-12351","description":"Stock In at [name-so-344367ce-7b20-49cd-bb17-8144c7945821] by [John Smith]","mainState":"Draft","state":"Draft","createdDate":"2018-03-13T11:28:13.825Z","preventUpdateFromOtherSystem":false,"id":"12351"},{"businessInteractionType":1,"code":"STI-12341","description":"Stock In at [name-so-344367ce-7b20-49cd-bb17-8144c7945821] by [John Smith]","mainState":"Draft","state":"Draft","createdDate":"2018-03-13T11:28:13.733Z","preventUpdateFromOtherSystem":false,"id":"12341"},{"businessInteractionType":1,"code":"STI-12331","description":"Stock In at [name-so-344367ce-7b20-49cd-bb17-8144c7945821] by [John Smith]","mainState":"Draft","state":"Draft","createdDate":"2018-03-13T11:28:13.339Z","preventUpdateFromOtherSystem":false,"id":"12331"},{"businessInteractionType":1,"code":"STI-12321","description":"Stock In at [name-so-344367ce-7b20-49cd-bb17-8144c7945821] by [John Smith]","mainState":"Draft","state":"Draft","createdDate":"2018-03-13T11:28:12.607Z","preventUpdateFromOtherSystem":false,"id":"12321"},{"businessInteractionType":1,"code":"STI-12241","description":"Stock In at [name-so-1994b285-47fa-44cf-abc8-7f46debd5132] by [John Smith]","mainState":"Draft","state":"Draft","createdDate":"2018-03-13T11:27:09.665Z","preventUpdateFromOtherSystem":false,"id":"12241"}]</con:value>
        </con:property>
        <con:property>
          <con:name>res_httpStatusCode</con:name>
          <con:value>200</con:value>
        </con:property>
      </con:properties>
      <con:returnProperties>
        <con:entry>res_body</con:entry>
        <con:entry>res_httpStatusCode</con:entry>
      </con:returnProperties>
      <con:runMode>PARALLELL</con:runMode>
    </con:config>
  </con:testStep>
  <con:testStep type="assertionteststep" name="Assertion all stock in bis displayed successfully" id="505037d0-b8c8-414d-957b-3e5c53c6a098">
    <con:settings/>
    <con:config xsi:type="con:AssertionTestStep" xmlns:xsi="http://www.w3.org/2001/XMLSchema-instance">
      <con:entry>
        <con:id>fc68b560-38e3-4e29-8945-496e8be06530</con:id>
        <con:isGroup>false</con:isGroup>
        <con:sourceId>4a8c7a30-d8be-4be1-8ee3-846fb2769db5</con:sourceId>
        <con:propertyName>res_body</con:propertyName>
        <con:assertion type="Simple Contains" name="Contains" id="628c439b-392e-4e22-afe1-e8f39d3944e3">
          <con:configuration>
            <token>\d+</token>
            <ignoreCase>false</ignoreCase>
            <useRegEx>true</useRegEx>
          </con:configuration>
        </con:assertion>
      </con:entry>
      <con:entry>
        <con:id>f2f0c06e-7ac9-45fd-9da9-9edca80aa0ee</con:id>
        <con:isGroup>false</con:isGroup>
        <con:sourceId>4a8c7a30-d8be-4be1-8ee3-846fb2769db5</con:sourceId>
        <con:propertyName>res_httpStatusCode</con:propertyName>
        <con:assertion type="Simple Equals" name="Equals" id="12290ebb-37c3-488f-b350-ca6f718b7a3a">
          <con:configuration>
            <patternObjectId>f76519cf-133d-40b7-a12d-0c647a3bbbd1</patternObjectId>
            <patternProperty>httpCode200</patternProperty>
            <caseSensitive>true</caseSensitive>
          </con:configuration>
        </con:assertion>
      </con:entry>
    </con:config>
  </con:testStep>
  <con:testStep type="transfer" name="Set cannot display stockIn bi with invalid id" id="de66cd0b-ee4b-414d-8c0f-8fd44d858b46">
    <con:settings/>
    <con:config xsi:type="con:PropertyTransfersStep" xmlns:xsi="http://www.w3.org/2001/XMLSchema-instance">
      <con:transfers setNullOnMissingSource="true" transferTextContent="true" failOnError="true" ignoreEmpty="false" transferToAll="false" entitize="false" transferChildNodes="false">
        <con:name>biId</con:name>
        <con:sourceType>zero</con:sourceType>
        <con:sourceStep>Given properties for the test steps</con:sourceStep>
        <con:sourcePath/>
        <con:targetType>req_biId</con:targetType>
        <con:targetStep>Cannot display stockIn bi with invalid id</con:targetStep>
        <con:targetPath/>
        <con:upgraded>true</con:upgraded>
      </con:transfers>
    </con:config>
  </con:testStep>
  <con:testStep type="calltestcase" name="Cannot display stockIn bi with invalid id" id="713dca82-673b-465f-99a7-ec2e22129a68">
    <con:settings/>
    <con:config xsi:type="con:RunTestCaseStep" xmlns:xsi="http://www.w3.org/2001/XMLSchema-instance">
      <con:targetTestCase>23c105c1-e15f-4ce4-8f04-c5a3f5541b68</con:targetTestCase>
      <con:properties>
        <con:property>
          <con:name>req_biId</con:name>
          <con:value>0</con:value>
        </con:property>
        <con:property>
          <con:name>res_stockInBI</con:name>
          <con:value>{"code":"404","description":"HTTP 404 Not Found","errorDetails":"HTTP 404 Not Found","errorMessage":"404","httpStatusCode":"404","httpStatusCodeDescription":"HTTP 404 Not Found"}</con:value>
        </con:property>
        <con:property>
          <con:name>res_biId</con:name>
          <con:value xsi:nil="true"/>
        </con:property>
        <con:property>
          <con:name>res_state</con:name>
          <con:value xsi:nil="true"/>
        </con:property>
        <con:property>
          <con:name>res_mainState</con:name>
          <con:value xsi:nil="true"/>
        </con:property>
        <con:property>
          <con:name>res_errorMessage</con:name>
          <con:value>404</con:value>
        </con:property>
        <con:property>
          <con:name>res_httpStatusCode</con:name>
          <con:value>404</con:value>
        </con:property>
      </con:properties>
      <con:returnProperties>
        <con:entry>res_stockInBI</con:entry>
        <con:entry>res_biId</con:entry>
        <con:entry>res_state</con:entry>
        <con:entry>res_mainState</con:entry>
        <con:entry>res_errorMessage</con:entry>
        <con:entry>res_httpStatusCode</con:entry>
      </con:returnProperties>
      <con:runMode>PARALLELL</con:runMode>
    </con:config>
  </con:testStep>
  <con:testStep type="assertionteststep" name="Assertion display stock in fail" id="5278e2a9-b417-469e-90db-6167a7994195">
    <con:settings/>
    <con:config xsi:type="con:AssertionTestStep" xmlns:xsi="http://www.w3.org/2001/XMLSchema-instance">
      <con:entry>
        <con:id>4242fca2-a0a4-4bc5-a9a0-9860a6763c1a</con:id>
        <con:isGroup>false</con:isGroup>
        <con:sourceId>713dca82-673b-465f-99a7-ec2e22129a68</con:sourceId>
        <con:propertyName>res_errorMessage</con:propertyName>
        <con:assertion type="Simple Equals" name="Equals" id="0977c87b-0e24-4d07-bf35-2b34e44e79da">
          <con:configuration>
            <patternObjectId>f76519cf-133d-40b7-a12d-0c647a3bbbd1</patternObjectId>
            <patternProperty>httpCode404</patternProperty>
            <caseSensitive>true</caseSensitive>
          </con:configuration>
        </con:assertion>
      </con:entry>
      <con:entry>
        <con:id>06af7f48-a000-4cfb-a952-a81266f455d3</con:id>
        <con:isGroup>false</con:isGroup>
        <con:sourceId>713dca82-673b-465f-99a7-ec2e22129a68</con:sourceId>
        <con:propertyName>res_httpStatusCode</con:propertyName>
        <con:assertion type="Simple Equals" name="Equals 2" id="04899b4e-2bac-4d97-af89-fbf05fbc7723">
          <con:configuration>
            <patternObjectId>f76519cf-133d-40b7-a12d-0c647a3bbbd1</patternObjectId>
            <patternProperty>httpCode404</patternProperty>
            <caseSensitive>true</caseSensitive>
          </con:configuration>
        </con:assertion>
      </con:entry>
    </con:config>
  </con:testStep>
  <con:properties>
    <con:property>
      <con:name>SerializedWithoutRangeProductSpecCode</con:name>
      <con:value>SERIALIZEDWITHOUTRANGEPRODSPECCODE-ad9c97a6-1a7c-4a29-9447-c4f956aa8ecf</con:value>
    </con:property>
    <con:property>
      <con:name>SerializedWithoutRangeProductSpecArticle</con:name>
      <con:value>SERIALIZEDWITHOUTRANGEPRODSPECARTICLE-f15ec8a3-287f-4bd4-b397-d46903d66b96</con:value>
    </con:property>
    <con:property>
      <con:name>SerializedWithoutRangeProductSpecExtId</con:name>
      <con:value>SERIALIZEDWITHOUTRANGEPRODSPECEXTID-7907430f-967f-4613-a431-e32605e68b25</con:value>
    </con:property>
    <con:property>
      <con:name>SerializedWithoutRangeProductSpecId</con:name>
      <con:value>20190</con:value>
    </con:property>
    <con:property>
      <con:name>NonSerializedProductSpecCode</con:name>
      <con:value>NONSERIALIZEDPRODSPECCODE-3a7cbd96-e0c9-40c8-bb37-dd1586d020a1</con:value>
    </con:property>
    <con:property>
      <con:name>NonSerializedProductSpecArticle</con:name>
      <con:value>NONSERIALIZEDPRODSPECARTICLE-809991af-c3a3-45a5-a421-d2f2e8a944d1</con:value>
    </con:property>
    <con:property>
      <con:name>NonSerializedProductSpecExtId</con:name>
      <con:value>NONSERIALIZEDPRODSPECEXTID-ff0440a6-cc0d-4344-95ef-4f670404bf3c</con:value>
    </con:property>
    <con:property>
      <con:name>NonSerializedProductSpecId</con:name>
      <con:value>20188</con:value>
    </con:property>
    <con:property>
      <con:name>SerializedProductSpecCode</con:name>
      <con:value>SERIALIZEDPRODSPECCODE-dc9dfcd7-01a0-4e6c-a2f0-f9a99bfd4680</con:value>
    </con:property>
    <con:property>
      <con:name>SerializedProductSpecArticle</con:name>
      <con:value>SERIALIZEDPRODSPECARTICLE-9420d540-92a3-4a6d-9d42-e2c1b6d40b4b</con:value>
    </con:property>
    <con:property>
      <con:name>SerializedProductSpecExtId</con:name>
      <con:value>SERIALIZEDPRODSPECEXTID-09dd8dd6-d871-45f4-99f5-164bd178cb04</con:value>
    </con:property>
    <con:property>
      <con:name>SerializedProductSpecId</con:name>
      <con:value>20189</con:value>
    </con:property>
  </con:properties>
  <con:reportParameters/>
  <con:breakPoints>
    <con:testStepId>28649618-20dd-43ad-b6b5-4a2a1a15253c</con:testStepId>
    <con:status>NONE</con:status>
    <con:properties/>
  </con:breakPoints>
  <con:breakPoints>
    <con:testStepId>4f26fd0f-5d90-4c78-8b58-8f4398388dc5</con:testStepId>
    <con:status>NONE</con:status>
    <con:properties/>
  </con:breakPoints>
  <con:breakPoints>
    <con:testStepId>cdc94dc1-852d-49fc-800c-2f1981d427f4</con:testStepId>
    <con:status>NONE</con:status>
    <con:properties/>
  </con:breakPoints>
  <con:breakPoints>
    <con:testStepId>86afadde-e112-4423-9cff-1a128b91561c</con:testStepId>
    <con:status>NONE</con:status>
    <con:properties/>
  </con:breakPoints>
  <con:breakPoints>
    <con:testStepId>03822b6e-e5cb-4e19-9b55-4b54b2785fee</con:testStepId>
    <con:status>NONE</con:status>
    <con:properties/>
  </con:breakPoints>
  <con:breakPoints>
    <con:testStepId>9efdebb8-f537-4668-8951-970bcbc58344</con:testStepId>
    <con:status>NONE</con:status>
    <con:properties/>
  </con:breakPoints>
  <con:breakPoints>
    <con:testStepId>25cda6a0-fa82-4fff-8240-795ab9b6ffd1</con:testStepId>
    <con:status>NONE</con:status>
    <con:properties/>
  </con:breakPoints>
  <con:breakPoints>
    <con:testStepId>2b7ac3a8-62c6-4205-8a88-c15ee28fbc88</con:testStepId>
    <con:status>NONE</con:status>
    <con:properties/>
  </con:breakPoints>
  <con:breakPoints>
    <con:testStepId>567985fa-3556-48fa-b061-683145ca9106</con:testStepId>
    <con:status>NONE</con:status>
    <con:properties/>
  </con:breakPoints>
  <con:breakPoints>
    <con:testStepId>11d6a7f5-30a5-4068-a382-7719f918a0a5</con:testStepId>
    <con:status>NONE</con:status>
    <con:properties/>
  </con:breakPoints>
  <con:breakPoints>
    <con:testStepId>37e45323-98a4-4a5e-8b23-f10098a2876f</con:testStepId>
    <con:status>NONE</con:status>
    <con:properties/>
  </con:breakPoints>
  <con:breakPoints>
    <con:testStepId>6d12e2e1-12e6-455f-8acb-bd52ef32dd42</con:testStepId>
    <con:status>NONE</con:status>
    <con:properties/>
  </con:breakPoints>
  <con:breakPoints>
    <con:testStepId>cfc3d387-9a27-4285-910f-1789f96b1138</con:testStepId>
    <con:status>NONE</con:status>
    <con:properties/>
  </con:breakPoints>
  <con:breakPoints>
    <con:testStepId>b8f62f2f-9bff-48fc-8ef1-210f4f75bbbb</con:testStepId>
    <con:status>NONE</con:status>
    <con:properties/>
  </con:breakPoints>
  <con:breakPoints>
    <con:testStepId>ada11fdf-3503-4d6e-a1bf-46e81f554ab3</con:testStepId>
    <con:status>NONE</con:status>
    <con:properties/>
  </con:breakPoints>
  <con:breakPoints>
    <con:testStepId>ddd255c2-2b84-4dfc-9881-15a23fffe474</con:testStepId>
    <con:status>NONE</con:status>
    <con:properties/>
  </con:breakPoints>
  <con:breakPoints>
    <con:testStepId>22050ade-250a-4723-ab75-020266a6ec3c</con:testStepId>
    <con:status>NONE</con:status>
    <con:properties/>
  </con:breakPoints>
  <con:breakPoints>
    <con:testStepId>c84888c4-3f63-4ac0-a22c-73a1dfcfb656</con:testStepId>
    <con:status>NONE</con:status>
    <con:properties/>
  </con:breakPoints>
  <con:breakPoints>
    <con:testStepId>bd70b107-a56d-4823-9b81-d55ea2e25913</con:testStepId>
    <con:status>NONE</con:status>
    <con:properties/>
  </con:breakPoints>
  <con:breakPoints>
    <con:testStepId>151172ba-666f-4974-9712-2e966538f1b7</con:testStepId>
    <con:status>NONE</con:status>
    <con:properties/>
  </con:breakPoints>
  <con:breakPoints>
    <con:testStepId>75fef665-bb96-4afd-98e0-1cb456f32058</con:testStepId>
    <con:status>NONE</con:status>
    <con:properties/>
  </con:breakPoints>
  <con:breakPoints>
    <con:testStepId>3f41131e-2ee7-4228-8f71-8df1a6b32b55</con:testStepId>
    <con:status>NONE</con:status>
    <con:properties/>
  </con:breakPoints>
  <con:breakPoints>
    <con:testStepId>0c32d5cd-786f-4968-a7f2-8ce166429dde</con:testStepId>
    <con:status>NONE</con:status>
    <con:properties/>
  </con:breakPoints>
  <con:breakPoints>
    <con:testStepId>c8c14723-9e4d-47e5-a371-b33541476d8d</con:testStepId>
    <con:status>NONE</con:status>
    <con:properties/>
  </con:breakPoints>
  <con:breakPoints>
    <con:testStepId>31747a77-21d3-409f-985e-0d77c8245a2c</con:testStepId>
    <con:status>NONE</con:status>
    <con:properties/>
  </con:breakPoints>
  <con:breakPoints>
    <con:testStepId>e05052ed-1c6d-4a7c-8679-1a86dd071ee2</con:testStepId>
    <con:status>NONE</con:status>
    <con:properties/>
  </con:breakPoints>
  <con:breakPoints>
    <con:testStepId>dd7ff34c-7ec7-499a-a4c4-e32e3ee9a2ce</con:testStepId>
    <con:status>NONE</con:status>
    <con:properties/>
  </con:breakPoints>
  <con:breakPoints>
    <con:testStepId>dd15f108-4a63-4430-adfd-e9d0529b5fde</con:testStepId>
    <con:status>NONE</con:status>
    <con:properties/>
  </con:breakPoints>
  <con:breakPoints>
    <con:testStepId>a59fb1ca-64e8-411d-83ec-d5bcd06c0884</con:testStepId>
    <con:status>NONE</con:status>
    <con:properties/>
  </con:breakPoints>
  <con:breakPoints>
    <con:testStepId>dffc6db7-683e-42a7-bbeb-6677ffc9bc93</con:testStepId>
    <con:status>NONE</con:status>
    <con:properties/>
  </con:breakPoints>
  <con:breakPoints>
    <con:testStepId>3b44959c-d780-46a2-a3c4-1bbd351f4354</con:testStepId>
    <con:status>NONE</con:status>
    <con:properties/>
  </con:breakPoints>
  <con:breakPoints>
    <con:testStepId>742789f1-f8df-4ec8-9503-9adeaddebf19</con:testStepId>
    <con:status>NONE</con:status>
    <con:properties/>
  </con:breakPoints>
  <con:breakPoints>
    <con:testStepId>71dd7028-5796-4132-ada7-2d81aae99e46</con:testStepId>
    <con:status>NONE</con:status>
    <con:properties/>
  </con:breakPoints>
  <con:breakPoints>
    <con:testStepId>0fb3b308-12f9-4956-97c3-5cc68ecbeac5</con:testStepId>
    <con:status>NONE</con:status>
    <con:properties/>
  </con:breakPoints>
  <con:breakPoints>
    <con:testStepId>f76519cf-133d-40b7-a12d-0c647a3bbbd1</con:testStepId>
    <con:status>NONE</con:status>
    <con:properties/>
  </con:breakPoints>
  <con:breakPoints>
    <con:testStepId>c808acaa-1cb6-46d9-9de2-2029ed155460</con:testStepId>
    <con:status>NONE</con:status>
    <con:properties/>
  </con:breakPoints>
  <con:breakPoints>
    <con:testStepId>9ebb8821-ceff-47b1-b0ac-5f9ddaf8d73f</con:testStepId>
    <con:status>NONE</con:status>
    <con:properties/>
  </con:breakPoints>
  <con:breakPoints>
    <con:testStepId>5e9906b5-41b8-4d10-911c-338c3ec2d40d</con:testStepId>
    <con:status>NONE</con:status>
    <con:properties/>
  </con:breakPoints>
  <con:breakPoints>
    <con:testStepId>d8347efd-9578-4946-a62d-ef4f58331863</con:testStepId>
    <con:status>NONE</con:status>
    <con:properties/>
  </con:breakPoints>
  <con:breakPoints>
    <con:testStepId>fd8181b9-5521-4f51-86cd-91270f5552f0</con:testStepId>
    <con:status>NONE</con:status>
    <con:properties/>
  </con:breakPoints>
  <con:breakPoints>
    <con:testStepId>d6cde4f1-d985-4012-afaa-280bc10b9e30</con:testStepId>
    <con:status>NONE</con:status>
    <con:properties/>
  </con:breakPoints>
  <con:breakPoints>
    <con:testStepId>5e71b7e3-1dc2-4a75-901b-486576b2510c</con:testStepId>
    <con:status>NONE</con:status>
    <con:properties/>
  </con:breakPoints>
  <con:breakPoints>
    <con:testStepId>375d0bd0-94ea-4829-a402-4b35d589ad4c</con:testStepId>
    <con:status>NONE</con:status>
    <con:properties/>
  </con:breakPoints>
  <con:breakPoints>
    <con:testStepId>0d42ff32-5cd1-4380-b666-123a492e5390</con:testStepId>
    <con:status>NONE</con:status>
    <con:properties/>
  </con:breakPoints>
  <con:breakPoints>
    <con:testStepId>d0f1c401-5b93-44c5-b826-9f1726087941</con:testStepId>
    <con:status>NONE</con:status>
    <con:properties/>
  </con:breakPoints>
  <con:breakPoints>
    <con:testStepId>adb7e63b-631b-4136-b504-1bdcde571812</con:testStepId>
    <con:status>NONE</con:status>
    <con:properties/>
  </con:breakPoints>
  <con:breakPoints>
    <con:testStepId>06a18f49-d8d6-4c51-935f-1a5748982704</con:testStepId>
    <con:status>NONE</con:status>
    <con:properties/>
  </con:breakPoints>
  <con:breakPoints>
    <con:testStepId>e366e213-e6e5-4371-b635-7e09fe6a9cb0</con:testStepId>
    <con:status>NONE</con:status>
    <con:properties/>
  </con:breakPoints>
  <con:breakPoints>
    <con:testStepId>d020c07c-2f2a-4412-9b05-a2ff31790442</con:testStepId>
    <con:status>NONE</con:status>
    <con:properties/>
  </con:breakPoints>
  <con:breakPoints>
    <con:testStepId>f717dfa1-e39b-410b-a11b-fdd88f5c4b68</con:testStepId>
    <con:status>NONE</con:status>
    <con:properties/>
  </con:breakPoints>
  <con:breakPoints>
    <con:testStepId>eb536a9f-278a-4bbf-890b-3eae9de7beb0</con:testStepId>
    <con:status>NONE</con:status>
    <con:properties/>
  </con:breakPoints>
  <con:breakPoints>
    <con:testStepId>46e48567-68d6-46a0-807f-0827aa2c3507</con:testStepId>
    <con:status>NONE</con:status>
    <con:properties/>
  </con:breakPoints>
  <con:breakPoints>
    <con:testStepId>76a04cf9-dbc2-4a45-8175-bcf3dcb04f74</con:testStepId>
    <con:status>NONE</con:status>
    <con:properties/>
  </con:breakPoints>
  <con:breakPoints>
    <con:testStepId>a5b32bcc-4a55-41c0-8c64-4ce1c7be59a0</con:testStepId>
    <con:status>NONE</con:status>
    <con:properties/>
  </con:breakPoints>
  <con:breakPoints>
    <con:testStepId>af49d218-4ee4-4318-b91a-663ab71728eb</con:testStepId>
    <con:status>NONE</con:status>
    <con:properties/>
  </con:breakPoints>
  <con:breakPoints>
    <con:testStepId>435f4b1f-6e47-4fca-9ad9-179ebd57254c</con:testStepId>
    <con:status>NONE</con:status>
    <con:properties/>
  </con:breakPoints>
  <con:breakPoints>
    <con:testStepId>6b784b86-0441-43db-82e3-3395693e6080</con:testStepId>
    <con:status>NONE</con:status>
    <con:properties/>
  </con:breakPoints>
  <con:breakPoints>
    <con:testStepId>74b200a4-4935-4cbf-aeec-f5d83da06682</con:testStepId>
    <con:status>NONE</con:status>
    <con:properties/>
  </con:breakPoints>
  <con:breakPoints>
    <con:testStepId>b5ee09c6-d00d-4673-ae40-b4bc3d1d4055</con:testStepId>
    <con:status>NONE</con:status>
    <con:properties/>
  </con:breakPoints>
  <con:breakPoints>
    <con:testStepId>f816d919-e6c8-4e9f-80e8-107ab2394fec</con:testStepId>
    <con:status>NONE</con:status>
    <con:properties/>
  </con:breakPoints>
  <con:breakPoints>
    <con:testStepId>d9a573ec-4ca2-431d-9e17-66ff238ff84e</con:testStepId>
    <con:status>NONE</con:status>
    <con:properties/>
  </con:breakPoints>
  <con:breakPoints>
    <con:testStepId>9e177189-5cf3-4945-9c3b-31fb76a2b8d6</con:testStepId>
    <con:status>NONE</con:status>
    <con:properties/>
  </con:breakPoints>
  <con:breakPoints>
    <con:testStepId>db6e704c-47f0-4a69-b931-f6d68352289c</con:testStepId>
    <con:status>NONE</con:status>
    <con:properties/>
  </con:breakPoints>
  <con:breakPoints>
    <con:testStepId>df512990-8f25-49ac-8110-354f1620c73b</con:testStepId>
    <con:status>NONE</con:status>
    <con:properties/>
  </con:breakPoints>
  <con:breakPoints>
    <con:testStepId>50075a98-b25e-4215-8860-d612a77cc31a</con:testStepId>
    <con:status>NONE</con:status>
    <con:properties/>
  </con:breakPoints>
  <con:breakPoints>
    <con:testStepId>cc9c3220-add1-403d-aaf4-dbd19ecdbe25</con:testStepId>
    <con:status>NONE</con:status>
    <con:properties/>
  </con:breakPoints>
  <con:breakPoints>
    <con:testStepId>53145fef-c771-4051-9de7-3f0638d01c89</con:testStepId>
    <con:status>NONE</con:status>
    <con:properties/>
  </con:breakPoints>
  <con:breakPoints>
    <con:testStepId>c38141d9-6b24-4d2c-9073-96f23e534c81</con:testStepId>
    <con:status>NONE</con:status>
    <con:properties/>
  </con:breakPoints>
  <con:breakPoints>
    <con:testStepId>3a1b1b3f-dcc8-4280-9fe0-033ec2489c3d</con:testStepId>
    <con:status>NONE</con:status>
    <con:properties/>
  </con:breakPoints>
  <con:breakPoints>
    <con:testStepId>c98955ca-0661-4030-9f75-215e452b15fc</con:testStepId>
    <con:status>NONE</con:status>
    <con:properties/>
  </con:breakPoints>
  <con:breakPoints>
    <con:testStepId>d5cddd64-9e61-4227-9c60-0181296493cb</con:testStepId>
    <con:status>NONE</con:status>
    <con:properties/>
  </con:breakPoints>
  <con:breakPoints>
    <con:testStepId>ea3c970b-31ce-4a5a-a08c-8ac6bc7dce41</con:testStepId>
    <con:status>NONE</con:status>
    <con:properties/>
  </con:breakPoints>
  <con:breakPoints>
    <con:testStepId>ddcce0b2-c605-442e-a31f-bc26ccb3c697</con:testStepId>
    <con:status>NONE</con:status>
    <con:properties/>
  </con:breakPoints>
  <con:breakPoints>
    <con:testStepId>ee517e0b-d943-4c5d-a68c-115c105e2d78</con:testStepId>
    <con:status>NONE</con:status>
    <con:properties/>
  </con:breakPoints>
  <con:breakPoints>
    <con:testStepId>dd21f8c7-4f53-4145-a29b-7f43cd59d446</con:testStepId>
    <con:status>NONE</con:status>
    <con:properties/>
  </con:breakPoints>
  <con:breakPoints>
    <con:testStepId>f7b7fdaa-3dd6-4414-954a-bb471fa7165a</con:testStepId>
    <con:status>NONE</con:status>
    <con:properties/>
  </con:breakPoints>
  <con:breakPoints>
    <con:testStepId>a0d19c82-8f4d-4bbd-b556-c3fc707e7b46</con:testStepId>
    <con:status>NONE</con:status>
    <con:properties/>
  </con:breakPoints>
  <con:breakPoints>
    <con:testStepId>054d747e-6a76-4a4e-abf0-678b60c65f5c</con:testStepId>
    <con:status>NONE</con:status>
    <con:properties/>
  </con:breakPoints>
  <con:breakPoints>
    <con:testStepId>a38108f0-5be7-4095-9cb9-b01514777418</con:testStepId>
    <con:status>NONE</con:status>
    <con:properties/>
  </con:breakPoints>
  <con:breakPoints>
    <con:testStepId>91fe77fe-71b2-4e10-ab04-23a87faa9f30</con:testStepId>
    <con:status>NONE</con:status>
    <con:properties/>
  </con:breakPoints>
  <con:breakPoints>
    <con:testStepId>27b04659-d54c-4948-bd51-f7ae2b5471c0</con:testStepId>
    <con:status>NONE</con:status>
    <con:properties/>
  </con:breakPoints>
  <con:breakPoints>
    <con:testStepId>b85c2b91-03c5-4fc5-be0c-fac20c31014d</con:testStepId>
    <con:status>NONE</con:status>
    <con:properties/>
  </con:breakPoints>
  <con:breakPoints>
    <con:testStepId>a3ef5f55-fced-4a44-b50e-da34287b66a3</con:testStepId>
    <con:status>NONE</con:status>
    <con:properties/>
  </con:breakPoints>
  <con:breakPoints>
    <con:testStepId>01be6d8d-c849-45b2-9241-fefbc9c014ba</con:testStepId>
    <con:status>NONE</con:status>
    <con:properties/>
  </con:breakPoints>
  <con:breakPoints>
    <con:testStepId>c3769851-2723-4f37-9d0b-c129324f2479</con:testStepId>
    <con:status>NONE</con:status>
    <con:properties/>
  </con:breakPoints>
  <con:breakPoints>
    <con:testStepId>90372ae8-0145-495c-90b9-45c0e2aa0073</con:testStepId>
    <con:status>NONE</con:status>
    <con:properties/>
  </con:breakPoints>
  <con:breakPoints>
    <con:testStepId>c433e4f5-a8b9-458f-b4bf-4f5aa83e40b3</con:testStepId>
    <con:status>NONE</con:status>
    <con:properties/>
  </con:breakPoints>
  <con:breakPoints>
    <con:testStepId>b257a1be-9d67-4379-a450-f8848e05f73d</con:testStepId>
    <con:status>NONE</con:status>
    <con:properties/>
  </con:breakPoints>
  <con:breakPoints>
    <con:testStepId>73daae9b-97fb-439e-aaf4-cf449dc66634</con:testStepId>
    <con:status>NONE</con:status>
    <con:properties/>
  </con:breakPoints>
  <con:breakPoints>
    <con:testStepId>a7eb6b0b-ab94-4b14-aa4d-c904201b0373</con:testStepId>
    <con:status>NONE</con:status>
    <con:properties/>
  </con:breakPoints>
  <con:breakPoints>
    <con:testStepId>c4fe8429-4042-4ab0-b669-e702e005941a</con:testStepId>
    <con:status>NONE</con:status>
    <con:properties/>
  </con:breakPoints>
  <con:breakPoints>
    <con:testStepId>36f8dea6-e1dc-42c8-b0e3-5eb47c313261</con:testStepId>
    <con:status>NONE</con:status>
    <con:properties/>
  </con:breakPoints>
  <con:breakPoints>
    <con:testStepId>0c0f28d1-a18e-4dab-9e1b-0a0fdc40f9f1</con:testStepId>
    <con:status>NONE</con:status>
    <con:properties/>
  </con:breakPoints>
  <con:breakPoints>
    <con:testStepId>7f5ae6e6-6f78-41a4-aa4a-cac2151637cc</con:testStepId>
    <con:status>NONE</con:status>
    <con:properties/>
  </con:breakPoints>
  <con:breakPoints>
    <con:testStepId>c132e26c-39d0-4cad-aaf7-16749056352f</con:testStepId>
    <con:status>NONE</con:status>
    <con:properties/>
  </con:breakPoints>
  <con:breakPoints>
    <con:testStepId>333ec68c-27c8-47f9-99c8-d23f017f12a3</con:testStepId>
    <con:status>NONE</con:status>
    <con:properties/>
  </con:breakPoints>
  <con:breakPoints>
    <con:testStepId>ddd284ec-cd31-438b-8fb7-adad1993be37</con:testStepId>
    <con:status>NONE</con:status>
    <con:properties/>
  </con:breakPoints>
  <con:breakPoints>
    <con:testStepId>a37633d1-ec19-48ab-8050-728b7d48dd90</con:testStepId>
    <con:status>NONE</con:status>
    <con:properties/>
  </con:breakPoints>
  <con:breakPoints>
    <con:testStepId>8df90aae-5520-45ff-87db-3cb9f3f93c67</con:testStepId>
    <con:status>NONE</con:status>
    <con:properties/>
  </con:breakPoints>
  <con:breakPoints>
    <con:testStepId>ae21116b-0a73-41d4-8965-2fdc9aa93122</con:testStepId>
    <con:status>NONE</con:status>
    <con:properties/>
  </con:breakPoints>
  <con:breakPoints>
    <con:testStepId>d1f01398-b109-4e84-987e-47ef4a185b4c</con:testStepId>
    <con:status>NONE</con:status>
    <con:properties/>
  </con:breakPoints>
  <con:breakPoints>
    <con:testStepId>9b5a37a6-b7ed-494e-ae14-81030666d20c</con:testStepId>
    <con:status>NONE</con:status>
    <con:properties/>
  </con:breakPoints>
  <con:breakPoints>
    <con:testStepId>ae37c9db-d1ee-4065-94ad-d958e4bb38bf</con:testStepId>
    <con:status>NONE</con:status>
    <con:properties/>
  </con:breakPoints>
  <con:breakPoints>
    <con:testStepId>47409c2a-3dec-4b6e-9724-87b3e8aae21f</con:testStepId>
    <con:status>NONE</con:status>
    <con:properties/>
  </con:breakPoints>
  <con:breakPoints>
    <con:testStepId>85ced04c-2603-4f3b-b44c-77418a6601c1</con:testStepId>
    <con:status>NONE</con:status>
    <con:properties/>
  </con:breakPoints>
  <con:breakPoints>
    <con:testStepId>0184df95-3cbc-4c47-9dfc-795e57b1df81</con:testStepId>
    <con:status>NONE</con:status>
    <con:properties/>
  </con:breakPoints>
  <con:breakPoints>
    <con:testStepId>9470da19-c58b-4062-b7ea-f120f3f4ae03</con:testStepId>
    <con:status>NONE</con:status>
    <con:properties/>
  </con:breakPoints>
  <con:breakPoints>
    <con:testStepId>40aec072-7da1-4319-9f45-bd1c1936dc87</con:testStepId>
    <con:status>NONE</con:status>
    <con:properties/>
  </con:breakPoints>
  <con:breakPoints>
    <con:testStepId>7364553d-3b86-4535-8a43-45d66e774144</con:testStepId>
    <con:status>NONE</con:status>
    <con:properties/>
  </con:breakPoints>
  <con:breakPoints>
    <con:testStepId>20a094b3-efa9-4f06-ab64-69e6a9710aad</con:testStepId>
    <con:status>NONE</con:status>
    <con:properties/>
  </con:breakPoints>
  <con:breakPoints>
    <con:testStepId>0cf1c484-d1af-4043-808f-caeb0e39bbdf</con:testStepId>
    <con:status>NONE</con:status>
    <con:properties/>
  </con:breakPoints>
  <con:breakPoints>
    <con:testStepId>ad2ce825-64d9-42fc-a528-cfb5ff15c8ec</con:testStepId>
    <con:status>NONE</con:status>
    <con:properties/>
  </con:breakPoints>
  <con:breakPoints>
    <con:testStepId>2fc1475b-bd6a-439c-a794-f08710a341b9</con:testStepId>
    <con:status>NONE</con:status>
    <con:properties/>
  </con:breakPoints>
  <con:breakPoints>
    <con:testStepId>3ee7bec3-6e77-427e-9eed-1e28bfb3fc40</con:testStepId>
    <con:status>NONE</con:status>
    <con:properties/>
  </con:breakPoints>
  <con:breakPoints>
    <con:testStepId>5363cbed-db90-4dc0-8803-77efb315e6eb</con:testStepId>
    <con:status>NONE</con:status>
    <con:properties/>
  </con:breakPoints>
  <con:breakPoints>
    <con:testStepId>08e4822c-2c8b-49b2-b730-df26d5801d75</con:testStepId>
    <con:status>NONE</con:status>
    <con:properties/>
  </con:breakPoints>
  <con:breakPoints>
    <con:testStepId>7f40bb08-a99d-49a8-a795-942ab65b47df</con:testStepId>
    <con:status>NONE</con:status>
    <con:properties/>
  </con:breakPoints>
  <con:breakPoints>
    <con:testStepId>661bbc44-5784-444a-8adb-7c34badb9997</con:testStepId>
    <con:status>NONE</con:status>
    <con:properties/>
  </con:breakPoints>
  <con:breakPoints>
    <con:testStepId>9c7e6d75-3b33-4784-85ba-a1ff21cc7a06</con:testStepId>
    <con:status>NONE</con:status>
    <con:properties/>
  </con:breakPoints>
  <con:breakPoints>
    <con:testStepId>5caf4f22-ae40-4abe-b1ed-8dac2304941d</con:testStepId>
    <con:status>NONE</con:status>
    <con:properties/>
  </con:breakPoints>
  <con:breakPoints>
    <con:testStepId>444635b6-299c-40ae-a5f5-b0dbe5700fa7</con:testStepId>
    <con:status>NONE</con:status>
    <con:properties/>
  </con:breakPoints>
  <con:breakPoints>
    <con:testStepId>a8e027f0-d416-4ed8-a376-cc2eaf20a590</con:testStepId>
    <con:status>NONE</con:status>
    <con:properties/>
  </con:breakPoints>
  <con:breakPoints>
    <con:testStepId>fb16149c-aa0f-408b-a5b8-61d8e4a05be0</con:testStepId>
    <con:status>NONE</con:status>
    <con:properties/>
  </con:breakPoints>
  <con:breakPoints>
    <con:testStepId>0387d504-3847-401a-b685-7070fc7159ed</con:testStepId>
    <con:status>NONE</con:status>
    <con:properties/>
  </con:breakPoints>
  <con:breakPoints>
    <con:testStepId>a271c0a2-fde8-494c-b4f0-80ff7135afd9</con:testStepId>
    <con:status>NONE</con:status>
    <con:properties/>
  </con:breakPoints>
  <con:breakPoints>
    <con:testStepId>a89226f6-0b54-442d-8cbf-917a77648ce9</con:testStepId>
    <con:status>NONE</con:status>
    <con:properties/>
  </con:breakPoints>
  <con:breakPoints>
    <con:testStepId>0ebfdcbf-17bb-4c11-a777-24fc688730d5</con:testStepId>
    <con:status>NONE</con:status>
    <con:properties/>
  </con:breakPoints>
  <con:breakPoints>
    <con:testStepId>05f5cfc9-4dd2-4947-9a4d-287ad97f6ede</con:testStepId>
    <con:status>NONE</con:status>
    <con:properties/>
  </con:breakPoints>
  <con:breakPoints>
    <con:testStepId>6cff5813-da10-40cd-84ac-169334dfa505</con:testStepId>
    <con:status>NONE</con:status>
    <con:properties/>
  </con:breakPoints>
  <con:breakPoints>
    <con:testStepId>bb09a498-6cb3-4f19-b947-7d543a9cf8b6</con:testStepId>
    <con:status>NONE</con:status>
    <con:properties/>
  </con:breakPoints>
  <con:breakPoints>
    <con:testStepId>6d9d8a2b-8e41-4efa-9d78-7ba57b8a02bf</con:testStepId>
    <con:status>NONE</con:status>
    <con:properties/>
  </con:breakPoints>
  <con:breakPoints>
    <con:testStepId>016fdcfd-1c6a-4a5e-be9f-2bddd7e42bd0</con:testStepId>
    <con:status>NONE</con:status>
    <con:properties/>
  </con:breakPoints>
  <con:breakPoints>
    <con:testStepId>1456f430-b33b-4cfe-b106-ef7699125a8e</con:testStepId>
    <con:status>NONE</con:status>
    <con:properties/>
  </con:breakPoints>
  <con:breakPoints>
    <con:testStepId>9df5f23f-8561-421b-aad8-1ab2ac29b6ed</con:testStepId>
    <con:status>NONE</con:status>
    <con:properties/>
  </con:breakPoints>
  <con:breakPoints>
    <con:testStepId>03b65bad-2bfc-4e55-9b69-39bf806dca93</con:testStepId>
    <con:status>NONE</con:status>
    <con:properties/>
  </con:breakPoints>
  <con:breakPoints>
    <con:testStepId>717e30ee-fa2c-47e2-bc5f-504dfecbb80d</con:testStepId>
    <con:status>NONE</con:status>
    <con:properties/>
  </con:breakPoints>
  <con:breakPoints>
    <con:testStepId>07f94010-1dd3-43f6-b60e-ec51f3499282</con:testStepId>
    <con:status>NONE</con:status>
    <con:properties/>
  </con:breakPoints>
  <con:breakPoints>
    <con:testStepId>f287a7a9-3d38-4a9c-9355-721508ac5f2e</con:testStepId>
    <con:status>NONE</con:status>
    <con:properties/>
  </con:breakPoints>
  <con:breakPoints>
    <con:testStepId>ac8834e4-fe5f-486f-babf-4d41d2cd9384</con:testStepId>
    <con:status>NONE</con:status>
    <con:properties/>
  </con:breakPoints>
  <con:breakPoints>
    <con:testStepId>c8a109eb-f344-48cc-8e23-846c862d7456</con:testStepId>
    <con:status>NONE</con:status>
    <con:properties/>
  </con:breakPoints>
  <con:breakPoints>
    <con:testStepId>85e5c019-6e0a-4f5f-9d5d-b52cbcaf430d</con:testStepId>
    <con:status>NONE</con:status>
    <con:properties/>
  </con:breakPoints>
  <con:breakPoints>
    <con:testStepId>2fa99267-eeaa-49b9-aa84-268f1be415ec</con:testStepId>
    <con:status>NONE</con:status>
    <con:properties/>
  </con:breakPoints>
  <con:breakPoints>
    <con:testStepId>9ae9d60d-6e30-44ca-8275-369b80a72874</con:testStepId>
    <con:status>NONE</con:status>
    <con:properties/>
  </con:breakPoints>
  <con:breakPoints>
    <con:testStepId>e5f317e3-5e86-43d7-95ab-d182e51078e9</con:testStepId>
    <con:status>NONE</con:status>
    <con:properties/>
  </con:breakPoints>
  <con:breakPoints>
    <con:testStepId>90845bc5-6b2b-4af7-8458-8bdbdd266382</con:testStepId>
    <con:status>NONE</con:status>
    <con:properties/>
  </con:breakPoints>
  <con:breakPoints>
    <con:testStepId>25d44d1e-a357-46e6-b3fd-169f15b761d8</con:testStepId>
    <con:status>NONE</con:status>
    <con:properties/>
  </con:breakPoints>
  <con:breakPoints>
    <con:testStepId>98c35fdb-20cb-48ec-bc58-0d781857b01e</con:testStepId>
    <con:status>NONE</con:status>
    <con:properties/>
  </con:breakPoints>
  <con:breakPoints>
    <con:testStepId>bad7356c-6500-416b-b48a-e371e05ff417</con:testStepId>
    <con:status>NONE</con:status>
    <con:properties/>
  </con:breakPoints>
  <con:breakPoints>
    <con:testStepId>d5e2f149-50a8-486e-a5eb-5afd4859910c</con:testStepId>
    <con:status>NONE</con:status>
    <con:properties/>
  </con:breakPoints>
  <con:breakPoints>
    <con:testStepId>f05b5465-fb1a-47dc-a76e-0d09ae4d75ea</con:testStepId>
    <con:status>NONE</con:status>
    <con:properties/>
  </con:breakPoints>
  <con:breakPoints>
    <con:testStepId>ee51e0e7-37a5-4352-969a-e084963769a0</con:testStepId>
    <con:status>NONE</con:status>
    <con:properties/>
  </con:breakPoints>
  <con:breakPoints>
    <con:testStepId>7279e808-ba89-401e-a87d-d2fa240efd0e</con:testStepId>
    <con:status>NONE</con:status>
    <con:properties/>
  </con:breakPoints>
  <con:breakPoints>
    <con:testStepId>cabd6b09-5ac0-4dfb-b284-ea5a1ea06329</con:testStepId>
    <con:status>NONE</con:status>
    <con:properties/>
  </con:breakPoints>
  <con:breakPoints>
    <con:testStepId>c51a3144-b728-484a-aa8c-b9e784f5c3a0</con:testStepId>
    <con:status>NONE</con:status>
    <con:properties/>
  </con:breakPoints>
  <con:breakPoints>
    <con:testStepId>1a7277cf-afb5-4a6b-8112-017a58c853f3</con:testStepId>
    <con:status>NONE</con:status>
    <con:properties/>
  </con:breakPoints>
  <con:breakPoints>
    <con:testStepId>6c553c16-94e7-4041-9b2c-d824433427f2</con:testStepId>
    <con:status>NONE</con:status>
    <con:properties/>
  </con:breakPoints>
  <con:breakPoints>
    <con:testStepId>b1d1a132-e094-4301-ae1c-99d67ba31d38</con:testStepId>
    <con:status>NONE</con:status>
    <con:properties/>
  </con:breakPoints>
  <con:breakPoints>
    <con:testStepId>7f460547-cb40-4c82-873c-5950c5d8293e</con:testStepId>
    <con:status>NONE</con:status>
    <con:properties/>
  </con:breakPoints>
  <con:breakPoints>
    <con:testStepId>7bd11273-f2c5-462e-ada8-9d72e5c893df</con:testStepId>
    <con:status>NONE</con:status>
    <con:properties/>
  </con:breakPoints>
  <con:breakPoints>
    <con:testStepId>5d284d7b-2eba-442a-ba00-3d84d383e1bc</con:testStepId>
    <con:status>NONE</con:status>
    <con:properties/>
  </con:breakPoints>
  <con:breakPoints>
    <con:testStepId>b0db305a-c566-4cba-bcb0-e68edc3072b0</con:testStepId>
    <con:status>NONE</con:status>
    <con:properties/>
  </con:breakPoints>
  <con:breakPoints>
    <con:testStepId>3755280e-4145-41cd-b772-1210bd72f4f2</con:testStepId>
    <con:status>NONE</con:status>
    <con:properties/>
  </con:breakPoints>
  <con:breakPoints>
    <con:testStepId>a7433dbc-7bbf-475b-a0b2-fcea029949aa</con:testStepId>
    <con:status>NONE</con:status>
    <con:properties/>
  </con:breakPoints>
  <con:breakPoints>
    <con:testStepId>6c5cd768-d738-4eb3-b4e6-2a6574f4fbd7</con:testStepId>
    <con:status>NONE</con:status>
    <con:properties/>
  </con:breakPoints>
  <con:breakPoints>
    <con:testStepId>3ec64f40-afb8-463a-a895-27747384abc0</con:testStepId>
    <con:status>NONE</con:status>
    <con:properties/>
  </con:breakPoints>
  <con:breakPoints>
    <con:testStepId>19de7261-9423-47d9-bc54-c059f08051df</con:testStepId>
    <con:status>ENABLED</con:status>
    <con:properties/>
  </con:breakPoints>
  <con:breakPoints>
    <con:testStepId>9529fb2e-9b10-4d28-a4d8-23e8704c16c9</con:testStepId>
    <con:status>ENABLED</con:status>
    <con:properties/>
  </con:breakPoints>
  <con:breakPoints>
    <con:testStepId>5836b2a9-b0ab-41d2-b7e4-a3e2b2ec66e2</con:testStepId>
    <con:status>NONE</con:status>
    <con:properties/>
  </con:breakPoints>
  <con:breakPoints>
    <con:testStepId>2ee842ff-f6e6-49b4-9176-8f747305d558</con:testStepId>
    <con:status>NONE</con:status>
    <con:properties/>
  </con:breakPoints>
  <con:breakPoints>
    <con:testStepId>d8ff96be-4adb-43bc-86d3-38449359f727</con:testStepId>
    <con:status>NONE</con:status>
    <con:properties/>
  </con:breakPoints>
  <con:breakPoints>
    <con:testStepId>12a958f1-0cec-402e-9e3d-c11a81fb7fb8</con:testStepId>
    <con:status>NONE</con:status>
    <con:properties/>
  </con:breakPoints>
  <con:breakPoints>
    <con:testStepId>9e151165-8d91-4e45-ac99-6982cb9cbf01</con:testStepId>
    <con:status>NONE</con:status>
    <con:properties/>
  </con:breakPoints>
  <con:breakPoints>
    <con:testStepId>12b00584-b738-4ef6-8417-65f552b83346</con:testStepId>
    <con:status>NONE</con:status>
    <con:properties/>
  </con:breakPoints>
  <con:breakPoints>
    <con:testStepId>328eaa2e-a02b-4992-b3ab-efc362064144</con:testStepId>
    <con:status>NONE</con:status>
    <con:properties/>
  </con:breakPoints>
  <con:breakPoints>
    <con:testStepId>8deb21a8-6ca4-4160-9992-3695dae5fbce</con:testStepId>
    <con:status>NONE</con:status>
    <con:properties/>
  </con:breakPoints>
  <con:breakPoints>
    <con:testStepId>6ff3bcc8-f9dd-449c-b7bf-9462493344c4</con:testStepId>
    <con:status>NONE</con:status>
    <con:properties/>
  </con:breakPoints>
</con:testCase>