<?xml version="1.0" encoding="UTF-8"?>
<con:testCase id="758d521a-2ca8-4630-a2df-24e5249c6cac" discardOkResults="true" failOnError="true" failTestCaseOnErrors="true" keepSession="false" name="Test Case1 - StockIn" searchProperties="true" timeout="0" xmlns:con="http://eviware.com/soapui/config">
  <con:settings>
    <con:setting id="53f1af09-1eea-410f-8894-61a7a4c8e30cfileName">Test-Case1</con:setting>
    <con:setting id="758d521a-2ca8-4630-a2df-24e5249c6cacfileName">Test-Case1</con:setting>
  </con:settings>
  <con:savedRecentRuns>1</con:savedRecentRuns>
  <con:testStep type="properties" name="Given properties for the test steps" id="85633c4f-3c29-4c16-a02e-92f047e3d591">
    <con:settings/>
    <con:config xsi:type="con:PropertiesStep" saveFirst="true" xmlns:xsi="http://www.w3.org/2001/XMLSchema-instance">
      <con:properties>
        <con:property>
          <con:name>startSerial</con:name>
          <con:value>${#[Test Suite for File Upload#Test Case1 - StockIn#Given properties for the test steps]#startSerial}</con:value>
        </con:property>
        <con:property>
          <con:name>biId1</con:name>
          <con:value>${#[Test Suite for File Upload#Test Case1 - StockIn#Given properties for the test steps]#biId1}</con:value>
        </con:property>
        <con:property>
          <con:name>quantity</con:name>
          <con:value>${#[Test Suite for File Upload#Test Case1 - StockIn#Given properties for the test steps]#quantity}</con:value>
        </con:property>
        <con:property>
          <con:name>status</con:name>
          <con:value>Sellable</con:value>
        </con:property>
        <con:property>
          <con:name>serializedProductSpecExtId</con:name>
          <con:value>EXT-IPHONE6S-1</con:value>
        </con:property>
        <con:property>
          <con:name>null</con:name>
          <con:value/>
        </con:property>
        <con:property>
          <con:name>biId2</con:name>
          <con:value>${#[Test Suite for File Upload#Test Case1 - StockIn#Given properties for the test steps]#biId2}</con:value>
        </con:property>
        <con:property>
          <con:name>biId3</con:name>
          <con:value>${#[Test Suite for File Upload#Test Case1 - StockIn#Given properties for the test steps]#biId3}</con:value>
        </con:property>
        <con:property>
          <con:name>startserial2</con:name>
          <con:value>${#[Test Suite for File Upload#Test Case1 - StockIn#Given properties for the test steps]#startserial2}</con:value>
        </con:property>
        <con:property>
          <con:name>serializedWORANGEProdSpecExtId</con:name>
          <con:value>EXT-GALAXYNOTE4-1</con:value>
        </con:property>
        <con:property>
          <con:name>SerialWORange</con:name>
          <con:value>${#[Test Suite for File Upload#Test Case1 - StockIn#Given properties for the test steps]#SerialWORange}</con:value>
        </con:property>
        <con:property>
          <con:name>biId 4</con:name>
          <con:value>${#[Test Suite for File Upload#Test Case1 - StockIn#Given properties for the test steps]#biId4}</con:value>
        </con:property>
        <con:property>
          <con:name>negative</con:name>
          <con:value>${#[Test Suite for File Upload#Test Case1 - StockIn#Given properties for the test steps]#negative}</con:value>
        </con:property>
        <con:property>
          <con:name>biId5</con:name>
          <con:value>${#[Test Suite for File Upload#Test Case1 - StockIn#Given properties for the test steps]#biId5}</con:value>
        </con:property>
        <con:property>
          <con:name>serialWithACharacter</con:name>
          <con:value>${#[Test Suite for File Upload#Test Case1 - StockIn#Given properties for the test steps]#serialWithACharacter}</con:value>
        </con:property>
        <con:property>
          <con:name>biId6</con:name>
          <con:value>${#[Test Suite for File Upload#Test Case1 - StockIn#Given properties for the test steps]#biId6}</con:value>
        </con:property>
        <con:property>
          <con:name>nonSerializedProducrSpecExtId</con:name>
          <con:value>EXT-IPHONECHARGINGCABLE-1</con:value>
        </con:property>
        <con:property>
          <con:name>placeId</con:name>
          <con:value>${#[Test Suite for File Upload#Test Case1 - StockIn#Given properties for the test steps]#placeId}</con:value>
        </con:property>
        <con:property>
          <con:name>biId_serial_outofrange</con:name>
          <con:value>${#[Test Suite for File Upload#Test Case1 - StockIn#Given properties for the test steps]#biId_outofrange}</con:value>
        </con:property>
        <con:property>
          <con:name>soId</con:name>
          <con:value>${#[Test Suite for File Upload#Test Case1 - StockIn#Given properties for the test steps]#soId}</con:value>
        </con:property>
        <con:property>
          <con:name>userId</con:name>
          <con:value>${#[Test Suite for File Upload#Test Case1 - StockIn#Given properties for the test steps]#userId}</con:value>
        </con:property>
        <con:property>
          <con:name>startSerial_outofrange</con:name>
          <con:value>${#[Test Suite for File Upload#Test Case1 - StockIn#Given properties for the test steps]#startSerial_outofrange}</con:value>
        </con:property>
        <con:property>
          <con:name>biId_twoDifferentFilesForOneStockIn</con:name>
          <con:value>${#[Test Suite for File Upload#Test Case1 - StockIn#Given properties for the test steps]#biId_twoDifferentFilesForOneStockIn}</con:value>
        </con:property>
        <con:property>
          <con:name>serial_serial_twoDifferentFilesForOneStockIn</con:name>
          <con:value>${#[Test Suite for File Upload#Test Case1 - StockIn#Given properties for the test steps]#serial_serial_twoDifferentFilesForOneStockIn}</con:value>
        </con:property>
        <con:property>
          <con:name>serial_woRange_twoDifferentFilesForOneStockIn</con:name>
          <con:value>${#[Test Suite for File Upload#Test Case1 - StockIn#Given properties for the test steps]#serial_woRange_twoDifferentFilesForOneStockIn}</con:value>
        </con:property>
        <con:property>
          <con:name>aggId2</con:name>
          <con:value>${#[Test Suite for File Upload#Test Case1 - StockIn#Add Aggregated serial Item 2]#res_id}</con:value>
        </con:property>
        <con:property>
          <con:name>quantity 5</con:name>
          <con:value>5</con:value>
        </con:property>
        <con:property>
          <con:name>quantity 1</con:name>
          <con:value>1</con:value>
        </con:property>
      </con:properties>
    </con:config>
  </con:testStep>
  <con:testStep type="transfer" name="Property  biId" id="680262e6-8c68-442c-910a-c8e2f89586c3">
    <con:settings/>
    <con:config xsi:type="con:PropertyTransfersStep" xmlns:xsi="http://www.w3.org/2001/XMLSchema-instance">
      <con:transfers setNullOnMissingSource="true" transferTextContent="true" failOnError="true" ignoreEmpty="false" transferToAll="false" entitize="false" transferChildNodes="false">
        <con:name>biId</con:name>
        <con:sourceType>biId1</con:sourceType>
        <con:sourceStep>Given properties for the test steps</con:sourceStep>
        <con:sourcePath/>
        <con:targetType>req_biId</con:targetType>
        <con:targetStep>Submit stockIn 1</con:targetStep>
        <con:targetPath/>
        <con:upgraded>true</con:upgraded>
      </con:transfers>
      <con:transfers setNullOnMissingSource="true" transferTextContent="true" failOnError="true" ignoreEmpty="false" transferToAll="false" entitize="false" transferChildNodes="false">
        <con:name>biIdFile</con:name>
        <con:sourceType>biId1</con:sourceType>
        <con:sourceStep>Given properties for the test steps</con:sourceStep>
        <con:targetType>req_biId</con:targetType>
        <con:targetStep>File process status 1</con:targetStep>
        <con:upgraded>true</con:upgraded>
      </con:transfers>
    </con:config>
  </con:testStep>
  <con:testStep type="calltestcase" name="File process status 1" id="6171ec0e-ef86-4baa-8cc6-e6ed4d7ae361">
    <con:settings/>
    <con:config xsi:type="con:RunTestCaseStep" xmlns:xsi="http://www.w3.org/2001/XMLSchema-instance">
      <con:targetTestCase>db92ed97-71c5-4c47-898f-b848f6fc1e92</con:targetTestCase>
      <con:properties>
        <con:property>
          <con:name>req_biId</con:name>
          <con:value>${#[Test Suite for File Upload#Test Case1 - StockIn#Given properties for the test steps]#biId1}</con:value>
        </con:property>
        <con:property>
          <con:name>res_fileImportStatus</con:name>
          <con:value>300</con:value>
        </con:property>
        <con:property>
          <con:name>res_fileImportStatus2nd</con:name>
          <con:value xsi:nil="true"/>
        </con:property>
        <con:property>
          <con:name>res_status</con:name>
          <con:value>200</con:value>
        </con:property>
        <con:property>
          <con:name>res_errorMessage</con:name>
          <con:value xsi:nil="true"/>
        </con:property>
        <con:property>
          <con:name>req_createdBySalesOrganizationId</con:name>
          <con:value xsi:nil="true"/>
        </con:property>
        <con:property>
          <con:name>req_createdByUserRoleId</con:name>
          <con:value xsi:nil="true"/>
        </con:property>
        <con:property>
          <con:name>req_createdForSalesOrganizationRoleId</con:name>
          <con:value xsi:nil="true"/>
        </con:property>
        <con:property>
          <con:name>res_fileImportStageId</con:name>
          <con:value>662</con:value>
        </con:property>
        <con:property>
          <con:name>res_fileImportStageId2nd</con:name>
          <con:value>663</con:value>
        </con:property>
        <con:property>
          <con:name>res_fileImportStageId3rd</con:name>
          <con:value>664</con:value>
        </con:property>
        <con:property>
          <con:name>res_fileImportStageId4th</con:name>
          <con:value>665</con:value>
        </con:property>
      </con:properties>
      <con:returnProperties>
        <con:entry>res_fileImportStatus</con:entry>
        <con:entry>res_status</con:entry>
        <con:entry>res_errorMessage</con:entry>
        <con:entry>res_fileImportStageId</con:entry>
        <con:entry>res_fileImportStageId2nd</con:entry>
        <con:entry>res_fileImportStageId3rd</con:entry>
        <con:entry>res_fileImportStageId4th</con:entry>
      </con:returnProperties>
      <con:runMode>PARALLELL</con:runMode>
    </con:config>
  </con:testStep>
  <con:testStep type="transfer" name="Property Transfer for detailed file process 1" id="903d10a0-73dc-434d-9550-fa9234e0e80f">
    <con:settings/>
    <con:config xsi:type="con:PropertyTransfersStep" xmlns:xsi="http://www.w3.org/2001/XMLSchema-instance">
      <con:transfers setNullOnMissingSource="true" transferTextContent="true" failOnError="true" ignoreEmpty="false" transferToAll="false" entitize="false" transferChildNodes="false">
        <con:name>stageId</con:name>
        <con:sourceType>res_fileImportStageId</con:sourceType>
        <con:sourceStep>File process status 1</con:sourceStep>
        <con:sourcePath/>
        <con:targetType>req_stageId</con:targetType>
        <con:targetStep>Detailed File Process Status 1</con:targetStep>
        <con:targetPath/>
        <con:upgraded>true</con:upgraded>
      </con:transfers>
      <con:transfers setNullOnMissingSource="true" transferTextContent="true" failOnError="true" ignoreEmpty="false" transferToAll="false" entitize="false" transferChildNodes="false">
        <con:name>biId</con:name>
        <con:sourceType>req_biId</con:sourceType>
        <con:sourceStep>File process status 1</con:sourceStep>
        <con:targetType>req_biId</con:targetType>
        <con:targetStep>Detailed File Process Status 1</con:targetStep>
        <con:upgraded>true</con:upgraded>
      </con:transfers>
      <con:transfers setNullOnMissingSource="true" transferTextContent="true" failOnError="true" ignoreEmpty="false" transferToAll="false" entitize="false" transferChildNodes="false">
        <con:name>stageId_negative</con:name>
        <con:sourceType>res_fileImportStageId2nd</con:sourceType>
        <con:sourceStep>File process status 1</con:sourceStep>
        <con:targetType>req_stageId</con:targetType>
        <con:targetStep>Detailed File Process Status -- negative serial 4</con:targetStep>
        <con:upgraded>true</con:upgraded>
      </con:transfers>
      <con:transfers setNullOnMissingSource="true" transferTextContent="true" failOnError="true" ignoreEmpty="false" transferToAll="false" entitize="false" transferChildNodes="false">
        <con:name>biId_negative</con:name>
        <con:sourceType>biId1</con:sourceType>
        <con:sourceStep>Given properties for the test steps</con:sourceStep>
        <con:targetType>req_biId</con:targetType>
        <con:targetStep>Detailed File Process Status -- negative serial 4</con:targetStep>
        <con:upgraded>true</con:upgraded>
      </con:transfers>
      <con:transfers setNullOnMissingSource="true" transferTextContent="true" failOnError="true" ignoreEmpty="false" transferToAll="false" entitize="false" transferChildNodes="false">
        <con:name>stageId_serialWithCharacter</con:name>
        <con:sourceType>res_fileImportStageId3rd</con:sourceType>
        <con:sourceStep>File process status 1</con:sourceStep>
        <con:targetType>req_stageId</con:targetType>
        <con:targetStep>Detailed File Process Status - serial with character 5</con:targetStep>
        <con:upgraded>true</con:upgraded>
      </con:transfers>
      <con:transfers setNullOnMissingSource="true" transferTextContent="true" failOnError="true" ignoreEmpty="false" transferToAll="false" entitize="false" transferChildNodes="false">
        <con:name>biId_serialWithCharacter</con:name>
        <con:sourceType>biId1</con:sourceType>
        <con:sourceStep>Given properties for the test steps</con:sourceStep>
        <con:targetType>req_biId</con:targetType>
        <con:targetStep>Detailed File Process Status - serial with character 5</con:targetStep>
        <con:upgraded>true</con:upgraded>
      </con:transfers>
      <con:transfers setNullOnMissingSource="true" transferTextContent="true" failOnError="true" ignoreEmpty="false" transferToAll="false" entitize="false" transferChildNodes="false">
        <con:name>stageId_serialOutOfRange</con:name>
        <con:sourceType>res_fileImportStageId4th</con:sourceType>
        <con:sourceStep>File process status 1</con:sourceStep>
        <con:targetType>req_stageId</con:targetType>
        <con:targetStep>Detailed File Process Status - serial_outofrange</con:targetStep>
        <con:upgraded>true</con:upgraded>
      </con:transfers>
      <con:transfers setNullOnMissingSource="true" transferTextContent="true" failOnError="true" ignoreEmpty="false" transferToAll="false" entitize="false" transferChildNodes="false">
        <con:name>biId_serialOutOfRange</con:name>
        <con:sourceType>biId1</con:sourceType>
        <con:sourceStep>Given properties for the test steps</con:sourceStep>
        <con:targetType>req_biId</con:targetType>
        <con:targetStep>Detailed File Process Status - serial_outofrange</con:targetStep>
        <con:upgraded>true</con:upgraded>
      </con:transfers>
    </con:config>
  </con:testStep>
  <con:testStep type="calltestcase" name="Detailed File Process Status 1" id="0b50b6be-2c40-4069-a63d-73fecf4788de">
    <con:settings/>
    <con:config xsi:type="con:RunTestCaseStep" xmlns:xsi="http://www.w3.org/2001/XMLSchema-instance">
      <con:targetTestCase>cbdfb82c-a4b7-4edb-b920-1d909123d144</con:targetTestCase>
      <con:properties>
        <con:property>
          <con:name>req_biId</con:name>
          <con:value>${#[Test Suite for File Upload#Test Case1 - StockIn#Given properties for the test steps]#biId1}</con:value>
        </con:property>
        <con:property>
          <con:name>req_stageId</con:name>
          <con:value>662</con:value>
        </con:property>
        <con:property>
          <con:name>req_soId</con:name>
        </con:property>
        <con:property>
          <con:name>req_userId</con:name>
        </con:property>
        <con:property>
          <con:name>res_status</con:name>
          <con:value>200</con:value>
        </con:property>
        <con:property>
          <con:name>res_errorMessage</con:name>
          <con:value xsi:nil="true"/>
        </con:property>
        <con:property>
          <con:name>res_stageStatus</con:name>
          <con:value>400</con:value>
        </con:property>
        <con:property>
          <con:name>res_stageStatus2nd</con:name>
          <con:value xsi:nil="true"/>
        </con:property>
        <con:property>
          <con:name>res_errorDetails</con:name>
          <con:value>Aggregate item with id 1039 could not be found.</con:value>
        </con:property>
        <con:property>
          <con:name>res_errorDetails2nd</con:name>
          <con:value xsi:nil="true"/>
        </con:property>
      </con:properties>
      <con:returnProperties>
        <con:entry>res_status</con:entry>
        <con:entry>res_errorMessage</con:entry>
        <con:entry>res_stageStatus</con:entry>
        <con:entry>res_stageStatus2nd</con:entry>
        <con:entry>res_errorDetails</con:entry>
        <con:entry>res_errorDetails2nd</con:entry>
      </con:returnProperties>
      <con:runMode>PARALLELL</con:runMode>
    </con:config>
  </con:testStep>
  <con:testStep type="calltestcase" name="Detailed File Process Status -- negative serial 4" id="139b68fa-f282-4ce5-a4ea-5c773f18c51f">
    <con:settings/>
    <con:config xsi:type="con:RunTestCaseStep" xmlns:xsi="http://www.w3.org/2001/XMLSchema-instance">
      <con:targetTestCase>cbdfb82c-a4b7-4edb-b920-1d909123d144</con:targetTestCase>
      <con:properties>
        <con:property>
          <con:name>req_biId</con:name>
          <con:value>${#[Test Suite for File Upload#Test Case1 - StockIn#Given properties for the test steps]#biId1}</con:value>
        </con:property>
        <con:property>
          <con:name>req_stageId</con:name>
          <con:value>663</con:value>
        </con:property>
        <con:property>
          <con:name>req_soId</con:name>
        </con:property>
        <con:property>
          <con:name>req_userId</con:name>
        </con:property>
        <con:property>
          <con:name>res_status</con:name>
          <con:value>200</con:value>
        </con:property>
        <con:property>
          <con:name>res_errorMessage</con:name>
          <con:value xsi:nil="true"/>
        </con:property>
        <con:property>
          <con:name>res_stageStatus</con:name>
          <con:value>400</con:value>
        </con:property>
        <con:property>
          <con:name>res_stageStatus2nd</con:name>
          <con:value xsi:nil="true"/>
        </con:property>
        <con:property>
          <con:name>res_errorDetails</con:name>
          <con:value>Aggregate item with id 1039 could not be found.</con:value>
        </con:property>
        <con:property>
          <con:name>res_errorDetails2nd</con:name>
          <con:value xsi:nil="true"/>
        </con:property>
      </con:properties>
      <con:returnProperties>
        <con:entry>res_status</con:entry>
        <con:entry>res_errorMessage</con:entry>
        <con:entry>res_stageStatus</con:entry>
        <con:entry>res_stageStatus2nd</con:entry>
        <con:entry>res_errorDetails</con:entry>
        <con:entry>res_errorDetails2nd</con:entry>
      </con:returnProperties>
      <con:runMode>PARALLELL</con:runMode>
    </con:config>
  </con:testStep>
  <con:testStep type="calltestcase" name="Detailed File Process Status - serial with character 5" id="ff0601e0-75e4-4a69-8bdd-368bfe219967">
    <con:settings/>
    <con:config xsi:type="con:RunTestCaseStep" xmlns:xsi="http://www.w3.org/2001/XMLSchema-instance">
      <con:targetTestCase>cbdfb82c-a4b7-4edb-b920-1d909123d144</con:targetTestCase>
      <con:properties>
        <con:property>
          <con:name>req_biId</con:name>
          <con:value>${#[Test Suite for File Upload#Test Case1 - StockIn#Given properties for the test steps]#biId1}</con:value>
        </con:property>
        <con:property>
          <con:name>req_stageId</con:name>
          <con:value>664</con:value>
        </con:property>
        <con:property>
          <con:name>req_soId</con:name>
        </con:property>
        <con:property>
          <con:name>req_userId</con:name>
        </con:property>
        <con:property>
          <con:name>res_status</con:name>
          <con:value>200</con:value>
        </con:property>
        <con:property>
          <con:name>res_errorMessage</con:name>
          <con:value xsi:nil="true"/>
        </con:property>
        <con:property>
          <con:name>res_stageStatus</con:name>
          <con:value>400</con:value>
        </con:property>
        <con:property>
          <con:name>res_stageStatus2nd</con:name>
          <con:value xsi:nil="true"/>
        </con:property>
        <con:property>
          <con:name>res_errorDetails</con:name>
          <con:value>Aggregate item with id 1039 could not be found.</con:value>
        </con:property>
        <con:property>
          <con:name>res_errorDetails2nd</con:name>
          <con:value xsi:nil="true"/>
        </con:property>
      </con:properties>
      <con:returnProperties>
        <con:entry>res_status</con:entry>
        <con:entry>res_errorMessage</con:entry>
        <con:entry>res_stageStatus</con:entry>
        <con:entry>res_stageStatus2nd</con:entry>
        <con:entry>res_errorDetails</con:entry>
        <con:entry>res_errorDetails2nd</con:entry>
      </con:returnProperties>
      <con:runMode>PARALLELL</con:runMode>
    </con:config>
  </con:testStep>
  <con:testStep type="calltestcase" name="Detailed File Process Status - serial_outofrange" id="efb3ffe0-930d-46ad-a261-50f9c461a95d">
    <con:settings/>
    <con:config xsi:type="con:RunTestCaseStep" xmlns:xsi="http://www.w3.org/2001/XMLSchema-instance">
      <con:targetTestCase>cbdfb82c-a4b7-4edb-b920-1d909123d144</con:targetTestCase>
      <con:properties>
        <con:property>
          <con:name>req_biId</con:name>
          <con:value>${#[Test Suite for File Upload#Test Case1 - StockIn#Given properties for the test steps]#biId1}</con:value>
        </con:property>
        <con:property>
          <con:name>req_stageId</con:name>
          <con:value>665</con:value>
        </con:property>
        <con:property>
          <con:name>req_soId</con:name>
        </con:property>
        <con:property>
          <con:name>req_userId</con:name>
        </con:property>
        <con:property>
          <con:name>res_status</con:name>
          <con:value>200</con:value>
        </con:property>
        <con:property>
          <con:name>res_errorMessage</con:name>
          <con:value xsi:nil="true"/>
        </con:property>
        <con:property>
          <con:name>res_stageStatus</con:name>
          <con:value>400</con:value>
        </con:property>
        <con:property>
          <con:name>res_stageStatus2nd</con:name>
          <con:value xsi:nil="true"/>
        </con:property>
        <con:property>
          <con:name>res_errorDetails</con:name>
          <con:value>Aggregate item with id 1039 could not be found.</con:value>
        </con:property>
        <con:property>
          <con:name>res_errorDetails2nd</con:name>
          <con:value xsi:nil="true"/>
        </con:property>
      </con:properties>
      <con:returnProperties>
        <con:entry>res_status</con:entry>
        <con:entry>res_errorMessage</con:entry>
        <con:entry>res_stageStatus</con:entry>
        <con:entry>res_stageStatus2nd</con:entry>
        <con:entry>res_errorDetails</con:entry>
        <con:entry>res_errorDetails2nd</con:entry>
      </con:returnProperties>
      <con:runMode>PARALLELL</con:runMode>
    </con:config>
  </con:testStep>
  <con:testStep type="calltestcase" name="Submit stockIn 1" id="feaceae6-c7ae-40e5-a564-b7c0546c10df">
    <con:settings/>
    <con:config xsi:type="con:RunTestCaseStep" xmlns:xsi="http://www.w3.org/2001/XMLSchema-instance">
      <con:targetTestCase>56922495-462d-40b3-b5c9-0eaea60d8504</con:targetTestCase>
      <con:properties>
        <con:property>
          <con:name>res_code</con:name>
          <con:value>200</con:value>
        </con:property>
        <con:property>
          <con:name>req_biId</con:name>
          <con:value>${#[Test Suite for File Upload#Test Case1 - StockIn#Given properties for the test steps]#biId1}</con:value>
        </con:property>
      </con:properties>
      <con:returnProperties>
        <con:entry>res_code</con:entry>
      </con:returnProperties>
      <con:runMode>PARALLELL</con:runMode>
    </con:config>
  </con:testStep>
  <con:testStep type="assertionteststep" name="Assertion submit stockIn 1" id="766d84de-525f-4fbf-9344-80555032cd94">
    <con:settings/>
    <con:config xsi:type="con:AssertionTestStep" xmlns:xsi="http://www.w3.org/2001/XMLSchema-instance">
      <con:entry>
        <con:id>df9106fc-8fe0-4bb7-a357-a614ea361daf</con:id>
        <con:isGroup>false</con:isGroup>
        <con:sourceId>feaceae6-c7ae-40e5-a564-b7c0546c10df</con:sourceId>
        <con:propertyName>res_code</con:propertyName>
        <con:assertion type="Simple Equals" name="Equals" id="0e34f7b7-57d7-4ca9-ab0c-73900146630e">
          <con:configuration>
            <patternText>200</patternText>
            <caseSensitive>true</caseSensitive>
          </con:configuration>
        </con:assertion>
      </con:entry>
    </con:config>
  </con:testStep>
  <con:testStep type="transfer" name="Property Transfer biId1" id="8f144374-b54a-4b94-9335-4884fddb61e4">
    <con:settings/>
    <con:config xsi:type="con:PropertyTransfersStep" xmlns:xsi="http://www.w3.org/2001/XMLSchema-instance">
      <con:transfers setNullOnMissingSource="true" transferTextContent="true" failOnError="true" ignoreEmpty="false" transferToAll="false" entitize="false" transferChildNodes="false">
        <con:name>biId</con:name>
        <con:sourceType>biId1</con:sourceType>
        <con:sourceStep>Given properties for the test steps</con:sourceStep>
        <con:sourcePath/>
        <con:targetType>req_biId</con:targetType>
        <con:targetStep>Display stockIn bi</con:targetStep>
        <con:targetPath/>
        <con:upgraded>true</con:upgraded>
      </con:transfers>
    </con:config>
  </con:testStep>
  <con:testStep type="calltestcase" name="Display stockIn bi" id="8912a3d8-c092-47b8-810a-beb6b4d6698b">
    <con:settings/>
    <con:config xsi:type="con:RunTestCaseStep" xmlns:xsi="http://www.w3.org/2001/XMLSchema-instance">
      <con:targetTestCase>23c105c1-e15f-4ce4-8f04-c5a3f5541b68</con:targetTestCase>
      <con:properties>
        <con:property>
          <con:name>req_biId</con:name>
          <con:value>${#[Test Suite for File Upload#Test Case1 - StockIn#Given properties for the test steps]#biId1}</con:value>
        </con:property>
        <con:property>
          <con:name>res_stockInBI</con:name>
          <con:value>{"businessInteractionType":1,"code":"STI-14001","description":"Stock In at [name-so-455aaa9f-210d-42ac-b27c-fa057bb93d93] by [John Smith]","mainState":"Ongoing","state":"ProductAssignment","createdDate":"2018-03-13T12:18:28.829Z","preventUpdateFromOtherSystem":false,"id":"14001"}</con:value>
        </con:property>
        <con:property>
          <con:name>res_biId</con:name>
          <con:value>14001</con:value>
        </con:property>
        <con:property>
          <con:name>res_state</con:name>
          <con:value>ProductAssignment</con:value>
        </con:property>
        <con:property>
          <con:name>res_mainState</con:name>
          <con:value>Ongoing</con:value>
        </con:property>
        <con:property>
          <con:name>res_errorMessage</con:name>
        </con:property>
        <con:property>
          <con:name>res_httpStatusCode</con:name>
        </con:property>
      </con:properties>
      <con:returnProperties>
        <con:entry>res_stockInBI</con:entry>
        <con:entry>res_biId</con:entry>
        <con:entry>res_state</con:entry>
        <con:entry>res_mainState</con:entry>
      </con:returnProperties>
      <con:runMode>PARALLELL</con:runMode>
    </con:config>
  </con:testStep>
  <con:testStep type="assertionteststep" name="Assertion Display stockIn bi" id="f9334aa3-d002-4771-8c52-43e5f3b50ec5">
    <con:settings/>
    <con:config xsi:type="con:AssertionTestStep" xmlns:xsi="http://www.w3.org/2001/XMLSchema-instance">
      <con:entry>
        <con:id>db1ad447-933a-49a0-9758-f36080a1dfae</con:id>
        <con:isGroup>false</con:isGroup>
        <con:sourceId>8912a3d8-c092-47b8-810a-beb6b4d6698b</con:sourceId>
        <con:propertyName>res_state</con:propertyName>
        <con:assertion type="Simple Equals" name="Equals" id="ce3f0b20-fc8b-400b-8171-031dce33eed3">
          <con:configuration>
            <patternText>ProductAssignment</patternText>
            <caseSensitive>true</caseSensitive>
          </con:configuration>
        </con:assertion>
      </con:entry>
      <con:entry>
        <con:id>39b3b163-2c2d-443c-96ae-5505992118a8</con:id>
        <con:isGroup>false</con:isGroup>
        <con:sourceId>8912a3d8-c092-47b8-810a-beb6b4d6698b</con:sourceId>
        <con:propertyName>res_mainState</con:propertyName>
        <con:assertion type="Simple Equals" name="Equals 2" id="a918797f-412a-453b-8a1a-928e49410b5f">
          <con:configuration>
            <patternText>Ongoing</patternText>
            <caseSensitive>true</caseSensitive>
          </con:configuration>
        </con:assertion>
      </con:entry>
    </con:config>
  </con:testStep>
  <con:testStep type="transfer" name="Set display product" id="287dd2ea-7775-4ce0-9b0e-f6db1e77e013">
    <con:settings/>
    <con:config xsi:type="con:PropertyTransfersStep" xmlns:xsi="http://www.w3.org/2001/XMLSchema-instance">
      <con:transfers setNullOnMissingSource="true" transferTextContent="true" failOnError="true" ignoreEmpty="false" transferToAll="false" entitize="false" transferChildNodes="false">
        <con:name>productSpecExtId</con:name>
        <con:sourceType>serializedProductSpecExtId</con:sourceType>
        <con:sourceStep>Given properties for the test steps</con:sourceStep>
        <con:sourcePath/>
        <con:targetType>req_prodSpecExtId</con:targetType>
        <con:targetStep>Display product</con:targetStep>
        <con:targetPath/>
        <con:upgraded>true</con:upgraded>
      </con:transfers>
      <con:transfers setNullOnMissingSource="true" transferTextContent="true" failOnError="true" ignoreEmpty="false" transferToAll="false" entitize="false" transferChildNodes="false">
        <con:name>startSerial</con:name>
        <con:sourceType>startSerial</con:sourceType>
        <con:sourceStep>Given properties for the test steps</con:sourceStep>
        <con:targetType>req_productSerialNumber</con:targetType>
        <con:targetStep>Display product</con:targetStep>
        <con:upgraded>true</con:upgraded>
      </con:transfers>
      <con:transfers setNullOnMissingSource="true" transferTextContent="true" failOnError="true" ignoreEmpty="false" transferToAll="false" entitize="false" transferChildNodes="false">
        <con:name>soId</con:name>
        <con:sourceType>null</con:sourceType>
        <con:sourceStep>Given properties for the test steps</con:sourceStep>
        <con:targetType>UserSo</con:targetType>
        <con:targetStep>#Project#</con:targetStep>
        <con:upgraded>true</con:upgraded>
      </con:transfers>
    </con:config>
  </con:testStep>
  <con:testStep type="calltestcase" name="Display product" id="a89fcb6f-f39e-4ad5-9f82-7c8cc6dc1c3c">
    <con:settings/>
    <con:config xsi:type="con:RunTestCaseStep" xmlns:xsi="http://www.w3.org/2001/XMLSchema-instance">
      <con:targetTestCase>ff39403d-fc07-4856-b846-7d260e2ccf9a</con:targetTestCase>
      <con:properties>
        <con:property>
          <con:name>req_productSerialNumber</con:name>
          <con:value>${#[Test Suite for File Upload#Test Case1 - StockIn#Given properties for the test steps]#startSerial}</con:value>
        </con:property>
        <con:property>
          <con:name>res_code</con:name>
          <con:value>200</con:value>
        </con:property>
        <con:property>
          <con:name>res_errorMessage</con:name>
          <con:value xsi:nil="true"/>
        </con:property>
        <con:property>
          <con:name>req_prodSpecExtId</con:name>
          <con:value>EXT-IPHONE6S-1</con:value>
        </con:property>
        <con:property>
          <con:name>res_productId</con:name>
          <con:value xsi:nil="true"/>
        </con:property>
        <con:property>
          <con:name>res_status</con:name>
          <con:value xsi:nil="true"/>
        </con:property>
        <con:property>
          <con:name>res_quantity</con:name>
          <con:value xsi:nil="true"/>
        </con:property>
        <con:property>
          <con:name>res_startSerial</con:name>
          <con:value xsi:nil="true"/>
        </con:property>
        <con:property>
          <con:name>res_charExtId1</con:name>
          <con:value xsi:nil="true"/>
        </con:property>
        <con:property>
          <con:name>res_charExtId2</con:name>
          <con:value xsi:nil="true"/>
        </con:property>
        <con:property>
          <con:name>res_charExtId3</con:name>
          <con:value xsi:nil="true"/>
        </con:property>
        <con:property>
          <con:name>res_charValueExtId1</con:name>
          <con:value xsi:nil="true"/>
        </con:property>
        <con:property>
          <con:name>res_charValueExtId2</con:name>
          <con:value xsi:nil="true"/>
        </con:property>
        <con:property>
          <con:name>res_charValueExtId3</con:name>
          <con:value xsi:nil="true"/>
        </con:property>
        <con:property>
          <con:name>res_serializedCharExtId</con:name>
          <con:value xsi:nil="true"/>
        </con:property>
        <con:property>
          <con:name>res_serializedCharValue</con:name>
          <con:value xsi:nil="true"/>
        </con:property>
        <con:property>
          <con:name>res_batchId</con:name>
        </con:property>
      </con:properties>
      <con:returnProperties>
        <con:entry>res_code</con:entry>
        <con:entry>res_errorMessage</con:entry>
        <con:entry>res_productId</con:entry>
        <con:entry>res_status</con:entry>
        <con:entry>res_quantity</con:entry>
        <con:entry>res_startSerial</con:entry>
        <con:entry>res_charExtId1</con:entry>
        <con:entry>res_charExtId2</con:entry>
        <con:entry>res_charExtId3</con:entry>
        <con:entry>res_charValueExtId1</con:entry>
        <con:entry>res_charValueExtId2</con:entry>
        <con:entry>res_charValueExtId3</con:entry>
        <con:entry>res_serializedCharExtId</con:entry>
        <con:entry>res_serializedCharValue</con:entry>
      </con:returnProperties>
      <con:runMode>PARALLELL</con:runMode>
    </con:config>
  </con:testStep>
  <con:testStep type="assertionteststep" name="Assertion display product" id="26e6b872-a130-4d60-a87a-b920449c1975">
    <con:settings/>
    <con:config xsi:type="con:AssertionTestStep" xmlns:xsi="http://www.w3.org/2001/XMLSchema-instance">
      <con:entry>
        <con:id>fcf2a5d3-2fbd-45b1-a338-2240bce633b1</con:id>
        <con:isGroup>false</con:isGroup>
        <con:sourceId>a89fcb6f-f39e-4ad5-9f82-7c8cc6dc1c3c</con:sourceId>
        <con:propertyName>res_code</con:propertyName>
        <con:assertion type="Simple Equals" name="Equals" id="c4ff561d-bb43-459c-a666-bd4f2b0ab83a">
          <con:configuration>
            <patternText>200</patternText>
            <caseSensitive>true</caseSensitive>
          </con:configuration>
        </con:assertion>
      </con:entry>
      <con:entry>
        <con:id>474bab79-c9b0-443d-82de-a9281baedfaf</con:id>
        <con:isGroup>false</con:isGroup>
        <con:sourceId>a89fcb6f-f39e-4ad5-9f82-7c8cc6dc1c3c</con:sourceId>
        <con:propertyName>res_status</con:propertyName>
        <con:assertion type="Simple Contains" name="Contains" id="5a45b27b-22c8-4f4a-af16-f9b03440d242">
          <con:configuration>
            <token>^\s*$</token>
            <ignoreCase>false</ignoreCase>
            <useRegEx>true</useRegEx>
          </con:configuration>
        </con:assertion>
      </con:entry>
      <con:entry>
        <con:id>f90aabb3-d0ea-4208-974a-fd42de643998</con:id>
        <con:isGroup>false</con:isGroup>
        <con:sourceId>a89fcb6f-f39e-4ad5-9f82-7c8cc6dc1c3c</con:sourceId>
        <con:propertyName>res_charExtId1</con:propertyName>
        <con:assertion type="Simple Contains" name="Contains 2" id="eb3a703f-d80a-4640-bfe0-1460d52863d4">
          <con:configuration>
            <token>^\s*$</token>
            <ignoreCase>false</ignoreCase>
            <useRegEx>true</useRegEx>
          </con:configuration>
        </con:assertion>
      </con:entry>
    </con:config>
  </con:testStep>
  <con:testStep type="transfer" name="Set display product - negative serial 4" id="5ba17a37-e8bb-4269-af75-5f2a236c3742">
    <con:settings/>
    <con:config xsi:type="con:PropertyTransfersStep" xmlns:xsi="http://www.w3.org/2001/XMLSchema-instance">
      <con:transfers setNullOnMissingSource="true" transferTextContent="true" failOnError="true" ignoreEmpty="false" transferToAll="false" entitize="false" transferChildNodes="false">
        <con:name>productSpecExtId</con:name>
        <con:sourceType>serializedProductSpecExtId</con:sourceType>
        <con:sourceStep>Given properties for the test steps</con:sourceStep>
        <con:sourcePath/>
        <con:targetType>req_prodSpecExtId</con:targetType>
        <con:targetStep>Display product - negative serial 4</con:targetStep>
        <con:targetPath/>
        <con:upgraded>true</con:upgraded>
      </con:transfers>
      <con:transfers setNullOnMissingSource="true" transferTextContent="true" failOnError="true" ignoreEmpty="false" transferToAll="false" entitize="false" transferChildNodes="false">
        <con:name>startSerial</con:name>
        <con:sourceType>negative</con:sourceType>
        <con:sourceStep>Given properties for the test steps</con:sourceStep>
        <con:targetType>req_productSerialNumber</con:targetType>
        <con:targetStep>Display product - negative serial 4</con:targetStep>
        <con:upgraded>true</con:upgraded>
      </con:transfers>
      <con:transfers setNullOnMissingSource="true" transferTextContent="true" failOnError="true" ignoreEmpty="false" transferToAll="false" entitize="false" transferChildNodes="false">
        <con:name>soId</con:name>
        <con:sourceType>null</con:sourceType>
        <con:sourceStep>Given properties for the test steps</con:sourceStep>
        <con:targetType>UserSo</con:targetType>
        <con:targetStep>#Project#</con:targetStep>
        <con:upgraded>true</con:upgraded>
      </con:transfers>
    </con:config>
  </con:testStep>
  <con:testStep type="calltestcase" name="Display product - negative serial 4" id="f6bb4c43-67db-4a79-bbc6-3868293ac3ce">
    <con:settings/>
    <con:config xsi:type="con:RunTestCaseStep" xmlns:xsi="http://www.w3.org/2001/XMLSchema-instance">
      <con:targetTestCase>ff39403d-fc07-4856-b846-7d260e2ccf9a</con:targetTestCase>
      <con:properties>
        <con:property>
          <con:name>req_productSerialNumber</con:name>
          <con:value>${#[Test Suite for File Upload#Test Case1 - StockIn#Given properties for the test steps]#negative}</con:value>
        </con:property>
        <con:property>
          <con:name>res_code</con:name>
          <con:value>200</con:value>
        </con:property>
        <con:property>
          <con:name>res_errorMessage</con:name>
          <con:value xsi:nil="true"/>
        </con:property>
        <con:property>
          <con:name>req_prodSpecExtId</con:name>
          <con:value>EXT-IPHONE6S-1</con:value>
        </con:property>
        <con:property>
          <con:name>res_productId</con:name>
          <con:value xsi:nil="true"/>
        </con:property>
        <con:property>
          <con:name>res_status</con:name>
          <con:value xsi:nil="true"/>
        </con:property>
        <con:property>
          <con:name>res_quantity</con:name>
          <con:value xsi:nil="true"/>
        </con:property>
        <con:property>
          <con:name>res_startSerial</con:name>
          <con:value xsi:nil="true"/>
        </con:property>
        <con:property>
          <con:name>res_charExtId1</con:name>
          <con:value xsi:nil="true"/>
        </con:property>
        <con:property>
          <con:name>res_charExtId2</con:name>
          <con:value xsi:nil="true"/>
        </con:property>
        <con:property>
          <con:name>res_charExtId3</con:name>
          <con:value xsi:nil="true"/>
        </con:property>
        <con:property>
          <con:name>res_charValueExtId1</con:name>
          <con:value xsi:nil="true"/>
        </con:property>
        <con:property>
          <con:name>res_charValueExtId2</con:name>
          <con:value xsi:nil="true"/>
        </con:property>
        <con:property>
          <con:name>res_charValueExtId3</con:name>
          <con:value xsi:nil="true"/>
        </con:property>
        <con:property>
          <con:name>res_serializedCharExtId</con:name>
          <con:value xsi:nil="true"/>
        </con:property>
        <con:property>
          <con:name>res_serializedCharValue</con:name>
          <con:value xsi:nil="true"/>
        </con:property>
        <con:property>
          <con:name>res_batchId</con:name>
        </con:property>
      </con:properties>
      <con:returnProperties>
        <con:entry>res_code</con:entry>
        <con:entry>res_errorMessage</con:entry>
        <con:entry>res_productId</con:entry>
        <con:entry>res_status</con:entry>
        <con:entry>res_quantity</con:entry>
        <con:entry>res_startSerial</con:entry>
        <con:entry>res_charExtId1</con:entry>
        <con:entry>res_charExtId2</con:entry>
        <con:entry>res_charExtId3</con:entry>
        <con:entry>res_charValueExtId1</con:entry>
        <con:entry>res_charValueExtId2</con:entry>
        <con:entry>res_charValueExtId3</con:entry>
        <con:entry>res_serializedCharExtId</con:entry>
        <con:entry>res_serializedCharValue</con:entry>
      </con:returnProperties>
      <con:runMode>PARALLELL</con:runMode>
    </con:config>
  </con:testStep>
  <con:testStep type="assertionteststep" name="Assertion display product - negative serial 4" id="cbbfedbb-0377-4f0f-b013-5b77813837a1">
    <con:settings/>
    <con:config xsi:type="con:AssertionTestStep" xmlns:xsi="http://www.w3.org/2001/XMLSchema-instance">
      <con:entry>
        <con:id>3986f82f-53b8-45ab-849d-c3c5c15c16f7</con:id>
        <con:isGroup>false</con:isGroup>
        <con:sourceId>a89fcb6f-f39e-4ad5-9f82-7c8cc6dc1c3c</con:sourceId>
        <con:propertyName>res_code</con:propertyName>
        <con:assertion type="Simple Equals" name="Equals" id="53c443bb-8d25-4ee0-97d9-fbde0378a448">
          <con:configuration>
            <patternText>200</patternText>
            <caseSensitive>true</caseSensitive>
          </con:configuration>
        </con:assertion>
      </con:entry>
      <con:entry>
        <con:id>7f0a7553-1e13-4222-9e9f-bb4be1e61813</con:id>
        <con:isGroup>false</con:isGroup>
        <con:sourceId>a89fcb6f-f39e-4ad5-9f82-7c8cc6dc1c3c</con:sourceId>
        <con:propertyName>res_status</con:propertyName>
        <con:assertion type="Simple Contains" name="Contains" id="8a7c9b77-262a-4b50-bc40-b5d13ad0bb5e">
          <con:configuration>
            <token>^\s*$</token>
            <ignoreCase>false</ignoreCase>
            <useRegEx>true</useRegEx>
          </con:configuration>
        </con:assertion>
      </con:entry>
      <con:entry>
        <con:id>35b3bc8e-6c84-4e80-9c70-575db22f1926</con:id>
        <con:isGroup>false</con:isGroup>
        <con:sourceId>a89fcb6f-f39e-4ad5-9f82-7c8cc6dc1c3c</con:sourceId>
        <con:propertyName>res_charExtId1</con:propertyName>
        <con:assertion type="Simple Contains" name="Contains 2" id="5ae0bdc8-2b35-496a-9f6c-19e0f6d2b801">
          <con:configuration>
            <token>^\s*$</token>
            <ignoreCase>false</ignoreCase>
            <useRegEx>true</useRegEx>
          </con:configuration>
        </con:assertion>
      </con:entry>
    </con:config>
  </con:testStep>
  <con:testStep type="transfer" name="Set display product - serial with character 5" id="733bf664-5fc6-43dd-bb70-beaba2fc6696">
    <con:settings/>
    <con:config xsi:type="con:PropertyTransfersStep" xmlns:xsi="http://www.w3.org/2001/XMLSchema-instance">
      <con:transfers setNullOnMissingSource="true" transferTextContent="true" failOnError="true" ignoreEmpty="false" transferToAll="false" entitize="false" transferChildNodes="false">
        <con:name>productSpecExtId</con:name>
        <con:sourceType>serializedProductSpecExtId</con:sourceType>
        <con:sourceStep>Given properties for the test steps</con:sourceStep>
        <con:sourcePath/>
        <con:targetType>req_prodSpecExtId</con:targetType>
        <con:targetStep>Display product - serial with character 5</con:targetStep>
        <con:targetPath/>
        <con:upgraded>true</con:upgraded>
      </con:transfers>
      <con:transfers setNullOnMissingSource="true" transferTextContent="true" failOnError="true" ignoreEmpty="false" transferToAll="false" entitize="false" transferChildNodes="false">
        <con:name>startSerial</con:name>
        <con:sourceType>serialWithACharacter</con:sourceType>
        <con:sourceStep>Given properties for the test steps</con:sourceStep>
        <con:targetType>req_productSerialNumber</con:targetType>
        <con:targetStep>Display product - serial with character 5</con:targetStep>
        <con:upgraded>true</con:upgraded>
      </con:transfers>
      <con:transfers setNullOnMissingSource="true" transferTextContent="true" failOnError="true" ignoreEmpty="false" transferToAll="false" entitize="false" transferChildNodes="false">
        <con:name>soId</con:name>
        <con:sourceType>null</con:sourceType>
        <con:sourceStep>Given properties for the test steps</con:sourceStep>
        <con:targetType>UserSo</con:targetType>
        <con:targetStep>#Project#</con:targetStep>
        <con:upgraded>true</con:upgraded>
      </con:transfers>
    </con:config>
  </con:testStep>
  <con:testStep type="calltestcase" name="Display product - serial with character 5" id="692b86ca-95ad-4696-b9ca-ef389563c0c5">
    <con:settings/>
    <con:config xsi:type="con:RunTestCaseStep" xmlns:xsi="http://www.w3.org/2001/XMLSchema-instance">
      <con:targetTestCase>ff39403d-fc07-4856-b846-7d260e2ccf9a</con:targetTestCase>
      <con:properties>
        <con:property>
          <con:name>req_productSerialNumber</con:name>
          <con:value>${#[Test Suite for File Upload#Test Case1 - StockIn#Given properties for the test steps]#serialWithACharacter}</con:value>
        </con:property>
        <con:property>
          <con:name>res_code</con:name>
          <con:value>400</con:value>
        </con:property>
        <con:property>
          <con:name>res_errorMessage</con:name>
          <con:value>SERIAL_IS_NOT_VALID_FOR_SERIALIZED_PRODUCTS</con:value>
        </con:property>
        <con:property>
          <con:name>req_prodSpecExtId</con:name>
          <con:value>EXT-IPHONE6S-1</con:value>
        </con:property>
        <con:property>
          <con:name>res_productId</con:name>
          <con:value xsi:nil="true"/>
        </con:property>
        <con:property>
          <con:name>res_status</con:name>
          <con:value xsi:nil="true"/>
        </con:property>
        <con:property>
          <con:name>res_quantity</con:name>
          <con:value xsi:nil="true"/>
        </con:property>
        <con:property>
          <con:name>res_startSerial</con:name>
          <con:value xsi:nil="true"/>
        </con:property>
        <con:property>
          <con:name>res_charExtId1</con:name>
          <con:value xsi:nil="true"/>
        </con:property>
        <con:property>
          <con:name>res_charExtId2</con:name>
          <con:value xsi:nil="true"/>
        </con:property>
        <con:property>
          <con:name>res_charExtId3</con:name>
          <con:value xsi:nil="true"/>
        </con:property>
        <con:property>
          <con:name>res_charValueExtId1</con:name>
          <con:value xsi:nil="true"/>
        </con:property>
        <con:property>
          <con:name>res_charValueExtId2</con:name>
          <con:value xsi:nil="true"/>
        </con:property>
        <con:property>
          <con:name>res_charValueExtId3</con:name>
          <con:value xsi:nil="true"/>
        </con:property>
        <con:property>
          <con:name>res_serializedCharExtId</con:name>
          <con:value xsi:nil="true"/>
        </con:property>
        <con:property>
          <con:name>res_serializedCharValue</con:name>
          <con:value xsi:nil="true"/>
        </con:property>
        <con:property>
          <con:name>res_batchId</con:name>
        </con:property>
      </con:properties>
      <con:returnProperties>
        <con:entry>res_code</con:entry>
        <con:entry>res_errorMessage</con:entry>
        <con:entry>res_productId</con:entry>
        <con:entry>res_status</con:entry>
        <con:entry>res_quantity</con:entry>
        <con:entry>res_startSerial</con:entry>
        <con:entry>res_charExtId1</con:entry>
        <con:entry>res_charExtId2</con:entry>
        <con:entry>res_charExtId3</con:entry>
        <con:entry>res_charValueExtId1</con:entry>
        <con:entry>res_charValueExtId2</con:entry>
        <con:entry>res_charValueExtId3</con:entry>
        <con:entry>res_serializedCharExtId</con:entry>
        <con:entry>res_serializedCharValue</con:entry>
        <con:entry>res_textCode</con:entry>
      </con:returnProperties>
      <con:runMode>PARALLELL</con:runMode>
    </con:config>
  </con:testStep>
  <con:testStep type="assertionteststep" name="Assertion display product - serial with character 5" id="defae99e-3667-412f-8716-4b125e0b1920">
    <con:settings/>
    <con:config xsi:type="con:AssertionTestStep" xmlns:xsi="http://www.w3.org/2001/XMLSchema-instance">
      <con:entry>
        <con:id>d4a4cc47-056f-4b0d-b198-92a17ad32f6b</con:id>
        <con:isGroup>false</con:isGroup>
        <con:sourceId>692b86ca-95ad-4696-b9ca-ef389563c0c5</con:sourceId>
        <con:propertyName>res_code</con:propertyName>
        <con:assertion type="Simple Equals" name="Equals" id="ca432648-7d9f-41ce-8464-81580a3cef7a">
          <con:configuration>
            <patternText>400</patternText>
            <caseSensitive>true</caseSensitive>
          </con:configuration>
        </con:assertion>
      </con:entry>
      <con:entry>
        <con:id>19a7f46c-dc51-4063-a387-8fc014f81677</con:id>
        <con:isGroup>false</con:isGroup>
        <con:sourceId>692b86ca-95ad-4696-b9ca-ef389563c0c5</con:sourceId>
        <con:propertyName>res_errorMessage</con:propertyName>
        <con:assertion type="Simple Equals" name="Equals 2" id="4d990cf6-cb0c-4b79-881c-a7ebed3612bd">
          <con:configuration>
            <patternText>SERIAL_IS_NOT_VALID_FOR_SERIALIZED_PRODUCTS</patternText>
            <caseSensitive>true</caseSensitive>
          </con:configuration>
        </con:assertion>
      </con:entry>
    </con:config>
  </con:testStep>
  <con:testStep type="transfer" name="Set display product - serial_outofrange" id="664286b0-b180-4496-ad7e-e85d423032ed">
    <con:settings/>
    <con:config xsi:type="con:PropertyTransfersStep" xmlns:xsi="http://www.w3.org/2001/XMLSchema-instance">
      <con:transfers setNullOnMissingSource="true" transferTextContent="true" failOnError="true" ignoreEmpty="false" transferToAll="false" entitize="false" transferChildNodes="false">
        <con:name>productSpecExtId</con:name>
        <con:sourceType>serializedProductSpecExtId</con:sourceType>
        <con:sourceStep>Given properties for the test steps</con:sourceStep>
        <con:sourcePath/>
        <con:targetType>req_prodSpecExtId</con:targetType>
        <con:targetStep>Display product - serial_outofrange</con:targetStep>
        <con:targetPath/>
        <con:upgraded>true</con:upgraded>
      </con:transfers>
      <con:transfers setNullOnMissingSource="true" transferTextContent="true" failOnError="true" ignoreEmpty="false" transferToAll="false" entitize="false" transferChildNodes="false">
        <con:name>startSerial</con:name>
        <con:sourceType>startSerial_outofrange</con:sourceType>
        <con:sourceStep>Given properties for the test steps</con:sourceStep>
        <con:targetType>req_productSerialNumber</con:targetType>
        <con:targetStep>Display product - serial_outofrange</con:targetStep>
        <con:upgraded>true</con:upgraded>
      </con:transfers>
      <con:transfers setNullOnMissingSource="true" transferTextContent="true" failOnError="true" ignoreEmpty="false" transferToAll="false" entitize="false" transferChildNodes="false">
        <con:name>soId</con:name>
        <con:sourceType>null</con:sourceType>
        <con:sourceStep>Given properties for the test steps</con:sourceStep>
        <con:targetType>UserSo</con:targetType>
        <con:targetStep>#Project#</con:targetStep>
        <con:upgraded>true</con:upgraded>
      </con:transfers>
    </con:config>
  </con:testStep>
  <con:testStep type="calltestcase" name="Display product - serial_outofrange" id="75263f80-5aa2-4d89-a8e7-bb80c78fc28d">
    <con:settings/>
    <con:config xsi:type="con:RunTestCaseStep" xmlns:xsi="http://www.w3.org/2001/XMLSchema-instance">
      <con:targetTestCase>ff39403d-fc07-4856-b846-7d260e2ccf9a</con:targetTestCase>
      <con:properties>
        <con:property>
          <con:name>req_productSerialNumber</con:name>
          <con:value>${#[Test Suite for File Upload#Test Case1 - StockIn#Given properties for the test steps]#startSerial_outofrange}</con:value>
        </con:property>
        <con:property>
          <con:name>res_code</con:name>
          <con:value>200</con:value>
        </con:property>
        <con:property>
          <con:name>res_errorMessage</con:name>
          <con:value xsi:nil="true"/>
        </con:property>
        <con:property>
          <con:name>req_prodSpecExtId</con:name>
          <con:value>EXT-IPHONE6S-1</con:value>
        </con:property>
        <con:property>
          <con:name>res_productId</con:name>
          <con:value xsi:nil="true"/>
        </con:property>
        <con:property>
          <con:name>res_status</con:name>
          <con:value xsi:nil="true"/>
        </con:property>
        <con:property>
          <con:name>res_quantity</con:name>
          <con:value xsi:nil="true"/>
        </con:property>
        <con:property>
          <con:name>res_startSerial</con:name>
          <con:value xsi:nil="true"/>
        </con:property>
        <con:property>
          <con:name>res_charExtId1</con:name>
          <con:value xsi:nil="true"/>
        </con:property>
        <con:property>
          <con:name>res_charExtId2</con:name>
          <con:value xsi:nil="true"/>
        </con:property>
        <con:property>
          <con:name>res_charExtId3</con:name>
          <con:value xsi:nil="true"/>
        </con:property>
        <con:property>
          <con:name>res_charValueExtId1</con:name>
          <con:value xsi:nil="true"/>
        </con:property>
        <con:property>
          <con:name>res_charValueExtId2</con:name>
          <con:value xsi:nil="true"/>
        </con:property>
        <con:property>
          <con:name>res_charValueExtId3</con:name>
          <con:value xsi:nil="true"/>
        </con:property>
        <con:property>
          <con:name>res_serializedCharExtId</con:name>
          <con:value xsi:nil="true"/>
        </con:property>
        <con:property>
          <con:name>res_serializedCharValue</con:name>
          <con:value xsi:nil="true"/>
        </con:property>
        <con:property>
          <con:name>res_batchId</con:name>
        </con:property>
      </con:properties>
      <con:returnProperties>
        <con:entry>res_code</con:entry>
        <con:entry>res_errorMessage</con:entry>
        <con:entry>res_productId</con:entry>
        <con:entry>res_status</con:entry>
        <con:entry>res_quantity</con:entry>
        <con:entry>res_startSerial</con:entry>
        <con:entry>res_charExtId1</con:entry>
        <con:entry>res_charExtId2</con:entry>
        <con:entry>res_charExtId3</con:entry>
        <con:entry>res_charValueExtId1</con:entry>
        <con:entry>res_charValueExtId2</con:entry>
        <con:entry>res_charValueExtId3</con:entry>
        <con:entry>res_serializedCharExtId</con:entry>
        <con:entry>res_serializedCharValue</con:entry>
      </con:returnProperties>
      <con:runMode>PARALLELL</con:runMode>
    </con:config>
  </con:testStep>
  <con:testStep type="assertionteststep" name="Assertion display product - serial_outofrange" id="7721040a-68e0-424a-8fc1-ec17129a1bb8">
    <con:settings/>
    <con:config xsi:type="con:AssertionTestStep" xmlns:xsi="http://www.w3.org/2001/XMLSchema-instance">
      <con:entry>
        <con:id>e171f6bd-f27a-49b2-9c75-853e94e0ebc0</con:id>
        <con:isGroup>false</con:isGroup>
        <con:sourceId>75263f80-5aa2-4d89-a8e7-bb80c78fc28d</con:sourceId>
        <con:propertyName>res_code</con:propertyName>
        <con:assertion type="Simple Equals" name="Equals 2" id="331785b7-cb0e-40e1-8b47-dc6211e30f0b">
          <con:configuration>
            <patternText>200</patternText>
            <caseSensitive>true</caseSensitive>
          </con:configuration>
        </con:assertion>
      </con:entry>
      <con:entry>
        <con:id>0b791f41-18db-4f9a-b912-d5812522c796</con:id>
        <con:isGroup>false</con:isGroup>
        <con:sourceId>75263f80-5aa2-4d89-a8e7-bb80c78fc28d</con:sourceId>
        <con:propertyName>res_status</con:propertyName>
        <con:assertion type="Simple Contains" name="Contains 3" id="117e5341-7ada-4e84-b13d-c7db789fa21f">
          <con:configuration>
            <token>^\s*$</token>
            <ignoreCase>false</ignoreCase>
            <useRegEx>true</useRegEx>
          </con:configuration>
        </con:assertion>
      </con:entry>
      <con:entry>
        <con:id>178a04ef-fea5-445d-908d-9a74495ea72e</con:id>
        <con:isGroup>false</con:isGroup>
        <con:sourceId>75263f80-5aa2-4d89-a8e7-bb80c78fc28d</con:sourceId>
        <con:propertyName>res_charExtId1</con:propertyName>
        <con:assertion type="Simple Contains" name="Contains" id="928d9c61-e198-4f06-a343-840a64f2fdf4">
          <con:configuration>
            <token>^\s*$</token>
            <ignoreCase>false</ignoreCase>
            <useRegEx>true</useRegEx>
          </con:configuration>
        </con:assertion>
      </con:entry>
    </con:config>
  </con:testStep>
  <con:testStep type="manualTestStep" name="---------------------------------" id="7bc71059-2b90-4f38-a250-57a4477322e8" disabled="true">
    <con:settings/>
    <con:config xsi:type="con:ManualTestStep" xmlns:xsi="http://www.w3.org/2001/XMLSchema-instance"/>
  </con:testStep>
  <con:testStep type="transfer" name="Property  biId2" id="386d1fb2-c828-41f5-a6db-a1c4748eef98">
    <con:settings/>
    <con:config xsi:type="con:PropertyTransfersStep" xmlns:xsi="http://www.w3.org/2001/XMLSchema-instance">
      <con:transfers setNullOnMissingSource="true" transferTextContent="true" failOnError="true" ignoreEmpty="false" transferToAll="false" entitize="false" transferChildNodes="false">
        <con:name>biId</con:name>
        <con:sourceType>biId2</con:sourceType>
        <con:sourceStep>Given properties for the test steps</con:sourceStep>
        <con:sourcePath/>
        <con:targetType>req_biId</con:targetType>
        <con:targetStep>Submit stockIn 2</con:targetStep>
        <con:targetPath/>
        <con:upgraded>true</con:upgraded>
      </con:transfers>
      <con:transfers setNullOnMissingSource="true" transferTextContent="true" failOnError="true" ignoreEmpty="false" transferToAll="false" entitize="false" transferChildNodes="false">
        <con:name>biIdFile</con:name>
        <con:sourceType>biId2</con:sourceType>
        <con:sourceStep>Given properties for the test steps</con:sourceStep>
        <con:targetType>req_biId</con:targetType>
        <con:targetStep>File process status 2</con:targetStep>
        <con:upgraded>true</con:upgraded>
      </con:transfers>
    </con:config>
  </con:testStep>
  <con:testStep type="calltestcase" name="File process status 2" id="7afa6da2-0b23-4687-84db-f972073417cf">
    <con:settings/>
    <con:config xsi:type="con:RunTestCaseStep" xmlns:xsi="http://www.w3.org/2001/XMLSchema-instance">
      <con:targetTestCase>db92ed97-71c5-4c47-898f-b848f6fc1e92</con:targetTestCase>
      <con:properties>
        <con:property>
          <con:name>req_biId</con:name>
          <con:value>${#[Test Suite for File Upload#Test Case1 - StockIn#Given properties for the test steps]#biId2}</con:value>
        </con:property>
        <con:property>
          <con:name>res_fileImportStatus</con:name>
          <con:value>300</con:value>
        </con:property>
        <con:property>
          <con:name>res_fileImportStatus2nd</con:name>
          <con:value xsi:nil="true"/>
        </con:property>
        <con:property>
          <con:name>res_status</con:name>
          <con:value>200</con:value>
        </con:property>
        <con:property>
          <con:name>res_errorMessage</con:name>
          <con:value xsi:nil="true"/>
        </con:property>
        <con:property>
          <con:name>req_createdBySalesOrganizationId</con:name>
          <con:value xsi:nil="true"/>
        </con:property>
        <con:property>
          <con:name>req_createdByUserRoleId</con:name>
          <con:value xsi:nil="true"/>
        </con:property>
        <con:property>
          <con:name>req_createdForSalesOrganizationRoleId</con:name>
          <con:value xsi:nil="true"/>
        </con:property>
        <con:property>
          <con:name>res_fileImportStageId</con:name>
          <con:value>666</con:value>
        </con:property>
        <con:property>
          <con:name>res_fileImportStageId2nd</con:name>
          <con:value>667</con:value>
        </con:property>
        <con:property>
          <con:name>res_fileImportStageId3rd</con:name>
          <con:value xsi:nil="true"/>
        </con:property>
        <con:property>
          <con:name>res_fileImportStageId4th</con:name>
          <con:value xsi:nil="true"/>
        </con:property>
      </con:properties>
      <con:returnProperties>
        <con:entry>res_fileImportStatus</con:entry>
        <con:entry>res_status</con:entry>
        <con:entry>res_errorMessage</con:entry>
        <con:entry>res_fileImportStageId</con:entry>
        <con:entry>res_fileImportStageId2nd</con:entry>
        <con:entry>res_fileImportStageId3rd</con:entry>
        <con:entry>res_fileImportStageId4th</con:entry>
      </con:returnProperties>
      <con:runMode>PARALLELL</con:runMode>
    </con:config>
  </con:testStep>
  <con:testStep type="transfer" name="Property Transfer for detailed file process 2" id="1c8cb7e5-a50f-4011-be49-9869177f2305">
    <con:settings/>
    <con:config xsi:type="con:PropertyTransfersStep" xmlns:xsi="http://www.w3.org/2001/XMLSchema-instance">
      <con:transfers setNullOnMissingSource="true" transferTextContent="true" failOnError="true" ignoreEmpty="false" transferToAll="false" entitize="false" transferChildNodes="false">
        <con:name>stageId</con:name>
        <con:sourceType>res_fileImportStageId</con:sourceType>
        <con:sourceStep>File process status 2</con:sourceStep>
        <con:sourcePath/>
        <con:targetType>req_stageId</con:targetType>
        <con:targetStep>Detailed File Process Status 2</con:targetStep>
        <con:targetPath/>
        <con:upgraded>true</con:upgraded>
      </con:transfers>
      <con:transfers setNullOnMissingSource="true" transferTextContent="true" failOnError="true" ignoreEmpty="false" transferToAll="false" entitize="false" transferChildNodes="false">
        <con:name>biId</con:name>
        <con:sourceType>req_biId</con:sourceType>
        <con:sourceStep>File process status 2</con:sourceStep>
        <con:targetType>req_biId</con:targetType>
        <con:targetStep>Detailed File Process Status 2</con:targetStep>
        <con:upgraded>true</con:upgraded>
      </con:transfers>
      <con:transfers setNullOnMissingSource="true" transferTextContent="true" failOnError="true" ignoreEmpty="false" transferToAll="false" entitize="false" transferChildNodes="false">
        <con:name>stageId_nonSerializedWithSerialNumber</con:name>
        <con:sourceType>res_fileImportStageId2nd</con:sourceType>
        <con:sourceStep>File process status 2</con:sourceStep>
        <con:targetType>req_stageId</con:targetType>
        <con:targetStep>BUG 1846                                           Detailed File Process Status - nonSerialized with serialNumber 6</con:targetStep>
        <con:upgraded>true</con:upgraded>
      </con:transfers>
      <con:transfers setNullOnMissingSource="true" transferTextContent="true" failOnError="true" ignoreEmpty="false" transferToAll="false" entitize="false" transferChildNodes="false">
        <con:name>biId_nonSerializedWithSerialNumber</con:name>
        <con:sourceType>biId2</con:sourceType>
        <con:sourceStep>Given properties for the test steps</con:sourceStep>
        <con:targetType>req_biId</con:targetType>
        <con:targetStep>BUG 1846                                           Detailed File Process Status - nonSerialized with serialNumber 6</con:targetStep>
        <con:upgraded>true</con:upgraded>
      </con:transfers>
    </con:config>
  </con:testStep>
  <con:testStep type="calltestcase" name="Detailed File Process Status 2" id="1e0055f4-a836-4c64-bff8-5c8f8409d0dc">
    <con:settings/>
    <con:config xsi:type="con:RunTestCaseStep" xmlns:xsi="http://www.w3.org/2001/XMLSchema-instance">
      <con:targetTestCase>cbdfb82c-a4b7-4edb-b920-1d909123d144</con:targetTestCase>
      <con:properties>
        <con:property>
          <con:name>req_biId</con:name>
          <con:value>${#[Test Suite for File Upload#Test Case1 - StockIn#Given properties for the test steps]#biId2}</con:value>
        </con:property>
        <con:property>
          <con:name>req_stageId</con:name>
          <con:value>666</con:value>
        </con:property>
        <con:property>
          <con:name>req_soId</con:name>
        </con:property>
        <con:property>
          <con:name>req_userId</con:name>
        </con:property>
        <con:property>
          <con:name>res_status</con:name>
          <con:value>200</con:value>
        </con:property>
        <con:property>
          <con:name>res_errorMessage</con:name>
          <con:value xsi:nil="true"/>
        </con:property>
        <con:property>
          <con:name>res_stageStatus</con:name>
          <con:value>300</con:value>
        </con:property>
        <con:property>
          <con:name>res_stageStatus2nd</con:name>
          <con:value xsi:nil="true"/>
        </con:property>
        <con:property>
          <con:name>res_errorDetails</con:name>
          <con:value xsi:nil="true"/>
        </con:property>
        <con:property>
          <con:name>res_errorDetails2nd</con:name>
          <con:value xsi:nil="true"/>
        </con:property>
      </con:properties>
      <con:returnProperties>
        <con:entry>res_status</con:entry>
        <con:entry>res_errorMessage</con:entry>
        <con:entry>res_stageStatus</con:entry>
        <con:entry>res_stageStatus2nd</con:entry>
        <con:entry>res_errorDetails</con:entry>
        <con:entry>res_errorDetails2nd</con:entry>
      </con:returnProperties>
      <con:runMode>PARALLELL</con:runMode>
    </con:config>
  </con:testStep>
  <con:testStep type="calltestcase" name="BUG 1846                                           Detailed File Process Status - nonSerialized with serialNumber 6" id="d1df8b7f-a390-4ba8-b423-cb45040a06d3">
    <con:settings/>
    <con:config xsi:type="con:RunTestCaseStep" xmlns:xsi="http://www.w3.org/2001/XMLSchema-instance">
      <con:targetTestCase>cbdfb82c-a4b7-4edb-b920-1d909123d144</con:targetTestCase>
      <con:properties>
        <con:property>
          <con:name>req_biId</con:name>
          <con:value>${#[Test Suite for File Upload#Test Case1 - StockIn#Given properties for the test steps]#biId2}</con:value>
        </con:property>
        <con:property>
          <con:name>req_stageId</con:name>
          <con:value>667</con:value>
        </con:property>
        <con:property>
          <con:name>req_soId</con:name>
        </con:property>
        <con:property>
          <con:name>req_userId</con:name>
        </con:property>
        <con:property>
          <con:name>res_status</con:name>
          <con:value>200</con:value>
        </con:property>
        <con:property>
          <con:name>res_errorMessage</con:name>
          <con:value xsi:nil="true"/>
        </con:property>
        <con:property>
          <con:name>res_stageStatus</con:name>
          <con:value>400</con:value>
        </con:property>
        <con:property>
          <con:name>res_stageStatus2nd</con:name>
          <con:value xsi:nil="true"/>
        </con:property>
        <con:property>
          <con:name>res_errorDetails</con:name>
          <con:value>A Stock-In Item with same Serial Number Range exists: 1039-1040</con:value>
        </con:property>
        <con:property>
          <con:name>res_errorDetails2nd</con:name>
          <con:value xsi:nil="true"/>
        </con:property>
      </con:properties>
      <con:returnProperties>
        <con:entry>res_status</con:entry>
        <con:entry>res_errorMessage</con:entry>
        <con:entry>res_stageStatus</con:entry>
        <con:entry>res_stageStatus2nd</con:entry>
        <con:entry>res_errorDetails</con:entry>
        <con:entry>res_errorDetails2nd</con:entry>
      </con:returnProperties>
      <con:runMode>PARALLELL</con:runMode>
    </con:config>
  </con:testStep>
  <con:testStep type="calltestcase" name="Submit stockIn 2" id="44a95e14-8579-4fa5-84f0-93deafb77e97">
    <con:settings/>
    <con:config xsi:type="con:RunTestCaseStep" xmlns:xsi="http://www.w3.org/2001/XMLSchema-instance">
      <con:targetTestCase>56922495-462d-40b3-b5c9-0eaea60d8504</con:targetTestCase>
      <con:properties>
        <con:property>
          <con:name>res_code</con:name>
          <con:value>200</con:value>
        </con:property>
        <con:property>
          <con:name>req_biId</con:name>
          <con:value>${#[Test Suite for File Upload#Test Case1 - StockIn#Given properties for the test steps]#biId2}</con:value>
        </con:property>
      </con:properties>
      <con:returnProperties>
        <con:entry>res_code</con:entry>
      </con:returnProperties>
      <con:runMode>PARALLELL</con:runMode>
    </con:config>
  </con:testStep>
  <con:testStep type="assertionteststep" name="Assertion submit stockIn 2" id="99c37303-27d5-452a-826c-b8713463a869">
    <con:settings/>
    <con:config xsi:type="con:AssertionTestStep" xmlns:xsi="http://www.w3.org/2001/XMLSchema-instance">
      <con:entry>
        <con:id>560a9b57-06ba-4283-8fdc-9529dbafa3fa</con:id>
        <con:isGroup>false</con:isGroup>
        <con:sourceId>44a95e14-8579-4fa5-84f0-93deafb77e97</con:sourceId>
        <con:propertyName>res_code</con:propertyName>
        <con:assertion type="Simple Equals" name="Equals" id="c8464f27-7afc-4ead-b8c0-9a33a348f049">
          <con:configuration>
            <patternText>200</patternText>
            <caseSensitive>true</caseSensitive>
          </con:configuration>
        </con:assertion>
      </con:entry>
    </con:config>
  </con:testStep>
  <con:testStep type="transfer" name="Property Transfer biId2" id="3e678e59-bbde-4828-a8b5-44a4e3b6f5fa">
    <con:settings/>
    <con:config xsi:type="con:PropertyTransfersStep" xmlns:xsi="http://www.w3.org/2001/XMLSchema-instance">
      <con:transfers setNullOnMissingSource="true" transferTextContent="true" failOnError="true" ignoreEmpty="false" transferToAll="false" entitize="false" transferChildNodes="false">
        <con:name>biId</con:name>
        <con:sourceType>biId2</con:sourceType>
        <con:sourceStep>Given properties for the test steps</con:sourceStep>
        <con:sourcePath/>
        <con:targetType>req_biId</con:targetType>
        <con:targetStep>Display stockIn bi 2</con:targetStep>
        <con:targetPath/>
        <con:upgraded>true</con:upgraded>
      </con:transfers>
    </con:config>
  </con:testStep>
  <con:testStep type="calltestcase" name="Display stockIn bi 2" id="7103096c-3e34-46db-a9e9-c07d10045bdf">
    <con:settings/>
    <con:config xsi:type="con:RunTestCaseStep" xmlns:xsi="http://www.w3.org/2001/XMLSchema-instance">
      <con:targetTestCase>23c105c1-e15f-4ce4-8f04-c5a3f5541b68</con:targetTestCase>
      <con:properties>
        <con:property>
          <con:name>req_biId</con:name>
          <con:value>${#[Test Suite for File Upload#Test Case1 - StockIn#Given properties for the test steps]#biId2}</con:value>
        </con:property>
        <con:property>
          <con:name>res_stockInBI</con:name>
          <con:value>{"businessInteractionType":1,"code":"STI-14011","description":"Stock In at [name-so-455aaa9f-210d-42ac-b27c-fa057bb93d93] by [John Smith]","mainState":"Closed","state":"Closed","createdDate":"2018-03-13T12:18:29.931Z","preventUpdateFromOtherSystem":false,"id":"14011"}</con:value>
        </con:property>
        <con:property>
          <con:name>res_biId</con:name>
          <con:value>14011</con:value>
        </con:property>
        <con:property>
          <con:name>res_state</con:name>
          <con:value>Closed</con:value>
        </con:property>
        <con:property>
          <con:name>res_mainState</con:name>
          <con:value>Closed</con:value>
        </con:property>
        <con:property>
          <con:name>res_errorMessage</con:name>
        </con:property>
        <con:property>
          <con:name>res_httpStatusCode</con:name>
        </con:property>
      </con:properties>
      <con:returnProperties>
        <con:entry>res_stockInBI</con:entry>
        <con:entry>res_biId</con:entry>
        <con:entry>res_state</con:entry>
        <con:entry>res_mainState</con:entry>
      </con:returnProperties>
      <con:runMode>PARALLELL</con:runMode>
    </con:config>
  </con:testStep>
  <con:testStep type="assertionteststep" name="BUG 1846                                     Assertion display stockin2" id="9c26ac14-15d9-4686-8b10-0929dd5a38cf">
    <con:settings/>
    <con:config xsi:type="con:AssertionTestStep" xmlns:xsi="http://www.w3.org/2001/XMLSchema-instance">
      <con:entry>
        <con:id>c6905bf9-917c-4643-a53c-485dcd06768f</con:id>
        <con:isGroup>false</con:isGroup>
        <con:sourceId>7103096c-3e34-46db-a9e9-c07d10045bdf</con:sourceId>
        <con:propertyName>res_state</con:propertyName>
        <con:assertion type="Simple Equals" name="Equals" id="0f3c12cb-5f4c-4ddb-864c-1b3544b89735">
          <con:configuration>
            <patternText>Closed</patternText>
            <caseSensitive>true</caseSensitive>
          </con:configuration>
        </con:assertion>
      </con:entry>
      <con:entry>
        <con:id>1ce0d591-6466-4cc9-8ccd-68ba75ae42a0</con:id>
        <con:isGroup>false</con:isGroup>
        <con:sourceId>7103096c-3e34-46db-a9e9-c07d10045bdf</con:sourceId>
        <con:propertyName>res_mainState</con:propertyName>
        <con:assertion type="Simple Equals" name="Equals 2" id="075a4185-a824-4fe1-8cff-e27cadea8ba5">
          <con:configuration>
            <patternText>Closed</patternText>
            <caseSensitive>true</caseSensitive>
          </con:configuration>
        </con:assertion>
      </con:entry>
    </con:config>
  </con:testStep>
  <con:testStep type="transfer" name="Set display product 2" id="bd9e48ef-c7bf-437e-93b1-f12318056099">
    <con:settings/>
    <con:config xsi:type="con:PropertyTransfersStep" xmlns:xsi="http://www.w3.org/2001/XMLSchema-instance">
      <con:transfers setNullOnMissingSource="true" transferTextContent="true" failOnError="true" ignoreEmpty="false" transferToAll="false" entitize="false" transferChildNodes="false">
        <con:name>productSpecExtId</con:name>
        <con:sourceType>serializedProductSpecExtId</con:sourceType>
        <con:sourceStep>Given properties for the test steps</con:sourceStep>
        <con:sourcePath/>
        <con:targetType>req_prodSpecExtId</con:targetType>
        <con:targetStep>Display product 2</con:targetStep>
        <con:targetPath/>
        <con:upgraded>true</con:upgraded>
      </con:transfers>
      <con:transfers setNullOnMissingSource="true" transferTextContent="true" failOnError="true" ignoreEmpty="false" transferToAll="false" entitize="false" transferChildNodes="false">
        <con:name>startSerial</con:name>
        <con:sourceType>startSerial</con:sourceType>
        <con:sourceStep>Given properties for the test steps</con:sourceStep>
        <con:targetType>req_productSerialNumber</con:targetType>
        <con:targetStep>Display product 2</con:targetStep>
        <con:upgraded>true</con:upgraded>
      </con:transfers>
      <con:transfers setNullOnMissingSource="true" transferTextContent="true" failOnError="true" ignoreEmpty="false" transferToAll="false" entitize="false" transferChildNodes="false">
        <con:name>soId</con:name>
        <con:sourceType>null</con:sourceType>
        <con:sourceStep>Given properties for the test steps</con:sourceStep>
        <con:targetType>UserSo</con:targetType>
        <con:targetStep>#Project#</con:targetStep>
        <con:upgraded>true</con:upgraded>
      </con:transfers>
    </con:config>
  </con:testStep>
  <con:testStep type="calltestcase" name="Display product 2" id="1631b3bb-97fc-482f-a480-957e6a45d73c">
    <con:settings/>
    <con:config xsi:type="con:RunTestCaseStep" xmlns:xsi="http://www.w3.org/2001/XMLSchema-instance">
      <con:targetTestCase>ff39403d-fc07-4856-b846-7d260e2ccf9a</con:targetTestCase>
      <con:properties>
        <con:property>
          <con:name>req_productSerialNumber</con:name>
          <con:value>${#[Test Suite for File Upload#Test Case1 - StockIn#Given properties for the test steps]#startSerial}</con:value>
        </con:property>
        <con:property>
          <con:name>res_code</con:name>
          <con:value>200</con:value>
        </con:property>
        <con:property>
          <con:name>res_errorMessage</con:name>
          <con:value xsi:nil="true"/>
        </con:property>
        <con:property>
          <con:name>req_prodSpecExtId</con:name>
          <con:value>EXT-IPHONE6S-1</con:value>
        </con:property>
        <con:property>
          <con:name>res_productId</con:name>
          <con:value>382</con:value>
        </con:property>
        <con:property>
          <con:name>res_status</con:name>
          <con:value>Sellable</con:value>
        </con:property>
        <con:property>
          <con:name>res_quantity</con:name>
          <con:value>2</con:value>
        </con:property>
        <con:property>
          <con:name>res_startSerial</con:name>
          <con:value>1039</con:value>
        </con:property>
        <con:property>
          <con:name>res_charExtId1</con:name>
          <con:value>1-EXT</con:value>
        </con:property>
        <con:property>
          <con:name>res_charExtId2</con:name>
          <con:value>2-EXT</con:value>
        </con:property>
        <con:property>
          <con:name>res_charExtId3</con:name>
          <con:value>3-EXT</con:value>
        </con:property>
        <con:property>
          <con:name>res_charValueExtId1</con:name>
          <con:value>1-EXT</con:value>
        </con:property>
        <con:property>
          <con:name>res_charValueExtId2</con:name>
          <con:value>4-EXT</con:value>
        </con:property>
        <con:property>
          <con:name>res_charValueExtId3</con:name>
          <con:value>8-EXT</con:value>
        </con:property>
        <con:property>
          <con:name>res_serializedCharExtId</con:name>
          <con:value xsi:nil="true"/>
        </con:property>
        <con:property>
          <con:name>res_serializedCharValue</con:name>
          <con:value xsi:nil="true"/>
        </con:property>
        <con:property>
          <con:name>res_batchId</con:name>
        </con:property>
      </con:properties>
      <con:returnProperties>
        <con:entry>res_code</con:entry>
        <con:entry>res_errorMessage</con:entry>
        <con:entry>res_productId</con:entry>
        <con:entry>res_status</con:entry>
        <con:entry>res_quantity</con:entry>
        <con:entry>res_startSerial</con:entry>
        <con:entry>res_charExtId1</con:entry>
        <con:entry>res_charExtId2</con:entry>
        <con:entry>res_charExtId3</con:entry>
        <con:entry>res_charValueExtId1</con:entry>
        <con:entry>res_charValueExtId2</con:entry>
        <con:entry>res_charValueExtId3</con:entry>
        <con:entry>res_serializedCharExtId</con:entry>
        <con:entry>res_serializedCharValue</con:entry>
      </con:returnProperties>
      <con:runMode>PARALLELL</con:runMode>
    </con:config>
  </con:testStep>
  <con:testStep type="assertionteststep" name="BUG 1846                           Assertion display product 2" id="3f04d1e0-b491-4b9d-bc0b-f79bfe6de373">
    <con:settings/>
    <con:config xsi:type="con:AssertionTestStep" xmlns:xsi="http://www.w3.org/2001/XMLSchema-instance">
      <con:entry>
        <con:id>8be214cd-8bc6-4384-a252-6f5cbebc22e6</con:id>
        <con:isGroup>false</con:isGroup>
        <con:sourceId>1631b3bb-97fc-482f-a480-957e6a45d73c</con:sourceId>
        <con:propertyName>res_status</con:propertyName>
        <con:assertion type="Simple Equals" name="Equals" id="322f2639-6188-440e-9ee9-93a00fcc01ee">
          <con:configuration>
            <patternObjectId>85633c4f-3c29-4c16-a02e-92f047e3d591</patternObjectId>
            <patternProperty>status</patternProperty>
            <caseSensitive>true</caseSensitive>
          </con:configuration>
        </con:assertion>
      </con:entry>
      <con:entry>
        <con:id>12066bde-116a-4443-911a-1bea0901f533</con:id>
        <con:isGroup>false</con:isGroup>
        <con:sourceId>1631b3bb-97fc-482f-a480-957e6a45d73c</con:sourceId>
        <con:propertyName>res_productId</con:propertyName>
        <con:assertion type="Simple Contains" name="Contains" id="c43f08f5-c56d-43a4-8d29-d711386422ab">
          <con:configuration>
            <token>\d+</token>
            <ignoreCase>false</ignoreCase>
            <useRegEx>true</useRegEx>
          </con:configuration>
        </con:assertion>
      </con:entry>
      <con:entry>
        <con:id>9fe87ad8-155d-49d5-aa4d-3366d25e8c88</con:id>
        <con:isGroup>false</con:isGroup>
        <con:sourceId>1631b3bb-97fc-482f-a480-957e6a45d73c</con:sourceId>
        <con:propertyName>res_charExtId1</con:propertyName>
        <con:assertion type="Simple Equals" name="Equals 2" id="7d8c7baf-e411-4ea7-afeb-0bf9de2fa4f2">
          <con:configuration>
            <patternText>1-EXT</patternText>
            <caseSensitive>true</caseSensitive>
          </con:configuration>
        </con:assertion>
      </con:entry>
    </con:config>
  </con:testStep>
  <con:testStep type="transfer" name="Set display product - nonSerialized with serialNumber 6" id="c41fb46c-2695-406c-adf4-300d4d1070fe">
    <con:settings/>
    <con:config xsi:type="con:PropertyTransfersStep" xmlns:xsi="http://www.w3.org/2001/XMLSchema-instance">
      <con:transfers setNullOnMissingSource="true" transferTextContent="true" failOnError="true" ignoreEmpty="false" transferToAll="false" entitize="false" transferChildNodes="false">
        <con:name>productSpecExtId</con:name>
        <con:sourceType>nonSerializedProducrSpecExtId</con:sourceType>
        <con:sourceStep>Given properties for the test steps</con:sourceStep>
        <con:sourcePath/>
        <con:targetType>req_prodSpecExtId</con:targetType>
        <con:targetStep>Display product - nonSerialized with serialNumber 6</con:targetStep>
        <con:targetPath/>
        <con:upgraded>true</con:upgraded>
      </con:transfers>
      <con:transfers setNullOnMissingSource="true" transferTextContent="true" failOnError="true" ignoreEmpty="false" transferToAll="false" entitize="false" transferChildNodes="false">
        <con:name>placeId</con:name>
        <con:sourceType>placeId</con:sourceType>
        <con:sourceStep>Given properties for the test steps</con:sourceStep>
        <con:targetType>req_placeId</con:targetType>
        <con:targetStep>Display product - nonSerialized with serialNumber 6</con:targetStep>
        <con:upgraded>true</con:upgraded>
      </con:transfers>
      <con:transfers setNullOnMissingSource="true" transferTextContent="true" failOnError="true" ignoreEmpty="false" transferToAll="false" entitize="false" transferChildNodes="false">
        <con:name>soId</con:name>
        <con:sourceType>null</con:sourceType>
        <con:sourceStep>Given properties for the test steps</con:sourceStep>
        <con:targetType>UserSo</con:targetType>
        <con:targetStep>#Project#</con:targetStep>
        <con:upgraded>true</con:upgraded>
      </con:transfers>
    </con:config>
  </con:testStep>
  <con:testStep type="calltestcase" name="Display product - nonSerialized with serialNumber 6" id="de9c72e4-2a18-47ba-a165-395723d90486">
    <con:settings/>
    <con:config xsi:type="con:RunTestCaseStep" xmlns:xsi="http://www.w3.org/2001/XMLSchema-instance">
      <con:targetTestCase>7f5fb16b-a2a5-4855-b9a3-41852a5b58a4</con:targetTestCase>
      <con:properties>
        <con:property>
          <con:name>res_code</con:name>
          <con:value>200</con:value>
        </con:property>
        <con:property>
          <con:name>res_errorMessage</con:name>
          <con:value xsi:nil="true"/>
        </con:property>
        <con:property>
          <con:name>req_prodSpecExtId</con:name>
          <con:value>EXT-IPHONECHARGINGCABLE-1</con:value>
        </con:property>
        <con:property>
          <con:name>req_placeId</con:name>
          <con:value>${#[Test Suite for File Upload#Test Case1 - StockIn#Given properties for the test steps]#placeId}</con:value>
        </con:property>
      </con:properties>
      <con:returnProperties>
        <con:entry>res_code</con:entry>
        <con:entry>res_errorMessage</con:entry>
      </con:returnProperties>
      <con:runMode>PARALLELL</con:runMode>
    </con:config>
  </con:testStep>
  <con:testStep type="assertionteststep" name="BUG 1846                                       Assertion display product - nonSerialized with serialNumber 6" id="47f2817b-b67b-42a6-9c1f-1a7ccc8244e3">
    <con:settings/>
    <con:config xsi:type="con:AssertionTestStep" xmlns:xsi="http://www.w3.org/2001/XMLSchema-instance">
      <con:entry>
        <con:id>2f7c8d1a-26a1-4ab6-a911-14556106e814</con:id>
        <con:isGroup>false</con:isGroup>
        <con:sourceId>de9c72e4-2a18-47ba-a165-395723d90486</con:sourceId>
        <con:propertyName>res_code</con:propertyName>
        <con:assertion type="Simple Equals" name="Equals" id="5b712460-6731-46d2-872c-206d843dd2c9">
          <con:configuration>
            <patternText>200</patternText>
            <caseSensitive>true</caseSensitive>
          </con:configuration>
        </con:assertion>
      </con:entry>
    </con:config>
  </con:testStep>
  <con:testStep type="transfer" name="Property Transfer for updating quantity to lesser of closed BI - failed" id="dc20a084-3116-4760-b6ac-a66534cce650">
    <con:settings/>
    <con:config xsi:type="con:PropertyTransfersStep" xmlns:xsi="http://www.w3.org/2001/XMLSchema-instance">
      <con:transfers setNullOnMissingSource="true" transferTextContent="true" failOnError="true" ignoreEmpty="false" transferToAll="false" entitize="false" transferChildNodes="false">
        <con:name>biId</con:name>
        <con:sourceType>biId2</con:sourceType>
        <con:sourceStep>Given properties for the test steps</con:sourceStep>
        <con:sourcePath/>
        <con:targetType>req_biId</con:targetType>
        <con:targetStep>Update Requested quantity to lesser of closed BI - failed</con:targetStep>
        <con:targetPath/>
        <con:upgraded>true</con:upgraded>
      </con:transfers>
      <con:transfers setNullOnMissingSource="true" transferTextContent="true" failOnError="true" ignoreEmpty="false" transferToAll="false" entitize="false" transferChildNodes="false">
        <con:name>aggId</con:name>
        <con:sourceType>aggId2</con:sourceType>
        <con:sourceStep>Given properties for the test steps</con:sourceStep>
        <con:targetType>req_aggregatedItemId</con:targetType>
        <con:targetStep>Update Requested quantity to lesser of closed BI - failed</con:targetStep>
        <con:upgraded>true</con:upgraded>
      </con:transfers>
      <con:transfers setNullOnMissingSource="true" transferTextContent="true" failOnError="true" ignoreEmpty="false" transferToAll="false" entitize="false" transferChildNodes="false">
        <con:name>quantity</con:name>
        <con:sourceType>quantity 1</con:sourceType>
        <con:sourceStep>Given properties for the test steps</con:sourceStep>
        <con:targetType>req_requestedQuantity</con:targetType>
        <con:targetStep>Update Requested quantity to lesser of closed BI - failed</con:targetStep>
        <con:upgraded>true</con:upgraded>
      </con:transfers>
      <con:transfers setNullOnMissingSource="true" transferTextContent="true" failOnError="true" ignoreEmpty="false" transferToAll="false" entitize="false" transferChildNodes="false">
        <con:name>soId</con:name>
        <con:sourceType>soId</con:sourceType>
        <con:sourceStep>Given properties for the test steps</con:sourceStep>
        <con:targetType>req_soId</con:targetType>
        <con:targetStep>Update Requested quantity to lesser of closed BI - failed</con:targetStep>
        <con:upgraded>true</con:upgraded>
      </con:transfers>
      <con:transfers setNullOnMissingSource="true" transferTextContent="true" failOnError="true" ignoreEmpty="false" transferToAll="false" entitize="false" transferChildNodes="false">
        <con:name>userId</con:name>
        <con:sourceType>userId</con:sourceType>
        <con:sourceStep>Given properties for the test steps</con:sourceStep>
        <con:targetType>req_userId</con:targetType>
        <con:targetStep>Update Requested quantity to lesser of closed BI - failed</con:targetStep>
        <con:upgraded>true</con:upgraded>
      </con:transfers>
    </con:config>
  </con:testStep>
  <con:testStep type="calltestcase" name="Update Requested quantity to lesser of closed BI - failed" id="34476fe2-7121-4856-bddc-649794724770">
    <con:settings/>
    <con:config xsi:type="con:RunTestCaseStep" xmlns:xsi="http://www.w3.org/2001/XMLSchema-instance">
      <con:targetTestCase>2fb2fa7a-2901-4ff0-bc67-fc212cc8328c</con:targetTestCase>
      <con:properties>
        <con:property>
          <con:name>req_biId</con:name>
          <con:value>${#[Test Suite for File Upload#Test Case1 - StockIn#Given properties for the test steps]#biId2}</con:value>
        </con:property>
        <con:property>
          <con:name>req_aggregatedItemId</con:name>
          <con:value>${#[Test Suite for File Upload#Test Case1 - StockIn#Add Aggregated serial Item 2]#res_id}</con:value>
        </con:property>
        <con:property>
          <con:name>req_soId</con:name>
          <con:value>${#[Test Suite for File Upload#Test Case1 - StockIn#Given properties for the test steps]#soId}</con:value>
        </con:property>
        <con:property>
          <con:name>req_userId</con:name>
          <con:value>${#[Test Suite for File Upload#Test Case1 - StockIn#Given properties for the test steps]#userId}</con:value>
        </con:property>
        <con:property>
          <con:name>req_requestedQuantity</con:name>
          <con:value>1</con:value>
        </con:property>
        <con:property>
          <con:name>res_errorMessage</con:name>
          <con:value>BI_MUST_BE_IN_DRAFT_STATE</con:value>
        </con:property>
        <con:property>
          <con:name>res_code</con:name>
          <con:value>BI_MUST_BE_IN_DRAFT_STATE</con:value>
        </con:property>
        <con:property>
          <con:name>res_status</con:name>
          <con:value>400</con:value>
        </con:property>
        <con:property>
          <con:name>res_id</con:name>
          <con:value xsi:nil="true"/>
        </con:property>
      </con:properties>
      <con:returnProperties>
        <con:entry>res_errorMessage</con:entry>
        <con:entry>res_code</con:entry>
        <con:entry>res_status</con:entry>
        <con:entry>res_id</con:entry>
      </con:returnProperties>
      <con:runMode>PARALLELL</con:runMode>
    </con:config>
  </con:testStep>
  <con:testStep type="assertionteststep" name="Assertion for updating requested quantity to lesser of closed BI - failed" id="63197681-5c05-4d99-99cb-274e0a0059bc">
    <con:settings/>
    <con:config xsi:type="con:AssertionTestStep" xmlns:xsi="http://www.w3.org/2001/XMLSchema-instance">
      <con:entry>
        <con:id>1e579925-d427-4427-b06e-1ee8b3586256</con:id>
        <con:isGroup>false</con:isGroup>
        <con:sourceId>34476fe2-7121-4856-bddc-649794724770</con:sourceId>
        <con:propertyName>res_errorMessage</con:propertyName>
        <con:assertion type="Simple Equals" name="Equals" id="5201780f-d84b-4dc5-951b-dc829715eaea">
          <con:configuration>
            <patternText>BI_MUST_BE_IN_DRAFT_STATE</patternText>
            <caseSensitive>true</caseSensitive>
          </con:configuration>
        </con:assertion>
      </con:entry>
      <con:entry>
        <con:id>0c30a79d-cd65-4d24-a7ed-2cfed447ef30</con:id>
        <con:isGroup>false</con:isGroup>
        <con:sourceId>34476fe2-7121-4856-bddc-649794724770</con:sourceId>
        <con:propertyName>res_status</con:propertyName>
        <con:assertion type="Simple Equals" name="Equals 2" id="1e1279d1-6697-42b0-8a88-4c7baef80f7c">
          <con:configuration>
            <patternText>400</patternText>
            <caseSensitive>true</caseSensitive>
          </con:configuration>
        </con:assertion>
      </con:entry>
    </con:config>
  </con:testStep>
  <con:testStep type="transfer" name="Property Transfer for updating quantity of closed BI - failed" id="b9f2a0df-5c19-4b66-9dd6-78b985abb713">
    <con:settings/>
    <con:config xsi:type="con:PropertyTransfersStep" xmlns:xsi="http://www.w3.org/2001/XMLSchema-instance">
      <con:transfers setNullOnMissingSource="true" transferTextContent="true" failOnError="true" ignoreEmpty="false" transferToAll="false" entitize="false" transferChildNodes="false">
        <con:name>biId</con:name>
        <con:sourceType>biId2</con:sourceType>
        <con:sourceStep>Given properties for the test steps</con:sourceStep>
        <con:sourcePath/>
        <con:targetType>req_biId</con:targetType>
        <con:targetStep>Update Requested quantity - fail</con:targetStep>
        <con:targetPath/>
        <con:upgraded>true</con:upgraded>
      </con:transfers>
      <con:transfers setNullOnMissingSource="true" transferTextContent="true" failOnError="true" ignoreEmpty="false" transferToAll="false" entitize="false" transferChildNodes="false">
        <con:name>aggId</con:name>
        <con:sourceType>aggId2</con:sourceType>
        <con:sourceStep>Given properties for the test steps</con:sourceStep>
        <con:targetType>req_aggregatedItemId</con:targetType>
        <con:targetStep>Update Requested quantity - fail</con:targetStep>
        <con:upgraded>true</con:upgraded>
      </con:transfers>
      <con:transfers setNullOnMissingSource="true" transferTextContent="true" failOnError="true" ignoreEmpty="false" transferToAll="false" entitize="false" transferChildNodes="false">
        <con:name>quantity</con:name>
        <con:sourceType>quantity 5</con:sourceType>
        <con:sourceStep>Given properties for the test steps</con:sourceStep>
        <con:targetType>req_requestedQuantity</con:targetType>
        <con:targetStep>Update Requested quantity - fail</con:targetStep>
        <con:upgraded>true</con:upgraded>
      </con:transfers>
      <con:transfers setNullOnMissingSource="true" transferTextContent="true" failOnError="true" ignoreEmpty="false" transferToAll="false" entitize="false" transferChildNodes="false">
        <con:name>soId</con:name>
        <con:sourceType>soId</con:sourceType>
        <con:sourceStep>Given properties for the test steps</con:sourceStep>
        <con:targetType>req_soId</con:targetType>
        <con:targetStep>Update Requested quantity - fail</con:targetStep>
        <con:upgraded>true</con:upgraded>
      </con:transfers>
      <con:transfers setNullOnMissingSource="true" transferTextContent="true" failOnError="true" ignoreEmpty="false" transferToAll="false" entitize="false" transferChildNodes="false">
        <con:name>userId</con:name>
        <con:sourceType>userId</con:sourceType>
        <con:sourceStep>Given properties for the test steps</con:sourceStep>
        <con:targetType>req_userId</con:targetType>
        <con:targetStep>Update Requested quantity - fail</con:targetStep>
        <con:upgraded>true</con:upgraded>
      </con:transfers>
    </con:config>
  </con:testStep>
  <con:testStep type="calltestcase" name="Update Requested quantity - fail" id="6617667a-95c7-41c2-9c0e-b5b96d15156f">
    <con:settings/>
    <con:config xsi:type="con:RunTestCaseStep" xmlns:xsi="http://www.w3.org/2001/XMLSchema-instance">
      <con:targetTestCase>2fb2fa7a-2901-4ff0-bc67-fc212cc8328c</con:targetTestCase>
      <con:properties>
        <con:property>
          <con:name>req_biId</con:name>
          <con:value>${#[Test Suite for File Upload#Test Case1 - StockIn#Given properties for the test steps]#biId2}</con:value>
        </con:property>
        <con:property>
          <con:name>req_aggregatedItemId</con:name>
          <con:value>${#[Test Suite for File Upload#Test Case1 - StockIn#Add Aggregated serial Item 2]#res_id}</con:value>
        </con:property>
        <con:property>
          <con:name>req_soId</con:name>
          <con:value>${#[Test Suite for File Upload#Test Case1 - StockIn#Given properties for the test steps]#soId}</con:value>
        </con:property>
        <con:property>
          <con:name>req_userId</con:name>
          <con:value>${#[Test Suite for File Upload#Test Case1 - StockIn#Given properties for the test steps]#userId}</con:value>
        </con:property>
        <con:property>
          <con:name>req_requestedQuantity</con:name>
          <con:value>5</con:value>
        </con:property>
        <con:property>
          <con:name>res_errorMessage</con:name>
          <con:value>BI_MUST_BE_IN_DRAFT_STATE</con:value>
        </con:property>
        <con:property>
          <con:name>res_code</con:name>
          <con:value>BI_MUST_BE_IN_DRAFT_STATE</con:value>
        </con:property>
        <con:property>
          <con:name>res_status</con:name>
          <con:value>400</con:value>
        </con:property>
        <con:property>
          <con:name>res_id</con:name>
          <con:value xsi:nil="true"/>
        </con:property>
      </con:properties>
      <con:returnProperties>
        <con:entry>res_errorMessage</con:entry>
        <con:entry>res_code</con:entry>
        <con:entry>res_status</con:entry>
        <con:entry>res_id</con:entry>
      </con:returnProperties>
      <con:runMode>PARALLELL</con:runMode>
    </con:config>
  </con:testStep>
  <con:testStep type="assertionteststep" name="Assertion for updating requested quantity - fail" id="e553a591-eb39-46b7-9e06-f12280e4e1d7">
    <con:settings/>
    <con:config xsi:type="con:AssertionTestStep" xmlns:xsi="http://www.w3.org/2001/XMLSchema-instance">
      <con:entry>
        <con:id>2e3bb1f0-4718-41cb-a759-598b4d612962</con:id>
        <con:isGroup>false</con:isGroup>
        <con:sourceId>6617667a-95c7-41c2-9c0e-b5b96d15156f</con:sourceId>
        <con:propertyName>res_status</con:propertyName>
        <con:assertion type="Simple Equals" name="Equals" id="7a19ca76-a4a9-48a0-b343-3fba691fa2e3">
          <con:configuration>
            <patternText>400</patternText>
            <caseSensitive>true</caseSensitive>
          </con:configuration>
        </con:assertion>
      </con:entry>
      <con:entry>
        <con:id>87acb20a-e95b-438c-bed5-0efd9c2ed407</con:id>
        <con:isGroup>false</con:isGroup>
        <con:sourceId>6617667a-95c7-41c2-9c0e-b5b96d15156f</con:sourceId>
        <con:propertyName>res_id</con:propertyName>
        <con:assertion type="Simple Contains" name="Contains" id="c0f39631-af82-4ea1-a3aa-319601d00bd5" disabled="true">
          <con:configuration>
            <token>\d+</token>
            <ignoreCase>false</ignoreCase>
            <useRegEx>true</useRegEx>
          </con:configuration>
        </con:assertion>
      </con:entry>
      <con:entry>
        <con:id>167c46fc-a759-41e9-966a-4d755823e074</con:id>
        <con:isGroup>false</con:isGroup>
        <con:sourceId>6617667a-95c7-41c2-9c0e-b5b96d15156f</con:sourceId>
        <con:propertyName>res_errorMessage</con:propertyName>
        <con:assertion type="Simple Equals" name="Equals 2" id="5b7e40eb-302b-4a21-bbb4-6a479ae6b9e6">
          <con:configuration>
            <patternText>BI_MUST_BE_IN_DRAFT_STATE</patternText>
            <caseSensitive>true</caseSensitive>
          </con:configuration>
        </con:assertion>
      </con:entry>
    </con:config>
  </con:testStep>
  <con:testStep type="transfer" name="Property Transfer for deleting aggregated item closed BI - failed" id="8c43e2f9-76b5-4000-b8e0-eb0f4a948b72">
    <con:settings/>
    <con:config xsi:type="con:PropertyTransfersStep" xmlns:xsi="http://www.w3.org/2001/XMLSchema-instance">
      <con:transfers setNullOnMissingSource="true" transferTextContent="true" failOnError="true" ignoreEmpty="false" transferToAll="false" entitize="false" transferChildNodes="false">
        <con:name>biId</con:name>
        <con:sourceType>biId2</con:sourceType>
        <con:sourceStep>Given properties for the test steps</con:sourceStep>
        <con:sourcePath/>
        <con:targetType>req_biId</con:targetType>
        <con:targetStep>Delete aggregated item of closed BI - fail</con:targetStep>
        <con:targetPath/>
        <con:upgraded>true</con:upgraded>
      </con:transfers>
      <con:transfers setNullOnMissingSource="true" transferTextContent="true" failOnError="true" ignoreEmpty="false" transferToAll="false" entitize="false" transferChildNodes="false">
        <con:name>aggId</con:name>
        <con:sourceType>aggId2</con:sourceType>
        <con:sourceStep>Given properties for the test steps</con:sourceStep>
        <con:targetType>req_aggregatedItemId</con:targetType>
        <con:targetStep>Delete aggregated item of closed BI - fail</con:targetStep>
        <con:upgraded>true</con:upgraded>
      </con:transfers>
    </con:config>
  </con:testStep>
  <con:testStep type="calltestcase" name="Delete aggregated item of closed BI - fail" id="09a4427b-ae1f-4933-b02f-93ef1d3311ab">
    <con:settings/>
    <con:config xsi:type="con:RunTestCaseStep" xmlns:xsi="http://www.w3.org/2001/XMLSchema-instance">
      <con:targetTestCase>c41c25fd-1111-4fc2-bf79-c3e89d5155da</con:targetTestCase>
      <con:properties>
        <con:property>
          <con:name>req_biId</con:name>
          <con:value>${#[Test Suite for File Upload#Test Case1 - StockIn#Given properties for the test steps]#biId2}</con:value>
        </con:property>
        <con:property>
          <con:name>req_aggregatedItemId</con:name>
          <con:value>${#[Test Suite for File Upload#Test Case1 - StockIn#Add Aggregated serial Item 2]#res_id}</con:value>
        </con:property>
        <con:property>
          <con:name>res_status</con:name>
          <con:value>400</con:value>
        </con:property>
        <con:property>
          <con:name>res_code</con:name>
          <con:value>BI_MUST_BE_IN_DRAFT_OR_ONGOING_STATE</con:value>
        </con:property>
        <con:property>
          <con:name>res_errorMessage</con:name>
          <con:value>BI_MUST_BE_IN_DRAFT_OR_ONGOING_STATE</con:value>
        </con:property>
        <con:property>
          <con:name>res_id</con:name>
          <con:value xsi:nil="true"/>
        </con:property>
      </con:properties>
      <con:returnProperties>
        <con:entry>res_status</con:entry>
        <con:entry>res_code</con:entry>
        <con:entry>res_errorMessage</con:entry>
        <con:entry>res_id</con:entry>
      </con:returnProperties>
      <con:runMode>PARALLELL</con:runMode>
    </con:config>
  </con:testStep>
  <con:testStep type="assertionteststep" name="Assertion for Delete aggregated item of closed BI - fail" id="ce723587-1f53-447e-986d-e23efa112848">
    <con:settings/>
    <con:config xsi:type="con:AssertionTestStep" xmlns:xsi="http://www.w3.org/2001/XMLSchema-instance">
      <con:entry>
        <con:id>401300cd-4ba5-4c71-82b6-fa2918012b1f</con:id>
        <con:isGroup>false</con:isGroup>
        <con:sourceId>09a4427b-ae1f-4933-b02f-93ef1d3311ab</con:sourceId>
        <con:propertyName>res_status</con:propertyName>
        <con:assertion type="Simple Equals" name="Equals" id="4c4a7d1f-9f5f-4750-b335-d170f11ed6ac">
          <con:configuration>
            <patternText>400</patternText>
            <caseSensitive>true</caseSensitive>
          </con:configuration>
        </con:assertion>
      </con:entry>
      <con:entry>
        <con:id>b17b3c03-4550-4c9f-90ba-90f96859599d</con:id>
        <con:isGroup>false</con:isGroup>
        <con:sourceId>09a4427b-ae1f-4933-b02f-93ef1d3311ab</con:sourceId>
        <con:propertyName>res_errorMessage</con:propertyName>
        <con:assertion type="Simple Equals" name="Equals 2" id="c36cb7f3-19ac-4beb-a0f7-ff7ee92db92c">
          <con:configuration>
            <patternText>BI_MUST_BE_IN_DRAFT_OR_ONGOING_STATE</patternText>
            <caseSensitive>true</caseSensitive>
          </con:configuration>
        </con:assertion>
      </con:entry>
    </con:config>
  </con:testStep>
  <con:testStep type="transfer" name="Property Transfer for cancelling closed bi - fail" id="9850117b-5825-4bea-b284-659c1a83506f">
    <con:settings/>
    <con:config xsi:type="con:PropertyTransfersStep" xmlns:xsi="http://www.w3.org/2001/XMLSchema-instance">
      <con:transfers setNullOnMissingSource="true" transferTextContent="true" failOnError="true" ignoreEmpty="false" transferToAll="false" entitize="false" transferChildNodes="false">
        <con:name>biId</con:name>
        <con:sourceType>biId2</con:sourceType>
        <con:sourceStep>Given properties for the test steps</con:sourceStep>
        <con:sourcePath/>
        <con:targetType>req_biId</con:targetType>
        <con:targetStep>Cancel closed BI - fail</con:targetStep>
        <con:targetPath/>
        <con:upgraded>true</con:upgraded>
      </con:transfers>
    </con:config>
  </con:testStep>
  <con:testStep type="calltestcase" name="Cancel closed BI - fail" id="6c18e701-17fc-4ed8-b76e-e4f979f02acf">
    <con:settings/>
    <con:config xsi:type="con:RunTestCaseStep" xmlns:xsi="http://www.w3.org/2001/XMLSchema-instance">
      <con:targetTestCase>4ffc15a1-2572-462e-859a-6f5c02e2aa40</con:targetTestCase>
      <con:properties>
        <con:property>
          <con:name>req_biId</con:name>
          <con:value>${#[Test Suite for File Upload#Test Case1 - StockIn#Given properties for the test steps]#biId2}</con:value>
        </con:property>
        <con:property>
          <con:name>res_biId</con:name>
          <con:value xsi:nil="true"/>
        </con:property>
        <con:property>
          <con:name>res_code</con:name>
          <con:value>NEXT_STATE_NOT_FOUND</con:value>
        </con:property>
        <con:property>
          <con:name>res_errorMessage</con:name>
          <con:value>NEXT_STATE_NOT_FOUND</con:value>
        </con:property>
      </con:properties>
      <con:returnProperties>
        <con:entry>res_biId</con:entry>
        <con:entry>res_code</con:entry>
        <con:entry>res_errorMessage</con:entry>
      </con:returnProperties>
      <con:runMode>PARALLELL</con:runMode>
    </con:config>
  </con:testStep>
  <con:testStep type="assertionteststep" name="Assertion for cancelling closed BI - failed" id="6548211e-b2f0-4100-b0c6-780273b79d40">
    <con:settings/>
    <con:config xsi:type="con:AssertionTestStep" xmlns:xsi="http://www.w3.org/2001/XMLSchema-instance">
      <con:entry>
        <con:id>0120c6b7-6761-4b80-9039-e56a5fe2688d</con:id>
        <con:isGroup>false</con:isGroup>
        <con:sourceId>6c18e701-17fc-4ed8-b76e-e4f979f02acf</con:sourceId>
        <con:propertyName>res_errorMessage</con:propertyName>
        <con:assertion type="Simple Contains" name="Contains" id="ae957206-1b8e-43fe-8539-1326b11a07a4">
          <con:configuration>
            <token>NEXT_STATE_NOT_FOUND</token>
            <ignoreCase>false</ignoreCase>
            <useRegEx>false</useRegEx>
          </con:configuration>
        </con:assertion>
      </con:entry>
    </con:config>
  </con:testStep>
  <con:testStep type="manualTestStep" name="--------------------------------------------------" id="a19e682a-e9a6-40c5-bbaf-038e6a1e08ee" disabled="true">
    <con:settings/>
    <con:config xsi:type="con:ManualTestStep" xmlns:xsi="http://www.w3.org/2001/XMLSchema-instance"/>
  </con:testStep>
  <con:testStep type="transfer" name="Property Transfer biId3 - STCKINAPPROVALBISPEC" id="877b4aed-8cd3-4cce-8114-82d625f6dc8d">
    <con:settings/>
    <con:config xsi:type="con:PropertyTransfersStep" xmlns:xsi="http://www.w3.org/2001/XMLSchema-instance">
      <con:transfers setNullOnMissingSource="true" transferTextContent="true" failOnError="true" ignoreEmpty="false" transferToAll="false" entitize="false" transferChildNodes="false">
        <con:name>biId</con:name>
        <con:sourceType>biId3</con:sourceType>
        <con:sourceStep>Given properties for the test steps</con:sourceStep>
        <con:sourcePath/>
        <con:targetType>req_biId</con:targetType>
        <con:targetStep>Submit stockIn 3 - STCKINAPPROVALBISPEC</con:targetStep>
        <con:targetPath/>
        <con:upgraded>true</con:upgraded>
      </con:transfers>
      <con:transfers setNullOnMissingSource="true" transferTextContent="true" failOnError="true" ignoreEmpty="false" transferToAll="false" entitize="false" transferChildNodes="false">
        <con:name>biIdFile</con:name>
        <con:sourceType>biId3</con:sourceType>
        <con:sourceStep>Given properties for the test steps</con:sourceStep>
        <con:targetType>req_biId</con:targetType>
        <con:targetStep>File process status - STCKINAPPROVALBISPEC</con:targetStep>
        <con:upgraded>true</con:upgraded>
      </con:transfers>
    </con:config>
  </con:testStep>
  <con:testStep type="calltestcase" name="File process status - STCKINAPPROVALBISPEC" id="77f1ab5f-a616-4be1-bbc7-f4662c8436d3">
    <con:settings/>
    <con:config xsi:type="con:RunTestCaseStep" xmlns:xsi="http://www.w3.org/2001/XMLSchema-instance">
      <con:targetTestCase>db92ed97-71c5-4c47-898f-b848f6fc1e92</con:targetTestCase>
      <con:properties>
        <con:property>
          <con:name>req_biId</con:name>
          <con:value>${#[Test Suite for File Upload#Test Case1 - StockIn#Given properties for the test steps]#biId3}</con:value>
        </con:property>
        <con:property>
          <con:name>res_fileImportStatus</con:name>
          <con:value>300</con:value>
        </con:property>
        <con:property>
          <con:name>res_fileImportStatus2nd</con:name>
          <con:value xsi:nil="true"/>
        </con:property>
        <con:property>
          <con:name>res_status</con:name>
          <con:value>200</con:value>
        </con:property>
        <con:property>
          <con:name>res_errorMessage</con:name>
          <con:value xsi:nil="true"/>
        </con:property>
        <con:property>
          <con:name>req_createdBySalesOrganizationId</con:name>
          <con:value xsi:nil="true"/>
        </con:property>
        <con:property>
          <con:name>req_createdByUserRoleId</con:name>
          <con:value xsi:nil="true"/>
        </con:property>
        <con:property>
          <con:name>req_createdForSalesOrganizationRoleId</con:name>
          <con:value xsi:nil="true"/>
        </con:property>
        <con:property>
          <con:name>res_fileImportStageId</con:name>
          <con:value>668</con:value>
        </con:property>
        <con:property>
          <con:name>res_fileImportStageId2nd</con:name>
          <con:value>669</con:value>
        </con:property>
        <con:property>
          <con:name>res_fileImportStageId3rd</con:name>
        </con:property>
        <con:property>
          <con:name>res_fileImportStageId4th</con:name>
        </con:property>
      </con:properties>
      <con:returnProperties>
        <con:entry>res_fileImportStatus</con:entry>
        <con:entry>res_status</con:entry>
        <con:entry>res_errorMessage</con:entry>
        <con:entry>res_fileImportStageId</con:entry>
        <con:entry>res_fileImportStageId2nd</con:entry>
      </con:returnProperties>
      <con:runMode>PARALLELL</con:runMode>
    </con:config>
  </con:testStep>
  <con:testStep type="transfer" name="Property Transfer for detailed file process 3 - STCKINAPPROVALBISPEC" id="b68c434d-5f9c-45e8-94e1-66fd38d5cd94">
    <con:settings/>
    <con:config xsi:type="con:PropertyTransfersStep" xmlns:xsi="http://www.w3.org/2001/XMLSchema-instance">
      <con:transfers setNullOnMissingSource="true" transferTextContent="true" failOnError="true" ignoreEmpty="false" transferToAll="false" entitize="false" transferChildNodes="false">
        <con:name>stageId</con:name>
        <con:sourceType>res_fileImportStageId</con:sourceType>
        <con:sourceStep>File process status - STCKINAPPROVALBISPEC</con:sourceStep>
        <con:sourcePath/>
        <con:targetType>req_stageId</con:targetType>
        <con:targetStep>Detailed File Process Status 3 - STCKINAPPROVALBISPEC</con:targetStep>
        <con:targetPath/>
        <con:upgraded>true</con:upgraded>
      </con:transfers>
      <con:transfers setNullOnMissingSource="true" transferTextContent="true" failOnError="true" ignoreEmpty="false" transferToAll="false" entitize="false" transferChildNodes="false">
        <con:name>biId</con:name>
        <con:sourceType>req_biId</con:sourceType>
        <con:sourceStep>File process status - STCKINAPPROVALBISPEC</con:sourceStep>
        <con:targetType>req_biId</con:targetType>
        <con:targetStep>Detailed File Process Status 3 - STCKINAPPROVALBISPEC</con:targetStep>
        <con:upgraded>true</con:upgraded>
      </con:transfers>
      <con:transfers setNullOnMissingSource="true" transferTextContent="true" failOnError="true" ignoreEmpty="false" transferToAll="false" entitize="false" transferChildNodes="false">
        <con:name>stageId2</con:name>
        <con:sourceType>res_fileImportStageId2nd</con:sourceType>
        <con:sourceStep>File process status - STCKINAPPROVALBISPEC</con:sourceStep>
        <con:targetType>req_stageId</con:targetType>
        <con:targetStep>Detailed File Process Status 3 2 - STCKINAPPROVALBISPEC</con:targetStep>
        <con:type>JSONPATH</con:type>
        <con:targetTransferType>JSONPATH</con:targetTransferType>
        <con:upgraded>true</con:upgraded>
      </con:transfers>
      <con:transfers setNullOnMissingSource="true" transferTextContent="true" failOnError="true" ignoreEmpty="false" transferToAll="false" entitize="false" transferChildNodes="false">
        <con:name>biId2</con:name>
        <con:sourceType>req_biId</con:sourceType>
        <con:sourceStep>File process status - STCKINAPPROVALBISPEC</con:sourceStep>
        <con:targetType>req_biId</con:targetType>
        <con:targetStep>Detailed File Process Status 3 2 - STCKINAPPROVALBISPEC</con:targetStep>
        <con:type>JSONPATH</con:type>
        <con:targetTransferType>JSONPATH</con:targetTransferType>
        <con:upgraded>true</con:upgraded>
      </con:transfers>
    </con:config>
  </con:testStep>
  <con:testStep type="calltestcase" name="Detailed File Process Status 3 - STCKINAPPROVALBISPEC" id="f9789f6a-fbf5-4929-ad5f-f9f4e10a6970">
    <con:settings/>
    <con:config xsi:type="con:RunTestCaseStep" xmlns:xsi="http://www.w3.org/2001/XMLSchema-instance">
      <con:targetTestCase>cbdfb82c-a4b7-4edb-b920-1d909123d144</con:targetTestCase>
      <con:properties>
        <con:property>
          <con:name>req_biId</con:name>
          <con:value>${#[Test Suite for File Upload#Test Case1 - StockIn#Given properties for the test steps]#biId3}</con:value>
        </con:property>
        <con:property>
          <con:name>req_stageId</con:name>
          <con:value>668</con:value>
        </con:property>
        <con:property>
          <con:name>req_soId</con:name>
        </con:property>
        <con:property>
          <con:name>req_userId</con:name>
        </con:property>
        <con:property>
          <con:name>res_status</con:name>
          <con:value>200</con:value>
        </con:property>
        <con:property>
          <con:name>res_errorMessage</con:name>
          <con:value xsi:nil="true"/>
        </con:property>
        <con:property>
          <con:name>res_stageStatus</con:name>
          <con:value>300</con:value>
        </con:property>
        <con:property>
          <con:name>res_stageStatus2nd</con:name>
          <con:value>300</con:value>
        </con:property>
        <con:property>
          <con:name>res_errorDetails</con:name>
          <con:value xsi:nil="true"/>
        </con:property>
        <con:property>
          <con:name>res_errorDetails2nd</con:name>
          <con:value xsi:nil="true"/>
        </con:property>
      </con:properties>
      <con:returnProperties>
        <con:entry>res_status</con:entry>
        <con:entry>res_errorMessage</con:entry>
        <con:entry>res_stageStatus</con:entry>
        <con:entry>res_stageStatus2nd</con:entry>
        <con:entry>res_errorDetails</con:entry>
        <con:entry>res_errorDetails2nd</con:entry>
      </con:returnProperties>
      <con:runMode>PARALLELL</con:runMode>
    </con:config>
  </con:testStep>
  <con:testStep type="calltestcase" name="Detailed File Process Status 3 2 - STCKINAPPROVALBISPEC" id="2db34fe9-ee93-4178-b6a6-beeff77a31f8">
    <con:settings/>
    <con:config xsi:type="con:RunTestCaseStep" xmlns:xsi="http://www.w3.org/2001/XMLSchema-instance">
      <con:targetTestCase>cbdfb82c-a4b7-4edb-b920-1d909123d144</con:targetTestCase>
      <con:properties>
        <con:property>
          <con:name>req_biId</con:name>
          <con:value>${#[Test Suite for File Upload#Test Case1 - StockIn#Given properties for the test steps]#biId3}</con:value>
        </con:property>
        <con:property>
          <con:name>req_stageId</con:name>
          <con:value>669</con:value>
        </con:property>
        <con:property>
          <con:name>req_soId</con:name>
        </con:property>
        <con:property>
          <con:name>req_userId</con:name>
        </con:property>
        <con:property>
          <con:name>res_status</con:name>
          <con:value>200</con:value>
        </con:property>
        <con:property>
          <con:name>res_errorMessage</con:name>
          <con:value xsi:nil="true"/>
        </con:property>
        <con:property>
          <con:name>res_stageStatus</con:name>
          <con:value>400</con:value>
        </con:property>
        <con:property>
          <con:name>res_stageStatus2nd</con:name>
          <con:value>400</con:value>
        </con:property>
        <con:property>
          <con:name>res_errorDetails</con:name>
          <con:value>A Stock-In Item with same Serial Number Range exists: 10861-10862</con:value>
        </con:property>
        <con:property>
          <con:name>res_errorDetails2nd</con:name>
          <con:value>A Stock-In Item with same Serial Text exists: 112711</con:value>
        </con:property>
      </con:properties>
      <con:returnProperties>
        <con:entry>res_status</con:entry>
        <con:entry>res_errorMessage</con:entry>
        <con:entry>res_stageStatus</con:entry>
        <con:entry>res_stageStatus2nd</con:entry>
        <con:entry>res_errorDetails</con:entry>
        <con:entry>res_errorDetails2nd</con:entry>
      </con:returnProperties>
      <con:runMode>PARALLELL</con:runMode>
    </con:config>
  </con:testStep>
  <con:testStep type="assertionteststep" name="Assertion Detailed File Process Status 3 2 - STCKINAPPROVALBISPEC" id="b9e79695-e211-43bd-9e11-586702f29c5a">
    <con:settings/>
    <con:config xsi:type="con:AssertionTestStep" xmlns:xsi="http://www.w3.org/2001/XMLSchema-instance">
      <con:entry>
        <con:id>a85b68e0-48ba-471e-8f2e-6c86d5297ff1</con:id>
        <con:isGroup>false</con:isGroup>
        <con:sourceId>2db34fe9-ee93-4178-b6a6-beeff77a31f8</con:sourceId>
        <con:propertyName>res_stageStatus</con:propertyName>
        <con:assertion type="Simple Equals" name="Equals" id="e366b9f6-de60-402b-89d7-8bb0e13c31db">
          <con:configuration>
            <patternText>400</patternText>
            <caseSensitive>true</caseSensitive>
          </con:configuration>
        </con:assertion>
      </con:entry>
      <con:entry>
        <con:id>85a3c12b-1d19-4393-be02-859b4d589970</con:id>
        <con:isGroup>false</con:isGroup>
        <con:sourceId>2db34fe9-ee93-4178-b6a6-beeff77a31f8</con:sourceId>
        <con:propertyName>res_errorDetails</con:propertyName>
        <con:assertion type="Simple Contains" name="Contains" id="28536ed4-6c6c-4bf4-ad22-f1d590e40f2e">
          <con:configuration>
            <token>A Stock-In Item with same Serial Number Range exists:</token>
            <ignoreCase>false</ignoreCase>
            <useRegEx>false</useRegEx>
          </con:configuration>
        </con:assertion>
      </con:entry>
    </con:config>
  </con:testStep>
  <con:testStep type="calltestcase" name="Submit stockIn 3 - STCKINAPPROVALBISPEC" id="71eefa3b-a36f-4dd3-82db-aca4a50c879b">
    <con:settings/>
    <con:config xsi:type="con:RunTestCaseStep" xmlns:xsi="http://www.w3.org/2001/XMLSchema-instance">
      <con:targetTestCase>56922495-462d-40b3-b5c9-0eaea60d8504</con:targetTestCase>
      <con:properties>
        <con:property>
          <con:name>res_code</con:name>
          <con:value>200</con:value>
        </con:property>
        <con:property>
          <con:name>req_biId</con:name>
          <con:value>${#[Test Suite for File Upload#Test Case1 - StockIn#Given properties for the test steps]#biId3}</con:value>
        </con:property>
      </con:properties>
      <con:returnProperties>
        <con:entry>res_code</con:entry>
      </con:returnProperties>
      <con:runMode>PARALLELL</con:runMode>
    </con:config>
  </con:testStep>
  <con:testStep type="assertionteststep" name="Assertion submit stockIn 3 - STCKINAPPROVALBISPEC" id="c34744e1-61e9-49b8-a1ea-c02f789b230f">
    <con:settings/>
    <con:config xsi:type="con:AssertionTestStep" xmlns:xsi="http://www.w3.org/2001/XMLSchema-instance">
      <con:entry>
        <con:id>18be8bd8-a8fe-484b-8a4b-1b3315da0ae8</con:id>
        <con:isGroup>false</con:isGroup>
        <con:sourceId>71eefa3b-a36f-4dd3-82db-aca4a50c879b</con:sourceId>
        <con:propertyName>res_code</con:propertyName>
        <con:assertion type="Simple Equals" name="Equals" id="496e0950-9930-46f1-b8cf-1565b715b5ba">
          <con:configuration>
            <patternText>200</patternText>
            <caseSensitive>true</caseSensitive>
          </con:configuration>
        </con:assertion>
      </con:entry>
    </con:config>
  </con:testStep>
  <con:testStep type="transfer" name="Property Transfer approve stockin - STCKINAPPROVALBISPEC" id="f90532d5-98a2-4796-ad40-5c7e81305e8e">
    <con:settings/>
    <con:config xsi:type="con:PropertyTransfersStep" xmlns:xsi="http://www.w3.org/2001/XMLSchema-instance">
      <con:transfers setNullOnMissingSource="true" transferTextContent="true" failOnError="true" ignoreEmpty="false" transferToAll="false" entitize="false" transferChildNodes="false">
        <con:name>biId</con:name>
        <con:sourceType>biId3</con:sourceType>
        <con:sourceStep>Given properties for the test steps</con:sourceStep>
        <con:sourcePath/>
        <con:targetType>req_biId</con:targetType>
        <con:targetStep>Approve stockIn bi item 3 - STCKINAPPROVALBISPEC</con:targetStep>
        <con:targetPath/>
        <con:upgraded>true</con:upgraded>
      </con:transfers>
    </con:config>
  </con:testStep>
  <con:testStep type="calltestcase" name="Approve stockIn bi item 3 - STCKINAPPROVALBISPEC" id="ea03564c-b2a4-4d96-991f-22674265db74">
    <con:settings/>
    <con:config xsi:type="con:RunTestCaseStep" xmlns:xsi="http://www.w3.org/2001/XMLSchema-instance">
      <con:targetTestCase>66a2dba0-23c0-4ee6-bae6-14ad91317528</con:targetTestCase>
      <con:properties>
        <con:property>
          <con:name>req_biId</con:name>
          <con:value>${#[Test Suite for File Upload#Test Case1 - StockIn#Given properties for the test steps]#biId3}</con:value>
        </con:property>
        <con:property>
          <con:name>res_biId</con:name>
          <con:value>14021</con:value>
        </con:property>
        <con:property>
          <con:name>res_code</con:name>
          <con:value xsi:nil="true"/>
        </con:property>
        <con:property>
          <con:name>res_errorMessage</con:name>
          <con:value xsi:nil="true"/>
        </con:property>
        <con:property>
          <con:name>res_httpStatusCode</con:name>
          <con:value>200</con:value>
        </con:property>
      </con:properties>
      <con:returnProperties>
        <con:entry>res_biId</con:entry>
        <con:entry>res_code</con:entry>
        <con:entry>res_errorMessage</con:entry>
        <con:entry>res_httpStatusCode</con:entry>
      </con:returnProperties>
      <con:runMode>PARALLELL</con:runMode>
    </con:config>
  </con:testStep>
  <con:testStep type="assertionteststep" name="Assertion approve stockin biItem - STCKINAPPROVALBISPEC" id="0d4c02a5-5538-4095-a725-a0ac7dd21991">
    <con:settings/>
    <con:config xsi:type="con:AssertionTestStep" xmlns:xsi="http://www.w3.org/2001/XMLSchema-instance">
      <con:entry>
        <con:id>557009a6-cc1d-408f-a3f6-3881de01af0d</con:id>
        <con:isGroup>false</con:isGroup>
        <con:sourceId>ea03564c-b2a4-4d96-991f-22674265db74</con:sourceId>
        <con:propertyName>res_biId</con:propertyName>
        <con:assertion type="Simple Contains" name="Contains" id="4b87089c-adb1-4286-9b42-1cbf9cb0486d">
          <con:configuration>
            <token>\d+</token>
            <ignoreCase>false</ignoreCase>
            <useRegEx>true</useRegEx>
          </con:configuration>
        </con:assertion>
      </con:entry>
      <con:entry>
        <con:id>72364922-524b-4ed8-bb96-0f0b7f6c5f4f</con:id>
        <con:isGroup>false</con:isGroup>
        <con:sourceId>ea03564c-b2a4-4d96-991f-22674265db74</con:sourceId>
        <con:propertyName>res_httpStatusCode</con:propertyName>
        <con:assertion type="Simple Equals" name="Equals" id="b97f2399-4229-485c-970c-05b0ad57d68e">
          <con:configuration>
            <patternText>200</patternText>
            <caseSensitive>true</caseSensitive>
          </con:configuration>
        </con:assertion>
      </con:entry>
    </con:config>
  </con:testStep>
  <con:testStep type="transfer" name="Property Transfer display biId3 - STCKINAPPROVALBISPEC" id="5bef6872-50ae-4994-b734-f92bd7eeb412">
    <con:settings/>
    <con:config xsi:type="con:PropertyTransfersStep" xmlns:xsi="http://www.w3.org/2001/XMLSchema-instance">
      <con:transfers setNullOnMissingSource="true" transferTextContent="true" failOnError="true" ignoreEmpty="false" transferToAll="false" entitize="false" transferChildNodes="false">
        <con:name>biId</con:name>
        <con:sourceType>biId3</con:sourceType>
        <con:sourceStep>Given properties for the test steps</con:sourceStep>
        <con:sourcePath/>
        <con:targetType>req_biId</con:targetType>
        <con:targetStep>Display stockIn bi 3 - STCKINAPPROVALBISPEC</con:targetStep>
        <con:targetPath/>
        <con:upgraded>true</con:upgraded>
      </con:transfers>
    </con:config>
  </con:testStep>
  <con:testStep type="calltestcase" name="Display stockIn bi 3 - STCKINAPPROVALBISPEC" id="85b0645b-1058-414a-a04a-2b18b48a85c1">
    <con:settings/>
    <con:config xsi:type="con:RunTestCaseStep" xmlns:xsi="http://www.w3.org/2001/XMLSchema-instance">
      <con:targetTestCase>23c105c1-e15f-4ce4-8f04-c5a3f5541b68</con:targetTestCase>
      <con:properties>
        <con:property>
          <con:name>req_biId</con:name>
          <con:value>${#[Test Suite for File Upload#Test Case1 - StockIn#Given properties for the test steps]#biId3}</con:value>
        </con:property>
        <con:property>
          <con:name>res_stockInBI</con:name>
          <con:value>{"businessInteractionType":1,"code":"STI-14021","description":"Stock In at [name-so-455aaa9f-210d-42ac-b27c-fa057bb93d93] by [John Smith]","mainState":"Closed","state":"Closed","createdDate":"2018-03-13T12:18:30.447Z","preventUpdateFromOtherSystem":false,"id":"14021"}</con:value>
        </con:property>
        <con:property>
          <con:name>res_biId</con:name>
          <con:value>14021</con:value>
        </con:property>
        <con:property>
          <con:name>res_state</con:name>
          <con:value>Closed</con:value>
        </con:property>
        <con:property>
          <con:name>res_mainState</con:name>
          <con:value>Closed</con:value>
        </con:property>
        <con:property>
          <con:name>res_errorMessage</con:name>
        </con:property>
        <con:property>
          <con:name>res_httpStatusCode</con:name>
        </con:property>
      </con:properties>
      <con:returnProperties>
        <con:entry>res_stockInBI</con:entry>
        <con:entry>res_biId</con:entry>
        <con:entry>res_state</con:entry>
        <con:entry>res_mainState</con:entry>
      </con:returnProperties>
      <con:runMode>PARALLELL</con:runMode>
    </con:config>
  </con:testStep>
  <con:testStep type="assertionteststep" name="Assertion Display stockIn bi 3 - STCKINAPPROVALBISPEC" id="b4889e41-87e9-41f9-a3e4-7ce8ea612014">
    <con:settings/>
    <con:config xsi:type="con:AssertionTestStep" xmlns:xsi="http://www.w3.org/2001/XMLSchema-instance">
      <con:entry>
        <con:id>30092640-8c6c-4580-94ee-b529898fdbd9</con:id>
        <con:isGroup>false</con:isGroup>
        <con:sourceId>85b0645b-1058-414a-a04a-2b18b48a85c1</con:sourceId>
        <con:propertyName>res_mainState</con:propertyName>
        <con:assertion type="Simple Equals" name="Equals" id="5768ada3-d1d6-403a-b4c8-7e654e81e086">
          <con:configuration>
            <patternText>Closed</patternText>
            <caseSensitive>true</caseSensitive>
          </con:configuration>
        </con:assertion>
      </con:entry>
      <con:entry>
        <con:id>b99ecd68-922a-4c94-8014-36b3a8cfd68c</con:id>
        <con:isGroup>false</con:isGroup>
        <con:sourceId>85b0645b-1058-414a-a04a-2b18b48a85c1</con:sourceId>
        <con:propertyName>res_state</con:propertyName>
        <con:assertion type="Simple Equals" name="Equals 2" id="ac5055e4-f20c-42a5-8297-142df6089e37">
          <con:configuration>
            <patternText>Closed</patternText>
            <caseSensitive>true</caseSensitive>
          </con:configuration>
        </con:assertion>
      </con:entry>
      <con:entry>
        <con:id>fd88b036-2a61-44f9-85cb-adbce5899868</con:id>
        <con:isGroup>false</con:isGroup>
        <con:sourceId>85b0645b-1058-414a-a04a-2b18b48a85c1</con:sourceId>
        <con:propertyName>res_biId</con:propertyName>
        <con:assertion type="Simple Contains" name="Contains" id="aaa00cfc-91a3-4463-b503-5cdc2a12e972">
          <con:configuration>
            <token>\d+</token>
            <ignoreCase>false</ignoreCase>
            <useRegEx>true</useRegEx>
          </con:configuration>
        </con:assertion>
      </con:entry>
    </con:config>
  </con:testStep>
  <con:testStep type="transfer" name="Set display product 3 - STCKINAPPROVALBISPEC" id="111978d5-4fce-4bd1-918e-529010b94a91">
    <con:settings/>
    <con:config xsi:type="con:PropertyTransfersStep" xmlns:xsi="http://www.w3.org/2001/XMLSchema-instance">
      <con:transfers setNullOnMissingSource="true" transferTextContent="true" failOnError="true" ignoreEmpty="false" transferToAll="false" entitize="false" transferChildNodes="false">
        <con:name>productSpecExtId</con:name>
        <con:sourceType>serializedProductSpecExtId</con:sourceType>
        <con:sourceStep>Given properties for the test steps</con:sourceStep>
        <con:sourcePath/>
        <con:targetType>req_prodSpecExtId</con:targetType>
        <con:targetStep>Display product 3 - STCKINAPPROVALBISPEC</con:targetStep>
        <con:targetPath/>
        <con:upgraded>true</con:upgraded>
      </con:transfers>
      <con:transfers setNullOnMissingSource="true" transferTextContent="true" failOnError="true" ignoreEmpty="false" transferToAll="false" entitize="false" transferChildNodes="false">
        <con:name>startSerial</con:name>
        <con:sourceType>startserial2</con:sourceType>
        <con:sourceStep>Given properties for the test steps</con:sourceStep>
        <con:targetType>req_productSerialNumber</con:targetType>
        <con:targetStep>Display product 3 - STCKINAPPROVALBISPEC</con:targetStep>
        <con:upgraded>true</con:upgraded>
      </con:transfers>
      <con:transfers setNullOnMissingSource="true" transferTextContent="true" failOnError="true" ignoreEmpty="false" transferToAll="false" entitize="false" transferChildNodes="false">
        <con:name>soId</con:name>
        <con:sourceType>null</con:sourceType>
        <con:sourceStep>Given properties for the test steps</con:sourceStep>
        <con:targetType>UserSo</con:targetType>
        <con:targetStep>#Project#</con:targetStep>
        <con:upgraded>true</con:upgraded>
      </con:transfers>
    </con:config>
  </con:testStep>
  <con:testStep type="calltestcase" name="Display product 3 - STCKINAPPROVALBISPEC" id="5d2ea19f-4a48-4b47-be41-0b41838cac05">
    <con:settings/>
    <con:config xsi:type="con:RunTestCaseStep" xmlns:xsi="http://www.w3.org/2001/XMLSchema-instance">
      <con:targetTestCase>ff39403d-fc07-4856-b846-7d260e2ccf9a</con:targetTestCase>
      <con:properties>
        <con:property>
          <con:name>req_productSerialNumber</con:name>
          <con:value>${#[Test Suite for File Upload#Test Case1 - StockIn#Given properties for the test steps]#startserial2}</con:value>
        </con:property>
        <con:property>
          <con:name>res_code</con:name>
          <con:value>200</con:value>
        </con:property>
        <con:property>
          <con:name>res_errorMessage</con:name>
          <con:value xsi:nil="true"/>
        </con:property>
        <con:property>
          <con:name>req_prodSpecExtId</con:name>
          <con:value>EXT-IPHONE6S-1</con:value>
        </con:property>
        <con:property>
          <con:name>res_productId</con:name>
          <con:value>383</con:value>
        </con:property>
        <con:property>
          <con:name>res_status</con:name>
          <con:value>Sellable</con:value>
        </con:property>
        <con:property>
          <con:name>res_quantity</con:name>
          <con:value>2</con:value>
        </con:property>
        <con:property>
          <con:name>res_startSerial</con:name>
          <con:value>10861</con:value>
        </con:property>
        <con:property>
          <con:name>res_charExtId1</con:name>
          <con:value>1-EXT</con:value>
        </con:property>
        <con:property>
          <con:name>res_charExtId2</con:name>
          <con:value>2-EXT</con:value>
        </con:property>
        <con:property>
          <con:name>res_charExtId3</con:name>
          <con:value>3-EXT</con:value>
        </con:property>
        <con:property>
          <con:name>res_charValueExtId1</con:name>
          <con:value>1-EXT</con:value>
        </con:property>
        <con:property>
          <con:name>res_charValueExtId2</con:name>
          <con:value>4-EXT</con:value>
        </con:property>
        <con:property>
          <con:name>res_charValueExtId3</con:name>
          <con:value>8-EXT</con:value>
        </con:property>
        <con:property>
          <con:name>res_serializedCharExtId</con:name>
          <con:value xsi:nil="true"/>
        </con:property>
        <con:property>
          <con:name>res_serializedCharValue</con:name>
          <con:value xsi:nil="true"/>
        </con:property>
        <con:property>
          <con:name>res_batchId</con:name>
        </con:property>
      </con:properties>
      <con:returnProperties>
        <con:entry>res_code</con:entry>
        <con:entry>res_errorMessage</con:entry>
        <con:entry>res_productId</con:entry>
        <con:entry>res_status</con:entry>
        <con:entry>res_quantity</con:entry>
        <con:entry>res_startSerial</con:entry>
        <con:entry>res_charExtId1</con:entry>
        <con:entry>res_charExtId2</con:entry>
        <con:entry>res_charExtId3</con:entry>
        <con:entry>res_charValueExtId1</con:entry>
        <con:entry>res_charValueExtId2</con:entry>
        <con:entry>res_charValueExtId3</con:entry>
        <con:entry>res_serializedCharExtId</con:entry>
        <con:entry>res_serializedCharValue</con:entry>
      </con:returnProperties>
      <con:runMode>PARALLELL</con:runMode>
    </con:config>
  </con:testStep>
  <con:testStep type="assertionteststep" name="Assertion display product - STCKINAPPROVALBISPEC" id="ffdf646e-e1d6-4332-b60a-733389882fc7">
    <con:settings/>
    <con:config xsi:type="con:AssertionTestStep" xmlns:xsi="http://www.w3.org/2001/XMLSchema-instance">
      <con:entry>
        <con:id>55da1c86-7ce3-4c7e-9494-adbef8de046e</con:id>
        <con:isGroup>false</con:isGroup>
        <con:sourceId>5d2ea19f-4a48-4b47-be41-0b41838cac05</con:sourceId>
        <con:propertyName>res_status</con:propertyName>
        <con:assertion type="Simple Equals" name="Equals" id="0c206b6a-dd28-4ac5-a678-07e232fb952d">
          <con:configuration>
            <patternObjectId>85633c4f-3c29-4c16-a02e-92f047e3d591</patternObjectId>
            <patternProperty>status</patternProperty>
            <caseSensitive>true</caseSensitive>
          </con:configuration>
        </con:assertion>
      </con:entry>
      <con:entry>
        <con:id>ce4c2aa7-22a5-4ef7-8c82-bca2875e1eb9</con:id>
        <con:isGroup>false</con:isGroup>
        <con:sourceId>5d2ea19f-4a48-4b47-be41-0b41838cac05</con:sourceId>
        <con:propertyName>res_productId</con:propertyName>
        <con:assertion type="Simple Contains" name="Contains" id="25fee009-416e-47f9-8fca-d76b9019515b">
          <con:configuration>
            <token>\d+</token>
            <ignoreCase>false</ignoreCase>
            <useRegEx>true</useRegEx>
          </con:configuration>
        </con:assertion>
      </con:entry>
      <con:entry>
        <con:id>fd983ea3-8625-4b8b-9e89-eda7b0e26255</con:id>
        <con:isGroup>false</con:isGroup>
        <con:sourceId>5d2ea19f-4a48-4b47-be41-0b41838cac05</con:sourceId>
        <con:propertyName>res_code</con:propertyName>
        <con:assertion type="Simple Equals" name="Equals 2" id="7e48897d-d1c7-48b9-a874-1fcf690a047b">
          <con:configuration>
            <patternText>200</patternText>
            <caseSensitive>true</caseSensitive>
          </con:configuration>
        </con:assertion>
      </con:entry>
      <con:entry>
        <con:id>54e7f045-ed3d-4567-a74b-97df3ba0e8c1</con:id>
        <con:isGroup>false</con:isGroup>
        <con:sourceId>5d2ea19f-4a48-4b47-be41-0b41838cac05</con:sourceId>
        <con:propertyName>res_charExtId1</con:propertyName>
        <con:assertion type="Simple Equals" name="Equals 3" id="46bea451-b7b3-486c-b794-6d2d45911281">
          <con:configuration>
            <patternText>1-EXT</patternText>
            <caseSensitive>true</caseSensitive>
          </con:configuration>
        </con:assertion>
      </con:entry>
    </con:config>
  </con:testStep>
  <con:testStep type="transfer" name="Set display product 3 wo range - STCKINAPPROVALBISPEC" id="a94a0555-a32e-44db-8f15-f1fa48ca740c">
    <con:settings/>
    <con:config xsi:type="con:PropertyTransfersStep" xmlns:xsi="http://www.w3.org/2001/XMLSchema-instance">
      <con:transfers setNullOnMissingSource="true" transferTextContent="true" failOnError="true" ignoreEmpty="false" transferToAll="false" entitize="false" transferChildNodes="false">
        <con:name>productSpecExtId</con:name>
        <con:sourceType>serializedWORANGEProdSpecExtId</con:sourceType>
        <con:sourceStep>Given properties for the test steps</con:sourceStep>
        <con:sourcePath/>
        <con:targetType>req_prodSpecExtId</con:targetType>
        <con:targetStep>Display product 3 wo range - STCKINAPPROVALBISPEC</con:targetStep>
        <con:targetPath/>
        <con:upgraded>true</con:upgraded>
      </con:transfers>
      <con:transfers setNullOnMissingSource="true" transferTextContent="true" failOnError="true" ignoreEmpty="false" transferToAll="false" entitize="false" transferChildNodes="false">
        <con:name>startSerial</con:name>
        <con:sourceType>SerialWORange</con:sourceType>
        <con:sourceStep>Given properties for the test steps</con:sourceStep>
        <con:targetType>req_productSerialText</con:targetType>
        <con:targetStep>Display product 3 wo range - STCKINAPPROVALBISPEC</con:targetStep>
        <con:upgraded>true</con:upgraded>
      </con:transfers>
    </con:config>
  </con:testStep>
  <con:testStep type="calltestcase" name="Display product 3 wo range - STCKINAPPROVALBISPEC" id="3f72489c-5344-4cff-8825-922b3471eee5">
    <con:settings/>
    <con:config xsi:type="con:RunTestCaseStep" xmlns:xsi="http://www.w3.org/2001/XMLSchema-instance">
      <con:targetTestCase>7dd6d3d5-fb6a-49fd-9043-a94f5f3402a7</con:targetTestCase>
      <con:properties>
        <con:property>
          <con:name>res_code</con:name>
          <con:value>200</con:value>
        </con:property>
        <con:property>
          <con:name>res_errorMessage</con:name>
          <con:value xsi:nil="true"/>
        </con:property>
        <con:property>
          <con:name>req_prodSpecExtId</con:name>
          <con:value>EXT-GALAXYNOTE4-1</con:value>
        </con:property>
        <con:property>
          <con:name>res_productId</con:name>
          <con:value>[{"productInformation":{"quantity":1,"status":"Sellable","serialNumber":"112711","isPaired":false,"description":"Screen Size : 5.4; Memory : 32 GB; Processor : M10","productSpecification":{"id":"2"}},"characteristicValueUses":[{"characteristic":{"externalId":"1-EXT","name":"Screen Size","description":"Screen Size","id":"1"},"characteristicValue":{"externalId":"2-EXT","value":"5.4","id":"2"}},{"characteristic":{"externalId":"2-EXT","name":"Memory","description":"Memory","id":"2"},"characteristicValue":{"externalId":"5-EXT","value":"32 GB","id":"5"}},{"characteristic":{"externalId":"3-EXT","name":"Processor","description":"Processor","id":"3"},"characteristicValue":{"externalId":"10-EXT","value":"M10","id":"10"}}],"salesOrganizationId":"436","salesOrganizationName":"name-so-455aaa9f-210d-42ac-b27c-fa057bb93d93","inventoryId":"439","inventoryName":"Inventory - inventory-485de5c0-bde5-4824-848d-9bf87ce5c8c1","productSpecificationExternalId":"EXT-GALAXYNOTE4-1","id":"384"}]</con:value>
        </con:property>
        <con:property>
          <con:name>res_charExtId1</con:name>
          <con:value>1-EXT</con:value>
        </con:property>
        <con:property>
          <con:name>res_charExtId2</con:name>
          <con:value>2-EXT</con:value>
        </con:property>
        <con:property>
          <con:name>res_charExtId3</con:name>
          <con:value>3-EXT</con:value>
        </con:property>
        <con:property>
          <con:name>res_charValueExtId1</con:name>
          <con:value>2-EXT</con:value>
        </con:property>
        <con:property>
          <con:name>res_charValueExtId2</con:name>
          <con:value>5-EXT</con:value>
        </con:property>
        <con:property>
          <con:name>res_charValueExtId3</con:name>
          <con:value>10-EXT</con:value>
        </con:property>
        <con:property>
          <con:name>res_serializedCharExtId</con:name>
          <con:value xsi:nil="true"/>
        </con:property>
        <con:property>
          <con:name>res_serializedCharValue</con:name>
          <con:value xsi:nil="true"/>
        </con:property>
        <con:property>
          <con:name>req_productSerialText</con:name>
          <con:value>${#[Test Suite for File Upload#Test Case1 - StockIn#Given properties for the test steps]#SerialWORange}</con:value>
        </con:property>
        <con:property>
          <con:name>res_productSerialText</con:name>
          <con:value>112711</con:value>
        </con:property>
      </con:properties>
      <con:returnProperties>
        <con:entry>res_code</con:entry>
        <con:entry>res_errorMessage</con:entry>
        <con:entry>res_productId</con:entry>
        <con:entry>res_charExtId1</con:entry>
        <con:entry>res_charExtId2</con:entry>
        <con:entry>res_charExtId3</con:entry>
        <con:entry>res_charValueExtId1</con:entry>
        <con:entry>res_charValueExtId2</con:entry>
        <con:entry>res_charValueExtId3</con:entry>
        <con:entry>res_serializedCharExtId</con:entry>
        <con:entry>res_serializedCharValue</con:entry>
        <con:entry>res_productSerialText</con:entry>
      </con:returnProperties>
      <con:runMode>PARALLELL</con:runMode>
    </con:config>
  </con:testStep>
  <con:testStep type="assertionteststep" name="Assertion display product wo range - STCKINAPPROVALBISPEC" id="bbc601d5-9bf8-4d5e-b4ca-a37f632a38db">
    <con:settings/>
    <con:config xsi:type="con:AssertionTestStep" xmlns:xsi="http://www.w3.org/2001/XMLSchema-instance">
      <con:entry>
        <con:id>92c3613d-c0d6-45d6-8be4-8e2f6b0f3bb9</con:id>
        <con:isGroup>false</con:isGroup>
        <con:sourceId>3f72489c-5344-4cff-8825-922b3471eee5</con:sourceId>
        <con:propertyName>res_code</con:propertyName>
        <con:assertion type="Simple Equals" name="Equals" id="c89080c5-71aa-42bc-ac58-65a5158bccb6">
          <con:configuration>
            <patternText>200</patternText>
            <caseSensitive>true</caseSensitive>
          </con:configuration>
        </con:assertion>
      </con:entry>
      <con:entry>
        <con:id>688f0913-4c3b-4a4c-8d10-72cfd61ab053</con:id>
        <con:isGroup>false</con:isGroup>
        <con:sourceId>3f72489c-5344-4cff-8825-922b3471eee5</con:sourceId>
        <con:propertyName>res_charExtId1</con:propertyName>
        <con:assertion type="Simple Equals" name="Equals 2" id="ef488cc7-3b3f-4171-a690-06cf3ccca784">
          <con:configuration>
            <patternText>1-EXT</patternText>
            <caseSensitive>true</caseSensitive>
          </con:configuration>
        </con:assertion>
      </con:entry>
      <con:entry>
        <con:id>0e0db623-59bb-4720-a44c-595f3d9a9840</con:id>
        <con:isGroup>false</con:isGroup>
        <con:sourceId>3f72489c-5344-4cff-8825-922b3471eee5</con:sourceId>
        <con:propertyName>res_productId</con:propertyName>
        <con:assertion type="Simple Contains" name="Contains" id="c04ac1ca-4f3c-4b19-acc2-5e1412399106">
          <con:configuration>
            <token>\d+</token>
            <ignoreCase>false</ignoreCase>
            <useRegEx>true</useRegEx>
          </con:configuration>
        </con:assertion>
      </con:entry>
    </con:config>
  </con:testStep>
  <con:testStep type="manualTestStep" name="--------------------------------------" id="fc8a15e1-507f-4131-9515-1288126322ca" disabled="true">
    <con:settings/>
    <con:config xsi:type="con:ManualTestStep" xmlns:xsi="http://www.w3.org/2001/XMLSchema-instance"/>
  </con:testStep>
  <con:testStep type="transfer" name="Property Transfer biId - negative serial 4" id="5a736ded-afc5-4635-9363-d662b3503715" disabled="true">
    <con:settings/>
    <con:config xsi:type="con:PropertyTransfersStep" xmlns:xsi="http://www.w3.org/2001/XMLSchema-instance">
      <con:transfers setNullOnMissingSource="true" transferTextContent="true" failOnError="true" ignoreEmpty="false" transferToAll="false" entitize="false" transferChildNodes="false">
        <con:name>biId</con:name>
        <con:sourceType>biId 4</con:sourceType>
        <con:sourceStep>Given properties for the test steps</con:sourceStep>
        <con:sourcePath/>
        <con:targetType>req_biId</con:targetType>
        <con:targetStep>Submit stockIn - negative serial 4</con:targetStep>
        <con:targetPath/>
        <con:upgraded>true</con:upgraded>
      </con:transfers>
      <con:transfers setNullOnMissingSource="true" transferTextContent="true" failOnError="true" ignoreEmpty="false" transferToAll="false" entitize="false" transferChildNodes="false">
        <con:name>biIdFile</con:name>
        <con:sourceType>biId 4</con:sourceType>
        <con:sourceStep>Given properties for the test steps</con:sourceStep>
        <con:targetType>req_biId</con:targetType>
        <con:targetStep>File process status - negative serial 4</con:targetStep>
        <con:upgraded>true</con:upgraded>
      </con:transfers>
    </con:config>
  </con:testStep>
  <con:testStep type="calltestcase" name="File process status - negative serial 4" id="62516139-e7d0-4916-a492-f33a443320d0" disabled="true">
    <con:settings/>
    <con:config xsi:type="con:RunTestCaseStep" xmlns:xsi="http://www.w3.org/2001/XMLSchema-instance">
      <con:targetTestCase>db92ed97-71c5-4c47-898f-b848f6fc1e92</con:targetTestCase>
      <con:properties>
        <con:property>
          <con:name>req_biId</con:name>
          <con:value>${#[Test Suite for File Upload#Test Case1 - StockIn#Given properties for the test steps]#biId4}</con:value>
        </con:property>
        <con:property>
          <con:name>res_fileImportStatus</con:name>
          <con:value>300</con:value>
        </con:property>
        <con:property>
          <con:name>res_fileImportStatus2nd</con:name>
          <con:value xsi:nil="true"/>
        </con:property>
        <con:property>
          <con:name>res_status</con:name>
          <con:value>200</con:value>
        </con:property>
        <con:property>
          <con:name>res_errorMessage</con:name>
          <con:value xsi:nil="true"/>
        </con:property>
        <con:property>
          <con:name>req_createdBySalesOrganizationId</con:name>
          <con:value xsi:nil="true"/>
        </con:property>
        <con:property>
          <con:name>req_createdByUserRoleId</con:name>
          <con:value xsi:nil="true"/>
        </con:property>
        <con:property>
          <con:name>req_createdForSalesOrganizationRoleId</con:name>
          <con:value xsi:nil="true"/>
        </con:property>
        <con:property>
          <con:name>res_fileImportStageId</con:name>
          <con:value>151</con:value>
        </con:property>
        <con:property>
          <con:name>res_fileImportStageId2nd</con:name>
          <con:value xsi:nil="true"/>
        </con:property>
        <con:property>
          <con:name>res_fileImportStageId3rd</con:name>
        </con:property>
        <con:property>
          <con:name>res_fileImportStageId4th</con:name>
        </con:property>
      </con:properties>
      <con:returnProperties>
        <con:entry>res_fileImportStatus</con:entry>
        <con:entry>res_status</con:entry>
        <con:entry>res_errorMessage</con:entry>
        <con:entry>res_fileImportStageId</con:entry>
        <con:entry>res_fileImportStageId2nd</con:entry>
      </con:returnProperties>
      <con:runMode>PARALLELL</con:runMode>
    </con:config>
  </con:testStep>
  <con:testStep type="transfer" name="Property Transfer for detailed file process - negative serial 4" id="4d429a0e-bb90-457e-9f85-43083fbc987d" disabled="true">
    <con:settings/>
    <con:config xsi:type="con:PropertyTransfersStep" xmlns:xsi="http://www.w3.org/2001/XMLSchema-instance">
      <con:transfers setNullOnMissingSource="true" transferTextContent="true" failOnError="true" ignoreEmpty="false" transferToAll="false" entitize="false" transferChildNodes="false">
        <con:name>stageId</con:name>
        <con:sourceType>res_fileImportStageId</con:sourceType>
        <con:sourceStep>File process status - negative serial 4</con:sourceStep>
        <con:sourcePath/>
        <con:targetType>req_stageId</con:targetType>
        <con:targetStep>Detailed File Process Status - negative serial 4</con:targetStep>
        <con:targetPath/>
        <con:upgraded>true</con:upgraded>
      </con:transfers>
      <con:transfers setNullOnMissingSource="true" transferTextContent="true" failOnError="true" ignoreEmpty="false" transferToAll="false" entitize="false" transferChildNodes="false">
        <con:name>biId</con:name>
        <con:sourceType>req_biId</con:sourceType>
        <con:sourceStep>File process status - negative serial 4</con:sourceStep>
        <con:targetType>req_biId</con:targetType>
        <con:targetStep>Detailed File Process Status - negative serial 4</con:targetStep>
        <con:upgraded>true</con:upgraded>
      </con:transfers>
    </con:config>
  </con:testStep>
  <con:testStep type="calltestcase" name="Detailed File Process Status - negative serial 4" id="bf3ce34a-2d3b-495e-a057-cba0fb795b45" disabled="true">
    <con:settings/>
    <con:config xsi:type="con:RunTestCaseStep" xmlns:xsi="http://www.w3.org/2001/XMLSchema-instance">
      <con:targetTestCase>cbdfb82c-a4b7-4edb-b920-1d909123d144</con:targetTestCase>
      <con:properties>
        <con:property>
          <con:name>req_biId</con:name>
          <con:value>${#[Test Suite for File Upload#Test Case1 - StockIn#Given properties for the test steps]#biId4}</con:value>
        </con:property>
        <con:property>
          <con:name>req_stageId</con:name>
          <con:value>151</con:value>
        </con:property>
        <con:property>
          <con:name>req_soId</con:name>
        </con:property>
        <con:property>
          <con:name>req_userId</con:name>
        </con:property>
        <con:property>
          <con:name>res_status</con:name>
          <con:value>200</con:value>
        </con:property>
        <con:property>
          <con:name>res_errorMessage</con:name>
          <con:value xsi:nil="true"/>
        </con:property>
        <con:property>
          <con:name>res_stageStatus</con:name>
          <con:value>400</con:value>
        </con:property>
        <con:property>
          <con:name>res_stageStatus2nd</con:name>
          <con:value xsi:nil="true"/>
        </con:property>
        <con:property>
          <con:name>res_errorDetails</con:name>
          <con:value>Product start serial number must be a positive integer.</con:value>
        </con:property>
        <con:property>
          <con:name>res_errorDetails2nd</con:name>
          <con:value xsi:nil="true"/>
        </con:property>
      </con:properties>
      <con:returnProperties>
        <con:entry>res_status</con:entry>
        <con:entry>res_errorMessage</con:entry>
        <con:entry>res_stageStatus</con:entry>
        <con:entry>res_stageStatus2nd</con:entry>
        <con:entry>res_errorDetails</con:entry>
        <con:entry>res_errorDetails2nd</con:entry>
      </con:returnProperties>
      <con:runMode>PARALLELL</con:runMode>
    </con:config>
  </con:testStep>
  <con:testStep type="calltestcase" name="Submit stockIn - negative serial 4" id="65884e03-a0af-4741-a1c3-e9c6659ecfd3" disabled="true">
    <con:settings/>
    <con:config xsi:type="con:RunTestCaseStep" xmlns:xsi="http://www.w3.org/2001/XMLSchema-instance">
      <con:targetTestCase>56922495-462d-40b3-b5c9-0eaea60d8504</con:targetTestCase>
      <con:properties>
        <con:property>
          <con:name>res_code</con:name>
          <con:value>200</con:value>
        </con:property>
        <con:property>
          <con:name>req_biId</con:name>
          <con:value>${#[Test Suite for File Upload#Test Case1 - StockIn#Given properties for the test steps]#biId4}</con:value>
        </con:property>
      </con:properties>
      <con:returnProperties>
        <con:entry>res_code</con:entry>
      </con:returnProperties>
      <con:runMode>PARALLELL</con:runMode>
    </con:config>
  </con:testStep>
  <con:testStep type="assertionteststep" name="Assertion submit stockIn - negative serial 4" id="71832a8f-d64d-48ef-9f40-70796f1be8bf" disabled="true">
    <con:settings/>
    <con:config xsi:type="con:AssertionTestStep" xmlns:xsi="http://www.w3.org/2001/XMLSchema-instance">
      <con:entry>
        <con:id>1f22d512-a1dc-4191-9f1e-fbd7e5902b25</con:id>
        <con:isGroup>false</con:isGroup>
        <con:sourceId>65884e03-a0af-4741-a1c3-e9c6659ecfd3</con:sourceId>
        <con:propertyName>res_code</con:propertyName>
        <con:assertion type="Simple Equals" name="Equals" id="f11d5ef4-e75f-400c-8e98-725975c8a744">
          <con:configuration>
            <patternText>200</patternText>
            <caseSensitive>true</caseSensitive>
          </con:configuration>
        </con:assertion>
      </con:entry>
    </con:config>
  </con:testStep>
  <con:testStep type="transfer" name="Property Transfer display biId - negative serial 4" id="5ad5f999-c7c9-4188-a7be-f68801e4c41f" disabled="true">
    <con:settings/>
    <con:config xsi:type="con:PropertyTransfersStep" xmlns:xsi="http://www.w3.org/2001/XMLSchema-instance">
      <con:transfers setNullOnMissingSource="true" transferTextContent="true" failOnError="true" ignoreEmpty="false" transferToAll="false" entitize="false" transferChildNodes="false">
        <con:name>biId</con:name>
        <con:sourceType>biId 4</con:sourceType>
        <con:sourceStep>Given properties for the test steps</con:sourceStep>
        <con:sourcePath/>
        <con:targetType>req_biId</con:targetType>
        <con:targetStep>Display stockIn bi - negative serial 4</con:targetStep>
        <con:targetPath/>
        <con:upgraded>true</con:upgraded>
      </con:transfers>
    </con:config>
  </con:testStep>
  <con:testStep type="calltestcase" name="Display stockIn bi - negative serial 4" id="26c2a5ca-f029-4f48-ab50-1a7a4a959307" disabled="true">
    <con:settings/>
    <con:config xsi:type="con:RunTestCaseStep" xmlns:xsi="http://www.w3.org/2001/XMLSchema-instance">
      <con:targetTestCase>23c105c1-e15f-4ce4-8f04-c5a3f5541b68</con:targetTestCase>
      <con:properties>
        <con:property>
          <con:name>req_biId</con:name>
          <con:value>${#[Test Suite for File Upload#Test Case1 - StockIn#Given properties for the test steps]#biId4}</con:value>
        </con:property>
        <con:property>
          <con:name>res_stockInBI</con:name>
          <con:value>{"businessInteractionType":1,"code":"STI-1101","description":"Stock In at [name-so-10fcdb9e-1fa1-44ba-98cb-5e1b10059712] by [John Smith]","mainState":"Ongoing","state":"ProductAssignment","createdDate":"2018-02-21T06:05:21.433Z","preventUpdateFromOtherSystem":false,"id":"1101"}</con:value>
        </con:property>
        <con:property>
          <con:name>res_biId</con:name>
          <con:value>1101</con:value>
        </con:property>
        <con:property>
          <con:name>res_state</con:name>
          <con:value>ProductAssignment</con:value>
        </con:property>
        <con:property>
          <con:name>res_mainState</con:name>
          <con:value>Ongoing</con:value>
        </con:property>
        <con:property>
          <con:name>res_errorMessage</con:name>
        </con:property>
        <con:property>
          <con:name>res_httpStatusCode</con:name>
        </con:property>
      </con:properties>
      <con:returnProperties>
        <con:entry>res_stockInBI</con:entry>
        <con:entry>res_biId</con:entry>
        <con:entry>res_state</con:entry>
        <con:entry>res_mainState</con:entry>
      </con:returnProperties>
      <con:runMode>PARALLELL</con:runMode>
    </con:config>
  </con:testStep>
  <con:testStep type="assertionteststep" name="Assertion Display stockIn bi - negative serial 4" id="7e92a37b-8d73-4ba8-998f-964fc44f834d" disabled="true">
    <con:settings/>
    <con:config xsi:type="con:AssertionTestStep" xmlns:xsi="http://www.w3.org/2001/XMLSchema-instance">
      <con:entry>
        <con:id>3194a251-f512-4d5b-b315-c8ec49ca9990</con:id>
        <con:isGroup>false</con:isGroup>
        <con:sourceId>26c2a5ca-f029-4f48-ab50-1a7a4a959307</con:sourceId>
        <con:propertyName>res_state</con:propertyName>
        <con:assertion type="Simple Equals" name="Equals 3" id="ef91b9cb-9c8b-4415-8656-bf321320bef3">
          <con:configuration>
            <patternText>ProductAssignment</patternText>
            <caseSensitive>true</caseSensitive>
          </con:configuration>
        </con:assertion>
      </con:entry>
      <con:entry>
        <con:id>247f39e4-8e1d-4aa2-b529-ef6df1348b09</con:id>
        <con:isGroup>false</con:isGroup>
        <con:sourceId>26c2a5ca-f029-4f48-ab50-1a7a4a959307</con:sourceId>
        <con:propertyName>res_mainState</con:propertyName>
        <con:assertion type="Simple Equals" name="Equals 4" id="4c7b2dc3-e1f8-4bfa-8811-75f5c05ab852">
          <con:configuration>
            <patternText>Ongoing</patternText>
            <caseSensitive>true</caseSensitive>
          </con:configuration>
        </con:assertion>
      </con:entry>
    </con:config>
  </con:testStep>
  <con:testStep type="transfer" name="Property Transfer biId - serial with character 5" id="d7061663-57c9-4147-b8a4-cfe3cd892bac" disabled="true">
    <con:settings/>
    <con:config xsi:type="con:PropertyTransfersStep" xmlns:xsi="http://www.w3.org/2001/XMLSchema-instance">
      <con:transfers setNullOnMissingSource="true" transferTextContent="true" failOnError="true" ignoreEmpty="false" transferToAll="false" entitize="false" transferChildNodes="false">
        <con:name>biId</con:name>
        <con:sourceType>biId5</con:sourceType>
        <con:sourceStep>Given properties for the test steps</con:sourceStep>
        <con:sourcePath/>
        <con:targetType>req_biId</con:targetType>
        <con:targetStep>Submit stockIn - serial with character 5</con:targetStep>
        <con:targetPath/>
        <con:upgraded>true</con:upgraded>
      </con:transfers>
      <con:transfers setNullOnMissingSource="true" transferTextContent="true" failOnError="true" ignoreEmpty="false" transferToAll="false" entitize="false" transferChildNodes="false">
        <con:name>biIdFile</con:name>
        <con:sourceType>biId5</con:sourceType>
        <con:sourceStep>Given properties for the test steps</con:sourceStep>
        <con:targetType>req_biId</con:targetType>
        <con:targetStep>File process status - serial with character 5</con:targetStep>
        <con:upgraded>true</con:upgraded>
      </con:transfers>
    </con:config>
  </con:testStep>
  <con:testStep type="calltestcase" name="File process status - serial with character 5" id="5a548669-8faf-4dba-9398-ac80161c848d" disabled="true">
    <con:settings/>
    <con:config xsi:type="con:RunTestCaseStep" xmlns:xsi="http://www.w3.org/2001/XMLSchema-instance">
      <con:targetTestCase>db92ed97-71c5-4c47-898f-b848f6fc1e92</con:targetTestCase>
      <con:properties>
        <con:property>
          <con:name>req_biId</con:name>
          <con:value>${#[Test Suite for File Upload#Test Case1 - StockIn#Given properties for the test steps]#biId5}</con:value>
        </con:property>
        <con:property>
          <con:name>res_fileImportStatus</con:name>
          <con:value>400</con:value>
        </con:property>
        <con:property>
          <con:name>res_fileImportStatus2nd</con:name>
          <con:value xsi:nil="true"/>
        </con:property>
        <con:property>
          <con:name>res_status</con:name>
          <con:value>200</con:value>
        </con:property>
        <con:property>
          <con:name>res_errorMessage</con:name>
          <con:value xsi:nil="true"/>
        </con:property>
        <con:property>
          <con:name>req_createdBySalesOrganizationId</con:name>
          <con:value xsi:nil="true"/>
        </con:property>
        <con:property>
          <con:name>req_createdByUserRoleId</con:name>
          <con:value xsi:nil="true"/>
        </con:property>
        <con:property>
          <con:name>req_createdForSalesOrganizationRoleId</con:name>
          <con:value xsi:nil="true"/>
        </con:property>
        <con:property>
          <con:name>res_fileImportStageId</con:name>
          <con:value>152</con:value>
        </con:property>
        <con:property>
          <con:name>res_fileImportStageId2nd</con:name>
          <con:value xsi:nil="true"/>
        </con:property>
        <con:property>
          <con:name>res_fileImportStageId3rd</con:name>
        </con:property>
        <con:property>
          <con:name>res_fileImportStageId4th</con:name>
        </con:property>
      </con:properties>
      <con:returnProperties>
        <con:entry>res_fileImportStatus</con:entry>
        <con:entry>res_status</con:entry>
        <con:entry>res_errorMessage</con:entry>
        <con:entry>res_fileImportStageId</con:entry>
        <con:entry>res_fileImportStageId2nd</con:entry>
      </con:returnProperties>
      <con:runMode>PARALLELL</con:runMode>
    </con:config>
  </con:testStep>
  <con:testStep type="calltestcase" name="Submit stockIn - serial with character 5" id="b4a128ee-0800-4101-a4fd-3ab4c1527b38" disabled="true">
    <con:settings/>
    <con:config xsi:type="con:RunTestCaseStep" xmlns:xsi="http://www.w3.org/2001/XMLSchema-instance">
      <con:targetTestCase>56922495-462d-40b3-b5c9-0eaea60d8504</con:targetTestCase>
      <con:properties>
        <con:property>
          <con:name>res_code</con:name>
          <con:value>200</con:value>
        </con:property>
        <con:property>
          <con:name>req_biId</con:name>
          <con:value>${#[Test Suite for File Upload#Test Case1 - StockIn#Given properties for the test steps]#biId5}</con:value>
        </con:property>
      </con:properties>
      <con:returnProperties>
        <con:entry>res_code</con:entry>
      </con:returnProperties>
      <con:runMode>PARALLELL</con:runMode>
    </con:config>
  </con:testStep>
  <con:testStep type="assertionteststep" name="Assertion submit stockIn - serial with character 5" id="71869338-c70e-4724-b6dd-0d1dd5ccb10e" disabled="true">
    <con:settings/>
    <con:config xsi:type="con:AssertionTestStep" xmlns:xsi="http://www.w3.org/2001/XMLSchema-instance">
      <con:entry>
        <con:id>42d278b7-36ca-4ef7-a0df-6461e31b8d2f</con:id>
        <con:isGroup>false</con:isGroup>
        <con:sourceId>b4a128ee-0800-4101-a4fd-3ab4c1527b38</con:sourceId>
        <con:propertyName>res_code</con:propertyName>
        <con:assertion type="Simple Equals" name="Equals" id="0f89cfc0-b35c-4c4f-928e-352e9824fbb1">
          <con:configuration>
            <patternText>200</patternText>
            <caseSensitive>true</caseSensitive>
          </con:configuration>
        </con:assertion>
      </con:entry>
    </con:config>
  </con:testStep>
  <con:testStep type="transfer" name="Property Transfer display biId - serial with character 5" id="2ef34283-ba06-4c9b-a956-407f4f686375" disabled="true">
    <con:settings/>
    <con:config xsi:type="con:PropertyTransfersStep" xmlns:xsi="http://www.w3.org/2001/XMLSchema-instance">
      <con:transfers setNullOnMissingSource="true" transferTextContent="true" failOnError="true" ignoreEmpty="false" transferToAll="false" entitize="false" transferChildNodes="false">
        <con:name>biId</con:name>
        <con:sourceType>biId5</con:sourceType>
        <con:sourceStep>Given properties for the test steps</con:sourceStep>
        <con:sourcePath/>
        <con:targetType>req_biId</con:targetType>
        <con:targetStep>Display stockIn bi - serial with character 5</con:targetStep>
        <con:targetPath/>
        <con:upgraded>true</con:upgraded>
      </con:transfers>
    </con:config>
  </con:testStep>
  <con:testStep type="calltestcase" name="Display stockIn bi - serial with character 5" id="0a4f1ccf-56a2-4fa5-966e-c91756a0d8ec" disabled="true">
    <con:settings/>
    <con:config xsi:type="con:RunTestCaseStep" xmlns:xsi="http://www.w3.org/2001/XMLSchema-instance">
      <con:targetTestCase>23c105c1-e15f-4ce4-8f04-c5a3f5541b68</con:targetTestCase>
      <con:properties>
        <con:property>
          <con:name>req_biId</con:name>
          <con:value>${#[Test Suite for File Upload#Test Case1 - StockIn#Given properties for the test steps]#biId5}</con:value>
        </con:property>
        <con:property>
          <con:name>res_stockInBI</con:name>
          <con:value>{"businessInteractionType":1,"code":"STI-1111","description":"Stock In at [name-so-10fcdb9e-1fa1-44ba-98cb-5e1b10059712] by [John Smith]","mainState":"Ongoing","state":"ProductAssignment","createdDate":"2018-02-21T06:05:21.654Z","preventUpdateFromOtherSystem":false,"id":"1111"}</con:value>
        </con:property>
        <con:property>
          <con:name>res_biId</con:name>
          <con:value>1111</con:value>
        </con:property>
        <con:property>
          <con:name>res_state</con:name>
          <con:value>ProductAssignment</con:value>
        </con:property>
        <con:property>
          <con:name>res_mainState</con:name>
          <con:value>Ongoing</con:value>
        </con:property>
        <con:property>
          <con:name>res_errorMessage</con:name>
        </con:property>
        <con:property>
          <con:name>res_httpStatusCode</con:name>
        </con:property>
      </con:properties>
      <con:returnProperties>
        <con:entry>res_stockInBI</con:entry>
        <con:entry>res_biId</con:entry>
        <con:entry>res_state</con:entry>
        <con:entry>res_mainState</con:entry>
      </con:returnProperties>
      <con:runMode>PARALLELL</con:runMode>
    </con:config>
  </con:testStep>
  <con:testStep type="assertionteststep" name="Assertion Display stockIn bi - serial with character 5" id="114e8afb-6842-4919-a83d-9ea9516f6612" disabled="true">
    <con:settings/>
    <con:config xsi:type="con:AssertionTestStep" xmlns:xsi="http://www.w3.org/2001/XMLSchema-instance">
      <con:entry>
        <con:id>58f81ffd-f460-4314-b195-700e191f2148</con:id>
        <con:isGroup>false</con:isGroup>
        <con:sourceId>0a4f1ccf-56a2-4fa5-966e-c91756a0d8ec</con:sourceId>
        <con:propertyName>res_state</con:propertyName>
        <con:assertion type="Simple Equals" name="Equals" id="d6b7926b-7f0c-4964-805b-8093822dcb68">
          <con:configuration>
            <patternText>ProductAssignment</patternText>
            <caseSensitive>true</caseSensitive>
          </con:configuration>
        </con:assertion>
      </con:entry>
      <con:entry>
        <con:id>f37009fe-4086-4ddb-8d9b-c165575181b4</con:id>
        <con:isGroup>false</con:isGroup>
        <con:sourceId>0a4f1ccf-56a2-4fa5-966e-c91756a0d8ec</con:sourceId>
        <con:propertyName>res_mainState</con:propertyName>
        <con:assertion type="Simple Equals" name="Equals 2" id="e0dbe728-284f-4656-ada4-9a13e7f888f0">
          <con:configuration>
            <patternText>Ongoing</patternText>
            <caseSensitive>true</caseSensitive>
          </con:configuration>
        </con:assertion>
      </con:entry>
    </con:config>
  </con:testStep>
  <con:testStep type="transfer" name="Property Transfer biId - nonSerialized with serialNumber 6" id="dcfa26e3-0298-4e29-8583-c6654fc2a209" disabled="true">
    <con:settings/>
    <con:config xsi:type="con:PropertyTransfersStep" xmlns:xsi="http://www.w3.org/2001/XMLSchema-instance">
      <con:transfers setNullOnMissingSource="true" transferTextContent="true" failOnError="true" ignoreEmpty="false" transferToAll="false" entitize="false" transferChildNodes="false">
        <con:name>biId</con:name>
        <con:sourceType>biId6</con:sourceType>
        <con:sourceStep>Given properties for the test steps</con:sourceStep>
        <con:sourcePath/>
        <con:targetType>req_biId</con:targetType>
        <con:targetStep>Submit stockIn - nonSerialized with serialNumber 6</con:targetStep>
        <con:targetPath/>
        <con:upgraded>true</con:upgraded>
      </con:transfers>
      <con:transfers setNullOnMissingSource="true" transferTextContent="true" failOnError="true" ignoreEmpty="false" transferToAll="false" entitize="false" transferChildNodes="false">
        <con:name>biIdFile</con:name>
        <con:sourceType>biId6</con:sourceType>
        <con:sourceStep>Given properties for the test steps</con:sourceStep>
        <con:targetType>req_biId</con:targetType>
        <con:targetStep>File process status - nonSerialized with serialNumber 6</con:targetStep>
        <con:upgraded>true</con:upgraded>
      </con:transfers>
    </con:config>
  </con:testStep>
  <con:testStep type="calltestcase" name="File process status - nonSerialized with serialNumber 6" id="c8148a94-0070-4e8b-bbf6-412ebeccb9bf" disabled="true">
    <con:settings/>
    <con:config xsi:type="con:RunTestCaseStep" xmlns:xsi="http://www.w3.org/2001/XMLSchema-instance">
      <con:targetTestCase>db92ed97-71c5-4c47-898f-b848f6fc1e92</con:targetTestCase>
      <con:properties>
        <con:property>
          <con:name>req_biId</con:name>
          <con:value>${#[Test Suite for File Upload#Test Case1 - StockIn#Given properties for the test steps]#biId6}</con:value>
        </con:property>
        <con:property>
          <con:name>res_fileImportStatus</con:name>
          <con:value>400</con:value>
        </con:property>
        <con:property>
          <con:name>res_fileImportStatus2nd</con:name>
          <con:value xsi:nil="true"/>
        </con:property>
        <con:property>
          <con:name>res_status</con:name>
          <con:value>200</con:value>
        </con:property>
        <con:property>
          <con:name>res_errorMessage</con:name>
          <con:value xsi:nil="true"/>
        </con:property>
        <con:property>
          <con:name>req_createdBySalesOrganizationId</con:name>
          <con:value xsi:nil="true"/>
        </con:property>
        <con:property>
          <con:name>req_createdByUserRoleId</con:name>
          <con:value xsi:nil="true"/>
        </con:property>
        <con:property>
          <con:name>req_createdForSalesOrganizationRoleId</con:name>
          <con:value xsi:nil="true"/>
        </con:property>
        <con:property>
          <con:name>res_fileImportStageId</con:name>
          <con:value>153</con:value>
        </con:property>
        <con:property>
          <con:name>res_fileImportStageId2nd</con:name>
          <con:value xsi:nil="true"/>
        </con:property>
        <con:property>
          <con:name>res_fileImportStageId3rd</con:name>
        </con:property>
        <con:property>
          <con:name>res_fileImportStageId4th</con:name>
        </con:property>
      </con:properties>
      <con:returnProperties>
        <con:entry>res_fileImportStatus</con:entry>
        <con:entry>res_status</con:entry>
        <con:entry>res_errorMessage</con:entry>
        <con:entry>res_fileImportStageId</con:entry>
        <con:entry>res_fileImportStageId2nd</con:entry>
      </con:returnProperties>
      <con:runMode>PARALLELL</con:runMode>
    </con:config>
  </con:testStep>
  <con:testStep type="transfer" name="Property Transfer for detailed file process - nonSerialized with serialNumber 6" id="d64142df-a689-4f83-9778-772dceb3b520" disabled="true">
    <con:settings/>
    <con:config xsi:type="con:PropertyTransfersStep" xmlns:xsi="http://www.w3.org/2001/XMLSchema-instance">
      <con:transfers setNullOnMissingSource="true" transferTextContent="true" failOnError="true" ignoreEmpty="false" transferToAll="false" entitize="false" transferChildNodes="false">
        <con:name>stageId</con:name>
        <con:sourceType>res_fileImportStageId</con:sourceType>
        <con:sourceStep>File process status - nonSerialized with serialNumber 6</con:sourceStep>
        <con:sourcePath/>
        <con:targetType>req_stageId</con:targetType>
        <con:targetStep>BUG 1846                                           Detailed File Process Status - nonSerialized with serialNumber 6</con:targetStep>
        <con:targetPath/>
        <con:upgraded>true</con:upgraded>
      </con:transfers>
      <con:transfers setNullOnMissingSource="true" transferTextContent="true" failOnError="true" ignoreEmpty="false" transferToAll="false" entitize="false" transferChildNodes="false">
        <con:name>biId</con:name>
        <con:sourceType>req_biId</con:sourceType>
        <con:sourceStep>File process status - nonSerialized with serialNumber 6</con:sourceStep>
        <con:targetType>req_biId</con:targetType>
        <con:targetStep>BUG 1846                                           Detailed File Process Status - nonSerialized with serialNumber 6</con:targetStep>
        <con:upgraded>true</con:upgraded>
      </con:transfers>
    </con:config>
  </con:testStep>
  <con:testStep type="calltestcase" name="Submit stockIn - nonSerialized with serialNumber 6" id="31759949-ac57-4ca4-af89-c65caaf777d1" disabled="true">
    <con:settings/>
    <con:config xsi:type="con:RunTestCaseStep" xmlns:xsi="http://www.w3.org/2001/XMLSchema-instance">
      <con:targetTestCase>56922495-462d-40b3-b5c9-0eaea60d8504</con:targetTestCase>
      <con:properties>
        <con:property>
          <con:name>res_code</con:name>
          <con:value>200</con:value>
        </con:property>
        <con:property>
          <con:name>req_biId</con:name>
          <con:value>${#[Test Suite for File Upload#Test Case1 - StockIn#Given properties for the test steps]#biId6}</con:value>
        </con:property>
      </con:properties>
      <con:returnProperties>
        <con:entry>res_code</con:entry>
      </con:returnProperties>
      <con:runMode>PARALLELL</con:runMode>
    </con:config>
  </con:testStep>
  <con:testStep type="assertionteststep" name="Assertion submit stockIn - nonSerialized with serialNumber 6" id="4d77c3bd-154f-4d40-af55-79d7a0218329" disabled="true">
    <con:settings/>
    <con:config xsi:type="con:AssertionTestStep" xmlns:xsi="http://www.w3.org/2001/XMLSchema-instance">
      <con:entry>
        <con:id>595142cf-8539-4ab9-a963-0b0d423d30eb</con:id>
        <con:isGroup>false</con:isGroup>
        <con:sourceId>31759949-ac57-4ca4-af89-c65caaf777d1</con:sourceId>
        <con:propertyName>res_code</con:propertyName>
        <con:assertion type="Simple Equals" name="Equals" id="203cf685-d1e4-45f3-8369-10a76c7f07b7">
          <con:configuration>
            <patternText>200</patternText>
            <caseSensitive>true</caseSensitive>
          </con:configuration>
        </con:assertion>
      </con:entry>
    </con:config>
  </con:testStep>
  <con:testStep type="transfer" name="Property Transfer display biId - nonSerialized with serialNumber 6" id="bb325820-211a-46d9-8723-780c9382fa05" disabled="true">
    <con:settings/>
    <con:config xsi:type="con:PropertyTransfersStep" xmlns:xsi="http://www.w3.org/2001/XMLSchema-instance">
      <con:transfers setNullOnMissingSource="true" transferTextContent="true" failOnError="true" ignoreEmpty="false" transferToAll="false" entitize="false" transferChildNodes="false">
        <con:name>biId</con:name>
        <con:sourceType>biId6</con:sourceType>
        <con:sourceStep>Given properties for the test steps</con:sourceStep>
        <con:sourcePath/>
        <con:targetType>req_biId</con:targetType>
        <con:targetStep>Display stockIn bi - nonSerialized with serialNumber 6</con:targetStep>
        <con:targetPath/>
        <con:upgraded>true</con:upgraded>
      </con:transfers>
    </con:config>
  </con:testStep>
  <con:testStep type="calltestcase" name="Display stockIn bi - nonSerialized with serialNumber 6" id="0454914d-9e2a-48f4-9b0c-3e3cd681c80f" disabled="true">
    <con:settings/>
    <con:config xsi:type="con:RunTestCaseStep" xmlns:xsi="http://www.w3.org/2001/XMLSchema-instance">
      <con:targetTestCase>23c105c1-e15f-4ce4-8f04-c5a3f5541b68</con:targetTestCase>
      <con:properties>
        <con:property>
          <con:name>req_biId</con:name>
          <con:value>${#[Test Suite for File Upload#Test Case1 - StockIn#Given properties for the test steps]#biId6}</con:value>
        </con:property>
        <con:property>
          <con:name>res_stockInBI</con:name>
          <con:value>{"businessInteractionType":1,"code":"STI-1121","description":"Stock In at [name-so-10fcdb9e-1fa1-44ba-98cb-5e1b10059712] by [John Smith]","mainState":"Closed","state":"Closed","createdDate":"2018-02-21T06:05:22.007Z","preventUpdateFromOtherSystem":false,"id":"1121"}</con:value>
        </con:property>
        <con:property>
          <con:name>res_biId</con:name>
          <con:value>1121</con:value>
        </con:property>
        <con:property>
          <con:name>res_state</con:name>
          <con:value>Closed</con:value>
        </con:property>
        <con:property>
          <con:name>res_mainState</con:name>
          <con:value>Closed</con:value>
        </con:property>
        <con:property>
          <con:name>res_errorMessage</con:name>
        </con:property>
        <con:property>
          <con:name>res_httpStatusCode</con:name>
        </con:property>
      </con:properties>
      <con:returnProperties>
        <con:entry>res_stockInBI</con:entry>
        <con:entry>res_biId</con:entry>
        <con:entry>res_state</con:entry>
        <con:entry>res_mainState</con:entry>
      </con:returnProperties>
      <con:runMode>PARALLELL</con:runMode>
    </con:config>
  </con:testStep>
  <con:testStep type="assertionteststep" name="Assertion Display stockIn bi - nonSerialized with serialNumber 6" id="af9f8348-16fd-4206-8f7b-c6db73b0d09e" disabled="true">
    <con:settings/>
    <con:config xsi:type="con:AssertionTestStep" xmlns:xsi="http://www.w3.org/2001/XMLSchema-instance">
      <con:entry>
        <con:id>f4f7f5c9-b820-4834-8452-dfb696677e15</con:id>
        <con:isGroup>false</con:isGroup>
        <con:sourceId>0454914d-9e2a-48f4-9b0c-3e3cd681c80f</con:sourceId>
        <con:propertyName>res_mainState</con:propertyName>
        <con:assertion type="Simple Equals" name="Equals" id="5e80db33-241e-4b60-b1c8-4a26108f156d">
          <con:configuration>
            <patternText>Closed</patternText>
            <caseSensitive>true</caseSensitive>
          </con:configuration>
        </con:assertion>
      </con:entry>
      <con:entry>
        <con:id>aea92a03-1767-4b40-81ec-9d9dfe89497b</con:id>
        <con:isGroup>false</con:isGroup>
        <con:sourceId>0454914d-9e2a-48f4-9b0c-3e3cd681c80f</con:sourceId>
        <con:propertyName>res_state</con:propertyName>
        <con:assertion type="Simple Equals" name="Equals 2" id="338ed191-a108-4b6f-899c-ce9f9d4d6748">
          <con:configuration>
            <patternText>Closed</patternText>
            <caseSensitive>true</caseSensitive>
          </con:configuration>
        </con:assertion>
      </con:entry>
    </con:config>
  </con:testStep>
  <con:testStep type="transfer" name="Property  biId - serial_outofrange" id="41b19b76-3d2b-4db5-bf08-32340304829f" disabled="true">
    <con:settings/>
    <con:config xsi:type="con:PropertyTransfersStep" xmlns:xsi="http://www.w3.org/2001/XMLSchema-instance">
      <con:transfers setNullOnMissingSource="true" transferTextContent="true" failOnError="true" ignoreEmpty="false" transferToAll="false" entitize="false" transferChildNodes="false">
        <con:name>biId</con:name>
        <con:sourceType>biId_serial_outofrange</con:sourceType>
        <con:sourceStep>Given properties for the test steps</con:sourceStep>
        <con:sourcePath/>
        <con:targetType>req_biId</con:targetType>
        <con:targetStep>Submit stockIn - serial_outofrange</con:targetStep>
        <con:targetPath/>
        <con:upgraded>true</con:upgraded>
      </con:transfers>
      <con:transfers setNullOnMissingSource="true" transferTextContent="true" failOnError="true" ignoreEmpty="false" transferToAll="false" entitize="false" transferChildNodes="false">
        <con:name>biId</con:name>
        <con:sourceType>biId_serial_outofrange</con:sourceType>
        <con:sourceStep>Given properties for the test steps</con:sourceStep>
        <con:targetType>req_biId</con:targetType>
        <con:targetStep>File process status - serial_outofrange 1</con:targetStep>
        <con:upgraded>true</con:upgraded>
      </con:transfers>
    </con:config>
  </con:testStep>
  <con:testStep type="calltestcase" name="File process status - serial_outofrange 1" id="3fb98aa5-5c60-4e5d-8e9c-7931f723eafc" disabled="true">
    <con:settings/>
    <con:config xsi:type="con:RunTestCaseStep" xmlns:xsi="http://www.w3.org/2001/XMLSchema-instance">
      <con:targetTestCase>db92ed97-71c5-4c47-898f-b848f6fc1e92</con:targetTestCase>
      <con:properties>
        <con:property>
          <con:name>req_biId</con:name>
          <con:value>${#[Test Suite for File Upload#Test Case1 - StockIn#Given properties for the test steps]#biId_outofrange}</con:value>
        </con:property>
        <con:property>
          <con:name>res_fileImportStatus</con:name>
          <con:value>300</con:value>
        </con:property>
        <con:property>
          <con:name>res_fileImportStatus2nd</con:name>
          <con:value xsi:nil="true"/>
        </con:property>
        <con:property>
          <con:name>res_status</con:name>
          <con:value>200</con:value>
        </con:property>
        <con:property>
          <con:name>res_errorMessage</con:name>
          <con:value xsi:nil="true"/>
        </con:property>
        <con:property>
          <con:name>req_createdBySalesOrganizationId</con:name>
          <con:value xsi:nil="true"/>
        </con:property>
        <con:property>
          <con:name>req_createdByUserRoleId</con:name>
          <con:value xsi:nil="true"/>
        </con:property>
        <con:property>
          <con:name>req_createdForSalesOrganizationRoleId</con:name>
          <con:value xsi:nil="true"/>
        </con:property>
        <con:property>
          <con:name>res_fileImportStageId</con:name>
          <con:value>155</con:value>
        </con:property>
        <con:property>
          <con:name>res_fileImportStageId2nd</con:name>
          <con:value xsi:nil="true"/>
        </con:property>
        <con:property>
          <con:name>res_fileImportStageId3rd</con:name>
        </con:property>
        <con:property>
          <con:name>res_fileImportStageId4th</con:name>
        </con:property>
      </con:properties>
      <con:returnProperties>
        <con:entry>res_fileImportStatus</con:entry>
        <con:entry>res_status</con:entry>
        <con:entry>res_errorMessage</con:entry>
        <con:entry>res_fileImportStageId</con:entry>
        <con:entry>res_fileImportStageId2nd</con:entry>
      </con:returnProperties>
      <con:runMode>PARALLELL</con:runMode>
    </con:config>
  </con:testStep>
  <con:testStep type="transfer" name="Property Transfer for detailed file process - serial_outofrange 1" id="553f8637-6d9a-4e24-b4d8-943c7fd9769d" disabled="true">
    <con:settings/>
    <con:config xsi:type="con:PropertyTransfersStep" xmlns:xsi="http://www.w3.org/2001/XMLSchema-instance">
      <con:transfers setNullOnMissingSource="true" transferTextContent="true" failOnError="true" ignoreEmpty="false" transferToAll="false" entitize="false" transferChildNodes="false">
        <con:name>stageId</con:name>
        <con:sourceType>res_fileImportStageId</con:sourceType>
        <con:sourceStep>File process status - serial_outofrange 1</con:sourceStep>
        <con:sourcePath/>
        <con:targetType>req_stageId</con:targetType>
        <con:targetStep>Detailed File Process Status - serial_outofrange</con:targetStep>
        <con:targetPath/>
        <con:upgraded>true</con:upgraded>
      </con:transfers>
      <con:transfers setNullOnMissingSource="true" transferTextContent="true" failOnError="true" ignoreEmpty="false" transferToAll="false" entitize="false" transferChildNodes="false">
        <con:name>biId</con:name>
        <con:sourceType>req_biId</con:sourceType>
        <con:sourceStep>File process status - serial_outofrange 1</con:sourceStep>
        <con:targetType>req_biId</con:targetType>
        <con:targetStep>Detailed File Process Status - serial_outofrange</con:targetStep>
        <con:upgraded>true</con:upgraded>
      </con:transfers>
    </con:config>
  </con:testStep>
  <con:testStep type="calltestcase" name="Submit stockIn - serial_outofrange" id="8f88dc92-be03-4fb2-a953-757365c3e53c" disabled="true">
    <con:settings/>
    <con:config xsi:type="con:RunTestCaseStep" xmlns:xsi="http://www.w3.org/2001/XMLSchema-instance">
      <con:targetTestCase>56922495-462d-40b3-b5c9-0eaea60d8504</con:targetTestCase>
      <con:properties>
        <con:property>
          <con:name>res_code</con:name>
          <con:value>200</con:value>
        </con:property>
        <con:property>
          <con:name>req_biId</con:name>
          <con:value>${#[Test Suite for File Upload#Test Case1 - StockIn#Given properties for the test steps]#biId_outofrange}</con:value>
        </con:property>
      </con:properties>
      <con:returnProperties>
        <con:entry>res_code</con:entry>
      </con:returnProperties>
      <con:runMode>PARALLELL</con:runMode>
    </con:config>
  </con:testStep>
  <con:testStep type="assertionteststep" name="Assertion submit stockIn - serial_outofrange" id="4a6243dd-b6dd-46ab-88af-2253118b96c0" disabled="true">
    <con:settings/>
    <con:config xsi:type="con:AssertionTestStep" xmlns:xsi="http://www.w3.org/2001/XMLSchema-instance">
      <con:entry>
        <con:id>27c8c8e8-05a3-4c02-9659-abc114a149fa</con:id>
        <con:isGroup>false</con:isGroup>
        <con:sourceId>8f88dc92-be03-4fb2-a953-757365c3e53c</con:sourceId>
        <con:propertyName>res_code</con:propertyName>
        <con:assertion type="Simple Equals" name="Equals" id="8bf935cb-41ba-44ec-9a5c-5be615c2bbb4">
          <con:configuration>
            <patternText>200</patternText>
            <caseSensitive>true</caseSensitive>
          </con:configuration>
        </con:assertion>
      </con:entry>
    </con:config>
  </con:testStep>
  <con:testStep type="transfer" name="Property Transfer biId - serial_outofrange" id="5a995630-1628-4c99-b9ce-deea827a91d8" disabled="true">
    <con:settings/>
    <con:config xsi:type="con:PropertyTransfersStep" xmlns:xsi="http://www.w3.org/2001/XMLSchema-instance">
      <con:transfers setNullOnMissingSource="true" transferTextContent="true" failOnError="true" ignoreEmpty="false" transferToAll="false" entitize="false" transferChildNodes="false">
        <con:name>biId</con:name>
        <con:sourceType>biId_serial_outofrange</con:sourceType>
        <con:sourceStep>Given properties for the test steps</con:sourceStep>
        <con:sourcePath/>
        <con:targetType>req_biId</con:targetType>
        <con:targetStep>Display stockIn bi - serial_outofrange</con:targetStep>
        <con:targetPath/>
        <con:upgraded>true</con:upgraded>
      </con:transfers>
    </con:config>
  </con:testStep>
  <con:testStep type="calltestcase" name="Display stockIn bi - serial_outofrange" id="aef18561-82c9-49d8-8c18-53b2be3ef269" disabled="true">
    <con:settings/>
    <con:config xsi:type="con:RunTestCaseStep" xmlns:xsi="http://www.w3.org/2001/XMLSchema-instance">
      <con:targetTestCase>23c105c1-e15f-4ce4-8f04-c5a3f5541b68</con:targetTestCase>
      <con:properties>
        <con:property>
          <con:name>req_biId</con:name>
          <con:value>${#[Test Suite for File Upload#Test Case1 - StockIn#Given properties for the test steps]#biId_outofrange}</con:value>
        </con:property>
        <con:property>
          <con:name>res_stockInBI</con:name>
          <con:value>{"businessInteractionType":1,"code":"STI-1141","description":"Stock In at [name-so-10fcdb9e-1fa1-44ba-98cb-5e1b10059712] by [John Smith]","mainState":"Ongoing","state":"ProductAssignment","createdDate":"2018-02-21T06:05:22.501Z","preventUpdateFromOtherSystem":false,"id":"1141"}</con:value>
        </con:property>
        <con:property>
          <con:name>res_biId</con:name>
          <con:value>1141</con:value>
        </con:property>
        <con:property>
          <con:name>res_state</con:name>
          <con:value>ProductAssignment</con:value>
        </con:property>
        <con:property>
          <con:name>res_mainState</con:name>
          <con:value>Ongoing</con:value>
        </con:property>
        <con:property>
          <con:name>res_errorMessage</con:name>
        </con:property>
        <con:property>
          <con:name>res_httpStatusCode</con:name>
        </con:property>
      </con:properties>
      <con:returnProperties>
        <con:entry>res_stockInBI</con:entry>
        <con:entry>res_biId</con:entry>
        <con:entry>res_state</con:entry>
        <con:entry>res_mainState</con:entry>
      </con:returnProperties>
      <con:runMode>PARALLELL</con:runMode>
    </con:config>
  </con:testStep>
  <con:testStep type="assertionteststep" name="Assertion Display stockIn bi - serial_outofrange" id="e56d087c-d0d6-4bea-828e-9bb45f39bd76" disabled="true">
    <con:settings/>
    <con:config xsi:type="con:AssertionTestStep" xmlns:xsi="http://www.w3.org/2001/XMLSchema-instance">
      <con:entry>
        <con:id>357883c8-9dc7-471e-be2e-fb16450be0cf</con:id>
        <con:isGroup>false</con:isGroup>
        <con:sourceId>aef18561-82c9-49d8-8c18-53b2be3ef269</con:sourceId>
        <con:propertyName>res_state</con:propertyName>
        <con:assertion type="Simple Equals" name="Equals 3" id="b006c044-a3ac-4b91-acf0-1c6ea42c359a">
          <con:configuration>
            <patternText>ProductAssignment</patternText>
            <caseSensitive>true</caseSensitive>
          </con:configuration>
        </con:assertion>
      </con:entry>
      <con:entry>
        <con:id>7fa79da2-6594-4db9-8a97-a7477d0ae188</con:id>
        <con:isGroup>false</con:isGroup>
        <con:sourceId>aef18561-82c9-49d8-8c18-53b2be3ef269</con:sourceId>
        <con:propertyName>res_mainState</con:propertyName>
        <con:assertion type="Simple Equals" name="Equals" id="fc8cb635-201f-4c3f-a14f-128e43d73ad3">
          <con:configuration>
            <patternText>Ongoing</patternText>
            <caseSensitive>true</caseSensitive>
          </con:configuration>
        </con:assertion>
      </con:entry>
    </con:config>
  </con:testStep>
  <con:testStep type="transfer" name="Property Transfer biId file process - serial_outofrange" id="012cbdbd-21cb-4706-a5b6-2e78b90db0fd" disabled="true">
    <con:settings/>
    <con:config xsi:type="con:PropertyTransfersStep" xmlns:xsi="http://www.w3.org/2001/XMLSchema-instance">
      <con:transfers setNullOnMissingSource="true" transferTextContent="true" failOnError="true" ignoreEmpty="false" transferToAll="false" entitize="false" transferChildNodes="false">
        <con:name>biId</con:name>
        <con:sourceType>biId_serial_outofrange</con:sourceType>
        <con:sourceStep>Given properties for the test steps</con:sourceStep>
        <con:sourcePath/>
        <con:targetType>req_biId</con:targetType>
        <con:targetStep>File process status - serial_outofrange</con:targetStep>
        <con:targetPath/>
        <con:upgraded>true</con:upgraded>
      </con:transfers>
      <con:transfers setNullOnMissingSource="true" transferTextContent="true" failOnError="true" ignoreEmpty="false" transferToAll="false" entitize="false" transferChildNodes="false">
        <con:name>soId</con:name>
        <con:sourceType>soId</con:sourceType>
        <con:sourceStep>Given properties for the test steps</con:sourceStep>
        <con:targetType>req_createdBySalesOrganizationId</con:targetType>
        <con:targetStep>File process status - serial_outofrange</con:targetStep>
        <con:upgraded>true</con:upgraded>
      </con:transfers>
      <con:transfers setNullOnMissingSource="true" transferTextContent="true" failOnError="true" ignoreEmpty="false" transferToAll="false" entitize="false" transferChildNodes="false">
        <con:name>userId</con:name>
        <con:sourceType>userId</con:sourceType>
        <con:sourceStep>Given properties for the test steps</con:sourceStep>
        <con:targetType>req_createdByUserRoleId</con:targetType>
        <con:targetStep>File process status - serial_outofrange</con:targetStep>
        <con:upgraded>true</con:upgraded>
      </con:transfers>
      <con:transfers setNullOnMissingSource="true" transferTextContent="true" failOnError="true" ignoreEmpty="false" transferToAll="false" entitize="false" transferChildNodes="false">
        <con:name>soId2</con:name>
        <con:sourceType>soId</con:sourceType>
        <con:sourceStep>Given properties for the test steps</con:sourceStep>
        <con:targetType>req_createdForSalesOrganizationRoleId</con:targetType>
        <con:targetStep>File process status - serial_outofrange</con:targetStep>
        <con:upgraded>true</con:upgraded>
      </con:transfers>
    </con:config>
  </con:testStep>
  <con:testStep type="calltestcase" name="File process status - serial_outofrange" id="9682aae9-dc43-4751-a34e-f308525369a0" disabled="true">
    <con:settings/>
    <con:config xsi:type="con:RunTestCaseStep" xmlns:xsi="http://www.w3.org/2001/XMLSchema-instance">
      <con:targetTestCase>db92ed97-71c5-4c47-898f-b848f6fc1e92</con:targetTestCase>
      <con:properties>
        <con:property>
          <con:name>req_biId</con:name>
          <con:value>${#[Test Suite for File Upload#Test Case1 - StockIn#Given properties for the test steps]#biId_outofrange}</con:value>
        </con:property>
        <con:property>
          <con:name>res_fileImportStatus</con:name>
          <con:value>300</con:value>
        </con:property>
        <con:property>
          <con:name>res_fileImportStatus2nd</con:name>
          <con:value xsi:nil="true"/>
        </con:property>
        <con:property>
          <con:name>res_status</con:name>
          <con:value>200</con:value>
        </con:property>
        <con:property>
          <con:name>res_errorMessage</con:name>
          <con:value xsi:nil="true"/>
        </con:property>
        <con:property>
          <con:name>req_createdBySalesOrganizationId</con:name>
          <con:value>${#[Test Suite for File Upload#Test Case1 - StockIn#Given properties for the test steps]#soId}</con:value>
        </con:property>
        <con:property>
          <con:name>req_createdByUserRoleId</con:name>
          <con:value>${#[Test Suite for File Upload#Test Case1 - StockIn#Given properties for the test steps]#userId}</con:value>
        </con:property>
        <con:property>
          <con:name>req_createdForSalesOrganizationRoleId</con:name>
          <con:value>${#[Test Suite for File Upload#Test Case1 - StockIn#Given properties for the test steps]#soId}</con:value>
        </con:property>
        <con:property>
          <con:name>res_fileImportStageId</con:name>
        </con:property>
        <con:property>
          <con:name>res_fileImportStageId2nd</con:name>
        </con:property>
        <con:property>
          <con:name>res_fileImportStageId3rd</con:name>
        </con:property>
        <con:property>
          <con:name>res_fileImportStageId4th</con:name>
        </con:property>
      </con:properties>
      <con:returnProperties>
        <con:entry>res_fileImportStatus</con:entry>
        <con:entry>res_stagingInformationStatus</con:entry>
        <con:entry>res_status</con:entry>
        <con:entry>res_errorMessage</con:entry>
      </con:returnProperties>
      <con:runMode>PARALLELL</con:runMode>
    </con:config>
  </con:testStep>
  <con:testStep type="assertionteststep" name="Assertion File process status - serial_outofrange" id="5b392c68-24e4-4d14-b398-ef31a0160892" disabled="true">
    <con:settings/>
    <con:config xsi:type="con:AssertionTestStep" xmlns:xsi="http://www.w3.org/2001/XMLSchema-instance">
      <con:entry>
        <con:id>9c4f2d1e-b3fc-4847-a270-4854c12d64a8</con:id>
        <con:isGroup>false</con:isGroup>
        <con:sourceId>9682aae9-dc43-4751-a34e-f308525369a0</con:sourceId>
        <con:propertyName>res_fileImportStatus</con:propertyName>
        <con:assertion type="Simple Equals" name="Equals" id="38d9e381-501b-479c-a4c6-f92c05d56ace">
          <con:configuration>
            <patternText>300</patternText>
            <caseSensitive>true</caseSensitive>
          </con:configuration>
        </con:assertion>
      </con:entry>
    </con:config>
  </con:testStep>
  <con:testStep type="transfer" name="Property Transfer biId - twoDifferentFilesForOneStockIn" id="626efe9a-3c69-4e52-9e66-3062cb07ec15">
    <con:settings/>
    <con:config xsi:type="con:PropertyTransfersStep" xmlns:xsi="http://www.w3.org/2001/XMLSchema-instance">
      <con:transfers setNullOnMissingSource="true" transferTextContent="true" failOnError="true" ignoreEmpty="false" transferToAll="false" entitize="false" transferChildNodes="false">
        <con:name>biId</con:name>
        <con:sourceType>biId_twoDifferentFilesForOneStockIn</con:sourceType>
        <con:sourceStep>Given properties for the test steps</con:sourceStep>
        <con:sourcePath/>
        <con:targetType>req_biId</con:targetType>
        <con:targetStep>Submit stockIn - twoDifferentFilesForOneStockIn</con:targetStep>
        <con:targetPath/>
        <con:upgraded>true</con:upgraded>
      </con:transfers>
      <con:transfers setNullOnMissingSource="true" transferTextContent="true" failOnError="true" ignoreEmpty="false" transferToAll="false" entitize="false" transferChildNodes="false">
        <con:name>biId2</con:name>
        <con:sourceType>biId_twoDifferentFilesForOneStockIn</con:sourceType>
        <con:sourceStep>Given properties for the test steps</con:sourceStep>
        <con:targetType>req_biId</con:targetType>
        <con:targetStep>File process status - twoDifferentFilesForOneStockIn</con:targetStep>
        <con:upgraded>true</con:upgraded>
      </con:transfers>
    </con:config>
  </con:testStep>
  <con:testStep type="calltestcase" name="File process status - twoDifferentFilesForOneStockIn" id="0cdf1d6f-8f06-4933-926e-0d7e0a707e90">
    <con:settings/>
    <con:config xsi:type="con:RunTestCaseStep" xmlns:xsi="http://www.w3.org/2001/XMLSchema-instance">
      <con:targetTestCase>db92ed97-71c5-4c47-898f-b848f6fc1e92</con:targetTestCase>
      <con:properties>
        <con:property>
          <con:name>req_biId</con:name>
          <con:value>${#[Test Suite for File Upload#Test Case1 - StockIn#Given properties for the test steps]#biId_twoDifferentFilesForOneStockIn}</con:value>
        </con:property>
        <con:property>
          <con:name>res_fileImportStatus</con:name>
          <con:value>300</con:value>
        </con:property>
        <con:property>
          <con:name>res_fileImportStatus2nd</con:name>
          <con:value xsi:nil="true"/>
        </con:property>
        <con:property>
          <con:name>res_status</con:name>
          <con:value>200</con:value>
        </con:property>
        <con:property>
          <con:name>res_errorMessage</con:name>
          <con:value xsi:nil="true"/>
        </con:property>
        <con:property>
          <con:name>req_createdBySalesOrganizationId</con:name>
          <con:value xsi:nil="true"/>
        </con:property>
        <con:property>
          <con:name>req_createdByUserRoleId</con:name>
          <con:value xsi:nil="true"/>
        </con:property>
        <con:property>
          <con:name>req_createdForSalesOrganizationRoleId</con:name>
          <con:value xsi:nil="true"/>
        </con:property>
        <con:property>
          <con:name>res_fileImportStageId</con:name>
          <con:value>671</con:value>
        </con:property>
        <con:property>
          <con:name>res_fileImportStageId2nd</con:name>
          <con:value>672</con:value>
        </con:property>
        <con:property>
          <con:name>res_fileImportStageId3rd</con:name>
        </con:property>
        <con:property>
          <con:name>res_fileImportStageId4th</con:name>
        </con:property>
      </con:properties>
      <con:returnProperties>
        <con:entry>res_fileImportStatus</con:entry>
        <con:entry>res_status</con:entry>
        <con:entry>res_errorMessage</con:entry>
        <con:entry>res_fileImportStageId</con:entry>
        <con:entry>res_fileImportStageId2nd</con:entry>
      </con:returnProperties>
      <con:runMode>PARALLELL</con:runMode>
    </con:config>
  </con:testStep>
  <con:testStep type="transfer" name="Property Transfer for detailed file process - twoDifferentFilesForOneStockIn" id="3f6200d2-2750-46eb-bd76-077aa6a9bbdc">
    <con:settings/>
    <con:config xsi:type="con:PropertyTransfersStep" xmlns:xsi="http://www.w3.org/2001/XMLSchema-instance">
      <con:transfers setNullOnMissingSource="true" transferTextContent="true" failOnError="true" ignoreEmpty="false" transferToAll="false" entitize="false" transferChildNodes="false">
        <con:name>stageId</con:name>
        <con:sourceType>res_fileImportStageId</con:sourceType>
        <con:sourceStep>File process status - twoDifferentFilesForOneStockIn</con:sourceStep>
        <con:sourcePath/>
        <con:targetType>req_stageId</con:targetType>
        <con:targetStep>Detailed File Process Status1 - twoDifferentFilesForOneStockIn</con:targetStep>
        <con:targetPath/>
        <con:upgraded>true</con:upgraded>
      </con:transfers>
      <con:transfers setNullOnMissingSource="true" transferTextContent="true" failOnError="true" ignoreEmpty="false" transferToAll="false" entitize="false" transferChildNodes="false">
        <con:name>biId</con:name>
        <con:sourceType>req_biId</con:sourceType>
        <con:sourceStep>File process status - twoDifferentFilesForOneStockIn</con:sourceStep>
        <con:targetType>req_biId</con:targetType>
        <con:targetStep>Detailed File Process Status1 - twoDifferentFilesForOneStockIn</con:targetStep>
        <con:upgraded>true</con:upgraded>
      </con:transfers>
      <con:transfers setNullOnMissingSource="true" transferTextContent="true" failOnError="true" ignoreEmpty="false" transferToAll="false" entitize="false" transferChildNodes="false">
        <con:name>stageId2</con:name>
        <con:sourceType>res_fileImportStageId2nd</con:sourceType>
        <con:sourceStep>File process status - twoDifferentFilesForOneStockIn</con:sourceStep>
        <con:targetType>req_stageId</con:targetType>
        <con:targetStep>BUG 1846                             Detailed File Process Status2 - twoDifferentFilesForOneStockIn</con:targetStep>
        <con:upgraded>true</con:upgraded>
      </con:transfers>
      <con:transfers setNullOnMissingSource="true" transferTextContent="true" failOnError="true" ignoreEmpty="false" transferToAll="false" entitize="false" transferChildNodes="false">
        <con:name>biId2</con:name>
        <con:sourceType>req_biId</con:sourceType>
        <con:sourceStep>File process status - twoDifferentFilesForOneStockIn</con:sourceStep>
        <con:targetType>req_biId</con:targetType>
        <con:targetStep>BUG 1846                             Detailed File Process Status2 - twoDifferentFilesForOneStockIn</con:targetStep>
        <con:upgraded>true</con:upgraded>
      </con:transfers>
    </con:config>
  </con:testStep>
  <con:testStep type="calltestcase" name="Detailed File Process Status1 - twoDifferentFilesForOneStockIn" id="52d600b5-1866-418f-b8a5-ce74162afcc0">
    <con:settings/>
    <con:config xsi:type="con:RunTestCaseStep" xmlns:xsi="http://www.w3.org/2001/XMLSchema-instance">
      <con:targetTestCase>cbdfb82c-a4b7-4edb-b920-1d909123d144</con:targetTestCase>
      <con:properties>
        <con:property>
          <con:name>req_biId</con:name>
          <con:value>${#[Test Suite for File Upload#Test Case1 - StockIn#Given properties for the test steps]#biId_twoDifferentFilesForOneStockIn}</con:value>
        </con:property>
        <con:property>
          <con:name>req_stageId</con:name>
          <con:value>671</con:value>
        </con:property>
        <con:property>
          <con:name>req_soId</con:name>
        </con:property>
        <con:property>
          <con:name>req_userId</con:name>
        </con:property>
        <con:property>
          <con:name>res_status</con:name>
          <con:value>200</con:value>
        </con:property>
        <con:property>
          <con:name>res_errorMessage</con:name>
          <con:value xsi:nil="true"/>
        </con:property>
        <con:property>
          <con:name>res_stageStatus</con:name>
          <con:value>300</con:value>
        </con:property>
        <con:property>
          <con:name>res_stageStatus2nd</con:name>
          <con:value xsi:nil="true"/>
        </con:property>
        <con:property>
          <con:name>res_errorDetails</con:name>
          <con:value xsi:nil="true"/>
        </con:property>
        <con:property>
          <con:name>res_errorDetails2nd</con:name>
          <con:value xsi:nil="true"/>
        </con:property>
      </con:properties>
      <con:returnProperties>
        <con:entry>res_status</con:entry>
        <con:entry>res_errorMessage</con:entry>
        <con:entry>res_stageStatus</con:entry>
        <con:entry>res_stageStatus2nd</con:entry>
        <con:entry>res_errorDetails</con:entry>
        <con:entry>res_errorDetails2nd</con:entry>
      </con:returnProperties>
      <con:runMode>PARALLELL</con:runMode>
    </con:config>
  </con:testStep>
  <con:testStep type="calltestcase" name="BUG 1846                             Detailed File Process Status2 - twoDifferentFilesForOneStockIn" id="a41fc614-63ed-4aed-9ba8-0579d4647d21">
    <con:settings/>
    <con:config xsi:type="con:RunTestCaseStep" xmlns:xsi="http://www.w3.org/2001/XMLSchema-instance">
      <con:targetTestCase>cbdfb82c-a4b7-4edb-b920-1d909123d144</con:targetTestCase>
      <con:properties>
        <con:property>
          <con:name>req_biId</con:name>
          <con:value>${#[Test Suite for File Upload#Test Case1 - StockIn#Given properties for the test steps]#biId_twoDifferentFilesForOneStockIn}</con:value>
        </con:property>
        <con:property>
          <con:name>req_stageId</con:name>
          <con:value>672</con:value>
        </con:property>
        <con:property>
          <con:name>req_soId</con:name>
        </con:property>
        <con:property>
          <con:name>req_userId</con:name>
        </con:property>
        <con:property>
          <con:name>res_status</con:name>
          <con:value>200</con:value>
        </con:property>
        <con:property>
          <con:name>res_errorMessage</con:name>
          <con:value xsi:nil="true"/>
        </con:property>
        <con:property>
          <con:name>res_stageStatus</con:name>
          <con:value>400</con:value>
        </con:property>
        <con:property>
          <con:name>res_stageStatus2nd</con:name>
          <con:value xsi:nil="true"/>
        </con:property>
        <con:property>
          <con:name>res_errorDetails</con:name>
          <con:value>A Stock-In Item with same Serial Number Range exists: 7424-7424</con:value>
        </con:property>
        <con:property>
          <con:name>res_errorDetails2nd</con:name>
          <con:value xsi:nil="true"/>
        </con:property>
      </con:properties>
      <con:returnProperties>
        <con:entry>res_status</con:entry>
        <con:entry>res_errorMessage</con:entry>
        <con:entry>res_stageStatus</con:entry>
        <con:entry>res_stageStatus2nd</con:entry>
        <con:entry>res_errorDetails</con:entry>
        <con:entry>res_errorDetails2nd</con:entry>
      </con:returnProperties>
      <con:runMode>PARALLELL</con:runMode>
    </con:config>
  </con:testStep>
  <con:testStep type="calltestcase" name="Submit stockIn - twoDifferentFilesForOneStockIn" id="e9101642-57d1-44a0-b5a2-790da442aeb2">
    <con:settings/>
    <con:config xsi:type="con:RunTestCaseStep" xmlns:xsi="http://www.w3.org/2001/XMLSchema-instance">
      <con:targetTestCase>56922495-462d-40b3-b5c9-0eaea60d8504</con:targetTestCase>
      <con:properties>
        <con:property>
          <con:name>res_code</con:name>
          <con:value>200</con:value>
        </con:property>
        <con:property>
          <con:name>req_biId</con:name>
          <con:value>${#[Test Suite for File Upload#Test Case1 - StockIn#Given properties for the test steps]#biId_twoDifferentFilesForOneStockIn}</con:value>
        </con:property>
      </con:properties>
      <con:returnProperties>
        <con:entry>res_code</con:entry>
      </con:returnProperties>
      <con:runMode>PARALLELL</con:runMode>
    </con:config>
  </con:testStep>
  <con:testStep type="assertionteststep" name="Assertion submit stockIn - twoDifferentFilesForOneStockIn" id="1758e5db-2494-4f8d-bc31-bcb146d107c6">
    <con:settings/>
    <con:config xsi:type="con:AssertionTestStep" xmlns:xsi="http://www.w3.org/2001/XMLSchema-instance">
      <con:entry>
        <con:id>e03fadc8-791d-43ec-bdc2-1882baea1edf</con:id>
        <con:isGroup>false</con:isGroup>
        <con:sourceId>e9101642-57d1-44a0-b5a2-790da442aeb2</con:sourceId>
        <con:propertyName>res_code</con:propertyName>
        <con:assertion type="Simple Equals" name="Equals" id="ff43e909-4a19-41b4-b0c2-69857856ca17">
          <con:configuration>
            <patternText>200</patternText>
            <caseSensitive>true</caseSensitive>
          </con:configuration>
        </con:assertion>
      </con:entry>
    </con:config>
  </con:testStep>
  <con:testStep type="transfer" name="Property Transfer display biId - twoDifferentFilesForOneStockIn" id="67c9d104-295b-4ea6-8217-aa7ab62590af">
    <con:settings/>
    <con:config xsi:type="con:PropertyTransfersStep" xmlns:xsi="http://www.w3.org/2001/XMLSchema-instance">
      <con:transfers setNullOnMissingSource="true" transferTextContent="true" failOnError="true" ignoreEmpty="false" transferToAll="false" entitize="false" transferChildNodes="false">
        <con:name>biId</con:name>
        <con:sourceType>biId_twoDifferentFilesForOneStockIn</con:sourceType>
        <con:sourceStep>Given properties for the test steps</con:sourceStep>
        <con:sourcePath/>
        <con:targetType>req_biId</con:targetType>
        <con:targetStep>Display stockIn bi - twoDifferentFilesForOneStockIn</con:targetStep>
        <con:targetPath/>
        <con:upgraded>true</con:upgraded>
      </con:transfers>
    </con:config>
  </con:testStep>
  <con:testStep type="calltestcase" name="Display stockIn bi - twoDifferentFilesForOneStockIn" id="da46b426-e73c-4105-b52c-9876ace3c26e">
    <con:settings/>
    <con:config xsi:type="con:RunTestCaseStep" xmlns:xsi="http://www.w3.org/2001/XMLSchema-instance">
      <con:targetTestCase>23c105c1-e15f-4ce4-8f04-c5a3f5541b68</con:targetTestCase>
      <con:properties>
        <con:property>
          <con:name>req_biId</con:name>
          <con:value>${#[Test Suite for File Upload#Test Case1 - StockIn#Given properties for the test steps]#biId_twoDifferentFilesForOneStockIn}</con:value>
        </con:property>
        <con:property>
          <con:name>res_stockInBI</con:name>
          <con:value>{"businessInteractionType":1,"code":"STI-14041","description":"Stock In at [name-so-455aaa9f-210d-42ac-b27c-fa057bb93d93] by [John Smith]","mainState":"Ongoing","state":"ProductAssignment","createdDate":"2018-03-13T12:18:31.076Z","preventUpdateFromOtherSystem":false,"id":"14041"}</con:value>
        </con:property>
        <con:property>
          <con:name>res_biId</con:name>
          <con:value>14041</con:value>
        </con:property>
        <con:property>
          <con:name>res_state</con:name>
          <con:value>ProductAssignment</con:value>
        </con:property>
        <con:property>
          <con:name>res_mainState</con:name>
          <con:value>Ongoing</con:value>
        </con:property>
        <con:property>
          <con:name>res_errorMessage</con:name>
        </con:property>
        <con:property>
          <con:name>res_httpStatusCode</con:name>
        </con:property>
      </con:properties>
      <con:returnProperties>
        <con:entry>res_stockInBI</con:entry>
        <con:entry>res_biId</con:entry>
        <con:entry>res_state</con:entry>
        <con:entry>res_mainState</con:entry>
      </con:returnProperties>
      <con:runMode>PARALLELL</con:runMode>
    </con:config>
  </con:testStep>
  <con:testStep type="assertionteststep" name="BUG 1846                      Assertion Display stockIn bi - twoDifferentFilesForOneStockIn" id="bec7f437-83ea-436d-a162-7e0a344cb9f4">
    <con:settings/>
    <con:config xsi:type="con:AssertionTestStep" xmlns:xsi="http://www.w3.org/2001/XMLSchema-instance">
      <con:entry>
        <con:id>3f53c62e-2713-42db-9ecb-7d18d7faeef1</con:id>
        <con:isGroup>false</con:isGroup>
        <con:sourceId>da46b426-e73c-4105-b52c-9876ace3c26e</con:sourceId>
        <con:propertyName>res_mainState</con:propertyName>
        <con:assertion type="Simple Equals" name="Equals 3" id="67cd094c-59a4-4675-8e5e-b45440b2300b" disabled="true">
          <con:configuration>
            <patternText>Closed</patternText>
            <caseSensitive>true</caseSensitive>
          </con:configuration>
        </con:assertion>
      </con:entry>
      <con:entry>
        <con:id>c0da81d5-5615-4797-a11c-f74f5be8965a</con:id>
        <con:isGroup>false</con:isGroup>
        <con:sourceId>da46b426-e73c-4105-b52c-9876ace3c26e</con:sourceId>
        <con:propertyName>res_state</con:propertyName>
        <con:assertion type="Simple Equals" name="Equals 4" id="bf7a1fd8-341e-4710-af17-f82f33f881a9" disabled="true">
          <con:configuration>
            <patternText>Closed</patternText>
            <caseSensitive>true</caseSensitive>
          </con:configuration>
        </con:assertion>
      </con:entry>
      <con:entry>
        <con:id>39679241-167c-48a1-8dd3-935b6352bd03</con:id>
        <con:isGroup>false</con:isGroup>
        <con:sourceId>da46b426-e73c-4105-b52c-9876ace3c26e</con:sourceId>
        <con:propertyName>res_biId</con:propertyName>
        <con:assertion type="Simple Contains" name="Contains 2" id="42b0d59c-b181-437f-a1ce-5023ce070cf1">
          <con:configuration>
            <token>\d+</token>
            <ignoreCase>false</ignoreCase>
            <useRegEx>true</useRegEx>
          </con:configuration>
        </con:assertion>
      </con:entry>
      <con:entry>
        <con:id>88a18518-9fe6-4887-b2aa-c7f4f4c5c438</con:id>
        <con:isGroup>false</con:isGroup>
        <con:sourceId>da46b426-e73c-4105-b52c-9876ace3c26e</con:sourceId>
        <con:propertyName>res_state</con:propertyName>
        <con:assertion type="Simple Equals" name="Equals" id="046f12cb-4a7b-4430-905f-56a765bb2037">
          <con:configuration>
            <patternText>ProductAssignment</patternText>
            <caseSensitive>true</caseSensitive>
          </con:configuration>
        </con:assertion>
      </con:entry>
      <con:entry>
        <con:id>afcdf8b9-24a4-490d-808b-852567caf2c5</con:id>
        <con:isGroup>false</con:isGroup>
        <con:sourceId>da46b426-e73c-4105-b52c-9876ace3c26e</con:sourceId>
        <con:propertyName>res_mainState</con:propertyName>
        <con:assertion type="Simple Equals" name="Equals 5" id="ba87a269-1517-4e05-adbf-256a0ffa80a0">
          <con:configuration>
            <patternText>Ongoing</patternText>
            <caseSensitive>true</caseSensitive>
          </con:configuration>
        </con:assertion>
      </con:entry>
    </con:config>
  </con:testStep>
  <con:testStep type="transfer" name="Set display product - twoDifferentFilesForOneStockIn" id="ae64d19a-f739-41cb-a656-d624c1506ed6">
    <con:settings/>
    <con:config xsi:type="con:PropertyTransfersStep" xmlns:xsi="http://www.w3.org/2001/XMLSchema-instance">
      <con:transfers setNullOnMissingSource="true" transferTextContent="true" failOnError="true" ignoreEmpty="false" transferToAll="false" entitize="false" transferChildNodes="false">
        <con:name>productSpecExtId</con:name>
        <con:sourceType>serializedProductSpecExtId</con:sourceType>
        <con:sourceStep>Given properties for the test steps</con:sourceStep>
        <con:sourcePath/>
        <con:targetType>req_prodSpecExtId</con:targetType>
        <con:targetStep>Display product - twoDifferentFilesForOneStockIn</con:targetStep>
        <con:targetPath/>
        <con:upgraded>true</con:upgraded>
      </con:transfers>
      <con:transfers setNullOnMissingSource="true" transferTextContent="true" failOnError="true" ignoreEmpty="false" transferToAll="false" entitize="false" transferChildNodes="false">
        <con:name>startSerial</con:name>
        <con:sourceType>serial_serial_twoDifferentFilesForOneStockIn</con:sourceType>
        <con:sourceStep>Given properties for the test steps</con:sourceStep>
        <con:targetType>req_productSerialNumber</con:targetType>
        <con:targetStep>Display product - twoDifferentFilesForOneStockIn</con:targetStep>
        <con:upgraded>true</con:upgraded>
      </con:transfers>
      <con:transfers setNullOnMissingSource="true" transferTextContent="true" failOnError="true" ignoreEmpty="false" transferToAll="false" entitize="false" transferChildNodes="false">
        <con:name>soId</con:name>
        <con:sourceType>null</con:sourceType>
        <con:sourceStep>Given properties for the test steps</con:sourceStep>
        <con:targetType>UserSo</con:targetType>
        <con:targetStep>#Project#</con:targetStep>
        <con:upgraded>true</con:upgraded>
      </con:transfers>
    </con:config>
  </con:testStep>
  <con:testStep type="calltestcase" name="Display product - twoDifferentFilesForOneStockIn" id="87dbbf11-f461-4b8a-9370-3d4e5d77257d">
    <con:settings/>
    <con:config xsi:type="con:RunTestCaseStep" xmlns:xsi="http://www.w3.org/2001/XMLSchema-instance">
      <con:targetTestCase>ff39403d-fc07-4856-b846-7d260e2ccf9a</con:targetTestCase>
      <con:properties>
        <con:property>
          <con:name>req_productSerialNumber</con:name>
          <con:value>${#[Test Suite for File Upload#Test Case1 - StockIn#Given properties for the test steps]#serial_serial_twoDifferentFilesForOneStockIn}</con:value>
        </con:property>
        <con:property>
          <con:name>res_code</con:name>
          <con:value>200</con:value>
        </con:property>
        <con:property>
          <con:name>res_errorMessage</con:name>
          <con:value xsi:nil="true"/>
        </con:property>
        <con:property>
          <con:name>req_prodSpecExtId</con:name>
          <con:value>EXT-IPHONE6S-1</con:value>
        </con:property>
        <con:property>
          <con:name>res_productId</con:name>
          <con:value xsi:nil="true"/>
        </con:property>
        <con:property>
          <con:name>res_status</con:name>
          <con:value xsi:nil="true"/>
        </con:property>
        <con:property>
          <con:name>res_quantity</con:name>
          <con:value xsi:nil="true"/>
        </con:property>
        <con:property>
          <con:name>res_startSerial</con:name>
          <con:value xsi:nil="true"/>
        </con:property>
        <con:property>
          <con:name>res_charExtId1</con:name>
          <con:value xsi:nil="true"/>
        </con:property>
        <con:property>
          <con:name>res_charExtId2</con:name>
          <con:value xsi:nil="true"/>
        </con:property>
        <con:property>
          <con:name>res_charExtId3</con:name>
          <con:value xsi:nil="true"/>
        </con:property>
        <con:property>
          <con:name>res_charValueExtId1</con:name>
          <con:value xsi:nil="true"/>
        </con:property>
        <con:property>
          <con:name>res_charValueExtId2</con:name>
          <con:value xsi:nil="true"/>
        </con:property>
        <con:property>
          <con:name>res_charValueExtId3</con:name>
          <con:value xsi:nil="true"/>
        </con:property>
        <con:property>
          <con:name>res_serializedCharExtId</con:name>
          <con:value xsi:nil="true"/>
        </con:property>
        <con:property>
          <con:name>res_serializedCharValue</con:name>
          <con:value xsi:nil="true"/>
        </con:property>
        <con:property>
          <con:name>res_batchId</con:name>
        </con:property>
      </con:properties>
      <con:returnProperties>
        <con:entry>res_code</con:entry>
        <con:entry>res_errorMessage</con:entry>
        <con:entry>res_productId</con:entry>
        <con:entry>res_status</con:entry>
        <con:entry>res_quantity</con:entry>
        <con:entry>res_startSerial</con:entry>
        <con:entry>res_charExtId1</con:entry>
        <con:entry>res_charExtId2</con:entry>
        <con:entry>res_charExtId3</con:entry>
        <con:entry>res_charValueExtId1</con:entry>
        <con:entry>res_charValueExtId2</con:entry>
        <con:entry>res_charValueExtId3</con:entry>
        <con:entry>res_serializedCharExtId</con:entry>
        <con:entry>res_serializedCharValue</con:entry>
      </con:returnProperties>
      <con:runMode>PARALLELL</con:runMode>
    </con:config>
  </con:testStep>
  <con:testStep type="assertionteststep" name="BUG 1846                      Assertion display product - twoDifferentFilesForOneStockIn" id="ab903229-ed03-4d27-a9a5-c3fb518139d9">
    <con:settings/>
    <con:config xsi:type="con:AssertionTestStep" xmlns:xsi="http://www.w3.org/2001/XMLSchema-instance">
      <con:entry>
        <con:id>e0ce85cb-79c1-439a-b185-589f5c055a3e</con:id>
        <con:isGroup>false</con:isGroup>
        <con:sourceId>87dbbf11-f461-4b8a-9370-3d4e5d77257d</con:sourceId>
        <con:propertyName>res_status</con:propertyName>
        <con:assertion type="Simple Equals" name="Equals 4" id="fe4404b7-163a-4cd8-aa86-881d6ec4d32c" disabled="true">
          <con:configuration>
            <patternObjectId>85633c4f-3c29-4c16-a02e-92f047e3d591</patternObjectId>
            <patternProperty>status</patternProperty>
            <caseSensitive>true</caseSensitive>
          </con:configuration>
        </con:assertion>
      </con:entry>
      <con:entry>
        <con:id>d75a0543-3792-42ff-8a9a-1a7913175aad</con:id>
        <con:isGroup>false</con:isGroup>
        <con:sourceId>87dbbf11-f461-4b8a-9370-3d4e5d77257d</con:sourceId>
        <con:propertyName>res_productId</con:propertyName>
        <con:assertion type="Simple Contains" name="Contains" id="edfe2e6c-5409-4609-915d-0b7f10b3efb2" disabled="true">
          <con:configuration>
            <token>\d+</token>
            <ignoreCase>false</ignoreCase>
            <useRegEx>true</useRegEx>
          </con:configuration>
        </con:assertion>
      </con:entry>
      <con:entry>
        <con:id>ddc35d7c-39b3-440b-a05d-4eb0fd5a567d</con:id>
        <con:isGroup>false</con:isGroup>
        <con:sourceId>87dbbf11-f461-4b8a-9370-3d4e5d77257d</con:sourceId>
        <con:propertyName>res_code</con:propertyName>
        <con:assertion type="Simple Equals" name="Equals" id="35c8e497-40a3-4a87-afde-6f450c5620ac">
          <con:configuration>
            <patternText>200</patternText>
            <caseSensitive>true</caseSensitive>
          </con:configuration>
        </con:assertion>
      </con:entry>
      <con:entry>
        <con:id>53aae7e1-c458-4edc-bca7-80b2f306fcd2</con:id>
        <con:isGroup>false</con:isGroup>
        <con:sourceId>87dbbf11-f461-4b8a-9370-3d4e5d77257d</con:sourceId>
        <con:propertyName>res_charExtId1</con:propertyName>
        <con:assertion type="Simple Contains" name="Contains 2" id="e30e4a50-fb06-42cb-9f5d-7ed0dda73759" disabled="true">
          <con:configuration>
            <token>1-EXT</token>
            <ignoreCase>false</ignoreCase>
            <useRegEx>false</useRegEx>
          </con:configuration>
        </con:assertion>
      </con:entry>
      <con:entry>
        <con:id>fe4168ac-976a-47f7-ae6f-636d0bec8411</con:id>
        <con:isGroup>false</con:isGroup>
        <con:sourceId>87dbbf11-f461-4b8a-9370-3d4e5d77257d</con:sourceId>
        <con:propertyName>res_charExtId1</con:propertyName>
        <con:assertion type="Simple Contains" name="Contains 3" id="78040735-87e7-48ec-9fc7-357ce7d58d2d">
          <con:configuration>
            <token>^\s*$</token>
            <ignoreCase>false</ignoreCase>
            <useRegEx>true</useRegEx>
          </con:configuration>
        </con:assertion>
      </con:entry>
    </con:config>
  </con:testStep>
  <con:testStep type="transfer" name="Set display product wo range - twoDifferentFilesForOneStockIn" id="bec3d4c8-a4b3-43f8-a386-f722144a45d8">
    <con:settings/>
    <con:config xsi:type="con:PropertyTransfersStep" xmlns:xsi="http://www.w3.org/2001/XMLSchema-instance">
      <con:transfers setNullOnMissingSource="true" transferTextContent="true" failOnError="true" ignoreEmpty="false" transferToAll="false" entitize="false" transferChildNodes="false">
        <con:name>productSpecExtId</con:name>
        <con:sourceType>serializedWORANGEProdSpecExtId</con:sourceType>
        <con:sourceStep>Given properties for the test steps</con:sourceStep>
        <con:sourcePath/>
        <con:targetType>req_prodSpecExtId</con:targetType>
        <con:targetStep>Display product wo range - twoDifferentFilesForOneStockIn</con:targetStep>
        <con:targetPath/>
        <con:upgraded>true</con:upgraded>
      </con:transfers>
      <con:transfers setNullOnMissingSource="true" transferTextContent="true" failOnError="true" ignoreEmpty="false" transferToAll="false" entitize="false" transferChildNodes="false">
        <con:name>startSerial</con:name>
        <con:sourceType>serial_woRange_twoDifferentFilesForOneStockIn</con:sourceType>
        <con:sourceStep>Given properties for the test steps</con:sourceStep>
        <con:targetType>req_productSerialText</con:targetType>
        <con:targetStep>Display product wo range - twoDifferentFilesForOneStockIn</con:targetStep>
        <con:upgraded>true</con:upgraded>
      </con:transfers>
    </con:config>
  </con:testStep>
  <con:testStep type="calltestcase" name="Display product wo range - twoDifferentFilesForOneStockIn" id="a719e494-b01a-4460-9249-919270aae11a">
    <con:settings/>
    <con:config xsi:type="con:RunTestCaseStep" xmlns:xsi="http://www.w3.org/2001/XMLSchema-instance">
      <con:targetTestCase>7dd6d3d5-fb6a-49fd-9043-a94f5f3402a7</con:targetTestCase>
      <con:properties>
        <con:property>
          <con:name>res_code</con:name>
          <con:value>200</con:value>
        </con:property>
        <con:property>
          <con:name>res_errorMessage</con:name>
          <con:value xsi:nil="true"/>
        </con:property>
        <con:property>
          <con:name>req_prodSpecExtId</con:name>
          <con:value>EXT-GALAXYNOTE4-1</con:value>
        </con:property>
        <con:property>
          <con:name>res_productId</con:name>
          <con:value>[]</con:value>
        </con:property>
        <con:property>
          <con:name>res_charExtId1</con:name>
          <con:value xsi:nil="true"/>
        </con:property>
        <con:property>
          <con:name>res_charExtId2</con:name>
          <con:value xsi:nil="true"/>
        </con:property>
        <con:property>
          <con:name>res_charExtId3</con:name>
          <con:value xsi:nil="true"/>
        </con:property>
        <con:property>
          <con:name>res_charValueExtId1</con:name>
          <con:value xsi:nil="true"/>
        </con:property>
        <con:property>
          <con:name>res_charValueExtId2</con:name>
          <con:value xsi:nil="true"/>
        </con:property>
        <con:property>
          <con:name>res_charValueExtId3</con:name>
          <con:value xsi:nil="true"/>
        </con:property>
        <con:property>
          <con:name>res_serializedCharExtId</con:name>
          <con:value xsi:nil="true"/>
        </con:property>
        <con:property>
          <con:name>res_serializedCharValue</con:name>
          <con:value xsi:nil="true"/>
        </con:property>
        <con:property>
          <con:name>req_productSerialText</con:name>
          <con:value>${#[Test Suite for File Upload#Test Case1 - StockIn#Given properties for the test steps]#serial_woRange_twoDifferentFilesForOneStockIn}</con:value>
        </con:property>
        <con:property>
          <con:name>res_productSerialText</con:name>
          <con:value xsi:nil="true"/>
        </con:property>
      </con:properties>
      <con:returnProperties>
        <con:entry>res_code</con:entry>
        <con:entry>res_errorMessage</con:entry>
        <con:entry>res_productId</con:entry>
        <con:entry>res_charExtId1</con:entry>
        <con:entry>res_charExtId2</con:entry>
        <con:entry>res_charExtId3</con:entry>
        <con:entry>res_charValueExtId1</con:entry>
        <con:entry>res_charValueExtId2</con:entry>
        <con:entry>res_charValueExtId3</con:entry>
        <con:entry>res_serializedCharExtId</con:entry>
        <con:entry>res_serializedCharValue</con:entry>
        <con:entry>res_productSerialText</con:entry>
      </con:returnProperties>
      <con:runMode>PARALLELL</con:runMode>
    </con:config>
  </con:testStep>
  <con:testStep type="assertionteststep" name="BUG 1846                      Assertion display product wo range - twoDifferentFilesForOneStockIn" id="93dcdcfc-5ce6-4df1-aa4c-0d3874f7de57">
    <con:settings/>
    <con:config xsi:type="con:AssertionTestStep" xmlns:xsi="http://www.w3.org/2001/XMLSchema-instance">
      <con:entry>
        <con:id>ed1fd2f5-b526-4764-88df-0eb434ae3202</con:id>
        <con:isGroup>false</con:isGroup>
        <con:sourceId>a719e494-b01a-4460-9249-919270aae11a</con:sourceId>
        <con:propertyName>res_code</con:propertyName>
        <con:assertion type="Simple Equals" name="Equals 3" id="fe79340b-2fd1-4c25-96f9-70b3097351fe">
          <con:configuration>
            <patternText>200</patternText>
            <caseSensitive>true</caseSensitive>
          </con:configuration>
        </con:assertion>
      </con:entry>
      <con:entry>
        <con:id>93ea60b4-128b-4986-8253-0fe7bb94f548</con:id>
        <con:isGroup>false</con:isGroup>
        <con:sourceId>a719e494-b01a-4460-9249-919270aae11a</con:sourceId>
        <con:propertyName>res_charExtId1</con:propertyName>
        <con:assertion type="Simple Equals" name="Equals 4" id="f4170720-82da-448f-83ea-890190c8b8f3" disabled="true">
          <con:configuration>
            <patternText>1-EXT</patternText>
            <caseSensitive>true</caseSensitive>
          </con:configuration>
        </con:assertion>
      </con:entry>
      <con:entry>
        <con:id>631bbcb4-53ea-42aa-a00b-c9e44d9a1392</con:id>
        <con:isGroup>false</con:isGroup>
        <con:sourceId>a719e494-b01a-4460-9249-919270aae11a</con:sourceId>
        <con:propertyName>res_productId</con:propertyName>
        <con:assertion type="Simple Contains" name="Contains 2" id="2d51be77-a1ee-43c6-9465-8070655c8fa1" disabled="true">
          <con:configuration>
            <token>\d+</token>
            <ignoreCase>false</ignoreCase>
            <useRegEx>true</useRegEx>
          </con:configuration>
        </con:assertion>
      </con:entry>
      <con:entry>
        <con:id>69b68bae-016d-459b-ab9d-7a18aa775403</con:id>
        <con:isGroup>false</con:isGroup>
        <con:sourceId>a719e494-b01a-4460-9249-919270aae11a</con:sourceId>
        <con:propertyName>res_productId</con:propertyName>
        <con:assertion type="Simple Contains" name="Contains" id="ec6d2dd9-0fee-409f-8755-112019ad71e9">
          <con:configuration>
            <token>[]</token>
            <ignoreCase>false</ignoreCase>
            <useRegEx>false</useRegEx>
          </con:configuration>
        </con:assertion>
      </con:entry>
    </con:config>
  </con:testStep>
  <con:properties/>
  <con:reportParameters/>
  <con:breakPoints>
    <con:testStepId>865adab9-31db-4cff-ac6c-2adc8afb7045</con:testStepId>
    <con:status>NONE</con:status>
    <con:properties/>
  </con:breakPoints>
  <con:breakPoints>
    <con:testStepId>9d6c662d-0477-4bb5-92cc-f8f5d6775b37</con:testStepId>
    <con:status>NONE</con:status>
    <con:properties/>
  </con:breakPoints>
  <con:breakPoints>
    <con:testStepId>b9f51b92-a991-403b-b96c-7c096aab03dd</con:testStepId>
    <con:status>NONE</con:status>
    <con:properties/>
  </con:breakPoints>
  <con:breakPoints>
    <con:testStepId>73db2519-2bd9-42f0-b2cd-a9ca98ce0c93</con:testStepId>
    <con:status>NONE</con:status>
    <con:properties/>
  </con:breakPoints>
  <con:breakPoints>
    <con:testStepId>1f6b11fb-8865-4a1c-86c4-fdb85edcec9e</con:testStepId>
    <con:status>NONE</con:status>
    <con:properties/>
  </con:breakPoints>
  <con:breakPoints>
    <con:testStepId>943d76e8-0a9b-4043-a0f2-800bbc0d1b18</con:testStepId>
    <con:status>NONE</con:status>
    <con:properties/>
  </con:breakPoints>
  <con:breakPoints>
    <con:testStepId>ea03564c-b2a4-4d96-991f-22674265db74</con:testStepId>
    <con:status>NONE</con:status>
    <con:properties/>
  </con:breakPoints>
  <con:breakPoints>
    <con:testStepId>ff0601e0-75e4-4a69-8bdd-368bfe219967</con:testStepId>
    <con:status>NONE</con:status>
    <con:properties/>
  </con:breakPoints>
  <con:breakPoints>
    <con:testStepId>733bf664-5fc6-43dd-bb70-beaba2fc6696</con:testStepId>
    <con:status>NONE</con:status>
    <con:properties/>
  </con:breakPoints>
  <con:breakPoints>
    <con:testStepId>692b86ca-95ad-4696-b9ca-ef389563c0c5</con:testStepId>
    <con:status>NONE</con:status>
    <con:properties/>
  </con:breakPoints>
  <con:breakPoints>
    <con:testStepId>defae99e-3667-412f-8716-4b125e0b1920</con:testStepId>
    <con:status>NONE</con:status>
    <con:properties/>
  </con:breakPoints>
  <con:breakPoints>
    <con:testStepId>efb3ffe0-930d-46ad-a261-50f9c461a95d</con:testStepId>
    <con:status>NONE</con:status>
    <con:properties/>
  </con:breakPoints>
  <con:breakPoints>
    <con:testStepId>664286b0-b180-4496-ad7e-e85d423032ed</con:testStepId>
    <con:status>NONE</con:status>
    <con:properties/>
  </con:breakPoints>
  <con:breakPoints>
    <con:testStepId>75263f80-5aa2-4d89-a8e7-bb80c78fc28d</con:testStepId>
    <con:status>NONE</con:status>
    <con:properties/>
  </con:breakPoints>
  <con:breakPoints>
    <con:testStepId>7721040a-68e0-424a-8fc1-ec17129a1bb8</con:testStepId>
    <con:status>NONE</con:status>
    <con:properties/>
  </con:breakPoints>
  <con:breakPoints>
    <con:testStepId>5ba17a37-e8bb-4269-af75-5f2a236c3742</con:testStepId>
    <con:status>NONE</con:status>
    <con:properties/>
  </con:breakPoints>
  <con:breakPoints>
    <con:testStepId>f6bb4c43-67db-4a79-bbc6-3868293ac3ce</con:testStepId>
    <con:status>NONE</con:status>
    <con:properties/>
  </con:breakPoints>
  <con:breakPoints>
    <con:testStepId>cbbfedbb-0377-4f0f-b013-5b77813837a1</con:testStepId>
    <con:status>NONE</con:status>
    <con:properties/>
  </con:breakPoints>
  <con:breakPoints>
    <con:testStepId>d1df8b7f-a390-4ba8-b423-cb45040a06d3</con:testStepId>
    <con:status>NONE</con:status>
    <con:properties/>
  </con:breakPoints>
  <con:breakPoints>
    <con:testStepId>c41fb46c-2695-406c-adf4-300d4d1070fe</con:testStepId>
    <con:status>NONE</con:status>
    <con:properties/>
  </con:breakPoints>
  <con:breakPoints>
    <con:testStepId>de9c72e4-2a18-47ba-a165-395723d90486</con:testStepId>
    <con:status>NONE</con:status>
    <con:properties/>
  </con:breakPoints>
  <con:breakPoints>
    <con:testStepId>47f2817b-b67b-42a6-9c1f-1a7ccc8244e3</con:testStepId>
    <con:status>NONE</con:status>
    <con:properties/>
  </con:breakPoints>
  <con:breakPoints>
    <con:testStepId>dc20a084-3116-4760-b6ac-a66534cce650</con:testStepId>
    <con:status>NONE</con:status>
    <con:properties/>
  </con:breakPoints>
  <con:breakPoints>
    <con:testStepId>34476fe2-7121-4856-bddc-649794724770</con:testStepId>
    <con:status>NONE</con:status>
    <con:properties/>
  </con:breakPoints>
  <con:breakPoints>
    <con:testStepId>63197681-5c05-4d99-99cb-274e0a0059bc</con:testStepId>
    <con:status>NONE</con:status>
    <con:properties/>
  </con:breakPoints>
  <con:breakPoints>
    <con:testStepId>ab903229-ed03-4d27-a9a5-c3fb518139d9</con:testStepId>
    <con:status>NONE</con:status>
    <con:properties/>
  </con:breakPoints>
</con:testCase>