<?xml version="1.0" encoding="UTF-8"?>
<con:testCase id="9dc1514d-70c9-4ca4-9d3f-24c89bf393e6" discardOkResults="true" failOnError="true" failTestCaseOnErrors="true" keepSession="false" name="Test Case 1" searchProperties="true" timeout="0" wsrmEnabled="false" wsrmVersion="1.0" wsrmAckTo="" amfAuthorisation="false" amfEndpoint="" amfLogin="" amfPassword="" xmlns:con="http://eviware.com/soapui/config">
  <con:settings>
    <con:setting id="8815f3f9-ae29-4487-a605-f7b6c8fe76e8fileName">Create-and-submit-sales-organization-with-user%2C-inventory-and-terminal</con:setting>
    <con:setting id="e22f0d88-7580-4cc2-be7b-4545e0d6248afileName">Test-Case-1</con:setting>
    <con:setting id="926d7ff0-b894-453f-9939-7e876393f00efileName">Test-Case-1</con:setting>
    <con:setting id="9dc1514d-70c9-4ca4-9d3f-24c89bf393e6fileName">Test-Case-1</con:setting>
  </con:settings>
  <con:savedRecentRuns>1</con:savedRecentRuns>
  <con:testStep type="properties" name="Given properties for the test steps" id="d03751cb-a7d8-4517-aadd-c3ecba7bbb3e">
    <con:settings/>
    <con:config xsi:type="con:PropertiesStep" saveFirst="true" xmlns:xsi="http://www.w3.org/2001/XMLSchema-instance">
      <con:properties>
        <con:property>
          <con:name>currency</con:name>
          <con:value>USD</con:value>
        </con:property>
        <con:property>
          <con:name>roundedAmount</con:name>
          <con:value>101</con:value>
        </con:property>
        <con:property>
          <con:name>notExistBIId</con:name>
          <con:value>-1</con:value>
        </con:property>
        <con:property>
          <con:name>emptyValue</con:name>
          <con:value/>
        </con:property>
        <con:property>
          <con:name>currencyTL</con:name>
          <con:value>TL</con:value>
        </con:property>
        <con:property>
          <con:name>currencyEUR</con:name>
          <con:value>EUR</con:value>
        </con:property>
        <con:property>
          <con:name>notEnoughAmount</con:name>
          <con:value>10000000</con:value>
        </con:property>
        <con:property>
          <con:name>notEnoughRoundedAmount</con:name>
          <con:value>10000000</con:value>
        </con:property>
        <con:property>
          <con:name>biSpec</con:name>
          <con:value>CREATESTARTERPACKBISPEC</con:value>
        </con:property>
        <con:property>
          <con:name>invalidQuantity</con:name>
          <con:value>10</con:value>
        </con:property>
        <con:property>
          <con:name>productCharacteristicValueType</con:name>
          <con:value>STRING</con:value>
        </con:property>
        <con:property>
          <con:name>startICCID</con:name>
          <con:value>22222100012345678901</con:value>
        </con:property>
        <con:property>
          <con:name>endICCID</con:name>
          <con:value>22222103012345678901</con:value>
        </con:property>
        <con:property>
          <con:name>simSpecExtID</con:name>
          <con:value>EXT-SIM-1</con:value>
        </con:property>
        <con:property>
          <con:name>validQuantity</con:name>
          <con:value>2</con:value>
        </con:property>
        <con:property>
          <con:name>starterPackSpecExtId</con:name>
          <con:value>EXT-STARTERPACK-1</con:value>
        </con:property>
        <con:property>
          <con:name>starterPackSerialText1</con:name>
          <con:value>1213213123333538</con:value>
        </con:property>
        <con:property>
          <con:name>starterPackSerialText2</con:name>
          <con:value>23123421412425669</con:value>
        </con:property>
        <con:property>
          <con:name>iccid1</con:name>
          <con:value>19999901234567890127</con:value>
        </con:property>
        <con:property>
          <con:name>iccid2</con:name>
          <con:value>19999901234567890128</con:value>
        </con:property>
        <con:property>
          <con:name>nonSellableProductStatus</con:name>
          <con:value>4</con:value>
        </con:property>
        <con:property>
          <con:name>sellableProductStatus</con:name>
          <con:value>1</con:value>
        </con:property>
        <con:property>
          <con:name>incorrectStarterPackExtId</con:name>
          <con:value>EEXT-STARTERPACK-1</con:value>
        </con:property>
        <con:property>
          <con:name>incorrectStarterPackSerialText1</con:name>
          <con:value>9213213123333537</con:value>
        </con:property>
        <con:property>
          <con:name>incorrectStarterPackSerialText2</con:name>
          <con:value>93123421412425668</con:value>
        </con:property>
        <con:property>
          <con:name>starterPackSerialText3</con:name>
          <con:value>3213213123333537</con:value>
        </con:property>
        <con:property>
          <con:name>starterPackSerialText4</con:name>
          <con:value>43123421412425668</con:value>
        </con:property>
        <con:property>
          <con:name>error_internal_system_error</con:name>
          <con:value>INTERNAL_SYSTEM_ERROR</con:value>
        </con:property>
        <con:property>
          <con:name>error_cannot_submit_without_item</con:name>
          <con:value>BI_CANNOT_SUBMIT_WITHOUT_ITEM</con:value>
        </con:property>
        <con:property>
          <con:name>error_start_serial_number_must_be_given</con:name>
          <con:value>PRODUCT_START_SERIAL_NUMBER_MUST_BE_GIVEN_IN_DRAFT_STATE</con:value>
        </con:property>
        <con:property>
          <con:name>error_product_could_not_be_found</con:name>
          <con:value>PRODUCT_COULD_NOT_BE_FOUND</con:value>
        </con:property>
        <con:property>
          <con:name>error_payload</con:name>
          <con:value>406</con:value>
        </con:property>
        <con:property>
          <con:name>error_product_start_end_serial_diff_less_than_quantity</con:name>
          <con:value>PRODUCT_START_END_SERIAL_DIFFERENCE_LESS_THAN_QUANTITY</con:value>
        </con:property>
        <con:property>
          <con:name>error_place_not_in_the_sales_org</con:name>
          <con:value>PLACE_NOT_IN_THE_SALES_ORG</con:value>
        </con:property>
        <con:property>
          <con:name>error_given_iccid_not_found</con:name>
          <con:value>GIVEN_ICCID_NOT_FOUND_AS_A_SERIAL_NUMBER</con:value>
        </con:property>
        <con:property>
          <con:name>error_product_spec_with_extId_not_found</con:name>
          <con:value>PRODUCT_SPEC_WITH_EXTERNAL_ID_COULD_NOT_BE_FOUND</con:value>
        </con:property>
        <con:property>
          <con:name>error_invalid_state_operation</con:name>
          <con:value>INVALID_STATE_OPERATION</con:value>
        </con:property>
        <con:property>
          <con:name>error_product_with_serial_no_range_exists</con:name>
          <con:value>PRODUCT_WITH_SAME_SERIAL_NUMBER_RANGE_EXISTS</con:value>
        </con:property>
        <con:property>
          <con:name>error_no_items_left</con:name>
          <con:value>NO_ITEMS_LEFT_AFTER_INVALID_ONES_REMOVED</con:value>
        </con:property>
        <con:property>
          <con:name>error_iccid_must_be_provided</con:name>
          <con:value>ICCID_STARTER_PACK_INFO_MUST_BE_PROVIDED</con:value>
        </con:property>
        <con:property>
          <con:name>error_start_iccid_must_be_a_number</con:name>
          <con:value>START_ICCID_MUST_BE_A_NUMBER</con:value>
        </con:property>
        <con:property>
          <con:name>error_end_iccid_must_be_a_number</con:name>
          <con:value>END_ICCID_MUST_BE_A_NUMBER</con:value>
        </con:property>
        <con:property>
          <con:name>error_number_of_requested_quantity_equal_or_more</con:name>
          <con:value>NUMBER_OF_REQUESTED_QUANTITY_SHOULD_BE_EQUAL_OR_MORE_THAN_ONE</con:value>
        </con:property>
        <con:property>
          <con:name>error_bi_with_id_not_found</con:name>
          <con:value>BI_WITH_ID_NOT_FOUND</con:value>
        </con:property>
        <con:property>
          <con:name>error_product_with_same_serial_text_exists</con:name>
          <con:value>PRODUCT_WITH_SAME_SERIAL_TEXT_EXISTS</con:value>
        </con:property>
        <con:property>
          <con:name>error_NO_PRODUCT_SPEC_FOUND_WITH_PROVIDED_EXTERNAL_ID</con:name>
          <con:value>NO_PRODUCT_SPEC_FOUND_WITH_PROVIDED_EXTERNAL_ID</con:value>
        </con:property>
        <con:property>
          <con:name>errMsg-biSpecNotExist</con:name>
          <con:value>BUSINESS_INTERACTION_SPEC_WITH_CODE_DOES_NOT_EXIST</con:value>
        </con:property>
        <con:property>
          <con:name>httpStatus400</con:name>
          <con:value>400</con:value>
        </con:property>
        <con:property>
          <con:name>httpStatus500</con:name>
          <con:value/>
        </con:property>
      </con:properties>
    </con:config>
  </con:testStep>
  <con:testStep type="transfer" name="Set initial data request parameters" id="ac6384f5-277a-40be-af22-6dcf729b55d3">
    <con:settings/>
    <con:config xsi:type="con:PropertyTransfersStep" xmlns:xsi="http://www.w3.org/2001/XMLSchema-instance">
      <con:transfers setNullOnMissingSource="true" transferTextContent="true" failOnError="true" ignoreEmpty="false" transferToAll="false" entitize="false" transferChildNodes="false">
        <con:name>createdByUserRoleId</con:name>
        <con:sourceType>DefaultUserRoleId</con:sourceType>
        <con:sourceStep>#Project#</con:sourceStep>
        <con:sourcePath/>
        <con:targetType>req_createdByUserRoleId</con:targetType>
        <con:targetStep>Create sales organization, user, inventory and terminal and place</con:targetStep>
        <con:targetPath/>
        <con:upgraded>true</con:upgraded>
      </con:transfers>
      <con:transfers setNullOnMissingSource="true" transferTextContent="true" failOnError="true" ignoreEmpty="false" transferToAll="false" entitize="false" transferChildNodes="false">
        <con:name>createdBySalesOrgRoleId</con:name>
        <con:sourceType>DefaultSalesOrganizationRoleId</con:sourceType>
        <con:sourceStep>#Project#</con:sourceStep>
        <con:targetType>req_createdBySalesOrgRoleId</con:targetType>
        <con:targetStep>Create sales organization, user, inventory and terminal and place</con:targetStep>
        <con:upgraded>true</con:upgraded>
      </con:transfers>
    </con:config>
  </con:testStep>
  <con:testStep type="calltestcase" name="Create sales organization, user, inventory and terminal and place" id="76128d1b-d723-4712-9f1f-da93cc27c23e">
    <con:settings/>
    <con:config xsi:type="con:RunTestCaseStep" xmlns:xsi="http://www.w3.org/2001/XMLSchema-instance">
      <con:targetTestCase>b92a7c8d-a0ed-4725-99e9-4866fd949629</con:targetTestCase>
      <con:properties>
        <con:property>
          <con:name>req_createdByUserRoleId</con:name>
          <con:value>2</con:value>
        </con:property>
        <con:property>
          <con:name>req_createdBySalesOrgRoleId</con:name>
          <con:value>1</con:value>
        </con:property>
        <con:property>
          <con:name>req_userRoleExtId</con:name>
          <con:value>u${=java.util.UUID.randomUUID()}</con:value>
        </con:property>
        <con:property>
          <con:name>req_salesOrgRoleExtId</con:name>
          <con:value>s${=java.util.UUID.randomUUID()}</con:value>
        </con:property>
        <con:property>
          <con:name>req_terminalExtId</con:name>
          <con:value>t${=java.util.UUID.randomUUID()}</con:value>
        </con:property>
        <con:property>
          <con:name>req_inventoryExtId</con:name>
          <con:value>i${=java.util.UUID.randomUUID()}</con:value>
        </con:property>
        <con:property>
          <con:name>res_salesOrgBiId</con:name>
        </con:property>
        <con:property>
          <con:name>res_userRoleBiId</con:name>
        </con:property>
        <con:property>
          <con:name>res_terminalBiId</con:name>
        </con:property>
        <con:property>
          <con:name>res_inventoryRoleBiId</con:name>
        </con:property>
        <con:property>
          <con:name>res_salesOrgId</con:name>
          <con:value>47</con:value>
        </con:property>
        <con:property>
          <con:name>res_userRoleId</con:name>
          <con:value>49</con:value>
        </con:property>
        <con:property>
          <con:name>res_terminalId</con:name>
          <con:value>12</con:value>
        </con:property>
        <con:property>
          <con:name>res_inventoryRoleId</con:name>
          <con:value>50</con:value>
        </con:property>
        <con:property>
          <con:name>res_placeId</con:name>
          <con:value>26</con:value>
        </con:property>
        <con:property>
          <con:name>res_soExtId</con:name>
        </con:property>
        <con:property>
          <con:name>res_salesOrganisationExternalId</con:name>
        </con:property>
        <con:property>
          <con:name>userToken</con:name>
          <con:value>Bearer eyJraWQiOiIxIiwiYWxnIjoiUlMyNTYifQ.eyJpc3MiOiJVTVMtUHJlZmlsdGVyLUNoZWNrQXV0aG9yaXplIiwic3ViIjoiVEVTVCIsImF1ZCI6IlJNIiwiaWF0IjoxNDg3MTYwOTc5LCJleHAiOjE1NTI1NDg1MTMsImF1dGhfdGltZSI6IjEzMTEyODA4NzAiLCJub25jZSI6Im4tMFM2X1d6QTJNaiIsIm5hbWUiOiJVTVMgVGVzdCBVc2VyIiwieF9kYnNzIjp7ImF1dGh6UHJvZmlsZU5hbWUiOiJDU1JfQXV0aHpQcm9maWxlIiwidmVyc2lvbiI6InYxIiwicGFydHlfaWQiOiIxMjMiLCJleHRlcm5hbF91c2VybmFtZSI6InU3MmVjNWU1OS03NzJhLTRmODEtOWNiMi03YmExNWUwNWI3MzkifX0.O4qOLWg-IaqzlxYoVyWZ-OQtNFyt9uCZj42DipM-rmZ6WkYFFUZ6MWILskYy2nbqEZFZ-HsizBWvJypca3dOeSfA2om9baroOv9yRbm0075UhFwXAqgE0GOQfVfKf6olTYJKI354n_lSaHJ1VvY8Ql4Bj7iZK3Bcpzz7W0PaNAk</con:value>
        </con:property>
        <con:property>
          <con:name>userIntToken</con:name>
        </con:property>
        <con:property>
          <con:name>req_email</con:name>
        </con:property>
      </con:properties>
      <con:returnProperties>
        <con:entry>res_inventoryRoleId</con:entry>
        <con:entry>res_placeId</con:entry>
        <con:entry>res_salesOrgId</con:entry>
        <con:entry>res_terminalId</con:entry>
        <con:entry>res_userRoleId</con:entry>
        <con:entry>userToken</con:entry>
      </con:returnProperties>
      <con:runMode>PARALLELL</con:runMode>
    </con:config>
  </con:testStep>
  <con:testStep type="assertionteststep" name="Assert if user id, so id, inventory id and terminal id not null" id="e64e1bb8-4cfc-423c-a017-2f44f9aa9a18">
    <con:settings/>
    <con:config xsi:type="con:AssertionTestStep" xmlns:xsi="http://www.w3.org/2001/XMLSchema-instance">
      <con:entry>
        <con:id>58b0328e-35cd-419f-8608-c2f465d7807d</con:id>
        <con:isGroup>false</con:isGroup>
        <con:sourceId>76128d1b-d723-4712-9f1f-da93cc27c23e</con:sourceId>
        <con:propertyName>res_salesOrgId</con:propertyName>
        <con:assertion type="Simple Contains" name="salesOrgId" id="3ae15540-241a-4da1-95e9-9583f45a5136">
          <con:configuration>
            <token>\d+</token>
            <ignoreCase>false</ignoreCase>
            <useRegEx>true</useRegEx>
          </con:configuration>
        </con:assertion>
      </con:entry>
      <con:entry>
        <con:id>9a78f0fd-e8db-45fe-8487-863e2e8c4fc6</con:id>
        <con:isGroup>false</con:isGroup>
        <con:sourceId>76128d1b-d723-4712-9f1f-da93cc27c23e</con:sourceId>
        <con:propertyName>res_userRoleId</con:propertyName>
        <con:assertion type="Simple Contains" name="userId" id="14315e73-1085-4634-9a26-911330e9287d">
          <con:configuration>
            <token>\d+</token>
            <ignoreCase>false</ignoreCase>
            <useRegEx>true</useRegEx>
          </con:configuration>
        </con:assertion>
      </con:entry>
      <con:entry>
        <con:id>d8fb547d-ca6e-4a28-95ee-abe178596d15</con:id>
        <con:isGroup>false</con:isGroup>
        <con:sourceId>76128d1b-d723-4712-9f1f-da93cc27c23e</con:sourceId>
        <con:propertyName>res_terminalId</con:propertyName>
        <con:assertion type="Simple Contains" name="terminalId" id="284ef0f6-24b3-4f48-a921-69251e1ab319">
          <con:configuration>
            <token>\d+</token>
            <ignoreCase>false</ignoreCase>
            <useRegEx>true</useRegEx>
          </con:configuration>
        </con:assertion>
      </con:entry>
      <con:entry>
        <con:id>e2f28dd1-c56f-491a-9c0e-43048af239c9</con:id>
        <con:isGroup>false</con:isGroup>
        <con:sourceId>76128d1b-d723-4712-9f1f-da93cc27c23e</con:sourceId>
        <con:propertyName>res_inventoryRoleId</con:propertyName>
        <con:assertion type="Simple Contains" name="inventoryId" id="4d4e0bd0-d50f-42cd-b6a0-2e5be620dd00">
          <con:configuration>
            <token>\d+</token>
            <ignoreCase>false</ignoreCase>
            <useRegEx>true</useRegEx>
          </con:configuration>
        </con:assertion>
      </con:entry>
      <con:entry>
        <con:id>b2dde7e7-e213-49d1-8372-9d62cac9b14b</con:id>
        <con:isGroup>false</con:isGroup>
        <con:sourceId>76128d1b-d723-4712-9f1f-da93cc27c23e</con:sourceId>
        <con:propertyName>res_placeId</con:propertyName>
        <con:assertion type="Simple Contains" name="placeId" id="2eb11b3c-13ef-4a97-a19c-6d66f569e13a">
          <con:configuration>
            <token>\d+</token>
            <ignoreCase>false</ignoreCase>
            <useRegEx>true</useRegEx>
          </con:configuration>
        </con:assertion>
      </con:entry>
    </con:config>
  </con:testStep>
  <con:testStep type="transfer" name="Set userRoleId,salesOrgRoleId and placeId to test case" id="5b4f7e67-5664-4a0a-a736-1328fac99d95">
    <con:settings/>
    <con:config xsi:type="con:PropertyTransfersStep" xmlns:xsi="http://www.w3.org/2001/XMLSchema-instance">
      <con:transfers setNullOnMissingSource="true" transferTextContent="true" failOnError="true" ignoreEmpty="false" transferToAll="false" entitize="false" transferChildNodes="false">
        <con:name>userRoleId</con:name>
        <con:sourceType>res_userRoleId</con:sourceType>
        <con:sourceStep>Create sales organization, user, inventory and terminal and place</con:sourceStep>
        <con:sourcePath/>
        <con:targetType>req_userRoleId</con:targetType>
        <con:targetStep>#TestCase#</con:targetStep>
        <con:targetPath/>
        <con:upgraded>true</con:upgraded>
      </con:transfers>
      <con:transfers setNullOnMissingSource="true" transferTextContent="true" failOnError="true" ignoreEmpty="false" transferToAll="false" entitize="false" transferChildNodes="false">
        <con:name>salesOrgRoleId</con:name>
        <con:sourceType>res_salesOrgId</con:sourceType>
        <con:sourceStep>Create sales organization, user, inventory and terminal and place</con:sourceStep>
        <con:targetType>req_salesOrgId</con:targetType>
        <con:targetStep>#TestCase#</con:targetStep>
        <con:upgraded>true</con:upgraded>
      </con:transfers>
      <con:transfers setNullOnMissingSource="true" transferTextContent="true" failOnError="true" ignoreEmpty="false" transferToAll="false" entitize="false" transferChildNodes="false">
        <con:name>placeId</con:name>
        <con:sourceType>res_placeId</con:sourceType>
        <con:sourceStep>Create sales organization, user, inventory and terminal and place</con:sourceStep>
        <con:targetType>req_placeId</con:targetType>
        <con:targetStep>#TestCase#</con:targetStep>
        <con:upgraded>true</con:upgraded>
      </con:transfers>
    </con:config>
  </con:testStep>
  <con:testStep type="transfer" name="Set start session business interaction parameters" id="762e13b5-1bfd-404b-a642-e40737fcd7d4">
    <con:settings/>
    <con:config xsi:type="con:PropertyTransfersStep" xmlns:xsi="http://www.w3.org/2001/XMLSchema-instance">
      <con:transfers setNullOnMissingSource="true" transferTextContent="true" failOnError="true" ignoreEmpty="false" transferToAll="false" entitize="false" transferChildNodes="false">
        <con:name>terminalId</con:name>
        <con:sourceType>res_terminalId</con:sourceType>
        <con:sourceStep>Create sales organization, user, inventory and terminal and place</con:sourceStep>
        <con:sourcePath/>
        <con:targetType>req_terminalId</con:targetType>
        <con:targetStep>Create and submit start session business interaction</con:targetStep>
        <con:targetPath/>
        <con:upgraded>true</con:upgraded>
      </con:transfers>
      <con:transfers setNullOnMissingSource="true" transferTextContent="true" failOnError="true" ignoreEmpty="false" transferToAll="false" entitize="false" transferChildNodes="false">
        <con:name>soId</con:name>
        <con:sourceType>res_salesOrgId</con:sourceType>
        <con:sourceStep>Create sales organization, user, inventory and terminal and place</con:sourceStep>
        <con:targetType>req_salesOrgRoleId</con:targetType>
        <con:targetStep>Create and submit start session business interaction</con:targetStep>
        <con:upgraded>true</con:upgraded>
      </con:transfers>
      <con:transfers setNullOnMissingSource="true" transferTextContent="true" failOnError="true" ignoreEmpty="false" transferToAll="false" entitize="false" transferChildNodes="false">
        <con:name>userId</con:name>
        <con:sourceType>res_userRoleId</con:sourceType>
        <con:sourceStep>Create sales organization, user, inventory and terminal and place</con:sourceStep>
        <con:targetType>req_userRoleId</con:targetType>
        <con:targetStep>Create and submit start session business interaction</con:targetStep>
        <con:upgraded>true</con:upgraded>
      </con:transfers>
    </con:config>
  </con:testStep>
  <con:testStep type="calltestcase" name="Create and submit start session business interaction" id="ba18606a-4652-4c62-bab3-f69616c63bcf">
    <con:settings/>
    <con:config xsi:type="con:RunTestCaseStep" xmlns:xsi="http://www.w3.org/2001/XMLSchema-instance">
      <con:targetTestCase>a8bc6612-7b48-44cc-84ed-0b76bc1c8f6d</con:targetTestCase>
      <con:properties>
        <con:property>
          <con:name>req_terminalId</con:name>
          <con:value>12</con:value>
        </con:property>
        <con:property>
          <con:name>req_userRoleId</con:name>
          <con:value>49</con:value>
        </con:property>
        <con:property>
          <con:name>req_salesOrgRoleId</con:name>
          <con:value>47</con:value>
        </con:property>
        <con:property>
          <con:name>res_biId</con:name>
          <con:value>1011</con:value>
        </con:property>
      </con:properties>
      <con:returnProperties>
        <con:entry>res_biId</con:entry>
      </con:returnProperties>
      <con:runMode>PARALLELL</con:runMode>
    </con:config>
  </con:testStep>
  <con:testStep type="assertionteststep" name="Assertion start session business interaction submitted successfully" id="9861fb52-995c-4168-8569-608490c5fa5c">
    <con:settings/>
    <con:config xsi:type="con:AssertionTestStep" xmlns:xsi="http://www.w3.org/2001/XMLSchema-instance">
      <con:entry>
        <con:id>f13731f1-fdb0-4681-b858-749e699782ff</con:id>
        <con:isGroup>false</con:isGroup>
        <con:sourceId>ba18606a-4652-4c62-bab3-f69616c63bcf</con:sourceId>
        <con:propertyName>res_biId</con:propertyName>
        <con:assertion type="Simple Contains" name="Contains" id="c5d7227e-c2f5-4b92-a8f9-4f96d80d3f50">
          <con:configuration>
            <token>\d+</token>
            <ignoreCase>false</ignoreCase>
            <useRegEx>true</useRegEx>
          </con:configuration>
        </con:assertion>
      </con:entry>
    </con:config>
  </con:testStep>
  <con:testStep type="transfer" name="P.T. - Create starter pack business interaction without bispec" id="e0e9c6cf-dd2a-4356-a0f2-9b662e3690cf">
    <con:settings/>
    <con:config xsi:type="con:PropertyTransfersStep" xmlns:xsi="http://www.w3.org/2001/XMLSchema-instance">
      <con:transfers setNullOnMissingSource="true" transferTextContent="true" failOnError="true" ignoreEmpty="false" transferToAll="false" entitize="false" transferChildNodes="false">
        <con:name>userRoleId</con:name>
        <con:sourceType>res_userRoleId</con:sourceType>
        <con:sourceStep>Create sales organization, user, inventory and terminal and place</con:sourceStep>
        <con:sourcePath/>
        <con:targetType>req_userRoleId</con:targetType>
        <con:targetStep>Create starter pack business interaction without bispec</con:targetStep>
        <con:targetPath/>
        <con:upgraded>true</con:upgraded>
      </con:transfers>
      <con:transfers setNullOnMissingSource="true" transferTextContent="true" failOnError="true" ignoreEmpty="false" transferToAll="false" entitize="false" transferChildNodes="false">
        <con:name>salesOrgRoleId</con:name>
        <con:sourceType>res_salesOrgId</con:sourceType>
        <con:sourceStep>Create sales organization, user, inventory and terminal and place</con:sourceStep>
        <con:targetType>req_soRoleId</con:targetType>
        <con:targetStep>Create starter pack business interaction without bispec</con:targetStep>
        <con:upgraded>true</con:upgraded>
      </con:transfers>
    </con:config>
  </con:testStep>
  <con:testStep type="calltestcase" name="Create starter pack business interaction without bispec" id="d53c907f-38f2-4c33-9567-f0d538525388">
    <con:settings/>
    <con:config xsi:type="con:RunTestCaseStep" xmlns:xsi="http://www.w3.org/2001/XMLSchema-instance">
      <con:targetTestCase>637528a8-67ce-4e6e-a2c5-0c0629ea45b6</con:targetTestCase>
      <con:properties>
        <con:property>
          <con:name>req_userRoleId</con:name>
          <con:value>49</con:value>
        </con:property>
        <con:property>
          <con:name>req_biSpec</con:name>
          <con:value xsi:nil="true"/>
        </con:property>
        <con:property>
          <con:name>req_soRoleId</con:name>
          <con:value>47</con:value>
        </con:property>
        <con:property>
          <con:name>res_id</con:name>
          <con:value xsi:nil="true"/>
        </con:property>
        <con:property>
          <con:name>res_code</con:name>
          <con:value>500</con:value>
        </con:property>
        <con:property>
          <con:name>res_errorMessage</con:name>
          <con:value>500</con:value>
        </con:property>
        <con:property>
          <con:name>res_httpStatus</con:name>
          <con:value>500</con:value>
        </con:property>
      </con:properties>
      <con:returnProperties>
        <con:entry>res_id</con:entry>
        <con:entry>res_code</con:entry>
        <con:entry>res_errorMessage</con:entry>
        <con:entry>res_httpStatus</con:entry>
      </con:returnProperties>
      <con:runMode>PARALLELL</con:runMode>
    </con:config>
  </con:testStep>
  <con:testStep type="assertionteststep" name="Assert bi is not created without bi spec" id="0fd1c726-9fce-4f1c-9333-f0f2d536e583">
    <con:settings/>
    <con:config xsi:type="con:AssertionTestStep" xmlns:xsi="http://www.w3.org/2001/XMLSchema-instance">
      <con:entry>
        <con:id>893cf461-9b36-47f6-8b55-c725a1bbc628</con:id>
        <con:isGroup>false</con:isGroup>
        <con:sourceId>d53c907f-38f2-4c33-9567-f0d538525388</con:sourceId>
        <con:propertyName>res_httpStatus</con:propertyName>
        <con:assertion type="Simple Equals" name="Equals" id="92347eb8-0d75-4f4d-9940-cafca2f95a2e">
          <con:configuration>
            <patternText>500</patternText>
            <caseSensitive>true</caseSensitive>
          </con:configuration>
        </con:assertion>
      </con:entry>
    </con:config>
  </con:testStep>
  <con:testStep type="transfer" name="P.T. - Create starter pack business interaction with invalid bispec" id="d3c58740-7d50-441f-8e7a-9ea6c5b0c0e3">
    <con:settings/>
    <con:config xsi:type="con:PropertyTransfersStep" xmlns:xsi="http://www.w3.org/2001/XMLSchema-instance">
      <con:transfers setNullOnMissingSource="true" transferTextContent="true" failOnError="true" ignoreEmpty="false" transferToAll="false" entitize="false" transferChildNodes="false">
        <con:name>userRoleId</con:name>
        <con:sourceType>res_userRoleId</con:sourceType>
        <con:sourceStep>Create sales organization, user, inventory and terminal and place</con:sourceStep>
        <con:sourcePath/>
        <con:targetType>req_userRoleId</con:targetType>
        <con:targetStep>Create starter pack business interaction with invalid bispec</con:targetStep>
        <con:targetPath/>
        <con:upgraded>true</con:upgraded>
      </con:transfers>
      <con:transfers setNullOnMissingSource="true" transferTextContent="true" failOnError="true" ignoreEmpty="false" transferToAll="false" entitize="false" transferChildNodes="false">
        <con:name>salesOrgRoleId</con:name>
        <con:sourceType>res_salesOrgId</con:sourceType>
        <con:sourceStep>Create sales organization, user, inventory and terminal and place</con:sourceStep>
        <con:targetType>req_soRoleId</con:targetType>
        <con:targetStep>Create starter pack business interaction with invalid bispec</con:targetStep>
        <con:upgraded>true</con:upgraded>
      </con:transfers>
      <con:transfers setNullOnMissingSource="true" transferTextContent="true" failOnError="true" ignoreEmpty="false" transferToAll="false" entitize="false" transferChildNodes="false">
        <con:name>biSpecCode</con:name>
        <con:sourceType>currency</con:sourceType>
        <con:sourceStep>Given properties for the test steps</con:sourceStep>
        <con:targetType>req_biSpec</con:targetType>
        <con:targetStep>Create starter pack business interaction with invalid bispec</con:targetStep>
        <con:upgraded>true</con:upgraded>
      </con:transfers>
    </con:config>
  </con:testStep>
  <con:testStep type="calltestcase" name="Create starter pack business interaction with invalid bispec" id="41553e19-cc72-4dc3-b2c6-8f509c7e2fe3">
    <con:settings/>
    <con:config xsi:type="con:RunTestCaseStep" xmlns:xsi="http://www.w3.org/2001/XMLSchema-instance">
      <con:targetTestCase>637528a8-67ce-4e6e-a2c5-0c0629ea45b6</con:targetTestCase>
      <con:properties>
        <con:property>
          <con:name>req_userRoleId</con:name>
          <con:value>49</con:value>
        </con:property>
        <con:property>
          <con:name>req_biSpec</con:name>
          <con:value>USD</con:value>
        </con:property>
        <con:property>
          <con:name>req_soRoleId</con:name>
          <con:value>47</con:value>
        </con:property>
        <con:property>
          <con:name>res_id</con:name>
          <con:value xsi:nil="true"/>
        </con:property>
        <con:property>
          <con:name>res_code</con:name>
          <con:value>BUSINESS_INTERACTION_SPEC_WITH_CODE_DOES_NOT_EXIST</con:value>
        </con:property>
        <con:property>
          <con:name>res_errorMessage</con:name>
          <con:value>BUSINESS_INTERACTION_SPEC_WITH_CODE_DOES_NOT_EXIST</con:value>
        </con:property>
        <con:property>
          <con:name>res_httpStatus</con:name>
          <con:value>400</con:value>
        </con:property>
      </con:properties>
      <con:returnProperties>
        <con:entry>res_id</con:entry>
        <con:entry>res_code</con:entry>
        <con:entry>res_errorMessage</con:entry>
        <con:entry>res_httpStatus</con:entry>
      </con:returnProperties>
      <con:runMode>PARALLELL</con:runMode>
    </con:config>
  </con:testStep>
  <con:testStep type="assertionteststep" name="Assertion given bi spec does not exist for create starter pack" id="543a2e7a-2882-47e0-83d9-9b0070b25038">
    <con:settings/>
    <con:config xsi:type="con:AssertionTestStep" xmlns:xsi="http://www.w3.org/2001/XMLSchema-instance">
      <con:entry>
        <con:id>de4d6a49-e023-4b41-b749-4358d5a1132f</con:id>
        <con:isGroup>false</con:isGroup>
        <con:sourceId>41553e19-cc72-4dc3-b2c6-8f509c7e2fe3</con:sourceId>
        <con:propertyName>res_httpStatus</con:propertyName>
        <con:assertion type="Simple Equals" name="Equals" id="3285a09f-769b-44cc-afe4-b8d4d8cd4e03">
          <con:configuration>
            <patternObjectId>d03751cb-a7d8-4517-aadd-c3ecba7bbb3e</patternObjectId>
            <patternProperty>httpStatus400</patternProperty>
            <caseSensitive>true</caseSensitive>
          </con:configuration>
        </con:assertion>
      </con:entry>
      <con:entry>
        <con:id>82fec636-0d4f-4efe-8484-44224aadc64c</con:id>
        <con:isGroup>false</con:isGroup>
        <con:sourceId>41553e19-cc72-4dc3-b2c6-8f509c7e2fe3</con:sourceId>
        <con:propertyName>res_errorMessage</con:propertyName>
        <con:assertion type="Simple Equals" name="Equals 2" id="5680571c-0df6-4b0a-b2db-211810ac0840">
          <con:configuration>
            <patternObjectId>d03751cb-a7d8-4517-aadd-c3ecba7bbb3e</patternObjectId>
            <patternProperty>errMsg-biSpecNotExist</patternProperty>
            <caseSensitive>true</caseSensitive>
          </con:configuration>
        </con:assertion>
      </con:entry>
    </con:config>
  </con:testStep>
  <con:testStep type="transfer" name="Set bi id which is not exist" id="e212c814-9e59-4a28-ae82-84fa5f7ca3ae">
    <con:settings/>
    <con:config xsi:type="con:PropertyTransfersStep" xmlns:xsi="http://www.w3.org/2001/XMLSchema-instance">
      <con:transfers setNullOnMissingSource="true" transferTextContent="true" failOnError="true" ignoreEmpty="false" transferToAll="false" entitize="false" transferChildNodes="false">
        <con:name>biId</con:name>
        <con:sourceType>emptyValue</con:sourceType>
        <con:sourceStep>Given properties for the test steps</con:sourceStep>
        <con:sourcePath/>
        <con:targetType>req_biId</con:targetType>
        <con:targetStep>Submit bi which is not exist</con:targetStep>
        <con:targetPath/>
        <con:upgraded>true</con:upgraded>
      </con:transfers>
    </con:config>
  </con:testStep>
  <con:testStep type="calltestcase" name="Submit bi which is not exist" id="6800350f-0355-4bf3-a6da-739ee3162897">
    <con:settings/>
    <con:config xsi:type="con:RunTestCaseStep" xmlns:xsi="http://www.w3.org/2001/XMLSchema-instance">
      <con:targetTestCase>7139ae50-0804-4cbc-9d4f-d7add6e31e65</con:targetTestCase>
      <con:properties>
        <con:property>
          <con:name>req_biId</con:name>
          <con:value/>
        </con:property>
        <con:property>
          <con:name>res_biId</con:name>
          <con:value xsi:nil="true"/>
        </con:property>
        <con:property>
          <con:name>res_code</con:name>
          <con:value>404</con:value>
        </con:property>
        <con:property>
          <con:name>res_errorMessage</con:name>
          <con:value>404</con:value>
        </con:property>
      </con:properties>
      <con:returnProperties>
        <con:entry>res_biId</con:entry>
        <con:entry>res_code</con:entry>
        <con:entry>res_errorMessage</con:entry>
      </con:returnProperties>
      <con:runMode>PARALLELL</con:runMode>
    </con:config>
  </con:testStep>
  <con:testStep type="assertionteststep" name="Assert bi is not submitted which is not exist" id="36b3ed9b-2d01-490e-aa6e-526d2542abc9">
    <con:settings/>
    <con:config xsi:type="con:AssertionTestStep" xmlns:xsi="http://www.w3.org/2001/XMLSchema-instance">
      <con:entry>
        <con:id>1d3f5260-0878-407e-8611-b093fcb3c9e2</con:id>
        <con:isGroup>false</con:isGroup>
        <con:sourceId>6800350f-0355-4bf3-a6da-739ee3162897</con:sourceId>
        <con:propertyName>res_errorMessage</con:propertyName>
        <con:assertion type="Simple Contains" name="Contains" id="7595e030-858e-400a-95a4-6cb7a7e06949">
          <con:configuration>
            <token>\w+</token>
            <ignoreCase>false</ignoreCase>
            <useRegEx>true</useRegEx>
          </con:configuration>
        </con:assertion>
      </con:entry>
      <con:entry>
        <con:id>f7cef5df-14ec-43c3-9009-d3b82f59b3ff</con:id>
        <con:isGroup>false</con:isGroup>
        <con:sourceId>6800350f-0355-4bf3-a6da-739ee3162897</con:sourceId>
        <con:propertyName>res_code</con:propertyName>
        <con:assertion type="Simple Contains" name="Contains 2" id="be934285-b7d7-4ad1-b8e4-0caeabb2e752">
          <con:configuration>
            <token>404</token>
            <ignoreCase>false</ignoreCase>
            <useRegEx>true</useRegEx>
          </con:configuration>
        </con:assertion>
      </con:entry>
    </con:config>
  </con:testStep>
  <con:testStep type="transfer" name="Set add item to bi which is not exist" id="8a2d4622-fb41-46af-873d-6e672c72ee0f">
    <con:settings/>
    <con:config xsi:type="con:PropertyTransfersStep" xmlns:xsi="http://www.w3.org/2001/XMLSchema-instance">
      <con:transfers setNullOnMissingSource="true" transferTextContent="true" failOnError="true" ignoreEmpty="false" transferToAll="false" entitize="false" transferChildNodes="false">
        <con:name>biId</con:name>
        <con:sourceType>notExistBIId</con:sourceType>
        <con:sourceStep>Given properties for the test steps</con:sourceStep>
        <con:sourcePath/>
        <con:targetType>req_biId</con:targetType>
        <con:targetStep>Add item to starter pack business interaction</con:targetStep>
        <con:targetPath/>
        <con:upgraded>true</con:upgraded>
      </con:transfers>
      <con:transfers setNullOnMissingSource="true" transferTextContent="true" failOnError="true" ignoreEmpty="false" transferToAll="false" entitize="false" transferChildNodes="false">
        <con:name>startICCD</con:name>
        <con:sourceType>startICCID</con:sourceType>
        <con:sourceStep>Given properties for the test steps</con:sourceStep>
        <con:targetType>req_startICCD</con:targetType>
        <con:targetStep>Add item to starter pack business interaction</con:targetStep>
        <con:upgraded>true</con:upgraded>
      </con:transfers>
      <con:transfers setNullOnMissingSource="true" transferTextContent="true" failOnError="true" ignoreEmpty="false" transferToAll="false" entitize="false" transferChildNodes="false">
        <con:name>endICCD</con:name>
        <con:sourceType>endICCID</con:sourceType>
        <con:sourceStep>Given properties for the test steps</con:sourceStep>
        <con:targetType>req_endICCID</con:targetType>
        <con:targetStep>Add item to starter pack business interaction</con:targetStep>
        <con:upgraded>true</con:upgraded>
      </con:transfers>
      <con:transfers setNullOnMissingSource="true" transferTextContent="true" failOnError="true" ignoreEmpty="false" transferToAll="false" entitize="false" transferChildNodes="false">
        <con:name>requestedQuantity</con:name>
        <con:sourceType>invalidQuantity</con:sourceType>
        <con:sourceStep>Given properties for the test steps</con:sourceStep>
        <con:targetType>req_requestedQuantity</con:targetType>
        <con:targetStep>Add item to starter pack business interaction</con:targetStep>
        <con:upgraded>true</con:upgraded>
      </con:transfers>
      <con:transfers setNullOnMissingSource="true" transferTextContent="true" failOnError="true" ignoreEmpty="false" transferToAll="false" entitize="false" transferChildNodes="false">
        <con:name>placeId</con:name>
        <con:sourceType>req_placeId</con:sourceType>
        <con:sourceStep>#TestCase#</con:sourceStep>
        <con:targetType>req_placeId</con:targetType>
        <con:targetStep>Add item to starter pack business interaction</con:targetStep>
        <con:upgraded>true</con:upgraded>
      </con:transfers>
    </con:config>
  </con:testStep>
  <con:testStep type="calltestcase" name="Add item to starter pack business interaction" id="87921513-8630-4529-8224-4d18ff965876">
    <con:settings/>
    <con:config xsi:type="con:RunTestCaseStep" xmlns:xsi="http://www.w3.org/2001/XMLSchema-instance">
      <con:targetTestCase>06a90684-e6bc-45c1-a3fd-05f9e6abe346</con:targetTestCase>
      <con:properties>
        <con:property>
          <con:name>req_startICCD</con:name>
          <con:value>22222100012345678901</con:value>
        </con:property>
        <con:property>
          <con:name>req_endICCID</con:name>
          <con:value>22222103012345678901</con:value>
        </con:property>
        <con:property>
          <con:name>req_simSpecificationExternalId</con:name>
        </con:property>
        <con:property>
          <con:name>req_requestedQuantity</con:name>
          <con:value>10</con:value>
        </con:property>
        <con:property>
          <con:name>req_placeId</con:name>
          <con:value>26</con:value>
        </con:property>
        <con:property>
          <con:name>res_iccids</con:name>
          <con:value xsi:nil="true"/>
        </con:property>
        <con:property>
          <con:name>res_code</con:name>
          <con:value>BI_WITH_ID_NOT_FOUND</con:value>
        </con:property>
        <con:property>
          <con:name>res_errorMessage</con:name>
          <con:value>BI_WITH_ID_NOT_FOUND</con:value>
        </con:property>
        <con:property>
          <con:name>req_biId</con:name>
          <con:value>-1</con:value>
        </con:property>
      </con:properties>
      <con:returnProperties>
        <con:entry>res_iccids</con:entry>
        <con:entry>res_code</con:entry>
        <con:entry>res_errorMessage</con:entry>
      </con:returnProperties>
      <con:runMode>PARALLELL</con:runMode>
    </con:config>
  </con:testStep>
  <con:testStep type="assertionteststep" name="Assert bi item is not added to bi which is not exist" id="12aad92c-fb1d-4e68-80cd-656b4caf1683">
    <con:settings/>
    <con:config xsi:type="con:AssertionTestStep" xmlns:xsi="http://www.w3.org/2001/XMLSchema-instance">
      <con:entry>
        <con:id>c6704385-1e31-4d21-946c-8441dbc81a3a</con:id>
        <con:isGroup>false</con:isGroup>
        <con:sourceId>87921513-8630-4529-8224-4d18ff965876</con:sourceId>
        <con:propertyName>res_errorMessage</con:propertyName>
        <con:assertion type="Simple Contains" name="Contains" id="7e6ac4ac-3dd9-4847-804f-bb0cc71685df">
          <con:configuration>
            <token>\w+</token>
            <ignoreCase>false</ignoreCase>
            <useRegEx>true</useRegEx>
          </con:configuration>
        </con:assertion>
      </con:entry>
      <con:entry>
        <con:id>fcba313a-ef00-4673-ae26-e1b14a0c87c5</con:id>
        <con:isGroup>false</con:isGroup>
        <con:sourceId>87921513-8630-4529-8224-4d18ff965876</con:sourceId>
        <con:propertyName>res_errorMessage</con:propertyName>
        <con:assertion type="Simple Equals" name="Equals" id="3b702d2b-5156-4397-b056-74c020c3cd33">
          <con:configuration>
            <patternObjectId>d03751cb-a7d8-4517-aadd-c3ecba7bbb3e</patternObjectId>
            <patternProperty>error_bi_with_id_not_found</patternProperty>
            <caseSensitive>true</caseSensitive>
          </con:configuration>
        </con:assertion>
      </con:entry>
    </con:config>
  </con:testStep>
  <con:testStep type="transfer" name="Set bi parameters to create bi successfully" id="cbc7434c-b9f8-4b32-abb3-96cca099820a">
    <con:settings/>
    <con:config xsi:type="con:PropertyTransfersStep" xmlns:xsi="http://www.w3.org/2001/XMLSchema-instance">
      <con:transfers setNullOnMissingSource="true" transferTextContent="true" failOnError="true" ignoreEmpty="false" transferToAll="false" entitize="false" transferChildNodes="false">
        <con:name>biSpec</con:name>
        <con:sourceType>biSpec</con:sourceType>
        <con:sourceStep>Given properties for the test steps</con:sourceStep>
        <con:sourcePath/>
        <con:targetType>req_biSpec</con:targetType>
        <con:targetStep>Create starter pack business interaction without session</con:targetStep>
        <con:targetPath/>
        <con:upgraded>true</con:upgraded>
      </con:transfers>
      <con:transfers setNullOnMissingSource="true" transferTextContent="true" failOnError="true" ignoreEmpty="false" transferToAll="false" entitize="false" transferChildNodes="false">
        <con:name>userRoleID</con:name>
        <con:sourceType>req_userRoleId</con:sourceType>
        <con:sourceStep>#TestCase#</con:sourceStep>
        <con:targetType>req_userRoleId</con:targetType>
        <con:targetStep>Create starter pack business interaction without session</con:targetStep>
        <con:upgraded>true</con:upgraded>
      </con:transfers>
      <con:transfers setNullOnMissingSource="true" transferTextContent="true" failOnError="true" ignoreEmpty="false" transferToAll="false" entitize="false" transferChildNodes="false">
        <con:name>soRoleId</con:name>
        <con:sourceType>req_salesOrgId</con:sourceType>
        <con:sourceStep>#TestCase#</con:sourceStep>
        <con:targetType>req_soRoleId</con:targetType>
        <con:targetStep>Create starter pack business interaction without session</con:targetStep>
        <con:upgraded>true</con:upgraded>
      </con:transfers>
    </con:config>
  </con:testStep>
  <con:testStep type="calltestcase" name="Create starter pack business interaction without session" id="c33d08f9-a260-4fa5-8def-c4689584bfff">
    <con:settings/>
    <con:config xsi:type="con:RunTestCaseStep" xmlns:xsi="http://www.w3.org/2001/XMLSchema-instance">
      <con:targetTestCase>637528a8-67ce-4e6e-a2c5-0c0629ea45b6</con:targetTestCase>
      <con:properties>
        <con:property>
          <con:name>req_userRoleId</con:name>
          <con:value>49</con:value>
        </con:property>
        <con:property>
          <con:name>req_biSpec</con:name>
          <con:value>CREATESTARTERPACKBISPEC</con:value>
        </con:property>
        <con:property>
          <con:name>req_soRoleId</con:name>
          <con:value>47</con:value>
        </con:property>
        <con:property>
          <con:name>res_id</con:name>
          <con:value>1031</con:value>
        </con:property>
        <con:property>
          <con:name>res_code</con:name>
          <con:value xsi:nil="true"/>
        </con:property>
        <con:property>
          <con:name>res_errorMessage</con:name>
          <con:value xsi:nil="true"/>
        </con:property>
        <con:property>
          <con:name>res_httpStatus</con:name>
        </con:property>
      </con:properties>
      <con:returnProperties>
        <con:entry>res_id</con:entry>
        <con:entry>res_code</con:entry>
        <con:entry>res_errorMessage</con:entry>
      </con:returnProperties>
      <con:runMode>PARALLELL</con:runMode>
    </con:config>
  </con:testStep>
  <con:testStep type="assertionteststep" name="Assert bi is created successfully" id="d4f73c1e-c6ac-4de9-8c73-2d7cb4109eb6">
    <con:settings/>
    <con:config xsi:type="con:AssertionTestStep" xmlns:xsi="http://www.w3.org/2001/XMLSchema-instance">
      <con:entry>
        <con:id>873e0dc1-78d1-4552-8afd-7b1858d05898</con:id>
        <con:isGroup>false</con:isGroup>
        <con:sourceId>c33d08f9-a260-4fa5-8def-c4689584bfff</con:sourceId>
        <con:propertyName>res_id</con:propertyName>
        <con:assertion type="Simple Contains" name="Contains" id="b25f6211-de9a-48e9-9299-a5a71829b2da">
          <con:configuration>
            <token>\d+</token>
            <ignoreCase>false</ignoreCase>
            <useRegEx>true</useRegEx>
          </con:configuration>
        </con:assertion>
      </con:entry>
    </con:config>
  </con:testStep>
  <con:testStep type="transfer" name="Set bi parameters to submit without item" id="6df3fd37-8382-447f-be69-1455753d10c1">
    <con:settings/>
    <con:config xsi:type="con:PropertyTransfersStep" xmlns:xsi="http://www.w3.org/2001/XMLSchema-instance">
      <con:transfers setNullOnMissingSource="true" transferTextContent="true" failOnError="true" ignoreEmpty="false" transferToAll="false" entitize="false" transferChildNodes="false">
        <con:name>biId</con:name>
        <con:sourceType>res_id</con:sourceType>
        <con:sourceStep>Create starter pack business interaction without session</con:sourceStep>
        <con:sourcePath/>
        <con:targetType>req_biId</con:targetType>
        <con:targetStep>Submit bi without item inside</con:targetStep>
        <con:targetPath/>
        <con:upgraded>true</con:upgraded>
      </con:transfers>
    </con:config>
  </con:testStep>
  <con:testStep type="calltestcase" name="Submit bi without item inside" id="6d8c9879-fa4f-43f5-9302-3657caea4ef6">
    <con:settings/>
    <con:config xsi:type="con:RunTestCaseStep" xmlns:xsi="http://www.w3.org/2001/XMLSchema-instance">
      <con:targetTestCase>7139ae50-0804-4cbc-9d4f-d7add6e31e65</con:targetTestCase>
      <con:properties>
        <con:property>
          <con:name>req_biId</con:name>
          <con:value>1031</con:value>
        </con:property>
        <con:property>
          <con:name>res_biId</con:name>
          <con:value xsi:nil="true"/>
        </con:property>
        <con:property>
          <con:name>res_code</con:name>
          <con:value>BI_CANNOT_SUBMIT_WITHOUT_ITEM</con:value>
        </con:property>
        <con:property>
          <con:name>res_errorMessage</con:name>
          <con:value>BI_CANNOT_SUBMIT_WITHOUT_ITEM</con:value>
        </con:property>
      </con:properties>
      <con:returnProperties>
        <con:entry>res_biId</con:entry>
        <con:entry>res_code</con:entry>
        <con:entry>res_errorMessage</con:entry>
      </con:returnProperties>
      <con:runMode>PARALLELL</con:runMode>
    </con:config>
  </con:testStep>
  <con:testStep type="assertionteststep" name="Assert bi is not submitted without item" id="13af589e-84eb-45ee-a750-e451416c4bdc">
    <con:settings/>
    <con:config xsi:type="con:AssertionTestStep" xmlns:xsi="http://www.w3.org/2001/XMLSchema-instance">
      <con:entry>
        <con:id>a1084dc5-f41e-4a3d-a432-eda868fcb5c2</con:id>
        <con:isGroup>false</con:isGroup>
        <con:sourceId>6d8c9879-fa4f-43f5-9302-3657caea4ef6</con:sourceId>
        <con:propertyName>res_errorMessage</con:propertyName>
        <con:assertion type="Simple Contains" name="Contains" id="1477a4e4-b586-47fb-a340-a8ff45c42008">
          <con:configuration>
            <token>\w+</token>
            <ignoreCase>false</ignoreCase>
            <useRegEx>true</useRegEx>
          </con:configuration>
        </con:assertion>
      </con:entry>
      <con:entry>
        <con:id>71d305f7-306f-4382-a8ef-2f436e2f1f69</con:id>
        <con:isGroup>false</con:isGroup>
        <con:sourceId>6d8c9879-fa4f-43f5-9302-3657caea4ef6</con:sourceId>
        <con:propertyName>res_errorMessage</con:propertyName>
        <con:assertion type="Simple Equals" name="Equals" id="32aeb832-be3e-4248-8a41-035c83fb3cee">
          <con:configuration>
            <patternObjectId>d03751cb-a7d8-4517-aadd-c3ecba7bbb3e</patternObjectId>
            <patternProperty>error_cannot_submit_without_item</patternProperty>
            <caseSensitive>true</caseSensitive>
          </con:configuration>
        </con:assertion>
      </con:entry>
    </con:config>
  </con:testStep>
  <con:testStep type="calltestcase" name="Create sales organization, user, inventory and terminal and place 2" id="a5cd0496-8fff-4e0e-bd29-09683f2d6ea0">
    <con:settings/>
    <con:config xsi:type="con:RunTestCaseStep" xmlns:xsi="http://www.w3.org/2001/XMLSchema-instance">
      <con:targetTestCase>b92a7c8d-a0ed-4725-99e9-4866fd949629</con:targetTestCase>
      <con:properties>
        <con:property>
          <con:name>req_createdByUserRoleId</con:name>
          <con:value>2</con:value>
        </con:property>
        <con:property>
          <con:name>req_createdBySalesOrgRoleId</con:name>
          <con:value>1</con:value>
        </con:property>
        <con:property>
          <con:name>req_userRoleExtId</con:name>
          <con:value>u${=java.util.UUID.randomUUID()}</con:value>
        </con:property>
        <con:property>
          <con:name>req_salesOrgRoleExtId</con:name>
          <con:value>s${=java.util.UUID.randomUUID()}</con:value>
        </con:property>
        <con:property>
          <con:name>req_terminalExtId</con:name>
          <con:value>t${=java.util.UUID.randomUUID()}</con:value>
        </con:property>
        <con:property>
          <con:name>req_inventoryExtId</con:name>
          <con:value>i${=java.util.UUID.randomUUID()}</con:value>
        </con:property>
        <con:property>
          <con:name>res_salesOrgBiId</con:name>
          <con:value>1041</con:value>
        </con:property>
        <con:property>
          <con:name>res_userRoleBiId</con:name>
          <con:value>1061</con:value>
        </con:property>
        <con:property>
          <con:name>res_terminalBiId</con:name>
          <con:value>1081</con:value>
        </con:property>
        <con:property>
          <con:name>res_inventoryRoleBiId</con:name>
          <con:value>1071</con:value>
        </con:property>
        <con:property>
          <con:name>res_salesOrgId</con:name>
          <con:value>51</con:value>
        </con:property>
        <con:property>
          <con:name>res_userRoleId</con:name>
          <con:value>53</con:value>
        </con:property>
        <con:property>
          <con:name>res_terminalId</con:name>
          <con:value>13</con:value>
        </con:property>
        <con:property>
          <con:name>res_inventoryRoleId</con:name>
          <con:value>54</con:value>
        </con:property>
        <con:property>
          <con:name>res_placeId</con:name>
          <con:value>28</con:value>
        </con:property>
        <con:property>
          <con:name>res_soExtId</con:name>
          <con:value>s10e0f855-dafa-41c5-8958-d72e0b26f69a</con:value>
        </con:property>
        <con:property>
          <con:name>res_salesOrganisationExternalId</con:name>
        </con:property>
        <con:property>
          <con:name>userToken</con:name>
        </con:property>
        <con:property>
          <con:name>userIntToken</con:name>
        </con:property>
        <con:property>
          <con:name>req_email</con:name>
        </con:property>
      </con:properties>
      <con:returnProperties>
        <con:entry>res_salesOrgBiId</con:entry>
        <con:entry>res_userRoleBiId</con:entry>
        <con:entry>res_terminalBiId</con:entry>
        <con:entry>res_inventoryRoleBiId</con:entry>
        <con:entry>res_salesOrgId</con:entry>
        <con:entry>res_userRoleId</con:entry>
        <con:entry>res_terminalId</con:entry>
        <con:entry>res_inventoryRoleId</con:entry>
        <con:entry>res_placeId</con:entry>
        <con:entry>res_soExtId</con:entry>
      </con:returnProperties>
      <con:runMode>PARALLELL</con:runMode>
    </con:config>
  </con:testStep>
  <con:testStep type="transfer" name="Set add item parameters giving incorrect place id" id="11d26ede-2099-4402-9056-e6ee18e45885">
    <con:settings/>
    <con:config xsi:type="con:PropertyTransfersStep" xmlns:xsi="http://www.w3.org/2001/XMLSchema-instance">
      <con:transfers setNullOnMissingSource="true" transferTextContent="true" failOnError="true" ignoreEmpty="false" transferToAll="false" entitize="false" transferChildNodes="false">
        <con:name>startICCID</con:name>
        <con:sourceType>startICCID</con:sourceType>
        <con:sourceStep>Given properties for the test steps</con:sourceStep>
        <con:sourcePath/>
        <con:targetType>req_startICCD</con:targetType>
        <con:targetStep>Reserve SIM's with incorrect place id</con:targetStep>
        <con:targetPath/>
        <con:upgraded>true</con:upgraded>
      </con:transfers>
      <con:transfers setNullOnMissingSource="true" transferTextContent="true" failOnError="true" ignoreEmpty="false" transferToAll="false" entitize="false" transferChildNodes="false">
        <con:name>endICCID</con:name>
        <con:sourceType>endICCID</con:sourceType>
        <con:sourceStep>Given properties for the test steps</con:sourceStep>
        <con:targetType>req_endICCID</con:targetType>
        <con:targetStep>Reserve SIM's with incorrect place id</con:targetStep>
        <con:upgraded>true</con:upgraded>
      </con:transfers>
      <con:transfers setNullOnMissingSource="true" transferTextContent="true" failOnError="true" ignoreEmpty="false" transferToAll="false" entitize="false" transferChildNodes="false">
        <con:name>simSpecExtId</con:name>
        <con:sourceType>simSpecExtID</con:sourceType>
        <con:sourceStep>Given properties for the test steps</con:sourceStep>
        <con:targetType>req_simSpecificationExternalId</con:targetType>
        <con:targetStep>Reserve SIM's with incorrect place id</con:targetStep>
        <con:upgraded>true</con:upgraded>
      </con:transfers>
      <con:transfers setNullOnMissingSource="true" transferTextContent="true" failOnError="true" ignoreEmpty="false" transferToAll="false" entitize="false" transferChildNodes="false">
        <con:name>requestedQuantity</con:name>
        <con:sourceType>validQuantity</con:sourceType>
        <con:sourceStep>Given properties for the test steps</con:sourceStep>
        <con:targetType>req_requestedQuantity</con:targetType>
        <con:targetStep>Reserve SIM's with incorrect place id</con:targetStep>
        <con:upgraded>true</con:upgraded>
      </con:transfers>
      <con:transfers setNullOnMissingSource="true" transferTextContent="true" failOnError="true" ignoreEmpty="false" transferToAll="false" entitize="false" transferChildNodes="false">
        <con:name>placeId</con:name>
        <con:sourceType>res_placeId</con:sourceType>
        <con:sourceStep>Create sales organization, user, inventory and terminal and place 2</con:sourceStep>
        <con:targetType>req_placeId</con:targetType>
        <con:targetStep>Reserve SIM's with incorrect place id</con:targetStep>
        <con:upgraded>true</con:upgraded>
      </con:transfers>
      <con:transfers setNullOnMissingSource="true" transferTextContent="true" failOnError="true" ignoreEmpty="false" transferToAll="false" entitize="false" transferChildNodes="false">
        <con:name>biId</con:name>
        <con:sourceType>res_id</con:sourceType>
        <con:sourceStep>Create starter pack business interaction without session</con:sourceStep>
        <con:targetType>req_biId</con:targetType>
        <con:targetStep>Reserve SIM's with incorrect place id</con:targetStep>
        <con:upgraded>true</con:upgraded>
      </con:transfers>
    </con:config>
  </con:testStep>
  <con:testStep type="calltestcase" name="Reserve SIM's with incorrect place id" id="3f8081ed-f9a9-4eda-bfc7-8e5a5742409e">
    <con:settings/>
    <con:config xsi:type="con:RunTestCaseStep" xmlns:xsi="http://www.w3.org/2001/XMLSchema-instance">
      <con:targetTestCase>06a90684-e6bc-45c1-a3fd-05f9e6abe346</con:targetTestCase>
      <con:properties>
        <con:property>
          <con:name>req_startICCD</con:name>
          <con:value>22222100012345678901</con:value>
        </con:property>
        <con:property>
          <con:name>req_endICCID</con:name>
          <con:value>22222103012345678901</con:value>
        </con:property>
        <con:property>
          <con:name>req_simSpecificationExternalId</con:name>
          <con:value>EXT-SIM-1</con:value>
        </con:property>
        <con:property>
          <con:name>req_requestedQuantity</con:name>
          <con:value>2</con:value>
        </con:property>
        <con:property>
          <con:name>req_placeId</con:name>
          <con:value>28</con:value>
        </con:property>
        <con:property>
          <con:name>res_iccids</con:name>
          <con:value xsi:nil="true"/>
        </con:property>
        <con:property>
          <con:name>res_code</con:name>
          <con:value>404</con:value>
        </con:property>
        <con:property>
          <con:name>res_errorMessage</con:name>
          <con:value>404</con:value>
        </con:property>
        <con:property>
          <con:name>req_biId</con:name>
          <con:value/>
        </con:property>
      </con:properties>
      <con:returnProperties>
        <con:entry>res_iccids</con:entry>
        <con:entry>res_code</con:entry>
        <con:entry>res_errorMessage</con:entry>
        <con:entry>req_biId</con:entry>
      </con:returnProperties>
      <con:runMode>PARALLELL</con:runMode>
    </con:config>
  </con:testStep>
  <con:testStep type="assertionteststep" name="Assert SIM's could not be reserved with incorrect place id" id="31ae8826-1238-4953-a9a3-6a1b1b8e667f">
    <con:settings/>
    <con:config xsi:type="con:AssertionTestStep" xmlns:xsi="http://www.w3.org/2001/XMLSchema-instance">
      <con:entry>
        <con:id>44d2ebf8-645d-49b0-bc2c-f63625361ab2</con:id>
        <con:isGroup>false</con:isGroup>
        <con:sourceId>3f8081ed-f9a9-4eda-bfc7-8e5a5742409e</con:sourceId>
        <con:propertyName>res_code</con:propertyName>
        <con:assertion type="Simple Equals" name="Equals" id="01e58929-3c3d-49b4-93e2-1695761c2f7f">
          <con:configuration>
            <patternText>404</patternText>
            <caseSensitive>true</caseSensitive>
          </con:configuration>
        </con:assertion>
      </con:entry>
    </con:config>
  </con:testStep>
  <con:testStep type="datasource" name="DataSource for incorrect add item" id="29dd779d-92d5-4956-a067-d689df03700a">
    <con:settings/>
    <con:config xsi:type="con:DataSourceStep" xmlns:xsi="http://www.w3.org/2001/XMLSchema-instance">
      <con:dataSource type="Grid">
        <con:configuration>
          <check><![CDATA[<xml-fragment><con:entry xmlns:con="http://eviware.com/soapui/config">true</con:entry><con:entry xmlns:con="http://eviware.com/soapui/config">true</con:entry><con:entry xmlns:con="http://eviware.com/soapui/config">true</con:entry><con:entry xmlns:con="http://eviware.com/soapui/config">true</con:entry><con:entry xmlns:con="http://eviware.com/soapui/config">true</con:entry><con:entry xmlns:con="http://eviware.com/soapui/config">true</con:entry><con:entry xmlns:con="http://eviware.com/soapui/config">true</con:entry><con:entry xmlns:con="http://eviware.com/soapui/config">true</con:entry><con:entry xmlns:con="http://eviware.com/soapui/config">true</con:entry><con:entry xmlns:con="http://eviware.com/soapui/config">true</con:entry><con:entry xmlns:con="http://eviware.com/soapui/config">true</con:entry><con:entry xmlns:con="http://eviware.com/soapui/config">true</con:entry></xml-fragment>]]></check>
          <row><![CDATA[<xml-fragment><con:entry xmlns:con="http://eviware.com/soapui/config">2222210001</con:entry><con:entry xmlns:con="http://eviware.com/soapui/config">2222210100</con:entry><con:entry xmlns:con="http://eviware.com/soapui/config">${Given properties for the test steps#simSpecExtID}</con:entry><con:entry xmlns:con="http://eviware.com/soapui/config">0</con:entry><con:entry xmlns:con="http://eviware.com/soapui/config">${#TestCase#req_placeId}</con:entry><con:entry xmlns:con="http://eviware.com/soapui/config">NUMBER_OF_REQUESTED_QUANTITY_SHOULD_BE_EQUAL_OR_MORE_THAN_ONE</con:entry></xml-fragment>]]></row>
          <row><![CDATA[<xml-fragment><con:entry xmlns:con="http://eviware.com/soapui/config">2222210001</con:entry><con:entry xmlns:con="http://eviware.com/soapui/config">2222210100</con:entry><con:entry xmlns:con="http://eviware.com/soapui/config">${Given properties for the test steps#simSpecExtID}</con:entry><con:entry xmlns:con="http://eviware.com/soapui/config">-1</con:entry><con:entry xmlns:con="http://eviware.com/soapui/config">${#TestCase#req_placeId}</con:entry><con:entry xmlns:con="http://eviware.com/soapui/config">NUMBER_OF_REQUESTED_QUANTITY_SHOULD_BE_EQUAL_OR_MORE_THAN_ONE</con:entry></xml-fragment>]]></row>
          <row><![CDATA[<xml-fragment><con:entry xmlns:con="http://eviware.com/soapui/config">2222210001</con:entry><con:entry xmlns:con="http://eviware.com/soapui/config">2222210100</con:entry><con:entry xmlns:con="http://eviware.com/soapui/config">${Given properties for the test steps#simSpecExtID}</con:entry><con:entry xmlns:con="http://eviware.com/soapui/config">sdsdsdsdsdqwd</con:entry><con:entry xmlns:con="http://eviware.com/soapui/config">${#TestCase#req_placeId}</con:entry><con:entry xmlns:con="http://eviware.com/soapui/config">406</con:entry></xml-fragment>]]></row>
          <row><![CDATA[<xml-fragment><con:entry xmlns:con="http://eviware.com/soapui/config">2222210001</con:entry><con:entry xmlns:con="http://eviware.com/soapui/config">2222210100</con:entry><con:entry xmlns:con="http://eviware.com/soapui/config">${Given properties for the test steps#simSpecExtID}</con:entry><con:entry xmlns:con="http://eviware.com/soapui/config">1</con:entry><con:entry xmlns:con="http://eviware.com/soapui/config">${#TestCase#req_placeId}</con:entry><con:entry xmlns:con="http://eviware.com/soapui/config">PRODUCT_COULD_NOT_BE_FOUND</con:entry></xml-fragment>]]></row>
          <row><![CDATA[<xml-fragment><con:entry xmlns:con="http://eviware.com/soapui/config">2222210001</con:entry><con:entry xmlns:con="http://eviware.com/soapui/config">2222210100</con:entry><con:entry xmlns:con="http://eviware.com/soapui/config">${Given properties for the test steps#simSpecExtID}</con:entry><con:entry xmlns:con="http://eviware.com/soapui/config"/><con:entry xmlns:con="http://eviware.com/soapui/config">${#TestCase#req_placeId}</con:entry><con:entry xmlns:con="http://eviware.com/soapui/config">DESERIALIZATION_ERRROR</con:entry></xml-fragment>]]></row>
          <row><![CDATA[<xml-fragment><con:entry xmlns:con="http://eviware.com/soapui/config">2222210001</con:entry><con:entry xmlns:con="http://eviware.com/soapui/config">2222210100</con:entry><con:entry xmlns:con="http://eviware.com/soapui/config">${Given properties for the test steps#simSpecExtID}</con:entry><con:entry xmlns:con="http://eviware.com/soapui/config">500</con:entry><con:entry xmlns:con="http://eviware.com/soapui/config">${#TestCase#req_placeId}</con:entry><con:entry xmlns:con="http://eviware.com/soapui/config">PRODUCT_START_END_SERIAL_DIFFERENCE_LESS_THAN_QUANTITY</con:entry></xml-fragment>]]></row>
          <row><![CDATA[<xml-fragment><con:entry xmlns:con="http://eviware.com/soapui/config">2222210001</con:entry><con:entry xmlns:con="http://eviware.com/soapui/config">2222210100</con:entry><con:entry xmlns:con="http://eviware.com/soapui/config">${Given properties for the test steps#simSpecExtID}</con:entry><con:entry xmlns:con="http://eviware.com/soapui/config">5</con:entry><con:entry xmlns:con="http://eviware.com/soapui/config">${#TestCase#req_placeId}</con:entry><con:entry xmlns:con="http://eviware.com/soapui/config">PRODUCT_COULD_NOT_BE_FOUND</con:entry></xml-fragment>]]></row>
          <row><![CDATA[<xml-fragment><con:entry xmlns:con="http://eviware.com/soapui/config">2222210001</con:entry><con:entry xmlns:con="http://eviware.com/soapui/config">2222210100</con:entry><con:entry xmlns:con="http://eviware.com/soapui/config">${Given properties for the test steps#simSpecExtID}</con:entry><con:entry xmlns:con="http://eviware.com/soapui/config">100</con:entry><con:entry xmlns:con="http://eviware.com/soapui/config">${#TestCase#req_placeId}</con:entry><con:entry xmlns:con="http://eviware.com/soapui/config">PRODUCT_START_END_SERIAL_DIFFERENCE_LESS_THAN_QUANTITY</con:entry></xml-fragment>]]></row>
          <row><![CDATA[<xml-fragment><con:entry xmlns:con="http://eviware.com/soapui/config">2222210001</con:entry><con:entry xmlns:con="http://eviware.com/soapui/config">2222210100</con:entry><con:entry xmlns:con="http://eviware.com/soapui/config">${Given properties for the test steps#simSpecExtID}</con:entry><con:entry xmlns:con="http://eviware.com/soapui/config">100</con:entry><con:entry xmlns:con="http://eviware.com/soapui/config">-1</con:entry><con:entry xmlns:con="http://eviware.com/soapui/config">PLACE_NOT_IN_THE_SALES_ORG</con:entry></xml-fragment>]]></row>
          <row><![CDATA[<xml-fragment><con:entry xmlns:con="http://eviware.com/soapui/config">999999999999999999999999999999999999999999999999999999999999999999999999999999999999999999999</con:entry><con:entry xmlns:con="http://eviware.com/soapui/config">999999999999999999999999999999999999999999999999999999999999999999999999999999999999999999999</con:entry><con:entry xmlns:con="http://eviware.com/soapui/config">${Given properties for the test steps#simSpecExtID}</con:entry><con:entry xmlns:con="http://eviware.com/soapui/config">100</con:entry><con:entry xmlns:con="http://eviware.com/soapui/config">${#TestCase#req_placeId}</con:entry><con:entry xmlns:con="http://eviware.com/soapui/config">PRODUCT_START_SERIAL_NUMBER_MUST_BE_GIVEN_IN_DRAFT_STATE</con:entry></xml-fragment>]]></row>
          <row><![CDATA[<xml-fragment><con:entry xmlns:con="http://eviware.com/soapui/config"/><con:entry xmlns:con="http://eviware.com/soapui/config">2222210100</con:entry><con:entry xmlns:con="http://eviware.com/soapui/config">${Given properties for the test steps#simSpecExtID}</con:entry><con:entry xmlns:con="http://eviware.com/soapui/config">100</con:entry><con:entry xmlns:con="http://eviware.com/soapui/config">${#TestCase#req_placeId}</con:entry><con:entry xmlns:con="http://eviware.com/soapui/config">START_ICCID_MUST_BE_A_NUMBER</con:entry><con:entry xmlns:con="http://eviware.com/soapui/config"/></xml-fragment>]]></row>
          <row><![CDATA[<xml-fragment><con:entry xmlns:con="http://eviware.com/soapui/config">2222210001</con:entry><con:entry xmlns:con="http://eviware.com/soapui/config"/><con:entry xmlns:con="http://eviware.com/soapui/config">${Given properties for the test steps#simSpecExtID}</con:entry><con:entry xmlns:con="http://eviware.com/soapui/config">100</con:entry><con:entry xmlns:con="http://eviware.com/soapui/config">${#TestCase#req_placeId}</con:entry><con:entry xmlns:con="http://eviware.com/soapui/config">END_ICCID_MUST_BE_A_NUMBER</con:entry><con:entry xmlns:con="http://eviware.com/soapui/config"/></xml-fragment>]]></row>
        </con:configuration>
      </con:dataSource>
      <con:property>startICCD</con:property>
      <con:property>endICCD</con:property>
      <con:property>simSpecificationExternalId</con:property>
      <con:property>requestedQuantity</con:property>
      <con:property>placeId</con:property>
      <con:property>errorCode</con:property>
      <con:completeLastOperation>true</con:completeLastOperation>
      <con:restartOnRun>true</con:restartOnRun>
    </con:config>
  </con:testStep>
  <con:testStep type="transfer" name="Set add item parameters from data source" id="e540e197-bbf7-4781-bf0d-630eb7e59339">
    <con:settings/>
    <con:config xsi:type="con:PropertyTransfersStep" xmlns:xsi="http://www.w3.org/2001/XMLSchema-instance">
      <con:transfers setNullOnMissingSource="true" transferTextContent="true" failOnError="false" ignoreEmpty="false" transferToAll="false" entitize="false" transferChildNodes="false">
        <con:name>startICCD</con:name>
        <con:sourceType>startICCD</con:sourceType>
        <con:sourceStep>DataSource for incorrect add item</con:sourceStep>
        <con:sourcePath/>
        <con:targetType>req_startICCD</con:targetType>
        <con:targetStep>Reserve SIM's with incorrect values</con:targetStep>
        <con:targetPath/>
        <con:upgraded>true</con:upgraded>
      </con:transfers>
      <con:transfers setNullOnMissingSource="true" transferTextContent="true" failOnError="false" ignoreEmpty="false" transferToAll="false" entitize="false" transferChildNodes="false">
        <con:name>endICCD</con:name>
        <con:sourceType>endICCD</con:sourceType>
        <con:sourceStep>DataSource for incorrect add item</con:sourceStep>
        <con:targetType>req_endICCID</con:targetType>
        <con:targetStep>Reserve SIM's with incorrect values</con:targetStep>
        <con:upgraded>true</con:upgraded>
      </con:transfers>
      <con:transfers setNullOnMissingSource="true" transferTextContent="true" failOnError="false" ignoreEmpty="false" transferToAll="false" entitize="false" transferChildNodes="false">
        <con:name>simSpecificationExternalId</con:name>
        <con:sourceType>simSpecificationExternalId</con:sourceType>
        <con:sourceStep>DataSource for incorrect add item</con:sourceStep>
        <con:targetType>req_simSpecificationExternalId</con:targetType>
        <con:targetStep>Reserve SIM's with incorrect values</con:targetStep>
        <con:upgraded>true</con:upgraded>
      </con:transfers>
      <con:transfers setNullOnMissingSource="true" transferTextContent="true" failOnError="false" ignoreEmpty="false" transferToAll="false" entitize="false" transferChildNodes="false">
        <con:name>requestedQuantity</con:name>
        <con:sourceType>requestedQuantity</con:sourceType>
        <con:sourceStep>DataSource for incorrect add item</con:sourceStep>
        <con:targetType>req_requestedQuantity</con:targetType>
        <con:targetStep>Reserve SIM's with incorrect values</con:targetStep>
        <con:upgraded>true</con:upgraded>
      </con:transfers>
      <con:transfers setNullOnMissingSource="true" transferTextContent="true" failOnError="false" ignoreEmpty="false" transferToAll="false" entitize="false" transferChildNodes="false">
        <con:name>placeId</con:name>
        <con:sourceType>placeId</con:sourceType>
        <con:sourceStep>DataSource for incorrect add item</con:sourceStep>
        <con:targetType>req_placeId</con:targetType>
        <con:targetStep>Reserve SIM's with incorrect values</con:targetStep>
        <con:upgraded>true</con:upgraded>
      </con:transfers>
      <con:transfers setNullOnMissingSource="true" transferTextContent="true" failOnError="false" ignoreEmpty="false" transferToAll="false" entitize="false" transferChildNodes="false">
        <con:name>biId</con:name>
        <con:sourceType>res_id</con:sourceType>
        <con:sourceStep>Create starter pack business interaction without session</con:sourceStep>
        <con:targetType>req_biId</con:targetType>
        <con:targetStep>Reserve SIM's with incorrect values</con:targetStep>
        <con:upgraded>true</con:upgraded>
      </con:transfers>
    </con:config>
  </con:testStep>
  <con:testStep type="calltestcase" name="Reserve SIM's with incorrect values" id="11b86733-3203-4ab1-89c5-a465768a635b">
    <con:settings/>
    <con:config xsi:type="con:RunTestCaseStep" xmlns:xsi="http://www.w3.org/2001/XMLSchema-instance">
      <con:targetTestCase>06a90684-e6bc-45c1-a3fd-05f9e6abe346</con:targetTestCase>
      <con:properties>
        <con:property>
          <con:name>req_startICCD</con:name>
          <con:value>2222210001</con:value>
        </con:property>
        <con:property>
          <con:name>req_endICCID</con:name>
          <con:value/>
        </con:property>
        <con:property>
          <con:name>req_simSpecificationExternalId</con:name>
          <con:value>${Given properties for the test steps#simSpecExtID}</con:value>
        </con:property>
        <con:property>
          <con:name>req_requestedQuantity</con:name>
          <con:value>100</con:value>
        </con:property>
        <con:property>
          <con:name>req_placeId</con:name>
          <con:value>${#TestCase#req_placeId}</con:value>
        </con:property>
        <con:property>
          <con:name>res_iccids</con:name>
          <con:value xsi:nil="true"/>
        </con:property>
        <con:property>
          <con:name>res_code</con:name>
          <con:value>END_ICCID_MUST_BE_A_NUMBER</con:value>
        </con:property>
        <con:property>
          <con:name>res_errorMessage</con:name>
          <con:value>END_ICCID_MUST_BE_A_NUMBER</con:value>
        </con:property>
        <con:property>
          <con:name>req_biId</con:name>
          <con:value>1031</con:value>
        </con:property>
      </con:properties>
      <con:returnProperties>
        <con:entry>res_iccids</con:entry>
        <con:entry>res_code</con:entry>
        <con:entry>res_errorMessage</con:entry>
      </con:returnProperties>
      <con:runMode>PARALLELL</con:runMode>
    </con:config>
  </con:testStep>
  <con:testStep type="assertionteststep" name="Assert bi item is not added with incorrect value" id="f8b511ca-058c-4764-8e8b-d28dfc135ea6">
    <con:settings/>
    <con:config xsi:type="con:AssertionTestStep" xmlns:xsi="http://www.w3.org/2001/XMLSchema-instance">
      <con:entry>
        <con:id>d68c8043-bf33-4a32-a0e1-092c6d900ce9</con:id>
        <con:isGroup>false</con:isGroup>
        <con:sourceId>11b86733-3203-4ab1-89c5-a465768a635b</con:sourceId>
        <con:propertyName>res_errorMessage</con:propertyName>
        <con:assertion type="Simple Contains" name="Contains" id="ddea3aba-dd6d-4dfd-b691-9d99217875f1">
          <con:configuration>
            <token>\w+</token>
            <ignoreCase>false</ignoreCase>
            <useRegEx>true</useRegEx>
          </con:configuration>
        </con:assertion>
      </con:entry>
      <con:entry>
        <con:id>bacf4e08-46ac-48de-a0c4-38ee45713798</con:id>
        <con:isGroup>false</con:isGroup>
        <con:sourceId>11b86733-3203-4ab1-89c5-a465768a635b</con:sourceId>
        <con:propertyName>res_errorMessage</con:propertyName>
        <con:assertion type="Simple Equals" name="Equals" id="0fb37d6a-fa19-4e17-8cca-7e626345ab92">
          <con:configuration>
            <patternObjectId>29dd779d-92d5-4956-a067-d689df03700a</patternObjectId>
            <patternProperty>errorCode</patternProperty>
            <caseSensitive>true</caseSensitive>
          </con:configuration>
        </con:assertion>
      </con:entry>
    </con:config>
  </con:testStep>
  <con:testStep type="datasourceloop" name="DataSource Loop for incorrect add item" id="cbe13595-8ca6-46b0-b1eb-f43cdb7d4850">
    <con:settings/>
    <con:config>
      <dataSourceStep>DataSource for incorrect add item</dataSourceStep>
      <targetStep>Set add item parameters from data source</targetStep>
    </con:config>
  </con:testStep>
  <con:testStep type="transfer" name="Set create sim products parameters" id="b9d3f078-5ae8-402f-8c8e-e0f78212f28b">
    <con:settings/>
    <con:config xsi:type="con:PropertyTransfersStep" xmlns:xsi="http://www.w3.org/2001/XMLSchema-instance">
      <con:transfers setNullOnMissingSource="true" transferTextContent="true" failOnError="false" ignoreEmpty="false" transferToAll="false" entitize="false" transferChildNodes="false">
        <con:name>userRoleId</con:name>
        <con:sourceType>req_userRoleId</con:sourceType>
        <con:sourceStep>#TestCase#</con:sourceStep>
        <con:sourcePath/>
        <con:targetType>req_userRoleId</con:targetType>
        <con:targetStep>Create sim products</con:targetStep>
        <con:targetPath/>
        <con:upgraded>true</con:upgraded>
      </con:transfers>
      <con:transfers setNullOnMissingSource="true" transferTextContent="true" failOnError="false" ignoreEmpty="false" transferToAll="false" entitize="false" transferChildNodes="false">
        <con:name>soRoleId</con:name>
        <con:sourceType>req_salesOrgId</con:sourceType>
        <con:sourceStep>#TestCase#</con:sourceStep>
        <con:targetType>req_soRoleId</con:targetType>
        <con:targetStep>Create sim products</con:targetStep>
        <con:upgraded>true</con:upgraded>
      </con:transfers>
      <con:transfers setNullOnMissingSource="true" transferTextContent="true" failOnError="false" ignoreEmpty="false" transferToAll="false" entitize="false" transferChildNodes="false">
        <con:name>placeId</con:name>
        <con:sourceType>req_placeId</con:sourceType>
        <con:sourceStep>#TestCase#</con:sourceStep>
        <con:targetType>req_placeId</con:targetType>
        <con:targetStep>Create sim products</con:targetStep>
        <con:upgraded>true</con:upgraded>
      </con:transfers>
      <con:transfers setNullOnMissingSource="true" transferTextContent="true" failOnError="true" ignoreEmpty="false" transferToAll="false" entitize="false" transferChildNodes="false">
        <con:name>terminalId</con:name>
        <con:sourceType>res_terminalId</con:sourceType>
        <con:sourceStep>Create sales organization, user, inventory and terminal and place</con:sourceStep>
        <con:targetType>req_terminalId</con:targetType>
        <con:targetStep>Create sim products</con:targetStep>
        <con:upgraded>true</con:upgraded>
      </con:transfers>
      <con:transfers setNullOnMissingSource="true" transferTextContent="true" failOnError="true" ignoreEmpty="false" transferToAll="false" entitize="false" transferChildNodes="false">
        <con:name>restoreToken</con:name>
        <con:sourceType>userToken</con:sourceType>
        <con:sourceStep>Create sales organization, user, inventory and terminal and place</con:sourceStep>
        <con:targetType>AuthorizationUser</con:targetType>
        <con:targetStep>#Project#</con:targetStep>
        <con:upgraded>true</con:upgraded>
      </con:transfers>
    </con:config>
  </con:testStep>
  <con:testStep type="calltestcase" name="Create sim products" id="43092223-6d5f-4a73-902e-b293c1b18f16">
    <con:settings/>
    <con:config xsi:type="con:RunTestCaseStep" xmlns:xsi="http://www.w3.org/2001/XMLSchema-instance">
      <con:targetTestCase>16d8a61e-3fd2-42b2-bc91-6bcdac56ce92</con:targetTestCase>
      <con:properties>
        <con:property>
          <con:name>req_terminalId</con:name>
          <con:value>12</con:value>
        </con:property>
        <con:property>
          <con:name>req_userRoleId</con:name>
          <con:value>49</con:value>
        </con:property>
        <con:property>
          <con:name>req_soRoleId</con:name>
          <con:value>47</con:value>
        </con:property>
        <con:property>
          <con:name>req_placeId</con:name>
          <con:value>26</con:value>
        </con:property>
        <con:property>
          <con:name>res_code</con:name>
          <con:value>200</con:value>
        </con:property>
        <con:property>
          <con:name>res_startSerial</con:name>
          <con:value>10000000000001035441</con:value>
        </con:property>
        <con:property>
          <con:name>res_endSerial</con:name>
          <con:value>10000000000001035451</con:value>
        </con:property>
        <con:property>
          <con:name>res_simProductId</con:name>
        </con:property>
        <con:property>
          <con:name>res_serialText1</con:name>
          <con:value>1000000000003479701</con:value>
        </con:property>
        <con:property>
          <con:name>res_serialText2</con:name>
          <con:value>1000000000003479711</con:value>
        </con:property>
      </con:properties>
      <con:returnProperties>
        <con:entry>res_startSerial</con:entry>
        <con:entry>res_endSerial</con:entry>
        <con:entry>res_code</con:entry>
        <con:entry>res_serialText1</con:entry>
        <con:entry>res_serialText2</con:entry>
      </con:returnProperties>
      <con:runMode>PARALLELL</con:runMode>
    </con:config>
  </con:testStep>
  <con:testStep type="assertionteststep" name="Assert sim products are created successfully" id="8b8ef8eb-6eb5-4531-b789-ffdc9907235e">
    <con:settings/>
    <con:config xsi:type="con:AssertionTestStep" xmlns:xsi="http://www.w3.org/2001/XMLSchema-instance">
      <con:entry>
        <con:id>18776b5e-0496-4f6c-b499-5ad6e1718419</con:id>
        <con:isGroup>false</con:isGroup>
        <con:sourceId>43092223-6d5f-4a73-902e-b293c1b18f16</con:sourceId>
        <con:propertyName>res_code</con:propertyName>
        <con:assertion type="Simple Contains" name="Contains" id="68ba3d40-378e-43ff-bb3c-a016f5aeb4f7">
          <con:configuration>
            <token>200</token>
            <ignoreCase>false</ignoreCase>
            <useRegEx>true</useRegEx>
          </con:configuration>
        </con:assertion>
      </con:entry>
      <con:entry>
        <con:id>f80396b9-a73e-4841-9fa5-b2c29ff44576</con:id>
        <con:isGroup>false</con:isGroup>
        <con:sourceId>43092223-6d5f-4a73-902e-b293c1b18f16</con:sourceId>
        <con:propertyName>res_startSerial</con:propertyName>
        <con:assertion type="Simple Contains" name="Contains 2" id="20e43483-ca87-4641-91f8-5c9a583f7496">
          <con:configuration>
            <token>\d+</token>
            <ignoreCase>false</ignoreCase>
            <useRegEx>true</useRegEx>
          </con:configuration>
        </con:assertion>
      </con:entry>
      <con:entry>
        <con:id>7b347958-16bc-4ee4-9301-7c6c6c3d6758</con:id>
        <con:isGroup>false</con:isGroup>
        <con:sourceId>43092223-6d5f-4a73-902e-b293c1b18f16</con:sourceId>
        <con:propertyName>res_endSerial</con:propertyName>
        <con:assertion type="Simple Contains" name="Contains 3" id="ce0fd341-ca62-435b-a4f5-07a1fcb9bc38">
          <con:configuration>
            <token>\d+</token>
            <ignoreCase>false</ignoreCase>
            <useRegEx>true</useRegEx>
          </con:configuration>
        </con:assertion>
      </con:entry>
      <con:entry>
        <con:id>a2b4b371-5b30-455b-8791-0507c217bb1f</con:id>
        <con:isGroup>false</con:isGroup>
        <con:sourceId>43092223-6d5f-4a73-902e-b293c1b18f16</con:sourceId>
        <con:propertyName>res_serialText1</con:propertyName>
        <con:assertion type="Simple Contains" name="Contains 4" id="90ceef4e-6541-4562-9b39-42db1c7e9e6a">
          <con:configuration>
            <token>\d+</token>
            <ignoreCase>false</ignoreCase>
            <useRegEx>true</useRegEx>
          </con:configuration>
        </con:assertion>
      </con:entry>
      <con:entry>
        <con:id>429bae4b-ddfc-4134-ba27-714db3ef8586</con:id>
        <con:isGroup>false</con:isGroup>
        <con:sourceId>43092223-6d5f-4a73-902e-b293c1b18f16</con:sourceId>
        <con:propertyName>res_serialText2</con:propertyName>
        <con:assertion type="Simple Contains" name="Contains 5" id="be80c6a2-a019-4f1d-a982-e186d1e8266c">
          <con:configuration>
            <token>\d+</token>
            <ignoreCase>false</ignoreCase>
            <useRegEx>true</useRegEx>
          </con:configuration>
        </con:assertion>
      </con:entry>
    </con:config>
  </con:testStep>
  <con:testStep type="transfer" name="Set product spec external id for stock level control" id="ed28342e-7bca-405c-92d5-0fad3f4779f1">
    <con:settings/>
    <con:config xsi:type="con:PropertyTransfersStep" xmlns:xsi="http://www.w3.org/2001/XMLSchema-instance">
      <con:transfers setNullOnMissingSource="true" transferTextContent="true" failOnError="true" ignoreEmpty="false" transferToAll="false" entitize="false" transferChildNodes="false">
        <con:name>placeId</con:name>
        <con:sourceType>req_placeId</con:sourceType>
        <con:sourceStep>#TestCase#</con:sourceStep>
        <con:sourcePath/>
        <con:targetType>req_placeId</con:targetType>
        <con:targetStep>Display stock level by product spec ext id</con:targetStep>
        <con:targetPath/>
        <con:upgraded>true</con:upgraded>
      </con:transfers>
      <con:transfers setNullOnMissingSource="true" transferTextContent="true" failOnError="true" ignoreEmpty="false" transferToAll="false" entitize="false" transferChildNodes="false">
        <con:name>productSpecExtId</con:name>
        <con:sourceType>simSpecExtID</con:sourceType>
        <con:sourceStep>Given properties for the test steps</con:sourceStep>
        <con:targetType>req_productSpecificationExternalId</con:targetType>
        <con:targetStep>Display stock level by product spec ext id</con:targetStep>
        <con:upgraded>true</con:upgraded>
      </con:transfers>
      <con:transfers setNullOnMissingSource="true" transferTextContent="true" failOnError="true" ignoreEmpty="false" transferToAll="false" entitize="false" transferChildNodes="false">
        <con:name>productStatus</con:name>
        <con:sourceType>nonSellableProductStatus</con:sourceType>
        <con:sourceStep>Given properties for the test steps</con:sourceStep>
        <con:targetType>req_productStatus</con:targetType>
        <con:targetStep>Display stock level by product spec ext id</con:targetStep>
        <con:upgraded>true</con:upgraded>
      </con:transfers>
    </con:config>
  </con:testStep>
  <con:testStep type="calltestcase" name="Display stock level by product spec ext id" id="ea78d687-a0e6-49fb-8f41-e7968cb952df">
    <con:settings/>
    <con:config xsi:type="con:RunTestCaseStep" xmlns:xsi="http://www.w3.org/2001/XMLSchema-instance">
      <con:targetTestCase>ae70f14b-9b62-4330-9f1f-32535bcddc8b</con:targetTestCase>
      <con:properties>
        <con:property>
          <con:name>req_placeId</con:name>
          <con:value>26</con:value>
        </con:property>
        <con:property>
          <con:name>req_productSpecCode</con:name>
        </con:property>
        <con:property>
          <con:name>req_productSpecArticle</con:name>
        </con:property>
        <con:property>
          <con:name>req_productStatus</con:name>
          <con:value>4</con:value>
        </con:property>
        <con:property>
          <con:name>req_includeLocked</con:name>
        </con:property>
        <con:property>
          <con:name>req_productSpecificationExternalId</con:name>
          <con:value>EXT-SIM-1</con:value>
        </con:property>
        <con:property>
          <con:name>res_placeId</con:name>
          <con:value>26</con:value>
        </con:property>
        <con:property>
          <con:name>res_productSpecificationId</con:name>
          <con:value>7</con:value>
        </con:property>
        <con:property>
          <con:name>res_productSpecificationExternalId</con:name>
          <con:value>EXT-SIM-1</con:value>
        </con:property>
        <con:property>
          <con:name>res_quantity</con:name>
          <con:value>2</con:value>
        </con:property>
        <con:property>
          <con:name>res_salesOrganizationId</con:name>
          <con:value>47</con:value>
        </con:property>
        <con:property>
          <con:name>res_totalQuantity</con:name>
          <con:value>2</con:value>
        </con:property>
        <con:property>
          <con:name>res_reservedQuantity</con:name>
          <con:value>0</con:value>
        </con:property>
        <con:property>
          <con:name>req_productId</con:name>
        </con:property>
        <con:property>
          <con:name>res_code</con:name>
        </con:property>
        <con:property>
          <con:name>req_productSerialNumber</con:name>
        </con:property>
        <con:property>
          <con:name>req_productSerialText</con:name>
        </con:property>
        <con:property>
          <con:name>req_productSpecificationId</con:name>
        </con:property>
        <con:property>
          <con:name>req_parentSerialNumberText</con:name>
        </con:property>
        <con:property>
          <con:name>req_batchId</con:name>
        </con:property>
        <con:property>
          <con:name>req_country</con:name>
        </con:property>
        <con:property>
          <con:name>req_state</con:name>
        </con:property>
        <con:property>
          <con:name>req_city</con:name>
        </con:property>
        <con:property>
          <con:name>req_regionId</con:name>
        </con:property>
        <con:property>
          <con:name>res_fullResponse</con:name>
        </con:property>
        <con:property>
          <con:name>res_errorMessage</con:name>
        </con:property>
      </con:properties>
      <con:returnProperties>
        <con:entry>res_placeId</con:entry>
        <con:entry>res_productSpecificationId</con:entry>
        <con:entry>res_productSpecificationExternalId</con:entry>
        <con:entry>res_quantity</con:entry>
        <con:entry>res_salesOrganizationId</con:entry>
        <con:entry>res_totalQuantity</con:entry>
        <con:entry>res_reservedQuantity</con:entry>
      </con:returnProperties>
      <con:runMode>PARALLELL</con:runMode>
    </con:config>
  </con:testStep>
  <con:testStep type="assertionteststep" name="Assert stock level where all products available" id="3adb808c-10ec-4a3c-a502-436b54cd4062">
    <con:settings/>
    <con:config xsi:type="con:AssertionTestStep" xmlns:xsi="http://www.w3.org/2001/XMLSchema-instance">
      <con:entry>
        <con:id>450f6bfc-52bb-4c3c-8a76-2580f27d0856</con:id>
        <con:isGroup>false</con:isGroup>
        <con:sourceId>ea78d687-a0e6-49fb-8f41-e7968cb952df</con:sourceId>
        <con:propertyName>res_totalQuantity</con:propertyName>
        <con:assertion type="Simple Equals" name="Equals" id="3fb55ee7-a8d0-4730-a92f-4792d76c43aa">
          <con:configuration>
            <patternText>2</patternText>
            <caseSensitive>true</caseSensitive>
          </con:configuration>
        </con:assertion>
      </con:entry>
      <con:entry>
        <con:id>e2334aec-63fb-46f3-b5b4-e1ce4c1085a5</con:id>
        <con:isGroup>false</con:isGroup>
        <con:sourceId>ea78d687-a0e6-49fb-8f41-e7968cb952df</con:sourceId>
        <con:propertyName>res_reservedQuantity</con:propertyName>
        <con:assertion type="Simple Equals" name="Equals 2" id="681f1ab0-b9f0-4b8b-a585-fd282948480d">
          <con:configuration>
            <patternText>0</patternText>
            <caseSensitive>true</caseSensitive>
          </con:configuration>
        </con:assertion>
      </con:entry>
    </con:config>
  </con:testStep>
  <con:testStep type="transfer" name="Set get productId parameters" id="83e74422-7908-4ed8-941e-678a8fc3a370">
    <con:settings/>
    <con:config xsi:type="con:PropertyTransfersStep" xmlns:xsi="http://www.w3.org/2001/XMLSchema-instance">
      <con:transfers setNullOnMissingSource="true" transferTextContent="true" failOnError="true" ignoreEmpty="false" transferToAll="false" entitize="false" transferChildNodes="false">
        <con:name>placeId</con:name>
        <con:sourceType>req_placeId</con:sourceType>
        <con:sourceStep>Create sim products</con:sourceStep>
        <con:sourcePath/>
        <con:targetType>req_placeId</con:targetType>
        <con:targetStep>Get productId</con:targetStep>
        <con:targetPath/>
        <con:upgraded>true</con:upgraded>
      </con:transfers>
      <con:transfers setNullOnMissingSource="true" transferTextContent="true" failOnError="true" ignoreEmpty="false" transferToAll="false" entitize="false" transferChildNodes="false">
        <con:name>specExtId</con:name>
        <con:sourceType>res_productSpecificationExternalId</con:sourceType>
        <con:sourceStep>Display stock level by spec ext id</con:sourceStep>
        <con:targetType>req_prodSpecExtId</con:targetType>
        <con:targetStep>Get productId</con:targetStep>
        <con:upgraded>true</con:upgraded>
      </con:transfers>
      <con:transfers setNullOnMissingSource="true" transferTextContent="true" failOnError="true" ignoreEmpty="false" transferToAll="false" entitize="false" transferChildNodes="false">
        <con:name>productStatus</con:name>
        <con:sourceType>nonSellableProductStatus</con:sourceType>
        <con:sourceStep>Given properties for the test steps</con:sourceStep>
        <con:targetType>req_productStatus</con:targetType>
        <con:targetStep>Get productId</con:targetStep>
        <con:upgraded>true</con:upgraded>
      </con:transfers>
    </con:config>
  </con:testStep>
  <con:testStep type="calltestcase" name="Get productId" id="a59a6fde-9157-43a3-afbc-bdb7a697762a">
    <con:settings/>
    <con:config xsi:type="con:RunTestCaseStep" xmlns:xsi="http://www.w3.org/2001/XMLSchema-instance">
      <con:targetTestCase>c8ecc8e4-f948-4b6c-8c74-f734fb40dce3</con:targetTestCase>
      <con:properties>
        <con:property>
          <con:name>req_placeId</con:name>
          <con:value>26</con:value>
        </con:property>
        <con:property>
          <con:name>req_prodSpecExtId</con:name>
          <con:value>EXT-SIM-1</con:value>
        </con:property>
        <con:property>
          <con:name>res_productId</con:name>
          <con:value>12</con:value>
        </con:property>
        <con:property>
          <con:name>req_productStatus</con:name>
          <con:value>4</con:value>
        </con:property>
        <con:property>
          <con:name>res_quantity</con:name>
        </con:property>
        <con:property>
          <con:name>req_productSerialNumber</con:name>
        </con:property>
        <con:property>
          <con:name>req_productSerialText</con:name>
        </con:property>
        <con:property>
          <con:name>res_productStatus</con:name>
        </con:property>
        <con:property>
          <con:name>res_code</con:name>
        </con:property>
      </con:properties>
      <con:returnProperties>
        <con:entry>res_productId</con:entry>
      </con:returnProperties>
      <con:runMode>PARALLELL</con:runMode>
    </con:config>
  </con:testStep>
  <con:testStep type="transfer" name="Set productId to display lockedBy" id="1d0d3fe6-0fff-4a37-9efc-0babc0a1d6d8">
    <con:settings/>
    <con:config xsi:type="con:PropertyTransfersStep" xmlns:xsi="http://www.w3.org/2001/XMLSchema-instance">
      <con:transfers setNullOnMissingSource="true" transferTextContent="true" failOnError="true" ignoreEmpty="false" transferToAll="false" entitize="false" transferChildNodes="false">
        <con:name>productId</con:name>
        <con:sourceType>res_productId</con:sourceType>
        <con:sourceStep>Get productId</con:sourceStep>
        <con:sourcePath/>
        <con:targetType>req_productId</con:targetType>
        <con:targetStep>Display lockedBy</con:targetStep>
        <con:targetPath/>
        <con:upgraded>true</con:upgraded>
      </con:transfers>
    </con:config>
  </con:testStep>
  <con:testStep type="calltestcase" name="Display lockedBy" id="0f918fde-a014-4215-8bd4-645435a6aa97">
    <con:settings/>
    <con:config xsi:type="con:RunTestCaseStep" xmlns:xsi="http://www.w3.org/2001/XMLSchema-instance">
      <con:targetTestCase>102e2d7b-c4cf-4f53-b777-f08cad671a15</con:targetTestCase>
      <con:properties>
        <con:property>
          <con:name>req_productId</con:name>
          <con:value>12</con:value>
        </con:property>
        <con:property>
          <con:name>res_id</con:name>
          <con:value>12</con:value>
        </con:property>
        <con:property>
          <con:name>res_code</con:name>
          <con:value>200</con:value>
        </con:property>
        <con:property>
          <con:name>res_lockedByBiId</con:name>
          <con:value xsi:nil="true"/>
        </con:property>
        <con:property>
          <con:name>res_lockedByBiItemId</con:name>
          <con:value xsi:nil="true"/>
        </con:property>
        <con:property>
          <con:name>req_prodSpecExtId</con:name>
        </con:property>
        <con:property>
          <con:name>res_startSerialNumber</con:name>
        </con:property>
        <con:property>
          <con:name>res_endSerialNumber</con:name>
        </con:property>
        <con:property>
          <con:name>res_quantity</con:name>
        </con:property>
      </con:properties>
      <con:returnProperties>
        <con:entry>res_id</con:entry>
        <con:entry>res_code</con:entry>
        <con:entry>res_lockedByBiId</con:entry>
        <con:entry>res_lockedByBiItemId</con:entry>
      </con:returnProperties>
      <con:runMode>PARALLELL</con:runMode>
    </con:config>
  </con:testStep>
  <con:testStep type="assertionteststep" name="Assertion sim products are unlocked" id="30566140-5420-435e-8e69-f70a5630f097">
    <con:settings/>
    <con:config xsi:type="con:AssertionTestStep" xmlns:xsi="http://www.w3.org/2001/XMLSchema-instance">
      <con:entry>
        <con:id>0b4ba97c-52f9-4e2c-9ff7-988bbf6dae3f</con:id>
        <con:isGroup>false</con:isGroup>
        <con:sourceId>0f918fde-a014-4215-8bd4-645435a6aa97</con:sourceId>
        <con:propertyName>res_code</con:propertyName>
        <con:assertion type="Simple Contains" name="Contains" id="0a0aa7fb-df5b-4180-b4a9-7409b1cdace9">
          <con:configuration>
            <token>200</token>
            <ignoreCase>false</ignoreCase>
            <useRegEx>true</useRegEx>
          </con:configuration>
        </con:assertion>
      </con:entry>
      <con:entry>
        <con:id>7c5bc493-308e-4c47-95e4-3dba860f4181</con:id>
        <con:isGroup>false</con:isGroup>
        <con:sourceId>0f918fde-a014-4215-8bd4-645435a6aa97</con:sourceId>
        <con:propertyName>res_lockedByBiId</con:propertyName>
        <con:assertion type="Simple Contains" name="Contains 2" id="c23c9bfc-b97a-4cb0-90aa-4711e0c2e574">
          <con:configuration>
            <token>^\s*$</token>
            <ignoreCase>false</ignoreCase>
            <useRegEx>true</useRegEx>
          </con:configuration>
        </con:assertion>
      </con:entry>
      <con:entry>
        <con:id>e1177015-be7a-4918-b7ec-4b05d077e739</con:id>
        <con:isGroup>false</con:isGroup>
        <con:sourceId>0f918fde-a014-4215-8bd4-645435a6aa97</con:sourceId>
        <con:propertyName>res_lockedByBiItemId</con:propertyName>
        <con:assertion type="Simple Contains" name="Contains 3" id="38bbf5d2-5c65-460c-9e95-9d1ff117a1fe">
          <con:configuration>
            <token>^\s*$</token>
            <ignoreCase>false</ignoreCase>
            <useRegEx>true</useRegEx>
          </con:configuration>
        </con:assertion>
      </con:entry>
    </con:config>
  </con:testStep>
  <con:testStep type="transfer" name="Set reserve SIM's request" id="afe18590-682f-42aa-9b16-a6077e20f072">
    <con:settings/>
    <con:config xsi:type="con:PropertyTransfersStep" xmlns:xsi="http://www.w3.org/2001/XMLSchema-instance">
      <con:transfers setNullOnMissingSource="true" transferTextContent="true" failOnError="true" ignoreEmpty="false" transferToAll="false" entitize="false" transferChildNodes="false">
        <con:name>startICCID</con:name>
        <con:sourceType>res_startSerial</con:sourceType>
        <con:sourceStep>Create sim products</con:sourceStep>
        <con:sourcePath/>
        <con:targetType>req_startICCD</con:targetType>
        <con:targetStep>Reserve SIMs</con:targetStep>
        <con:targetPath/>
        <con:upgraded>true</con:upgraded>
      </con:transfers>
      <con:transfers setNullOnMissingSource="true" transferTextContent="true" failOnError="true" ignoreEmpty="false" transferToAll="false" entitize="false" transferChildNodes="false">
        <con:name>endICCID</con:name>
        <con:sourceType>res_endSerial</con:sourceType>
        <con:sourceStep>Create sim products</con:sourceStep>
        <con:targetType>req_endICCID</con:targetType>
        <con:targetStep>Reserve SIMs</con:targetStep>
        <con:upgraded>true</con:upgraded>
      </con:transfers>
      <con:transfers setNullOnMissingSource="true" transferTextContent="true" failOnError="true" ignoreEmpty="false" transferToAll="false" entitize="false" transferChildNodes="false">
        <con:name>simSpecExtId</con:name>
        <con:sourceType>simSpecExtID</con:sourceType>
        <con:sourceStep>Given properties for the test steps</con:sourceStep>
        <con:targetType>req_simSpecificationExternalId</con:targetType>
        <con:targetStep>Reserve SIMs</con:targetStep>
        <con:upgraded>true</con:upgraded>
      </con:transfers>
      <con:transfers setNullOnMissingSource="true" transferTextContent="true" failOnError="true" ignoreEmpty="false" transferToAll="false" entitize="false" transferChildNodes="false">
        <con:name>quantity</con:name>
        <con:sourceType>validQuantity</con:sourceType>
        <con:sourceStep>Given properties for the test steps</con:sourceStep>
        <con:targetType>req_requestedQuantity</con:targetType>
        <con:targetStep>Reserve SIMs</con:targetStep>
        <con:upgraded>true</con:upgraded>
      </con:transfers>
      <con:transfers setNullOnMissingSource="true" transferTextContent="true" failOnError="true" ignoreEmpty="false" transferToAll="false" entitize="false" transferChildNodes="false">
        <con:name>placeId</con:name>
        <con:sourceType>req_placeId</con:sourceType>
        <con:sourceStep>#TestCase#</con:sourceStep>
        <con:targetType>req_placeId</con:targetType>
        <con:targetStep>Reserve SIMs</con:targetStep>
        <con:upgraded>true</con:upgraded>
      </con:transfers>
      <con:transfers setNullOnMissingSource="true" transferTextContent="true" failOnError="true" ignoreEmpty="false" transferToAll="false" entitize="false" transferChildNodes="false">
        <con:name>biId</con:name>
        <con:sourceType>res_id</con:sourceType>
        <con:sourceStep>Create starter pack business interaction without session</con:sourceStep>
        <con:targetType>req_biId</con:targetType>
        <con:targetStep>Reserve SIMs</con:targetStep>
        <con:upgraded>true</con:upgraded>
      </con:transfers>
    </con:config>
  </con:testStep>
  <con:testStep type="calltestcase" name="Reserve SIMs" id="5bc47aed-1c7e-415d-9444-b3bee81cf1a5">
    <con:settings/>
    <con:config xsi:type="con:RunTestCaseStep" xmlns:xsi="http://www.w3.org/2001/XMLSchema-instance">
      <con:targetTestCase>06a90684-e6bc-45c1-a3fd-05f9e6abe346</con:targetTestCase>
      <con:properties>
        <con:property>
          <con:name>req_startICCD</con:name>
          <con:value>10000000000001035441</con:value>
        </con:property>
        <con:property>
          <con:name>req_endICCID</con:name>
          <con:value>10000000000001035451</con:value>
        </con:property>
        <con:property>
          <con:name>req_simSpecificationExternalId</con:name>
          <con:value>EXT-SIM-1</con:value>
        </con:property>
        <con:property>
          <con:name>req_requestedQuantity</con:name>
          <con:value>2</con:value>
        </con:property>
        <con:property>
          <con:name>req_placeId</con:name>
          <con:value>26</con:value>
        </con:property>
        <con:property>
          <con:name>res_iccids</con:name>
          <con:value>["10000000000001035441","10000000000001035451"]</con:value>
        </con:property>
        <con:property>
          <con:name>res_code</con:name>
          <con:value xsi:nil="true"/>
        </con:property>
        <con:property>
          <con:name>res_errorMessage</con:name>
          <con:value xsi:nil="true"/>
        </con:property>
        <con:property>
          <con:name>req_biId</con:name>
          <con:value>1031</con:value>
        </con:property>
      </con:properties>
      <con:returnProperties>
        <con:entry>res_iccids</con:entry>
        <con:entry>res_code</con:entry>
        <con:entry>res_errorMessage</con:entry>
      </con:returnProperties>
      <con:runMode>PARALLELL</con:runMode>
    </con:config>
  </con:testStep>
  <con:testStep type="transfer" name="Set product spec external id for stock level control 2" id="d2122924-00c4-4426-bf2d-99a6366b525d">
    <con:settings/>
    <con:config xsi:type="con:PropertyTransfersStep" xmlns:xsi="http://www.w3.org/2001/XMLSchema-instance">
      <con:transfers setNullOnMissingSource="true" transferTextContent="true" failOnError="true" ignoreEmpty="false" transferToAll="false" entitize="false" transferChildNodes="false">
        <con:name>placeId</con:name>
        <con:sourceType>req_placeId</con:sourceType>
        <con:sourceStep>#TestCase#</con:sourceStep>
        <con:sourcePath/>
        <con:targetType>req_placeId</con:targetType>
        <con:targetStep>Display stock level by product spec ext id 2</con:targetStep>
        <con:targetPath/>
        <con:upgraded>true</con:upgraded>
      </con:transfers>
      <con:transfers setNullOnMissingSource="true" transferTextContent="true" failOnError="true" ignoreEmpty="false" transferToAll="false" entitize="false" transferChildNodes="false">
        <con:name>prodSpecExtId</con:name>
        <con:sourceType>simSpecExtID</con:sourceType>
        <con:sourceStep>Given properties for the test steps</con:sourceStep>
        <con:targetType>req_productSpecificationExternalId</con:targetType>
        <con:targetStep>Display stock level by product spec ext id 2</con:targetStep>
        <con:upgraded>true</con:upgraded>
      </con:transfers>
      <con:transfers setNullOnMissingSource="true" transferTextContent="true" failOnError="true" ignoreEmpty="false" transferToAll="false" entitize="false" transferChildNodes="false">
        <con:name>productStatus</con:name>
        <con:sourceType>nonSellableProductStatus</con:sourceType>
        <con:sourceStep>Given properties for the test steps</con:sourceStep>
        <con:targetType>req_productStatus</con:targetType>
        <con:targetStep>Display stock level by product spec ext id 2</con:targetStep>
        <con:upgraded>true</con:upgraded>
      </con:transfers>
    </con:config>
  </con:testStep>
  <con:testStep type="calltestcase" name="Display stock level by product spec ext id 2" id="c2405d1c-9ebb-4118-8fe9-26f41c2bd49f">
    <con:settings/>
    <con:config xsi:type="con:RunTestCaseStep" xmlns:xsi="http://www.w3.org/2001/XMLSchema-instance">
      <con:targetTestCase>ae70f14b-9b62-4330-9f1f-32535bcddc8b</con:targetTestCase>
      <con:properties>
        <con:property>
          <con:name>req_placeId</con:name>
          <con:value>26</con:value>
        </con:property>
        <con:property>
          <con:name>req_productSpecCode</con:name>
        </con:property>
        <con:property>
          <con:name>req_productSpecArticle</con:name>
        </con:property>
        <con:property>
          <con:name>req_productStatus</con:name>
          <con:value>4</con:value>
        </con:property>
        <con:property>
          <con:name>req_includeLocked</con:name>
        </con:property>
        <con:property>
          <con:name>req_productSpecificationExternalId</con:name>
          <con:value>EXT-SIM-1</con:value>
        </con:property>
        <con:property>
          <con:name>res_placeId</con:name>
          <con:value>26</con:value>
        </con:property>
        <con:property>
          <con:name>res_productSpecificationId</con:name>
          <con:value>7</con:value>
        </con:property>
        <con:property>
          <con:name>res_productSpecificationExternalId</con:name>
          <con:value>EXT-SIM-1</con:value>
        </con:property>
        <con:property>
          <con:name>res_quantity</con:name>
          <con:value>0</con:value>
        </con:property>
        <con:property>
          <con:name>res_salesOrganizationId</con:name>
          <con:value>47</con:value>
        </con:property>
        <con:property>
          <con:name>res_totalQuantity</con:name>
          <con:value>2</con:value>
        </con:property>
        <con:property>
          <con:name>res_reservedQuantity</con:name>
          <con:value>2</con:value>
        </con:property>
        <con:property>
          <con:name>req_productId</con:name>
        </con:property>
        <con:property>
          <con:name>res_code</con:name>
        </con:property>
        <con:property>
          <con:name>req_productSerialNumber</con:name>
        </con:property>
        <con:property>
          <con:name>req_productSerialText</con:name>
        </con:property>
        <con:property>
          <con:name>req_productSpecificationId</con:name>
        </con:property>
        <con:property>
          <con:name>req_parentSerialNumberText</con:name>
        </con:property>
        <con:property>
          <con:name>req_batchId</con:name>
        </con:property>
        <con:property>
          <con:name>req_country</con:name>
        </con:property>
        <con:property>
          <con:name>req_state</con:name>
        </con:property>
        <con:property>
          <con:name>req_city</con:name>
        </con:property>
        <con:property>
          <con:name>req_regionId</con:name>
        </con:property>
        <con:property>
          <con:name>res_fullResponse</con:name>
        </con:property>
        <con:property>
          <con:name>res_errorMessage</con:name>
        </con:property>
      </con:properties>
      <con:returnProperties>
        <con:entry>res_placeId</con:entry>
        <con:entry>res_productSpecificationId</con:entry>
        <con:entry>res_productSpecificationExternalId</con:entry>
        <con:entry>res_quantity</con:entry>
        <con:entry>res_salesOrganizationId</con:entry>
        <con:entry>res_totalQuantity</con:entry>
        <con:entry>res_reservedQuantity</con:entry>
      </con:returnProperties>
      <con:runMode>PARALLELL</con:runMode>
    </con:config>
  </con:testStep>
  <con:testStep type="assertionteststep" name="Assert stock level where all products are reserved" id="47a29400-d173-4384-96f1-941f2883972a">
    <con:settings/>
    <con:config xsi:type="con:AssertionTestStep" xmlns:xsi="http://www.w3.org/2001/XMLSchema-instance">
      <con:entry>
        <con:id>168c0ca9-5ddf-4c85-9d25-613c0fcc2b14</con:id>
        <con:isGroup>false</con:isGroup>
        <con:sourceId>c2405d1c-9ebb-4118-8fe9-26f41c2bd49f</con:sourceId>
        <con:propertyName>res_totalQuantity</con:propertyName>
        <con:assertion type="Simple Equals" name="Equals" id="aa9c61c2-02a9-48f4-baa9-eefac8057e9a">
          <con:configuration>
            <patternText>2</patternText>
            <caseSensitive>true</caseSensitive>
          </con:configuration>
        </con:assertion>
      </con:entry>
      <con:entry>
        <con:id>1825734f-8ba4-48d1-b6da-a45cd16fb36a</con:id>
        <con:isGroup>false</con:isGroup>
        <con:sourceId>c2405d1c-9ebb-4118-8fe9-26f41c2bd49f</con:sourceId>
        <con:propertyName>res_reservedQuantity</con:propertyName>
        <con:assertion type="Simple Equals" name="Equals 2" id="e3eaeae7-8878-42b0-aa34-addb077e52ce">
          <con:configuration>
            <patternText>2</patternText>
            <caseSensitive>true</caseSensitive>
          </con:configuration>
        </con:assertion>
      </con:entry>
    </con:config>
  </con:testStep>
  <con:testStep type="transfer" name="Set parameters to create starter pack for lock control" id="9821c9fd-2adb-45df-ac56-0e8322745139">
    <con:settings/>
    <con:config xsi:type="con:PropertyTransfersStep" xmlns:xsi="http://www.w3.org/2001/XMLSchema-instance">
      <con:transfers setNullOnMissingSource="true" transferTextContent="true" failOnError="true" ignoreEmpty="false" transferToAll="false" entitize="false" transferChildNodes="false">
        <con:name>biSpec</con:name>
        <con:sourceType>biSpec</con:sourceType>
        <con:sourceStep>Given properties for the test steps</con:sourceStep>
        <con:sourcePath/>
        <con:targetType>req_biSpec</con:targetType>
        <con:targetStep>Create starter pack business interaction for lock control</con:targetStep>
        <con:targetPath/>
        <con:upgraded>true</con:upgraded>
      </con:transfers>
      <con:transfers setNullOnMissingSource="true" transferTextContent="true" failOnError="true" ignoreEmpty="false" transferToAll="false" entitize="false" transferChildNodes="false">
        <con:name>userRoleId</con:name>
        <con:sourceType>res_userRoleId</con:sourceType>
        <con:sourceStep>Create sales organization, user, inventory and terminal and place</con:sourceStep>
        <con:targetType>req_userRoleId</con:targetType>
        <con:targetStep>Create starter pack business interaction for lock control</con:targetStep>
        <con:upgraded>true</con:upgraded>
      </con:transfers>
      <con:transfers setNullOnMissingSource="true" transferTextContent="true" failOnError="true" ignoreEmpty="false" transferToAll="false" entitize="false" transferChildNodes="false">
        <con:name>soId</con:name>
        <con:sourceType>res_salesOrgId</con:sourceType>
        <con:sourceStep>Create sales organization, user, inventory and terminal and place</con:sourceStep>
        <con:targetType>req_soRoleId</con:targetType>
        <con:targetStep>Create starter pack business interaction for lock control</con:targetStep>
        <con:upgraded>true</con:upgraded>
      </con:transfers>
      <con:transfers setNullOnMissingSource="true" transferTextContent="true" failOnError="true" ignoreEmpty="false" transferToAll="false" entitize="false" transferChildNodes="false">
        <con:name>soUser</con:name>
        <con:sourceType>res_salesOrgId</con:sourceType>
        <con:sourceStep>Create sales organization, user, inventory and terminal and place</con:sourceStep>
        <con:targetType>UserSo</con:targetType>
        <con:targetStep>#Project#</con:targetStep>
        <con:upgraded>true</con:upgraded>
      </con:transfers>
    </con:config>
  </con:testStep>
  <con:testStep type="transfer" name="Set productId to display lockedBy2" id="a1d95704-3d02-4ea4-82e2-a0701938b769">
    <con:settings/>
    <con:config xsi:type="con:PropertyTransfersStep" xmlns:xsi="http://www.w3.org/2001/XMLSchema-instance">
      <con:transfers setNullOnMissingSource="true" transferTextContent="true" failOnError="true" ignoreEmpty="false" transferToAll="false" entitize="false" transferChildNodes="false">
        <con:name>productId</con:name>
        <con:sourceType>req_productId</con:sourceType>
        <con:sourceStep>Display lockedBy</con:sourceStep>
        <con:sourcePath/>
        <con:targetType>req_productId</con:targetType>
        <con:targetStep>Display lockedBy2</con:targetStep>
        <con:targetPath/>
        <con:upgraded>true</con:upgraded>
      </con:transfers>
    </con:config>
  </con:testStep>
  <con:testStep type="calltestcase" name="Display lockedBy2" id="5b61b6aa-d572-4b7a-a0ca-07f9522ffa72">
    <con:settings/>
    <con:config xsi:type="con:RunTestCaseStep" xmlns:xsi="http://www.w3.org/2001/XMLSchema-instance">
      <con:targetTestCase>102e2d7b-c4cf-4f53-b777-f08cad671a15</con:targetTestCase>
      <con:properties>
        <con:property>
          <con:name>req_productId</con:name>
          <con:value>12</con:value>
        </con:property>
        <con:property>
          <con:name>res_id</con:name>
          <con:value>12</con:value>
        </con:property>
        <con:property>
          <con:name>res_code</con:name>
          <con:value>200</con:value>
        </con:property>
        <con:property>
          <con:name>res_lockedByBiId</con:name>
          <con:value>1031</con:value>
        </con:property>
        <con:property>
          <con:name>res_lockedByBiItemId</con:name>
          <con:value>317</con:value>
        </con:property>
        <con:property>
          <con:name>req_prodSpecExtId</con:name>
        </con:property>
        <con:property>
          <con:name>res_startSerialNumber</con:name>
        </con:property>
        <con:property>
          <con:name>res_endSerialNumber</con:name>
        </con:property>
        <con:property>
          <con:name>res_quantity</con:name>
        </con:property>
      </con:properties>
      <con:returnProperties>
        <con:entry>res_id</con:entry>
        <con:entry>res_code</con:entry>
        <con:entry>res_lockedByBiId</con:entry>
        <con:entry>res_lockedByBiItemId</con:entry>
      </con:returnProperties>
      <con:runMode>PARALLELL</con:runMode>
    </con:config>
  </con:testStep>
  <con:testStep type="assertionteststep" name="Assertion sim products are locked" id="cc42bb32-ac86-44bd-93fa-7a4eed7eaaba">
    <con:settings/>
    <con:config xsi:type="con:AssertionTestStep" xmlns:xsi="http://www.w3.org/2001/XMLSchema-instance">
      <con:entry>
        <con:id>f297928c-35c4-41c6-9573-0115bbdec1d9</con:id>
        <con:isGroup>false</con:isGroup>
        <con:sourceId>5b61b6aa-d572-4b7a-a0ca-07f9522ffa72</con:sourceId>
        <con:propertyName>res_code</con:propertyName>
        <con:assertion type="Simple Contains" name="Contains" id="9efa6177-afe7-40fc-9524-587d564a9a45">
          <con:configuration>
            <token>200</token>
            <ignoreCase>false</ignoreCase>
            <useRegEx>true</useRegEx>
          </con:configuration>
        </con:assertion>
      </con:entry>
      <con:entry>
        <con:id>e79e7bcd-0487-40e7-a639-14378a4a655a</con:id>
        <con:isGroup>false</con:isGroup>
        <con:sourceId>5b61b6aa-d572-4b7a-a0ca-07f9522ffa72</con:sourceId>
        <con:propertyName>res_lockedByBiId</con:propertyName>
        <con:assertion type="Simple Contains" name="Contains 2" id="c0f161f4-c40e-47b9-b82d-4f20d27c5b24">
          <con:configuration>
            <token>\d+</token>
            <ignoreCase>false</ignoreCase>
            <useRegEx>true</useRegEx>
          </con:configuration>
        </con:assertion>
      </con:entry>
      <con:entry>
        <con:id>43f798f2-db2f-4cf4-8d60-627cd8bc843c</con:id>
        <con:isGroup>false</con:isGroup>
        <con:sourceId>5b61b6aa-d572-4b7a-a0ca-07f9522ffa72</con:sourceId>
        <con:propertyName>res_lockedByBiItemId</con:propertyName>
        <con:assertion type="Simple Contains" name="Contains 3" id="057fce56-c5de-415a-a16b-1aad94a71497">
          <con:configuration>
            <token>\d+</token>
            <ignoreCase>false</ignoreCase>
            <useRegEx>true</useRegEx>
          </con:configuration>
        </con:assertion>
      </con:entry>
    </con:config>
  </con:testStep>
  <con:testStep type="calltestcase" name="Create starter pack business interaction for lock control" id="0427a871-225d-4f56-b6d9-4f8711385365">
    <con:settings/>
    <con:config xsi:type="con:RunTestCaseStep" xmlns:xsi="http://www.w3.org/2001/XMLSchema-instance">
      <con:targetTestCase>637528a8-67ce-4e6e-a2c5-0c0629ea45b6</con:targetTestCase>
      <con:properties>
        <con:property>
          <con:name>req_userRoleId</con:name>
          <con:value>49</con:value>
        </con:property>
        <con:property>
          <con:name>req_soRoleId</con:name>
          <con:value>47</con:value>
        </con:property>
        <con:property>
          <con:name>req_biSpec</con:name>
          <con:value>CREATESTARTERPACKBISPEC</con:value>
        </con:property>
        <con:property>
          <con:name>res_id</con:name>
          <con:value>1101</con:value>
        </con:property>
        <con:property>
          <con:name>res_code</con:name>
          <con:value xsi:nil="true"/>
        </con:property>
        <con:property>
          <con:name>res_errorMessage</con:name>
          <con:value xsi:nil="true"/>
        </con:property>
        <con:property>
          <con:name>res_httpStatus</con:name>
        </con:property>
      </con:properties>
      <con:returnProperties>
        <con:entry>res_id</con:entry>
        <con:entry>res_code</con:entry>
        <con:entry>res_errorMessage</con:entry>
      </con:returnProperties>
      <con:runMode>PARALLELL</con:runMode>
    </con:config>
  </con:testStep>
  <con:testStep type="transfer" name="Set reserve SIM's request for lock control" id="e24c0aaa-19ab-4037-9019-d73e638b4ade">
    <con:settings/>
    <con:config xsi:type="con:PropertyTransfersStep" xmlns:xsi="http://www.w3.org/2001/XMLSchema-instance">
      <con:transfers setNullOnMissingSource="true" transferTextContent="true" failOnError="true" ignoreEmpty="false" transferToAll="false" entitize="false" transferChildNodes="false">
        <con:name>startICCID</con:name>
        <con:sourceType>res_startSerial</con:sourceType>
        <con:sourceStep>Create sim products</con:sourceStep>
        <con:sourcePath/>
        <con:targetType>req_startICCD</con:targetType>
        <con:targetStep>Reserve SIMs for lock control</con:targetStep>
        <con:targetPath/>
        <con:upgraded>true</con:upgraded>
      </con:transfers>
      <con:transfers setNullOnMissingSource="true" transferTextContent="true" failOnError="true" ignoreEmpty="false" transferToAll="false" entitize="false" transferChildNodes="false">
        <con:name>endICCID</con:name>
        <con:sourceType>res_endSerial</con:sourceType>
        <con:sourceStep>Create sim products</con:sourceStep>
        <con:targetType>req_endICCID</con:targetType>
        <con:targetStep>Reserve SIMs for lock control</con:targetStep>
        <con:upgraded>true</con:upgraded>
      </con:transfers>
      <con:transfers setNullOnMissingSource="true" transferTextContent="true" failOnError="true" ignoreEmpty="false" transferToAll="false" entitize="false" transferChildNodes="false">
        <con:name>simSpecExtId</con:name>
        <con:sourceType>simSpecExtID</con:sourceType>
        <con:sourceStep>Given properties for the test steps</con:sourceStep>
        <con:targetType>req_simSpecificationExternalId</con:targetType>
        <con:targetStep>Reserve SIMs for lock control</con:targetStep>
        <con:upgraded>true</con:upgraded>
      </con:transfers>
      <con:transfers setNullOnMissingSource="true" transferTextContent="true" failOnError="true" ignoreEmpty="false" transferToAll="false" entitize="false" transferChildNodes="false">
        <con:name>quantity</con:name>
        <con:sourceType>validQuantity</con:sourceType>
        <con:sourceStep>Given properties for the test steps</con:sourceStep>
        <con:targetType>req_requestedQuantity</con:targetType>
        <con:targetStep>Reserve SIMs for lock control</con:targetStep>
        <con:upgraded>true</con:upgraded>
      </con:transfers>
      <con:transfers setNullOnMissingSource="true" transferTextContent="true" failOnError="true" ignoreEmpty="false" transferToAll="false" entitize="false" transferChildNodes="false">
        <con:name>placeId</con:name>
        <con:sourceType>req_placeId</con:sourceType>
        <con:sourceStep>#TestCase#</con:sourceStep>
        <con:targetType>req_placeId</con:targetType>
        <con:targetStep>Reserve SIMs for lock control</con:targetStep>
        <con:upgraded>true</con:upgraded>
      </con:transfers>
      <con:transfers setNullOnMissingSource="true" transferTextContent="true" failOnError="true" ignoreEmpty="false" transferToAll="false" entitize="false" transferChildNodes="false">
        <con:name>biId</con:name>
        <con:sourceType>res_id</con:sourceType>
        <con:sourceStep>Create starter pack business interaction for lock control</con:sourceStep>
        <con:targetType>req_biId</con:targetType>
        <con:targetStep>Reserve SIMs for lock control</con:targetStep>
        <con:upgraded>true</con:upgraded>
      </con:transfers>
    </con:config>
  </con:testStep>
  <con:testStep type="transfer" name="Property Transfer 4" id="1ddad599-954b-426f-8f0b-f97aaca20e44">
    <con:settings/>
    <con:config xsi:type="con:PropertyTransfersStep" xmlns:xsi="http://www.w3.org/2001/XMLSchema-instance">
      <con:transfers setNullOnMissingSource="true" transferTextContent="true" failOnError="true" ignoreEmpty="false" transferToAll="false" entitize="false" transferChildNodes="false">
        <con:name>biId</con:name>
        <con:sourceType>res_id</con:sourceType>
        <con:sourceStep>Create starter pack business interaction for lock control</con:sourceStep>
        <con:sourcePath/>
        <con:targetType>req_biId</con:targetType>
        <con:targetStep>Cannot submit starter pack without items</con:targetStep>
        <con:targetPath/>
        <con:upgraded>true</con:upgraded>
      </con:transfers>
    </con:config>
  </con:testStep>
  <con:testStep type="calltestcase" name="Cannot submit starter pack without items" id="ee4f393e-0b7e-4e95-a270-7526d607756e">
    <con:settings/>
    <con:config xsi:type="con:RunTestCaseStep" xmlns:xsi="http://www.w3.org/2001/XMLSchema-instance">
      <con:targetTestCase>7139ae50-0804-4cbc-9d4f-d7add6e31e65</con:targetTestCase>
      <con:properties>
        <con:property>
          <con:name>req_biId</con:name>
          <con:value>1101</con:value>
        </con:property>
        <con:property>
          <con:name>res_biId</con:name>
          <con:value xsi:nil="true"/>
        </con:property>
        <con:property>
          <con:name>res_code</con:name>
          <con:value>BI_CANNOT_SUBMIT_WITHOUT_ITEM</con:value>
        </con:property>
        <con:property>
          <con:name>res_errorMessage</con:name>
          <con:value>BI_CANNOT_SUBMIT_WITHOUT_ITEM</con:value>
        </con:property>
      </con:properties>
      <con:returnProperties>
        <con:entry>res_biId</con:entry>
        <con:entry>res_code</con:entry>
        <con:entry>res_errorMessage</con:entry>
      </con:returnProperties>
      <con:runMode>PARALLELL</con:runMode>
    </con:config>
  </con:testStep>
  <con:testStep type="assertionteststep" name="Assertion cannot submit without items" id="286ff072-11c2-4318-83b5-95e3e510b17d">
    <con:settings/>
    <con:config xsi:type="con:AssertionTestStep" xmlns:xsi="http://www.w3.org/2001/XMLSchema-instance">
      <con:entry>
        <con:id>79636613-91a2-4675-9987-15cf77287fc0</con:id>
        <con:isGroup>false</con:isGroup>
        <con:sourceId>ee4f393e-0b7e-4e95-a270-7526d607756e</con:sourceId>
        <con:propertyName>res_errorMessage</con:propertyName>
        <con:assertion type="Simple Equals" name="Equals" id="c35695a3-3110-42fa-8ad5-150985ab11b0">
          <con:configuration>
            <patternObjectId>d03751cb-a7d8-4517-aadd-c3ecba7bbb3e</patternObjectId>
            <patternProperty>error_cannot_submit_without_item</patternProperty>
            <caseSensitive>true</caseSensitive>
          </con:configuration>
        </con:assertion>
      </con:entry>
    </con:config>
  </con:testStep>
  <con:testStep type="calltestcase" name="Reserve SIMs for lock control" id="8d2fac49-d439-4356-a488-3665308815b0">
    <con:settings/>
    <con:config xsi:type="con:RunTestCaseStep" xmlns:xsi="http://www.w3.org/2001/XMLSchema-instance">
      <con:targetTestCase>06a90684-e6bc-45c1-a3fd-05f9e6abe346</con:targetTestCase>
      <con:properties>
        <con:property>
          <con:name>req_startICCD</con:name>
          <con:value>10000000000001035441</con:value>
        </con:property>
        <con:property>
          <con:name>req_endICCID</con:name>
          <con:value>10000000000001035451</con:value>
        </con:property>
        <con:property>
          <con:name>req_simSpecificationExternalId</con:name>
          <con:value>EXT-SIM-1</con:value>
        </con:property>
        <con:property>
          <con:name>req_requestedQuantity</con:name>
          <con:value>2</con:value>
        </con:property>
        <con:property>
          <con:name>req_placeId</con:name>
          <con:value>26</con:value>
        </con:property>
        <con:property>
          <con:name>res_iccids</con:name>
          <con:value xsi:nil="true"/>
        </con:property>
        <con:property>
          <con:name>res_code</con:name>
          <con:value>PRODUCT_COULD_NOT_BE_FOUND</con:value>
        </con:property>
        <con:property>
          <con:name>res_errorMessage</con:name>
          <con:value>PRODUCT_COULD_NOT_BE_FOUND</con:value>
        </con:property>
        <con:property>
          <con:name>req_biId</con:name>
          <con:value>1101</con:value>
        </con:property>
      </con:properties>
      <con:returnProperties>
        <con:entry>res_iccids</con:entry>
        <con:entry>res_code</con:entry>
        <con:entry>res_errorMessage</con:entry>
      </con:returnProperties>
      <con:runMode>PARALLELL</con:runMode>
    </con:config>
  </con:testStep>
  <con:testStep type="assertionteststep" name="Assert could not add lock product to starter pack bi" id="5c970e3c-80fa-42f6-9fe2-b6c02ecea40a">
    <con:settings/>
    <con:config xsi:type="con:AssertionTestStep" xmlns:xsi="http://www.w3.org/2001/XMLSchema-instance">
      <con:entry>
        <con:id>4858612f-2280-4f4b-9be5-18943b07c3ba</con:id>
        <con:isGroup>false</con:isGroup>
        <con:sourceId>8d2fac49-d439-4356-a488-3665308815b0</con:sourceId>
        <con:propertyName>res_code</con:propertyName>
        <con:assertion type="Simple Contains" name="Contains" id="6f5d06e2-b179-429c-921e-d248fa53e7aa">
          <con:configuration>
            <token>PRODUCT_COULD_NOT_BE_FOUND</token>
            <ignoreCase>false</ignoreCase>
            <useRegEx>false</useRegEx>
          </con:configuration>
        </con:assertion>
      </con:entry>
      <con:entry>
        <con:id>b574c1ba-f631-4c3b-9ee1-bdeca9dc909b</con:id>
        <con:isGroup>false</con:isGroup>
        <con:sourceId>8d2fac49-d439-4356-a488-3665308815b0</con:sourceId>
        <con:propertyName>res_errorMessage</con:propertyName>
        <con:assertion type="Simple Equals" name="Equals" id="dfb2c7c7-0e61-4317-8c78-6e5f079d5ccf">
          <con:configuration>
            <patternObjectId>d03751cb-a7d8-4517-aadd-c3ecba7bbb3e</patternObjectId>
            <patternProperty>error_product_could_not_be_found</patternProperty>
            <caseSensitive>true</caseSensitive>
          </con:configuration>
        </con:assertion>
      </con:entry>
    </con:config>
  </con:testStep>
  <con:testStep type="transfer" name="Property Transfer" id="a71627d0-0425-4f0a-8c96-11f5dce9d213">
    <con:settings/>
    <con:config xsi:type="con:PropertyTransfersStep" xmlns:xsi="http://www.w3.org/2001/XMLSchema-instance">
      <con:transfers setNullOnMissingSource="true" transferTextContent="true" failOnError="true" ignoreEmpty="false" transferToAll="false" entitize="false" transferChildNodes="false">
        <con:name>biId</con:name>
        <con:sourceType>res_id</con:sourceType>
        <con:sourceStep>Create starter pack business interaction without session</con:sourceStep>
        <con:sourcePath/>
        <con:targetType>req_biId</con:targetType>
        <con:targetStep>Retrieve all bi items of starter pack bi</con:targetStep>
        <con:targetPath/>
        <con:upgraded>true</con:upgraded>
      </con:transfers>
    </con:config>
  </con:testStep>
  <con:testStep type="calltestcase" name="Retrieve all bi items of starter pack bi" id="deb224bd-afab-40d0-a499-a058d72f048e">
    <con:settings/>
    <con:config xsi:type="con:RunTestCaseStep" xmlns:xsi="http://www.w3.org/2001/XMLSchema-instance">
      <con:targetTestCase>2719029b-135f-4cea-b703-7e842d476c74</con:targetTestCase>
      <con:properties>
        <con:property>
          <con:name>req_biId</con:name>
          <con:value>1031</con:value>
        </con:property>
        <con:property>
          <con:name>response</con:name>
          <con:value>[{"product":{"id":"12"},"productInformation":{"quantity":2,"status":"NonSellable","serialNumberRange":{"start":1000000000000103544,"end":1000000000000103545},"isPaired":false,"description":"SIM Memory : null","productSpecification":{"id":"7"}},"id":"317"}]</con:value>
        </con:property>
        <con:property>
          <con:name>res_errorMessage</con:name>
          <con:value xsi:nil="true"/>
        </con:property>
      </con:properties>
      <con:returnProperties>
        <con:entry>response</con:entry>
        <con:entry>res_errorMessage</con:entry>
      </con:returnProperties>
      <con:runMode>PARALLELL</con:runMode>
    </con:config>
  </con:testStep>
  <con:testStep type="assertionteststep" name="Assert bi items retrieved successfuly" id="ddbac3e5-89f6-496b-b4c3-e8e5f9f4523f">
    <con:settings/>
    <con:config xsi:type="con:AssertionTestStep" xmlns:xsi="http://www.w3.org/2001/XMLSchema-instance">
      <con:entry>
        <con:id>c3203ac9-c687-4402-a52c-9a62c4b9670a</con:id>
        <con:isGroup>false</con:isGroup>
        <con:sourceId>deb224bd-afab-40d0-a499-a058d72f048e</con:sourceId>
        <con:propertyName>res_errorMessage</con:propertyName>
        <con:assertion type="Simple Contains" name="Contains" id="e343428a-dc88-48f5-b55d-cf57f164d63a">
          <con:configuration>
            <token>^\s*$</token>
            <ignoreCase>false</ignoreCase>
            <useRegEx>true</useRegEx>
          </con:configuration>
        </con:assertion>
      </con:entry>
      <con:entry>
        <con:id>170f197d-c28f-45d3-9bfa-cb057318c497</con:id>
        <con:isGroup>false</con:isGroup>
        <con:sourceId>deb224bd-afab-40d0-a499-a058d72f048e</con:sourceId>
        <con:propertyName>response</con:propertyName>
        <con:assertion type="Simple Contains" name="Contains 2" id="71b7aed8-2694-4161-9850-b89fd74285f0">
          <con:configuration>
            <token>\d+</token>
            <ignoreCase>false</ignoreCase>
            <useRegEx>true</useRegEx>
          </con:configuration>
        </con:assertion>
      </con:entry>
    </con:config>
  </con:testStep>
  <con:testStep type="transfer" name="Property Transfer 3" id="d8aaca52-3d8f-4e56-8b2a-750440a7f6b6">
    <con:settings/>
    <con:config xsi:type="con:PropertyTransfersStep" xmlns:xsi="http://www.w3.org/2001/XMLSchema-instance">
      <con:transfers setNullOnMissingSource="true" transferTextContent="true" failOnError="true" ignoreEmpty="false" transferToAll="false" entitize="false" transferChildNodes="false">
        <con:name>biId</con:name>
        <con:sourceType>res_id</con:sourceType>
        <con:sourceStep>Create starter pack business interaction without session</con:sourceStep>
        <con:sourcePath/>
        <con:targetType>req_biId</con:targetType>
        <con:targetStep>Display single bi item of starterpack bi</con:targetStep>
        <con:targetPath/>
        <con:upgraded>true</con:upgraded>
      </con:transfers>
      <con:transfers setNullOnMissingSource="true" transferTextContent="true" failOnError="true" ignoreEmpty="false" transferToAll="false" entitize="false" transferChildNodes="false">
        <con:name>biItemId</con:name>
        <con:sourceType>response</con:sourceType>
        <con:sourceStep>Retrieve all bi items of starter pack bi</con:sourceStep>
        <con:sourcePath>$[0]['id']</con:sourcePath>
        <con:targetType>req_biItemId</con:targetType>
        <con:targetStep>Display single bi item of starterpack bi</con:targetStep>
        <con:type>JSONPATH</con:type>
        <con:upgraded>true</con:upgraded>
      </con:transfers>
    </con:config>
  </con:testStep>
  <con:testStep type="calltestcase" name="Display single bi item of starterpack bi" id="02738703-9328-4ba1-829c-974d1661b72b">
    <con:settings/>
    <con:config xsi:type="con:RunTestCaseStep" xmlns:xsi="http://www.w3.org/2001/XMLSchema-instance">
      <con:targetTestCase>ee2e5995-69e4-4bdb-83fc-81522a5301de</con:targetTestCase>
      <con:properties>
        <con:property>
          <con:name>req_biId</con:name>
          <con:value>1031</con:value>
        </con:property>
        <con:property>
          <con:name>req_biItemId</con:name>
          <con:value>317</con:value>
        </con:property>
        <con:property>
          <con:name>res_biItemId</con:name>
          <con:value xsi:nil="true"/>
        </con:property>
      </con:properties>
      <con:returnProperties>
        <con:entry>res_biItemId</con:entry>
      </con:returnProperties>
      <con:runMode>PARALLELL</con:runMode>
    </con:config>
  </con:testStep>
  <con:testStep type="assertionteststep" name="Assert bi item retrieved successfuly" id="c4ccede3-3979-457a-ae77-1c374681fd5a">
    <con:settings/>
    <con:config xsi:type="con:AssertionTestStep" xmlns:xsi="http://www.w3.org/2001/XMLSchema-instance">
      <con:entry>
        <con:id>ea6cf0ff-9793-42a2-b365-6a6be191ff6e</con:id>
        <con:isGroup>false</con:isGroup>
        <con:sourceId>02738703-9328-4ba1-829c-974d1661b72b</con:sourceId>
        <con:propertyName>req_biId</con:propertyName>
        <con:assertion type="Simple Contains" name="Contains" id="a53f3d3f-854c-40b6-987a-3d39265e5c98">
          <con:configuration>
            <token>\d+</token>
            <ignoreCase>false</ignoreCase>
            <useRegEx>true</useRegEx>
          </con:configuration>
        </con:assertion>
      </con:entry>
    </con:config>
  </con:testStep>
  <con:testStep type="transfer" name="Property Transfer 2" id="2117f427-d6c4-492a-9f7d-18b1d256d38f">
    <con:settings/>
    <con:config xsi:type="con:PropertyTransfersStep" xmlns:xsi="http://www.w3.org/2001/XMLSchema-instance">
      <con:transfers setNullOnMissingSource="true" transferTextContent="true" failOnError="true" ignoreEmpty="false" transferToAll="false" entitize="false" transferChildNodes="false">
        <con:name>biId</con:name>
        <con:sourceType>res_id</con:sourceType>
        <con:sourceStep>Create starter pack business interaction without session</con:sourceStep>
        <con:sourcePath/>
        <con:targetType>req_biId</con:targetType>
        <con:targetStep>Delete bi item from starter pack bi in draft state</con:targetStep>
        <con:targetPath/>
        <con:type>XPATH</con:type>
        <con:upgraded>true</con:upgraded>
      </con:transfers>
      <con:transfers setNullOnMissingSource="true" transferTextContent="true" failOnError="true" ignoreEmpty="false" transferToAll="false" entitize="false" transferChildNodes="false">
        <con:name>biItemId</con:name>
        <con:sourceType>response</con:sourceType>
        <con:sourceStep>Retrieve all bi items of starter pack bi</con:sourceStep>
        <con:sourcePath>$[0]['id']</con:sourcePath>
        <con:targetType>req_biItemId</con:targetType>
        <con:targetStep>Delete bi item from starter pack bi in draft state</con:targetStep>
        <con:type>JSONPATH</con:type>
        <con:upgraded>true</con:upgraded>
      </con:transfers>
    </con:config>
  </con:testStep>
  <con:testStep type="calltestcase" name="Delete bi item from starter pack bi in draft state" id="f3ab42bd-8b9c-40b3-891a-0023cda50620">
    <con:settings/>
    <con:config xsi:type="con:RunTestCaseStep" xmlns:xsi="http://www.w3.org/2001/XMLSchema-instance">
      <con:targetTestCase>ff493b66-6efc-401f-9e3e-5be27608cbe3</con:targetTestCase>
      <con:properties>
        <con:property>
          <con:name>req_biId</con:name>
          <con:value>1031</con:value>
        </con:property>
        <con:property>
          <con:name>req_biItemId</con:name>
          <con:value>317</con:value>
        </con:property>
        <con:property>
          <con:name>res_biId</con:name>
          <con:value>317</con:value>
        </con:property>
      </con:properties>
      <con:returnProperties>
        <con:entry>res_biId</con:entry>
      </con:returnProperties>
      <con:runMode>PARALLELL</con:runMode>
    </con:config>
  </con:testStep>
  <con:testStep type="assertionteststep" name="Assert bi item is deleted" id="08fe2da5-77ee-4d1b-b011-5a94cee9559b">
    <con:settings/>
    <con:config xsi:type="con:AssertionTestStep" xmlns:xsi="http://www.w3.org/2001/XMLSchema-instance">
      <con:entry>
        <con:id>64396e42-115c-4dd8-aa0d-454a7632222f</con:id>
        <con:isGroup>false</con:isGroup>
        <con:sourceId>f3ab42bd-8b9c-40b3-891a-0023cda50620</con:sourceId>
        <con:propertyName>res_biId</con:propertyName>
        <con:assertion type="Simple Contains" name="Contains" id="313c27ee-9e9f-4818-9fe8-8176534dc0ab">
          <con:configuration>
            <token>\d+</token>
            <ignoreCase>false</ignoreCase>
            <useRegEx>true</useRegEx>
          </con:configuration>
        </con:assertion>
      </con:entry>
    </con:config>
  </con:testStep>
  <con:testStep type="transfer" name="Set product spec external id for stock level control 3" id="d198f94e-9f1b-4461-a6a1-f4bcdb667e41">
    <con:settings/>
    <con:config xsi:type="con:PropertyTransfersStep" xmlns:xsi="http://www.w3.org/2001/XMLSchema-instance">
      <con:transfers setNullOnMissingSource="true" transferTextContent="true" failOnError="true" ignoreEmpty="false" transferToAll="false" entitize="false" transferChildNodes="false">
        <con:name>placeId</con:name>
        <con:sourceType>req_placeId</con:sourceType>
        <con:sourceStep>#TestCase#</con:sourceStep>
        <con:sourcePath/>
        <con:targetType>req_placeId</con:targetType>
        <con:targetStep>Display stock level by spec ext id</con:targetStep>
        <con:targetPath/>
        <con:upgraded>true</con:upgraded>
      </con:transfers>
      <con:transfers setNullOnMissingSource="true" transferTextContent="true" failOnError="true" ignoreEmpty="false" transferToAll="false" entitize="false" transferChildNodes="false">
        <con:name>productSpecExtId</con:name>
        <con:sourceType>simSpecExtID</con:sourceType>
        <con:sourceStep>Given properties for the test steps</con:sourceStep>
        <con:targetType>req_productSpecificationExternalId</con:targetType>
        <con:targetStep>Display stock level by spec ext id</con:targetStep>
        <con:upgraded>true</con:upgraded>
      </con:transfers>
      <con:transfers setNullOnMissingSource="true" transferTextContent="true" failOnError="true" ignoreEmpty="false" transferToAll="false" entitize="false" transferChildNodes="false">
        <con:name>productStatus</con:name>
        <con:sourceType>nonSellableProductStatus</con:sourceType>
        <con:sourceStep>Given properties for the test steps</con:sourceStep>
        <con:targetType>req_productStatus</con:targetType>
        <con:targetStep>Display stock level by spec ext id</con:targetStep>
        <con:upgraded>true</con:upgraded>
      </con:transfers>
    </con:config>
  </con:testStep>
  <con:testStep type="calltestcase" name="Display stock level by spec ext id" id="5aaebb31-a30f-4e28-b8ae-f0787a70d46e">
    <con:settings/>
    <con:config xsi:type="con:RunTestCaseStep" xmlns:xsi="http://www.w3.org/2001/XMLSchema-instance">
      <con:targetTestCase>ae70f14b-9b62-4330-9f1f-32535bcddc8b</con:targetTestCase>
      <con:properties>
        <con:property>
          <con:name>req_placeId</con:name>
          <con:value>26</con:value>
        </con:property>
        <con:property>
          <con:name>req_productSpecCode</con:name>
        </con:property>
        <con:property>
          <con:name>req_productSpecArticle</con:name>
        </con:property>
        <con:property>
          <con:name>req_productStatus</con:name>
          <con:value>4</con:value>
        </con:property>
        <con:property>
          <con:name>req_includeLocked</con:name>
        </con:property>
        <con:property>
          <con:name>req_productSpecificationExternalId</con:name>
          <con:value>EXT-SIM-1</con:value>
        </con:property>
        <con:property>
          <con:name>res_placeId</con:name>
          <con:value>26</con:value>
        </con:property>
        <con:property>
          <con:name>res_productSpecificationId</con:name>
          <con:value>7</con:value>
        </con:property>
        <con:property>
          <con:name>res_productSpecificationExternalId</con:name>
          <con:value>EXT-SIM-1</con:value>
        </con:property>
        <con:property>
          <con:name>res_quantity</con:name>
          <con:value>2</con:value>
        </con:property>
        <con:property>
          <con:name>res_salesOrganizationId</con:name>
          <con:value>47</con:value>
        </con:property>
        <con:property>
          <con:name>res_totalQuantity</con:name>
          <con:value>2</con:value>
        </con:property>
        <con:property>
          <con:name>res_reservedQuantity</con:name>
          <con:value>0</con:value>
        </con:property>
        <con:property>
          <con:name>req_productId</con:name>
        </con:property>
        <con:property>
          <con:name>res_code</con:name>
        </con:property>
        <con:property>
          <con:name>req_productSerialNumber</con:name>
        </con:property>
        <con:property>
          <con:name>req_productSerialText</con:name>
        </con:property>
        <con:property>
          <con:name>req_productSpecificationId</con:name>
        </con:property>
        <con:property>
          <con:name>req_parentSerialNumberText</con:name>
        </con:property>
        <con:property>
          <con:name>req_batchId</con:name>
        </con:property>
        <con:property>
          <con:name>req_country</con:name>
        </con:property>
        <con:property>
          <con:name>req_state</con:name>
        </con:property>
        <con:property>
          <con:name>req_city</con:name>
        </con:property>
        <con:property>
          <con:name>req_regionId</con:name>
        </con:property>
        <con:property>
          <con:name>res_fullResponse</con:name>
        </con:property>
        <con:property>
          <con:name>res_errorMessage</con:name>
        </con:property>
      </con:properties>
      <con:returnProperties>
        <con:entry>res_placeId</con:entry>
        <con:entry>res_productSpecificationId</con:entry>
        <con:entry>res_productSpecificationExternalId</con:entry>
        <con:entry>res_quantity</con:entry>
        <con:entry>res_salesOrganizationId</con:entry>
        <con:entry>res_totalQuantity</con:entry>
        <con:entry>res_reservedQuantity</con:entry>
      </con:returnProperties>
      <con:runMode>PARALLELL</con:runMode>
    </con:config>
  </con:testStep>
  <con:testStep type="assertionteststep" name="Assert stock level where all products are available" id="aba79e0e-4d16-4b5a-b81b-e0c10262db8c">
    <con:settings/>
    <con:config xsi:type="con:AssertionTestStep" xmlns:xsi="http://www.w3.org/2001/XMLSchema-instance">
      <con:entry>
        <con:id>83842e7c-b7a2-43af-871c-1b26c5722d33</con:id>
        <con:isGroup>false</con:isGroup>
        <con:sourceId>5aaebb31-a30f-4e28-b8ae-f0787a70d46e</con:sourceId>
        <con:propertyName>res_totalQuantity</con:propertyName>
        <con:assertion type="Simple Equals" name="Equals" id="28d6ec23-7ec3-4c70-918f-66e7103003f9">
          <con:configuration>
            <patternText>2</patternText>
            <caseSensitive>true</caseSensitive>
          </con:configuration>
        </con:assertion>
      </con:entry>
      <con:entry>
        <con:id>80a3c29b-853c-4924-9969-e6be6e6b6c66</con:id>
        <con:isGroup>false</con:isGroup>
        <con:sourceId>5aaebb31-a30f-4e28-b8ae-f0787a70d46e</con:sourceId>
        <con:propertyName>res_reservedQuantity</con:propertyName>
        <con:assertion type="Simple Equals" name="Equals 2" id="9d7032cd-29f6-4cf7-993a-1d0fb4c46490">
          <con:configuration>
            <patternText>0</patternText>
            <caseSensitive>true</caseSensitive>
          </con:configuration>
        </con:assertion>
      </con:entry>
    </con:config>
  </con:testStep>
  <con:testStep type="transfer" name="Set productId to display lockedBy5" id="4ecd9ba1-dd73-470a-a295-0bd109729749">
    <con:settings/>
    <con:config xsi:type="con:PropertyTransfersStep" xmlns:xsi="http://www.w3.org/2001/XMLSchema-instance">
      <con:transfers setNullOnMissingSource="true" transferTextContent="true" failOnError="true" ignoreEmpty="false" transferToAll="false" entitize="false" transferChildNodes="false">
        <con:name>productId</con:name>
        <con:sourceType>req_productId</con:sourceType>
        <con:sourceStep>Display lockedBy</con:sourceStep>
        <con:sourcePath/>
        <con:targetType>req_productId</con:targetType>
        <con:targetStep>Display lockedBy5</con:targetStep>
        <con:targetPath/>
        <con:upgraded>true</con:upgraded>
      </con:transfers>
    </con:config>
  </con:testStep>
  <con:testStep type="calltestcase" name="Display lockedBy5" id="dce03db5-3111-45b8-87b7-cd14cdd15af9">
    <con:settings/>
    <con:config xsi:type="con:RunTestCaseStep" xmlns:xsi="http://www.w3.org/2001/XMLSchema-instance">
      <con:targetTestCase>102e2d7b-c4cf-4f53-b777-f08cad671a15</con:targetTestCase>
      <con:properties>
        <con:property>
          <con:name>req_productId</con:name>
          <con:value>12</con:value>
        </con:property>
        <con:property>
          <con:name>res_id</con:name>
          <con:value>12</con:value>
        </con:property>
        <con:property>
          <con:name>res_code</con:name>
          <con:value>200</con:value>
        </con:property>
        <con:property>
          <con:name>res_lockedByBiId</con:name>
          <con:value xsi:nil="true"/>
        </con:property>
        <con:property>
          <con:name>res_lockedByBiItemId</con:name>
          <con:value xsi:nil="true"/>
        </con:property>
        <con:property>
          <con:name>req_prodSpecExtId</con:name>
        </con:property>
        <con:property>
          <con:name>res_startSerialNumber</con:name>
        </con:property>
        <con:property>
          <con:name>res_endSerialNumber</con:name>
        </con:property>
        <con:property>
          <con:name>res_quantity</con:name>
        </con:property>
      </con:properties>
      <con:returnProperties>
        <con:entry>res_id</con:entry>
        <con:entry>res_code</con:entry>
        <con:entry>res_lockedByBiId</con:entry>
        <con:entry>res_lockedByBiItemId</con:entry>
      </con:returnProperties>
      <con:runMode>PARALLELL</con:runMode>
    </con:config>
  </con:testStep>
  <con:testStep type="assertionteststep" name="Assertion products are unlocked" id="ca43e3d8-3838-4cf1-ab54-88541ab8b304">
    <con:settings/>
    <con:config xsi:type="con:AssertionTestStep" xmlns:xsi="http://www.w3.org/2001/XMLSchema-instance">
      <con:entry>
        <con:id>fe3fe740-e57b-4a11-9deb-c62976d0a956</con:id>
        <con:isGroup>false</con:isGroup>
        <con:sourceId>dce03db5-3111-45b8-87b7-cd14cdd15af9</con:sourceId>
        <con:propertyName>res_code</con:propertyName>
        <con:assertion type="Simple Contains" name="Contains" id="7a85e5c0-df01-4f45-b3bc-0b1e112a62d2">
          <con:configuration>
            <token>200</token>
            <ignoreCase>false</ignoreCase>
            <useRegEx>true</useRegEx>
          </con:configuration>
        </con:assertion>
      </con:entry>
      <con:entry>
        <con:id>15aff2f0-35f4-4ed2-b900-cbd827bfc25c</con:id>
        <con:isGroup>false</con:isGroup>
        <con:sourceId>dce03db5-3111-45b8-87b7-cd14cdd15af9</con:sourceId>
        <con:propertyName>res_lockedByBiId</con:propertyName>
        <con:assertion type="Simple Contains" name="Contains 2" id="e52e2236-19e3-46b3-995b-a74ed58f63ea">
          <con:configuration>
            <token>^\s*$</token>
            <ignoreCase>false</ignoreCase>
            <useRegEx>true</useRegEx>
          </con:configuration>
        </con:assertion>
      </con:entry>
      <con:entry>
        <con:id>092cb1bc-85aa-4143-90f4-990270165ebd</con:id>
        <con:isGroup>false</con:isGroup>
        <con:sourceId>dce03db5-3111-45b8-87b7-cd14cdd15af9</con:sourceId>
        <con:propertyName>res_lockedByBiItemId</con:propertyName>
        <con:assertion type="Simple Contains" name="Contains 3" id="0ebb9bae-113d-4d10-a2f7-d86f63cfef67">
          <con:configuration>
            <token>^\s*$</token>
            <ignoreCase>false</ignoreCase>
            <useRegEx>true</useRegEx>
          </con:configuration>
        </con:assertion>
      </con:entry>
    </con:config>
  </con:testStep>
  <con:testStep type="transfer" name="Set reserve SIM's request 2" id="b936384b-e7ef-4d72-9ab0-892c59615ea5">
    <con:settings/>
    <con:config xsi:type="con:PropertyTransfersStep" xmlns:xsi="http://www.w3.org/2001/XMLSchema-instance">
      <con:transfers setNullOnMissingSource="true" transferTextContent="true" failOnError="true" ignoreEmpty="false" transferToAll="false" entitize="false" transferChildNodes="false">
        <con:name>startICCID</con:name>
        <con:sourceType>res_startSerial</con:sourceType>
        <con:sourceStep>Create sim products</con:sourceStep>
        <con:sourcePath/>
        <con:targetType>req_startICCD</con:targetType>
        <con:targetStep>Reserve SIMs 2</con:targetStep>
        <con:targetPath/>
        <con:upgraded>true</con:upgraded>
      </con:transfers>
      <con:transfers setNullOnMissingSource="true" transferTextContent="true" failOnError="true" ignoreEmpty="false" transferToAll="false" entitize="false" transferChildNodes="false">
        <con:name>endICCID</con:name>
        <con:sourceType>res_endSerial</con:sourceType>
        <con:sourceStep>Create sim products</con:sourceStep>
        <con:targetType>req_endICCID</con:targetType>
        <con:targetStep>Reserve SIMs 2</con:targetStep>
        <con:upgraded>true</con:upgraded>
      </con:transfers>
      <con:transfers setNullOnMissingSource="true" transferTextContent="true" failOnError="true" ignoreEmpty="false" transferToAll="false" entitize="false" transferChildNodes="false">
        <con:name>simSpecExtId</con:name>
        <con:sourceType>simSpecExtID</con:sourceType>
        <con:sourceStep>Given properties for the test steps</con:sourceStep>
        <con:targetType>req_simSpecificationExternalId</con:targetType>
        <con:targetStep>Reserve SIMs 2</con:targetStep>
        <con:upgraded>true</con:upgraded>
      </con:transfers>
      <con:transfers setNullOnMissingSource="true" transferTextContent="true" failOnError="true" ignoreEmpty="false" transferToAll="false" entitize="false" transferChildNodes="false">
        <con:name>quantity</con:name>
        <con:sourceType>validQuantity</con:sourceType>
        <con:sourceStep>Given properties for the test steps</con:sourceStep>
        <con:targetType>req_requestedQuantity</con:targetType>
        <con:targetStep>Reserve SIMs 2</con:targetStep>
        <con:upgraded>true</con:upgraded>
      </con:transfers>
      <con:transfers setNullOnMissingSource="true" transferTextContent="true" failOnError="true" ignoreEmpty="false" transferToAll="false" entitize="false" transferChildNodes="false">
        <con:name>placeId</con:name>
        <con:sourceType>req_placeId</con:sourceType>
        <con:sourceStep>#TestCase#</con:sourceStep>
        <con:targetType>req_placeId</con:targetType>
        <con:targetStep>Reserve SIMs 2</con:targetStep>
        <con:upgraded>true</con:upgraded>
      </con:transfers>
      <con:transfers setNullOnMissingSource="true" transferTextContent="true" failOnError="true" ignoreEmpty="false" transferToAll="false" entitize="false" transferChildNodes="false">
        <con:name>biId</con:name>
        <con:sourceType>res_id</con:sourceType>
        <con:sourceStep>Create starter pack business interaction without session</con:sourceStep>
        <con:targetType>req_biId</con:targetType>
        <con:targetStep>Reserve SIMs 2</con:targetStep>
        <con:upgraded>true</con:upgraded>
      </con:transfers>
    </con:config>
  </con:testStep>
  <con:testStep type="calltestcase" name="Reserve SIMs 2" id="d9df2a11-03d0-4ee2-bd6a-13a9e2d069b6">
    <con:settings/>
    <con:config xsi:type="con:RunTestCaseStep" xmlns:xsi="http://www.w3.org/2001/XMLSchema-instance">
      <con:targetTestCase>06a90684-e6bc-45c1-a3fd-05f9e6abe346</con:targetTestCase>
      <con:properties>
        <con:property>
          <con:name>req_startICCD</con:name>
          <con:value>10000000000001035441</con:value>
        </con:property>
        <con:property>
          <con:name>req_endICCID</con:name>
          <con:value>10000000000001035451</con:value>
        </con:property>
        <con:property>
          <con:name>req_simSpecificationExternalId</con:name>
          <con:value>EXT-SIM-1</con:value>
        </con:property>
        <con:property>
          <con:name>req_requestedQuantity</con:name>
          <con:value>2</con:value>
        </con:property>
        <con:property>
          <con:name>req_placeId</con:name>
          <con:value>26</con:value>
        </con:property>
        <con:property>
          <con:name>res_iccids</con:name>
          <con:value>["10000000000001035441","10000000000001035451"]</con:value>
        </con:property>
        <con:property>
          <con:name>res_code</con:name>
          <con:value xsi:nil="true"/>
        </con:property>
        <con:property>
          <con:name>res_errorMessage</con:name>
          <con:value xsi:nil="true"/>
        </con:property>
        <con:property>
          <con:name>req_biId</con:name>
          <con:value>1031</con:value>
        </con:property>
      </con:properties>
      <con:returnProperties>
        <con:entry>res_iccids</con:entry>
        <con:entry>res_code</con:entry>
        <con:entry>res_errorMessage</con:entry>
      </con:returnProperties>
      <con:runMode>PARALLELL</con:runMode>
    </con:config>
  </con:testStep>
  <con:testStep type="transfer" name="Set reserve SIM's request 3" id="7c138acc-06f1-4e1b-9f8e-c97462484db0">
    <con:settings/>
    <con:config xsi:type="con:PropertyTransfersStep" xmlns:xsi="http://www.w3.org/2001/XMLSchema-instance">
      <con:transfers setNullOnMissingSource="true" transferTextContent="true" failOnError="true" ignoreEmpty="false" transferToAll="false" entitize="false" transferChildNodes="false">
        <con:name>startICCID</con:name>
        <con:sourceType>res_startSerial</con:sourceType>
        <con:sourceStep>Create sim products</con:sourceStep>
        <con:sourcePath/>
        <con:targetType>req_startICCD</con:targetType>
        <con:targetStep>Reserve SIMs 3</con:targetStep>
        <con:targetPath/>
        <con:upgraded>true</con:upgraded>
      </con:transfers>
      <con:transfers setNullOnMissingSource="true" transferTextContent="true" failOnError="true" ignoreEmpty="false" transferToAll="false" entitize="false" transferChildNodes="false">
        <con:name>endICCID</con:name>
        <con:sourceType>res_endSerial</con:sourceType>
        <con:sourceStep>Create sim products</con:sourceStep>
        <con:targetType>req_endICCID</con:targetType>
        <con:targetStep>Reserve SIMs 3</con:targetStep>
        <con:upgraded>true</con:upgraded>
      </con:transfers>
      <con:transfers setNullOnMissingSource="true" transferTextContent="true" failOnError="true" ignoreEmpty="false" transferToAll="false" entitize="false" transferChildNodes="false">
        <con:name>simSpecExtId</con:name>
        <con:sourceType>simSpecExtID</con:sourceType>
        <con:sourceStep>Given properties for the test steps</con:sourceStep>
        <con:targetType>req_simSpecificationExternalId</con:targetType>
        <con:targetStep>Reserve SIMs 3</con:targetStep>
        <con:upgraded>true</con:upgraded>
      </con:transfers>
      <con:transfers setNullOnMissingSource="true" transferTextContent="true" failOnError="true" ignoreEmpty="false" transferToAll="false" entitize="false" transferChildNodes="false">
        <con:name>quantity</con:name>
        <con:sourceType>validQuantity</con:sourceType>
        <con:sourceStep>Given properties for the test steps</con:sourceStep>
        <con:targetType>req_requestedQuantity</con:targetType>
        <con:targetStep>Reserve SIMs 3</con:targetStep>
        <con:upgraded>true</con:upgraded>
      </con:transfers>
      <con:transfers setNullOnMissingSource="true" transferTextContent="true" failOnError="true" ignoreEmpty="false" transferToAll="false" entitize="false" transferChildNodes="false">
        <con:name>placeId</con:name>
        <con:sourceType>res_placeId</con:sourceType>
        <con:sourceStep>Create sales organization, user, inventory and terminal and place</con:sourceStep>
        <con:targetType>req_placeId</con:targetType>
        <con:targetStep>Reserve SIMs 3</con:targetStep>
        <con:upgraded>true</con:upgraded>
      </con:transfers>
      <con:transfers setNullOnMissingSource="true" transferTextContent="true" failOnError="true" ignoreEmpty="false" transferToAll="false" entitize="false" transferChildNodes="false">
        <con:name>biId</con:name>
        <con:sourceType>res_id</con:sourceType>
        <con:sourceStep>Create starter pack business interaction without session</con:sourceStep>
        <con:targetType>req_biId</con:targetType>
        <con:targetStep>Reserve SIMs 3</con:targetStep>
        <con:upgraded>true</con:upgraded>
      </con:transfers>
    </con:config>
  </con:testStep>
  <con:testStep type="calltestcase" name="Reserve SIMs 3" id="8528dc53-693c-4ed5-9ced-928c7301ab6f">
    <con:settings/>
    <con:config xsi:type="con:RunTestCaseStep" xmlns:xsi="http://www.w3.org/2001/XMLSchema-instance">
      <con:targetTestCase>06a90684-e6bc-45c1-a3fd-05f9e6abe346</con:targetTestCase>
      <con:properties>
        <con:property>
          <con:name>req_startICCD</con:name>
          <con:value>10000000000001035441</con:value>
        </con:property>
        <con:property>
          <con:name>req_endICCID</con:name>
          <con:value>10000000000001035451</con:value>
        </con:property>
        <con:property>
          <con:name>req_simSpecificationExternalId</con:name>
          <con:value>EXT-SIM-1</con:value>
        </con:property>
        <con:property>
          <con:name>req_requestedQuantity</con:name>
          <con:value>2</con:value>
        </con:property>
        <con:property>
          <con:name>req_placeId</con:name>
          <con:value>26</con:value>
        </con:property>
        <con:property>
          <con:name>res_iccids</con:name>
          <con:value xsi:nil="true"/>
        </con:property>
        <con:property>
          <con:name>res_code</con:name>
          <con:value>PRODUCT_COULD_NOT_BE_FOUND</con:value>
        </con:property>
        <con:property>
          <con:name>res_errorMessage</con:name>
          <con:value>PRODUCT_COULD_NOT_BE_FOUND</con:value>
        </con:property>
        <con:property>
          <con:name>req_biId</con:name>
          <con:value>1031</con:value>
        </con:property>
      </con:properties>
      <con:returnProperties>
        <con:entry>res_iccids</con:entry>
        <con:entry>res_code</con:entry>
        <con:entry>res_errorMessage</con:entry>
      </con:returnProperties>
      <con:runMode>PARALLELL</con:runMode>
    </con:config>
  </con:testStep>
  <con:testStep type="assertionteststep" name="Assert sims are not reserved again" id="ff6fd0e0-e95b-4b9b-921d-b5144b290cc2">
    <con:settings/>
    <con:config xsi:type="con:AssertionTestStep" xmlns:xsi="http://www.w3.org/2001/XMLSchema-instance">
      <con:entry>
        <con:id>b84ffffb-23a6-4b92-9edf-e7b82df91514</con:id>
        <con:isGroup>false</con:isGroup>
        <con:sourceId>8528dc53-693c-4ed5-9ced-928c7301ab6f</con:sourceId>
        <con:propertyName>res_code</con:propertyName>
        <con:assertion type="Simple Contains" name="Contains" id="726a9ce2-eb7d-4b44-8096-08ab5cd37a49">
          <con:configuration>
            <token>\w+</token>
            <ignoreCase>false</ignoreCase>
            <useRegEx>true</useRegEx>
          </con:configuration>
        </con:assertion>
      </con:entry>
      <con:entry>
        <con:id>e29e6dbc-3d9a-49e2-ace4-ad4c597fc321</con:id>
        <con:isGroup>false</con:isGroup>
        <con:sourceId>8528dc53-693c-4ed5-9ced-928c7301ab6f</con:sourceId>
        <con:propertyName>res_errorMessage</con:propertyName>
        <con:assertion type="Simple Equals" name="Equals" id="4e82b86f-596e-4b57-8e18-78b2642d9989">
          <con:configuration>
            <patternObjectId>d03751cb-a7d8-4517-aadd-c3ecba7bbb3e</patternObjectId>
            <patternProperty>error_product_could_not_be_found</patternProperty>
            <caseSensitive>true</caseSensitive>
          </con:configuration>
        </con:assertion>
      </con:entry>
    </con:config>
  </con:testStep>
  <con:testStep type="transfer" name="Set submit bi id" id="362ebb13-c4b0-4e10-b2dc-9e58aaf54735">
    <con:settings/>
    <con:config xsi:type="con:PropertyTransfersStep" xmlns:xsi="http://www.w3.org/2001/XMLSchema-instance">
      <con:transfers setNullOnMissingSource="true" transferTextContent="true" failOnError="true" ignoreEmpty="false" transferToAll="false" entitize="false" transferChildNodes="false">
        <con:name>biId</con:name>
        <con:sourceType>res_id</con:sourceType>
        <con:sourceStep>Create starter pack business interaction without session</con:sourceStep>
        <con:sourcePath/>
        <con:targetType>req_biId</con:targetType>
        <con:targetStep>Submit starter pack bi to ongoing state</con:targetStep>
        <con:targetPath/>
        <con:upgraded>true</con:upgraded>
      </con:transfers>
    </con:config>
  </con:testStep>
  <con:testStep type="calltestcase" name="Submit starter pack bi to ongoing state" id="144cb497-936b-4dff-bebf-fb2a503af704">
    <con:settings/>
    <con:config xsi:type="con:RunTestCaseStep" xmlns:xsi="http://www.w3.org/2001/XMLSchema-instance">
      <con:targetTestCase>7139ae50-0804-4cbc-9d4f-d7add6e31e65</con:targetTestCase>
      <con:properties>
        <con:property>
          <con:name>req_biId</con:name>
          <con:value>1031</con:value>
        </con:property>
        <con:property>
          <con:name>res_biId</con:name>
          <con:value>1031</con:value>
        </con:property>
        <con:property>
          <con:name>res_code</con:name>
          <con:value xsi:nil="true"/>
        </con:property>
        <con:property>
          <con:name>res_errorMessage</con:name>
          <con:value xsi:nil="true"/>
        </con:property>
      </con:properties>
      <con:returnProperties>
        <con:entry>res_biId</con:entry>
        <con:entry>res_code</con:entry>
        <con:entry>res_errorMessage</con:entry>
      </con:returnProperties>
      <con:runMode>PARALLELL</con:runMode>
    </con:config>
  </con:testStep>
  <con:testStep type="assertionteststep" name="Assert bi is submitted to ongoing state" id="6b05f91e-1383-4345-ac3f-48312eac069f">
    <con:settings/>
    <con:config xsi:type="con:AssertionTestStep" xmlns:xsi="http://www.w3.org/2001/XMLSchema-instance">
      <con:entry>
        <con:id>c6159b67-11fc-4aa7-a64c-efb0727ca4e5</con:id>
        <con:isGroup>false</con:isGroup>
        <con:sourceId>144cb497-936b-4dff-bebf-fb2a503af704</con:sourceId>
        <con:propertyName>res_biId</con:propertyName>
        <con:assertion type="Simple Contains" name="Contains" id="76acda3e-9703-4fa2-8dce-413ae5783b30">
          <con:configuration>
            <token>\d+</token>
            <ignoreCase>false</ignoreCase>
            <useRegEx>true</useRegEx>
          </con:configuration>
        </con:assertion>
      </con:entry>
    </con:config>
  </con:testStep>
  <con:testStep type="transfer" name="Set display business interaction id" id="4a683f82-049b-4ebe-bb38-0a182a189dfd">
    <con:settings/>
    <con:config xsi:type="con:PropertyTransfersStep" xmlns:xsi="http://www.w3.org/2001/XMLSchema-instance">
      <con:transfers setNullOnMissingSource="true" transferTextContent="true" failOnError="true" ignoreEmpty="false" transferToAll="false" entitize="false" transferChildNodes="false">
        <con:name>biId</con:name>
        <con:sourceType>res_id</con:sourceType>
        <con:sourceStep>Create starter pack business interaction without session</con:sourceStep>
        <con:sourcePath/>
        <con:targetType>req_biId</con:targetType>
        <con:targetStep>Display starter pack business interaction in ongoing state</con:targetStep>
        <con:targetPath/>
        <con:upgraded>true</con:upgraded>
      </con:transfers>
    </con:config>
  </con:testStep>
  <con:testStep type="calltestcase" name="Display starter pack business interaction in ongoing state" id="7c6ad352-1334-4c6f-a124-3629464ae4ae">
    <con:settings/>
    <con:config xsi:type="con:RunTestCaseStep" xmlns:xsi="http://www.w3.org/2001/XMLSchema-instance">
      <con:targetTestCase>8005a530-0459-477c-8eca-dd8284815cd4</con:targetTestCase>
      <con:properties>
        <con:property>
          <con:name>req_biId</con:name>
          <con:value>1031</con:value>
        </con:property>
        <con:property>
          <con:name>res_biId</con:name>
          <con:value>1031</con:value>
        </con:property>
        <con:property>
          <con:name>res_mainState</con:name>
          <con:value>Ongoing</con:value>
        </con:property>
        <con:property>
          <con:name>res_subState</con:name>
          <con:value>Ongoing</con:value>
        </con:property>
      </con:properties>
      <con:returnProperties>
        <con:entry>res_biId</con:entry>
        <con:entry>res_mainState</con:entry>
        <con:entry>res_subState</con:entry>
      </con:returnProperties>
      <con:runMode>PARALLELL</con:runMode>
    </con:config>
  </con:testStep>
  <con:testStep type="assertionteststep" name="Assert starter pack is in Ongoing State" id="910cab0d-b4a4-4d69-a767-b8c2b1603888">
    <con:settings/>
    <con:config xsi:type="con:AssertionTestStep" xmlns:xsi="http://www.w3.org/2001/XMLSchema-instance">
      <con:entry>
        <con:id>dc58f510-e79a-4ded-8e5f-82a81ab5e80b</con:id>
        <con:isGroup>false</con:isGroup>
        <con:sourceId>7c6ad352-1334-4c6f-a124-3629464ae4ae</con:sourceId>
        <con:propertyName>res_biId</con:propertyName>
        <con:assertion type="Simple Contains" name="Contains" id="54f964cb-3688-499a-a36e-ca1a8fb2411d">
          <con:configuration>
            <token>\d+</token>
            <ignoreCase>false</ignoreCase>
            <useRegEx>true</useRegEx>
          </con:configuration>
        </con:assertion>
      </con:entry>
      <con:entry>
        <con:id>acff05fa-bc2d-432f-b873-05fb4b8f4647</con:id>
        <con:isGroup>false</con:isGroup>
        <con:sourceId>7c6ad352-1334-4c6f-a124-3629464ae4ae</con:sourceId>
        <con:propertyName>res_mainState</con:propertyName>
        <con:assertion type="Simple Contains" name="Contains 2" id="51ecf9f7-fab6-4968-8fff-dae865e87bff">
          <con:configuration>
            <token>Ongoing</token>
            <ignoreCase>false</ignoreCase>
            <useRegEx>false</useRegEx>
          </con:configuration>
        </con:assertion>
      </con:entry>
      <con:entry>
        <con:id>a0555de7-9564-4411-9896-e91266b6e8a8</con:id>
        <con:isGroup>false</con:isGroup>
        <con:sourceId>7c6ad352-1334-4c6f-a124-3629464ae4ae</con:sourceId>
        <con:propertyName>res_subState</con:propertyName>
        <con:assertion type="Simple Contains" name="Contains 3" id="0c6aa579-9ed4-4acd-8574-80ad9a8fab90">
          <con:configuration>
            <token>Ongoing</token>
            <ignoreCase>false</ignoreCase>
            <useRegEx>false</useRegEx>
          </con:configuration>
        </con:assertion>
      </con:entry>
    </con:config>
  </con:testStep>
  <con:testStep type="transfer" name="Set product spec external id for stock level control 4" id="12997ce3-9926-4c56-be34-bc6dca41ecf1">
    <con:settings/>
    <con:config xsi:type="con:PropertyTransfersStep" xmlns:xsi="http://www.w3.org/2001/XMLSchema-instance">
      <con:transfers setNullOnMissingSource="true" transferTextContent="true" failOnError="true" ignoreEmpty="false" transferToAll="false" entitize="false" transferChildNodes="false">
        <con:name>placeId</con:name>
        <con:sourceType>req_placeId</con:sourceType>
        <con:sourceStep>#TestCase#</con:sourceStep>
        <con:sourcePath/>
        <con:targetType>req_placeId</con:targetType>
        <con:targetStep>Display stock level by spec ext id 2</con:targetStep>
        <con:targetPath/>
        <con:upgraded>true</con:upgraded>
      </con:transfers>
      <con:transfers setNullOnMissingSource="true" transferTextContent="true" failOnError="true" ignoreEmpty="false" transferToAll="false" entitize="false" transferChildNodes="false">
        <con:name>productSpecExtId</con:name>
        <con:sourceType>simSpecExtID</con:sourceType>
        <con:sourceStep>Given properties for the test steps</con:sourceStep>
        <con:targetType>res_productSpecificationExternalId</con:targetType>
        <con:targetStep>Display stock level by spec ext id 2</con:targetStep>
        <con:upgraded>true</con:upgraded>
      </con:transfers>
      <con:transfers setNullOnMissingSource="true" transferTextContent="true" failOnError="true" ignoreEmpty="false" transferToAll="false" entitize="false" transferChildNodes="false">
        <con:name>productStatus</con:name>
        <con:sourceType>nonSellableProductStatus</con:sourceType>
        <con:sourceStep>Given properties for the test steps</con:sourceStep>
        <con:targetType>req_productStatus</con:targetType>
        <con:targetStep>Display stock level by spec ext id 2</con:targetStep>
        <con:upgraded>true</con:upgraded>
      </con:transfers>
    </con:config>
  </con:testStep>
  <con:testStep type="calltestcase" name="Display stock level by spec ext id 2" id="a025fa6e-c38f-47b3-8e0a-fa5c8c26448f">
    <con:settings/>
    <con:config xsi:type="con:RunTestCaseStep" xmlns:xsi="http://www.w3.org/2001/XMLSchema-instance">
      <con:targetTestCase>ae70f14b-9b62-4330-9f1f-32535bcddc8b</con:targetTestCase>
      <con:properties>
        <con:property>
          <con:name>req_placeId</con:name>
          <con:value>26</con:value>
        </con:property>
        <con:property>
          <con:name>req_productSpecCode</con:name>
        </con:property>
        <con:property>
          <con:name>req_productSpecArticle</con:name>
        </con:property>
        <con:property>
          <con:name>req_productStatus</con:name>
          <con:value>4</con:value>
        </con:property>
        <con:property>
          <con:name>req_includeLocked</con:name>
        </con:property>
        <con:property>
          <con:name>req_productSpecificationExternalId</con:name>
        </con:property>
        <con:property>
          <con:name>res_placeId</con:name>
          <con:value>26</con:value>
        </con:property>
        <con:property>
          <con:name>res_productSpecificationId</con:name>
          <con:value>7</con:value>
        </con:property>
        <con:property>
          <con:name>res_productSpecificationExternalId</con:name>
          <con:value>EXT-SIM-1</con:value>
        </con:property>
        <con:property>
          <con:name>res_quantity</con:name>
          <con:value>0</con:value>
        </con:property>
        <con:property>
          <con:name>res_salesOrganizationId</con:name>
          <con:value>47</con:value>
        </con:property>
        <con:property>
          <con:name>res_totalQuantity</con:name>
          <con:value>2</con:value>
        </con:property>
        <con:property>
          <con:name>res_reservedQuantity</con:name>
          <con:value>2</con:value>
        </con:property>
        <con:property>
          <con:name>req_productId</con:name>
        </con:property>
        <con:property>
          <con:name>res_code</con:name>
        </con:property>
        <con:property>
          <con:name>req_productSerialNumber</con:name>
        </con:property>
        <con:property>
          <con:name>req_productSerialText</con:name>
        </con:property>
        <con:property>
          <con:name>req_productSpecificationId</con:name>
        </con:property>
        <con:property>
          <con:name>req_parentSerialNumberText</con:name>
        </con:property>
        <con:property>
          <con:name>req_batchId</con:name>
        </con:property>
        <con:property>
          <con:name>req_country</con:name>
        </con:property>
        <con:property>
          <con:name>req_state</con:name>
        </con:property>
        <con:property>
          <con:name>req_city</con:name>
        </con:property>
        <con:property>
          <con:name>req_regionId</con:name>
        </con:property>
        <con:property>
          <con:name>res_fullResponse</con:name>
        </con:property>
        <con:property>
          <con:name>res_errorMessage</con:name>
        </con:property>
      </con:properties>
      <con:returnProperties>
        <con:entry>res_placeId</con:entry>
        <con:entry>res_productSpecificationId</con:entry>
        <con:entry>res_productSpecificationExternalId</con:entry>
        <con:entry>res_quantity</con:entry>
        <con:entry>res_salesOrganizationId</con:entry>
        <con:entry>res_totalQuantity</con:entry>
        <con:entry>res_reservedQuantity</con:entry>
      </con:returnProperties>
      <con:runMode>PARALLELL</con:runMode>
    </con:config>
  </con:testStep>
  <con:testStep type="assertionteststep" name="Assert stock level where all products are reserved 2" id="18e10d02-7f29-4c0e-8acb-5682ae61ba79">
    <con:settings/>
    <con:config xsi:type="con:AssertionTestStep" xmlns:xsi="http://www.w3.org/2001/XMLSchema-instance">
      <con:entry>
        <con:id>2b36b10c-7e54-44a0-82a3-34c65c72d415</con:id>
        <con:isGroup>false</con:isGroup>
        <con:sourceId>a025fa6e-c38f-47b3-8e0a-fa5c8c26448f</con:sourceId>
        <con:propertyName>res_totalQuantity</con:propertyName>
        <con:assertion type="Simple Equals" name="Equals" id="604db132-3b10-4c37-a280-d93c4fc77f82">
          <con:configuration>
            <patternText>2</patternText>
            <caseSensitive>true</caseSensitive>
          </con:configuration>
        </con:assertion>
      </con:entry>
      <con:entry>
        <con:id>e54ed92e-88d2-4093-80b8-21ff62472cfb</con:id>
        <con:isGroup>false</con:isGroup>
        <con:sourceId>a025fa6e-c38f-47b3-8e0a-fa5c8c26448f</con:sourceId>
        <con:propertyName>res_reservedQuantity</con:propertyName>
        <con:assertion type="Simple Equals" name="Equals 2" id="4cf25122-8c46-4136-84f9-c3281b0917bb">
          <con:configuration>
            <patternText>2</patternText>
            <caseSensitive>true</caseSensitive>
          </con:configuration>
        </con:assertion>
      </con:entry>
    </con:config>
  </con:testStep>
  <con:testStep type="transfer" name="Set productId to display lockedBy3" id="ab8399b2-9f40-4b0f-a03b-a5eb9e88d150">
    <con:settings/>
    <con:config xsi:type="con:PropertyTransfersStep" xmlns:xsi="http://www.w3.org/2001/XMLSchema-instance">
      <con:transfers setNullOnMissingSource="true" transferTextContent="true" failOnError="true" ignoreEmpty="false" transferToAll="false" entitize="false" transferChildNodes="false">
        <con:name>productId</con:name>
        <con:sourceType>req_productId</con:sourceType>
        <con:sourceStep>Display lockedBy</con:sourceStep>
        <con:sourcePath/>
        <con:targetType>req_productId</con:targetType>
        <con:targetStep>Display lockedBy3</con:targetStep>
        <con:targetPath/>
        <con:upgraded>true</con:upgraded>
      </con:transfers>
    </con:config>
  </con:testStep>
  <con:testStep type="calltestcase" name="Display lockedBy3" id="48100c6e-24c2-4669-bc64-93038449d665">
    <con:settings/>
    <con:config xsi:type="con:RunTestCaseStep" xmlns:xsi="http://www.w3.org/2001/XMLSchema-instance">
      <con:targetTestCase>102e2d7b-c4cf-4f53-b777-f08cad671a15</con:targetTestCase>
      <con:properties>
        <con:property>
          <con:name>req_productId</con:name>
          <con:value>12</con:value>
        </con:property>
        <con:property>
          <con:name>res_id</con:name>
          <con:value>12</con:value>
        </con:property>
        <con:property>
          <con:name>res_code</con:name>
          <con:value>200</con:value>
        </con:property>
        <con:property>
          <con:name>res_lockedByBiId</con:name>
          <con:value>1031</con:value>
        </con:property>
        <con:property>
          <con:name>res_lockedByBiItemId</con:name>
          <con:value>318</con:value>
        </con:property>
        <con:property>
          <con:name>req_prodSpecExtId</con:name>
        </con:property>
        <con:property>
          <con:name>res_startSerialNumber</con:name>
        </con:property>
        <con:property>
          <con:name>res_endSerialNumber</con:name>
        </con:property>
        <con:property>
          <con:name>res_quantity</con:name>
        </con:property>
      </con:properties>
      <con:returnProperties>
        <con:entry>res_id</con:entry>
        <con:entry>res_code</con:entry>
        <con:entry>res_lockedByBiId</con:entry>
        <con:entry>res_lockedByBiItemId</con:entry>
      </con:returnProperties>
      <con:runMode>PARALLELL</con:runMode>
    </con:config>
  </con:testStep>
  <con:testStep type="assertionteststep" name="Assertion sim products are locked 2" id="c65fe6a8-112c-4d6d-b2e2-91bc4457c32b">
    <con:settings/>
    <con:config xsi:type="con:AssertionTestStep" xmlns:xsi="http://www.w3.org/2001/XMLSchema-instance">
      <con:entry>
        <con:id>21c6efba-ba2f-4503-849c-c27b53247337</con:id>
        <con:isGroup>false</con:isGroup>
        <con:sourceId>48100c6e-24c2-4669-bc64-93038449d665</con:sourceId>
        <con:propertyName>res_code</con:propertyName>
        <con:assertion type="Simple Contains" name="Contains" id="5509148c-01d9-4871-9320-d85236575def">
          <con:configuration>
            <token>200</token>
            <ignoreCase>false</ignoreCase>
            <useRegEx>true</useRegEx>
          </con:configuration>
        </con:assertion>
      </con:entry>
      <con:entry>
        <con:id>988861bd-a64e-4b5d-a6f9-a7ed5724a2e9</con:id>
        <con:isGroup>false</con:isGroup>
        <con:sourceId>48100c6e-24c2-4669-bc64-93038449d665</con:sourceId>
        <con:propertyName>res_lockedByBiId</con:propertyName>
        <con:assertion type="Simple Contains" name="Contains 2" id="84338525-dc7b-4015-bdc0-66eb48dc88cd">
          <con:configuration>
            <token>\d+</token>
            <ignoreCase>false</ignoreCase>
            <useRegEx>true</useRegEx>
          </con:configuration>
        </con:assertion>
      </con:entry>
      <con:entry>
        <con:id>985251f2-dd5e-44be-bebf-b2516c2634fc</con:id>
        <con:isGroup>false</con:isGroup>
        <con:sourceId>48100c6e-24c2-4669-bc64-93038449d665</con:sourceId>
        <con:propertyName>res_lockedByBiItemId</con:propertyName>
        <con:assertion type="Simple Contains" name="Contains 3" id="0a7f9b98-bc43-4c4c-93c1-0a0c5de5848b">
          <con:configuration>
            <token>\d+</token>
            <ignoreCase>false</ignoreCase>
            <useRegEx>true</useRegEx>
          </con:configuration>
        </con:assertion>
      </con:entry>
    </con:config>
  </con:testStep>
  <con:testStep type="datasource" name="DataSource for incorrect add item to bi which has ongoing state" id="39d55bba-e837-4fcf-986d-e672cc5113b0">
    <con:settings/>
    <con:config xsi:type="con:DataSourceStep" xmlns:xsi="http://www.w3.org/2001/XMLSchema-instance">
      <con:dataSource type="Grid">
        <con:configuration>
          <check><![CDATA[<xml-fragment><con:entry xmlns:con="http://eviware.com/soapui/config">true</con:entry><con:entry xmlns:con="http://eviware.com/soapui/config">true</con:entry><con:entry xmlns:con="http://eviware.com/soapui/config">true</con:entry><con:entry xmlns:con="http://eviware.com/soapui/config">true</con:entry><con:entry xmlns:con="http://eviware.com/soapui/config">true</con:entry><con:entry xmlns:con="http://eviware.com/soapui/config">true</con:entry><con:entry xmlns:con="http://eviware.com/soapui/config">true</con:entry><con:entry xmlns:con="http://eviware.com/soapui/config">true</con:entry><con:entry xmlns:con="http://eviware.com/soapui/config">true</con:entry><con:entry xmlns:con="http://eviware.com/soapui/config">true</con:entry></xml-fragment>]]></check>
          <row><![CDATA[<xml-fragment><con:entry xmlns:con="http://eviware.com/soapui/config">${Create sim products#res_startSerial}</con:entry><con:entry xmlns:con="http://eviware.com/soapui/config">${Create sim products#res_startSerial}</con:entry><con:entry xmlns:con="http://eviware.com/soapui/config">${Given properties for the test steps#simSpecExtID}</con:entry><con:entry xmlns:con="http://eviware.com/soapui/config">0</con:entry><con:entry xmlns:con="http://eviware.com/soapui/config">${#TestCase#req_placeId}</con:entry><con:entry xmlns:con="http://eviware.com/soapui/config">ICCID_STARTER_PACK_INFO_MUST_BE_PROVIDED</con:entry></xml-fragment>]]></row>
          <row><![CDATA[<xml-fragment><con:entry xmlns:con="http://eviware.com/soapui/config">${Create sim products#res_startSerial}</con:entry><con:entry xmlns:con="http://eviware.com/soapui/config">${Create sim products#res_startSerial}</con:entry><con:entry xmlns:con="http://eviware.com/soapui/config">${Given properties for the test steps#simSpecExtID}</con:entry><con:entry xmlns:con="http://eviware.com/soapui/config">-1</con:entry><con:entry xmlns:con="http://eviware.com/soapui/config">${#TestCase#req_placeId}</con:entry><con:entry xmlns:con="http://eviware.com/soapui/config">ICCID_STARTER_PACK_INFO_MUST_BE_PROVIDED</con:entry></xml-fragment>]]></row>
          <row><![CDATA[<xml-fragment><con:entry xmlns:con="http://eviware.com/soapui/config">${Create sim products#res_startSerial}</con:entry><con:entry xmlns:con="http://eviware.com/soapui/config">${Create sim products#res_endSerial}</con:entry><con:entry xmlns:con="http://eviware.com/soapui/config">${Given properties for the test steps#simSpecExtID}</con:entry><con:entry xmlns:con="http://eviware.com/soapui/config">3</con:entry><con:entry xmlns:con="http://eviware.com/soapui/config">${#TestCase#req_placeId}</con:entry><con:entry xmlns:con="http://eviware.com/soapui/config">ICCID_STARTER_PACK_INFO_MUST_BE_PROVIDED</con:entry></xml-fragment>]]></row>
          <row><![CDATA[<xml-fragment><con:entry xmlns:con="http://eviware.com/soapui/config">${Create sim products#res_startSerial}</con:entry><con:entry xmlns:con="http://eviware.com/soapui/config">${Create sim products#res_endSerial}</con:entry><con:entry xmlns:con="http://eviware.com/soapui/config">${Given properties for the test steps#simSpecExtID}</con:entry><con:entry xmlns:con="http://eviware.com/soapui/config"/><con:entry xmlns:con="http://eviware.com/soapui/config">${#TestCase#req_placeId}</con:entry><con:entry xmlns:con="http://eviware.com/soapui/config">DESERIALIZATION_ERRROR</con:entry></xml-fragment>]]></row>
          <row><![CDATA[<xml-fragment><con:entry xmlns:con="http://eviware.com/soapui/config">qqqq</con:entry><con:entry xmlns:con="http://eviware.com/soapui/config">${Create sim products#res_endSerial}</con:entry><con:entry xmlns:con="http://eviware.com/soapui/config">${Given properties for the test steps#simSpecExtID}</con:entry><con:entry xmlns:con="http://eviware.com/soapui/config">2</con:entry><con:entry xmlns:con="http://eviware.com/soapui/config">${#TestCase#req_placeId}</con:entry><con:entry xmlns:con="http://eviware.com/soapui/config">START_ICCID_MUST_BE_A_NUMBER</con:entry><con:entry xmlns:con="http://eviware.com/soapui/config"/></xml-fragment>]]></row>
          <row><![CDATA[<xml-fragment><con:entry xmlns:con="http://eviware.com/soapui/config">${Create sim products#res_startSerial}</con:entry><con:entry xmlns:con="http://eviware.com/soapui/config">qqqqq</con:entry><con:entry xmlns:con="http://eviware.com/soapui/config">${Given properties for the test steps#simSpecExtID}</con:entry><con:entry xmlns:con="http://eviware.com/soapui/config">2</con:entry><con:entry xmlns:con="http://eviware.com/soapui/config">${#TestCase#req_placeId}</con:entry><con:entry xmlns:con="http://eviware.com/soapui/config">END_ICCID_MUST_BE_A_NUMBER</con:entry><con:entry xmlns:con="http://eviware.com/soapui/config"/></xml-fragment>]]></row>
          <row><![CDATA[<xml-fragment><con:entry xmlns:con="http://eviware.com/soapui/config">${Create sim products#res_startSerial}</con:entry><con:entry xmlns:con="http://eviware.com/soapui/config">${Create sim products#res_endSerial}</con:entry><con:entry xmlns:con="http://eviware.com/soapui/config">${Given properties for the test steps#simSpecExtID}</con:entry><con:entry xmlns:con="http://eviware.com/soapui/config">2</con:entry><con:entry xmlns:con="http://eviware.com/soapui/config">123</con:entry><con:entry xmlns:con="http://eviware.com/soapui/config">PLACE_NOT_IN_THE_SALES_ORG</con:entry><con:entry xmlns:con="http://eviware.com/soapui/config"/></xml-fragment>]]></row>
          <row><![CDATA[<xml-fragment><con:entry xmlns:con="http://eviware.com/soapui/config">${Create sim products#res_startSerial}</con:entry><con:entry xmlns:con="http://eviware.com/soapui/config">${Create sim products#res_endSerial}</con:entry><con:entry xmlns:con="http://eviware.com/soapui/config">${Given properties for the test steps#simSpecExtID}</con:entry><con:entry xmlns:con="http://eviware.com/soapui/config">-1</con:entry><con:entry xmlns:con="http://eviware.com/soapui/config">${#TestCase#req_placeId}</con:entry><con:entry xmlns:con="http://eviware.com/soapui/config">ICCID_STARTER_PACK_INFO_MUST_BE_PROVIDED</con:entry><con:entry xmlns:con="http://eviware.com/soapui/config"/></xml-fragment>]]></row>
          <row><![CDATA[<xml-fragment><con:entry xmlns:con="http://eviware.com/soapui/config"/><con:entry xmlns:con="http://eviware.com/soapui/config">${Create sim products#res_endSerial}</con:entry><con:entry xmlns:con="http://eviware.com/soapui/config">${Given properties for the test steps#simSpecExtID}</con:entry><con:entry xmlns:con="http://eviware.com/soapui/config">2</con:entry><con:entry xmlns:con="http://eviware.com/soapui/config">${#TestCase#req_placeId}</con:entry><con:entry xmlns:con="http://eviware.com/soapui/config">START_ICCID_MUST_BE_A_NUMBER</con:entry><con:entry xmlns:con="http://eviware.com/soapui/config"/></xml-fragment>]]></row>
          <row><![CDATA[<xml-fragment><con:entry xmlns:con="http://eviware.com/soapui/config">${Create sim products#res_startSerial}</con:entry><con:entry xmlns:con="http://eviware.com/soapui/config"/><con:entry xmlns:con="http://eviware.com/soapui/config">${Given properties for the test steps#simSpecExtID}</con:entry><con:entry xmlns:con="http://eviware.com/soapui/config">2</con:entry><con:entry xmlns:con="http://eviware.com/soapui/config">${#TestCase#req_placeId}</con:entry><con:entry xmlns:con="http://eviware.com/soapui/config">END_ICCID_MUST_BE_A_NUMBER</con:entry><con:entry xmlns:con="http://eviware.com/soapui/config"/></xml-fragment>]]></row>
        </con:configuration>
      </con:dataSource>
      <con:property>startICCD</con:property>
      <con:property>endICCD</con:property>
      <con:property>simSpecificationExternalId</con:property>
      <con:property>requestedQuantity</con:property>
      <con:property>placeId</con:property>
      <con:property>errorCode</con:property>
      <con:completeLastOperation>true</con:completeLastOperation>
      <con:restartOnRun>true</con:restartOnRun>
    </con:config>
  </con:testStep>
  <con:testStep type="transfer" name="Set reserve sim parameters from data source" id="d8e6079c-55b1-4e2e-8938-5cb4b634293f">
    <con:settings/>
    <con:config xsi:type="con:PropertyTransfersStep" xmlns:xsi="http://www.w3.org/2001/XMLSchema-instance">
      <con:transfers setNullOnMissingSource="true" transferTextContent="true" failOnError="false" ignoreEmpty="false" transferToAll="false" entitize="false" transferChildNodes="false">
        <con:name>startICCD</con:name>
        <con:sourceType>startICCD</con:sourceType>
        <con:sourceStep>DataSource for incorrect add item to bi which has ongoing state</con:sourceStep>
        <con:sourcePath/>
        <con:targetType>req_startICCD</con:targetType>
        <con:targetStep>Reserve SIM's with incorrect values to bi which has ongoing state</con:targetStep>
        <con:targetPath/>
        <con:upgraded>true</con:upgraded>
      </con:transfers>
      <con:transfers setNullOnMissingSource="true" transferTextContent="true" failOnError="false" ignoreEmpty="false" transferToAll="false" entitize="false" transferChildNodes="false">
        <con:name>endICCD</con:name>
        <con:sourceType>endICCD</con:sourceType>
        <con:sourceStep>DataSource for incorrect add item to bi which has ongoing state</con:sourceStep>
        <con:targetType>req_endICCID</con:targetType>
        <con:targetStep>Reserve SIM's with incorrect values to bi which has ongoing state</con:targetStep>
        <con:upgraded>true</con:upgraded>
      </con:transfers>
      <con:transfers setNullOnMissingSource="true" transferTextContent="true" failOnError="false" ignoreEmpty="false" transferToAll="false" entitize="false" transferChildNodes="false">
        <con:name>simSpecificationExternalId</con:name>
        <con:sourceType>simSpecificationExternalId</con:sourceType>
        <con:sourceStep>DataSource for incorrect add item to bi which has ongoing state</con:sourceStep>
        <con:targetType>req_simSpecificationExternalId</con:targetType>
        <con:targetStep>Reserve SIM's with incorrect values to bi which has ongoing state</con:targetStep>
        <con:upgraded>true</con:upgraded>
      </con:transfers>
      <con:transfers setNullOnMissingSource="true" transferTextContent="true" failOnError="false" ignoreEmpty="false" transferToAll="false" entitize="false" transferChildNodes="false">
        <con:name>requestedQuantity</con:name>
        <con:sourceType>requestedQuantity</con:sourceType>
        <con:sourceStep>DataSource for incorrect add item to bi which has ongoing state</con:sourceStep>
        <con:targetType>req_requestedQuantity</con:targetType>
        <con:targetStep>Reserve SIM's with incorrect values to bi which has ongoing state</con:targetStep>
        <con:upgraded>true</con:upgraded>
      </con:transfers>
      <con:transfers setNullOnMissingSource="true" transferTextContent="true" failOnError="false" ignoreEmpty="false" transferToAll="false" entitize="false" transferChildNodes="false">
        <con:name>placeId</con:name>
        <con:sourceType>placeId</con:sourceType>
        <con:sourceStep>DataSource for incorrect add item to bi which has ongoing state</con:sourceStep>
        <con:targetType>req_placeId</con:targetType>
        <con:targetStep>Reserve SIM's with incorrect values to bi which has ongoing state</con:targetStep>
        <con:upgraded>true</con:upgraded>
      </con:transfers>
      <con:transfers setNullOnMissingSource="true" transferTextContent="true" failOnError="false" ignoreEmpty="false" transferToAll="false" entitize="false" transferChildNodes="false">
        <con:name>biId</con:name>
        <con:sourceType>res_id</con:sourceType>
        <con:sourceStep>Create starter pack business interaction without session</con:sourceStep>
        <con:targetType>req_biId</con:targetType>
        <con:targetStep>Reserve SIM's with incorrect values to bi which has ongoing state</con:targetStep>
        <con:upgraded>true</con:upgraded>
      </con:transfers>
    </con:config>
  </con:testStep>
  <con:testStep type="calltestcase" name="Reserve SIM's with incorrect values to bi which has ongoing state" id="34c4766f-2b89-44e3-ac6c-a8d3a3974e35">
    <con:settings/>
    <con:config xsi:type="con:RunTestCaseStep" xmlns:xsi="http://www.w3.org/2001/XMLSchema-instance">
      <con:targetTestCase>06a90684-e6bc-45c1-a3fd-05f9e6abe346</con:targetTestCase>
      <con:properties>
        <con:property>
          <con:name>req_startICCD</con:name>
          <con:value>${Create sim products#res_startSerial}</con:value>
        </con:property>
        <con:property>
          <con:name>req_endICCID</con:name>
          <con:value/>
        </con:property>
        <con:property>
          <con:name>req_simSpecificationExternalId</con:name>
          <con:value>${Given properties for the test steps#simSpecExtID}</con:value>
        </con:property>
        <con:property>
          <con:name>req_requestedQuantity</con:name>
          <con:value>2</con:value>
        </con:property>
        <con:property>
          <con:name>req_placeId</con:name>
          <con:value>${#TestCase#req_placeId}</con:value>
        </con:property>
        <con:property>
          <con:name>res_iccids</con:name>
          <con:value xsi:nil="true"/>
        </con:property>
        <con:property>
          <con:name>res_code</con:name>
          <con:value>END_ICCID_MUST_BE_A_NUMBER</con:value>
        </con:property>
        <con:property>
          <con:name>res_errorMessage</con:name>
          <con:value>END_ICCID_MUST_BE_A_NUMBER</con:value>
        </con:property>
        <con:property>
          <con:name>req_biId</con:name>
          <con:value>1031</con:value>
        </con:property>
      </con:properties>
      <con:returnProperties>
        <con:entry>res_iccids</con:entry>
        <con:entry>res_code</con:entry>
        <con:entry>res_errorMessage</con:entry>
      </con:returnProperties>
      <con:runMode>PARALLELL</con:runMode>
    </con:config>
  </con:testStep>
  <con:testStep type="assertionteststep" name="Assert bi items are not added to bi which has ongoing state" id="67bbf70e-55d6-4809-8322-f1cfd67f499f">
    <con:settings/>
    <con:config xsi:type="con:AssertionTestStep" xmlns:xsi="http://www.w3.org/2001/XMLSchema-instance">
      <con:entry>
        <con:id>101f6c58-3c24-4ce9-9143-f3e4b7bb3d8f</con:id>
        <con:isGroup>false</con:isGroup>
        <con:sourceId>34c4766f-2b89-44e3-ac6c-a8d3a3974e35</con:sourceId>
        <con:propertyName>res_errorMessage</con:propertyName>
        <con:assertion type="Simple Contains" name="Contains" id="17d3b430-c162-4706-9adc-64de48d8d42f">
          <con:configuration>
            <token>\w+</token>
            <ignoreCase>false</ignoreCase>
            <useRegEx>true</useRegEx>
          </con:configuration>
        </con:assertion>
      </con:entry>
      <con:entry>
        <con:id>adca1178-b34b-4e14-bd5c-475d3e9fff7c</con:id>
        <con:isGroup>false</con:isGroup>
        <con:sourceId>34c4766f-2b89-44e3-ac6c-a8d3a3974e35</con:sourceId>
        <con:propertyName>res_errorMessage</con:propertyName>
        <con:assertion type="Simple Equals" name="Equals" id="f1cc6ecc-36f3-4aa3-ab64-920b72a3935c">
          <con:configuration>
            <patternObjectId>39d55bba-e837-4fcf-986d-e672cc5113b0</patternObjectId>
            <patternProperty>errorCode</patternProperty>
            <caseSensitive>true</caseSensitive>
          </con:configuration>
        </con:assertion>
      </con:entry>
    </con:config>
  </con:testStep>
  <con:testStep type="datasourceloop" name="DataSource Loop for incorrect add item to bi which has ongoing state" id="a5118f15-0d93-4619-9549-ddeb4dd00e3b">
    <con:settings/>
    <con:config>
      <dataSourceStep>DataSource for incorrect add item to bi which has ongoing state</dataSourceStep>
      <targetStep>Set reserve sim parameters from data source</targetStep>
    </con:config>
  </con:testStep>
  <con:testStep type="transfer" name="Set assign starter pack properties with incorrect iccids" id="214fa339-e5be-4ca8-992a-042d39ba358a">
    <con:settings/>
    <con:config xsi:type="con:PropertyTransfersStep" xmlns:xsi="http://www.w3.org/2001/XMLSchema-instance">
      <con:transfers setNullOnMissingSource="true" transferTextContent="true" failOnError="true" ignoreEmpty="false" transferToAll="false" entitize="false" transferChildNodes="false">
        <con:name>biId</con:name>
        <con:sourceType>res_id</con:sourceType>
        <con:sourceStep>Create starter pack business interaction without session</con:sourceStep>
        <con:sourcePath/>
        <con:targetType>req_biId</con:targetType>
        <con:targetStep>Assign starter pack bi with incorrect iccids</con:targetStep>
        <con:targetPath/>
        <con:upgraded>true</con:upgraded>
      </con:transfers>
      <con:transfers setNullOnMissingSource="true" transferTextContent="true" failOnError="true" ignoreEmpty="false" transferToAll="false" entitize="false" transferChildNodes="false">
        <con:name>starterPackExtId</con:name>
        <con:sourceType>starterPackSpecExtId</con:sourceType>
        <con:sourceStep>Given properties for the test steps</con:sourceStep>
        <con:targetType>req_starterPackSpecificationExternalId</con:targetType>
        <con:targetStep>Assign starter pack bi with incorrect iccids</con:targetStep>
        <con:upgraded>true</con:upgraded>
      </con:transfers>
      <con:transfers setNullOnMissingSource="true" transferTextContent="true" failOnError="true" ignoreEmpty="false" transferToAll="false" entitize="false" transferChildNodes="false">
        <con:name>placeId</con:name>
        <con:sourceType>req_placeId</con:sourceType>
        <con:sourceStep>#TestCase#</con:sourceStep>
        <con:targetType>req_toPlaceId</con:targetType>
        <con:targetStep>Assign starter pack bi with incorrect iccids</con:targetStep>
        <con:upgraded>true</con:upgraded>
      </con:transfers>
      <con:transfers setNullOnMissingSource="true" transferTextContent="true" failOnError="true" ignoreEmpty="false" transferToAll="false" entitize="false" transferChildNodes="false">
        <con:name>starterPackSerialText1</con:name>
        <con:sourceType>res_serialText1</con:sourceType>
        <con:sourceStep>Create sim products</con:sourceStep>
        <con:targetType>req_starterPackSerialText1</con:targetType>
        <con:targetStep>Assign starter pack bi with incorrect iccids</con:targetStep>
        <con:upgraded>true</con:upgraded>
      </con:transfers>
      <con:transfers setNullOnMissingSource="true" transferTextContent="true" failOnError="true" ignoreEmpty="false" transferToAll="false" entitize="false" transferChildNodes="false">
        <con:name>starterPackSerailText2</con:name>
        <con:sourceType>res_serialText2</con:sourceType>
        <con:sourceStep>Create sim products</con:sourceStep>
        <con:targetType>req_starterPackSerialText2</con:targetType>
        <con:targetStep>Assign starter pack bi with incorrect iccids</con:targetStep>
        <con:upgraded>true</con:upgraded>
      </con:transfers>
      <con:transfers setNullOnMissingSource="true" transferTextContent="true" failOnError="true" ignoreEmpty="false" transferToAll="false" entitize="false" transferChildNodes="false">
        <con:name>iccid1</con:name>
        <con:sourceType>iccid1</con:sourceType>
        <con:sourceStep>Given properties for the test steps</con:sourceStep>
        <con:targetType>req_iccid1</con:targetType>
        <con:targetStep>Assign starter pack bi with incorrect iccids</con:targetStep>
        <con:upgraded>true</con:upgraded>
      </con:transfers>
      <con:transfers setNullOnMissingSource="true" transferTextContent="true" failOnError="true" ignoreEmpty="false" transferToAll="false" entitize="false" transferChildNodes="false">
        <con:name>iccid2</con:name>
        <con:sourceType>iccid2</con:sourceType>
        <con:sourceStep>Given properties for the test steps</con:sourceStep>
        <con:targetType>req_iccid2</con:targetType>
        <con:targetStep>Assign starter pack bi with incorrect iccids</con:targetStep>
        <con:upgraded>true</con:upgraded>
      </con:transfers>
    </con:config>
  </con:testStep>
  <con:testStep type="calltestcase" name="Assign starter pack bi with incorrect iccids" id="85eef4e1-3fee-4367-a8b6-95d4fc06e467">
    <con:settings/>
    <con:config xsi:type="con:RunTestCaseStep" xmlns:xsi="http://www.w3.org/2001/XMLSchema-instance">
      <con:targetTestCase>442bb0ce-1cc6-4f47-9fd2-05620efabe9d</con:targetTestCase>
      <con:properties>
        <con:property>
          <con:name>req_biId</con:name>
          <con:value>1031</con:value>
        </con:property>
        <con:property>
          <con:name>req_starterPackSpecificationExternalId</con:name>
          <con:value>EXT-STARTERPACK-1</con:value>
        </con:property>
        <con:property>
          <con:name>req_toPlaceId</con:name>
          <con:value>26</con:value>
        </con:property>
        <con:property>
          <con:name>req_starterPackSerialText1</con:name>
          <con:value>1000000000003479701</con:value>
        </con:property>
        <con:property>
          <con:name>req_iccid1</con:name>
          <con:value>19999901234567890127</con:value>
        </con:property>
        <con:property>
          <con:name>res_code</con:name>
          <con:value>GIVEN_ICCID_NOT_FOUND_AS_A_SERIAL_NUMBER</con:value>
        </con:property>
        <con:property>
          <con:name>res_errorMessage</con:name>
          <con:value>GIVEN_ICCID_NOT_FOUND_AS_A_SERIAL_NUMBER</con:value>
        </con:property>
        <con:property>
          <con:name>res_biId</con:name>
          <con:value xsi:nil="true"/>
        </con:property>
        <con:property>
          <con:name>req_iccid2</con:name>
          <con:value>19999901234567890128</con:value>
        </con:property>
        <con:property>
          <con:name>req_starterPackSerialText2</con:name>
          <con:value>1000000000003479711</con:value>
        </con:property>
      </con:properties>
      <con:returnProperties>
        <con:entry>res_code</con:entry>
        <con:entry>res_errorMessage</con:entry>
        <con:entry>res_biId</con:entry>
      </con:returnProperties>
      <con:runMode>PARALLELL</con:runMode>
    </con:config>
  </con:testStep>
  <con:testStep type="assertionteststep" name="Assert starter pack bi is not submitted with incorrect iccids" id="bcd800b1-ea88-4f3a-b495-b64f2b894d8a">
    <con:settings/>
    <con:config xsi:type="con:AssertionTestStep" xmlns:xsi="http://www.w3.org/2001/XMLSchema-instance">
      <con:entry>
        <con:id>f475b16f-1f23-4df1-b32c-9c2db6a69dd6</con:id>
        <con:isGroup>false</con:isGroup>
        <con:sourceId>85eef4e1-3fee-4367-a8b6-95d4fc06e467</con:sourceId>
        <con:propertyName>res_code</con:propertyName>
        <con:assertion type="Simple Contains" name="Contains" id="f867b09f-1eba-4097-a2ef-bc1e4873d4ba">
          <con:configuration>
            <token>GIVEN_ICCID_NOT_FOUND_AS_A_SERIAL_NUMBER</token>
            <ignoreCase>false</ignoreCase>
            <useRegEx>true</useRegEx>
          </con:configuration>
        </con:assertion>
      </con:entry>
      <con:entry>
        <con:id>8cb33a89-6c5c-4d31-a941-3b639eb7a388</con:id>
        <con:isGroup>false</con:isGroup>
        <con:sourceId>85eef4e1-3fee-4367-a8b6-95d4fc06e467</con:sourceId>
        <con:propertyName>res_errorMessage</con:propertyName>
        <con:assertion type="Simple Equals" name="Equals" id="2353747d-679a-45cd-8228-00d4945fea91">
          <con:configuration>
            <patternObjectId>d03751cb-a7d8-4517-aadd-c3ecba7bbb3e</patternObjectId>
            <patternProperty>error_given_iccid_not_found</patternProperty>
            <caseSensitive>true</caseSensitive>
          </con:configuration>
        </con:assertion>
      </con:entry>
    </con:config>
  </con:testStep>
  <con:testStep type="transfer" name="Set assign starter pack properties with incorrect spec ext id" id="adc87bac-a27f-4d2c-8bab-584c667ddcc3">
    <con:settings/>
    <con:config xsi:type="con:PropertyTransfersStep" xmlns:xsi="http://www.w3.org/2001/XMLSchema-instance">
      <con:transfers setNullOnMissingSource="true" transferTextContent="true" failOnError="true" ignoreEmpty="false" transferToAll="false" entitize="false" transferChildNodes="false">
        <con:name>biId</con:name>
        <con:sourceType>res_id</con:sourceType>
        <con:sourceStep>Create starter pack business interaction without session</con:sourceStep>
        <con:sourcePath/>
        <con:targetType>req_biId</con:targetType>
        <con:targetStep>Assign starter pack bi with incorrect spec ext id</con:targetStep>
        <con:targetPath/>
        <con:upgraded>true</con:upgraded>
      </con:transfers>
      <con:transfers setNullOnMissingSource="true" transferTextContent="true" failOnError="true" ignoreEmpty="false" transferToAll="false" entitize="false" transferChildNodes="false">
        <con:name>starterPackSpecId</con:name>
        <con:sourceType>incorrectStarterPackExtId</con:sourceType>
        <con:sourceStep>Given properties for the test steps</con:sourceStep>
        <con:targetType>req_starterPackSpecificationExternalId</con:targetType>
        <con:targetStep>Assign starter pack bi with incorrect spec ext id</con:targetStep>
        <con:upgraded>true</con:upgraded>
      </con:transfers>
      <con:transfers setNullOnMissingSource="true" transferTextContent="true" failOnError="true" ignoreEmpty="false" transferToAll="false" entitize="false" transferChildNodes="false">
        <con:name>placeId</con:name>
        <con:sourceType>res_placeId</con:sourceType>
        <con:sourceStep>Create sales organization, user, inventory and terminal and place</con:sourceStep>
        <con:targetType>req_toPlaceId</con:targetType>
        <con:targetStep>Assign starter pack bi with incorrect spec ext id</con:targetStep>
        <con:upgraded>true</con:upgraded>
      </con:transfers>
      <con:transfers setNullOnMissingSource="true" transferTextContent="true" failOnError="true" ignoreEmpty="false" transferToAll="false" entitize="false" transferChildNodes="false">
        <con:name>starterPackSerialText1</con:name>
        <con:sourceType>res_serialText1</con:sourceType>
        <con:sourceStep>Create sim products</con:sourceStep>
        <con:targetType>req_starterPackSerialText1</con:targetType>
        <con:targetStep>Assign starter pack bi with incorrect spec ext id</con:targetStep>
        <con:upgraded>true</con:upgraded>
      </con:transfers>
      <con:transfers setNullOnMissingSource="true" transferTextContent="true" failOnError="true" ignoreEmpty="false" transferToAll="false" entitize="false" transferChildNodes="false">
        <con:name>starterPackSerialText2</con:name>
        <con:sourceType>res_serialText2</con:sourceType>
        <con:sourceStep>Create sim products</con:sourceStep>
        <con:targetType>req_starterPackSerialText2</con:targetType>
        <con:targetStep>Assign starter pack bi with incorrect spec ext id</con:targetStep>
        <con:upgraded>true</con:upgraded>
      </con:transfers>
      <con:transfers setNullOnMissingSource="true" transferTextContent="true" failOnError="true" ignoreEmpty="false" transferToAll="false" entitize="false" transferChildNodes="false">
        <con:name>iccid1</con:name>
        <con:sourceType>res_startSerial</con:sourceType>
        <con:sourceStep>Create sim products</con:sourceStep>
        <con:targetType>req_iccid1</con:targetType>
        <con:targetStep>Assign starter pack bi with incorrect spec ext id</con:targetStep>
        <con:upgraded>true</con:upgraded>
      </con:transfers>
      <con:transfers setNullOnMissingSource="true" transferTextContent="true" failOnError="true" ignoreEmpty="false" transferToAll="false" entitize="false" transferChildNodes="false">
        <con:name>iccid2</con:name>
        <con:sourceType>res_endSerial</con:sourceType>
        <con:sourceStep>Create sim products</con:sourceStep>
        <con:targetType>req_iccid2</con:targetType>
        <con:targetStep>Assign starter pack bi with incorrect spec ext id</con:targetStep>
        <con:upgraded>true</con:upgraded>
      </con:transfers>
    </con:config>
  </con:testStep>
  <con:testStep type="calltestcase" name="Assign starter pack bi with incorrect spec ext id" id="ad4ae3fe-32d1-4856-b0a3-7f574505027f">
    <con:settings/>
    <con:config xsi:type="con:RunTestCaseStep" xmlns:xsi="http://www.w3.org/2001/XMLSchema-instance">
      <con:targetTestCase>442bb0ce-1cc6-4f47-9fd2-05620efabe9d</con:targetTestCase>
      <con:properties>
        <con:property>
          <con:name>req_biId</con:name>
          <con:value>1031</con:value>
        </con:property>
        <con:property>
          <con:name>req_starterPackSpecificationExternalId</con:name>
          <con:value>EEXT-STARTERPACK-1</con:value>
        </con:property>
        <con:property>
          <con:name>req_toPlaceId</con:name>
          <con:value>26</con:value>
        </con:property>
        <con:property>
          <con:name>req_starterPackSerialText1</con:name>
          <con:value>1000000000003479701</con:value>
        </con:property>
        <con:property>
          <con:name>req_iccid1</con:name>
          <con:value>10000000000001035441</con:value>
        </con:property>
        <con:property>
          <con:name>res_code</con:name>
          <con:value>PRODUCT_SPEC_WITH_EXTERNAL_ID_COULD_NOT_BE_FOUND</con:value>
        </con:property>
        <con:property>
          <con:name>res_errorMessage</con:name>
          <con:value>PRODUCT_SPEC_WITH_EXTERNAL_ID_COULD_NOT_BE_FOUND</con:value>
        </con:property>
        <con:property>
          <con:name>res_biId</con:name>
          <con:value xsi:nil="true"/>
        </con:property>
        <con:property>
          <con:name>req_iccid2</con:name>
          <con:value>10000000000001035451</con:value>
        </con:property>
        <con:property>
          <con:name>req_starterPackSerialText2</con:name>
          <con:value>1000000000003479711</con:value>
        </con:property>
      </con:properties>
      <con:returnProperties>
        <con:entry>res_code</con:entry>
        <con:entry>res_errorMessage</con:entry>
        <con:entry>res_biId</con:entry>
      </con:returnProperties>
      <con:runMode>PARALLELL</con:runMode>
    </con:config>
  </con:testStep>
  <con:testStep type="assertionteststep" name="Assert starter pack bi is not submitted with incorrect spec ext id" id="1afae9b6-4b8d-44d4-9c50-67e4ca52f21c">
    <con:settings/>
    <con:config xsi:type="con:AssertionTestStep" xmlns:xsi="http://www.w3.org/2001/XMLSchema-instance">
      <con:entry>
        <con:id>6fccf61c-d310-487d-8663-814196f2d87e</con:id>
        <con:isGroup>false</con:isGroup>
        <con:sourceId>ad4ae3fe-32d1-4856-b0a3-7f574505027f</con:sourceId>
        <con:propertyName>res_code</con:propertyName>
        <con:assertion type="Simple Equals" name="Equals" id="530173b3-610e-4146-a94c-79cccd81e2ea">
          <con:configuration>
            <patternText>PRODUCT_SPEC_WITH_EXTERNAL_ID_COULD_NOT_BE_FOUND</patternText>
            <caseSensitive>true</caseSensitive>
          </con:configuration>
        </con:assertion>
      </con:entry>
      <con:entry>
        <con:id>f6e2e006-b8ac-4515-b0c3-48e5d0b23a72</con:id>
        <con:isGroup>false</con:isGroup>
        <con:sourceId>ad4ae3fe-32d1-4856-b0a3-7f574505027f</con:sourceId>
        <con:propertyName>res_errorMessage</con:propertyName>
        <con:assertion type="Simple Equals" name="Equals 2" id="4332348c-8e2c-4c87-bcea-be7a42a86c12">
          <con:configuration>
            <patternObjectId>d03751cb-a7d8-4517-aadd-c3ecba7bbb3e</patternObjectId>
            <patternProperty>error_product_spec_with_extId_not_found</patternProperty>
            <caseSensitive>true</caseSensitive>
          </con:configuration>
        </con:assertion>
      </con:entry>
    </con:config>
  </con:testStep>
  <con:testStep type="transfer" name="Set assign starter pack properties" id="dd5a02f3-e8a7-4de3-8bf4-8f4ef4d18672">
    <con:settings/>
    <con:config xsi:type="con:PropertyTransfersStep" xmlns:xsi="http://www.w3.org/2001/XMLSchema-instance">
      <con:transfers setNullOnMissingSource="true" transferTextContent="true" failOnError="true" ignoreEmpty="false" transferToAll="false" entitize="false" transferChildNodes="false">
        <con:name>biId</con:name>
        <con:sourceType>res_id</con:sourceType>
        <con:sourceStep>Create starter pack business interaction without session</con:sourceStep>
        <con:sourcePath/>
        <con:targetType>req_biId</con:targetType>
        <con:targetStep>Assign starter packs</con:targetStep>
        <con:targetPath/>
        <con:upgraded>true</con:upgraded>
      </con:transfers>
      <con:transfers setNullOnMissingSource="true" transferTextContent="true" failOnError="true" ignoreEmpty="false" transferToAll="false" entitize="false" transferChildNodes="false">
        <con:name>starterPackSpeckExtId</con:name>
        <con:sourceType>starterPackSpecExtId</con:sourceType>
        <con:sourceStep>Given properties for the test steps</con:sourceStep>
        <con:targetType>req_starterPackSpecificationExternalId</con:targetType>
        <con:targetStep>Assign starter packs</con:targetStep>
        <con:upgraded>true</con:upgraded>
      </con:transfers>
      <con:transfers setNullOnMissingSource="true" transferTextContent="true" failOnError="true" ignoreEmpty="false" transferToAll="false" entitize="false" transferChildNodes="false">
        <con:name>placeId</con:name>
        <con:sourceType>req_placeId</con:sourceType>
        <con:sourceStep>#TestCase#</con:sourceStep>
        <con:targetType>req_toPlaceId</con:targetType>
        <con:targetStep>Assign starter packs</con:targetStep>
        <con:upgraded>true</con:upgraded>
      </con:transfers>
      <con:transfers setNullOnMissingSource="true" transferTextContent="true" failOnError="true" ignoreEmpty="false" transferToAll="false" entitize="false" transferChildNodes="false">
        <con:name>starterPackSerialText1</con:name>
        <con:sourceType>res_serialText1</con:sourceType>
        <con:sourceStep>Create sim products</con:sourceStep>
        <con:targetType>req_starterPackSerialText1</con:targetType>
        <con:targetStep>Assign starter packs</con:targetStep>
        <con:upgraded>true</con:upgraded>
      </con:transfers>
      <con:transfers setNullOnMissingSource="true" transferTextContent="true" failOnError="true" ignoreEmpty="false" transferToAll="false" entitize="false" transferChildNodes="false">
        <con:name>iccid1</con:name>
        <con:sourceType>res_startSerial</con:sourceType>
        <con:sourceStep>Create sim products</con:sourceStep>
        <con:targetType>req_iccid1</con:targetType>
        <con:targetStep>Assign starter packs</con:targetStep>
        <con:upgraded>true</con:upgraded>
      </con:transfers>
      <con:transfers setNullOnMissingSource="true" transferTextContent="true" failOnError="true" ignoreEmpty="false" transferToAll="false" entitize="false" transferChildNodes="false">
        <con:name>iccid2</con:name>
        <con:sourceType>res_endSerial</con:sourceType>
        <con:sourceStep>Create sim products</con:sourceStep>
        <con:targetType>req_iccid2</con:targetType>
        <con:targetStep>Assign starter packs</con:targetStep>
        <con:upgraded>true</con:upgraded>
      </con:transfers>
      <con:transfers setNullOnMissingSource="true" transferTextContent="true" failOnError="true" ignoreEmpty="false" transferToAll="false" entitize="false" transferChildNodes="false">
        <con:name>starterPackSerialText2</con:name>
        <con:sourceType>res_serialText2</con:sourceType>
        <con:sourceStep>Create sim products</con:sourceStep>
        <con:targetType>req_starterPackSerialText2</con:targetType>
        <con:targetStep>Assign starter packs</con:targetStep>
        <con:upgraded>true</con:upgraded>
      </con:transfers>
    </con:config>
  </con:testStep>
  <con:testStep type="calltestcase" name="Assign starter packs" id="b9f4f060-1587-40df-b3f3-202d1a105e3d">
    <con:settings/>
    <con:config xsi:type="con:RunTestCaseStep" xmlns:xsi="http://www.w3.org/2001/XMLSchema-instance">
      <con:targetTestCase>442bb0ce-1cc6-4f47-9fd2-05620efabe9d</con:targetTestCase>
      <con:properties>
        <con:property>
          <con:name>req_biId</con:name>
          <con:value>1031</con:value>
        </con:property>
        <con:property>
          <con:name>req_starterPackSpecificationExternalId</con:name>
          <con:value>EXT-STARTERPACK-1</con:value>
        </con:property>
        <con:property>
          <con:name>req_toPlaceId</con:name>
          <con:value>26</con:value>
        </con:property>
        <con:property>
          <con:name>req_starterPackSerialText1</con:name>
          <con:value>1000000000003479701</con:value>
        </con:property>
        <con:property>
          <con:name>req_iccid1</con:name>
          <con:value>10000000000001035441</con:value>
        </con:property>
        <con:property>
          <con:name>res_code</con:name>
          <con:value xsi:nil="true"/>
        </con:property>
        <con:property>
          <con:name>res_errorMessage</con:name>
          <con:value xsi:nil="true"/>
        </con:property>
        <con:property>
          <con:name>res_biId</con:name>
          <con:value>1031</con:value>
        </con:property>
        <con:property>
          <con:name>req_iccid2</con:name>
          <con:value>10000000000001035451</con:value>
        </con:property>
        <con:property>
          <con:name>req_starterPackSerialText2</con:name>
          <con:value>1000000000003479711</con:value>
        </con:property>
      </con:properties>
      <con:returnProperties>
        <con:entry>res_code</con:entry>
        <con:entry>res_errorMessage</con:entry>
        <con:entry>res_biId</con:entry>
      </con:returnProperties>
      <con:runMode>PARALLELL</con:runMode>
    </con:config>
  </con:testStep>
  <con:testStep type="assertionteststep" name="Assert starter pack bi is submitted to close state successfuly" id="c69a2689-6f60-43cb-9658-1a7340adcf4a">
    <con:settings/>
    <con:config xsi:type="con:AssertionTestStep" xmlns:xsi="http://www.w3.org/2001/XMLSchema-instance">
      <con:entry>
        <con:id>a1a43eb3-cb7c-4854-bbb6-e919f0113550</con:id>
        <con:isGroup>false</con:isGroup>
        <con:sourceId>b9f4f060-1587-40df-b3f3-202d1a105e3d</con:sourceId>
        <con:propertyName>res_errorMessage</con:propertyName>
        <con:assertion type="Simple Contains" name="Contains" id="aedfc58d-4844-4a3f-9bb3-bfa41b2a0d18">
          <con:configuration>
            <token>^\s*$</token>
            <ignoreCase>false</ignoreCase>
            <useRegEx>true</useRegEx>
          </con:configuration>
        </con:assertion>
      </con:entry>
    </con:config>
  </con:testStep>
  <con:testStep type="transfer" name="Set product spec external id for stock level control 5" id="5b5ebd43-9a3a-4a70-a310-cfb5273a35ad">
    <con:settings/>
    <con:config xsi:type="con:PropertyTransfersStep" xmlns:xsi="http://www.w3.org/2001/XMLSchema-instance">
      <con:transfers setNullOnMissingSource="true" transferTextContent="true" failOnError="true" ignoreEmpty="false" transferToAll="false" entitize="false" transferChildNodes="false">
        <con:name>placeId</con:name>
        <con:sourceType>req_placeId</con:sourceType>
        <con:sourceStep>#TestCase#</con:sourceStep>
        <con:sourcePath/>
        <con:targetType>req_placeId</con:targetType>
        <con:targetStep>Display stock level by spec ext id 3</con:targetStep>
        <con:targetPath/>
        <con:upgraded>true</con:upgraded>
      </con:transfers>
      <con:transfers setNullOnMissingSource="true" transferTextContent="true" failOnError="true" ignoreEmpty="false" transferToAll="false" entitize="false" transferChildNodes="false">
        <con:name>productSpecExtId</con:name>
        <con:sourceType>simSpecExtID</con:sourceType>
        <con:sourceStep>Given properties for the test steps</con:sourceStep>
        <con:targetType>req_productSpecificationExternalId</con:targetType>
        <con:targetStep>Display stock level by spec ext id 3</con:targetStep>
        <con:upgraded>true</con:upgraded>
      </con:transfers>
      <con:transfers setNullOnMissingSource="true" transferTextContent="true" failOnError="true" ignoreEmpty="false" transferToAll="false" entitize="false" transferChildNodes="false">
        <con:name>productStatus</con:name>
        <con:sourceType>nonSellableProductStatus</con:sourceType>
        <con:sourceStep>Given properties for the test steps</con:sourceStep>
        <con:targetType>req_productStatus</con:targetType>
        <con:targetStep>Display stock level by spec ext id 3</con:targetStep>
        <con:upgraded>true</con:upgraded>
      </con:transfers>
    </con:config>
  </con:testStep>
  <con:testStep type="calltestcase" name="Display stock level by spec ext id 3" id="c80a0249-684a-4687-bd3d-6952f6fad94b">
    <con:settings/>
    <con:config xsi:type="con:RunTestCaseStep" xmlns:xsi="http://www.w3.org/2001/XMLSchema-instance">
      <con:targetTestCase>ae70f14b-9b62-4330-9f1f-32535bcddc8b</con:targetTestCase>
      <con:properties>
        <con:property>
          <con:name>req_placeId</con:name>
          <con:value>26</con:value>
        </con:property>
        <con:property>
          <con:name>req_productSpecCode</con:name>
        </con:property>
        <con:property>
          <con:name>req_productSpecArticle</con:name>
        </con:property>
        <con:property>
          <con:name>req_productStatus</con:name>
          <con:value>4</con:value>
        </con:property>
        <con:property>
          <con:name>req_includeLocked</con:name>
        </con:property>
        <con:property>
          <con:name>req_productSpecificationExternalId</con:name>
          <con:value>EXT-SIM-1</con:value>
        </con:property>
        <con:property>
          <con:name>res_placeId</con:name>
          <con:value>26</con:value>
        </con:property>
        <con:property>
          <con:name>res_productSpecificationId</con:name>
          <con:value>7</con:value>
        </con:property>
        <con:property>
          <con:name>res_productSpecificationExternalId</con:name>
          <con:value>EXT-SIM-1</con:value>
        </con:property>
        <con:property>
          <con:name>res_quantity</con:name>
          <con:value>0</con:value>
        </con:property>
        <con:property>
          <con:name>res_salesOrganizationId</con:name>
          <con:value>47</con:value>
        </con:property>
        <con:property>
          <con:name>res_totalQuantity</con:name>
          <con:value>0</con:value>
        </con:property>
        <con:property>
          <con:name>res_reservedQuantity</con:name>
          <con:value>0</con:value>
        </con:property>
        <con:property>
          <con:name>req_productId</con:name>
        </con:property>
        <con:property>
          <con:name>res_code</con:name>
          <con:value>200</con:value>
        </con:property>
        <con:property>
          <con:name>req_productSerialNumber</con:name>
        </con:property>
        <con:property>
          <con:name>req_productSerialText</con:name>
        </con:property>
        <con:property>
          <con:name>req_productSpecificationId</con:name>
        </con:property>
        <con:property>
          <con:name>req_parentSerialNumberText</con:name>
        </con:property>
        <con:property>
          <con:name>req_batchId</con:name>
        </con:property>
        <con:property>
          <con:name>req_country</con:name>
        </con:property>
        <con:property>
          <con:name>req_state</con:name>
        </con:property>
        <con:property>
          <con:name>req_city</con:name>
        </con:property>
        <con:property>
          <con:name>req_regionId</con:name>
        </con:property>
        <con:property>
          <con:name>res_fullResponse</con:name>
        </con:property>
        <con:property>
          <con:name>res_errorMessage</con:name>
        </con:property>
      </con:properties>
      <con:returnProperties>
        <con:entry>res_placeId</con:entry>
        <con:entry>res_productSpecificationId</con:entry>
        <con:entry>res_productSpecificationExternalId</con:entry>
        <con:entry>res_quantity</con:entry>
        <con:entry>res_salesOrganizationId</con:entry>
        <con:entry>res_totalQuantity</con:entry>
        <con:entry>res_reservedQuantity</con:entry>
        <con:entry>res_code</con:entry>
      </con:returnProperties>
      <con:runMode>PARALLELL</con:runMode>
    </con:config>
  </con:testStep>
  <con:testStep type="assertionteststep" name="Assert stock level for sims" id="431c02b5-0df1-4b06-a6e2-e39bad6d19e5">
    <con:settings/>
    <con:config xsi:type="con:AssertionTestStep" xmlns:xsi="http://www.w3.org/2001/XMLSchema-instance">
      <con:entry>
        <con:id>d16a17ba-be74-4322-a6ee-20bdc52e4ed0</con:id>
        <con:isGroup>false</con:isGroup>
        <con:sourceId>c80a0249-684a-4687-bd3d-6952f6fad94b</con:sourceId>
        <con:propertyName>res_code</con:propertyName>
        <con:assertion type="Simple Equals" name="Equals" id="f91a973a-a00a-4676-8ddc-e012762063da">
          <con:configuration>
            <patternText>200</patternText>
            <caseSensitive>true</caseSensitive>
          </con:configuration>
        </con:assertion>
      </con:entry>
      <con:entry>
        <con:id>f61e0386-9948-4ec7-9cb0-6a4169e045e9</con:id>
        <con:isGroup>false</con:isGroup>
        <con:sourceId>c80a0249-684a-4687-bd3d-6952f6fad94b</con:sourceId>
        <con:propertyName>res_quantity</con:propertyName>
        <con:assertion type="Simple Equals" name="Equals 2" id="2b3233cd-56b9-414d-a3e8-6eb836c2c087">
          <con:configuration>
            <patternText>0</patternText>
            <caseSensitive>true</caseSensitive>
          </con:configuration>
        </con:assertion>
      </con:entry>
      <con:entry>
        <con:id>691b1a05-fe3f-4a34-b302-5739c055d0e5</con:id>
        <con:isGroup>false</con:isGroup>
        <con:sourceId>c80a0249-684a-4687-bd3d-6952f6fad94b</con:sourceId>
        <con:propertyName>res_totalQuantity</con:propertyName>
        <con:assertion type="Simple Equals" name="Equals 3" id="b973ea0b-62c8-46ba-9c94-555a4ce85edb">
          <con:configuration>
            <patternText>0</patternText>
            <caseSensitive>true</caseSensitive>
          </con:configuration>
        </con:assertion>
      </con:entry>
      <con:entry>
        <con:id>4f06d516-ba06-4059-890a-39f18ea4ca8a</con:id>
        <con:isGroup>false</con:isGroup>
        <con:sourceId>c80a0249-684a-4687-bd3d-6952f6fad94b</con:sourceId>
        <con:propertyName>res_reservedQuantity</con:propertyName>
        <con:assertion type="Simple Equals" name="Equals 4" id="ce34036e-4996-4ac8-b566-3a381e65b5c5">
          <con:configuration>
            <patternText>0</patternText>
            <caseSensitive>true</caseSensitive>
          </con:configuration>
        </con:assertion>
      </con:entry>
    </con:config>
  </con:testStep>
  <con:testStep type="transfer" name="Set product spec external id for stock level control 6" id="2ce88050-d17d-4c70-a6c9-ed76cce7c3da">
    <con:settings/>
    <con:config xsi:type="con:PropertyTransfersStep" xmlns:xsi="http://www.w3.org/2001/XMLSchema-instance">
      <con:transfers setNullOnMissingSource="true" transferTextContent="true" failOnError="true" ignoreEmpty="false" transferToAll="false" entitize="false" transferChildNodes="false">
        <con:name>placeId</con:name>
        <con:sourceType>req_placeId</con:sourceType>
        <con:sourceStep>#TestCase#</con:sourceStep>
        <con:sourcePath/>
        <con:targetType>req_placeId</con:targetType>
        <con:targetStep>Display stock level by spec ext id 4</con:targetStep>
        <con:targetPath/>
        <con:upgraded>true</con:upgraded>
      </con:transfers>
      <con:transfers setNullOnMissingSource="true" transferTextContent="true" failOnError="true" ignoreEmpty="false" transferToAll="false" entitize="false" transferChildNodes="false">
        <con:name>productSpecId</con:name>
        <con:sourceType>starterPackSpecExtId</con:sourceType>
        <con:sourceStep>Given properties for the test steps</con:sourceStep>
        <con:targetType>req_productSpecificationExternalId</con:targetType>
        <con:targetStep>Display stock level by spec ext id 4</con:targetStep>
        <con:upgraded>true</con:upgraded>
      </con:transfers>
      <con:transfers setNullOnMissingSource="true" transferTextContent="true" failOnError="true" ignoreEmpty="false" transferToAll="false" entitize="false" transferChildNodes="false">
        <con:name>productStatus</con:name>
        <con:sourceType>sellableProductStatus</con:sourceType>
        <con:sourceStep>Given properties for the test steps</con:sourceStep>
        <con:targetType>req_productStatus</con:targetType>
        <con:targetStep>Display stock level by spec ext id 4</con:targetStep>
        <con:upgraded>true</con:upgraded>
      </con:transfers>
    </con:config>
  </con:testStep>
  <con:testStep type="calltestcase" name="Display stock level by spec ext id 4" id="087e3d7f-a796-40e2-82cb-ad5331f82b5e">
    <con:settings/>
    <con:config xsi:type="con:RunTestCaseStep" xmlns:xsi="http://www.w3.org/2001/XMLSchema-instance">
      <con:targetTestCase>ae70f14b-9b62-4330-9f1f-32535bcddc8b</con:targetTestCase>
      <con:properties>
        <con:property>
          <con:name>req_placeId</con:name>
          <con:value>26</con:value>
        </con:property>
        <con:property>
          <con:name>req_productSpecCode</con:name>
        </con:property>
        <con:property>
          <con:name>req_productSpecArticle</con:name>
        </con:property>
        <con:property>
          <con:name>req_productStatus</con:name>
          <con:value>1</con:value>
        </con:property>
        <con:property>
          <con:name>req_includeLocked</con:name>
        </con:property>
        <con:property>
          <con:name>req_productSpecificationExternalId</con:name>
          <con:value>EXT-STARTERPACK-1</con:value>
        </con:property>
        <con:property>
          <con:name>res_placeId</con:name>
          <con:value>26</con:value>
        </con:property>
        <con:property>
          <con:name>res_productSpecificationId</con:name>
          <con:value>9</con:value>
        </con:property>
        <con:property>
          <con:name>res_productSpecificationExternalId</con:name>
          <con:value>EXT-STARTERPACK-1</con:value>
        </con:property>
        <con:property>
          <con:name>res_quantity</con:name>
          <con:value>2</con:value>
        </con:property>
        <con:property>
          <con:name>res_salesOrganizationId</con:name>
          <con:value>47</con:value>
        </con:property>
        <con:property>
          <con:name>res_totalQuantity</con:name>
          <con:value>2</con:value>
        </con:property>
        <con:property>
          <con:name>res_reservedQuantity</con:name>
          <con:value>0</con:value>
        </con:property>
        <con:property>
          <con:name>req_productId</con:name>
        </con:property>
        <con:property>
          <con:name>res_code</con:name>
        </con:property>
        <con:property>
          <con:name>req_productSerialNumber</con:name>
        </con:property>
        <con:property>
          <con:name>req_productSerialText</con:name>
        </con:property>
        <con:property>
          <con:name>req_productSpecificationId</con:name>
        </con:property>
        <con:property>
          <con:name>req_parentSerialNumberText</con:name>
        </con:property>
        <con:property>
          <con:name>req_batchId</con:name>
        </con:property>
        <con:property>
          <con:name>req_country</con:name>
        </con:property>
        <con:property>
          <con:name>req_state</con:name>
        </con:property>
        <con:property>
          <con:name>req_city</con:name>
        </con:property>
        <con:property>
          <con:name>req_regionId</con:name>
        </con:property>
        <con:property>
          <con:name>res_fullResponse</con:name>
        </con:property>
        <con:property>
          <con:name>res_errorMessage</con:name>
        </con:property>
      </con:properties>
      <con:returnProperties>
        <con:entry>res_placeId</con:entry>
        <con:entry>res_productSpecificationId</con:entry>
        <con:entry>res_productSpecificationExternalId</con:entry>
        <con:entry>res_quantity</con:entry>
        <con:entry>res_salesOrganizationId</con:entry>
        <con:entry>res_totalQuantity</con:entry>
        <con:entry>res_reservedQuantity</con:entry>
      </con:returnProperties>
      <con:runMode>PARALLELL</con:runMode>
    </con:config>
  </con:testStep>
  <con:testStep type="assertionteststep" name="Assert stock level for starter pack" id="80dc5b1b-8725-4ae4-90f9-24737f1f2d34">
    <con:settings/>
    <con:config xsi:type="con:AssertionTestStep" xmlns:xsi="http://www.w3.org/2001/XMLSchema-instance">
      <con:entry>
        <con:id>212ae516-9808-40bb-968c-1abcd7a4e2b7</con:id>
        <con:isGroup>false</con:isGroup>
        <con:sourceId>087e3d7f-a796-40e2-82cb-ad5331f82b5e</con:sourceId>
        <con:propertyName>res_totalQuantity</con:propertyName>
        <con:assertion type="Simple Equals" name="Equals" id="655408cc-71d5-496b-8eb2-0324b6d92fc6">
          <con:configuration>
            <patternText>2</patternText>
            <caseSensitive>true</caseSensitive>
          </con:configuration>
        </con:assertion>
      </con:entry>
      <con:entry>
        <con:id>015de6f7-ac4b-496d-91a3-304ec0d9c974</con:id>
        <con:isGroup>false</con:isGroup>
        <con:sourceId>087e3d7f-a796-40e2-82cb-ad5331f82b5e</con:sourceId>
        <con:propertyName>res_reservedQuantity</con:propertyName>
        <con:assertion type="Simple Equals" name="Equals 2" id="dc8c8757-b667-498d-8c38-7afd0e3aea05">
          <con:configuration>
            <patternText>0</patternText>
            <caseSensitive>true</caseSensitive>
          </con:configuration>
        </con:assertion>
      </con:entry>
    </con:config>
  </con:testStep>
  <con:testStep type="transfer" name="Set productId to display lockedBy4" id="d300286a-5365-487c-bdf8-efc101fcb669">
    <con:settings/>
    <con:config xsi:type="con:PropertyTransfersStep" xmlns:xsi="http://www.w3.org/2001/XMLSchema-instance">
      <con:transfers setNullOnMissingSource="true" transferTextContent="true" failOnError="true" ignoreEmpty="false" transferToAll="false" entitize="false" transferChildNodes="false">
        <con:name>productId</con:name>
        <con:sourceType>req_productId</con:sourceType>
        <con:sourceStep>Display lockedBy</con:sourceStep>
        <con:sourcePath/>
        <con:targetType>req_productId</con:targetType>
        <con:targetStep>Display lockedBy4</con:targetStep>
        <con:targetPath/>
        <con:upgraded>true</con:upgraded>
      </con:transfers>
    </con:config>
  </con:testStep>
  <con:testStep type="calltestcase" name="Display lockedBy4" id="637474e3-98b1-4137-badf-d95097d6ceb7">
    <con:settings/>
    <con:config xsi:type="con:RunTestCaseStep" xmlns:xsi="http://www.w3.org/2001/XMLSchema-instance">
      <con:targetTestCase>102e2d7b-c4cf-4f53-b777-f08cad671a15</con:targetTestCase>
      <con:properties>
        <con:property>
          <con:name>req_productId</con:name>
          <con:value>12</con:value>
        </con:property>
        <con:property>
          <con:name>res_id</con:name>
          <con:value>12</con:value>
        </con:property>
        <con:property>
          <con:name>res_code</con:name>
          <con:value>200</con:value>
        </con:property>
        <con:property>
          <con:name>res_lockedByBiId</con:name>
          <con:value xsi:nil="true"/>
        </con:property>
        <con:property>
          <con:name>res_lockedByBiItemId</con:name>
          <con:value xsi:nil="true"/>
        </con:property>
        <con:property>
          <con:name>req_prodSpecExtId</con:name>
        </con:property>
        <con:property>
          <con:name>res_startSerialNumber</con:name>
        </con:property>
        <con:property>
          <con:name>res_endSerialNumber</con:name>
        </con:property>
        <con:property>
          <con:name>res_quantity</con:name>
        </con:property>
      </con:properties>
      <con:returnProperties>
        <con:entry>res_id</con:entry>
        <con:entry>res_code</con:entry>
        <con:entry>res_lockedByBiId</con:entry>
        <con:entry>res_lockedByBiItemId</con:entry>
      </con:returnProperties>
      <con:runMode>PARALLELL</con:runMode>
    </con:config>
  </con:testStep>
  <con:testStep type="assertionteststep" name="Assertion sim products are unlocked 2" id="3a3c60d2-8775-4607-b692-9dc066b52d2e">
    <con:settings/>
    <con:config xsi:type="con:AssertionTestStep" xmlns:xsi="http://www.w3.org/2001/XMLSchema-instance">
      <con:entry>
        <con:id>13f71ded-ee35-4289-a032-e827b4f4f9ef</con:id>
        <con:isGroup>false</con:isGroup>
        <con:sourceId>637474e3-98b1-4137-badf-d95097d6ceb7</con:sourceId>
        <con:propertyName>res_code</con:propertyName>
        <con:assertion type="Simple Contains" name="Contains" id="4b5fed31-b3d9-474f-adaa-e94cc8cb8bb7">
          <con:configuration>
            <token>200</token>
            <ignoreCase>false</ignoreCase>
            <useRegEx>true</useRegEx>
          </con:configuration>
        </con:assertion>
      </con:entry>
      <con:entry>
        <con:id>c5cd5fdf-9637-44d9-86ab-7d9f1aa68b94</con:id>
        <con:isGroup>false</con:isGroup>
        <con:sourceId>637474e3-98b1-4137-badf-d95097d6ceb7</con:sourceId>
        <con:propertyName>res_lockedByBiId</con:propertyName>
        <con:assertion type="Simple Contains" name="Contains 2" id="a2f16046-7a93-4af2-ade2-f94d23b5fc3d">
          <con:configuration>
            <token>^\s*$</token>
            <ignoreCase>false</ignoreCase>
            <useRegEx>true</useRegEx>
          </con:configuration>
        </con:assertion>
      </con:entry>
      <con:entry>
        <con:id>3515dc02-c14e-4098-8154-3e2068d82bca</con:id>
        <con:isGroup>false</con:isGroup>
        <con:sourceId>637474e3-98b1-4137-badf-d95097d6ceb7</con:sourceId>
        <con:propertyName>res_lockedByBiItemId</con:propertyName>
        <con:assertion type="Simple Contains" name="Contains 3" id="afd1121b-4fd4-435e-9d6a-81e8531ce831">
          <con:configuration>
            <token>^\s*$</token>
            <ignoreCase>false</ignoreCase>
            <useRegEx>true</useRegEx>
          </con:configuration>
        </con:assertion>
      </con:entry>
    </con:config>
  </con:testStep>
  <con:testStep type="transfer" name="Set bi id which is already submitted" id="0b0fa619-8c52-4e3b-b857-efbdc9983d07">
    <con:settings/>
    <con:config xsi:type="con:PropertyTransfersStep" xmlns:xsi="http://www.w3.org/2001/XMLSchema-instance">
      <con:transfers setNullOnMissingSource="true" transferTextContent="true" failOnError="true" ignoreEmpty="false" transferToAll="false" entitize="false" transferChildNodes="false">
        <con:name>biId</con:name>
        <con:sourceType>res_id</con:sourceType>
        <con:sourceStep>Create starter pack business interaction without session</con:sourceStep>
        <con:sourcePath/>
        <con:targetType>req_biId</con:targetType>
        <con:targetStep>Submit bi which is already submitted</con:targetStep>
        <con:targetPath/>
        <con:upgraded>true</con:upgraded>
      </con:transfers>
      <con:transfers setNullOnMissingSource="true" transferTextContent="true" failOnError="true" ignoreEmpty="false" transferToAll="false" entitize="false" transferChildNodes="false">
        <con:name>starterPackSpeckExtId</con:name>
        <con:sourceType>starterPackSpecExtId</con:sourceType>
        <con:sourceStep>Given properties for the test steps</con:sourceStep>
        <con:targetType>req_starterPackSpecificationExternalId</con:targetType>
        <con:targetStep>Submit bi which is already submitted</con:targetStep>
        <con:upgraded>true</con:upgraded>
      </con:transfers>
      <con:transfers setNullOnMissingSource="true" transferTextContent="true" failOnError="true" ignoreEmpty="false" transferToAll="false" entitize="false" transferChildNodes="false">
        <con:name>placeId</con:name>
        <con:sourceType>req_placeId</con:sourceType>
        <con:sourceStep>#TestCase#</con:sourceStep>
        <con:targetType>req_toPlaceId</con:targetType>
        <con:targetStep>Submit bi which is already submitted</con:targetStep>
        <con:upgraded>true</con:upgraded>
      </con:transfers>
      <con:transfers setNullOnMissingSource="true" transferTextContent="true" failOnError="true" ignoreEmpty="false" transferToAll="false" entitize="false" transferChildNodes="false">
        <con:name>starterPackSerialText1</con:name>
        <con:sourceType>starterPackSerialText1</con:sourceType>
        <con:sourceStep>Given properties for the test steps</con:sourceStep>
        <con:targetType>req_starterPackSerialText2</con:targetType>
        <con:targetStep>Submit bi which is already submitted</con:targetStep>
        <con:upgraded>true</con:upgraded>
      </con:transfers>
      <con:transfers setNullOnMissingSource="true" transferTextContent="true" failOnError="true" ignoreEmpty="false" transferToAll="false" entitize="false" transferChildNodes="false">
        <con:name>iccid1</con:name>
        <con:sourceType>res_startSerial</con:sourceType>
        <con:sourceStep>Create sim products</con:sourceStep>
        <con:targetType>req_iccid1</con:targetType>
        <con:targetStep>Submit bi which is already submitted</con:targetStep>
        <con:upgraded>true</con:upgraded>
      </con:transfers>
      <con:transfers setNullOnMissingSource="true" transferTextContent="true" failOnError="true" ignoreEmpty="false" transferToAll="false" entitize="false" transferChildNodes="false">
        <con:name>iccid2</con:name>
        <con:sourceType>res_endSerial</con:sourceType>
        <con:sourceStep>Create sim products</con:sourceStep>
        <con:targetType>req_iccid2</con:targetType>
        <con:targetStep>Submit bi which is already submitted</con:targetStep>
        <con:upgraded>true</con:upgraded>
      </con:transfers>
      <con:transfers setNullOnMissingSource="true" transferTextContent="true" failOnError="true" ignoreEmpty="false" transferToAll="false" entitize="false" transferChildNodes="false">
        <con:name>starterPackSerialText2</con:name>
        <con:sourceType>starterPackSerialText2</con:sourceType>
        <con:sourceStep>Given properties for the test steps</con:sourceStep>
        <con:targetType>req_starterPackSerialText2</con:targetType>
        <con:targetStep>Submit bi which is already submitted</con:targetStep>
        <con:upgraded>true</con:upgraded>
      </con:transfers>
    </con:config>
  </con:testStep>
  <con:testStep type="calltestcase" name="Submit bi which is already submitted" id="c3f750a0-0dc0-4b38-833b-10888857f956">
    <con:settings/>
    <con:config xsi:type="con:RunTestCaseStep" xmlns:xsi="http://www.w3.org/2001/XMLSchema-instance">
      <con:targetTestCase>442bb0ce-1cc6-4f47-9fd2-05620efabe9d</con:targetTestCase>
      <con:properties>
        <con:property>
          <con:name>req_biId</con:name>
          <con:value>1031</con:value>
        </con:property>
        <con:property>
          <con:name>req_starterPackSpecificationExternalId</con:name>
          <con:value>EXT-STARTERPACK-1</con:value>
        </con:property>
        <con:property>
          <con:name>req_toPlaceId</con:name>
          <con:value>26</con:value>
        </con:property>
        <con:property>
          <con:name>req_starterPackSerialText1</con:name>
          <con:value>1213213123</con:value>
        </con:property>
        <con:property>
          <con:name>req_iccid1</con:name>
          <con:value>10000000000001035441</con:value>
        </con:property>
        <con:property>
          <con:name>res_code</con:name>
          <con:value>INVALID_STATE_OPERATION</con:value>
        </con:property>
        <con:property>
          <con:name>res_errorMessage</con:name>
          <con:value>INVALID_STATE_OPERATION</con:value>
        </con:property>
        <con:property>
          <con:name>res_biId</con:name>
          <con:value xsi:nil="true"/>
        </con:property>
        <con:property>
          <con:name>req_iccid2</con:name>
          <con:value>10000000000001035451</con:value>
        </con:property>
        <con:property>
          <con:name>req_starterPackSerialText2</con:name>
          <con:value>23123421412425669</con:value>
        </con:property>
      </con:properties>
      <con:returnProperties>
        <con:entry>res_code</con:entry>
        <con:entry>res_errorMessage</con:entry>
        <con:entry>res_biId</con:entry>
      </con:returnProperties>
      <con:runMode>PARALLELL</con:runMode>
    </con:config>
  </con:testStep>
  <con:testStep type="assertionteststep" name="Assert bi is not submitted which is already submitted" id="94d53be2-e245-448c-bcd8-0b7e990fe667">
    <con:settings/>
    <con:config xsi:type="con:AssertionTestStep" xmlns:xsi="http://www.w3.org/2001/XMLSchema-instance">
      <con:entry>
        <con:id>a37c02e2-90dc-45a9-8ea3-518d3758242a</con:id>
        <con:isGroup>false</con:isGroup>
        <con:sourceId>c3f750a0-0dc0-4b38-833b-10888857f956</con:sourceId>
        <con:propertyName>res_errorMessage</con:propertyName>
        <con:assertion type="Simple Contains" name="Contains" id="aa3fad6a-1dc2-4b14-bfff-46d42c24945f">
          <con:configuration>
            <token>\w+</token>
            <ignoreCase>false</ignoreCase>
            <useRegEx>true</useRegEx>
          </con:configuration>
        </con:assertion>
      </con:entry>
      <con:entry>
        <con:id>46910048-f104-41cb-b77d-83b80dbdae87</con:id>
        <con:isGroup>false</con:isGroup>
        <con:sourceId>c3f750a0-0dc0-4b38-833b-10888857f956</con:sourceId>
        <con:propertyName>res_errorMessage</con:propertyName>
        <con:assertion type="Simple Equals" name="Equals" id="d5fb56e9-8353-44ac-88ae-87d93b356946">
          <con:configuration>
            <patternObjectId>d03751cb-a7d8-4517-aadd-c3ecba7bbb3e</patternObjectId>
            <patternProperty>error_invalid_state_operation</patternProperty>
            <caseSensitive>true</caseSensitive>
          </con:configuration>
        </con:assertion>
      </con:entry>
    </con:config>
  </con:testStep>
  <con:testStep type="transfer" name="Set bi id to retrieve" id="d49077a4-3205-4427-aaf7-b1804d43b596">
    <con:settings/>
    <con:config xsi:type="con:PropertyTransfersStep" xmlns:xsi="http://www.w3.org/2001/XMLSchema-instance">
      <con:transfers setNullOnMissingSource="true" transferTextContent="true" failOnError="true" ignoreEmpty="false" transferToAll="false" entitize="false" transferChildNodes="false">
        <con:name>biId</con:name>
        <con:sourceType>res_id</con:sourceType>
        <con:sourceStep>Create starter pack business interaction without session</con:sourceStep>
        <con:sourcePath/>
        <con:targetType>req_biId</con:targetType>
        <con:targetStep>Retrieve single starter pack business interaction</con:targetStep>
        <con:targetPath/>
        <con:upgraded>true</con:upgraded>
      </con:transfers>
    </con:config>
  </con:testStep>
  <con:testStep type="calltestcase" name="Retrieve single starter pack business interaction" id="10548f3e-fe24-47e9-bc57-97e2948c2e71">
    <con:settings/>
    <con:config xsi:type="con:RunTestCaseStep" xmlns:xsi="http://www.w3.org/2001/XMLSchema-instance">
      <con:targetTestCase>8005a530-0459-477c-8eca-dd8284815cd4</con:targetTestCase>
      <con:properties>
        <con:property>
          <con:name>req_biId</con:name>
          <con:value>1031</con:value>
        </con:property>
        <con:property>
          <con:name>res_biId</con:name>
          <con:value>1031</con:value>
        </con:property>
        <con:property>
          <con:name>res_mainState</con:name>
        </con:property>
        <con:property>
          <con:name>res_subState</con:name>
        </con:property>
      </con:properties>
      <con:returnProperties>
        <con:entry>res_biId</con:entry>
      </con:returnProperties>
      <con:runMode>PARALLELL</con:runMode>
    </con:config>
  </con:testStep>
  <con:testStep type="assertionteststep" name="Assert bi is retrieved successfully" id="1666813c-c199-48e6-8f9c-f4c3e092561b">
    <con:settings/>
    <con:config xsi:type="con:AssertionTestStep" xmlns:xsi="http://www.w3.org/2001/XMLSchema-instance">
      <con:entry>
        <con:id>1b157e94-a1bd-4b21-8efb-2c1156340770</con:id>
        <con:isGroup>false</con:isGroup>
        <con:sourceId>10548f3e-fe24-47e9-bc57-97e2948c2e71</con:sourceId>
        <con:propertyName>res_biId</con:propertyName>
        <con:assertion type="Simple Contains" name="Contains" id="f4edb7a1-cb3e-4566-9faa-adc0e8bcd740">
          <con:configuration>
            <token>\d+</token>
            <ignoreCase>false</ignoreCase>
            <useRegEx>true</useRegEx>
          </con:configuration>
        </con:assertion>
      </con:entry>
    </con:config>
  </con:testStep>
  <con:testStep type="calltestcase" name="Retrieve all starter pack business interactions" id="94845e45-dafb-44ed-82ba-69c00e769435">
    <con:settings/>
    <con:config xsi:type="con:RunTestCaseStep" xmlns:xsi="http://www.w3.org/2001/XMLSchema-instance">
      <con:targetTestCase>34547028-bc5e-400a-975d-cb8c9625003e</con:targetTestCase>
      <con:properties>
        <con:property>
          <con:name>response</con:name>
          <con:value>[{"businessInteractionType":21,"code":"CSP-161","description":"Starter Pack BI is created at [name-se5b44953-408b-4c7d-ae4e-dd4cce581c74] by [John Smith]","mainState":"Draft","state":"Draft","createdDate":"2018-03-14T07:27:33.992Z","preventUpdateFromOtherSystem":false,"id":"161"},{"businessInteractionType":21,"code":"CSP-291","description":"Starter Pack BI is created at [name-s72d5b946-324d-405d-8c73-19e9c091c4ae] by [John Smith]","mainState":"Ongoing","state":"Ongoing","createdDate":"2018-03-14T07:28:26.622Z","preventUpdateFromOtherSystem":false,"id":"291"},{"businessInteractionType":21,"code":"CSP-361","description":"Starter Pack BI is created at [name-s72d5b946-324d-405d-8c73-19e9c091c4ae] by [John Smith]","mainState":"Draft","state":"Draft","createdDate":"2018-03-14T07:28:34.810Z","preventUpdateFromOtherSystem":false,"id":"361"},{"businessInteractionType":21,"code":"CSP-441","description":"Starter Pack BI is created at [name-sba6df2f2-86e5-4915-bd26-2c3f6b066a79] by [John Smith]","mainState":"Closed","state":"Closed","createdDate":"2018-03-14T07:29:12.272Z","preventUpdateFromOtherSystem":false,"id":"441"},{"businessInteractionType":21,"code":"CSP-511","description":"Starter Pack BI is created at [name-sba6df2f2-86e5-4915-bd26-2c3f6b066a79] by [John Smith]","mainState":"Draft","state":"Draft","createdDate":"2018-03-14T07:29:17.223Z","preventUpdateFromOtherSystem":false,"id":"511"},{"businessInteractionType":21,"code":"CSP-551","description":"Starter Pack BI is created at [name-sba6df2f2-86e5-4915-bd26-2c3f6b066a79] by [John Smith]","mainState":"Ongoing","state":"Ongoing","createdDate":"2018-03-14T07:29:25.108Z","preventUpdateFromOtherSystem":false,"id":"551"},{"businessInteractionType":21,"code":"CSP-591","description":"Starter Pack BI is created at [name-sba6df2f2-86e5-4915-bd26-2c3f6b066a79] by [John Smith]","mainState":"Ongoing","state":"Ongoing","createdDate":"2018-03-14T07:29:28.095Z","preventUpdateFromOtherSystem":false,"id":"591"},{"businessInteractionType":21,"code":"CSP-701","description":"Starter Pack BI is created at [name-s3502db6c-a2ea-486d-85b1-e85c91aa2a62] by [John Smith]","mainState":"Closed","state":"Cancelled","createdDate":"2018-03-14T07:31:10.664Z","preventUpdateFromOtherSystem":false,"id":"701"},{"businessInteractionType":21,"code":"CSP-771","description":"Starter Pack BI is created at [name-s3502db6c-a2ea-486d-85b1-e85c91aa2a62] by [John Smith]","mainState":"Draft","state":"Draft","createdDate":"2018-03-14T07:31:16.054Z","preventUpdateFromOtherSystem":false,"id":"771"},{"businessInteractionType":21,"code":"CSP-881","description":"Starter Pack BI is created at [name-s01ed98c2-cc0f-4350-a8ef-399cc29d4a76] by [John Smith]","mainState":"Closed","state":"Cancelled","createdDate":"2018-03-14T07:33:07.350Z","preventUpdateFromOtherSystem":false,"id":"881"}]</con:value>
        </con:property>
        <con:property>
          <con:name>errorMessage</con:name>
          <con:value xsi:nil="true"/>
        </con:property>
      </con:properties>
      <con:returnProperties>
        <con:entry>response</con:entry>
        <con:entry>errorMessage</con:entry>
      </con:returnProperties>
      <con:runMode>PARALLELL</con:runMode>
    </con:config>
  </con:testStep>
  <con:testStep type="assertionteststep" name="Assert starter packs retrieved successfully" id="15c713e2-2051-4c01-aa98-ee6c8ffcc739">
    <con:settings/>
    <con:config xsi:type="con:AssertionTestStep" xmlns:xsi="http://www.w3.org/2001/XMLSchema-instance">
      <con:entry>
        <con:id>6c5f1d19-d638-48bc-8e66-425e4eaf1ce4</con:id>
        <con:isGroup>false</con:isGroup>
        <con:sourceId>94845e45-dafb-44ed-82ba-69c00e769435</con:sourceId>
        <con:propertyName>errorMessage</con:propertyName>
        <con:assertion type="Simple Contains" name="Contains" id="a45ce768-49af-401d-bc12-cf1298d71ff7">
          <con:configuration>
            <token>^\s*$</token>
            <ignoreCase>false</ignoreCase>
            <useRegEx>true</useRegEx>
          </con:configuration>
        </con:assertion>
      </con:entry>
    </con:config>
  </con:testStep>
  <con:testStep type="transfer" name="Set bi to retrieve all items" id="5f914a38-1ec6-4d17-8449-d393779e4fc7">
    <con:settings/>
    <con:config xsi:type="con:PropertyTransfersStep" xmlns:xsi="http://www.w3.org/2001/XMLSchema-instance">
      <con:transfers setNullOnMissingSource="true" transferTextContent="true" failOnError="true" ignoreEmpty="false" transferToAll="false" entitize="false" transferChildNodes="false">
        <con:name>biId</con:name>
        <con:sourceType>res_id</con:sourceType>
        <con:sourceStep>Create starter pack business interaction without session</con:sourceStep>
        <con:sourcePath/>
        <con:targetType>req_biId</con:targetType>
        <con:targetStep>Retrieve all items of a starter pack business interaction</con:targetStep>
        <con:targetPath/>
        <con:upgraded>true</con:upgraded>
      </con:transfers>
    </con:config>
  </con:testStep>
  <con:testStep type="calltestcase" name="Retrieve all items of a starter pack business interaction" id="81f67f8b-151c-4ab2-8243-9704132b5d52">
    <con:settings/>
    <con:config xsi:type="con:RunTestCaseStep" xmlns:xsi="http://www.w3.org/2001/XMLSchema-instance">
      <con:targetTestCase>2719029b-135f-4cea-b703-7e842d476c74</con:targetTestCase>
      <con:properties>
        <con:property>
          <con:name>req_biId</con:name>
          <con:value>1031</con:value>
        </con:property>
        <con:property>
          <con:name>response</con:name>
          <con:value>[{"product":{"id":"12"},"productInformation":{"quantity":2,"status":"Sellable","serialNumberRange":{"start":1000000000000103544,"end":1000000000000103545},"isPaired":true,"description":"SIM Memory : null","productSpecification":{"id":"7"}},"id":"320"}]</con:value>
        </con:property>
        <con:property>
          <con:name>res_errorMessage</con:name>
          <con:value xsi:nil="true"/>
        </con:property>
      </con:properties>
      <con:returnProperties>
        <con:entry>response</con:entry>
        <con:entry>res_errorMessage</con:entry>
      </con:returnProperties>
      <con:runMode>PARALLELL</con:runMode>
    </con:config>
  </con:testStep>
  <con:testStep type="assertionteststep" name="Assert items are retrieved successfully" id="e1c2dceb-121a-42d9-9248-e60667961efc">
    <con:settings/>
    <con:config xsi:type="con:AssertionTestStep" xmlns:xsi="http://www.w3.org/2001/XMLSchema-instance">
      <con:entry>
        <con:id>ea98f7c7-f006-4872-99e0-5fe73bc592c6</con:id>
        <con:isGroup>false</con:isGroup>
        <con:sourceId>81f67f8b-151c-4ab2-8243-9704132b5d52</con:sourceId>
        <con:propertyName>res_errorMessage</con:propertyName>
        <con:assertion type="Simple Contains" name="Contains" id="e161a8f8-cb71-4b46-85d4-96ee11201582">
          <con:configuration>
            <token>^\s*$</token>
            <ignoreCase>false</ignoreCase>
            <useRegEx>true</useRegEx>
          </con:configuration>
        </con:assertion>
      </con:entry>
      <con:entry>
        <con:id>091db2f4-c3e1-4101-8770-a63c9991fcef</con:id>
        <con:isGroup>false</con:isGroup>
        <con:sourceId>81f67f8b-151c-4ab2-8243-9704132b5d52</con:sourceId>
        <con:propertyName>response</con:propertyName>
        <con:assertion type="Simple Contains" name="Contains 2" id="6b869c24-b304-4141-8f28-6b94b2b0a127">
          <con:configuration>
            <token>\d+</token>
            <ignoreCase>false</ignoreCase>
            <useRegEx>true</useRegEx>
          </con:configuration>
        </con:assertion>
      </con:entry>
    </con:config>
  </con:testStep>
  <con:testStep type="transfer" name="Set bi and bi item id to retrieve" id="5f80e132-d15a-4628-bb75-ff5fd9ca8425">
    <con:settings/>
    <con:config xsi:type="con:PropertyTransfersStep" xmlns:xsi="http://www.w3.org/2001/XMLSchema-instance">
      <con:transfers setNullOnMissingSource="true" transferTextContent="true" failOnError="true" ignoreEmpty="false" transferToAll="false" entitize="false" transferChildNodes="false">
        <con:name>biId</con:name>
        <con:sourceType>res_id</con:sourceType>
        <con:sourceStep>Create starter pack business interaction without session</con:sourceStep>
        <con:sourcePath/>
        <con:targetType>req_biId</con:targetType>
        <con:targetStep>Retrieve single bi item</con:targetStep>
        <con:targetPath/>
        <con:upgraded>true</con:upgraded>
      </con:transfers>
    </con:config>
  </con:testStep>
  <con:testStep type="calltestcase" name="Retrieve single bi item" id="2286a3ef-7605-4aed-81e9-112b1811fb1d">
    <con:settings/>
    <con:config xsi:type="con:RunTestCaseStep" xmlns:xsi="http://www.w3.org/2001/XMLSchema-instance">
      <con:targetTestCase>2719029b-135f-4cea-b703-7e842d476c74</con:targetTestCase>
      <con:properties>
        <con:property>
          <con:name>req_biId</con:name>
          <con:value>1031</con:value>
        </con:property>
        <con:property>
          <con:name>response</con:name>
          <con:value>[{"product":{"id":"12"},"productInformation":{"quantity":2,"status":"Sellable","serialNumberRange":{"start":1000000000000103544,"end":1000000000000103545},"isPaired":true,"description":"SIM Memory : null","productSpecification":{"id":"7"}},"id":"320"}]</con:value>
        </con:property>
        <con:property>
          <con:name>res_errorMessage</con:name>
          <con:value xsi:nil="true"/>
        </con:property>
      </con:properties>
      <con:returnProperties>
        <con:entry>response</con:entry>
        <con:entry>res_errorMessage</con:entry>
      </con:returnProperties>
      <con:runMode>PARALLELL</con:runMode>
    </con:config>
  </con:testStep>
  <con:testStep type="assertionteststep" name="Assert bi item is retrieved successfully" id="68926647-4b16-43d5-b012-e8cfd411961b">
    <con:settings/>
    <con:config xsi:type="con:AssertionTestStep" xmlns:xsi="http://www.w3.org/2001/XMLSchema-instance">
      <con:entry>
        <con:id>acefd1f7-2e3d-40d2-97b6-5d245c3ccf18</con:id>
        <con:isGroup>false</con:isGroup>
        <con:sourceId>2286a3ef-7605-4aed-81e9-112b1811fb1d</con:sourceId>
        <con:propertyName>response</con:propertyName>
        <con:assertion type="Simple Contains" name="Contains" id="5dc91eac-8be0-46fb-a8df-b17a2027e258">
          <con:configuration>
            <token>\d+</token>
            <ignoreCase>false</ignoreCase>
            <useRegEx>true</useRegEx>
          </con:configuration>
        </con:assertion>
      </con:entry>
    </con:config>
  </con:testStep>
  <con:testStep type="transfer" name="Set starter pack bi id for cancellation" id="dac5326d-737f-4cb4-95cd-54ffceca040f">
    <con:settings/>
    <con:config xsi:type="con:PropertyTransfersStep" xmlns:xsi="http://www.w3.org/2001/XMLSchema-instance">
      <con:transfers setNullOnMissingSource="true" transferTextContent="true" failOnError="true" ignoreEmpty="false" transferToAll="false" entitize="false" transferChildNodes="false">
        <con:name>biId</con:name>
        <con:sourceType>res_id</con:sourceType>
        <con:sourceStep>Create starter pack business interaction without session</con:sourceStep>
        <con:sourcePath/>
        <con:targetType>req_biId</con:targetType>
        <con:targetStep>Cancel starter pack bi which is already submitted</con:targetStep>
        <con:targetPath/>
        <con:upgraded>true</con:upgraded>
      </con:transfers>
    </con:config>
  </con:testStep>
  <con:testStep type="calltestcase" name="Cancel starter pack bi which is already submitted" id="8910ac2e-6e3d-463c-95d6-d9b971fcd8f5">
    <con:settings/>
    <con:config xsi:type="con:RunTestCaseStep" xmlns:xsi="http://www.w3.org/2001/XMLSchema-instance">
      <con:targetTestCase>316c2bc1-8aa2-4c8e-8fa6-249202b8cad5</con:targetTestCase>
      <con:properties>
        <con:property>
          <con:name>res_code</con:name>
          <con:value>INVALID_STATE_OPERATION</con:value>
        </con:property>
        <con:property>
          <con:name>res_errorMessage</con:name>
          <con:value>INVALID_STATE_OPERATION</con:value>
        </con:property>
        <con:property>
          <con:name>req_biId</con:name>
          <con:value>1031</con:value>
        </con:property>
      </con:properties>
      <con:returnProperties>
        <con:entry>res_code</con:entry>
        <con:entry>res_errorMessage</con:entry>
      </con:returnProperties>
      <con:runMode>PARALLELL</con:runMode>
    </con:config>
  </con:testStep>
  <con:testStep type="assertionteststep" name="Assert starter pack bi could not be cancelled on closed state" id="e0b2ac2e-2eb5-4053-a23d-e9aaca402705">
    <con:settings/>
    <con:config xsi:type="con:AssertionTestStep" xmlns:xsi="http://www.w3.org/2001/XMLSchema-instance">
      <con:entry>
        <con:id>57da0dd3-220c-425d-bec2-f359c2344374</con:id>
        <con:isGroup>false</con:isGroup>
        <con:sourceId>8910ac2e-6e3d-463c-95d6-d9b971fcd8f5</con:sourceId>
        <con:propertyName>res_errorMessage</con:propertyName>
        <con:assertion type="Simple Equals" name="Equals" id="4bad6e43-01fd-49af-ab58-f8c6eb581477">
          <con:configuration>
            <patternText>INVALID_STATE_OPERATION</patternText>
            <caseSensitive>true</caseSensitive>
          </con:configuration>
        </con:assertion>
      </con:entry>
      <con:entry>
        <con:id>801ff8e1-5bf7-42bd-bcd0-5272d5e3b50c</con:id>
        <con:isGroup>false</con:isGroup>
        <con:sourceId>8910ac2e-6e3d-463c-95d6-d9b971fcd8f5</con:sourceId>
        <con:propertyName>res_code</con:propertyName>
        <con:assertion type="Simple Equals" name="Equals 2" id="b0f1a492-f3e9-4e89-a894-4631078ca258">
          <con:configuration>
            <patternText>INVALID_STATE_OPERATION</patternText>
            <caseSensitive>true</caseSensitive>
          </con:configuration>
        </con:assertion>
      </con:entry>
    </con:config>
  </con:testStep>
  <con:testStep type="transfer" name="Set create sim products parameters 2" id="80d3074a-da83-4c59-8f96-49189d451a79">
    <con:settings/>
    <con:config xsi:type="con:PropertyTransfersStep" xmlns:xsi="http://www.w3.org/2001/XMLSchema-instance">
      <con:transfers setNullOnMissingSource="true" transferTextContent="true" failOnError="true" ignoreEmpty="false" transferToAll="false" entitize="false" transferChildNodes="false">
        <con:name>userRoleId</con:name>
        <con:sourceType>req_userRoleId</con:sourceType>
        <con:sourceStep>#TestCase#</con:sourceStep>
        <con:sourcePath/>
        <con:targetType>req_userRoleId</con:targetType>
        <con:targetStep>Create sim products 2</con:targetStep>
        <con:targetPath/>
        <con:upgraded>true</con:upgraded>
      </con:transfers>
      <con:transfers setNullOnMissingSource="true" transferTextContent="true" failOnError="true" ignoreEmpty="false" transferToAll="false" entitize="false" transferChildNodes="false">
        <con:name>salesOrgRoleId</con:name>
        <con:sourceType>req_salesOrgId</con:sourceType>
        <con:sourceStep>#TestCase#</con:sourceStep>
        <con:targetType>req_soRoleId</con:targetType>
        <con:targetStep>Create sim products 2</con:targetStep>
        <con:upgraded>true</con:upgraded>
      </con:transfers>
      <con:transfers setNullOnMissingSource="true" transferTextContent="true" failOnError="true" ignoreEmpty="false" transferToAll="false" entitize="false" transferChildNodes="false">
        <con:name>placeId</con:name>
        <con:sourceType>req_placeId</con:sourceType>
        <con:sourceStep>#TestCase#</con:sourceStep>
        <con:targetType>req_placeId</con:targetType>
        <con:targetStep>Create sim products 2</con:targetStep>
        <con:upgraded>true</con:upgraded>
      </con:transfers>
    </con:config>
  </con:testStep>
  <con:testStep type="calltestcase" name="Create sim products 2" id="cc7bfd54-79a1-4e9f-84dd-3439fec2073e">
    <con:settings/>
    <con:config xsi:type="con:RunTestCaseStep" xmlns:xsi="http://www.w3.org/2001/XMLSchema-instance">
      <con:targetTestCase>16d8a61e-3fd2-42b2-bc91-6bcdac56ce92</con:targetTestCase>
      <con:properties>
        <con:property>
          <con:name>req_terminalId</con:name>
          <con:value xsi:nil="true"/>
        </con:property>
        <con:property>
          <con:name>req_userRoleId</con:name>
          <con:value>49</con:value>
        </con:property>
        <con:property>
          <con:name>req_soRoleId</con:name>
          <con:value>47</con:value>
        </con:property>
        <con:property>
          <con:name>req_placeId</con:name>
          <con:value>26</con:value>
        </con:property>
        <con:property>
          <con:name>res_startSerial</con:name>
          <con:value>10000000000001453201</con:value>
        </con:property>
        <con:property>
          <con:name>res_endSerial</con:name>
          <con:value>10000000000001453211</con:value>
        </con:property>
        <con:property>
          <con:name>res_code</con:name>
          <con:value>200</con:value>
        </con:property>
        <con:property>
          <con:name>res_simProductId</con:name>
          <con:value>15</con:value>
        </con:property>
        <con:property>
          <con:name>res_serialText1</con:name>
        </con:property>
        <con:property>
          <con:name>res_serialText2</con:name>
        </con:property>
      </con:properties>
      <con:returnProperties>
        <con:entry>res_startSerial</con:entry>
        <con:entry>res_endSerial</con:entry>
        <con:entry>res_code</con:entry>
        <con:entry>res_simProductId</con:entry>
      </con:returnProperties>
      <con:runMode>PARALLELL</con:runMode>
    </con:config>
  </con:testStep>
  <con:testStep type="transfer" name="Set create starter pack business interaction paramters" id="7b64e90f-467f-4411-998f-889c93b10819">
    <con:settings/>
    <con:config xsi:type="con:PropertyTransfersStep" xmlns:xsi="http://www.w3.org/2001/XMLSchema-instance">
      <con:transfers setNullOnMissingSource="true" transferTextContent="true" failOnError="true" ignoreEmpty="false" transferToAll="false" entitize="false" transferChildNodes="false">
        <con:name>userRoleId</con:name>
        <con:sourceType>req_userRoleId</con:sourceType>
        <con:sourceStep>#TestCase#</con:sourceStep>
        <con:sourcePath/>
        <con:targetType>req_userRoleId</con:targetType>
        <con:targetStep>Create starter pack business interaction 2</con:targetStep>
        <con:targetPath/>
        <con:upgraded>true</con:upgraded>
      </con:transfers>
      <con:transfers setNullOnMissingSource="true" transferTextContent="true" failOnError="true" ignoreEmpty="false" transferToAll="false" entitize="false" transferChildNodes="false">
        <con:name>salesOrgRoleId</con:name>
        <con:sourceType>req_salesOrgId</con:sourceType>
        <con:sourceStep>#TestCase#</con:sourceStep>
        <con:targetType>req_soRoleId</con:targetType>
        <con:targetStep>Create starter pack business interaction 2</con:targetStep>
        <con:upgraded>true</con:upgraded>
      </con:transfers>
      <con:transfers setNullOnMissingSource="true" transferTextContent="true" failOnError="true" ignoreEmpty="false" transferToAll="false" entitize="false" transferChildNodes="false">
        <con:name>specId</con:name>
        <con:sourceType>biSpec</con:sourceType>
        <con:sourceStep>Given properties for the test steps</con:sourceStep>
        <con:targetType>req_biSpec</con:targetType>
        <con:targetStep>Create starter pack business interaction 2</con:targetStep>
        <con:upgraded>true</con:upgraded>
      </con:transfers>
    </con:config>
  </con:testStep>
  <con:testStep type="calltestcase" name="Create starter pack business interaction 2" id="030c448e-70c2-4788-a072-a86026425141">
    <con:settings/>
    <con:config xsi:type="con:RunTestCaseStep" xmlns:xsi="http://www.w3.org/2001/XMLSchema-instance">
      <con:targetTestCase>637528a8-67ce-4e6e-a2c5-0c0629ea45b6</con:targetTestCase>
      <con:properties>
        <con:property>
          <con:name>req_userRoleId</con:name>
          <con:value>49</con:value>
        </con:property>
        <con:property>
          <con:name>req_soRoleId</con:name>
          <con:value>47</con:value>
        </con:property>
        <con:property>
          <con:name>req_biSpec</con:name>
          <con:value>CREATESTARTERPACKBISPEC</con:value>
        </con:property>
        <con:property>
          <con:name>res_id</con:name>
          <con:value>1141</con:value>
        </con:property>
        <con:property>
          <con:name>res_code</con:name>
          <con:value xsi:nil="true"/>
        </con:property>
        <con:property>
          <con:name>res_errorMessage</con:name>
          <con:value xsi:nil="true"/>
        </con:property>
        <con:property>
          <con:name>res_httpStatus</con:name>
        </con:property>
      </con:properties>
      <con:returnProperties>
        <con:entry>res_id</con:entry>
        <con:entry>res_code</con:entry>
        <con:entry>res_errorMessage</con:entry>
      </con:returnProperties>
      <con:runMode>PARALLELL</con:runMode>
    </con:config>
  </con:testStep>
  <con:testStep type="transfer" name="Set reserve SIM's request 4" id="931cb2c4-ecfc-4346-96d7-c2c8b1a9fc0e">
    <con:settings/>
    <con:config xsi:type="con:PropertyTransfersStep" xmlns:xsi="http://www.w3.org/2001/XMLSchema-instance">
      <con:transfers setNullOnMissingSource="true" transferTextContent="true" failOnError="true" ignoreEmpty="false" transferToAll="false" entitize="false" transferChildNodes="false">
        <con:name>startICCID</con:name>
        <con:sourceType>res_startSerial</con:sourceType>
        <con:sourceStep>Create sim products 2</con:sourceStep>
        <con:sourcePath/>
        <con:targetType>req_startICCD</con:targetType>
        <con:targetStep>Reserve SIMs 4</con:targetStep>
        <con:targetPath/>
        <con:upgraded>true</con:upgraded>
      </con:transfers>
      <con:transfers setNullOnMissingSource="true" transferTextContent="true" failOnError="true" ignoreEmpty="false" transferToAll="false" entitize="false" transferChildNodes="false">
        <con:name>endICCID</con:name>
        <con:sourceType>res_endSerial</con:sourceType>
        <con:sourceStep>Create sim products 2</con:sourceStep>
        <con:targetType>req_endICCID</con:targetType>
        <con:targetStep>Reserve SIMs 4</con:targetStep>
        <con:upgraded>true</con:upgraded>
      </con:transfers>
      <con:transfers setNullOnMissingSource="true" transferTextContent="true" failOnError="true" ignoreEmpty="false" transferToAll="false" entitize="false" transferChildNodes="false">
        <con:name>simSpecExtId</con:name>
        <con:sourceType>simSpecExtID</con:sourceType>
        <con:sourceStep>Given properties for the test steps</con:sourceStep>
        <con:targetType>req_simSpecificationExternalId</con:targetType>
        <con:targetStep>Reserve SIMs 4</con:targetStep>
        <con:upgraded>true</con:upgraded>
      </con:transfers>
      <con:transfers setNullOnMissingSource="true" transferTextContent="true" failOnError="true" ignoreEmpty="false" transferToAll="false" entitize="false" transferChildNodes="false">
        <con:name>requestedQuantity</con:name>
        <con:sourceType>validQuantity</con:sourceType>
        <con:sourceStep>Given properties for the test steps</con:sourceStep>
        <con:targetType>req_requestedQuantity</con:targetType>
        <con:targetStep>Reserve SIMs 4</con:targetStep>
        <con:upgraded>true</con:upgraded>
      </con:transfers>
      <con:transfers setNullOnMissingSource="true" transferTextContent="true" failOnError="true" ignoreEmpty="false" transferToAll="false" entitize="false" transferChildNodes="false">
        <con:name>placeId</con:name>
        <con:sourceType>res_placeId</con:sourceType>
        <con:sourceStep>Create sales organization, user, inventory and terminal and place</con:sourceStep>
        <con:targetType>req_placeId</con:targetType>
        <con:targetStep>Reserve SIMs 4</con:targetStep>
        <con:upgraded>true</con:upgraded>
      </con:transfers>
      <con:transfers setNullOnMissingSource="true" transferTextContent="true" failOnError="true" ignoreEmpty="false" transferToAll="false" entitize="false" transferChildNodes="false">
        <con:name>biId</con:name>
        <con:sourceType>res_id</con:sourceType>
        <con:sourceStep>Create starter pack business interaction 2</con:sourceStep>
        <con:targetType>req_biId</con:targetType>
        <con:targetStep>Reserve SIMs 4</con:targetStep>
        <con:upgraded>true</con:upgraded>
      </con:transfers>
    </con:config>
  </con:testStep>
  <con:testStep type="calltestcase" name="Reserve SIMs 4" id="079705b1-1891-43b5-b064-fcd804daa697">
    <con:settings/>
    <con:config xsi:type="con:RunTestCaseStep" xmlns:xsi="http://www.w3.org/2001/XMLSchema-instance">
      <con:targetTestCase>06a90684-e6bc-45c1-a3fd-05f9e6abe346</con:targetTestCase>
      <con:properties>
        <con:property>
          <con:name>req_startICCD</con:name>
          <con:value>10000000000001453201</con:value>
        </con:property>
        <con:property>
          <con:name>req_endICCID</con:name>
          <con:value>10000000000001453211</con:value>
        </con:property>
        <con:property>
          <con:name>req_simSpecificationExternalId</con:name>
          <con:value>EXT-SIM-1</con:value>
        </con:property>
        <con:property>
          <con:name>req_requestedQuantity</con:name>
          <con:value>2</con:value>
        </con:property>
        <con:property>
          <con:name>req_placeId</con:name>
          <con:value>26</con:value>
        </con:property>
        <con:property>
          <con:name>res_iccids</con:name>
          <con:value>["10000000000001453201","10000000000001453211"]</con:value>
        </con:property>
        <con:property>
          <con:name>res_code</con:name>
          <con:value xsi:nil="true"/>
        </con:property>
        <con:property>
          <con:name>res_errorMessage</con:name>
          <con:value xsi:nil="true"/>
        </con:property>
        <con:property>
          <con:name>req_biId</con:name>
          <con:value>1141</con:value>
        </con:property>
      </con:properties>
      <con:returnProperties>
        <con:entry>res_iccids</con:entry>
        <con:entry>res_code</con:entry>
        <con:entry>res_errorMessage</con:entry>
      </con:returnProperties>
      <con:runMode>PARALLELL</con:runMode>
    </con:config>
  </con:testStep>
  <con:testStep type="transfer" name="Set submit bi id 2" id="38da37e8-a699-43cc-868b-97133d733458">
    <con:settings/>
    <con:config xsi:type="con:PropertyTransfersStep" xmlns:xsi="http://www.w3.org/2001/XMLSchema-instance">
      <con:transfers setNullOnMissingSource="true" transferTextContent="true" failOnError="true" ignoreEmpty="false" transferToAll="false" entitize="false" transferChildNodes="false">
        <con:name>biId</con:name>
        <con:sourceType>res_id</con:sourceType>
        <con:sourceStep>Create starter pack business interaction 2</con:sourceStep>
        <con:sourcePath/>
        <con:targetType>req_biId</con:targetType>
        <con:targetStep>Submit starter pack bi to ongoing state 2</con:targetStep>
        <con:targetPath/>
        <con:upgraded>true</con:upgraded>
      </con:transfers>
    </con:config>
  </con:testStep>
  <con:testStep type="calltestcase" name="Submit starter pack bi to ongoing state 2" id="a36440c9-cc95-455d-8125-841b0ae3f45b">
    <con:settings/>
    <con:config xsi:type="con:RunTestCaseStep" xmlns:xsi="http://www.w3.org/2001/XMLSchema-instance">
      <con:targetTestCase>7139ae50-0804-4cbc-9d4f-d7add6e31e65</con:targetTestCase>
      <con:properties>
        <con:property>
          <con:name>req_biId</con:name>
          <con:value>1141</con:value>
        </con:property>
        <con:property>
          <con:name>res_biId</con:name>
          <con:value>1141</con:value>
        </con:property>
        <con:property>
          <con:name>res_code</con:name>
          <con:value xsi:nil="true"/>
        </con:property>
        <con:property>
          <con:name>res_errorMessage</con:name>
          <con:value xsi:nil="true"/>
        </con:property>
      </con:properties>
      <con:returnProperties>
        <con:entry>res_biId</con:entry>
        <con:entry>res_code</con:entry>
        <con:entry>res_errorMessage</con:entry>
      </con:returnProperties>
      <con:runMode>PARALLELL</con:runMode>
    </con:config>
  </con:testStep>
  <con:testStep type="transfer" name="Set assign starter pack properties 2" id="e1d4e388-741f-4d72-a787-ee55b99a026b">
    <con:settings/>
    <con:config xsi:type="con:PropertyTransfersStep" xmlns:xsi="http://www.w3.org/2001/XMLSchema-instance">
      <con:transfers setNullOnMissingSource="true" transferTextContent="true" failOnError="true" ignoreEmpty="false" transferToAll="false" entitize="false" transferChildNodes="false">
        <con:name>biId</con:name>
        <con:sourceType>res_id</con:sourceType>
        <con:sourceStep>Create starter pack business interaction 2</con:sourceStep>
        <con:sourcePath/>
        <con:targetType>req_biId</con:targetType>
        <con:targetStep>Assign starter packs with already assigned serial number</con:targetStep>
        <con:targetPath/>
        <con:upgraded>true</con:upgraded>
      </con:transfers>
      <con:transfers setNullOnMissingSource="true" transferTextContent="true" failOnError="true" ignoreEmpty="false" transferToAll="false" entitize="false" transferChildNodes="false">
        <con:name>placeId</con:name>
        <con:sourceType>res_placeId</con:sourceType>
        <con:sourceStep>Create sales organization, user, inventory and terminal and place</con:sourceStep>
        <con:targetType>req_toPlaceId</con:targetType>
        <con:targetStep>Assign starter packs with already assigned serial number</con:targetStep>
        <con:upgraded>true</con:upgraded>
      </con:transfers>
      <con:transfers setNullOnMissingSource="true" transferTextContent="true" failOnError="true" ignoreEmpty="false" transferToAll="false" entitize="false" transferChildNodes="false">
        <con:name>starterPackSpexExtId</con:name>
        <con:sourceType>starterPackSpecExtId</con:sourceType>
        <con:sourceStep>Given properties for the test steps</con:sourceStep>
        <con:targetType>req_starterPackSpecificationExternalId</con:targetType>
        <con:targetStep>Assign starter packs with already assigned serial number</con:targetStep>
        <con:upgraded>true</con:upgraded>
      </con:transfers>
      <con:transfers setNullOnMissingSource="true" transferTextContent="true" failOnError="true" ignoreEmpty="false" transferToAll="false" entitize="false" transferChildNodes="false">
        <con:name>iccid1</con:name>
        <con:sourceType>res_startSerial</con:sourceType>
        <con:sourceStep>Create sim products 2</con:sourceStep>
        <con:targetType>req_iccid1</con:targetType>
        <con:targetStep>Assign starter packs with already assigned serial number</con:targetStep>
        <con:upgraded>true</con:upgraded>
      </con:transfers>
      <con:transfers setNullOnMissingSource="true" transferTextContent="true" failOnError="true" ignoreEmpty="false" transferToAll="false" entitize="false" transferChildNodes="false">
        <con:name>iccid2</con:name>
        <con:sourceType>res_endSerial</con:sourceType>
        <con:sourceStep>Create sim products 2</con:sourceStep>
        <con:targetType>req_iccid2</con:targetType>
        <con:targetStep>Assign starter packs with already assigned serial number</con:targetStep>
        <con:upgraded>true</con:upgraded>
      </con:transfers>
      <con:transfers setNullOnMissingSource="true" transferTextContent="true" failOnError="true" ignoreEmpty="false" transferToAll="false" entitize="false" transferChildNodes="false">
        <con:name>starterPackSerialText2</con:name>
        <con:sourceType>res_serialText2</con:sourceType>
        <con:sourceStep>Create sim products</con:sourceStep>
        <con:targetType>req_starterPackSerialText2</con:targetType>
        <con:targetStep>Assign starter packs with already assigned serial number</con:targetStep>
        <con:upgraded>true</con:upgraded>
      </con:transfers>
      <con:transfers setNullOnMissingSource="true" transferTextContent="true" failOnError="true" ignoreEmpty="false" transferToAll="false" entitize="false" transferChildNodes="false">
        <con:name>starterPackSerialText1</con:name>
        <con:sourceType>res_serialText1</con:sourceType>
        <con:sourceStep>Create sim products</con:sourceStep>
        <con:targetType>req_starterPackSerialText1</con:targetType>
        <con:targetStep>Assign starter packs with already assigned serial number</con:targetStep>
        <con:upgraded>true</con:upgraded>
      </con:transfers>
    </con:config>
  </con:testStep>
  <con:testStep type="calltestcase" name="Assign starter packs with already assigned serial number" id="710e6da2-e4d2-43a8-a445-689bb60020e4">
    <con:settings/>
    <con:config xsi:type="con:RunTestCaseStep" xmlns:xsi="http://www.w3.org/2001/XMLSchema-instance">
      <con:targetTestCase>442bb0ce-1cc6-4f47-9fd2-05620efabe9d</con:targetTestCase>
      <con:properties>
        <con:property>
          <con:name>req_biId</con:name>
          <con:value>1141</con:value>
        </con:property>
        <con:property>
          <con:name>req_starterPackSpecificationExternalId</con:name>
          <con:value>EXT-STARTERPACK-1</con:value>
        </con:property>
        <con:property>
          <con:name>req_toPlaceId</con:name>
          <con:value>26</con:value>
        </con:property>
        <con:property>
          <con:name>req_starterPackSerialText1</con:name>
          <con:value>1000000000003479701</con:value>
        </con:property>
        <con:property>
          <con:name>req_iccid1</con:name>
          <con:value>10000000000001453201</con:value>
        </con:property>
        <con:property>
          <con:name>res_code</con:name>
          <con:value>PRODUCT_WITH_SAME_SERIAL_TEXT_EXISTS</con:value>
        </con:property>
        <con:property>
          <con:name>res_errorMessage</con:name>
          <con:value>PRODUCT_WITH_SAME_SERIAL_TEXT_EXISTS</con:value>
        </con:property>
        <con:property>
          <con:name>res_biId</con:name>
          <con:value xsi:nil="true"/>
        </con:property>
        <con:property>
          <con:name>req_iccid2</con:name>
          <con:value>10000000000001453211</con:value>
        </con:property>
        <con:property>
          <con:name>req_starterPackSerialText2</con:name>
          <con:value>1000000000003479711</con:value>
        </con:property>
      </con:properties>
      <con:returnProperties>
        <con:entry>res_code</con:entry>
        <con:entry>res_errorMessage</con:entry>
        <con:entry>res_biId</con:entry>
      </con:returnProperties>
      <con:runMode>PARALLELL</con:runMode>
    </con:config>
  </con:testStep>
  <con:testStep type="assertionteststep" name="Assert serial numbers already exists" id="1a786485-5486-460d-b126-0024a922e409">
    <con:settings/>
    <con:config xsi:type="con:AssertionTestStep" xmlns:xsi="http://www.w3.org/2001/XMLSchema-instance">
      <con:entry>
        <con:id>9f11efec-b893-4580-8591-f6fb57a72907</con:id>
        <con:isGroup>false</con:isGroup>
        <con:sourceId>710e6da2-e4d2-43a8-a445-689bb60020e4</con:sourceId>
        <con:propertyName>res_code</con:propertyName>
        <con:assertion type="Simple Equals" name="Equals" id="64b22f04-6788-4d2d-a6cf-5bfdcc45b87e">
          <con:configuration>
            <patternObjectId>d03751cb-a7d8-4517-aadd-c3ecba7bbb3e</patternObjectId>
            <patternProperty>error_product_with_same_serial_text_exists</patternProperty>
            <caseSensitive>true</caseSensitive>
          </con:configuration>
        </con:assertion>
      </con:entry>
      <con:entry>
        <con:id>291e04fd-52ed-4c63-b61d-009cf9608a76</con:id>
        <con:isGroup>false</con:isGroup>
        <con:sourceId>710e6da2-e4d2-43a8-a445-689bb60020e4</con:sourceId>
        <con:propertyName>res_errorMessage</con:propertyName>
        <con:assertion type="Simple Equals" name="Equals 2" id="cd66038f-1f74-4c40-b059-dc647c3eae48">
          <con:configuration>
            <patternObjectId>d03751cb-a7d8-4517-aadd-c3ecba7bbb3e</patternObjectId>
            <patternProperty>error_product_with_same_serial_text_exists</patternProperty>
            <caseSensitive>true</caseSensitive>
          </con:configuration>
        </con:assertion>
      </con:entry>
    </con:config>
  </con:testStep>
  <con:testStep type="transfer" name="Set create sim products parameters 3" id="fc4bd644-a6e9-4725-9878-7d8e38e933a8">
    <con:settings/>
    <con:config xsi:type="con:PropertyTransfersStep" xmlns:xsi="http://www.w3.org/2001/XMLSchema-instance">
      <con:transfers setNullOnMissingSource="true" transferTextContent="true" failOnError="true" ignoreEmpty="false" transferToAll="false" entitize="false" transferChildNodes="false">
        <con:name>userRoleId</con:name>
        <con:sourceType>res_userRoleId</con:sourceType>
        <con:sourceStep>Create sales organization, user, inventory and terminal and place</con:sourceStep>
        <con:sourcePath/>
        <con:targetType>req_userRoleId</con:targetType>
        <con:targetStep>Create sim products 3</con:targetStep>
        <con:targetPath/>
        <con:upgraded>true</con:upgraded>
      </con:transfers>
      <con:transfers setNullOnMissingSource="true" transferTextContent="true" failOnError="true" ignoreEmpty="false" transferToAll="false" entitize="false" transferChildNodes="false">
        <con:name>salesOrgRoleId</con:name>
        <con:sourceType>res_salesOrgId</con:sourceType>
        <con:sourceStep>Create sales organization, user, inventory and terminal and place</con:sourceStep>
        <con:targetType>req_soRoleId</con:targetType>
        <con:targetStep>Create sim products 3</con:targetStep>
        <con:upgraded>true</con:upgraded>
      </con:transfers>
      <con:transfers setNullOnMissingSource="true" transferTextContent="true" failOnError="true" ignoreEmpty="false" transferToAll="false" entitize="false" transferChildNodes="false">
        <con:name>placeId</con:name>
        <con:sourceType>res_placeId</con:sourceType>
        <con:sourceStep>Create sales organization, user, inventory and terminal and place</con:sourceStep>
        <con:targetType>req_placeId</con:targetType>
        <con:targetStep>Create sim products 3</con:targetStep>
        <con:upgraded>true</con:upgraded>
      </con:transfers>
    </con:config>
  </con:testStep>
  <con:testStep type="calltestcase" name="Create sim products 3" id="cb49f3d4-35f3-4230-9f96-27a389b2c25e">
    <con:settings/>
    <con:config xsi:type="con:RunTestCaseStep" xmlns:xsi="http://www.w3.org/2001/XMLSchema-instance">
      <con:targetTestCase>16d8a61e-3fd2-42b2-bc91-6bcdac56ce92</con:targetTestCase>
      <con:properties>
        <con:property>
          <con:name>req_terminalId</con:name>
          <con:value xsi:nil="true"/>
        </con:property>
        <con:property>
          <con:name>req_userRoleId</con:name>
          <con:value>49</con:value>
        </con:property>
        <con:property>
          <con:name>req_soRoleId</con:name>
          <con:value>47</con:value>
        </con:property>
        <con:property>
          <con:name>req_placeId</con:name>
          <con:value>26</con:value>
        </con:property>
        <con:property>
          <con:name>res_startSerial</con:name>
          <con:value>10000000000003482221</con:value>
        </con:property>
        <con:property>
          <con:name>res_endSerial</con:name>
          <con:value>10000000000003482231</con:value>
        </con:property>
        <con:property>
          <con:name>res_code</con:name>
          <con:value>200</con:value>
        </con:property>
        <con:property>
          <con:name>res_simProductId</con:name>
          <con:value>16</con:value>
        </con:property>
        <con:property>
          <con:name>res_serialText1</con:name>
        </con:property>
        <con:property>
          <con:name>res_serialText2</con:name>
        </con:property>
      </con:properties>
      <con:returnProperties>
        <con:entry>res_startSerial</con:entry>
        <con:entry>res_endSerial</con:entry>
        <con:entry>res_code</con:entry>
        <con:entry>res_simProductId</con:entry>
      </con:returnProperties>
      <con:runMode>PARALLELL</con:runMode>
    </con:config>
  </con:testStep>
  <con:testStep type="transfer" name="Set create sim products parameters 4" id="3025e888-5f1a-429d-a67b-8d2cb4f257bd">
    <con:settings/>
    <con:config xsi:type="con:PropertyTransfersStep" xmlns:xsi="http://www.w3.org/2001/XMLSchema-instance">
      <con:transfers setNullOnMissingSource="true" transferTextContent="true" failOnError="true" ignoreEmpty="false" transferToAll="false" entitize="false" transferChildNodes="false">
        <con:name>userRoleId</con:name>
        <con:sourceType>res_userRoleId</con:sourceType>
        <con:sourceStep>Create sales organization, user, inventory and terminal and place</con:sourceStep>
        <con:sourcePath/>
        <con:targetType>req_userRoleId</con:targetType>
        <con:targetStep>Create sim products 4</con:targetStep>
        <con:targetPath/>
        <con:upgraded>true</con:upgraded>
      </con:transfers>
      <con:transfers setNullOnMissingSource="true" transferTextContent="true" failOnError="true" ignoreEmpty="false" transferToAll="false" entitize="false" transferChildNodes="false">
        <con:name>salesOrgRoleId</con:name>
        <con:sourceType>res_salesOrgId</con:sourceType>
        <con:sourceStep>Create sales organization, user, inventory and terminal and place</con:sourceStep>
        <con:targetType>req_soRoleId</con:targetType>
        <con:targetStep>Create sim products 4</con:targetStep>
        <con:upgraded>true</con:upgraded>
      </con:transfers>
      <con:transfers setNullOnMissingSource="true" transferTextContent="true" failOnError="true" ignoreEmpty="false" transferToAll="false" entitize="false" transferChildNodes="false">
        <con:name>placeId</con:name>
        <con:sourceType>res_placeId</con:sourceType>
        <con:sourceStep>Create sales organization, user, inventory and terminal and place</con:sourceStep>
        <con:targetType>req_placeId</con:targetType>
        <con:targetStep>Create sim products 4</con:targetStep>
        <con:upgraded>true</con:upgraded>
      </con:transfers>
    </con:config>
  </con:testStep>
  <con:testStep type="calltestcase" name="Create sim products 4" id="e0e6490d-75c7-4561-b033-f7b3dca1c63e">
    <con:settings/>
    <con:config xsi:type="con:RunTestCaseStep" xmlns:xsi="http://www.w3.org/2001/XMLSchema-instance">
      <con:targetTestCase>16d8a61e-3fd2-42b2-bc91-6bcdac56ce92</con:targetTestCase>
      <con:properties>
        <con:property>
          <con:name>req_terminalId</con:name>
          <con:value xsi:nil="true"/>
        </con:property>
        <con:property>
          <con:name>req_userRoleId</con:name>
          <con:value>49</con:value>
        </con:property>
        <con:property>
          <con:name>req_soRoleId</con:name>
          <con:value>47</con:value>
        </con:property>
        <con:property>
          <con:name>req_placeId</con:name>
          <con:value>26</con:value>
        </con:property>
        <con:property>
          <con:name>res_startSerial</con:name>
          <con:value>10000000000000894491</con:value>
        </con:property>
        <con:property>
          <con:name>res_endSerial</con:name>
          <con:value>10000000000000894501</con:value>
        </con:property>
        <con:property>
          <con:name>res_code</con:name>
          <con:value>200</con:value>
        </con:property>
        <con:property>
          <con:name>res_simProductId</con:name>
          <con:value>17</con:value>
        </con:property>
        <con:property>
          <con:name>res_serialText1</con:name>
        </con:property>
        <con:property>
          <con:name>res_serialText2</con:name>
        </con:property>
      </con:properties>
      <con:returnProperties>
        <con:entry>res_startSerial</con:entry>
        <con:entry>res_endSerial</con:entry>
        <con:entry>res_code</con:entry>
        <con:entry>res_simProductId</con:entry>
      </con:returnProperties>
      <con:runMode>PARALLELL</con:runMode>
    </con:config>
  </con:testStep>
  <con:testStep type="transfer" name="Set create starter pack business interaction paramters 2" id="b61fd0d3-0e6a-4477-add6-05383021defb">
    <con:settings/>
    <con:config xsi:type="con:PropertyTransfersStep" xmlns:xsi="http://www.w3.org/2001/XMLSchema-instance">
      <con:transfers setNullOnMissingSource="true" transferTextContent="true" failOnError="true" ignoreEmpty="false" transferToAll="false" entitize="false" transferChildNodes="false">
        <con:name>userRoleId</con:name>
        <con:sourceType>res_userRoleId</con:sourceType>
        <con:sourceStep>Create sales organization, user, inventory and terminal and place</con:sourceStep>
        <con:sourcePath/>
        <con:targetType>req_userRoleId</con:targetType>
        <con:targetStep>Create starter pack business interaction 3</con:targetStep>
        <con:targetPath/>
        <con:upgraded>true</con:upgraded>
      </con:transfers>
      <con:transfers setNullOnMissingSource="true" transferTextContent="true" failOnError="true" ignoreEmpty="false" transferToAll="false" entitize="false" transferChildNodes="false">
        <con:name>salesOrgRoleId</con:name>
        <con:sourceType>res_salesOrgId</con:sourceType>
        <con:sourceStep>Create sales organization, user, inventory and terminal and place</con:sourceStep>
        <con:targetType>req_soRoleId</con:targetType>
        <con:targetStep>Create starter pack business interaction 3</con:targetStep>
        <con:upgraded>true</con:upgraded>
      </con:transfers>
      <con:transfers setNullOnMissingSource="true" transferTextContent="true" failOnError="true" ignoreEmpty="false" transferToAll="false" entitize="false" transferChildNodes="false">
        <con:name>biSpecExtId</con:name>
        <con:sourceType>biSpec</con:sourceType>
        <con:sourceStep>Given properties for the test steps</con:sourceStep>
        <con:targetType>req_biSpec</con:targetType>
        <con:targetStep>Create starter pack business interaction 3</con:targetStep>
        <con:upgraded>true</con:upgraded>
      </con:transfers>
    </con:config>
  </con:testStep>
  <con:testStep type="calltestcase" name="Create starter pack business interaction 3" id="285c9f02-ec0d-48dc-95c6-560817e03ece">
    <con:settings/>
    <con:config xsi:type="con:RunTestCaseStep" xmlns:xsi="http://www.w3.org/2001/XMLSchema-instance">
      <con:targetTestCase>637528a8-67ce-4e6e-a2c5-0c0629ea45b6</con:targetTestCase>
      <con:properties>
        <con:property>
          <con:name>req_userRoleId</con:name>
          <con:value>49</con:value>
        </con:property>
        <con:property>
          <con:name>req_soRoleId</con:name>
          <con:value>47</con:value>
        </con:property>
        <con:property>
          <con:name>req_biSpec</con:name>
          <con:value>CREATESTARTERPACKBISPEC</con:value>
        </con:property>
        <con:property>
          <con:name>res_id</con:name>
          <con:value>1181</con:value>
        </con:property>
        <con:property>
          <con:name>res_code</con:name>
          <con:value xsi:nil="true"/>
        </con:property>
        <con:property>
          <con:name>res_errorMessage</con:name>
          <con:value xsi:nil="true"/>
        </con:property>
        <con:property>
          <con:name>res_httpStatus</con:name>
        </con:property>
      </con:properties>
      <con:returnProperties>
        <con:entry>res_id</con:entry>
        <con:entry>res_code</con:entry>
        <con:entry>res_errorMessage</con:entry>
      </con:returnProperties>
      <con:runMode>PARALLELL</con:runMode>
    </con:config>
  </con:testStep>
  <con:testStep type="transfer" name="Set reserve SIM's request 5" id="fb589f2f-7147-408e-b731-695aae4798dc">
    <con:settings/>
    <con:config xsi:type="con:PropertyTransfersStep" xmlns:xsi="http://www.w3.org/2001/XMLSchema-instance">
      <con:transfers setNullOnMissingSource="true" transferTextContent="true" failOnError="true" ignoreEmpty="false" transferToAll="false" entitize="false" transferChildNodes="false">
        <con:name>startICCID</con:name>
        <con:sourceType>res_startSerial</con:sourceType>
        <con:sourceStep>Create sim products 3</con:sourceStep>
        <con:sourcePath/>
        <con:targetType>req_startICCD</con:targetType>
        <con:targetStep>Reserve SIMs 5</con:targetStep>
        <con:targetPath/>
        <con:upgraded>true</con:upgraded>
      </con:transfers>
      <con:transfers setNullOnMissingSource="true" transferTextContent="true" failOnError="true" ignoreEmpty="false" transferToAll="false" entitize="false" transferChildNodes="false">
        <con:name>endICCID</con:name>
        <con:sourceType>res_endSerial</con:sourceType>
        <con:sourceStep>Create sim products 3</con:sourceStep>
        <con:targetType>req_endICCID</con:targetType>
        <con:targetStep>Reserve SIMs 5</con:targetStep>
        <con:upgraded>true</con:upgraded>
      </con:transfers>
      <con:transfers setNullOnMissingSource="true" transferTextContent="true" failOnError="true" ignoreEmpty="false" transferToAll="false" entitize="false" transferChildNodes="false">
        <con:name>simSpecExtId</con:name>
        <con:sourceType>simSpecExtID</con:sourceType>
        <con:sourceStep>Given properties for the test steps</con:sourceStep>
        <con:targetType>req_simSpecificationExternalId</con:targetType>
        <con:targetStep>Reserve SIMs 5</con:targetStep>
        <con:upgraded>true</con:upgraded>
      </con:transfers>
      <con:transfers setNullOnMissingSource="true" transferTextContent="true" failOnError="true" ignoreEmpty="false" transferToAll="false" entitize="false" transferChildNodes="false">
        <con:name>requestedQuantity</con:name>
        <con:sourceType>validQuantity</con:sourceType>
        <con:sourceStep>Given properties for the test steps</con:sourceStep>
        <con:targetType>req_requestedQuantity</con:targetType>
        <con:targetStep>Reserve SIMs 5</con:targetStep>
        <con:upgraded>true</con:upgraded>
      </con:transfers>
      <con:transfers setNullOnMissingSource="true" transferTextContent="true" failOnError="true" ignoreEmpty="false" transferToAll="false" entitize="false" transferChildNodes="false">
        <con:name>placeId</con:name>
        <con:sourceType>res_placeId</con:sourceType>
        <con:sourceStep>Create sales organization, user, inventory and terminal and place</con:sourceStep>
        <con:targetType>req_placeId</con:targetType>
        <con:targetStep>Reserve SIMs 5</con:targetStep>
        <con:upgraded>true</con:upgraded>
      </con:transfers>
      <con:transfers setNullOnMissingSource="true" transferTextContent="true" failOnError="true" ignoreEmpty="false" transferToAll="false" entitize="false" transferChildNodes="false">
        <con:name>biId</con:name>
        <con:sourceType>res_id</con:sourceType>
        <con:sourceStep>Create starter pack business interaction 3</con:sourceStep>
        <con:targetType>req_biId</con:targetType>
        <con:targetStep>Reserve SIMs 5</con:targetStep>
        <con:upgraded>true</con:upgraded>
      </con:transfers>
    </con:config>
  </con:testStep>
  <con:testStep type="calltestcase" name="Reserve SIMs 5" id="486415ab-220d-40b2-9878-464a261e5fe7">
    <con:settings/>
    <con:config xsi:type="con:RunTestCaseStep" xmlns:xsi="http://www.w3.org/2001/XMLSchema-instance">
      <con:targetTestCase>06a90684-e6bc-45c1-a3fd-05f9e6abe346</con:targetTestCase>
      <con:properties>
        <con:property>
          <con:name>req_startICCD</con:name>
          <con:value>10000000000003482221</con:value>
        </con:property>
        <con:property>
          <con:name>req_endICCID</con:name>
          <con:value>10000000000003482231</con:value>
        </con:property>
        <con:property>
          <con:name>req_simSpecificationExternalId</con:name>
          <con:value>EXT-SIM-1</con:value>
        </con:property>
        <con:property>
          <con:name>req_requestedQuantity</con:name>
          <con:value>2</con:value>
        </con:property>
        <con:property>
          <con:name>req_placeId</con:name>
          <con:value>26</con:value>
        </con:property>
        <con:property>
          <con:name>res_iccids</con:name>
          <con:value>["10000000000003482221","10000000000003482231"]</con:value>
        </con:property>
        <con:property>
          <con:name>res_code</con:name>
          <con:value xsi:nil="true"/>
        </con:property>
        <con:property>
          <con:name>res_errorMessage</con:name>
          <con:value xsi:nil="true"/>
        </con:property>
        <con:property>
          <con:name>req_biId</con:name>
          <con:value>1181</con:value>
        </con:property>
      </con:properties>
      <con:returnProperties>
        <con:entry>res_iccids</con:entry>
        <con:entry>res_code</con:entry>
        <con:entry>res_errorMessage</con:entry>
      </con:returnProperties>
      <con:runMode>PARALLELL</con:runMode>
    </con:config>
  </con:testStep>
  <con:testStep type="transfer" name="Set submit bi id 3" id="f31aca66-510b-4737-997a-e8e39fc30c0d">
    <con:settings/>
    <con:config xsi:type="con:PropertyTransfersStep" xmlns:xsi="http://www.w3.org/2001/XMLSchema-instance">
      <con:transfers setNullOnMissingSource="true" transferTextContent="true" failOnError="true" ignoreEmpty="false" transferToAll="false" entitize="false" transferChildNodes="false">
        <con:name>biId</con:name>
        <con:sourceType>res_id</con:sourceType>
        <con:sourceStep>Create starter pack business interaction 3</con:sourceStep>
        <con:sourcePath/>
        <con:targetType>req_biId</con:targetType>
        <con:targetStep>Submit starter pack bi to ongoing state 3</con:targetStep>
        <con:targetPath/>
        <con:upgraded>true</con:upgraded>
      </con:transfers>
    </con:config>
  </con:testStep>
  <con:testStep type="calltestcase" name="Submit starter pack bi to ongoing state 3" id="f9251b03-7060-445a-8c88-382d0fc08455">
    <con:settings/>
    <con:config xsi:type="con:RunTestCaseStep" xmlns:xsi="http://www.w3.org/2001/XMLSchema-instance">
      <con:targetTestCase>7139ae50-0804-4cbc-9d4f-d7add6e31e65</con:targetTestCase>
      <con:properties>
        <con:property>
          <con:name>req_biId</con:name>
          <con:value>1181</con:value>
        </con:property>
        <con:property>
          <con:name>res_biId</con:name>
          <con:value>1181</con:value>
        </con:property>
        <con:property>
          <con:name>res_code</con:name>
          <con:value xsi:nil="true"/>
        </con:property>
        <con:property>
          <con:name>res_errorMessage</con:name>
          <con:value xsi:nil="true"/>
        </con:property>
      </con:properties>
      <con:returnProperties>
        <con:entry>res_biId</con:entry>
        <con:entry>res_code</con:entry>
        <con:entry>res_errorMessage</con:entry>
      </con:returnProperties>
      <con:runMode>PARALLELL</con:runMode>
    </con:config>
  </con:testStep>
  <con:testStep type="transfer" name="Set assign starter pack properties 3" id="50b2439f-8544-40dd-a98f-d4cb4d382106">
    <con:settings/>
    <con:config xsi:type="con:PropertyTransfersStep" xmlns:xsi="http://www.w3.org/2001/XMLSchema-instance">
      <con:transfers setNullOnMissingSource="true" transferTextContent="true" failOnError="true" ignoreEmpty="false" transferToAll="false" entitize="false" transferChildNodes="false">
        <con:name>biId</con:name>
        <con:sourceType>res_id</con:sourceType>
        <con:sourceStep>Create starter pack business interaction 3</con:sourceStep>
        <con:sourcePath/>
        <con:targetType>req_biId</con:targetType>
        <con:targetStep>Assign starter packs with non-requested iccids</con:targetStep>
        <con:targetPath/>
        <con:upgraded>true</con:upgraded>
      </con:transfers>
      <con:transfers setNullOnMissingSource="true" transferTextContent="true" failOnError="true" ignoreEmpty="false" transferToAll="false" entitize="false" transferChildNodes="false">
        <con:name>placeId</con:name>
        <con:sourceType>res_placeId</con:sourceType>
        <con:sourceStep>Create sales organization, user, inventory and terminal and place</con:sourceStep>
        <con:targetType>req_toPlaceId</con:targetType>
        <con:targetStep>Assign starter packs with non-requested iccids</con:targetStep>
        <con:upgraded>true</con:upgraded>
      </con:transfers>
      <con:transfers setNullOnMissingSource="true" transferTextContent="true" failOnError="true" ignoreEmpty="false" transferToAll="false" entitize="false" transferChildNodes="false">
        <con:name>starterPackSpecExtId</con:name>
        <con:sourceType>starterPackSpecExtId</con:sourceType>
        <con:sourceStep>Given properties for the test steps</con:sourceStep>
        <con:targetType>req_starterPackSpecificationExternalId</con:targetType>
        <con:targetStep>Assign starter packs with non-requested iccids</con:targetStep>
        <con:upgraded>true</con:upgraded>
      </con:transfers>
      <con:transfers setNullOnMissingSource="true" transferTextContent="true" failOnError="true" ignoreEmpty="false" transferToAll="false" entitize="false" transferChildNodes="false">
        <con:name>iccid1</con:name>
        <con:sourceType>res_startSerial</con:sourceType>
        <con:sourceStep>Create sim products 4</con:sourceStep>
        <con:targetType>req_iccid1</con:targetType>
        <con:targetStep>Assign starter packs with non-requested iccids</con:targetStep>
        <con:upgraded>true</con:upgraded>
      </con:transfers>
      <con:transfers setNullOnMissingSource="true" transferTextContent="true" failOnError="true" ignoreEmpty="false" transferToAll="false" entitize="false" transferChildNodes="false">
        <con:name>iccid2</con:name>
        <con:sourceType>res_endSerial</con:sourceType>
        <con:sourceStep>Create sim products 4</con:sourceStep>
        <con:targetType>req_iccid2</con:targetType>
        <con:targetStep>Assign starter packs with non-requested iccids</con:targetStep>
        <con:upgraded>true</con:upgraded>
      </con:transfers>
      <con:transfers setNullOnMissingSource="true" transferTextContent="true" failOnError="true" ignoreEmpty="false" transferToAll="false" entitize="false" transferChildNodes="false">
        <con:name>starterPackSerialText1</con:name>
        <con:sourceType>starterPackSerialText3</con:sourceType>
        <con:sourceStep>Given properties for the test steps</con:sourceStep>
        <con:targetType>req_starterPackSerialText1</con:targetType>
        <con:targetStep>Assign starter packs with non-requested iccids</con:targetStep>
        <con:upgraded>true</con:upgraded>
      </con:transfers>
      <con:transfers setNullOnMissingSource="true" transferTextContent="true" failOnError="true" ignoreEmpty="false" transferToAll="false" entitize="false" transferChildNodes="false">
        <con:name>starterPackSerailText2</con:name>
        <con:sourceType>starterPackSerialText4</con:sourceType>
        <con:sourceStep>Given properties for the test steps</con:sourceStep>
        <con:targetType>req_starterPackSerialText2</con:targetType>
        <con:targetStep>Assign starter packs with non-requested iccids</con:targetStep>
        <con:upgraded>true</con:upgraded>
      </con:transfers>
    </con:config>
  </con:testStep>
  <con:testStep type="calltestcase" name="Assign starter packs with non-requested iccids" id="5d5fc0b5-0cf1-4e0a-aa2c-ca9dd4e3c353">
    <con:settings/>
    <con:config xsi:type="con:RunTestCaseStep" xmlns:xsi="http://www.w3.org/2001/XMLSchema-instance">
      <con:targetTestCase>442bb0ce-1cc6-4f47-9fd2-05620efabe9d</con:targetTestCase>
      <con:properties>
        <con:property>
          <con:name>req_biId</con:name>
          <con:value>1181</con:value>
        </con:property>
        <con:property>
          <con:name>req_starterPackSpecificationExternalId</con:name>
          <con:value>EXT-STARTERPACK-1</con:value>
        </con:property>
        <con:property>
          <con:name>req_toPlaceId</con:name>
          <con:value>26</con:value>
        </con:property>
        <con:property>
          <con:name>req_starterPackSerialText1</con:name>
          <con:value>3213213123333537</con:value>
        </con:property>
        <con:property>
          <con:name>req_iccid1</con:name>
          <con:value>10000000000000894491</con:value>
        </con:property>
        <con:property>
          <con:name>res_code</con:name>
          <con:value>NO_ITEMS_LEFT_AFTER_INVALID_ONES_REMOVED</con:value>
        </con:property>
        <con:property>
          <con:name>res_errorMessage</con:name>
          <con:value>NO_ITEMS_LEFT_AFTER_INVALID_ONES_REMOVED</con:value>
        </con:property>
        <con:property>
          <con:name>res_biId</con:name>
          <con:value xsi:nil="true"/>
        </con:property>
        <con:property>
          <con:name>req_iccid2</con:name>
          <con:value>10000000000000894501</con:value>
        </con:property>
        <con:property>
          <con:name>req_starterPackSerialText2</con:name>
          <con:value>43123421412425668</con:value>
        </con:property>
      </con:properties>
      <con:returnProperties>
        <con:entry>res_code</con:entry>
        <con:entry>res_errorMessage</con:entry>
        <con:entry>res_biId</con:entry>
      </con:returnProperties>
      <con:runMode>PARALLELL</con:runMode>
    </con:config>
  </con:testStep>
  <con:testStep type="assertionteststep" name="Assert starter pack is not submitted with non-requested iccids" id="2011f250-ddb9-45fb-a875-6052cbeafbc9">
    <con:settings/>
    <con:config xsi:type="con:AssertionTestStep" xmlns:xsi="http://www.w3.org/2001/XMLSchema-instance">
      <con:entry>
        <con:id>d501d4ca-9067-44bc-b8c6-b04f6e406b00</con:id>
        <con:isGroup>false</con:isGroup>
        <con:sourceId>5d5fc0b5-0cf1-4e0a-aa2c-ca9dd4e3c353</con:sourceId>
        <con:propertyName>res_errorMessage</con:propertyName>
        <con:assertion type="Simple Equals" name="Equals" id="74458750-584b-4161-ac8e-71c2a1e80f47">
          <con:configuration>
            <patternText>NO_ITEMS_LEFT_AFTER_INVALID_ONES_REMOVED</patternText>
            <caseSensitive>true</caseSensitive>
          </con:configuration>
        </con:assertion>
      </con:entry>
      <con:entry>
        <con:id>80264363-5fd3-4476-a469-0f60646b763b</con:id>
        <con:isGroup>false</con:isGroup>
        <con:sourceId>5d5fc0b5-0cf1-4e0a-aa2c-ca9dd4e3c353</con:sourceId>
        <con:propertyName>res_errorMessage</con:propertyName>
        <con:assertion type="Simple Equals" name="Equals 2" id="e46b947e-c1a3-4c38-a26c-b58e24674d6e">
          <con:configuration>
            <patternObjectId>d03751cb-a7d8-4517-aadd-c3ecba7bbb3e</patternObjectId>
            <patternProperty>error_no_items_left</patternProperty>
            <caseSensitive>true</caseSensitive>
          </con:configuration>
        </con:assertion>
      </con:entry>
    </con:config>
  </con:testStep>
  <con:properties>
    <con:property>
      <con:name>req_salesOrgRoleExtId</con:name>
      <con:value xsi:nil="true" xmlns:xsi="http://www.w3.org/2001/XMLSchema-instance"/>
    </con:property>
    <con:property>
      <con:name>req_terminalExtId</con:name>
      <con:value xsi:nil="true" xmlns:xsi="http://www.w3.org/2001/XMLSchema-instance"/>
    </con:property>
    <con:property>
      <con:name>req_inventoryExtId</con:name>
      <con:value xsi:nil="true" xmlns:xsi="http://www.w3.org/2001/XMLSchema-instance"/>
    </con:property>
    <con:property>
      <con:name>res_salesOrgId</con:name>
      <con:value xsi:nil="true" xmlns:xsi="http://www.w3.org/2001/XMLSchema-instance"/>
    </con:property>
    <con:property>
      <con:name>res_userRoleId</con:name>
      <con:value xsi:nil="true" xmlns:xsi="http://www.w3.org/2001/XMLSchema-instance"/>
    </con:property>
    <con:property>
      <con:name>res_terminalId</con:name>
      <con:value xsi:nil="true" xmlns:xsi="http://www.w3.org/2001/XMLSchema-instance"/>
    </con:property>
    <con:property>
      <con:name>res_inventoryRoleId</con:name>
      <con:value xsi:nil="true" xmlns:xsi="http://www.w3.org/2001/XMLSchema-instance"/>
    </con:property>
    <con:property>
      <con:name>req_biId</con:name>
      <con:value xsi:nil="true" xmlns:xsi="http://www.w3.org/2001/XMLSchema-instance"/>
    </con:property>
    <con:property>
      <con:name>req_userRoleId</con:name>
      <con:value>49</con:value>
    </con:property>
    <con:property>
      <con:name>req_salesOrgId</con:name>
      <con:value>47</con:value>
    </con:property>
    <con:property>
      <con:name>req_placeId</con:name>
      <con:value>26</con:value>
    </con:property>
    <con:property>
      <con:name>req_productId</con:name>
      <con:value xsi:nil="true" xmlns:xsi="http://www.w3.org/2001/XMLSchema-instance"/>
    </con:property>
    <con:property>
      <con:name>res_biId</con:name>
      <con:value xsi:nil="true" xmlns:xsi="http://www.w3.org/2001/XMLSchema-instance"/>
    </con:property>
  </con:properties>
  <con:reportParameters/>
  <con:breakPoints>
    <con:testStepId>2e1d8be0-2c7c-431b-98ec-3b23a60669ad</con:testStepId>
    <con:status>NONE</con:status>
    <con:properties/>
  </con:breakPoints>
  <con:breakPoints>
    <con:testStepId>eb2e267d-61cb-433e-9848-60790d7db241</con:testStepId>
    <con:status>NONE</con:status>
    <con:properties/>
  </con:breakPoints>
  <con:breakPoints>
    <con:testStepId>b3446091-cfbe-43f6-b12c-4b276922a044</con:testStepId>
    <con:status>NONE</con:status>
    <con:properties/>
  </con:breakPoints>
  <con:breakPoints>
    <con:testStepId>c6d094de-a1bd-4dcd-a6d7-49baf71635f7</con:testStepId>
    <con:status>NONE</con:status>
    <con:properties/>
  </con:breakPoints>
  <con:breakPoints>
    <con:testStepId>f1c092d0-1242-4b3b-82dd-932432053c9e</con:testStepId>
    <con:status>NONE</con:status>
    <con:properties/>
  </con:breakPoints>
  <con:breakPoints>
    <con:testStepId>984588f9-0e5d-4bbd-ac96-52fe2d28bdbd</con:testStepId>
    <con:status>NONE</con:status>
    <con:properties/>
  </con:breakPoints>
  <con:breakPoints>
    <con:testStepId>49f6fee4-8c18-413d-99f2-7530f363de56</con:testStepId>
    <con:status>NONE</con:status>
    <con:properties/>
  </con:breakPoints>
  <con:breakPoints>
    <con:testStepId>09f81a85-e746-4ada-87ae-b79100d3911a</con:testStepId>
    <con:status>NONE</con:status>
    <con:properties/>
  </con:breakPoints>
  <con:breakPoints>
    <con:testStepId>31156bec-973b-48a4-9ac9-efa699f0da4a</con:testStepId>
    <con:status>NONE</con:status>
    <con:properties/>
  </con:breakPoints>
  <con:breakPoints>
    <con:testStepId>d51b7b64-4fae-4758-b2a1-2231796aded1</con:testStepId>
    <con:status>NONE</con:status>
    <con:properties/>
  </con:breakPoints>
  <con:breakPoints>
    <con:testStepId>1aaed48b-3975-4635-95d1-58bdcb234722</con:testStepId>
    <con:status>NONE</con:status>
    <con:properties/>
  </con:breakPoints>
  <con:breakPoints>
    <con:testStepId>48da5b95-3ade-4e14-86ac-427f5d8eb5f3</con:testStepId>
    <con:status>NONE</con:status>
    <con:properties/>
  </con:breakPoints>
  <con:breakPoints>
    <con:testStepId>e84084a7-1ce4-4b9d-8978-25eb54d94623</con:testStepId>
    <con:status>NONE</con:status>
    <con:properties/>
  </con:breakPoints>
  <con:breakPoints>
    <con:testStepId>c30628e9-e305-4146-8c3f-456b8c6dc5f4</con:testStepId>
    <con:status>NONE</con:status>
    <con:properties/>
  </con:breakPoints>
  <con:breakPoints>
    <con:testStepId>035bfad6-84a1-4fcf-94fe-b4996b6fc59e</con:testStepId>
    <con:status>NONE</con:status>
    <con:properties/>
  </con:breakPoints>
  <con:breakPoints>
    <con:testStepId>b9fec50c-d45a-460c-aabb-135ab6ba20c0</con:testStepId>
    <con:status>NONE</con:status>
    <con:properties/>
  </con:breakPoints>
  <con:breakPoints>
    <con:testStepId>d70094d2-b624-4c71-9bc7-d7a2fcdffbde</con:testStepId>
    <con:status>NONE</con:status>
    <con:properties/>
  </con:breakPoints>
  <con:breakPoints>
    <con:testStepId>f5f2c704-11aa-4bf1-a77a-c8f24d37c33b</con:testStepId>
    <con:status>NONE</con:status>
    <con:properties/>
  </con:breakPoints>
  <con:breakPoints>
    <con:testStepId>922b28e9-7bea-44ac-9414-6b08827b4efc</con:testStepId>
    <con:status>NONE</con:status>
    <con:properties/>
  </con:breakPoints>
  <con:breakPoints>
    <con:testStepId>daab828f-6381-4d52-b993-bbb207ee9c71</con:testStepId>
    <con:status>NONE</con:status>
    <con:properties/>
  </con:breakPoints>
  <con:breakPoints>
    <con:testStepId>2c277ae4-f168-4d7a-a222-935a1dacfd53</con:testStepId>
    <con:status>NONE</con:status>
    <con:properties/>
  </con:breakPoints>
  <con:breakPoints>
    <con:testStepId>c865cbf9-fd12-46e7-90ae-60bddb17eac8</con:testStepId>
    <con:status>NONE</con:status>
    <con:properties/>
  </con:breakPoints>
  <con:breakPoints>
    <con:testStepId>b60689bf-db7f-44bf-82e5-ff8f7757ddfd</con:testStepId>
    <con:status>NONE</con:status>
    <con:properties/>
  </con:breakPoints>
  <con:breakPoints>
    <con:testStepId>25301057-3b50-467e-bbc5-b7a2194f2382</con:testStepId>
    <con:status>NONE</con:status>
    <con:properties/>
  </con:breakPoints>
  <con:breakPoints>
    <con:testStepId>a67d1b21-1f1d-40ec-b934-0e1f4bdb9de9</con:testStepId>
    <con:status>NONE</con:status>
    <con:properties/>
  </con:breakPoints>
  <con:breakPoints>
    <con:testStepId>21df94df-efe8-4a19-be91-ba4c978f6c96</con:testStepId>
    <con:status>NONE</con:status>
    <con:properties/>
  </con:breakPoints>
  <con:breakPoints>
    <con:testStepId>caef8ab8-0a89-457f-86ac-f9372e5bac2f</con:testStepId>
    <con:status>NONE</con:status>
    <con:properties/>
  </con:breakPoints>
  <con:breakPoints>
    <con:testStepId>d27542e2-b01b-44c7-9032-706f31a316e7</con:testStepId>
    <con:status>NONE</con:status>
    <con:properties/>
  </con:breakPoints>
  <con:breakPoints>
    <con:testStepId>7c41a0bf-0222-4b85-9d85-8f62b2ce3deb</con:testStepId>
    <con:status>NONE</con:status>
    <con:properties/>
  </con:breakPoints>
  <con:breakPoints>
    <con:testStepId>4086b09a-2726-435e-a493-19ab7a735b02</con:testStepId>
    <con:status>NONE</con:status>
    <con:properties/>
  </con:breakPoints>
  <con:breakPoints>
    <con:testStepId>1fdbe111-6f01-4b4d-b83e-f04ec856defd</con:testStepId>
    <con:status>NONE</con:status>
    <con:properties/>
  </con:breakPoints>
  <con:breakPoints>
    <con:testStepId>e6bcbc9f-d99d-4a9d-b185-d34d8b61e5e8</con:testStepId>
    <con:status>NONE</con:status>
    <con:properties/>
  </con:breakPoints>
  <con:breakPoints>
    <con:testStepId>6c790ce4-a681-41ad-a155-04ca1851869d</con:testStepId>
    <con:status>NONE</con:status>
    <con:properties/>
  </con:breakPoints>
  <con:breakPoints>
    <con:testStepId>e0086b9d-44e7-4047-b8a0-ea43046f24e4</con:testStepId>
    <con:status>NONE</con:status>
    <con:properties/>
  </con:breakPoints>
  <con:breakPoints>
    <con:testStepId>7ddda1c5-e48e-4fe8-a9b1-f7a283d4ea85</con:testStepId>
    <con:status>NONE</con:status>
    <con:properties/>
  </con:breakPoints>
  <con:breakPoints>
    <con:testStepId>daebb8fc-261d-4a93-a8aa-84d4e98906ce</con:testStepId>
    <con:status>NONE</con:status>
    <con:properties/>
  </con:breakPoints>
  <con:breakPoints>
    <con:testStepId>ff7967bd-456c-4c63-9b0d-e7ecc3f88211</con:testStepId>
    <con:status>NONE</con:status>
    <con:properties/>
  </con:breakPoints>
  <con:breakPoints>
    <con:testStepId>2f6c7fa8-28af-4875-9686-237e7ee9a6b2</con:testStepId>
    <con:status>NONE</con:status>
    <con:properties/>
  </con:breakPoints>
  <con:breakPoints>
    <con:testStepId>32820e70-33b9-43fa-a0cd-175c99175d40</con:testStepId>
    <con:status>NONE</con:status>
    <con:properties/>
  </con:breakPoints>
  <con:breakPoints>
    <con:testStepId>d9855adf-4b7b-4149-a5af-adcafbf502fd</con:testStepId>
    <con:status>ENABLED</con:status>
    <con:properties/>
  </con:breakPoints>
  <con:breakPoints>
    <con:testStepId>806d3778-fabc-4afd-babb-8d1130c1a89a</con:testStepId>
    <con:status>NONE</con:status>
    <con:properties/>
  </con:breakPoints>
  <con:breakPoints>
    <con:testStepId>a9971f18-5e18-46fc-9629-c7c3d51f5acf</con:testStepId>
    <con:status>NONE</con:status>
    <con:properties/>
  </con:breakPoints>
  <con:breakPoints>
    <con:testStepId>a0fbdaa7-96fa-4d82-a47f-02a5c9b7add3</con:testStepId>
    <con:status>NONE</con:status>
    <con:properties/>
  </con:breakPoints>
  <con:breakPoints>
    <con:testStepId>7dc55907-9a65-4356-a5b3-04b7a689ae71</con:testStepId>
    <con:status>NONE</con:status>
    <con:properties/>
  </con:breakPoints>
  <con:breakPoints>
    <con:testStepId>24730fa8-3c92-466b-b8ce-621a713eb12d</con:testStepId>
    <con:status>NONE</con:status>
    <con:properties/>
  </con:breakPoints>
  <con:breakPoints>
    <con:testStepId>6ee3a231-29c4-4c71-9a25-8c814db6d6ba</con:testStepId>
    <con:status>NONE</con:status>
    <con:properties/>
  </con:breakPoints>
  <con:breakPoints>
    <con:testStepId>b7c655d7-d82b-4ee7-99d4-a2d4c7060d61</con:testStepId>
    <con:status>NONE</con:status>
    <con:properties/>
  </con:breakPoints>
  <con:breakPoints>
    <con:testStepId>2f194b50-0dcd-4e44-a0ba-423528974365</con:testStepId>
    <con:status>NONE</con:status>
    <con:properties/>
  </con:breakPoints>
  <con:breakPoints>
    <con:testStepId>8f0f3835-c90c-4abf-8fe0-ef3cbdd705f2</con:testStepId>
    <con:status>NONE</con:status>
    <con:properties/>
  </con:breakPoints>
  <con:breakPoints>
    <con:testStepId>134eb39a-4b40-40e3-a723-e7716905cf8b</con:testStepId>
    <con:status>NONE</con:status>
    <con:properties/>
  </con:breakPoints>
  <con:breakPoints>
    <con:testStepId>98f05095-d4a2-47ce-b619-4d38efe513b4</con:testStepId>
    <con:status>NONE</con:status>
    <con:properties/>
  </con:breakPoints>
  <con:breakPoints>
    <con:testStepId>1800c3f6-01ab-41f2-add2-98b51fcfd3f1</con:testStepId>
    <con:status>NONE</con:status>
    <con:properties/>
  </con:breakPoints>
  <con:breakPoints>
    <con:testStepId>67fe2a85-30a2-4b02-bb89-be7af5fabda2</con:testStepId>
    <con:status>NONE</con:status>
    <con:properties/>
  </con:breakPoints>
  <con:breakPoints>
    <con:testStepId>95b2bcb4-435f-4d9f-a1c4-12bd921a1d2d</con:testStepId>
    <con:status>NONE</con:status>
    <con:properties/>
  </con:breakPoints>
  <con:breakPoints>
    <con:testStepId>961805be-6245-4be4-9262-4783005da7fd</con:testStepId>
    <con:status>NONE</con:status>
    <con:properties/>
  </con:breakPoints>
  <con:breakPoints>
    <con:testStepId>152cfdd3-98ff-42bc-91a7-a13f5cbbdd76</con:testStepId>
    <con:status>NONE</con:status>
    <con:properties/>
  </con:breakPoints>
  <con:breakPoints>
    <con:testStepId>dde76394-2b7e-4c8a-9530-461717966f10</con:testStepId>
    <con:status>NONE</con:status>
    <con:properties/>
  </con:breakPoints>
  <con:breakPoints>
    <con:testStepId>1984ca5f-cbb3-40f9-8243-d737ffb2ef08</con:testStepId>
    <con:status>NONE</con:status>
    <con:properties/>
  </con:breakPoints>
  <con:breakPoints>
    <con:testStepId>e36e80f7-f824-4d92-86de-4d14d6faaa37</con:testStepId>
    <con:status>NONE</con:status>
    <con:properties/>
  </con:breakPoints>
  <con:breakPoints>
    <con:testStepId>440827eb-5902-47dc-9e26-b11a8e468d35</con:testStepId>
    <con:status>NONE</con:status>
    <con:properties/>
  </con:breakPoints>
  <con:breakPoints>
    <con:testStepId>de463ff7-bcbb-41cd-a54d-5a10ddc7036a</con:testStepId>
    <con:status>NONE</con:status>
    <con:properties/>
  </con:breakPoints>
  <con:breakPoints>
    <con:testStepId>e701cfed-1b09-441a-942d-21e79a2773bf</con:testStepId>
    <con:status>NONE</con:status>
    <con:properties/>
  </con:breakPoints>
  <con:breakPoints>
    <con:testStepId>6683ae48-ff80-4576-9253-ee6c82633a6c</con:testStepId>
    <con:status>NONE</con:status>
    <con:properties/>
  </con:breakPoints>
  <con:breakPoints>
    <con:testStepId>add21877-e2d1-4973-8dab-be03625198cd</con:testStepId>
    <con:status>NONE</con:status>
    <con:properties/>
  </con:breakPoints>
  <con:breakPoints>
    <con:testStepId>d03751cb-a7d8-4517-aadd-c3ecba7bbb3e</con:testStepId>
    <con:status>NONE</con:status>
    <con:properties/>
  </con:breakPoints>
  <con:breakPoints>
    <con:testStepId>ac6384f5-277a-40be-af22-6dcf729b55d3</con:testStepId>
    <con:status>NONE</con:status>
    <con:properties/>
  </con:breakPoints>
  <con:breakPoints>
    <con:testStepId>76128d1b-d723-4712-9f1f-da93cc27c23e</con:testStepId>
    <con:status>NONE</con:status>
    <con:properties/>
  </con:breakPoints>
  <con:breakPoints>
    <con:testStepId>e64e1bb8-4cfc-423c-a017-2f44f9aa9a18</con:testStepId>
    <con:status>NONE</con:status>
    <con:properties/>
  </con:breakPoints>
  <con:breakPoints>
    <con:testStepId>5b4f7e67-5664-4a0a-a736-1328fac99d95</con:testStepId>
    <con:status>NONE</con:status>
    <con:properties/>
  </con:breakPoints>
  <con:breakPoints>
    <con:testStepId>d53c907f-38f2-4c33-9567-f0d538525388</con:testStepId>
    <con:status>NONE</con:status>
    <con:properties/>
  </con:breakPoints>
  <con:breakPoints>
    <con:testStepId>0fd1c726-9fce-4f1c-9333-f0f2d536e583</con:testStepId>
    <con:status>NONE</con:status>
    <con:properties/>
  </con:breakPoints>
  <con:breakPoints>
    <con:testStepId>e212c814-9e59-4a28-ae82-84fa5f7ca3ae</con:testStepId>
    <con:status>NONE</con:status>
    <con:properties/>
  </con:breakPoints>
  <con:breakPoints>
    <con:testStepId>6800350f-0355-4bf3-a6da-739ee3162897</con:testStepId>
    <con:status>NONE</con:status>
    <con:properties/>
  </con:breakPoints>
  <con:breakPoints>
    <con:testStepId>36b3ed9b-2d01-490e-aa6e-526d2542abc9</con:testStepId>
    <con:status>NONE</con:status>
    <con:properties/>
  </con:breakPoints>
  <con:breakPoints>
    <con:testStepId>8a2d4622-fb41-46af-873d-6e672c72ee0f</con:testStepId>
    <con:status>NONE</con:status>
    <con:properties/>
  </con:breakPoints>
  <con:breakPoints>
    <con:testStepId>87921513-8630-4529-8224-4d18ff965876</con:testStepId>
    <con:status>NONE</con:status>
    <con:properties/>
  </con:breakPoints>
  <con:breakPoints>
    <con:testStepId>12aad92c-fb1d-4e68-80cd-656b4caf1683</con:testStepId>
    <con:status>NONE</con:status>
    <con:properties/>
  </con:breakPoints>
  <con:breakPoints>
    <con:testStepId>cbc7434c-b9f8-4b32-abb3-96cca099820a</con:testStepId>
    <con:status>NONE</con:status>
    <con:properties/>
  </con:breakPoints>
  <con:breakPoints>
    <con:testStepId>c33d08f9-a260-4fa5-8def-c4689584bfff</con:testStepId>
    <con:status>NONE</con:status>
    <con:properties/>
  </con:breakPoints>
  <con:breakPoints>
    <con:testStepId>d4f73c1e-c6ac-4de9-8c73-2d7cb4109eb6</con:testStepId>
    <con:status>NONE</con:status>
    <con:properties/>
  </con:breakPoints>
  <con:breakPoints>
    <con:testStepId>13af589e-84eb-45ee-a750-e451416c4bdc</con:testStepId>
    <con:status>NONE</con:status>
    <con:properties/>
  </con:breakPoints>
  <con:breakPoints>
    <con:testStepId>29dd779d-92d5-4956-a067-d689df03700a</con:testStepId>
    <con:status>NONE</con:status>
    <con:properties/>
  </con:breakPoints>
  <con:breakPoints>
    <con:testStepId>6df3fd37-8382-447f-be69-1455753d10c1</con:testStepId>
    <con:status>NONE</con:status>
    <con:properties/>
  </con:breakPoints>
  <con:breakPoints>
    <con:testStepId>6d8c9879-fa4f-43f5-9302-3657caea4ef6</con:testStepId>
    <con:status>NONE</con:status>
    <con:properties/>
  </con:breakPoints>
  <con:breakPoints>
    <con:testStepId>e540e197-bbf7-4781-bf0d-630eb7e59339</con:testStepId>
    <con:status>NONE</con:status>
    <con:properties/>
  </con:breakPoints>
  <con:breakPoints>
    <con:testStepId>11b86733-3203-4ab1-89c5-a465768a635b</con:testStepId>
    <con:status>NONE</con:status>
    <con:properties/>
  </con:breakPoints>
  <con:breakPoints>
    <con:testStepId>f8b511ca-058c-4764-8e8b-d28dfc135ea6</con:testStepId>
    <con:status>NONE</con:status>
    <con:properties/>
  </con:breakPoints>
  <con:breakPoints>
    <con:testStepId>cbe13595-8ca6-46b0-b1eb-f43cdb7d4850</con:testStepId>
    <con:status>NONE</con:status>
    <con:properties/>
  </con:breakPoints>
  <con:breakPoints>
    <con:testStepId>b9d3f078-5ae8-402f-8c8e-e0f78212f28b</con:testStepId>
    <con:status>NONE</con:status>
    <con:properties/>
  </con:breakPoints>
  <con:breakPoints>
    <con:testStepId>43092223-6d5f-4a73-902e-b293c1b18f16</con:testStepId>
    <con:status>NONE</con:status>
    <con:properties/>
  </con:breakPoints>
  <con:breakPoints>
    <con:testStepId>8b8ef8eb-6eb5-4531-b789-ffdc9907235e</con:testStepId>
    <con:status>NONE</con:status>
    <con:properties/>
  </con:breakPoints>
  <con:breakPoints>
    <con:testStepId>5bc47aed-1c7e-415d-9444-b3bee81cf1a5</con:testStepId>
    <con:status>NONE</con:status>
    <con:properties/>
  </con:breakPoints>
  <con:breakPoints>
    <con:testStepId>afe18590-682f-42aa-9b16-a6077e20f072</con:testStepId>
    <con:status>NONE</con:status>
    <con:properties/>
  </con:breakPoints>
  <con:breakPoints>
    <con:testStepId>144cb497-936b-4dff-bebf-fb2a503af704</con:testStepId>
    <con:status>NONE</con:status>
    <con:properties/>
  </con:breakPoints>
  <con:breakPoints>
    <con:testStepId>362ebb13-c4b0-4e10-b2dc-9e58aaf54735</con:testStepId>
    <con:status>NONE</con:status>
    <con:properties/>
  </con:breakPoints>
  <con:breakPoints>
    <con:testStepId>6b05f91e-1383-4345-ac3f-48312eac069f</con:testStepId>
    <con:status>NONE</con:status>
    <con:properties/>
  </con:breakPoints>
  <con:breakPoints>
    <con:testStepId>39d55bba-e837-4fcf-986d-e672cc5113b0</con:testStepId>
    <con:status>NONE</con:status>
    <con:properties/>
  </con:breakPoints>
  <con:breakPoints>
    <con:testStepId>d8e6079c-55b1-4e2e-8938-5cb4b634293f</con:testStepId>
    <con:status>NONE</con:status>
    <con:properties/>
  </con:breakPoints>
  <con:breakPoints>
    <con:testStepId>34c4766f-2b89-44e3-ac6c-a8d3a3974e35</con:testStepId>
    <con:status>NONE</con:status>
    <con:properties/>
  </con:breakPoints>
  <con:breakPoints>
    <con:testStepId>67bbf70e-55d6-4809-8322-f1cfd67f499f</con:testStepId>
    <con:status>NONE</con:status>
    <con:properties/>
  </con:breakPoints>
  <con:breakPoints>
    <con:testStepId>a5118f15-0d93-4619-9549-ddeb4dd00e3b</con:testStepId>
    <con:status>NONE</con:status>
    <con:properties/>
  </con:breakPoints>
  <con:breakPoints>
    <con:testStepId>dd5a02f3-e8a7-4de3-8bf4-8f4ef4d18672</con:testStepId>
    <con:status>NONE</con:status>
    <con:properties/>
  </con:breakPoints>
  <con:breakPoints>
    <con:testStepId>b9f4f060-1587-40df-b3f3-202d1a105e3d</con:testStepId>
    <con:status>NONE</con:status>
    <con:properties/>
  </con:breakPoints>
  <con:breakPoints>
    <con:testStepId>0b0fa619-8c52-4e3b-b857-efbdc9983d07</con:testStepId>
    <con:status>NONE</con:status>
    <con:properties/>
  </con:breakPoints>
  <con:breakPoints>
    <con:testStepId>94d53be2-e245-448c-bcd8-0b7e990fe667</con:testStepId>
    <con:status>NONE</con:status>
    <con:properties/>
  </con:breakPoints>
  <con:breakPoints>
    <con:testStepId>1666813c-c199-48e6-8f9c-f4c3e092561b</con:testStepId>
    <con:status>NONE</con:status>
    <con:properties/>
  </con:breakPoints>
  <con:breakPoints>
    <con:testStepId>94845e45-dafb-44ed-82ba-69c00e769435</con:testStepId>
    <con:status>NONE</con:status>
    <con:properties/>
  </con:breakPoints>
  <con:breakPoints>
    <con:testStepId>15c713e2-2051-4c01-aa98-ee6c8ffcc739</con:testStepId>
    <con:status>NONE</con:status>
    <con:properties/>
  </con:breakPoints>
  <con:breakPoints>
    <con:testStepId>81f67f8b-151c-4ab2-8243-9704132b5d52</con:testStepId>
    <con:status>NONE</con:status>
    <con:properties/>
  </con:breakPoints>
  <con:breakPoints>
    <con:testStepId>c3f750a0-0dc0-4b38-833b-10888857f956</con:testStepId>
    <con:status>NONE</con:status>
    <con:properties/>
  </con:breakPoints>
  <con:breakPoints>
    <con:testStepId>d49077a4-3205-4427-aaf7-b1804d43b596</con:testStepId>
    <con:status>NONE</con:status>
    <con:properties/>
  </con:breakPoints>
  <con:breakPoints>
    <con:testStepId>10548f3e-fe24-47e9-bc57-97e2948c2e71</con:testStepId>
    <con:status>NONE</con:status>
    <con:properties/>
  </con:breakPoints>
  <con:breakPoints>
    <con:testStepId>a71627d0-0425-4f0a-8c96-11f5dce9d213</con:testStepId>
    <con:status>NONE</con:status>
    <con:properties/>
  </con:breakPoints>
  <con:breakPoints>
    <con:testStepId>deb224bd-afab-40d0-a499-a058d72f048e</con:testStepId>
    <con:status>NONE</con:status>
    <con:properties/>
  </con:breakPoints>
  <con:breakPoints>
    <con:testStepId>ddbac3e5-89f6-496b-b4c3-e8e5f9f4523f</con:testStepId>
    <con:status>NONE</con:status>
    <con:properties/>
  </con:breakPoints>
  <con:breakPoints>
    <con:testStepId>2117f427-d6c4-492a-9f7d-18b1d256d38f</con:testStepId>
    <con:status>NONE</con:status>
    <con:properties/>
  </con:breakPoints>
  <con:breakPoints>
    <con:testStepId>f3ab42bd-8b9c-40b3-891a-0023cda50620</con:testStepId>
    <con:status>NONE</con:status>
    <con:properties/>
  </con:breakPoints>
  <con:breakPoints>
    <con:testStepId>08fe2da5-77ee-4d1b-b011-5a94cee9559b</con:testStepId>
    <con:status>NONE</con:status>
    <con:properties/>
  </con:breakPoints>
  <con:breakPoints>
    <con:testStepId>b936384b-e7ef-4d72-9ab0-892c59615ea5</con:testStepId>
    <con:status>NONE</con:status>
    <con:properties/>
  </con:breakPoints>
  <con:breakPoints>
    <con:testStepId>d9df2a11-03d0-4ee2-bd6a-13a9e2d069b6</con:testStepId>
    <con:status>NONE</con:status>
    <con:properties/>
  </con:breakPoints>
  <con:breakPoints>
    <con:testStepId>9821c9fd-2adb-45df-ac56-0e8322745139</con:testStepId>
    <con:status>NONE</con:status>
    <con:properties/>
  </con:breakPoints>
  <con:breakPoints>
    <con:testStepId>0427a871-225d-4f56-b6d9-4f8711385365</con:testStepId>
    <con:status>NONE</con:status>
    <con:properties/>
  </con:breakPoints>
  <con:breakPoints>
    <con:testStepId>e24c0aaa-19ab-4037-9019-d73e638b4ade</con:testStepId>
    <con:status>NONE</con:status>
    <con:properties/>
  </con:breakPoints>
  <con:breakPoints>
    <con:testStepId>8d2fac49-d439-4356-a488-3665308815b0</con:testStepId>
    <con:status>NONE</con:status>
    <con:properties/>
  </con:breakPoints>
  <con:breakPoints>
    <con:testStepId>5c970e3c-80fa-42f6-9fe2-b6c02ecea40a</con:testStepId>
    <con:status>NONE</con:status>
    <con:properties/>
  </con:breakPoints>
  <con:breakPoints>
    <con:testStepId>c2405d1c-9ebb-4118-8fe9-26f41c2bd49f</con:testStepId>
    <con:status>NONE</con:status>
    <con:properties/>
  </con:breakPoints>
  <con:breakPoints>
    <con:testStepId>ab8399b2-9f40-4b0f-a03b-a5eb9e88d150</con:testStepId>
    <con:status>NONE</con:status>
    <con:properties/>
  </con:breakPoints>
  <con:breakPoints>
    <con:testStepId>48100c6e-24c2-4669-bc64-93038449d665</con:testStepId>
    <con:status>NONE</con:status>
    <con:properties/>
  </con:breakPoints>
  <con:breakPoints>
    <con:testStepId>637474e3-98b1-4137-badf-d95097d6ceb7</con:testStepId>
    <con:status>NONE</con:status>
    <con:properties/>
  </con:breakPoints>
  <con:breakPoints>
    <con:testStepId>3f8081ed-f9a9-4eda-bfc7-8e5a5742409e</con:testStepId>
    <con:status>NONE</con:status>
    <con:properties/>
  </con:breakPoints>
  <con:breakPoints>
    <con:testStepId>e0e6490d-75c7-4561-b033-f7b3dca1c63e</con:testStepId>
    <con:status>NONE</con:status>
    <con:properties/>
  </con:breakPoints>
  <con:breakPoints>
    <con:testStepId>a5cd0496-8fff-4e0e-bd29-09683f2d6ea0</con:testStepId>
    <con:status>NONE</con:status>
    <con:properties/>
  </con:breakPoints>
  <con:breakPoints>
    <con:testStepId>11d26ede-2099-4402-9056-e6ee18e45885</con:testStepId>
    <con:status>NONE</con:status>
    <con:properties/>
  </con:breakPoints>
  <con:breakPoints>
    <con:testStepId>31ae8826-1238-4953-a9a3-6a1b1b8e667f</con:testStepId>
    <con:status>NONE</con:status>
    <con:properties/>
  </con:breakPoints>
  <con:breakPoints>
    <con:testStepId>ed28342e-7bca-405c-92d5-0fad3f4779f1</con:testStepId>
    <con:status>NONE</con:status>
    <con:properties/>
  </con:breakPoints>
  <con:breakPoints>
    <con:testStepId>ea78d687-a0e6-49fb-8f41-e7968cb952df</con:testStepId>
    <con:status>NONE</con:status>
    <con:properties/>
  </con:breakPoints>
  <con:breakPoints>
    <con:testStepId>3adb808c-10ec-4a3c-a502-436b54cd4062</con:testStepId>
    <con:status>NONE</con:status>
    <con:properties/>
  </con:breakPoints>
  <con:breakPoints>
    <con:testStepId>83e74422-7908-4ed8-941e-678a8fc3a370</con:testStepId>
    <con:status>NONE</con:status>
    <con:properties/>
  </con:breakPoints>
  <con:breakPoints>
    <con:testStepId>a59a6fde-9157-43a3-afbc-bdb7a697762a</con:testStepId>
    <con:status>NONE</con:status>
    <con:properties/>
  </con:breakPoints>
  <con:breakPoints>
    <con:testStepId>1d0d3fe6-0fff-4a37-9efc-0babc0a1d6d8</con:testStepId>
    <con:status>NONE</con:status>
    <con:properties/>
  </con:breakPoints>
  <con:breakPoints>
    <con:testStepId>0f918fde-a014-4215-8bd4-645435a6aa97</con:testStepId>
    <con:status>NONE</con:status>
    <con:properties/>
  </con:breakPoints>
  <con:breakPoints>
    <con:testStepId>30566140-5420-435e-8e69-f70a5630f097</con:testStepId>
    <con:status>NONE</con:status>
    <con:properties/>
  </con:breakPoints>
  <con:breakPoints>
    <con:testStepId>d2122924-00c4-4426-bf2d-99a6366b525d</con:testStepId>
    <con:status>NONE</con:status>
    <con:properties/>
  </con:breakPoints>
  <con:breakPoints>
    <con:testStepId>47a29400-d173-4384-96f1-941f2883972a</con:testStepId>
    <con:status>NONE</con:status>
    <con:properties/>
  </con:breakPoints>
  <con:breakPoints>
    <con:testStepId>a1d95704-3d02-4ea4-82e2-a0701938b769</con:testStepId>
    <con:status>NONE</con:status>
    <con:properties/>
  </con:breakPoints>
  <con:breakPoints>
    <con:testStepId>5b61b6aa-d572-4b7a-a0ca-07f9522ffa72</con:testStepId>
    <con:status>NONE</con:status>
    <con:properties/>
  </con:breakPoints>
  <con:breakPoints>
    <con:testStepId>cc42bb32-ac86-44bd-93fa-7a4eed7eaaba</con:testStepId>
    <con:status>NONE</con:status>
    <con:properties/>
  </con:breakPoints>
  <con:breakPoints>
    <con:testStepId>d8aaca52-3d8f-4e56-8b2a-750440a7f6b6</con:testStepId>
    <con:status>NONE</con:status>
    <con:properties/>
  </con:breakPoints>
  <con:breakPoints>
    <con:testStepId>02738703-9328-4ba1-829c-974d1661b72b</con:testStepId>
    <con:status>NONE</con:status>
    <con:properties/>
  </con:breakPoints>
  <con:breakPoints>
    <con:testStepId>c4ccede3-3979-457a-ae77-1c374681fd5a</con:testStepId>
    <con:status>NONE</con:status>
    <con:properties/>
  </con:breakPoints>
  <con:breakPoints>
    <con:testStepId>d198f94e-9f1b-4461-a6a1-f4bcdb667e41</con:testStepId>
    <con:status>NONE</con:status>
    <con:properties/>
  </con:breakPoints>
  <con:breakPoints>
    <con:testStepId>5aaebb31-a30f-4e28-b8ae-f0787a70d46e</con:testStepId>
    <con:status>NONE</con:status>
    <con:properties/>
  </con:breakPoints>
  <con:breakPoints>
    <con:testStepId>aba79e0e-4d16-4b5a-b81b-e0c10262db8c</con:testStepId>
    <con:status>NONE</con:status>
    <con:properties/>
  </con:breakPoints>
  <con:breakPoints>
    <con:testStepId>4ecd9ba1-dd73-470a-a295-0bd109729749</con:testStepId>
    <con:status>NONE</con:status>
    <con:properties/>
  </con:breakPoints>
  <con:breakPoints>
    <con:testStepId>dce03db5-3111-45b8-87b7-cd14cdd15af9</con:testStepId>
    <con:status>NONE</con:status>
    <con:properties/>
  </con:breakPoints>
  <con:breakPoints>
    <con:testStepId>ca43e3d8-3838-4cf1-ab54-88541ab8b304</con:testStepId>
    <con:status>NONE</con:status>
    <con:properties/>
  </con:breakPoints>
  <con:breakPoints>
    <con:testStepId>7c138acc-06f1-4e1b-9f8e-c97462484db0</con:testStepId>
    <con:status>NONE</con:status>
    <con:properties/>
  </con:breakPoints>
  <con:breakPoints>
    <con:testStepId>8528dc53-693c-4ed5-9ced-928c7301ab6f</con:testStepId>
    <con:status>NONE</con:status>
    <con:properties/>
  </con:breakPoints>
  <con:breakPoints>
    <con:testStepId>ff6fd0e0-e95b-4b9b-921d-b5144b290cc2</con:testStepId>
    <con:status>NONE</con:status>
    <con:properties/>
  </con:breakPoints>
  <con:breakPoints>
    <con:testStepId>4a683f82-049b-4ebe-bb38-0a182a189dfd</con:testStepId>
    <con:status>NONE</con:status>
    <con:properties/>
  </con:breakPoints>
  <con:breakPoints>
    <con:testStepId>7c6ad352-1334-4c6f-a124-3629464ae4ae</con:testStepId>
    <con:status>NONE</con:status>
    <con:properties/>
  </con:breakPoints>
  <con:breakPoints>
    <con:testStepId>910cab0d-b4a4-4d69-a767-b8c2b1603888</con:testStepId>
    <con:status>NONE</con:status>
    <con:properties/>
  </con:breakPoints>
  <con:breakPoints>
    <con:testStepId>12997ce3-9926-4c56-be34-bc6dca41ecf1</con:testStepId>
    <con:status>NONE</con:status>
    <con:properties/>
  </con:breakPoints>
  <con:breakPoints>
    <con:testStepId>a025fa6e-c38f-47b3-8e0a-fa5c8c26448f</con:testStepId>
    <con:status>NONE</con:status>
    <con:properties/>
  </con:breakPoints>
  <con:breakPoints>
    <con:testStepId>18e10d02-7f29-4c0e-8acb-5682ae61ba79</con:testStepId>
    <con:status>NONE</con:status>
    <con:properties/>
  </con:breakPoints>
  <con:breakPoints>
    <con:testStepId>c65fe6a8-112c-4d6d-b2e2-91bc4457c32b</con:testStepId>
    <con:status>NONE</con:status>
    <con:properties/>
  </con:breakPoints>
  <con:breakPoints>
    <con:testStepId>214fa339-e5be-4ca8-992a-042d39ba358a</con:testStepId>
    <con:status>NONE</con:status>
    <con:properties/>
  </con:breakPoints>
  <con:breakPoints>
    <con:testStepId>85eef4e1-3fee-4367-a8b6-95d4fc06e467</con:testStepId>
    <con:status>NONE</con:status>
    <con:properties/>
  </con:breakPoints>
  <con:breakPoints>
    <con:testStepId>bcd800b1-ea88-4f3a-b495-b64f2b894d8a</con:testStepId>
    <con:status>NONE</con:status>
    <con:properties/>
  </con:breakPoints>
  <con:breakPoints>
    <con:testStepId>adc87bac-a27f-4d2c-8bab-584c667ddcc3</con:testStepId>
    <con:status>NONE</con:status>
    <con:properties/>
  </con:breakPoints>
  <con:breakPoints>
    <con:testStepId>ad4ae3fe-32d1-4856-b0a3-7f574505027f</con:testStepId>
    <con:status>NONE</con:status>
    <con:properties/>
  </con:breakPoints>
  <con:breakPoints>
    <con:testStepId>1afae9b6-4b8d-44d4-9c50-67e4ca52f21c</con:testStepId>
    <con:status>NONE</con:status>
    <con:properties/>
  </con:breakPoints>
  <con:breakPoints>
    <con:testStepId>c69a2689-6f60-43cb-9658-1a7340adcf4a</con:testStepId>
    <con:status>NONE</con:status>
    <con:properties/>
  </con:breakPoints>
  <con:breakPoints>
    <con:testStepId>5b5ebd43-9a3a-4a70-a310-cfb5273a35ad</con:testStepId>
    <con:status>NONE</con:status>
    <con:properties/>
  </con:breakPoints>
  <con:breakPoints>
    <con:testStepId>c80a0249-684a-4687-bd3d-6952f6fad94b</con:testStepId>
    <con:status>NONE</con:status>
    <con:properties/>
  </con:breakPoints>
  <con:breakPoints>
    <con:testStepId>431c02b5-0df1-4b06-a6e2-e39bad6d19e5</con:testStepId>
    <con:status>NONE</con:status>
    <con:properties/>
  </con:breakPoints>
  <con:breakPoints>
    <con:testStepId>2ce88050-d17d-4c70-a6c9-ed76cce7c3da</con:testStepId>
    <con:status>NONE</con:status>
    <con:properties/>
  </con:breakPoints>
  <con:breakPoints>
    <con:testStepId>087e3d7f-a796-40e2-82cb-ad5331f82b5e</con:testStepId>
    <con:status>NONE</con:status>
    <con:properties/>
  </con:breakPoints>
  <con:breakPoints>
    <con:testStepId>80dc5b1b-8725-4ae4-90f9-24737f1f2d34</con:testStepId>
    <con:status>NONE</con:status>
    <con:properties/>
  </con:breakPoints>
  <con:breakPoints>
    <con:testStepId>d300286a-5365-487c-bdf8-efc101fcb669</con:testStepId>
    <con:status>NONE</con:status>
    <con:properties/>
  </con:breakPoints>
  <con:breakPoints>
    <con:testStepId>3a3c60d2-8775-4607-b692-9dc066b52d2e</con:testStepId>
    <con:status>NONE</con:status>
    <con:properties/>
  </con:breakPoints>
  <con:breakPoints>
    <con:testStepId>5f914a38-1ec6-4d17-8449-d393779e4fc7</con:testStepId>
    <con:status>NONE</con:status>
    <con:properties/>
  </con:breakPoints>
  <con:breakPoints>
    <con:testStepId>e1c2dceb-121a-42d9-9248-e60667961efc</con:testStepId>
    <con:status>NONE</con:status>
    <con:properties/>
  </con:breakPoints>
  <con:breakPoints>
    <con:testStepId>5f80e132-d15a-4628-bb75-ff5fd9ca8425</con:testStepId>
    <con:status>NONE</con:status>
    <con:properties/>
  </con:breakPoints>
  <con:breakPoints>
    <con:testStepId>2286a3ef-7605-4aed-81e9-112b1811fb1d</con:testStepId>
    <con:status>NONE</con:status>
    <con:properties/>
  </con:breakPoints>
  <con:breakPoints>
    <con:testStepId>68926647-4b16-43d5-b012-e8cfd411961b</con:testStepId>
    <con:status>NONE</con:status>
    <con:properties/>
  </con:breakPoints>
  <con:breakPoints>
    <con:testStepId>dac5326d-737f-4cb4-95cd-54ffceca040f</con:testStepId>
    <con:status>NONE</con:status>
    <con:properties/>
  </con:breakPoints>
  <con:breakPoints>
    <con:testStepId>8910ac2e-6e3d-463c-95d6-d9b971fcd8f5</con:testStepId>
    <con:status>NONE</con:status>
    <con:properties/>
  </con:breakPoints>
  <con:breakPoints>
    <con:testStepId>e0b2ac2e-2eb5-4053-a23d-e9aaca402705</con:testStepId>
    <con:status>NONE</con:status>
    <con:properties/>
  </con:breakPoints>
  <con:breakPoints>
    <con:testStepId>80d3074a-da83-4c59-8f96-49189d451a79</con:testStepId>
    <con:status>NONE</con:status>
    <con:properties/>
  </con:breakPoints>
  <con:breakPoints>
    <con:testStepId>cc7bfd54-79a1-4e9f-84dd-3439fec2073e</con:testStepId>
    <con:status>NONE</con:status>
    <con:properties/>
  </con:breakPoints>
  <con:breakPoints>
    <con:testStepId>7b64e90f-467f-4411-998f-889c93b10819</con:testStepId>
    <con:status>NONE</con:status>
    <con:properties/>
  </con:breakPoints>
  <con:breakPoints>
    <con:testStepId>030c448e-70c2-4788-a072-a86026425141</con:testStepId>
    <con:status>NONE</con:status>
    <con:properties/>
  </con:breakPoints>
  <con:breakPoints>
    <con:testStepId>931cb2c4-ecfc-4346-96d7-c2c8b1a9fc0e</con:testStepId>
    <con:status>NONE</con:status>
    <con:properties/>
  </con:breakPoints>
  <con:breakPoints>
    <con:testStepId>079705b1-1891-43b5-b064-fcd804daa697</con:testStepId>
    <con:status>NONE</con:status>
    <con:properties/>
  </con:breakPoints>
  <con:breakPoints>
    <con:testStepId>38da37e8-a699-43cc-868b-97133d733458</con:testStepId>
    <con:status>NONE</con:status>
    <con:properties/>
  </con:breakPoints>
  <con:breakPoints>
    <con:testStepId>a36440c9-cc95-455d-8125-841b0ae3f45b</con:testStepId>
    <con:status>NONE</con:status>
    <con:properties/>
  </con:breakPoints>
  <con:breakPoints>
    <con:testStepId>e1d4e388-741f-4d72-a787-ee55b99a026b</con:testStepId>
    <con:status>NONE</con:status>
    <con:properties/>
  </con:breakPoints>
  <con:breakPoints>
    <con:testStepId>710e6da2-e4d2-43a8-a445-689bb60020e4</con:testStepId>
    <con:status>NONE</con:status>
    <con:properties/>
  </con:breakPoints>
  <con:breakPoints>
    <con:testStepId>1a786485-5486-460d-b126-0024a922e409</con:testStepId>
    <con:status>NONE</con:status>
    <con:properties/>
  </con:breakPoints>
  <con:breakPoints>
    <con:testStepId>fc4bd644-a6e9-4725-9878-7d8e38e933a8</con:testStepId>
    <con:status>NONE</con:status>
    <con:properties/>
  </con:breakPoints>
  <con:breakPoints>
    <con:testStepId>cb49f3d4-35f3-4230-9f96-27a389b2c25e</con:testStepId>
    <con:status>NONE</con:status>
    <con:properties/>
  </con:breakPoints>
  <con:breakPoints>
    <con:testStepId>3025e888-5f1a-429d-a67b-8d2cb4f257bd</con:testStepId>
    <con:status>NONE</con:status>
    <con:properties/>
  </con:breakPoints>
  <con:breakPoints>
    <con:testStepId>b61fd0d3-0e6a-4477-add6-05383021defb</con:testStepId>
    <con:status>NONE</con:status>
    <con:properties/>
  </con:breakPoints>
  <con:breakPoints>
    <con:testStepId>285c9f02-ec0d-48dc-95c6-560817e03ece</con:testStepId>
    <con:status>NONE</con:status>
    <con:properties/>
  </con:breakPoints>
  <con:breakPoints>
    <con:testStepId>fb589f2f-7147-408e-b731-695aae4798dc</con:testStepId>
    <con:status>NONE</con:status>
    <con:properties/>
  </con:breakPoints>
  <con:breakPoints>
    <con:testStepId>486415ab-220d-40b2-9878-464a261e5fe7</con:testStepId>
    <con:status>NONE</con:status>
    <con:properties/>
  </con:breakPoints>
  <con:breakPoints>
    <con:testStepId>f31aca66-510b-4737-997a-e8e39fc30c0d</con:testStepId>
    <con:status>NONE</con:status>
    <con:properties/>
  </con:breakPoints>
  <con:breakPoints>
    <con:testStepId>f9251b03-7060-445a-8c88-382d0fc08455</con:testStepId>
    <con:status>NONE</con:status>
    <con:properties/>
  </con:breakPoints>
  <con:breakPoints>
    <con:testStepId>50b2439f-8544-40dd-a98f-d4cb4d382106</con:testStepId>
    <con:status>NONE</con:status>
    <con:properties/>
  </con:breakPoints>
  <con:breakPoints>
    <con:testStepId>5d5fc0b5-0cf1-4e0a-aa2c-ca9dd4e3c353</con:testStepId>
    <con:status>NONE</con:status>
    <con:properties/>
  </con:breakPoints>
  <con:breakPoints>
    <con:testStepId>2011f250-ddb9-45fb-a875-6052cbeafbc9</con:testStepId>
    <con:status>NONE</con:status>
    <con:properties/>
  </con:breakPoints>
  <con:breakPoints>
    <con:testStepId>ee4f393e-0b7e-4e95-a270-7526d607756e</con:testStepId>
    <con:status>NONE</con:status>
    <con:properties/>
  </con:breakPoints>
  <con:breakPoints>
    <con:testStepId>1ddad599-954b-426f-8f0b-f97aaca20e44</con:testStepId>
    <con:status>NONE</con:status>
    <con:properties/>
  </con:breakPoints>
  <con:breakPoints>
    <con:testStepId>286ff072-11c2-4318-83b5-95e3e510b17d</con:testStepId>
    <con:status>NONE</con:status>
    <con:properties/>
  </con:breakPoints>
</con:testCase>