<?xml version="1.0" encoding="UTF-8"?>
<con:testCase id="2ba03679-a0a6-4e4a-b8d0-3e59a13069c4" discardOkResults="true" failOnError="true" failTestCaseOnErrors="true" keepSession="false" name="Test Case 2" searchProperties="true" timeout="0" wsrmEnabled="false" wsrmVersion="1.0" wsrmAckTo="" amfAuthorisation="false" amfEndpoint="" amfLogin="" amfPassword="" xmlns:con="http://eviware.com/soapui/config">
  <con:settings>
    <con:setting id="b77aec21-9dea-4f22-a7cb-abf5b7c2b18bfileName">Test-Case-2</con:setting>
    <con:setting id="2ba03679-a0a6-4e4a-b8d0-3e59a13069c4fileName">Test-Case-2</con:setting>
  </con:settings>
  <con:savedRecentRuns>1</con:savedRecentRuns>
  <con:testStep type="properties" name="Given properties for the test steps" id="0c4090d9-8499-4d2c-947d-e5692b7e307f">
    <con:settings/>
    <con:config xsi:type="con:PropertiesStep" saveFirst="true" xmlns:xsi="http://www.w3.org/2001/XMLSchema-instance">
      <con:properties>
        <con:property>
          <con:name>currency</con:name>
          <con:value>USD</con:value>
        </con:property>
        <con:property>
          <con:name>roundedAmount</con:name>
          <con:value>101</con:value>
        </con:property>
        <con:property>
          <con:name>notExistBIId</con:name>
          <con:value>-1</con:value>
        </con:property>
        <con:property>
          <con:name>emptyValue</con:name>
          <con:value/>
        </con:property>
        <con:property>
          <con:name>currencyTL</con:name>
          <con:value>TL</con:value>
        </con:property>
        <con:property>
          <con:name>currencyEUR</con:name>
          <con:value>EUR</con:value>
        </con:property>
        <con:property>
          <con:name>notEnoughAmount</con:name>
          <con:value>10000000</con:value>
        </con:property>
        <con:property>
          <con:name>notEnoughRoundedAmount</con:name>
          <con:value>10000000</con:value>
        </con:property>
        <con:property>
          <con:name>biSpec</con:name>
          <con:value>CREATESTARTERPACKBISPEC</con:value>
        </con:property>
        <con:property>
          <con:name>invalidQuantity</con:name>
          <con:value>10</con:value>
        </con:property>
        <con:property>
          <con:name>productCharacteristicValueType</con:name>
          <con:value>STRING</con:value>
        </con:property>
        <con:property>
          <con:name>startICCID</con:name>
          <con:value>222222001</con:value>
        </con:property>
        <con:property>
          <con:name>endICCID</con:name>
          <con:value>222222031</con:value>
        </con:property>
        <con:property>
          <con:name>simSpecExtID</con:name>
          <con:value>EXT-SIM-1</con:value>
        </con:property>
        <con:property>
          <con:name>validQuantity</con:name>
          <con:value>2</con:value>
        </con:property>
        <con:property>
          <con:name>starterPackSpecExtId</con:name>
          <con:value>EXT-STARTERPACK-1</con:value>
        </con:property>
        <con:property>
          <con:name>starterPackSerialText1</con:name>
          <con:value>32132131232</con:value>
        </con:property>
        <con:property>
          <con:name>starterPackSerialText2</con:name>
          <con:value>33123421412429</con:value>
        </con:property>
        <con:property>
          <con:name>httpCode200</con:name>
          <con:value>200</con:value>
        </con:property>
        <con:property>
          <con:name>statusSellable</con:name>
          <con:value>1</con:value>
        </con:property>
        <con:property>
          <con:name>statusNonSellable</con:name>
          <con:value>4</con:value>
        </con:property>
        <con:property>
          <con:name>error_iccid_starter_pack_info_must_be_provided</con:name>
          <con:value>ICCID_STARTER_PACK_INFO_MUST_BE_PROVIDED</con:value>
        </con:property>
        <con:property>
          <con:name>true</con:name>
          <con:value>true</con:value>
        </con:property>
        <con:property>
          <con:name>randomExtId</con:name>
          <con:value>u${=java.util.UUID.randomUUID()}</con:value>
        </con:property>
        <con:property>
          <con:name>userCreateBiSpec</con:name>
          <con:value>USERCREATEBISPEC</con:value>
        </con:property>
        <con:property>
          <con:name>error_user_needs_session</con:name>
          <con:value>USER_NEEDS_A_SESSION_TO_CREATE_THIS_BUSINESS_INTERACTION</con:value>
        </con:property>
      </con:properties>
    </con:config>
  </con:testStep>
  <con:testStep type="transfer" name="Set initial data request parameters" id="98d91f97-8c85-4220-92df-e67e86c4000e">
    <con:settings/>
    <con:config xsi:type="con:PropertyTransfersStep" xmlns:xsi="http://www.w3.org/2001/XMLSchema-instance">
      <con:transfers setNullOnMissingSource="true" transferTextContent="true" failOnError="true" ignoreEmpty="false" transferToAll="false" entitize="false" transferChildNodes="false">
        <con:name>createdByUserRoleId</con:name>
        <con:sourceType>DefaultUserRoleId</con:sourceType>
        <con:sourceStep>#Project#</con:sourceStep>
        <con:sourcePath/>
        <con:targetType>req_createdByUserRoleId</con:targetType>
        <con:targetStep>Create sales organization, user, inventory and terminal and place</con:targetStep>
        <con:targetPath/>
        <con:upgraded>true</con:upgraded>
      </con:transfers>
      <con:transfers setNullOnMissingSource="true" transferTextContent="true" failOnError="true" ignoreEmpty="false" transferToAll="false" entitize="false" transferChildNodes="false">
        <con:name>createdBySalesOrgRoleId</con:name>
        <con:sourceType>DefaultSalesOrganizationRoleId</con:sourceType>
        <con:sourceStep>#Project#</con:sourceStep>
        <con:targetType>req_createdBySalesOrgRoleId</con:targetType>
        <con:targetStep>Create sales organization, user, inventory and terminal and place</con:targetStep>
        <con:upgraded>true</con:upgraded>
      </con:transfers>
    </con:config>
  </con:testStep>
  <con:testStep type="calltestcase" name="Create sales organization, user, inventory and terminal and place" id="3f2a51cd-fdba-4b82-afd4-4777c8e7ccac">
    <con:settings/>
    <con:config xsi:type="con:RunTestCaseStep" xmlns:xsi="http://www.w3.org/2001/XMLSchema-instance">
      <con:targetTestCase>b92a7c8d-a0ed-4725-99e9-4866fd949629</con:targetTestCase>
      <con:properties>
        <con:property>
          <con:name>req_createdByUserRoleId</con:name>
          <con:value>2</con:value>
        </con:property>
        <con:property>
          <con:name>req_createdBySalesOrgRoleId</con:name>
          <con:value>1</con:value>
        </con:property>
        <con:property>
          <con:name>req_userRoleExtId</con:name>
          <con:value>u${=java.util.UUID.randomUUID()}</con:value>
        </con:property>
        <con:property>
          <con:name>req_salesOrgRoleExtId</con:name>
          <con:value>s${=java.util.UUID.randomUUID()}</con:value>
        </con:property>
        <con:property>
          <con:name>req_terminalExtId</con:name>
          <con:value>t${=java.util.UUID.randomUUID()}</con:value>
        </con:property>
        <con:property>
          <con:name>req_inventoryExtId</con:name>
          <con:value>i${=java.util.UUID.randomUUID()}</con:value>
        </con:property>
        <con:property>
          <con:name>res_salesOrgBiId</con:name>
        </con:property>
        <con:property>
          <con:name>res_userRoleBiId</con:name>
        </con:property>
        <con:property>
          <con:name>res_terminalBiId</con:name>
        </con:property>
        <con:property>
          <con:name>res_inventoryRoleBiId</con:name>
        </con:property>
        <con:property>
          <con:name>res_salesOrgId</con:name>
          <con:value>27</con:value>
        </con:property>
        <con:property>
          <con:name>res_userRoleId</con:name>
          <con:value>29</con:value>
        </con:property>
        <con:property>
          <con:name>res_terminalId</con:name>
          <con:value>7</con:value>
        </con:property>
        <con:property>
          <con:name>res_inventoryRoleId</con:name>
          <con:value>30</con:value>
        </con:property>
        <con:property>
          <con:name>res_placeId</con:name>
          <con:value>16</con:value>
        </con:property>
        <con:property>
          <con:name>res_soExtId</con:name>
        </con:property>
        <con:property>
          <con:name>res_salesOrganisationExternalId</con:name>
        </con:property>
        <con:property>
          <con:name>userToken</con:name>
          <con:value>Bearer eyJraWQiOiIxIiwiYWxnIjoiUlMyNTYifQ.eyJpc3MiOiJVTVMtUHJlZmlsdGVyLUNoZWNrQXV0aG9yaXplIiwic3ViIjoiVEVTVCIsImF1ZCI6IlJNIiwiaWF0IjoxNDg3MTYwOTc5LCJleHAiOjE1MTg3NTMxOTYsImF1dGhfdGltZSI6IjEzMTEyODA4NzAiLCJub25jZSI6Im4tMFM2X1d6QTJNaiIsIm5hbWUiOiJVTVMgVGVzdCBVc2VyIiwieF9kYnNzIjp7ImF1dGh6UHJvZmlsZU5hbWUiOiJDU1JfQXV0aHpQcm9maWxlIiwidmVyc2lvbiI6InYxIiwicGFydHlfaWQiOiIxMjMiLCJleHRlcm5hbF91c2VybmFtZSI6InVjMjFmMDU1Yi0xZGMyLTQ2ZGYtYjlmYS0wZTVlMmZhMzkwOWYifX0.wkDi93ebiZl0BhkwcqCND7RfCeuVq3fUfK1vnr3UkYMW-BHXtuNdjtT1Vu6Hd5AbZim2FZbkqiOzmFmmYWQWSq-Y-ficj9IQh8BN-oUKtbR5A4gaNK8xDgtQ_sSfOsmTnGgL2jR6_zH4_QRimFvWg3jI8eowYlV0v-de5UmNccM</con:value>
        </con:property>
        <con:property>
          <con:name>userIntToken</con:name>
        </con:property>
        <con:property>
          <con:name>req_email</con:name>
        </con:property>
      </con:properties>
      <con:returnProperties>
        <con:entry>res_inventoryRoleId</con:entry>
        <con:entry>res_placeId</con:entry>
        <con:entry>res_salesOrgId</con:entry>
        <con:entry>res_terminalId</con:entry>
        <con:entry>res_userRoleId</con:entry>
        <con:entry>userToken</con:entry>
      </con:returnProperties>
      <con:runMode>PARALLELL</con:runMode>
    </con:config>
  </con:testStep>
  <con:testStep type="assertionteststep" name="Assert if user id, so id, inventory id and terminal id not null" id="0c0c6bda-d878-4eec-9ada-ddce5ddc7779">
    <con:settings/>
    <con:config xsi:type="con:AssertionTestStep" xmlns:xsi="http://www.w3.org/2001/XMLSchema-instance">
      <con:entry>
        <con:id>6c5a2395-dbd1-446f-a4bf-ed32642cd810</con:id>
        <con:isGroup>false</con:isGroup>
        <con:sourceId>3f2a51cd-fdba-4b82-afd4-4777c8e7ccac</con:sourceId>
        <con:propertyName>res_salesOrgId</con:propertyName>
        <con:assertion type="Simple Contains" name="salesOrgId" id="c19e8ac0-560b-4b6f-b972-c6416777e62c">
          <con:configuration>
            <token>\d+</token>
            <ignoreCase>false</ignoreCase>
            <useRegEx>true</useRegEx>
          </con:configuration>
        </con:assertion>
      </con:entry>
      <con:entry>
        <con:id>bbcb6863-966c-4e1d-9fd0-75a62e7836bf</con:id>
        <con:isGroup>false</con:isGroup>
        <con:sourceId>3f2a51cd-fdba-4b82-afd4-4777c8e7ccac</con:sourceId>
        <con:propertyName>res_userRoleId</con:propertyName>
        <con:assertion type="Simple Contains" name="userId" id="a5b7b7e7-230c-41b6-bacf-dbbff4c1745e">
          <con:configuration>
            <token>\d+</token>
            <ignoreCase>false</ignoreCase>
            <useRegEx>true</useRegEx>
          </con:configuration>
        </con:assertion>
      </con:entry>
      <con:entry>
        <con:id>b574b1f2-dde4-44d5-a4ab-2fd78d468fd9</con:id>
        <con:isGroup>false</con:isGroup>
        <con:sourceId>3f2a51cd-fdba-4b82-afd4-4777c8e7ccac</con:sourceId>
        <con:propertyName>res_terminalId</con:propertyName>
        <con:assertion type="Simple Contains" name="terminalId" id="44bda7fc-80a9-4fa7-bc7d-7320c194eb99">
          <con:configuration>
            <token>\d+</token>
            <ignoreCase>false</ignoreCase>
            <useRegEx>true</useRegEx>
          </con:configuration>
        </con:assertion>
      </con:entry>
      <con:entry>
        <con:id>7b2f8403-9ed7-4347-856a-71e412015adb</con:id>
        <con:isGroup>false</con:isGroup>
        <con:sourceId>3f2a51cd-fdba-4b82-afd4-4777c8e7ccac</con:sourceId>
        <con:propertyName>res_inventoryRoleId</con:propertyName>
        <con:assertion type="Simple Contains" name="inventoryId" id="b2afbf4d-08a5-49bd-8858-182ad0cfa2cb">
          <con:configuration>
            <token>\d+</token>
            <ignoreCase>false</ignoreCase>
            <useRegEx>true</useRegEx>
          </con:configuration>
        </con:assertion>
      </con:entry>
      <con:entry>
        <con:id>c75459c7-438e-4f22-86ca-59a41dcadef2</con:id>
        <con:isGroup>false</con:isGroup>
        <con:sourceId>3f2a51cd-fdba-4b82-afd4-4777c8e7ccac</con:sourceId>
        <con:propertyName>res_placeId</con:propertyName>
        <con:assertion type="Simple Contains" name="placeId" id="96df3403-1c74-421e-9d88-3bd8dd4c32ac">
          <con:configuration>
            <token>\d+</token>
            <ignoreCase>false</ignoreCase>
            <useRegEx>true</useRegEx>
          </con:configuration>
        </con:assertion>
      </con:entry>
    </con:config>
  </con:testStep>
  <con:testStep type="transfer" name="Set userRoleId,salesOrgRoleId and placeId to test case" id="befafeef-e0cf-4f04-b06b-3cc605eeb7f8">
    <con:settings/>
    <con:config xsi:type="con:PropertyTransfersStep" xmlns:xsi="http://www.w3.org/2001/XMLSchema-instance">
      <con:transfers setNullOnMissingSource="true" transferTextContent="true" failOnError="true" ignoreEmpty="false" transferToAll="false" entitize="false" transferChildNodes="false">
        <con:name>userRoleId</con:name>
        <con:sourceType>res_userRoleId</con:sourceType>
        <con:sourceStep>Create sales organization, user, inventory and terminal and place</con:sourceStep>
        <con:sourcePath/>
        <con:targetType>req_userRoleId</con:targetType>
        <con:targetStep>#TestCase#</con:targetStep>
        <con:targetPath/>
        <con:upgraded>true</con:upgraded>
      </con:transfers>
      <con:transfers setNullOnMissingSource="true" transferTextContent="true" failOnError="true" ignoreEmpty="false" transferToAll="false" entitize="false" transferChildNodes="false">
        <con:name>salesOrgRoleId</con:name>
        <con:sourceType>res_salesOrgId</con:sourceType>
        <con:sourceStep>Create sales organization, user, inventory and terminal and place</con:sourceStep>
        <con:targetType>req_salesOrgRoleId</con:targetType>
        <con:targetStep>#TestCase#</con:targetStep>
        <con:upgraded>true</con:upgraded>
      </con:transfers>
      <con:transfers setNullOnMissingSource="true" transferTextContent="true" failOnError="true" ignoreEmpty="false" transferToAll="false" entitize="false" transferChildNodes="false">
        <con:name>placeId</con:name>
        <con:sourceType>res_placeId</con:sourceType>
        <con:sourceStep>Create sales organization, user, inventory and terminal and place</con:sourceStep>
        <con:targetType>req_placeId</con:targetType>
        <con:targetStep>#TestCase#</con:targetStep>
        <con:upgraded>true</con:upgraded>
      </con:transfers>
    </con:config>
  </con:testStep>
  <con:testStep type="transfer" name="Set bi parameters to create bi successfully" id="b9ba51c3-0e09-4de5-a1f6-fe2c0020fadf">
    <con:settings/>
    <con:config xsi:type="con:PropertyTransfersStep" xmlns:xsi="http://www.w3.org/2001/XMLSchema-instance">
      <con:transfers setNullOnMissingSource="true" transferTextContent="true" failOnError="true" ignoreEmpty="false" transferToAll="false" entitize="false" transferChildNodes="false">
        <con:name>biSpec</con:name>
        <con:sourceType>biSpec</con:sourceType>
        <con:sourceStep>Given properties for the test steps</con:sourceStep>
        <con:sourcePath/>
        <con:targetType>req_biSpec</con:targetType>
        <con:targetStep>Create starter pack business interaction without session</con:targetStep>
        <con:targetPath/>
        <con:upgraded>true</con:upgraded>
      </con:transfers>
      <con:transfers setNullOnMissingSource="true" transferTextContent="true" failOnError="true" ignoreEmpty="false" transferToAll="false" entitize="false" transferChildNodes="false">
        <con:name>userRoleID</con:name>
        <con:sourceType>req_userRoleId</con:sourceType>
        <con:sourceStep>#TestCase#</con:sourceStep>
        <con:targetType>req_userRoleId</con:targetType>
        <con:targetStep>Create starter pack business interaction without session</con:targetStep>
        <con:upgraded>true</con:upgraded>
      </con:transfers>
      <con:transfers setNullOnMissingSource="true" transferTextContent="true" failOnError="true" ignoreEmpty="false" transferToAll="false" entitize="false" transferChildNodes="false">
        <con:name>soRoleId</con:name>
        <con:sourceType>req_salesOrgRoleId</con:sourceType>
        <con:sourceStep>#TestCase#</con:sourceStep>
        <con:targetType>req_soRoleId</con:targetType>
        <con:targetStep>Create starter pack business interaction without session</con:targetStep>
        <con:upgraded>true</con:upgraded>
      </con:transfers>
    </con:config>
  </con:testStep>
  <con:testStep type="calltestcase" name="Create starter pack business interaction without session" id="dd89ada4-0fcb-4038-ab06-1c3f146e0a08">
    <con:settings/>
    <con:config xsi:type="con:RunTestCaseStep" xmlns:xsi="http://www.w3.org/2001/XMLSchema-instance">
      <con:targetTestCase>637528a8-67ce-4e6e-a2c5-0c0629ea45b6</con:targetTestCase>
      <con:properties>
        <con:property>
          <con:name>req_userRoleId</con:name>
          <con:value>29</con:value>
        </con:property>
        <con:property>
          <con:name>req_biSpec</con:name>
          <con:value>CREATESTARTERPACKBISPEC</con:value>
        </con:property>
        <con:property>
          <con:name>req_soRoleId</con:name>
          <con:value>27</con:value>
        </con:property>
        <con:property>
          <con:name>res_id</con:name>
          <con:value>1021</con:value>
        </con:property>
        <con:property>
          <con:name>res_code</con:name>
          <con:value xsi:nil="true"/>
        </con:property>
        <con:property>
          <con:name>res_errorMessage</con:name>
          <con:value xsi:nil="true"/>
        </con:property>
        <con:property>
          <con:name>res_httpStatus</con:name>
        </con:property>
      </con:properties>
      <con:returnProperties>
        <con:entry>res_id</con:entry>
        <con:entry>res_code</con:entry>
        <con:entry>res_errorMessage</con:entry>
      </con:returnProperties>
      <con:runMode>PARALLELL</con:runMode>
    </con:config>
  </con:testStep>
  <con:testStep type="assertionteststep" name="Assert bi is created successfully" id="2404a903-cd55-4327-93aa-f6f63c74f085">
    <con:settings/>
    <con:config xsi:type="con:AssertionTestStep" xmlns:xsi="http://www.w3.org/2001/XMLSchema-instance">
      <con:entry>
        <con:id>8af78e5b-c97a-49c9-b2bf-d75bcfc9e305</con:id>
        <con:isGroup>false</con:isGroup>
        <con:sourceId>dd89ada4-0fcb-4038-ab06-1c3f146e0a08</con:sourceId>
        <con:propertyName>res_id</con:propertyName>
        <con:assertion type="Simple Contains" name="Contains" id="c42be5e4-57e2-4a8e-9d94-8b1f81a71486">
          <con:configuration>
            <token>\d+</token>
            <ignoreCase>false</ignoreCase>
            <useRegEx>true</useRegEx>
          </con:configuration>
        </con:assertion>
      </con:entry>
    </con:config>
  </con:testStep>
  <con:testStep type="transfer" name="Set create sim products parameters" id="3e5ff1bc-3c55-4ac8-8174-3699e528268c">
    <con:settings/>
    <con:config xsi:type="con:PropertyTransfersStep" xmlns:xsi="http://www.w3.org/2001/XMLSchema-instance">
      <con:transfers setNullOnMissingSource="true" transferTextContent="true" failOnError="true" ignoreEmpty="false" transferToAll="false" entitize="false" transferChildNodes="false">
        <con:name>userRoleId</con:name>
        <con:sourceType>req_userRoleId</con:sourceType>
        <con:sourceStep>#TestCase#</con:sourceStep>
        <con:sourcePath/>
        <con:targetType>req_userRoleId</con:targetType>
        <con:targetStep>Create sim products</con:targetStep>
        <con:targetPath/>
        <con:upgraded>true</con:upgraded>
      </con:transfers>
      <con:transfers setNullOnMissingSource="true" transferTextContent="true" failOnError="true" ignoreEmpty="false" transferToAll="false" entitize="false" transferChildNodes="false">
        <con:name>soRoleId</con:name>
        <con:sourceType>req_salesOrgRoleId</con:sourceType>
        <con:sourceStep>#TestCase#</con:sourceStep>
        <con:targetType>req_soRoleId</con:targetType>
        <con:targetStep>Create sim products</con:targetStep>
        <con:upgraded>true</con:upgraded>
      </con:transfers>
      <con:transfers setNullOnMissingSource="true" transferTextContent="true" failOnError="true" ignoreEmpty="false" transferToAll="false" entitize="false" transferChildNodes="false">
        <con:name>placeId</con:name>
        <con:sourceType>req_placeId</con:sourceType>
        <con:sourceStep>#TestCase#</con:sourceStep>
        <con:targetType>req_placeId</con:targetType>
        <con:targetStep>Create sim products</con:targetStep>
        <con:upgraded>true</con:upgraded>
      </con:transfers>
      <con:transfers setNullOnMissingSource="true" transferTextContent="true" failOnError="true" ignoreEmpty="false" transferToAll="false" entitize="false" transferChildNodes="false">
        <con:name>terminalId</con:name>
        <con:sourceType>res_terminalId</con:sourceType>
        <con:sourceStep>Create sales organization, user, inventory and terminal and place</con:sourceStep>
        <con:targetType>req_terminalId</con:targetType>
        <con:targetStep>Create sim products</con:targetStep>
        <con:upgraded>true</con:upgraded>
      </con:transfers>
    </con:config>
  </con:testStep>
  <con:testStep type="calltestcase" name="Create sim products" id="a388858e-cbde-427a-ae4f-10f5e081b80b">
    <con:settings/>
    <con:config xsi:type="con:RunTestCaseStep" xmlns:xsi="http://www.w3.org/2001/XMLSchema-instance">
      <con:targetTestCase>16d8a61e-3fd2-42b2-bc91-6bcdac56ce92</con:targetTestCase>
      <con:properties>
        <con:property>
          <con:name>req_terminalId</con:name>
          <con:value>7</con:value>
        </con:property>
        <con:property>
          <con:name>req_userRoleId</con:name>
          <con:value>29</con:value>
        </con:property>
        <con:property>
          <con:name>req_soRoleId</con:name>
          <con:value>27</con:value>
        </con:property>
        <con:property>
          <con:name>req_placeId</con:name>
          <con:value>16</con:value>
        </con:property>
        <con:property>
          <con:name>res_code</con:name>
          <con:value>200</con:value>
        </con:property>
        <con:property>
          <con:name>res_startSerial</con:name>
          <con:value>10000000000009404221</con:value>
        </con:property>
        <con:property>
          <con:name>res_endSerial</con:name>
          <con:value>10000000000009404231</con:value>
        </con:property>
        <con:property>
          <con:name>res_simProductId</con:name>
        </con:property>
        <con:property>
          <con:name>res_serialText1</con:name>
        </con:property>
        <con:property>
          <con:name>res_serialText2</con:name>
        </con:property>
      </con:properties>
      <con:returnProperties>
        <con:entry>res_startSerial</con:entry>
        <con:entry>res_endSerial</con:entry>
        <con:entry>res_code</con:entry>
      </con:returnProperties>
      <con:runMode>PARALLELL</con:runMode>
    </con:config>
  </con:testStep>
  <con:testStep type="assertionteststep" name="Assert sim products are created successfully" id="5b3430e0-5f38-4194-949e-ba7ac4e67de3">
    <con:settings/>
    <con:config xsi:type="con:AssertionTestStep" xmlns:xsi="http://www.w3.org/2001/XMLSchema-instance">
      <con:entry>
        <con:id>fa608e6e-8515-409c-bc3c-76a6bef98241</con:id>
        <con:isGroup>false</con:isGroup>
        <con:sourceId>a388858e-cbde-427a-ae4f-10f5e081b80b</con:sourceId>
        <con:propertyName>res_code</con:propertyName>
        <con:assertion type="Simple Contains" name="Contains" id="7cc118d1-f743-4346-b03c-0c6bdb90960d">
          <con:configuration>
            <token>200</token>
            <ignoreCase>false</ignoreCase>
            <useRegEx>false</useRegEx>
          </con:configuration>
        </con:assertion>
      </con:entry>
      <con:entry>
        <con:id>b4ffa607-2fd5-4aa8-ba22-e571d9eb02ff</con:id>
        <con:isGroup>false</con:isGroup>
        <con:sourceId>a388858e-cbde-427a-ae4f-10f5e081b80b</con:sourceId>
        <con:propertyName>res_startSerial</con:propertyName>
        <con:assertion type="Simple Contains" name="Contains 2" id="ed98e9f2-203a-43b8-bb65-7af3e3dde3eb">
          <con:configuration>
            <token>\d+</token>
            <ignoreCase>false</ignoreCase>
            <useRegEx>true</useRegEx>
          </con:configuration>
        </con:assertion>
      </con:entry>
      <con:entry>
        <con:id>51697b79-4db7-4a71-820e-cfdb306a7fb1</con:id>
        <con:isGroup>false</con:isGroup>
        <con:sourceId>a388858e-cbde-427a-ae4f-10f5e081b80b</con:sourceId>
        <con:propertyName>res_endSerial</con:propertyName>
        <con:assertion type="Simple Contains" name="Contains 3" id="a617eea3-5a3f-4614-a33c-39d667fabbae">
          <con:configuration>
            <token>\d+</token>
            <ignoreCase>false</ignoreCase>
            <useRegEx>true</useRegEx>
          </con:configuration>
        </con:assertion>
      </con:entry>
    </con:config>
  </con:testStep>
  <con:testStep type="transfer" name="Set create another  sim products parameters" id="389e8d46-ab71-418a-80b1-2eabcdecc5d2">
    <con:settings/>
    <con:config xsi:type="con:PropertyTransfersStep" xmlns:xsi="http://www.w3.org/2001/XMLSchema-instance">
      <con:transfers setNullOnMissingSource="true" transferTextContent="true" failOnError="true" ignoreEmpty="false" transferToAll="false" entitize="false" transferChildNodes="false">
        <con:name>userRoleId</con:name>
        <con:sourceType>req_userRoleId</con:sourceType>
        <con:sourceStep>#TestCase#</con:sourceStep>
        <con:sourcePath/>
        <con:targetType>req_userRoleId</con:targetType>
        <con:targetStep>Create another sim products</con:targetStep>
        <con:targetPath/>
        <con:upgraded>true</con:upgraded>
      </con:transfers>
      <con:transfers setNullOnMissingSource="true" transferTextContent="true" failOnError="true" ignoreEmpty="false" transferToAll="false" entitize="false" transferChildNodes="false">
        <con:name>soRoleId</con:name>
        <con:sourceType>req_salesOrgRoleId</con:sourceType>
        <con:sourceStep>#TestCase#</con:sourceStep>
        <con:targetType>req_soRoleId</con:targetType>
        <con:targetStep>Create another sim products</con:targetStep>
        <con:upgraded>true</con:upgraded>
      </con:transfers>
      <con:transfers setNullOnMissingSource="true" transferTextContent="true" failOnError="true" ignoreEmpty="false" transferToAll="false" entitize="false" transferChildNodes="false">
        <con:name>placeId</con:name>
        <con:sourceType>req_placeId</con:sourceType>
        <con:sourceStep>#TestCase#</con:sourceStep>
        <con:targetType>req_placeId</con:targetType>
        <con:targetStep>Create another sim products</con:targetStep>
        <con:upgraded>true</con:upgraded>
      </con:transfers>
      <con:transfers setNullOnMissingSource="true" transferTextContent="true" failOnError="true" ignoreEmpty="false" transferToAll="false" entitize="false" transferChildNodes="false" disabled="true">
        <con:name>terminalId</con:name>
        <con:sourceType>res_terminalId</con:sourceType>
        <con:sourceStep>Create sales organization, user, inventory and terminal and place</con:sourceStep>
        <con:targetType>req_terminalId</con:targetType>
        <con:targetStep>Create another sim products</con:targetStep>
        <con:upgraded>true</con:upgraded>
      </con:transfers>
    </con:config>
  </con:testStep>
  <con:testStep type="calltestcase" name="Create another sim products" id="fa96b593-e9f9-4bcb-ba43-96a079e63922">
    <con:settings/>
    <con:config xsi:type="con:RunTestCaseStep" xmlns:xsi="http://www.w3.org/2001/XMLSchema-instance">
      <con:targetTestCase>16d8a61e-3fd2-42b2-bc91-6bcdac56ce92</con:targetTestCase>
      <con:properties>
        <con:property>
          <con:name>req_terminalId</con:name>
          <con:value>50</con:value>
        </con:property>
        <con:property>
          <con:name>req_userRoleId</con:name>
          <con:value>29</con:value>
        </con:property>
        <con:property>
          <con:name>req_soRoleId</con:name>
          <con:value>27</con:value>
        </con:property>
        <con:property>
          <con:name>req_placeId</con:name>
          <con:value>16</con:value>
        </con:property>
        <con:property>
          <con:name>res_code</con:name>
          <con:value>200</con:value>
        </con:property>
        <con:property>
          <con:name>res_startSerial</con:name>
          <con:value>10000000000002332521</con:value>
        </con:property>
        <con:property>
          <con:name>res_endSerial</con:name>
          <con:value>10000000000002332531</con:value>
        </con:property>
        <con:property>
          <con:name>res_simProductId</con:name>
        </con:property>
        <con:property>
          <con:name>res_serialText1</con:name>
        </con:property>
        <con:property>
          <con:name>res_serialText2</con:name>
        </con:property>
      </con:properties>
      <con:returnProperties>
        <con:entry>res_startSerial</con:entry>
        <con:entry>res_endSerial</con:entry>
        <con:entry>res_code</con:entry>
      </con:returnProperties>
      <con:runMode>PARALLELL</con:runMode>
    </con:config>
  </con:testStep>
  <con:testStep type="assertionteststep" name="Assert another sim products are created successfully" id="aaefd238-c98b-492b-8082-41e0f1138c4b">
    <con:settings/>
    <con:config xsi:type="con:AssertionTestStep" xmlns:xsi="http://www.w3.org/2001/XMLSchema-instance">
      <con:entry>
        <con:id>e79966c4-a252-4d03-bf26-8217ab1a64a1</con:id>
        <con:isGroup>false</con:isGroup>
        <con:sourceId>fa96b593-e9f9-4bcb-ba43-96a079e63922</con:sourceId>
        <con:propertyName>res_code</con:propertyName>
        <con:assertion type="Simple Contains" name="Contains" id="9166c34b-ff3a-4ab7-8394-8774763e4220">
          <con:configuration>
            <token>200</token>
            <ignoreCase>false</ignoreCase>
            <useRegEx>false</useRegEx>
          </con:configuration>
        </con:assertion>
      </con:entry>
      <con:entry>
        <con:id>f625d0f3-7cc8-483d-99d1-9fb5dc294d9f</con:id>
        <con:isGroup>false</con:isGroup>
        <con:sourceId>fa96b593-e9f9-4bcb-ba43-96a079e63922</con:sourceId>
        <con:propertyName>res_startSerial</con:propertyName>
        <con:assertion type="Simple Contains" name="Contains 2" id="6863e26c-6aad-4f8c-b033-ac896c2864cb">
          <con:configuration>
            <token>\d+</token>
            <ignoreCase>false</ignoreCase>
            <useRegEx>true</useRegEx>
          </con:configuration>
        </con:assertion>
      </con:entry>
      <con:entry>
        <con:id>e9c321d8-dab4-47c4-8b25-cfad8d5ad569</con:id>
        <con:isGroup>false</con:isGroup>
        <con:sourceId>fa96b593-e9f9-4bcb-ba43-96a079e63922</con:sourceId>
        <con:propertyName>res_endSerial</con:propertyName>
        <con:assertion type="Simple Contains" name="Contains 3" id="6968fa03-7621-4fd5-944f-1c630bd55e72">
          <con:configuration>
            <token>\d+</token>
            <ignoreCase>false</ignoreCase>
            <useRegEx>true</useRegEx>
          </con:configuration>
        </con:assertion>
      </con:entry>
    </con:config>
  </con:testStep>
  <con:testStep type="transfer" name="Set reserve SIM's request" id="b56ed551-5f34-42dc-963f-add5d41d3dea">
    <con:settings/>
    <con:config xsi:type="con:PropertyTransfersStep" xmlns:xsi="http://www.w3.org/2001/XMLSchema-instance">
      <con:transfers setNullOnMissingSource="true" transferTextContent="true" failOnError="true" ignoreEmpty="false" transferToAll="false" entitize="false" transferChildNodes="false">
        <con:name>startICCID</con:name>
        <con:sourceType>res_startSerial</con:sourceType>
        <con:sourceStep>Create sim products</con:sourceStep>
        <con:sourcePath/>
        <con:targetType>req_startICCD</con:targetType>
        <con:targetStep>Reserve SIM's</con:targetStep>
        <con:targetPath/>
        <con:upgraded>true</con:upgraded>
      </con:transfers>
      <con:transfers setNullOnMissingSource="true" transferTextContent="true" failOnError="true" ignoreEmpty="false" transferToAll="false" entitize="false" transferChildNodes="false">
        <con:name>endICCID</con:name>
        <con:sourceType>res_endSerial</con:sourceType>
        <con:sourceStep>Create sim products</con:sourceStep>
        <con:targetType>req_endICCID</con:targetType>
        <con:targetStep>Reserve SIM's</con:targetStep>
        <con:upgraded>true</con:upgraded>
      </con:transfers>
      <con:transfers setNullOnMissingSource="true" transferTextContent="true" failOnError="true" ignoreEmpty="false" transferToAll="false" entitize="false" transferChildNodes="false">
        <con:name>simSpecExtId</con:name>
        <con:sourceType>simSpecExtID</con:sourceType>
        <con:sourceStep>Given properties for the test steps</con:sourceStep>
        <con:targetType>req_simSpecificationExternalId</con:targetType>
        <con:targetStep>Reserve SIM's</con:targetStep>
        <con:upgraded>true</con:upgraded>
      </con:transfers>
      <con:transfers setNullOnMissingSource="true" transferTextContent="true" failOnError="true" ignoreEmpty="false" transferToAll="false" entitize="false" transferChildNodes="false">
        <con:name>quantity</con:name>
        <con:sourceType>validQuantity</con:sourceType>
        <con:sourceStep>Given properties for the test steps</con:sourceStep>
        <con:targetType>req_requestedQuantity</con:targetType>
        <con:targetStep>Reserve SIM's</con:targetStep>
        <con:upgraded>true</con:upgraded>
      </con:transfers>
      <con:transfers setNullOnMissingSource="true" transferTextContent="true" failOnError="true" ignoreEmpty="false" transferToAll="false" entitize="false" transferChildNodes="false">
        <con:name>placeId</con:name>
        <con:sourceType>req_placeId</con:sourceType>
        <con:sourceStep>#TestCase#</con:sourceStep>
        <con:targetType>req_placeId</con:targetType>
        <con:targetStep>Reserve SIM's</con:targetStep>
        <con:upgraded>true</con:upgraded>
      </con:transfers>
      <con:transfers setNullOnMissingSource="true" transferTextContent="true" failOnError="true" ignoreEmpty="false" transferToAll="false" entitize="false" transferChildNodes="false">
        <con:name>biId</con:name>
        <con:sourceType>res_id</con:sourceType>
        <con:sourceStep>Create starter pack business interaction without session</con:sourceStep>
        <con:targetType>req_biId</con:targetType>
        <con:targetStep>Reserve SIM's</con:targetStep>
        <con:upgraded>true</con:upgraded>
      </con:transfers>
    </con:config>
  </con:testStep>
  <con:testStep type="calltestcase" name="Reserve SIM's" id="9ed797c3-4727-44ed-b18d-507d706b3291">
    <con:settings/>
    <con:config xsi:type="con:RunTestCaseStep" xmlns:xsi="http://www.w3.org/2001/XMLSchema-instance">
      <con:targetTestCase>06a90684-e6bc-45c1-a3fd-05f9e6abe346</con:targetTestCase>
      <con:properties>
        <con:property>
          <con:name>req_startICCD</con:name>
          <con:value>10000000000009404221</con:value>
        </con:property>
        <con:property>
          <con:name>req_endICCID</con:name>
          <con:value>10000000000009404231</con:value>
        </con:property>
        <con:property>
          <con:name>req_simSpecificationExternalId</con:name>
          <con:value>EXT-SIM-1</con:value>
        </con:property>
        <con:property>
          <con:name>req_requestedQuantity</con:name>
          <con:value>2</con:value>
        </con:property>
        <con:property>
          <con:name>req_placeId</con:name>
          <con:value>16</con:value>
        </con:property>
        <con:property>
          <con:name>res_iccids</con:name>
          <con:value>["1","1"]</con:value>
        </con:property>
        <con:property>
          <con:name>res_code</con:name>
          <con:value xsi:nil="true"/>
        </con:property>
        <con:property>
          <con:name>res_errorMessage</con:name>
          <con:value xsi:nil="true"/>
        </con:property>
        <con:property>
          <con:name>req_biId</con:name>
          <con:value>1021</con:value>
        </con:property>
      </con:properties>
      <con:returnProperties>
        <con:entry>res_iccids</con:entry>
        <con:entry>res_code</con:entry>
        <con:entry>res_errorMessage</con:entry>
      </con:returnProperties>
      <con:runMode>PARALLELL</con:runMode>
    </con:config>
  </con:testStep>
  <con:testStep type="assertionteststep" name="Assert sims are reserved successfully" id="93394a00-1633-41fc-834a-8fde13d3ebbb">
    <con:settings/>
    <con:config xsi:type="con:AssertionTestStep" xmlns:xsi="http://www.w3.org/2001/XMLSchema-instance">
      <con:entry>
        <con:id>f690257f-4edb-4e23-9e45-1ff281926237</con:id>
        <con:isGroup>false</con:isGroup>
        <con:sourceId>9ed797c3-4727-44ed-b18d-507d706b3291</con:sourceId>
        <con:propertyName>res_errorMessage</con:propertyName>
        <con:assertion type="Simple Contains" name="Contains" id="708cb1df-203a-47df-abdd-2610715c9be4">
          <con:configuration>
            <token>^\s*$</token>
            <ignoreCase>false</ignoreCase>
            <useRegEx>true</useRegEx>
          </con:configuration>
        </con:assertion>
      </con:entry>
      <con:entry>
        <con:id>d7278f35-7192-4e04-ab49-77aeb998470e</con:id>
        <con:isGroup>false</con:isGroup>
        <con:sourceId>9ed797c3-4727-44ed-b18d-507d706b3291</con:sourceId>
        <con:propertyName>res_iccids</con:propertyName>
        <con:assertion type="Simple Contains" name="Contains 2" id="6970d176-ef37-4f15-90a0-ca39b54fb90d">
          <con:configuration>
            <token>\d+</token>
            <ignoreCase>false</ignoreCase>
            <useRegEx>true</useRegEx>
          </con:configuration>
        </con:assertion>
      </con:entry>
    </con:config>
  </con:testStep>
  <con:testStep type="transfer" name="Set product spec for stock level control" id="083ff510-aa92-422c-a5a4-725c8105ab8b">
    <con:settings/>
    <con:config xsi:type="con:PropertyTransfersStep" xmlns:xsi="http://www.w3.org/2001/XMLSchema-instance">
      <con:transfers setNullOnMissingSource="true" transferTextContent="true" failOnError="true" ignoreEmpty="false" transferToAll="false" entitize="false" transferChildNodes="false">
        <con:name>placeId</con:name>
        <con:sourceType>res_placeId</con:sourceType>
        <con:sourceStep>Create sales organization, user, inventory and terminal and place</con:sourceStep>
        <con:sourcePath/>
        <con:targetType>req_placeId</con:targetType>
        <con:targetStep>Display stock level for sims</con:targetStep>
        <con:targetPath/>
        <con:upgraded>true</con:upgraded>
      </con:transfers>
      <con:transfers setNullOnMissingSource="true" transferTextContent="true" failOnError="true" ignoreEmpty="false" transferToAll="false" entitize="false" transferChildNodes="false">
        <con:name>productSpecExtId</con:name>
        <con:sourceType>simSpecExtID</con:sourceType>
        <con:sourceStep>Given properties for the test steps</con:sourceStep>
        <con:targetType>req_productSpecificationExternalId</con:targetType>
        <con:targetStep>Display stock level for sims</con:targetStep>
        <con:upgraded>true</con:upgraded>
      </con:transfers>
      <con:transfers setNullOnMissingSource="true" transferTextContent="true" failOnError="true" ignoreEmpty="false" transferToAll="false" entitize="false" transferChildNodes="false">
        <con:name>productStatus</con:name>
        <con:sourceType>statusNonSellable</con:sourceType>
        <con:sourceStep>Given properties for the test steps</con:sourceStep>
        <con:targetType>req_productStatus</con:targetType>
        <con:targetStep>Display stock level for sims</con:targetStep>
        <con:upgraded>true</con:upgraded>
      </con:transfers>
    </con:config>
  </con:testStep>
  <con:testStep type="calltestcase" name="Display stock level for sims" id="ef0a8510-29af-4c15-acb0-4b037e424238">
    <con:settings/>
    <con:config xsi:type="con:RunTestCaseStep" xmlns:xsi="http://www.w3.org/2001/XMLSchema-instance">
      <con:targetTestCase>ae70f14b-9b62-4330-9f1f-32535bcddc8b</con:targetTestCase>
      <con:properties>
        <con:property>
          <con:name>req_placeId</con:name>
          <con:value>16</con:value>
        </con:property>
        <con:property>
          <con:name>req_productSpecCode</con:name>
        </con:property>
        <con:property>
          <con:name>req_productSpecArticle</con:name>
        </con:property>
        <con:property>
          <con:name>req_productStatus</con:name>
          <con:value>4</con:value>
        </con:property>
        <con:property>
          <con:name>req_includeLocked</con:name>
        </con:property>
        <con:property>
          <con:name>req_productSpecificationExternalId</con:name>
          <con:value>EXT-SIM-1</con:value>
        </con:property>
        <con:property>
          <con:name>res_placeId</con:name>
          <con:value>16</con:value>
        </con:property>
        <con:property>
          <con:name>res_productSpecificationId</con:name>
          <con:value>7</con:value>
        </con:property>
        <con:property>
          <con:name>res_productSpecificationExternalId</con:name>
          <con:value>EXT-SIM-1</con:value>
        </con:property>
        <con:property>
          <con:name>res_quantity</con:name>
          <con:value>2</con:value>
        </con:property>
        <con:property>
          <con:name>res_salesOrganizationId</con:name>
          <con:value>27</con:value>
        </con:property>
        <con:property>
          <con:name>res_totalQuantity</con:name>
          <con:value>4</con:value>
        </con:property>
        <con:property>
          <con:name>res_reservedQuantity</con:name>
          <con:value>2</con:value>
        </con:property>
        <con:property>
          <con:name>req_productId</con:name>
        </con:property>
        <con:property>
          <con:name>res_code</con:name>
        </con:property>
        <con:property>
          <con:name>req_productSerialNumber</con:name>
        </con:property>
        <con:property>
          <con:name>req_productSerialText</con:name>
        </con:property>
        <con:property>
          <con:name>req_productSpecificationId</con:name>
        </con:property>
        <con:property>
          <con:name>req_parentSerialNumberText</con:name>
        </con:property>
        <con:property>
          <con:name>req_batchId</con:name>
        </con:property>
        <con:property>
          <con:name>req_country</con:name>
        </con:property>
        <con:property>
          <con:name>req_state</con:name>
        </con:property>
        <con:property>
          <con:name>req_city</con:name>
        </con:property>
        <con:property>
          <con:name>req_regionId</con:name>
        </con:property>
        <con:property>
          <con:name>res_fullResponse</con:name>
        </con:property>
        <con:property>
          <con:name>res_errorMessage</con:name>
        </con:property>
      </con:properties>
      <con:returnProperties>
        <con:entry>res_placeId</con:entry>
        <con:entry>res_productSpecificationId</con:entry>
        <con:entry>res_productSpecificationExternalId</con:entry>
        <con:entry>res_quantity</con:entry>
        <con:entry>res_salesOrganizationId</con:entry>
        <con:entry>res_totalQuantity</con:entry>
        <con:entry>res_reservedQuantity</con:entry>
      </con:returnProperties>
      <con:runMode>PARALLELL</con:runMode>
    </con:config>
  </con:testStep>
  <con:testStep type="assertionteststep" name="Assert sims are reserved" id="e10965d4-f030-4c6c-ba03-df2db9b54a97">
    <con:settings/>
    <con:config xsi:type="con:AssertionTestStep" xmlns:xsi="http://www.w3.org/2001/XMLSchema-instance">
      <con:entry>
        <con:id>1fe663fb-7dba-4583-8fc8-7440091f73d9</con:id>
        <con:isGroup>false</con:isGroup>
        <con:sourceId>ef0a8510-29af-4c15-acb0-4b037e424238</con:sourceId>
        <con:propertyName>res_totalQuantity</con:propertyName>
        <con:assertion type="Simple Equals" name="Equals" id="e9515b8f-df71-48a6-9ff7-c7aa8414ae3b">
          <con:configuration>
            <patternText>4</patternText>
            <caseSensitive>true</caseSensitive>
          </con:configuration>
        </con:assertion>
      </con:entry>
      <con:entry>
        <con:id>55b0c44f-6652-4af9-af1e-ad009b2a436f</con:id>
        <con:isGroup>false</con:isGroup>
        <con:sourceId>ef0a8510-29af-4c15-acb0-4b037e424238</con:sourceId>
        <con:propertyName>res_reservedQuantity</con:propertyName>
        <con:assertion type="Simple Equals" name="Equals 2" id="0dccd627-4e80-4994-a3f9-b0e83415d576">
          <con:configuration>
            <patternText>2</patternText>
            <caseSensitive>true</caseSensitive>
          </con:configuration>
        </con:assertion>
      </con:entry>
    </con:config>
  </con:testStep>
  <con:testStep type="transfer" name="Set get productId parameters" id="a3b9779a-6822-4d0d-aa5c-3764abe00b41">
    <con:settings/>
    <con:config xsi:type="con:PropertyTransfersStep" xmlns:xsi="http://www.w3.org/2001/XMLSchema-instance">
      <con:transfers setNullOnMissingSource="true" transferTextContent="true" failOnError="true" ignoreEmpty="false" transferToAll="false" entitize="false" transferChildNodes="false" disabled="false">
        <con:name>placeId</con:name>
        <con:sourceType>res_placeId</con:sourceType>
        <con:sourceStep>Display stock level for sims</con:sourceStep>
        <con:sourcePath/>
        <con:targetType>req_placeId</con:targetType>
        <con:targetStep>Get productId</con:targetStep>
        <con:targetPath/>
        <con:upgraded>true</con:upgraded>
      </con:transfers>
      <con:transfers setNullOnMissingSource="true" transferTextContent="true" failOnError="true" ignoreEmpty="false" transferToAll="false" entitize="false" transferChildNodes="false">
        <con:name>specExtId</con:name>
        <con:sourceType>res_productSpecificationExternalId</con:sourceType>
        <con:sourceStep>Display stock level for sims</con:sourceStep>
        <con:targetType>req_prodSpecExtId</con:targetType>
        <con:targetStep>Get productId</con:targetStep>
        <con:upgraded>true</con:upgraded>
      </con:transfers>
      <con:transfers setNullOnMissingSource="true" transferTextContent="true" failOnError="true" ignoreEmpty="false" transferToAll="false" entitize="false" transferChildNodes="false">
        <con:name>productStatus</con:name>
        <con:sourceType>statusNonSellable</con:sourceType>
        <con:sourceStep>Given properties for the test steps</con:sourceStep>
        <con:targetType>req_productStatus</con:targetType>
        <con:targetStep>Get productId</con:targetStep>
        <con:upgraded>true</con:upgraded>
      </con:transfers>
    </con:config>
  </con:testStep>
  <con:testStep type="calltestcase" name="Get productId" id="a39e0661-fed5-41bf-8089-9dd847945647">
    <con:settings/>
    <con:config xsi:type="con:RunTestCaseStep" xmlns:xsi="http://www.w3.org/2001/XMLSchema-instance">
      <con:targetTestCase>c8ecc8e4-f948-4b6c-8c74-f734fb40dce3</con:targetTestCase>
      <con:properties>
        <con:property>
          <con:name>req_placeId</con:name>
          <con:value>16</con:value>
        </con:property>
        <con:property>
          <con:name>req_prodSpecExtId</con:name>
          <con:value>EXT-SIM-1</con:value>
        </con:property>
        <con:property>
          <con:name>res_productId</con:name>
          <con:value>30</con:value>
        </con:property>
        <con:property>
          <con:name>req_productStatus</con:name>
          <con:value>4</con:value>
        </con:property>
        <con:property>
          <con:name>res_quantity</con:name>
          <con:value xsi:nil="true"/>
        </con:property>
        <con:property>
          <con:name>req_productSerialNumber</con:name>
          <con:value xsi:nil="true"/>
        </con:property>
        <con:property>
          <con:name>req_productSerialText</con:name>
          <con:value xsi:nil="true"/>
        </con:property>
        <con:property>
          <con:name>res_productStatus</con:name>
          <con:value xsi:nil="true"/>
        </con:property>
        <con:property>
          <con:name>res_code</con:name>
          <con:value xsi:nil="true"/>
        </con:property>
      </con:properties>
      <con:returnProperties>
        <con:entry>res_productId</con:entry>
      </con:returnProperties>
      <con:runMode>PARALLELL</con:runMode>
    </con:config>
  </con:testStep>
  <con:testStep type="transfer" name="Set productId to display lockedBy" id="a5e6a4b4-b511-4126-b9ef-6a02bbee72c2">
    <con:settings/>
    <con:config xsi:type="con:PropertyTransfersStep" xmlns:xsi="http://www.w3.org/2001/XMLSchema-instance">
      <con:transfers setNullOnMissingSource="true" transferTextContent="true" failOnError="true" ignoreEmpty="false" transferToAll="false" entitize="false" transferChildNodes="false">
        <con:name>productId</con:name>
        <con:sourceType>res_productId</con:sourceType>
        <con:sourceStep>Get productId</con:sourceStep>
        <con:sourcePath/>
        <con:targetType>req_productId</con:targetType>
        <con:targetStep>Display lockedBy</con:targetStep>
        <con:targetPath/>
        <con:upgraded>true</con:upgraded>
      </con:transfers>
    </con:config>
  </con:testStep>
  <con:testStep type="calltestcase" name="Display lockedBy" id="04404af5-bcad-4bd4-accf-87ce00579de4">
    <con:settings/>
    <con:config xsi:type="con:RunTestCaseStep" xmlns:xsi="http://www.w3.org/2001/XMLSchema-instance">
      <con:targetTestCase>102e2d7b-c4cf-4f53-b777-f08cad671a15</con:targetTestCase>
      <con:properties>
        <con:property>
          <con:name>req_productId</con:name>
          <con:value>30</con:value>
        </con:property>
        <con:property>
          <con:name>res_id</con:name>
          <con:value>30</con:value>
        </con:property>
        <con:property>
          <con:name>res_code</con:name>
          <con:value>200</con:value>
        </con:property>
        <con:property>
          <con:name>res_lockedByBiId</con:name>
          <con:value xsi:nil="true"/>
        </con:property>
        <con:property>
          <con:name>res_lockedByBiItemId</con:name>
          <con:value xsi:nil="true"/>
        </con:property>
        <con:property>
          <con:name>req_prodSpecExtId</con:name>
        </con:property>
        <con:property>
          <con:name>res_startSerialNumber</con:name>
        </con:property>
        <con:property>
          <con:name>res_endSerialNumber</con:name>
        </con:property>
        <con:property>
          <con:name>res_quantity</con:name>
        </con:property>
      </con:properties>
      <con:returnProperties>
        <con:entry>res_id</con:entry>
        <con:entry>res_code</con:entry>
        <con:entry>res_lockedByBiId</con:entry>
        <con:entry>res_lockedByBiItemId</con:entry>
      </con:returnProperties>
      <con:runMode>PARALLELL</con:runMode>
    </con:config>
  </con:testStep>
  <con:testStep type="assertionteststep" name="Assertion sim products are unlocked" id="7aba07f5-7da8-412a-b5b2-1de280da5234">
    <con:settings/>
    <con:config xsi:type="con:AssertionTestStep" xmlns:xsi="http://www.w3.org/2001/XMLSchema-instance">
      <con:entry>
        <con:id>58e8a4f8-3bb0-4448-bf93-2eb7787cc126</con:id>
        <con:isGroup>false</con:isGroup>
        <con:sourceId>04404af5-bcad-4bd4-accf-87ce00579de4</con:sourceId>
        <con:propertyName>res_code</con:propertyName>
        <con:assertion type="Simple Contains" name="Contains" id="f0ae634b-df4e-418d-8821-9df3716ed9d0">
          <con:configuration>
            <token>200</token>
            <ignoreCase>false</ignoreCase>
            <useRegEx>true</useRegEx>
          </con:configuration>
        </con:assertion>
      </con:entry>
      <con:entry>
        <con:id>ba7071a3-0262-4c89-8a3b-4a7c017c20fa</con:id>
        <con:isGroup>false</con:isGroup>
        <con:sourceId>04404af5-bcad-4bd4-accf-87ce00579de4</con:sourceId>
        <con:propertyName>res_lockedByBiId</con:propertyName>
        <con:assertion type="Simple Contains" name="Contains 2" id="41caa7ed-5c3f-496c-9111-b584ef077926">
          <con:configuration>
            <token>^\s*$</token>
            <ignoreCase>false</ignoreCase>
            <useRegEx>true</useRegEx>
          </con:configuration>
        </con:assertion>
      </con:entry>
      <con:entry>
        <con:id>95d441b1-d973-4306-b75d-957cdacde5bf</con:id>
        <con:isGroup>false</con:isGroup>
        <con:sourceId>04404af5-bcad-4bd4-accf-87ce00579de4</con:sourceId>
        <con:propertyName>res_lockedByBiItemId</con:propertyName>
        <con:assertion type="Simple Contains" name="Contains 3" id="68ed58f7-b048-42a4-b6c2-5ac4e64f68a5">
          <con:configuration>
            <token>^\s*$</token>
            <ignoreCase>false</ignoreCase>
            <useRegEx>true</useRegEx>
          </con:configuration>
        </con:assertion>
      </con:entry>
    </con:config>
  </con:testStep>
  <con:testStep type="transfer" name="Display SIM status as non-sellable by place id - Property Transfer" id="da8d1ba6-37cf-4114-b451-88431dc66d02">
    <con:settings/>
    <con:config xsi:type="con:PropertyTransfersStep" xmlns:xsi="http://www.w3.org/2001/XMLSchema-instance">
      <con:transfers setNullOnMissingSource="true" transferTextContent="true" failOnError="true" ignoreEmpty="false" transferToAll="false" entitize="false" transferChildNodes="false">
        <con:name>placeId</con:name>
        <con:sourceType>res_placeId</con:sourceType>
        <con:sourceStep>Create sales organization, user, inventory and terminal and place</con:sourceStep>
        <con:sourcePath/>
        <con:targetType>req_placeId</con:targetType>
        <con:targetStep>Display SIM status as non-sellable by place id</con:targetStep>
        <con:targetPath/>
        <con:upgraded>true</con:upgraded>
      </con:transfers>
    </con:config>
  </con:testStep>
  <con:testStep type="calltestcase" name="Display SIM status as non-sellable by place id" id="5ec2754c-3cb2-43db-b273-24f5c9b82411">
    <con:settings/>
    <con:config xsi:type="con:RunTestCaseStep" xmlns:xsi="http://www.w3.org/2001/XMLSchema-instance">
      <con:targetTestCase>c74c7e0a-3a32-49ce-8b83-cb1116ba4a13</con:targetTestCase>
      <con:properties>
        <con:property>
          <con:name>req_placeId</con:name>
          <con:value>16</con:value>
        </con:property>
        <con:property>
          <con:name>res_code</con:name>
          <con:value>200</con:value>
        </con:property>
        <con:property>
          <con:name>res_errorMessage</con:name>
          <con:value xsi:nil="true"/>
        </con:property>
        <con:property>
          <con:name>res_status</con:name>
          <con:value>4</con:value>
        </con:property>
      </con:properties>
      <con:returnProperties>
        <con:entry>res_code</con:entry>
        <con:entry>res_errorMessage</con:entry>
        <con:entry>res_status</con:entry>
      </con:returnProperties>
      <con:runMode>PARALLELL</con:runMode>
    </con:config>
  </con:testStep>
  <con:testStep type="assertionteststep" name="Assert SIM status displayed as non-sellabe" id="7b628cfe-6f0b-4a91-be38-165ec79894bc">
    <con:settings/>
    <con:config xsi:type="con:AssertionTestStep" xmlns:xsi="http://www.w3.org/2001/XMLSchema-instance">
      <con:entry>
        <con:id>670bf19e-32f7-499f-a8ea-5ba7dfc5da3b</con:id>
        <con:isGroup>false</con:isGroup>
        <con:sourceId>5ec2754c-3cb2-43db-b273-24f5c9b82411</con:sourceId>
        <con:propertyName>res_code</con:propertyName>
        <con:assertion type="Simple Equals" name="Equals" id="0138e319-0c4f-4ba6-985d-295443a459a2">
          <con:configuration>
            <patternObjectId>0c4090d9-8499-4d2c-947d-e5692b7e307f</patternObjectId>
            <patternProperty>httpCode200</patternProperty>
            <caseSensitive>true</caseSensitive>
          </con:configuration>
        </con:assertion>
      </con:entry>
      <con:entry>
        <con:id>5ea9b70d-6d98-4d6b-89b8-fe1b2d5baf67</con:id>
        <con:isGroup>false</con:isGroup>
        <con:sourceId>5ec2754c-3cb2-43db-b273-24f5c9b82411</con:sourceId>
        <con:propertyName>res_status</con:propertyName>
        <con:assertion type="Simple Equals" name="Equals 2" id="c4703111-0bfc-402c-b85b-ec58b722b250">
          <con:configuration>
            <patternObjectId>0c4090d9-8499-4d2c-947d-e5692b7e307f</patternObjectId>
            <patternProperty>statusNonSellable</patternProperty>
            <caseSensitive>true</caseSensitive>
          </con:configuration>
        </con:assertion>
      </con:entry>
    </con:config>
  </con:testStep>
  <con:testStep type="transfer" name="Set reserve another SIM's request" id="c8d12962-0d6e-4b4e-9bf4-48a883bb93dd">
    <con:settings/>
    <con:config xsi:type="con:PropertyTransfersStep" xmlns:xsi="http://www.w3.org/2001/XMLSchema-instance">
      <con:transfers setNullOnMissingSource="true" transferTextContent="true" failOnError="true" ignoreEmpty="false" transferToAll="false" entitize="false" transferChildNodes="false">
        <con:name>startICCID</con:name>
        <con:sourceType>res_startSerial</con:sourceType>
        <con:sourceStep>Create another sim products</con:sourceStep>
        <con:sourcePath/>
        <con:targetType>req_startICCD</con:targetType>
        <con:targetStep>Reserve another SIMs</con:targetStep>
        <con:targetPath/>
        <con:upgraded>true</con:upgraded>
      </con:transfers>
      <con:transfers setNullOnMissingSource="true" transferTextContent="true" failOnError="true" ignoreEmpty="false" transferToAll="false" entitize="false" transferChildNodes="false">
        <con:name>endICCID</con:name>
        <con:sourceType>res_endSerial</con:sourceType>
        <con:sourceStep>Create another sim products</con:sourceStep>
        <con:targetType>req_endICCID</con:targetType>
        <con:targetStep>Reserve another SIMs</con:targetStep>
        <con:upgraded>true</con:upgraded>
      </con:transfers>
      <con:transfers setNullOnMissingSource="true" transferTextContent="true" failOnError="true" ignoreEmpty="false" transferToAll="false" entitize="false" transferChildNodes="false">
        <con:name>simSpecExtId</con:name>
        <con:sourceType>simSpecExtID</con:sourceType>
        <con:sourceStep>Given properties for the test steps</con:sourceStep>
        <con:targetType>req_simSpecificationExternalId</con:targetType>
        <con:targetStep>Reserve another SIMs</con:targetStep>
        <con:upgraded>true</con:upgraded>
      </con:transfers>
      <con:transfers setNullOnMissingSource="true" transferTextContent="true" failOnError="true" ignoreEmpty="false" transferToAll="false" entitize="false" transferChildNodes="false">
        <con:name>quantity</con:name>
        <con:sourceType>validQuantity</con:sourceType>
        <con:sourceStep>Given properties for the test steps</con:sourceStep>
        <con:targetType>req_requestedQuantity</con:targetType>
        <con:targetStep>Reserve another SIMs</con:targetStep>
        <con:upgraded>true</con:upgraded>
      </con:transfers>
      <con:transfers setNullOnMissingSource="true" transferTextContent="true" failOnError="true" ignoreEmpty="false" transferToAll="false" entitize="false" transferChildNodes="false">
        <con:name>placeId</con:name>
        <con:sourceType>req_placeId</con:sourceType>
        <con:sourceStep>#TestCase#</con:sourceStep>
        <con:targetType>req_placeId</con:targetType>
        <con:targetStep>Reserve another SIMs</con:targetStep>
        <con:upgraded>true</con:upgraded>
      </con:transfers>
      <con:transfers setNullOnMissingSource="true" transferTextContent="true" failOnError="true" ignoreEmpty="false" transferToAll="false" entitize="false" transferChildNodes="false">
        <con:name>biId</con:name>
        <con:sourceType>res_id</con:sourceType>
        <con:sourceStep>Create starter pack business interaction without session</con:sourceStep>
        <con:targetType>req_biId</con:targetType>
        <con:targetStep>Reserve another SIMs</con:targetStep>
        <con:upgraded>true</con:upgraded>
      </con:transfers>
    </con:config>
  </con:testStep>
  <con:testStep type="calltestcase" name="Reserve another SIMs" id="57df5f53-2b53-4591-8ca7-99c1f16ea48d">
    <con:settings/>
    <con:config xsi:type="con:RunTestCaseStep" xmlns:xsi="http://www.w3.org/2001/XMLSchema-instance">
      <con:targetTestCase>06a90684-e6bc-45c1-a3fd-05f9e6abe346</con:targetTestCase>
      <con:properties>
        <con:property>
          <con:name>req_startICCD</con:name>
          <con:value>10000000000002332521</con:value>
        </con:property>
        <con:property>
          <con:name>req_endICCID</con:name>
          <con:value>10000000000002332531</con:value>
        </con:property>
        <con:property>
          <con:name>req_simSpecificationExternalId</con:name>
          <con:value>EXT-SIM-1</con:value>
        </con:property>
        <con:property>
          <con:name>req_requestedQuantity</con:name>
          <con:value>2</con:value>
        </con:property>
        <con:property>
          <con:name>req_placeId</con:name>
          <con:value>16</con:value>
        </con:property>
        <con:property>
          <con:name>res_iccids</con:name>
          <con:value>["1","1"]</con:value>
        </con:property>
        <con:property>
          <con:name>res_code</con:name>
          <con:value xsi:nil="true"/>
        </con:property>
        <con:property>
          <con:name>res_errorMessage</con:name>
          <con:value xsi:nil="true"/>
        </con:property>
        <con:property>
          <con:name>req_biId</con:name>
          <con:value>1021</con:value>
        </con:property>
      </con:properties>
      <con:returnProperties>
        <con:entry>res_iccids</con:entry>
        <con:entry>res_code</con:entry>
        <con:entry>res_errorMessage</con:entry>
      </con:returnProperties>
      <con:runMode>PARALLELL</con:runMode>
    </con:config>
  </con:testStep>
  <con:testStep type="assertionteststep" name="Assert another sims are reserved successfully" id="7354d337-79cd-4d67-bdf4-bd99d77fdd99">
    <con:settings/>
    <con:config xsi:type="con:AssertionTestStep" xmlns:xsi="http://www.w3.org/2001/XMLSchema-instance">
      <con:entry>
        <con:id>866bce23-1643-49bd-b800-cb102e7ef460</con:id>
        <con:isGroup>false</con:isGroup>
        <con:sourceId>57df5f53-2b53-4591-8ca7-99c1f16ea48d</con:sourceId>
        <con:propertyName>res_errorMessage</con:propertyName>
        <con:assertion type="Simple Contains" name="Contains" id="371af9ba-505e-4a1d-a7ba-bce63092b396">
          <con:configuration>
            <token>^\s*$</token>
            <ignoreCase>false</ignoreCase>
            <useRegEx>true</useRegEx>
          </con:configuration>
        </con:assertion>
      </con:entry>
      <con:entry>
        <con:id>6a634662-8f11-4abc-9d7f-4203d8cf041b</con:id>
        <con:isGroup>false</con:isGroup>
        <con:sourceId>57df5f53-2b53-4591-8ca7-99c1f16ea48d</con:sourceId>
        <con:propertyName>res_iccids</con:propertyName>
        <con:assertion type="Simple Contains" name="Contains 2" id="858f0d5c-a182-4caa-bd0d-5f850b9a5a30">
          <con:configuration>
            <token>\d+</token>
            <ignoreCase>false</ignoreCase>
            <useRegEx>true</useRegEx>
          </con:configuration>
        </con:assertion>
      </con:entry>
    </con:config>
  </con:testStep>
  <con:testStep type="transfer" name="Set product spec for stock level control 2" id="09630300-ee23-4b6d-a912-e35c9463b961">
    <con:settings/>
    <con:config xsi:type="con:PropertyTransfersStep" xmlns:xsi="http://www.w3.org/2001/XMLSchema-instance">
      <con:transfers setNullOnMissingSource="true" transferTextContent="true" failOnError="true" ignoreEmpty="false" transferToAll="false" entitize="false" transferChildNodes="false">
        <con:name>placeId</con:name>
        <con:sourceType>res_placeId</con:sourceType>
        <con:sourceStep>Create sales organization, user, inventory and terminal and place</con:sourceStep>
        <con:sourcePath/>
        <con:targetType>req_placeId</con:targetType>
        <con:targetStep>Display stock level for sims 2</con:targetStep>
        <con:targetPath/>
        <con:upgraded>true</con:upgraded>
      </con:transfers>
      <con:transfers setNullOnMissingSource="true" transferTextContent="true" failOnError="true" ignoreEmpty="false" transferToAll="false" entitize="false" transferChildNodes="false">
        <con:name>prodSpecExtId</con:name>
        <con:sourceType>simSpecExtID</con:sourceType>
        <con:sourceStep>Given properties for the test steps</con:sourceStep>
        <con:targetType>req_productSpecificationExternalId</con:targetType>
        <con:targetStep>Display stock level for sims 2</con:targetStep>
        <con:upgraded>true</con:upgraded>
      </con:transfers>
      <con:transfers setNullOnMissingSource="true" transferTextContent="true" failOnError="true" ignoreEmpty="false" transferToAll="false" entitize="false" transferChildNodes="false">
        <con:name>productStatus</con:name>
        <con:sourceType>statusNonSellable</con:sourceType>
        <con:sourceStep>Given properties for the test steps</con:sourceStep>
        <con:targetType>req_productStatus</con:targetType>
        <con:targetStep>Display stock level for sims 2</con:targetStep>
        <con:upgraded>true</con:upgraded>
      </con:transfers>
    </con:config>
  </con:testStep>
  <con:testStep type="calltestcase" name="Display stock level for sims 2" id="228b1cca-5898-41dc-9286-58a22c3fff68">
    <con:settings/>
    <con:config xsi:type="con:RunTestCaseStep" xmlns:xsi="http://www.w3.org/2001/XMLSchema-instance">
      <con:targetTestCase>ae70f14b-9b62-4330-9f1f-32535bcddc8b</con:targetTestCase>
      <con:properties>
        <con:property>
          <con:name>req_placeId</con:name>
          <con:value>16</con:value>
        </con:property>
        <con:property>
          <con:name>req_productSpecCode</con:name>
        </con:property>
        <con:property>
          <con:name>req_productSpecArticle</con:name>
        </con:property>
        <con:property>
          <con:name>req_productStatus</con:name>
          <con:value>4</con:value>
        </con:property>
        <con:property>
          <con:name>req_includeLocked</con:name>
        </con:property>
        <con:property>
          <con:name>req_productSpecificationExternalId</con:name>
          <con:value>EXT-SIM-1</con:value>
        </con:property>
        <con:property>
          <con:name>res_placeId</con:name>
          <con:value>16</con:value>
        </con:property>
        <con:property>
          <con:name>res_productSpecificationId</con:name>
          <con:value>7</con:value>
        </con:property>
        <con:property>
          <con:name>res_productSpecificationExternalId</con:name>
          <con:value>EXT-SIM-1</con:value>
        </con:property>
        <con:property>
          <con:name>res_quantity</con:name>
          <con:value>0</con:value>
        </con:property>
        <con:property>
          <con:name>res_salesOrganizationId</con:name>
          <con:value>27</con:value>
        </con:property>
        <con:property>
          <con:name>res_totalQuantity</con:name>
          <con:value>4</con:value>
        </con:property>
        <con:property>
          <con:name>res_reservedQuantity</con:name>
          <con:value>4</con:value>
        </con:property>
        <con:property>
          <con:name>req_productId</con:name>
        </con:property>
        <con:property>
          <con:name>res_code</con:name>
        </con:property>
        <con:property>
          <con:name>req_productSerialNumber</con:name>
        </con:property>
        <con:property>
          <con:name>req_productSerialText</con:name>
        </con:property>
        <con:property>
          <con:name>req_productSpecificationId</con:name>
        </con:property>
        <con:property>
          <con:name>req_parentSerialNumberText</con:name>
        </con:property>
        <con:property>
          <con:name>req_batchId</con:name>
        </con:property>
        <con:property>
          <con:name>req_country</con:name>
        </con:property>
        <con:property>
          <con:name>req_state</con:name>
        </con:property>
        <con:property>
          <con:name>req_city</con:name>
        </con:property>
        <con:property>
          <con:name>req_regionId</con:name>
        </con:property>
        <con:property>
          <con:name>res_fullResponse</con:name>
        </con:property>
        <con:property>
          <con:name>res_errorMessage</con:name>
        </con:property>
      </con:properties>
      <con:returnProperties>
        <con:entry>res_placeId</con:entry>
        <con:entry>res_productSpecificationId</con:entry>
        <con:entry>res_productSpecificationExternalId</con:entry>
        <con:entry>res_quantity</con:entry>
        <con:entry>res_salesOrganizationId</con:entry>
        <con:entry>res_totalQuantity</con:entry>
        <con:entry>res_reservedQuantity</con:entry>
      </con:returnProperties>
      <con:runMode>PARALLELL</con:runMode>
    </con:config>
  </con:testStep>
  <con:testStep type="assertionteststep" name="Assert sims are reserved 2" id="5dfcfa26-9ec1-4c30-927f-67d018bdd9c8">
    <con:settings/>
    <con:config xsi:type="con:AssertionTestStep" xmlns:xsi="http://www.w3.org/2001/XMLSchema-instance">
      <con:entry>
        <con:id>86099cd8-73b3-4ee9-a86a-985d543d5568</con:id>
        <con:isGroup>false</con:isGroup>
        <con:sourceId>228b1cca-5898-41dc-9286-58a22c3fff68</con:sourceId>
        <con:propertyName>res_totalQuantity</con:propertyName>
        <con:assertion type="Simple Equals" name="Equals" id="5413ad21-8daf-4a51-b558-41ea24247a11">
          <con:configuration>
            <patternText>4</patternText>
            <caseSensitive>true</caseSensitive>
          </con:configuration>
        </con:assertion>
      </con:entry>
      <con:entry>
        <con:id>a02c2a7d-ce3c-4786-81ae-740ed35f9257</con:id>
        <con:isGroup>false</con:isGroup>
        <con:sourceId>228b1cca-5898-41dc-9286-58a22c3fff68</con:sourceId>
        <con:propertyName>res_reservedQuantity</con:propertyName>
        <con:assertion type="Simple Equals" name="Equals 2" id="d7c50b64-bb9f-4122-a977-82e4c9a3f8e1">
          <con:configuration>
            <patternText>4</patternText>
            <caseSensitive>true</caseSensitive>
          </con:configuration>
        </con:assertion>
      </con:entry>
    </con:config>
  </con:testStep>
  <con:testStep type="transfer" name="set productId to display lockedBy2" id="7e3d3de2-7c26-4c6f-ba59-5c5da0657813">
    <con:settings/>
    <con:config xsi:type="con:PropertyTransfersStep" xmlns:xsi="http://www.w3.org/2001/XMLSchema-instance">
      <con:transfers setNullOnMissingSource="true" transferTextContent="true" failOnError="true" ignoreEmpty="false" transferToAll="false" entitize="false" transferChildNodes="false">
        <con:name>productId</con:name>
        <con:sourceType>req_productId</con:sourceType>
        <con:sourceStep>Display lockedBy</con:sourceStep>
        <con:sourcePath/>
        <con:targetType>req_productId</con:targetType>
        <con:targetStep>Display lockedBy2</con:targetStep>
        <con:targetPath/>
        <con:upgraded>true</con:upgraded>
      </con:transfers>
    </con:config>
  </con:testStep>
  <con:testStep type="calltestcase" name="Display lockedBy2" id="b0a1381b-8e5c-496f-82f8-3e5a45c1d89c">
    <con:settings/>
    <con:config xsi:type="con:RunTestCaseStep" xmlns:xsi="http://www.w3.org/2001/XMLSchema-instance">
      <con:targetTestCase>102e2d7b-c4cf-4f53-b777-f08cad671a15</con:targetTestCase>
      <con:properties>
        <con:property>
          <con:name>req_productId</con:name>
          <con:value>30</con:value>
        </con:property>
        <con:property>
          <con:name>res_id</con:name>
          <con:value>30</con:value>
        </con:property>
        <con:property>
          <con:name>res_code</con:name>
          <con:value>200</con:value>
        </con:property>
        <con:property>
          <con:name>res_lockedByBiId</con:name>
          <con:value>1021</con:value>
        </con:property>
        <con:property>
          <con:name>res_lockedByBiItemId</con:name>
          <con:value>365</con:value>
        </con:property>
        <con:property>
          <con:name>req_prodSpecExtId</con:name>
        </con:property>
        <con:property>
          <con:name>res_startSerialNumber</con:name>
        </con:property>
        <con:property>
          <con:name>res_endSerialNumber</con:name>
        </con:property>
        <con:property>
          <con:name>res_quantity</con:name>
        </con:property>
      </con:properties>
      <con:returnProperties>
        <con:entry>res_id</con:entry>
        <con:entry>res_code</con:entry>
        <con:entry>res_lockedByBiId</con:entry>
        <con:entry>res_lockedByBiItemId</con:entry>
      </con:returnProperties>
      <con:runMode>PARALLELL</con:runMode>
    </con:config>
  </con:testStep>
  <con:testStep type="assertionteststep" name="Assertion sim products are locked" id="2b9fb1b8-a0c6-4678-987c-d5bef0a5ad06">
    <con:settings/>
    <con:config xsi:type="con:AssertionTestStep" xmlns:xsi="http://www.w3.org/2001/XMLSchema-instance">
      <con:entry>
        <con:id>662f3839-c546-4677-be80-b723c2c39b5c</con:id>
        <con:isGroup>false</con:isGroup>
        <con:sourceId>b0a1381b-8e5c-496f-82f8-3e5a45c1d89c</con:sourceId>
        <con:propertyName>res_code</con:propertyName>
        <con:assertion type="Simple Contains" name="Contains" id="e8f557de-0e90-418a-b556-77111f7dbf78">
          <con:configuration>
            <token>200</token>
            <ignoreCase>false</ignoreCase>
            <useRegEx>true</useRegEx>
          </con:configuration>
        </con:assertion>
      </con:entry>
      <con:entry>
        <con:id>7ac110c4-9ef4-4220-88d7-353f6b8eb125</con:id>
        <con:isGroup>false</con:isGroup>
        <con:sourceId>b0a1381b-8e5c-496f-82f8-3e5a45c1d89c</con:sourceId>
        <con:propertyName>res_lockedByBiId</con:propertyName>
        <con:assertion type="Simple Contains" name="Contains 2" id="b4f8fa82-2e65-4efd-a201-ff0b77ce6763">
          <con:configuration>
            <token>\d+</token>
            <ignoreCase>false</ignoreCase>
            <useRegEx>true</useRegEx>
          </con:configuration>
        </con:assertion>
      </con:entry>
      <con:entry>
        <con:id>f180c4d2-8411-49e8-99c1-900fe7b732ad</con:id>
        <con:isGroup>false</con:isGroup>
        <con:sourceId>b0a1381b-8e5c-496f-82f8-3e5a45c1d89c</con:sourceId>
        <con:propertyName>res_lockedByBiItemId</con:propertyName>
        <con:assertion type="Simple Contains" name="Contains 3" id="3ee3f9d1-6554-4c52-af49-f9e5f7641eb7">
          <con:configuration>
            <token>\d+</token>
            <ignoreCase>false</ignoreCase>
            <useRegEx>true</useRegEx>
          </con:configuration>
        </con:assertion>
      </con:entry>
    </con:config>
  </con:testStep>
  <con:testStep type="transfer" name="Set submit bi id" id="cbf6e7a7-aa47-4772-bbfe-b1e5d4ab5fec">
    <con:settings/>
    <con:config xsi:type="con:PropertyTransfersStep" xmlns:xsi="http://www.w3.org/2001/XMLSchema-instance">
      <con:transfers setNullOnMissingSource="true" transferTextContent="true" failOnError="true" ignoreEmpty="false" transferToAll="false" entitize="false" transferChildNodes="false">
        <con:name>biId</con:name>
        <con:sourceType>res_id</con:sourceType>
        <con:sourceStep>Create starter pack business interaction without session</con:sourceStep>
        <con:sourcePath/>
        <con:targetType>req_biId</con:targetType>
        <con:targetStep>Submit starter pack bi to ongoing state</con:targetStep>
        <con:targetPath/>
        <con:upgraded>true</con:upgraded>
      </con:transfers>
    </con:config>
  </con:testStep>
  <con:testStep type="calltestcase" name="Submit starter pack bi to ongoing state" id="2abcd3b0-a7bd-490b-8c5b-7d37364b3805">
    <con:settings/>
    <con:config xsi:type="con:RunTestCaseStep" xmlns:xsi="http://www.w3.org/2001/XMLSchema-instance">
      <con:targetTestCase>7139ae50-0804-4cbc-9d4f-d7add6e31e65</con:targetTestCase>
      <con:properties>
        <con:property>
          <con:name>req_biId</con:name>
          <con:value>1021</con:value>
        </con:property>
        <con:property>
          <con:name>res_biId</con:name>
          <con:value>1021</con:value>
        </con:property>
        <con:property>
          <con:name>res_code</con:name>
          <con:value xsi:nil="true"/>
        </con:property>
        <con:property>
          <con:name>res_errorMessage</con:name>
          <con:value xsi:nil="true"/>
        </con:property>
      </con:properties>
      <con:returnProperties>
        <con:entry>res_biId</con:entry>
        <con:entry>res_code</con:entry>
        <con:entry>res_errorMessage</con:entry>
      </con:returnProperties>
      <con:runMode>PARALLELL</con:runMode>
    </con:config>
  </con:testStep>
  <con:testStep type="assertionteststep" name="Assert bi is submitted to ongoing state" id="be02f0d4-8a8e-4898-86ad-d1f3e8d4244b">
    <con:settings/>
    <con:config xsi:type="con:AssertionTestStep" xmlns:xsi="http://www.w3.org/2001/XMLSchema-instance">
      <con:entry>
        <con:id>6dd70f38-96a4-44c9-8a4d-13c7978564f9</con:id>
        <con:isGroup>false</con:isGroup>
        <con:sourceId>2abcd3b0-a7bd-490b-8c5b-7d37364b3805</con:sourceId>
        <con:propertyName>res_biId</con:propertyName>
        <con:assertion type="Simple Contains" name="Contains" id="0fc9c35f-5472-47c9-812e-ae891684b32d">
          <con:configuration>
            <token>\d+</token>
            <ignoreCase>false</ignoreCase>
            <useRegEx>true</useRegEx>
          </con:configuration>
        </con:assertion>
      </con:entry>
    </con:config>
  </con:testStep>
  <con:testStep type="transfer" name="Set one more add item properties" id="fac4b10a-b5e0-48b2-89ff-026440dff5c0">
    <con:settings/>
    <con:config xsi:type="con:PropertyTransfersStep" xmlns:xsi="http://www.w3.org/2001/XMLSchema-instance">
      <con:transfers setNullOnMissingSource="true" transferTextContent="true" failOnError="true" ignoreEmpty="false" transferToAll="false" entitize="false" transferChildNodes="false">
        <con:name>startICCID</con:name>
        <con:sourceType>res_startSerial</con:sourceType>
        <con:sourceStep>Create another sim products</con:sourceStep>
        <con:sourcePath/>
        <con:targetType>req_startICCD</con:targetType>
        <con:targetStep>Reserve one more  SIMs</con:targetStep>
        <con:targetPath/>
        <con:upgraded>true</con:upgraded>
      </con:transfers>
      <con:transfers setNullOnMissingSource="true" transferTextContent="true" failOnError="true" ignoreEmpty="false" transferToAll="false" entitize="false" transferChildNodes="false">
        <con:name>endICCID</con:name>
        <con:sourceType>res_endSerial</con:sourceType>
        <con:sourceStep>Create another sim products</con:sourceStep>
        <con:targetType>req_endICCID</con:targetType>
        <con:targetStep>Reserve one more  SIMs</con:targetStep>
        <con:upgraded>true</con:upgraded>
      </con:transfers>
      <con:transfers setNullOnMissingSource="true" transferTextContent="true" failOnError="true" ignoreEmpty="false" transferToAll="false" entitize="false" transferChildNodes="false">
        <con:name>simSpecExtId</con:name>
        <con:sourceType>simSpecExtID</con:sourceType>
        <con:sourceStep>Given properties for the test steps</con:sourceStep>
        <con:targetType>req_simSpecificationExternalId</con:targetType>
        <con:targetStep>Reserve one more  SIMs</con:targetStep>
        <con:upgraded>true</con:upgraded>
      </con:transfers>
      <con:transfers setNullOnMissingSource="true" transferTextContent="true" failOnError="true" ignoreEmpty="false" transferToAll="false" entitize="false" transferChildNodes="false">
        <con:name>quantity</con:name>
        <con:sourceType>validQuantity</con:sourceType>
        <con:sourceStep>Given properties for the test steps</con:sourceStep>
        <con:targetType>req_requestedQuantity</con:targetType>
        <con:targetStep>Reserve one more  SIMs</con:targetStep>
        <con:upgraded>true</con:upgraded>
      </con:transfers>
      <con:transfers setNullOnMissingSource="true" transferTextContent="true" failOnError="true" ignoreEmpty="false" transferToAll="false" entitize="false" transferChildNodes="false">
        <con:name>placeId</con:name>
        <con:sourceType>req_placeId</con:sourceType>
        <con:sourceStep>#TestCase#</con:sourceStep>
        <con:targetType>req_placeId</con:targetType>
        <con:targetStep>Reserve one more  SIMs</con:targetStep>
        <con:upgraded>true</con:upgraded>
      </con:transfers>
      <con:transfers setNullOnMissingSource="true" transferTextContent="true" failOnError="true" ignoreEmpty="false" transferToAll="false" entitize="false" transferChildNodes="false">
        <con:name>biId</con:name>
        <con:sourceType>res_id</con:sourceType>
        <con:sourceStep>Create starter pack business interaction without session</con:sourceStep>
        <con:targetType>req_biId</con:targetType>
        <con:targetStep>Reserve one more  SIMs</con:targetStep>
        <con:upgraded>true</con:upgraded>
      </con:transfers>
    </con:config>
  </con:testStep>
  <con:testStep type="calltestcase" name="Reserve one more  SIMs" id="589eb65d-c1f7-4366-9665-056e91e01d77">
    <con:settings/>
    <con:config xsi:type="con:RunTestCaseStep" xmlns:xsi="http://www.w3.org/2001/XMLSchema-instance">
      <con:targetTestCase>06a90684-e6bc-45c1-a3fd-05f9e6abe346</con:targetTestCase>
      <con:properties>
        <con:property>
          <con:name>req_startICCD</con:name>
          <con:value>10000000000002332521</con:value>
        </con:property>
        <con:property>
          <con:name>req_endICCID</con:name>
          <con:value>10000000000002332531</con:value>
        </con:property>
        <con:property>
          <con:name>req_simSpecificationExternalId</con:name>
          <con:value>EXT-SIM-1</con:value>
        </con:property>
        <con:property>
          <con:name>req_requestedQuantity</con:name>
          <con:value>2</con:value>
        </con:property>
        <con:property>
          <con:name>req_placeId</con:name>
          <con:value>16</con:value>
        </con:property>
        <con:property>
          <con:name>res_iccids</con:name>
          <con:value xsi:nil="true"/>
        </con:property>
        <con:property>
          <con:name>res_code</con:name>
          <con:value>ICCID_STARTER_PACK_INFO_MUST_BE_PROVIDED</con:value>
        </con:property>
        <con:property>
          <con:name>res_errorMessage</con:name>
          <con:value>ICCID_STARTER_PACK_INFO_MUST_BE_PROVIDED</con:value>
        </con:property>
        <con:property>
          <con:name>req_biId</con:name>
          <con:value>1021</con:value>
        </con:property>
      </con:properties>
      <con:returnProperties>
        <con:entry>res_iccids</con:entry>
        <con:entry>res_code</con:entry>
        <con:entry>res_errorMessage</con:entry>
      </con:returnProperties>
      <con:runMode>PARALLELL</con:runMode>
    </con:config>
  </con:testStep>
  <con:testStep type="assertionteststep" name="Assert another sims are reserved successfully 2" id="d2f9447e-ca38-4e2c-8a31-659c011ba50b">
    <con:settings/>
    <con:config xsi:type="con:AssertionTestStep" xmlns:xsi="http://www.w3.org/2001/XMLSchema-instance">
      <con:entry>
        <con:id>9739bd22-b432-4639-be97-baef2e3d1ef8</con:id>
        <con:isGroup>false</con:isGroup>
        <con:sourceId>589eb65d-c1f7-4366-9665-056e91e01d77</con:sourceId>
        <con:propertyName>res_errorMessage</con:propertyName>
        <con:assertion type="Simple Contains" name="Contains" id="bfbef5ec-bb2e-452f-a780-a67eaac066ca">
          <con:configuration>
            <token>\w+</token>
            <ignoreCase>false</ignoreCase>
            <useRegEx>true</useRegEx>
          </con:configuration>
        </con:assertion>
      </con:entry>
      <con:entry>
        <con:id>49e3c065-e72a-4ac6-a50a-81c523df0729</con:id>
        <con:isGroup>false</con:isGroup>
        <con:sourceId>589eb65d-c1f7-4366-9665-056e91e01d77</con:sourceId>
        <con:propertyName>res_errorMessage</con:propertyName>
        <con:assertion type="Simple Equals" name="Equals" id="a33169c3-5501-4a24-a827-b4f54f44b374">
          <con:configuration>
            <patternObjectId>0c4090d9-8499-4d2c-947d-e5692b7e307f</patternObjectId>
            <patternProperty>error_iccid_starter_pack_info_must_be_provided</patternProperty>
            <caseSensitive>true</caseSensitive>
          </con:configuration>
        </con:assertion>
      </con:entry>
    </con:config>
  </con:testStep>
  <con:testStep type="transfer" name="Set create user data" id="f9808d5d-1418-454d-8128-30d83d48f90b">
    <con:settings/>
    <con:config xsi:type="con:PropertyTransfersStep" xmlns:xsi="http://www.w3.org/2001/XMLSchema-instance">
      <con:transfers setNullOnMissingSource="true" transferTextContent="true" failOnError="true" ignoreEmpty="false" transferToAll="false" entitize="false" transferChildNodes="false">
        <con:name>userRoleId</con:name>
        <con:sourceType>DefaultUserRoleId</con:sourceType>
        <con:sourceStep>#Project#</con:sourceStep>
        <con:sourcePath/>
        <con:targetType>req_userRoleId</con:targetType>
        <con:targetStep>Create forced user bi</con:targetStep>
        <con:targetPath/>
        <con:upgraded>true</con:upgraded>
      </con:transfers>
      <con:transfers setNullOnMissingSource="true" transferTextContent="true" failOnError="true" ignoreEmpty="false" transferToAll="false" entitize="false" transferChildNodes="false">
        <con:name>SoId</con:name>
        <con:sourceType>DefaultSalesOrganizationRoleId</con:sourceType>
        <con:sourceStep>#Project#</con:sourceStep>
        <con:targetType>req_soRoleId</con:targetType>
        <con:targetStep>Create forced user bi</con:targetStep>
        <con:upgraded>true</con:upgraded>
      </con:transfers>
      <con:transfers setNullOnMissingSource="true" transferTextContent="true" failOnError="true" ignoreEmpty="false" transferToAll="false" entitize="false" transferChildNodes="false">
        <con:name>biSpecCode</con:name>
        <con:sourceType>biSpec</con:sourceType>
        <con:sourceStep>Given properties for the test steps</con:sourceStep>
        <con:targetType>req_biSpecCode</con:targetType>
        <con:targetStep>Create forced user bi</con:targetStep>
        <con:upgraded>true</con:upgraded>
      </con:transfers>
      <con:transfers setNullOnMissingSource="true" transferTextContent="true" failOnError="true" ignoreEmpty="false" transferToAll="false" entitize="false" transferChildNodes="false">
        <con:name>userToken</con:name>
        <con:sourceType>emptyValue</con:sourceType>
        <con:sourceStep>Given properties for the test steps</con:sourceStep>
        <con:targetType>AuthorizationUser</con:targetType>
        <con:targetStep>#Project#</con:targetStep>
        <con:upgraded>true</con:upgraded>
      </con:transfers>
      <con:transfers setNullOnMissingSource="true" transferTextContent="true" failOnError="true" ignoreEmpty="false" transferToAll="false" entitize="false" transferChildNodes="false">
        <con:name>userSo</con:name>
        <con:sourceType>emptyValue</con:sourceType>
        <con:sourceStep>Given properties for the test steps</con:sourceStep>
        <con:targetType>UserSo</con:targetType>
        <con:targetStep>#Project#</con:targetStep>
        <con:upgraded>true</con:upgraded>
      </con:transfers>
    </con:config>
  </con:testStep>
  <con:testStep type="calltestcase" name="Create forced user bi" id="653966e1-69da-42cb-806d-351572a48d53">
    <con:settings/>
    <con:config xsi:type="con:RunTestCaseStep" xmlns:xsi="http://www.w3.org/2001/XMLSchema-instance">
      <con:targetTestCase>080f0d17-75de-4298-b319-a299dc83bbba</con:targetTestCase>
      <con:properties>
        <con:property>
          <con:name>req_userRoleId</con:name>
          <con:value>2</con:value>
        </con:property>
        <con:property>
          <con:name>req_soRoleId</con:name>
          <con:value>1</con:value>
        </con:property>
        <con:property>
          <con:name>req_biSpecCode</con:name>
          <con:value>CREATESTARTERPACKBISPEC</con:value>
        </con:property>
        <con:property>
          <con:name>res_biId</con:name>
          <con:value>1091</con:value>
        </con:property>
        <con:property>
          <con:name>res_code</con:name>
          <con:value xsi:nil="true"/>
        </con:property>
        <con:property>
          <con:name>res_errorMessage</con:name>
          <con:value xsi:nil="true"/>
        </con:property>
        <con:property>
          <con:name>res_httpCode</con:name>
          <con:value>201</con:value>
        </con:property>
      </con:properties>
      <con:returnProperties>
        <con:entry>res_biId</con:entry>
        <con:entry>res_code</con:entry>
        <con:entry>res_errorMessage</con:entry>
        <con:entry>res_httpCode</con:entry>
      </con:returnProperties>
      <con:runMode>PARALLELL</con:runMode>
    </con:config>
  </con:testStep>
  <con:testStep type="assertionteststep" name="Assertion create user bi successful" id="8a510888-a79c-4215-8c67-dacd6d4404d0">
    <con:settings/>
    <con:config xsi:type="con:AssertionTestStep" xmlns:xsi="http://www.w3.org/2001/XMLSchema-instance">
      <con:entry>
        <con:id>f7747140-0e6c-4898-ad7d-ce6bd2be3cab</con:id>
        <con:isGroup>false</con:isGroup>
        <con:sourceId>653966e1-69da-42cb-806d-351572a48d53</con:sourceId>
        <con:propertyName>res_errorMessage</con:propertyName>
        <con:assertion type="Simple Contains" name="Contains 2" id="0424ab88-0f30-4d38-b9a3-e951d8643440">
          <con:configuration>
            <token>^\s*$</token>
            <ignoreCase>false</ignoreCase>
            <useRegEx>true</useRegEx>
          </con:configuration>
        </con:assertion>
      </con:entry>
      <con:entry>
        <con:id>457432fa-1eff-43eb-8d54-54dc48a7d7b1</con:id>
        <con:isGroup>false</con:isGroup>
        <con:sourceId>653966e1-69da-42cb-806d-351572a48d53</con:sourceId>
        <con:propertyName>res_httpCode</con:propertyName>
        <con:assertion type="Simple Contains" name="Contains" id="03448e3a-3183-4856-85ce-6787c7aa4497">
          <con:configuration>
            <token>201</token>
            <ignoreCase>false</ignoreCase>
            <useRegEx>false</useRegEx>
          </con:configuration>
        </con:assertion>
      </con:entry>
    </con:config>
  </con:testStep>
  <con:testStep type="transfer" name="Set forced user parameters" id="b60ed6b7-8372-4b7d-8a24-7da5f0169383">
    <con:settings/>
    <con:config xsi:type="con:PropertyTransfersStep" xmlns:xsi="http://www.w3.org/2001/XMLSchema-instance">
      <con:transfers setNullOnMissingSource="true" transferTextContent="true" failOnError="true" ignoreEmpty="false" transferToAll="false" entitize="false" transferChildNodes="false">
        <con:name>CreatedByRoleId</con:name>
        <con:sourceType>DefaultUserRoleId</con:sourceType>
        <con:sourceStep>#Project#</con:sourceStep>
        <con:sourcePath/>
        <con:targetType>req_createdByUserRoleId</con:targetType>
        <con:targetStep>Add and submit user which forced to open session</con:targetStep>
        <con:targetPath/>
        <con:upgraded>true</con:upgraded>
      </con:transfers>
      <con:transfers setNullOnMissingSource="true" transferTextContent="true" failOnError="true" ignoreEmpty="false" transferToAll="false" entitize="false" transferChildNodes="false">
        <con:name>CreatedBySoId</con:name>
        <con:sourceType>DefaultSalesOrganizationRoleId</con:sourceType>
        <con:sourceStep>#Project#</con:sourceStep>
        <con:targetType>req_createdBySalesOrgRoleId</con:targetType>
        <con:targetStep>Add and submit user which forced to open session</con:targetStep>
        <con:upgraded>true</con:upgraded>
      </con:transfers>
      <con:transfers setNullOnMissingSource="true" transferTextContent="true" failOnError="true" ignoreEmpty="true" transferToAll="false" entitize="false" transferChildNodes="false">
        <con:name>SoId</con:name>
        <con:sourceType>res_salesOrgId</con:sourceType>
        <con:sourceStep>Create sales organization, user, inventory and terminal and place</con:sourceStep>
        <con:targetType>req_soRoleId</con:targetType>
        <con:targetStep>Add and submit user which forced to open session</con:targetStep>
        <con:upgraded>true</con:upgraded>
      </con:transfers>
      <con:transfers setNullOnMissingSource="true" transferTextContent="true" failOnError="true" ignoreEmpty="false" transferToAll="false" entitize="false" transferChildNodes="false">
        <con:name>biSpecCode</con:name>
        <con:sourceType>userCreateBiSpec</con:sourceType>
        <con:sourceStep>Given properties for the test steps</con:sourceStep>
        <con:targetType>req_biSpecCode</con:targetType>
        <con:targetStep>Add and submit user which forced to open session</con:targetStep>
        <con:upgraded>true</con:upgraded>
      </con:transfers>
      <con:transfers setNullOnMissingSource="true" transferTextContent="true" failOnError="true" ignoreEmpty="false" transferToAll="false" entitize="false" transferChildNodes="false">
        <con:name>session</con:name>
        <con:sourceType>true</con:sourceType>
        <con:sourceStep>Given properties for the test steps</con:sourceStep>
        <con:targetType>req_forceToUseSession</con:targetType>
        <con:targetStep>Add and submit user which forced to open session</con:targetStep>
        <con:upgraded>true</con:upgraded>
      </con:transfers>
      <con:transfers setNullOnMissingSource="true" transferTextContent="true" failOnError="true" ignoreEmpty="false" transferToAll="false" entitize="false" transferChildNodes="false">
        <con:name>userExtId</con:name>
        <con:sourceType>randomExtId</con:sourceType>
        <con:sourceStep>Given properties for the test steps</con:sourceStep>
        <con:targetType>req_userExternalID</con:targetType>
        <con:targetStep>Add and submit user which forced to open session</con:targetStep>
        <con:upgraded>true</con:upgraded>
      </con:transfers>
    </con:config>
  </con:testStep>
  <con:testStep type="calltestcase" name="Add and submit user which forced to open session" id="95f32ef8-2ddd-4d9f-9dd0-94fb8eac5e78">
    <con:settings/>
    <con:config xsi:type="con:RunTestCaseStep" xmlns:xsi="http://www.w3.org/2001/XMLSchema-instance">
      <con:targetTestCase>f95d12d9-6cd5-4f61-b30f-72301b48157f</con:targetTestCase>
      <con:properties>
        <con:property>
          <con:name>req_createdByUserRoleId</con:name>
          <con:value>2</con:value>
        </con:property>
        <con:property>
          <con:name>req_createdBySalesOrgRoleId</con:name>
          <con:value>1</con:value>
        </con:property>
        <con:property>
          <con:name>req_soRoleId</con:name>
          <con:value>27</con:value>
        </con:property>
        <con:property>
          <con:name>req_biSpecCode</con:name>
          <con:value>USERCREATEBISPEC</con:value>
        </con:property>
        <con:property>
          <con:name>req_userExternalID</con:name>
          <con:value>u${=java.util.UUID.randomUUID()}</con:value>
        </con:property>
        <con:property>
          <con:name>req_forceToUseSession</con:name>
          <con:value>true</con:value>
        </con:property>
        <con:property>
          <con:name>req_biId</con:name>
          <con:value>86</con:value>
        </con:property>
        <con:property>
          <con:name>req_name</con:name>
          <con:value>ssss</con:value>
        </con:property>
        <con:property>
          <con:name>req_indFirstName</con:name>
          <con:value>dddd</con:value>
        </con:property>
        <con:property>
          <con:name>req_indLastName</con:name>
          <con:value>fffffff</con:value>
        </con:property>
        <con:property>
          <con:name>req_indName</con:name>
          <con:value xsi:nil="true"/>
        </con:property>
        <con:property>
          <con:name>res_biId</con:name>
          <con:value>1101</con:value>
        </con:property>
        <con:property>
          <con:name>res_userId</con:name>
          <con:value>31</con:value>
        </con:property>
        <con:property>
          <con:name>userToken</con:name>
          <con:value>Bearer eyJraWQiOiIxIiwiYWxnIjoiUlMyNTYifQ.eyJpc3MiOiJVTVMtUHJlZmlsdGVyLUNoZWNrQXV0aG9yaXplIiwic3ViIjoiVEVTVCIsImF1ZCI6IlJNIiwiaWF0IjoxNDg3MTYwOTc5LCJleHAiOjE1MTg3NTMxOTYsImF1dGhfdGltZSI6IjEzMTEyODA4NzAiLCJub25jZSI6Im4tMFM2X1d6QTJNaiIsIm5hbWUiOiJVTVMgVGVzdCBVc2VyIiwieF9kYnNzIjp7ImF1dGh6UHJvZmlsZU5hbWUiOiJDU1JfQXV0aHpQcm9maWxlIiwidmVyc2lvbiI6InYxIiwicGFydHlfaWQiOiIxMjMiLCJleHRlcm5hbF91c2VybmFtZSI6InUxMzgyZmUyOC1hNDM5LTRlNzMtYWE1My01MTlhZjJhZmEwYWQifX0.hIdsluFxdo4Jq0DSusGD0Knm7tzLTCV7UXJGIsV1ogRDkgyCvB9xrVQnVr54M5WKiFWqLuJ0dh5DMZJ0EjJ-4ooREvsRhGjUWYeToz1759jzSXOaZBy1yINTT2HUFZRPyhHATDqNR3vuHqo27-jfpcJMs0YYPxyHCKONH-OQVK4</con:value>
        </con:property>
        <con:property>
          <con:name>intUserToken</con:name>
        </con:property>
        <con:property>
          <con:name>req_email</con:name>
        </con:property>
        <con:property>
          <con:name>res_error</con:name>
        </con:property>
        <con:property>
          <con:name>res_forceToUseSession</con:name>
        </con:property>
      </con:properties>
      <con:returnProperties>
        <con:entry>res_biId</con:entry>
        <con:entry>res_userId</con:entry>
        <con:entry>userToken</con:entry>
      </con:returnProperties>
      <con:runMode>PARALLELL</con:runMode>
    </con:config>
  </con:testStep>
  <con:testStep type="assertionteststep" name="Assertion session forced user successfully created" id="7f5a0de1-8eb0-4c62-bd44-2499eb09a156">
    <con:settings/>
    <con:config xsi:type="con:AssertionTestStep" xmlns:xsi="http://www.w3.org/2001/XMLSchema-instance">
      <con:entry>
        <con:id>faf14365-2b4a-4e63-9633-dda7da51b1bf</con:id>
        <con:isGroup>false</con:isGroup>
        <con:sourceId>95f32ef8-2ddd-4d9f-9dd0-94fb8eac5e78</con:sourceId>
        <con:propertyName>res_userId</con:propertyName>
        <con:assertion type="Simple Contains" name="Contains" id="9b1acb9f-1b53-44a1-aee3-fdb0f12dc908">
          <con:configuration>
            <token>\d+</token>
            <ignoreCase>false</ignoreCase>
            <useRegEx>true</useRegEx>
          </con:configuration>
        </con:assertion>
      </con:entry>
      <con:entry>
        <con:id>8cc50237-688f-45b6-9fe4-2b7d95d32fe3</con:id>
        <con:isGroup>false</con:isGroup>
        <con:sourceId>95f32ef8-2ddd-4d9f-9dd0-94fb8eac5e78</con:sourceId>
        <con:propertyName>res_biId</con:propertyName>
        <con:assertion type="Simple Contains" name="Contains 2" id="dcca128b-4c22-4051-b78b-fbfb7afcfb98">
          <con:configuration>
            <token>\d+</token>
            <ignoreCase>false</ignoreCase>
            <useRegEx>true</useRegEx>
          </con:configuration>
        </con:assertion>
      </con:entry>
    </con:config>
  </con:testStep>
  <con:testStep type="transfer" name="Set bi parameters to create bi successfully2" id="c96f463a-8f28-43df-8e4c-4014852d3196">
    <con:settings/>
    <con:config xsi:type="con:PropertyTransfersStep" xmlns:xsi="http://www.w3.org/2001/XMLSchema-instance">
      <con:transfers setNullOnMissingSource="true" transferTextContent="true" failOnError="true" ignoreEmpty="false" transferToAll="false" entitize="false" transferChildNodes="false">
        <con:name>biSpec</con:name>
        <con:sourceType>biSpec</con:sourceType>
        <con:sourceStep>Given properties for the test steps</con:sourceStep>
        <con:sourcePath/>
        <con:targetType>req_biSpec</con:targetType>
        <con:targetStep>Create starter pack business interaction with forced user</con:targetStep>
        <con:targetPath/>
        <con:upgraded>true</con:upgraded>
      </con:transfers>
      <con:transfers setNullOnMissingSource="true" transferTextContent="true" failOnError="true" ignoreEmpty="false" transferToAll="false" entitize="false" transferChildNodes="false">
        <con:name>userRoleID</con:name>
        <con:sourceType>res_userId</con:sourceType>
        <con:sourceStep>Add and submit user which forced to open session</con:sourceStep>
        <con:targetType>req_userRoleId</con:targetType>
        <con:targetStep>Create starter pack business interaction with forced user</con:targetStep>
        <con:upgraded>true</con:upgraded>
      </con:transfers>
      <con:transfers setNullOnMissingSource="true" transferTextContent="true" failOnError="true" ignoreEmpty="false" transferToAll="false" entitize="false" transferChildNodes="false">
        <con:name>soRoleId</con:name>
        <con:sourceType>req_soRoleId</con:sourceType>
        <con:sourceStep>Add and submit user which forced to open session</con:sourceStep>
        <con:targetType>req_soRoleId</con:targetType>
        <con:targetStep>Create starter pack business interaction with forced user</con:targetStep>
        <con:upgraded>true</con:upgraded>
      </con:transfers>
      <con:transfers setNullOnMissingSource="true" transferTextContent="true" failOnError="true" ignoreEmpty="false" transferToAll="false" entitize="false" transferChildNodes="false">
        <con:name>userSo</con:name>
        <con:sourceType>req_soRoleId</con:sourceType>
        <con:sourceStep>Add and submit user which forced to open session</con:sourceStep>
        <con:targetType>UserSo</con:targetType>
        <con:targetStep>#Project#</con:targetStep>
        <con:upgraded>true</con:upgraded>
      </con:transfers>
    </con:config>
  </con:testStep>
  <con:testStep type="calltestcase" name="Create starter pack business interaction with forced user" id="466feb6a-9044-49d5-8f74-0c1408833b2a">
    <con:settings/>
    <con:config xsi:type="con:RunTestCaseStep" xmlns:xsi="http://www.w3.org/2001/XMLSchema-instance">
      <con:targetTestCase>637528a8-67ce-4e6e-a2c5-0c0629ea45b6</con:targetTestCase>
      <con:properties>
        <con:property>
          <con:name>req_userRoleId</con:name>
          <con:value>31</con:value>
        </con:property>
        <con:property>
          <con:name>req_biSpec</con:name>
          <con:value>CREATESTARTERPACKBISPEC</con:value>
        </con:property>
        <con:property>
          <con:name>req_soRoleId</con:name>
          <con:value>27</con:value>
        </con:property>
        <con:property>
          <con:name>res_id</con:name>
          <con:value>1111</con:value>
        </con:property>
        <con:property>
          <con:name>res_code</con:name>
          <con:value xsi:nil="true"/>
        </con:property>
        <con:property>
          <con:name>res_errorMessage</con:name>
          <con:value xsi:nil="true"/>
        </con:property>
        <con:property>
          <con:name>res_httpStatus</con:name>
        </con:property>
      </con:properties>
      <con:returnProperties>
        <con:entry>res_id</con:entry>
        <con:entry>res_code</con:entry>
        <con:entry>res_errorMessage</con:entry>
      </con:returnProperties>
      <con:runMode>PARALLELL</con:runMode>
    </con:config>
  </con:testStep>
  <con:testStep type="assertionteststep" name="Assertion starter pack bi created" id="9a793177-27ee-450f-b77f-da824163a359">
    <con:settings/>
    <con:config xsi:type="con:AssertionTestStep" xmlns:xsi="http://www.w3.org/2001/XMLSchema-instance">
      <con:entry>
        <con:id>d5d15712-1b16-4604-93bd-7127a06a978e</con:id>
        <con:isGroup>false</con:isGroup>
        <con:sourceId>466feb6a-9044-49d5-8f74-0c1408833b2a</con:sourceId>
        <con:propertyName>res_id</con:propertyName>
        <con:assertion type="Simple Contains" name="Contains" id="31e1dac0-acf2-4538-b3bd-b730db4f07ad">
          <con:configuration>
            <token>\d+</token>
            <ignoreCase>false</ignoreCase>
            <useRegEx>true</useRegEx>
          </con:configuration>
        </con:assertion>
      </con:entry>
      <con:entry>
        <con:id>7fd29c7b-5158-43bf-a9da-019a1a4c5792</con:id>
        <con:isGroup>false</con:isGroup>
        <con:sourceId>466feb6a-9044-49d5-8f74-0c1408833b2a</con:sourceId>
        <con:propertyName>res_errorMessage</con:propertyName>
        <con:assertion type="Simple Contains" name="Contains 2" id="2c1fabc9-abdc-4207-9840-3e62bbfd1653">
          <con:configuration>
            <token>^\s*$</token>
            <ignoreCase>false</ignoreCase>
            <useRegEx>true</useRegEx>
          </con:configuration>
        </con:assertion>
      </con:entry>
    </con:config>
  </con:testStep>
  <con:testStep type="transfer" name="Set create sim products parameters2" id="b40d8bbf-a3ab-48f0-9b2c-458ce61eaeb3">
    <con:settings/>
    <con:config xsi:type="con:PropertyTransfersStep" xmlns:xsi="http://www.w3.org/2001/XMLSchema-instance">
      <con:transfers setNullOnMissingSource="true" transferTextContent="true" failOnError="true" ignoreEmpty="false" transferToAll="false" entitize="false" transferChildNodes="false">
        <con:name>userRoleId</con:name>
        <con:sourceType>req_userRoleId</con:sourceType>
        <con:sourceStep>#TestCase#</con:sourceStep>
        <con:sourcePath/>
        <con:targetType>req_userRoleId</con:targetType>
        <con:targetStep>Create sim products2</con:targetStep>
        <con:targetPath/>
        <con:upgraded>true</con:upgraded>
      </con:transfers>
      <con:transfers setNullOnMissingSource="true" transferTextContent="true" failOnError="true" ignoreEmpty="false" transferToAll="false" entitize="false" transferChildNodes="false">
        <con:name>soRoleId</con:name>
        <con:sourceType>req_salesOrgRoleId</con:sourceType>
        <con:sourceStep>#TestCase#</con:sourceStep>
        <con:targetType>req_soRoleId</con:targetType>
        <con:targetStep>Create sim products2</con:targetStep>
        <con:upgraded>true</con:upgraded>
      </con:transfers>
      <con:transfers setNullOnMissingSource="true" transferTextContent="true" failOnError="true" ignoreEmpty="false" transferToAll="false" entitize="false" transferChildNodes="false">
        <con:name>placeId</con:name>
        <con:sourceType>req_placeId</con:sourceType>
        <con:sourceStep>#TestCase#</con:sourceStep>
        <con:targetType>req_placeId</con:targetType>
        <con:targetStep>Create sim products2</con:targetStep>
        <con:upgraded>true</con:upgraded>
      </con:transfers>
      <con:transfers setNullOnMissingSource="true" transferTextContent="true" failOnError="true" ignoreEmpty="false" transferToAll="false" entitize="false" transferChildNodes="false">
        <con:name>terminalId</con:name>
        <con:sourceType>res_terminalId</con:sourceType>
        <con:sourceStep>Create sales organization, user, inventory and terminal and place</con:sourceStep>
        <con:targetType>req_terminalId</con:targetType>
        <con:targetStep>Create sim products2</con:targetStep>
        <con:upgraded>true</con:upgraded>
      </con:transfers>
      <con:transfers setNullOnMissingSource="true" transferTextContent="true" failOnError="true" ignoreEmpty="false" transferToAll="false" entitize="false" transferChildNodes="false">
        <con:name>restoreUserToken</con:name>
        <con:sourceType>userToken</con:sourceType>
        <con:sourceStep>Create sales organization, user, inventory and terminal and place</con:sourceStep>
        <con:targetType>AuthorizationUser</con:targetType>
        <con:targetStep>#Project#</con:targetStep>
        <con:upgraded>true</con:upgraded>
      </con:transfers>
    </con:config>
  </con:testStep>
  <con:testStep type="calltestcase" name="Create sim products2" id="8fe7f1da-e63b-49cd-96ba-53873a73963c">
    <con:settings/>
    <con:config xsi:type="con:RunTestCaseStep" xmlns:xsi="http://www.w3.org/2001/XMLSchema-instance">
      <con:targetTestCase>16d8a61e-3fd2-42b2-bc91-6bcdac56ce92</con:targetTestCase>
      <con:properties>
        <con:property>
          <con:name>req_terminalId</con:name>
          <con:value>7</con:value>
        </con:property>
        <con:property>
          <con:name>req_userRoleId</con:name>
          <con:value>29</con:value>
        </con:property>
        <con:property>
          <con:name>req_soRoleId</con:name>
          <con:value>27</con:value>
        </con:property>
        <con:property>
          <con:name>req_placeId</con:name>
          <con:value>16</con:value>
        </con:property>
        <con:property>
          <con:name>res_code</con:name>
          <con:value>200</con:value>
        </con:property>
        <con:property>
          <con:name>res_startSerial</con:name>
          <con:value>10000000000002901351</con:value>
        </con:property>
        <con:property>
          <con:name>res_endSerial</con:name>
          <con:value>10000000000002901361</con:value>
        </con:property>
        <con:property>
          <con:name>res_simProductId</con:name>
          <con:value>31</con:value>
        </con:property>
        <con:property>
          <con:name>res_serialText1</con:name>
          <con:value>1000000000009435121</con:value>
        </con:property>
        <con:property>
          <con:name>res_serialText2</con:name>
          <con:value>1000000000009435131</con:value>
        </con:property>
      </con:properties>
      <con:returnProperties>
        <con:entry>res_startSerial</con:entry>
        <con:entry>res_endSerial</con:entry>
        <con:entry>res_code</con:entry>
        <con:entry>res_simProductId</con:entry>
        <con:entry>res_serialText1</con:entry>
        <con:entry>res_serialText2</con:entry>
      </con:returnProperties>
      <con:runMode>PARALLELL</con:runMode>
    </con:config>
  </con:testStep>
  <con:testStep type="assertionteststep" name="Assertion sim products successfully created" id="0157e6d3-1db8-43ed-a686-77c428034c54">
    <con:settings/>
    <con:config xsi:type="con:AssertionTestStep" xmlns:xsi="http://www.w3.org/2001/XMLSchema-instance">
      <con:entry>
        <con:id>cf6c8375-2d53-4430-81d9-1e19c6a84693</con:id>
        <con:isGroup>false</con:isGroup>
        <con:sourceId>8fe7f1da-e63b-49cd-96ba-53873a73963c</con:sourceId>
        <con:propertyName>res_startSerial</con:propertyName>
        <con:assertion type="Simple Contains" name="Contains" id="3cd5f666-af53-44e7-913f-ea447585d33d">
          <con:configuration>
            <token>\d+</token>
            <ignoreCase>false</ignoreCase>
            <useRegEx>true</useRegEx>
          </con:configuration>
        </con:assertion>
      </con:entry>
      <con:entry>
        <con:id>aeb83af5-e51c-4130-a25a-83c79acbf253</con:id>
        <con:isGroup>false</con:isGroup>
        <con:sourceId>8fe7f1da-e63b-49cd-96ba-53873a73963c</con:sourceId>
        <con:propertyName>res_endSerial</con:propertyName>
        <con:assertion type="Simple Contains" name="Contains 2" id="bfd393fa-40a8-4aef-ad49-427041f8f4dd">
          <con:configuration>
            <token>\d+</token>
            <ignoreCase>false</ignoreCase>
            <useRegEx>true</useRegEx>
          </con:configuration>
        </con:assertion>
      </con:entry>
      <con:entry>
        <con:id>09863ce9-fe57-40d5-8d32-cd55ea2b89a3</con:id>
        <con:isGroup>false</con:isGroup>
        <con:sourceId>8fe7f1da-e63b-49cd-96ba-53873a73963c</con:sourceId>
        <con:propertyName>res_code</con:propertyName>
        <con:assertion type="Simple Contains" name="Contains 3" id="27adf3a7-8c7b-43c7-830c-dd7c9ca238cc">
          <con:configuration>
            <token>200</token>
            <ignoreCase>false</ignoreCase>
            <useRegEx>false</useRegEx>
          </con:configuration>
        </con:assertion>
      </con:entry>
    </con:config>
  </con:testStep>
  <con:testStep type="transfer" name="Set reserve SIM's request2" id="2cb61330-1fcd-43a0-9fd2-b09fcc441a19">
    <con:settings/>
    <con:config xsi:type="con:PropertyTransfersStep" xmlns:xsi="http://www.w3.org/2001/XMLSchema-instance">
      <con:transfers setNullOnMissingSource="true" transferTextContent="true" failOnError="true" ignoreEmpty="false" transferToAll="false" entitize="false" transferChildNodes="false">
        <con:name>startICCID</con:name>
        <con:sourceType>res_startSerial</con:sourceType>
        <con:sourceStep>Create sim products2</con:sourceStep>
        <con:sourcePath/>
        <con:targetType>req_startICCD</con:targetType>
        <con:targetStep>Reserve SIM's 2</con:targetStep>
        <con:targetPath/>
        <con:upgraded>true</con:upgraded>
      </con:transfers>
      <con:transfers setNullOnMissingSource="true" transferTextContent="true" failOnError="true" ignoreEmpty="false" transferToAll="false" entitize="false" transferChildNodes="false">
        <con:name>endICCID</con:name>
        <con:sourceType>res_endSerial</con:sourceType>
        <con:sourceStep>Create sim products2</con:sourceStep>
        <con:targetType>req_endICCID</con:targetType>
        <con:targetStep>Reserve SIM's 2</con:targetStep>
        <con:upgraded>true</con:upgraded>
      </con:transfers>
      <con:transfers setNullOnMissingSource="true" transferTextContent="true" failOnError="true" ignoreEmpty="false" transferToAll="false" entitize="false" transferChildNodes="false">
        <con:name>simSpecExtId</con:name>
        <con:sourceType>simSpecExtID</con:sourceType>
        <con:sourceStep>Given properties for the test steps</con:sourceStep>
        <con:targetType>req_simSpecificationExternalId</con:targetType>
        <con:targetStep>Reserve SIM's 2</con:targetStep>
        <con:upgraded>true</con:upgraded>
      </con:transfers>
      <con:transfers setNullOnMissingSource="true" transferTextContent="true" failOnError="true" ignoreEmpty="false" transferToAll="false" entitize="false" transferChildNodes="false">
        <con:name>quantity</con:name>
        <con:sourceType>validQuantity</con:sourceType>
        <con:sourceStep>Given properties for the test steps</con:sourceStep>
        <con:targetType>req_requestedQuantity</con:targetType>
        <con:targetStep>Reserve SIM's 2</con:targetStep>
        <con:upgraded>true</con:upgraded>
      </con:transfers>
      <con:transfers setNullOnMissingSource="true" transferTextContent="true" failOnError="true" ignoreEmpty="false" transferToAll="false" entitize="false" transferChildNodes="false">
        <con:name>placeId</con:name>
        <con:sourceType>req_placeId</con:sourceType>
        <con:sourceStep>#TestCase#</con:sourceStep>
        <con:targetType>req_placeId</con:targetType>
        <con:targetStep>Reserve SIM's 2</con:targetStep>
        <con:upgraded>true</con:upgraded>
      </con:transfers>
      <con:transfers setNullOnMissingSource="true" transferTextContent="true" failOnError="true" ignoreEmpty="false" transferToAll="false" entitize="false" transferChildNodes="false">
        <con:name>biId</con:name>
        <con:sourceType>res_id</con:sourceType>
        <con:sourceStep>Create starter pack business interaction with forced user</con:sourceStep>
        <con:targetType>req_biId</con:targetType>
        <con:targetStep>Reserve SIM's 2</con:targetStep>
        <con:upgraded>true</con:upgraded>
      </con:transfers>
    </con:config>
  </con:testStep>
  <con:testStep type="calltestcase" name="Reserve SIM's 2" id="f382f1f1-f15e-4498-a46a-7825f8a68cb3">
    <con:settings/>
    <con:config xsi:type="con:RunTestCaseStep" xmlns:xsi="http://www.w3.org/2001/XMLSchema-instance">
      <con:targetTestCase>06a90684-e6bc-45c1-a3fd-05f9e6abe346</con:targetTestCase>
      <con:properties>
        <con:property>
          <con:name>req_startICCD</con:name>
          <con:value>10000000000002901351</con:value>
        </con:property>
        <con:property>
          <con:name>req_endICCID</con:name>
          <con:value>10000000000002901361</con:value>
        </con:property>
        <con:property>
          <con:name>req_simSpecificationExternalId</con:name>
          <con:value>EXT-SIM-1</con:value>
        </con:property>
        <con:property>
          <con:name>req_requestedQuantity</con:name>
          <con:value>2</con:value>
        </con:property>
        <con:property>
          <con:name>req_placeId</con:name>
          <con:value>16</con:value>
        </con:property>
        <con:property>
          <con:name>res_iccids</con:name>
          <con:value>["1","1"]</con:value>
        </con:property>
        <con:property>
          <con:name>res_code</con:name>
          <con:value xsi:nil="true"/>
        </con:property>
        <con:property>
          <con:name>res_errorMessage</con:name>
          <con:value xsi:nil="true"/>
        </con:property>
        <con:property>
          <con:name>req_biId</con:name>
          <con:value>1111</con:value>
        </con:property>
      </con:properties>
      <con:returnProperties>
        <con:entry>res_iccids</con:entry>
        <con:entry>res_code</con:entry>
        <con:entry>res_errorMessage</con:entry>
      </con:returnProperties>
      <con:runMode>PARALLELL</con:runMode>
    </con:config>
  </con:testStep>
  <con:testStep type="assertionteststep" name="Assertion sims reserverd sucessfully" id="5c02f93a-535c-444d-bfbc-424cf1d5c87c">
    <con:settings/>
    <con:config xsi:type="con:AssertionTestStep" xmlns:xsi="http://www.w3.org/2001/XMLSchema-instance">
      <con:entry>
        <con:id>004320c4-1205-4722-bcfc-4817d1221d71</con:id>
        <con:isGroup>false</con:isGroup>
        <con:sourceId>f382f1f1-f15e-4498-a46a-7825f8a68cb3</con:sourceId>
        <con:propertyName>res_iccids</con:propertyName>
        <con:assertion type="Simple Contains" name="Contains" id="325cc19b-a0a6-4a0a-b604-86a1deb1c88e">
          <con:configuration>
            <token>\d+</token>
            <ignoreCase>false</ignoreCase>
            <useRegEx>true</useRegEx>
          </con:configuration>
        </con:assertion>
      </con:entry>
      <con:entry>
        <con:id>60ba32d0-ce83-463b-8450-1ff82083bd61</con:id>
        <con:isGroup>false</con:isGroup>
        <con:sourceId>f382f1f1-f15e-4498-a46a-7825f8a68cb3</con:sourceId>
        <con:propertyName>res_errorMessage</con:propertyName>
        <con:assertion type="Simple Contains" name="Contains 2" id="ac986aa1-6c09-42de-a8db-799dee0503bf">
          <con:configuration>
            <token>^\s*$</token>
            <ignoreCase>false</ignoreCase>
            <useRegEx>true</useRegEx>
          </con:configuration>
        </con:assertion>
      </con:entry>
    </con:config>
  </con:testStep>
  <con:testStep type="transfer" name="Set submit bi id2" id="0ab34427-7113-4e03-9d28-77463725f732">
    <con:settings/>
    <con:config xsi:type="con:PropertyTransfersStep" xmlns:xsi="http://www.w3.org/2001/XMLSchema-instance">
      <con:transfers setNullOnMissingSource="true" transferTextContent="true" failOnError="true" ignoreEmpty="false" transferToAll="false" entitize="false" transferChildNodes="false">
        <con:name>biId</con:name>
        <con:sourceType>res_id</con:sourceType>
        <con:sourceStep>Create starter pack business interaction with forced user</con:sourceStep>
        <con:sourcePath/>
        <con:targetType>req_biId</con:targetType>
        <con:targetStep>Submit starter pack bi to ongoing state 2</con:targetStep>
        <con:targetPath/>
        <con:upgraded>true</con:upgraded>
      </con:transfers>
    </con:config>
  </con:testStep>
  <con:testStep type="calltestcase" name="Submit starter pack bi to ongoing state 2" id="fbb723c7-5a56-427d-9a0e-4792aca769e2">
    <con:settings/>
    <con:config xsi:type="con:RunTestCaseStep" xmlns:xsi="http://www.w3.org/2001/XMLSchema-instance">
      <con:targetTestCase>7139ae50-0804-4cbc-9d4f-d7add6e31e65</con:targetTestCase>
      <con:properties>
        <con:property>
          <con:name>req_biId</con:name>
          <con:value>1111</con:value>
        </con:property>
        <con:property>
          <con:name>res_biId</con:name>
          <con:value>1111</con:value>
        </con:property>
        <con:property>
          <con:name>res_code</con:name>
          <con:value xsi:nil="true"/>
        </con:property>
        <con:property>
          <con:name>res_errorMessage</con:name>
          <con:value xsi:nil="true"/>
        </con:property>
      </con:properties>
      <con:returnProperties>
        <con:entry>res_biId</con:entry>
        <con:entry>res_code</con:entry>
        <con:entry>res_errorMessage</con:entry>
      </con:returnProperties>
      <con:runMode>PARALLELL</con:runMode>
    </con:config>
  </con:testStep>
  <con:testStep type="assertionteststep" name="Assertion submitted to ongoing successfully" id="51bbb449-574f-467c-bf75-b0eacf223448">
    <con:settings/>
    <con:config xsi:type="con:AssertionTestStep" xmlns:xsi="http://www.w3.org/2001/XMLSchema-instance">
      <con:entry>
        <con:id>c176d1a0-1163-4fd6-8929-616580afd423</con:id>
        <con:isGroup>false</con:isGroup>
        <con:sourceId>fbb723c7-5a56-427d-9a0e-4792aca769e2</con:sourceId>
        <con:propertyName>res_biId</con:propertyName>
        <con:assertion type="Simple Contains" name="Contains" id="8b3553cd-d7eb-4c83-8b57-fb7eec6409a6">
          <con:configuration>
            <token>\d+</token>
            <ignoreCase>false</ignoreCase>
            <useRegEx>true</useRegEx>
          </con:configuration>
        </con:assertion>
      </con:entry>
      <con:entry>
        <con:id>8349de1f-405e-4f29-bef2-bd159465083a</con:id>
        <con:isGroup>false</con:isGroup>
        <con:sourceId>fbb723c7-5a56-427d-9a0e-4792aca769e2</con:sourceId>
        <con:propertyName>res_errorMessage</con:propertyName>
        <con:assertion type="Simple Contains" name="Contains 2" id="24434bfd-5bae-4ee9-9af3-5b88dafaf190">
          <con:configuration>
            <token>^\s*$</token>
            <ignoreCase>false</ignoreCase>
            <useRegEx>true</useRegEx>
          </con:configuration>
        </con:assertion>
      </con:entry>
    </con:config>
  </con:testStep>
  <con:testStep type="transfer" name="Set assign starter pack properties" id="99d32a61-982f-409f-af51-b1429818fa31">
    <con:settings/>
    <con:config xsi:type="con:PropertyTransfersStep" xmlns:xsi="http://www.w3.org/2001/XMLSchema-instance">
      <con:transfers setNullOnMissingSource="true" transferTextContent="true" failOnError="true" ignoreEmpty="false" transferToAll="false" entitize="false" transferChildNodes="false">
        <con:name>biId</con:name>
        <con:sourceType>res_id</con:sourceType>
        <con:sourceStep>Create starter pack business interaction with forced user</con:sourceStep>
        <con:sourcePath/>
        <con:targetType>req_biId</con:targetType>
        <con:targetStep>Cannot assign starter packs without session</con:targetStep>
        <con:targetPath/>
        <con:upgraded>true</con:upgraded>
      </con:transfers>
      <con:transfers setNullOnMissingSource="true" transferTextContent="true" failOnError="true" ignoreEmpty="false" transferToAll="false" entitize="false" transferChildNodes="false">
        <con:name>starterPackSpeckExtId</con:name>
        <con:sourceType>starterPackSpecExtId</con:sourceType>
        <con:sourceStep>Given properties for the test steps</con:sourceStep>
        <con:targetType>req_starterPackSpecificationExternalId</con:targetType>
        <con:targetStep>Cannot assign starter packs without session</con:targetStep>
        <con:upgraded>true</con:upgraded>
      </con:transfers>
      <con:transfers setNullOnMissingSource="true" transferTextContent="true" failOnError="true" ignoreEmpty="false" transferToAll="false" entitize="false" transferChildNodes="false">
        <con:name>placeId</con:name>
        <con:sourceType>req_placeId</con:sourceType>
        <con:sourceStep>#TestCase#</con:sourceStep>
        <con:targetType>req_toPlaceId</con:targetType>
        <con:targetStep>Cannot assign starter packs without session</con:targetStep>
        <con:upgraded>true</con:upgraded>
      </con:transfers>
      <con:transfers setNullOnMissingSource="true" transferTextContent="true" failOnError="true" ignoreEmpty="false" transferToAll="false" entitize="false" transferChildNodes="false">
        <con:name>starterPackSerialText1</con:name>
        <con:sourceType>res_serialText1</con:sourceType>
        <con:sourceStep>Create sim products2</con:sourceStep>
        <con:targetType>req_starterPackSerialText1</con:targetType>
        <con:targetStep>Cannot assign starter packs without session</con:targetStep>
        <con:upgraded>true</con:upgraded>
      </con:transfers>
      <con:transfers setNullOnMissingSource="true" transferTextContent="true" failOnError="true" ignoreEmpty="false" transferToAll="false" entitize="false" transferChildNodes="false">
        <con:name>iccid1</con:name>
        <con:sourceType>res_startSerial</con:sourceType>
        <con:sourceStep>Create sim products2</con:sourceStep>
        <con:targetType>req_iccid1</con:targetType>
        <con:targetStep>Cannot assign starter packs without session</con:targetStep>
        <con:upgraded>true</con:upgraded>
      </con:transfers>
      <con:transfers setNullOnMissingSource="true" transferTextContent="true" failOnError="true" ignoreEmpty="false" transferToAll="false" entitize="false" transferChildNodes="false">
        <con:name>iccid2</con:name>
        <con:sourceType>res_endSerial</con:sourceType>
        <con:sourceStep>Create sim products2</con:sourceStep>
        <con:targetType>req_iccid2</con:targetType>
        <con:targetStep>Cannot assign starter packs without session</con:targetStep>
        <con:upgraded>true</con:upgraded>
      </con:transfers>
      <con:transfers setNullOnMissingSource="true" transferTextContent="true" failOnError="true" ignoreEmpty="false" transferToAll="false" entitize="false" transferChildNodes="false">
        <con:name>starterPackSerialText2</con:name>
        <con:sourceType>res_serialText2</con:sourceType>
        <con:sourceStep>Create sim products2</con:sourceStep>
        <con:targetType>req_starterPackSerialText2</con:targetType>
        <con:targetStep>Cannot assign starter packs without session</con:targetStep>
        <con:upgraded>true</con:upgraded>
      </con:transfers>
    </con:config>
  </con:testStep>
  <con:testStep type="calltestcase" name="Cannot assign starter packs without session" id="8c86ae7c-6d1f-4f61-bec1-3aa6e2be4488">
    <con:settings/>
    <con:config xsi:type="con:RunTestCaseStep" xmlns:xsi="http://www.w3.org/2001/XMLSchema-instance">
      <con:targetTestCase>442bb0ce-1cc6-4f47-9fd2-05620efabe9d</con:targetTestCase>
      <con:properties>
        <con:property>
          <con:name>req_biId</con:name>
          <con:value>1111</con:value>
        </con:property>
        <con:property>
          <con:name>req_starterPackSpecificationExternalId</con:name>
          <con:value>EXT-STARTERPACK-1</con:value>
        </con:property>
        <con:property>
          <con:name>req_toPlaceId</con:name>
          <con:value>16</con:value>
        </con:property>
        <con:property>
          <con:name>req_starterPackSerialText1</con:name>
          <con:value>1000000000009435121</con:value>
        </con:property>
        <con:property>
          <con:name>req_iccid1</con:name>
          <con:value>10000000000002901351</con:value>
        </con:property>
        <con:property>
          <con:name>res_code</con:name>
          <con:value>USER_NEEDS_A_SESSION_TO_CREATE_THIS_BUSINESS_INTERACTION</con:value>
        </con:property>
        <con:property>
          <con:name>res_errorMessage</con:name>
          <con:value>USER_NEEDS_A_SESSION_TO_CREATE_THIS_BUSINESS_INTERACTION</con:value>
        </con:property>
        <con:property>
          <con:name>res_biId</con:name>
          <con:value xsi:nil="true"/>
        </con:property>
        <con:property>
          <con:name>req_iccid2</con:name>
          <con:value>10000000000002901361</con:value>
        </con:property>
        <con:property>
          <con:name>req_starterPackSerialText2</con:name>
          <con:value>1000000000009435131</con:value>
        </con:property>
      </con:properties>
      <con:returnProperties>
        <con:entry>res_code</con:entry>
        <con:entry>res_errorMessage</con:entry>
        <con:entry>res_biId</con:entry>
      </con:returnProperties>
      <con:runMode>PARALLELL</con:runMode>
    </con:config>
  </con:testStep>
  <con:testStep type="assertionteststep" name="Assertion user needs session in order to assign" id="c5cb3198-8b52-4a16-805d-4342a7b1717b">
    <con:settings/>
    <con:config xsi:type="con:AssertionTestStep" xmlns:xsi="http://www.w3.org/2001/XMLSchema-instance">
      <con:entry>
        <con:id>f78ef093-64ee-4008-b350-091aa2922717</con:id>
        <con:isGroup>false</con:isGroup>
        <con:sourceId>8c86ae7c-6d1f-4f61-bec1-3aa6e2be4488</con:sourceId>
        <con:propertyName>res_errorMessage</con:propertyName>
        <con:assertion type="Simple Equals" name="Equals" id="d77a9f1f-5f42-4ad2-9244-ab2fe5b6007a">
          <con:configuration>
            <patternObjectId>0c4090d9-8499-4d2c-947d-e5692b7e307f</patternObjectId>
            <patternProperty>error_user_needs_session</patternProperty>
            <caseSensitive>true</caseSensitive>
          </con:configuration>
        </con:assertion>
      </con:entry>
      <con:entry>
        <con:id>22162a9b-abe2-46b3-86c1-583db40798c3</con:id>
        <con:isGroup>false</con:isGroup>
        <con:sourceId>8c86ae7c-6d1f-4f61-bec1-3aa6e2be4488</con:sourceId>
        <con:propertyName>res_biId</con:propertyName>
        <con:assertion type="Simple Contains" name="Contains" id="61e71833-dc3e-4616-a1a0-31e539c4db69">
          <con:configuration>
            <token>^\s*$</token>
            <ignoreCase>false</ignoreCase>
            <useRegEx>true</useRegEx>
          </con:configuration>
        </con:assertion>
      </con:entry>
    </con:config>
  </con:testStep>
  <con:testStep type="transfer" name="Set terminal params" id="902a801c-c8d0-4e49-9fb7-ae31d6b84f94">
    <con:settings/>
    <con:config xsi:type="con:PropertyTransfersStep" xmlns:xsi="http://www.w3.org/2001/XMLSchema-instance">
      <con:transfers setNullOnMissingSource="true" transferTextContent="true" failOnError="true" ignoreEmpty="false" transferToAll="false" entitize="false" transferChildNodes="false">
        <con:name>createdUserId</con:name>
        <con:sourceType>DefaultUserRoleId</con:sourceType>
        <con:sourceStep>#Project#</con:sourceStep>
        <con:sourcePath/>
        <con:targetType>req_createdByUserRoleId</con:targetType>
        <con:targetStep>Create and submit terminal</con:targetStep>
        <con:targetPath/>
        <con:upgraded>true</con:upgraded>
      </con:transfers>
      <con:transfers setNullOnMissingSource="true" transferTextContent="true" failOnError="true" ignoreEmpty="false" transferToAll="false" entitize="false" transferChildNodes="false">
        <con:name>createdSoId</con:name>
        <con:sourceType>DefaultSalesOrganizationRoleId</con:sourceType>
        <con:sourceStep>#Project#</con:sourceStep>
        <con:targetType>req_createdBySalesOrgRoleId</con:targetType>
        <con:targetStep>Create and submit terminal</con:targetStep>
        <con:upgraded>true</con:upgraded>
      </con:transfers>
      <con:transfers setNullOnMissingSource="true" transferTextContent="true" failOnError="true" ignoreEmpty="false" transferToAll="false" entitize="false" transferChildNodes="false">
        <con:name>soId</con:name>
        <con:sourceType>req_soRoleId</con:sourceType>
        <con:sourceStep>Add and submit user which forced to open session</con:sourceStep>
        <con:targetType>req_salesOrgRoleId</con:targetType>
        <con:targetStep>Create and submit terminal</con:targetStep>
        <con:upgraded>true</con:upgraded>
      </con:transfers>
      <con:transfers setNullOnMissingSource="true" transferTextContent="true" failOnError="true" ignoreEmpty="false" transferToAll="false" entitize="false" transferChildNodes="false">
        <con:name>externalId</con:name>
        <con:sourceType>randomExtId</con:sourceType>
        <con:sourceStep>Given properties for the test steps</con:sourceStep>
        <con:targetType>req_externalId</con:targetType>
        <con:targetStep>Create and submit terminal</con:targetStep>
        <con:upgraded>true</con:upgraded>
      </con:transfers>
      <con:transfers setNullOnMissingSource="true" transferTextContent="true" failOnError="true" ignoreEmpty="false" transferToAll="false" entitize="false" transferChildNodes="false">
        <con:name>userToken</con:name>
        <con:sourceType>emptyValue</con:sourceType>
        <con:sourceStep>Given properties for the test steps</con:sourceStep>
        <con:targetType>AuthorizationUser</con:targetType>
        <con:targetStep>#Project#</con:targetStep>
        <con:upgraded>true</con:upgraded>
      </con:transfers>
      <con:transfers setNullOnMissingSource="true" transferTextContent="true" failOnError="true" ignoreEmpty="false" transferToAll="false" entitize="false" transferChildNodes="false">
        <con:name>userSo</con:name>
        <con:sourceType>emptyValue</con:sourceType>
        <con:sourceStep>Given properties for the test steps</con:sourceStep>
        <con:targetType>UserSo</con:targetType>
        <con:targetStep>#Project#</con:targetStep>
        <con:upgraded>true</con:upgraded>
      </con:transfers>
    </con:config>
  </con:testStep>
  <con:testStep type="calltestcase" name="Create and submit terminal" id="dfce969e-eb24-4000-adf3-e32fb3f5a1d3">
    <con:settings/>
    <con:config xsi:type="con:RunTestCaseStep" xmlns:xsi="http://www.w3.org/2001/XMLSchema-instance">
      <con:targetTestCase>4d761ead-81d6-4c2e-8b4c-053c2a800280</con:targetTestCase>
      <con:properties>
        <con:property>
          <con:name>req_createdByUserRoleId</con:name>
          <con:value>2</con:value>
        </con:property>
        <con:property>
          <con:name>req_createdBySalesOrgRoleId</con:name>
          <con:value>1</con:value>
        </con:property>
        <con:property>
          <con:name>req_salesOrgRoleId</con:name>
          <con:value>27</con:value>
        </con:property>
        <con:property>
          <con:name>req_externalId</con:name>
          <con:value>u${=java.util.UUID.randomUUID()}</con:value>
        </con:property>
        <con:property>
          <con:name>res_biId</con:name>
          <con:value>1141</con:value>
        </con:property>
        <con:property>
          <con:name>res_externalId</con:name>
          <con:value>u65af5462-ffe8-4839-bed9-668f6053221d</con:value>
        </con:property>
        <con:property>
          <con:name>res_terminalId</con:name>
          <con:value>8</con:value>
        </con:property>
      </con:properties>
      <con:returnProperties>
        <con:entry>res_biId</con:entry>
        <con:entry>res_externalId</con:entry>
        <con:entry>res_terminalId</con:entry>
      </con:returnProperties>
      <con:runMode>PARALLELL</con:runMode>
    </con:config>
  </con:testStep>
  <con:testStep type="assertionteststep" name="Assertion terminal successfully created" id="68606608-7504-4aba-90d4-31fdd8262c59">
    <con:settings/>
    <con:config xsi:type="con:AssertionTestStep" xmlns:xsi="http://www.w3.org/2001/XMLSchema-instance">
      <con:entry>
        <con:id>7b5d3a48-e4b5-44e6-bd3c-533499c34514</con:id>
        <con:isGroup>false</con:isGroup>
        <con:sourceId>dfce969e-eb24-4000-adf3-e32fb3f5a1d3</con:sourceId>
        <con:propertyName>res_biId</con:propertyName>
        <con:assertion type="Simple Contains" name="Contains" id="07e3359c-f99e-4022-9ae3-c7264df6a7a7">
          <con:configuration>
            <token>\d+</token>
            <ignoreCase>false</ignoreCase>
            <useRegEx>true</useRegEx>
          </con:configuration>
        </con:assertion>
      </con:entry>
      <con:entry>
        <con:id>827ffa1a-c566-4927-9067-9c099b4c5c47</con:id>
        <con:isGroup>false</con:isGroup>
        <con:sourceId>dfce969e-eb24-4000-adf3-e32fb3f5a1d3</con:sourceId>
        <con:propertyName>res_terminalId</con:propertyName>
        <con:assertion type="Simple Contains" name="Contains 2" id="ee3461b0-cb46-48d9-94a0-1493ea8b46d6">
          <con:configuration>
            <token>\d+</token>
            <ignoreCase>false</ignoreCase>
            <useRegEx>true</useRegEx>
          </con:configuration>
        </con:assertion>
      </con:entry>
    </con:config>
  </con:testStep>
  <con:testStep type="transfer" name="Set session params" id="a65fcaae-e6eb-46fe-9716-f8ad3ebba7c7">
    <con:settings/>
    <con:config xsi:type="con:PropertyTransfersStep" xmlns:xsi="http://www.w3.org/2001/XMLSchema-instance">
      <con:transfers setNullOnMissingSource="true" transferTextContent="true" failOnError="true" ignoreEmpty="false" transferToAll="false" entitize="false" transferChildNodes="false">
        <con:name>terminalId</con:name>
        <con:sourceType>res_terminalId</con:sourceType>
        <con:sourceStep>Create and submit terminal</con:sourceStep>
        <con:sourcePath/>
        <con:targetType>req_terminalId</con:targetType>
        <con:targetStep>Create and submit session</con:targetStep>
        <con:targetPath/>
        <con:upgraded>true</con:upgraded>
      </con:transfers>
      <con:transfers setNullOnMissingSource="true" transferTextContent="true" failOnError="true" ignoreEmpty="false" transferToAll="false" entitize="false" transferChildNodes="false">
        <con:name>userId</con:name>
        <con:sourceType>res_userId</con:sourceType>
        <con:sourceStep>Add and submit user which forced to open session</con:sourceStep>
        <con:targetType>req_userRoleId</con:targetType>
        <con:targetStep>Create and submit session</con:targetStep>
        <con:upgraded>true</con:upgraded>
      </con:transfers>
      <con:transfers setNullOnMissingSource="true" transferTextContent="true" failOnError="true" ignoreEmpty="false" transferToAll="false" entitize="false" transferChildNodes="false">
        <con:name>SoId</con:name>
        <con:sourceType>req_soRoleId</con:sourceType>
        <con:sourceStep>Add and submit user which forced to open session</con:sourceStep>
        <con:targetType>req_salesOrgRoleId</con:targetType>
        <con:targetStep>Create and submit session</con:targetStep>
        <con:upgraded>true</con:upgraded>
      </con:transfers>
      <con:transfers setNullOnMissingSource="true" transferTextContent="true" failOnError="true" ignoreEmpty="false" transferToAll="false" entitize="false" transferChildNodes="false">
        <con:name>userToken</con:name>
        <con:sourceType>userToken</con:sourceType>
        <con:sourceStep>Add and submit user which forced to open session</con:sourceStep>
        <con:targetType>AuthorizationUser</con:targetType>
        <con:targetStep>#Project#</con:targetStep>
        <con:upgraded>true</con:upgraded>
      </con:transfers>
      <con:transfers setNullOnMissingSource="true" transferTextContent="true" failOnError="true" ignoreEmpty="false" transferToAll="false" entitize="false" transferChildNodes="false">
        <con:name>userSo</con:name>
        <con:sourceType>req_soRoleId</con:sourceType>
        <con:sourceStep>Add and submit user which forced to open session</con:sourceStep>
        <con:targetType>UserSo</con:targetType>
        <con:targetStep>#Project#</con:targetStep>
        <con:upgraded>true</con:upgraded>
      </con:transfers>
    </con:config>
  </con:testStep>
  <con:testStep type="calltestcase" name="Create and submit session" id="616cb685-89b5-4bb8-932d-fa4542e1c947">
    <con:settings/>
    <con:config xsi:type="con:RunTestCaseStep" xmlns:xsi="http://www.w3.org/2001/XMLSchema-instance">
      <con:targetTestCase>a8bc6612-7b48-44cc-84ed-0b76bc1c8f6d</con:targetTestCase>
      <con:properties>
        <con:property>
          <con:name>req_terminalId</con:name>
          <con:value>8</con:value>
        </con:property>
        <con:property>
          <con:name>req_userRoleId</con:name>
          <con:value>31</con:value>
        </con:property>
        <con:property>
          <con:name>req_salesOrgRoleId</con:name>
          <con:value>27</con:value>
        </con:property>
        <con:property>
          <con:name>res_biId</con:name>
          <con:value>1151</con:value>
        </con:property>
      </con:properties>
      <con:returnProperties>
        <con:entry>res_biId</con:entry>
      </con:returnProperties>
      <con:runMode>PARALLELL</con:runMode>
    </con:config>
  </con:testStep>
  <con:testStep type="assertionteststep" name="Assertion session successfully started" id="805c069d-a1e8-47a7-bf72-767dc1866bc4">
    <con:settings/>
    <con:config xsi:type="con:AssertionTestStep" xmlns:xsi="http://www.w3.org/2001/XMLSchema-instance">
      <con:entry>
        <con:id>99b04f1b-8aa2-465d-bf6c-1d8905c680ba</con:id>
        <con:isGroup>false</con:isGroup>
        <con:sourceId>616cb685-89b5-4bb8-932d-fa4542e1c947</con:sourceId>
        <con:propertyName>res_biId</con:propertyName>
        <con:assertion type="Simple Contains" name="Contains" id="48d4622b-e1ed-4379-8e46-b45232765cc9">
          <con:configuration>
            <token>\d+</token>
            <ignoreCase>false</ignoreCase>
            <useRegEx>true</useRegEx>
          </con:configuration>
        </con:assertion>
      </con:entry>
    </con:config>
  </con:testStep>
  <con:testStep type="transfer" name="Set assign starter pack properties2" id="96a64cf6-85d8-4e5e-92fc-af9bc2b59410">
    <con:settings/>
    <con:config xsi:type="con:PropertyTransfersStep" xmlns:xsi="http://www.w3.org/2001/XMLSchema-instance">
      <con:transfers setNullOnMissingSource="true" transferTextContent="true" failOnError="true" ignoreEmpty="false" transferToAll="false" entitize="false" transferChildNodes="false">
        <con:name>biId</con:name>
        <con:sourceType>res_id</con:sourceType>
        <con:sourceStep>Create starter pack business interaction with forced user</con:sourceStep>
        <con:sourcePath/>
        <con:targetType>req_biId</con:targetType>
        <con:targetStep>Assign starter packs within session</con:targetStep>
        <con:targetPath/>
        <con:upgraded>true</con:upgraded>
      </con:transfers>
      <con:transfers setNullOnMissingSource="true" transferTextContent="true" failOnError="true" ignoreEmpty="false" transferToAll="false" entitize="false" transferChildNodes="false">
        <con:name>starterPackSpeckExtId</con:name>
        <con:sourceType>starterPackSpecExtId</con:sourceType>
        <con:sourceStep>Given properties for the test steps</con:sourceStep>
        <con:targetType>req_starterPackSpecificationExternalId</con:targetType>
        <con:targetStep>Assign starter packs within session</con:targetStep>
        <con:upgraded>true</con:upgraded>
      </con:transfers>
      <con:transfers setNullOnMissingSource="true" transferTextContent="true" failOnError="true" ignoreEmpty="false" transferToAll="false" entitize="false" transferChildNodes="false">
        <con:name>placeId</con:name>
        <con:sourceType>req_placeId</con:sourceType>
        <con:sourceStep>#TestCase#</con:sourceStep>
        <con:targetType>req_toPlaceId</con:targetType>
        <con:targetStep>Assign starter packs within session</con:targetStep>
        <con:upgraded>true</con:upgraded>
      </con:transfers>
      <con:transfers setNullOnMissingSource="true" transferTextContent="true" failOnError="true" ignoreEmpty="false" transferToAll="false" entitize="false" transferChildNodes="false">
        <con:name>starterPackSerialText1</con:name>
        <con:sourceType>res_serialText1</con:sourceType>
        <con:sourceStep>Create sim products2</con:sourceStep>
        <con:targetType>req_starterPackSerialText1</con:targetType>
        <con:targetStep>Assign starter packs within session</con:targetStep>
        <con:upgraded>true</con:upgraded>
      </con:transfers>
      <con:transfers setNullOnMissingSource="true" transferTextContent="true" failOnError="true" ignoreEmpty="false" transferToAll="false" entitize="false" transferChildNodes="false">
        <con:name>iccid1</con:name>
        <con:sourceType>res_startSerial</con:sourceType>
        <con:sourceStep>Create sim products2</con:sourceStep>
        <con:targetType>req_iccid1</con:targetType>
        <con:targetStep>Assign starter packs within session</con:targetStep>
        <con:upgraded>true</con:upgraded>
      </con:transfers>
      <con:transfers setNullOnMissingSource="true" transferTextContent="true" failOnError="true" ignoreEmpty="false" transferToAll="false" entitize="false" transferChildNodes="false">
        <con:name>iccid2</con:name>
        <con:sourceType>res_endSerial</con:sourceType>
        <con:sourceStep>Create sim products2</con:sourceStep>
        <con:targetType>req_iccid2</con:targetType>
        <con:targetStep>Assign starter packs within session</con:targetStep>
        <con:upgraded>true</con:upgraded>
      </con:transfers>
      <con:transfers setNullOnMissingSource="true" transferTextContent="true" failOnError="true" ignoreEmpty="false" transferToAll="false" entitize="false" transferChildNodes="false">
        <con:name>starterPackSerialText2</con:name>
        <con:sourceType>res_serialText2</con:sourceType>
        <con:sourceStep>Create sim products2</con:sourceStep>
        <con:targetType>req_starterPackSerialText2</con:targetType>
        <con:targetStep>Assign starter packs within session</con:targetStep>
        <con:upgraded>true</con:upgraded>
      </con:transfers>
    </con:config>
  </con:testStep>
  <con:testStep type="calltestcase" name="Assign starter packs within session" id="a070935f-abc1-451e-9df7-197c3f1bc8de">
    <con:settings/>
    <con:config xsi:type="con:RunTestCaseStep" xmlns:xsi="http://www.w3.org/2001/XMLSchema-instance">
      <con:targetTestCase>442bb0ce-1cc6-4f47-9fd2-05620efabe9d</con:targetTestCase>
      <con:properties>
        <con:property>
          <con:name>req_biId</con:name>
          <con:value>1111</con:value>
        </con:property>
        <con:property>
          <con:name>req_starterPackSpecificationExternalId</con:name>
          <con:value>EXT-STARTERPACK-1</con:value>
        </con:property>
        <con:property>
          <con:name>req_toPlaceId</con:name>
          <con:value>16</con:value>
        </con:property>
        <con:property>
          <con:name>req_starterPackSerialText1</con:name>
          <con:value>1000000000009435121</con:value>
        </con:property>
        <con:property>
          <con:name>req_iccid1</con:name>
          <con:value>10000000000002901351</con:value>
        </con:property>
        <con:property>
          <con:name>res_code</con:name>
          <con:value xsi:nil="true"/>
        </con:property>
        <con:property>
          <con:name>res_errorMessage</con:name>
          <con:value xsi:nil="true"/>
        </con:property>
        <con:property>
          <con:name>res_biId</con:name>
          <con:value>1111</con:value>
        </con:property>
        <con:property>
          <con:name>req_iccid2</con:name>
          <con:value>10000000000002901361</con:value>
        </con:property>
        <con:property>
          <con:name>req_starterPackSerialText2</con:name>
          <con:value>1000000000009435131</con:value>
        </con:property>
      </con:properties>
      <con:returnProperties>
        <con:entry>res_code</con:entry>
        <con:entry>res_errorMessage</con:entry>
        <con:entry>res_biId</con:entry>
      </con:returnProperties>
      <con:runMode>PARALLELL</con:runMode>
    </con:config>
  </con:testStep>
  <con:testStep type="assertionteststep" name="Assertion assined successfully post session" id="b1f21b69-48b1-4fae-adbe-dbd7c08b60f9">
    <con:settings/>
    <con:config xsi:type="con:AssertionTestStep" xmlns:xsi="http://www.w3.org/2001/XMLSchema-instance">
      <con:entry>
        <con:id>a8e2a20f-8300-4d7c-b94a-5ecfbaa65da0</con:id>
        <con:isGroup>false</con:isGroup>
        <con:sourceId>a070935f-abc1-451e-9df7-197c3f1bc8de</con:sourceId>
        <con:propertyName>res_biId</con:propertyName>
        <con:assertion type="Simple Contains" name="Contains" id="f24fb7b9-4ba9-482c-98b6-c3887b2052bc">
          <con:configuration>
            <token>\d+</token>
            <ignoreCase>false</ignoreCase>
            <useRegEx>true</useRegEx>
          </con:configuration>
        </con:assertion>
      </con:entry>
      <con:entry>
        <con:id>d4c31271-99ad-4758-a3c3-34879f518d17</con:id>
        <con:isGroup>false</con:isGroup>
        <con:sourceId>a070935f-abc1-451e-9df7-197c3f1bc8de</con:sourceId>
        <con:propertyName>res_errorMessage</con:propertyName>
        <con:assertion type="Simple Contains" name="Contains 2" id="e6c7ef68-ccd3-428f-b61e-b41b6488dbf7">
          <con:configuration>
            <token>^\s*$</token>
            <ignoreCase>false</ignoreCase>
            <useRegEx>true</useRegEx>
          </con:configuration>
        </con:assertion>
      </con:entry>
    </con:config>
  </con:testStep>
  <con:testStep type="transfer" name="P.T. - Display SIM status as sellable after submit" id="42b087a2-0dff-4709-bf4f-2f50b4cad69a">
    <con:settings/>
    <con:config xsi:type="con:PropertyTransfersStep" xmlns:xsi="http://www.w3.org/2001/XMLSchema-instance">
      <con:transfers setNullOnMissingSource="true" transferTextContent="true" failOnError="true" ignoreEmpty="false" transferToAll="false" entitize="false" transferChildNodes="false">
        <con:name>placeId</con:name>
        <con:sourceType>res_placeId</con:sourceType>
        <con:sourceStep>Create sales organization, user, inventory and terminal and place</con:sourceStep>
        <con:sourcePath/>
        <con:targetType>req_placeId</con:targetType>
        <con:targetStep>Display SIM status as sellable after submit</con:targetStep>
        <con:targetPath/>
        <con:upgraded>true</con:upgraded>
      </con:transfers>
    </con:config>
  </con:testStep>
  <con:testStep type="calltestcase" name="Display SIM status as sellable after submit" id="fa669d09-cc25-40e9-a9fb-26feb050c29c">
    <con:settings/>
    <con:config xsi:type="con:RunTestCaseStep" xmlns:xsi="http://www.w3.org/2001/XMLSchema-instance">
      <con:targetTestCase>c74c7e0a-3a32-49ce-8b83-cb1116ba4a13</con:targetTestCase>
      <con:properties>
        <con:property>
          <con:name>req_placeId</con:name>
          <con:value>16</con:value>
        </con:property>
        <con:property>
          <con:name>res_code</con:name>
          <con:value>200</con:value>
        </con:property>
        <con:property>
          <con:name>res_errorMessage</con:name>
        </con:property>
        <con:property>
          <con:name>res_status</con:name>
          <con:value>1</con:value>
        </con:property>
      </con:properties>
      <con:returnProperties>
        <con:entry>res_code</con:entry>
        <con:entry>res_status</con:entry>
      </con:returnProperties>
      <con:runMode>PARALLELL</con:runMode>
    </con:config>
  </con:testStep>
  <con:testStep type="assertionteststep" name="Assertion SIM status is sellable after submit" id="ceb36ef4-3811-423d-bf9a-4b9cfc1ce4b7">
    <con:settings/>
    <con:config xsi:type="con:AssertionTestStep" xmlns:xsi="http://www.w3.org/2001/XMLSchema-instance"/>
  </con:testStep>
  <con:properties>
    <con:property>
      <con:name>req_userRoleId</con:name>
      <con:value>29</con:value>
    </con:property>
    <con:property>
      <con:name>req_salesOrgRoleId</con:name>
      <con:value>27</con:value>
    </con:property>
    <con:property>
      <con:name>req_placeId</con:name>
      <con:value>16</con:value>
    </con:property>
  </con:properties>
  <con:reportParameters/>
  <con:breakPoints>
    <con:testStepId>07e00b70-4194-4b99-af7f-e0af097dd7f3</con:testStepId>
    <con:status>NONE</con:status>
    <con:properties/>
  </con:breakPoints>
  <con:breakPoints>
    <con:testStepId>cc280fa5-b627-4916-ae0c-12dc2e609c97</con:testStepId>
    <con:status>NONE</con:status>
    <con:properties/>
  </con:breakPoints>
  <con:breakPoints>
    <con:testStepId>29255378-b9f2-4ed1-81c2-abef69755c28</con:testStepId>
    <con:status>NONE</con:status>
    <con:properties/>
  </con:breakPoints>
  <con:breakPoints>
    <con:testStepId>3868cce5-cd61-49f0-ab37-7c8cdd33771d</con:testStepId>
    <con:status>NONE</con:status>
    <con:properties/>
  </con:breakPoints>
  <con:breakPoints>
    <con:testStepId>6e226b96-ded5-4023-93cc-6ab45021c5d5</con:testStepId>
    <con:status>NONE</con:status>
    <con:properties/>
  </con:breakPoints>
  <con:breakPoints>
    <con:testStepId>3062c756-ca62-4312-a6d6-908b43c8ba30</con:testStepId>
    <con:status>NONE</con:status>
    <con:properties/>
  </con:breakPoints>
  <con:breakPoints>
    <con:testStepId>9bc764f4-b557-4c98-b65c-9f95dcc00b6d</con:testStepId>
    <con:status>NONE</con:status>
    <con:properties/>
  </con:breakPoints>
  <con:breakPoints>
    <con:testStepId>39ed01c2-31a5-4de7-8af4-d855c1c28a53</con:testStepId>
    <con:status>NONE</con:status>
    <con:properties/>
  </con:breakPoints>
  <con:breakPoints>
    <con:testStepId>77c1c036-bd35-402c-b8d4-b71c076a3235</con:testStepId>
    <con:status>NONE</con:status>
    <con:properties/>
  </con:breakPoints>
  <con:breakPoints>
    <con:testStepId>9e08f99c-2b1b-4e26-954c-35baaf5051d9</con:testStepId>
    <con:status>NONE</con:status>
    <con:properties/>
  </con:breakPoints>
  <con:breakPoints>
    <con:testStepId>9ce082e4-19e3-425f-8dfa-03dcbce086dd</con:testStepId>
    <con:status>NONE</con:status>
    <con:properties/>
  </con:breakPoints>
  <con:breakPoints>
    <con:testStepId>4d4e71fd-dc2e-4529-b10b-09682e90314a</con:testStepId>
    <con:status>NONE</con:status>
    <con:properties/>
  </con:breakPoints>
  <con:breakPoints>
    <con:testStepId>334cf033-8b14-45c2-94c2-854d722eadbd</con:testStepId>
    <con:status>NONE</con:status>
    <con:properties/>
  </con:breakPoints>
  <con:breakPoints>
    <con:testStepId>3a1615bc-2040-4f00-987b-6237ca340e8c</con:testStepId>
    <con:status>NONE</con:status>
    <con:properties/>
  </con:breakPoints>
  <con:breakPoints>
    <con:testStepId>b08cb8ee-6089-46be-b41d-7a4687ffd554</con:testStepId>
    <con:status>NONE</con:status>
    <con:properties/>
  </con:breakPoints>
  <con:breakPoints>
    <con:testStepId>0abdbe14-b510-40b8-82aa-c77af773a89c</con:testStepId>
    <con:status>NONE</con:status>
    <con:properties/>
  </con:breakPoints>
  <con:breakPoints>
    <con:testStepId>f0c44c0a-99b4-4a3a-9c38-00bdf6474b6e</con:testStepId>
    <con:status>NONE</con:status>
    <con:properties/>
  </con:breakPoints>
  <con:breakPoints>
    <con:testStepId>a1798d0e-c84d-4aa2-b601-14eeffcc95f7</con:testStepId>
    <con:status>NONE</con:status>
    <con:properties/>
  </con:breakPoints>
  <con:breakPoints>
    <con:testStepId>e1f6983e-adcf-4e21-b0bc-87f02922b6db</con:testStepId>
    <con:status>NONE</con:status>
    <con:properties/>
  </con:breakPoints>
  <con:breakPoints>
    <con:testStepId>5bf4cc8a-14f4-4d7d-be43-211d7cd8a22b</con:testStepId>
    <con:status>NONE</con:status>
    <con:properties/>
  </con:breakPoints>
  <con:breakPoints>
    <con:testStepId>34e338bc-13e8-44ae-aa5f-be9836b7db56</con:testStepId>
    <con:status>NONE</con:status>
    <con:properties/>
  </con:breakPoints>
  <con:breakPoints>
    <con:testStepId>389e8d46-ab71-418a-80b1-2eabcdecc5d2</con:testStepId>
    <con:status>NONE</con:status>
    <con:properties/>
  </con:breakPoints>
  <con:breakPoints>
    <con:testStepId>fa96b593-e9f9-4bcb-ba43-96a079e63922</con:testStepId>
    <con:status>NONE</con:status>
    <con:properties/>
  </con:breakPoints>
  <con:breakPoints>
    <con:testStepId>aaefd238-c98b-492b-8082-41e0f1138c4b</con:testStepId>
    <con:status>NONE</con:status>
    <con:properties/>
  </con:breakPoints>
  <con:breakPoints>
    <con:testStepId>c8d12962-0d6e-4b4e-9bf4-48a883bb93dd</con:testStepId>
    <con:status>NONE</con:status>
    <con:properties/>
  </con:breakPoints>
  <con:breakPoints>
    <con:testStepId>57df5f53-2b53-4591-8ca7-99c1f16ea48d</con:testStepId>
    <con:status>NONE</con:status>
    <con:properties/>
  </con:breakPoints>
  <con:breakPoints>
    <con:testStepId>7354d337-79cd-4d67-bdf4-bd99d77fdd99</con:testStepId>
    <con:status>NONE</con:status>
    <con:properties/>
  </con:breakPoints>
  <con:breakPoints>
    <con:testStepId>0c4090d9-8499-4d2c-947d-e5692b7e307f</con:testStepId>
    <con:status>NONE</con:status>
    <con:properties/>
  </con:breakPoints>
  <con:breakPoints>
    <con:testStepId>98d91f97-8c85-4220-92df-e67e86c4000e</con:testStepId>
    <con:status>NONE</con:status>
    <con:properties/>
  </con:breakPoints>
  <con:breakPoints>
    <con:testStepId>3f2a51cd-fdba-4b82-afd4-4777c8e7ccac</con:testStepId>
    <con:status>NONE</con:status>
    <con:properties/>
  </con:breakPoints>
  <con:breakPoints>
    <con:testStepId>0c0c6bda-d878-4eec-9ada-ddce5ddc7779</con:testStepId>
    <con:status>NONE</con:status>
    <con:properties/>
  </con:breakPoints>
  <con:breakPoints>
    <con:testStepId>befafeef-e0cf-4f04-b06b-3cc605eeb7f8</con:testStepId>
    <con:status>NONE</con:status>
    <con:properties/>
  </con:breakPoints>
  <con:breakPoints>
    <con:testStepId>b9ba51c3-0e09-4de5-a1f6-fe2c0020fadf</con:testStepId>
    <con:status>NONE</con:status>
    <con:properties/>
  </con:breakPoints>
  <con:breakPoints>
    <con:testStepId>dd89ada4-0fcb-4038-ab06-1c3f146e0a08</con:testStepId>
    <con:status>NONE</con:status>
    <con:properties/>
  </con:breakPoints>
  <con:breakPoints>
    <con:testStepId>2404a903-cd55-4327-93aa-f6f63c74f085</con:testStepId>
    <con:status>NONE</con:status>
    <con:properties/>
  </con:breakPoints>
  <con:breakPoints>
    <con:testStepId>3e5ff1bc-3c55-4ac8-8174-3699e528268c</con:testStepId>
    <con:status>NONE</con:status>
    <con:properties/>
  </con:breakPoints>
  <con:breakPoints>
    <con:testStepId>a388858e-cbde-427a-ae4f-10f5e081b80b</con:testStepId>
    <con:status>NONE</con:status>
    <con:properties/>
  </con:breakPoints>
  <con:breakPoints>
    <con:testStepId>5b3430e0-5f38-4194-949e-ba7ac4e67de3</con:testStepId>
    <con:status>NONE</con:status>
    <con:properties/>
  </con:breakPoints>
  <con:breakPoints>
    <con:testStepId>b56ed551-5f34-42dc-963f-add5d41d3dea</con:testStepId>
    <con:status>NONE</con:status>
    <con:properties/>
  </con:breakPoints>
  <con:breakPoints>
    <con:testStepId>9ed797c3-4727-44ed-b18d-507d706b3291</con:testStepId>
    <con:status>NONE</con:status>
    <con:properties/>
  </con:breakPoints>
  <con:breakPoints>
    <con:testStepId>93394a00-1633-41fc-834a-8fde13d3ebbb</con:testStepId>
    <con:status>NONE</con:status>
    <con:properties/>
  </con:breakPoints>
  <con:breakPoints>
    <con:testStepId>cbf6e7a7-aa47-4772-bbfe-b1e5d4ab5fec</con:testStepId>
    <con:status>NONE</con:status>
    <con:properties/>
  </con:breakPoints>
  <con:breakPoints>
    <con:testStepId>da8d1ba6-37cf-4114-b451-88431dc66d02</con:testStepId>
    <con:status>NONE</con:status>
    <con:properties/>
  </con:breakPoints>
  <con:breakPoints>
    <con:testStepId>5ec2754c-3cb2-43db-b273-24f5c9b82411</con:testStepId>
    <con:status>NONE</con:status>
    <con:properties/>
  </con:breakPoints>
  <con:breakPoints>
    <con:testStepId>a3b9779a-6822-4d0d-aa5c-3764abe00b41</con:testStepId>
    <con:status>NONE</con:status>
    <con:properties/>
  </con:breakPoints>
  <con:breakPoints>
    <con:testStepId>a39e0661-fed5-41bf-8089-9dd847945647</con:testStepId>
    <con:status>NONE</con:status>
    <con:properties/>
  </con:breakPoints>
  <con:breakPoints>
    <con:testStepId>a5e6a4b4-b511-4126-b9ef-6a02bbee72c2</con:testStepId>
    <con:status>NONE</con:status>
    <con:properties/>
  </con:breakPoints>
  <con:breakPoints>
    <con:testStepId>04404af5-bcad-4bd4-accf-87ce00579de4</con:testStepId>
    <con:status>NONE</con:status>
    <con:properties/>
  </con:breakPoints>
  <con:breakPoints>
    <con:testStepId>b60ed6b7-8372-4b7d-8a24-7da5f0169383</con:testStepId>
    <con:status>NONE</con:status>
    <con:properties/>
  </con:breakPoints>
  <con:breakPoints>
    <con:testStepId>c96f463a-8f28-43df-8e4c-4014852d3196</con:testStepId>
    <con:status>NONE</con:status>
    <con:properties/>
  </con:breakPoints>
  <con:breakPoints>
    <con:testStepId>b40d8bbf-a3ab-48f0-9b2c-458ce61eaeb3</con:testStepId>
    <con:status>NONE</con:status>
    <con:properties/>
  </con:breakPoints>
  <con:breakPoints>
    <con:testStepId>8fe7f1da-e63b-49cd-96ba-53873a73963c</con:testStepId>
    <con:status>NONE</con:status>
    <con:properties/>
  </con:breakPoints>
  <con:breakPoints>
    <con:testStepId>083ff510-aa92-422c-a5a4-725c8105ab8b</con:testStepId>
    <con:status>NONE</con:status>
    <con:properties/>
  </con:breakPoints>
  <con:breakPoints>
    <con:testStepId>ef0a8510-29af-4c15-acb0-4b037e424238</con:testStepId>
    <con:status>NONE</con:status>
    <con:properties/>
  </con:breakPoints>
  <con:breakPoints>
    <con:testStepId>e10965d4-f030-4c6c-ba03-df2db9b54a97</con:testStepId>
    <con:status>NONE</con:status>
    <con:properties/>
  </con:breakPoints>
  <con:breakPoints>
    <con:testStepId>7aba07f5-7da8-412a-b5b2-1de280da5234</con:testStepId>
    <con:status>NONE</con:status>
    <con:properties/>
  </con:breakPoints>
  <con:breakPoints>
    <con:testStepId>7b628cfe-6f0b-4a91-be38-165ec79894bc</con:testStepId>
    <con:status>NONE</con:status>
    <con:properties/>
  </con:breakPoints>
  <con:breakPoints>
    <con:testStepId>09630300-ee23-4b6d-a912-e35c9463b961</con:testStepId>
    <con:status>NONE</con:status>
    <con:properties/>
  </con:breakPoints>
  <con:breakPoints>
    <con:testStepId>228b1cca-5898-41dc-9286-58a22c3fff68</con:testStepId>
    <con:status>NONE</con:status>
    <con:properties/>
  </con:breakPoints>
  <con:breakPoints>
    <con:testStepId>5dfcfa26-9ec1-4c30-927f-67d018bdd9c8</con:testStepId>
    <con:status>NONE</con:status>
    <con:properties/>
  </con:breakPoints>
  <con:breakPoints>
    <con:testStepId>7e3d3de2-7c26-4c6f-ba59-5c5da0657813</con:testStepId>
    <con:status>NONE</con:status>
    <con:properties/>
  </con:breakPoints>
  <con:breakPoints>
    <con:testStepId>b0a1381b-8e5c-496f-82f8-3e5a45c1d89c</con:testStepId>
    <con:status>NONE</con:status>
    <con:properties/>
  </con:breakPoints>
  <con:breakPoints>
    <con:testStepId>2b9fb1b8-a0c6-4678-987c-d5bef0a5ad06</con:testStepId>
    <con:status>NONE</con:status>
    <con:properties/>
  </con:breakPoints>
  <con:breakPoints>
    <con:testStepId>2abcd3b0-a7bd-490b-8c5b-7d37364b3805</con:testStepId>
    <con:status>NONE</con:status>
    <con:properties/>
  </con:breakPoints>
  <con:breakPoints>
    <con:testStepId>be02f0d4-8a8e-4898-86ad-d1f3e8d4244b</con:testStepId>
    <con:status>NONE</con:status>
    <con:properties/>
  </con:breakPoints>
  <con:breakPoints>
    <con:testStepId>42b087a2-0dff-4709-bf4f-2f50b4cad69a</con:testStepId>
    <con:status>NONE</con:status>
    <con:properties/>
  </con:breakPoints>
  <con:breakPoints>
    <con:testStepId>fa669d09-cc25-40e9-a9fb-26feb050c29c</con:testStepId>
    <con:status>NONE</con:status>
    <con:properties/>
  </con:breakPoints>
  <con:breakPoints>
    <con:testStepId>ceb36ef4-3811-423d-bf9a-4b9cfc1ce4b7</con:testStepId>
    <con:status>NONE</con:status>
    <con:properties/>
  </con:breakPoints>
  <con:breakPoints>
    <con:testStepId>fac4b10a-b5e0-48b2-89ff-026440dff5c0</con:testStepId>
    <con:status>NONE</con:status>
    <con:properties/>
  </con:breakPoints>
  <con:breakPoints>
    <con:testStepId>589eb65d-c1f7-4366-9665-056e91e01d77</con:testStepId>
    <con:status>NONE</con:status>
    <con:properties/>
  </con:breakPoints>
  <con:breakPoints>
    <con:testStepId>d2f9447e-ca38-4e2c-8a31-659c011ba50b</con:testStepId>
    <con:status>NONE</con:status>
    <con:properties/>
  </con:breakPoints>
  <con:breakPoints>
    <con:testStepId>f9808d5d-1418-454d-8128-30d83d48f90b</con:testStepId>
    <con:status>NONE</con:status>
    <con:properties/>
  </con:breakPoints>
  <con:breakPoints>
    <con:testStepId>653966e1-69da-42cb-806d-351572a48d53</con:testStepId>
    <con:status>NONE</con:status>
    <con:properties/>
  </con:breakPoints>
  <con:breakPoints>
    <con:testStepId>8a510888-a79c-4215-8c67-dacd6d4404d0</con:testStepId>
    <con:status>NONE</con:status>
    <con:properties/>
  </con:breakPoints>
  <con:breakPoints>
    <con:testStepId>95f32ef8-2ddd-4d9f-9dd0-94fb8eac5e78</con:testStepId>
    <con:status>NONE</con:status>
    <con:properties/>
  </con:breakPoints>
  <con:breakPoints>
    <con:testStepId>7f5a0de1-8eb0-4c62-bd44-2499eb09a156</con:testStepId>
    <con:status>NONE</con:status>
    <con:properties/>
  </con:breakPoints>
  <con:breakPoints>
    <con:testStepId>466feb6a-9044-49d5-8f74-0c1408833b2a</con:testStepId>
    <con:status>NONE</con:status>
    <con:properties/>
  </con:breakPoints>
  <con:breakPoints>
    <con:testStepId>9a793177-27ee-450f-b77f-da824163a359</con:testStepId>
    <con:status>NONE</con:status>
    <con:properties/>
  </con:breakPoints>
  <con:breakPoints>
    <con:testStepId>0157e6d3-1db8-43ed-a686-77c428034c54</con:testStepId>
    <con:status>NONE</con:status>
    <con:properties/>
  </con:breakPoints>
  <con:breakPoints>
    <con:testStepId>2cb61330-1fcd-43a0-9fd2-b09fcc441a19</con:testStepId>
    <con:status>NONE</con:status>
    <con:properties/>
  </con:breakPoints>
  <con:breakPoints>
    <con:testStepId>f382f1f1-f15e-4498-a46a-7825f8a68cb3</con:testStepId>
    <con:status>NONE</con:status>
    <con:properties/>
  </con:breakPoints>
  <con:breakPoints>
    <con:testStepId>5c02f93a-535c-444d-bfbc-424cf1d5c87c</con:testStepId>
    <con:status>NONE</con:status>
    <con:properties/>
  </con:breakPoints>
  <con:breakPoints>
    <con:testStepId>0ab34427-7113-4e03-9d28-77463725f732</con:testStepId>
    <con:status>NONE</con:status>
    <con:properties/>
  </con:breakPoints>
  <con:breakPoints>
    <con:testStepId>fbb723c7-5a56-427d-9a0e-4792aca769e2</con:testStepId>
    <con:status>NONE</con:status>
    <con:properties/>
  </con:breakPoints>
  <con:breakPoints>
    <con:testStepId>51bbb449-574f-467c-bf75-b0eacf223448</con:testStepId>
    <con:status>NONE</con:status>
    <con:properties/>
  </con:breakPoints>
  <con:breakPoints>
    <con:testStepId>99d32a61-982f-409f-af51-b1429818fa31</con:testStepId>
    <con:status>NONE</con:status>
    <con:properties/>
  </con:breakPoints>
  <con:breakPoints>
    <con:testStepId>8c86ae7c-6d1f-4f61-bec1-3aa6e2be4488</con:testStepId>
    <con:status>NONE</con:status>
    <con:properties/>
  </con:breakPoints>
  <con:breakPoints>
    <con:testStepId>c5cb3198-8b52-4a16-805d-4342a7b1717b</con:testStepId>
    <con:status>NONE</con:status>
    <con:properties/>
  </con:breakPoints>
  <con:breakPoints>
    <con:testStepId>902a801c-c8d0-4e49-9fb7-ae31d6b84f94</con:testStepId>
    <con:status>NONE</con:status>
    <con:properties/>
  </con:breakPoints>
  <con:breakPoints>
    <con:testStepId>dfce969e-eb24-4000-adf3-e32fb3f5a1d3</con:testStepId>
    <con:status>NONE</con:status>
    <con:properties/>
  </con:breakPoints>
  <con:breakPoints>
    <con:testStepId>68606608-7504-4aba-90d4-31fdd8262c59</con:testStepId>
    <con:status>NONE</con:status>
    <con:properties/>
  </con:breakPoints>
  <con:breakPoints>
    <con:testStepId>a65fcaae-e6eb-46fe-9716-f8ad3ebba7c7</con:testStepId>
    <con:status>NONE</con:status>
    <con:properties/>
  </con:breakPoints>
  <con:breakPoints>
    <con:testStepId>616cb685-89b5-4bb8-932d-fa4542e1c947</con:testStepId>
    <con:status>NONE</con:status>
    <con:properties/>
  </con:breakPoints>
  <con:breakPoints>
    <con:testStepId>805c069d-a1e8-47a7-bf72-767dc1866bc4</con:testStepId>
    <con:status>NONE</con:status>
    <con:properties/>
  </con:breakPoints>
  <con:breakPoints>
    <con:testStepId>96a64cf6-85d8-4e5e-92fc-af9bc2b59410</con:testStepId>
    <con:status>NONE</con:status>
    <con:properties/>
  </con:breakPoints>
  <con:breakPoints>
    <con:testStepId>a070935f-abc1-451e-9df7-197c3f1bc8de</con:testStepId>
    <con:status>NONE</con:status>
    <con:properties/>
  </con:breakPoints>
  <con:breakPoints>
    <con:testStepId>b1f21b69-48b1-4fae-adbe-dbd7c08b60f9</con:testStepId>
    <con:status>NONE</con:status>
    <con:properties/>
  </con:breakPoints>
</con:testCase>