<?xml version="1.0" encoding="UTF-8"?>
<con:testCase id="7d637278-6b76-4614-a974-3373185cc2c6" discardOkResults="true" failOnError="true" failTestCaseOnErrors="true" keepSession="false" name="Test Case 4" searchProperties="true" timeout="0" wsrmEnabled="false" wsrmVersion="1.0" wsrmAckTo="" amfAuthorisation="false" amfEndpoint="" amfLogin="" amfPassword="" xmlns:con="http://eviware.com/soapui/config">
  <con:settings>
    <con:setting id="35b57a98-0b2b-4706-91b9-786802290814fileName">Test-Case-4</con:setting>
    <con:setting id="7d637278-6b76-4614-a974-3373185cc2c6fileName">Test-Case-4</con:setting>
  </con:settings>
  <con:savedRecentRuns>1</con:savedRecentRuns>
  <con:testStep type="properties" name="Given properties for the test steps" id="dbdd4b32-9272-4e3c-9e1d-67bcb95c1e45">
    <con:settings/>
    <con:config xsi:type="con:PropertiesStep" saveFirst="true" xmlns:xsi="http://www.w3.org/2001/XMLSchema-instance">
      <con:properties>
        <con:property>
          <con:name>currency</con:name>
          <con:value>USD</con:value>
        </con:property>
        <con:property>
          <con:name>roundedAmount</con:name>
          <con:value>101</con:value>
        </con:property>
        <con:property>
          <con:name>notExistBIId</con:name>
          <con:value>-1</con:value>
        </con:property>
        <con:property>
          <con:name>emptyValue</con:name>
          <con:value/>
        </con:property>
        <con:property>
          <con:name>currencyTL</con:name>
          <con:value>TL</con:value>
        </con:property>
        <con:property>
          <con:name>currencyEUR</con:name>
          <con:value>EUR</con:value>
        </con:property>
        <con:property>
          <con:name>notEnoughAmount</con:name>
          <con:value>10000000</con:value>
        </con:property>
        <con:property>
          <con:name>notEnoughRoundedAmount</con:name>
          <con:value>10000000</con:value>
        </con:property>
        <con:property>
          <con:name>biSpec</con:name>
          <con:value>CREATESTARTERPACKBISPEC</con:value>
        </con:property>
        <con:property>
          <con:name>invalidQuantity</con:name>
          <con:value>10</con:value>
        </con:property>
        <con:property>
          <con:name>productCharacteristicValueType</con:name>
          <con:value>STRING</con:value>
        </con:property>
        <con:property>
          <con:name>startICCID</con:name>
          <con:value>222224001</con:value>
        </con:property>
        <con:property>
          <con:name>endICCID</con:name>
          <con:value>222224031</con:value>
        </con:property>
        <con:property>
          <con:name>simSpecExtID</con:name>
          <con:value>EXT-SIM-1</con:value>
        </con:property>
        <con:property>
          <con:name>validQuantity</con:name>
          <con:value>2</con:value>
        </con:property>
        <con:property>
          <con:name>starterPackSpecExtId</con:name>
          <con:value>EXT-ENVELOPE-1</con:value>
        </con:property>
        <con:property>
          <con:name>starterPackSerialText1</con:name>
          <con:value>5213213128</con:value>
        </con:property>
        <con:property>
          <con:name>starterPackSerialText2</con:name>
          <con:value>5312342141249</con:value>
        </con:property>
        <con:property>
          <con:name>nonSellableProductStatus</con:name>
          <con:value>4</con:value>
        </con:property>
        <con:property>
          <con:name>error_invalid_state_operation</con:name>
          <con:value>INVALID_STATE_OPERATION</con:value>
        </con:property>
      </con:properties>
    </con:config>
  </con:testStep>
  <con:testStep type="transfer" name="Set initial data request parameters" id="d07693e3-fb27-4bc5-b284-dbecd8c90221">
    <con:settings/>
    <con:config xsi:type="con:PropertyTransfersStep" xmlns:xsi="http://www.w3.org/2001/XMLSchema-instance">
      <con:transfers setNullOnMissingSource="true" transferTextContent="true" failOnError="true" ignoreEmpty="false" transferToAll="false" entitize="false" transferChildNodes="false">
        <con:name>createdByUserRoleId</con:name>
        <con:sourceType>DefaultUserRoleId</con:sourceType>
        <con:sourceStep>#Project#</con:sourceStep>
        <con:sourcePath/>
        <con:targetType>req_createdByUserRoleId</con:targetType>
        <con:targetStep>Create sales organization, user, inventory and terminal and place</con:targetStep>
        <con:targetPath/>
        <con:upgraded>true</con:upgraded>
      </con:transfers>
      <con:transfers setNullOnMissingSource="true" transferTextContent="true" failOnError="true" ignoreEmpty="false" transferToAll="false" entitize="false" transferChildNodes="false">
        <con:name>createdBySalesOrgRoleId</con:name>
        <con:sourceType>DefaultSalesOrganizationRoleId</con:sourceType>
        <con:sourceStep>#Project#</con:sourceStep>
        <con:targetType>req_createdBySalesOrgRoleId</con:targetType>
        <con:targetStep>Create sales organization, user, inventory and terminal and place</con:targetStep>
        <con:upgraded>true</con:upgraded>
      </con:transfers>
    </con:config>
  </con:testStep>
  <con:testStep type="calltestcase" name="Create sales organization, user, inventory and terminal and place" id="d12b54a2-0e6f-433b-a3b9-4472769fd058">
    <con:settings/>
    <con:config xsi:type="con:RunTestCaseStep" xmlns:xsi="http://www.w3.org/2001/XMLSchema-instance">
      <con:targetTestCase>b92a7c8d-a0ed-4725-99e9-4866fd949629</con:targetTestCase>
      <con:properties>
        <con:property>
          <con:name>req_createdByUserRoleId</con:name>
          <con:value>2</con:value>
        </con:property>
        <con:property>
          <con:name>req_createdBySalesOrgRoleId</con:name>
          <con:value>1</con:value>
        </con:property>
        <con:property>
          <con:name>req_userRoleExtId</con:name>
          <con:value>u${=java.util.UUID.randomUUID()}</con:value>
        </con:property>
        <con:property>
          <con:name>req_salesOrgRoleExtId</con:name>
          <con:value>s${=java.util.UUID.randomUUID()}</con:value>
        </con:property>
        <con:property>
          <con:name>req_terminalExtId</con:name>
          <con:value>t${=java.util.UUID.randomUUID()}</con:value>
        </con:property>
        <con:property>
          <con:name>req_inventoryExtId</con:name>
          <con:value>i${=java.util.UUID.randomUUID()}</con:value>
        </con:property>
        <con:property>
          <con:name>res_salesOrgBiId</con:name>
        </con:property>
        <con:property>
          <con:name>res_userRoleBiId</con:name>
        </con:property>
        <con:property>
          <con:name>res_terminalBiId</con:name>
        </con:property>
        <con:property>
          <con:name>res_inventoryRoleBiId</con:name>
        </con:property>
        <con:property>
          <con:name>res_salesOrgId</con:name>
          <con:value>64</con:value>
        </con:property>
        <con:property>
          <con:name>res_userRoleId</con:name>
          <con:value>66</con:value>
        </con:property>
        <con:property>
          <con:name>res_terminalId</con:name>
          <con:value>17</con:value>
        </con:property>
        <con:property>
          <con:name>res_inventoryRoleId</con:name>
          <con:value>67</con:value>
        </con:property>
        <con:property>
          <con:name>res_placeId</con:name>
          <con:value>34</con:value>
        </con:property>
        <con:property>
          <con:name>res_soExtId</con:name>
        </con:property>
        <con:property>
          <con:name>res_salesOrganisationExternalId</con:name>
        </con:property>
        <con:property>
          <con:name>userToken</con:name>
          <con:value>Bearer eyJraWQiOiIxIiwiYWxnIjoiUlMyNTYifQ.eyJpc3MiOiJVTVMtUHJlZmlsdGVyLUNoZWNrQXV0aG9yaXplIiwic3ViIjoiVEVTVCIsImF1ZCI6IlJNIiwiaWF0IjoxNDg3MTYwOTc5LCJleHAiOjE1NTI1NDg1NDMsImF1dGhfdGltZSI6IjEzMTEyODA4NzAiLCJub25jZSI6Im4tMFM2X1d6QTJNaiIsIm5hbWUiOiJVTVMgVGVzdCBVc2VyIiwieF9kYnNzIjp7ImF1dGh6UHJvZmlsZU5hbWUiOiJDU1JfQXV0aHpQcm9maWxlIiwidmVyc2lvbiI6InYxIiwicGFydHlfaWQiOiIxMjMiLCJleHRlcm5hbF91c2VybmFtZSI6InU0YmM3Mjg1OS1lNjIyLTQwMzAtODk5My1iZjUxM2Q1ODIwODgifX0.Xae_NoVa61TloueyFNz-BCq0e2ZV1730-NRTkxrdwxbpSRQygMKAq3ioioi7UKwYKGQ_ylXWF2hyO0cHoHmyxgx3aR2e2ZgBfjpuV1KhK-RRzMyogJpHa3hbMJmWk8wVoSgNo3SzcP6w01QoiUTlPwXAMBu0-R2oTmnk1dzINEA</con:value>
        </con:property>
        <con:property>
          <con:name>userIntToken</con:name>
        </con:property>
        <con:property>
          <con:name>req_email</con:name>
        </con:property>
      </con:properties>
      <con:returnProperties>
        <con:entry>res_inventoryRoleId</con:entry>
        <con:entry>res_placeId</con:entry>
        <con:entry>res_salesOrgId</con:entry>
        <con:entry>res_terminalId</con:entry>
        <con:entry>res_userRoleId</con:entry>
        <con:entry>userToken</con:entry>
      </con:returnProperties>
      <con:runMode>PARALLELL</con:runMode>
    </con:config>
  </con:testStep>
  <con:testStep type="assertionteststep" name="Assert if user id, so id, inventory id and terminal id not null" id="dbf39cd0-941f-427e-950b-e87e07b19839">
    <con:settings/>
    <con:config xsi:type="con:AssertionTestStep" xmlns:xsi="http://www.w3.org/2001/XMLSchema-instance">
      <con:entry>
        <con:id>ada57fbc-e9aa-43fe-85c8-fe23d042a845</con:id>
        <con:isGroup>false</con:isGroup>
        <con:sourceId>d12b54a2-0e6f-433b-a3b9-4472769fd058</con:sourceId>
        <con:propertyName>res_salesOrgId</con:propertyName>
        <con:assertion type="Simple Contains" name="salesOrgId" id="5ea65168-4483-485b-bd83-b88c4944fda6">
          <con:configuration>
            <token>\d+</token>
            <ignoreCase>false</ignoreCase>
            <useRegEx>true</useRegEx>
          </con:configuration>
        </con:assertion>
      </con:entry>
      <con:entry>
        <con:id>743ef3bc-1caa-4c68-b1a9-9e3da57d9bd0</con:id>
        <con:isGroup>false</con:isGroup>
        <con:sourceId>d12b54a2-0e6f-433b-a3b9-4472769fd058</con:sourceId>
        <con:propertyName>res_userRoleId</con:propertyName>
        <con:assertion type="Simple Contains" name="userId" id="c47c886e-48ee-459c-b0cf-f1598297646e">
          <con:configuration>
            <token>\d+</token>
            <ignoreCase>false</ignoreCase>
            <useRegEx>true</useRegEx>
          </con:configuration>
        </con:assertion>
      </con:entry>
      <con:entry>
        <con:id>e0678531-42bb-4efe-8335-2296f18bc70c</con:id>
        <con:isGroup>false</con:isGroup>
        <con:sourceId>d12b54a2-0e6f-433b-a3b9-4472769fd058</con:sourceId>
        <con:propertyName>res_terminalId</con:propertyName>
        <con:assertion type="Simple Contains" name="terminalId" id="8e827af6-6cdd-4f23-be20-f35bf5639596">
          <con:configuration>
            <token>\d+</token>
            <ignoreCase>false</ignoreCase>
            <useRegEx>true</useRegEx>
          </con:configuration>
        </con:assertion>
      </con:entry>
      <con:entry>
        <con:id>010f8e16-3433-4b20-b6a8-e530f62e5cfc</con:id>
        <con:isGroup>false</con:isGroup>
        <con:sourceId>d12b54a2-0e6f-433b-a3b9-4472769fd058</con:sourceId>
        <con:propertyName>res_inventoryRoleId</con:propertyName>
        <con:assertion type="Simple Contains" name="inventoryId" id="aabe306e-07c5-46e1-be68-9deb0f9e966c">
          <con:configuration>
            <token>\d+</token>
            <ignoreCase>false</ignoreCase>
            <useRegEx>true</useRegEx>
          </con:configuration>
        </con:assertion>
      </con:entry>
      <con:entry>
        <con:id>3ad8841f-e08a-42ef-98b5-43d077b185dd</con:id>
        <con:isGroup>false</con:isGroup>
        <con:sourceId>d12b54a2-0e6f-433b-a3b9-4472769fd058</con:sourceId>
        <con:propertyName>res_placeId</con:propertyName>
        <con:assertion type="Simple Contains" name="placeId" id="b7e19db7-dd60-41e5-945c-1c38d4e89889">
          <con:configuration>
            <token>\d+</token>
            <ignoreCase>false</ignoreCase>
            <useRegEx>true</useRegEx>
          </con:configuration>
        </con:assertion>
      </con:entry>
    </con:config>
  </con:testStep>
  <con:testStep type="transfer" name="Set initial data request parameters2" id="ab4eedee-be33-4172-b2dd-14d0b981d0a0">
    <con:settings/>
    <con:config xsi:type="con:PropertyTransfersStep" xmlns:xsi="http://www.w3.org/2001/XMLSchema-instance">
      <con:transfers setNullOnMissingSource="true" transferTextContent="true" failOnError="true" ignoreEmpty="false" transferToAll="false" entitize="false" transferChildNodes="false">
        <con:name>createdByUserRoleId</con:name>
        <con:sourceType>DefaultUserRoleId</con:sourceType>
        <con:sourceStep>#Project#</con:sourceStep>
        <con:sourcePath/>
        <con:targetType>req_createdByUserRoleId</con:targetType>
        <con:targetStep>Create sales organization, user, inventory and terminal and place2</con:targetStep>
        <con:targetPath/>
        <con:upgraded>true</con:upgraded>
      </con:transfers>
      <con:transfers setNullOnMissingSource="true" transferTextContent="true" failOnError="true" ignoreEmpty="false" transferToAll="false" entitize="false" transferChildNodes="false">
        <con:name>createdBySalesOrgRoleId</con:name>
        <con:sourceType>DefaultSalesOrganizationRoleId</con:sourceType>
        <con:sourceStep>#Project#</con:sourceStep>
        <con:targetType>req_createdBySalesOrgRoleId</con:targetType>
        <con:targetStep>Create sales organization, user, inventory and terminal and place2</con:targetStep>
        <con:upgraded>true</con:upgraded>
      </con:transfers>
    </con:config>
  </con:testStep>
  <con:testStep type="calltestcase" name="Create sales organization, user, inventory and terminal and place2" id="d6d7838e-5e14-4f37-9e9b-a6b1aa91ef7a">
    <con:settings/>
    <con:config xsi:type="con:RunTestCaseStep" xmlns:xsi="http://www.w3.org/2001/XMLSchema-instance">
      <con:targetTestCase>b92a7c8d-a0ed-4725-99e9-4866fd949629</con:targetTestCase>
      <con:properties>
        <con:property>
          <con:name>req_createdByUserRoleId</con:name>
          <con:value>2</con:value>
        </con:property>
        <con:property>
          <con:name>req_createdBySalesOrgRoleId</con:name>
          <con:value>1</con:value>
        </con:property>
        <con:property>
          <con:name>req_userRoleExtId</con:name>
          <con:value>u${=java.util.UUID.randomUUID()}</con:value>
        </con:property>
        <con:property>
          <con:name>req_salesOrgRoleExtId</con:name>
          <con:value>s${=java.util.UUID.randomUUID()}</con:value>
        </con:property>
        <con:property>
          <con:name>req_terminalExtId</con:name>
          <con:value>t${=java.util.UUID.randomUUID()}</con:value>
        </con:property>
        <con:property>
          <con:name>req_inventoryExtId</con:name>
          <con:value>i${=java.util.UUID.randomUUID()}</con:value>
        </con:property>
        <con:property>
          <con:name>res_salesOrgBiId</con:name>
        </con:property>
        <con:property>
          <con:name>res_userRoleBiId</con:name>
        </con:property>
        <con:property>
          <con:name>res_terminalBiId</con:name>
        </con:property>
        <con:property>
          <con:name>res_inventoryRoleBiId</con:name>
        </con:property>
        <con:property>
          <con:name>res_salesOrgId</con:name>
          <con:value>68</con:value>
        </con:property>
        <con:property>
          <con:name>res_userRoleId</con:name>
          <con:value>70</con:value>
        </con:property>
        <con:property>
          <con:name>res_terminalId</con:name>
          <con:value>18</con:value>
        </con:property>
        <con:property>
          <con:name>res_inventoryRoleId</con:name>
          <con:value>71</con:value>
        </con:property>
        <con:property>
          <con:name>res_placeId</con:name>
          <con:value>36</con:value>
        </con:property>
        <con:property>
          <con:name>res_soExtId</con:name>
        </con:property>
        <con:property>
          <con:name>res_salesOrganisationExternalId</con:name>
        </con:property>
        <con:property>
          <con:name>userToken</con:name>
          <con:value>Bearer eyJraWQiOiIxIiwiYWxnIjoiUlMyNTYifQ.eyJpc3MiOiJVTVMtUHJlZmlsdGVyLUNoZWNrQXV0aG9yaXplIiwic3ViIjoiVEVTVCIsImF1ZCI6IlJNIiwiaWF0IjoxNDg3MTYwOTc5LCJleHAiOjE1NTI1NDg1NDQsImF1dGhfdGltZSI6IjEzMTEyODA4NzAiLCJub25jZSI6Im4tMFM2X1d6QTJNaiIsIm5hbWUiOiJVTVMgVGVzdCBVc2VyIiwieF9kYnNzIjp7ImF1dGh6UHJvZmlsZU5hbWUiOiJDU1JfQXV0aHpQcm9maWxlIiwidmVyc2lvbiI6InYxIiwicGFydHlfaWQiOiIxMjMiLCJleHRlcm5hbF91c2VybmFtZSI6InU0MWRiMzBlNi1hNzczLTRlNzEtOTFhNi1hNzE3NTBmNDA4NzkifX0.A8iaoy-GgItTNacZ5jWoDHPlUp7eMwP-UISQRewlxN8zpXIwANbuJNPxBjIrh3L8bAHEDwKZC_5vVgnizPkGrJqNr3L0pwN7gNcPMr3VDKD73XOG4WxUui3B5k2G0yzEzSctjAntSZAq1uwV8mYMiI52vy2U_ZyjtVBj-N_orPo</con:value>
        </con:property>
        <con:property>
          <con:name>userIntToken</con:name>
        </con:property>
        <con:property>
          <con:name>req_email</con:name>
        </con:property>
      </con:properties>
      <con:returnProperties>
        <con:entry>res_inventoryRoleId</con:entry>
        <con:entry>res_placeId</con:entry>
        <con:entry>res_salesOrgId</con:entry>
        <con:entry>res_terminalId</con:entry>
        <con:entry>res_userRoleId</con:entry>
        <con:entry>userToken</con:entry>
      </con:returnProperties>
      <con:runMode>PARALLELL</con:runMode>
    </con:config>
  </con:testStep>
  <con:testStep type="transfer" name="Set userRoleId,salesOrgRoleId and placeId to test case" id="ad9a5790-f128-4095-96ef-3c10ee36a4f1">
    <con:settings/>
    <con:config xsi:type="con:PropertyTransfersStep" xmlns:xsi="http://www.w3.org/2001/XMLSchema-instance">
      <con:transfers setNullOnMissingSource="true" transferTextContent="true" failOnError="true" ignoreEmpty="false" transferToAll="false" entitize="false" transferChildNodes="false">
        <con:name>userRoleId</con:name>
        <con:sourceType>res_userRoleId</con:sourceType>
        <con:sourceStep>Create sales organization, user, inventory and terminal and place</con:sourceStep>
        <con:sourcePath/>
        <con:targetType>req_userRoleId</con:targetType>
        <con:targetStep>#TestCase#</con:targetStep>
        <con:targetPath/>
        <con:upgraded>true</con:upgraded>
      </con:transfers>
      <con:transfers setNullOnMissingSource="true" transferTextContent="true" failOnError="true" ignoreEmpty="false" transferToAll="false" entitize="false" transferChildNodes="false">
        <con:name>salesOrgRoleId</con:name>
        <con:sourceType>res_salesOrgId</con:sourceType>
        <con:sourceStep>Create sales organization, user, inventory and terminal and place</con:sourceStep>
        <con:targetType>req_salesOrgRoleId</con:targetType>
        <con:targetStep>#TestCase#</con:targetStep>
        <con:upgraded>true</con:upgraded>
      </con:transfers>
      <con:transfers setNullOnMissingSource="true" transferTextContent="true" failOnError="true" ignoreEmpty="false" transferToAll="false" entitize="false" transferChildNodes="false">
        <con:name>placeId</con:name>
        <con:sourceType>res_placeId</con:sourceType>
        <con:sourceStep>Create sales organization, user, inventory and terminal and place</con:sourceStep>
        <con:targetType>req_placeId</con:targetType>
        <con:targetStep>#TestCase#</con:targetStep>
        <con:upgraded>true</con:upgraded>
      </con:transfers>
    </con:config>
  </con:testStep>
  <con:testStep type="transfer" name="Set bi parameters to create bi successfully" id="99f8f4cb-3ec5-482c-89c3-1b1b483b64be">
    <con:settings/>
    <con:config xsi:type="con:PropertyTransfersStep" xmlns:xsi="http://www.w3.org/2001/XMLSchema-instance">
      <con:transfers setNullOnMissingSource="true" transferTextContent="true" failOnError="true" ignoreEmpty="false" transferToAll="false" entitize="false" transferChildNodes="false">
        <con:name>biSpec</con:name>
        <con:sourceType>biSpec</con:sourceType>
        <con:sourceStep>Given properties for the test steps</con:sourceStep>
        <con:sourcePath/>
        <con:targetType>req_biSpec</con:targetType>
        <con:targetStep>Create starter pack business interaction without session</con:targetStep>
        <con:targetPath/>
        <con:upgraded>true</con:upgraded>
      </con:transfers>
      <con:transfers setNullOnMissingSource="true" transferTextContent="true" failOnError="true" ignoreEmpty="false" transferToAll="false" entitize="false" transferChildNodes="false">
        <con:name>userRoleID</con:name>
        <con:sourceType>req_userRoleId</con:sourceType>
        <con:sourceStep>#TestCase#</con:sourceStep>
        <con:targetType>req_userRoleId</con:targetType>
        <con:targetStep>Create starter pack business interaction without session</con:targetStep>
        <con:upgraded>true</con:upgraded>
      </con:transfers>
      <con:transfers setNullOnMissingSource="true" transferTextContent="true" failOnError="true" ignoreEmpty="false" transferToAll="false" entitize="false" transferChildNodes="false">
        <con:name>soRoleId</con:name>
        <con:sourceType>req_salesOrgRoleId</con:sourceType>
        <con:sourceStep>#TestCase#</con:sourceStep>
        <con:targetType>req_soRoleId</con:targetType>
        <con:targetStep>Create starter pack business interaction without session</con:targetStep>
        <con:upgraded>true</con:upgraded>
      </con:transfers>
      <con:transfers setNullOnMissingSource="true" transferTextContent="true" failOnError="true" ignoreEmpty="false" transferToAll="false" entitize="false" transferChildNodes="false">
        <con:name>userToken</con:name>
        <con:sourceType>userToken</con:sourceType>
        <con:sourceStep>Create sales organization, user, inventory and terminal and place</con:sourceStep>
        <con:targetType>AuthorizationUser</con:targetType>
        <con:targetStep>#Project#</con:targetStep>
        <con:upgraded>true</con:upgraded>
      </con:transfers>
      <con:transfers setNullOnMissingSource="true" transferTextContent="true" failOnError="true" ignoreEmpty="false" transferToAll="false" entitize="false" transferChildNodes="false">
        <con:name>userSo</con:name>
        <con:sourceType>res_salesOrgId</con:sourceType>
        <con:sourceStep>Create sales organization, user, inventory and terminal and place</con:sourceStep>
        <con:targetType>UserSo</con:targetType>
        <con:targetStep>#Project#</con:targetStep>
        <con:upgraded>true</con:upgraded>
      </con:transfers>
    </con:config>
  </con:testStep>
  <con:testStep type="calltestcase" name="Create starter pack business interaction without session" id="6dc0e130-2bf3-471d-91b9-5aa21a5576a6">
    <con:settings/>
    <con:config xsi:type="con:RunTestCaseStep" xmlns:xsi="http://www.w3.org/2001/XMLSchema-instance">
      <con:targetTestCase>637528a8-67ce-4e6e-a2c5-0c0629ea45b6</con:targetTestCase>
      <con:properties>
        <con:property>
          <con:name>req_userRoleId</con:name>
          <con:value>66</con:value>
        </con:property>
        <con:property>
          <con:name>req_biSpec</con:name>
          <con:value>CREATESTARTERPACKBISPEC</con:value>
        </con:property>
        <con:property>
          <con:name>req_soRoleId</con:name>
          <con:value>64</con:value>
        </con:property>
        <con:property>
          <con:name>res_id</con:name>
          <con:value>1621</con:value>
        </con:property>
        <con:property>
          <con:name>res_code</con:name>
          <con:value xsi:nil="true"/>
        </con:property>
        <con:property>
          <con:name>res_errorMessage</con:name>
          <con:value xsi:nil="true"/>
        </con:property>
        <con:property>
          <con:name>res_httpStatus</con:name>
        </con:property>
      </con:properties>
      <con:returnProperties>
        <con:entry>res_id</con:entry>
        <con:entry>res_code</con:entry>
        <con:entry>res_errorMessage</con:entry>
      </con:returnProperties>
      <con:runMode>PARALLELL</con:runMode>
    </con:config>
  </con:testStep>
  <con:testStep type="assertionteststep" name="Assert bi is created successfully" id="3f684f7b-90e5-4c43-8063-f5984683bb0c">
    <con:settings/>
    <con:config xsi:type="con:AssertionTestStep" xmlns:xsi="http://www.w3.org/2001/XMLSchema-instance">
      <con:entry>
        <con:id>e824cdc0-f9fc-4274-b045-709dbe5381f2</con:id>
        <con:isGroup>false</con:isGroup>
        <con:sourceId>6dc0e130-2bf3-471d-91b9-5aa21a5576a6</con:sourceId>
        <con:propertyName>res_id</con:propertyName>
        <con:assertion type="Simple Contains" name="Contains" id="f9f04629-14bb-45c6-82c0-15adfc361a1e">
          <con:configuration>
            <token>\d+</token>
            <ignoreCase>false</ignoreCase>
            <useRegEx>true</useRegEx>
          </con:configuration>
        </con:assertion>
      </con:entry>
    </con:config>
  </con:testStep>
  <con:testStep type="transfer" name="Set create sim products parameters" id="99b2dad5-2539-4014-8aee-a73455027191">
    <con:settings/>
    <con:config xsi:type="con:PropertyTransfersStep" xmlns:xsi="http://www.w3.org/2001/XMLSchema-instance">
      <con:transfers setNullOnMissingSource="true" transferTextContent="true" failOnError="true" ignoreEmpty="false" transferToAll="false" entitize="false" transferChildNodes="false">
        <con:name>userRoleId</con:name>
        <con:sourceType>req_userRoleId</con:sourceType>
        <con:sourceStep>#TestCase#</con:sourceStep>
        <con:sourcePath/>
        <con:targetType>req_userRoleId</con:targetType>
        <con:targetStep>Create sim products</con:targetStep>
        <con:targetPath/>
        <con:upgraded>true</con:upgraded>
      </con:transfers>
      <con:transfers setNullOnMissingSource="true" transferTextContent="true" failOnError="true" ignoreEmpty="false" transferToAll="false" entitize="false" transferChildNodes="false">
        <con:name>soRoleId</con:name>
        <con:sourceType>req_salesOrgRoleId</con:sourceType>
        <con:sourceStep>#TestCase#</con:sourceStep>
        <con:targetType>req_soRoleId</con:targetType>
        <con:targetStep>Create sim products</con:targetStep>
        <con:upgraded>true</con:upgraded>
      </con:transfers>
      <con:transfers setNullOnMissingSource="true" transferTextContent="true" failOnError="true" ignoreEmpty="false" transferToAll="false" entitize="false" transferChildNodes="false">
        <con:name>placeId</con:name>
        <con:sourceType>req_placeId</con:sourceType>
        <con:sourceStep>#TestCase#</con:sourceStep>
        <con:targetType>req_placeId</con:targetType>
        <con:targetStep>Create sim products</con:targetStep>
        <con:upgraded>true</con:upgraded>
      </con:transfers>
      <con:transfers setNullOnMissingSource="true" transferTextContent="true" failOnError="true" ignoreEmpty="false" transferToAll="false" entitize="false" transferChildNodes="false">
        <con:name>terminalId</con:name>
        <con:sourceType>res_terminalId</con:sourceType>
        <con:sourceStep>Create sales organization, user, inventory and terminal and place</con:sourceStep>
        <con:targetType>req_terminalId</con:targetType>
        <con:targetStep>Create sim products</con:targetStep>
        <con:upgraded>true</con:upgraded>
      </con:transfers>
      <con:transfers setNullOnMissingSource="true" transferTextContent="true" failOnError="true" ignoreEmpty="false" transferToAll="false" entitize="false" transferChildNodes="false">
        <con:name>restoreUserToken</con:name>
        <con:sourceType>userToken</con:sourceType>
        <con:sourceStep>Create sales organization, user, inventory and terminal and place</con:sourceStep>
        <con:targetType>AuthorizationUser</con:targetType>
        <con:targetStep>#Project#</con:targetStep>
        <con:upgraded>true</con:upgraded>
      </con:transfers>
    </con:config>
  </con:testStep>
  <con:testStep type="calltestcase" name="Create sim products" id="146af99c-2d0c-4536-800c-e24c0d34bc99">
    <con:settings/>
    <con:config xsi:type="con:RunTestCaseStep" xmlns:xsi="http://www.w3.org/2001/XMLSchema-instance">
      <con:targetTestCase>16d8a61e-3fd2-42b2-bc91-6bcdac56ce92</con:targetTestCase>
      <con:properties>
        <con:property>
          <con:name>req_terminalId</con:name>
          <con:value>17</con:value>
        </con:property>
        <con:property>
          <con:name>req_userRoleId</con:name>
          <con:value>66</con:value>
        </con:property>
        <con:property>
          <con:name>req_soRoleId</con:name>
          <con:value>64</con:value>
        </con:property>
        <con:property>
          <con:name>req_placeId</con:name>
          <con:value>34</con:value>
        </con:property>
        <con:property>
          <con:name>res_code</con:name>
          <con:value>200</con:value>
        </con:property>
        <con:property>
          <con:name>res_startSerial</con:name>
          <con:value>10000000000001695451</con:value>
        </con:property>
        <con:property>
          <con:name>res_endSerial</con:name>
          <con:value>10000000000001695461</con:value>
        </con:property>
        <con:property>
          <con:name>res_simProductId</con:name>
        </con:property>
        <con:property>
          <con:name>res_serialText1</con:name>
        </con:property>
        <con:property>
          <con:name>res_serialText2</con:name>
        </con:property>
      </con:properties>
      <con:returnProperties>
        <con:entry>res_startSerial</con:entry>
        <con:entry>res_endSerial</con:entry>
        <con:entry>res_code</con:entry>
      </con:returnProperties>
      <con:runMode>PARALLELL</con:runMode>
    </con:config>
  </con:testStep>
  <con:testStep type="assertionteststep" name="Assert sim products are created successfully" id="bb54092f-f114-41db-988c-bbe52a7123b0">
    <con:settings/>
    <con:config xsi:type="con:AssertionTestStep" xmlns:xsi="http://www.w3.org/2001/XMLSchema-instance">
      <con:entry>
        <con:id>f17cd58f-53ec-4f04-8331-015e65b00057</con:id>
        <con:isGroup>false</con:isGroup>
        <con:sourceId>146af99c-2d0c-4536-800c-e24c0d34bc99</con:sourceId>
        <con:propertyName>res_code</con:propertyName>
        <con:assertion type="Simple Contains" name="Contains" id="58529844-d275-4f17-93ad-89ade110d0f5">
          <con:configuration>
            <token>200</token>
            <ignoreCase>false</ignoreCase>
            <useRegEx>true</useRegEx>
          </con:configuration>
        </con:assertion>
      </con:entry>
      <con:entry>
        <con:id>08cfe808-6552-4ed0-8c59-b9674d00faab</con:id>
        <con:isGroup>false</con:isGroup>
        <con:sourceId>146af99c-2d0c-4536-800c-e24c0d34bc99</con:sourceId>
        <con:propertyName>res_startSerial</con:propertyName>
        <con:assertion type="Simple Contains" name="Contains 2" id="bfbd5634-8888-44a8-97ec-3f020454777f">
          <con:configuration>
            <token>\d+</token>
            <ignoreCase>false</ignoreCase>
            <useRegEx>true</useRegEx>
          </con:configuration>
        </con:assertion>
      </con:entry>
      <con:entry>
        <con:id>9ead9d92-d573-4ba6-a79d-3272a8dd0d68</con:id>
        <con:isGroup>false</con:isGroup>
        <con:sourceId>146af99c-2d0c-4536-800c-e24c0d34bc99</con:sourceId>
        <con:propertyName>res_endSerial</con:propertyName>
        <con:assertion type="Simple Contains" name="Contains 3" id="5a6fa48d-e4fc-4ce2-bae5-f40edfe7c00b">
          <con:configuration>
            <token>\d+</token>
            <ignoreCase>false</ignoreCase>
            <useRegEx>true</useRegEx>
          </con:configuration>
        </con:assertion>
      </con:entry>
    </con:config>
  </con:testStep>
  <con:testStep type="transfer" name="Set create sim products parameters2" id="10a3d3f2-bc0b-48c2-931a-99c1781b31db">
    <con:settings/>
    <con:config xsi:type="con:PropertyTransfersStep" xmlns:xsi="http://www.w3.org/2001/XMLSchema-instance">
      <con:transfers setNullOnMissingSource="true" transferTextContent="true" failOnError="true" ignoreEmpty="false" transferToAll="false" entitize="false" transferChildNodes="false">
        <con:name>userRoleId</con:name>
        <con:sourceType>res_userRoleId</con:sourceType>
        <con:sourceStep>Create sales organization, user, inventory and terminal and place2</con:sourceStep>
        <con:sourcePath/>
        <con:targetType>req_userRoleId</con:targetType>
        <con:targetStep>Create sim products 2</con:targetStep>
        <con:targetPath/>
        <con:upgraded>true</con:upgraded>
      </con:transfers>
      <con:transfers setNullOnMissingSource="true" transferTextContent="true" failOnError="true" ignoreEmpty="false" transferToAll="false" entitize="false" transferChildNodes="false">
        <con:name>soRoleId</con:name>
        <con:sourceType>res_salesOrgId</con:sourceType>
        <con:sourceStep>Create sales organization, user, inventory and terminal and place2</con:sourceStep>
        <con:targetType>req_soRoleId</con:targetType>
        <con:targetStep>Create sim products 2</con:targetStep>
        <con:upgraded>true</con:upgraded>
      </con:transfers>
      <con:transfers setNullOnMissingSource="true" transferTextContent="true" failOnError="true" ignoreEmpty="false" transferToAll="false" entitize="false" transferChildNodes="false">
        <con:name>placeId</con:name>
        <con:sourceType>res_placeId</con:sourceType>
        <con:sourceStep>Create sales organization, user, inventory and terminal and place2</con:sourceStep>
        <con:targetType>req_placeId</con:targetType>
        <con:targetStep>Create sim products 2</con:targetStep>
        <con:upgraded>true</con:upgraded>
      </con:transfers>
      <con:transfers setNullOnMissingSource="true" transferTextContent="false" failOnError="true" ignoreEmpty="false" transferToAll="false" entitize="false" transferChildNodes="false">
        <con:name>terminalId</con:name>
        <con:sourceType>res_terminalId</con:sourceType>
        <con:sourceStep>Create sales organization, user, inventory and terminal and place2</con:sourceStep>
        <con:targetType>req_terminalId</con:targetType>
        <con:targetStep>Create sim products 2</con:targetStep>
        <con:upgraded>true</con:upgraded>
      </con:transfers>
    </con:config>
  </con:testStep>
  <con:testStep type="calltestcase" name="Create sim products 2" id="06efee86-371f-428d-9a49-12d34a4081db">
    <con:settings/>
    <con:config xsi:type="con:RunTestCaseStep" xmlns:xsi="http://www.w3.org/2001/XMLSchema-instance">
      <con:targetTestCase>16d8a61e-3fd2-42b2-bc91-6bcdac56ce92</con:targetTestCase>
      <con:properties>
        <con:property>
          <con:name>req_terminalId</con:name>
          <con:value>18</con:value>
        </con:property>
        <con:property>
          <con:name>req_userRoleId</con:name>
          <con:value>70</con:value>
        </con:property>
        <con:property>
          <con:name>req_soRoleId</con:name>
          <con:value>68</con:value>
        </con:property>
        <con:property>
          <con:name>req_placeId</con:name>
          <con:value>36</con:value>
        </con:property>
        <con:property>
          <con:name>res_code</con:name>
          <con:value>200</con:value>
        </con:property>
        <con:property>
          <con:name>res_startSerial</con:name>
          <con:value>10000000000009590341</con:value>
        </con:property>
        <con:property>
          <con:name>res_endSerial</con:name>
          <con:value>10000000000009590351</con:value>
        </con:property>
        <con:property>
          <con:name>res_simProductId</con:name>
        </con:property>
        <con:property>
          <con:name>res_serialText1</con:name>
        </con:property>
        <con:property>
          <con:name>res_serialText2</con:name>
        </con:property>
      </con:properties>
      <con:returnProperties>
        <con:entry>res_startSerial</con:entry>
        <con:entry>res_endSerial</con:entry>
        <con:entry>res_code</con:entry>
      </con:returnProperties>
      <con:runMode>PARALLELL</con:runMode>
    </con:config>
  </con:testStep>
  <con:testStep type="transfer" name="Set get productId parameters" id="43a3b0cd-047f-45ee-85b1-d4a71a0ad4fc">
    <con:settings/>
    <con:config xsi:type="con:PropertyTransfersStep" xmlns:xsi="http://www.w3.org/2001/XMLSchema-instance">
      <con:transfers setNullOnMissingSource="true" transferTextContent="true" failOnError="true" ignoreEmpty="false" transferToAll="false" entitize="false" transferChildNodes="false">
        <con:name>placeId</con:name>
        <con:sourceType>req_placeId</con:sourceType>
        <con:sourceStep>Create sim products</con:sourceStep>
        <con:sourcePath/>
        <con:targetType>req_placeId</con:targetType>
        <con:targetStep>Get productId</con:targetStep>
        <con:targetPath/>
        <con:upgraded>true</con:upgraded>
      </con:transfers>
      <con:transfers setNullOnMissingSource="true" transferTextContent="true" failOnError="true" ignoreEmpty="false" transferToAll="false" entitize="false" transferChildNodes="false">
        <con:name>specExtId</con:name>
        <con:sourceType>simSpecExtID</con:sourceType>
        <con:sourceStep>Given properties for the test steps</con:sourceStep>
        <con:targetType>req_prodSpecExtId</con:targetType>
        <con:targetStep>Get productId</con:targetStep>
        <con:upgraded>true</con:upgraded>
      </con:transfers>
      <con:transfers setNullOnMissingSource="true" transferTextContent="true" failOnError="true" ignoreEmpty="false" transferToAll="false" entitize="false" transferChildNodes="false">
        <con:name>productStatus</con:name>
        <con:sourceType>nonSellableProductStatus</con:sourceType>
        <con:sourceStep>Given properties for the test steps</con:sourceStep>
        <con:targetType>req_productStatus</con:targetType>
        <con:targetStep>Get productId</con:targetStep>
        <con:upgraded>true</con:upgraded>
      </con:transfers>
      <con:transfers setNullOnMissingSource="true" transferTextContent="true" failOnError="true" ignoreEmpty="false" transferToAll="false" entitize="false" transferChildNodes="false">
        <con:name>userSo</con:name>
        <con:sourceType>res_salesOrgId</con:sourceType>
        <con:sourceStep>Create sales organization, user, inventory and terminal and place</con:sourceStep>
        <con:targetType>UserSo</con:targetType>
        <con:targetStep>#Project#</con:targetStep>
        <con:upgraded>true</con:upgraded>
      </con:transfers>
    </con:config>
  </con:testStep>
  <con:testStep type="calltestcase" name="Get productId" id="c22fee5d-a412-4c88-af1e-4a142b41f68f">
    <con:settings/>
    <con:config xsi:type="con:RunTestCaseStep" xmlns:xsi="http://www.w3.org/2001/XMLSchema-instance">
      <con:targetTestCase>c8ecc8e4-f948-4b6c-8c74-f734fb40dce3</con:targetTestCase>
      <con:properties>
        <con:property>
          <con:name>req_placeId</con:name>
          <con:value>34</con:value>
        </con:property>
        <con:property>
          <con:name>req_prodSpecExtId</con:name>
          <con:value>EXT-SIM-1</con:value>
        </con:property>
        <con:property>
          <con:name>res_productId</con:name>
          <con:value>28</con:value>
        </con:property>
        <con:property>
          <con:name>req_productStatus</con:name>
          <con:value>4</con:value>
        </con:property>
        <con:property>
          <con:name>res_quantity</con:name>
        </con:property>
        <con:property>
          <con:name>req_productSerialNumber</con:name>
        </con:property>
        <con:property>
          <con:name>req_productSerialText</con:name>
        </con:property>
        <con:property>
          <con:name>res_productStatus</con:name>
        </con:property>
        <con:property>
          <con:name>res_code</con:name>
          <con:value>200</con:value>
        </con:property>
      </con:properties>
      <con:returnProperties>
        <con:entry>res_productId</con:entry>
        <con:entry>res_code</con:entry>
      </con:returnProperties>
      <con:runMode>PARALLELL</con:runMode>
    </con:config>
  </con:testStep>
  <con:testStep type="transfer" name="Set productId to display lockedBy" id="0182cc7b-0217-458c-b905-6a697d7aba20">
    <con:settings/>
    <con:config xsi:type="con:PropertyTransfersStep" xmlns:xsi="http://www.w3.org/2001/XMLSchema-instance">
      <con:transfers setNullOnMissingSource="true" transferTextContent="true" failOnError="true" ignoreEmpty="false" transferToAll="false" entitize="false" transferChildNodes="false">
        <con:name>productId</con:name>
        <con:sourceType>res_productId</con:sourceType>
        <con:sourceStep>Get productId</con:sourceStep>
        <con:sourcePath/>
        <con:targetType>req_productId</con:targetType>
        <con:targetStep>Display lockedBy</con:targetStep>
        <con:targetPath/>
        <con:upgraded>true</con:upgraded>
      </con:transfers>
    </con:config>
  </con:testStep>
  <con:testStep type="calltestcase" name="Display lockedBy" id="3a451522-ed67-419c-a48a-9f79a60bdee3">
    <con:settings/>
    <con:config xsi:type="con:RunTestCaseStep" xmlns:xsi="http://www.w3.org/2001/XMLSchema-instance">
      <con:targetTestCase>102e2d7b-c4cf-4f53-b777-f08cad671a15</con:targetTestCase>
      <con:properties>
        <con:property>
          <con:name>req_productId</con:name>
          <con:value>28</con:value>
        </con:property>
        <con:property>
          <con:name>res_id</con:name>
          <con:value>28</con:value>
        </con:property>
        <con:property>
          <con:name>res_code</con:name>
          <con:value>200</con:value>
        </con:property>
        <con:property>
          <con:name>res_lockedByBiId</con:name>
          <con:value xsi:nil="true"/>
        </con:property>
        <con:property>
          <con:name>res_lockedByBiItemId</con:name>
          <con:value xsi:nil="true"/>
        </con:property>
        <con:property>
          <con:name>req_prodSpecExtId</con:name>
        </con:property>
        <con:property>
          <con:name>res_startSerialNumber</con:name>
        </con:property>
        <con:property>
          <con:name>res_endSerialNumber</con:name>
        </con:property>
        <con:property>
          <con:name>res_quantity</con:name>
        </con:property>
      </con:properties>
      <con:returnProperties>
        <con:entry>res_id</con:entry>
        <con:entry>res_code</con:entry>
        <con:entry>res_lockedByBiId</con:entry>
        <con:entry>res_lockedByBiItemId</con:entry>
      </con:returnProperties>
      <con:runMode>PARALLELL</con:runMode>
    </con:config>
  </con:testStep>
  <con:testStep type="assertionteststep" name="Assertion products are unlocked" id="196a1989-8211-4f92-a40e-389d23f75c44">
    <con:settings/>
    <con:config xsi:type="con:AssertionTestStep" xmlns:xsi="http://www.w3.org/2001/XMLSchema-instance">
      <con:entry>
        <con:id>f3f155cd-b47d-44d7-ae97-6e6a9e75383e</con:id>
        <con:isGroup>false</con:isGroup>
        <con:sourceId>3a451522-ed67-419c-a48a-9f79a60bdee3</con:sourceId>
        <con:propertyName>res_code</con:propertyName>
        <con:assertion type="Simple Contains" name="Contains" id="e7605aea-3abe-4c67-a446-268c477db0d6">
          <con:configuration>
            <token>200</token>
            <ignoreCase>false</ignoreCase>
            <useRegEx>true</useRegEx>
          </con:configuration>
        </con:assertion>
      </con:entry>
      <con:entry>
        <con:id>59b7b3d8-89ba-44e5-ac58-a2e0e472ee60</con:id>
        <con:isGroup>false</con:isGroup>
        <con:sourceId>3a451522-ed67-419c-a48a-9f79a60bdee3</con:sourceId>
        <con:propertyName>res_lockedByBiId</con:propertyName>
        <con:assertion type="Simple Contains" name="Contains 2" id="74d935da-1c6c-4c51-8562-788e95bd4b77">
          <con:configuration>
            <token>^\s*$</token>
            <ignoreCase>false</ignoreCase>
            <useRegEx>true</useRegEx>
          </con:configuration>
        </con:assertion>
      </con:entry>
      <con:entry>
        <con:id>7c5077b6-69e7-41d5-92a9-53cb7c74ca84</con:id>
        <con:isGroup>false</con:isGroup>
        <con:sourceId>3a451522-ed67-419c-a48a-9f79a60bdee3</con:sourceId>
        <con:propertyName>res_lockedByBiItemId</con:propertyName>
        <con:assertion type="Simple Contains" name="Contains 3" id="745ebf1a-d5c3-4490-b65e-37b380244035">
          <con:configuration>
            <token>^\s*$</token>
            <ignoreCase>false</ignoreCase>
            <useRegEx>true</useRegEx>
          </con:configuration>
        </con:assertion>
      </con:entry>
    </con:config>
  </con:testStep>
  <con:testStep type="transfer" name="Set reserve SIM's request" id="9da02fc0-d8de-4e25-bd3a-6a4b15361425">
    <con:settings/>
    <con:config xsi:type="con:PropertyTransfersStep" xmlns:xsi="http://www.w3.org/2001/XMLSchema-instance">
      <con:transfers setNullOnMissingSource="true" transferTextContent="true" failOnError="true" ignoreEmpty="false" transferToAll="false" entitize="false" transferChildNodes="false">
        <con:name>startICCID</con:name>
        <con:sourceType>res_startSerial</con:sourceType>
        <con:sourceStep>Create sim products</con:sourceStep>
        <con:sourcePath/>
        <con:targetType>req_startICCD</con:targetType>
        <con:targetStep>Reserve SIMs</con:targetStep>
        <con:targetPath/>
        <con:upgraded>true</con:upgraded>
      </con:transfers>
      <con:transfers setNullOnMissingSource="true" transferTextContent="true" failOnError="true" ignoreEmpty="false" transferToAll="false" entitize="false" transferChildNodes="false">
        <con:name>endICCID</con:name>
        <con:sourceType>res_endSerial</con:sourceType>
        <con:sourceStep>Create sim products</con:sourceStep>
        <con:targetType>req_endICCID</con:targetType>
        <con:targetStep>Reserve SIMs</con:targetStep>
        <con:upgraded>true</con:upgraded>
      </con:transfers>
      <con:transfers setNullOnMissingSource="true" transferTextContent="true" failOnError="true" ignoreEmpty="false" transferToAll="false" entitize="false" transferChildNodes="false">
        <con:name>simSpecExtId</con:name>
        <con:sourceType>simSpecExtID</con:sourceType>
        <con:sourceStep>Given properties for the test steps</con:sourceStep>
        <con:targetType>req_simSpecificationExternalId</con:targetType>
        <con:targetStep>Reserve SIMs</con:targetStep>
        <con:upgraded>true</con:upgraded>
      </con:transfers>
      <con:transfers setNullOnMissingSource="true" transferTextContent="true" failOnError="true" ignoreEmpty="false" transferToAll="false" entitize="false" transferChildNodes="false">
        <con:name>quantity</con:name>
        <con:sourceType>validQuantity</con:sourceType>
        <con:sourceStep>Given properties for the test steps</con:sourceStep>
        <con:targetType>req_requestedQuantity</con:targetType>
        <con:targetStep>Reserve SIMs</con:targetStep>
        <con:upgraded>true</con:upgraded>
      </con:transfers>
      <con:transfers setNullOnMissingSource="true" transferTextContent="true" failOnError="true" ignoreEmpty="false" transferToAll="false" entitize="false" transferChildNodes="false">
        <con:name>placeId</con:name>
        <con:sourceType>req_placeId</con:sourceType>
        <con:sourceStep>#TestCase#</con:sourceStep>
        <con:targetType>req_placeId</con:targetType>
        <con:targetStep>Reserve SIMs</con:targetStep>
        <con:upgraded>true</con:upgraded>
      </con:transfers>
      <con:transfers setNullOnMissingSource="true" transferTextContent="true" failOnError="true" ignoreEmpty="false" transferToAll="false" entitize="false" transferChildNodes="false">
        <con:name>biId</con:name>
        <con:sourceType>res_id</con:sourceType>
        <con:sourceStep>Create starter pack business interaction without session</con:sourceStep>
        <con:targetType>req_biId</con:targetType>
        <con:targetStep>Reserve SIMs</con:targetStep>
        <con:upgraded>true</con:upgraded>
      </con:transfers>
    </con:config>
  </con:testStep>
  <con:testStep type="calltestcase" name="Reserve SIMs" id="27985e4d-2e5c-43b3-a682-21bcadf6c9aa">
    <con:settings/>
    <con:config xsi:type="con:RunTestCaseStep" xmlns:xsi="http://www.w3.org/2001/XMLSchema-instance">
      <con:targetTestCase>06a90684-e6bc-45c1-a3fd-05f9e6abe346</con:targetTestCase>
      <con:properties>
        <con:property>
          <con:name>req_startICCD</con:name>
          <con:value>10000000000001695451</con:value>
        </con:property>
        <con:property>
          <con:name>req_endICCID</con:name>
          <con:value>10000000000001695461</con:value>
        </con:property>
        <con:property>
          <con:name>req_simSpecificationExternalId</con:name>
          <con:value>EXT-SIM-1</con:value>
        </con:property>
        <con:property>
          <con:name>req_requestedQuantity</con:name>
          <con:value>2</con:value>
        </con:property>
        <con:property>
          <con:name>req_placeId</con:name>
          <con:value>34</con:value>
        </con:property>
        <con:property>
          <con:name>res_iccids</con:name>
          <con:value>["10000000000001695451","10000000000001695461"]</con:value>
        </con:property>
        <con:property>
          <con:name>res_code</con:name>
          <con:value xsi:nil="true"/>
        </con:property>
        <con:property>
          <con:name>res_errorMessage</con:name>
          <con:value xsi:nil="true"/>
        </con:property>
        <con:property>
          <con:name>req_biId</con:name>
          <con:value>1621</con:value>
        </con:property>
      </con:properties>
      <con:returnProperties>
        <con:entry>res_iccids</con:entry>
        <con:entry>res_code</con:entry>
        <con:entry>res_errorMessage</con:entry>
      </con:returnProperties>
      <con:runMode>PARALLELL</con:runMode>
    </con:config>
  </con:testStep>
  <con:testStep type="assertionteststep" name="Assert sims are reserved" id="4a4516c3-978b-4db9-ac15-55e706163d0b">
    <con:settings/>
    <con:config xsi:type="con:AssertionTestStep" xmlns:xsi="http://www.w3.org/2001/XMLSchema-instance">
      <con:entry>
        <con:id>93e01c2c-6899-4728-a4a9-0c078aae8e0c</con:id>
        <con:isGroup>false</con:isGroup>
        <con:sourceId>27985e4d-2e5c-43b3-a682-21bcadf6c9aa</con:sourceId>
        <con:propertyName>res_errorMessage</con:propertyName>
        <con:assertion type="Simple Contains" name="Contains" id="e5b64207-10f2-4b49-a599-2dc7c9cbca73">
          <con:configuration>
            <token>^\s*$</token>
            <ignoreCase>false</ignoreCase>
            <useRegEx>true</useRegEx>
          </con:configuration>
        </con:assertion>
      </con:entry>
      <con:entry>
        <con:id>e82dd16a-9703-47e9-8f16-cd3b6bd6a4cf</con:id>
        <con:isGroup>false</con:isGroup>
        <con:sourceId>27985e4d-2e5c-43b3-a682-21bcadf6c9aa</con:sourceId>
        <con:propertyName>res_iccids</con:propertyName>
        <con:assertion type="Simple Contains" name="Contains 2" id="0015bc83-4eca-4c4c-8ec0-b9931adfbdb5">
          <con:configuration>
            <token>\d+</token>
            <ignoreCase>false</ignoreCase>
            <useRegEx>true</useRegEx>
          </con:configuration>
        </con:assertion>
      </con:entry>
    </con:config>
  </con:testStep>
  <con:testStep type="transfer" name="Set product spec for stock level control" id="3ddadf6f-53e1-4498-a359-8fecf7ac4806">
    <con:settings/>
    <con:config xsi:type="con:PropertyTransfersStep" xmlns:xsi="http://www.w3.org/2001/XMLSchema-instance">
      <con:transfers setNullOnMissingSource="true" transferTextContent="true" failOnError="true" ignoreEmpty="false" transferToAll="false" entitize="false" transferChildNodes="false">
        <con:name>placeId</con:name>
        <con:sourceType>res_placeId</con:sourceType>
        <con:sourceStep>Create sales organization, user, inventory and terminal and place</con:sourceStep>
        <con:sourcePath/>
        <con:targetType>req_placeId</con:targetType>
        <con:targetStep>Display stock level for sims</con:targetStep>
        <con:targetPath/>
        <con:upgraded>true</con:upgraded>
      </con:transfers>
      <con:transfers setNullOnMissingSource="true" transferTextContent="true" failOnError="true" ignoreEmpty="false" transferToAll="false" entitize="false" transferChildNodes="false">
        <con:name>prodSpecExtId</con:name>
        <con:sourceType>simSpecExtID</con:sourceType>
        <con:sourceStep>Given properties for the test steps</con:sourceStep>
        <con:targetType>req_productSpecificationExternalId</con:targetType>
        <con:targetStep>Display stock level for sims</con:targetStep>
        <con:upgraded>true</con:upgraded>
      </con:transfers>
      <con:transfers setNullOnMissingSource="true" transferTextContent="true" failOnError="true" ignoreEmpty="false" transferToAll="false" entitize="false" transferChildNodes="false">
        <con:name>productStatus</con:name>
        <con:sourceType>nonSellableProductStatus</con:sourceType>
        <con:sourceStep>Given properties for the test steps</con:sourceStep>
        <con:targetType>req_productStatus</con:targetType>
        <con:targetStep>Display stock level for sims</con:targetStep>
        <con:upgraded>true</con:upgraded>
      </con:transfers>
    </con:config>
  </con:testStep>
  <con:testStep type="calltestcase" name="Display stock level for sims" id="181f5425-90af-46bc-bdbb-223335c01559">
    <con:settings/>
    <con:config xsi:type="con:RunTestCaseStep" xmlns:xsi="http://www.w3.org/2001/XMLSchema-instance">
      <con:targetTestCase>ae70f14b-9b62-4330-9f1f-32535bcddc8b</con:targetTestCase>
      <con:properties>
        <con:property>
          <con:name>req_placeId</con:name>
          <con:value>34</con:value>
        </con:property>
        <con:property>
          <con:name>req_productSpecCode</con:name>
        </con:property>
        <con:property>
          <con:name>req_productSpecArticle</con:name>
        </con:property>
        <con:property>
          <con:name>req_productStatus</con:name>
          <con:value>4</con:value>
        </con:property>
        <con:property>
          <con:name>req_includeLocked</con:name>
        </con:property>
        <con:property>
          <con:name>req_productSpecificationExternalId</con:name>
          <con:value>EXT-SIM-1</con:value>
        </con:property>
        <con:property>
          <con:name>res_placeId</con:name>
          <con:value>34</con:value>
        </con:property>
        <con:property>
          <con:name>res_productSpecificationId</con:name>
          <con:value>7</con:value>
        </con:property>
        <con:property>
          <con:name>res_productSpecificationExternalId</con:name>
          <con:value>EXT-SIM-1</con:value>
        </con:property>
        <con:property>
          <con:name>res_quantity</con:name>
          <con:value>0</con:value>
        </con:property>
        <con:property>
          <con:name>res_salesOrganizationId</con:name>
          <con:value>64</con:value>
        </con:property>
        <con:property>
          <con:name>res_totalQuantity</con:name>
          <con:value>2</con:value>
        </con:property>
        <con:property>
          <con:name>res_reservedQuantity</con:name>
          <con:value>2</con:value>
        </con:property>
        <con:property>
          <con:name>req_productId</con:name>
        </con:property>
        <con:property>
          <con:name>res_code</con:name>
        </con:property>
        <con:property>
          <con:name>req_productSerialNumber</con:name>
        </con:property>
        <con:property>
          <con:name>req_productSerialText</con:name>
        </con:property>
        <con:property>
          <con:name>req_productSpecificationId</con:name>
        </con:property>
        <con:property>
          <con:name>req_parentSerialNumberText</con:name>
        </con:property>
        <con:property>
          <con:name>req_batchId</con:name>
        </con:property>
        <con:property>
          <con:name>req_country</con:name>
        </con:property>
        <con:property>
          <con:name>req_state</con:name>
        </con:property>
        <con:property>
          <con:name>req_city</con:name>
        </con:property>
        <con:property>
          <con:name>req_regionId</con:name>
        </con:property>
        <con:property>
          <con:name>res_fullResponse</con:name>
        </con:property>
        <con:property>
          <con:name>res_errorMessage</con:name>
        </con:property>
      </con:properties>
      <con:returnProperties>
        <con:entry>res_placeId</con:entry>
        <con:entry>res_productSpecificationId</con:entry>
        <con:entry>res_productSpecificationExternalId</con:entry>
        <con:entry>res_quantity</con:entry>
        <con:entry>res_salesOrganizationId</con:entry>
        <con:entry>res_totalQuantity</con:entry>
        <con:entry>res_reservedQuantity</con:entry>
      </con:returnProperties>
      <con:runMode>PARALLELL</con:runMode>
    </con:config>
  </con:testStep>
  <con:testStep type="assertionteststep" name="Assert sims are reserved 2" id="71fbc704-8ecd-4b5d-9813-f8598d3230f7">
    <con:settings/>
    <con:config xsi:type="con:AssertionTestStep" xmlns:xsi="http://www.w3.org/2001/XMLSchema-instance">
      <con:entry>
        <con:id>416fb705-1f81-4bcb-a12a-bd835802934e</con:id>
        <con:isGroup>false</con:isGroup>
        <con:sourceId>181f5425-90af-46bc-bdbb-223335c01559</con:sourceId>
        <con:propertyName>res_totalQuantity</con:propertyName>
        <con:assertion type="Simple Equals" name="Equals" id="5b3d65eb-6d3a-4b5c-9e71-ea7b45522214">
          <con:configuration>
            <patternText>2</patternText>
            <caseSensitive>true</caseSensitive>
          </con:configuration>
        </con:assertion>
      </con:entry>
      <con:entry>
        <con:id>98b7c3e7-5810-4be0-a215-d2ab31e3a618</con:id>
        <con:isGroup>false</con:isGroup>
        <con:sourceId>181f5425-90af-46bc-bdbb-223335c01559</con:sourceId>
        <con:propertyName>res_reservedQuantity</con:propertyName>
        <con:assertion type="Simple Equals" name="Equals 2" id="ce3c4e6e-40f0-4124-9351-3c7511b80bc5">
          <con:configuration>
            <patternText>2</patternText>
            <caseSensitive>true</caseSensitive>
          </con:configuration>
        </con:assertion>
      </con:entry>
    </con:config>
  </con:testStep>
  <con:testStep type="transfer" name="Set productId to display lockedBy2" id="81b601a1-7684-40d2-8688-ab10113f134b">
    <con:settings/>
    <con:config xsi:type="con:PropertyTransfersStep" xmlns:xsi="http://www.w3.org/2001/XMLSchema-instance">
      <con:transfers setNullOnMissingSource="true" transferTextContent="true" failOnError="true" ignoreEmpty="false" transferToAll="false" entitize="false" transferChildNodes="false">
        <con:name>productId</con:name>
        <con:sourceType>req_productId</con:sourceType>
        <con:sourceStep>Display lockedBy</con:sourceStep>
        <con:sourcePath/>
        <con:targetType>req_productId</con:targetType>
        <con:targetStep>Display lockedBy2</con:targetStep>
        <con:targetPath/>
        <con:upgraded>true</con:upgraded>
      </con:transfers>
    </con:config>
  </con:testStep>
  <con:testStep type="calltestcase" name="Display lockedBy2" id="442c5efd-0942-483c-b817-09f8c394f7bd">
    <con:settings/>
    <con:config xsi:type="con:RunTestCaseStep" xmlns:xsi="http://www.w3.org/2001/XMLSchema-instance">
      <con:targetTestCase>102e2d7b-c4cf-4f53-b777-f08cad671a15</con:targetTestCase>
      <con:properties>
        <con:property>
          <con:name>req_productId</con:name>
          <con:value>28</con:value>
        </con:property>
        <con:property>
          <con:name>res_id</con:name>
          <con:value>28</con:value>
        </con:property>
        <con:property>
          <con:name>res_code</con:name>
          <con:value>200</con:value>
        </con:property>
        <con:property>
          <con:name>res_lockedByBiId</con:name>
          <con:value>1621</con:value>
        </con:property>
        <con:property>
          <con:name>res_lockedByBiItemId</con:name>
          <con:value>380</con:value>
        </con:property>
        <con:property>
          <con:name>req_prodSpecExtId</con:name>
        </con:property>
        <con:property>
          <con:name>res_startSerialNumber</con:name>
        </con:property>
        <con:property>
          <con:name>res_endSerialNumber</con:name>
        </con:property>
        <con:property>
          <con:name>res_quantity</con:name>
        </con:property>
      </con:properties>
      <con:returnProperties>
        <con:entry>res_id</con:entry>
        <con:entry>res_code</con:entry>
        <con:entry>res_lockedByBiId</con:entry>
        <con:entry>res_lockedByBiItemId</con:entry>
      </con:returnProperties>
      <con:runMode>PARALLELL</con:runMode>
    </con:config>
  </con:testStep>
  <con:testStep type="assertionteststep" name="Assertion products are locked" id="b27444ba-69fe-43c9-aae8-7e1669abf501">
    <con:settings/>
    <con:config xsi:type="con:AssertionTestStep" xmlns:xsi="http://www.w3.org/2001/XMLSchema-instance">
      <con:entry>
        <con:id>46691db8-3b5a-46b3-88b6-c1599fcb13f9</con:id>
        <con:isGroup>false</con:isGroup>
        <con:sourceId>442c5efd-0942-483c-b817-09f8c394f7bd</con:sourceId>
        <con:propertyName>res_code</con:propertyName>
        <con:assertion type="Simple Contains" name="Contains" id="2df4ed84-3158-430e-a22f-566774eaa647">
          <con:configuration>
            <token>200</token>
            <ignoreCase>false</ignoreCase>
            <useRegEx>true</useRegEx>
          </con:configuration>
        </con:assertion>
      </con:entry>
      <con:entry>
        <con:id>416a053c-e63b-45e1-8bbd-d906037c9b2a</con:id>
        <con:isGroup>false</con:isGroup>
        <con:sourceId>442c5efd-0942-483c-b817-09f8c394f7bd</con:sourceId>
        <con:propertyName>res_lockedByBiId</con:propertyName>
        <con:assertion type="Simple Contains" name="Contains 2" id="4ce90f24-1fab-476d-a221-647dab7b285c">
          <con:configuration>
            <token>\d+</token>
            <ignoreCase>false</ignoreCase>
            <useRegEx>true</useRegEx>
          </con:configuration>
        </con:assertion>
      </con:entry>
      <con:entry>
        <con:id>7db6d24a-7a40-4e29-af83-1b8d23398795</con:id>
        <con:isGroup>false</con:isGroup>
        <con:sourceId>442c5efd-0942-483c-b817-09f8c394f7bd</con:sourceId>
        <con:propertyName>res_lockedByBiItemId</con:propertyName>
        <con:assertion type="Simple Contains" name="Contains 3" id="ab57779e-7cc2-48ad-b8b4-3380d58fd4b8">
          <con:configuration>
            <token>\d+</token>
            <ignoreCase>false</ignoreCase>
            <useRegEx>true</useRegEx>
          </con:configuration>
        </con:assertion>
      </con:entry>
    </con:config>
  </con:testStep>
  <con:testStep type="transfer" name="Set submit bi id" id="a0ee6b2d-d913-4e76-8de9-96fd4ed80bf7">
    <con:settings/>
    <con:config xsi:type="con:PropertyTransfersStep" xmlns:xsi="http://www.w3.org/2001/XMLSchema-instance">
      <con:transfers setNullOnMissingSource="true" transferTextContent="true" failOnError="true" ignoreEmpty="false" transferToAll="false" entitize="false" transferChildNodes="false">
        <con:name>biId</con:name>
        <con:sourceType>res_id</con:sourceType>
        <con:sourceStep>Create starter pack business interaction without session</con:sourceStep>
        <con:sourcePath/>
        <con:targetType>req_biId</con:targetType>
        <con:targetStep>Submit starter pack bi to ongoing state</con:targetStep>
        <con:targetPath/>
        <con:upgraded>true</con:upgraded>
      </con:transfers>
    </con:config>
  </con:testStep>
  <con:testStep type="calltestcase" name="Submit starter pack bi to ongoing state" id="245aad03-2ad3-404b-9734-6bdfb4f56ff2">
    <con:settings/>
    <con:config xsi:type="con:RunTestCaseStep" xmlns:xsi="http://www.w3.org/2001/XMLSchema-instance">
      <con:targetTestCase>7139ae50-0804-4cbc-9d4f-d7add6e31e65</con:targetTestCase>
      <con:properties>
        <con:property>
          <con:name>req_biId</con:name>
          <con:value>1621</con:value>
        </con:property>
        <con:property>
          <con:name>res_biId</con:name>
          <con:value>1621</con:value>
        </con:property>
        <con:property>
          <con:name>res_code</con:name>
          <con:value xsi:nil="true"/>
        </con:property>
        <con:property>
          <con:name>res_errorMessage</con:name>
          <con:value xsi:nil="true"/>
        </con:property>
      </con:properties>
      <con:returnProperties>
        <con:entry>res_biId</con:entry>
        <con:entry>res_code</con:entry>
        <con:entry>res_errorMessage</con:entry>
      </con:returnProperties>
      <con:runMode>PARALLELL</con:runMode>
    </con:config>
  </con:testStep>
  <con:testStep type="assertionteststep" name="Assert bi is submitted to ongoing state" id="0a53d7fb-5e0a-4bf5-bc3d-c0f3b54379e9">
    <con:settings/>
    <con:config xsi:type="con:AssertionTestStep" xmlns:xsi="http://www.w3.org/2001/XMLSchema-instance">
      <con:entry>
        <con:id>b58023dd-b4ca-4902-b562-90dfc76107d3</con:id>
        <con:isGroup>false</con:isGroup>
        <con:sourceId>245aad03-2ad3-404b-9734-6bdfb4f56ff2</con:sourceId>
        <con:propertyName>res_biId</con:propertyName>
        <con:assertion type="Simple Contains" name="Contains" id="6fca7ce6-7340-43e2-bc88-463b63f87631">
          <con:configuration>
            <token>\d+</token>
            <ignoreCase>false</ignoreCase>
            <useRegEx>true</useRegEx>
          </con:configuration>
        </con:assertion>
      </con:entry>
    </con:config>
  </con:testStep>
  <con:testStep type="transfer" name="Set bi to cancel" id="964e1028-a2a4-4167-9f2e-f8b04d7fc175">
    <con:settings/>
    <con:config xsi:type="con:PropertyTransfersStep" xmlns:xsi="http://www.w3.org/2001/XMLSchema-instance">
      <con:transfers setNullOnMissingSource="true" transferTextContent="true" failOnError="true" ignoreEmpty="false" transferToAll="false" entitize="false" transferChildNodes="false">
        <con:name>biId</con:name>
        <con:sourceType>res_id</con:sourceType>
        <con:sourceStep>Create starter pack business interaction without session</con:sourceStep>
        <con:sourcePath/>
        <con:targetType>req_biId</con:targetType>
        <con:targetStep>Cancel starter pack business interaction</con:targetStep>
        <con:targetPath/>
        <con:upgraded>true</con:upgraded>
      </con:transfers>
    </con:config>
  </con:testStep>
  <con:testStep type="calltestcase" name="Cancel starter pack business interaction" id="80477734-4878-453d-96bd-a265c548f648">
    <con:settings/>
    <con:config xsi:type="con:RunTestCaseStep" xmlns:xsi="http://www.w3.org/2001/XMLSchema-instance">
      <con:targetTestCase>316c2bc1-8aa2-4c8e-8fa6-249202b8cad5</con:targetTestCase>
      <con:properties>
        <con:property>
          <con:name>req_biId</con:name>
          <con:value>1621</con:value>
        </con:property>
        <con:property>
          <con:name>res_code</con:name>
          <con:value xsi:nil="true"/>
        </con:property>
        <con:property>
          <con:name>res_errorMessage</con:name>
          <con:value xsi:nil="true"/>
        </con:property>
      </con:properties>
      <con:returnProperties>
        <con:entry>res_code</con:entry>
        <con:entry>res_errorMessage</con:entry>
      </con:returnProperties>
      <con:runMode>PARALLELL</con:runMode>
    </con:config>
  </con:testStep>
  <con:testStep type="assertionteststep" name="Assert bi is canceled successfully" id="40a104d2-7d1b-4375-878e-9a9d3ec0071c">
    <con:settings/>
    <con:config xsi:type="con:AssertionTestStep" xmlns:xsi="http://www.w3.org/2001/XMLSchema-instance">
      <con:entry>
        <con:id>ee85e146-ebc5-4e4f-9d4e-c69bc86f387d</con:id>
        <con:isGroup>false</con:isGroup>
        <con:sourceId>80477734-4878-453d-96bd-a265c548f648</con:sourceId>
        <con:propertyName>res_errorMessage</con:propertyName>
        <con:assertion type="Simple Contains" name="Contains" id="e66f5b0f-4026-42d0-a289-696f887d7b02">
          <con:configuration>
            <token>^\s*$</token>
            <ignoreCase>false</ignoreCase>
            <useRegEx>true</useRegEx>
          </con:configuration>
        </con:assertion>
      </con:entry>
    </con:config>
  </con:testStep>
  <con:testStep type="transfer" name="Set product spec for stock level control 3" id="22f9663a-a015-46b3-94ec-005d11bbfee7">
    <con:settings/>
    <con:config xsi:type="con:PropertyTransfersStep" xmlns:xsi="http://www.w3.org/2001/XMLSchema-instance">
      <con:transfers setNullOnMissingSource="true" transferTextContent="true" failOnError="true" ignoreEmpty="false" transferToAll="false" entitize="false" transferChildNodes="false">
        <con:name>placeId</con:name>
        <con:sourceType>res_placeId</con:sourceType>
        <con:sourceStep>Create sales organization, user, inventory and terminal and place</con:sourceStep>
        <con:sourcePath/>
        <con:targetType>req_placeId</con:targetType>
        <con:targetStep>Display stock level for sims 3</con:targetStep>
        <con:targetPath/>
        <con:upgraded>true</con:upgraded>
      </con:transfers>
      <con:transfers setNullOnMissingSource="true" transferTextContent="true" failOnError="true" ignoreEmpty="false" transferToAll="false" entitize="false" transferChildNodes="false">
        <con:name>productSpecExtId</con:name>
        <con:sourceType>simSpecExtID</con:sourceType>
        <con:sourceStep>Given properties for the test steps</con:sourceStep>
        <con:targetType>req_productSpecificationExternalId</con:targetType>
        <con:targetStep>Display stock level for sims 3</con:targetStep>
        <con:upgraded>true</con:upgraded>
      </con:transfers>
      <con:transfers setNullOnMissingSource="true" transferTextContent="true" failOnError="true" ignoreEmpty="false" transferToAll="false" entitize="false" transferChildNodes="false">
        <con:name>productStatus</con:name>
        <con:sourceType>nonSellableProductStatus</con:sourceType>
        <con:sourceStep>Given properties for the test steps</con:sourceStep>
        <con:targetType>req_productStatus</con:targetType>
        <con:targetStep>Display stock level for sims 3</con:targetStep>
        <con:upgraded>true</con:upgraded>
      </con:transfers>
    </con:config>
  </con:testStep>
  <con:testStep type="calltestcase" name="Display stock level for sims 3" id="125b03ce-c833-42cf-b64d-1d767a2ba507">
    <con:settings/>
    <con:config xsi:type="con:RunTestCaseStep" xmlns:xsi="http://www.w3.org/2001/XMLSchema-instance">
      <con:targetTestCase>ae70f14b-9b62-4330-9f1f-32535bcddc8b</con:targetTestCase>
      <con:properties>
        <con:property>
          <con:name>req_placeId</con:name>
          <con:value>34</con:value>
        </con:property>
        <con:property>
          <con:name>req_productSpecCode</con:name>
        </con:property>
        <con:property>
          <con:name>req_productSpecArticle</con:name>
        </con:property>
        <con:property>
          <con:name>req_productStatus</con:name>
          <con:value>4</con:value>
        </con:property>
        <con:property>
          <con:name>req_includeLocked</con:name>
        </con:property>
        <con:property>
          <con:name>req_productSpecificationExternalId</con:name>
          <con:value>EXT-SIM-1</con:value>
        </con:property>
        <con:property>
          <con:name>res_placeId</con:name>
          <con:value>34</con:value>
        </con:property>
        <con:property>
          <con:name>res_productSpecificationId</con:name>
          <con:value>7</con:value>
        </con:property>
        <con:property>
          <con:name>res_productSpecificationExternalId</con:name>
          <con:value>EXT-SIM-1</con:value>
        </con:property>
        <con:property>
          <con:name>res_quantity</con:name>
          <con:value>2</con:value>
        </con:property>
        <con:property>
          <con:name>res_salesOrganizationId</con:name>
          <con:value>64</con:value>
        </con:property>
        <con:property>
          <con:name>res_totalQuantity</con:name>
          <con:value>2</con:value>
        </con:property>
        <con:property>
          <con:name>res_reservedQuantity</con:name>
          <con:value>0</con:value>
        </con:property>
        <con:property>
          <con:name>req_productId</con:name>
        </con:property>
        <con:property>
          <con:name>res_code</con:name>
        </con:property>
        <con:property>
          <con:name>req_productSerialNumber</con:name>
        </con:property>
        <con:property>
          <con:name>req_productSerialText</con:name>
        </con:property>
        <con:property>
          <con:name>req_productSpecificationId</con:name>
        </con:property>
        <con:property>
          <con:name>req_parentSerialNumberText</con:name>
        </con:property>
        <con:property>
          <con:name>req_batchId</con:name>
        </con:property>
        <con:property>
          <con:name>req_country</con:name>
        </con:property>
        <con:property>
          <con:name>req_state</con:name>
        </con:property>
        <con:property>
          <con:name>req_city</con:name>
        </con:property>
        <con:property>
          <con:name>req_regionId</con:name>
        </con:property>
        <con:property>
          <con:name>res_fullResponse</con:name>
        </con:property>
        <con:property>
          <con:name>res_errorMessage</con:name>
        </con:property>
      </con:properties>
      <con:returnProperties>
        <con:entry>res_placeId</con:entry>
        <con:entry>res_productSpecificationId</con:entry>
        <con:entry>res_productSpecificationExternalId</con:entry>
        <con:entry>res_quantity</con:entry>
        <con:entry>res_salesOrganizationId</con:entry>
        <con:entry>res_totalQuantity</con:entry>
        <con:entry>res_reservedQuantity</con:entry>
      </con:returnProperties>
      <con:runMode>PARALLELL</con:runMode>
    </con:config>
  </con:testStep>
  <con:testStep type="assertionteststep" name="Assert sims are released" id="c6270fb7-af83-4f5b-8f6b-5e8740c13dda">
    <con:settings/>
    <con:config xsi:type="con:AssertionTestStep" xmlns:xsi="http://www.w3.org/2001/XMLSchema-instance">
      <con:entry>
        <con:id>61551825-630f-451c-a99a-cdbef5f8247f</con:id>
        <con:isGroup>false</con:isGroup>
        <con:sourceId>125b03ce-c833-42cf-b64d-1d767a2ba507</con:sourceId>
        <con:propertyName>res_totalQuantity</con:propertyName>
        <con:assertion type="Simple Equals" name="Equals" id="0ea8cf27-a363-4733-9045-02c7f4e74da9">
          <con:configuration>
            <patternText>2</patternText>
            <caseSensitive>true</caseSensitive>
          </con:configuration>
        </con:assertion>
      </con:entry>
      <con:entry>
        <con:id>cdc70b21-0ccf-4cdd-9608-1bc210998154</con:id>
        <con:isGroup>false</con:isGroup>
        <con:sourceId>125b03ce-c833-42cf-b64d-1d767a2ba507</con:sourceId>
        <con:propertyName>res_reservedQuantity</con:propertyName>
        <con:assertion type="Simple Equals" name="Equals 2" id="e96ea20a-181b-4802-8127-60287210a68a">
          <con:configuration>
            <patternText>0</patternText>
            <caseSensitive>true</caseSensitive>
          </con:configuration>
        </con:assertion>
      </con:entry>
    </con:config>
  </con:testStep>
  <con:testStep type="transfer" name="Set productId to display lockedBy3" id="dd2ede81-a6e0-4e89-b469-e9cb5a78b1a6">
    <con:settings/>
    <con:config xsi:type="con:PropertyTransfersStep" xmlns:xsi="http://www.w3.org/2001/XMLSchema-instance">
      <con:transfers setNullOnMissingSource="true" transferTextContent="true" failOnError="true" ignoreEmpty="false" transferToAll="false" entitize="false" transferChildNodes="false">
        <con:name>productId</con:name>
        <con:sourceType>req_productId</con:sourceType>
        <con:sourceStep>Display lockedBy</con:sourceStep>
        <con:sourcePath/>
        <con:targetType>req_productId</con:targetType>
        <con:targetStep>Display lockedBy3</con:targetStep>
        <con:targetPath/>
        <con:upgraded>true</con:upgraded>
      </con:transfers>
    </con:config>
  </con:testStep>
  <con:testStep type="calltestcase" name="Display lockedBy3" id="7bd02391-2760-4c3f-a350-4aef906bed8f">
    <con:settings/>
    <con:config xsi:type="con:RunTestCaseStep" xmlns:xsi="http://www.w3.org/2001/XMLSchema-instance">
      <con:targetTestCase>102e2d7b-c4cf-4f53-b777-f08cad671a15</con:targetTestCase>
      <con:properties>
        <con:property>
          <con:name>req_productId</con:name>
          <con:value>28</con:value>
        </con:property>
        <con:property>
          <con:name>res_id</con:name>
          <con:value>28</con:value>
        </con:property>
        <con:property>
          <con:name>res_code</con:name>
          <con:value>200</con:value>
        </con:property>
        <con:property>
          <con:name>res_lockedByBiId</con:name>
          <con:value xsi:nil="true"/>
        </con:property>
        <con:property>
          <con:name>res_lockedByBiItemId</con:name>
          <con:value xsi:nil="true"/>
        </con:property>
        <con:property>
          <con:name>req_prodSpecExtId</con:name>
        </con:property>
        <con:property>
          <con:name>res_startSerialNumber</con:name>
        </con:property>
        <con:property>
          <con:name>res_endSerialNumber</con:name>
        </con:property>
        <con:property>
          <con:name>res_quantity</con:name>
        </con:property>
      </con:properties>
      <con:returnProperties>
        <con:entry>res_id</con:entry>
        <con:entry>res_code</con:entry>
        <con:entry>res_lockedByBiId</con:entry>
        <con:entry>res_lockedByBiItemId</con:entry>
      </con:returnProperties>
      <con:runMode>PARALLELL</con:runMode>
    </con:config>
  </con:testStep>
  <con:testStep type="assertionteststep" name="Assertion products are unlocked 2" id="00df5c95-d9b4-49bf-84ef-bc0055940b6e">
    <con:settings/>
    <con:config xsi:type="con:AssertionTestStep" xmlns:xsi="http://www.w3.org/2001/XMLSchema-instance">
      <con:entry>
        <con:id>15185970-c1ea-4bbe-a75d-35d515a1eb7b</con:id>
        <con:isGroup>false</con:isGroup>
        <con:sourceId>7bd02391-2760-4c3f-a350-4aef906bed8f</con:sourceId>
        <con:propertyName>res_code</con:propertyName>
        <con:assertion type="Simple Contains" name="Contains" id="d0f14cd0-cb71-44a4-b50e-9be2497235d7">
          <con:configuration>
            <token>200</token>
            <ignoreCase>false</ignoreCase>
            <useRegEx>true</useRegEx>
          </con:configuration>
        </con:assertion>
      </con:entry>
      <con:entry>
        <con:id>ad3b4fe0-04b8-4dac-bddf-1aca15043f26</con:id>
        <con:isGroup>false</con:isGroup>
        <con:sourceId>7bd02391-2760-4c3f-a350-4aef906bed8f</con:sourceId>
        <con:propertyName>res_lockedByBiId</con:propertyName>
        <con:assertion type="Simple Contains" name="Contains 2" id="9c1ea9a7-97c8-4ba7-8bcc-252660a1fd1a">
          <con:configuration>
            <token>^\s*$</token>
            <ignoreCase>false</ignoreCase>
            <useRegEx>true</useRegEx>
          </con:configuration>
        </con:assertion>
      </con:entry>
      <con:entry>
        <con:id>9f2fb000-fcca-40bd-84c9-b27d2a19a45b</con:id>
        <con:isGroup>false</con:isGroup>
        <con:sourceId>7bd02391-2760-4c3f-a350-4aef906bed8f</con:sourceId>
        <con:propertyName>res_lockedByBiItemId</con:propertyName>
        <con:assertion type="Simple Contains" name="Contains 3" id="618ef989-9a95-4dc2-9ff5-4ffa2ee43d0f">
          <con:configuration>
            <token>^\s*$</token>
            <ignoreCase>false</ignoreCase>
            <useRegEx>true</useRegEx>
          </con:configuration>
        </con:assertion>
      </con:entry>
    </con:config>
  </con:testStep>
  <con:testStep type="transfer" name="Set display starter pack bi" id="7f24bf63-6352-4642-9186-9497fbdac0c8">
    <con:settings/>
    <con:config xsi:type="con:PropertyTransfersStep" xmlns:xsi="http://www.w3.org/2001/XMLSchema-instance">
      <con:transfers setNullOnMissingSource="true" transferTextContent="true" failOnError="true" ignoreEmpty="false" transferToAll="false" entitize="false" transferChildNodes="false">
        <con:name>biId</con:name>
        <con:sourceType>res_id</con:sourceType>
        <con:sourceStep>Create starter pack business interaction without session</con:sourceStep>
        <con:sourcePath/>
        <con:targetType>req_biId</con:targetType>
        <con:targetStep>Display starter pack bi</con:targetStep>
        <con:targetPath/>
        <con:upgraded>true</con:upgraded>
      </con:transfers>
    </con:config>
  </con:testStep>
  <con:testStep type="calltestcase" name="Display starter pack bi" id="12599b1c-842b-444b-9e6e-2ea167cda22e">
    <con:settings/>
    <con:config xsi:type="con:RunTestCaseStep" xmlns:xsi="http://www.w3.org/2001/XMLSchema-instance">
      <con:targetTestCase>8005a530-0459-477c-8eca-dd8284815cd4</con:targetTestCase>
      <con:properties>
        <con:property>
          <con:name>req_biId</con:name>
          <con:value>1621</con:value>
        </con:property>
        <con:property>
          <con:name>res_biId</con:name>
          <con:value>1621</con:value>
        </con:property>
        <con:property>
          <con:name>res_mainState</con:name>
        </con:property>
        <con:property>
          <con:name>res_subState</con:name>
        </con:property>
      </con:properties>
      <con:returnProperties>
        <con:entry>res_biId</con:entry>
      </con:returnProperties>
      <con:runMode>PARALLELL</con:runMode>
    </con:config>
  </con:testStep>
  <con:testStep type="assertionteststep" name="Assertion display starter pack bi" id="da497d63-1b9a-4aeb-aa96-3cb0404c04db">
    <con:settings/>
    <con:config xsi:type="con:AssertionTestStep" xmlns:xsi="http://www.w3.org/2001/XMLSchema-instance">
      <con:entry>
        <con:id>d36e6516-97f7-40fd-a3d9-8d24e053a6c0</con:id>
        <con:isGroup>false</con:isGroup>
        <con:sourceId>12599b1c-842b-444b-9e6e-2ea167cda22e</con:sourceId>
        <con:propertyName>res_biId</con:propertyName>
        <con:assertion type="Simple Equals" name="Equals" id="fbc60e2d-697d-4f33-a14d-52b3f5242118">
          <con:configuration>
            <patternObjectId>12599b1c-842b-444b-9e6e-2ea167cda22e</patternObjectId>
            <patternProperty>req_biId</patternProperty>
            <caseSensitive>true</caseSensitive>
          </con:configuration>
        </con:assertion>
      </con:entry>
    </con:config>
  </con:testStep>
  <con:testStep type="transfer" name="Set product spec for stock level control 2" id="a8595e3d-fea9-48ea-8d4e-cea69257c06c">
    <con:settings/>
    <con:config xsi:type="con:PropertyTransfersStep" xmlns:xsi="http://www.w3.org/2001/XMLSchema-instance">
      <con:transfers setNullOnMissingSource="true" transferTextContent="true" failOnError="true" ignoreEmpty="false" transferToAll="false" entitize="false" transferChildNodes="false">
        <con:name>placeId</con:name>
        <con:sourceType>res_placeId</con:sourceType>
        <con:sourceStep>Create sales organization, user, inventory and terminal and place</con:sourceStep>
        <con:sourcePath/>
        <con:targetType>req_placeId</con:targetType>
        <con:targetStep>Display stock level for sims 2</con:targetStep>
        <con:targetPath/>
        <con:upgraded>true</con:upgraded>
      </con:transfers>
      <con:transfers setNullOnMissingSource="true" transferTextContent="true" failOnError="true" ignoreEmpty="false" transferToAll="false" entitize="false" transferChildNodes="false">
        <con:name>productSpecExtId</con:name>
        <con:sourceType>simSpecExtID</con:sourceType>
        <con:sourceStep>Given properties for the test steps</con:sourceStep>
        <con:targetType>req_productSpecificationExternalId</con:targetType>
        <con:targetStep>Display stock level for sims 2</con:targetStep>
        <con:upgraded>true</con:upgraded>
      </con:transfers>
      <con:transfers setNullOnMissingSource="true" transferTextContent="true" failOnError="true" ignoreEmpty="false" transferToAll="false" entitize="false" transferChildNodes="false">
        <con:name>productStatus</con:name>
        <con:sourceType>nonSellableProductStatus</con:sourceType>
        <con:sourceStep>Given properties for the test steps</con:sourceStep>
        <con:targetType>req_productStatus</con:targetType>
        <con:targetStep>Display stock level for sims 2</con:targetStep>
        <con:upgraded>true</con:upgraded>
      </con:transfers>
    </con:config>
  </con:testStep>
  <con:testStep type="transfer" name="Set reserve SIM's request to bi which is canceled" id="a1c67633-e340-4ecb-ae9c-8d9401548ca6">
    <con:settings/>
    <con:config xsi:type="con:PropertyTransfersStep" xmlns:xsi="http://www.w3.org/2001/XMLSchema-instance">
      <con:transfers setNullOnMissingSource="true" transferTextContent="true" failOnError="true" ignoreEmpty="false" transferToAll="false" entitize="false" transferChildNodes="false">
        <con:name>startICCID</con:name>
        <con:sourceType>res_startSerial</con:sourceType>
        <con:sourceStep>Create sim products</con:sourceStep>
        <con:sourcePath/>
        <con:targetType>req_startICCD</con:targetType>
        <con:targetStep>Reserve SIMs to bi which is canceled</con:targetStep>
        <con:targetPath/>
        <con:upgraded>true</con:upgraded>
      </con:transfers>
      <con:transfers setNullOnMissingSource="true" transferTextContent="true" failOnError="true" ignoreEmpty="false" transferToAll="false" entitize="false" transferChildNodes="false">
        <con:name>endICCID</con:name>
        <con:sourceType>res_endSerial</con:sourceType>
        <con:sourceStep>Create sim products</con:sourceStep>
        <con:targetType>req_endICCID</con:targetType>
        <con:targetStep>Reserve SIMs to bi which is canceled</con:targetStep>
        <con:upgraded>true</con:upgraded>
      </con:transfers>
      <con:transfers setNullOnMissingSource="true" transferTextContent="true" failOnError="true" ignoreEmpty="false" transferToAll="false" entitize="false" transferChildNodes="false">
        <con:name>simSpecExtId</con:name>
        <con:sourceType>simSpecExtID</con:sourceType>
        <con:sourceStep>Given properties for the test steps</con:sourceStep>
        <con:targetType>req_simSpecificationExternalId</con:targetType>
        <con:targetStep>Reserve SIMs to bi which is canceled</con:targetStep>
        <con:upgraded>true</con:upgraded>
      </con:transfers>
      <con:transfers setNullOnMissingSource="true" transferTextContent="true" failOnError="true" ignoreEmpty="false" transferToAll="false" entitize="false" transferChildNodes="false">
        <con:name>quantity</con:name>
        <con:sourceType>validQuantity</con:sourceType>
        <con:sourceStep>Given properties for the test steps</con:sourceStep>
        <con:targetType>req_requestedQuantity</con:targetType>
        <con:targetStep>Reserve SIMs to bi which is canceled</con:targetStep>
        <con:upgraded>true</con:upgraded>
      </con:transfers>
      <con:transfers setNullOnMissingSource="true" transferTextContent="true" failOnError="true" ignoreEmpty="false" transferToAll="false" entitize="false" transferChildNodes="false">
        <con:name>placeId</con:name>
        <con:sourceType>req_placeId</con:sourceType>
        <con:sourceStep>#TestCase#</con:sourceStep>
        <con:targetType>req_placeId</con:targetType>
        <con:targetStep>Reserve SIMs to bi which is canceled</con:targetStep>
        <con:upgraded>true</con:upgraded>
      </con:transfers>
      <con:transfers setNullOnMissingSource="true" transferTextContent="true" failOnError="true" ignoreEmpty="false" transferToAll="false" entitize="false" transferChildNodes="false">
        <con:name>biId</con:name>
        <con:sourceType>res_id</con:sourceType>
        <con:sourceStep>Create starter pack business interaction without session</con:sourceStep>
        <con:targetType>req_biId</con:targetType>
        <con:targetStep>Reserve SIMs to bi which is canceled</con:targetStep>
        <con:upgraded>true</con:upgraded>
      </con:transfers>
    </con:config>
  </con:testStep>
  <con:testStep type="calltestcase" name="Reserve SIMs to bi which is canceled" id="52fe70d1-df3e-4910-a6ca-a661810725af">
    <con:settings/>
    <con:config xsi:type="con:RunTestCaseStep" xmlns:xsi="http://www.w3.org/2001/XMLSchema-instance">
      <con:targetTestCase>06a90684-e6bc-45c1-a3fd-05f9e6abe346</con:targetTestCase>
      <con:properties>
        <con:property>
          <con:name>req_startICCD</con:name>
          <con:value>10000000000001695451</con:value>
        </con:property>
        <con:property>
          <con:name>req_endICCID</con:name>
          <con:value>10000000000001695461</con:value>
        </con:property>
        <con:property>
          <con:name>req_simSpecificationExternalId</con:name>
          <con:value>EXT-SIM-1</con:value>
        </con:property>
        <con:property>
          <con:name>req_requestedQuantity</con:name>
          <con:value>2</con:value>
        </con:property>
        <con:property>
          <con:name>req_placeId</con:name>
          <con:value>34</con:value>
        </con:property>
        <con:property>
          <con:name>res_iccids</con:name>
          <con:value xsi:nil="true"/>
        </con:property>
        <con:property>
          <con:name>res_code</con:name>
          <con:value>INVALID_STATE_OPERATION</con:value>
        </con:property>
        <con:property>
          <con:name>res_errorMessage</con:name>
          <con:value>INVALID_STATE_OPERATION</con:value>
        </con:property>
        <con:property>
          <con:name>req_biId</con:name>
          <con:value>1621</con:value>
        </con:property>
      </con:properties>
      <con:returnProperties>
        <con:entry>res_iccids</con:entry>
        <con:entry>res_code</con:entry>
        <con:entry>res_errorMessage</con:entry>
      </con:returnProperties>
      <con:runMode>PARALLELL</con:runMode>
    </con:config>
  </con:testStep>
  <con:testStep type="assertionteststep" name="Assert sims are not reserved to bi which is canceled" id="dfb7e719-64ad-460e-91de-62655ec9c2a4">
    <con:settings/>
    <con:config xsi:type="con:AssertionTestStep" xmlns:xsi="http://www.w3.org/2001/XMLSchema-instance">
      <con:entry>
        <con:id>501ab5f9-223e-4706-9a4b-7ec868b59b5f</con:id>
        <con:isGroup>false</con:isGroup>
        <con:sourceId>52fe70d1-df3e-4910-a6ca-a661810725af</con:sourceId>
        <con:propertyName>res_errorMessage</con:propertyName>
        <con:assertion type="Simple Contains" name="Contains" id="98fe8b21-2d22-489e-a1e1-5a47cbfc488e">
          <con:configuration>
            <token>\w+</token>
            <ignoreCase>false</ignoreCase>
            <useRegEx>true</useRegEx>
          </con:configuration>
        </con:assertion>
      </con:entry>
      <con:entry>
        <con:id>97ae68b0-c623-4bb8-a49d-a7b9c7f7a8df</con:id>
        <con:isGroup>false</con:isGroup>
        <con:sourceId>52fe70d1-df3e-4910-a6ca-a661810725af</con:sourceId>
        <con:propertyName>res_errorMessage</con:propertyName>
        <con:assertion type="Simple Equals" name="Equals" id="ec542899-3a4b-47b2-93dc-38987dd0e1a3">
          <con:configuration>
            <patternObjectId>dbdd4b32-9272-4e3c-9e1d-67bcb95c1e45</patternObjectId>
            <patternProperty>error_invalid_state_operation</patternProperty>
            <caseSensitive>true</caseSensitive>
          </con:configuration>
        </con:assertion>
      </con:entry>
    </con:config>
  </con:testStep>
  <con:testStep type="calltestcase" name="Display stock level for sims 2" id="5433a092-ad1e-4013-9c96-eb8e9d0c81e4">
    <con:settings/>
    <con:config xsi:type="con:RunTestCaseStep" xmlns:xsi="http://www.w3.org/2001/XMLSchema-instance">
      <con:targetTestCase>ae70f14b-9b62-4330-9f1f-32535bcddc8b</con:targetTestCase>
      <con:properties>
        <con:property>
          <con:name>req_placeId</con:name>
          <con:value>34</con:value>
        </con:property>
        <con:property>
          <con:name>req_productSpecCode</con:name>
        </con:property>
        <con:property>
          <con:name>req_productSpecArticle</con:name>
        </con:property>
        <con:property>
          <con:name>req_productStatus</con:name>
          <con:value>4</con:value>
        </con:property>
        <con:property>
          <con:name>req_includeLocked</con:name>
        </con:property>
        <con:property>
          <con:name>req_productSpecificationExternalId</con:name>
          <con:value>EXT-SIM-1</con:value>
        </con:property>
        <con:property>
          <con:name>res_placeId</con:name>
          <con:value>34</con:value>
        </con:property>
        <con:property>
          <con:name>res_productSpecificationId</con:name>
          <con:value>7</con:value>
        </con:property>
        <con:property>
          <con:name>res_productSpecificationExternalId</con:name>
          <con:value>EXT-SIM-1</con:value>
        </con:property>
        <con:property>
          <con:name>res_quantity</con:name>
          <con:value>2</con:value>
        </con:property>
        <con:property>
          <con:name>res_salesOrganizationId</con:name>
          <con:value>64</con:value>
        </con:property>
        <con:property>
          <con:name>res_totalQuantity</con:name>
          <con:value>2</con:value>
        </con:property>
        <con:property>
          <con:name>res_reservedQuantity</con:name>
          <con:value>0</con:value>
        </con:property>
        <con:property>
          <con:name>req_productId</con:name>
        </con:property>
        <con:property>
          <con:name>res_code</con:name>
        </con:property>
        <con:property>
          <con:name>req_productSerialNumber</con:name>
        </con:property>
        <con:property>
          <con:name>req_productSerialText</con:name>
        </con:property>
        <con:property>
          <con:name>req_productSpecificationId</con:name>
        </con:property>
        <con:property>
          <con:name>req_parentSerialNumberText</con:name>
        </con:property>
        <con:property>
          <con:name>req_batchId</con:name>
        </con:property>
        <con:property>
          <con:name>req_country</con:name>
        </con:property>
        <con:property>
          <con:name>req_state</con:name>
        </con:property>
        <con:property>
          <con:name>req_city</con:name>
        </con:property>
        <con:property>
          <con:name>req_regionId</con:name>
        </con:property>
        <con:property>
          <con:name>res_fullResponse</con:name>
        </con:property>
        <con:property>
          <con:name>res_errorMessage</con:name>
        </con:property>
      </con:properties>
      <con:returnProperties>
        <con:entry>res_placeId</con:entry>
        <con:entry>res_productSpecificationId</con:entry>
        <con:entry>res_productSpecificationExternalId</con:entry>
        <con:entry>res_quantity</con:entry>
        <con:entry>res_salesOrganizationId</con:entry>
        <con:entry>res_totalQuantity</con:entry>
        <con:entry>res_reservedQuantity</con:entry>
      </con:returnProperties>
      <con:runMode>PARALLELL</con:runMode>
    </con:config>
  </con:testStep>
  <con:testStep type="assertionteststep" name="Assert sims are not reserved 3" id="69e99bf6-5a1f-43bd-89c7-7f9a5995437f">
    <con:settings/>
    <con:config xsi:type="con:AssertionTestStep" xmlns:xsi="http://www.w3.org/2001/XMLSchema-instance">
      <con:entry>
        <con:id>bf19bbcd-8bfc-4e1d-831d-b6da14fcfb12</con:id>
        <con:isGroup>false</con:isGroup>
        <con:sourceId>5433a092-ad1e-4013-9c96-eb8e9d0c81e4</con:sourceId>
        <con:propertyName>res_totalQuantity</con:propertyName>
        <con:assertion type="Simple Equals" name="Equals" id="7f19bf59-6090-4676-8f0d-d219df70e281">
          <con:configuration>
            <patternText>2</patternText>
            <caseSensitive>true</caseSensitive>
          </con:configuration>
        </con:assertion>
      </con:entry>
      <con:entry>
        <con:id>6d725d98-4a6d-4aaa-b92d-4ef1d9557a3a</con:id>
        <con:isGroup>false</con:isGroup>
        <con:sourceId>5433a092-ad1e-4013-9c96-eb8e9d0c81e4</con:sourceId>
        <con:propertyName>res_reservedQuantity</con:propertyName>
        <con:assertion type="Simple Equals" name="Equals 2" id="2282ca11-39d2-40ce-9c72-edfc6612ce51">
          <con:configuration>
            <patternText>0</patternText>
            <caseSensitive>true</caseSensitive>
          </con:configuration>
        </con:assertion>
      </con:entry>
    </con:config>
  </con:testStep>
  <con:testStep type="transfer" name="Set productId to display lockedBy4" id="5c15fe48-e174-415c-9a8a-bbffe66b877e">
    <con:settings/>
    <con:config xsi:type="con:PropertyTransfersStep" xmlns:xsi="http://www.w3.org/2001/XMLSchema-instance">
      <con:transfers setNullOnMissingSource="true" transferTextContent="true" failOnError="true" ignoreEmpty="false" transferToAll="false" entitize="false" transferChildNodes="false">
        <con:name>productId</con:name>
        <con:sourceType>req_productId</con:sourceType>
        <con:sourceStep>Display lockedBy</con:sourceStep>
        <con:sourcePath/>
        <con:targetType>req_productId</con:targetType>
        <con:targetStep>Display lockedBy4</con:targetStep>
        <con:targetPath/>
        <con:upgraded>true</con:upgraded>
      </con:transfers>
    </con:config>
  </con:testStep>
  <con:testStep type="calltestcase" name="Display lockedBy4" id="f44239db-a542-46a5-8834-2e9ca370759c">
    <con:settings/>
    <con:config xsi:type="con:RunTestCaseStep" xmlns:xsi="http://www.w3.org/2001/XMLSchema-instance">
      <con:targetTestCase>102e2d7b-c4cf-4f53-b777-f08cad671a15</con:targetTestCase>
      <con:properties>
        <con:property>
          <con:name>req_productId</con:name>
          <con:value>28</con:value>
        </con:property>
        <con:property>
          <con:name>res_id</con:name>
          <con:value>28</con:value>
        </con:property>
        <con:property>
          <con:name>res_code</con:name>
          <con:value>200</con:value>
        </con:property>
        <con:property>
          <con:name>res_lockedByBiId</con:name>
          <con:value xsi:nil="true"/>
        </con:property>
        <con:property>
          <con:name>res_lockedByBiItemId</con:name>
          <con:value xsi:nil="true"/>
        </con:property>
        <con:property>
          <con:name>req_prodSpecExtId</con:name>
        </con:property>
        <con:property>
          <con:name>res_startSerialNumber</con:name>
        </con:property>
        <con:property>
          <con:name>res_endSerialNumber</con:name>
        </con:property>
        <con:property>
          <con:name>res_quantity</con:name>
        </con:property>
      </con:properties>
      <con:returnProperties>
        <con:entry>res_id</con:entry>
        <con:entry>res_code</con:entry>
        <con:entry>res_lockedByBiId</con:entry>
        <con:entry>res_lockedByBiItemId</con:entry>
      </con:returnProperties>
      <con:runMode>PARALLELL</con:runMode>
    </con:config>
  </con:testStep>
  <con:testStep type="assertionteststep" name="Assertion products are unlocked 3" id="89c0487b-6db3-4453-bd84-5b545807f376">
    <con:settings/>
    <con:config xsi:type="con:AssertionTestStep" xmlns:xsi="http://www.w3.org/2001/XMLSchema-instance">
      <con:entry>
        <con:id>fd7e5aa9-9cb2-48ed-8883-6cc689c3f45d</con:id>
        <con:isGroup>false</con:isGroup>
        <con:sourceId>f44239db-a542-46a5-8834-2e9ca370759c</con:sourceId>
        <con:propertyName>res_code</con:propertyName>
        <con:assertion type="Simple Contains" name="Contains" id="3bf10702-644e-4abc-b5cf-1cb3788aa836">
          <con:configuration>
            <token>200</token>
            <ignoreCase>false</ignoreCase>
            <useRegEx>true</useRegEx>
          </con:configuration>
        </con:assertion>
      </con:entry>
      <con:entry>
        <con:id>0b1cf45c-c616-4f76-a2ae-5c5e51568f9d</con:id>
        <con:isGroup>false</con:isGroup>
        <con:sourceId>f44239db-a542-46a5-8834-2e9ca370759c</con:sourceId>
        <con:propertyName>res_lockedByBiId</con:propertyName>
        <con:assertion type="Simple Contains" name="Contains 2" id="a1325b4b-39e7-47fb-9014-c5be1fded8f2">
          <con:configuration>
            <token>^\s*$</token>
            <ignoreCase>false</ignoreCase>
            <useRegEx>true</useRegEx>
          </con:configuration>
        </con:assertion>
      </con:entry>
      <con:entry>
        <con:id>838fbc00-f10c-4956-a33b-2b4ce2d6a5d5</con:id>
        <con:isGroup>false</con:isGroup>
        <con:sourceId>f44239db-a542-46a5-8834-2e9ca370759c</con:sourceId>
        <con:propertyName>res_lockedByBiItemId</con:propertyName>
        <con:assertion type="Simple Contains" name="Contains 3" id="60aec3b9-46d3-4723-a895-5540910b1260">
          <con:configuration>
            <token>^\s*$</token>
            <ignoreCase>false</ignoreCase>
            <useRegEx>true</useRegEx>
          </con:configuration>
        </con:assertion>
      </con:entry>
    </con:config>
  </con:testStep>
  <con:testStep type="transfer" name="Set bi parameters to create bi successfully2" id="3663a6b3-c46a-478c-afa5-cdde070dfc4e">
    <con:settings/>
    <con:config xsi:type="con:PropertyTransfersStep" xmlns:xsi="http://www.w3.org/2001/XMLSchema-instance">
      <con:transfers setNullOnMissingSource="true" transferTextContent="true" failOnError="true" ignoreEmpty="false" transferToAll="false" entitize="false" transferChildNodes="false">
        <con:name>biSpec</con:name>
        <con:sourceType>biSpec</con:sourceType>
        <con:sourceStep>Given properties for the test steps</con:sourceStep>
        <con:sourcePath/>
        <con:targetType>req_biSpec</con:targetType>
        <con:targetStep>Create starter pack business interaction without session</con:targetStep>
        <con:targetPath/>
        <con:upgraded>true</con:upgraded>
      </con:transfers>
      <con:transfers setNullOnMissingSource="true" transferTextContent="true" failOnError="true" ignoreEmpty="false" transferToAll="false" entitize="false" transferChildNodes="false">
        <con:name>soRoleId</con:name>
        <con:sourceType>res_salesOrgId</con:sourceType>
        <con:sourceStep>Create sales organization, user, inventory and terminal and place2</con:sourceStep>
        <con:targetType>req_soRoleId</con:targetType>
        <con:targetStep>Create starter pack business interaction without session2</con:targetStep>
        <con:upgraded>true</con:upgraded>
      </con:transfers>
      <con:transfers setNullOnMissingSource="true" transferTextContent="true" failOnError="true" ignoreEmpty="false" transferToAll="false" entitize="false" transferChildNodes="false">
        <con:name>userRoleID</con:name>
        <con:sourceType>res_userRoleId</con:sourceType>
        <con:sourceStep>Create sales organization, user, inventory and terminal and place2</con:sourceStep>
        <con:targetType>req_userRoleId</con:targetType>
        <con:targetStep>Create starter pack business interaction without session2</con:targetStep>
        <con:upgraded>true</con:upgraded>
      </con:transfers>
      <con:transfers setNullOnMissingSource="true" transferTextContent="true" failOnError="true" ignoreEmpty="false" transferToAll="false" entitize="false" transferChildNodes="false">
        <con:name>userToken</con:name>
        <con:sourceType>userToken</con:sourceType>
        <con:sourceStep>Create sales organization, user, inventory and terminal and place2</con:sourceStep>
        <con:targetType>AuthorizationUser</con:targetType>
        <con:targetStep>#Project#</con:targetStep>
        <con:upgraded>true</con:upgraded>
      </con:transfers>
      <con:transfers setNullOnMissingSource="true" transferTextContent="true" failOnError="true" ignoreEmpty="false" transferToAll="false" entitize="false" transferChildNodes="false">
        <con:name>userSo</con:name>
        <con:sourceType>res_salesOrgId</con:sourceType>
        <con:sourceStep>Create sales organization, user, inventory and terminal and place2</con:sourceStep>
        <con:targetType>UserSo</con:targetType>
        <con:targetStep>#Project#</con:targetStep>
        <con:upgraded>true</con:upgraded>
      </con:transfers>
    </con:config>
  </con:testStep>
  <con:testStep type="calltestcase" name="Create starter pack business interaction without session2" id="7b5e9260-524c-44de-966c-1b089b066934">
    <con:settings/>
    <con:config xsi:type="con:RunTestCaseStep" xmlns:xsi="http://www.w3.org/2001/XMLSchema-instance">
      <con:targetTestCase>637528a8-67ce-4e6e-a2c5-0c0629ea45b6</con:targetTestCase>
      <con:properties>
        <con:property>
          <con:name>req_userRoleId</con:name>
          <con:value>70</con:value>
        </con:property>
        <con:property>
          <con:name>req_biSpec</con:name>
          <con:value>CREATESTARTERPACKBISPEC</con:value>
        </con:property>
        <con:property>
          <con:name>req_soRoleId</con:name>
          <con:value>68</con:value>
        </con:property>
        <con:property>
          <con:name>res_id</con:name>
          <con:value>1691</con:value>
        </con:property>
        <con:property>
          <con:name>res_code</con:name>
          <con:value xsi:nil="true"/>
        </con:property>
        <con:property>
          <con:name>res_errorMessage</con:name>
          <con:value xsi:nil="true"/>
        </con:property>
        <con:property>
          <con:name>res_httpStatus</con:name>
        </con:property>
      </con:properties>
      <con:returnProperties>
        <con:entry>res_id</con:entry>
        <con:entry>res_code</con:entry>
        <con:entry>res_errorMessage</con:entry>
      </con:returnProperties>
      <con:runMode>PARALLELL</con:runMode>
    </con:config>
  </con:testStep>
  <con:testStep type="assertionteststep" name="Assertion starter pack bi created successfully with So1" id="565dec81-4199-45d8-8375-668b62b6d8a0">
    <con:settings/>
    <con:config xsi:type="con:AssertionTestStep" xmlns:xsi="http://www.w3.org/2001/XMLSchema-instance">
      <con:entry>
        <con:id>ce11eb99-8709-4a51-bc96-6994909082e3</con:id>
        <con:isGroup>false</con:isGroup>
        <con:sourceId>7b5e9260-524c-44de-966c-1b089b066934</con:sourceId>
        <con:propertyName>res_id</con:propertyName>
        <con:assertion type="Simple Contains" name="Contains" id="8fa4e193-6d3f-49e5-af1d-f6a3adbc0d58">
          <con:configuration>
            <token>\d+</token>
            <ignoreCase>false</ignoreCase>
            <useRegEx>true</useRegEx>
          </con:configuration>
        </con:assertion>
      </con:entry>
    </con:config>
  </con:testStep>
  <con:testStep type="transfer" name="Set reserve SIM's request2" id="368de6e7-19bb-4a7d-9aa4-835e1a669987">
    <con:settings/>
    <con:config xsi:type="con:PropertyTransfersStep" xmlns:xsi="http://www.w3.org/2001/XMLSchema-instance">
      <con:transfers setNullOnMissingSource="true" transferTextContent="true" failOnError="true" ignoreEmpty="false" transferToAll="false" entitize="false" transferChildNodes="false">
        <con:name>startICCID</con:name>
        <con:sourceType>res_startSerial</con:sourceType>
        <con:sourceStep>Create sim products 2</con:sourceStep>
        <con:sourcePath/>
        <con:targetType>req_startICCD</con:targetType>
        <con:targetStep>Reserve SIMs2</con:targetStep>
        <con:targetPath/>
        <con:upgraded>true</con:upgraded>
      </con:transfers>
      <con:transfers setNullOnMissingSource="true" transferTextContent="true" failOnError="true" ignoreEmpty="false" transferToAll="false" entitize="false" transferChildNodes="false">
        <con:name>endICCID</con:name>
        <con:sourceType>res_endSerial</con:sourceType>
        <con:sourceStep>Create sim products 2</con:sourceStep>
        <con:targetType>req_endICCID</con:targetType>
        <con:targetStep>Reserve SIMs2</con:targetStep>
        <con:upgraded>true</con:upgraded>
      </con:transfers>
      <con:transfers setNullOnMissingSource="true" transferTextContent="true" failOnError="true" ignoreEmpty="false" transferToAll="false" entitize="false" transferChildNodes="false">
        <con:name>simSpecExtId</con:name>
        <con:sourceType>simSpecExtID</con:sourceType>
        <con:sourceStep>Given properties for the test steps</con:sourceStep>
        <con:targetType>req_simSpecificationExternalId</con:targetType>
        <con:targetStep>Reserve SIMs2</con:targetStep>
        <con:upgraded>true</con:upgraded>
      </con:transfers>
      <con:transfers setNullOnMissingSource="true" transferTextContent="true" failOnError="true" ignoreEmpty="false" transferToAll="false" entitize="false" transferChildNodes="false">
        <con:name>quantity</con:name>
        <con:sourceType>validQuantity</con:sourceType>
        <con:sourceStep>Given properties for the test steps</con:sourceStep>
        <con:targetType>req_requestedQuantity</con:targetType>
        <con:targetStep>Reserve SIMs2</con:targetStep>
        <con:upgraded>true</con:upgraded>
      </con:transfers>
      <con:transfers setNullOnMissingSource="true" transferTextContent="true" failOnError="true" ignoreEmpty="false" transferToAll="false" entitize="false" transferChildNodes="false">
        <con:name>placeId</con:name>
        <con:sourceType>res_placeId</con:sourceType>
        <con:sourceStep>Create sales organization, user, inventory and terminal and place2</con:sourceStep>
        <con:targetType>req_placeId</con:targetType>
        <con:targetStep>Reserve SIMs2</con:targetStep>
        <con:upgraded>true</con:upgraded>
      </con:transfers>
      <con:transfers setNullOnMissingSource="true" transferTextContent="true" failOnError="true" ignoreEmpty="false" transferToAll="false" entitize="false" transferChildNodes="false">
        <con:name>biId</con:name>
        <con:sourceType>res_id</con:sourceType>
        <con:sourceStep>Create starter pack business interaction without session2</con:sourceStep>
        <con:targetType>req_biId</con:targetType>
        <con:targetStep>Reserve SIMs2</con:targetStep>
        <con:upgraded>true</con:upgraded>
      </con:transfers>
    </con:config>
  </con:testStep>
  <con:testStep type="calltestcase" name="Reserve SIMs2" id="08ab7c9e-c1f7-4df8-bbd1-6ff4e529de48">
    <con:settings/>
    <con:config xsi:type="con:RunTestCaseStep" xmlns:xsi="http://www.w3.org/2001/XMLSchema-instance">
      <con:targetTestCase>06a90684-e6bc-45c1-a3fd-05f9e6abe346</con:targetTestCase>
      <con:properties>
        <con:property>
          <con:name>req_startICCD</con:name>
          <con:value>10000000000009590341</con:value>
        </con:property>
        <con:property>
          <con:name>req_endICCID</con:name>
          <con:value>10000000000009590351</con:value>
        </con:property>
        <con:property>
          <con:name>req_simSpecificationExternalId</con:name>
          <con:value>EXT-SIM-1</con:value>
        </con:property>
        <con:property>
          <con:name>req_requestedQuantity</con:name>
          <con:value>2</con:value>
        </con:property>
        <con:property>
          <con:name>req_placeId</con:name>
          <con:value>36</con:value>
        </con:property>
        <con:property>
          <con:name>res_iccids</con:name>
          <con:value>["10000000000009590341","10000000000009590351"]</con:value>
        </con:property>
        <con:property>
          <con:name>res_code</con:name>
          <con:value xsi:nil="true"/>
        </con:property>
        <con:property>
          <con:name>res_errorMessage</con:name>
          <con:value xsi:nil="true"/>
        </con:property>
        <con:property>
          <con:name>req_biId</con:name>
          <con:value>1691</con:value>
        </con:property>
      </con:properties>
      <con:returnProperties>
        <con:entry>res_iccids</con:entry>
        <con:entry>res_code</con:entry>
        <con:entry>res_errorMessage</con:entry>
      </con:returnProperties>
      <con:runMode>PARALLELL</con:runMode>
    </con:config>
  </con:testStep>
  <con:testStep type="assertionteststep" name="Assertion sim successfully reserved with So2 place" id="093fd862-04ce-4119-a6b5-9280ed301ba9">
    <con:settings/>
    <con:config xsi:type="con:AssertionTestStep" xmlns:xsi="http://www.w3.org/2001/XMLSchema-instance">
      <con:entry>
        <con:id>bee45879-2de4-4584-88fd-e504ce4449e3</con:id>
        <con:isGroup>false</con:isGroup>
        <con:sourceId>08ab7c9e-c1f7-4df8-bbd1-6ff4e529de48</con:sourceId>
        <con:propertyName>res_iccids</con:propertyName>
        <con:assertion type="Simple Contains" name="Contains" id="972817b1-c068-4d71-8393-a71eb02ec5e5">
          <con:configuration>
            <token>\d+</token>
            <ignoreCase>false</ignoreCase>
            <useRegEx>true</useRegEx>
          </con:configuration>
        </con:assertion>
      </con:entry>
      <con:entry>
        <con:id>51cb6532-6dce-43e9-ab2d-aecc011f3965</con:id>
        <con:isGroup>false</con:isGroup>
        <con:sourceId>08ab7c9e-c1f7-4df8-bbd1-6ff4e529de48</con:sourceId>
        <con:propertyName>res_errorMessage</con:propertyName>
        <con:assertion type="Simple Contains" name="Contains 2" id="dab34846-c26a-4f06-aad8-462c786b68e6">
          <con:configuration>
            <token>^\s*$</token>
            <ignoreCase>false</ignoreCase>
            <useRegEx>true</useRegEx>
          </con:configuration>
        </con:assertion>
      </con:entry>
    </con:config>
  </con:testStep>
  <con:testStep type="transfer" name="Set submit bi id2" id="699b3217-6277-4da8-a0f7-dd5f186f0a04">
    <con:settings/>
    <con:config xsi:type="con:PropertyTransfersStep" xmlns:xsi="http://www.w3.org/2001/XMLSchema-instance">
      <con:transfers setNullOnMissingSource="true" transferTextContent="true" failOnError="true" ignoreEmpty="false" transferToAll="false" entitize="false" transferChildNodes="false">
        <con:name>biId</con:name>
        <con:sourceType>res_id</con:sourceType>
        <con:sourceStep>Create starter pack business interaction without session2</con:sourceStep>
        <con:sourcePath/>
        <con:targetType>req_biId</con:targetType>
        <con:targetStep>Submit starter pack bi to ongoing state2</con:targetStep>
        <con:targetPath/>
        <con:upgraded>true</con:upgraded>
      </con:transfers>
    </con:config>
  </con:testStep>
  <con:testStep type="calltestcase" name="Submit starter pack bi to ongoing state2" id="65f04f37-db03-4cec-b24a-5e2ef7fe0ffb">
    <con:settings/>
    <con:config xsi:type="con:RunTestCaseStep" xmlns:xsi="http://www.w3.org/2001/XMLSchema-instance">
      <con:targetTestCase>7139ae50-0804-4cbc-9d4f-d7add6e31e65</con:targetTestCase>
      <con:properties>
        <con:property>
          <con:name>req_biId</con:name>
          <con:value>1691</con:value>
        </con:property>
        <con:property>
          <con:name>res_biId</con:name>
          <con:value>1691</con:value>
        </con:property>
        <con:property>
          <con:name>res_code</con:name>
          <con:value xsi:nil="true"/>
        </con:property>
        <con:property>
          <con:name>res_errorMessage</con:name>
          <con:value xsi:nil="true"/>
        </con:property>
      </con:properties>
      <con:returnProperties>
        <con:entry>res_biId</con:entry>
        <con:entry>res_code</con:entry>
        <con:entry>res_errorMessage</con:entry>
      </con:returnProperties>
      <con:runMode>PARALLELL</con:runMode>
    </con:config>
  </con:testStep>
  <con:testStep type="assertionteststep" name="Assertion create bi So and reserve sim placeId dependecy exists no more" id="5586e42d-e1b8-49e3-a358-6b48971d747d">
    <con:settings/>
    <con:config xsi:type="con:AssertionTestStep" xmlns:xsi="http://www.w3.org/2001/XMLSchema-instance">
      <con:entry>
        <con:id>6d135292-c472-4f64-b851-78ba72310f8f</con:id>
        <con:isGroup>false</con:isGroup>
        <con:sourceId>65f04f37-db03-4cec-b24a-5e2ef7fe0ffb</con:sourceId>
        <con:propertyName>res_biId</con:propertyName>
        <con:assertion type="Simple Contains" name="Contains" id="ed2e2dfa-2c49-48ad-ae9c-4ecd034a7b03">
          <con:configuration>
            <token>\d+</token>
            <ignoreCase>false</ignoreCase>
            <useRegEx>true</useRegEx>
          </con:configuration>
        </con:assertion>
      </con:entry>
      <con:entry>
        <con:id>12b02b3d-8be5-46f9-8d34-3885f7d68db2</con:id>
        <con:isGroup>false</con:isGroup>
        <con:sourceId>65f04f37-db03-4cec-b24a-5e2ef7fe0ffb</con:sourceId>
        <con:propertyName>res_errorMessage</con:propertyName>
        <con:assertion type="Simple Contains" name="Contains 2" id="3b48a1b3-4fd4-4074-a130-7877d67cacbf">
          <con:configuration>
            <token>^\s*$</token>
            <ignoreCase>false</ignoreCase>
            <useRegEx>true</useRegEx>
          </con:configuration>
        </con:assertion>
      </con:entry>
    </con:config>
  </con:testStep>
  <con:properties>
    <con:property>
      <con:name>req_userRoleId</con:name>
      <con:value>66</con:value>
    </con:property>
    <con:property>
      <con:name>req_salesOrgRoleId</con:name>
      <con:value>64</con:value>
    </con:property>
    <con:property>
      <con:name>req_placeId</con:name>
      <con:value>34</con:value>
    </con:property>
  </con:properties>
  <con:reportParameters/>
  <con:breakPoints>
    <con:testStepId>19b1c7dd-4f85-40ab-89db-42b93b499d50</con:testStepId>
    <con:status>NONE</con:status>
    <con:properties/>
  </con:breakPoints>
  <con:breakPoints>
    <con:testStepId>7952f88f-b55a-40bd-891f-bffbdd770a4c</con:testStepId>
    <con:status>NONE</con:status>
    <con:properties/>
  </con:breakPoints>
  <con:breakPoints>
    <con:testStepId>51cc9743-9236-45f8-9b68-f82bbd87bd75</con:testStepId>
    <con:status>NONE</con:status>
    <con:properties/>
  </con:breakPoints>
  <con:breakPoints>
    <con:testStepId>ba699065-fe83-4f5f-acb9-8dd90e1229bc</con:testStepId>
    <con:status>NONE</con:status>
    <con:properties/>
  </con:breakPoints>
  <con:breakPoints>
    <con:testStepId>3d4b931b-23e6-45dd-9466-20670d1a0062</con:testStepId>
    <con:status>NONE</con:status>
    <con:properties/>
  </con:breakPoints>
  <con:breakPoints>
    <con:testStepId>6ffed536-daf2-4cd4-b99c-663381a885ff</con:testStepId>
    <con:status>NONE</con:status>
    <con:properties/>
  </con:breakPoints>
  <con:breakPoints>
    <con:testStepId>0a25fb72-9fc8-4240-99dd-7b36fef2c877</con:testStepId>
    <con:status>NONE</con:status>
    <con:properties/>
  </con:breakPoints>
  <con:breakPoints>
    <con:testStepId>e6d150db-a8c8-47d5-973a-448a07607693</con:testStepId>
    <con:status>NONE</con:status>
    <con:properties/>
  </con:breakPoints>
  <con:breakPoints>
    <con:testStepId>9b0e4599-8eb8-4dc0-9b05-e357ee5aceb9</con:testStepId>
    <con:status>NONE</con:status>
    <con:properties/>
  </con:breakPoints>
  <con:breakPoints>
    <con:testStepId>7ae0d5e1-e229-4b37-8f3e-24b2b6d51093</con:testStepId>
    <con:status>NONE</con:status>
    <con:properties/>
  </con:breakPoints>
  <con:breakPoints>
    <con:testStepId>729cf49e-54ea-4b7d-9080-4340d266ff6e</con:testStepId>
    <con:status>NONE</con:status>
    <con:properties/>
  </con:breakPoints>
  <con:breakPoints>
    <con:testStepId>06f26deb-0999-4c2d-a025-5a8908d02616</con:testStepId>
    <con:status>NONE</con:status>
    <con:properties/>
  </con:breakPoints>
  <con:breakPoints>
    <con:testStepId>23a37bc0-8d13-47f8-9ae0-46b4f17356e4</con:testStepId>
    <con:status>NONE</con:status>
    <con:properties/>
  </con:breakPoints>
  <con:breakPoints>
    <con:testStepId>c78d126a-3351-47cf-8308-d9726b64eba4</con:testStepId>
    <con:status>NONE</con:status>
    <con:properties/>
  </con:breakPoints>
  <con:breakPoints>
    <con:testStepId>e382d8a3-9107-4159-9bfe-74f587557781</con:testStepId>
    <con:status>NONE</con:status>
    <con:properties/>
  </con:breakPoints>
  <con:breakPoints>
    <con:testStepId>e3fcde34-ec81-4850-bf66-7c7b6f4759f6</con:testStepId>
    <con:status>NONE</con:status>
    <con:properties/>
  </con:breakPoints>
  <con:breakPoints>
    <con:testStepId>e9c86f82-6b5c-4f71-b949-0779d7dc796c</con:testStepId>
    <con:status>NONE</con:status>
    <con:properties/>
  </con:breakPoints>
  <con:breakPoints>
    <con:testStepId>62b3b767-cebd-4dcc-8c50-86049eab9127</con:testStepId>
    <con:status>NONE</con:status>
    <con:properties/>
  </con:breakPoints>
  <con:breakPoints>
    <con:testStepId>38429fdd-bd96-4c07-b037-70e9c82808ee</con:testStepId>
    <con:status>ENABLED</con:status>
    <con:properties/>
  </con:breakPoints>
  <con:breakPoints>
    <con:testStepId>506682b5-394c-48d2-a089-f908567d903d</con:testStepId>
    <con:status>NONE</con:status>
    <con:properties/>
  </con:breakPoints>
  <con:breakPoints>
    <con:testStepId>72700671-994f-426c-889c-d02cfab79bb3</con:testStepId>
    <con:status>NONE</con:status>
    <con:properties/>
  </con:breakPoints>
  <con:breakPoints>
    <con:testStepId>a8595e3d-fea9-48ea-8d4e-cea69257c06c</con:testStepId>
    <con:status>NONE</con:status>
    <con:properties/>
  </con:breakPoints>
  <con:breakPoints>
    <con:testStepId>43a3b0cd-047f-45ee-85b1-d4a71a0ad4fc</con:testStepId>
    <con:status>NONE</con:status>
    <con:properties/>
  </con:breakPoints>
  <con:breakPoints>
    <con:testStepId>c22fee5d-a412-4c88-af1e-4a142b41f68f</con:testStepId>
    <con:status>NONE</con:status>
    <con:properties/>
  </con:breakPoints>
  <con:breakPoints>
    <con:testStepId>0182cc7b-0217-458c-b905-6a697d7aba20</con:testStepId>
    <con:status>NONE</con:status>
    <con:properties/>
  </con:breakPoints>
  <con:breakPoints>
    <con:testStepId>3a451522-ed67-419c-a48a-9f79a60bdee3</con:testStepId>
    <con:status>NONE</con:status>
    <con:properties/>
  </con:breakPoints>
  <con:breakPoints>
    <con:testStepId>81b601a1-7684-40d2-8688-ab10113f134b</con:testStepId>
    <con:status>NONE</con:status>
    <con:properties/>
  </con:breakPoints>
  <con:breakPoints>
    <con:testStepId>5c15fe48-e174-415c-9a8a-bbffe66b877e</con:testStepId>
    <con:status>NONE</con:status>
    <con:properties/>
  </con:breakPoints>
</con:testCase>