<?xml version="1.0" encoding="UTF-8"?>
<con:testCase id="7adb9d72-daff-4b55-89a2-ed18369a3c5a" discardOkResults="true" failOnError="true" failTestCaseOnErrors="true" keepSession="false" name="Test Case 4 - External" searchProperties="true" timeout="0" xmlns:con="http://eviware.com/soapui/config">
  <con:settings>
    <con:setting id="cc0c46fb-0ad0-4e1b-b0b6-2f0dbe430038fileName">TestCase-1</con:setting>
    <con:setting id="7adb9d72-daff-4b55-89a2-ed18369a3c5afileName">Test-Case-4---External</con:setting>
  </con:settings>
  <con:savedRecentRuns>1</con:savedRecentRuns>
  <con:testStep type="properties" name="Global Properties" id="4ae4a32f-7dbe-46a7-9787-c7512de04197">
    <con:settings/>
    <con:config xsi:type="con:PropertiesStep" saveFirst="true" xmlns:xsi="http://www.w3.org/2001/XMLSchema-instance">
      <con:properties>
        <con:property>
          <con:name>userRoleExtId</con:name>
          <con:value>user-${=java.util.UUID.randomUUID()}</con:value>
        </con:property>
        <con:property>
          <con:name>salesOrgRoleExtId</con:name>
          <con:value>so-${=java.util.UUID.randomUUID()}</con:value>
        </con:property>
        <con:property>
          <con:name>terminalExtId</con:name>
          <con:value>terminal-${=java.util.UUID.randomUUID()}</con:value>
        </con:property>
        <con:property>
          <con:name>inventoryExtId</con:name>
          <con:value>inventory-${=java.util.UUID.randomUUID()}</con:value>
        </con:property>
        <con:property>
          <con:name>externalBIId</con:name>
          <con:value>EXT-BI-ID22</con:value>
        </con:property>
        <con:property>
          <con:name>httpCode200</con:name>
          <con:value>200</con:value>
        </con:property>
        <con:property>
          <con:name>httpCode201</con:name>
          <con:value>201</con:value>
        </con:property>
        <con:property>
          <con:name>httpCode400</con:name>
          <con:value>400</con:value>
        </con:property>
        <con:property>
          <con:name>httpCode403</con:name>
          <con:value>403</con:value>
        </con:property>
        <con:property>
          <con:name>httpCode404</con:name>
          <con:value>404</con:value>
        </con:property>
        <con:property>
          <con:name>biSpecCodeIncorrect</con:name>
          <con:value>INCORRECT_SPEC_CODE</con:value>
        </con:property>
        <con:property>
          <con:name>biSpecCodeMustBeProvided</con:name>
          <con:value>BUSINESS_INTERACTION_CODE_MUST_BE_PROVIDED</con:value>
        </con:property>
        <con:property>
          <con:name>biSpecCodeNonExist</con:name>
          <con:value>BUSINESS_INTERACTION_SPEC_WITH_CODE_DOES_NOT_EXIST</con:value>
        </con:property>
        <con:property>
          <con:name>biSpecCodeActive</con:name>
          <con:value>CHANGE_SO_OF_USER_BI_SPEC</con:value>
        </con:property>
        <con:property>
          <con:name>biSpecCode</con:name>
          <con:value>CHANGE_SALES_ORGANIZATIONS_OF_USER</con:value>
        </con:property>
        <con:property>
          <con:name>userNotExistOrActive</con:name>
          <con:value>USER_NOT_ACTIVE_OR_EXISTS</con:value>
        </con:property>
        <con:property>
          <con:name>statusChange</con:name>
          <con:value>STATUSCHANGEBISPEC</con:value>
        </con:property>
        <con:property>
          <con:name>nonExist</con:name>
          <con:value>-1</con:value>
        </con:property>
        <con:property>
          <con:name>statusActive</con:name>
          <con:value>Active</con:value>
        </con:property>
        <con:property>
          <con:name>statusPassive</con:name>
          <con:value>Passive</con:value>
        </con:property>
        <con:property>
          <con:name>errorMsg-userNotExistInSalesOrg</con:name>
          <con:value>USER_WITH_ID_IS_NOT_IN_SALES_ORGANIZATION_WITH_ID</con:value>
        </con:property>
        <con:property>
          <con:name>errorMsg-biWithExtIdExists</con:name>
          <con:value>BI_WITH_SAME_EXTERNAL_ID_ALREADY_EXISTS</con:value>
        </con:property>
        <con:property>
          <con:name>errorMsg-salesOrgNotFound</con:name>
          <con:value>SALES_ORGANIZATION_CANNOT_BE_FOUND</con:value>
        </con:property>
        <con:property>
          <con:name>errorMsg-itemExist</con:name>
          <con:value>ITEM_IS_ALREADY_EXIST</con:value>
        </con:property>
        <con:property>
          <con:name>errorMsg-activeSalesOrgRequired</con:name>
          <con:value>ACTIVE_SALES_ORGANIZATION_IS_REQUIRED</con:value>
        </con:property>
        <con:property>
          <con:name>errorMsg-salesOrgCannotBeDeleted</con:name>
          <con:value>ACTIVE_SALES_ORGANIZATION_CANNOT_BE_DELETED</con:value>
        </con:property>
        <con:property>
          <con:name>errorMsg-biNotFound</con:name>
          <con:value>BI_WITH_ID_NOT_FOUND</con:value>
        </con:property>
        <con:property>
          <con:name>errorMsg-biItemNotFound</con:name>
          <con:value>BI_ITEM_WITH_ID_NOT_FOUND</con:value>
        </con:property>
        <con:property>
          <con:name>salesOrgNotExistOrActive</con:name>
          <con:value>SALES_ORG_NOT_ACTIVE_OR_EXISTS</con:value>
        </con:property>
        <con:property>
          <con:name>removeItemSessionOn</con:name>
          <con:value>CAN_NOT_REMOVE_ITEM_WHICH_HAS_ACTIVE_SESSIONBI</con:value>
        </con:property>
        <con:property>
          <con:name>userNotFound</con:name>
          <con:value>USER_CANNOT_BE_FOUND</con:value>
        </con:property>
        <con:property>
          <con:name>newAndCurrentCannotBeSame</con:name>
          <con:value>NEW_AND_CURRENT_ACTIVE_SALES_ORGANIZATION_CAN_NOT_BE_SAME</con:value>
        </con:property>
        <con:property>
          <con:name>externalSystem</con:name>
          <con:value>ext-system-${=java.util.UUID.randomUUID()}</con:value>
        </con:property>
        <con:property>
          <con:name>emptyValue</con:name>
          <con:value/>
        </con:property>
        <con:property>
          <con:name>codeUnauthorized</con:name>
          <con:value>Unauthorized</con:value>
        </con:property>
        <con:property>
          <con:name>userSo</con:name>
          <con:value>311</con:value>
        </con:property>
        <con:property>
          <con:name>undefinedSalesOrg</con:name>
          <con:value>Undefined sales organization id</con:value>
        </con:property>
        <con:property>
          <con:name>error_USER_NOT_ACTIVE</con:name>
          <con:value>USER_NOT_ACTIVE</con:value>
        </con:property>
      </con:properties>
    </con:config>
  </con:testStep>
  <con:testStep type="transfer" name="Create initial data - P.T." id="78df5b35-b150-43e4-ac8c-dacacc20e96c">
    <con:settings/>
    <con:config xsi:type="con:PropertyTransfersStep" xmlns:xsi="http://www.w3.org/2001/XMLSchema-instance">
      <con:transfers setNullOnMissingSource="true" transferTextContent="true" failOnError="true" ignoreEmpty="false" transferToAll="false" entitize="false" transferChildNodes="false">
        <con:name>createdByUserRole</con:name>
        <con:sourceType>DefaultUserRoleId</con:sourceType>
        <con:sourceStep>#Project#</con:sourceStep>
        <con:sourcePath/>
        <con:targetType>req_createdByUserRoleId</con:targetType>
        <con:targetStep>Create initial data</con:targetStep>
        <con:targetPath/>
        <con:upgraded>true</con:upgraded>
      </con:transfers>
      <con:transfers setNullOnMissingSource="true" transferTextContent="true" failOnError="true" ignoreEmpty="false" transferToAll="false" entitize="false" transferChildNodes="false">
        <con:name>createdBySalesOrgRole</con:name>
        <con:sourceType>DefaultSalesOrganizationRoleId</con:sourceType>
        <con:sourceStep>#Project#</con:sourceStep>
        <con:targetType>req_createdBySalesOrgRoleId</con:targetType>
        <con:targetStep>Create initial data</con:targetStep>
        <con:upgraded>true</con:upgraded>
      </con:transfers>
      <con:transfers setNullOnMissingSource="true" transferTextContent="true" failOnError="true" ignoreEmpty="false" transferToAll="false" entitize="false" transferChildNodes="false">
        <con:name>userRoleExtId</con:name>
        <con:sourceType>userRoleExtId</con:sourceType>
        <con:sourceStep>Global Properties</con:sourceStep>
        <con:targetType>req_userRoleExtId</con:targetType>
        <con:targetStep>Create initial data</con:targetStep>
        <con:upgraded>true</con:upgraded>
      </con:transfers>
      <con:transfers setNullOnMissingSource="true" transferTextContent="true" failOnError="true" ignoreEmpty="false" transferToAll="false" entitize="false" transferChildNodes="false">
        <con:name>salesOrgRoleExtId</con:name>
        <con:sourceType>salesOrgRoleExtId</con:sourceType>
        <con:sourceStep>Global Properties</con:sourceStep>
        <con:targetType>req_salesOrgRoleExtId</con:targetType>
        <con:targetStep>Create initial data</con:targetStep>
        <con:upgraded>true</con:upgraded>
      </con:transfers>
      <con:transfers setNullOnMissingSource="true" transferTextContent="true" failOnError="true" ignoreEmpty="false" transferToAll="false" entitize="false" transferChildNodes="false">
        <con:name>terminalExtId</con:name>
        <con:sourceType>terminalExtId</con:sourceType>
        <con:sourceStep>Global Properties</con:sourceStep>
        <con:targetType>req_terminalExtId</con:targetType>
        <con:targetStep>Create initial data</con:targetStep>
        <con:upgraded>true</con:upgraded>
      </con:transfers>
      <con:transfers setNullOnMissingSource="true" transferTextContent="true" failOnError="true" ignoreEmpty="false" transferToAll="false" entitize="false" transferChildNodes="false">
        <con:name>inventoryExtId</con:name>
        <con:sourceType>inventoryExtId</con:sourceType>
        <con:sourceStep>Global Properties</con:sourceStep>
        <con:targetType>req_inventoryExtId</con:targetType>
        <con:targetStep>Create initial data</con:targetStep>
        <con:upgraded>true</con:upgraded>
      </con:transfers>
    </con:config>
  </con:testStep>
  <con:testStep type="calltestcase" name="Create initial data" id="f2de7d73-8e63-4b1e-94af-6a2d1f9f3f59">
    <con:settings/>
    <con:config xsi:type="con:RunTestCaseStep" xmlns:xsi="http://www.w3.org/2001/XMLSchema-instance">
      <con:targetTestCase>b92a7c8d-a0ed-4725-99e9-4866fd949629</con:targetTestCase>
      <con:properties>
        <con:property>
          <con:name>req_createdByUserRoleId</con:name>
          <con:value>2</con:value>
        </con:property>
        <con:property>
          <con:name>req_createdBySalesOrgRoleId</con:name>
          <con:value>1</con:value>
        </con:property>
        <con:property>
          <con:name>req_userRoleExtId</con:name>
          <con:value>user-${=java.util.UUID.randomUUID()}</con:value>
        </con:property>
        <con:property>
          <con:name>req_salesOrgRoleExtId</con:name>
          <con:value>so-${=java.util.UUID.randomUUID()}</con:value>
        </con:property>
        <con:property>
          <con:name>req_terminalExtId</con:name>
          <con:value>terminal-${=java.util.UUID.randomUUID()}</con:value>
        </con:property>
        <con:property>
          <con:name>req_inventoryExtId</con:name>
          <con:value>inventory-${=java.util.UUID.randomUUID()}</con:value>
        </con:property>
        <con:property>
          <con:name>res_salesOrgBiId</con:name>
          <con:value>6511</con:value>
        </con:property>
        <con:property>
          <con:name>res_userRoleBiId</con:name>
          <con:value>6531</con:value>
        </con:property>
        <con:property>
          <con:name>res_terminalBiId</con:name>
          <con:value>6551</con:value>
        </con:property>
        <con:property>
          <con:name>res_inventoryRoleBiId</con:name>
          <con:value>6541</con:value>
        </con:property>
        <con:property>
          <con:name>res_salesOrgId</con:name>
          <con:value>311</con:value>
        </con:property>
        <con:property>
          <con:name>res_userRoleId</con:name>
          <con:value>313</con:value>
        </con:property>
        <con:property>
          <con:name>res_terminalId</con:name>
          <con:value>75</con:value>
        </con:property>
        <con:property>
          <con:name>res_inventoryRoleId</con:name>
          <con:value>314</con:value>
        </con:property>
        <con:property>
          <con:name>res_placeId</con:name>
          <con:value>152</con:value>
        </con:property>
        <con:property>
          <con:name>res_soExtId</con:name>
          <con:value>so-d16494f1-261f-4200-8168-5d4c5f09d8b4</con:value>
        </con:property>
        <con:property>
          <con:name>res_salesOrganisationExternalId</con:name>
        </con:property>
        <con:property>
          <con:name>userToken</con:name>
          <con:value>Bearer eyJraWQiOiIxIiwiYWxnIjoiUlMyNTYifQ.eyJpc3MiOiJVTVMtUHJlZmlsdGVyLUNoZWNrQXV0aG9yaXplIiwic3ViIjoiVEVTVCIsImF1ZCI6IlJNIiwiaWF0IjoxNDg3MTYwOTc5LCJleHAiOjE1NTA3NDQyMzAsImF1dGhfdGltZSI6IjEzMTEyODA4NzAiLCJub25jZSI6Im4tMFM2X1d6QTJNaiIsIm5hbWUiOiJVTVMgVGVzdCBVc2VyIiwieF9kYnNzIjp7ImF1dGh6UHJvZmlsZU5hbWUiOiJDU1JfQXV0aHpQcm9maWxlIiwidmVyc2lvbiI6InYxIiwicGFydHlfaWQiOiIxMjMiLCJleHRlcm5hbF91c2VybmFtZSI6InVzZXItNDQ1OWI1MmUtZGU4Mi00ZjBkLWE3MWYtODU1ZDMwOGVkNzFiIn19.mthHatVhgEiO3cOu467UYZEacCc_PKwzJXfjR0ffovJInyvBf_UJ--g0Mz3h_rgxAi-0hjqchP6QPz6CLIVr6HjSpEa8b-gCHQP2Br-tVG2-cW_DKiLbH7zpzDe7yw-29pk1lGrbNby1fi8OSp-D9s0Rw-smVqfR-68nlzYkD9Y</con:value>
        </con:property>
        <con:property>
          <con:name>userIntToken</con:name>
        </con:property>
        <con:property>
          <con:name>req_email</con:name>
        </con:property>
      </con:properties>
      <con:returnProperties>
        <con:entry>res_inventoryRoleBiId</con:entry>
        <con:entry>res_inventoryRoleId</con:entry>
        <con:entry>res_placeId</con:entry>
        <con:entry>res_salesOrgBiId</con:entry>
        <con:entry>res_salesOrgId</con:entry>
        <con:entry>res_soExtId</con:entry>
        <con:entry>res_terminalBiId</con:entry>
        <con:entry>res_terminalId</con:entry>
        <con:entry>res_userRoleBiId</con:entry>
        <con:entry>res_userRoleId</con:entry>
        <con:entry>userToken</con:entry>
      </con:returnProperties>
      <con:runMode>PARALLELL</con:runMode>
    </con:config>
  </con:testStep>
  <con:testStep type="transfer" name="Create initial data 2 - P.T." id="b2829c5b-d925-406d-b589-cc38c04ba0fe">
    <con:settings/>
    <con:config xsi:type="con:PropertyTransfersStep" xmlns:xsi="http://www.w3.org/2001/XMLSchema-instance">
      <con:transfers setNullOnMissingSource="true" transferTextContent="true" failOnError="true" ignoreEmpty="false" transferToAll="false" entitize="false" transferChildNodes="false">
        <con:name>createdByUserRole</con:name>
        <con:sourceType>DefaultUserRoleId</con:sourceType>
        <con:sourceStep>#Project#</con:sourceStep>
        <con:sourcePath/>
        <con:targetType>req_createdByUserRoleId</con:targetType>
        <con:targetStep>Create initial data 2</con:targetStep>
        <con:targetPath/>
        <con:upgraded>true</con:upgraded>
      </con:transfers>
      <con:transfers setNullOnMissingSource="true" transferTextContent="true" failOnError="true" ignoreEmpty="false" transferToAll="false" entitize="false" transferChildNodes="false">
        <con:name>createdBySalesOrgRole</con:name>
        <con:sourceType>DefaultSalesOrganizationRoleId</con:sourceType>
        <con:sourceStep>#Project#</con:sourceStep>
        <con:targetType>req_createdBySalesOrgRoleId</con:targetType>
        <con:targetStep>Create initial data 2</con:targetStep>
        <con:upgraded>true</con:upgraded>
      </con:transfers>
      <con:transfers setNullOnMissingSource="true" transferTextContent="true" failOnError="true" ignoreEmpty="false" transferToAll="false" entitize="false" transferChildNodes="false">
        <con:name>userRoleExtId</con:name>
        <con:sourceType>userRoleExtId</con:sourceType>
        <con:sourceStep>Global Properties</con:sourceStep>
        <con:targetType>req_userRoleExtId</con:targetType>
        <con:targetStep>Create initial data 2</con:targetStep>
        <con:upgraded>true</con:upgraded>
      </con:transfers>
      <con:transfers setNullOnMissingSource="true" transferTextContent="true" failOnError="true" ignoreEmpty="false" transferToAll="false" entitize="false" transferChildNodes="false">
        <con:name>salesOrgRoleExtId</con:name>
        <con:sourceType>salesOrgRoleExtId</con:sourceType>
        <con:sourceStep>Global Properties</con:sourceStep>
        <con:targetType>req_salesOrgRoleExtId</con:targetType>
        <con:targetStep>Create initial data 2</con:targetStep>
        <con:upgraded>true</con:upgraded>
      </con:transfers>
      <con:transfers setNullOnMissingSource="true" transferTextContent="true" failOnError="true" ignoreEmpty="false" transferToAll="false" entitize="false" transferChildNodes="false">
        <con:name>terminalExtId</con:name>
        <con:sourceType>terminalExtId</con:sourceType>
        <con:sourceStep>Global Properties</con:sourceStep>
        <con:targetType>req_terminalExtId</con:targetType>
        <con:targetStep>Create initial data 2</con:targetStep>
        <con:upgraded>true</con:upgraded>
      </con:transfers>
      <con:transfers setNullOnMissingSource="true" transferTextContent="true" failOnError="true" ignoreEmpty="false" transferToAll="false" entitize="false" transferChildNodes="false">
        <con:name>inventoryExtId</con:name>
        <con:sourceType>inventoryExtId</con:sourceType>
        <con:sourceStep>Global Properties</con:sourceStep>
        <con:targetType>req_inventoryExtId</con:targetType>
        <con:targetStep>Create initial data 2</con:targetStep>
        <con:upgraded>true</con:upgraded>
      </con:transfers>
    </con:config>
  </con:testStep>
  <con:testStep type="calltestcase" name="Create initial data 2" id="cbc13eb5-c93f-4d8e-a0ed-7acee907d7a4">
    <con:settings/>
    <con:config xsi:type="con:RunTestCaseStep" xmlns:xsi="http://www.w3.org/2001/XMLSchema-instance">
      <con:targetTestCase>b92a7c8d-a0ed-4725-99e9-4866fd949629</con:targetTestCase>
      <con:properties>
        <con:property>
          <con:name>req_createdByUserRoleId</con:name>
          <con:value>2</con:value>
        </con:property>
        <con:property>
          <con:name>req_createdBySalesOrgRoleId</con:name>
          <con:value>1</con:value>
        </con:property>
        <con:property>
          <con:name>req_userRoleExtId</con:name>
          <con:value>user-${=java.util.UUID.randomUUID()}</con:value>
        </con:property>
        <con:property>
          <con:name>req_salesOrgRoleExtId</con:name>
          <con:value>so-${=java.util.UUID.randomUUID()}</con:value>
        </con:property>
        <con:property>
          <con:name>req_terminalExtId</con:name>
          <con:value>terminal-${=java.util.UUID.randomUUID()}</con:value>
        </con:property>
        <con:property>
          <con:name>req_inventoryExtId</con:name>
          <con:value>inventory-${=java.util.UUID.randomUUID()}</con:value>
        </con:property>
        <con:property>
          <con:name>res_salesOrgBiId</con:name>
        </con:property>
        <con:property>
          <con:name>res_userRoleBiId</con:name>
        </con:property>
        <con:property>
          <con:name>res_terminalBiId</con:name>
        </con:property>
        <con:property>
          <con:name>res_inventoryRoleBiId</con:name>
        </con:property>
        <con:property>
          <con:name>res_salesOrgId</con:name>
          <con:value>315</con:value>
        </con:property>
        <con:property>
          <con:name>res_userRoleId</con:name>
          <con:value>317</con:value>
        </con:property>
        <con:property>
          <con:name>res_terminalId</con:name>
        </con:property>
        <con:property>
          <con:name>res_inventoryRoleId</con:name>
        </con:property>
        <con:property>
          <con:name>res_placeId</con:name>
        </con:property>
        <con:property>
          <con:name>res_soExtId</con:name>
        </con:property>
        <con:property>
          <con:name>res_salesOrganisationExternalId</con:name>
        </con:property>
        <con:property>
          <con:name>userToken</con:name>
          <con:value>Bearer eyJraWQiOiIxIiwiYWxnIjoiUlMyNTYifQ.eyJpc3MiOiJVTVMtUHJlZmlsdGVyLUNoZWNrQXV0aG9yaXplIiwic3ViIjoiVEVTVCIsImF1ZCI6IlJNIiwiaWF0IjoxNDg3MTYwOTc5LCJleHAiOjE1NTA3NDQyMzEsImF1dGhfdGltZSI6IjEzMTEyODA4NzAiLCJub25jZSI6Im4tMFM2X1d6QTJNaiIsIm5hbWUiOiJVTVMgVGVzdCBVc2VyIiwieF9kYnNzIjp7ImF1dGh6UHJvZmlsZU5hbWUiOiJDU1JfQXV0aHpQcm9maWxlIiwidmVyc2lvbiI6InYxIiwicGFydHlfaWQiOiIxMjMiLCJleHRlcm5hbF91c2VybmFtZSI6InVzZXItMGZmZDIxN2YtYTNkZS00MjhjLTg3ZjktZWZlMzc3NDVlMmE4In19.oMiIMTdmmfJpyQzNeqBskAcCW3WEqpzySeLiUCFLmrLIWyIQD8_Vdh5UpZktmfljQo5rxckNXOMs26e4qZboo2H-wBHXbxmzPLeu-UI2YNOeRRgH0aL-sIbp5I5qh_L2HDdbTCwbrVqMFUUKjBg_QvqnWXUDe0jmaigYXMnqUAk</con:value>
        </con:property>
        <con:property>
          <con:name>userIntToken</con:name>
        </con:property>
        <con:property>
          <con:name>req_email</con:name>
        </con:property>
      </con:properties>
      <con:returnProperties>
        <con:entry>res_salesOrgId</con:entry>
        <con:entry>res_userRoleId</con:entry>
        <con:entry>userToken</con:entry>
      </con:returnProperties>
      <con:runMode>PARALLELL</con:runMode>
    </con:config>
  </con:testStep>
  <con:testStep type="transfer" name="Create initial data 3 - P.T." id="7356df3c-9929-4c1c-a7b6-92ee85287146">
    <con:settings/>
    <con:config xsi:type="con:PropertyTransfersStep" xmlns:xsi="http://www.w3.org/2001/XMLSchema-instance">
      <con:transfers setNullOnMissingSource="true" transferTextContent="true" failOnError="true" ignoreEmpty="false" transferToAll="false" entitize="false" transferChildNodes="false">
        <con:name>createdByUserRole</con:name>
        <con:sourceType>DefaultUserRoleId</con:sourceType>
        <con:sourceStep>#Project#</con:sourceStep>
        <con:sourcePath/>
        <con:targetType>req_createdByUserRoleId</con:targetType>
        <con:targetStep>Create initial data 3</con:targetStep>
        <con:targetPath/>
        <con:upgraded>true</con:upgraded>
      </con:transfers>
      <con:transfers setNullOnMissingSource="true" transferTextContent="true" failOnError="true" ignoreEmpty="false" transferToAll="false" entitize="false" transferChildNodes="false">
        <con:name>createdBySalesOrgRole</con:name>
        <con:sourceType>DefaultSalesOrganizationRoleId</con:sourceType>
        <con:sourceStep>#Project#</con:sourceStep>
        <con:targetType>req_createdBySalesOrgRoleId</con:targetType>
        <con:targetStep>Create initial data 3</con:targetStep>
        <con:upgraded>true</con:upgraded>
      </con:transfers>
      <con:transfers setNullOnMissingSource="true" transferTextContent="true" failOnError="true" ignoreEmpty="false" transferToAll="false" entitize="false" transferChildNodes="false">
        <con:name>userRoleExtId</con:name>
        <con:sourceType>userRoleExtId</con:sourceType>
        <con:sourceStep>Global Properties</con:sourceStep>
        <con:targetType>req_userRoleExtId</con:targetType>
        <con:targetStep>Create initial data 3</con:targetStep>
        <con:upgraded>true</con:upgraded>
      </con:transfers>
      <con:transfers setNullOnMissingSource="true" transferTextContent="true" failOnError="true" ignoreEmpty="false" transferToAll="false" entitize="false" transferChildNodes="false">
        <con:name>salesOrgRoleExtId</con:name>
        <con:sourceType>salesOrgRoleExtId</con:sourceType>
        <con:sourceStep>Global Properties</con:sourceStep>
        <con:targetType>req_salesOrgRoleExtId</con:targetType>
        <con:targetStep>Create initial data 3</con:targetStep>
        <con:upgraded>true</con:upgraded>
      </con:transfers>
      <con:transfers setNullOnMissingSource="true" transferTextContent="true" failOnError="true" ignoreEmpty="false" transferToAll="false" entitize="false" transferChildNodes="false">
        <con:name>terminalExtId</con:name>
        <con:sourceType>terminalExtId</con:sourceType>
        <con:sourceStep>Global Properties</con:sourceStep>
        <con:targetType>req_terminalExtId</con:targetType>
        <con:targetStep>Create initial data 3</con:targetStep>
        <con:upgraded>true</con:upgraded>
      </con:transfers>
      <con:transfers setNullOnMissingSource="true" transferTextContent="true" failOnError="true" ignoreEmpty="false" transferToAll="false" entitize="false" transferChildNodes="false">
        <con:name>inventoryExtId</con:name>
        <con:sourceType>inventoryExtId</con:sourceType>
        <con:sourceStep>Global Properties</con:sourceStep>
        <con:targetType>req_inventoryExtId</con:targetType>
        <con:targetStep>Create initial data 3</con:targetStep>
        <con:upgraded>true</con:upgraded>
      </con:transfers>
    </con:config>
  </con:testStep>
  <con:testStep type="calltestcase" name="Create initial data 3" id="8236d08e-bbd5-4ff6-80ae-830cc8330d2a">
    <con:settings/>
    <con:config xsi:type="con:RunTestCaseStep" xmlns:xsi="http://www.w3.org/2001/XMLSchema-instance">
      <con:targetTestCase>b92a7c8d-a0ed-4725-99e9-4866fd949629</con:targetTestCase>
      <con:properties>
        <con:property>
          <con:name>req_createdByUserRoleId</con:name>
          <con:value>2</con:value>
        </con:property>
        <con:property>
          <con:name>req_createdBySalesOrgRoleId</con:name>
          <con:value>1</con:value>
        </con:property>
        <con:property>
          <con:name>req_userRoleExtId</con:name>
          <con:value>user-${=java.util.UUID.randomUUID()}</con:value>
        </con:property>
        <con:property>
          <con:name>req_salesOrgRoleExtId</con:name>
          <con:value>so-${=java.util.UUID.randomUUID()}</con:value>
        </con:property>
        <con:property>
          <con:name>req_terminalExtId</con:name>
          <con:value>terminal-${=java.util.UUID.randomUUID()}</con:value>
        </con:property>
        <con:property>
          <con:name>req_inventoryExtId</con:name>
          <con:value>inventory-${=java.util.UUID.randomUUID()}</con:value>
        </con:property>
        <con:property>
          <con:name>res_salesOrgBiId</con:name>
          <con:value>6611</con:value>
        </con:property>
        <con:property>
          <con:name>res_userRoleBiId</con:name>
          <con:value>6631</con:value>
        </con:property>
        <con:property>
          <con:name>res_terminalBiId</con:name>
          <con:value>6651</con:value>
        </con:property>
        <con:property>
          <con:name>res_inventoryRoleBiId</con:name>
          <con:value>6641</con:value>
        </con:property>
        <con:property>
          <con:name>res_salesOrgId</con:name>
          <con:value>319</con:value>
        </con:property>
        <con:property>
          <con:name>res_userRoleId</con:name>
          <con:value>321</con:value>
        </con:property>
        <con:property>
          <con:name>res_terminalId</con:name>
          <con:value>77</con:value>
        </con:property>
        <con:property>
          <con:name>res_inventoryRoleId</con:name>
          <con:value>322</con:value>
        </con:property>
        <con:property>
          <con:name>res_placeId</con:name>
          <con:value>156</con:value>
        </con:property>
        <con:property>
          <con:name>res_soExtId</con:name>
          <con:value>so-7d173178-5901-42f0-8d93-b0ba2f27727c</con:value>
        </con:property>
        <con:property>
          <con:name>res_salesOrganisationExternalId</con:name>
        </con:property>
        <con:property>
          <con:name>userToken</con:name>
          <con:value>Bearer eyJraWQiOiIxIiwiYWxnIjoiUlMyNTYifQ.eyJpc3MiOiJVTVMtUHJlZmlsdGVyLUNoZWNrQXV0aG9yaXplIiwic3ViIjoiVEVTVCIsImF1ZCI6IlJNIiwiaWF0IjoxNDg3MTYwOTc5LCJleHAiOjE1NTA3NDQyMzIsImF1dGhfdGltZSI6IjEzMTEyODA4NzAiLCJub25jZSI6Im4tMFM2X1d6QTJNaiIsIm5hbWUiOiJVTVMgVGVzdCBVc2VyIiwieF9kYnNzIjp7ImF1dGh6UHJvZmlsZU5hbWUiOiJDU1JfQXV0aHpQcm9maWxlIiwidmVyc2lvbiI6InYxIiwicGFydHlfaWQiOiIxMjMiLCJleHRlcm5hbF91c2VybmFtZSI6InVzZXItYjQ0NzRhZDAtMWFlYy00ZmNhLWE2MDMtZGJiZmM5M2E2NTU2In19.xD8wOHyiRCuTY8ieioCiqlgGuYljd-Dg8E0BpI_QFmuUDGelUuSs2hQvZ5UQLywmUHmXbHkvrAgYHDvYZf9kKqzzzo_tsMXoBi-BtwdkZpB25sjevZ9k5Gdd6pY58809li6GpArOhvNouiRPDDvQeXMxBiAJ4VAXDPr-iyewK0U</con:value>
        </con:property>
        <con:property>
          <con:name>userIntToken</con:name>
        </con:property>
        <con:property>
          <con:name>req_email</con:name>
        </con:property>
      </con:properties>
      <con:returnProperties>
        <con:entry>res_inventoryRoleBiId</con:entry>
        <con:entry>res_inventoryRoleId</con:entry>
        <con:entry>res_placeId</con:entry>
        <con:entry>res_salesOrgBiId</con:entry>
        <con:entry>res_salesOrgId</con:entry>
        <con:entry>res_soExtId</con:entry>
        <con:entry>res_terminalBiId</con:entry>
        <con:entry>res_terminalId</con:entry>
        <con:entry>res_userRoleBiId</con:entry>
        <con:entry>res_userRoleId</con:entry>
        <con:entry>userToken</con:entry>
      </con:returnProperties>
      <con:runMode>PARALLELL</con:runMode>
    </con:config>
  </con:testStep>
  <con:testStep type="transfer" name="Create interaction without spec code - P.T." id="5de74845-9eaa-4dc7-9ec3-5e83d1247b26">
    <con:settings/>
    <con:config xsi:type="con:PropertyTransfersStep" xmlns:xsi="http://www.w3.org/2001/XMLSchema-instance">
      <con:transfers setNullOnMissingSource="true" transferTextContent="true" failOnError="true" ignoreEmpty="false" transferToAll="false" entitize="false" transferChildNodes="false">
        <con:name>userRoleId</con:name>
        <con:sourceType>res_userRoleId</con:sourceType>
        <con:sourceStep>Create initial data</con:sourceStep>
        <con:sourcePath/>
        <con:targetType>req_userRoleId</con:targetType>
        <con:targetStep>Create interaction without spec code</con:targetStep>
        <con:targetPath/>
        <con:upgraded>true</con:upgraded>
      </con:transfers>
      <con:transfers setNullOnMissingSource="true" transferTextContent="true" failOnError="true" ignoreEmpty="false" transferToAll="false" entitize="false" transferChildNodes="false">
        <con:name>salesOrgRoleId</con:name>
        <con:sourceType>res_salesOrgId</con:sourceType>
        <con:sourceStep>Create initial data</con:sourceStep>
        <con:targetType>req_salesOrgRoleId</con:targetType>
        <con:targetStep>Create interaction without spec code</con:targetStep>
        <con:upgraded>true</con:upgraded>
      </con:transfers>
      <con:transfers setNullOnMissingSource="true" transferTextContent="true" failOnError="true" ignoreEmpty="false" transferToAll="false" entitize="false" transferChildNodes="false">
        <con:name>biSpecCode</con:name>
        <con:sourceType>emptyValue</con:sourceType>
        <con:sourceStep>Global Properties</con:sourceStep>
        <con:targetType>req_biSpecCode</con:targetType>
        <con:targetStep>Create interaction without spec code</con:targetStep>
        <con:upgraded>true</con:upgraded>
      </con:transfers>
      <con:transfers setNullOnMissingSource="true" transferTextContent="true" failOnError="true" ignoreEmpty="false" transferToAll="false" entitize="false" transferChildNodes="false">
        <con:name>affectedUserRoleId</con:name>
        <con:sourceType>res_userRoleId</con:sourceType>
        <con:sourceStep>Create initial data</con:sourceStep>
        <con:targetType>req_affectedUserRoleId</con:targetType>
        <con:targetStep>Create interaction without spec code</con:targetStep>
        <con:upgraded>true</con:upgraded>
      </con:transfers>
      <con:transfers setNullOnMissingSource="true" transferTextContent="true" failOnError="true" ignoreEmpty="false" transferToAll="false" entitize="false" transferChildNodes="false">
        <con:name>userSo</con:name>
        <con:sourceType>res_salesOrgId</con:sourceType>
        <con:sourceStep>Create initial data</con:sourceStep>
        <con:targetType>userSo</con:targetType>
        <con:targetStep>Global Properties</con:targetStep>
        <con:upgraded>true</con:upgraded>
      </con:transfers>
      <con:transfers setNullOnMissingSource="true" transferTextContent="true" failOnError="true" ignoreEmpty="false" transferToAll="false" entitize="false" transferChildNodes="false" disabled="false">
        <con:name>userToken</con:name>
        <con:sourceType>userToken</con:sourceType>
        <con:sourceStep>Create initial data</con:sourceStep>
        <con:targetType>AuthorizationUser</con:targetType>
        <con:targetStep>#Project#</con:targetStep>
        <con:upgraded>true</con:upgraded>
      </con:transfers>
    </con:config>
  </con:testStep>
  <con:testStep type="calltestcase" name="Create interaction without spec code" id="3c86070b-fb41-456c-9693-d4bf5ebad289">
    <con:settings/>
    <con:config xsi:type="con:RunTestCaseStep" xmlns:xsi="http://www.w3.org/2001/XMLSchema-instance">
      <con:targetTestCase>0384e774-63bd-45b1-9927-819d222a3710</con:targetTestCase>
      <con:properties>
        <con:property>
          <con:name>req_userRoleId</con:name>
          <con:value>313</con:value>
        </con:property>
        <con:property>
          <con:name>req_salesOrgRoleId</con:name>
          <con:value>311</con:value>
        </con:property>
        <con:property>
          <con:name>req_biSpecCode</con:name>
          <con:value/>
        </con:property>
        <con:property>
          <con:name>req_affectedUserRoleId</con:name>
          <con:value>313</con:value>
        </con:property>
        <con:property>
          <con:name>res_headerCode</con:name>
          <con:value>400</con:value>
        </con:property>
        <con:property>
          <con:name>req_externalBIId</con:name>
          <con:value xsi:nil="true"/>
        </con:property>
        <con:property>
          <con:name>res_biId</con:name>
          <con:value xsi:nil="true"/>
        </con:property>
        <con:property>
          <con:name>res_code</con:name>
          <con:value>BUSINESS_INTERACTION_CODE_MUST_BE_PROVIDED</con:value>
        </con:property>
        <con:property>
          <con:name>req_newActiveSalesOrgRoleId</con:name>
        </con:property>
        <con:property>
          <con:name>req_createdByUserRoleId</con:name>
        </con:property>
        <con:property>
          <con:name>req_createdBySalesOrganizationId</con:name>
        </con:property>
      </con:properties>
      <con:returnProperties>
        <con:entry>res_headerCode</con:entry>
        <con:entry>res_biId</con:entry>
        <con:entry>res_code</con:entry>
      </con:returnProperties>
      <con:runMode>PARALLELL</con:runMode>
    </con:config>
  </con:testStep>
  <con:testStep type="assertionteststep" name="Assertion spec code must be provided" id="529dd9d0-d98a-4f49-a551-7c73d9aaebd4">
    <con:settings/>
    <con:config xsi:type="con:AssertionTestStep" xmlns:xsi="http://www.w3.org/2001/XMLSchema-instance">
      <con:entry>
        <con:id>0c6765ef-8db7-4445-a875-61ee084c3cd0</con:id>
        <con:isGroup>false</con:isGroup>
        <con:sourceId>3c86070b-fb41-456c-9693-d4bf5ebad289</con:sourceId>
        <con:propertyName>res_headerCode</con:propertyName>
        <con:assertion type="Simple Equals" name="Equals" id="e8478238-5ed5-4e33-acfd-166ccd38005e">
          <con:configuration>
            <patternObjectId>a30f6d5c-6008-4141-9411-7c5ec5e6f39b</patternObjectId>
            <patternProperty>httpCode400</patternProperty>
            <caseSensitive>true</caseSensitive>
          </con:configuration>
        </con:assertion>
      </con:entry>
      <con:entry>
        <con:id>06fd8e34-af4a-40f6-9356-43f048d2572f</con:id>
        <con:isGroup>false</con:isGroup>
        <con:sourceId>3c86070b-fb41-456c-9693-d4bf5ebad289</con:sourceId>
        <con:propertyName>res_code</con:propertyName>
        <con:assertion type="Simple Equals" name="Equals 2" id="de3bdaf8-7a0a-4bda-a881-97085ba1a112">
          <con:configuration>
            <patternObjectId>4ae4a32f-7dbe-46a7-9787-c7512de04197</patternObjectId>
            <patternProperty>biSpecCodeMustBeProvided</patternProperty>
            <caseSensitive>true</caseSensitive>
          </con:configuration>
        </con:assertion>
      </con:entry>
    </con:config>
  </con:testStep>
  <con:testStep type="transfer" name="Create interaction with incorrect specCode - P.T." id="d560a55e-5b6d-4fb4-bfbf-60fb04e5d096">
    <con:settings/>
    <con:config xsi:type="con:PropertyTransfersStep" xmlns:xsi="http://www.w3.org/2001/XMLSchema-instance">
      <con:transfers setNullOnMissingSource="true" transferTextContent="true" failOnError="true" ignoreEmpty="false" transferToAll="false" entitize="false" transferChildNodes="false">
        <con:name>userRoleId</con:name>
        <con:sourceType>res_userRoleId</con:sourceType>
        <con:sourceStep>Create initial data</con:sourceStep>
        <con:sourcePath/>
        <con:targetType>req_userRoleId</con:targetType>
        <con:targetStep>Create interaction with incorrect specCode</con:targetStep>
        <con:targetPath/>
        <con:upgraded>true</con:upgraded>
      </con:transfers>
      <con:transfers setNullOnMissingSource="true" transferTextContent="true" failOnError="true" ignoreEmpty="false" transferToAll="false" entitize="false" transferChildNodes="false">
        <con:name>salesOrgRoleId</con:name>
        <con:sourceType>res_salesOrgId</con:sourceType>
        <con:sourceStep>Create initial data</con:sourceStep>
        <con:targetType>req_salesOrgRoleId</con:targetType>
        <con:targetStep>Create interaction with incorrect specCode</con:targetStep>
        <con:upgraded>true</con:upgraded>
      </con:transfers>
      <con:transfers setNullOnMissingSource="true" transferTextContent="true" failOnError="true" ignoreEmpty="false" transferToAll="false" entitize="false" transferChildNodes="false">
        <con:name>biSpecCode</con:name>
        <con:sourceType>biSpecCodeIncorrect</con:sourceType>
        <con:sourceStep>Global Properties</con:sourceStep>
        <con:targetType>req_biSpecCode</con:targetType>
        <con:targetStep>Create interaction with incorrect specCode</con:targetStep>
        <con:upgraded>true</con:upgraded>
      </con:transfers>
      <con:transfers setNullOnMissingSource="true" transferTextContent="true" failOnError="true" ignoreEmpty="false" transferToAll="false" entitize="false" transferChildNodes="false">
        <con:name>affectedUserRoleId</con:name>
        <con:sourceType>res_userRoleId</con:sourceType>
        <con:sourceStep>Create initial data</con:sourceStep>
        <con:targetType>req_affectedUserRoleId</con:targetType>
        <con:targetStep>Create interaction with incorrect specCode</con:targetStep>
        <con:upgraded>true</con:upgraded>
      </con:transfers>
      <con:transfers setNullOnMissingSource="true" transferTextContent="true" failOnError="true" ignoreEmpty="false" transferToAll="false" entitize="false" transferChildNodes="false">
        <con:name>userSo</con:name>
        <con:sourceType>res_salesOrgId</con:sourceType>
        <con:sourceStep>Create initial data</con:sourceStep>
        <con:targetType>userSo</con:targetType>
        <con:targetStep>Global Properties</con:targetStep>
        <con:upgraded>true</con:upgraded>
      </con:transfers>
    </con:config>
  </con:testStep>
  <con:testStep type="calltestcase" name="Create interaction with incorrect specCode" id="abcb1056-c2a0-4f1b-a823-d53593d944d1">
    <con:settings/>
    <con:config xsi:type="con:RunTestCaseStep" xmlns:xsi="http://www.w3.org/2001/XMLSchema-instance">
      <con:targetTestCase>0384e774-63bd-45b1-9927-819d222a3710</con:targetTestCase>
      <con:properties>
        <con:property>
          <con:name>req_userRoleId</con:name>
          <con:value>313</con:value>
        </con:property>
        <con:property>
          <con:name>req_salesOrgRoleId</con:name>
          <con:value>311</con:value>
        </con:property>
        <con:property>
          <con:name>req_biSpecCode</con:name>
          <con:value>INCORRECT_SPEC_CODE</con:value>
        </con:property>
        <con:property>
          <con:name>req_affectedUserRoleId</con:name>
          <con:value>313</con:value>
        </con:property>
        <con:property>
          <con:name>res_headerCode</con:name>
          <con:value>400</con:value>
        </con:property>
        <con:property>
          <con:name>req_externalBIId</con:name>
          <con:value xsi:nil="true"/>
        </con:property>
        <con:property>
          <con:name>res_biId</con:name>
          <con:value xsi:nil="true"/>
        </con:property>
        <con:property>
          <con:name>res_code</con:name>
          <con:value>BUSINESS_INTERACTION_SPEC_WITH_CODE_DOES_NOT_EXIST</con:value>
        </con:property>
        <con:property>
          <con:name>req_newActiveSalesOrgRoleId</con:name>
        </con:property>
        <con:property>
          <con:name>req_createdByUserRoleId</con:name>
        </con:property>
        <con:property>
          <con:name>req_createdBySalesOrganizationId</con:name>
        </con:property>
      </con:properties>
      <con:returnProperties>
        <con:entry>res_headerCode</con:entry>
        <con:entry>res_biId</con:entry>
        <con:entry>res_code</con:entry>
      </con:returnProperties>
      <con:runMode>PARALLELL</con:runMode>
    </con:config>
  </con:testStep>
  <con:testStep type="assertionteststep" name="Assertion spec code does not exist" id="17478f6f-18a3-472b-aab1-428eb5b2f432">
    <con:settings/>
    <con:config xsi:type="con:AssertionTestStep" xmlns:xsi="http://www.w3.org/2001/XMLSchema-instance">
      <con:entry>
        <con:id>ae15de83-52df-49a5-9c86-ba717cdb07dd</con:id>
        <con:isGroup>false</con:isGroup>
        <con:sourceId>abcb1056-c2a0-4f1b-a823-d53593d944d1</con:sourceId>
        <con:propertyName>res_headerCode</con:propertyName>
        <con:assertion type="Simple Equals" name="Equals" id="6d3cb178-3471-4203-ab4a-46f9309e1df5">
          <con:configuration>
            <patternObjectId>4ae4a32f-7dbe-46a7-9787-c7512de04197</patternObjectId>
            <patternProperty>httpCode400</patternProperty>
            <caseSensitive>true</caseSensitive>
          </con:configuration>
        </con:assertion>
      </con:entry>
      <con:entry>
        <con:id>1d06bea9-68be-4fc3-92ab-8bf2c7488391</con:id>
        <con:isGroup>false</con:isGroup>
        <con:sourceId>abcb1056-c2a0-4f1b-a823-d53593d944d1</con:sourceId>
        <con:propertyName>res_code</con:propertyName>
        <con:assertion type="Simple Equals" name="Equals 2" id="da0b468d-681d-4cff-8218-67931bb7ad51">
          <con:configuration>
            <patternObjectId>4ae4a32f-7dbe-46a7-9787-c7512de04197</patternObjectId>
            <patternProperty>biSpecCodeNonExist</patternProperty>
            <caseSensitive>true</caseSensitive>
          </con:configuration>
        </con:assertion>
      </con:entry>
    </con:config>
  </con:testStep>
  <con:testStep type="transfer" name="Change user status passive - P.T." id="a92c5ddd-65b7-4c8e-adf5-03a45cfc5fa0">
    <con:settings/>
    <con:config xsi:type="con:PropertyTransfersStep" xmlns:xsi="http://www.w3.org/2001/XMLSchema-instance">
      <con:transfers setNullOnMissingSource="true" transferTextContent="true" failOnError="true" ignoreEmpty="false" transferToAll="false" entitize="false" transferChildNodes="false">
        <con:name>userRoleId</con:name>
        <con:sourceType>res_userRoleId</con:sourceType>
        <con:sourceStep>Create initial data</con:sourceStep>
        <con:sourcePath/>
        <con:targetType>req_userRoleId</con:targetType>
        <con:targetStep>Change user status passive</con:targetStep>
        <con:targetPath/>
        <con:upgraded>true</con:upgraded>
      </con:transfers>
      <con:transfers setNullOnMissingSource="true" transferTextContent="true" failOnError="true" ignoreEmpty="false" transferToAll="false" entitize="false" transferChildNodes="false">
        <con:name>salesOrgRoleId</con:name>
        <con:sourceType>res_salesOrgId</con:sourceType>
        <con:sourceStep>Create initial data</con:sourceStep>
        <con:targetType>req_salesOrganizationRoleId</con:targetType>
        <con:targetStep>Change user status passive</con:targetStep>
        <con:upgraded>true</con:upgraded>
      </con:transfers>
      <con:transfers setNullOnMissingSource="true" transferTextContent="true" failOnError="true" ignoreEmpty="false" transferToAll="false" entitize="false" transferChildNodes="false">
        <con:name>userExtId</con:name>
        <con:sourceType>res_userRoleId</con:sourceType>
        <con:sourceStep>Create initial data</con:sourceStep>
        <con:targetType>req_userExtId</con:targetType>
        <con:targetStep>Change user status passive</con:targetStep>
        <con:upgraded>true</con:upgraded>
      </con:transfers>
      <con:transfers setNullOnMissingSource="true" transferTextContent="true" failOnError="true" ignoreEmpty="false" transferToAll="false" entitize="false" transferChildNodes="false">
        <con:name>status</con:name>
        <con:sourceType>statusPassive</con:sourceType>
        <con:sourceStep>Global Properties</con:sourceStep>
        <con:targetType>req_status</con:targetType>
        <con:targetStep>Change user status passive</con:targetStep>
        <con:upgraded>true</con:upgraded>
      </con:transfers>
    </con:config>
  </con:testStep>
  <con:testStep type="calltestcase" name="Change user status passive" id="0a7655f8-4e08-4103-a314-c1f92168d594">
    <con:settings/>
    <con:config xsi:type="con:RunTestCaseStep" xmlns:xsi="http://www.w3.org/2001/XMLSchema-instance">
      <con:targetTestCase>aaf8b283-a069-4bf2-b810-66b4830803bc</con:targetTestCase>
      <con:properties>
        <con:property>
          <con:name>req_userRoleId</con:name>
          <con:value>313</con:value>
        </con:property>
        <con:property>
          <con:name>res_biId</con:name>
          <con:value>6661</con:value>
        </con:property>
        <con:property>
          <con:name>res_headerCode</con:name>
          <con:value>200</con:value>
        </con:property>
        <con:property>
          <con:name>req_salesOrganizationRoleId</con:name>
          <con:value>311</con:value>
        </con:property>
        <con:property>
          <con:name>req_userExtId</con:name>
          <con:value>313</con:value>
        </con:property>
        <con:property>
          <con:name>req_status</con:name>
          <con:value>Passive</con:value>
        </con:property>
      </con:properties>
      <con:returnProperties>
        <con:entry>res_headerCode</con:entry>
        <con:entry>res_biId</con:entry>
      </con:returnProperties>
      <con:runMode>PARALLELL</con:runMode>
    </con:config>
  </con:testStep>
  <con:testStep type="assertionteststep" name="Assertion status changed successfully" id="c66ced5f-95ae-4464-bc41-b21a3d31efea">
    <con:settings/>
    <con:config xsi:type="con:AssertionTestStep" xmlns:xsi="http://www.w3.org/2001/XMLSchema-instance">
      <con:entry>
        <con:id>06931558-6de4-4129-8279-9034b7d9cee4</con:id>
        <con:isGroup>false</con:isGroup>
        <con:sourceId>0a7655f8-4e08-4103-a314-c1f92168d594</con:sourceId>
        <con:propertyName>res_headerCode</con:propertyName>
        <con:assertion type="Simple Equals" name="Equals" id="8d979128-34bb-4f7b-8a36-411bd145a3b5">
          <con:configuration>
            <patternObjectId>a30f6d5c-6008-4141-9411-7c5ec5e6f39b</patternObjectId>
            <patternProperty>httpCode200</patternProperty>
            <caseSensitive>true</caseSensitive>
          </con:configuration>
        </con:assertion>
      </con:entry>
    </con:config>
  </con:testStep>
  <con:testStep type="transfer" name="Create interaction with inactive user - P.T." id="d789257a-825a-4dcc-b37d-1ac7e015c7bf">
    <con:settings/>
    <con:config xsi:type="con:PropertyTransfersStep" xmlns:xsi="http://www.w3.org/2001/XMLSchema-instance">
      <con:transfers setNullOnMissingSource="true" transferTextContent="true" failOnError="true" ignoreEmpty="false" transferToAll="false" entitize="false" transferChildNodes="false">
        <con:name>userRoleId</con:name>
        <con:sourceType>res_userRoleId</con:sourceType>
        <con:sourceStep>Create initial data</con:sourceStep>
        <con:sourcePath/>
        <con:targetType>req_userRoleId</con:targetType>
        <con:targetStep>Create interaction with inactive user</con:targetStep>
        <con:targetPath/>
        <con:upgraded>true</con:upgraded>
      </con:transfers>
      <con:transfers setNullOnMissingSource="true" transferTextContent="true" failOnError="true" ignoreEmpty="false" transferToAll="false" entitize="false" transferChildNodes="false">
        <con:name>salesOrgRoleId</con:name>
        <con:sourceType>res_salesOrgId</con:sourceType>
        <con:sourceStep>Create initial data</con:sourceStep>
        <con:targetType>req_salesOrgRoleId</con:targetType>
        <con:targetStep>Create interaction with inactive user</con:targetStep>
        <con:upgraded>true</con:upgraded>
      </con:transfers>
      <con:transfers setNullOnMissingSource="true" transferTextContent="true" failOnError="true" ignoreEmpty="false" transferToAll="false" entitize="false" transferChildNodes="false">
        <con:name>biSpecCode</con:name>
        <con:sourceType>biSpecCode</con:sourceType>
        <con:sourceStep>Global Properties</con:sourceStep>
        <con:targetType>req_biSpecCode</con:targetType>
        <con:targetStep>Create interaction with inactive user</con:targetStep>
        <con:upgraded>true</con:upgraded>
      </con:transfers>
      <con:transfers setNullOnMissingSource="true" transferTextContent="true" failOnError="true" ignoreEmpty="false" transferToAll="false" entitize="false" transferChildNodes="false">
        <con:name>affectedUserRoleId</con:name>
        <con:sourceType>res_userRoleId</con:sourceType>
        <con:sourceStep>Create initial data</con:sourceStep>
        <con:targetType>req_affectedUserRoleId</con:targetType>
        <con:targetStep>Create interaction with inactive user</con:targetStep>
        <con:upgraded>true</con:upgraded>
      </con:transfers>
    </con:config>
  </con:testStep>
  <con:testStep type="calltestcase" name="Create interaction with inactive user" id="66290673-5df0-46f1-b250-7fa78162ac53">
    <con:settings/>
    <con:config xsi:type="con:RunTestCaseStep" xmlns:xsi="http://www.w3.org/2001/XMLSchema-instance">
      <con:targetTestCase>0384e774-63bd-45b1-9927-819d222a3710</con:targetTestCase>
      <con:properties>
        <con:property>
          <con:name>req_userRoleId</con:name>
          <con:value>313</con:value>
        </con:property>
        <con:property>
          <con:name>req_salesOrgRoleId</con:name>
          <con:value>311</con:value>
        </con:property>
        <con:property>
          <con:name>req_biSpecCode</con:name>
          <con:value>CHANGE_SALES_ORGANIZATIONS_OF_USER</con:value>
        </con:property>
        <con:property>
          <con:name>req_affectedUserRoleId</con:name>
          <con:value>313</con:value>
        </con:property>
        <con:property>
          <con:name>res_headerCode</con:name>
          <con:value>403</con:value>
        </con:property>
        <con:property>
          <con:name>req_externalBIId</con:name>
          <con:value xsi:nil="true"/>
        </con:property>
        <con:property>
          <con:name>res_biId</con:name>
          <con:value xsi:nil="true"/>
        </con:property>
        <con:property>
          <con:name>res_code</con:name>
          <con:value>USER_NOT_ACTIVE</con:value>
        </con:property>
        <con:property>
          <con:name>req_newActiveSalesOrgRoleId</con:name>
        </con:property>
        <con:property>
          <con:name>req_createdByUserRoleId</con:name>
        </con:property>
        <con:property>
          <con:name>req_createdBySalesOrganizationId</con:name>
        </con:property>
      </con:properties>
      <con:returnProperties>
        <con:entry>res_headerCode</con:entry>
        <con:entry>res_biId</con:entry>
        <con:entry>res_code</con:entry>
      </con:returnProperties>
      <con:runMode>PARALLELL</con:runMode>
    </con:config>
  </con:testStep>
  <con:testStep type="assertionteststep" name="Assertion user not active" id="55676954-97bb-463d-af85-d15ebb88c355">
    <con:settings/>
    <con:config xsi:type="con:AssertionTestStep" xmlns:xsi="http://www.w3.org/2001/XMLSchema-instance">
      <con:entry>
        <con:id>b280034d-80be-4ecf-8bce-af58954cd89d</con:id>
        <con:isGroup>false</con:isGroup>
        <con:sourceId>66290673-5df0-46f1-b250-7fa78162ac53</con:sourceId>
        <con:propertyName>res_headerCode</con:propertyName>
        <con:assertion type="Simple Equals" name="Equals" id="3965ac01-c16f-4161-8bec-a14e2fc76e12">
          <con:configuration>
            <patternObjectId>4ae4a32f-7dbe-46a7-9787-c7512de04197</patternObjectId>
            <patternProperty>httpCode403</patternProperty>
            <caseSensitive>true</caseSensitive>
          </con:configuration>
        </con:assertion>
      </con:entry>
      <con:entry>
        <con:id>1449789b-d231-464b-b763-08ea1c05149d</con:id>
        <con:isGroup>false</con:isGroup>
        <con:sourceId>66290673-5df0-46f1-b250-7fa78162ac53</con:sourceId>
        <con:propertyName>res_code</con:propertyName>
        <con:assertion type="Simple Equals" name="Equals 2" id="c77bf859-c6ec-4c26-96b5-9864e7cd32d6">
          <con:configuration>
            <patternObjectId>4ae4a32f-7dbe-46a7-9787-c7512de04197</patternObjectId>
            <patternProperty>error_USER_NOT_ACTIVE</patternProperty>
            <caseSensitive>true</caseSensitive>
          </con:configuration>
        </con:assertion>
      </con:entry>
    </con:config>
  </con:testStep>
  <con:testStep type="transfer" name="Change user status active - P.T." id="b96ca453-7741-4b14-a412-8bdcaf1ea7f9">
    <con:settings/>
    <con:config xsi:type="con:PropertyTransfersStep" xmlns:xsi="http://www.w3.org/2001/XMLSchema-instance">
      <con:transfers setNullOnMissingSource="true" transferTextContent="true" failOnError="true" ignoreEmpty="false" transferToAll="false" entitize="false" transferChildNodes="false">
        <con:name>userExtId</con:name>
        <con:sourceType>res_userRoleId</con:sourceType>
        <con:sourceStep>Create initial data</con:sourceStep>
        <con:targetType>req_userExtId</con:targetType>
        <con:targetStep>Change user status active</con:targetStep>
        <con:upgraded>true</con:upgraded>
      </con:transfers>
      <con:transfers setNullOnMissingSource="true" transferTextContent="true" failOnError="true" ignoreEmpty="false" transferToAll="false" entitize="false" transferChildNodes="false">
        <con:name>status</con:name>
        <con:sourceType>statusActive</con:sourceType>
        <con:sourceStep>Global Properties</con:sourceStep>
        <con:targetType>req_status</con:targetType>
        <con:targetStep>Change user status active</con:targetStep>
        <con:upgraded>true</con:upgraded>
      </con:transfers>
      <con:transfers setNullOnMissingSource="true" transferTextContent="true" failOnError="true" ignoreEmpty="false" transferToAll="false" entitize="false" transferChildNodes="false">
        <con:name>userRoleId</con:name>
        <con:sourceType>res_userRoleId</con:sourceType>
        <con:sourceStep>Create initial data 2</con:sourceStep>
        <con:targetType>req_userRoleId</con:targetType>
        <con:targetStep>Change user status active</con:targetStep>
        <con:upgraded>true</con:upgraded>
      </con:transfers>
      <con:transfers setNullOnMissingSource="true" transferTextContent="true" failOnError="true" ignoreEmpty="false" transferToAll="false" entitize="false" transferChildNodes="false">
        <con:name>salesOrgId</con:name>
        <con:sourceType>res_salesOrgId</con:sourceType>
        <con:sourceStep>Create initial data 2</con:sourceStep>
        <con:targetType>req_salesOrganizationRoleId</con:targetType>
        <con:targetStep>Change user status active</con:targetStep>
        <con:upgraded>true</con:upgraded>
      </con:transfers>
      <con:transfers setNullOnMissingSource="true" transferTextContent="true" failOnError="true" ignoreEmpty="false" transferToAll="false" entitize="false" transferChildNodes="false">
        <con:name>userToken</con:name>
        <con:sourceType>userToken</con:sourceType>
        <con:sourceStep>Create initial data 2</con:sourceStep>
        <con:targetType>AuthorizationUser</con:targetType>
        <con:targetStep>#Project#</con:targetStep>
        <con:upgraded>true</con:upgraded>
      </con:transfers>
      <con:transfers setNullOnMissingSource="true" transferTextContent="true" failOnError="true" ignoreEmpty="false" transferToAll="false" entitize="false" transferChildNodes="false">
        <con:name>userSo</con:name>
        <con:sourceType>res_salesOrgId</con:sourceType>
        <con:sourceStep>Create initial data 2</con:sourceStep>
        <con:targetType>UserSo</con:targetType>
        <con:targetStep>#Project#</con:targetStep>
        <con:upgraded>true</con:upgraded>
      </con:transfers>
    </con:config>
  </con:testStep>
  <con:testStep type="calltestcase" name="Change user status active" id="97a020ec-dac9-4e36-b0a0-7a3990b31404">
    <con:settings/>
    <con:config xsi:type="con:RunTestCaseStep" xmlns:xsi="http://www.w3.org/2001/XMLSchema-instance">
      <con:targetTestCase>aaf8b283-a069-4bf2-b810-66b4830803bc</con:targetTestCase>
      <con:properties>
        <con:property>
          <con:name>req_userRoleId</con:name>
          <con:value>317</con:value>
        </con:property>
        <con:property>
          <con:name>res_biId</con:name>
          <con:value>6671</con:value>
        </con:property>
        <con:property>
          <con:name>res_headerCode</con:name>
          <con:value>200</con:value>
        </con:property>
        <con:property>
          <con:name>req_salesOrganizationRoleId</con:name>
          <con:value>315</con:value>
        </con:property>
        <con:property>
          <con:name>req_userExtId</con:name>
          <con:value>313</con:value>
        </con:property>
        <con:property>
          <con:name>req_status</con:name>
          <con:value>Active</con:value>
        </con:property>
      </con:properties>
      <con:returnProperties>
        <con:entry>res_headerCode</con:entry>
        <con:entry>res_biId</con:entry>
      </con:returnProperties>
      <con:runMode>PARALLELL</con:runMode>
    </con:config>
  </con:testStep>
  <con:testStep type="assertionteststep" name="Assertion status changed successfully 2" id="bebcc650-27c0-4e71-a9fc-692af63bf4da">
    <con:settings/>
    <con:config xsi:type="con:AssertionTestStep" xmlns:xsi="http://www.w3.org/2001/XMLSchema-instance">
      <con:entry>
        <con:id>cbe4bcf8-d7e0-48d4-bc59-626f2f40414f</con:id>
        <con:isGroup>false</con:isGroup>
        <con:sourceId>97a020ec-dac9-4e36-b0a0-7a3990b31404</con:sourceId>
        <con:propertyName>res_headerCode</con:propertyName>
        <con:assertion type="Simple Equals" name="Equals" id="e00918f4-259e-4a2f-980e-9e5a990c8d7d">
          <con:configuration>
            <patternObjectId>a30f6d5c-6008-4141-9411-7c5ec5e6f39b</patternObjectId>
            <patternProperty>httpCode200</patternProperty>
            <caseSensitive>true</caseSensitive>
          </con:configuration>
        </con:assertion>
      </con:entry>
    </con:config>
  </con:testStep>
  <con:testStep type="datagen" name="DataGen externalBIId" id="3d056895-73b1-49f7-b5df-1d487f5eade5" disabled="true">
    <con:settings/>
    <con:config xsi:type="con:DataGeneratorStep" xmlns:xsi="http://www.w3.org/2001/XMLSchema-instance">
      <con:property type="Script">
        <con:configuration>
          <script>def externalBIId = context.expand( '${Global Properties#externalBIId}' )
return externalBIId</script>
        </con:configuration>
        <con:name>externalBIId</con:name>
        <con:mode>STEP</con:mode>
        <con:shared>false</con:shared>
      </con:property>
    </con:config>
  </con:testStep>
  <con:testStep type="transfer" name="Create interaction success - P.T." id="68879cf7-2acc-4aef-a7eb-2249166ed12a">
    <con:settings/>
    <con:config xsi:type="con:PropertyTransfersStep" xmlns:xsi="http://www.w3.org/2001/XMLSchema-instance">
      <con:transfers setNullOnMissingSource="true" transferTextContent="true" failOnError="true" ignoreEmpty="false" transferToAll="false" entitize="false" transferChildNodes="false">
        <con:name>userRoleId</con:name>
        <con:sourceType>res_userRoleId</con:sourceType>
        <con:sourceStep>Create initial data</con:sourceStep>
        <con:sourcePath/>
        <con:targetType>req_userRoleId</con:targetType>
        <con:targetStep>Create interaction success</con:targetStep>
        <con:targetPath/>
        <con:upgraded>true</con:upgraded>
      </con:transfers>
      <con:transfers setNullOnMissingSource="true" transferTextContent="true" failOnError="true" ignoreEmpty="false" transferToAll="false" entitize="false" transferChildNodes="false">
        <con:name>salesOrgRoleId</con:name>
        <con:sourceType>res_salesOrgId</con:sourceType>
        <con:sourceStep>Create initial data</con:sourceStep>
        <con:targetType>req_salesOrgRoleId</con:targetType>
        <con:targetStep>Create interaction success</con:targetStep>
        <con:upgraded>true</con:upgraded>
      </con:transfers>
      <con:transfers setNullOnMissingSource="true" transferTextContent="true" failOnError="true" ignoreEmpty="false" transferToAll="false" entitize="false" transferChildNodes="false">
        <con:name>biSpecCode</con:name>
        <con:sourceType>biSpecCode</con:sourceType>
        <con:sourceStep>Global Properties</con:sourceStep>
        <con:targetType>req_biSpecCode</con:targetType>
        <con:targetStep>Create interaction success</con:targetStep>
        <con:upgraded>true</con:upgraded>
      </con:transfers>
      <con:transfers setNullOnMissingSource="true" transferTextContent="true" failOnError="true" ignoreEmpty="false" transferToAll="false" entitize="false" transferChildNodes="false">
        <con:name>affectedUserRoleId</con:name>
        <con:sourceType>res_userRoleId</con:sourceType>
        <con:sourceStep>Create initial data 2</con:sourceStep>
        <con:targetType>req_affectedUserRoleId</con:targetType>
        <con:targetStep>Create interaction success</con:targetStep>
        <con:upgraded>true</con:upgraded>
      </con:transfers>
      <con:transfers setNullOnMissingSource="true" transferTextContent="true" failOnError="true" ignoreEmpty="false" transferToAll="false" entitize="false" transferChildNodes="false">
        <con:name>userToken</con:name>
        <con:sourceType>userToken</con:sourceType>
        <con:sourceStep>Create initial data</con:sourceStep>
        <con:targetType>AuthorizationUser</con:targetType>
        <con:targetStep>#Project#</con:targetStep>
        <con:upgraded>true</con:upgraded>
      </con:transfers>
      <con:transfers setNullOnMissingSource="true" transferTextContent="true" failOnError="true" ignoreEmpty="false" transferToAll="false" entitize="false" transferChildNodes="false">
        <con:name>userSo</con:name>
        <con:sourceType>res_salesOrgId</con:sourceType>
        <con:sourceStep>Create initial data</con:sourceStep>
        <con:targetType>UserSo</con:targetType>
        <con:targetStep>#Project#</con:targetStep>
        <con:upgraded>true</con:upgraded>
      </con:transfers>
      <con:transfers setNullOnMissingSource="true" transferTextContent="true" failOnError="true" ignoreEmpty="false" transferToAll="false" entitize="false" transferChildNodes="false">
        <con:name>externalBIId</con:name>
        <con:sourceType>externalBIId</con:sourceType>
        <con:sourceStep>Global Properties</con:sourceStep>
        <con:targetType>req_externalBIId</con:targetType>
        <con:targetStep>Create interaction success</con:targetStep>
        <con:upgraded>true</con:upgraded>
      </con:transfers>
      <con:transfers setNullOnMissingSource="true" transferTextContent="true" failOnError="true" disabled="false" entitize="false" ignoreEmpty="false" transferChildNodes="false" transferToAll="false" useXQuery="false">
        <con:name>createdByUserRoleId</con:name>
        <con:sourceType>res_userRoleId</con:sourceType>
        <con:sourceStep>Create initial data 3</con:sourceStep>
        <con:sourcePath/>
        <con:targetType>req_createdByUserRoleId</con:targetType>
        <con:targetStep>Create interaction success</con:targetStep>
        <con:targetPath/>
        <con:type>XPATH</con:type>
        <con:targetTransferType>XPATH</con:targetTransferType>
        <con:upgraded>true</con:upgraded>
      </con:transfers>
      <con:transfers setNullOnMissingSource="true" transferTextContent="true" failOnError="true" disabled="false" entitize="false" ignoreEmpty="false" transferChildNodes="false" transferToAll="false" useXQuery="false">
        <con:name>createdBySOId</con:name>
        <con:sourceType>res_salesOrgId</con:sourceType>
        <con:sourceStep>Create initial data 3</con:sourceStep>
        <con:sourcePath/>
        <con:targetType>req_createdBySalesOrganizationId</con:targetType>
        <con:targetStep>Create interaction success</con:targetStep>
        <con:targetPath/>
        <con:type>XPATH</con:type>
        <con:targetTransferType>XPATH</con:targetTransferType>
        <con:upgraded>true</con:upgraded>
      </con:transfers>
    </con:config>
  </con:testStep>
  <con:testStep type="calltestcase" name="Create interaction success" id="72dcd8c5-75f9-432f-adb6-8b7486ec6bd6">
    <con:settings/>
    <con:config xsi:type="con:RunTestCaseStep" xmlns:xsi="http://www.w3.org/2001/XMLSchema-instance">
      <con:targetTestCase>0384e774-63bd-45b1-9927-819d222a3710</con:targetTestCase>
      <con:properties>
        <con:property>
          <con:name>req_userRoleId</con:name>
          <con:value>313</con:value>
        </con:property>
        <con:property>
          <con:name>req_salesOrgRoleId</con:name>
          <con:value>311</con:value>
        </con:property>
        <con:property>
          <con:name>req_biSpecCode</con:name>
          <con:value>CHANGE_SALES_ORGANIZATIONS_OF_USER</con:value>
        </con:property>
        <con:property>
          <con:name>req_affectedUserRoleId</con:name>
          <con:value>317</con:value>
        </con:property>
        <con:property>
          <con:name>res_headerCode</con:name>
          <con:value>201</con:value>
        </con:property>
        <con:property>
          <con:name>req_externalBIId</con:name>
          <con:value>EXT-BI-ID22</con:value>
        </con:property>
        <con:property>
          <con:name>res_biId</con:name>
          <con:value>6681</con:value>
        </con:property>
        <con:property>
          <con:name>res_code</con:name>
          <con:value xsi:nil="true"/>
        </con:property>
        <con:property>
          <con:name>req_newActiveSalesOrgRoleId</con:name>
        </con:property>
        <con:property>
          <con:name>req_createdByUserRoleId</con:name>
          <con:value>321</con:value>
        </con:property>
        <con:property>
          <con:name>req_createdBySalesOrganizationId</con:name>
          <con:value>319</con:value>
        </con:property>
      </con:properties>
      <con:returnProperties>
        <con:entry>res_headerCode</con:entry>
        <con:entry>res_biId</con:entry>
        <con:entry>res_code</con:entry>
      </con:returnProperties>
      <con:runMode>PARALLELL</con:runMode>
    </con:config>
  </con:testStep>
  <con:testStep type="assertionteststep" name="Assertion interaction created success" id="d70ac9e4-1d3e-4afd-b2fa-df23fe39c61e">
    <con:settings/>
    <con:config xsi:type="con:AssertionTestStep" xmlns:xsi="http://www.w3.org/2001/XMLSchema-instance">
      <con:entry>
        <con:id>ac3f7787-fb6d-41cc-a076-2724f4cd02bb</con:id>
        <con:isGroup>false</con:isGroup>
        <con:sourceId>72dcd8c5-75f9-432f-adb6-8b7486ec6bd6</con:sourceId>
        <con:propertyName>res_headerCode</con:propertyName>
        <con:assertion type="Simple Equals" name="Equals" id="5bd2ce97-b359-4763-a71e-20449a10b292">
          <con:configuration>
            <patternObjectId>4ae4a32f-7dbe-46a7-9787-c7512de04197</patternObjectId>
            <patternProperty>httpCode201</patternProperty>
            <caseSensitive>true</caseSensitive>
          </con:configuration>
        </con:assertion>
      </con:entry>
      <con:entry>
        <con:id>a840dfa8-bdfc-489f-87e0-9068fc9a20aa</con:id>
        <con:isGroup>false</con:isGroup>
        <con:sourceId>72dcd8c5-75f9-432f-adb6-8b7486ec6bd6</con:sourceId>
        <con:propertyName>res_biId</con:propertyName>
        <con:assertion type="Simple Contains" name="Contains" id="fece0a4a-ea36-4478-b03a-1f44b8185b79">
          <con:configuration>
            <token>\d+</token>
            <ignoreCase>false</ignoreCase>
            <useRegEx>true</useRegEx>
          </con:configuration>
        </con:assertion>
      </con:entry>
    </con:config>
  </con:testStep>
  <con:testStep type="transfer" name="Create interaction with existing externalBIId - P.T" id="dcfd098e-adf2-4db0-948f-7c09118812ed">
    <con:settings/>
    <con:config xsi:type="con:PropertyTransfersStep" xmlns:xsi="http://www.w3.org/2001/XMLSchema-instance">
      <con:transfers setNullOnMissingSource="true" transferTextContent="true" failOnError="true" ignoreEmpty="false" transferToAll="false" entitize="false" transferChildNodes="false">
        <con:name>userRoleId</con:name>
        <con:sourceType>res_userRoleId</con:sourceType>
        <con:sourceStep>Create initial data</con:sourceStep>
        <con:sourcePath/>
        <con:targetType>req_userRoleId</con:targetType>
        <con:targetStep>Create interaction with existing externalBIId</con:targetStep>
        <con:targetPath/>
        <con:upgraded>true</con:upgraded>
      </con:transfers>
      <con:transfers setNullOnMissingSource="true" transferTextContent="true" failOnError="true" ignoreEmpty="false" transferToAll="false" entitize="false" transferChildNodes="false">
        <con:name>salesOrgRoleId</con:name>
        <con:sourceType>res_salesOrgId</con:sourceType>
        <con:sourceStep>Create initial data</con:sourceStep>
        <con:targetType>req_salesOrgRoleId</con:targetType>
        <con:targetStep>Create interaction with existing externalBIId</con:targetStep>
        <con:upgraded>true</con:upgraded>
      </con:transfers>
      <con:transfers setNullOnMissingSource="true" transferTextContent="true" failOnError="true" ignoreEmpty="false" transferToAll="false" entitize="false" transferChildNodes="false">
        <con:name>biSpecCode</con:name>
        <con:sourceType>biSpecCode</con:sourceType>
        <con:sourceStep>Global Properties</con:sourceStep>
        <con:targetType>req_biSpecCode</con:targetType>
        <con:targetStep>Create interaction with existing externalBIId</con:targetStep>
        <con:upgraded>true</con:upgraded>
      </con:transfers>
      <con:transfers setNullOnMissingSource="true" transferTextContent="true" failOnError="true" ignoreEmpty="false" transferToAll="false" entitize="false" transferChildNodes="false">
        <con:name>affectedUserRoleId</con:name>
        <con:sourceType>res_userRoleId</con:sourceType>
        <con:sourceStep>Create initial data 2</con:sourceStep>
        <con:targetType>req_affectedUserRoleId</con:targetType>
        <con:targetStep>Create interaction with existing externalBIId</con:targetStep>
        <con:upgraded>true</con:upgraded>
      </con:transfers>
      <con:transfers setNullOnMissingSource="true" transferTextContent="true" failOnError="true" ignoreEmpty="false" transferToAll="false" entitize="false" transferChildNodes="false">
        <con:name>userToken</con:name>
        <con:sourceType>userToken</con:sourceType>
        <con:sourceStep>Create initial data</con:sourceStep>
        <con:targetType>AuthorizationUser</con:targetType>
        <con:targetStep>#Project#</con:targetStep>
        <con:upgraded>true</con:upgraded>
      </con:transfers>
      <con:transfers setNullOnMissingSource="true" transferTextContent="true" failOnError="true" ignoreEmpty="false" transferToAll="false" entitize="false" transferChildNodes="false">
        <con:name>userSo</con:name>
        <con:sourceType>res_salesOrgId</con:sourceType>
        <con:sourceStep>Create initial data</con:sourceStep>
        <con:targetType>UserSo</con:targetType>
        <con:targetStep>#Project#</con:targetStep>
        <con:upgraded>true</con:upgraded>
      </con:transfers>
      <con:transfers setNullOnMissingSource="true" transferTextContent="true" failOnError="true" ignoreEmpty="false" transferToAll="false" entitize="false" transferChildNodes="false">
        <con:name>externalBIId</con:name>
        <con:sourceType>externalBIId</con:sourceType>
        <con:sourceStep>Global Properties</con:sourceStep>
        <con:targetType>req_externalBIId</con:targetType>
        <con:targetStep>Create interaction with existing externalBIId</con:targetStep>
        <con:upgraded>true</con:upgraded>
      </con:transfers>
    </con:config>
  </con:testStep>
  <con:testStep type="calltestcase" name="Create interaction with existing externalBIId" id="be3c1deb-6677-4087-a202-15b4b3662a7d">
    <con:settings/>
    <con:config xsi:type="con:RunTestCaseStep" xmlns:xsi="http://www.w3.org/2001/XMLSchema-instance">
      <con:targetTestCase>0384e774-63bd-45b1-9927-819d222a3710</con:targetTestCase>
      <con:properties>
        <con:property>
          <con:name>req_userRoleId</con:name>
          <con:value>313</con:value>
        </con:property>
        <con:property>
          <con:name>req_salesOrgRoleId</con:name>
          <con:value>311</con:value>
        </con:property>
        <con:property>
          <con:name>req_biSpecCode</con:name>
          <con:value>CHANGE_SALES_ORGANIZATIONS_OF_USER</con:value>
        </con:property>
        <con:property>
          <con:name>req_affectedUserRoleId</con:name>
          <con:value>317</con:value>
        </con:property>
        <con:property>
          <con:name>res_headerCode</con:name>
          <con:value>400</con:value>
        </con:property>
        <con:property>
          <con:name>req_externalBIId</con:name>
          <con:value>EXT-BI-ID22</con:value>
        </con:property>
        <con:property>
          <con:name>res_biId</con:name>
          <con:value xsi:nil="true"/>
        </con:property>
        <con:property>
          <con:name>res_code</con:name>
          <con:value>BI_WITH_SAME_EXTERNAL_ID_ALREADY_EXISTS</con:value>
        </con:property>
        <con:property>
          <con:name>req_newActiveSalesOrgRoleId</con:name>
        </con:property>
        <con:property>
          <con:name>req_createdByUserRoleId</con:name>
        </con:property>
        <con:property>
          <con:name>req_createdBySalesOrganizationId</con:name>
        </con:property>
      </con:properties>
      <con:returnProperties>
        <con:entry>res_headerCode</con:entry>
        <con:entry>res_biId</con:entry>
        <con:entry>res_code</con:entry>
      </con:returnProperties>
      <con:runMode>PARALLELL</con:runMode>
    </con:config>
  </con:testStep>
  <con:testStep type="assertionteststep" name="Assertion interaction with external id exists" id="9cab27d2-3eb7-42d6-8151-a4869e4e6e48">
    <con:settings/>
    <con:config xsi:type="con:AssertionTestStep" xmlns:xsi="http://www.w3.org/2001/XMLSchema-instance">
      <con:entry>
        <con:id>dd110d31-fe7c-4869-9b67-48eb86135f24</con:id>
        <con:isGroup>false</con:isGroup>
        <con:sourceId>be3c1deb-6677-4087-a202-15b4b3662a7d</con:sourceId>
        <con:propertyName>res_headerCode</con:propertyName>
        <con:assertion type="Simple Equals" name="Equals" id="cd6c81ac-bccd-4cf3-b152-5a6b54f49a8c">
          <con:configuration>
            <patternObjectId>4ae4a32f-7dbe-46a7-9787-c7512de04197</patternObjectId>
            <patternProperty>httpCode400</patternProperty>
            <caseSensitive>true</caseSensitive>
          </con:configuration>
        </con:assertion>
      </con:entry>
      <con:entry>
        <con:id>0569a451-528d-4bde-8d15-ba819285b11c</con:id>
        <con:isGroup>false</con:isGroup>
        <con:sourceId>be3c1deb-6677-4087-a202-15b4b3662a7d</con:sourceId>
        <con:propertyName>res_code</con:propertyName>
        <con:assertion type="Simple Equals" name="Equals 2" id="b34afa68-890f-4e23-aa96-d3c46e307c0a">
          <con:configuration>
            <patternObjectId>4ae4a32f-7dbe-46a7-9787-c7512de04197</patternObjectId>
            <patternProperty>errorMsg-biWithExtIdExists</patternProperty>
            <caseSensitive>true</caseSensitive>
          </con:configuration>
        </con:assertion>
      </con:entry>
    </con:config>
  </con:testStep>
  <con:testStep type="transfer" name="Add item to not exist business interaction - P.T." id="a6e5c74c-32d6-4ca1-a7c3-7d2e72551303">
    <con:settings/>
    <con:config xsi:type="con:PropertyTransfersStep" xmlns:xsi="http://www.w3.org/2001/XMLSchema-instance">
      <con:transfers setNullOnMissingSource="true" transferTextContent="true" failOnError="true" ignoreEmpty="false" transferToAll="false" entitize="false" transferChildNodes="false">
        <con:name>biId</con:name>
        <con:sourceType>nonExist</con:sourceType>
        <con:sourceStep>Global Properties</con:sourceStep>
        <con:sourcePath/>
        <con:targetType>req_biId</con:targetType>
        <con:targetStep>Add item to not exist business interaction</con:targetStep>
        <con:targetPath/>
        <con:upgraded>true</con:upgraded>
      </con:transfers>
      <con:transfers setNullOnMissingSource="true" transferTextContent="true" failOnError="true" ignoreEmpty="false" transferToAll="false" entitize="false" transferChildNodes="false">
        <con:name>salesOrgRoleId</con:name>
        <con:sourceType>res_salesOrgId</con:sourceType>
        <con:sourceStep>Create initial data</con:sourceStep>
        <con:targetType>req_salesOrgId</con:targetType>
        <con:targetStep>Add item to not exist business interaction</con:targetStep>
        <con:upgraded>true</con:upgraded>
      </con:transfers>
    </con:config>
  </con:testStep>
  <con:testStep type="calltestcase" name="Add item to not exist business interaction" id="09220dac-c3ab-4936-97b8-e595e716fd49">
    <con:settings/>
    <con:config xsi:type="con:RunTestCaseStep" xmlns:xsi="http://www.w3.org/2001/XMLSchema-instance">
      <con:targetTestCase>cb24c4bf-1bc6-4259-810d-b2237d7142bc</con:targetTestCase>
      <con:properties>
        <con:property>
          <con:name>req_salesOrgId</con:name>
          <con:value>311</con:value>
        </con:property>
        <con:property>
          <con:name>req_biId</con:name>
          <con:value>-1</con:value>
        </con:property>
        <con:property>
          <con:name>res_id</con:name>
          <con:value xsi:nil="true"/>
        </con:property>
        <con:property>
          <con:name>res_httpCode</con:name>
          <con:value>404</con:value>
        </con:property>
        <con:property>
          <con:name>res_code</con:name>
          <con:value>404</con:value>
        </con:property>
      </con:properties>
      <con:returnProperties>
        <con:entry>res_id</con:entry>
        <con:entry>res_httpCode</con:entry>
        <con:entry>res_code</con:entry>
      </con:returnProperties>
      <con:runMode>PARALLELL</con:runMode>
    </con:config>
  </con:testStep>
  <con:testStep type="assertionteststep" name="Assertion business interaction not found" id="fd89c774-467d-47a0-a8c5-4d6ee1e74c2b">
    <con:settings/>
    <con:config xsi:type="con:AssertionTestStep" xmlns:xsi="http://www.w3.org/2001/XMLSchema-instance">
      <con:entry>
        <con:id>75b2fa28-6686-4d65-91ca-3a61c88eecef</con:id>
        <con:isGroup>false</con:isGroup>
        <con:sourceId>09220dac-c3ab-4936-97b8-e595e716fd49</con:sourceId>
        <con:propertyName>res_httpCode</con:propertyName>
        <con:assertion type="Simple Equals" name="Equals" id="5263bd3b-9ce0-4e13-ac70-cccceb77a6bc">
          <con:configuration>
            <patternObjectId>4ae4a32f-7dbe-46a7-9787-c7512de04197</patternObjectId>
            <patternProperty>httpCode404</patternProperty>
            <caseSensitive>true</caseSensitive>
          </con:configuration>
        </con:assertion>
      </con:entry>
    </con:config>
  </con:testStep>
  <con:testStep type="transfer" name="Add not exist sales org item to interaction - P.T." id="6f045087-82b1-4607-81d9-905be8c14ee5">
    <con:settings/>
    <con:config xsi:type="con:PropertyTransfersStep" xmlns:xsi="http://www.w3.org/2001/XMLSchema-instance">
      <con:transfers setNullOnMissingSource="true" transferTextContent="true" failOnError="true" ignoreEmpty="false" transferToAll="false" entitize="false" transferChildNodes="false">
        <con:name>biId</con:name>
        <con:sourceType>res_biId</con:sourceType>
        <con:sourceStep>Create interaction success</con:sourceStep>
        <con:sourcePath/>
        <con:targetType>req_biId</con:targetType>
        <con:targetStep>Add not exist sales org item to interaction</con:targetStep>
        <con:targetPath/>
        <con:upgraded>true</con:upgraded>
      </con:transfers>
      <con:transfers setNullOnMissingSource="true" transferTextContent="true" failOnError="true" ignoreEmpty="false" transferToAll="false" entitize="false" transferChildNodes="false">
        <con:name>salesOrgRoleId</con:name>
        <con:sourceType>nonExist</con:sourceType>
        <con:sourceStep>Global Properties</con:sourceStep>
        <con:targetType>req_salesOrgId</con:targetType>
        <con:targetStep>Add not exist sales org item to interaction</con:targetStep>
        <con:upgraded>true</con:upgraded>
      </con:transfers>
    </con:config>
  </con:testStep>
  <con:testStep type="calltestcase" name="Add not exist sales org item to interaction" id="d3abfc42-bb63-4dd2-b90d-74ba6b274b54">
    <con:settings/>
    <con:config xsi:type="con:RunTestCaseStep" xmlns:xsi="http://www.w3.org/2001/XMLSchema-instance">
      <con:targetTestCase>cb24c4bf-1bc6-4259-810d-b2237d7142bc</con:targetTestCase>
      <con:properties>
        <con:property>
          <con:name>req_salesOrgId</con:name>
          <con:value>-1</con:value>
        </con:property>
        <con:property>
          <con:name>req_biId</con:name>
          <con:value>6681</con:value>
        </con:property>
        <con:property>
          <con:name>res_id</con:name>
          <con:value xsi:nil="true"/>
        </con:property>
        <con:property>
          <con:name>res_httpCode</con:name>
          <con:value>400</con:value>
        </con:property>
        <con:property>
          <con:name>res_code</con:name>
          <con:value>SALES_ORGANIZATION_CANNOT_BE_FOUND</con:value>
        </con:property>
      </con:properties>
      <con:returnProperties>
        <con:entry>res_headerCode</con:entry>
        <con:entry>res_code</con:entry>
      </con:returnProperties>
      <con:runMode>PARALLELL</con:runMode>
    </con:config>
  </con:testStep>
  <con:testStep type="assertionteststep" name="Assertion sales organization not found" id="622309bf-352d-4d08-8a95-076776f8b4c1">
    <con:settings/>
    <con:config xsi:type="con:AssertionTestStep" xmlns:xsi="http://www.w3.org/2001/XMLSchema-instance">
      <con:entry>
        <con:id>2e309de1-9ed7-4cd0-8588-0b5f6d6c8434</con:id>
        <con:isGroup>false</con:isGroup>
        <con:sourceId>d3abfc42-bb63-4dd2-b90d-74ba6b274b54</con:sourceId>
        <con:propertyName>res_httpCode</con:propertyName>
        <con:assertion type="Simple Equals" name="Equals" id="02432a61-cadb-4793-87f2-616a5232b546">
          <con:configuration>
            <patternObjectId>a30f6d5c-6008-4141-9411-7c5ec5e6f39b</patternObjectId>
            <patternProperty>httpCode400</patternProperty>
            <caseSensitive>true</caseSensitive>
          </con:configuration>
        </con:assertion>
      </con:entry>
      <con:entry>
        <con:id>05a0cf9b-b290-4a40-bda7-c8176a716ee6</con:id>
        <con:isGroup>false</con:isGroup>
        <con:sourceId>d3abfc42-bb63-4dd2-b90d-74ba6b274b54</con:sourceId>
        <con:propertyName>res_code</con:propertyName>
        <con:assertion type="Simple Equals" name="Equals 2" id="1ea4cb01-2395-4f0d-8ff5-13b55b8464f2">
          <con:configuration>
            <patternObjectId>a30f6d5c-6008-4141-9411-7c5ec5e6f39b</patternObjectId>
            <patternProperty>salesOrgNotFound</patternProperty>
            <caseSensitive>true</caseSensitive>
          </con:configuration>
        </con:assertion>
      </con:entry>
    </con:config>
  </con:testStep>
  <con:testStep type="transfer" name="Add Item sales-org-1 to interaction - P.T." id="a1bd8a92-6566-41fb-9210-f18efc14b78f">
    <con:settings/>
    <con:config xsi:type="con:PropertyTransfersStep" xmlns:xsi="http://www.w3.org/2001/XMLSchema-instance">
      <con:transfers setNullOnMissingSource="true" transferTextContent="true" failOnError="true" ignoreEmpty="false" transferToAll="false" entitize="false" transferChildNodes="false">
        <con:name>biId</con:name>
        <con:sourceType>res_biId</con:sourceType>
        <con:sourceStep>Create interaction success</con:sourceStep>
        <con:sourcePath/>
        <con:targetType>req_biId</con:targetType>
        <con:targetStep>Add Item sales-org-1 to interaction</con:targetStep>
        <con:targetPath/>
        <con:upgraded>true</con:upgraded>
      </con:transfers>
      <con:transfers setNullOnMissingSource="true" transferTextContent="true" failOnError="true" ignoreEmpty="false" transferToAll="false" entitize="false" transferChildNodes="false">
        <con:name>salesOrgRoleId</con:name>
        <con:sourceType>res_salesOrgId</con:sourceType>
        <con:sourceStep>Create initial data</con:sourceStep>
        <con:targetType>req_salesOrgId</con:targetType>
        <con:targetStep>Add Item sales-org-1 to interaction</con:targetStep>
        <con:upgraded>true</con:upgraded>
      </con:transfers>
    </con:config>
  </con:testStep>
  <con:testStep type="calltestcase" name="Add Item sales-org-1 to interaction" id="a044a13c-2985-44cc-9eb0-bd38696d8179">
    <con:settings/>
    <con:config xsi:type="con:RunTestCaseStep" xmlns:xsi="http://www.w3.org/2001/XMLSchema-instance">
      <con:targetTestCase>cb24c4bf-1bc6-4259-810d-b2237d7142bc</con:targetTestCase>
      <con:properties>
        <con:property>
          <con:name>req_salesOrgId</con:name>
          <con:value>311</con:value>
        </con:property>
        <con:property>
          <con:name>req_biId</con:name>
          <con:value>6681</con:value>
        </con:property>
        <con:property>
          <con:name>res_id</con:name>
          <con:value>38</con:value>
        </con:property>
        <con:property>
          <con:name>res_httpCode</con:name>
          <con:value>201</con:value>
        </con:property>
        <con:property>
          <con:name>res_code</con:name>
          <con:value xsi:nil="true"/>
        </con:property>
      </con:properties>
      <con:returnProperties>
        <con:entry>res_headerCode</con:entry>
        <con:entry>res_biId</con:entry>
        <con:entry>res_code</con:entry>
      </con:returnProperties>
      <con:runMode>PARALLELL</con:runMode>
    </con:config>
  </con:testStep>
  <con:testStep type="assertionteststep" name="Assertion sales-org-1 added success" id="90f09e39-3da9-4b3f-b3a6-bd4ed6e01cfa">
    <con:settings/>
    <con:config xsi:type="con:AssertionTestStep" xmlns:xsi="http://www.w3.org/2001/XMLSchema-instance">
      <con:entry>
        <con:id>ab2ab36c-1493-40a1-8468-2b5f9d12c9fa</con:id>
        <con:isGroup>false</con:isGroup>
        <con:sourceId>a044a13c-2985-44cc-9eb0-bd38696d8179</con:sourceId>
        <con:propertyName>res_httpCode</con:propertyName>
        <con:assertion type="Simple Equals" name="Equals" id="5313852b-feae-457c-bed5-7e98b1a7df82">
          <con:configuration>
            <patternObjectId>a30f6d5c-6008-4141-9411-7c5ec5e6f39b</patternObjectId>
            <patternProperty>httpCode201</patternProperty>
            <caseSensitive>true</caseSensitive>
          </con:configuration>
        </con:assertion>
      </con:entry>
      <con:entry>
        <con:id>01a71bc6-b139-4754-8648-dfae25caadac</con:id>
        <con:isGroup>false</con:isGroup>
        <con:sourceId>a044a13c-2985-44cc-9eb0-bd38696d8179</con:sourceId>
        <con:propertyName>res_id</con:propertyName>
        <con:assertion type="Simple Contains" name="Contains" id="f6296c2d-4e11-4f57-9a57-d8f2c0d5623c">
          <con:configuration>
            <token>\d+</token>
            <ignoreCase>false</ignoreCase>
            <useRegEx>true</useRegEx>
          </con:configuration>
        </con:assertion>
      </con:entry>
    </con:config>
  </con:testStep>
  <con:testStep type="transfer" name="Add SAME Item sales-org-1 to interaction - P.T." id="38486c36-64cf-4fd3-b972-1d56e7d8a0d6">
    <con:settings/>
    <con:config xsi:type="con:PropertyTransfersStep" xmlns:xsi="http://www.w3.org/2001/XMLSchema-instance">
      <con:transfers setNullOnMissingSource="true" transferTextContent="true" failOnError="true" ignoreEmpty="false" transferToAll="false" entitize="false" transferChildNodes="false">
        <con:name>biId</con:name>
        <con:sourceType>res_biId</con:sourceType>
        <con:sourceStep>Create interaction success</con:sourceStep>
        <con:sourcePath/>
        <con:targetType>req_biId</con:targetType>
        <con:targetStep>Add SAME Item sales-org-1 to interaction</con:targetStep>
        <con:targetPath/>
        <con:upgraded>true</con:upgraded>
      </con:transfers>
      <con:transfers setNullOnMissingSource="true" transferTextContent="true" failOnError="true" ignoreEmpty="false" transferToAll="false" entitize="false" transferChildNodes="false">
        <con:name>salesOrgRoleId</con:name>
        <con:sourceType>res_salesOrgId</con:sourceType>
        <con:sourceStep>Create initial data</con:sourceStep>
        <con:targetType>req_salesOrgId</con:targetType>
        <con:targetStep>Add SAME Item sales-org-1 to interaction</con:targetStep>
        <con:upgraded>true</con:upgraded>
      </con:transfers>
    </con:config>
  </con:testStep>
  <con:testStep type="calltestcase" name="Add SAME Item sales-org-1 to interaction" id="6866dee0-f66d-49d1-b7d4-0744c702d92d">
    <con:settings/>
    <con:config xsi:type="con:RunTestCaseStep" xmlns:xsi="http://www.w3.org/2001/XMLSchema-instance">
      <con:targetTestCase>cb24c4bf-1bc6-4259-810d-b2237d7142bc</con:targetTestCase>
      <con:properties>
        <con:property>
          <con:name>req_salesOrgId</con:name>
          <con:value>311</con:value>
        </con:property>
        <con:property>
          <con:name>req_biId</con:name>
          <con:value>6681</con:value>
        </con:property>
        <con:property>
          <con:name>res_id</con:name>
          <con:value xsi:nil="true"/>
        </con:property>
        <con:property>
          <con:name>res_httpCode</con:name>
          <con:value>400</con:value>
        </con:property>
        <con:property>
          <con:name>res_code</con:name>
          <con:value>ITEM_IS_ALREADY_EXIST</con:value>
        </con:property>
      </con:properties>
      <con:returnProperties>
        <con:entry>res_id</con:entry>
        <con:entry>res_httpCode</con:entry>
        <con:entry>res_code</con:entry>
      </con:returnProperties>
      <con:runMode>PARALLELL</con:runMode>
    </con:config>
  </con:testStep>
  <con:testStep type="assertionteststep" name="Assertion item is already exist" id="3bfa2dec-dc02-4b7b-8d4c-b5ee721f7e3d">
    <con:settings/>
    <con:config xsi:type="con:AssertionTestStep" xmlns:xsi="http://www.w3.org/2001/XMLSchema-instance">
      <con:entry>
        <con:id>9531030a-c8d2-4197-a5a4-e357e405bca3</con:id>
        <con:isGroup>false</con:isGroup>
        <con:sourceId>6866dee0-f66d-49d1-b7d4-0744c702d92d</con:sourceId>
        <con:propertyName>res_httpCode</con:propertyName>
        <con:assertion type="Simple Equals" name="Equals" id="48ff3b12-cf9b-4548-94eb-42b61f389f8d">
          <con:configuration>
            <patternObjectId>a30f6d5c-6008-4141-9411-7c5ec5e6f39b</patternObjectId>
            <patternProperty>httpCode400</patternProperty>
            <caseSensitive>true</caseSensitive>
          </con:configuration>
        </con:assertion>
      </con:entry>
      <con:entry>
        <con:id>9b437e04-5714-4731-8fc0-16437717f5fc</con:id>
        <con:isGroup>false</con:isGroup>
        <con:sourceId>6866dee0-f66d-49d1-b7d4-0744c702d92d</con:sourceId>
        <con:propertyName>res_code</con:propertyName>
        <con:assertion type="Simple Equals" name="Equals 2" id="bf5a510e-679b-4ed8-88b5-285ada986820">
          <con:configuration>
            <patternObjectId>4ae4a32f-7dbe-46a7-9787-c7512de04197</patternObjectId>
            <patternProperty>errorMsg-itemExist</patternProperty>
            <caseSensitive>true</caseSensitive>
          </con:configuration>
        </con:assertion>
      </con:entry>
    </con:config>
  </con:testStep>
  <con:testStep type="transfer" name="AddRemove Item not exist sales org to interaction - P.T." id="15b1572d-e076-429a-a092-e52a7d0bc416">
    <con:settings/>
    <con:config xsi:type="con:PropertyTransfersStep" xmlns:xsi="http://www.w3.org/2001/XMLSchema-instance">
      <con:transfers setNullOnMissingSource="true" transferTextContent="true" failOnError="true" ignoreEmpty="false" transferToAll="false" entitize="false" transferChildNodes="false">
        <con:name>salesOrgId</con:name>
        <con:sourceType>nonExist</con:sourceType>
        <con:sourceStep>Global Properties</con:sourceStep>
        <con:sourcePath/>
        <con:targetType>req_salesOrgId</con:targetType>
        <con:targetStep>AddRemove Item not exist sales org to interaction</con:targetStep>
        <con:targetPath/>
        <con:upgraded>true</con:upgraded>
      </con:transfers>
      <con:transfers setNullOnMissingSource="true" transferTextContent="true" failOnError="true" ignoreEmpty="false" transferToAll="false" entitize="false" transferChildNodes="false">
        <con:name>biId</con:name>
        <con:sourceType>res_biId</con:sourceType>
        <con:sourceStep>Create interaction success</con:sourceStep>
        <con:targetType>req_biId</con:targetType>
        <con:targetStep>AddRemove Item not exist sales org to interaction</con:targetStep>
        <con:upgraded>true</con:upgraded>
      </con:transfers>
    </con:config>
  </con:testStep>
  <con:testStep type="calltestcase" name="AddRemove Item not exist sales org to interaction" id="7a913093-c956-4d9b-81a5-d4d7d2d3fff8">
    <con:settings/>
    <con:config xsi:type="con:RunTestCaseStep" xmlns:xsi="http://www.w3.org/2001/XMLSchema-instance">
      <con:targetTestCase>7b90ca45-0a8c-4d64-904a-0aa0b9240e86</con:targetTestCase>
      <con:properties>
        <con:property>
          <con:name>req_salesOrgId</con:name>
          <con:value>-1</con:value>
        </con:property>
        <con:property>
          <con:name>req_biId</con:name>
          <con:value>6681</con:value>
        </con:property>
        <con:property>
          <con:name>res_id</con:name>
          <con:value xsi:nil="true"/>
        </con:property>
        <con:property>
          <con:name>res_httpCode</con:name>
          <con:value>400</con:value>
        </con:property>
        <con:property>
          <con:name>res_code</con:name>
          <con:value>SALES_ORGANIZATION_CANNOT_BE_FOUND</con:value>
        </con:property>
      </con:properties>
      <con:returnProperties>
        <con:entry>res_id</con:entry>
        <con:entry>res_httpCode</con:entry>
        <con:entry>res_code</con:entry>
      </con:returnProperties>
      <con:runMode>PARALLELL</con:runMode>
    </con:config>
  </con:testStep>
  <con:testStep type="assertionteststep" name="Assertion sales organization not found 2" id="1d6787df-3324-471d-8bdd-34e1a918194c">
    <con:settings/>
    <con:config xsi:type="con:AssertionTestStep" xmlns:xsi="http://www.w3.org/2001/XMLSchema-instance">
      <con:entry>
        <con:id>740f360d-3f68-4c1d-b900-46eb39edbe5b</con:id>
        <con:isGroup>false</con:isGroup>
        <con:sourceId>7a913093-c956-4d9b-81a5-d4d7d2d3fff8</con:sourceId>
        <con:propertyName>res_httpCode</con:propertyName>
        <con:assertion type="Simple Equals" name="Equals" id="ac934e56-b661-4514-82bf-b8df11f794ce">
          <con:configuration>
            <patternObjectId>558e9aaf-0f67-4ef1-96c2-d33c82ce3ce5</patternObjectId>
            <patternProperty>res_httpCode</patternProperty>
            <caseSensitive>true</caseSensitive>
          </con:configuration>
        </con:assertion>
      </con:entry>
      <con:entry>
        <con:id>aa911208-b80b-426e-b66f-cda62cce46f2</con:id>
        <con:isGroup>false</con:isGroup>
        <con:sourceId>7a913093-c956-4d9b-81a5-d4d7d2d3fff8</con:sourceId>
        <con:propertyName>res_code</con:propertyName>
        <con:assertion type="Simple Equals" name="Equals 2" id="a7bfd3cc-7b72-4196-9a0f-1221b53d4260">
          <con:configuration>
            <patternObjectId>a30f6d5c-6008-4141-9411-7c5ec5e6f39b</patternObjectId>
            <patternProperty>salesOrgNotFound</patternProperty>
            <caseSensitive>true</caseSensitive>
          </con:configuration>
        </con:assertion>
      </con:entry>
    </con:config>
  </con:testStep>
  <con:testStep type="transfer" name="AddRemove Item with not exist bi from interaction - P.T." id="abc8229c-4a54-47b7-a62e-d9113d978771">
    <con:settings/>
    <con:config xsi:type="con:PropertyTransfersStep" xmlns:xsi="http://www.w3.org/2001/XMLSchema-instance">
      <con:transfers setNullOnMissingSource="true" transferTextContent="true" failOnError="true" ignoreEmpty="false" transferToAll="false" entitize="false" transferChildNodes="false">
        <con:name>salesOrgId</con:name>
        <con:sourceType>res_salesOrgId</con:sourceType>
        <con:sourceStep>Create initial data</con:sourceStep>
        <con:sourcePath/>
        <con:targetType>req_salesOrgId</con:targetType>
        <con:targetStep>AddRemove Item with not exist bi from interaction</con:targetStep>
        <con:targetPath/>
        <con:upgraded>true</con:upgraded>
      </con:transfers>
      <con:transfers setNullOnMissingSource="true" transferTextContent="true" failOnError="true" ignoreEmpty="false" transferToAll="false" entitize="false" transferChildNodes="false">
        <con:name>biId</con:name>
        <con:sourceType>nonExist</con:sourceType>
        <con:sourceStep>Global Properties</con:sourceStep>
        <con:targetType>req_biId</con:targetType>
        <con:targetStep>AddRemove Item with not exist bi from interaction</con:targetStep>
        <con:upgraded>true</con:upgraded>
      </con:transfers>
    </con:config>
  </con:testStep>
  <con:testStep type="calltestcase" name="AddRemove Item with not exist bi from interaction" id="5c7ec4a1-b21e-4803-b508-e05ff97262fb">
    <con:settings/>
    <con:config xsi:type="con:RunTestCaseStep" xmlns:xsi="http://www.w3.org/2001/XMLSchema-instance">
      <con:targetTestCase>7b90ca45-0a8c-4d64-904a-0aa0b9240e86</con:targetTestCase>
      <con:properties>
        <con:property>
          <con:name>req_salesOrgId</con:name>
          <con:value>311</con:value>
        </con:property>
        <con:property>
          <con:name>req_biId</con:name>
          <con:value>-1</con:value>
        </con:property>
        <con:property>
          <con:name>res_id</con:name>
          <con:value xsi:nil="true"/>
        </con:property>
        <con:property>
          <con:name>res_httpCode</con:name>
          <con:value>404</con:value>
        </con:property>
        <con:property>
          <con:name>res_code</con:name>
          <con:value>404</con:value>
        </con:property>
      </con:properties>
      <con:returnProperties>
        <con:entry>res_id</con:entry>
        <con:entry>res_httpCode</con:entry>
        <con:entry>res_code</con:entry>
      </con:returnProperties>
      <con:runMode>PARALLELL</con:runMode>
    </con:config>
  </con:testStep>
  <con:testStep type="assertionteststep" name="Assertion interaction not found for addRemove item" id="e1b53508-d1f3-4d85-bfae-4890bd23aa36">
    <con:settings/>
    <con:config xsi:type="con:AssertionTestStep" xmlns:xsi="http://www.w3.org/2001/XMLSchema-instance">
      <con:entry>
        <con:id>2f9f923b-a546-4f46-bba7-5c469647bce5</con:id>
        <con:isGroup>false</con:isGroup>
        <con:sourceId>5c7ec4a1-b21e-4803-b508-e05ff97262fb</con:sourceId>
        <con:propertyName>res_httpCode</con:propertyName>
        <con:assertion type="Simple Equals" name="Equals" id="a2161bf6-c99e-4b98-9c2b-a09d19991260">
          <con:configuration>
            <patternObjectId>4ae4a32f-7dbe-46a7-9787-c7512de04197</patternObjectId>
            <patternProperty>httpCode404</patternProperty>
            <caseSensitive>true</caseSensitive>
          </con:configuration>
        </con:assertion>
      </con:entry>
    </con:config>
  </con:testStep>
  <con:testStep type="transfer" name="Change sales-org-2 status passive - P.T." id="05c15a67-8052-4b71-8877-86b24521dc72">
    <con:settings/>
    <con:config xsi:type="con:PropertyTransfersStep" xmlns:xsi="http://www.w3.org/2001/XMLSchema-instance">
      <con:transfers setNullOnMissingSource="true" transferTextContent="true" failOnError="true" ignoreEmpty="false" transferToAll="false" entitize="false" transferChildNodes="false">
        <con:name>userRoleId</con:name>
        <con:sourceType>res_userRoleId</con:sourceType>
        <con:sourceStep>Create initial data 2</con:sourceStep>
        <con:sourcePath/>
        <con:targetType>req_userRoleId</con:targetType>
        <con:targetStep>Change sales-org-2 status passive</con:targetStep>
        <con:targetPath/>
        <con:upgraded>true</con:upgraded>
      </con:transfers>
      <con:transfers setNullOnMissingSource="true" transferTextContent="true" failOnError="true" ignoreEmpty="false" transferToAll="false" entitize="false" transferChildNodes="false">
        <con:name>saleOrgRoleId</con:name>
        <con:sourceType>res_salesOrgId</con:sourceType>
        <con:sourceStep>Create initial data 2</con:sourceStep>
        <con:targetType>req_salesOrganizationRoleId</con:targetType>
        <con:targetStep>Change sales-org-2 status passive</con:targetStep>
        <con:upgraded>true</con:upgraded>
      </con:transfers>
      <con:transfers setNullOnMissingSource="true" transferTextContent="true" failOnError="true" ignoreEmpty="false" transferToAll="false" entitize="false" transferChildNodes="false">
        <con:name>status</con:name>
        <con:sourceType>statusPassive</con:sourceType>
        <con:sourceStep>Global Properties</con:sourceStep>
        <con:targetType>req_status</con:targetType>
        <con:targetStep>Change sales-org-2 status passive</con:targetStep>
        <con:upgraded>true</con:upgraded>
      </con:transfers>
      <con:transfers setNullOnMissingSource="true" transferTextContent="true" failOnError="true" ignoreEmpty="false" transferToAll="false" entitize="false" transferChildNodes="false">
        <con:name>externalId</con:name>
        <con:sourceType>res_salesOrgId</con:sourceType>
        <con:sourceStep>Create initial data 2</con:sourceStep>
        <con:targetType>req_externalId</con:targetType>
        <con:targetStep>Change sales-org-2 status passive</con:targetStep>
        <con:upgraded>true</con:upgraded>
      </con:transfers>
      <con:transfers setNullOnMissingSource="true" transferTextContent="true" failOnError="true" ignoreEmpty="false" transferToAll="false" entitize="false" transferChildNodes="false">
        <con:name>userToken</con:name>
        <con:sourceType>userToken</con:sourceType>
        <con:sourceStep>Create initial data 2</con:sourceStep>
        <con:targetType>AuthorizationUser</con:targetType>
        <con:targetStep>#Project#</con:targetStep>
        <con:upgraded>true</con:upgraded>
      </con:transfers>
      <con:transfers setNullOnMissingSource="true" transferTextContent="true" failOnError="true" ignoreEmpty="false" transferToAll="false" entitize="false" transferChildNodes="false">
        <con:name>userSo</con:name>
        <con:sourceType>res_salesOrgId</con:sourceType>
        <con:sourceStep>Create initial data 2</con:sourceStep>
        <con:targetType>UserSo</con:targetType>
        <con:targetStep>#Project#</con:targetStep>
        <con:upgraded>true</con:upgraded>
      </con:transfers>
    </con:config>
  </con:testStep>
  <con:testStep type="calltestcase" name="Change sales-org-2 status passive" id="6f36cbb9-103f-467e-97f2-a3e8794eed23">
    <con:settings/>
    <con:config xsi:type="con:RunTestCaseStep" xmlns:xsi="http://www.w3.org/2001/XMLSchema-instance">
      <con:targetTestCase>998d8c50-a3bc-4bba-baf3-0eabe5d28dd8</con:targetTestCase>
      <con:properties>
        <con:property>
          <con:name>req_userRoleId</con:name>
          <con:value>317</con:value>
        </con:property>
        <con:property>
          <con:name>req_salesOrganizationRoleId</con:name>
          <con:value>315</con:value>
        </con:property>
        <con:property>
          <con:name>req_status</con:name>
          <con:value>Passive</con:value>
        </con:property>
        <con:property>
          <con:name>res_headerCode</con:name>
          <con:value>200</con:value>
        </con:property>
        <con:property>
          <con:name>res_biId</con:name>
          <con:value>6691</con:value>
        </con:property>
        <con:property>
          <con:name>req_externalId</con:name>
          <con:value>315</con:value>
        </con:property>
      </con:properties>
      <con:returnProperties>
        <con:entry>res_headerCode</con:entry>
        <con:entry>res_biId</con:entry>
      </con:returnProperties>
      <con:runMode>PARALLELL</con:runMode>
    </con:config>
  </con:testStep>
  <con:testStep type="assertionteststep" name="Assertion status changed successfully 3" id="0a6123f8-9efd-4d6c-904e-a71d16c9f0cb">
    <con:settings/>
    <con:config xsi:type="con:AssertionTestStep" xmlns:xsi="http://www.w3.org/2001/XMLSchema-instance">
      <con:entry>
        <con:id>874f6a0e-297a-4335-8197-07c2fbcc904c</con:id>
        <con:isGroup>false</con:isGroup>
        <con:sourceId>6f36cbb9-103f-467e-97f2-a3e8794eed23</con:sourceId>
        <con:propertyName>res_headerCode</con:propertyName>
        <con:assertion type="Simple Equals" name="Equals" id="5aa53dc9-22d7-4437-84e3-743d9be480e7">
          <con:configuration>
            <patternObjectId>a30f6d5c-6008-4141-9411-7c5ec5e6f39b</patternObjectId>
            <patternProperty>httpCode200</patternProperty>
            <caseSensitive>true</caseSensitive>
          </con:configuration>
        </con:assertion>
      </con:entry>
      <con:entry>
        <con:id>7c8c31a1-39fa-4ede-9af6-4b42064bca93</con:id>
        <con:isGroup>false</con:isGroup>
        <con:sourceId>6f36cbb9-103f-467e-97f2-a3e8794eed23</con:sourceId>
        <con:propertyName>res_biId</con:propertyName>
        <con:assertion type="Simple Contains" name="Contains" id="7ea931da-151d-41d4-89d3-33896ce342dd">
          <con:configuration>
            <token>\d+</token>
            <ignoreCase>false</ignoreCase>
            <useRegEx>true</useRegEx>
          </con:configuration>
        </con:assertion>
      </con:entry>
    </con:config>
  </con:testStep>
  <con:testStep type="transfer" name="AddRemove Item sales-org-2 to interaction - P.T." id="7ab8bbff-08f8-4479-8b08-478565d0a9e3">
    <con:settings/>
    <con:config xsi:type="con:PropertyTransfersStep" xmlns:xsi="http://www.w3.org/2001/XMLSchema-instance">
      <con:transfers setNullOnMissingSource="true" transferTextContent="true" failOnError="true" ignoreEmpty="false" transferToAll="false" entitize="false" transferChildNodes="false">
        <con:name>salesOrgId</con:name>
        <con:sourceType>res_salesOrgId</con:sourceType>
        <con:sourceStep>Create initial data 2</con:sourceStep>
        <con:sourcePath/>
        <con:targetType>req_salesOrgId</con:targetType>
        <con:targetStep>AddRemove Item sales-org-2 to interaction</con:targetStep>
        <con:targetPath/>
        <con:upgraded>true</con:upgraded>
      </con:transfers>
      <con:transfers setNullOnMissingSource="true" transferTextContent="true" failOnError="true" ignoreEmpty="false" transferToAll="false" entitize="false" transferChildNodes="false">
        <con:name>biId</con:name>
        <con:sourceType>res_biId</con:sourceType>
        <con:sourceStep>Create interaction success</con:sourceStep>
        <con:targetType>req_biId</con:targetType>
        <con:targetStep>AddRemove Item sales-org-2 to interaction</con:targetStep>
        <con:upgraded>true</con:upgraded>
      </con:transfers>
      <con:transfers setNullOnMissingSource="true" transferTextContent="true" failOnError="true" ignoreEmpty="false" transferToAll="false" entitize="false" transferChildNodes="false">
        <con:name>userToken</con:name>
        <con:sourceType>emptyValue</con:sourceType>
        <con:sourceStep>Global Properties</con:sourceStep>
        <con:targetType>AuthorizationUser</con:targetType>
        <con:targetStep>#Project#</con:targetStep>
        <con:upgraded>true</con:upgraded>
      </con:transfers>
    </con:config>
  </con:testStep>
  <con:testStep type="calltestcase" name="AddRemove Item sales-org-2 to interaction" id="fe5851b6-f091-4266-9456-5f7ac308db32">
    <con:settings/>
    <con:config xsi:type="con:RunTestCaseStep" xmlns:xsi="http://www.w3.org/2001/XMLSchema-instance">
      <con:targetTestCase>7b90ca45-0a8c-4d64-904a-0aa0b9240e86</con:targetTestCase>
      <con:properties>
        <con:property>
          <con:name>req_salesOrgId</con:name>
          <con:value>315</con:value>
        </con:property>
        <con:property>
          <con:name>req_biId</con:name>
          <con:value>6681</con:value>
        </con:property>
        <con:property>
          <con:name>res_id</con:name>
          <con:value>1060</con:value>
        </con:property>
        <con:property>
          <con:name>res_httpCode</con:name>
          <con:value>201</con:value>
        </con:property>
        <con:property>
          <con:name>res_code</con:name>
          <con:value xsi:nil="true"/>
        </con:property>
      </con:properties>
      <con:returnProperties>
        <con:entry>res_id</con:entry>
        <con:entry>res_httpCode</con:entry>
        <con:entry>res_code</con:entry>
      </con:returnProperties>
      <con:runMode>PARALLELL</con:runMode>
    </con:config>
  </con:testStep>
  <con:testStep type="assertionteststep" name="Assertion sales organization addRemove success" id="60618003-fd19-4829-b11b-626bcec49f10">
    <con:settings/>
    <con:config xsi:type="con:AssertionTestStep" xmlns:xsi="http://www.w3.org/2001/XMLSchema-instance">
      <con:entry>
        <con:id>c6e4a1d9-cfd8-436d-9486-53e25cc016a5</con:id>
        <con:isGroup>false</con:isGroup>
        <con:sourceId>fe5851b6-f091-4266-9456-5f7ac308db32</con:sourceId>
        <con:propertyName>res_httpCode</con:propertyName>
        <con:assertion type="Simple Equals" name="Equals" id="0acbf855-53b0-43b9-a1bf-49df4632fe60">
          <con:configuration>
            <patternObjectId>a30f6d5c-6008-4141-9411-7c5ec5e6f39b</patternObjectId>
            <patternProperty>httpCode201</patternProperty>
            <caseSensitive>true</caseSensitive>
          </con:configuration>
        </con:assertion>
      </con:entry>
      <con:entry>
        <con:id>0748cb94-c55a-43e1-a07e-f2e7bf751614</con:id>
        <con:isGroup>false</con:isGroup>
        <con:sourceId>fe5851b6-f091-4266-9456-5f7ac308db32</con:sourceId>
        <con:propertyName>res_id</con:propertyName>
        <con:assertion type="Simple Contains" name="Contains" id="baba7d50-af6a-4e71-a4e9-f19b08b8f75e">
          <con:configuration>
            <token>\d+</token>
            <ignoreCase>false</ignoreCase>
            <useRegEx>true</useRegEx>
          </con:configuration>
        </con:assertion>
      </con:entry>
    </con:config>
  </con:testStep>
  <con:testStep type="transfer" name="Submit interaction with inactive sales organization - P.T." id="23c081c4-d777-47ef-baa8-342c9a1eb4ac">
    <con:settings/>
    <con:config xsi:type="con:PropertyTransfersStep" xmlns:xsi="http://www.w3.org/2001/XMLSchema-instance">
      <con:transfers setNullOnMissingSource="true" transferTextContent="true" failOnError="true" ignoreEmpty="false" transferToAll="false" entitize="false" transferChildNodes="false">
        <con:name>biId</con:name>
        <con:sourceType>res_biId</con:sourceType>
        <con:sourceStep>Create interaction success</con:sourceStep>
        <con:sourcePath/>
        <con:targetType>req_biId</con:targetType>
        <con:targetStep>Submit interaction with inactive sales organization</con:targetStep>
        <con:targetPath/>
        <con:upgraded>true</con:upgraded>
      </con:transfers>
    </con:config>
  </con:testStep>
  <con:testStep type="calltestcase" name="Submit interaction with inactive sales organization" id="b49b6a22-c16c-4e60-b9e9-93d38b2a7ac3">
    <con:settings/>
    <con:config xsi:type="con:RunTestCaseStep" xmlns:xsi="http://www.w3.org/2001/XMLSchema-instance">
      <con:targetTestCase>e098c825-11ac-4046-b56b-0be4bc5ba5be</con:targetTestCase>
      <con:properties>
        <con:property>
          <con:name>req_biId</con:name>
          <con:value>6681</con:value>
        </con:property>
        <con:property>
          <con:name>res_headerCode</con:name>
          <con:value>400</con:value>
        </con:property>
        <con:property>
          <con:name>res_biId</con:name>
          <con:value xsi:nil="true"/>
        </con:property>
        <con:property>
          <con:name>res_code</con:name>
          <con:value>ACTIVE_SALES_ORGANIZATION_IS_REQUIRED</con:value>
        </con:property>
      </con:properties>
      <con:returnProperties>
        <con:entry>res_headerCode</con:entry>
        <con:entry>res_biId</con:entry>
        <con:entry>res_code</con:entry>
      </con:returnProperties>
      <con:runMode>PARALLELL</con:runMode>
    </con:config>
  </con:testStep>
  <con:testStep type="assertionteststep" name="Assertion cannot remove inactive sales organization" id="7bf09758-f3b5-4551-beb4-f0780ddb3d40">
    <con:settings/>
    <con:config xsi:type="con:AssertionTestStep" xmlns:xsi="http://www.w3.org/2001/XMLSchema-instance">
      <con:entry>
        <con:id>ebe822a9-f116-493f-92ee-325c85e4aa21</con:id>
        <con:isGroup>false</con:isGroup>
        <con:sourceId>b49b6a22-c16c-4e60-b9e9-93d38b2a7ac3</con:sourceId>
        <con:propertyName>res_headerCode</con:propertyName>
        <con:assertion type="Simple Equals" name="Equals" id="41d9e79f-5df9-439e-99f3-c5801266b8cf">
          <con:configuration>
            <patternObjectId>a30f6d5c-6008-4141-9411-7c5ec5e6f39b</patternObjectId>
            <patternProperty>httpCode400</patternProperty>
            <caseSensitive>true</caseSensitive>
          </con:configuration>
        </con:assertion>
      </con:entry>
      <con:entry>
        <con:id>245efa78-dac1-440d-a0fb-9524f9ca3de1</con:id>
        <con:isGroup>false</con:isGroup>
        <con:sourceId>b49b6a22-c16c-4e60-b9e9-93d38b2a7ac3</con:sourceId>
        <con:propertyName>res_code</con:propertyName>
        <con:assertion type="Simple Equals" name="Equals 2" id="3e0184d5-7c11-477a-b98f-ffcf33355589">
          <con:configuration>
            <patternObjectId>4ae4a32f-7dbe-46a7-9787-c7512de04197</patternObjectId>
            <patternProperty>errorMsg-activeSalesOrgRequired</patternProperty>
            <caseSensitive>true</caseSensitive>
          </con:configuration>
        </con:assertion>
      </con:entry>
    </con:config>
  </con:testStep>
  <con:testStep type="transfer" name="Change sales-org-2 status active - P.T." id="445edbe4-60de-45d8-a110-8c1586abb7ea">
    <con:settings/>
    <con:config xsi:type="con:PropertyTransfersStep" xmlns:xsi="http://www.w3.org/2001/XMLSchema-instance">
      <con:transfers setNullOnMissingSource="true" transferTextContent="true" failOnError="true" ignoreEmpty="false" transferToAll="false" entitize="false" transferChildNodes="false">
        <con:name>userRoleId</con:name>
        <con:sourceType>res_userRoleId</con:sourceType>
        <con:sourceStep>Create initial data</con:sourceStep>
        <con:sourcePath/>
        <con:targetType>req_userRoleId</con:targetType>
        <con:targetStep>Change sales-org-2 status active</con:targetStep>
        <con:targetPath/>
        <con:upgraded>true</con:upgraded>
      </con:transfers>
      <con:transfers setNullOnMissingSource="true" transferTextContent="true" failOnError="true" ignoreEmpty="false" transferToAll="false" entitize="false" transferChildNodes="false">
        <con:name>saleOrgRoleId</con:name>
        <con:sourceType>res_salesOrgId</con:sourceType>
        <con:sourceStep>Create initial data</con:sourceStep>
        <con:targetType>req_salesOrganizationRoleId</con:targetType>
        <con:targetStep>Change sales-org-2 status active</con:targetStep>
        <con:upgraded>true</con:upgraded>
      </con:transfers>
      <con:transfers setNullOnMissingSource="true" transferTextContent="true" failOnError="true" ignoreEmpty="false" transferToAll="false" entitize="false" transferChildNodes="false">
        <con:name>status</con:name>
        <con:sourceType>statusActive</con:sourceType>
        <con:sourceStep>Global Properties</con:sourceStep>
        <con:targetType>req_status</con:targetType>
        <con:targetStep>Change sales-org-2 status active</con:targetStep>
        <con:upgraded>true</con:upgraded>
      </con:transfers>
      <con:transfers setNullOnMissingSource="true" transferTextContent="true" failOnError="true" ignoreEmpty="false" transferToAll="false" entitize="false" transferChildNodes="false">
        <con:name>externalId</con:name>
        <con:sourceType>res_salesOrgId</con:sourceType>
        <con:sourceStep>Create initial data 2</con:sourceStep>
        <con:targetType>req_externalId</con:targetType>
        <con:targetStep>Change sales-org-2 status active</con:targetStep>
        <con:upgraded>true</con:upgraded>
      </con:transfers>
      <con:transfers setNullOnMissingSource="true" transferTextContent="true" failOnError="true" ignoreEmpty="false" transferToAll="false" entitize="false" transferChildNodes="false">
        <con:name>userToken</con:name>
        <con:sourceType>userToken</con:sourceType>
        <con:sourceStep>Create initial data</con:sourceStep>
        <con:targetType>AuthorizationUser</con:targetType>
        <con:targetStep>#Project#</con:targetStep>
        <con:upgraded>true</con:upgraded>
      </con:transfers>
      <con:transfers setNullOnMissingSource="true" transferTextContent="true" failOnError="true" ignoreEmpty="false" transferToAll="false" entitize="false" transferChildNodes="false">
        <con:name>userSo</con:name>
        <con:sourceType>res_salesOrgId</con:sourceType>
        <con:sourceStep>Create initial data</con:sourceStep>
        <con:targetType>UserSo</con:targetType>
        <con:targetStep>#Project#</con:targetStep>
        <con:upgraded>true</con:upgraded>
      </con:transfers>
    </con:config>
  </con:testStep>
  <con:testStep type="calltestcase" name="Change sales-org-2 status active" id="e6a64324-9ecf-478e-adbc-2068a676a8b8">
    <con:settings/>
    <con:config xsi:type="con:RunTestCaseStep" xmlns:xsi="http://www.w3.org/2001/XMLSchema-instance">
      <con:targetTestCase>998d8c50-a3bc-4bba-baf3-0eabe5d28dd8</con:targetTestCase>
      <con:properties>
        <con:property>
          <con:name>req_userRoleId</con:name>
          <con:value>313</con:value>
        </con:property>
        <con:property>
          <con:name>req_salesOrganizationRoleId</con:name>
          <con:value>311</con:value>
        </con:property>
        <con:property>
          <con:name>req_status</con:name>
          <con:value>Active</con:value>
        </con:property>
        <con:property>
          <con:name>res_headerCode</con:name>
          <con:value>200</con:value>
        </con:property>
        <con:property>
          <con:name>res_biId</con:name>
          <con:value>6701</con:value>
        </con:property>
        <con:property>
          <con:name>req_externalId</con:name>
          <con:value>315</con:value>
        </con:property>
      </con:properties>
      <con:returnProperties>
        <con:entry>res_headerCode</con:entry>
        <con:entry>res_biId</con:entry>
      </con:returnProperties>
      <con:runMode>PARALLELL</con:runMode>
    </con:config>
  </con:testStep>
  <con:testStep type="assertionteststep" name="Assertion status changed successfully 4" id="31cefb22-738a-4fb8-ad2e-419da5d84afe">
    <con:settings/>
    <con:config xsi:type="con:AssertionTestStep" xmlns:xsi="http://www.w3.org/2001/XMLSchema-instance">
      <con:entry>
        <con:id>086fa563-dda3-42df-8cc9-3193b1e608e1</con:id>
        <con:isGroup>false</con:isGroup>
        <con:sourceId>e6a64324-9ecf-478e-adbc-2068a676a8b8</con:sourceId>
        <con:propertyName>res_headerCode</con:propertyName>
        <con:assertion type="Simple Equals" name="Equals" id="8a79510e-f156-4ff2-a5ef-319637b095cd">
          <con:configuration>
            <patternObjectId>4ae4a32f-7dbe-46a7-9787-c7512de04197</patternObjectId>
            <patternProperty>httpCode200</patternProperty>
            <caseSensitive>true</caseSensitive>
          </con:configuration>
        </con:assertion>
      </con:entry>
    </con:config>
  </con:testStep>
  <con:testStep type="transfer" name="Submit interaction with default sales organization in addRemove - P.T." id="8bffc5c8-16d5-4613-927b-3efa80c9b9db">
    <con:settings/>
    <con:config xsi:type="con:PropertyTransfersStep" xmlns:xsi="http://www.w3.org/2001/XMLSchema-instance">
      <con:transfers setNullOnMissingSource="true" transferTextContent="true" failOnError="true" ignoreEmpty="false" transferToAll="false" entitize="false" transferChildNodes="false">
        <con:name>biId</con:name>
        <con:sourceType>res_biId</con:sourceType>
        <con:sourceStep>Create interaction success</con:sourceStep>
        <con:sourcePath/>
        <con:targetType>req_biId</con:targetType>
        <con:targetStep>Submit interaction with default sales organization in addRemove</con:targetStep>
        <con:targetPath/>
        <con:upgraded>true</con:upgraded>
      </con:transfers>
    </con:config>
  </con:testStep>
  <con:testStep type="calltestcase" name="Submit interaction with default sales organization in addRemove" id="572db209-be91-4a4f-97b9-a1b8e45ca429">
    <con:settings/>
    <con:config xsi:type="con:RunTestCaseStep" xmlns:xsi="http://www.w3.org/2001/XMLSchema-instance">
      <con:targetTestCase>e098c825-11ac-4046-b56b-0be4bc5ba5be</con:targetTestCase>
      <con:properties>
        <con:property>
          <con:name>req_biId</con:name>
          <con:value>6681</con:value>
        </con:property>
        <con:property>
          <con:name>res_headerCode</con:name>
          <con:value>400</con:value>
        </con:property>
        <con:property>
          <con:name>res_biId</con:name>
          <con:value xsi:nil="true"/>
        </con:property>
        <con:property>
          <con:name>res_code</con:name>
          <con:value>ACTIVE_SALES_ORGANIZATION_CANNOT_BE_DELETED</con:value>
        </con:property>
      </con:properties>
      <con:returnProperties>
        <con:entry>res_headerCode</con:entry>
        <con:entry>res_biId</con:entry>
        <con:entry>res_code</con:entry>
      </con:returnProperties>
      <con:runMode>PARALLELL</con:runMode>
    </con:config>
  </con:testStep>
  <con:testStep type="assertionteststep" name="Assertion cannot remove default sales organization" id="153ee98d-0ee5-45f3-9484-c79d0cb2cc64">
    <con:settings/>
    <con:config xsi:type="con:AssertionTestStep" xmlns:xsi="http://www.w3.org/2001/XMLSchema-instance">
      <con:entry>
        <con:id>e89046bf-d7f4-4e70-ad25-47fd7fd21447</con:id>
        <con:isGroup>false</con:isGroup>
        <con:sourceId>572db209-be91-4a4f-97b9-a1b8e45ca429</con:sourceId>
        <con:propertyName>res_headerCode</con:propertyName>
        <con:assertion type="Simple Equals" name="Equals" id="13ce8fbe-83a8-454d-9664-e398110d43a2">
          <con:configuration>
            <patternObjectId>4ae4a32f-7dbe-46a7-9787-c7512de04197</patternObjectId>
            <patternProperty>httpCode400</patternProperty>
            <caseSensitive>true</caseSensitive>
          </con:configuration>
        </con:assertion>
      </con:entry>
      <con:entry>
        <con:id>93c5f791-b401-43e9-9896-02501bd8ff08</con:id>
        <con:isGroup>false</con:isGroup>
        <con:sourceId>572db209-be91-4a4f-97b9-a1b8e45ca429</con:sourceId>
        <con:propertyName>res_code</con:propertyName>
        <con:assertion type="Simple Equals" name="Equals 2" id="518e3754-2eb6-4477-8212-c42aeeade0fb">
          <con:configuration>
            <patternObjectId>4ae4a32f-7dbe-46a7-9787-c7512de04197</patternObjectId>
            <patternProperty>errorMsg-salesOrgCannotBeDeleted</patternProperty>
            <caseSensitive>true</caseSensitive>
          </con:configuration>
        </con:assertion>
      </con:entry>
    </con:config>
  </con:testStep>
  <con:testStep type="transfer" name="Cancel not exist business interaction - P.T." id="cc78afbc-76e4-40b1-a849-58bc387c46b0">
    <con:settings/>
    <con:config xsi:type="con:PropertyTransfersStep" xmlns:xsi="http://www.w3.org/2001/XMLSchema-instance">
      <con:transfers setNullOnMissingSource="true" transferTextContent="true" failOnError="true" ignoreEmpty="false" transferToAll="false" entitize="false" transferChildNodes="false">
        <con:name>biId</con:name>
        <con:sourceType>nonExist</con:sourceType>
        <con:sourceStep>Global Properties</con:sourceStep>
        <con:sourcePath/>
        <con:targetType>req_biId</con:targetType>
        <con:targetStep>Cancel not exist business interaction</con:targetStep>
        <con:targetPath/>
        <con:upgraded>true</con:upgraded>
      </con:transfers>
    </con:config>
  </con:testStep>
  <con:testStep type="calltestcase" name="Cancel not exist business interaction" id="d3dcaa58-3245-43d9-92b9-bfd15d43a276">
    <con:settings/>
    <con:config xsi:type="con:RunTestCaseStep" xmlns:xsi="http://www.w3.org/2001/XMLSchema-instance">
      <con:targetTestCase>03e09e66-5850-4e87-8b93-d191e1a405f9</con:targetTestCase>
      <con:properties>
        <con:property>
          <con:name>req_biId</con:name>
          <con:value>-1</con:value>
        </con:property>
        <con:property>
          <con:name>res_biId</con:name>
          <con:value xsi:nil="true"/>
        </con:property>
        <con:property>
          <con:name>res_headerCode</con:name>
          <con:value>400</con:value>
        </con:property>
        <con:property>
          <con:name>res_code</con:name>
          <con:value>BI_WITH_ID_NOT_FOUND</con:value>
        </con:property>
      </con:properties>
      <con:returnProperties>
        <con:entry>res_biId</con:entry>
        <con:entry>res_headerCode</con:entry>
        <con:entry>res_code</con:entry>
      </con:returnProperties>
      <con:runMode>PARALLELL</con:runMode>
    </con:config>
  </con:testStep>
  <con:testStep type="assertionteststep" name="Assertion bi with id not found" id="da2437af-4237-425c-99c7-bdf9361a0381">
    <con:settings/>
    <con:config xsi:type="con:AssertionTestStep" xmlns:xsi="http://www.w3.org/2001/XMLSchema-instance">
      <con:entry>
        <con:id>10985ae1-5467-46c7-b046-14bf1d714b00</con:id>
        <con:isGroup>false</con:isGroup>
        <con:sourceId>d3dcaa58-3245-43d9-92b9-bfd15d43a276</con:sourceId>
        <con:propertyName>res_headerCode</con:propertyName>
        <con:assertion type="Simple Equals" name="Equals" id="836d5e4f-22e6-4ea2-86eb-d74697524519">
          <con:configuration>
            <patternObjectId>a30f6d5c-6008-4141-9411-7c5ec5e6f39b</patternObjectId>
            <patternProperty>httpCode400</patternProperty>
            <caseSensitive>true</caseSensitive>
          </con:configuration>
        </con:assertion>
      </con:entry>
      <con:entry>
        <con:id>6430ffe2-8e3a-401a-95d0-978739eaccf8</con:id>
        <con:isGroup>false</con:isGroup>
        <con:sourceId>d3dcaa58-3245-43d9-92b9-bfd15d43a276</con:sourceId>
        <con:propertyName>res_code</con:propertyName>
        <con:assertion type="Simple Equals" name="Equals 2" id="fcc9d3f6-b4fa-409c-8a48-68d9e134d0fc">
          <con:configuration>
            <patternObjectId>4ae4a32f-7dbe-46a7-9787-c7512de04197</patternObjectId>
            <patternProperty>errorMsg-biNotFound</patternProperty>
            <caseSensitive>true</caseSensitive>
          </con:configuration>
        </con:assertion>
      </con:entry>
    </con:config>
  </con:testStep>
  <con:testStep type="transfer" name="Cancel submit business interaction success - P.T." id="9a8cd5ba-052e-49c0-b36e-209c2e1ae3b7">
    <con:settings/>
    <con:config xsi:type="con:PropertyTransfersStep" xmlns:xsi="http://www.w3.org/2001/XMLSchema-instance">
      <con:transfers setNullOnMissingSource="true" transferTextContent="true" failOnError="true" ignoreEmpty="false" transferToAll="false" entitize="false" transferChildNodes="false">
        <con:name>biıd</con:name>
        <con:sourceType>res_biId</con:sourceType>
        <con:sourceStep>Create interaction success</con:sourceStep>
        <con:sourcePath/>
        <con:targetType>req_biId</con:targetType>
        <con:targetStep>Cancel submit business interaction success</con:targetStep>
        <con:targetPath/>
        <con:upgraded>true</con:upgraded>
      </con:transfers>
    </con:config>
  </con:testStep>
  <con:testStep type="calltestcase" name="Cancel submit business interaction success" id="b5557dce-9f31-4bc1-86fe-3d3b300b6ce4">
    <con:settings/>
    <con:config xsi:type="con:RunTestCaseStep" xmlns:xsi="http://www.w3.org/2001/XMLSchema-instance">
      <con:targetTestCase>03e09e66-5850-4e87-8b93-d191e1a405f9</con:targetTestCase>
      <con:properties>
        <con:property>
          <con:name>req_biId</con:name>
          <con:value>6681</con:value>
        </con:property>
        <con:property>
          <con:name>res_biId</con:name>
          <con:value>6681</con:value>
        </con:property>
        <con:property>
          <con:name>res_headerCode</con:name>
          <con:value>200</con:value>
        </con:property>
        <con:property>
          <con:name>res_code</con:name>
          <con:value xsi:nil="true"/>
        </con:property>
      </con:properties>
      <con:returnProperties>
        <con:entry>res_biId</con:entry>
        <con:entry>res_headerCode</con:entry>
        <con:entry>res_code</con:entry>
      </con:returnProperties>
      <con:runMode>PARALLELL</con:runMode>
    </con:config>
  </con:testStep>
  <con:testStep type="assertionteststep" name="Assertion bi cancelled successfully" id="320d47f6-579e-4b77-8847-c02a481514b3">
    <con:settings/>
    <con:config xsi:type="con:AssertionTestStep" xmlns:xsi="http://www.w3.org/2001/XMLSchema-instance">
      <con:entry>
        <con:id>2a6aad26-ce48-4c0d-99c8-76775fd22b02</con:id>
        <con:isGroup>false</con:isGroup>
        <con:sourceId>b5557dce-9f31-4bc1-86fe-3d3b300b6ce4</con:sourceId>
        <con:propertyName>res_headerCode</con:propertyName>
        <con:assertion type="Simple Equals" name="Equals" id="625274c0-6033-4c9c-84a5-da7c0b68c3f9">
          <con:configuration>
            <patternObjectId>a30f6d5c-6008-4141-9411-7c5ec5e6f39b</patternObjectId>
            <patternProperty>httpCode200</patternProperty>
            <caseSensitive>true</caseSensitive>
          </con:configuration>
        </con:assertion>
      </con:entry>
      <con:entry>
        <con:id>db3fccd2-ae58-4721-8a85-055c746c99f3</con:id>
        <con:isGroup>false</con:isGroup>
        <con:sourceId>b5557dce-9f31-4bc1-86fe-3d3b300b6ce4</con:sourceId>
        <con:propertyName>res_biId</con:propertyName>
        <con:assertion type="Simple Contains" name="Contains" id="fbc6244f-98d6-49f6-ac69-bc2526f4fd5c">
          <con:configuration>
            <token>\d+</token>
            <ignoreCase>false</ignoreCase>
            <useRegEx>true</useRegEx>
          </con:configuration>
        </con:assertion>
      </con:entry>
    </con:config>
  </con:testStep>
  <con:testStep type="transfer" name="Create interaction success for user3 - P.T." id="ff50c47d-e5ae-4132-8673-73f4957dcc3a">
    <con:settings/>
    <con:config xsi:type="con:PropertyTransfersStep" xmlns:xsi="http://www.w3.org/2001/XMLSchema-instance">
      <con:transfers setNullOnMissingSource="true" transferTextContent="true" failOnError="true" ignoreEmpty="false" transferToAll="false" entitize="false" transferChildNodes="false">
        <con:name>biSpecCode</con:name>
        <con:sourceType>biSpecCode</con:sourceType>
        <con:sourceStep>Global Properties</con:sourceStep>
        <con:sourcePath/>
        <con:targetType>req_biSpecCode</con:targetType>
        <con:targetStep>Create interaction success for user3</con:targetStep>
        <con:targetPath/>
        <con:upgraded>true</con:upgraded>
      </con:transfers>
      <con:transfers setNullOnMissingSource="true" transferTextContent="true" failOnError="true" ignoreEmpty="false" transferToAll="false" entitize="false" transferChildNodes="false">
        <con:name>userRoleId</con:name>
        <con:sourceType>res_userRoleId</con:sourceType>
        <con:sourceStep>Create initial data</con:sourceStep>
        <con:targetType>req_userRoleId</con:targetType>
        <con:targetStep>Create interaction success for user3</con:targetStep>
        <con:upgraded>true</con:upgraded>
      </con:transfers>
      <con:transfers setNullOnMissingSource="true" transferTextContent="true" failOnError="true" ignoreEmpty="false" transferToAll="false" entitize="false" transferChildNodes="false">
        <con:name>salesOrgRoleId</con:name>
        <con:sourceType>res_salesOrgId</con:sourceType>
        <con:sourceStep>Create initial data</con:sourceStep>
        <con:targetType>req_salesOrgRoleId</con:targetType>
        <con:targetStep>Create interaction success for user3</con:targetStep>
        <con:upgraded>true</con:upgraded>
      </con:transfers>
      <con:transfers setNullOnMissingSource="true" transferTextContent="true" failOnError="true" ignoreEmpty="false" transferToAll="false" entitize="false" transferChildNodes="false">
        <con:name>affectedUserRoleId</con:name>
        <con:sourceType>res_userRoleId</con:sourceType>
        <con:sourceStep>Create initial data 3</con:sourceStep>
        <con:targetType>req_affectedUserRoleId</con:targetType>
        <con:targetStep>Create interaction success for user3</con:targetStep>
        <con:upgraded>true</con:upgraded>
      </con:transfers>
    </con:config>
  </con:testStep>
  <con:testStep type="calltestcase" name="Create interaction success for user3" id="8bc14034-f8be-4264-b4c8-218d5af8b5fa">
    <con:settings/>
    <con:config xsi:type="con:RunTestCaseStep" xmlns:xsi="http://www.w3.org/2001/XMLSchema-instance">
      <con:targetTestCase>0384e774-63bd-45b1-9927-819d222a3710</con:targetTestCase>
      <con:properties>
        <con:property>
          <con:name>req_userRoleId</con:name>
          <con:value>313</con:value>
        </con:property>
        <con:property>
          <con:name>req_salesOrgRoleId</con:name>
          <con:value>311</con:value>
        </con:property>
        <con:property>
          <con:name>req_biSpecCode</con:name>
          <con:value>CHANGE_SALES_ORGANIZATIONS_OF_USER</con:value>
        </con:property>
        <con:property>
          <con:name>req_affectedUserRoleId</con:name>
          <con:value>321</con:value>
        </con:property>
        <con:property>
          <con:name>res_headerCode</con:name>
          <con:value>201</con:value>
        </con:property>
        <con:property>
          <con:name>req_externalBIId</con:name>
          <con:value xsi:nil="true"/>
        </con:property>
        <con:property>
          <con:name>res_biId</con:name>
          <con:value>6711</con:value>
        </con:property>
        <con:property>
          <con:name>res_code</con:name>
          <con:value xsi:nil="true"/>
        </con:property>
        <con:property>
          <con:name>req_newActiveSalesOrgRoleId</con:name>
        </con:property>
        <con:property>
          <con:name>req_createdByUserRoleId</con:name>
        </con:property>
        <con:property>
          <con:name>req_createdBySalesOrganizationId</con:name>
        </con:property>
      </con:properties>
      <con:returnProperties>
        <con:entry>res_headerCode</con:entry>
        <con:entry>res_biId</con:entry>
        <con:entry>res_code</con:entry>
      </con:returnProperties>
      <con:runMode>PARALLELL</con:runMode>
    </con:config>
  </con:testStep>
  <con:testStep type="assertionteststep" name="Assertion interaction created success for user3" id="2a3bdf69-85d4-4f68-9cc6-077e0938ff67">
    <con:settings/>
    <con:config xsi:type="con:AssertionTestStep" xmlns:xsi="http://www.w3.org/2001/XMLSchema-instance">
      <con:entry>
        <con:id>adfcc324-4e56-4aec-b156-386d2106ed6e</con:id>
        <con:isGroup>false</con:isGroup>
        <con:sourceId>8bc14034-f8be-4264-b4c8-218d5af8b5fa</con:sourceId>
        <con:propertyName>res_biId</con:propertyName>
        <con:assertion type="Simple Contains" name="Contains" id="eb115500-79e5-4fa0-98b5-0e799b2e53c7">
          <con:configuration>
            <token>\d+</token>
            <ignoreCase>false</ignoreCase>
            <useRegEx>true</useRegEx>
          </con:configuration>
        </con:assertion>
      </con:entry>
      <con:entry>
        <con:id>9bb3c463-edc4-4c60-bff7-ce17dd987669</con:id>
        <con:isGroup>false</con:isGroup>
        <con:sourceId>8bc14034-f8be-4264-b4c8-218d5af8b5fa</con:sourceId>
        <con:propertyName>res_headerCode</con:propertyName>
        <con:assertion type="Simple Equals" name="Equals" id="79272cdc-9b8e-45b4-91ce-fb0e1e877f35">
          <con:configuration>
            <patternObjectId>a30f6d5c-6008-4141-9411-7c5ec5e6f39b</patternObjectId>
            <patternProperty>httpCode201</patternProperty>
            <caseSensitive>true</caseSensitive>
          </con:configuration>
        </con:assertion>
      </con:entry>
    </con:config>
  </con:testStep>
  <con:testStep type="transfer" name="Add sales-org-1 to interaction - P.T." id="dd87fb8c-1c90-4f40-95f1-c7ec1e85e59b">
    <con:settings/>
    <con:config xsi:type="con:PropertyTransfersStep" xmlns:xsi="http://www.w3.org/2001/XMLSchema-instance">
      <con:transfers setNullOnMissingSource="true" transferTextContent="true" failOnError="true" ignoreEmpty="false" transferToAll="false" entitize="false" transferChildNodes="false">
        <con:name>biId</con:name>
        <con:sourceType>res_biId</con:sourceType>
        <con:sourceStep>Create interaction success for user3</con:sourceStep>
        <con:sourcePath/>
        <con:targetType>req_biId</con:targetType>
        <con:targetStep>Add sales-org-1 to interaction</con:targetStep>
        <con:targetPath/>
        <con:upgraded>true</con:upgraded>
      </con:transfers>
      <con:transfers setNullOnMissingSource="true" transferTextContent="true" failOnError="true" ignoreEmpty="false" transferToAll="false" entitize="false" transferChildNodes="false">
        <con:name>salesOrgRoleId</con:name>
        <con:sourceType>res_salesOrgId</con:sourceType>
        <con:sourceStep>Create initial data</con:sourceStep>
        <con:targetType>req_salesOrgId</con:targetType>
        <con:targetStep>Add sales-org-1 to interaction</con:targetStep>
        <con:upgraded>true</con:upgraded>
      </con:transfers>
    </con:config>
  </con:testStep>
  <con:testStep type="calltestcase" name="Add sales-org-1 to interaction" id="776fd836-e5cd-40da-a3b7-231a2b2fca49">
    <con:settings/>
    <con:config xsi:type="con:RunTestCaseStep" xmlns:xsi="http://www.w3.org/2001/XMLSchema-instance">
      <con:targetTestCase>cb24c4bf-1bc6-4259-810d-b2237d7142bc</con:targetTestCase>
      <con:properties>
        <con:property>
          <con:name>req_salesOrgId</con:name>
          <con:value>311</con:value>
        </con:property>
        <con:property>
          <con:name>req_biId</con:name>
          <con:value>6711</con:value>
        </con:property>
        <con:property>
          <con:name>res_id</con:name>
          <con:value>1065</con:value>
        </con:property>
        <con:property>
          <con:name>res_httpCode</con:name>
          <con:value>201</con:value>
        </con:property>
        <con:property>
          <con:name>res_code</con:name>
          <con:value xsi:nil="true"/>
        </con:property>
      </con:properties>
      <con:returnProperties>
        <con:entry>res_id</con:entry>
        <con:entry>res_httpCode</con:entry>
        <con:entry>res_code</con:entry>
      </con:returnProperties>
      <con:runMode>PARALLELL</con:runMode>
    </con:config>
  </con:testStep>
  <con:testStep type="assertionteststep" name="Assertion sales-org-1 added to interaction success" id="98ef81af-9176-4499-95f9-74bca321be9d">
    <con:settings/>
    <con:config xsi:type="con:AssertionTestStep" xmlns:xsi="http://www.w3.org/2001/XMLSchema-instance">
      <con:entry>
        <con:id>f07e664a-5be7-46c4-8c43-341f74e5b971</con:id>
        <con:isGroup>false</con:isGroup>
        <con:sourceId>776fd836-e5cd-40da-a3b7-231a2b2fca49</con:sourceId>
        <con:propertyName>res_httpCode</con:propertyName>
        <con:assertion type="Simple Equals" name="Equals" id="bfcd44bb-6fbb-4904-b2ae-abad5f484323">
          <con:configuration>
            <patternObjectId>a30f6d5c-6008-4141-9411-7c5ec5e6f39b</patternObjectId>
            <patternProperty>httpCode201</patternProperty>
            <caseSensitive>true</caseSensitive>
          </con:configuration>
        </con:assertion>
      </con:entry>
      <con:entry>
        <con:id>90c11708-a196-4f05-b5cf-d56e2015068b</con:id>
        <con:isGroup>false</con:isGroup>
        <con:sourceId>776fd836-e5cd-40da-a3b7-231a2b2fca49</con:sourceId>
        <con:propertyName>res_id</con:propertyName>
        <con:assertion type="Simple Contains" name="Contains" id="f4ad6b0e-6b0f-4059-93d8-a5346a9ec982">
          <con:configuration>
            <token>\d+</token>
            <ignoreCase>false</ignoreCase>
            <useRegEx>true</useRegEx>
          </con:configuration>
        </con:assertion>
      </con:entry>
    </con:config>
  </con:testStep>
  <con:testStep type="transfer" name="Add sales-org-2 to interaction - P.T." id="5f416031-2535-4ca5-89c1-c447f1dc4002">
    <con:settings/>
    <con:config xsi:type="con:PropertyTransfersStep" xmlns:xsi="http://www.w3.org/2001/XMLSchema-instance">
      <con:transfers setNullOnMissingSource="true" transferTextContent="true" failOnError="true" ignoreEmpty="false" transferToAll="false" entitize="false" transferChildNodes="false">
        <con:name>biId</con:name>
        <con:sourceType>res_biId</con:sourceType>
        <con:sourceStep>Create interaction success for user3</con:sourceStep>
        <con:sourcePath/>
        <con:targetType>req_biId</con:targetType>
        <con:targetStep>Add sales-org-2 to interaction</con:targetStep>
        <con:targetPath/>
        <con:upgraded>true</con:upgraded>
      </con:transfers>
      <con:transfers setNullOnMissingSource="true" transferTextContent="true" failOnError="true" ignoreEmpty="false" transferToAll="false" entitize="false" transferChildNodes="false">
        <con:name>salesOrgRoleId</con:name>
        <con:sourceType>res_salesOrgId</con:sourceType>
        <con:sourceStep>Create initial data 2</con:sourceStep>
        <con:targetType>req_salesOrgId</con:targetType>
        <con:targetStep>Add sales-org-2 to interaction</con:targetStep>
        <con:upgraded>true</con:upgraded>
      </con:transfers>
    </con:config>
  </con:testStep>
  <con:testStep type="calltestcase" name="Add sales-org-2 to interaction" id="0385657e-caeb-42a1-b2a0-d4bd8bc7c074">
    <con:settings/>
    <con:config xsi:type="con:RunTestCaseStep" xmlns:xsi="http://www.w3.org/2001/XMLSchema-instance">
      <con:targetTestCase>cb24c4bf-1bc6-4259-810d-b2237d7142bc</con:targetTestCase>
      <con:properties>
        <con:property>
          <con:name>req_salesOrgId</con:name>
          <con:value>315</con:value>
        </con:property>
        <con:property>
          <con:name>req_biId</con:name>
          <con:value>6711</con:value>
        </con:property>
        <con:property>
          <con:name>res_id</con:name>
          <con:value>1066</con:value>
        </con:property>
        <con:property>
          <con:name>res_httpCode</con:name>
          <con:value>201</con:value>
        </con:property>
        <con:property>
          <con:name>res_code</con:name>
          <con:value xsi:nil="true"/>
        </con:property>
      </con:properties>
      <con:returnProperties>
        <con:entry>res_id</con:entry>
        <con:entry>res_httpCode</con:entry>
        <con:entry>res_code</con:entry>
      </con:returnProperties>
      <con:runMode>PARALLELL</con:runMode>
    </con:config>
  </con:testStep>
  <con:testStep type="assertionteststep" name="Assertion sales-org-2 added to interaction success" id="0f36a886-b1b1-412e-ba5e-e6d1d71dfe51">
    <con:settings/>
    <con:config xsi:type="con:AssertionTestStep" xmlns:xsi="http://www.w3.org/2001/XMLSchema-instance">
      <con:entry>
        <con:id>4dc4993e-dc6f-448f-a32c-9f2702daf88d</con:id>
        <con:isGroup>false</con:isGroup>
        <con:sourceId>0385657e-caeb-42a1-b2a0-d4bd8bc7c074</con:sourceId>
        <con:propertyName>res_httpCode</con:propertyName>
        <con:assertion type="Simple Equals" name="Equals" id="50386aa6-ceee-4022-8d6a-ae35d56290c1">
          <con:configuration>
            <patternObjectId>4ae4a32f-7dbe-46a7-9787-c7512de04197</patternObjectId>
            <patternProperty>httpCode201</patternProperty>
            <caseSensitive>true</caseSensitive>
          </con:configuration>
        </con:assertion>
      </con:entry>
      <con:entry>
        <con:id>b3a5f5a8-064a-478b-80d5-5403c53dcc74</con:id>
        <con:isGroup>false</con:isGroup>
        <con:sourceId>0385657e-caeb-42a1-b2a0-d4bd8bc7c074</con:sourceId>
        <con:propertyName>res_id</con:propertyName>
        <con:assertion type="Simple Contains" name="Contains" id="a9a1de2e-8b5b-48cb-86f4-fead7a1bf301">
          <con:configuration>
            <token>\d+</token>
            <ignoreCase>false</ignoreCase>
            <useRegEx>true</useRegEx>
          </con:configuration>
        </con:assertion>
      </con:entry>
    </con:config>
  </con:testStep>
  <con:testStep type="transfer" name="Submit interaction success for user3 - P.T." id="00c2a7a7-1ee4-44df-8ce1-027d0f0d3a38">
    <con:settings/>
    <con:config xsi:type="con:PropertyTransfersStep" xmlns:xsi="http://www.w3.org/2001/XMLSchema-instance">
      <con:transfers setNullOnMissingSource="true" transferTextContent="true" failOnError="true" ignoreEmpty="false" transferToAll="false" entitize="false" transferChildNodes="false">
        <con:name>biId</con:name>
        <con:sourceType>res_biId</con:sourceType>
        <con:sourceStep>Create interaction success for user3</con:sourceStep>
        <con:sourcePath/>
        <con:targetType>req_biId</con:targetType>
        <con:targetStep>Submit interaction success for user3</con:targetStep>
        <con:targetPath/>
        <con:upgraded>true</con:upgraded>
      </con:transfers>
    </con:config>
  </con:testStep>
  <con:testStep type="calltestcase" name="Submit interaction success for user3" id="f4250945-b7fc-47ae-b3ab-63a896152661">
    <con:settings/>
    <con:config xsi:type="con:RunTestCaseStep" xmlns:xsi="http://www.w3.org/2001/XMLSchema-instance">
      <con:targetTestCase>e098c825-11ac-4046-b56b-0be4bc5ba5be</con:targetTestCase>
      <con:properties>
        <con:property>
          <con:name>req_biId</con:name>
          <con:value>6711</con:value>
        </con:property>
        <con:property>
          <con:name>res_headerCode</con:name>
          <con:value>200</con:value>
        </con:property>
        <con:property>
          <con:name>res_biId</con:name>
          <con:value>6711</con:value>
        </con:property>
        <con:property>
          <con:name>res_code</con:name>
          <con:value xsi:nil="true"/>
        </con:property>
      </con:properties>
      <con:returnProperties>
        <con:entry>res_headerCode</con:entry>
        <con:entry>res_biId</con:entry>
        <con:entry>res_code</con:entry>
      </con:returnProperties>
      <con:runMode>PARALLELL</con:runMode>
    </con:config>
  </con:testStep>
  <con:testStep type="assertionteststep" name="Assertion interaction submitted success" id="fbbcf7ba-db2b-4f09-99e0-202db74227a8">
    <con:settings/>
    <con:config xsi:type="con:AssertionTestStep" xmlns:xsi="http://www.w3.org/2001/XMLSchema-instance">
      <con:entry>
        <con:id>b3ff42bf-d2f1-4cc3-b496-be04d9c0dcd0</con:id>
        <con:isGroup>false</con:isGroup>
        <con:sourceId>f4250945-b7fc-47ae-b3ab-63a896152661</con:sourceId>
        <con:propertyName>res_headerCode</con:propertyName>
        <con:assertion type="Simple Equals" name="Equals" id="da2f0e36-81f5-4b5d-9cfc-c3d601eba78d">
          <con:configuration>
            <patternObjectId>a30f6d5c-6008-4141-9411-7c5ec5e6f39b</patternObjectId>
            <patternProperty>httpCode200</patternProperty>
            <caseSensitive>true</caseSensitive>
          </con:configuration>
        </con:assertion>
      </con:entry>
      <con:entry>
        <con:id>587ebefa-e555-4877-a3cd-3ffdb124390e</con:id>
        <con:isGroup>false</con:isGroup>
        <con:sourceId>f4250945-b7fc-47ae-b3ab-63a896152661</con:sourceId>
        <con:propertyName>res_biId</con:propertyName>
        <con:assertion type="Simple Contains" name="Contains" id="48f5d94e-78cc-493a-9dfe-cf6d19f4af2f">
          <con:configuration>
            <token>\d+</token>
            <ignoreCase>false</ignoreCase>
            <useRegEx>true</useRegEx>
          </con:configuration>
        </con:assertion>
      </con:entry>
    </con:config>
  </con:testStep>
  <con:testStep type="transfer" name="Create new interaction for active sales organization change - P.T." id="4d2c8f14-f19b-42c9-bc7b-3b034ee69034">
    <con:settings/>
    <con:config xsi:type="con:PropertyTransfersStep" xmlns:xsi="http://www.w3.org/2001/XMLSchema-instance">
      <con:transfers setNullOnMissingSource="true" transferTextContent="true" failOnError="true" ignoreEmpty="false" transferToAll="false" entitize="false" transferChildNodes="false">
        <con:name>biSpecCode</con:name>
        <con:sourceType>biSpecCodeActive</con:sourceType>
        <con:sourceStep>Global Properties</con:sourceStep>
        <con:sourcePath/>
        <con:targetType>req_biSpecCode</con:targetType>
        <con:targetStep>Create new interaction for active sales organization change</con:targetStep>
        <con:targetPath/>
        <con:upgraded>true</con:upgraded>
      </con:transfers>
      <con:transfers setNullOnMissingSource="true" transferTextContent="true" failOnError="true" ignoreEmpty="false" transferToAll="false" entitize="false" transferChildNodes="false">
        <con:name>userRoleId</con:name>
        <con:sourceType>res_userRoleId</con:sourceType>
        <con:sourceStep>Create initial data</con:sourceStep>
        <con:targetType>req_userRoleId</con:targetType>
        <con:targetStep>Create new interaction for active sales organization change</con:targetStep>
        <con:upgraded>true</con:upgraded>
      </con:transfers>
      <con:transfers setNullOnMissingSource="true" transferTextContent="true" failOnError="true" ignoreEmpty="false" transferToAll="false" entitize="false" transferChildNodes="false">
        <con:name>salesOrgRoleId</con:name>
        <con:sourceType>res_salesOrgId</con:sourceType>
        <con:sourceStep>Create initial data</con:sourceStep>
        <con:targetType>req_salesOrgRoleId</con:targetType>
        <con:targetStep>Create new interaction for active sales organization change</con:targetStep>
        <con:upgraded>true</con:upgraded>
      </con:transfers>
      <con:transfers setNullOnMissingSource="true" transferTextContent="true" failOnError="true" ignoreEmpty="false" transferToAll="false" entitize="false" transferChildNodes="false">
        <con:name>affectedUserRoleId</con:name>
        <con:sourceType>res_userRoleId</con:sourceType>
        <con:sourceStep>Create initial data 3</con:sourceStep>
        <con:targetType>req_affectedUserRoleId</con:targetType>
        <con:targetStep>Create new interaction for active sales organization change</con:targetStep>
        <con:upgraded>true</con:upgraded>
      </con:transfers>
      <con:transfers setNullOnMissingSource="true" transferTextContent="true" failOnError="true" ignoreEmpty="false" transferToAll="false" entitize="false" transferChildNodes="false">
        <con:name>newActiveSalesOrgRoleId</con:name>
        <con:sourceType>res_salesOrgId</con:sourceType>
        <con:sourceStep>Create initial data</con:sourceStep>
        <con:targetType>req_newActiveSalesOrgRoleId</con:targetType>
        <con:targetStep>Create new interaction for active sales organization change</con:targetStep>
        <con:upgraded>true</con:upgraded>
      </con:transfers>
      <con:transfers setNullOnMissingSource="true" transferTextContent="true" failOnError="true" ignoreEmpty="false" transferToAll="false" entitize="false" transferChildNodes="false">
        <con:name>userToken</con:name>
        <con:sourceType>userToken</con:sourceType>
        <con:sourceStep>Create initial data</con:sourceStep>
        <con:targetType>AuthorizationUser</con:targetType>
        <con:targetStep>#Project#</con:targetStep>
        <con:upgraded>true</con:upgraded>
      </con:transfers>
      <con:transfers setNullOnMissingSource="true" transferTextContent="true" failOnError="true" ignoreEmpty="false" transferToAll="false" entitize="false" transferChildNodes="false">
        <con:name>userSo</con:name>
        <con:sourceType>res_salesOrgId</con:sourceType>
        <con:sourceStep>Create initial data</con:sourceStep>
        <con:targetType>UserSo</con:targetType>
        <con:targetStep>#Project#</con:targetStep>
        <con:upgraded>true</con:upgraded>
      </con:transfers>
    </con:config>
  </con:testStep>
  <con:testStep type="calltestcase" name="Create new interaction for active sales organization change" id="52a480c2-b0dc-4e21-808e-1277b10e97db">
    <con:settings/>
    <con:config xsi:type="con:RunTestCaseStep" xmlns:xsi="http://www.w3.org/2001/XMLSchema-instance">
      <con:targetTestCase>0384e774-63bd-45b1-9927-819d222a3710</con:targetTestCase>
      <con:properties>
        <con:property>
          <con:name>req_userRoleId</con:name>
          <con:value>313</con:value>
        </con:property>
        <con:property>
          <con:name>req_salesOrgRoleId</con:name>
          <con:value>311</con:value>
        </con:property>
        <con:property>
          <con:name>req_biSpecCode</con:name>
          <con:value>CHANGE_SO_OF_USER_BI_SPEC</con:value>
        </con:property>
        <con:property>
          <con:name>req_affectedUserRoleId</con:name>
          <con:value>321</con:value>
        </con:property>
        <con:property>
          <con:name>res_headerCode</con:name>
          <con:value>201</con:value>
        </con:property>
        <con:property>
          <con:name>req_externalBIId</con:name>
          <con:value xsi:nil="true"/>
        </con:property>
        <con:property>
          <con:name>res_code</con:name>
          <con:value xsi:nil="true"/>
        </con:property>
        <con:property>
          <con:name>req_newActiveSalesOrgRoleId</con:name>
          <con:value>311</con:value>
        </con:property>
        <con:property>
          <con:name>res_biId</con:name>
          <con:value>6721</con:value>
        </con:property>
        <con:property>
          <con:name>req_createdByUserRoleId</con:name>
        </con:property>
        <con:property>
          <con:name>req_createdBySalesOrganizationId</con:name>
        </con:property>
      </con:properties>
      <con:returnProperties>
        <con:entry>res_headerCode</con:entry>
        <con:entry>res_biId</con:entry>
        <con:entry>res_code</con:entry>
      </con:returnProperties>
      <con:runMode>PARALLELL</con:runMode>
    </con:config>
  </con:testStep>
  <con:testStep type="assertionteststep" name="Assertion create interaction success for active sales organization change" id="f1a4011e-117e-4a19-8be8-34f5062d69e8">
    <con:settings/>
    <con:config xsi:type="con:AssertionTestStep" xmlns:xsi="http://www.w3.org/2001/XMLSchema-instance">
      <con:entry>
        <con:id>7baf543e-b496-4b0a-9ac0-85636d32c0de</con:id>
        <con:isGroup>false</con:isGroup>
        <con:sourceId>52a480c2-b0dc-4e21-808e-1277b10e97db</con:sourceId>
        <con:propertyName>res_headerCode</con:propertyName>
        <con:assertion type="Simple Equals" name="Equals" id="543e0c88-e847-42a6-be8f-d1801d915449">
          <con:configuration>
            <patternObjectId>4ae4a32f-7dbe-46a7-9787-c7512de04197</patternObjectId>
            <patternProperty>httpCode201</patternProperty>
            <caseSensitive>true</caseSensitive>
          </con:configuration>
        </con:assertion>
      </con:entry>
      <con:entry>
        <con:id>308c4a88-6fa6-452e-b821-84e34ddaa8b3</con:id>
        <con:isGroup>false</con:isGroup>
        <con:sourceId>52a480c2-b0dc-4e21-808e-1277b10e97db</con:sourceId>
        <con:propertyName>res_biId</con:propertyName>
        <con:assertion type="Simple Contains" name="Contains" id="a81bfbfa-d973-4f8f-9e98-725dad070913">
          <con:configuration>
            <token>\d+</token>
            <ignoreCase>false</ignoreCase>
            <useRegEx>true</useRegEx>
          </con:configuration>
        </con:assertion>
      </con:entry>
    </con:config>
  </con:testStep>
  <con:testStep type="transfer" name="Add sales-org-1 to interaction for delete - P.T." id="af0b0245-54cd-49a6-a36a-1403408309de">
    <con:settings/>
    <con:config xsi:type="con:PropertyTransfersStep" xmlns:xsi="http://www.w3.org/2001/XMLSchema-instance">
      <con:transfers setNullOnMissingSource="true" transferTextContent="true" failOnError="true" ignoreEmpty="false" transferToAll="false" entitize="false" transferChildNodes="false">
        <con:name>biId</con:name>
        <con:sourceType>res_biId</con:sourceType>
        <con:sourceStep>Create new interaction for active sales organization change</con:sourceStep>
        <con:sourcePath/>
        <con:targetType>req_biId</con:targetType>
        <con:targetStep>Add sales-org-1 to interaction for delete</con:targetStep>
        <con:targetPath/>
        <con:upgraded>true</con:upgraded>
      </con:transfers>
      <con:transfers setNullOnMissingSource="true" transferTextContent="true" failOnError="true" ignoreEmpty="false" transferToAll="false" entitize="false" transferChildNodes="false">
        <con:name>salesOrgRoleId</con:name>
        <con:sourceType>res_salesOrgId</con:sourceType>
        <con:sourceStep>Create initial data</con:sourceStep>
        <con:targetType>req_salesOrgId</con:targetType>
        <con:targetStep>Add sales-org-1 to interaction for delete</con:targetStep>
        <con:upgraded>true</con:upgraded>
      </con:transfers>
    </con:config>
  </con:testStep>
  <con:testStep type="calltestcase" name="Add sales-org-1 to interaction for delete" id="ff13f549-7f07-4dd1-9db4-975c4c29a081">
    <con:settings/>
    <con:config xsi:type="con:RunTestCaseStep" xmlns:xsi="http://www.w3.org/2001/XMLSchema-instance">
      <con:targetTestCase>cb24c4bf-1bc6-4259-810d-b2237d7142bc</con:targetTestCase>
      <con:properties>
        <con:property>
          <con:name>req_salesOrgId</con:name>
          <con:value>311</con:value>
        </con:property>
        <con:property>
          <con:name>req_biId</con:name>
          <con:value>6721</con:value>
        </con:property>
        <con:property>
          <con:name>res_id</con:name>
          <con:value>1067</con:value>
        </con:property>
        <con:property>
          <con:name>res_httpCode</con:name>
          <con:value>201</con:value>
        </con:property>
        <con:property>
          <con:name>res_code</con:name>
          <con:value xsi:nil="true"/>
        </con:property>
      </con:properties>
      <con:returnProperties>
        <con:entry>res_id</con:entry>
        <con:entry>res_httpCode</con:entry>
        <con:entry>res_code</con:entry>
      </con:returnProperties>
      <con:runMode>PARALLELL</con:runMode>
    </con:config>
  </con:testStep>
  <con:testStep type="assertionteststep" name="Assertion sales-org-1 added to interaction success 2" id="6f1027da-6c44-42a4-9e70-3e1beb262b2f">
    <con:settings/>
    <con:config xsi:type="con:AssertionTestStep" xmlns:xsi="http://www.w3.org/2001/XMLSchema-instance"/>
  </con:testStep>
  <con:testStep type="transfer" name="AddRemove sales-org-2 from eligible list - P.T." id="48ce6b46-93a3-4df3-8623-2b5ef38c599d">
    <con:settings/>
    <con:config xsi:type="con:PropertyTransfersStep" xmlns:xsi="http://www.w3.org/2001/XMLSchema-instance">
      <con:transfers setNullOnMissingSource="true" transferTextContent="true" failOnError="true" ignoreEmpty="false" transferToAll="false" entitize="false" transferChildNodes="false">
        <con:name>salesOrgId</con:name>
        <con:sourceType>res_salesOrgId</con:sourceType>
        <con:sourceStep>Create initial data 2</con:sourceStep>
        <con:sourcePath/>
        <con:targetType>req_salesOrgId</con:targetType>
        <con:targetStep>AddRemove sales-org-2 from eligible list</con:targetStep>
        <con:targetPath/>
        <con:upgraded>true</con:upgraded>
      </con:transfers>
      <con:transfers setNullOnMissingSource="true" transferTextContent="true" failOnError="true" ignoreEmpty="false" transferToAll="false" entitize="false" transferChildNodes="false">
        <con:name>biId</con:name>
        <con:sourceType>res_biId</con:sourceType>
        <con:sourceStep>Create new interaction for active sales organization change</con:sourceStep>
        <con:targetType>req_biId</con:targetType>
        <con:targetStep>AddRemove sales-org-2 from eligible list</con:targetStep>
        <con:upgraded>true</con:upgraded>
      </con:transfers>
    </con:config>
  </con:testStep>
  <con:testStep type="calltestcase" name="AddRemove sales-org-2 from eligible list" id="9472cef8-3f1b-4206-add5-78042aa3e3e6">
    <con:settings/>
    <con:config xsi:type="con:RunTestCaseStep" xmlns:xsi="http://www.w3.org/2001/XMLSchema-instance">
      <con:targetTestCase>7b90ca45-0a8c-4d64-904a-0aa0b9240e86</con:targetTestCase>
      <con:properties>
        <con:property>
          <con:name>req_salesOrgId</con:name>
          <con:value>315</con:value>
        </con:property>
        <con:property>
          <con:name>req_biId</con:name>
          <con:value>6721</con:value>
        </con:property>
        <con:property>
          <con:name>res_id</con:name>
          <con:value>1068</con:value>
        </con:property>
        <con:property>
          <con:name>res_httpCode</con:name>
          <con:value>201</con:value>
        </con:property>
        <con:property>
          <con:name>res_code</con:name>
          <con:value xsi:nil="true"/>
        </con:property>
      </con:properties>
      <con:returnProperties>
        <con:entry>res_id</con:entry>
        <con:entry>res_httpCode</con:entry>
        <con:entry>res_code</con:entry>
      </con:returnProperties>
      <con:runMode>PARALLELL</con:runMode>
    </con:config>
  </con:testStep>
  <con:testStep type="assertionteststep" name="Assertion sales-org-2 removed from eligible list" id="9e04382a-23c6-41a6-97b6-53979cbe6a69">
    <con:settings/>
    <con:config xsi:type="con:AssertionTestStep" xmlns:xsi="http://www.w3.org/2001/XMLSchema-instance">
      <con:entry>
        <con:id>b01f6788-3a3f-4f80-9e28-642b26e9631e</con:id>
        <con:isGroup>false</con:isGroup>
        <con:sourceId>9472cef8-3f1b-4206-add5-78042aa3e3e6</con:sourceId>
        <con:propertyName>res_httpCode</con:propertyName>
        <con:assertion type="Simple Equals" name="Equals" id="44614a5f-76d1-40f9-80af-cdafb5b98543">
          <con:configuration>
            <patternObjectId>4ae4a32f-7dbe-46a7-9787-c7512de04197</patternObjectId>
            <patternProperty>httpCode201</patternProperty>
            <caseSensitive>true</caseSensitive>
          </con:configuration>
        </con:assertion>
      </con:entry>
      <con:entry>
        <con:id>62ae571e-ebf5-40ae-9034-1494ff94a993</con:id>
        <con:isGroup>false</con:isGroup>
        <con:sourceId>9472cef8-3f1b-4206-add5-78042aa3e3e6</con:sourceId>
        <con:propertyName>res_id</con:propertyName>
        <con:assertion type="Simple Contains" name="Contains" id="dac01bae-8cbb-4fe2-be6f-eeb5d20e212b">
          <con:configuration>
            <token>\d+</token>
            <ignoreCase>false</ignoreCase>
            <useRegEx>true</useRegEx>
          </con:configuration>
        </con:assertion>
      </con:entry>
    </con:config>
  </con:testStep>
  <con:testStep type="transfer" name="Delete sales-org-1 from interaction - P.T." id="fcab0341-5c98-4dbf-9dd6-8e32c672acab">
    <con:settings/>
    <con:config xsi:type="con:PropertyTransfersStep" xmlns:xsi="http://www.w3.org/2001/XMLSchema-instance">
      <con:transfers setNullOnMissingSource="true" transferTextContent="true" failOnError="true" ignoreEmpty="false" transferToAll="false" entitize="false" transferChildNodes="false">
        <con:name>biId</con:name>
        <con:sourceType>res_biId</con:sourceType>
        <con:sourceStep>Create new interaction for active sales organization change</con:sourceStep>
        <con:sourcePath/>
        <con:targetType>req_biId</con:targetType>
        <con:targetStep>Delete sales-org-1 from interaction</con:targetStep>
        <con:targetPath/>
        <con:upgraded>true</con:upgraded>
      </con:transfers>
      <con:transfers setNullOnMissingSource="true" transferTextContent="true" failOnError="true" ignoreEmpty="false" transferToAll="false" entitize="false" transferChildNodes="false">
        <con:name>itemId</con:name>
        <con:sourceType>res_id</con:sourceType>
        <con:sourceStep>Add sales-org-1 to interaction for delete</con:sourceStep>
        <con:targetType>req_itemId</con:targetType>
        <con:targetStep>Delete sales-org-1 from interaction</con:targetStep>
        <con:upgraded>true</con:upgraded>
      </con:transfers>
    </con:config>
  </con:testStep>
  <con:testStep type="calltestcase" name="Delete sales-org-1 from interaction" id="a18856dc-de03-4ce5-82c8-e2ab07591b8b">
    <con:settings/>
    <con:config xsi:type="con:RunTestCaseStep" xmlns:xsi="http://www.w3.org/2001/XMLSchema-instance">
      <con:targetTestCase>ba646f8c-77a8-4134-98cc-65209c3e25b1</con:targetTestCase>
      <con:properties>
        <con:property>
          <con:name>req_biId</con:name>
          <con:value>6721</con:value>
        </con:property>
        <con:property>
          <con:name>req_itemId</con:name>
          <con:value>1067</con:value>
        </con:property>
        <con:property>
          <con:name>res_id</con:name>
          <con:value>1067</con:value>
        </con:property>
        <con:property>
          <con:name>res_httpCode</con:name>
          <con:value>200</con:value>
        </con:property>
        <con:property>
          <con:name>res_code</con:name>
          <con:value xsi:nil="true"/>
        </con:property>
      </con:properties>
      <con:returnProperties>
        <con:entry>res_id</con:entry>
        <con:entry>res_httpCode</con:entry>
        <con:entry>res_code</con:entry>
      </con:returnProperties>
      <con:runMode>PARALLELL</con:runMode>
    </con:config>
  </con:testStep>
  <con:testStep type="assertionteststep" name="Assertion item deleted success" id="c716c053-e703-4ce5-946f-0de22e9dd3da">
    <con:settings/>
    <con:config xsi:type="con:AssertionTestStep" xmlns:xsi="http://www.w3.org/2001/XMLSchema-instance">
      <con:entry>
        <con:id>bd0aaaa5-26e4-4e75-a1dc-b3ff079a2e7d</con:id>
        <con:isGroup>false</con:isGroup>
        <con:sourceId>a18856dc-de03-4ce5-82c8-e2ab07591b8b</con:sourceId>
        <con:propertyName>res_id</con:propertyName>
        <con:assertion type="Simple Contains" name="Contains" id="35c73eef-470d-4f4e-b624-1a1e6119b5fa">
          <con:configuration>
            <token>\d+</token>
            <ignoreCase>false</ignoreCase>
            <useRegEx>true</useRegEx>
          </con:configuration>
        </con:assertion>
      </con:entry>
      <con:entry>
        <con:id>3e2f1318-7192-441f-ac0d-0eb095e90e82</con:id>
        <con:isGroup>false</con:isGroup>
        <con:sourceId>a18856dc-de03-4ce5-82c8-e2ab07591b8b</con:sourceId>
        <con:propertyName>res_httpCode</con:propertyName>
        <con:assertion type="Simple Equals" name="Equals" id="1c3413e0-906a-4754-a38e-13a336cf36a6">
          <con:configuration>
            <patternObjectId>a30f6d5c-6008-4141-9411-7c5ec5e6f39b</patternObjectId>
            <patternProperty>httpCode200</patternProperty>
            <caseSensitive>true</caseSensitive>
          </con:configuration>
        </con:assertion>
      </con:entry>
    </con:config>
  </con:testStep>
  <con:testStep type="transfer" name="Delete sales-org-1 from interaction with externalSystem - P.T." id="91cf0492-336f-4bef-8230-ef39a0de88af">
    <con:settings/>
    <con:config xsi:type="con:PropertyTransfersStep" xmlns:xsi="http://www.w3.org/2001/XMLSchema-instance">
      <con:transfers setNullOnMissingSource="true" transferTextContent="true" failOnError="true" ignoreEmpty="false" transferToAll="false" entitize="false" transferChildNodes="false">
        <con:name>biId</con:name>
        <con:sourceType>res_biId</con:sourceType>
        <con:sourceStep>Create new interaction for active sales organization change</con:sourceStep>
        <con:sourcePath/>
        <con:targetType>req_biId</con:targetType>
        <con:targetStep>Delete sales-org-1 from interaction with externalSystem</con:targetStep>
        <con:targetPath/>
        <con:upgraded>true</con:upgraded>
      </con:transfers>
      <con:transfers setNullOnMissingSource="true" transferTextContent="true" failOnError="true" ignoreEmpty="false" transferToAll="false" entitize="false" transferChildNodes="false">
        <con:name>extSystem</con:name>
        <con:sourceType>externalSystem</con:sourceType>
        <con:sourceStep>Global Properties</con:sourceStep>
        <con:targetType>req_extSystem</con:targetType>
        <con:targetStep>Delete sales-org-1 from interaction with externalSystem</con:targetStep>
        <con:upgraded>true</con:upgraded>
      </con:transfers>
      <con:transfers setNullOnMissingSource="true" transferTextContent="true" failOnError="true" ignoreEmpty="false" transferToAll="false" entitize="false" transferChildNodes="false">
        <con:name>itemId</con:name>
        <con:sourceType>res_id</con:sourceType>
        <con:sourceStep>Add sales-org-1 to interaction for delete</con:sourceStep>
        <con:targetType>req_itemId</con:targetType>
        <con:targetStep>Delete sales-org-1 from interaction with externalSystem</con:targetStep>
        <con:upgraded>true</con:upgraded>
      </con:transfers>
    </con:config>
  </con:testStep>
  <con:testStep type="calltestcase" name="Delete sales-org-1 from interaction with externalSystem" id="b303d30e-c92a-4f15-8350-e0ac9d5bb897">
    <con:settings/>
    <con:config xsi:type="con:RunTestCaseStep" xmlns:xsi="http://www.w3.org/2001/XMLSchema-instance">
      <con:targetTestCase>36791e87-c812-40c8-8084-216a6247f505</con:targetTestCase>
      <con:properties>
        <con:property>
          <con:name>req_biId</con:name>
          <con:value>6721</con:value>
        </con:property>
        <con:property>
          <con:name>req_itemId</con:name>
          <con:value>1067</con:value>
        </con:property>
        <con:property>
          <con:name>res_id</con:name>
          <con:value xsi:nil="true"/>
        </con:property>
        <con:property>
          <con:name>res_httpCode</con:name>
          <con:value>400</con:value>
        </con:property>
        <con:property>
          <con:name>res_code</con:name>
          <con:value>BI_ITEM_WITH_ID_NOT_FOUND</con:value>
        </con:property>
        <con:property>
          <con:name>req_extSystem</con:name>
          <con:value>ext-system-${=java.util.UUID.randomUUID()}</con:value>
        </con:property>
      </con:properties>
      <con:returnProperties>
        <con:entry>res_id</con:entry>
        <con:entry>res_httpCode</con:entry>
        <con:entry>res_code</con:entry>
      </con:returnProperties>
      <con:runMode>PARALLELL</con:runMode>
    </con:config>
  </con:testStep>
  <con:testStep type="assertionteststep" name="Assertion delete item not found" id="80b74644-7dcb-445b-a410-5bef546edc53">
    <con:settings/>
    <con:config xsi:type="con:AssertionTestStep" xmlns:xsi="http://www.w3.org/2001/XMLSchema-instance">
      <con:entry>
        <con:id>ec056e6b-1fe7-4786-9c7b-ed60fac73702</con:id>
        <con:isGroup>false</con:isGroup>
        <con:sourceId>b303d30e-c92a-4f15-8350-e0ac9d5bb897</con:sourceId>
        <con:propertyName>res_httpCode</con:propertyName>
        <con:assertion type="Simple Equals" name="Equals" id="871df766-2499-4b66-afe5-b5e578b5f07b">
          <con:configuration>
            <patternObjectId>4ae4a32f-7dbe-46a7-9787-c7512de04197</patternObjectId>
            <patternProperty>httpCode400</patternProperty>
            <caseSensitive>true</caseSensitive>
          </con:configuration>
        </con:assertion>
      </con:entry>
      <con:entry>
        <con:id>246e801b-2602-49d0-a860-743a6d40db6f</con:id>
        <con:isGroup>false</con:isGroup>
        <con:sourceId>b303d30e-c92a-4f15-8350-e0ac9d5bb897</con:sourceId>
        <con:propertyName>res_code</con:propertyName>
        <con:assertion type="Simple Equals" name="Equals 2" id="779d0eb5-a561-492e-a9ac-94d634664eb0">
          <con:configuration>
            <patternObjectId>4ae4a32f-7dbe-46a7-9787-c7512de04197</patternObjectId>
            <patternProperty>errorMsg-biItemNotFound</patternProperty>
            <caseSensitive>true</caseSensitive>
          </con:configuration>
        </con:assertion>
      </con:entry>
    </con:config>
  </con:testStep>
  <con:testStep type="transfer" name="Submit interaction for active sales organization change - P.T." id="637168ac-026f-432e-bb2a-0e28d680d4c4">
    <con:settings/>
    <con:config xsi:type="con:PropertyTransfersStep" xmlns:xsi="http://www.w3.org/2001/XMLSchema-instance">
      <con:transfers setNullOnMissingSource="true" transferTextContent="true" failOnError="true" ignoreEmpty="false" transferToAll="false" entitize="false" transferChildNodes="false">
        <con:name>biId</con:name>
        <con:sourceType>res_biId</con:sourceType>
        <con:sourceStep>Create new interaction for active sales organization change</con:sourceStep>
        <con:sourcePath/>
        <con:targetType>req_biId</con:targetType>
        <con:targetStep>Submit interaction for active sales organization change</con:targetStep>
        <con:targetPath/>
        <con:upgraded>true</con:upgraded>
      </con:transfers>
    </con:config>
  </con:testStep>
  <con:testStep type="calltestcase" name="Submit interaction for active sales organization change" id="5e5e9658-d9ac-438f-8e32-d7fdfe206657">
    <con:settings/>
    <con:config xsi:type="con:RunTestCaseStep" xmlns:xsi="http://www.w3.org/2001/XMLSchema-instance">
      <con:targetTestCase>e098c825-11ac-4046-b56b-0be4bc5ba5be</con:targetTestCase>
      <con:properties>
        <con:property>
          <con:name>req_biId</con:name>
          <con:value>6721</con:value>
        </con:property>
        <con:property>
          <con:name>res_headerCode</con:name>
          <con:value>200</con:value>
        </con:property>
        <con:property>
          <con:name>res_biId</con:name>
          <con:value>6721</con:value>
        </con:property>
        <con:property>
          <con:name>res_code</con:name>
          <con:value xsi:nil="true"/>
        </con:property>
      </con:properties>
      <con:returnProperties>
        <con:entry>res_headerCode</con:entry>
        <con:entry>res_biId</con:entry>
        <con:entry>res_code</con:entry>
      </con:returnProperties>
      <con:runMode>PARALLELL</con:runMode>
    </con:config>
  </con:testStep>
  <con:testStep type="assertionteststep" name="Assertion interaction for active sales organization change success" id="d63866c4-0e39-4fc1-8822-f9ffcdd7cd7d">
    <con:settings/>
    <con:config xsi:type="con:AssertionTestStep" xmlns:xsi="http://www.w3.org/2001/XMLSchema-instance">
      <con:entry>
        <con:id>cc7f0ea8-ee69-47de-96f6-bd95515694bf</con:id>
        <con:isGroup>false</con:isGroup>
        <con:sourceId>5e5e9658-d9ac-438f-8e32-d7fdfe206657</con:sourceId>
        <con:propertyName>res_headerCode</con:propertyName>
        <con:assertion type="Simple Equals" name="Equals" id="f67e5618-8540-4f31-ac0f-2247367621af">
          <con:configuration>
            <patternObjectId>4ae4a32f-7dbe-46a7-9787-c7512de04197</patternObjectId>
            <patternProperty>httpCode200</patternProperty>
            <caseSensitive>true</caseSensitive>
          </con:configuration>
        </con:assertion>
      </con:entry>
      <con:entry>
        <con:id>7b3f5f0a-0f0d-4159-b5c3-6791a73e8e88</con:id>
        <con:isGroup>false</con:isGroup>
        <con:sourceId>5e5e9658-d9ac-438f-8e32-d7fdfe206657</con:sourceId>
        <con:propertyName>res_biId</con:propertyName>
        <con:assertion type="Simple Contains" name="Contains" id="bc34a1d9-75c8-4325-9f0a-6d2916738432">
          <con:configuration>
            <token>\d+</token>
            <ignoreCase>false</ignoreCase>
            <useRegEx>true</useRegEx>
          </con:configuration>
        </con:assertion>
      </con:entry>
    </con:config>
  </con:testStep>
  <con:testStep type="transfer" name="Create interaction for associated sales organization - P.T." id="38fbc440-2893-453c-b99e-7a2e351da371">
    <con:settings/>
    <con:config xsi:type="con:PropertyTransfersStep" xmlns:xsi="http://www.w3.org/2001/XMLSchema-instance">
      <con:transfers setNullOnMissingSource="true" transferTextContent="true" failOnError="true" ignoreEmpty="false" transferToAll="false" entitize="false" transferChildNodes="false">
        <con:name>biSpecCode</con:name>
        <con:sourceType>biSpecCode</con:sourceType>
        <con:sourceStep>Global Properties</con:sourceStep>
        <con:sourcePath/>
        <con:targetType>req_biSpecCode</con:targetType>
        <con:targetStep>Create interaction for associated sales organization</con:targetStep>
        <con:targetPath/>
        <con:upgraded>true</con:upgraded>
      </con:transfers>
      <con:transfers setNullOnMissingSource="true" transferTextContent="true" failOnError="true" ignoreEmpty="false" transferToAll="false" entitize="false" transferChildNodes="false">
        <con:name>userRoleId</con:name>
        <con:sourceType>res_userRoleId</con:sourceType>
        <con:sourceStep>Create initial data</con:sourceStep>
        <con:targetType>req_userRoleId</con:targetType>
        <con:targetStep>Create interaction for associated sales organization</con:targetStep>
        <con:upgraded>true</con:upgraded>
      </con:transfers>
      <con:transfers setNullOnMissingSource="true" transferTextContent="true" failOnError="true" ignoreEmpty="false" transferToAll="false" entitize="false" transferChildNodes="false">
        <con:name>salesOrgRoleId</con:name>
        <con:sourceType>res_salesOrgId</con:sourceType>
        <con:sourceStep>Create initial data</con:sourceStep>
        <con:targetType>req_salesOrgRoleId</con:targetType>
        <con:targetStep>Create interaction for associated sales organization</con:targetStep>
        <con:upgraded>true</con:upgraded>
      </con:transfers>
      <con:transfers setNullOnMissingSource="true" transferTextContent="true" failOnError="true" ignoreEmpty="false" transferToAll="false" entitize="false" transferChildNodes="false">
        <con:name>affectedUserRoleId</con:name>
        <con:sourceType>res_userRoleId</con:sourceType>
        <con:sourceStep>Create initial data 3</con:sourceStep>
        <con:targetType>req_affectedUserRoleId</con:targetType>
        <con:targetStep>Create interaction for associated sales organization</con:targetStep>
        <con:upgraded>true</con:upgraded>
      </con:transfers>
    </con:config>
  </con:testStep>
  <con:testStep type="calltestcase" name="Create interaction for associated sales organization" id="1d286fff-4cff-4860-8bdd-07c91dfc755f">
    <con:settings/>
    <con:config xsi:type="con:RunTestCaseStep" xmlns:xsi="http://www.w3.org/2001/XMLSchema-instance">
      <con:targetTestCase>0384e774-63bd-45b1-9927-819d222a3710</con:targetTestCase>
      <con:properties>
        <con:property>
          <con:name>req_userRoleId</con:name>
          <con:value>313</con:value>
        </con:property>
        <con:property>
          <con:name>req_salesOrgRoleId</con:name>
          <con:value>311</con:value>
        </con:property>
        <con:property>
          <con:name>req_biSpecCode</con:name>
          <con:value>CHANGE_SALES_ORGANIZATIONS_OF_USER</con:value>
        </con:property>
        <con:property>
          <con:name>req_affectedUserRoleId</con:name>
          <con:value>321</con:value>
        </con:property>
        <con:property>
          <con:name>res_headerCode</con:name>
          <con:value>201</con:value>
        </con:property>
        <con:property>
          <con:name>req_externalBIId</con:name>
          <con:value xsi:nil="true"/>
        </con:property>
        <con:property>
          <con:name>res_biId</con:name>
          <con:value>6731</con:value>
        </con:property>
        <con:property>
          <con:name>res_code</con:name>
          <con:value xsi:nil="true"/>
        </con:property>
        <con:property>
          <con:name>req_newActiveSalesOrgRoleId</con:name>
        </con:property>
        <con:property>
          <con:name>req_createdByUserRoleId</con:name>
        </con:property>
        <con:property>
          <con:name>req_createdBySalesOrganizationId</con:name>
        </con:property>
      </con:properties>
      <con:returnProperties>
        <con:entry>res_headerCode</con:entry>
        <con:entry>res_biId</con:entry>
        <con:entry>res_code</con:entry>
      </con:returnProperties>
      <con:runMode>PARALLELL</con:runMode>
    </con:config>
  </con:testStep>
  <con:testStep type="transfer" name="Add sales-org-1 to interaction for association - P.T." id="a2e8a958-8208-4bd4-9be8-125d9f6ad946">
    <con:settings/>
    <con:config xsi:type="con:PropertyTransfersStep" xmlns:xsi="http://www.w3.org/2001/XMLSchema-instance">
      <con:transfers setNullOnMissingSource="true" transferTextContent="true" failOnError="true" ignoreEmpty="false" transferToAll="false" entitize="false" transferChildNodes="false">
        <con:name>biId</con:name>
        <con:sourceType>res_biId</con:sourceType>
        <con:sourceStep>Create interaction for associated sales organization</con:sourceStep>
        <con:sourcePath/>
        <con:targetType>req_biId</con:targetType>
        <con:targetStep>Add sales-org-1 to interaction for association</con:targetStep>
        <con:targetPath/>
        <con:upgraded>true</con:upgraded>
      </con:transfers>
      <con:transfers setNullOnMissingSource="true" transferTextContent="true" failOnError="true" ignoreEmpty="false" transferToAll="false" entitize="false" transferChildNodes="false">
        <con:name>salesOrgRoleId</con:name>
        <con:sourceType>res_salesOrgId</con:sourceType>
        <con:sourceStep>Create initial data</con:sourceStep>
        <con:targetType>req_salesOrgId</con:targetType>
        <con:targetStep>Add sales-org-1 to interaction for association</con:targetStep>
        <con:upgraded>true</con:upgraded>
      </con:transfers>
    </con:config>
  </con:testStep>
  <con:testStep type="calltestcase" name="Add sales-org-1 to interaction for association" id="adbfbf52-5ee1-4a14-a3b0-7e294d8ede30">
    <con:settings/>
    <con:config xsi:type="con:RunTestCaseStep" xmlns:xsi="http://www.w3.org/2001/XMLSchema-instance">
      <con:targetTestCase>cb24c4bf-1bc6-4259-810d-b2237d7142bc</con:targetTestCase>
      <con:properties>
        <con:property>
          <con:name>req_salesOrgId</con:name>
          <con:value>311</con:value>
        </con:property>
        <con:property>
          <con:name>req_biId</con:name>
          <con:value>6731</con:value>
        </con:property>
        <con:property>
          <con:name>res_id</con:name>
          <con:value>1069</con:value>
        </con:property>
        <con:property>
          <con:name>res_httpCode</con:name>
          <con:value>201</con:value>
        </con:property>
        <con:property>
          <con:name>res_code</con:name>
          <con:value xsi:nil="true"/>
        </con:property>
      </con:properties>
      <con:returnProperties>
        <con:entry>res_id</con:entry>
        <con:entry>res_httpCode</con:entry>
        <con:entry>res_code</con:entry>
      </con:returnProperties>
      <con:runMode>PARALLELL</con:runMode>
    </con:config>
  </con:testStep>
  <con:testStep type="assertionteststep" name="Assertion associated item added to interaction success" id="14c05eeb-a5c2-4eb6-8918-aade387b04e5">
    <con:settings/>
    <con:config xsi:type="con:AssertionTestStep" xmlns:xsi="http://www.w3.org/2001/XMLSchema-instance">
      <con:entry>
        <con:id>4515fe85-c6e7-4348-a5a3-770d0675a973</con:id>
        <con:isGroup>false</con:isGroup>
        <con:sourceId>adbfbf52-5ee1-4a14-a3b0-7e294d8ede30</con:sourceId>
        <con:propertyName>res_httpCode</con:propertyName>
        <con:assertion type="Simple Equals" name="Equals" id="7d64f394-6b66-419f-841c-8b72ed20aaea">
          <con:configuration>
            <patternObjectId>4ae4a32f-7dbe-46a7-9787-c7512de04197</patternObjectId>
            <patternProperty>httpCode201</patternProperty>
            <caseSensitive>true</caseSensitive>
          </con:configuration>
        </con:assertion>
      </con:entry>
      <con:entry>
        <con:id>cc18ead1-52b4-44ec-a873-a9d280ac9a4a</con:id>
        <con:isGroup>false</con:isGroup>
        <con:sourceId>adbfbf52-5ee1-4a14-a3b0-7e294d8ede30</con:sourceId>
        <con:propertyName>res_id</con:propertyName>
        <con:assertion type="Simple Contains" name="Contains" id="f23cb5c8-5c6f-4525-a2b7-d07d49069d87">
          <con:configuration>
            <token>\d+</token>
            <ignoreCase>false</ignoreCase>
            <useRegEx>true</useRegEx>
          </con:configuration>
        </con:assertion>
      </con:entry>
    </con:config>
  </con:testStep>
  <con:testStep type="transfer" name="Submit interaction for associated sales organization success - P.T." id="765db0e3-f6aa-4ff2-afa9-ba4b33c740f0">
    <con:settings/>
    <con:config xsi:type="con:PropertyTransfersStep" xmlns:xsi="http://www.w3.org/2001/XMLSchema-instance">
      <con:transfers setNullOnMissingSource="true" transferTextContent="true" failOnError="true" ignoreEmpty="false" transferToAll="false" entitize="false" transferChildNodes="false">
        <con:name>biId</con:name>
        <con:sourceType>res_biId</con:sourceType>
        <con:sourceStep>Create interaction for associated sales organization</con:sourceStep>
        <con:sourcePath/>
        <con:targetType>req_biId</con:targetType>
        <con:targetStep>Submit interaction for associated sales organization success</con:targetStep>
        <con:targetPath/>
        <con:upgraded>true</con:upgraded>
      </con:transfers>
    </con:config>
  </con:testStep>
  <con:testStep type="calltestcase" name="Submit interaction for associated sales organization success" id="8fe3f502-8d10-47e4-bd35-2aba93020a63">
    <con:settings/>
    <con:config xsi:type="con:RunTestCaseStep" xmlns:xsi="http://www.w3.org/2001/XMLSchema-instance">
      <con:targetTestCase>e098c825-11ac-4046-b56b-0be4bc5ba5be</con:targetTestCase>
      <con:properties>
        <con:property>
          <con:name>req_biId</con:name>
          <con:value>6731</con:value>
        </con:property>
        <con:property>
          <con:name>res_headerCode</con:name>
          <con:value>200</con:value>
        </con:property>
        <con:property>
          <con:name>res_biId</con:name>
          <con:value>6731</con:value>
        </con:property>
        <con:property>
          <con:name>res_code</con:name>
          <con:value xsi:nil="true"/>
        </con:property>
      </con:properties>
      <con:returnProperties>
        <con:entry>res_headerCode</con:entry>
        <con:entry>res_biId</con:entry>
        <con:entry>res_code</con:entry>
      </con:returnProperties>
      <con:runMode>PARALLELL</con:runMode>
    </con:config>
  </con:testStep>
  <con:testStep type="assertionteststep" name="Assertion interaction for associated sales organization submitted" id="bca8e29f-feef-4dea-8be1-a491f3a4aff0">
    <con:settings/>
    <con:config xsi:type="con:AssertionTestStep" xmlns:xsi="http://www.w3.org/2001/XMLSchema-instance">
      <con:entry>
        <con:id>f9868d8d-fdbe-41b7-a275-f59b7f52c97b</con:id>
        <con:isGroup>false</con:isGroup>
        <con:sourceId>8fe3f502-8d10-47e4-bd35-2aba93020a63</con:sourceId>
        <con:propertyName>res_headerCode</con:propertyName>
        <con:assertion type="Simple Equals" name="Equals" id="c7118dc9-c0d2-4173-89a7-f07c8960d3cd">
          <con:configuration>
            <patternObjectId>4ae4a32f-7dbe-46a7-9787-c7512de04197</patternObjectId>
            <patternProperty>httpCode200</patternProperty>
            <caseSensitive>true</caseSensitive>
          </con:configuration>
        </con:assertion>
      </con:entry>
      <con:entry>
        <con:id>f9fa2c1c-ee2a-485d-b59e-343eb7ff709a</con:id>
        <con:isGroup>false</con:isGroup>
        <con:sourceId>8fe3f502-8d10-47e4-bd35-2aba93020a63</con:sourceId>
        <con:propertyName>res_biId</con:propertyName>
        <con:assertion type="Simple Contains" name="Contains" id="3012e452-bbe9-4d63-b756-3371743a5c39">
          <con:configuration>
            <token>\d+</token>
            <ignoreCase>false</ignoreCase>
            <useRegEx>true</useRegEx>
          </con:configuration>
        </con:assertion>
      </con:entry>
    </con:config>
  </con:testStep>
  <con:testStep type="transfer" name="Set Display non-exist single BI" id="b93420a4-6950-49ae-a92f-f35714c3cb27">
    <con:settings/>
    <con:config xsi:type="con:PropertyTransfersStep" xmlns:xsi="http://www.w3.org/2001/XMLSchema-instance">
      <con:transfers setNullOnMissingSource="true" transferTextContent="true" failOnError="true" ignoreEmpty="false" transferToAll="false" entitize="false" transferChildNodes="false">
        <con:name>biId</con:name>
        <con:sourceType>nonExist</con:sourceType>
        <con:sourceStep>Global Properties</con:sourceStep>
        <con:sourcePath/>
        <con:targetType>req_biId</con:targetType>
        <con:targetStep>Display non-exist single BI</con:targetStep>
        <con:targetPath/>
        <con:upgraded>true</con:upgraded>
      </con:transfers>
    </con:config>
  </con:testStep>
  <con:testStep type="calltestcase" name="Display non-exist single BI" id="636d0394-a8b1-4fe8-909c-55d39c94d48d">
    <con:settings/>
    <con:config xsi:type="con:RunTestCaseStep" xmlns:xsi="http://www.w3.org/2001/XMLSchema-instance">
      <con:targetTestCase>45c83686-1f59-4c1e-9ffe-e29bebc8a85f</con:targetTestCase>
      <con:properties>
        <con:property>
          <con:name>req_biId</con:name>
          <con:value>-1</con:value>
        </con:property>
        <con:property>
          <con:name>res_biId</con:name>
          <con:value xsi:nil="true"/>
        </con:property>
        <con:property>
          <con:name>res_headerCode</con:name>
          <con:value>404</con:value>
        </con:property>
        <con:property>
          <con:name>res_activeSalesOrg</con:name>
        </con:property>
        <con:property>
          <con:name>res_previousActiveSalesOrg</con:name>
        </con:property>
        <con:property>
          <con:name>res_affectedUserRoleId</con:name>
        </con:property>
        <con:property>
          <con:name>res_errorMessage</con:name>
          <con:value>404</con:value>
        </con:property>
      </con:properties>
      <con:returnProperties>
        <con:entry>res_biId</con:entry>
        <con:entry>res_headerCode</con:entry>
        <con:entry>res_errorMessage</con:entry>
      </con:returnProperties>
      <con:runMode>PARALLELL</con:runMode>
    </con:config>
  </con:testStep>
  <con:testStep type="assertionteststep" name="Assertion BI not found error" id="54eab055-5e13-4b2d-a9c5-81444d164f19">
    <con:settings/>
    <con:config xsi:type="con:AssertionTestStep" xmlns:xsi="http://www.w3.org/2001/XMLSchema-instance">
      <con:entry>
        <con:id>a7dd5b00-66ba-4d50-8347-03d5e2d57e77</con:id>
        <con:isGroup>false</con:isGroup>
        <con:sourceId>636d0394-a8b1-4fe8-909c-55d39c94d48d</con:sourceId>
        <con:propertyName>res_errorMessage</con:propertyName>
        <con:assertion type="Simple Equals" name="Equals" id="95a7aeeb-1766-4f02-a28f-453e7a33083b">
          <con:configuration>
            <patternObjectId>4ae4a32f-7dbe-46a7-9787-c7512de04197</patternObjectId>
            <patternProperty>httpCode404</patternProperty>
            <caseSensitive>true</caseSensitive>
          </con:configuration>
        </con:assertion>
      </con:entry>
    </con:config>
  </con:testStep>
  <con:testStep type="transfer" name="Set Display single BI" id="e858858a-039e-4acf-abdf-b9ae3805dca8">
    <con:settings/>
    <con:config xsi:type="con:PropertyTransfersStep" xmlns:xsi="http://www.w3.org/2001/XMLSchema-instance">
      <con:transfers setNullOnMissingSource="true" transferTextContent="true" failOnError="true" ignoreEmpty="false" transferToAll="false" entitize="false" transferChildNodes="false">
        <con:name>biId</con:name>
        <con:sourceType>res_biId</con:sourceType>
        <con:sourceStep>Create interaction success</con:sourceStep>
        <con:sourcePath/>
        <con:targetType>req_biId</con:targetType>
        <con:targetStep>Display single BI</con:targetStep>
        <con:targetPath/>
        <con:upgraded>true</con:upgraded>
      </con:transfers>
    </con:config>
  </con:testStep>
  <con:testStep type="calltestcase" name="Display single BI" id="d2d3c47f-290d-431a-a14d-560cf34023c0">
    <con:settings/>
    <con:config xsi:type="con:RunTestCaseStep" xmlns:xsi="http://www.w3.org/2001/XMLSchema-instance">
      <con:targetTestCase>45c83686-1f59-4c1e-9ffe-e29bebc8a85f</con:targetTestCase>
      <con:properties>
        <con:property>
          <con:name>req_biId</con:name>
          <con:value>6681</con:value>
        </con:property>
        <con:property>
          <con:name>res_biId</con:name>
          <con:value>6681</con:value>
        </con:property>
        <con:property>
          <con:name>res_headerCode</con:name>
          <con:value>200</con:value>
        </con:property>
        <con:property>
          <con:name>res_activeSalesOrg</con:name>
          <con:value xsi:nil="true"/>
        </con:property>
        <con:property>
          <con:name>res_previousActiveSalesOrg</con:name>
          <con:value xsi:nil="true"/>
        </con:property>
        <con:property>
          <con:name>res_affectedUserRoleId</con:name>
          <con:value xsi:nil="true"/>
        </con:property>
        <con:property>
          <con:name>res_errorMessage</con:name>
        </con:property>
      </con:properties>
      <con:returnProperties>
        <con:entry>res_biId</con:entry>
        <con:entry>res_headerCode</con:entry>
        <con:entry>res_activeSalesOrg</con:entry>
        <con:entry>res_previousActiveSalesOrg</con:entry>
        <con:entry>res_affectedUserRoleId</con:entry>
      </con:returnProperties>
      <con:runMode>PARALLELL</con:runMode>
    </con:config>
  </con:testStep>
  <con:testStep type="assertionteststep" name="Assertion BI displayed success" id="cde4ae82-7089-403e-8168-6c208f2b778f">
    <con:settings/>
    <con:config xsi:type="con:AssertionTestStep" xmlns:xsi="http://www.w3.org/2001/XMLSchema-instance">
      <con:entry>
        <con:id>f774e025-7664-4185-9f98-83c47b8debe2</con:id>
        <con:isGroup>false</con:isGroup>
        <con:sourceId>d2d3c47f-290d-431a-a14d-560cf34023c0</con:sourceId>
        <con:propertyName>res_headerCode</con:propertyName>
        <con:assertion type="Simple Equals" name="Equals" id="52fb6b93-4ce1-4e34-b01f-8094110cef8f">
          <con:configuration>
            <patternObjectId>a30f6d5c-6008-4141-9411-7c5ec5e6f39b</patternObjectId>
            <patternProperty>httpCode200</patternProperty>
            <caseSensitive>true</caseSensitive>
          </con:configuration>
        </con:assertion>
      </con:entry>
    </con:config>
  </con:testStep>
  <con:testStep type="calltestcase" name="Display All BIs" id="b54d0593-a9b3-46f4-a8a4-afe4bea6b73d">
    <con:settings/>
    <con:config xsi:type="con:RunTestCaseStep" xmlns:xsi="http://www.w3.org/2001/XMLSchema-instance">
      <con:targetTestCase>b1d2886d-3ae7-4676-8f62-5d7f55fb8ec6</con:targetTestCase>
      <con:properties>
        <con:property>
          <con:name>res_headerCode</con:name>
          <con:value>200</con:value>
        </con:property>
      </con:properties>
      <con:returnProperties>
        <con:entry>res_headerCode</con:entry>
      </con:returnProperties>
      <con:runMode>PARALLELL</con:runMode>
    </con:config>
  </con:testStep>
  <con:testStep type="assertionteststep" name="Assertion all BIs displayed success" id="44bc9d5c-23ea-45cd-b51f-bf2e5311f4dd">
    <con:settings/>
    <con:config xsi:type="con:AssertionTestStep" xmlns:xsi="http://www.w3.org/2001/XMLSchema-instance">
      <con:entry>
        <con:id>4fec2380-dda4-4daa-8c8e-59efc913da0f</con:id>
        <con:isGroup>false</con:isGroup>
        <con:sourceId>b54d0593-a9b3-46f4-a8a4-afe4bea6b73d</con:sourceId>
        <con:propertyName>res_headerCode</con:propertyName>
        <con:assertion type="Simple Equals" name="Equals" id="8076fd74-7c0c-48c8-94cd-740156ac1a41">
          <con:configuration>
            <patternObjectId>4ae4a32f-7dbe-46a7-9787-c7512de04197</patternObjectId>
            <patternProperty>httpCode200</patternProperty>
            <caseSensitive>true</caseSensitive>
          </con:configuration>
        </con:assertion>
      </con:entry>
    </con:config>
  </con:testStep>
  <con:testStep type="transfer" name="Set Display all items of BI" id="19bf336e-b70d-400d-82c5-dedc4ad184dc">
    <con:settings/>
    <con:config xsi:type="con:PropertyTransfersStep" xmlns:xsi="http://www.w3.org/2001/XMLSchema-instance">
      <con:transfers setNullOnMissingSource="true" transferTextContent="true" failOnError="true" ignoreEmpty="false" transferToAll="false" entitize="false" transferChildNodes="false">
        <con:name>biId</con:name>
        <con:sourceType>res_biId</con:sourceType>
        <con:sourceStep>Submit interaction success for user3</con:sourceStep>
        <con:sourcePath/>
        <con:targetType>req_biId</con:targetType>
        <con:targetStep>Display all items of BI</con:targetStep>
        <con:targetPath/>
        <con:upgraded>true</con:upgraded>
      </con:transfers>
    </con:config>
  </con:testStep>
  <con:testStep type="calltestcase" name="Display all items of BI" id="6c65c6e3-3625-49c5-be8b-243c633ae13f">
    <con:settings/>
    <con:config xsi:type="con:RunTestCaseStep" xmlns:xsi="http://www.w3.org/2001/XMLSchema-instance">
      <con:targetTestCase>e30d1fc6-80b3-4348-871f-9cf93673bd9d</con:targetTestCase>
      <con:properties>
        <con:property>
          <con:name>req_biId</con:name>
          <con:value>6711</con:value>
        </con:property>
        <con:property>
          <con:name>res_httpCode</con:name>
          <con:value>200</con:value>
        </con:property>
        <con:property>
          <con:name>res_code</con:name>
          <con:value xsi:nil="true"/>
        </con:property>
        <con:property>
          <con:name>res_id</con:name>
          <con:value>1065</con:value>
        </con:property>
        <con:property>
          <con:name>res_id1</con:name>
          <con:value xsi:nil="true"/>
        </con:property>
        <con:property>
          <con:name>res_id2</con:name>
          <con:value xsi:nil="true"/>
        </con:property>
        <con:property>
          <con:name>response</con:name>
          <con:value>{"items":[{"salesOrganizationRoleId":"311","itemType":"ADD","id":"1065"},{"salesOrganizationRoleId":"315","itemType":"ADD","id":"1066"}]}</con:value>
        </con:property>
      </con:properties>
      <con:returnProperties>
        <con:entry>res_httpCode</con:entry>
        <con:entry>res_code</con:entry>
        <con:entry>res_id</con:entry>
        <con:entry>res_id1</con:entry>
        <con:entry>res_id2</con:entry>
        <con:entry>response</con:entry>
      </con:returnProperties>
      <con:runMode>PARALLELL</con:runMode>
    </con:config>
  </con:testStep>
  <con:testStep type="assertionteststep" name="Assertion items listed success" id="066fe169-2ab1-46b1-80dc-2ca996a61916">
    <con:settings/>
    <con:config xsi:type="con:AssertionTestStep" xmlns:xsi="http://www.w3.org/2001/XMLSchema-instance">
      <con:entry>
        <con:id>cf1417ba-0dab-49ac-9a2b-56a53886f585</con:id>
        <con:isGroup>false</con:isGroup>
        <con:sourceId>6c65c6e3-3625-49c5-be8b-243c633ae13f</con:sourceId>
        <con:propertyName>res_httpCode</con:propertyName>
        <con:assertion type="Simple Equals" name="Equals" id="b0597cb1-3435-4f77-91e9-54468378d3e1">
          <con:configuration>
            <patternObjectId>4ae4a32f-7dbe-46a7-9787-c7512de04197</patternObjectId>
            <patternProperty>httpCode200</patternProperty>
            <caseSensitive>true</caseSensitive>
          </con:configuration>
        </con:assertion>
      </con:entry>
      <con:entry>
        <con:id>46a6640e-03fc-4084-b36b-a1ee0cf1efeb</con:id>
        <con:isGroup>false</con:isGroup>
        <con:sourceId>6c65c6e3-3625-49c5-be8b-243c633ae13f</con:sourceId>
        <con:propertyName>res_id</con:propertyName>
        <con:assertion type="Simple Equals" name="Equals 2" id="6e2fa3c4-515a-45a2-bbbc-081b34a1891b">
          <con:configuration>
            <patternObjectId>776fd836-e5cd-40da-a3b7-231a2b2fca49</patternObjectId>
            <patternProperty>res_id</patternProperty>
            <caseSensitive>true</caseSensitive>
          </con:configuration>
        </con:assertion>
      </con:entry>
    </con:config>
  </con:testStep>
  <con:testStep type="datasource" name="DataSource for list single item" id="bbb13638-d69c-44db-baa7-b7288147a2c6">
    <con:settings/>
    <con:config xsi:type="con:DataSourceStep" xmlns:xsi="http://www.w3.org/2001/XMLSchema-instance">
      <con:dataSource type="Grid">
        <con:configuration>
          <check><![CDATA[<xml-fragment><con:entry xmlns:con="http://eviware.com/soapui/config">true</con:entry><con:entry xmlns:con="http://eviware.com/soapui/config">true</con:entry><con:entry xmlns:con="http://eviware.com/soapui/config">false</con:entry><con:entry xmlns:con="http://eviware.com/soapui/config">false</con:entry><con:entry xmlns:con="http://eviware.com/soapui/config">false</con:entry><con:entry xmlns:con="http://eviware.com/soapui/config">false</con:entry><con:entry xmlns:con="http://eviware.com/soapui/config">false</con:entry></xml-fragment>]]></check>
          <row><![CDATA[<xml-fragment><con:entry xmlns:con="http://eviware.com/soapui/config">${Global Properties#nonExist}</con:entry><con:entry xmlns:con="http://eviware.com/soapui/config">${Display all items of BI#res_id}</con:entry><con:entry xmlns:con="http://eviware.com/soapui/config">BI_WITH_ID_NOT_FOUND</con:entry><con:entry xmlns:con="http://eviware.com/soapui/config">-1</con:entry><con:entry xmlns:con="http://eviware.com/soapui/config"/></xml-fragment>]]></row>
          <row><![CDATA[<xml-fragment><con:entry xmlns:con="http://eviware.com/soapui/config">${Submit interaction for associated sales organization success#res_biId}</con:entry><con:entry xmlns:con="http://eviware.com/soapui/config">${Global Properties#nonExist}</con:entry><con:entry xmlns:con="http://eviware.com/soapui/config">BI_ITEM_WITH_ID_NOT_FOUND</con:entry><con:entry xmlns:con="http://eviware.com/soapui/config"/><con:entry xmlns:con="http://eviware.com/soapui/config"/></xml-fragment>]]></row>
          <row><![CDATA[<xml-fragment><con:entry xmlns:con="http://eviware.com/soapui/config"/><con:entry xmlns:con="http://eviware.com/soapui/config"/><con:entry xmlns:con="http://eviware.com/soapui/config"/><con:entry xmlns:con="http://eviware.com/soapui/config"/><con:entry xmlns:con="http://eviware.com/soapui/config"/></xml-fragment>]]></row>
          <row><![CDATA[<xml-fragment><con:entry xmlns:con="http://eviware.com/soapui/config"/><con:entry xmlns:con="http://eviware.com/soapui/config"/><con:entry xmlns:con="http://eviware.com/soapui/config"/><con:entry xmlns:con="http://eviware.com/soapui/config"/><con:entry xmlns:con="http://eviware.com/soapui/config"/></xml-fragment>]]></row>
          <row><![CDATA[<xml-fragment><con:entry xmlns:con="http://eviware.com/soapui/config"/><con:entry xmlns:con="http://eviware.com/soapui/config"/><con:entry xmlns:con="http://eviware.com/soapui/config"/><con:entry xmlns:con="http://eviware.com/soapui/config"/><con:entry xmlns:con="http://eviware.com/soapui/config"/></xml-fragment>]]></row>
          <row><![CDATA[<xml-fragment><con:entry xmlns:con="http://eviware.com/soapui/config"/><con:entry xmlns:con="http://eviware.com/soapui/config"/><con:entry xmlns:con="http://eviware.com/soapui/config"/><con:entry xmlns:con="http://eviware.com/soapui/config"/><con:entry xmlns:con="http://eviware.com/soapui/config"/></xml-fragment>]]></row>
          <row><![CDATA[<xml-fragment><con:entry xmlns:con="http://eviware.com/soapui/config"/><con:entry xmlns:con="http://eviware.com/soapui/config"/><con:entry xmlns:con="http://eviware.com/soapui/config"/><con:entry xmlns:con="http://eviware.com/soapui/config"/><con:entry xmlns:con="http://eviware.com/soapui/config"/></xml-fragment>]]></row>
        </con:configuration>
      </con:dataSource>
      <con:property>biId</con:property>
      <con:property>itemId</con:property>
      <con:property>errorMessage</con:property>
      <con:property>userSo</con:property>
      <con:completeLastOperation>true</con:completeLastOperation>
      <con:restartOnRun>true</con:restartOnRun>
    </con:config>
  </con:testStep>
  <con:testStep type="transfer" name="Set Display single item of BI" id="6bb95536-ca1f-4f62-8e88-a90f2cecda20">
    <con:settings/>
    <con:config xsi:type="con:PropertyTransfersStep" xmlns:xsi="http://www.w3.org/2001/XMLSchema-instance">
      <con:transfers setNullOnMissingSource="true" transferTextContent="true" failOnError="true" ignoreEmpty="false" transferToAll="false" entitize="false" transferChildNodes="false">
        <con:name>biId</con:name>
        <con:sourceType>biId</con:sourceType>
        <con:sourceStep>DataSource for list single item</con:sourceStep>
        <con:sourcePath/>
        <con:targetType>req_biId</con:targetType>
        <con:targetStep>Display single item of BI</con:targetStep>
        <con:targetPath/>
        <con:upgraded>true</con:upgraded>
      </con:transfers>
      <con:transfers setNullOnMissingSource="true" transferTextContent="true" failOnError="true" ignoreEmpty="false" transferToAll="false" entitize="false" transferChildNodes="false">
        <con:name>itemId</con:name>
        <con:sourceType>itemId</con:sourceType>
        <con:sourceStep>DataSource for list single item</con:sourceStep>
        <con:targetType>req_itemId</con:targetType>
        <con:targetStep>Display single item of BI</con:targetStep>
        <con:upgraded>true</con:upgraded>
      </con:transfers>
      <con:transfers setNullOnMissingSource="true" transferTextContent="true" failOnError="true" ignoreEmpty="false" transferToAll="false" entitize="false" transferChildNodes="false">
        <con:name>userSo</con:name>
        <con:sourceType>userSo</con:sourceType>
        <con:sourceStep>DataSource for list single item</con:sourceStep>
        <con:targetType>UserSo</con:targetType>
        <con:targetStep>#Project#</con:targetStep>
        <con:upgraded>true</con:upgraded>
      </con:transfers>
    </con:config>
  </con:testStep>
  <con:testStep type="calltestcase" name="Display single item of BI" id="66429262-e461-4052-95d9-f8f156ccd165">
    <con:settings/>
    <con:config xsi:type="con:RunTestCaseStep" xmlns:xsi="http://www.w3.org/2001/XMLSchema-instance">
      <con:targetTestCase>4a812655-2f3b-4059-abc9-e7b5e9fe0c5d</con:targetTestCase>
      <con:properties>
        <con:property>
          <con:name>req_biId</con:name>
          <con:value>${Submit interaction for associated sales organization success#res_biId}</con:value>
        </con:property>
        <con:property>
          <con:name>req_itemId</con:name>
          <con:value>${Global Properties#nonExist}</con:value>
        </con:property>
        <con:property>
          <con:name>res_httpCode</con:name>
          <con:value>400</con:value>
        </con:property>
        <con:property>
          <con:name>res_code</con:name>
          <con:value>BI_ITEM_WITH_ID_NOT_FOUND</con:value>
        </con:property>
        <con:property>
          <con:name>res_id</con:name>
          <con:value xsi:nil="true"/>
        </con:property>
      </con:properties>
      <con:returnProperties>
        <con:entry>res_httpCode</con:entry>
        <con:entry>res_code</con:entry>
        <con:entry>res_id</con:entry>
        <con:entry>res_id1</con:entry>
        <con:entry>res_id2</con:entry>
      </con:returnProperties>
      <con:runMode>PARALLELL</con:runMode>
    </con:config>
  </con:testStep>
  <con:testStep type="assertionteststep" name="Assertion item listed success" id="c2094643-d23d-4dba-8e43-3eac8ff2ddeb">
    <con:settings/>
    <con:config xsi:type="con:AssertionTestStep" xmlns:xsi="http://www.w3.org/2001/XMLSchema-instance">
      <con:entry>
        <con:id>9ea13b1e-ef26-4d23-866d-07ec352a8f65</con:id>
        <con:isGroup>false</con:isGroup>
        <con:sourceId>66429262-e461-4052-95d9-f8f156ccd165</con:sourceId>
        <con:propertyName>res_httpCode</con:propertyName>
        <con:assertion type="Simple Equals" name="Equals" id="6796d5ed-70a4-4f8a-87e2-3ec79ed54507" disabled="true">
          <con:configuration>
            <patternObjectId>4ae4a32f-7dbe-46a7-9787-c7512de04197</patternObjectId>
            <patternProperty>httpCode200</patternProperty>
            <caseSensitive>true</caseSensitive>
          </con:configuration>
        </con:assertion>
      </con:entry>
      <con:entry>
        <con:id>8f96ea15-498f-4fe0-a229-6a82437ef925</con:id>
        <con:isGroup>false</con:isGroup>
        <con:sourceId>66429262-e461-4052-95d9-f8f156ccd165</con:sourceId>
        <con:propertyName>res_id</con:propertyName>
        <con:assertion type="Simple Equals" name="Equals 2" id="f1fe6e04-411c-463d-bcb0-5298d5c75bb3" disabled="true">
          <con:configuration>
            <patternObjectId>776fd836-e5cd-40da-a3b7-231a2b2fca49</patternObjectId>
            <patternProperty>res_id</patternProperty>
            <caseSensitive>true</caseSensitive>
          </con:configuration>
        </con:assertion>
      </con:entry>
      <con:entry>
        <con:id>4322eecb-10e6-40fe-b20e-cd91ac34a7d2</con:id>
        <con:isGroup>false</con:isGroup>
        <con:sourceId>bbb13638-d69c-44db-baa7-b7288147a2c6</con:sourceId>
        <con:propertyName>errorMessage</con:propertyName>
        <con:assertion type="Simple Equals" name="Equals 3" id="b3baa8a3-c17b-47e6-ad85-b6a0bc6e8cfe">
          <con:configuration>
            <patternObjectId>66429262-e461-4052-95d9-f8f156ccd165</patternObjectId>
            <patternProperty>res_code</patternProperty>
            <caseSensitive>true</caseSensitive>
          </con:configuration>
        </con:assertion>
      </con:entry>
    </con:config>
  </con:testStep>
  <con:testStep type="datasourceloop" name="DataSource Loop list single item" id="fda33cca-31bd-4a6c-b945-a52b208c7f06">
    <con:settings/>
    <con:config>
      <dataSourceStep>DataSource for list single item</dataSourceStep>
      <targetStep>Set Display single item of BI</targetStep>
    </con:config>
  </con:testStep>
  <con:testStep type="transfer" name="Set Display single item of BI success" id="c059b650-860f-430d-a8a4-190255413320">
    <con:settings/>
    <con:config xsi:type="con:PropertyTransfersStep" xmlns:xsi="http://www.w3.org/2001/XMLSchema-instance">
      <con:transfers setNullOnMissingSource="true" transferTextContent="true" failOnError="true" ignoreEmpty="false" transferToAll="false" entitize="false" transferChildNodes="false">
        <con:name>biId</con:name>
        <con:sourceType>res_biId</con:sourceType>
        <con:sourceStep>Submit interaction for associated sales organization success</con:sourceStep>
        <con:sourcePath/>
        <con:targetType>req_biId</con:targetType>
        <con:targetStep>Display single item of BI success</con:targetStep>
        <con:targetPath/>
        <con:upgraded>true</con:upgraded>
      </con:transfers>
      <con:transfers setNullOnMissingSource="true" transferTextContent="true" failOnError="true" ignoreEmpty="false" transferToAll="false" entitize="false" transferChildNodes="false">
        <con:name>itemId</con:name>
        <con:sourceType>res_id</con:sourceType>
        <con:sourceStep>Display all items of BI</con:sourceStep>
        <con:targetType>req_itemId</con:targetType>
        <con:targetStep>Display single item of BI success</con:targetStep>
        <con:upgraded>true</con:upgraded>
      </con:transfers>
    </con:config>
  </con:testStep>
  <con:testStep type="calltestcase" name="Display single item of BI success" id="d9aa7181-64dc-431f-b73a-3c110a9f2c21">
    <con:settings/>
    <con:config xsi:type="con:RunTestCaseStep" xmlns:xsi="http://www.w3.org/2001/XMLSchema-instance">
      <con:targetTestCase>4a812655-2f3b-4059-abc9-e7b5e9fe0c5d</con:targetTestCase>
      <con:properties>
        <con:property>
          <con:name>req_biId</con:name>
          <con:value>6731</con:value>
        </con:property>
        <con:property>
          <con:name>req_itemId</con:name>
          <con:value>1065</con:value>
        </con:property>
        <con:property>
          <con:name>res_httpCode</con:name>
          <con:value>200</con:value>
        </con:property>
        <con:property>
          <con:name>res_code</con:name>
          <con:value xsi:nil="true"/>
        </con:property>
        <con:property>
          <con:name>res_id</con:name>
          <con:value>1065</con:value>
        </con:property>
      </con:properties>
      <con:returnProperties>
        <con:entry>res_httpCode</con:entry>
        <con:entry>res_code</con:entry>
        <con:entry>res_id</con:entry>
        <con:entry>res_id1</con:entry>
        <con:entry>res_id2</con:entry>
      </con:returnProperties>
      <con:runMode>PARALLELL</con:runMode>
    </con:config>
  </con:testStep>
  <con:testStep type="assertionteststep" name="Assertion single item listed success" id="f5dc24c2-0b13-4aaf-b144-88f28d1fc0f3">
    <con:settings/>
    <con:config xsi:type="con:AssertionTestStep" xmlns:xsi="http://www.w3.org/2001/XMLSchema-instance">
      <con:entry>
        <con:id>4b9c99b1-6060-4e2d-b9fe-76506ea4875b</con:id>
        <con:isGroup>false</con:isGroup>
        <con:sourceId>d9aa7181-64dc-431f-b73a-3c110a9f2c21</con:sourceId>
        <con:propertyName>res_httpCode</con:propertyName>
        <con:assertion type="Simple Equals" name="Equals" id="2c8a4506-f247-4024-b552-e332823659e4">
          <con:configuration>
            <patternObjectId>4ae4a32f-7dbe-46a7-9787-c7512de04197</patternObjectId>
            <patternProperty>httpCode200</patternProperty>
            <caseSensitive>true</caseSensitive>
          </con:configuration>
        </con:assertion>
      </con:entry>
      <con:entry>
        <con:id>e9ed488c-eaea-4123-a33b-162601ff1f4e</con:id>
        <con:isGroup>false</con:isGroup>
        <con:sourceId>d9aa7181-64dc-431f-b73a-3c110a9f2c21</con:sourceId>
        <con:propertyName>res_id</con:propertyName>
        <con:assertion type="Simple Contains" name="Contains" id="99c0ca09-232d-4032-8ae8-4298cf78588c">
          <con:configuration>
            <token>\d+</token>
            <ignoreCase>false</ignoreCase>
            <useRegEx>true</useRegEx>
          </con:configuration>
        </con:assertion>
      </con:entry>
    </con:config>
  </con:testStep>
  <con:properties/>
  <con:reportParameters/>
  <con:breakPoints>
    <con:testStepId>a30f6d5c-6008-4141-9411-7c5ec5e6f39b</con:testStepId>
    <con:status>NONE</con:status>
    <con:properties/>
  </con:breakPoints>
  <con:breakPoints>
    <con:testStepId>a259dd69-48c7-4031-9988-76551ab3a950</con:testStepId>
    <con:status>NONE</con:status>
    <con:properties/>
  </con:breakPoints>
  <con:breakPoints>
    <con:testStepId>2a9f04b0-2db9-44df-b754-f7a63af4f43b</con:testStepId>
    <con:status>NONE</con:status>
    <con:properties/>
  </con:breakPoints>
  <con:breakPoints>
    <con:testStepId>eafe165e-0b4d-4131-a297-71899b13add2</con:testStepId>
    <con:status>NONE</con:status>
    <con:properties/>
  </con:breakPoints>
  <con:breakPoints>
    <con:testStepId>d39d9210-b2d9-40f4-ae7e-6b15d788dcf4</con:testStepId>
    <con:status>NONE</con:status>
    <con:properties/>
  </con:breakPoints>
  <con:breakPoints>
    <con:testStepId>e362729c-2d39-4e65-bdea-c8b677253dae</con:testStepId>
    <con:status>NONE</con:status>
    <con:properties/>
  </con:breakPoints>
  <con:breakPoints>
    <con:testStepId>805b88f6-c713-4460-8186-aa88ced4868f</con:testStepId>
    <con:status>NONE</con:status>
    <con:properties/>
  </con:breakPoints>
  <con:breakPoints>
    <con:testStepId>f5eafa3c-03bd-4568-b672-ed747c063fdf</con:testStepId>
    <con:status>NONE</con:status>
    <con:properties/>
  </con:breakPoints>
  <con:breakPoints>
    <con:testStepId>74171da2-dcf4-4605-ac52-b0b645cffbb0</con:testStepId>
    <con:status>NONE</con:status>
    <con:properties/>
  </con:breakPoints>
  <con:breakPoints>
    <con:testStepId>b903cced-5def-402c-8725-976ae439eb86</con:testStepId>
    <con:status>NONE</con:status>
    <con:properties/>
  </con:breakPoints>
  <con:breakPoints>
    <con:testStepId>7dab30d1-c641-4683-bba9-f5ea0a84ba90</con:testStepId>
    <con:status>NONE</con:status>
    <con:properties/>
  </con:breakPoints>
  <con:breakPoints>
    <con:testStepId>be68f1c0-8e90-4bd7-8641-8fc83fd98e64</con:testStepId>
    <con:status>NONE</con:status>
    <con:properties/>
  </con:breakPoints>
  <con:breakPoints>
    <con:testStepId>4e2bd520-2c71-4082-8dc9-9a61c51f50cc</con:testStepId>
    <con:status>NONE</con:status>
    <con:properties/>
  </con:breakPoints>
  <con:breakPoints>
    <con:testStepId>f89e9121-7115-4a39-82a3-686f5c662ebe</con:testStepId>
    <con:status>NONE</con:status>
    <con:properties/>
  </con:breakPoints>
  <con:breakPoints>
    <con:testStepId>c41d4a10-d564-4a3a-b58d-44e013bc8fe0</con:testStepId>
    <con:status>NONE</con:status>
    <con:properties/>
  </con:breakPoints>
  <con:breakPoints>
    <con:testStepId>a4020796-6ac2-4c6a-81a6-5bf1e61db725</con:testStepId>
    <con:status>NONE</con:status>
    <con:properties/>
  </con:breakPoints>
  <con:breakPoints>
    <con:testStepId>5d41790c-09ef-4b3b-9146-6afcba7bdf2a</con:testStepId>
    <con:status>NONE</con:status>
    <con:properties/>
  </con:breakPoints>
  <con:breakPoints>
    <con:testStepId>6320b3e9-3aa8-4c61-9d19-b1e571468971</con:testStepId>
    <con:status>NONE</con:status>
    <con:properties/>
  </con:breakPoints>
  <con:breakPoints>
    <con:testStepId>db765d31-0041-46fe-aec3-d78c5e1db10e</con:testStepId>
    <con:status>NONE</con:status>
    <con:properties/>
  </con:breakPoints>
  <con:breakPoints>
    <con:testStepId>5453f729-e85d-4c87-897a-dc75af13bf1f</con:testStepId>
    <con:status>NONE</con:status>
    <con:properties/>
  </con:breakPoints>
  <con:breakPoints>
    <con:testStepId>8931d811-f75b-4463-bd90-50455158f287</con:testStepId>
    <con:status>NONE</con:status>
    <con:properties/>
  </con:breakPoints>
  <con:breakPoints>
    <con:testStepId>cec32b3f-ca75-4625-872e-d3741556ca64</con:testStepId>
    <con:status>NONE</con:status>
    <con:properties/>
  </con:breakPoints>
  <con:breakPoints>
    <con:testStepId>baec7e92-a0b6-4f00-be08-c0834faf057d</con:testStepId>
    <con:status>NONE</con:status>
    <con:properties/>
  </con:breakPoints>
  <con:breakPoints>
    <con:testStepId>29059f22-b6c6-4a87-9476-9248e065b518</con:testStepId>
    <con:status>NONE</con:status>
    <con:properties/>
  </con:breakPoints>
  <con:breakPoints>
    <con:testStepId>5225656a-d293-43fe-bc3e-c0cefaba62c4</con:testStepId>
    <con:status>NONE</con:status>
    <con:properties/>
  </con:breakPoints>
  <con:breakPoints>
    <con:testStepId>a6f368dd-6589-43ca-847f-5a9a712215be</con:testStepId>
    <con:status>NONE</con:status>
    <con:properties/>
  </con:breakPoints>
  <con:breakPoints>
    <con:testStepId>558e9aaf-0f67-4ef1-96c2-d33c82ce3ce5</con:testStepId>
    <con:status>NONE</con:status>
    <con:properties/>
  </con:breakPoints>
  <con:breakPoints>
    <con:testStepId>dd22b9a4-3f9b-4c6a-9a6f-dca87d880bb8</con:testStepId>
    <con:status>NONE</con:status>
    <con:properties/>
  </con:breakPoints>
  <con:breakPoints>
    <con:testStepId>537ebc74-1436-4e7f-b481-47da77a88c53</con:testStepId>
    <con:status>NONE</con:status>
    <con:properties/>
  </con:breakPoints>
  <con:breakPoints>
    <con:testStepId>5f01038b-14ee-4d2c-bda2-8f5564ab9973</con:testStepId>
    <con:status>NONE</con:status>
    <con:properties/>
  </con:breakPoints>
  <con:breakPoints>
    <con:testStepId>361d03c1-0999-4a20-8c9b-e7b5aa72f307</con:testStepId>
    <con:status>NONE</con:status>
    <con:properties/>
  </con:breakPoints>
  <con:breakPoints>
    <con:testStepId>cf26bfd2-7004-48f8-9a58-3cc556096285</con:testStepId>
    <con:status>NONE</con:status>
    <con:properties/>
  </con:breakPoints>
  <con:breakPoints>
    <con:testStepId>1b102008-098c-4a50-8477-49b10ad502cd</con:testStepId>
    <con:status>NONE</con:status>
    <con:properties/>
  </con:breakPoints>
  <con:breakPoints>
    <con:testStepId>82b763ed-2bf0-4036-952c-eb58f89f160c</con:testStepId>
    <con:status>NONE</con:status>
    <con:properties/>
  </con:breakPoints>
  <con:breakPoints>
    <con:testStepId>44be6285-ba7b-4b6d-9b4e-b8cc983cac5b</con:testStepId>
    <con:status>NONE</con:status>
    <con:properties/>
  </con:breakPoints>
  <con:breakPoints>
    <con:testStepId>e4558c7c-4551-4885-a8d0-964b6091c28f</con:testStepId>
    <con:status>NONE</con:status>
    <con:properties/>
  </con:breakPoints>
  <con:breakPoints>
    <con:testStepId>006c9634-95ca-456c-9f96-61ffae316e09</con:testStepId>
    <con:status>NONE</con:status>
    <con:properties/>
  </con:breakPoints>
  <con:breakPoints>
    <con:testStepId>0453ec3a-f00d-4f01-b1f5-7c238c557825</con:testStepId>
    <con:status>NONE</con:status>
    <con:properties/>
  </con:breakPoints>
  <con:breakPoints>
    <con:testStepId>d60e7278-0f67-4125-98ce-9a8acd6c7580</con:testStepId>
    <con:status>NONE</con:status>
    <con:properties/>
  </con:breakPoints>
  <con:breakPoints>
    <con:testStepId>1e61be0b-2765-4f28-9684-e790d8c8820f</con:testStepId>
    <con:status>NONE</con:status>
    <con:properties/>
  </con:breakPoints>
  <con:breakPoints>
    <con:testStepId>521c2dbb-8c00-4650-b5a6-7d7af4843eb2</con:testStepId>
    <con:status>NONE</con:status>
    <con:properties/>
  </con:breakPoints>
  <con:breakPoints>
    <con:testStepId>1b5f9856-d7c2-4e46-9fde-d8e5f304c9fd</con:testStepId>
    <con:status>NONE</con:status>
    <con:properties/>
  </con:breakPoints>
  <con:breakPoints>
    <con:testStepId>e719e5db-9738-477e-9330-289d81e792e0</con:testStepId>
    <con:status>NONE</con:status>
    <con:properties/>
  </con:breakPoints>
  <con:breakPoints>
    <con:testStepId>185ba5f3-8142-4ffe-8afa-bf1987f80933</con:testStepId>
    <con:status>NONE</con:status>
    <con:properties/>
  </con:breakPoints>
  <con:breakPoints>
    <con:testStepId>6f18c7cb-d095-45c1-a067-1cf17d404be1</con:testStepId>
    <con:status>NONE</con:status>
    <con:properties/>
  </con:breakPoints>
  <con:breakPoints>
    <con:testStepId>992d37e3-9166-4db9-b241-5190d30aa0f6</con:testStepId>
    <con:status>NONE</con:status>
    <con:properties/>
  </con:breakPoints>
  <con:breakPoints>
    <con:testStepId>f69a22d7-0fb1-450a-8c25-762845f1a124</con:testStepId>
    <con:status>NONE</con:status>
    <con:properties/>
  </con:breakPoints>
  <con:breakPoints>
    <con:testStepId>81775a53-7d38-424d-ace4-86730c13ec1b</con:testStepId>
    <con:status>NONE</con:status>
    <con:properties/>
  </con:breakPoints>
  <con:breakPoints>
    <con:testStepId>f1973a09-5e2f-46b3-8348-d27f6806b3e5</con:testStepId>
    <con:status>NONE</con:status>
    <con:properties/>
  </con:breakPoints>
  <con:breakPoints>
    <con:testStepId>9db04635-3772-4a14-8b15-b0e503457f3c</con:testStepId>
    <con:status>NONE</con:status>
    <con:properties/>
  </con:breakPoints>
  <con:breakPoints>
    <con:testStepId>dfe78ffb-f863-4a27-9f5c-d4e6a5b10c6a</con:testStepId>
    <con:status>NONE</con:status>
    <con:properties/>
  </con:breakPoints>
  <con:breakPoints>
    <con:testStepId>87cf61d1-874c-4ff9-a64c-fc4c1f52af9f</con:testStepId>
    <con:status>NONE</con:status>
    <con:properties/>
  </con:breakPoints>
  <con:breakPoints>
    <con:testStepId>025a6f31-f4b7-49b1-b70f-de9456288fd4</con:testStepId>
    <con:status>NONE</con:status>
    <con:properties/>
  </con:breakPoints>
  <con:breakPoints>
    <con:testStepId>1cae8823-98ac-4106-a69a-0a35531bf918</con:testStepId>
    <con:status>NONE</con:status>
    <con:properties/>
  </con:breakPoints>
  <con:breakPoints>
    <con:testStepId>321e67eb-4900-4688-bbae-857847bcd899</con:testStepId>
    <con:status>NONE</con:status>
    <con:properties/>
  </con:breakPoints>
  <con:breakPoints>
    <con:testStepId>32255911-ced0-42cb-bc25-c18e5326fe77</con:testStepId>
    <con:status>NONE</con:status>
    <con:properties/>
  </con:breakPoints>
  <con:breakPoints>
    <con:testStepId>46875268-8af7-4871-86fe-1bb2a92569e5</con:testStepId>
    <con:status>NONE</con:status>
    <con:properties/>
  </con:breakPoints>
  <con:breakPoints>
    <con:testStepId>c1665bd0-b7dc-4b0e-8c4d-123bdde00610</con:testStepId>
    <con:status>NONE</con:status>
    <con:properties/>
  </con:breakPoints>
  <con:breakPoints>
    <con:testStepId>8ed7a7da-159d-45bd-83ba-0ac9d9b1005b</con:testStepId>
    <con:status>NONE</con:status>
    <con:properties/>
  </con:breakPoints>
  <con:breakPoints>
    <con:testStepId>ef7da93c-86e7-4398-8ae0-c25372c2381e</con:testStepId>
    <con:status>NONE</con:status>
    <con:properties/>
  </con:breakPoints>
  <con:breakPoints>
    <con:testStepId>f9067cec-e886-4c2d-8199-4943202a1124</con:testStepId>
    <con:status>NONE</con:status>
    <con:properties/>
  </con:breakPoints>
  <con:breakPoints>
    <con:testStepId>3355bf5d-4c33-42df-98d9-9127d415d32e</con:testStepId>
    <con:status>NONE</con:status>
    <con:properties/>
  </con:breakPoints>
  <con:breakPoints>
    <con:testStepId>b54d0593-a9b3-46f4-a8a4-afe4bea6b73d</con:testStepId>
    <con:status>NONE</con:status>
    <con:properties/>
  </con:breakPoints>
  <con:breakPoints>
    <con:testStepId>19bf336e-b70d-400d-82c5-dedc4ad184dc</con:testStepId>
    <con:status>NONE</con:status>
    <con:properties/>
  </con:breakPoints>
  <con:breakPoints>
    <con:testStepId>6c65c6e3-3625-49c5-be8b-243c633ae13f</con:testStepId>
    <con:status>NONE</con:status>
    <con:properties/>
  </con:breakPoints>
  <con:breakPoints>
    <con:testStepId>fda33cca-31bd-4a6c-b945-a52b208c7f06</con:testStepId>
    <con:status>NONE</con:status>
    <con:properties/>
  </con:breakPoints>
  <con:breakPoints>
    <con:testStepId>f5dc24c2-0b13-4aaf-b144-88f28d1fc0f3</con:testStepId>
    <con:status>NONE</con:status>
    <con:properties/>
  </con:breakPoints>
  <con:breakPoints>
    <con:testStepId>91cf0492-336f-4bef-8230-ef39a0de88af</con:testStepId>
    <con:status>NONE</con:status>
    <con:properties/>
  </con:breakPoints>
  <con:breakPoints>
    <con:testStepId>b303d30e-c92a-4f15-8350-e0ac9d5bb897</con:testStepId>
    <con:status>NONE</con:status>
    <con:properties/>
  </con:breakPoints>
  <con:breakPoints>
    <con:testStepId>a92c5ddd-65b7-4c8e-adf5-03a45cfc5fa0</con:testStepId>
    <con:status>NONE</con:status>
    <con:properties/>
  </con:breakPoints>
  <con:breakPoints>
    <con:testStepId>b2829c5b-d925-406d-b589-cc38c04ba0fe</con:testStepId>
    <con:status>NONE</con:status>
    <con:properties/>
  </con:breakPoints>
  <con:breakPoints>
    <con:testStepId>cbc13eb5-c93f-4d8e-a0ed-7acee907d7a4</con:testStepId>
    <con:status>NONE</con:status>
    <con:properties/>
  </con:breakPoints>
  <con:breakPoints>
    <con:testStepId>3d056895-73b1-49f7-b5df-1d487f5eade5</con:testStepId>
    <con:status>NONE</con:status>
    <con:properties/>
  </con:breakPoints>
  <con:breakPoints>
    <con:testStepId>7356df3c-9929-4c1c-a7b6-92ee85287146</con:testStepId>
    <con:status>NONE</con:status>
    <con:properties/>
  </con:breakPoints>
  <con:breakPoints>
    <con:testStepId>8236d08e-bbd5-4ff6-80ae-830cc8330d2a</con:testStepId>
    <con:status>NONE</con:status>
    <con:properties/>
  </con:breakPoints>
  <con:breakPoints>
    <con:testStepId>fcab0341-5c98-4dbf-9dd6-8e32c672acab</con:testStepId>
    <con:status>NONE</con:status>
    <con:properties/>
  </con:breakPoints>
  <con:breakPoints>
    <con:testStepId>a18856dc-de03-4ce5-82c8-e2ab07591b8b</con:testStepId>
    <con:status>NONE</con:status>
    <con:properties/>
  </con:breakPoints>
  <con:breakPoints>
    <con:testStepId>c716c053-e703-4ce5-946f-0de22e9dd3da</con:testStepId>
    <con:status>NONE</con:status>
    <con:properties/>
  </con:breakPoints>
  <con:breakPoints>
    <con:testStepId>80b74644-7dcb-445b-a410-5bef546edc53</con:testStepId>
    <con:status>NONE</con:status>
    <con:properties/>
  </con:breakPoints>
</con:testCase>