<?xml version="1.0" encoding="UTF-8"?>
<con:testCase id="d0956109-5a0a-41f1-a350-2039ef71a1b6" discardOkResults="true" failOnError="true" failTestCaseOnErrors="true" keepSession="false" name="Test Case 3" searchProperties="true" timeout="0" xmlns:con="http://eviware.com/soapui/config">
  <con:settings>
    <con:setting id="ba27a52c-5012-46d1-a106-4c6d01a12881fileName">TestCase-1</con:setting>
    <con:setting id="fe3a7d23-d2bb-4ed1-8ff8-70e2b35d7c2dfileName">Test-Case-6</con:setting>
    <con:setting id="d0956109-5a0a-41f1-a350-2039ef71a1b6fileName">Test-Case-5</con:setting>
  </con:settings>
  <con:savedRecentRuns>1</con:savedRecentRuns>
  <con:testStep type="datagen" name="DataGen startSerial" id="748899ae-efc1-4620-a420-34a97b709a94">
    <con:settings/>
    <con:config xsi:type="con:DataGeneratorStep" xmlns:xsi="http://www.w3.org/2001/XMLSchema-instance">
      <con:property type="Number">
        <con:configuration>
          <start>250</start>
          <end>1000</end>
          <step>1</step>
          <pattern>#</pattern>
          <random>true</random>
          <persist>true</persist>
          <current>397.0</current>
        </con:configuration>
        <con:name>stockInQuantity</con:name>
        <con:mode>STEP</con:mode>
        <con:shared>true</con:shared>
      </con:property>
      <con:property type="Number">
        <con:configuration>
          <start>1</start>
          <end>100000000</end>
          <step>3</step>
          <pattern>#</pattern>
          <random>true</random>
          <persist>true</persist>
          <current>2.7689216E7</current>
        </con:configuration>
        <con:name>startSerial</con:name>
        <con:mode>STEP</con:mode>
        <con:shared>true</con:shared>
      </con:property>
      <con:property type="Script">
        <con:configuration>
          <script>def stockInQuantity = context.expand( '${DataGen startSerial#stockInQuantity}' ).toInteger();
def startSerial = context.expand( '${DataGen startSerial#startSerial}' ).toInteger();
def statusChangeQuantity = context.expand( '${DataGen startSerial#statusChangeQuantity}' ).toInteger();

int remainingQuantity = stockInQuantity - statusChangeQuantity;
int endSerial = startSerial + stockInQuantity -1;

testRunner.testCase.testSteps['Given properties for the test steps'].setPropertyValue("stockInQuantity", stockInQuantity.toString());
testRunner.testCase.testSteps['Given properties for the test steps'].setPropertyValue("quantity", statusChangeQuantity.toString());
testRunner.testCase.testSteps['Given properties for the test steps'].setPropertyValue("startSerial", startSerial.toString());
testRunner.testCase.testSteps['Given properties for the test steps'].setPropertyValue("endSerial", endSerial.toString());
testRunner.testCase.testSteps['Given properties for the test steps'].setPropertyValue("remainingQuantity", remainingQuantity.toString());</script>
        </con:configuration>
        <con:name>setQuantityAndSerialNumber</con:name>
        <con:mode>STEP</con:mode>
        <con:shared>true</con:shared>
      </con:property>
      <con:property type="Number">
        <con:configuration>
          <start>1</start>
          <end>250</end>
          <step>2</step>
          <pattern>#</pattern>
          <random>true</random>
          <persist>true</persist>
          <current>138.0</current>
        </con:configuration>
        <con:name>statusChangeQuantity</con:name>
        <con:mode>STEP</con:mode>
        <con:shared>true</con:shared>
      </con:property>
    </con:config>
  </con:testStep>
  <con:testStep type="properties" name="Given properties for the test steps" id="c15a2ec4-678d-450c-a0ab-228fb6be9338">
    <con:settings/>
    <con:config xsi:type="con:PropertiesStep" saveFirst="true" xmlns:xsi="http://www.w3.org/2001/XMLSchema-instance">
      <con:properties>
        <con:property>
          <con:name>biId</con:name>
          <con:value>3761</con:value>
        </con:property>
        <con:property>
          <con:name>biSpecCode</con:name>
          <con:value>PRD_STATUS_CHANGE</con:value>
        </con:property>
        <con:property>
          <con:name>character</con:name>
          <con:value>1a</con:value>
        </con:property>
        <con:property>
          <con:name>emptyMessage</con:name>
          <con:value>EMPTY</con:value>
        </con:property>
        <con:property>
          <con:name>emptyValue</con:name>
          <con:value/>
        </con:property>
        <con:property>
          <con:name>endSerial</con:name>
          <con:value>97860761</con:value>
        </con:property>
        <con:property>
          <con:name>httpCode200</con:name>
          <con:value>200</con:value>
        </con:property>
        <con:property>
          <con:name>httpCode201</con:name>
          <con:value>201</con:value>
        </con:property>
        <con:property>
          <con:name>httpCode400</con:name>
          <con:value>400</con:value>
        </con:property>
        <con:property>
          <con:name>httpCode406</con:name>
          <con:value>406</con:value>
        </con:property>
        <con:property>
          <con:name>inventoryExtId</con:name>
          <con:value>inventoryExtId-${=java.util.UUID.randomUUID()}</con:value>
        </con:property>
        <con:property>
          <con:name>inventoryId</con:name>
          <con:value>102</con:value>
        </con:property>
        <con:property>
          <con:name>mainStateClosed</con:name>
          <con:value>Closed</con:value>
        </con:property>
        <con:property>
          <con:name>notExistBIId</con:name>
          <con:value>-1</con:value>
        </con:property>
        <con:property>
          <con:name>notExistId</con:name>
          <con:value>-1</con:value>
        </con:property>
        <con:property>
          <con:name>numberZero</con:name>
          <con:value>0</con:value>
        </con:property>
        <con:property>
          <con:name>placeId</con:name>
          <con:value>52</con:value>
        </con:property>
        <con:property>
          <con:name>productCharacteristicValueType</con:name>
          <con:value>STRING</con:value>
        </con:property>
        <con:property>
          <con:name>productDescription</con:name>
          <con:value>productDesc-${=java.util.UUID.randomUUID()}</con:value>
        </con:property>
        <con:property>
          <con:name>quantity</con:name>
          <con:value>180</con:value>
        </con:property>
        <con:property>
          <con:name>quantityMore</con:name>
          <con:value>${=${Given properties for the test steps#stockInQuantity}+1}</con:value>
        </con:property>
        <con:property>
          <con:name>quantityOne</con:name>
          <con:value>1</con:value>
        </con:property>
        <con:property>
          <con:name>quantityZero</con:name>
          <con:value>0</con:value>
        </con:property>
        <con:property>
          <con:name>remainingQuantity</con:name>
          <con:value>406</con:value>
        </con:property>
        <con:property>
          <con:name>reservationPeriodUnit</con:name>
          <con:value>Year</con:value>
        </con:property>
        <con:property>
          <con:name>reservationPeriodValue</con:name>
          <con:value>2</con:value>
        </con:property>
        <con:property>
          <con:name>reservationQuantity</con:name>
          <con:value>14</con:value>
        </con:property>
        <con:property>
          <con:name>salesOrgRoleExtId</con:name>
          <con:value>s${=java.util.UUID.randomUUID()}</con:value>
        </con:property>
        <con:property>
          <con:name>serializedProductCalculatedEndSerial</con:name>
          <con:value>${=${Given properties for the test steps#startSerial}+${Given properties for the test steps#quantity}}</con:value>
        </con:property>
        <con:property>
          <con:name>NonSerializedProductSpecCode</con:name>
          <con:value>CODE-APPLMOUSE-1</con:value>
        </con:property>
        <con:property>
          <con:name>NonSerializedProductId</con:name>
          <con:value>142</con:value>
        </con:property>
        <con:property>
          <con:name>NonSerializedProductSpecExtId</con:name>
          <con:value>EXT-APPLMOUSE-1</con:value>
        </con:property>
        <con:property>
          <con:name>SerializedProductId</con:name>
          <con:value>140</con:value>
        </con:property>
        <con:property>
          <con:name>SerializedProductSpecCode</con:name>
          <con:value>CODE-IPHONE6S-1</con:value>
        </con:property>
        <con:property>
          <con:name>SerializedProductSpecExtId</con:name>
          <con:value>EXT-IPHONE6S-1</con:value>
        </con:property>
        <con:property>
          <con:name>SerializedWithoutRangeProductId</con:name>
          <con:value>141</con:value>
        </con:property>
        <con:property>
          <con:name>SerializedWithoutRangeProductSpecCode</con:name>
          <con:value>CODE-GALAXYNOTE4-1</con:value>
        </con:property>
        <con:property>
          <con:name>SerializedWithoutRangeProductSpecExtId</con:name>
          <con:value>EXT-GALAXYNOTE4-1</con:value>
        </con:property>
        <con:property>
          <con:name>singleQuantity</con:name>
          <con:value>1</con:value>
        </con:property>
        <con:property>
          <con:name>soExtId</con:name>
          <con:value>soExtId-${=java.util.UUID.randomUUID()}</con:value>
        </con:property>
        <con:property>
          <con:name>soId</con:name>
          <con:value>99</con:value>
        </con:property>
        <con:property>
          <con:name>startSerial</con:name>
          <con:value>97860176</con:value>
        </con:property>
        <con:property>
          <con:name>stateCancelled</con:name>
          <con:value>Cancelled</con:value>
        </con:property>
        <con:property>
          <con:name>statusDamagedInteger</con:name>
          <con:value>2</con:value>
        </con:property>
        <con:property>
          <con:name>statusDamagedString</con:name>
          <con:value>Damaged</con:value>
        </con:property>
        <con:property>
          <con:name>statusLostInteger</con:name>
          <con:value>3</con:value>
        </con:property>
        <con:property>
          <con:name>statusLostString</con:name>
          <con:value>Lost</con:value>
        </con:property>
        <con:property>
          <con:name>statusSellableInteger</con:name>
          <con:value>1</con:value>
        </con:property>
        <con:property>
          <con:name>statusSellableString</con:name>
          <con:value>Sellable</con:value>
        </con:property>
        <con:property>
          <con:name>stockInQuantity</con:name>
          <con:value>586</con:value>
        </con:property>
        <con:property>
          <con:name>termianlId</con:name>
          <con:value>25</con:value>
        </con:property>
        <con:property>
          <con:name>terminalExtId</con:name>
          <con:value>terminalExtId-${=java.util.UUID.randomUUID()}</con:value>
        </con:property>
        <con:property>
          <con:name>userExtId</con:name>
          <con:value>userExtId-${=java.util.UUID.randomUUID()}</con:value>
        </con:property>
        <con:property>
          <con:name>userId</con:name>
          <con:value>101</con:value>
        </con:property>
        <con:property>
          <con:name>userRoleExtId</con:name>
          <con:value>u${=java.util.UUID.randomUUID()}</con:value>
        </con:property>
        <con:property>
          <con:name>biNotFound</con:name>
          <con:value>BI_WITH_ID_NOT_FOUND</con:value>
        </con:property>
        <con:property>
          <con:name>invalidStateOp</con:name>
          <con:value>INVALID_STATE_OPERATION</con:value>
        </con:property>
        <con:property>
          <con:name>errorMessage406</con:name>
          <con:value>406</con:value>
        </con:property>
        <con:property>
          <con:name>errorMessageProductIdOrSpecMustBeGiven</con:name>
          <con:value>NO_PRODUCT_ID_OR_SPEC_ID_FOUND_IN_PROVIDED_INFORMATION</con:value>
        </con:property>
        <con:property>
          <con:name>errorMessageNextStateNotFound</con:name>
          <con:value>NEXT_STATE_NOT_FOUND</con:value>
        </con:property>
        <con:property>
          <con:name>errorMessageBiMustBeDraftState</con:name>
          <con:value>BI_MUST_BE_IN_DRAFT_STATE</con:value>
        </con:property>
        <con:property>
          <con:name>errorMessageBiMustBeDraftOrOngoing</con:name>
          <con:value>BI_MUST_BE_IN_DRAFT_OR_ONGOING_STATE</con:value>
        </con:property>
      </con:properties>
    </con:config>
  </con:testStep>
  <con:testStep type="transfer" name="Set create initial data and products quantity" id="6aa26678-cbfc-456a-84a3-9c3d655a899b">
    <con:settings/>
    <con:config xsi:type="con:PropertyTransfersStep" xmlns:xsi="http://www.w3.org/2001/XMLSchema-instance">
      <con:transfers setNullOnMissingSource="true" transferTextContent="true" failOnError="true" ignoreEmpty="false" transferToAll="false" entitize="false" transferChildNodes="false">
        <con:name>quantity</con:name>
        <con:sourceType>stockInQuantity</con:sourceType>
        <con:sourceStep>Given properties for the test steps</con:sourceStep>
        <con:sourcePath/>
        <con:targetType>req_quantity</con:targetType>
        <con:targetStep>Create initial data and products</con:targetStep>
        <con:targetPath/>
        <con:upgraded>true</con:upgraded>
      </con:transfers>
    </con:config>
  </con:testStep>
  <con:testStep type="calltestcase" name="Create initial data and products" id="66656c40-2ef4-4459-b340-14c6ca355973">
    <con:settings/>
    <con:config xsi:type="con:RunTestCaseStep" xmlns:xsi="http://www.w3.org/2001/XMLSchema-instance">
      <con:targetTestCase>5e4beeb6-f397-47ec-8202-d19549f54f59</con:targetTestCase>
      <con:properties>
        <con:property>
          <con:name>userRoleId</con:name>
          <con:value>101</con:value>
        </con:property>
        <con:property>
          <con:name>salesOrgRoleId</con:name>
          <con:value>99</con:value>
        </con:property>
        <con:property>
          <con:name>placeId</con:name>
          <con:value>52</con:value>
        </con:property>
        <con:property>
          <con:name>inventoryId</con:name>
          <con:value>102</con:value>
        </con:property>
        <con:property>
          <con:name>terminalId</con:name>
          <con:value>25</con:value>
        </con:property>
        <con:property>
          <con:name>serializedProductId</con:name>
          <con:value>140</con:value>
        </con:property>
        <con:property>
          <con:name>serializedWithoutRangeProductId</con:name>
          <con:value>141</con:value>
        </con:property>
        <con:property>
          <con:name>nonSerializedProductId</con:name>
          <con:value>142</con:value>
        </con:property>
        <con:property>
          <con:name>serializedProductStartSerialNumber</con:name>
          <con:value>10631628</con:value>
        </con:property>
        <con:property>
          <con:name>serializedWithoutRangeProductSerialText</con:name>
          <con:value>10785611a</con:value>
        </con:property>
        <con:property>
          <con:name>res_nonSerializedProductSpecCode</con:name>
          <con:value>CODE-APPLMOUSE-1</con:value>
        </con:property>
        <con:property>
          <con:name>res_serializedProductSpecCode</con:name>
          <con:value>CODE-IPHONE6S-1</con:value>
        </con:property>
        <con:property>
          <con:name>res_serializedWithoutRangeProductSpecCode</con:name>
          <con:value>CODE-GALAXYNOTE4-1</con:value>
        </con:property>
        <con:property>
          <con:name>req_quantity</con:name>
          <con:value>586</con:value>
        </con:property>
        <con:property>
          <con:name>res_nonSerializedProductSpecExtId</con:name>
          <con:value>EXT-APPLMOUSE-1</con:value>
        </con:property>
        <con:property>
          <con:name>res_serializedProductSpecExtId</con:name>
          <con:value>EXT-IPHONE6S-1</con:value>
        </con:property>
        <con:property>
          <con:name>res_serializedWithoutRangeSpecExtId</con:name>
          <con:value>EXT-GALAXYNOTE4-1</con:value>
        </con:property>
        <con:property>
          <con:name>userToken</con:name>
        </con:property>
        <con:property>
          <con:name>userIntToken</con:name>
        </con:property>
        <con:property>
          <con:name>res_serializedBatchId</con:name>
        </con:property>
        <con:property>
          <con:name>res_serializedWithoutRangeBatchId</con:name>
        </con:property>
      </con:properties>
      <con:returnProperties>
        <con:entry>userRoleId</con:entry>
        <con:entry>salesOrgRoleId</con:entry>
        <con:entry>placeId</con:entry>
        <con:entry>inventoryId</con:entry>
        <con:entry>terminalId</con:entry>
        <con:entry>serializedProductId</con:entry>
        <con:entry>serializedWithoutRangeProductId</con:entry>
        <con:entry>nonSerializedProductId</con:entry>
        <con:entry>serializedProductStartSerialNumber</con:entry>
        <con:entry>serializedWithoutRangeProductSerialText</con:entry>
        <con:entry>res_nonSerializedProductSpecCode</con:entry>
        <con:entry>res_serializedProductSpecCode</con:entry>
        <con:entry>res_serializedWithoutRangeProductSpecCode</con:entry>
        <con:entry>res_nonSerializedProductSpecExtId</con:entry>
        <con:entry>res_serializedProductSpecExtId</con:entry>
        <con:entry>res_serializedWithoutRangeSpecExtId</con:entry>
      </con:returnProperties>
      <con:runMode>PARALLELL</con:runMode>
    </con:config>
  </con:testStep>
  <con:testStep type="assertionteststep" name="Assert for control creating products" id="6e8a4ff0-dfe2-4daa-94d2-2fbfe583f2b9">
    <con:settings/>
    <con:config xsi:type="con:AssertionTestStep" xmlns:xsi="http://www.w3.org/2001/XMLSchema-instance">
      <con:entry>
        <con:id>c0945d94-4a81-4509-86a5-f6175e6f80b5</con:id>
        <con:isGroup>false</con:isGroup>
        <con:sourceId>66656c40-2ef4-4459-b340-14c6ca355973</con:sourceId>
        <con:propertyName>userRoleId</con:propertyName>
        <con:assertion type="Simple Contains" name="Contains user" id="9e22f3b2-5f6f-4f67-a7b7-8d5eda136886">
          <con:configuration>
            <token>\d+</token>
            <ignoreCase>false</ignoreCase>
            <useRegEx>true</useRegEx>
          </con:configuration>
        </con:assertion>
      </con:entry>
      <con:entry>
        <con:id>fb9b6a70-c22f-421b-9e90-9c4e8f0e394c</con:id>
        <con:isGroup>false</con:isGroup>
        <con:sourceId>66656c40-2ef4-4459-b340-14c6ca355973</con:sourceId>
        <con:propertyName>salesOrgRoleId</con:propertyName>
        <con:assertion type="Simple Contains" name="Contains so" id="299e21d1-04e3-4d64-83bc-cebfbcbd2fac">
          <con:configuration>
            <token>\d+</token>
            <ignoreCase>false</ignoreCase>
            <useRegEx>true</useRegEx>
          </con:configuration>
        </con:assertion>
      </con:entry>
      <con:entry>
        <con:id>5c095080-0d79-4c9c-b582-55c9ace34bdb</con:id>
        <con:isGroup>false</con:isGroup>
        <con:sourceId>66656c40-2ef4-4459-b340-14c6ca355973</con:sourceId>
        <con:propertyName>placeId</con:propertyName>
        <con:assertion type="Simple Contains" name="Contains place" id="6bd2fe9b-7437-4943-a154-d9af7cb8aee0">
          <con:configuration>
            <token>\d+</token>
            <ignoreCase>false</ignoreCase>
            <useRegEx>true</useRegEx>
          </con:configuration>
        </con:assertion>
      </con:entry>
      <con:entry>
        <con:id>de651960-9741-446b-8941-3a84ad4c1127</con:id>
        <con:isGroup>false</con:isGroup>
        <con:sourceId>66656c40-2ef4-4459-b340-14c6ca355973</con:sourceId>
        <con:propertyName>inventoryId</con:propertyName>
        <con:assertion type="Simple Contains" name="Contains inventory" id="3c91189a-b1bc-4cbd-9522-985da465de82">
          <con:configuration>
            <token>\d+</token>
            <ignoreCase>false</ignoreCase>
            <useRegEx>true</useRegEx>
          </con:configuration>
        </con:assertion>
      </con:entry>
      <con:entry>
        <con:id>90a81014-3e6b-48c0-8392-03213a8cce1f</con:id>
        <con:isGroup>false</con:isGroup>
        <con:sourceId>66656c40-2ef4-4459-b340-14c6ca355973</con:sourceId>
        <con:propertyName>terminalId</con:propertyName>
        <con:assertion type="Simple Contains" name="Contains terminal" id="cfd4223b-7ec1-4b94-b172-141fe298878d">
          <con:configuration>
            <token>\d+</token>
            <ignoreCase>false</ignoreCase>
            <useRegEx>true</useRegEx>
          </con:configuration>
        </con:assertion>
      </con:entry>
      <con:entry>
        <con:id>25533665-8f3e-4afa-acac-cb8f61a1e954</con:id>
        <con:isGroup>false</con:isGroup>
        <con:sourceId>66656c40-2ef4-4459-b340-14c6ca355973</con:sourceId>
        <con:propertyName>serializedProductId</con:propertyName>
        <con:assertion type="Simple Contains" name="Contains serialized" id="4f442a46-0bd3-41ee-ae3c-72e0ed929e7d">
          <con:configuration>
            <token>\d+</token>
            <ignoreCase>false</ignoreCase>
            <useRegEx>true</useRegEx>
          </con:configuration>
        </con:assertion>
      </con:entry>
      <con:entry>
        <con:id>b865160e-4a95-4253-9ed5-3e4128fdb5a2</con:id>
        <con:isGroup>false</con:isGroup>
        <con:sourceId>66656c40-2ef4-4459-b340-14c6ca355973</con:sourceId>
        <con:propertyName>serializedWithoutRangeProductId</con:propertyName>
        <con:assertion type="Simple Contains" name="Contains serialized without range" id="02a0c838-3f83-4a29-848e-35a38d4fb292">
          <con:configuration>
            <token>\d+</token>
            <ignoreCase>false</ignoreCase>
            <useRegEx>true</useRegEx>
          </con:configuration>
        </con:assertion>
      </con:entry>
      <con:entry>
        <con:id>b2701c6f-3839-4ac5-9ffb-1c2e93c07d19</con:id>
        <con:isGroup>false</con:isGroup>
        <con:sourceId>66656c40-2ef4-4459-b340-14c6ca355973</con:sourceId>
        <con:propertyName>nonSerializedProductId</con:propertyName>
        <con:assertion type="Simple Contains" name="Contains nonserialized" id="e349388c-5b99-4f98-8204-c9b905327737">
          <con:configuration>
            <token>\d+</token>
            <ignoreCase>false</ignoreCase>
            <useRegEx>true</useRegEx>
          </con:configuration>
        </con:assertion>
      </con:entry>
    </con:config>
  </con:testStep>
  <con:testStep type="transfer" name="Set given properties for the test steps" id="36998048-9e3f-4a61-a928-8c29eaff8858">
    <con:settings/>
    <con:config xsi:type="con:PropertyTransfersStep" xmlns:xsi="http://www.w3.org/2001/XMLSchema-instance">
      <con:transfers setNullOnMissingSource="true" transferTextContent="true" failOnError="true" ignoreEmpty="false" transferToAll="false" entitize="false" transferChildNodes="false">
        <con:name>soId</con:name>
        <con:sourceType>salesOrgRoleId</con:sourceType>
        <con:sourceStep>Create initial data and products</con:sourceStep>
        <con:sourcePath/>
        <con:targetType>soId</con:targetType>
        <con:targetStep>Given properties for the test steps</con:targetStep>
        <con:targetPath/>
        <con:upgraded>true</con:upgraded>
      </con:transfers>
      <con:transfers setNullOnMissingSource="true" transferTextContent="true" failOnError="true" ignoreEmpty="false" transferToAll="false" entitize="false" transferChildNodes="false">
        <con:name>inventoryId</con:name>
        <con:sourceType>inventoryId</con:sourceType>
        <con:sourceStep>Create initial data and products</con:sourceStep>
        <con:targetType>inventoryId</con:targetType>
        <con:targetStep>Given properties for the test steps</con:targetStep>
        <con:upgraded>true</con:upgraded>
      </con:transfers>
      <con:transfers setNullOnMissingSource="true" transferTextContent="true" failOnError="true" ignoreEmpty="false" transferToAll="false" entitize="false" transferChildNodes="false">
        <con:name>userId</con:name>
        <con:sourceType>userRoleId</con:sourceType>
        <con:sourceStep>Create initial data and products</con:sourceStep>
        <con:targetType>userId</con:targetType>
        <con:targetStep>Given properties for the test steps</con:targetStep>
        <con:upgraded>true</con:upgraded>
      </con:transfers>
      <con:transfers setNullOnMissingSource="true" transferTextContent="true" failOnError="true" ignoreEmpty="false" transferToAll="false" entitize="false" transferChildNodes="false">
        <con:name>terminalId</con:name>
        <con:sourceType>terminalId</con:sourceType>
        <con:sourceStep>Create initial data and products</con:sourceStep>
        <con:targetType>termianlId</con:targetType>
        <con:targetStep>Given properties for the test steps</con:targetStep>
        <con:upgraded>true</con:upgraded>
      </con:transfers>
      <con:transfers setNullOnMissingSource="true" transferTextContent="true" failOnError="true" ignoreEmpty="false" transferToAll="false" entitize="false" transferChildNodes="false">
        <con:name>placeId</con:name>
        <con:sourceType>placeId</con:sourceType>
        <con:sourceStep>Create initial data and products</con:sourceStep>
        <con:targetType>placeId</con:targetType>
        <con:targetStep>Given properties for the test steps</con:targetStep>
        <con:upgraded>true</con:upgraded>
      </con:transfers>
      <con:transfers setNullOnMissingSource="true" transferTextContent="true" failOnError="true" ignoreEmpty="false" transferToAll="false" entitize="false" transferChildNodes="false">
        <con:name>nonSerializedProductId</con:name>
        <con:sourceType>nonSerializedProductId</con:sourceType>
        <con:sourceStep>Create initial data and products</con:sourceStep>
        <con:targetType>NonSerializedProductId</con:targetType>
        <con:targetStep>Given properties for the test steps</con:targetStep>
        <con:upgraded>true</con:upgraded>
      </con:transfers>
      <con:transfers setNullOnMissingSource="true" transferTextContent="true" failOnError="true" ignoreEmpty="false" transferToAll="false" entitize="false" transferChildNodes="false">
        <con:name>nonSerializedProductSpecCode</con:name>
        <con:sourceType>res_nonSerializedProductSpecCode</con:sourceType>
        <con:sourceStep>Create initial data and products</con:sourceStep>
        <con:targetType>NonSerializedProductSpecCode</con:targetType>
        <con:targetStep>Given properties for the test steps</con:targetStep>
        <con:upgraded>true</con:upgraded>
      </con:transfers>
      <con:transfers setNullOnMissingSource="true" transferTextContent="true" failOnError="true" ignoreEmpty="false" transferToAll="false" entitize="false" transferChildNodes="false">
        <con:name>serializedProductId</con:name>
        <con:sourceType>serializedProductId</con:sourceType>
        <con:sourceStep>Create initial data and products</con:sourceStep>
        <con:targetType>SerializedProductId</con:targetType>
        <con:targetStep>Given properties for the test steps</con:targetStep>
        <con:upgraded>true</con:upgraded>
      </con:transfers>
      <con:transfers setNullOnMissingSource="true" transferTextContent="true" failOnError="true" ignoreEmpty="false" transferToAll="false" entitize="false" transferChildNodes="false">
        <con:name>serializedProductSpecCode</con:name>
        <con:sourceType>res_serializedProductSpecCode</con:sourceType>
        <con:sourceStep>Create initial data and products</con:sourceStep>
        <con:targetType>SerializedProductSpecCode</con:targetType>
        <con:targetStep>Given properties for the test steps</con:targetStep>
        <con:upgraded>true</con:upgraded>
      </con:transfers>
      <con:transfers setNullOnMissingSource="true" transferTextContent="true" failOnError="true" ignoreEmpty="false" transferToAll="false" entitize="false" transferChildNodes="false">
        <con:name>serializedWithoutRangeProductId</con:name>
        <con:sourceType>serializedWithoutRangeProductId</con:sourceType>
        <con:sourceStep>Create initial data and products</con:sourceStep>
        <con:targetType>SerializedWithoutRangeProductId</con:targetType>
        <con:targetStep>Given properties for the test steps</con:targetStep>
        <con:upgraded>true</con:upgraded>
      </con:transfers>
      <con:transfers setNullOnMissingSource="true" transferTextContent="true" failOnError="true" ignoreEmpty="false" transferToAll="false" entitize="false" transferChildNodes="false">
        <con:name>serializedWithoutRangeProductSpecCode</con:name>
        <con:sourceType>res_serializedWithoutRangeProductSpecCode</con:sourceType>
        <con:sourceStep>Create initial data and products</con:sourceStep>
        <con:targetType>SerializedWithoutRangeProductSpecCode</con:targetType>
        <con:targetStep>Given properties for the test steps</con:targetStep>
        <con:upgraded>true</con:upgraded>
      </con:transfers>
    </con:config>
  </con:testStep>
  <con:testStep type="transfer" name="Set bi parameters to create another" id="a9165891-b2cc-4a5e-b166-8ff7d1ef6cb3">
    <con:settings/>
    <con:config xsi:type="con:PropertyTransfersStep" xmlns:xsi="http://www.w3.org/2001/XMLSchema-instance">
      <con:transfers setNullOnMissingSource="true" transferTextContent="true" failOnError="true" ignoreEmpty="false" transferToAll="false" entitize="false" transferChildNodes="false">
        <con:name>userRoleId</con:name>
        <con:sourceType>userId</con:sourceType>
        <con:sourceStep>Given properties for the test steps</con:sourceStep>
        <con:sourcePath/>
        <con:targetType>req_userId</con:targetType>
        <con:targetStep>Create product status change bi</con:targetStep>
        <con:targetPath/>
        <con:upgraded>true</con:upgraded>
      </con:transfers>
      <con:transfers setNullOnMissingSource="true" transferTextContent="true" failOnError="true" ignoreEmpty="false" transferToAll="false" entitize="false" transferChildNodes="false">
        <con:name>salesOrgRoleId</con:name>
        <con:sourceType>soId</con:sourceType>
        <con:sourceStep>Given properties for the test steps</con:sourceStep>
        <con:targetType>req_soId</con:targetType>
        <con:targetStep>Create product status change bi</con:targetStep>
        <con:upgraded>true</con:upgraded>
      </con:transfers>
      <con:transfers setNullOnMissingSource="true" transferTextContent="true" failOnError="true" ignoreEmpty="false" transferToAll="false" entitize="false" transferChildNodes="false">
        <con:name>biSpecCode</con:name>
        <con:sourceType>biSpecCode</con:sourceType>
        <con:sourceStep>Given properties for the test steps</con:sourceStep>
        <con:targetType>req_biSpecCode</con:targetType>
        <con:targetStep>Create product status change bi</con:targetStep>
        <con:upgraded>true</con:upgraded>
      </con:transfers>
    </con:config>
  </con:testStep>
  <con:testStep type="calltestcase" name="Create product status change bi" id="5256c1f0-7259-4566-a4f4-dccee9d7377f">
    <con:settings/>
    <con:config xsi:type="con:RunTestCaseStep" xmlns:xsi="http://www.w3.org/2001/XMLSchema-instance">
      <con:targetTestCase>ddc99e2f-2310-4fbc-bcca-17feb39568a6</con:targetTestCase>
      <con:properties>
        <con:property>
          <con:name>req_userId</con:name>
          <con:value>101</con:value>
        </con:property>
        <con:property>
          <con:name>req_soId</con:name>
          <con:value>99</con:value>
        </con:property>
        <con:property>
          <con:name>req_biSpecCode</con:name>
          <con:value>PRD_STATUS_CHANGE</con:value>
        </con:property>
        <con:property>
          <con:name>res_code</con:name>
          <con:value>201</con:value>
        </con:property>
        <con:property>
          <con:name>res_biId</con:name>
          <con:value>3751</con:value>
        </con:property>
        <con:property>
          <con:name>res_errorMessage</con:name>
          <con:value xsi:nil="true"/>
        </con:property>
      </con:properties>
      <con:returnProperties>
        <con:entry>res_code</con:entry>
        <con:entry>res_biId</con:entry>
        <con:entry>res_errorMessage</con:entry>
      </con:returnProperties>
      <con:runMode>PARALLELL</con:runMode>
    </con:config>
  </con:testStep>
  <con:testStep type="assertionteststep" name="Assert another bi is created successfully" id="9c66690e-8c10-4e15-ba79-3c93b6847e3e">
    <con:settings/>
    <con:config xsi:type="con:AssertionTestStep" xmlns:xsi="http://www.w3.org/2001/XMLSchema-instance">
      <con:entry>
        <con:id>efc4a370-bae7-4c06-aef2-32d5858d3b61</con:id>
        <con:isGroup>false</con:isGroup>
        <con:sourceId>5256c1f0-7259-4566-a4f4-dccee9d7377f</con:sourceId>
        <con:propertyName>res_biId</con:propertyName>
        <con:assertion type="Simple Contains" name="Contains" id="f7e7ccd7-a4b4-44ed-a75a-5be10edfd41a">
          <con:configuration>
            <token>\d+</token>
            <ignoreCase>false</ignoreCase>
            <useRegEx>true</useRegEx>
          </con:configuration>
        </con:assertion>
      </con:entry>
    </con:config>
  </con:testStep>
  <con:testStep type="transfer" name="Property Transfer biId 2" id="73afe836-3d21-4f41-870b-fd40fa65ad16">
    <con:settings/>
    <con:config xsi:type="con:PropertyTransfersStep" xmlns:xsi="http://www.w3.org/2001/XMLSchema-instance">
      <con:transfers setNullOnMissingSource="true" transferTextContent="true" failOnError="true" ignoreEmpty="false" transferToAll="false" entitize="false" transferChildNodes="false">
        <con:name>biId</con:name>
        <con:sourceType>res_biId</con:sourceType>
        <con:sourceStep>Create product status change bi</con:sourceStep>
        <con:sourcePath/>
        <con:targetType>biId</con:targetType>
        <con:targetStep>Given properties for the test steps</con:targetStep>
        <con:targetPath/>
        <con:upgraded>true</con:upgraded>
      </con:transfers>
    </con:config>
  </con:testStep>
  <con:testStep type="transfer" name="Set cancel product status change draf bi" id="ca389b12-efbb-44b8-8574-23c1be0edd4b">
    <con:settings/>
    <con:config xsi:type="con:PropertyTransfersStep" xmlns:xsi="http://www.w3.org/2001/XMLSchema-instance">
      <con:transfers setNullOnMissingSource="true" transferTextContent="true" failOnError="true" ignoreEmpty="false" transferToAll="false" entitize="false" transferChildNodes="false">
        <con:name>biId</con:name>
        <con:sourceType>biId</con:sourceType>
        <con:sourceStep>Given properties for the test steps</con:sourceStep>
        <con:sourcePath/>
        <con:targetType>req_biId</con:targetType>
        <con:targetStep>Cancel product status change draf bi</con:targetStep>
        <con:targetPath/>
        <con:upgraded>true</con:upgraded>
      </con:transfers>
    </con:config>
  </con:testStep>
  <con:testStep type="calltestcase" name="Cancel product status change draf bi" id="de1601dd-f6f1-46f4-8249-2e342ac903f9">
    <con:settings/>
    <con:config xsi:type="con:RunTestCaseStep" xmlns:xsi="http://www.w3.org/2001/XMLSchema-instance">
      <con:targetTestCase>67e62d32-794f-4021-911b-d7fa305208e0</con:targetTestCase>
      <con:properties>
        <con:property>
          <con:name>req_biId</con:name>
          <con:value>3751</con:value>
        </con:property>
        <con:property>
          <con:name>res_code</con:name>
          <con:value>200</con:value>
        </con:property>
        <con:property>
          <con:name>res_errorMessage</con:name>
        </con:property>
      </con:properties>
      <con:returnProperties>
        <con:entry>res_code</con:entry>
      </con:returnProperties>
      <con:runMode>PARALLELL</con:runMode>
    </con:config>
  </con:testStep>
  <con:testStep type="assertionteststep" name="Assertion cancel product status change draf bi" id="0789d8d2-e169-4ab7-ae27-0fc7247272ad">
    <con:settings/>
    <con:config xsi:type="con:AssertionTestStep" xmlns:xsi="http://www.w3.org/2001/XMLSchema-instance">
      <con:entry>
        <con:id>47ad8440-798b-4d18-824b-6d1e7c8e72c8</con:id>
        <con:isGroup>false</con:isGroup>
        <con:sourceId>de1601dd-f6f1-46f4-8249-2e342ac903f9</con:sourceId>
        <con:propertyName>res_code</con:propertyName>
        <con:assertion type="Simple Equals" name="Equals" id="9ce7ddb2-7fc9-4e47-b007-6ce4076bfa74">
          <con:configuration>
            <patternObjectId>c15a2ec4-678d-450c-a0ab-228fb6be9338</patternObjectId>
            <patternProperty>httpCode200</patternProperty>
            <caseSensitive>true</caseSensitive>
          </con:configuration>
        </con:assertion>
      </con:entry>
    </con:config>
  </con:testStep>
  <con:testStep type="transfer" name="Set create product status change bi 2" id="aaeb07e0-13cb-4960-9c87-bbdabc4d8c08">
    <con:settings/>
    <con:config xsi:type="con:PropertyTransfersStep" xmlns:xsi="http://www.w3.org/2001/XMLSchema-instance">
      <con:transfers setNullOnMissingSource="true" transferTextContent="true" failOnError="true" ignoreEmpty="false" transferToAll="false" entitize="false" transferChildNodes="false">
        <con:name>userId</con:name>
        <con:sourceType>userId</con:sourceType>
        <con:sourceStep>Given properties for the test steps</con:sourceStep>
        <con:sourcePath/>
        <con:targetType>req_userId</con:targetType>
        <con:targetStep>Create product status change bi 2</con:targetStep>
        <con:targetPath/>
        <con:upgraded>true</con:upgraded>
      </con:transfers>
      <con:transfers setNullOnMissingSource="true" transferTextContent="true" failOnError="true" ignoreEmpty="false" transferToAll="false" entitize="false" transferChildNodes="false">
        <con:name>soId</con:name>
        <con:sourceType>soId</con:sourceType>
        <con:sourceStep>Given properties for the test steps</con:sourceStep>
        <con:targetType>req_soId</con:targetType>
        <con:targetStep>Create product status change bi 2</con:targetStep>
        <con:upgraded>true</con:upgraded>
      </con:transfers>
      <con:transfers setNullOnMissingSource="true" transferTextContent="true" failOnError="true" ignoreEmpty="false" transferToAll="false" entitize="false" transferChildNodes="false">
        <con:name>biSpecCode</con:name>
        <con:sourceType>biSpecCode</con:sourceType>
        <con:sourceStep>Given properties for the test steps</con:sourceStep>
        <con:targetType>req_biSpecCode</con:targetType>
        <con:targetStep>Create product status change bi 2</con:targetStep>
        <con:upgraded>true</con:upgraded>
      </con:transfers>
    </con:config>
  </con:testStep>
  <con:testStep type="calltestcase" name="Create product status change bi 2" id="d47c3b3f-04d9-48aa-850a-ce836d3e5c6a">
    <con:settings/>
    <con:config xsi:type="con:RunTestCaseStep" xmlns:xsi="http://www.w3.org/2001/XMLSchema-instance">
      <con:targetTestCase>ddc99e2f-2310-4fbc-bcca-17feb39568a6</con:targetTestCase>
      <con:properties>
        <con:property>
          <con:name>req_userId</con:name>
          <con:value>101</con:value>
        </con:property>
        <con:property>
          <con:name>req_soId</con:name>
          <con:value>99</con:value>
        </con:property>
        <con:property>
          <con:name>req_biSpecCode</con:name>
          <con:value>PRD_STATUS_CHANGE</con:value>
        </con:property>
        <con:property>
          <con:name>res_code</con:name>
          <con:value>201</con:value>
        </con:property>
        <con:property>
          <con:name>res_biId</con:name>
          <con:value>3761</con:value>
        </con:property>
        <con:property>
          <con:name>res_errorMessage</con:name>
        </con:property>
      </con:properties>
      <con:returnProperties>
        <con:entry>res_code</con:entry>
        <con:entry>res_biId</con:entry>
      </con:returnProperties>
      <con:runMode>PARALLELL</con:runMode>
    </con:config>
  </con:testStep>
  <con:testStep type="assertionteststep" name="Assertion create product status change bi 2" id="3f50306c-241e-4ce4-b570-8a67b2eff51a">
    <con:settings/>
    <con:config xsi:type="con:AssertionTestStep" xmlns:xsi="http://www.w3.org/2001/XMLSchema-instance">
      <con:entry>
        <con:id>785089cf-e294-49bc-9569-1607556cc574</con:id>
        <con:isGroup>false</con:isGroup>
        <con:sourceId>d47c3b3f-04d9-48aa-850a-ce836d3e5c6a</con:sourceId>
        <con:propertyName>res_code</con:propertyName>
        <con:assertion type="Simple Equals" name="Equals" id="2e507a32-b83c-49af-86c3-cd2993a2618f">
          <con:configuration>
            <patternObjectId>c15a2ec4-678d-450c-a0ab-228fb6be9338</patternObjectId>
            <patternProperty>httpCode201</patternProperty>
            <caseSensitive>true</caseSensitive>
          </con:configuration>
        </con:assertion>
      </con:entry>
    </con:config>
  </con:testStep>
  <con:testStep type="transfer" name="Property Transfer biId" id="c88068f0-f301-40f7-8ec6-05cc41433e2e">
    <con:settings/>
    <con:config xsi:type="con:PropertyTransfersStep" xmlns:xsi="http://www.w3.org/2001/XMLSchema-instance">
      <con:transfers setNullOnMissingSource="true" transferTextContent="true" failOnError="true" ignoreEmpty="false" transferToAll="false" entitize="false" transferChildNodes="false">
        <con:name>biId</con:name>
        <con:sourceType>res_biId</con:sourceType>
        <con:sourceStep>Create product status change bi 2</con:sourceStep>
        <con:sourcePath/>
        <con:targetType>biId</con:targetType>
        <con:targetStep>Given properties for the test steps</con:targetStep>
        <con:targetPath/>
        <con:upgraded>true</con:upgraded>
      </con:transfers>
    </con:config>
  </con:testStep>
  <con:testStep type="datasource" name="DataSource for add product status change item" id="3ac7bfbc-7a4d-4875-baf9-3ab94fd7f09d">
    <con:settings/>
    <con:config xsi:type="con:DataSourceStep" xmlns:xsi="http://www.w3.org/2001/XMLSchema-instance">
      <con:dataSource type="Grid">
        <con:configuration>
          <check><![CDATA[<xml-fragment><con:entry xmlns:con="http://eviware.com/soapui/config">true</con:entry><con:entry xmlns:con="http://eviware.com/soapui/config">true</con:entry><con:entry xmlns:con="http://eviware.com/soapui/config">true</con:entry></xml-fragment>]]></check>
          <row><![CDATA[<xml-fragment><con:entry xmlns:con="http://eviware.com/soapui/config">${Given properties for the test steps#statusDamagedString}</con:entry><con:entry xmlns:con="http://eviware.com/soapui/config">${Given properties for the test steps#quantity}</con:entry><con:entry xmlns:con="http://eviware.com/soapui/config">${Given properties for the test steps#nonSerializedProductId}</con:entry><con:entry xmlns:con="http://eviware.com/soapui/config">${Given properties for the test steps#NonSerializedProductSpecExtId}</con:entry><con:entry xmlns:con="http://eviware.com/soapui/config">${Given properties for the test steps#stockInQuantity}</con:entry><con:entry xmlns:con="http://eviware.com/soapui/config">${Given properties for the test steps#remainingQuantity}</con:entry><con:entry xmlns:con="http://eviware.com/soapui/config">${Given properties for the test steps#quantity}</con:entry><con:entry xmlns:con="http://eviware.com/soapui/config">NonSerializedProductId</con:entry></xml-fragment>]]></row>
          <row><![CDATA[<xml-fragment><con:entry xmlns:con="http://eviware.com/soapui/config">${Given properties for the test steps#statusLostString}</con:entry><con:entry xmlns:con="http://eviware.com/soapui/config">${Given properties for the test steps#stockInQuantity}</con:entry><con:entry xmlns:con="http://eviware.com/soapui/config">${Given properties for the test steps#serializedProductId}</con:entry><con:entry xmlns:con="http://eviware.com/soapui/config">${Given properties for the test steps#SerializedProductSpecExtId}</con:entry><con:entry xmlns:con="http://eviware.com/soapui/config">${Given properties for the test steps#stockInQuantity}</con:entry><con:entry xmlns:con="http://eviware.com/soapui/config">${Given properties for the test steps#numberZero}</con:entry><con:entry xmlns:con="http://eviware.com/soapui/config">${Given properties for the test steps#stockInQuantity}</con:entry><con:entry xmlns:con="http://eviware.com/soapui/config">SerializedProductId</con:entry></xml-fragment>]]></row>
          <row><![CDATA[<xml-fragment><con:entry xmlns:con="http://eviware.com/soapui/config">${Given properties for the test steps#statusDamagedString}</con:entry><con:entry xmlns:con="http://eviware.com/soapui/config">1</con:entry><con:entry xmlns:con="http://eviware.com/soapui/config">${Given properties for the test steps#serializedWithoutRangeProductId}</con:entry><con:entry xmlns:con="http://eviware.com/soapui/config">${Given properties for the test steps#SerializedWithoutRangeProductSpecExtId}</con:entry><con:entry xmlns:con="http://eviware.com/soapui/config">${Given properties for the test steps#quantityOne}</con:entry><con:entry xmlns:con="http://eviware.com/soapui/config">${Given properties for the test steps#numberZero}</con:entry><con:entry xmlns:con="http://eviware.com/soapui/config">${Given properties for the test steps#quantityOne}</con:entry><con:entry xmlns:con="http://eviware.com/soapui/config">SerializedWithoutRangeProductId</con:entry></xml-fragment>]]></row>
        </con:configuration>
      </con:dataSource>
      <con:property>finalStatus</con:property>
      <con:property>quantity</con:property>
      <con:property>productId</con:property>
      <con:property>productSpecExtId</con:property>
      <con:property>totalQuantity</con:property>
      <con:property>availableQuantity</con:property>
      <con:property>reservedQuantity</con:property>
      <con:property>productType</con:property>
      <con:completeLastOperation>true</con:completeLastOperation>
      <con:restartOnRun>true</con:restartOnRun>
    </con:config>
  </con:testStep>
  <con:testStep type="transfer" name="Set add item for product status change" id="6ebc78b6-1761-4ba3-a95d-d522a9592a42">
    <con:settings/>
    <con:config xsi:type="con:PropertyTransfersStep" xmlns:xsi="http://www.w3.org/2001/XMLSchema-instance">
      <con:transfers setNullOnMissingSource="true" transferTextContent="true" failOnError="true" ignoreEmpty="false" transferToAll="false" entitize="false" transferChildNodes="false">
        <con:name>finalStatus</con:name>
        <con:sourceType>finalStatus</con:sourceType>
        <con:sourceStep>DataSource for add product status change item</con:sourceStep>
        <con:sourcePath/>
        <con:targetType>req_finalStatus</con:targetType>
        <con:targetStep>Add item for product status change</con:targetStep>
        <con:targetPath/>
        <con:upgraded>true</con:upgraded>
      </con:transfers>
      <con:transfers setNullOnMissingSource="true" transferTextContent="true" failOnError="true" ignoreEmpty="false" transferToAll="false" entitize="false" transferChildNodes="false">
        <con:name>quantity</con:name>
        <con:sourceType>quantity</con:sourceType>
        <con:sourceStep>DataSource for add product status change item</con:sourceStep>
        <con:targetType>req_quantity</con:targetType>
        <con:targetStep>Add item for product status change</con:targetStep>
        <con:upgraded>true</con:upgraded>
      </con:transfers>
      <con:transfers setNullOnMissingSource="true" transferTextContent="true" failOnError="true" ignoreEmpty="false" transferToAll="false" entitize="false" transferChildNodes="false">
        <con:name>productId</con:name>
        <con:sourceType>productId</con:sourceType>
        <con:sourceStep>DataSource for add product status change item</con:sourceStep>
        <con:targetType>req_productId</con:targetType>
        <con:targetStep>Add item for product status change</con:targetStep>
        <con:upgraded>true</con:upgraded>
      </con:transfers>
      <con:transfers setNullOnMissingSource="true" transferTextContent="true" failOnError="true" ignoreEmpty="false" transferToAll="false" entitize="false" transferChildNodes="false">
        <con:name>biId</con:name>
        <con:sourceType>biId</con:sourceType>
        <con:sourceStep>Given properties for the test steps</con:sourceStep>
        <con:targetType>req_biId</con:targetType>
        <con:targetStep>Add item for product status change</con:targetStep>
        <con:upgraded>true</con:upgraded>
      </con:transfers>
    </con:config>
  </con:testStep>
  <con:testStep type="calltestcase" name="Add item for product status change" id="f8a09217-b532-4965-9171-26ff483155b3">
    <con:settings/>
    <con:config xsi:type="con:RunTestCaseStep" xmlns:xsi="http://www.w3.org/2001/XMLSchema-instance">
      <con:targetTestCase>4b6edbfd-3e9d-4175-a07e-f08d5518f248</con:targetTestCase>
      <con:properties>
        <con:property>
          <con:name>req_finalStatus</con:name>
          <con:value>${Given properties for the test steps#statusDamagedString}</con:value>
        </con:property>
        <con:property>
          <con:name>req_quantity</con:name>
          <con:value>1</con:value>
        </con:property>
        <con:property>
          <con:name>req_productId</con:name>
          <con:value>${Given properties for the test steps#serializedWithoutRangeProductId}</con:value>
        </con:property>
        <con:property>
          <con:name>req_biId</con:name>
          <con:value>3761</con:value>
        </con:property>
        <con:property>
          <con:name>res_code</con:name>
          <con:value>201</con:value>
        </con:property>
        <con:property>
          <con:name>res_itemId</con:name>
          <con:value>1012</con:value>
        </con:property>
        <con:property>
          <con:name>res_newProductId</con:name>
          <con:value>141</con:value>
        </con:property>
        <con:property>
          <con:name>res_errorMessage</con:name>
          <con:value xsi:nil="true"/>
        </con:property>
        <con:property>
          <con:name>req_serialNumber</con:name>
        </con:property>
      </con:properties>
      <con:returnProperties>
        <con:entry>res_code</con:entry>
        <con:entry>res_errorMessage</con:entry>
        <con:entry>res_itemId</con:entry>
        <con:entry>res_newProductId</con:entry>
      </con:returnProperties>
      <con:runMode>PARALLELL</con:runMode>
    </con:config>
  </con:testStep>
  <con:testStep type="assertionteststep" name="Assert bi item is added successfully" id="e4ad7e00-a4cc-48e2-a08e-74073b5ddb42">
    <con:settings/>
    <con:config xsi:type="con:AssertionTestStep" xmlns:xsi="http://www.w3.org/2001/XMLSchema-instance">
      <con:entry>
        <con:id>870c95d6-46b2-44d7-9c6e-94c3ce9f75bc</con:id>
        <con:isGroup>false</con:isGroup>
        <con:sourceId>f8a09217-b532-4965-9171-26ff483155b3</con:sourceId>
        <con:propertyName>res_code</con:propertyName>
        <con:assertion type="Simple Equals" name="Equals" id="a0b2d344-833a-4cb0-93e2-36723b94753b">
          <con:configuration>
            <patternObjectId>c15a2ec4-678d-450c-a0ab-228fb6be9338</patternObjectId>
            <patternProperty>httpCode201</patternProperty>
            <caseSensitive>true</caseSensitive>
          </con:configuration>
        </con:assertion>
      </con:entry>
      <con:entry>
        <con:id>7601b4b8-51d8-4dc7-9f15-1da288c0f21f</con:id>
        <con:isGroup>false</con:isGroup>
        <con:sourceId>f8a09217-b532-4965-9171-26ff483155b3</con:sourceId>
        <con:propertyName>res_itemId</con:propertyName>
        <con:assertion type="Simple Contains" name="Contains" id="68b0fc3d-9e00-4db9-8930-1db2aa98853d">
          <con:configuration>
            <token>\d+</token>
            <ignoreCase>false</ignoreCase>
            <useRegEx>true</useRegEx>
          </con:configuration>
        </con:assertion>
      </con:entry>
    </con:config>
  </con:testStep>
  <con:testStep type="datagen" name="DataGen for quantity values" id="7c5215ba-d165-4ded-bc70-5731b26f14b6">
    <con:settings/>
    <con:config xsi:type="con:DataGeneratorStep" xmlns:xsi="http://www.w3.org/2001/XMLSchema-instance">
      <con:property type="Script">
        <con:configuration>
          <script>def totalQuantity = context.expand( '${DataSource for add product status change item#totalQuantity}' )

return totalQuantity.toInteger();</script>
        </con:configuration>
        <con:name>totalQuantityAfterAdd</con:name>
        <con:mode>STEP</con:mode>
        <con:shared>false</con:shared>
      </con:property>
      <con:property type="Script">
        <con:configuration>
          <script>def availableQuantity = context.expand( '${DataSource for add product status change item#availableQuantity}' )

return availableQuantity.toInteger();</script>
        </con:configuration>
        <con:name>availableQuantityAfterAdd</con:name>
        <con:mode>STEP</con:mode>
        <con:shared>false</con:shared>
      </con:property>
      <con:property type="Script">
        <con:configuration>
          <script>def reservedQuantity = context.expand( '${DataSource for add product status change item#reservedQuantity}' )

return reservedQuantity.toInteger();</script>
        </con:configuration>
        <con:name>reservedQuantityAfterAdd</con:name>
        <con:mode>STEP</con:mode>
        <con:shared>false</con:shared>
      </con:property>
      <con:property type="Script">
        <con:configuration>
          <script>def productType = context.expand( '${DataSource for add product status change item#productType}' )
def res_newProductId = context.expand( '${Add item for product status change#res_newProductId}' )

testRunner.testCase.testSteps['Dynamic new product ids'].setPropertyValue("new"+ productType, res_newProductId);</script>
        </con:configuration>
        <con:name>newProductId</con:name>
        <con:mode>STEP</con:mode>
        <con:shared>false</con:shared>
      </con:property>
    </con:config>
  </con:testStep>
  <con:testStep type="properties" name="Dynamic new product ids" id="9df8f220-c86f-4317-b368-0251840c14fa">
    <con:settings/>
    <con:config xsi:type="con:PropertiesStep" saveFirst="true" xmlns:xsi="http://www.w3.org/2001/XMLSchema-instance">
      <con:properties>
        <con:property>
          <con:name>newNonSerializedProductId</con:name>
          <con:value>143</con:value>
        </con:property>
        <con:property>
          <con:name>newSerializedProductId</con:name>
          <con:value>140</con:value>
        </con:property>
        <con:property>
          <con:name>newSerializedWithoutRangeProductId</con:name>
          <con:value>141</con:value>
        </con:property>
      </con:properties>
    </con:config>
  </con:testStep>
  <con:testStep type="transfer" name="P.T for stock level and lock controls after add" id="194a9f74-5b99-402f-8d26-02a99e6381bc">
    <con:settings/>
    <con:config xsi:type="con:PropertyTransfersStep" xmlns:xsi="http://www.w3.org/2001/XMLSchema-instance">
      <con:transfers setNullOnMissingSource="true" transferTextContent="true" failOnError="true" ignoreEmpty="false" transferToAll="false" entitize="false" transferChildNodes="false">
        <con:name>productSpecExtId</con:name>
        <con:sourceType>productSpecExtId</con:sourceType>
        <con:sourceStep>DataSource for add product status change item</con:sourceStep>
        <con:sourcePath/>
        <con:targetType>req_productSpecificationExternalId</con:targetType>
        <con:targetStep>Display product stock level after add</con:targetStep>
        <con:targetPath/>
        <con:upgraded>true</con:upgraded>
      </con:transfers>
      <con:transfers setNullOnMissingSource="true" transferTextContent="true" failOnError="true" ignoreEmpty="false" transferToAll="false" entitize="false" transferChildNodes="false">
        <con:name>placeId</con:name>
        <con:sourceType>placeId</con:sourceType>
        <con:sourceStep>Given properties for the test steps</con:sourceStep>
        <con:targetType>req_placeId</con:targetType>
        <con:targetStep>Display product stock level after add</con:targetStep>
        <con:upgraded>true</con:upgraded>
      </con:transfers>
      <con:transfers setNullOnMissingSource="true" transferTextContent="true" failOnError="true" ignoreEmpty="false" transferToAll="false" entitize="false" transferChildNodes="false">
        <con:name>productStatus</con:name>
        <con:sourceType>statusSellableInteger</con:sourceType>
        <con:sourceStep>Given properties for the test steps</con:sourceStep>
        <con:targetType>req_productStatus</con:targetType>
        <con:targetStep>Display product stock level after add</con:targetStep>
        <con:upgraded>true</con:upgraded>
      </con:transfers>
      <con:transfers setNullOnMissingSource="true" transferTextContent="true" failOnError="true" ignoreEmpty="false" transferToAll="false" entitize="false" transferChildNodes="false">
        <con:name>newProductId</con:name>
        <con:sourceType>res_newProductId</con:sourceType>
        <con:sourceStep>Add item for product status change</con:sourceStep>
        <con:targetType>req_productId</con:targetType>
        <con:targetStep>Display product for lock after add</con:targetStep>
        <con:upgraded>true</con:upgraded>
      </con:transfers>
    </con:config>
  </con:testStep>
  <con:testStep type="calltestcase" name="Display product stock level after add" id="29028953-f1a9-463b-ba3e-4e03214dc19a">
    <con:settings/>
    <con:config xsi:type="con:RunTestCaseStep" xmlns:xsi="http://www.w3.org/2001/XMLSchema-instance">
      <con:targetTestCase>ae70f14b-9b62-4330-9f1f-32535bcddc8b</con:targetTestCase>
      <con:properties>
        <con:property>
          <con:name>req_placeId</con:name>
          <con:value>52</con:value>
        </con:property>
        <con:property>
          <con:name>req_productSpecCode</con:name>
        </con:property>
        <con:property>
          <con:name>req_productSpecArticle</con:name>
        </con:property>
        <con:property>
          <con:name>req_productStatus</con:name>
          <con:value>1</con:value>
        </con:property>
        <con:property>
          <con:name>req_includeLocked</con:name>
        </con:property>
        <con:property>
          <con:name>req_productSpecificationExternalId</con:name>
          <con:value>${Given properties for the test steps#SerializedWithoutRangeProductSpecExtId}</con:value>
        </con:property>
        <con:property>
          <con:name>res_placeId</con:name>
          <con:value>52</con:value>
        </con:property>
        <con:property>
          <con:name>res_productSpecificationId</con:name>
          <con:value>2</con:value>
        </con:property>
        <con:property>
          <con:name>res_productSpecificationExternalId</con:name>
          <con:value>EXT-GALAXYNOTE4-1</con:value>
        </con:property>
        <con:property>
          <con:name>res_quantity</con:name>
          <con:value>0</con:value>
        </con:property>
        <con:property>
          <con:name>res_salesOrganizationId</con:name>
          <con:value>99</con:value>
        </con:property>
        <con:property>
          <con:name>res_totalQuantity</con:name>
          <con:value>1</con:value>
        </con:property>
        <con:property>
          <con:name>res_reservedQuantity</con:name>
          <con:value>1</con:value>
        </con:property>
        <con:property>
          <con:name>req_productId</con:name>
        </con:property>
        <con:property>
          <con:name>res_code</con:name>
        </con:property>
        <con:property>
          <con:name>req_productSerialNumber</con:name>
        </con:property>
        <con:property>
          <con:name>req_productSerialText</con:name>
        </con:property>
        <con:property>
          <con:name>req_productSpecificationId</con:name>
        </con:property>
        <con:property>
          <con:name>req_parentSerialNumberText</con:name>
        </con:property>
        <con:property>
          <con:name>req_batchId</con:name>
        </con:property>
        <con:property>
          <con:name>req_country</con:name>
        </con:property>
        <con:property>
          <con:name>req_state</con:name>
        </con:property>
        <con:property>
          <con:name>req_city</con:name>
        </con:property>
        <con:property>
          <con:name>req_regionId</con:name>
        </con:property>
        <con:property>
          <con:name>res_fullResponse</con:name>
        </con:property>
        <con:property>
          <con:name>res_errorMessage</con:name>
        </con:property>
      </con:properties>
      <con:returnProperties>
        <con:entry>res_placeId</con:entry>
        <con:entry>res_productSpecificationId</con:entry>
        <con:entry>res_productSpecificationExternalId</con:entry>
        <con:entry>res_quantity</con:entry>
        <con:entry>res_salesOrganizationId</con:entry>
        <con:entry>res_totalQuantity</con:entry>
        <con:entry>res_reservedQuantity</con:entry>
      </con:returnProperties>
      <con:runMode>PARALLELL</con:runMode>
    </con:config>
  </con:testStep>
  <con:testStep type="calltestcase" name="Display product for lock after add" id="ebbf67f9-ecf2-4dd5-835a-8acf1b48f3c4">
    <con:settings/>
    <con:config xsi:type="con:RunTestCaseStep" xmlns:xsi="http://www.w3.org/2001/XMLSchema-instance">
      <con:targetTestCase>102e2d7b-c4cf-4f53-b777-f08cad671a15</con:targetTestCase>
      <con:properties>
        <con:property>
          <con:name>req_productId</con:name>
          <con:value>141</con:value>
        </con:property>
        <con:property>
          <con:name>res_lockedByBiId</con:name>
          <con:value>3761</con:value>
        </con:property>
        <con:property>
          <con:name>res_id</con:name>
          <con:value>141</con:value>
        </con:property>
        <con:property>
          <con:name>res_code</con:name>
          <con:value>200</con:value>
        </con:property>
        <con:property>
          <con:name>res_lockedByBiItemId</con:name>
          <con:value>1012</con:value>
        </con:property>
        <con:property>
          <con:name>req_prodSpecExtId</con:name>
        </con:property>
        <con:property>
          <con:name>res_startSerialNumber</con:name>
        </con:property>
        <con:property>
          <con:name>res_endSerialNumber</con:name>
        </con:property>
        <con:property>
          <con:name>res_quantity</con:name>
        </con:property>
      </con:properties>
      <con:returnProperties>
        <con:entry>res_id</con:entry>
        <con:entry>res_code</con:entry>
        <con:entry>res_lockedByBiId</con:entry>
        <con:entry>res_lockedByBiItemId</con:entry>
      </con:returnProperties>
      <con:runMode>PARALLELL</con:runMode>
    </con:config>
  </con:testStep>
  <con:testStep type="assertionteststep" name="Assert for level and lock controls" id="74249c85-1676-4403-aed0-1630ce80000e">
    <con:settings/>
    <con:config xsi:type="con:AssertionTestStep" xmlns:xsi="http://www.w3.org/2001/XMLSchema-instance">
      <con:entry>
        <con:id>77759d82-cca6-4436-aab6-fd44b240a79f</con:id>
        <con:isGroup>false</con:isGroup>
        <con:sourceId>29028953-f1a9-463b-ba3e-4e03214dc19a</con:sourceId>
        <con:propertyName>res_quantity</con:propertyName>
        <con:assertion type="Simple Equals" name="Equals available" id="4aa6a22d-c638-4541-b347-2dd2d81aa12b">
          <con:configuration>
            <patternObjectId>7c5215ba-d165-4ded-bc70-5731b26f14b6</patternObjectId>
            <patternProperty>availableQuantityAfterAdd</patternProperty>
            <caseSensitive>true</caseSensitive>
          </con:configuration>
        </con:assertion>
      </con:entry>
      <con:entry>
        <con:id>2e0d6d54-0283-4b0f-a674-084e2402e184</con:id>
        <con:isGroup>false</con:isGroup>
        <con:sourceId>29028953-f1a9-463b-ba3e-4e03214dc19a</con:sourceId>
        <con:propertyName>res_totalQuantity</con:propertyName>
        <con:assertion type="Simple Equals" name="Equals total" id="e6efb72a-c5dc-40b6-ab50-24b4ce55dbdd">
          <con:configuration>
            <patternObjectId>7c5215ba-d165-4ded-bc70-5731b26f14b6</patternObjectId>
            <patternProperty>totalQuantityAfterAdd</patternProperty>
            <caseSensitive>true</caseSensitive>
          </con:configuration>
        </con:assertion>
      </con:entry>
      <con:entry>
        <con:id>3d657b92-2da0-41cb-88e3-42513fa6512a</con:id>
        <con:isGroup>false</con:isGroup>
        <con:sourceId>29028953-f1a9-463b-ba3e-4e03214dc19a</con:sourceId>
        <con:propertyName>res_reservedQuantity</con:propertyName>
        <con:assertion type="Simple Equals" name="Equals reserrved" id="ca1b38e9-5d8d-4d0f-948d-1a39f94f9f2c">
          <con:configuration>
            <patternObjectId>7c5215ba-d165-4ded-bc70-5731b26f14b6</patternObjectId>
            <patternProperty>reservedQuantityAfterAdd</patternProperty>
            <caseSensitive>true</caseSensitive>
          </con:configuration>
        </con:assertion>
      </con:entry>
      <con:entry>
        <con:id>7405d688-c846-417d-9f86-ec92abffff66</con:id>
        <con:isGroup>false</con:isGroup>
        <con:sourceId>ebbf67f9-ecf2-4dd5-835a-8acf1b48f3c4</con:sourceId>
        <con:propertyName>res_lockedByBiId</con:propertyName>
        <con:assertion type="Simple Equals" name="Equals bi id" id="7384348c-1821-4d23-a9ea-84704ef0316b">
          <con:configuration>
            <patternObjectId>f8a09217-b532-4965-9171-26ff483155b3</patternObjectId>
            <patternProperty>req_biId</patternProperty>
            <caseSensitive>true</caseSensitive>
          </con:configuration>
        </con:assertion>
      </con:entry>
      <con:entry>
        <con:id>952870c0-740f-4d58-b9de-c20c174bd6b7</con:id>
        <con:isGroup>false</con:isGroup>
        <con:sourceId>ebbf67f9-ecf2-4dd5-835a-8acf1b48f3c4</con:sourceId>
        <con:propertyName>res_lockedByBiItemId</con:propertyName>
        <con:assertion type="Simple Equals" name="Equals bi item id" id="9a3e4522-fdb1-469c-ad22-958a04360be5">
          <con:configuration>
            <patternObjectId>f8a09217-b532-4965-9171-26ff483155b3</patternObjectId>
            <patternProperty>res_itemId</patternProperty>
            <caseSensitive>true</caseSensitive>
          </con:configuration>
        </con:assertion>
      </con:entry>
    </con:config>
  </con:testStep>
  <con:testStep type="datasourceloop" name="DataSource Loop for add item" id="2314af47-43ca-487f-991e-070f974fbae6">
    <con:settings/>
    <con:config>
      <dataSourceStep>DataSource for add product status change item</dataSourceStep>
      <targetStep>Set add item for product status change</targetStep>
    </con:config>
  </con:testStep>
  <con:testStep type="transfer" name="P.T for getting all aggregated items" id="05883ce2-ad98-4151-8731-2a0c2c0b3bbe">
    <con:settings/>
    <con:config xsi:type="con:PropertyTransfersStep" xmlns:xsi="http://www.w3.org/2001/XMLSchema-instance">
      <con:transfers setNullOnMissingSource="true" transferTextContent="true" failOnError="true" ignoreEmpty="false" transferToAll="false" entitize="false" transferChildNodes="false">
        <con:name>biId</con:name>
        <con:sourceType>res_biId</con:sourceType>
        <con:sourceStep>Create product status change bi 2</con:sourceStep>
        <con:sourcePath/>
        <con:targetType>req_biId</con:targetType>
        <con:targetStep>Getl All Aggregated PSC Items</con:targetStep>
        <con:targetPath/>
        <con:upgraded>true</con:upgraded>
      </con:transfers>
    </con:config>
  </con:testStep>
  <con:testStep type="calltestcase" name="Getl All Aggregated PSC Items" id="1c8c15ca-c836-4068-a44e-79b929576ac2">
    <con:settings/>
    <con:config xsi:type="con:RunTestCaseStep" xmlns:xsi="http://www.w3.org/2001/XMLSchema-instance">
      <con:targetTestCase>f8f73aac-25a1-4568-b396-34b1b87b0a1c</con:targetTestCase>
      <con:properties>
        <con:property>
          <con:name>req_biId</con:name>
          <con:value>3761</con:value>
        </con:property>
        <con:property>
          <con:name>res_code</con:name>
          <con:value>200</con:value>
        </con:property>
        <con:property>
          <con:name>res_errorMessage</con:name>
          <con:value xsi:nil="true"/>
        </con:property>
        <con:property>
          <con:name>res_fullResponse</con:name>
          <con:value>{"items":[{"finalStatus":2,"productSpecExternalId":"EXT-APPLMOUSE-1","quantity":180,"status":"Sellable","characteristicDescription":"null","id":"1009"},{"finalStatus":3,"productSpecExternalId":"EXT-IPHONE6S-1","quantity":586,"status":"Sellable","characteristicDescription":"null, null, null","id":"1011"},{"finalStatus":2,"productSpecExternalId":"EXT-GALAXYNOTE4-1","quantity":1,"status":"Sellable","characteristicDescription":"null, null, null","id":"1013"}]}</con:value>
        </con:property>
        <con:property>
          <con:name>res_firstItemId</con:name>
          <con:value>1009</con:value>
        </con:property>
        <con:property>
          <con:name>res_secondItemId</con:name>
          <con:value>1011</con:value>
        </con:property>
        <con:property>
          <con:name>res_thirdItemId</con:name>
          <con:value>1013</con:value>
        </con:property>
      </con:properties>
      <con:returnProperties>
        <con:entry>res_code</con:entry>
        <con:entry>res_errorMessage</con:entry>
        <con:entry>res_fullResponse</con:entry>
        <con:entry>res_firstItemId</con:entry>
        <con:entry>res_secondItemId</con:entry>
        <con:entry>res_thirdItemId</con:entry>
      </con:returnProperties>
      <con:runMode>PARALLELL</con:runMode>
    </con:config>
  </con:testStep>
  <con:testStep type="assertionteststep" name="Assertion for getting all aggregated items" id="143d0766-738f-4bf6-848f-966ad873b786">
    <con:settings/>
    <con:config xsi:type="con:AssertionTestStep" xmlns:xsi="http://www.w3.org/2001/XMLSchema-instance">
      <con:entry>
        <con:id>77891b15-feab-4ea7-a5c4-5f326219e43f</con:id>
        <con:isGroup>false</con:isGroup>
        <con:sourceId>1c8c15ca-c836-4068-a44e-79b929576ac2</con:sourceId>
        <con:propertyName>res_code</con:propertyName>
        <con:assertion type="Simple Equals" name="Equals" id="8d603b43-e213-4845-9614-c498fdd6bb7b">
          <con:configuration>
            <patternObjectId>c15a2ec4-678d-450c-a0ab-228fb6be9338</patternObjectId>
            <patternProperty>httpCode200</patternProperty>
            <caseSensitive>true</caseSensitive>
          </con:configuration>
        </con:assertion>
      </con:entry>
      <con:entry>
        <con:id>237395d4-48a1-4247-96dd-ebd7a1962ec3</con:id>
        <con:isGroup>false</con:isGroup>
        <con:sourceId>1c8c15ca-c836-4068-a44e-79b929576ac2</con:sourceId>
        <con:propertyName>res_firstItemId</con:propertyName>
        <con:assertion type="Simple Contains" name="firstItem" id="ca9e824a-4491-4d19-a1e4-b28b42e4d84d">
          <con:configuration>
            <token>\d+</token>
            <ignoreCase>false</ignoreCase>
            <useRegEx>true</useRegEx>
          </con:configuration>
        </con:assertion>
      </con:entry>
      <con:entry>
        <con:id>f0ea1934-920d-4d48-8225-ba534e268a8b</con:id>
        <con:isGroup>false</con:isGroup>
        <con:sourceId>1c8c15ca-c836-4068-a44e-79b929576ac2</con:sourceId>
        <con:propertyName>res_secondItemId</con:propertyName>
        <con:assertion type="Simple Contains" name="secondItem" id="76d89b03-ddec-4e2e-9a0a-3949bfa4175c">
          <con:configuration>
            <token>\d+</token>
            <ignoreCase>false</ignoreCase>
            <useRegEx>true</useRegEx>
          </con:configuration>
        </con:assertion>
      </con:entry>
      <con:entry>
        <con:id>41da5ace-917a-4520-958c-6861a415c9b8</con:id>
        <con:isGroup>false</con:isGroup>
        <con:sourceId>1c8c15ca-c836-4068-a44e-79b929576ac2</con:sourceId>
        <con:propertyName>res_thirdItemId</con:propertyName>
        <con:assertion type="Simple Contains" name="thirdItem" id="d499c833-1ba7-4d33-b607-3074da9c65d8">
          <con:configuration>
            <token>\d+</token>
            <ignoreCase>false</ignoreCase>
            <useRegEx>true</useRegEx>
          </con:configuration>
        </con:assertion>
      </con:entry>
    </con:config>
  </con:testStep>
  <con:testStep type="transfer" name="P.T for getting Single Serialized Aggregated Item of PSC" id="b6e687ac-e49c-4d66-835e-861864ca48a8">
    <con:settings/>
    <con:config xsi:type="con:PropertyTransfersStep" xmlns:xsi="http://www.w3.org/2001/XMLSchema-instance">
      <con:transfers setNullOnMissingSource="true" transferTextContent="true" failOnError="true" ignoreEmpty="false" transferToAll="false" entitize="false" transferChildNodes="false" disabled="false">
        <con:name>biId</con:name>
        <con:sourceType>res_biId</con:sourceType>
        <con:sourceStep>Create product status change bi 2</con:sourceStep>
        <con:sourcePath/>
        <con:targetType>req_biId</con:targetType>
        <con:targetStep>Get First Aggregated Item of PSC</con:targetStep>
        <con:targetPath/>
        <con:upgraded>true</con:upgraded>
      </con:transfers>
      <con:transfers setNullOnMissingSource="true" transferTextContent="true" failOnError="true" ignoreEmpty="false" transferToAll="false" entitize="false" transferChildNodes="false">
        <con:name>aggregatedItemId</con:name>
        <con:sourceType>res_firstItemId</con:sourceType>
        <con:sourceStep>Getl All Aggregated PSC Items</con:sourceStep>
        <con:targetType>req_aggregatedItemId</con:targetType>
        <con:targetStep>Get First Aggregated Item of PSC</con:targetStep>
        <con:upgraded>true</con:upgraded>
      </con:transfers>
      <con:transfers setNullOnMissingSource="true" transferTextContent="true" failOnError="true" ignoreEmpty="false" transferToAll="false" entitize="false" transferChildNodes="false">
        <con:name>biId2</con:name>
        <con:sourceType>res_biId</con:sourceType>
        <con:sourceStep>Create product status change bi 2</con:sourceStep>
        <con:targetType>req_biId</con:targetType>
        <con:targetStep>Get Second Aggregated Item of PSC</con:targetStep>
        <con:upgraded>true</con:upgraded>
      </con:transfers>
      <con:transfers setNullOnMissingSource="true" transferTextContent="true" failOnError="true" disabled="false" entitize="false" ignoreEmpty="false" transferChildNodes="false" transferToAll="false" useXQuery="false">
        <con:name>aggregatedItemId2</con:name>
        <con:sourceType>res_secondItemId</con:sourceType>
        <con:sourceStep>Getl All Aggregated PSC Items</con:sourceStep>
        <con:sourcePath xsi:nil="true"/>
        <con:targetType>req_aggregatedItemId</con:targetType>
        <con:targetStep>Get Second Aggregated Item of PSC</con:targetStep>
        <con:targetPath xsi:nil="true"/>
        <con:type>XPATH</con:type>
        <con:targetTransferType>XPATH</con:targetTransferType>
        <con:upgraded>true</con:upgraded>
      </con:transfers>
      <con:transfers setNullOnMissingSource="true" transferTextContent="true" failOnError="true" disabled="false" entitize="false" ignoreEmpty="false" transferChildNodes="false" transferToAll="false" useXQuery="false">
        <con:name>biId3</con:name>
        <con:sourceType>res_biId</con:sourceType>
        <con:sourceStep>Create product status change bi 2</con:sourceStep>
        <con:sourcePath xsi:nil="true"/>
        <con:targetType>req_biId</con:targetType>
        <con:targetStep>Get Third Aggregated Item of PSC</con:targetStep>
        <con:targetPath xsi:nil="true"/>
        <con:type>XPATH</con:type>
        <con:targetTransferType>XPATH</con:targetTransferType>
        <con:upgraded>true</con:upgraded>
      </con:transfers>
      <con:transfers setNullOnMissingSource="true" transferTextContent="true" failOnError="true" disabled="false" entitize="false" ignoreEmpty="false" transferChildNodes="false" transferToAll="false" useXQuery="false">
        <con:name>aggregatedItemId3</con:name>
        <con:sourceType>res_thirdItemId</con:sourceType>
        <con:sourceStep>Getl All Aggregated PSC Items</con:sourceStep>
        <con:sourcePath xsi:nil="true"/>
        <con:targetType>req_aggregatedItemId</con:targetType>
        <con:targetStep>Get Third Aggregated Item of PSC</con:targetStep>
        <con:targetPath xsi:nil="true"/>
        <con:type>XPATH</con:type>
        <con:targetTransferType>XPATH</con:targetTransferType>
        <con:upgraded>true</con:upgraded>
      </con:transfers>
    </con:config>
  </con:testStep>
  <con:testStep type="calltestcase" name="Get First Aggregated Item of PSC" id="ee22e9ac-caf4-44ce-babc-a3d9138fd183">
    <con:settings/>
    <con:config xsi:type="con:RunTestCaseStep" xmlns:xsi="http://www.w3.org/2001/XMLSchema-instance">
      <con:targetTestCase>31d696a4-5e57-4592-a137-5d5a3d7f22ca</con:targetTestCase>
      <con:properties>
        <con:property>
          <con:name>req_biId</con:name>
          <con:value>3761</con:value>
        </con:property>
        <con:property>
          <con:name>req_aggregatedItemId</con:name>
          <con:value>1009</con:value>
        </con:property>
        <con:property>
          <con:name>res_code</con:name>
          <con:value>200</con:value>
        </con:property>
        <con:property>
          <con:name>res_errorMessage</con:name>
          <con:value xsi:nil="true"/>
        </con:property>
        <con:property>
          <con:name>res_requestedQuantity</con:name>
          <con:value xsi:nil="true"/>
        </con:property>
        <con:property>
          <con:name>res_actualQuantity</con:name>
          <con:value>180</con:value>
        </con:property>
        <con:property>
          <con:name>res_productSpecExternalId</con:name>
          <con:value>EXT-APPLMOUSE-1</con:value>
        </con:property>
        <con:property>
          <con:name>res_status</con:name>
          <con:value>Sellable</con:value>
        </con:property>
        <con:property>
          <con:name>res_characteristicDescription</con:name>
          <con:value>null</con:value>
        </con:property>
        <con:property>
          <con:name>res_finalStatus</con:name>
          <con:value>2</con:value>
        </con:property>
      </con:properties>
      <con:returnProperties>
        <con:entry>res_code</con:entry>
        <con:entry>res_errorMessage</con:entry>
        <con:entry>res_requestedQuantity</con:entry>
        <con:entry>res_actualQuantity</con:entry>
        <con:entry>res_finalStatus</con:entry>
        <con:entry>res_productSpecExternalId</con:entry>
        <con:entry>res_status</con:entry>
        <con:entry>res_characteristicDescription</con:entry>
      </con:returnProperties>
      <con:runMode>PARALLELL</con:runMode>
    </con:config>
  </con:testStep>
  <con:testStep type="calltestcase" name="Get Second Aggregated Item of PSC" id="b13c550a-384e-4f85-9aca-1c8b58c71873">
    <con:settings/>
    <con:config xsi:type="con:RunTestCaseStep" xmlns:xsi="http://www.w3.org/2001/XMLSchema-instance">
      <con:targetTestCase>31d696a4-5e57-4592-a137-5d5a3d7f22ca</con:targetTestCase>
      <con:properties>
        <con:property>
          <con:name>req_biId</con:name>
          <con:value>3761</con:value>
        </con:property>
        <con:property>
          <con:name>req_aggregatedItemId</con:name>
          <con:value>1011</con:value>
        </con:property>
        <con:property>
          <con:name>res_code</con:name>
          <con:value>200</con:value>
        </con:property>
        <con:property>
          <con:name>res_errorMessage</con:name>
          <con:value xsi:nil="true"/>
        </con:property>
        <con:property>
          <con:name>res_requestedQuantity</con:name>
          <con:value xsi:nil="true"/>
        </con:property>
        <con:property>
          <con:name>res_actualQuantity</con:name>
          <con:value>586</con:value>
        </con:property>
        <con:property>
          <con:name>res_productSpecExternalId</con:name>
          <con:value>EXT-IPHONE6S-1</con:value>
        </con:property>
        <con:property>
          <con:name>res_status</con:name>
          <con:value>Sellable</con:value>
        </con:property>
        <con:property>
          <con:name>res_characteristicDescription</con:name>
          <con:value>null, null, null</con:value>
        </con:property>
        <con:property>
          <con:name>res_finalStatus</con:name>
          <con:value>3</con:value>
        </con:property>
      </con:properties>
      <con:returnProperties>
        <con:entry>res_code</con:entry>
        <con:entry>res_errorMessage</con:entry>
        <con:entry>res_requestedQuantity</con:entry>
        <con:entry>res_actualQuantity</con:entry>
        <con:entry>res_finalStatus</con:entry>
        <con:entry>res_productSpecExternalId</con:entry>
        <con:entry>res_status</con:entry>
        <con:entry>res_characteristicDescription</con:entry>
      </con:returnProperties>
      <con:runMode>PARALLELL</con:runMode>
    </con:config>
  </con:testStep>
  <con:testStep type="calltestcase" name="Get Third Aggregated Item of PSC" id="31610cd7-c1fb-4133-a0f3-83244e6c8d42">
    <con:settings/>
    <con:config xsi:type="con:RunTestCaseStep" xmlns:xsi="http://www.w3.org/2001/XMLSchema-instance">
      <con:targetTestCase>31d696a4-5e57-4592-a137-5d5a3d7f22ca</con:targetTestCase>
      <con:properties>
        <con:property>
          <con:name>req_biId</con:name>
          <con:value>3761</con:value>
        </con:property>
        <con:property>
          <con:name>req_aggregatedItemId</con:name>
          <con:value>1013</con:value>
        </con:property>
        <con:property>
          <con:name>res_code</con:name>
          <con:value>200</con:value>
        </con:property>
        <con:property>
          <con:name>res_errorMessage</con:name>
          <con:value xsi:nil="true"/>
        </con:property>
        <con:property>
          <con:name>res_requestedQuantity</con:name>
          <con:value xsi:nil="true"/>
        </con:property>
        <con:property>
          <con:name>res_actualQuantity</con:name>
          <con:value>1</con:value>
        </con:property>
        <con:property>
          <con:name>res_productSpecExternalId</con:name>
          <con:value>EXT-GALAXYNOTE4-1</con:value>
        </con:property>
        <con:property>
          <con:name>res_status</con:name>
          <con:value>Sellable</con:value>
        </con:property>
        <con:property>
          <con:name>res_characteristicDescription</con:name>
          <con:value>null, null, null</con:value>
        </con:property>
        <con:property>
          <con:name>res_finalStatus</con:name>
          <con:value>2</con:value>
        </con:property>
      </con:properties>
      <con:returnProperties>
        <con:entry>res_code</con:entry>
        <con:entry>res_errorMessage</con:entry>
        <con:entry>res_requestedQuantity</con:entry>
        <con:entry>res_actualQuantity</con:entry>
        <con:entry>res_finalStatus</con:entry>
        <con:entry>res_productSpecExternalId</con:entry>
        <con:entry>res_status</con:entry>
        <con:entry>res_characteristicDescription</con:entry>
      </con:returnProperties>
      <con:runMode>PARALLELL</con:runMode>
    </con:config>
  </con:testStep>
  <con:testStep type="assertionteststep" name="Assertion for getting Single Serialized Aggregated Item of PSC" id="c5301414-44fd-4d8d-a031-947cb77c29c0">
    <con:settings/>
    <con:config xsi:type="con:AssertionTestStep" xmlns:xsi="http://www.w3.org/2001/XMLSchema-instance">
      <con:entry>
        <con:id>9770e74f-1673-45b0-bbfd-7573fb531774</con:id>
        <con:isGroup>false</con:isGroup>
        <con:sourceId>ee22e9ac-caf4-44ce-babc-a3d9138fd183</con:sourceId>
        <con:propertyName>res_code</con:propertyName>
        <con:assertion type="Simple Equals" name="rescode 1" id="b4127e58-37b1-4600-906b-3c48ad69855b">
          <con:configuration>
            <patternObjectId>c15a2ec4-678d-450c-a0ab-228fb6be9338</patternObjectId>
            <patternProperty>httpCode200</patternProperty>
            <caseSensitive>true</caseSensitive>
          </con:configuration>
        </con:assertion>
      </con:entry>
      <con:entry>
        <con:id>b3fc5737-683f-40ba-a821-3e05f6dab05b</con:id>
        <con:isGroup>false</con:isGroup>
        <con:sourceId>b13c550a-384e-4f85-9aca-1c8b58c71873</con:sourceId>
        <con:propertyName>res_code</con:propertyName>
        <con:assertion type="Simple Equals" name="res code 2" id="a8164e4c-30c7-4366-b52e-327a45cdef25">
          <con:configuration>
            <patternObjectId>c15a2ec4-678d-450c-a0ab-228fb6be9338</patternObjectId>
            <patternProperty>httpCode200</patternProperty>
            <caseSensitive>true</caseSensitive>
          </con:configuration>
        </con:assertion>
      </con:entry>
      <con:entry>
        <con:id>1cf02fd7-929e-4593-9f56-12e11a3f8f5b</con:id>
        <con:isGroup>false</con:isGroup>
        <con:sourceId>31610cd7-c1fb-4133-a0f3-83244e6c8d42</con:sourceId>
        <con:propertyName>res_code</con:propertyName>
        <con:assertion type="Simple Equals" name="res code 3" id="81895782-b956-435e-9230-a16f9546356a">
          <con:configuration>
            <patternObjectId>c15a2ec4-678d-450c-a0ab-228fb6be9338</patternObjectId>
            <patternProperty>httpCode200</patternProperty>
            <caseSensitive>true</caseSensitive>
          </con:configuration>
        </con:assertion>
      </con:entry>
      <con:entry>
        <con:id>8f55ae5f-10ca-4d33-8c4d-1cf48bdc8489</con:id>
        <con:isGroup>false</con:isGroup>
        <con:sourceId>ee22e9ac-caf4-44ce-babc-a3d9138fd183</con:sourceId>
        <con:propertyName>res_actualQuantity</con:propertyName>
        <con:assertion type="Simple Contains" name="actual q 1" id="0fbc9edc-320f-4f99-bf6b-64b76db0e539">
          <con:configuration>
            <token>\d+</token>
            <ignoreCase>false</ignoreCase>
            <useRegEx>true</useRegEx>
          </con:configuration>
        </con:assertion>
      </con:entry>
      <con:entry>
        <con:id>97ee9ba5-c3bc-4264-ae23-7811bf0d2a0e</con:id>
        <con:isGroup>false</con:isGroup>
        <con:sourceId>b13c550a-384e-4f85-9aca-1c8b58c71873</con:sourceId>
        <con:propertyName>res_actualQuantity</con:propertyName>
        <con:assertion type="Simple Contains" name="actual q 2" id="7da17f83-059d-4a83-af63-bf3377a440a5">
          <con:configuration>
            <token>\d+</token>
            <ignoreCase>false</ignoreCase>
            <useRegEx>true</useRegEx>
          </con:configuration>
        </con:assertion>
      </con:entry>
      <con:entry>
        <con:id>987e280f-4145-4a73-83d0-9b99c150a439</con:id>
        <con:isGroup>false</con:isGroup>
        <con:sourceId>31610cd7-c1fb-4133-a0f3-83244e6c8d42</con:sourceId>
        <con:propertyName>res_actualQuantity</con:propertyName>
        <con:assertion type="Simple Contains" name="actual q 3" id="e90ed2c0-6dd3-4bc4-bc59-d1136a048350">
          <con:configuration>
            <token>\d+</token>
            <ignoreCase>false</ignoreCase>
            <useRegEx>true</useRegEx>
          </con:configuration>
        </con:assertion>
      </con:entry>
      <con:entry>
        <con:id>b9d54eb1-5562-45fb-b5aa-dbdf83f0c1df</con:id>
        <con:isGroup>false</con:isGroup>
        <con:sourceId>ee22e9ac-caf4-44ce-babc-a3d9138fd183</con:sourceId>
        <con:propertyName>res_requestedQuantity</con:propertyName>
        <con:assertion type="Simple Contains" name="requested empty 1" id="d8eabef0-7c63-4406-93e0-c4c0f85a8d9d">
          <con:configuration>
            <token>^\s*$</token>
            <ignoreCase>false</ignoreCase>
            <useRegEx>true</useRegEx>
          </con:configuration>
        </con:assertion>
      </con:entry>
      <con:entry>
        <con:id>93a297bd-95da-429d-8c23-2cdf3e30d37a</con:id>
        <con:isGroup>false</con:isGroup>
        <con:sourceId>b13c550a-384e-4f85-9aca-1c8b58c71873</con:sourceId>
        <con:propertyName>res_requestedQuantity</con:propertyName>
        <con:assertion type="Simple Contains" name="requested empty 2" id="fc701b0d-796a-4d19-82f3-4885a2e2b7e8">
          <con:configuration>
            <token>^\s*$</token>
            <ignoreCase>false</ignoreCase>
            <useRegEx>true</useRegEx>
          </con:configuration>
        </con:assertion>
      </con:entry>
      <con:entry>
        <con:id>6d129f97-1e84-43a5-af1d-852b1aa37fa5</con:id>
        <con:isGroup>false</con:isGroup>
        <con:sourceId>31610cd7-c1fb-4133-a0f3-83244e6c8d42</con:sourceId>
        <con:propertyName>res_requestedQuantity</con:propertyName>
        <con:assertion type="Simple Contains" name="requested empty 3" id="015534c7-9c35-4338-84d4-6c1bb888ff05">
          <con:configuration>
            <token>^\s*$</token>
            <ignoreCase>false</ignoreCase>
            <useRegEx>true</useRegEx>
          </con:configuration>
        </con:assertion>
      </con:entry>
    </con:config>
  </con:testStep>
  <con:testStep type="transfer" name="Set cancel nonexisting product status change bi" id="e33949ef-b456-42f4-8c67-6467d27f7cf1">
    <con:settings/>
    <con:config xsi:type="con:PropertyTransfersStep" xmlns:xsi="http://www.w3.org/2001/XMLSchema-instance">
      <con:transfers setNullOnMissingSource="true" transferTextContent="true" failOnError="true" ignoreEmpty="false" transferToAll="false" entitize="false" transferChildNodes="false">
        <con:name>biId</con:name>
        <con:sourceType>numberZero</con:sourceType>
        <con:sourceStep>Given properties for the test steps</con:sourceStep>
        <con:sourcePath/>
        <con:targetType>req_biId</con:targetType>
        <con:targetStep>Cancel nonexisting product status change bi</con:targetStep>
        <con:targetPath/>
        <con:upgraded>true</con:upgraded>
      </con:transfers>
    </con:config>
  </con:testStep>
  <con:testStep type="calltestcase" name="Cancel nonexisting product status change bi" id="30729e43-8628-4be8-885b-a5e7e41170e9">
    <con:settings/>
    <con:config xsi:type="con:RunTestCaseStep" xmlns:xsi="http://www.w3.org/2001/XMLSchema-instance">
      <con:targetTestCase>67e62d32-794f-4021-911b-d7fa305208e0</con:targetTestCase>
      <con:properties>
        <con:property>
          <con:name>req_biId</con:name>
          <con:value>0</con:value>
        </con:property>
        <con:property>
          <con:name>res_code</con:name>
          <con:value>400</con:value>
        </con:property>
        <con:property>
          <con:name>res_errorMessage</con:name>
          <con:value>BI_WITH_ID_NOT_FOUND</con:value>
        </con:property>
      </con:properties>
      <con:returnProperties>
        <con:entry>res_code</con:entry>
        <con:entry>res_errorMessage</con:entry>
      </con:returnProperties>
      <con:runMode>PARALLELL</con:runMode>
    </con:config>
  </con:testStep>
  <con:testStep type="assertionteststep" name="Assertion cancel nonexisting product status change bi" id="85af19a2-a496-4283-9ad0-18db6002c7e4">
    <con:settings/>
    <con:config xsi:type="con:AssertionTestStep" xmlns:xsi="http://www.w3.org/2001/XMLSchema-instance">
      <con:entry>
        <con:id>8e807cbc-10bb-49ad-b804-de8719754075</con:id>
        <con:isGroup>false</con:isGroup>
        <con:sourceId>30729e43-8628-4be8-885b-a5e7e41170e9</con:sourceId>
        <con:propertyName>res_code</con:propertyName>
        <con:assertion type="Simple Equals" name="Equals" id="926cfdce-62c1-4a4e-9a39-fa0429b91079">
          <con:configuration>
            <patternObjectId>c15a2ec4-678d-450c-a0ab-228fb6be9338</patternObjectId>
            <patternProperty>httpCode400</patternProperty>
            <caseSensitive>true</caseSensitive>
          </con:configuration>
        </con:assertion>
      </con:entry>
      <con:entry>
        <con:id>9e5012e3-7e3e-4dce-b020-f81e6913084a</con:id>
        <con:isGroup>false</con:isGroup>
        <con:sourceId>30729e43-8628-4be8-885b-a5e7e41170e9</con:sourceId>
        <con:propertyName>res_errorMessage</con:propertyName>
        <con:assertion type="Simple Equals" name="Equals error message" id="05ecb81a-f1c7-4cde-99b7-0086e190218e">
          <con:configuration>
            <patternObjectId>c15a2ec4-678d-450c-a0ab-228fb6be9338</patternObjectId>
            <patternProperty>biNotFound</patternProperty>
            <caseSensitive>true</caseSensitive>
          </con:configuration>
        </con:assertion>
      </con:entry>
    </con:config>
  </con:testStep>
  <con:testStep type="transfer" name="Set bi id which has items inside" id="9611f58d-e311-488f-b181-974d04942a06">
    <con:settings/>
    <con:config xsi:type="con:PropertyTransfersStep" xmlns:xsi="http://www.w3.org/2001/XMLSchema-instance">
      <con:transfers setNullOnMissingSource="true" transferTextContent="true" failOnError="true" ignoreEmpty="false" transferToAll="false" entitize="false" transferChildNodes="false">
        <con:name>biId</con:name>
        <con:sourceType>biId</con:sourceType>
        <con:sourceStep>Given properties for the test steps</con:sourceStep>
        <con:sourcePath/>
        <con:targetType>req_biId</con:targetType>
        <con:targetStep>Cancel bi which has items inside</con:targetStep>
        <con:targetPath/>
        <con:upgraded>true</con:upgraded>
      </con:transfers>
    </con:config>
  </con:testStep>
  <con:testStep type="calltestcase" name="Cancel bi which has items inside" id="7b4feae1-ec34-46f0-84f7-87aacec10d7b">
    <con:settings/>
    <con:config xsi:type="con:RunTestCaseStep" xmlns:xsi="http://www.w3.org/2001/XMLSchema-instance">
      <con:targetTestCase>67e62d32-794f-4021-911b-d7fa305208e0</con:targetTestCase>
      <con:properties>
        <con:property>
          <con:name>req_biId</con:name>
          <con:value>3761</con:value>
        </con:property>
        <con:property>
          <con:name>res_code</con:name>
          <con:value>200</con:value>
        </con:property>
        <con:property>
          <con:name>res_errorMessage</con:name>
        </con:property>
      </con:properties>
      <con:returnProperties>
        <con:entry>res_code</con:entry>
      </con:returnProperties>
      <con:runMode>PARALLELL</con:runMode>
    </con:config>
  </con:testStep>
  <con:testStep type="assertionteststep" name="Assert bi is canceled" id="da91bff4-8af2-452b-ae63-a11bd2382113">
    <con:settings/>
    <con:config xsi:type="con:AssertionTestStep" xmlns:xsi="http://www.w3.org/2001/XMLSchema-instance">
      <con:entry>
        <con:id>65647e78-612c-455f-a181-f495b450f63a</con:id>
        <con:isGroup>false</con:isGroup>
        <con:sourceId>7b4feae1-ec34-46f0-84f7-87aacec10d7b</con:sourceId>
        <con:propertyName>res_code</con:propertyName>
        <con:assertion type="Simple Equals" name="Equals" id="af050ec5-3728-4333-8c85-aeb3b71ee114">
          <con:configuration>
            <patternObjectId>c15a2ec4-678d-450c-a0ab-228fb6be9338</patternObjectId>
            <patternProperty>httpCode200</patternProperty>
            <caseSensitive>true</caseSensitive>
          </con:configuration>
        </con:assertion>
      </con:entry>
    </con:config>
  </con:testStep>
  <con:testStep type="transfer" name="Property Transfer for stock level and lock controls after cancel" id="c51976c4-8952-4a90-902e-a6f9eb98b667">
    <con:settings/>
    <con:config xsi:type="con:PropertyTransfersStep" xmlns:xsi="http://www.w3.org/2001/XMLSchema-instance">
      <con:transfers setNullOnMissingSource="true" transferTextContent="true" failOnError="true" ignoreEmpty="false" transferToAll="false" entitize="false" transferChildNodes="false">
        <con:name>productSpecExtId</con:name>
        <con:sourceType>NonSerializedProductSpecExtId</con:sourceType>
        <con:sourceStep>Given properties for the test steps</con:sourceStep>
        <con:sourcePath/>
        <con:targetType>req_productSpecificationExternalId</con:targetType>
        <con:targetStep>Display product stock level after cancel</con:targetStep>
        <con:targetPath/>
        <con:upgraded>true</con:upgraded>
      </con:transfers>
      <con:transfers setNullOnMissingSource="true" transferTextContent="true" failOnError="true" ignoreEmpty="false" transferToAll="false" entitize="false" transferChildNodes="false">
        <con:name>placeId</con:name>
        <con:sourceType>placeId</con:sourceType>
        <con:sourceStep>Given properties for the test steps</con:sourceStep>
        <con:targetType>req_placeId</con:targetType>
        <con:targetStep>Display product stock level after cancel</con:targetStep>
        <con:upgraded>true</con:upgraded>
      </con:transfers>
      <con:transfers setNullOnMissingSource="true" transferTextContent="true" failOnError="true" ignoreEmpty="false" transferToAll="false" entitize="false" transferChildNodes="false">
        <con:name>productStatus</con:name>
        <con:sourceType>statusSellableInteger</con:sourceType>
        <con:sourceStep>Given properties for the test steps</con:sourceStep>
        <con:targetType>req_productStatus</con:targetType>
        <con:targetStep>Display product stock level after cancel</con:targetStep>
        <con:upgraded>true</con:upgraded>
      </con:transfers>
      <con:transfers setNullOnMissingSource="true" transferTextContent="true" failOnError="true" ignoreEmpty="false" transferToAll="false" entitize="false" transferChildNodes="false">
        <con:name>newProductId</con:name>
        <con:sourceType>res_newProductId</con:sourceType>
        <con:sourceStep>Add item for product status change</con:sourceStep>
        <con:targetType>req_productId</con:targetType>
        <con:targetStep>Display product for lock after cancel</con:targetStep>
        <con:upgraded>true</con:upgraded>
      </con:transfers>
    </con:config>
  </con:testStep>
  <con:testStep type="calltestcase" name="Display product stock level after cancel" id="01516591-3394-448d-9efb-94742717daba">
    <con:settings/>
    <con:config xsi:type="con:RunTestCaseStep" xmlns:xsi="http://www.w3.org/2001/XMLSchema-instance">
      <con:targetTestCase>ae70f14b-9b62-4330-9f1f-32535bcddc8b</con:targetTestCase>
      <con:properties>
        <con:property>
          <con:name>req_placeId</con:name>
          <con:value>52</con:value>
        </con:property>
        <con:property>
          <con:name>req_productSpecCode</con:name>
        </con:property>
        <con:property>
          <con:name>req_productSpecArticle</con:name>
        </con:property>
        <con:property>
          <con:name>req_productStatus</con:name>
          <con:value>1</con:value>
        </con:property>
        <con:property>
          <con:name>req_includeLocked</con:name>
        </con:property>
        <con:property>
          <con:name>req_productSpecificationExternalId</con:name>
          <con:value>EXT-APPLMOUSE-1</con:value>
        </con:property>
        <con:property>
          <con:name>res_placeId</con:name>
          <con:value>52</con:value>
        </con:property>
        <con:property>
          <con:name>res_productSpecificationId</con:name>
          <con:value>3</con:value>
        </con:property>
        <con:property>
          <con:name>res_productSpecificationExternalId</con:name>
          <con:value>EXT-APPLMOUSE-1</con:value>
        </con:property>
        <con:property>
          <con:name>res_quantity</con:name>
          <con:value>586</con:value>
        </con:property>
        <con:property>
          <con:name>res_salesOrganizationId</con:name>
          <con:value>99</con:value>
        </con:property>
        <con:property>
          <con:name>res_totalQuantity</con:name>
          <con:value>586</con:value>
        </con:property>
        <con:property>
          <con:name>res_reservedQuantity</con:name>
          <con:value>0</con:value>
        </con:property>
        <con:property>
          <con:name>req_productId</con:name>
        </con:property>
        <con:property>
          <con:name>res_code</con:name>
        </con:property>
        <con:property>
          <con:name>req_productSerialNumber</con:name>
        </con:property>
        <con:property>
          <con:name>req_productSerialText</con:name>
        </con:property>
        <con:property>
          <con:name>req_productSpecificationId</con:name>
        </con:property>
        <con:property>
          <con:name>req_parentSerialNumberText</con:name>
        </con:property>
        <con:property>
          <con:name>req_batchId</con:name>
        </con:property>
        <con:property>
          <con:name>req_country</con:name>
        </con:property>
        <con:property>
          <con:name>req_state</con:name>
        </con:property>
        <con:property>
          <con:name>req_city</con:name>
        </con:property>
        <con:property>
          <con:name>req_regionId</con:name>
        </con:property>
        <con:property>
          <con:name>res_fullResponse</con:name>
        </con:property>
        <con:property>
          <con:name>res_errorMessage</con:name>
        </con:property>
      </con:properties>
      <con:returnProperties>
        <con:entry>res_placeId</con:entry>
        <con:entry>res_productSpecificationId</con:entry>
        <con:entry>res_productSpecificationExternalId</con:entry>
        <con:entry>res_quantity</con:entry>
        <con:entry>res_salesOrganizationId</con:entry>
        <con:entry>res_totalQuantity</con:entry>
        <con:entry>res_reservedQuantity</con:entry>
      </con:returnProperties>
      <con:runMode>PARALLELL</con:runMode>
    </con:config>
  </con:testStep>
  <con:testStep type="calltestcase" name="Display product for lock after cancel" id="fa9a15f4-d06d-4094-aed6-ce72f25adae4">
    <con:settings/>
    <con:config xsi:type="con:RunTestCaseStep" xmlns:xsi="http://www.w3.org/2001/XMLSchema-instance">
      <con:targetTestCase>102e2d7b-c4cf-4f53-b777-f08cad671a15</con:targetTestCase>
      <con:properties>
        <con:property>
          <con:name>req_productId</con:name>
          <con:value>141</con:value>
        </con:property>
        <con:property>
          <con:name>res_lockedByBiId</con:name>
          <con:value xsi:nil="true"/>
        </con:property>
        <con:property>
          <con:name>res_id</con:name>
          <con:value>141</con:value>
        </con:property>
        <con:property>
          <con:name>res_code</con:name>
          <con:value>200</con:value>
        </con:property>
        <con:property>
          <con:name>res_lockedByBiItemId</con:name>
          <con:value xsi:nil="true"/>
        </con:property>
        <con:property>
          <con:name>req_prodSpecExtId</con:name>
        </con:property>
        <con:property>
          <con:name>res_startSerialNumber</con:name>
        </con:property>
        <con:property>
          <con:name>res_endSerialNumber</con:name>
        </con:property>
        <con:property>
          <con:name>res_quantity</con:name>
        </con:property>
      </con:properties>
      <con:returnProperties>
        <con:entry>res_id</con:entry>
        <con:entry>res_code</con:entry>
        <con:entry>res_lockedByBiId</con:entry>
        <con:entry>res_lockedByBiItemId</con:entry>
      </con:returnProperties>
      <con:runMode>PARALLELL</con:runMode>
    </con:config>
  </con:testStep>
  <con:testStep type="assertionteststep" name="Assert for stock level and lock controls after cancel" id="0eb7d142-a4f9-4d77-bb42-5fd3fa5593ca">
    <con:settings/>
    <con:config xsi:type="con:AssertionTestStep" xmlns:xsi="http://www.w3.org/2001/XMLSchema-instance">
      <con:entry>
        <con:id>882b071f-a031-4e04-93e5-f736ecd076a8</con:id>
        <con:isGroup>false</con:isGroup>
        <con:sourceId>01516591-3394-448d-9efb-94742717daba</con:sourceId>
        <con:propertyName>res_totalQuantity</con:propertyName>
        <con:assertion type="Simple Equals" name="Equals total" id="bb79c2aa-114a-4134-9b2c-84f637bca207">
          <con:configuration>
            <patternObjectId>c15a2ec4-678d-450c-a0ab-228fb6be9338</patternObjectId>
            <patternProperty>stockInQuantity</patternProperty>
            <caseSensitive>true</caseSensitive>
          </con:configuration>
        </con:assertion>
      </con:entry>
      <con:entry>
        <con:id>382a37d4-e7e2-4ae4-987c-0af265781fcb</con:id>
        <con:isGroup>false</con:isGroup>
        <con:sourceId>01516591-3394-448d-9efb-94742717daba</con:sourceId>
        <con:propertyName>res_reservedQuantity</con:propertyName>
        <con:assertion type="Simple Equals" name="Equals reserved" id="4d9d968b-5522-4905-9bf7-54f800d4301e">
          <con:configuration>
            <patternObjectId>c15a2ec4-678d-450c-a0ab-228fb6be9338</patternObjectId>
            <patternProperty>quantityZero</patternProperty>
            <caseSensitive>true</caseSensitive>
          </con:configuration>
        </con:assertion>
      </con:entry>
      <con:entry>
        <con:id>39d97da8-f6dc-4407-8119-a21be02060ed</con:id>
        <con:isGroup>false</con:isGroup>
        <con:sourceId>01516591-3394-448d-9efb-94742717daba</con:sourceId>
        <con:propertyName>res_quantity</con:propertyName>
        <con:assertion type="Simple Equals" name="Equals available" id="3645b28f-1bf2-4465-8255-3c2414f055e5">
          <con:configuration>
            <patternObjectId>c15a2ec4-678d-450c-a0ab-228fb6be9338</patternObjectId>
            <patternProperty>stockInQuantity</patternProperty>
            <caseSensitive>true</caseSensitive>
          </con:configuration>
        </con:assertion>
      </con:entry>
      <con:entry>
        <con:id>6e25d3bc-8f39-4d0a-966e-198f50a2690e</con:id>
        <con:isGroup>false</con:isGroup>
        <con:sourceId>fa9a15f4-d06d-4094-aed6-ce72f25adae4</con:sourceId>
        <con:propertyName>res_lockedByBiId</con:propertyName>
        <con:assertion type="Simple Contains" name="Contains bi id lock empty" id="1a93a0d0-f329-4691-9296-09ebbb8ecd2e">
          <con:configuration>
            <token>^\s*$</token>
            <ignoreCase>false</ignoreCase>
            <useRegEx>true</useRegEx>
          </con:configuration>
        </con:assertion>
      </con:entry>
      <con:entry>
        <con:id>90a20e14-f785-4d1e-ba56-51cbdfc06f1e</con:id>
        <con:isGroup>false</con:isGroup>
        <con:sourceId>fa9a15f4-d06d-4094-aed6-ce72f25adae4</con:sourceId>
        <con:propertyName>res_lockedByBiItemId</con:propertyName>
        <con:assertion type="Simple Contains" name="Contains bi item id lock empty" id="4ebfae95-ac8d-41c2-a48d-0caac07a00ee">
          <con:configuration>
            <token>^\s*$</token>
            <ignoreCase>false</ignoreCase>
            <useRegEx>true</useRegEx>
          </con:configuration>
        </con:assertion>
      </con:entry>
    </con:config>
  </con:testStep>
  <con:testStep type="transfer" name="Set display product status change bi" id="cf7f2341-fbdc-4f42-a770-744539a04a32">
    <con:settings/>
    <con:config xsi:type="con:PropertyTransfersStep" xmlns:xsi="http://www.w3.org/2001/XMLSchema-instance">
      <con:transfers setNullOnMissingSource="true" transferTextContent="true" failOnError="true" ignoreEmpty="false" transferToAll="false" entitize="false" transferChildNodes="false">
        <con:name>biId</con:name>
        <con:sourceType>biId</con:sourceType>
        <con:sourceStep>Given properties for the test steps</con:sourceStep>
        <con:sourcePath/>
        <con:targetType>req_biId</con:targetType>
        <con:targetStep>Display product status change bi</con:targetStep>
        <con:targetPath/>
        <con:upgraded>true</con:upgraded>
      </con:transfers>
    </con:config>
  </con:testStep>
  <con:testStep type="calltestcase" name="Display product status change bi" id="ec89bef0-98f9-49e9-ba4f-c25ce1a30e4a">
    <con:settings/>
    <con:config xsi:type="con:RunTestCaseStep" xmlns:xsi="http://www.w3.org/2001/XMLSchema-instance">
      <con:targetTestCase>03180983-f57e-413b-bac5-b991addffe01</con:targetTestCase>
      <con:properties>
        <con:property>
          <con:name>req_biId</con:name>
          <con:value>3761</con:value>
        </con:property>
        <con:property>
          <con:name>res_code</con:name>
          <con:value>200</con:value>
        </con:property>
        <con:property>
          <con:name>res_mainState</con:name>
          <con:value>Closed</con:value>
        </con:property>
        <con:property>
          <con:name>res_state</con:name>
          <con:value>Cancelled</con:value>
        </con:property>
        <con:property>
          <con:name>res_errorMessage</con:name>
        </con:property>
      </con:properties>
      <con:returnProperties>
        <con:entry>res_code</con:entry>
        <con:entry>res_mainState</con:entry>
        <con:entry>res_state</con:entry>
      </con:returnProperties>
      <con:runMode>PARALLELL</con:runMode>
    </con:config>
  </con:testStep>
  <con:testStep type="assertionteststep" name="Assertion display product status change bi" id="c3d9b924-f6c1-438c-9e4f-5ab23370ecf5">
    <con:settings/>
    <con:config xsi:type="con:AssertionTestStep" xmlns:xsi="http://www.w3.org/2001/XMLSchema-instance">
      <con:entry>
        <con:id>f294864b-3c1a-48cc-a9d8-e9fc53049923</con:id>
        <con:isGroup>false</con:isGroup>
        <con:sourceId>ec89bef0-98f9-49e9-ba4f-c25ce1a30e4a</con:sourceId>
        <con:propertyName>res_code</con:propertyName>
        <con:assertion type="Simple Equals" name="Equals" id="e2fc1668-a4ae-4b5f-a326-8a6328b8edf9">
          <con:configuration>
            <patternObjectId>c15a2ec4-678d-450c-a0ab-228fb6be9338</patternObjectId>
            <patternProperty>httpCode200</patternProperty>
            <caseSensitive>true</caseSensitive>
          </con:configuration>
        </con:assertion>
      </con:entry>
      <con:entry>
        <con:id>ef5cbf24-9bcf-44b5-8d05-d2970c8953da</con:id>
        <con:isGroup>false</con:isGroup>
        <con:sourceId>ec89bef0-98f9-49e9-ba4f-c25ce1a30e4a</con:sourceId>
        <con:propertyName>res_mainState</con:propertyName>
        <con:assertion type="Simple Equals" name="Equals main state" id="6a46ae63-1f29-47d1-bbdf-6a229f37ec82">
          <con:configuration>
            <patternObjectId>c15a2ec4-678d-450c-a0ab-228fb6be9338</patternObjectId>
            <patternProperty>mainStateClosed</patternProperty>
            <caseSensitive>true</caseSensitive>
          </con:configuration>
        </con:assertion>
      </con:entry>
      <con:entry>
        <con:id>9f797cfb-15ce-4739-b1e3-9a0fa020a109</con:id>
        <con:isGroup>false</con:isGroup>
        <con:sourceId>ec89bef0-98f9-49e9-ba4f-c25ce1a30e4a</con:sourceId>
        <con:propertyName>res_state</con:propertyName>
        <con:assertion type="Simple Equals" name="Equals state" id="278ce917-f474-47a3-ba58-d1c34ae34655">
          <con:configuration>
            <patternObjectId>c15a2ec4-678d-450c-a0ab-228fb6be9338</patternObjectId>
            <patternProperty>stateCancelled</patternProperty>
            <caseSensitive>true</caseSensitive>
          </con:configuration>
        </con:assertion>
      </con:entry>
    </con:config>
  </con:testStep>
  <con:testStep type="transfer" name="Set cancel cancelled bi" id="fa29a096-7976-453f-8cd7-92375dbd22f1">
    <con:settings/>
    <con:config xsi:type="con:PropertyTransfersStep" xmlns:xsi="http://www.w3.org/2001/XMLSchema-instance">
      <con:transfers setNullOnMissingSource="true" transferTextContent="true" failOnError="true" ignoreEmpty="false" transferToAll="false" entitize="false" transferChildNodes="false">
        <con:name>biId</con:name>
        <con:sourceType>biId</con:sourceType>
        <con:sourceStep>Given properties for the test steps</con:sourceStep>
        <con:sourcePath/>
        <con:targetType>req_biId</con:targetType>
        <con:targetStep>Cancel cancelled bi</con:targetStep>
        <con:targetPath/>
        <con:upgraded>true</con:upgraded>
      </con:transfers>
    </con:config>
  </con:testStep>
  <con:testStep type="calltestcase" name="Cancel cancelled bi" id="69aa6e28-1030-47d6-9c7f-78c6051b8ae1">
    <con:settings/>
    <con:config xsi:type="con:RunTestCaseStep" xmlns:xsi="http://www.w3.org/2001/XMLSchema-instance">
      <con:targetTestCase>67e62d32-794f-4021-911b-d7fa305208e0</con:targetTestCase>
      <con:properties>
        <con:property>
          <con:name>req_biId</con:name>
          <con:value>3761</con:value>
        </con:property>
        <con:property>
          <con:name>res_code</con:name>
          <con:value>400</con:value>
        </con:property>
        <con:property>
          <con:name>res_errorMessage</con:name>
          <con:value>INVALID_STATE_OPERATION</con:value>
        </con:property>
      </con:properties>
      <con:returnProperties>
        <con:entry>res_code</con:entry>
        <con:entry>res_errorMessage</con:entry>
      </con:returnProperties>
      <con:runMode>PARALLELL</con:runMode>
    </con:config>
  </con:testStep>
  <con:testStep type="assertionteststep" name="Assertion cancel cancelled bi" id="dc6560c3-50b9-4a4f-9fee-39551222bfec">
    <con:settings/>
    <con:config xsi:type="con:AssertionTestStep" xmlns:xsi="http://www.w3.org/2001/XMLSchema-instance">
      <con:entry>
        <con:id>12b75f66-bb88-4999-b597-59cddc9a122a</con:id>
        <con:isGroup>false</con:isGroup>
        <con:sourceId>69aa6e28-1030-47d6-9c7f-78c6051b8ae1</con:sourceId>
        <con:propertyName>res_code</con:propertyName>
        <con:assertion type="Simple Equals" name="Equals" id="494ccc47-742e-48ea-9c8d-3d67e5fdea20">
          <con:configuration>
            <patternObjectId>c15a2ec4-678d-450c-a0ab-228fb6be9338</patternObjectId>
            <patternProperty>httpCode400</patternProperty>
            <caseSensitive>true</caseSensitive>
          </con:configuration>
        </con:assertion>
      </con:entry>
      <con:entry>
        <con:id>0a6ec5bc-f9ec-4b3d-94df-57521c1dedcf</con:id>
        <con:isGroup>false</con:isGroup>
        <con:sourceId>69aa6e28-1030-47d6-9c7f-78c6051b8ae1</con:sourceId>
        <con:propertyName>res_errorMessage</con:propertyName>
        <con:assertion type="Simple Equals" name="Equals error message" id="01357a18-8d2a-4334-ab49-1a60b4b1b417">
          <con:configuration>
            <patternObjectId>c15a2ec4-678d-450c-a0ab-228fb6be9338</patternObjectId>
            <patternProperty>invalidStateOp</patternProperty>
            <caseSensitive>true</caseSensitive>
          </con:configuration>
        </con:assertion>
      </con:entry>
    </con:config>
  </con:testStep>
  <con:testStep type="transfer" name="Set change product status" id="1bd9b8c7-e3b0-4ea6-b832-364f08d903b4">
    <con:settings/>
    <con:config xsi:type="con:PropertyTransfersStep" xmlns:xsi="http://www.w3.org/2001/XMLSchema-instance">
      <con:transfers setNullOnMissingSource="true" transferTextContent="true" failOnError="true" ignoreEmpty="false" transferToAll="false" entitize="false" transferChildNodes="false">
        <con:name>userId</con:name>
        <con:sourceType>userId</con:sourceType>
        <con:sourceStep>Given properties for the test steps</con:sourceStep>
        <con:sourcePath/>
        <con:targetType>req_userId</con:targetType>
        <con:targetStep>Change product status</con:targetStep>
        <con:targetPath/>
        <con:upgraded>true</con:upgraded>
      </con:transfers>
      <con:transfers setNullOnMissingSource="true" transferTextContent="true" failOnError="true" ignoreEmpty="false" transferToAll="false" entitize="false" transferChildNodes="false">
        <con:name>soId</con:name>
        <con:sourceType>soId</con:sourceType>
        <con:sourceStep>Given properties for the test steps</con:sourceStep>
        <con:targetType>req_soId</con:targetType>
        <con:targetStep>Change product status</con:targetStep>
        <con:upgraded>true</con:upgraded>
      </con:transfers>
      <con:transfers setNullOnMissingSource="true" transferTextContent="true" failOnError="true" ignoreEmpty="false" transferToAll="false" entitize="false" transferChildNodes="false">
        <con:name>quantity</con:name>
        <con:sourceType>quantityOne</con:sourceType>
        <con:sourceStep>Given properties for the test steps</con:sourceStep>
        <con:targetType>req_quantity</con:targetType>
        <con:targetStep>Change product status</con:targetStep>
        <con:upgraded>true</con:upgraded>
      </con:transfers>
      <con:transfers setNullOnMissingSource="true" transferTextContent="true" failOnError="true" ignoreEmpty="false" transferToAll="false" entitize="false" transferChildNodes="false">
        <con:name>productId</con:name>
        <con:sourceType>SerializedWithoutRangeProductId</con:sourceType>
        <con:sourceStep>Given properties for the test steps</con:sourceStep>
        <con:targetType>req_productId</con:targetType>
        <con:targetStep>Change product status</con:targetStep>
        <con:upgraded>true</con:upgraded>
      </con:transfers>
      <con:transfers setNullOnMissingSource="true" transferTextContent="true" failOnError="true" ignoreEmpty="false" transferToAll="false" entitize="false" transferChildNodes="false">
        <con:name>finalStatus</con:name>
        <con:sourceType>statusLostString</con:sourceType>
        <con:sourceStep>Given properties for the test steps</con:sourceStep>
        <con:targetType>req_finalStatus</con:targetType>
        <con:targetStep>Change product status</con:targetStep>
        <con:upgraded>true</con:upgraded>
      </con:transfers>
    </con:config>
  </con:testStep>
  <con:testStep type="calltestcase" name="Change product status" id="1bf2c4ac-f9b5-40f6-9820-d2de99cd7805">
    <con:settings/>
    <con:config xsi:type="con:RunTestCaseStep" xmlns:xsi="http://www.w3.org/2001/XMLSchema-instance">
      <con:targetTestCase>0c7c3c39-9c96-48fa-b5cd-451c90e170cf</con:targetTestCase>
      <con:properties>
        <con:property>
          <con:name>req_userId</con:name>
          <con:value>101</con:value>
        </con:property>
        <con:property>
          <con:name>req_soId</con:name>
          <con:value>99</con:value>
        </con:property>
        <con:property>
          <con:name>req_quantity</con:name>
          <con:value>1</con:value>
        </con:property>
        <con:property>
          <con:name>req_productId</con:name>
          <con:value>141</con:value>
        </con:property>
        <con:property>
          <con:name>req_finalStatus</con:name>
          <con:value>Lost</con:value>
        </con:property>
        <con:property>
          <con:name>res_newProductId</con:name>
          <con:value>141</con:value>
        </con:property>
        <con:property>
          <con:name>res_code</con:name>
          <con:value>200</con:value>
        </con:property>
        <con:property>
          <con:name>res_biId</con:name>
          <con:value>3771</con:value>
        </con:property>
      </con:properties>
      <con:returnProperties>
        <con:entry>res_newProductId</con:entry>
        <con:entry>res_code</con:entry>
        <con:entry>res_biId</con:entry>
      </con:returnProperties>
      <con:runMode>PARALLELL</con:runMode>
    </con:config>
  </con:testStep>
  <con:testStep type="assertionteststep" name="Assertion change product status" id="b74304e3-faf2-4484-a817-5cba4efae17f">
    <con:settings/>
    <con:config xsi:type="con:AssertionTestStep" xmlns:xsi="http://www.w3.org/2001/XMLSchema-instance">
      <con:entry>
        <con:id>9c7b7cb9-0f19-462e-ad43-c499a3a10304</con:id>
        <con:isGroup>false</con:isGroup>
        <con:sourceId>1bf2c4ac-f9b5-40f6-9820-d2de99cd7805</con:sourceId>
        <con:propertyName>res_code</con:propertyName>
        <con:assertion type="Simple Equals" name="Equals" id="58d7a5a5-2b91-47af-a8c0-c4d303fa26ed">
          <con:configuration>
            <patternObjectId>c15a2ec4-678d-450c-a0ab-228fb6be9338</patternObjectId>
            <patternProperty>httpCode200</patternProperty>
            <caseSensitive>true</caseSensitive>
          </con:configuration>
        </con:assertion>
      </con:entry>
    </con:config>
  </con:testStep>
  <con:testStep type="transfer" name="Set cancel submitted product status change bi" id="4e1a4f10-db9c-4490-b451-4469fd3defff">
    <con:settings/>
    <con:config xsi:type="con:PropertyTransfersStep" xmlns:xsi="http://www.w3.org/2001/XMLSchema-instance">
      <con:transfers setNullOnMissingSource="true" transferTextContent="true" failOnError="true" ignoreEmpty="false" transferToAll="false" entitize="false" transferChildNodes="false">
        <con:name>biId</con:name>
        <con:sourceType>res_biId</con:sourceType>
        <con:sourceStep>Change product status</con:sourceStep>
        <con:sourcePath/>
        <con:targetType>req_biId</con:targetType>
        <con:targetStep>Cancel submitted product status change bi</con:targetStep>
        <con:targetPath/>
        <con:upgraded>true</con:upgraded>
      </con:transfers>
    </con:config>
  </con:testStep>
  <con:testStep type="calltestcase" name="Cancel submitted product status change bi" id="3c1a2fd4-8e5b-4fd1-9e93-2058a57d426d">
    <con:settings/>
    <con:config xsi:type="con:RunTestCaseStep" xmlns:xsi="http://www.w3.org/2001/XMLSchema-instance">
      <con:targetTestCase>67e62d32-794f-4021-911b-d7fa305208e0</con:targetTestCase>
      <con:properties>
        <con:property>
          <con:name>req_biId</con:name>
          <con:value>3771</con:value>
        </con:property>
        <con:property>
          <con:name>res_code</con:name>
          <con:value>400</con:value>
        </con:property>
        <con:property>
          <con:name>res_errorMessage</con:name>
          <con:value>NEXT_STATE_NOT_FOUND</con:value>
        </con:property>
      </con:properties>
      <con:returnProperties>
        <con:entry>res_code</con:entry>
        <con:entry>res_errorMessage</con:entry>
      </con:returnProperties>
      <con:runMode>PARALLELL</con:runMode>
    </con:config>
  </con:testStep>
  <con:testStep type="assertionteststep" name="Assertion cancel submitted product status change bi" id="b16965dc-5c85-446c-8ecc-c645c0e011f6">
    <con:settings/>
    <con:config xsi:type="con:AssertionTestStep" xmlns:xsi="http://www.w3.org/2001/XMLSchema-instance">
      <con:entry>
        <con:id>e9dc4c4f-ef11-45e4-b3e7-75aa56bf2af3</con:id>
        <con:isGroup>false</con:isGroup>
        <con:sourceId>3c1a2fd4-8e5b-4fd1-9e93-2058a57d426d</con:sourceId>
        <con:propertyName>res_code</con:propertyName>
        <con:assertion type="Simple Equals" name="Equals" id="4cea5535-ce71-4cb5-ab58-c9bcb10b820d">
          <con:configuration>
            <patternObjectId>c15a2ec4-678d-450c-a0ab-228fb6be9338</patternObjectId>
            <patternProperty>httpCode400</patternProperty>
            <caseSensitive>true</caseSensitive>
          </con:configuration>
        </con:assertion>
      </con:entry>
      <con:entry>
        <con:id>e0bb7773-4bb8-46b2-a001-92a981eae463</con:id>
        <con:isGroup>false</con:isGroup>
        <con:sourceId>3c1a2fd4-8e5b-4fd1-9e93-2058a57d426d</con:sourceId>
        <con:propertyName>res_errorMessage</con:propertyName>
        <con:assertion type="Simple Equals" name="Equals error message" id="a2fd2a59-23aa-4b8e-9698-9887ffbd13f5">
          <con:configuration>
            <patternObjectId>c15a2ec4-678d-450c-a0ab-228fb6be9338</patternObjectId>
            <patternProperty>errorMessageNextStateNotFound</patternProperty>
            <caseSensitive>true</caseSensitive>
          </con:configuration>
        </con:assertion>
      </con:entry>
    </con:config>
  </con:testStep>
  <con:testStep type="transfer" name="Set create product status change bi 3" id="10808d3c-6e95-4aa0-b47f-2a5cf5fc22e1">
    <con:settings/>
    <con:config xsi:type="con:PropertyTransfersStep" xmlns:xsi="http://www.w3.org/2001/XMLSchema-instance">
      <con:transfers setNullOnMissingSource="true" transferTextContent="true" failOnError="true" ignoreEmpty="false" transferToAll="false" entitize="false" transferChildNodes="false">
        <con:name>userId</con:name>
        <con:sourceType>userId</con:sourceType>
        <con:sourceStep>Given properties for the test steps</con:sourceStep>
        <con:sourcePath/>
        <con:targetType>req_userId</con:targetType>
        <con:targetStep>Create product status change bi 3</con:targetStep>
        <con:targetPath/>
        <con:upgraded>true</con:upgraded>
      </con:transfers>
      <con:transfers setNullOnMissingSource="true" transferTextContent="true" failOnError="true" ignoreEmpty="false" transferToAll="false" entitize="false" transferChildNodes="false">
        <con:name>soId</con:name>
        <con:sourceType>soId</con:sourceType>
        <con:sourceStep>Given properties for the test steps</con:sourceStep>
        <con:targetType>req_soId</con:targetType>
        <con:targetStep>Create product status change bi 3</con:targetStep>
        <con:upgraded>true</con:upgraded>
      </con:transfers>
      <con:transfers setNullOnMissingSource="true" transferTextContent="true" failOnError="true" ignoreEmpty="false" transferToAll="false" entitize="false" transferChildNodes="false">
        <con:name>biSpecCode</con:name>
        <con:sourceType>biSpecCode</con:sourceType>
        <con:sourceStep>Given properties for the test steps</con:sourceStep>
        <con:targetType>req_biSpecCode</con:targetType>
        <con:targetStep>Create product status change bi 3</con:targetStep>
        <con:upgraded>true</con:upgraded>
      </con:transfers>
    </con:config>
  </con:testStep>
  <con:testStep type="calltestcase" name="Create product status change bi 3" id="613fa4b7-014b-4341-bfe9-c0563724dc1c">
    <con:settings/>
    <con:config xsi:type="con:RunTestCaseStep" xmlns:xsi="http://www.w3.org/2001/XMLSchema-instance">
      <con:targetTestCase>ddc99e2f-2310-4fbc-bcca-17feb39568a6</con:targetTestCase>
      <con:properties>
        <con:property>
          <con:name>req_userId</con:name>
          <con:value>101</con:value>
        </con:property>
        <con:property>
          <con:name>req_soId</con:name>
          <con:value>99</con:value>
        </con:property>
        <con:property>
          <con:name>req_biSpecCode</con:name>
          <con:value>PRD_STATUS_CHANGE</con:value>
        </con:property>
        <con:property>
          <con:name>res_code</con:name>
          <con:value>201</con:value>
        </con:property>
        <con:property>
          <con:name>res_biId</con:name>
          <con:value>3781</con:value>
        </con:property>
        <con:property>
          <con:name>res_errorMessage</con:name>
          <con:value xsi:nil="true"/>
        </con:property>
      </con:properties>
      <con:returnProperties>
        <con:entry>res_code</con:entry>
        <con:entry>res_biId</con:entry>
        <con:entry>res_errorMessage</con:entry>
      </con:returnProperties>
      <con:runMode>PARALLELL</con:runMode>
    </con:config>
  </con:testStep>
  <con:testStep type="assertionteststep" name="Assertion create product status change bi 3" id="056a16e2-622e-46ce-9d9c-ab97d7c2af5b">
    <con:settings/>
    <con:config xsi:type="con:AssertionTestStep" xmlns:xsi="http://www.w3.org/2001/XMLSchema-instance">
      <con:entry>
        <con:id>9d90a05e-bf04-4397-beb0-c7dca3f9af8a</con:id>
        <con:isGroup>false</con:isGroup>
        <con:sourceId>613fa4b7-014b-4341-bfe9-c0563724dc1c</con:sourceId>
        <con:propertyName>res_code</con:propertyName>
        <con:assertion type="Simple Equals" name="Equals" id="16771df9-3680-4280-b109-4ef5617201bd">
          <con:configuration>
            <patternObjectId>c15a2ec4-678d-450c-a0ab-228fb6be9338</patternObjectId>
            <patternProperty>httpCode201</patternProperty>
            <caseSensitive>true</caseSensitive>
          </con:configuration>
        </con:assertion>
      </con:entry>
    </con:config>
  </con:testStep>
  <con:testStep type="datasource" name="DataSource for add item with missing parameter" id="b88bce99-8ef5-48eb-a614-9a15d947e68e">
    <con:settings/>
    <con:config xsi:type="con:DataSourceStep" xmlns:xsi="http://www.w3.org/2001/XMLSchema-instance">
      <con:dataSource type="Grid">
        <con:configuration>
          <check><![CDATA[<xml-fragment><con:entry xmlns:con="http://eviware.com/soapui/config">true</con:entry><con:entry xmlns:con="http://eviware.com/soapui/config">true</con:entry><con:entry xmlns:con="http://eviware.com/soapui/config">true</con:entry></xml-fragment>]]></check>
          <row><![CDATA[<xml-fragment><con:entry xmlns:con="http://eviware.com/soapui/config">NonSerialized</con:entry><con:entry xmlns:con="http://eviware.com/soapui/config">${Given properties for the test steps#nonSerializedProductId}</con:entry><con:entry xmlns:con="http://eviware.com/soapui/config">${Given properties for the test steps#statusDamagedString}</con:entry><con:entry xmlns:con="http://eviware.com/soapui/config">${Given properties for the test steps#quantity}</con:entry><con:entry xmlns:con="http://eviware.com/soapui/config"/></xml-fragment>]]></row>
          <row><![CDATA[<xml-fragment><con:entry xmlns:con="http://eviware.com/soapui/config">Serialized</con:entry><con:entry xmlns:con="http://eviware.com/soapui/config">${Given properties for the test steps#serializedProductId}</con:entry><con:entry xmlns:con="http://eviware.com/soapui/config">${Given properties for the test steps#statusLostString}</con:entry><con:entry xmlns:con="http://eviware.com/soapui/config">${Given properties for the test steps#stockInQuantity}</con:entry><con:entry xmlns:con="http://eviware.com/soapui/config"/></xml-fragment>]]></row>
          <row><![CDATA[<xml-fragment><con:entry xmlns:con="http://eviware.com/soapui/config">SerializedWithoutRange</con:entry><con:entry xmlns:con="http://eviware.com/soapui/config">${Given properties for the test steps#serializedWithoutRangeProductId}</con:entry><con:entry xmlns:con="http://eviware.com/soapui/config">${Given properties for the test steps#statusDamagedString}</con:entry><con:entry xmlns:con="http://eviware.com/soapui/config">1</con:entry><con:entry xmlns:con="http://eviware.com/soapui/config"/></xml-fragment>]]></row>
        </con:configuration>
      </con:dataSource>
      <con:property>productType</con:property>
      <con:property>productId</con:property>
      <con:property>finalStatus</con:property>
      <con:property>quantity</con:property>
      <con:completeLastOperation>true</con:completeLastOperation>
      <con:restartOnRun>true</con:restartOnRun>
    </con:config>
  </con:testStep>
  <con:testStep type="transfer" name="Set add item with missing product id" id="5dc33a52-565a-4199-9c3b-18ac348bf4b4">
    <con:settings/>
    <con:config xsi:type="con:PropertyTransfersStep" xmlns:xsi="http://www.w3.org/2001/XMLSchema-instance">
      <con:transfers setNullOnMissingSource="true" transferTextContent="true" failOnError="true" ignoreEmpty="false" transferToAll="false" entitize="false" transferChildNodes="false">
        <con:name>quantity</con:name>
        <con:sourceType>quantity</con:sourceType>
        <con:sourceStep>DataSource for add item with missing parameter</con:sourceStep>
        <con:sourcePath/>
        <con:targetType>req_quantity</con:targetType>
        <con:targetStep>Add item with missing product id</con:targetStep>
        <con:targetPath/>
        <con:upgraded>true</con:upgraded>
      </con:transfers>
      <con:transfers setNullOnMissingSource="true" transferTextContent="true" failOnError="true" ignoreEmpty="false" transferToAll="false" entitize="false" transferChildNodes="false">
        <con:name>finalStatus</con:name>
        <con:sourceType>finalStatus</con:sourceType>
        <con:sourceStep>DataSource for add product status change item</con:sourceStep>
        <con:targetType>req_finalStatus</con:targetType>
        <con:targetStep>Add item with missing product id</con:targetStep>
        <con:upgraded>true</con:upgraded>
      </con:transfers>
      <con:transfers setNullOnMissingSource="true" transferTextContent="true" failOnError="true" ignoreEmpty="false" transferToAll="false" entitize="false" transferChildNodes="false">
        <con:name>biId</con:name>
        <con:sourceType>res_biId</con:sourceType>
        <con:sourceStep>Create product status change bi 3</con:sourceStep>
        <con:targetType>req_biId</con:targetType>
        <con:targetStep>Add item with missing product id</con:targetStep>
        <con:upgraded>true</con:upgraded>
      </con:transfers>
    </con:config>
  </con:testStep>
  <con:testStep type="calltestcase" name="Add item with missing product id" id="2681780f-1775-4155-b6aa-e262c6083e7e">
    <con:settings/>
    <con:config xsi:type="con:RunTestCaseStep" xmlns:xsi="http://www.w3.org/2001/XMLSchema-instance">
      <con:targetTestCase>b062d06e-0ebc-49a8-8cb3-2fa6fbdd60b1</con:targetTestCase>
      <con:properties>
        <con:property>
          <con:name>req_biId</con:name>
          <con:value>3781</con:value>
        </con:property>
        <con:property>
          <con:name>req_finalStatus</con:name>
          <con:value>${Given properties for the test steps#statusDamagedString}</con:value>
        </con:property>
        <con:property>
          <con:name>req_quantity</con:name>
          <con:value>1</con:value>
        </con:property>
        <con:property>
          <con:name>res_code</con:name>
          <con:value>400</con:value>
        </con:property>
        <con:property>
          <con:name>res_errorMessage</con:name>
          <con:value>NO_PRODUCT_ID_OR_SPEC_ID_FOUND_IN_PROVIDED_INFORMATION</con:value>
        </con:property>
        <con:property>
          <con:name>res_itemId</con:name>
          <con:value xsi:nil="true"/>
        </con:property>
        <con:property>
          <con:name>res_newProductId</con:name>
          <con:value xsi:nil="true"/>
        </con:property>
      </con:properties>
      <con:returnProperties>
        <con:entry>res_code</con:entry>
        <con:entry>res_errorMessage</con:entry>
        <con:entry>res_itemId</con:entry>
        <con:entry>res_newProductId</con:entry>
      </con:returnProperties>
      <con:runMode>PARALLELL</con:runMode>
    </con:config>
  </con:testStep>
  <con:testStep type="assertionteststep" name="Assertion add item with missing product id" id="69491c66-506d-4bc1-9d20-87973ab70388">
    <con:settings/>
    <con:config xsi:type="con:AssertionTestStep" xmlns:xsi="http://www.w3.org/2001/XMLSchema-instance">
      <con:entry>
        <con:id>d3620e9b-5040-4e63-926a-9684613fea06</con:id>
        <con:isGroup>false</con:isGroup>
        <con:sourceId>2681780f-1775-4155-b6aa-e262c6083e7e</con:sourceId>
        <con:propertyName>res_code</con:propertyName>
        <con:assertion type="Simple Equals" name="Equals" id="9d80de8a-88a2-4505-aa7e-1098e2689048">
          <con:configuration>
            <patternObjectId>c15a2ec4-678d-450c-a0ab-228fb6be9338</patternObjectId>
            <patternProperty>httpCode400</patternProperty>
            <caseSensitive>true</caseSensitive>
          </con:configuration>
        </con:assertion>
      </con:entry>
      <con:entry>
        <con:id>de269aab-0efc-46b6-9247-b3641f8b2db6</con:id>
        <con:isGroup>false</con:isGroup>
        <con:sourceId>2681780f-1775-4155-b6aa-e262c6083e7e</con:sourceId>
        <con:propertyName>res_errorMessage</con:propertyName>
        <con:assertion type="Simple Equals" name="Equals error message" id="ac6c504e-b375-4c76-8b7d-93c77e327627">
          <con:configuration>
            <patternObjectId>c15a2ec4-678d-450c-a0ab-228fb6be9338</patternObjectId>
            <patternProperty>errorMessageProductIdOrSpecMustBeGiven</patternProperty>
            <caseSensitive>true</caseSensitive>
          </con:configuration>
        </con:assertion>
      </con:entry>
    </con:config>
  </con:testStep>
  <con:testStep type="transfer" name="Set add item with missing final status" id="3b4948c8-6653-4a7b-8674-41b545377bf7">
    <con:settings/>
    <con:config xsi:type="con:PropertyTransfersStep" xmlns:xsi="http://www.w3.org/2001/XMLSchema-instance">
      <con:transfers setNullOnMissingSource="true" transferTextContent="true" failOnError="true" ignoreEmpty="false" transferToAll="false" entitize="false" transferChildNodes="false">
        <con:name>productId</con:name>
        <con:sourceType>productId</con:sourceType>
        <con:sourceStep>DataSource for add item with missing parameter</con:sourceStep>
        <con:sourcePath/>
        <con:targetType>req_productId</con:targetType>
        <con:targetStep>Add item with missing final status</con:targetStep>
        <con:targetPath/>
        <con:upgraded>true</con:upgraded>
      </con:transfers>
      <con:transfers setNullOnMissingSource="true" transferTextContent="true" failOnError="true" ignoreEmpty="false" transferToAll="false" entitize="false" transferChildNodes="false">
        <con:name>quantity</con:name>
        <con:sourceType>quantity</con:sourceType>
        <con:sourceStep>DataSource for add item with missing parameter</con:sourceStep>
        <con:targetType>req_quantity</con:targetType>
        <con:targetStep>Add item with missing final status</con:targetStep>
        <con:upgraded>true</con:upgraded>
      </con:transfers>
      <con:transfers setNullOnMissingSource="true" transferTextContent="true" failOnError="true" ignoreEmpty="false" transferToAll="false" entitize="false" transferChildNodes="false">
        <con:name>biId</con:name>
        <con:sourceType>res_biId</con:sourceType>
        <con:sourceStep>Create product status change bi 3</con:sourceStep>
        <con:targetType>req_biId</con:targetType>
        <con:targetStep>Add item with missing final status</con:targetStep>
        <con:upgraded>true</con:upgraded>
      </con:transfers>
    </con:config>
  </con:testStep>
  <con:testStep type="calltestcase" name="Add item with missing final status" id="46336afd-2b7f-47d5-959b-c971823f0f85">
    <con:settings/>
    <con:config xsi:type="con:RunTestCaseStep" xmlns:xsi="http://www.w3.org/2001/XMLSchema-instance">
      <con:targetTestCase>fe965def-7922-4add-a631-6655a5c13615</con:targetTestCase>
      <con:properties>
        <con:property>
          <con:name>req_quantity</con:name>
          <con:value>1</con:value>
        </con:property>
        <con:property>
          <con:name>req_productId</con:name>
          <con:value>${Given properties for the test steps#serializedWithoutRangeProductId}</con:value>
        </con:property>
        <con:property>
          <con:name>req_biId</con:name>
          <con:value>3781</con:value>
        </con:property>
        <con:property>
          <con:name>res_code</con:name>
          <con:value>406</con:value>
        </con:property>
        <con:property>
          <con:name>res_itemId</con:name>
          <con:value xsi:nil="true"/>
        </con:property>
        <con:property>
          <con:name>res_newProductId</con:name>
          <con:value xsi:nil="true"/>
        </con:property>
        <con:property>
          <con:name>res_errorMessage</con:name>
          <con:value>406</con:value>
        </con:property>
      </con:properties>
      <con:returnProperties>
        <con:entry>res_code</con:entry>
        <con:entry>res_errorMessage</con:entry>
        <con:entry>res_itemId</con:entry>
        <con:entry>res_newProductId</con:entry>
      </con:returnProperties>
      <con:runMode>PARALLELL</con:runMode>
    </con:config>
  </con:testStep>
  <con:testStep type="assertionteststep" name="Assertion add item with missing final status" id="bcf93c25-0a72-4632-88da-0dc6a0f35307">
    <con:settings/>
    <con:config xsi:type="con:AssertionTestStep" xmlns:xsi="http://www.w3.org/2001/XMLSchema-instance">
      <con:entry>
        <con:id>8c2c1b63-87f5-420c-9bce-8e535fc96c7a</con:id>
        <con:isGroup>false</con:isGroup>
        <con:sourceId>46336afd-2b7f-47d5-959b-c971823f0f85</con:sourceId>
        <con:propertyName>res_code</con:propertyName>
        <con:assertion type="Simple Equals" name="Equals" id="ec1a3946-c065-4a17-8349-777e6431a5f5">
          <con:configuration>
            <patternObjectId>c15a2ec4-678d-450c-a0ab-228fb6be9338</patternObjectId>
            <patternProperty>httpCode406</patternProperty>
            <caseSensitive>true</caseSensitive>
          </con:configuration>
        </con:assertion>
      </con:entry>
      <con:entry>
        <con:id>468dad1a-1e75-4bd3-acc5-66f5254efea9</con:id>
        <con:isGroup>false</con:isGroup>
        <con:sourceId>46336afd-2b7f-47d5-959b-c971823f0f85</con:sourceId>
        <con:propertyName>res_errorMessage</con:propertyName>
        <con:assertion type="Simple Equals" name="Equals error message" id="8aee8cbc-5543-45a5-937d-d454580e0f76">
          <con:configuration>
            <patternObjectId>c15a2ec4-678d-450c-a0ab-228fb6be9338</patternObjectId>
            <patternProperty>errorMessage406</patternProperty>
            <caseSensitive>true</caseSensitive>
          </con:configuration>
        </con:assertion>
      </con:entry>
    </con:config>
  </con:testStep>
  <con:testStep type="transfer" name="Set add item with missing quantity" id="57a499c3-446a-44fa-b328-63aebb9512b6">
    <con:settings/>
    <con:config xsi:type="con:PropertyTransfersStep" xmlns:xsi="http://www.w3.org/2001/XMLSchema-instance">
      <con:transfers setNullOnMissingSource="true" transferTextContent="true" failOnError="true" ignoreEmpty="false" transferToAll="false" entitize="false" transferChildNodes="false">
        <con:name>productId</con:name>
        <con:sourceType>productId</con:sourceType>
        <con:sourceStep>DataSource for add item with missing parameter</con:sourceStep>
        <con:sourcePath/>
        <con:targetType>req_productId</con:targetType>
        <con:targetStep>Add item with missing quantity</con:targetStep>
        <con:targetPath/>
        <con:upgraded>true</con:upgraded>
      </con:transfers>
      <con:transfers setNullOnMissingSource="true" transferTextContent="true" failOnError="true" ignoreEmpty="false" transferToAll="false" entitize="false" transferChildNodes="false">
        <con:name>finalStatus</con:name>
        <con:sourceType>finalStatus</con:sourceType>
        <con:sourceStep>DataSource for add item with missing parameter</con:sourceStep>
        <con:targetType>req_finalStatus</con:targetType>
        <con:targetStep>Add item with missing quantity</con:targetStep>
        <con:upgraded>true</con:upgraded>
      </con:transfers>
      <con:transfers setNullOnMissingSource="true" transferTextContent="true" failOnError="true" ignoreEmpty="false" transferToAll="false" entitize="false" transferChildNodes="false">
        <con:name>biId</con:name>
        <con:sourceType>res_biId</con:sourceType>
        <con:sourceStep>Create product status change bi 3</con:sourceStep>
        <con:targetType>req_biId</con:targetType>
        <con:targetStep>Add item with missing quantity</con:targetStep>
        <con:upgraded>true</con:upgraded>
      </con:transfers>
    </con:config>
  </con:testStep>
  <con:testStep type="calltestcase" name="Add item with missing quantity" id="03664a9d-48c1-4a07-9428-de1aebe2f5e3">
    <con:settings/>
    <con:config xsi:type="con:RunTestCaseStep" xmlns:xsi="http://www.w3.org/2001/XMLSchema-instance">
      <con:targetTestCase>eba4f2d4-baec-4aef-82a9-54fcf22e3526</con:targetTestCase>
      <con:properties>
        <con:property>
          <con:name>req_finalStatus</con:name>
          <con:value>${Given properties for the test steps#statusDamagedString}</con:value>
        </con:property>
        <con:property>
          <con:name>req_productId</con:name>
          <con:value>${Given properties for the test steps#serializedWithoutRangeProductId}</con:value>
        </con:property>
        <con:property>
          <con:name>req_biId</con:name>
          <con:value>3781</con:value>
        </con:property>
        <con:property>
          <con:name>res_code</con:name>
          <con:value>406</con:value>
        </con:property>
        <con:property>
          <con:name>res_itemId</con:name>
          <con:value xsi:nil="true"/>
        </con:property>
        <con:property>
          <con:name>res_newProductId</con:name>
          <con:value xsi:nil="true"/>
        </con:property>
        <con:property>
          <con:name>res_errorMessage</con:name>
          <con:value>406</con:value>
        </con:property>
      </con:properties>
      <con:returnProperties>
        <con:entry>res_code</con:entry>
        <con:entry>res_errorMessage</con:entry>
        <con:entry>res_itemId</con:entry>
        <con:entry>res_newProductId</con:entry>
      </con:returnProperties>
      <con:runMode>PARALLELL</con:runMode>
    </con:config>
  </con:testStep>
  <con:testStep type="assertionteststep" name="Assertion add item with missing quantity" id="ab0f1418-58ee-46f4-b700-c883ac8aa9a9">
    <con:settings/>
    <con:config xsi:type="con:AssertionTestStep" xmlns:xsi="http://www.w3.org/2001/XMLSchema-instance">
      <con:entry>
        <con:id>65af02dc-f0b0-44e0-bafc-b9c3108f4630</con:id>
        <con:isGroup>false</con:isGroup>
        <con:sourceId>03664a9d-48c1-4a07-9428-de1aebe2f5e3</con:sourceId>
        <con:propertyName>res_code</con:propertyName>
        <con:assertion type="Simple Equals" name="Equals" id="27a5b0c0-27b4-41f5-9a7e-4e9e14b59920">
          <con:configuration>
            <patternObjectId>c15a2ec4-678d-450c-a0ab-228fb6be9338</patternObjectId>
            <patternProperty>httpCode406</patternProperty>
            <caseSensitive>true</caseSensitive>
          </con:configuration>
        </con:assertion>
      </con:entry>
      <con:entry>
        <con:id>9ed188c6-53aa-4c70-877f-db35e10389ad</con:id>
        <con:isGroup>false</con:isGroup>
        <con:sourceId>03664a9d-48c1-4a07-9428-de1aebe2f5e3</con:sourceId>
        <con:propertyName>res_errorMessage</con:propertyName>
        <con:assertion type="Simple Equals" name="Equals error message" id="90732a0d-97f6-4f64-883a-635c5444bd01">
          <con:configuration>
            <patternObjectId>c15a2ec4-678d-450c-a0ab-228fb6be9338</patternObjectId>
            <patternProperty>errorMessage406</patternProperty>
            <caseSensitive>true</caseSensitive>
          </con:configuration>
        </con:assertion>
      </con:entry>
    </con:config>
  </con:testStep>
  <con:testStep type="datasourceloop" name="DataSource Loop for add item with missing parameter" id="ba6fd08d-b598-4b9e-8501-1251b6d1a4d6">
    <con:settings/>
    <con:config>
      <dataSourceStep>DataSource for add item with missing parameter</dataSourceStep>
      <targetStep>Set add item with missing product id</targetStep>
    </con:config>
  </con:testStep>
  <con:testStep type="datasource" name="Data Source for add item to canceled bi" id="7ebe64f9-a9ef-411b-88b5-43f5d796a86b">
    <con:settings/>
    <con:config xsi:type="con:DataSourceStep" xmlns:xsi="http://www.w3.org/2001/XMLSchema-instance">
      <con:dataSource type="Grid">
        <con:configuration>
          <check><![CDATA[<xml-fragment><con:entry xmlns:con="http://eviware.com/soapui/config">true</con:entry><con:entry xmlns:con="http://eviware.com/soapui/config">true</con:entry><con:entry xmlns:con="http://eviware.com/soapui/config">true</con:entry></xml-fragment>]]></check>
          <row><![CDATA[<xml-fragment><con:entry xmlns:con="http://eviware.com/soapui/config">${Given properties for the test steps#statusDamagedString}</con:entry><con:entry xmlns:con="http://eviware.com/soapui/config">${Given properties for the test steps#quantity}</con:entry><con:entry xmlns:con="http://eviware.com/soapui/config">${Dynamic new product ids#newNonSerializedProductId}</con:entry><con:entry xmlns:con="http://eviware.com/soapui/config">${Given properties for the test steps#biId}</con:entry><con:entry xmlns:con="http://eviware.com/soapui/config">${Given properties for the test steps#stockInQuantity}</con:entry><con:entry xmlns:con="http://eviware.com/soapui/config">${Given properties for the test steps#stockInQuantity}</con:entry><con:entry xmlns:con="http://eviware.com/soapui/config">${Given properties for the test steps#quantityZero}</con:entry><con:entry xmlns:con="http://eviware.com/soapui/config">${Given properties for the test steps#NonSerializedProductSpecExtId}</con:entry><con:entry xmlns:con="http://eviware.com/soapui/config">${Given properties for the test steps#statusSellableInteger}</con:entry></xml-fragment>]]></row>
          <row><![CDATA[<xml-fragment><con:entry xmlns:con="http://eviware.com/soapui/config">${Given properties for the test steps#statusLostString}</con:entry><con:entry xmlns:con="http://eviware.com/soapui/config">${Given properties for the test steps#stockInQuantity}</con:entry><con:entry xmlns:con="http://eviware.com/soapui/config">${Given properties for the test steps#serializedProductId}</con:entry><con:entry xmlns:con="http://eviware.com/soapui/config">${Given properties for the test steps#biId}</con:entry><con:entry xmlns:con="http://eviware.com/soapui/config">${Given properties for the test steps#stockInQuantity}</con:entry><con:entry xmlns:con="http://eviware.com/soapui/config">${Given properties for the test steps#stockInQuantity}</con:entry><con:entry xmlns:con="http://eviware.com/soapui/config">${Given properties for the test steps#quantityZero}</con:entry><con:entry xmlns:con="http://eviware.com/soapui/config">${Given properties for the test steps#SerializedProductSpecExtId}</con:entry><con:entry xmlns:con="http://eviware.com/soapui/config">${Given properties for the test steps#statusSellableInteger}</con:entry></xml-fragment>]]></row>
          <row><![CDATA[<xml-fragment><con:entry xmlns:con="http://eviware.com/soapui/config">${Given properties for the test steps#statusDamagedString}</con:entry><con:entry xmlns:con="http://eviware.com/soapui/config">1</con:entry><con:entry xmlns:con="http://eviware.com/soapui/config">${Given properties for the test steps#serializedWithoutRangeProductId}</con:entry><con:entry xmlns:con="http://eviware.com/soapui/config">${Given properties for the test steps#biId}</con:entry><con:entry xmlns:con="http://eviware.com/soapui/config">0</con:entry><con:entry xmlns:con="http://eviware.com/soapui/config">${Given properties for the test steps#emptyMessage}</con:entry><con:entry xmlns:con="http://eviware.com/soapui/config">${Given properties for the test steps#emptyMessage}</con:entry><con:entry xmlns:con="http://eviware.com/soapui/config">${Given properties for the test steps#SerializedWithoutRangeProductSpecExtId}</con:entry><con:entry xmlns:con="http://eviware.com/soapui/config">${#Given properties for the test step#statusLostInteger}</con:entry></xml-fragment>]]></row>
        </con:configuration>
      </con:dataSource>
      <con:property>finalStatus</con:property>
      <con:property>quantity</con:property>
      <con:property>productId</con:property>
      <con:property>biId</con:property>
      <con:property>totalQuantityAfterFailAdd</con:property>
      <con:property>availableQuantityAfterFailAdd</con:property>
      <con:property>reservedQuantityAfterFailAdd</con:property>
      <con:property>productSpecExtId</con:property>
      <con:property>statusLevel</con:property>
      <con:startRow/>
      <con:endRow/>
      <con:recordsPerIteration>1</con:recordsPerIteration>
      <con:completeLastOperation>true</con:completeLastOperation>
      <con:trimValues>true</con:trimValues>
      <con:entitizeValues>false</con:entitizeValues>
      <con:restartOnRun>true</con:restartOnRun>
      <con:expandProperties>false</con:expandProperties>
    </con:config>
  </con:testStep>
  <con:testStep type="datagen" name="DataGen for quantities" id="8116726d-beb1-483b-ab96-5e2cc9f200b0">
    <con:settings/>
    <con:config xsi:type="con:DataGeneratorStep" xmlns:xsi="http://www.w3.org/2001/XMLSchema-instance">
      <con:property type="Script">
        <con:configuration>
          <script>def totalQuantityAfterFailAdd = context.expand( '${Data Source for add item to canceled bi#totalQuantityAfterFailAdd}' )

return totalQuantityAfterFailAdd.toString();</script>
        </con:configuration>
        <con:name>totalQuantityAfterFailAdd</con:name>
        <con:mode>STEP</con:mode>
        <con:shared>false</con:shared>
      </con:property>
      <con:property type="Script">
        <con:configuration>
          <script>def availableQuantityAfterFailAdd = context.expand( '${Data Source for add item to canceled bi#availableQuantityAfterFailAdd}' )

return availableQuantityAfterFailAdd.toString();</script>
        </con:configuration>
        <con:name>availableQuantityAfterFailAdd</con:name>
        <con:mode>STEP</con:mode>
        <con:shared>false</con:shared>
      </con:property>
      <con:property type="Script">
        <con:configuration>
          <script>def reservedQuantityAfterFailAdd = context.expand( '${Data Source for add item to canceled bi#reservedQuantityAfterFailAdd}' )

return reservedQuantityAfterFailAdd.toString();</script>
        </con:configuration>
        <con:name>reservedQuantityAfterFailAdd</con:name>
        <con:mode>STEP</con:mode>
        <con:shared>false</con:shared>
      </con:property>
    </con:config>
  </con:testStep>
  <con:testStep type="transfer" name="Set add item to bi which is canceled" id="3e6364d2-b39b-4af2-8f17-405215f4c577">
    <con:settings/>
    <con:config xsi:type="con:PropertyTransfersStep" xmlns:xsi="http://www.w3.org/2001/XMLSchema-instance">
      <con:transfers setNullOnMissingSource="true" transferTextContent="true" failOnError="true" ignoreEmpty="false" transferToAll="false" entitize="false" transferChildNodes="false">
        <con:name>finalStatus</con:name>
        <con:sourceType>finalStatus</con:sourceType>
        <con:sourceStep>Data Source for add item to canceled bi</con:sourceStep>
        <con:sourcePath/>
        <con:targetType>req_finalStatus</con:targetType>
        <con:targetStep>Add item to bi which is canceled</con:targetStep>
        <con:targetPath/>
        <con:upgraded>true</con:upgraded>
      </con:transfers>
      <con:transfers setNullOnMissingSource="true" transferTextContent="true" failOnError="true" ignoreEmpty="false" transferToAll="false" entitize="false" transferChildNodes="false">
        <con:name>quantity</con:name>
        <con:sourceType>quantity</con:sourceType>
        <con:sourceStep>Data Source for add item to canceled bi</con:sourceStep>
        <con:targetType>req_quantity</con:targetType>
        <con:targetStep>Add item to bi which is canceled</con:targetStep>
        <con:upgraded>true</con:upgraded>
      </con:transfers>
      <con:transfers setNullOnMissingSource="true" transferTextContent="true" failOnError="true" ignoreEmpty="false" transferToAll="false" entitize="false" transferChildNodes="false">
        <con:name>productId</con:name>
        <con:sourceType>productId</con:sourceType>
        <con:sourceStep>Data Source for add item to canceled bi</con:sourceStep>
        <con:targetType>req_productId</con:targetType>
        <con:targetStep>Add item to bi which is canceled</con:targetStep>
        <con:upgraded>true</con:upgraded>
      </con:transfers>
      <con:transfers setNullOnMissingSource="true" transferTextContent="true" failOnError="true" ignoreEmpty="false" transferToAll="false" entitize="false" transferChildNodes="false">
        <con:name>biId</con:name>
        <con:sourceType>biId</con:sourceType>
        <con:sourceStep>Data Source for add item to canceled bi</con:sourceStep>
        <con:targetType>req_biId</con:targetType>
        <con:targetStep>Add item to bi which is canceled</con:targetStep>
        <con:upgraded>true</con:upgraded>
      </con:transfers>
    </con:config>
  </con:testStep>
  <con:testStep type="calltestcase" name="Add item to bi which is canceled" id="4c372116-de27-4400-b377-dbcaa165f182">
    <con:settings/>
    <con:config xsi:type="con:RunTestCaseStep" xmlns:xsi="http://www.w3.org/2001/XMLSchema-instance">
      <con:targetTestCase>4b6edbfd-3e9d-4175-a07e-f08d5518f248</con:targetTestCase>
      <con:properties>
        <con:property>
          <con:name>req_finalStatus</con:name>
          <con:value>${Given properties for the test steps#statusDamagedString}</con:value>
        </con:property>
        <con:property>
          <con:name>req_quantity</con:name>
          <con:value>1</con:value>
        </con:property>
        <con:property>
          <con:name>req_productId</con:name>
          <con:value>${Given properties for the test steps#serializedWithoutRangeProductId}</con:value>
        </con:property>
        <con:property>
          <con:name>req_biId</con:name>
          <con:value>${Given properties for the test steps#biId}</con:value>
        </con:property>
        <con:property>
          <con:name>res_code</con:name>
          <con:value>400</con:value>
        </con:property>
        <con:property>
          <con:name>res_itemId</con:name>
          <con:value xsi:nil="true"/>
        </con:property>
        <con:property>
          <con:name>res_newProductId</con:name>
          <con:value xsi:nil="true"/>
        </con:property>
        <con:property>
          <con:name>res_errorMessage</con:name>
          <con:value>BI_MUST_BE_IN_DRAFT_OR_ONGOING_STATE</con:value>
        </con:property>
        <con:property>
          <con:name>req_serialNumber</con:name>
        </con:property>
      </con:properties>
      <con:returnProperties>
        <con:entry>res_code</con:entry>
        <con:entry>res_errorMessage</con:entry>
        <con:entry>res_itemId</con:entry>
        <con:entry>res_newProductId</con:entry>
      </con:returnProperties>
      <con:runMode>PARALLELL</con:runMode>
    </con:config>
  </con:testStep>
  <con:testStep type="assertionteststep" name="Assert bi item is not added to canceled bi" id="b19f2608-6f98-41e0-b9ac-35d3442d4544">
    <con:settings/>
    <con:config xsi:type="con:AssertionTestStep" xmlns:xsi="http://www.w3.org/2001/XMLSchema-instance">
      <con:entry>
        <con:id>a7837d37-82ab-483d-acae-fcbf87b4cc54</con:id>
        <con:isGroup>false</con:isGroup>
        <con:sourceId>4c372116-de27-4400-b377-dbcaa165f182</con:sourceId>
        <con:propertyName>res_code</con:propertyName>
        <con:assertion type="Simple Equals" name="Equals" id="1478abd5-7863-4c99-9ac0-23e6b0ab1458">
          <con:configuration>
            <patternObjectId>c15a2ec4-678d-450c-a0ab-228fb6be9338</patternObjectId>
            <patternProperty>httpCode400</patternProperty>
            <caseSensitive>true</caseSensitive>
          </con:configuration>
        </con:assertion>
      </con:entry>
      <con:entry>
        <con:id>17f3eb90-e5ff-454b-8391-1d7c9aef1d08</con:id>
        <con:isGroup>false</con:isGroup>
        <con:sourceId>4c372116-de27-4400-b377-dbcaa165f182</con:sourceId>
        <con:propertyName>res_errorMessage</con:propertyName>
        <con:assertion type="Simple Equals" name="Equals error message" id="2eb90a86-6f6a-4044-9d29-0e52f3f91a0c">
          <con:configuration>
            <patternObjectId>c15a2ec4-678d-450c-a0ab-228fb6be9338</patternObjectId>
            <patternProperty>errorMessageBiMustBeDraftOrOngoing</patternProperty>
            <caseSensitive>true</caseSensitive>
          </con:configuration>
        </con:assertion>
      </con:entry>
    </con:config>
  </con:testStep>
  <con:testStep type="transfer" name="Property Transfer for stock level and lock controls after fail add" id="55e35c20-23b7-4fd5-a765-fa447bc854a7">
    <con:settings/>
    <con:config xsi:type="con:PropertyTransfersStep" xmlns:xsi="http://www.w3.org/2001/XMLSchema-instance">
      <con:transfers setNullOnMissingSource="true" transferTextContent="true" failOnError="true" ignoreEmpty="false" transferToAll="false" entitize="false" transferChildNodes="false">
        <con:name>productSpecExtId</con:name>
        <con:sourceType>productSpecExtId</con:sourceType>
        <con:sourceStep>Data Source for add item to canceled bi</con:sourceStep>
        <con:sourcePath/>
        <con:targetType>req_productSpecificationExternalId</con:targetType>
        <con:targetStep>Display product stock level after fail add</con:targetStep>
        <con:targetPath/>
        <con:upgraded>true</con:upgraded>
      </con:transfers>
      <con:transfers setNullOnMissingSource="true" transferTextContent="true" failOnError="true" ignoreEmpty="false" transferToAll="false" entitize="false" transferChildNodes="false">
        <con:name>placeId</con:name>
        <con:sourceType>placeId</con:sourceType>
        <con:sourceStep>Given properties for the test steps</con:sourceStep>
        <con:targetType>req_placeId</con:targetType>
        <con:targetStep>Display product stock level after fail add</con:targetStep>
        <con:upgraded>true</con:upgraded>
      </con:transfers>
      <con:transfers setNullOnMissingSource="true" transferTextContent="true" failOnError="true" ignoreEmpty="false" transferToAll="false" entitize="false" transferChildNodes="false">
        <con:name>productStatus</con:name>
        <con:sourceType>statusSellableInteger</con:sourceType>
        <con:sourceStep>Given properties for the test steps</con:sourceStep>
        <con:targetType>req_productStatus</con:targetType>
        <con:targetStep>Display product stock level after fail add</con:targetStep>
        <con:upgraded>true</con:upgraded>
      </con:transfers>
      <con:transfers setNullOnMissingSource="true" transferTextContent="true" failOnError="true" ignoreEmpty="false" transferToAll="false" entitize="false" transferChildNodes="false">
        <con:name>newProductId</con:name>
        <con:sourceType>productId</con:sourceType>
        <con:sourceStep>Data Source for add item to canceled bi</con:sourceStep>
        <con:targetType>req_productId</con:targetType>
        <con:targetStep>Display product for lock after fail add</con:targetStep>
        <con:upgraded>true</con:upgraded>
      </con:transfers>
    </con:config>
  </con:testStep>
  <con:testStep type="calltestcase" name="Display product stock level after fail add" id="9e34bf70-7169-4899-a077-7b15a67eaac6">
    <con:settings/>
    <con:config xsi:type="con:RunTestCaseStep" xmlns:xsi="http://www.w3.org/2001/XMLSchema-instance">
      <con:targetTestCase>ae70f14b-9b62-4330-9f1f-32535bcddc8b</con:targetTestCase>
      <con:properties>
        <con:property>
          <con:name>req_placeId</con:name>
          <con:value>52</con:value>
        </con:property>
        <con:property>
          <con:name>req_productSpecCode</con:name>
          <con:value xsi:nil="true"/>
        </con:property>
        <con:property>
          <con:name>req_productSpecArticle</con:name>
          <con:value xsi:nil="true"/>
        </con:property>
        <con:property>
          <con:name>req_productStatus</con:name>
          <con:value>1</con:value>
        </con:property>
        <con:property>
          <con:name>req_includeLocked</con:name>
          <con:value xsi:nil="true"/>
        </con:property>
        <con:property>
          <con:name>req_productSpecificationExternalId</con:name>
          <con:value>${Given properties for the test steps#SerializedWithoutRangeProductSpecExtId}</con:value>
        </con:property>
        <con:property>
          <con:name>res_placeId</con:name>
          <con:value>52</con:value>
        </con:property>
        <con:property>
          <con:name>res_productSpecificationId</con:name>
          <con:value>2</con:value>
        </con:property>
        <con:property>
          <con:name>res_productSpecificationExternalId</con:name>
          <con:value>EXT-GALAXYNOTE4-1</con:value>
        </con:property>
        <con:property>
          <con:name>res_quantity</con:name>
          <con:value>0</con:value>
        </con:property>
        <con:property>
          <con:name>res_salesOrganizationId</con:name>
          <con:value>99</con:value>
        </con:property>
        <con:property>
          <con:name>res_totalQuantity</con:name>
          <con:value>0</con:value>
        </con:property>
        <con:property>
          <con:name>res_reservedQuantity</con:name>
          <con:value>0</con:value>
        </con:property>
        <con:property>
          <con:name>req_productId</con:name>
          <con:value xsi:nil="true"/>
        </con:property>
        <con:property>
          <con:name>res_code</con:name>
          <con:value xsi:nil="true"/>
        </con:property>
        <con:property>
          <con:name>req_productSerialNumber</con:name>
          <con:value xsi:nil="true"/>
        </con:property>
        <con:property>
          <con:name>req_productSerialText</con:name>
          <con:value xsi:nil="true"/>
        </con:property>
        <con:property>
          <con:name>req_productSpecificationId</con:name>
        </con:property>
        <con:property>
          <con:name>req_parentSerialNumberText</con:name>
        </con:property>
        <con:property>
          <con:name>req_batchId</con:name>
        </con:property>
        <con:property>
          <con:name>req_country</con:name>
        </con:property>
        <con:property>
          <con:name>req_state</con:name>
        </con:property>
        <con:property>
          <con:name>req_city</con:name>
        </con:property>
        <con:property>
          <con:name>req_regionId</con:name>
        </con:property>
        <con:property>
          <con:name>res_fullResponse</con:name>
        </con:property>
        <con:property>
          <con:name>res_errorMessage</con:name>
        </con:property>
      </con:properties>
      <con:returnProperties>
        <con:entry>res_placeId</con:entry>
        <con:entry>res_productSpecificationId</con:entry>
        <con:entry>res_productSpecificationExternalId</con:entry>
        <con:entry>res_quantity</con:entry>
        <con:entry>res_salesOrganizationId</con:entry>
        <con:entry>res_totalQuantity</con:entry>
        <con:entry>res_reservedQuantity</con:entry>
        <con:entry>response</con:entry>
      </con:returnProperties>
      <con:runMode>PARALLELL</con:runMode>
    </con:config>
  </con:testStep>
  <con:testStep type="calltestcase" name="Display product for lock after fail add" id="34db04e2-a01c-4fb4-b747-f0045729755f">
    <con:settings/>
    <con:config xsi:type="con:RunTestCaseStep" xmlns:xsi="http://www.w3.org/2001/XMLSchema-instance">
      <con:targetTestCase>102e2d7b-c4cf-4f53-b777-f08cad671a15</con:targetTestCase>
      <con:properties>
        <con:property>
          <con:name>req_productId</con:name>
          <con:value>${Given properties for the test steps#serializedWithoutRangeProductId}</con:value>
        </con:property>
        <con:property>
          <con:name>res_lockedByBiId</con:name>
          <con:value xsi:nil="true"/>
        </con:property>
        <con:property>
          <con:name>res_id</con:name>
          <con:value>141</con:value>
        </con:property>
        <con:property>
          <con:name>res_code</con:name>
          <con:value>200</con:value>
        </con:property>
        <con:property>
          <con:name>res_lockedByBiItemId</con:name>
          <con:value xsi:nil="true"/>
        </con:property>
        <con:property>
          <con:name>req_prodSpecExtId</con:name>
        </con:property>
        <con:property>
          <con:name>res_startSerialNumber</con:name>
        </con:property>
        <con:property>
          <con:name>res_endSerialNumber</con:name>
        </con:property>
        <con:property>
          <con:name>res_quantity</con:name>
        </con:property>
      </con:properties>
      <con:returnProperties>
        <con:entry>res_id</con:entry>
        <con:entry>res_code</con:entry>
        <con:entry>res_lockedByBiId</con:entry>
        <con:entry>res_lockedByBiItemId</con:entry>
      </con:returnProperties>
      <con:runMode>PARALLELL</con:runMode>
    </con:config>
  </con:testStep>
  <con:testStep type="assertionteststep" name="Assert for stock level and lock controls after fail add" id="6e345c66-7a25-4d7a-8a26-7f7562e8e8e7">
    <con:settings/>
    <con:config xsi:type="con:AssertionTestStep" xmlns:xsi="http://www.w3.org/2001/XMLSchema-instance">
      <con:entry>
        <con:id>071d23a0-1362-44be-91f5-337713c8f09f</con:id>
        <con:isGroup>false</con:isGroup>
        <con:sourceId>9e34bf70-7169-4899-a077-7b15a67eaac6</con:sourceId>
        <con:propertyName>res_reservedQuantity</con:propertyName>
        <con:assertion type="Simple Equals" name="Equals reserved" id="e0cee6e5-9f9c-4e89-b0d1-de17c9eb425f">
          <con:configuration>
            <patternText>0</patternText>
            <caseSensitive>true</caseSensitive>
          </con:configuration>
        </con:assertion>
      </con:entry>
      <con:entry>
        <con:id>b46dd1a4-b791-4a82-ac6e-2b0bd7ad7c4a</con:id>
        <con:isGroup>false</con:isGroup>
        <con:sourceId>8116726d-beb1-483b-ab96-5e2cc9f200b0</con:sourceId>
        <con:propertyName>totalQuantityAfterFailAdd</con:propertyName>
        <con:assertion type="Simple Equals" name="Equals" id="9f2f4793-c96b-4db1-93de-32302657d60d">
          <con:configuration>
            <patternObjectId>8116726d-beb1-483b-ab96-5e2cc9f200b0</patternObjectId>
            <patternProperty>totalQuantityAfterFailAdd</patternProperty>
            <caseSensitive>true</caseSensitive>
          </con:configuration>
        </con:assertion>
      </con:entry>
      <con:entry>
        <con:id>45eb1221-4e47-4769-9502-e106028d6aac</con:id>
        <con:isGroup>false</con:isGroup>
        <con:sourceId>34db04e2-a01c-4fb4-b747-f0045729755f</con:sourceId>
        <con:propertyName>res_lockedByBiId</con:propertyName>
        <con:assertion type="Simple NotContains" name="Not Contains" id="5a2cfeef-4e01-4cbe-9a9a-69aa5a17d35e">
          <con:configuration>
            <token>\d+</token>
            <ignoreCase>false</ignoreCase>
            <useRegEx>true</useRegEx>
          </con:configuration>
        </con:assertion>
      </con:entry>
      <con:entry>
        <con:id>1aeaa655-8e1f-42ce-8ded-62a16bda2e88</con:id>
        <con:isGroup>false</con:isGroup>
        <con:sourceId>34db04e2-a01c-4fb4-b747-f0045729755f</con:sourceId>
        <con:propertyName>res_lockedByBiItemId</con:propertyName>
        <con:assertion type="Simple NotContains" name="Not Contains 2" id="c224fe32-6160-4255-bfa4-6f119babf8af">
          <con:configuration>
            <token>\d+</token>
            <ignoreCase>false</ignoreCase>
            <useRegEx>true</useRegEx>
          </con:configuration>
        </con:assertion>
      </con:entry>
      <con:entry>
        <con:id>6c090bec-c369-4503-b083-107387e629ef</con:id>
        <con:isGroup>false</con:isGroup>
        <con:sourceId>9e34bf70-7169-4899-a077-7b15a67eaac6</con:sourceId>
        <con:propertyName>res_totalQuantity</con:propertyName>
        <con:assertion type="Simple Equals" name="Equals total" id="41dfb813-a99e-43f8-a382-767a2abf7b50">
          <con:configuration>
            <patternObjectId>8116726d-beb1-483b-ab96-5e2cc9f200b0</patternObjectId>
            <patternProperty>totalQuantityAfterFailAdd</patternProperty>
            <caseSensitive>true</caseSensitive>
          </con:configuration>
        </con:assertion>
      </con:entry>
    </con:config>
  </con:testStep>
  <con:testStep type="datasourceloop" name="DataSource Loop for add item to canceled bi" id="74382a24-3291-4179-8015-e9f7d9e8f452">
    <con:settings/>
    <con:config>
      <dataSourceStep>Data Source for add item to canceled bi</dataSourceStep>
      <targetStep>DataGen for quantities</targetStep>
    </con:config>
  </con:testStep>
  <con:properties>
    <con:property>
      <con:name>req_userRoleId</con:name>
      <con:value>10023</con:value>
    </con:property>
    <con:property>
      <con:name>req_salesOrgRoleId</con:name>
      <con:value>10021</con:value>
    </con:property>
    <con:property>
      <con:name>req_placeId</con:name>
      <con:value>10012</con:value>
    </con:property>
    <con:property>
      <con:name>serializedProductId</con:name>
      <con:value>493</con:value>
    </con:property>
    <con:property>
      <con:name>nonSerializedProductId</con:name>
      <con:value>492</con:value>
    </con:property>
    <con:property>
      <con:name>serializedWithoutRangeProductId</con:name>
      <con:value>494</con:value>
    </con:property>
  </con:properties>
  <con:reportParameters/>
  <con:breakPoints>
    <con:testStepId>aae8cfed-e6a2-4304-bcee-5ca996f4ff31</con:testStepId>
    <con:status>NONE</con:status>
    <con:properties/>
  </con:breakPoints>
  <con:breakPoints>
    <con:testStepId>b0d3718d-e5a9-40bf-a906-75214c882ee9</con:testStepId>
    <con:status>NONE</con:status>
    <con:properties/>
  </con:breakPoints>
  <con:breakPoints>
    <con:testStepId>61c40cad-71fa-4bcb-ac37-4aeaaaf50736</con:testStepId>
    <con:status>NONE</con:status>
    <con:properties/>
  </con:breakPoints>
  <con:breakPoints>
    <con:testStepId>407e56b0-1e4a-4043-b6ce-04d5bbc02872</con:testStepId>
    <con:status>NONE</con:status>
    <con:properties/>
  </con:breakPoints>
  <con:breakPoints>
    <con:testStepId>5892d5d3-862e-4490-9095-18a588edd727</con:testStepId>
    <con:status>NONE</con:status>
    <con:properties/>
  </con:breakPoints>
  <con:breakPoints>
    <con:testStepId>3782b19b-48c5-4379-8eb4-e12ea7e443a1</con:testStepId>
    <con:status>NONE</con:status>
    <con:properties/>
  </con:breakPoints>
  <con:breakPoints>
    <con:testStepId>0a5a117d-0f4a-432d-a591-599430d5f9c3</con:testStepId>
    <con:status>NONE</con:status>
    <con:properties/>
  </con:breakPoints>
  <con:breakPoints>
    <con:testStepId>ce6396b5-8691-407e-99a7-8126b72d4c35</con:testStepId>
    <con:status>NONE</con:status>
    <con:properties/>
  </con:breakPoints>
  <con:breakPoints>
    <con:testStepId>e64a97fa-2e69-42ba-bed9-44cf7e1ae958</con:testStepId>
    <con:status>NONE</con:status>
    <con:properties/>
  </con:breakPoints>
  <con:breakPoints>
    <con:testStepId>6a08696c-691d-402c-8316-4d11011d3c2f</con:testStepId>
    <con:status>NONE</con:status>
    <con:properties/>
  </con:breakPoints>
  <con:breakPoints>
    <con:testStepId>9849473e-903b-488b-8c54-7f6393baf0e9</con:testStepId>
    <con:status>NONE</con:status>
    <con:properties/>
  </con:breakPoints>
  <con:breakPoints>
    <con:testStepId>9675e4af-fe05-4a9c-91fc-c0b29601a297</con:testStepId>
    <con:status>NONE</con:status>
    <con:properties/>
  </con:breakPoints>
  <con:breakPoints>
    <con:testStepId>41b3cf88-b7c1-429e-8d44-add9cceb02f7</con:testStepId>
    <con:status>NONE</con:status>
    <con:properties/>
  </con:breakPoints>
  <con:breakPoints>
    <con:testStepId>26f97740-e33e-4555-9eea-0cc3e2499022</con:testStepId>
    <con:status>NONE</con:status>
    <con:properties/>
  </con:breakPoints>
  <con:breakPoints>
    <con:testStepId>36b1c388-0d96-4847-814d-3f82f2b76435</con:testStepId>
    <con:status>NONE</con:status>
    <con:properties/>
  </con:breakPoints>
  <con:breakPoints>
    <con:testStepId>c57c5414-c061-4ac2-8df9-a80155be3aa3</con:testStepId>
    <con:status>NONE</con:status>
    <con:properties/>
  </con:breakPoints>
  <con:breakPoints>
    <con:testStepId>2fc7de82-32e4-4ae0-9bbe-6d60acdad547</con:testStepId>
    <con:status>NONE</con:status>
    <con:properties/>
  </con:breakPoints>
  <con:breakPoints>
    <con:testStepId>4bf732c8-4a51-45a8-805d-de65992434c1</con:testStepId>
    <con:status>NONE</con:status>
    <con:properties/>
  </con:breakPoints>
  <con:breakPoints>
    <con:testStepId>83cafb12-89d6-4579-af27-73e27ce8f2ce</con:testStepId>
    <con:status>NONE</con:status>
    <con:properties/>
  </con:breakPoints>
  <con:breakPoints>
    <con:testStepId>8e0bd1ac-2eca-4357-b502-a6204480d2cd</con:testStepId>
    <con:status>NONE</con:status>
    <con:properties/>
  </con:breakPoints>
  <con:breakPoints>
    <con:testStepId>37a2429a-5589-4bdc-b664-e468df27b799</con:testStepId>
    <con:status>NONE</con:status>
    <con:properties/>
  </con:breakPoints>
  <con:breakPoints>
    <con:testStepId>edac4999-1d9e-42a5-8a91-f43cd085c741</con:testStepId>
    <con:status>NONE</con:status>
    <con:properties/>
  </con:breakPoints>
  <con:breakPoints>
    <con:testStepId>f55f3b66-c85d-42b5-942c-8ce871b97f9b</con:testStepId>
    <con:status>NONE</con:status>
    <con:properties/>
  </con:breakPoints>
  <con:breakPoints>
    <con:testStepId>a2b6a57c-81fa-40c5-81c8-93d1d833b95f</con:testStepId>
    <con:status>NONE</con:status>
    <con:properties/>
  </con:breakPoints>
  <con:breakPoints>
    <con:testStepId>5305a315-95c3-442b-a3bd-dd2cafd26b8b</con:testStepId>
    <con:status>NONE</con:status>
    <con:properties/>
  </con:breakPoints>
  <con:breakPoints>
    <con:testStepId>865a4e1f-3579-452a-a5c7-68a50352738c</con:testStepId>
    <con:status>NONE</con:status>
    <con:properties/>
  </con:breakPoints>
  <con:breakPoints>
    <con:testStepId>f0f248f6-0bf7-4345-9ce1-1eb4f94c8b61</con:testStepId>
    <con:status>NONE</con:status>
    <con:properties/>
  </con:breakPoints>
  <con:breakPoints>
    <con:testStepId>d2eb6725-88c8-40f1-b093-8d4abb763667</con:testStepId>
    <con:status>NONE</con:status>
    <con:properties/>
  </con:breakPoints>
  <con:breakPoints>
    <con:testStepId>c26a9d75-b6e9-4c72-8e15-0805938d4485</con:testStepId>
    <con:status>NONE</con:status>
    <con:properties/>
  </con:breakPoints>
  <con:breakPoints>
    <con:testStepId>4c1f5d2b-f90a-44f3-9e46-a8f7ddcfadd7</con:testStepId>
    <con:status>NONE</con:status>
    <con:properties/>
  </con:breakPoints>
  <con:breakPoints>
    <con:testStepId>ec380b65-b4ab-4983-bdf9-0e97492f428d</con:testStepId>
    <con:status>NONE</con:status>
    <con:properties/>
  </con:breakPoints>
  <con:breakPoints>
    <con:testStepId>b5ac0119-5876-4b31-a34c-369b42eb8fa0</con:testStepId>
    <con:status>NONE</con:status>
    <con:properties/>
  </con:breakPoints>
  <con:breakPoints>
    <con:testStepId>97fbc911-9fa4-40e4-ab48-2ad428b487b4</con:testStepId>
    <con:status>NONE</con:status>
    <con:properties/>
  </con:breakPoints>
  <con:breakPoints>
    <con:testStepId>46559c77-1dee-4ed4-b81f-9810e0c4bcd8</con:testStepId>
    <con:status>NONE</con:status>
    <con:properties/>
  </con:breakPoints>
  <con:breakPoints>
    <con:testStepId>c2510d46-01e9-433f-9226-345502160b2e</con:testStepId>
    <con:status>NONE</con:status>
    <con:properties/>
  </con:breakPoints>
  <con:breakPoints>
    <con:testStepId>4eeb629c-3f8c-497a-81aa-84ad8abae4c3</con:testStepId>
    <con:status>NONE</con:status>
    <con:properties/>
  </con:breakPoints>
  <con:breakPoints>
    <con:testStepId>e1beef1d-4c0c-47fb-be8b-4138ff69347f</con:testStepId>
    <con:status>NONE</con:status>
    <con:properties/>
  </con:breakPoints>
  <con:breakPoints>
    <con:testStepId>65099d87-81b7-4b9a-ad19-4b27b7088061</con:testStepId>
    <con:status>NONE</con:status>
    <con:properties/>
  </con:breakPoints>
  <con:breakPoints>
    <con:testStepId>c0b4c9f6-7ba0-4317-9147-51054c802212</con:testStepId>
    <con:status>NONE</con:status>
    <con:properties/>
  </con:breakPoints>
  <con:breakPoints>
    <con:testStepId>2b883b0a-1acb-4f06-aeaf-ac752d984dd8</con:testStepId>
    <con:status>NONE</con:status>
    <con:properties/>
  </con:breakPoints>
  <con:breakPoints>
    <con:testStepId>e3d9d3ce-0419-4aa9-ab61-87ddedf19b00</con:testStepId>
    <con:status>NONE</con:status>
    <con:properties/>
  </con:breakPoints>
  <con:breakPoints>
    <con:testStepId>31df8f1d-0f34-4037-ad46-6997feb5e73a</con:testStepId>
    <con:status>NONE</con:status>
    <con:properties/>
  </con:breakPoints>
  <con:breakPoints>
    <con:testStepId>2e4ee573-ba8f-4302-823f-00998128abcc</con:testStepId>
    <con:status>NONE</con:status>
    <con:properties/>
  </con:breakPoints>
  <con:breakPoints>
    <con:testStepId>c6bc5d24-6a13-4f78-a13b-d306cad6afb4</con:testStepId>
    <con:status>NONE</con:status>
    <con:properties/>
  </con:breakPoints>
  <con:breakPoints>
    <con:testStepId>9f8fb287-f044-4d7b-9209-d41e50a06b57</con:testStepId>
    <con:status>NONE</con:status>
    <con:properties/>
  </con:breakPoints>
  <con:breakPoints>
    <con:testStepId>19017502-c5e2-4834-bfe6-db36abc0815b</con:testStepId>
    <con:status>NONE</con:status>
    <con:properties/>
  </con:breakPoints>
  <con:breakPoints>
    <con:testStepId>306df5f4-2be4-4754-a618-356d98cd486c</con:testStepId>
    <con:status>NONE</con:status>
    <con:properties/>
  </con:breakPoints>
  <con:breakPoints>
    <con:testStepId>ef25f4ef-bd89-4626-b632-b75791b91eca</con:testStepId>
    <con:status>NONE</con:status>
    <con:properties/>
  </con:breakPoints>
  <con:breakPoints>
    <con:testStepId>3df93aa5-5c51-40f0-8ede-c981378ec85e</con:testStepId>
    <con:status>NONE</con:status>
    <con:properties/>
  </con:breakPoints>
  <con:breakPoints>
    <con:testStepId>c772a1b2-d295-4f86-b436-50ae3bda3d85</con:testStepId>
    <con:status>NONE</con:status>
    <con:properties/>
  </con:breakPoints>
  <con:breakPoints>
    <con:testStepId>3bb8f3d5-e042-434a-89b9-c83420512d89</con:testStepId>
    <con:status>NONE</con:status>
    <con:properties/>
  </con:breakPoints>
  <con:breakPoints>
    <con:testStepId>c3694633-dfe0-4901-9fda-0937b903b07f</con:testStepId>
    <con:status>NONE</con:status>
    <con:properties/>
  </con:breakPoints>
  <con:breakPoints>
    <con:testStepId>f006d382-0206-4b55-92d7-1e45e4a5f31a</con:testStepId>
    <con:status>NONE</con:status>
    <con:properties/>
  </con:breakPoints>
  <con:breakPoints>
    <con:testStepId>29120921-684c-4fb2-9bdc-ca22107007b5</con:testStepId>
    <con:status>NONE</con:status>
    <con:properties/>
  </con:breakPoints>
  <con:breakPoints>
    <con:testStepId>bf416237-1947-4709-9528-f57d33302611</con:testStepId>
    <con:status>NONE</con:status>
    <con:properties/>
  </con:breakPoints>
  <con:breakPoints>
    <con:testStepId>9ca995f1-fd72-4ba3-8342-dd8130e27a28</con:testStepId>
    <con:status>NONE</con:status>
    <con:properties/>
  </con:breakPoints>
  <con:breakPoints>
    <con:testStepId>748899ae-efc1-4620-a420-34a97b709a94</con:testStepId>
    <con:status>NONE</con:status>
    <con:properties/>
  </con:breakPoints>
  <con:breakPoints>
    <con:testStepId>66656c40-2ef4-4459-b340-14c6ca355973</con:testStepId>
    <con:status>NONE</con:status>
    <con:properties/>
  </con:breakPoints>
  <con:breakPoints>
    <con:testStepId>6aa26678-cbfc-456a-84a3-9c3d655a899b</con:testStepId>
    <con:status>NONE</con:status>
    <con:properties/>
  </con:breakPoints>
  <con:breakPoints>
    <con:testStepId>c15a2ec4-678d-450c-a0ab-228fb6be9338</con:testStepId>
    <con:status>NONE</con:status>
    <con:properties/>
  </con:breakPoints>
  <con:breakPoints>
    <con:testStepId>36998048-9e3f-4a61-a928-8c29eaff8858</con:testStepId>
    <con:status>NONE</con:status>
    <con:properties/>
  </con:breakPoints>
  <con:breakPoints>
    <con:testStepId>9c66690e-8c10-4e15-ba79-3c93b6847e3e</con:testStepId>
    <con:status>NONE</con:status>
    <con:properties/>
  </con:breakPoints>
  <con:breakPoints>
    <con:testStepId>5256c1f0-7259-4566-a4f4-dccee9d7377f</con:testStepId>
    <con:status>NONE</con:status>
    <con:properties/>
  </con:breakPoints>
  <con:breakPoints>
    <con:testStepId>a9165891-b2cc-4a5e-b166-8ff7d1ef6cb3</con:testStepId>
    <con:status>NONE</con:status>
    <con:properties/>
  </con:breakPoints>
  <con:breakPoints>
    <con:testStepId>6ebc78b6-1761-4ba3-a95d-d522a9592a42</con:testStepId>
    <con:status>NONE</con:status>
    <con:properties/>
  </con:breakPoints>
  <con:breakPoints>
    <con:testStepId>f8a09217-b532-4965-9171-26ff483155b3</con:testStepId>
    <con:status>NONE</con:status>
    <con:properties/>
  </con:breakPoints>
  <con:breakPoints>
    <con:testStepId>e4ad7e00-a4cc-48e2-a08e-74073b5ddb42</con:testStepId>
    <con:status>NONE</con:status>
    <con:properties/>
  </con:breakPoints>
  <con:breakPoints>
    <con:testStepId>c51976c4-8952-4a90-902e-a6f9eb98b667</con:testStepId>
    <con:status>NONE</con:status>
    <con:properties/>
  </con:breakPoints>
  <con:breakPoints>
    <con:testStepId>01516591-3394-448d-9efb-94742717daba</con:testStepId>
    <con:status>NONE</con:status>
    <con:properties/>
  </con:breakPoints>
  <con:breakPoints>
    <con:testStepId>fa9a15f4-d06d-4094-aed6-ce72f25adae4</con:testStepId>
    <con:status>NONE</con:status>
    <con:properties/>
  </con:breakPoints>
  <con:breakPoints>
    <con:testStepId>0eb7d142-a4f9-4d77-bb42-5fd3fa5593ca</con:testStepId>
    <con:status>NONE</con:status>
    <con:properties/>
  </con:breakPoints>
  <con:breakPoints>
    <con:testStepId>74382a24-3291-4179-8015-e9f7d9e8f452</con:testStepId>
    <con:status>NONE</con:status>
    <con:properties/>
  </con:breakPoints>
  <con:breakPoints>
    <con:testStepId>8116726d-beb1-483b-ab96-5e2cc9f200b0</con:testStepId>
    <con:status>NONE</con:status>
    <con:properties/>
  </con:breakPoints>
  <con:breakPoints>
    <con:testStepId>056a16e2-622e-46ce-9d9c-ab97d7c2af5b</con:testStepId>
    <con:status>NONE</con:status>
    <con:properties/>
  </con:breakPoints>
  <con:breakPoints>
    <con:testStepId>613fa4b7-014b-4341-bfe9-c0563724dc1c</con:testStepId>
    <con:status>NONE</con:status>
    <con:properties/>
  </con:breakPoints>
  <con:breakPoints>
    <con:testStepId>10808d3c-6e95-4aa0-b47f-2a5cf5fc22e1</con:testStepId>
    <con:status>NONE</con:status>
    <con:properties/>
  </con:breakPoints>
  <con:breakPoints>
    <con:testStepId>cf7f2341-fbdc-4f42-a770-744539a04a32</con:testStepId>
    <con:status>NONE</con:status>
    <con:properties/>
  </con:breakPoints>
  <con:breakPoints>
    <con:testStepId>ec89bef0-98f9-49e9-ba4f-c25ce1a30e4a</con:testStepId>
    <con:status>NONE</con:status>
    <con:properties/>
  </con:breakPoints>
  <con:breakPoints>
    <con:testStepId>c3d9b924-f6c1-438c-9e4f-5ab23370ecf5</con:testStepId>
    <con:status>NONE</con:status>
    <con:properties/>
  </con:breakPoints>
  <con:breakPoints>
    <con:testStepId>7c5215ba-d165-4ded-bc70-5731b26f14b6</con:testStepId>
    <con:status>NONE</con:status>
    <con:properties/>
  </con:breakPoints>
  <con:breakPoints>
    <con:testStepId>194a9f74-5b99-402f-8d26-02a99e6381bc</con:testStepId>
    <con:status>NONE</con:status>
    <con:properties/>
  </con:breakPoints>
  <con:breakPoints>
    <con:testStepId>29028953-f1a9-463b-ba3e-4e03214dc19a</con:testStepId>
    <con:status>NONE</con:status>
    <con:properties/>
  </con:breakPoints>
  <con:breakPoints>
    <con:testStepId>ebbf67f9-ecf2-4dd5-835a-8acf1b48f3c4</con:testStepId>
    <con:status>NONE</con:status>
    <con:properties/>
  </con:breakPoints>
  <con:breakPoints>
    <con:testStepId>6e8a4ff0-dfe2-4daa-94d2-2fbfe583f2b9</con:testStepId>
    <con:status>NONE</con:status>
    <con:properties/>
  </con:breakPoints>
  <con:breakPoints>
    <con:testStepId>73afe836-3d21-4f41-870b-fd40fa65ad16</con:testStepId>
    <con:status>NONE</con:status>
    <con:properties/>
  </con:breakPoints>
  <con:breakPoints>
    <con:testStepId>ca389b12-efbb-44b8-8574-23c1be0edd4b</con:testStepId>
    <con:status>NONE</con:status>
    <con:properties/>
  </con:breakPoints>
  <con:breakPoints>
    <con:testStepId>de1601dd-f6f1-46f4-8249-2e342ac903f9</con:testStepId>
    <con:status>NONE</con:status>
    <con:properties/>
  </con:breakPoints>
  <con:breakPoints>
    <con:testStepId>0789d8d2-e169-4ab7-ae27-0fc7247272ad</con:testStepId>
    <con:status>NONE</con:status>
    <con:properties/>
  </con:breakPoints>
  <con:breakPoints>
    <con:testStepId>aaeb07e0-13cb-4960-9c87-bbdabc4d8c08</con:testStepId>
    <con:status>NONE</con:status>
    <con:properties/>
  </con:breakPoints>
  <con:breakPoints>
    <con:testStepId>d47c3b3f-04d9-48aa-850a-ce836d3e5c6a</con:testStepId>
    <con:status>NONE</con:status>
    <con:properties/>
  </con:breakPoints>
  <con:breakPoints>
    <con:testStepId>3f50306c-241e-4ce4-b570-8a67b2eff51a</con:testStepId>
    <con:status>NONE</con:status>
    <con:properties/>
  </con:breakPoints>
  <con:breakPoints>
    <con:testStepId>c88068f0-f301-40f7-8ec6-05cc41433e2e</con:testStepId>
    <con:status>NONE</con:status>
    <con:properties/>
  </con:breakPoints>
  <con:breakPoints>
    <con:testStepId>3ac7bfbc-7a4d-4875-baf9-3ab94fd7f09d</con:testStepId>
    <con:status>NONE</con:status>
    <con:properties/>
  </con:breakPoints>
  <con:breakPoints>
    <con:testStepId>74249c85-1676-4403-aed0-1630ce80000e</con:testStepId>
    <con:status>NONE</con:status>
    <con:properties/>
  </con:breakPoints>
  <con:breakPoints>
    <con:testStepId>2314af47-43ca-487f-991e-070f974fbae6</con:testStepId>
    <con:status>NONE</con:status>
    <con:properties/>
  </con:breakPoints>
  <con:breakPoints>
    <con:testStepId>e33949ef-b456-42f4-8c67-6467d27f7cf1</con:testStepId>
    <con:status>ENABLED</con:status>
    <con:properties/>
  </con:breakPoints>
  <con:breakPoints>
    <con:testStepId>30729e43-8628-4be8-885b-a5e7e41170e9</con:testStepId>
    <con:status>NONE</con:status>
    <con:properties/>
  </con:breakPoints>
  <con:breakPoints>
    <con:testStepId>85af19a2-a496-4283-9ad0-18db6002c7e4</con:testStepId>
    <con:status>NONE</con:status>
    <con:properties/>
  </con:breakPoints>
  <con:breakPoints>
    <con:testStepId>9611f58d-e311-488f-b181-974d04942a06</con:testStepId>
    <con:status>NONE</con:status>
    <con:properties/>
  </con:breakPoints>
  <con:breakPoints>
    <con:testStepId>7b4feae1-ec34-46f0-84f7-87aacec10d7b</con:testStepId>
    <con:status>NONE</con:status>
    <con:properties/>
  </con:breakPoints>
  <con:breakPoints>
    <con:testStepId>da91bff4-8af2-452b-ae63-a11bd2382113</con:testStepId>
    <con:status>ENABLED</con:status>
    <con:properties/>
  </con:breakPoints>
  <con:breakPoints>
    <con:testStepId>fa29a096-7976-453f-8cd7-92375dbd22f1</con:testStepId>
    <con:status>NONE</con:status>
    <con:properties/>
  </con:breakPoints>
  <con:breakPoints>
    <con:testStepId>69aa6e28-1030-47d6-9c7f-78c6051b8ae1</con:testStepId>
    <con:status>NONE</con:status>
    <con:properties/>
  </con:breakPoints>
  <con:breakPoints>
    <con:testStepId>dc6560c3-50b9-4a4f-9fee-39551222bfec</con:testStepId>
    <con:status>NONE</con:status>
    <con:properties/>
  </con:breakPoints>
  <con:breakPoints>
    <con:testStepId>1bd9b8c7-e3b0-4ea6-b832-364f08d903b4</con:testStepId>
    <con:status>NONE</con:status>
    <con:properties/>
  </con:breakPoints>
  <con:breakPoints>
    <con:testStepId>1bf2c4ac-f9b5-40f6-9820-d2de99cd7805</con:testStepId>
    <con:status>NONE</con:status>
    <con:properties/>
  </con:breakPoints>
  <con:breakPoints>
    <con:testStepId>b74304e3-faf2-4484-a817-5cba4efae17f</con:testStepId>
    <con:status>NONE</con:status>
    <con:properties/>
  </con:breakPoints>
  <con:breakPoints>
    <con:testStepId>4e1a4f10-db9c-4490-b451-4469fd3defff</con:testStepId>
    <con:status>NONE</con:status>
    <con:properties/>
  </con:breakPoints>
  <con:breakPoints>
    <con:testStepId>3c1a2fd4-8e5b-4fd1-9e93-2058a57d426d</con:testStepId>
    <con:status>NONE</con:status>
    <con:properties/>
  </con:breakPoints>
  <con:breakPoints>
    <con:testStepId>b16965dc-5c85-446c-8ecc-c645c0e011f6</con:testStepId>
    <con:status>NONE</con:status>
    <con:properties/>
  </con:breakPoints>
  <con:breakPoints>
    <con:testStepId>b88bce99-8ef5-48eb-a614-9a15d947e68e</con:testStepId>
    <con:status>NONE</con:status>
    <con:properties/>
  </con:breakPoints>
  <con:breakPoints>
    <con:testStepId>5dc33a52-565a-4199-9c3b-18ac348bf4b4</con:testStepId>
    <con:status>NONE</con:status>
    <con:properties/>
  </con:breakPoints>
  <con:breakPoints>
    <con:testStepId>2681780f-1775-4155-b6aa-e262c6083e7e</con:testStepId>
    <con:status>NONE</con:status>
    <con:properties/>
  </con:breakPoints>
  <con:breakPoints>
    <con:testStepId>69491c66-506d-4bc1-9d20-87973ab70388</con:testStepId>
    <con:status>NONE</con:status>
    <con:properties/>
  </con:breakPoints>
  <con:breakPoints>
    <con:testStepId>3b4948c8-6653-4a7b-8674-41b545377bf7</con:testStepId>
    <con:status>NONE</con:status>
    <con:properties/>
  </con:breakPoints>
  <con:breakPoints>
    <con:testStepId>46336afd-2b7f-47d5-959b-c971823f0f85</con:testStepId>
    <con:status>NONE</con:status>
    <con:properties/>
  </con:breakPoints>
  <con:breakPoints>
    <con:testStepId>bcf93c25-0a72-4632-88da-0dc6a0f35307</con:testStepId>
    <con:status>NONE</con:status>
    <con:properties/>
  </con:breakPoints>
  <con:breakPoints>
    <con:testStepId>57a499c3-446a-44fa-b328-63aebb9512b6</con:testStepId>
    <con:status>NONE</con:status>
    <con:properties/>
  </con:breakPoints>
  <con:breakPoints>
    <con:testStepId>03664a9d-48c1-4a07-9428-de1aebe2f5e3</con:testStepId>
    <con:status>NONE</con:status>
    <con:properties/>
  </con:breakPoints>
  <con:breakPoints>
    <con:testStepId>ab0f1418-58ee-46f4-b700-c883ac8aa9a9</con:testStepId>
    <con:status>NONE</con:status>
    <con:properties/>
  </con:breakPoints>
  <con:breakPoints>
    <con:testStepId>ba6fd08d-b598-4b9e-8501-1251b6d1a4d6</con:testStepId>
    <con:status>NONE</con:status>
    <con:properties/>
  </con:breakPoints>
  <con:breakPoints>
    <con:testStepId>7ebe64f9-a9ef-411b-88b5-43f5d796a86b</con:testStepId>
    <con:status>NONE</con:status>
    <con:properties/>
  </con:breakPoints>
  <con:breakPoints>
    <con:testStepId>3e6364d2-b39b-4af2-8f17-405215f4c577</con:testStepId>
    <con:status>NONE</con:status>
    <con:properties/>
  </con:breakPoints>
  <con:breakPoints>
    <con:testStepId>4c372116-de27-4400-b377-dbcaa165f182</con:testStepId>
    <con:status>NONE</con:status>
    <con:properties/>
  </con:breakPoints>
  <con:breakPoints>
    <con:testStepId>b19f2608-6f98-41e0-b9ac-35d3442d4544</con:testStepId>
    <con:status>NONE</con:status>
    <con:properties/>
  </con:breakPoints>
  <con:breakPoints>
    <con:testStepId>55e35c20-23b7-4fd5-a765-fa447bc854a7</con:testStepId>
    <con:status>NONE</con:status>
    <con:properties/>
  </con:breakPoints>
  <con:breakPoints>
    <con:testStepId>9e34bf70-7169-4899-a077-7b15a67eaac6</con:testStepId>
    <con:status>NONE</con:status>
    <con:properties/>
  </con:breakPoints>
  <con:breakPoints>
    <con:testStepId>34db04e2-a01c-4fb4-b747-f0045729755f</con:testStepId>
    <con:status>NONE</con:status>
    <con:properties/>
  </con:breakPoints>
  <con:breakPoints>
    <con:testStepId>6e345c66-7a25-4d7a-8a26-7f7562e8e8e7</con:testStepId>
    <con:status>NONE</con:status>
    <con:properties/>
  </con:breakPoints>
  <con:breakPoints>
    <con:testStepId>9df8f220-c86f-4317-b368-0251840c14fa</con:testStepId>
    <con:status>NONE</con:status>
    <con:properties/>
  </con:breakPoints>
  <con:breakPoints>
    <con:testStepId>ee22e9ac-caf4-44ce-babc-a3d9138fd183</con:testStepId>
    <con:status>NONE</con:status>
    <con:properties/>
  </con:breakPoints>
  <con:breakPoints>
    <con:testStepId>1c8c15ca-c836-4068-a44e-79b929576ac2</con:testStepId>
    <con:status>NONE</con:status>
    <con:properties/>
  </con:breakPoints>
  <con:breakPoints>
    <con:testStepId>b6e687ac-e49c-4d66-835e-861864ca48a8</con:testStepId>
    <con:status>NONE</con:status>
    <con:properties/>
  </con:breakPoints>
  <con:breakPoints>
    <con:testStepId>c5301414-44fd-4d8d-a031-947cb77c29c0</con:testStepId>
    <con:status>NONE</con:status>
    <con:properties/>
  </con:breakPoints>
  <con:breakPoints>
    <con:testStepId>05883ce2-ad98-4151-8731-2a0c2c0b3bbe</con:testStepId>
    <con:status>NONE</con:status>
    <con:properties/>
  </con:breakPoints>
  <con:breakPoints>
    <con:testStepId>143d0766-738f-4bf6-848f-966ad873b786</con:testStepId>
    <con:status>NONE</con:status>
    <con:properties/>
  </con:breakPoints>
  <con:breakPoints>
    <con:testStepId>b13c550a-384e-4f85-9aca-1c8b58c71873</con:testStepId>
    <con:status>NONE</con:status>
    <con:properties/>
  </con:breakPoints>
  <con:breakPoints>
    <con:testStepId>31610cd7-c1fb-4133-a0f3-83244e6c8d42</con:testStepId>
    <con:status>NONE</con:status>
    <con:properties/>
  </con:breakPoints>
</con:testCase>