<?xml version="1.0" encoding="UTF-8"?>
<con:testCase id="4b82d18d-e951-4125-a2a6-a17b3fa40405" discardOkResults="true" failOnError="true" failTestCaseOnErrors="true" keepSession="false" name="Test Case 4 - Int Api" searchProperties="true" timeout="0" xmlns:con="http://eviware.com/soapui/config">
  <con:settings>
    <con:setting id="4b82d18d-e951-4125-a2a6-a17b3fa40405fileName">Test-Case-4---Int-Api</con:setting>
  </con:settings>
  <con:savedRecentRuns>1</con:savedRecentRuns>
  <con:testStep type="datagen" name="DataGen for random variables" id="2d557052-f571-499e-be24-916ac41e7f9e">
    <con:settings/>
    <con:config xsi:type="con:DataGeneratorStep" xmlns:xsi="http://www.w3.org/2001/XMLSchema-instance">
      <con:property type="Script">
        <con:configuration>
          <script>def date1 = new java.text.SimpleDateFormat("yyyy-MM-dd")
def date = date1.format(new Date())
def date2 = new java.text.SimpleDateFormat("HH:mm:ss")
def time = date2.format(new Date())
return date+"T"+time+".000Z"

//2017-12-19T00:00:00.000Z</script>
        </con:configuration>
        <con:name>purchaseDate</con:name>
        <con:mode>STEP</con:mode>
        <con:shared>false</con:shared>
      </con:property>
      <con:property type="Script">
        <con:configuration>
          <script>def date2 = new java.text.SimpleDateFormat("SSS")
def time = date2.format(new Date())
def date1 = new java.text.SimpleDateFormat("SssSSSS")
def time1 = date1.format(new Date())
return "userName"+time1</script>
        </con:configuration>
        <con:name>userName</con:name>
        <con:mode>STEP</con:mode>
        <con:shared>false</con:shared>
      </con:property>
      <con:property type="Script">
        <con:configuration>
          <script>def date2 = new java.text.SimpleDateFormat("SssSSSS")
def time = date2.format(new Date())

return "userName"+time+"@email.com"</script>
        </con:configuration>
        <con:name>email</con:name>
        <con:mode>STEP</con:mode>
        <con:shared>false</con:shared>
      </con:property>
      <con:property type="Script">
        <con:configuration>
          <script>def date2 = new java.text.SimpleDateFormat("SSS")
def time = date2.format(new Date())
def date1 = new java.text.SimpleDateFormat("SssSSSS")
def time1 = date1.format(new Date())
return "userName"+time1+" "+time1</script>
        </con:configuration>
        <con:name>userName Whitespace</con:name>
        <con:mode>STEP</con:mode>
        <con:shared>false</con:shared>
      </con:property>
      <con:property type="Script">
        <con:configuration>
          <script>def date2 = new java.text.SimpleDateFormat("SSS")
def time = date2.format(new Date())
def date1 = new java.text.SimpleDateFormat("SssSSSS")
def time1 = date1.format(new Date())
return "userNam"+time1</script>
        </con:configuration>
        <con:name>userName2</con:name>
        <con:mode>STEP</con:mode>
        <con:shared>false</con:shared>
      </con:property>
    </con:config>
  </con:testStep>
  <con:testStep type="properties" name="Given properties for the test steps" id="480c81a6-8c6c-4aeb-9525-8e9245e58bff">
    <con:settings/>
    <con:config xsi:type="con:PropertiesStep" saveFirst="true" xmlns:xsi="http://www.w3.org/2001/XMLSchema-instance">
      <con:properties>
        <con:property>
          <con:name>amount</con:name>
          <con:value>100</con:value>
        </con:property>
        <con:property>
          <con:name>biId</con:name>
          <con:value>401</con:value>
        </con:property>
        <con:property>
          <con:name>biSpec</con:name>
          <con:value>USERCREATEBISPEC</con:value>
        </con:property>
        <con:property>
          <con:name>currency</con:name>
          <con:value>USD</con:value>
        </con:property>
        <con:property>
          <con:name>currencyEUR</con:name>
          <con:value>EUR</con:value>
        </con:property>
        <con:property>
          <con:name>currencyTL</con:name>
          <con:value>TL</con:value>
        </con:property>
        <con:property>
          <con:name>description</con:name>
          <con:value>User is created at [name-s882ba9ca-df49-4be2-ba89-19c46faa2da1]</con:value>
        </con:property>
        <con:property>
          <con:name>emptyString</con:name>
          <con:value>EMPTY</con:value>
        </con:property>
        <con:property>
          <con:name>errorMessageBINotFound</con:name>
          <con:value>BI_WITH_ID_NOT_FOUND</con:value>
        </con:property>
        <con:property>
          <con:name>errorMessageBIWithoutItemsCannotBeSubmitted</con:name>
          <con:value>BI_WITHOUT_ITEMS_CANNOT_BE_SUBMITTED</con:value>
        </con:property>
        <con:property>
          <con:name>errorMessageExternalIdMandatory</con:name>
          <con:value>EXTERNAL_ID_MANDATORY</con:value>
        </con:property>
        <con:property>
          <con:name>errorMessageExternalIdUnique</con:name>
          <con:value>EXTERNAL_ID_MUST_BE_UNIQUE</con:value>
        </con:property>
        <con:property>
          <con:name>errorMessageFirstAndLastNameMandatory</con:name>
          <con:value>FIRST_NAME_OR_LAST_NAME_CAN_NOT_BE_NULL_OR_EMPTY</con:value>
        </con:property>
        <con:property>
          <con:name>errorMessageInvalidState</con:name>
          <con:value>INVALID_STATE_OPERATION</con:value>
        </con:property>
        <con:property>
          <con:name>errorMessageItemNotFound</con:name>
          <con:value>BI_ITEM_WITH_ID_NOT_FOUND</con:value>
        </con:property>
        <con:property>
          <con:name>errorMessagePartyRoleDoesNotHaveSpec</con:name>
          <con:value>PARTY_ROLE_DOES_NOT_HAVE_SPECIFICATION</con:value>
        </con:property>
        <con:property>
          <con:name>errorMessageSalesOrganizationWithIdDoesNotExist</con:name>
          <con:value>SALES_ORGANIZATION_WITH_ID_DOES_NOT_EXIST</con:value>
        </con:property>
        <con:property>
          <con:name>errorMessageSpace</con:name>
          <con:value>EXTERNAL_ID_SHOULD_NOT_CONTAIN_WHITESPACE</con:value>
        </con:property>
        <con:property>
          <con:name>errorMessageUserNotInSalesOrganization</con:name>
          <con:value>USER_WITH_ID_IS_NOT_IN_SALES_ORGANIZATION_WITH_ID</con:value>
        </con:property>
        <con:property>
          <con:name>errorMessageWithoutBISpecCode</con:name>
          <con:value>BUSINESS_INTERACTION_SPEC_WITH_CODE_DOES_NOT_EXIST</con:value>
        </con:property>
        <con:property>
          <con:name>userNotActiveOrExists</con:name>
          <con:value>USER_NOT_ACTIVE_OR_EXISTS</con:value>
        </con:property>
        <con:property>
          <con:name>errorMessagePartyRoleNotFound-1</con:name>
          <con:value>Party Role not found:-1</con:value>
        </con:property>
        <con:property>
          <con:name>false</con:name>
          <con:value>false</con:value>
        </con:property>
        <con:property>
          <con:name>forceUseCommonBin</con:name>
          <con:value>false</con:value>
        </con:property>
        <con:property>
          <con:name>httpCode200</con:name>
          <con:value>200</con:value>
        </con:property>
        <con:property>
          <con:name>httpCode201</con:name>
          <con:value>201</con:value>
        </con:property>
        <con:property>
          <con:name>httpCode400</con:name>
          <con:value>400</con:value>
        </con:property>
        <con:property>
          <con:name>httpCode404</con:name>
          <con:value>404</con:value>
        </con:property>
        <con:property>
          <con:name>httpCode406</con:name>
          <con:value>406</con:value>
        </con:property>
        <con:property>
          <con:name>indFirstname</con:name>
          <con:value>Roberto</con:value>
        </con:property>
        <con:property>
          <con:name>indLastname</con:name>
          <con:value>Baggio</con:value>
        </con:property>
        <con:property>
          <con:name>indName</con:name>
          <con:value>Roberto Baggio</con:value>
        </con:property>
        <con:property>
          <con:name>name</con:name>
          <con:value>Roberto Baggio</con:value>
        </con:property>
        <con:property>
          <con:name>newEmailAddress</con:name>
          <con:value>abuzer.kadayif@mail.com</con:value>
        </con:property>
        <con:property>
          <con:name>newExternalId</con:name>
          <con:value>newExternalId-${=java.util.UUID.randomUUID()}</con:value>
        </con:property>
        <con:property>
          <con:name>newFirstName</con:name>
          <con:value>Abuzer</con:value>
        </con:property>
        <con:property>
          <con:name>newForceToUseSession</con:name>
          <con:value>true</con:value>
        </con:property>
        <con:property>
          <con:name>newGender</con:name>
          <con:value>female</con:value>
        </con:property>
        <con:property>
          <con:name>newLastName</con:name>
          <con:value>Kadayif</con:value>
        </con:property>
        <con:property>
          <con:name>newMiddleName</con:name>
          <con:value>Keskul</con:value>
        </con:property>
        <con:property>
          <con:name>newName</con:name>
          <con:value>Abuzer Keskul Kadayif</con:value>
        </con:property>
        <con:property>
          <con:name>notEnoughAmount</con:name>
          <con:value>10000000</con:value>
        </con:property>
        <con:property>
          <con:name>notEnoughRoundedAmount</con:name>
          <con:value>10000000</con:value>
        </con:property>
        <con:property>
          <con:name>notExistId</con:name>
          <con:value>-1</con:value>
        </con:property>
        <con:property>
          <con:name>productCharacteristicValueType</con:name>
          <con:value>STRING</con:value>
        </con:property>
        <con:property>
          <con:name>quantity</con:name>
          <con:value>10</con:value>
        </con:property>
        <con:property>
          <con:name>relatedUserId</con:name>
          <con:value>23</con:value>
        </con:property>
        <con:property>
          <con:name>roundedAmount</con:name>
          <con:value>101</con:value>
        </con:property>
        <con:property>
          <con:name>soId</con:name>
          <con:value>17</con:value>
        </con:property>
        <con:property>
          <con:name>true</con:name>
          <con:value>true</con:value>
        </con:property>
        <con:property>
          <con:name>updateUserBISpecCode</con:name>
          <con:value>BISPECCODE</con:value>
        </con:property>
        <con:property>
          <con:name>userExternalId</con:name>
          <con:value>robert.baggio${=java.util.UUID.randomUUID()}</con:value>
        </con:property>
        <con:property>
          <con:name>userExternalIdIncludeSpace</con:name>
          <con:value>robert.baggio ${=java.util.UUID.randomUUID()}</con:value>
        </con:property>
        <con:property>
          <con:name>userId</con:name>
          <con:value>19</con:value>
        </con:property>
        <con:property>
          <con:name>userRoleSpecId</con:name>
          <con:value>22</con:value>
        </con:property>
        <con:property>
          <con:name>userRoleSpecName</con:name>
          <con:value>usr-role-spec-${=java.util.UUID.randomUUID()}</con:value>
        </con:property>
        <con:property>
          <con:name>zero</con:name>
          <con:value>0</con:value>
        </con:property>
        <con:property>
          <con:name>nulllToken</con:name>
          <con:value/>
        </con:property>
        <con:property>
          <con:name>userExternalId2nd</con:name>
          <con:value>bilbobaggins${=java.util.UUID.randomUUID()}</con:value>
        </con:property>
        <con:property>
          <con:name>email_invalid</con:name>
          <con:value>test.com</con:value>
        </con:property>
        <con:property>
          <con:name>email_valid</con:name>
          <con:value>test@valid.com</con:value>
        </con:property>
      </con:properties>
    </con:config>
  </con:testStep>
  <con:testStep type="transfer" name="Set default sales organization as creator" id="26e438fc-8972-4010-9f9c-7bf819e090da">
    <con:settings/>
    <con:config xsi:type="con:PropertyTransfersStep" xmlns:xsi="http://www.w3.org/2001/XMLSchema-instance">
      <con:transfers setNullOnMissingSource="true" transferTextContent="true" failOnError="true" ignoreEmpty="false" transferToAll="false" entitize="false" transferChildNodes="false">
        <con:name>createdForSalesOrg</con:name>
        <con:sourceType>DefaultSalesOrganizationRoleId</con:sourceType>
        <con:sourceStep>#Project#</con:sourceStep>
        <con:sourcePath/>
        <con:targetType>createdForSalesOrganizationRoleId</con:targetType>
        <con:targetStep>#TestCase#</con:targetStep>
        <con:targetPath/>
        <con:upgraded>true</con:upgraded>
      </con:transfers>
    </con:config>
  </con:testStep>
  <con:testStep type="transfer" name="Set user role specification properties" id="2f80b869-6804-4f91-981b-ceba82701c35">
    <con:settings/>
    <con:config xsi:type="con:PropertyTransfersStep" xmlns:xsi="http://www.w3.org/2001/XMLSchema-instance">
      <con:transfers setNullOnMissingSource="true" transferTextContent="true" failOnError="true" ignoreEmpty="false" transferToAll="false" entitize="false" transferChildNodes="false">
        <con:name>userRoleSpecName</con:name>
        <con:sourceType>userRoleSpecName</con:sourceType>
        <con:sourceStep>Given properties for the test steps</con:sourceStep>
        <con:sourcePath/>
        <con:targetType>req_name</con:targetType>
        <con:targetStep>Create user role specification</con:targetStep>
        <con:targetPath/>
        <con:upgraded>true</con:upgraded>
      </con:transfers>
      <con:transfers setNullOnMissingSource="true" transferTextContent="true" failOnError="true" ignoreEmpty="false" transferToAll="false" entitize="false" transferChildNodes="false">
        <con:name>forceUseCommonBin</con:name>
        <con:sourceType>forceUseCommonBin</con:sourceType>
        <con:sourceStep>Given properties for the test steps</con:sourceStep>
        <con:targetType>req_forceUseCommonPlaceOrBin</con:targetType>
        <con:targetStep>Create user role specification</con:targetStep>
        <con:upgraded>true</con:upgraded>
      </con:transfers>
    </con:config>
  </con:testStep>
  <con:testStep type="calltestcase" name="Create user role specification" id="2ef0383e-3fb0-4a9c-9b32-6568d9945719">
    <con:settings/>
    <con:config xsi:type="con:RunTestCaseStep" xmlns:xsi="http://www.w3.org/2001/XMLSchema-instance">
      <con:targetTestCase>df836e4b-de07-4c5d-9220-96c38da72e28</con:targetTestCase>
      <con:properties>
        <con:property>
          <con:name>req_name</con:name>
          <con:value>usr-role-spec-${=java.util.UUID.randomUUID()}</con:value>
        </con:property>
        <con:property>
          <con:name>req_forceUseCommonPlaceOrBin</con:name>
          <con:value>false</con:value>
        </con:property>
        <con:property>
          <con:name>res_id</con:name>
          <con:value>22</con:value>
        </con:property>
        <con:property>
          <con:name>res_httpCode</con:name>
        </con:property>
      </con:properties>
      <con:returnProperties>
        <con:entry>res_id</con:entry>
      </con:returnProperties>
      <con:runMode>PARALLELL</con:runMode>
    </con:config>
  </con:testStep>
  <con:testStep type="assertionteststep" name="Assertion create user role specification" id="2b6fa76f-b4ea-4b33-89c1-ac7b571f2eb2">
    <con:settings/>
    <con:config xsi:type="con:AssertionTestStep" xmlns:xsi="http://www.w3.org/2001/XMLSchema-instance">
      <con:entry>
        <con:id>71a5c71d-f10c-4cb8-bbd2-f5dd52db81c0</con:id>
        <con:isGroup>false</con:isGroup>
        <con:sourceId>2ef0383e-3fb0-4a9c-9b32-6568d9945719</con:sourceId>
        <con:propertyName>res_id</con:propertyName>
        <con:assertion type="Simple Contains" name="Contains" id="4d4f78f3-3ec9-4605-b1e1-a1180b85fb84">
          <con:configuration>
            <token>\d+</token>
            <ignoreCase>false</ignoreCase>
            <useRegEx>true</useRegEx>
          </con:configuration>
        </con:assertion>
      </con:entry>
    </con:config>
  </con:testStep>
  <con:testStep type="transfer" name="Property Transfer user role spec id" id="310134b2-758a-4cd4-b56d-dc97d56b03de">
    <con:settings/>
    <con:config xsi:type="con:PropertyTransfersStep" xmlns:xsi="http://www.w3.org/2001/XMLSchema-instance">
      <con:transfers setNullOnMissingSource="true" transferTextContent="true" failOnError="true" ignoreEmpty="false" transferToAll="false" entitize="false" transferChildNodes="false">
        <con:name>userRoleSpecId</con:name>
        <con:sourceType>res_id</con:sourceType>
        <con:sourceStep>Create user role specification</con:sourceStep>
        <con:sourcePath/>
        <con:targetType>userRoleSpecId</con:targetType>
        <con:targetStep>Given properties for the test steps</con:targetStep>
        <con:targetPath/>
        <con:upgraded>true</con:upgraded>
      </con:transfers>
    </con:config>
  </con:testStep>
  <con:testStep type="transfer" name="Set initial data request parameters" id="5436714b-90be-4772-9205-7f071e16749c">
    <con:settings/>
    <con:config xsi:type="con:PropertyTransfersStep" xmlns:xsi="http://www.w3.org/2001/XMLSchema-instance">
      <con:transfers setNullOnMissingSource="true" transferTextContent="true" failOnError="true" ignoreEmpty="false" transferToAll="false" entitize="false" transferChildNodes="false">
        <con:name>createdByUserRoleId</con:name>
        <con:sourceType>DefaultUserRoleId</con:sourceType>
        <con:sourceStep>#Project#</con:sourceStep>
        <con:sourcePath/>
        <con:targetType>req_createdByUserRoleId</con:targetType>
        <con:targetStep>Create sales organization, user, inventory and terminal</con:targetStep>
        <con:targetPath/>
        <con:upgraded>true</con:upgraded>
      </con:transfers>
      <con:transfers setNullOnMissingSource="true" transferTextContent="true" failOnError="true" ignoreEmpty="false" transferToAll="false" entitize="false" transferChildNodes="false">
        <con:name>createdBySalesOrgRoleId</con:name>
        <con:sourceType>DefaultSalesOrganizationRoleId</con:sourceType>
        <con:sourceStep>#Project#</con:sourceStep>
        <con:targetType>req_createdBySalesOrgRoleId</con:targetType>
        <con:targetStep>Create sales organization, user, inventory and terminal</con:targetStep>
        <con:upgraded>true</con:upgraded>
      </con:transfers>
      <con:transfers setNullOnMissingSource="true" transferTextContent="true" failOnError="true" ignoreEmpty="false" transferToAll="false" entitize="false" transferChildNodes="false">
        <con:name>email</con:name>
        <con:sourceType>email_valid</con:sourceType>
        <con:sourceStep>Given properties for the test steps</con:sourceStep>
        <con:targetType>req_email</con:targetType>
        <con:targetStep>Create sales organization, user, inventory and terminal</con:targetStep>
        <con:upgraded>true</con:upgraded>
      </con:transfers>
    </con:config>
  </con:testStep>
  <con:testStep type="calltestcase" name="Create sales organization, user, inventory and terminal" id="3f732479-6f66-45f1-a25a-7170d6589951">
    <con:settings/>
    <con:config xsi:type="con:RunTestCaseStep" xmlns:xsi="http://www.w3.org/2001/XMLSchema-instance">
      <con:targetTestCase>b92a7c8d-a0ed-4725-99e9-4866fd949629</con:targetTestCase>
      <con:properties>
        <con:property>
          <con:name>req_createdBySalesOrgRoleId</con:name>
          <con:value>1</con:value>
        </con:property>
        <con:property>
          <con:name>req_createdByUserRoleId</con:name>
          <con:value>2</con:value>
        </con:property>
        <con:property>
          <con:name>req_inventoryExtId</con:name>
          <con:value>i${=java.util.UUID.randomUUID()}</con:value>
        </con:property>
        <con:property>
          <con:name>req_salesOrgRoleExtId</con:name>
          <con:value>s${=java.util.UUID.randomUUID()}</con:value>
        </con:property>
        <con:property>
          <con:name>req_terminalExtId</con:name>
          <con:value>t${=java.util.UUID.randomUUID()}</con:value>
        </con:property>
        <con:property>
          <con:name>req_userRoleExtId</con:name>
          <con:value>u${=java.util.UUID.randomUUID()}</con:value>
        </con:property>
        <con:property>
          <con:name>res_inventoryRoleBiId</con:name>
          <con:value>241</con:value>
        </con:property>
        <con:property>
          <con:name>res_inventoryRoleId</con:name>
          <con:value>21</con:value>
        </con:property>
        <con:property>
          <con:name>res_placeId</con:name>
          <con:value>10</con:value>
        </con:property>
        <con:property>
          <con:name>res_salesOrganisationExternalId</con:name>
          <con:value>s7efdce87-bfbe-416d-bbd8-d784513659ae</con:value>
        </con:property>
        <con:property>
          <con:name>res_salesOrgBiId</con:name>
          <con:value>211</con:value>
        </con:property>
        <con:property>
          <con:name>res_salesOrgId</con:name>
          <con:value>18</con:value>
        </con:property>
        <con:property>
          <con:name>res_soExtId</con:name>
          <con:value>s7efdce87-bfbe-416d-bbd8-d784513659ae</con:value>
        </con:property>
        <con:property>
          <con:name>res_terminalBiId</con:name>
          <con:value>251</con:value>
        </con:property>
        <con:property>
          <con:name>res_terminalId</con:name>
          <con:value>4</con:value>
        </con:property>
        <con:property>
          <con:name>res_userRoleBiId</con:name>
          <con:value>231</con:value>
        </con:property>
        <con:property>
          <con:name>res_userRoleId</con:name>
          <con:value>20</con:value>
        </con:property>
        <con:property>
          <con:name>userToken</con:name>
          <con:value>Bearer eyJraWQiOiIxIiwiYWxnIjoiUlMyNTYifQ.eyJpc3MiOiJVTVMtUHJlZmlsdGVyLUNoZWNrQXV0aG9yaXplIiwic3ViIjoiVEVTVCIsImF1ZCI6IlJNIiwiaWF0IjoxNDg3MTYwOTc5LCJleHAiOjE1NTI3MTY2NzksImF1dGhfdGltZSI6IjEzMTEyODA4NzAiLCJub25jZSI6Im4tMFM2X1d6QTJNaiIsIm5hbWUiOiJVTVMgVGVzdCBVc2VyIiwieF9kYnNzIjp7ImF1dGh6UHJvZmlsZU5hbWUiOiJDU1JfQXV0aHpQcm9maWxlIiwidmVyc2lvbiI6InYxIiwicGFydHlfaWQiOiIxMjMiLCJleHRlcm5hbF91c2VybmFtZSI6InU3NDg5MjUzNS0wOGE0LTQwZDItOTBjNS00MzM2NzI4MDY2NjgifX0.4vafQdSEPqXK2NaXxovU8LQVFs1cP10SefbJhx7o_Mo0KWv9Zc5H-zzGtEhRbg0bvY4Mrnt5cbFU0AnZ1nyJvl9Z6CaRuZLYOuUqfqhF06o5imMD1hzvPVWVaN8TO1Zak19Ee-xJNxuz8Hs3vTyF87rzUvvDKZJ5WwSKyAUT4LE</con:value>
        </con:property>
        <con:property>
          <con:name>userIntToken</con:name>
          <con:value>Bearer eyJraWQiOiIxIiwiYWxnIjoiUlMyNTYifQ.eyJpc3MiOiJVTVMtUHJlZmlsdGVyLUNoZWNrQXV0aG9yaXplIiwic3ViIjoiVEVTVCIsImF1ZCI6IlJNIiwiaWF0IjoxNDg3MTYwOTc5LCJleHAiOjE1NTI3MTY2NzksImF1dGhfdGltZSI6IjEzMTEyODA4NzAiLCJub25jZSI6Im4tMFM2X1d6QTJNaiIsIm5hbWUiOiJVTVMgVGVzdCBVc2VyIiwieF9kYnNzIjp7ImF1dGh6UHJvZmlsZU5hbWUiOiJFUk1TX0FETUlOX0F1dGh6UHJvZmlsZSIsInZlcnNpb24iOiJ2MSIsInBhcnR5X2lkIjoiMTIzIiwiZXh0ZXJuYWxfdXNlcm5hbWUiOiJ1NzQ4OTI1MzUtMDhhNC00MGQyLTkwYzUtNDMzNjcyODA2NjY4In19.2j6S2txtMQbp4GorpMNE2hzah11f8FBve2lR1P4YeUIb3pYkMVgA6NsRDbKiMKgk8xMUU5O77ryrBjLd7_aqDAspzYhwk_J5KbeGSBV8LVeagQ27TIAT8vW6QIRj1aKZazIl_I8LKQQBg3kiGWWQB9D7pC0RrCiTacTOLMv8J0k</con:value>
        </con:property>
        <con:property>
          <con:name>req_email</con:name>
          <con:value>test@valid.com</con:value>
        </con:property>
      </con:properties>
      <con:returnProperties>
        <con:entry>res_inventoryRoleBiId</con:entry>
        <con:entry>res_inventoryRoleId</con:entry>
        <con:entry>res_placeId</con:entry>
        <con:entry>res_salesOrganisationExternalId</con:entry>
        <con:entry>res_salesOrgBiId</con:entry>
        <con:entry>res_salesOrgId</con:entry>
        <con:entry>res_soExtId</con:entry>
        <con:entry>res_terminalBiId</con:entry>
        <con:entry>res_terminalId</con:entry>
        <con:entry>res_userRoleBiId</con:entry>
        <con:entry>res_userRoleId</con:entry>
        <con:entry>userToken</con:entry>
        <con:entry>userIntToken</con:entry>
      </con:returnProperties>
      <con:runMode>PARALLELL</con:runMode>
    </con:config>
  </con:testStep>
  <con:testStep type="assertionteststep" name="Assert if user id, so id, inventory id and terminal id not null" id="234d2890-e884-4e30-8b46-bc333cc22717">
    <con:settings/>
    <con:config xsi:type="con:AssertionTestStep" xmlns:xsi="http://www.w3.org/2001/XMLSchema-instance">
      <con:entry>
        <con:id>e6cd2220-fb0f-4c68-801d-fe15f58cf563</con:id>
        <con:isGroup>false</con:isGroup>
        <con:sourceId>3f732479-6f66-45f1-a25a-7170d6589951</con:sourceId>
        <con:propertyName>res_salesOrgId</con:propertyName>
        <con:assertion type="Simple Contains" name="salesOrgId" id="2c8415a2-1212-48f3-b852-76cdf9b62eee">
          <con:configuration>
            <token>\d+</token>
            <ignoreCase>false</ignoreCase>
            <useRegEx>true</useRegEx>
          </con:configuration>
        </con:assertion>
      </con:entry>
      <con:entry>
        <con:id>c6796717-d4b6-4a94-8989-cc50d52a99d3</con:id>
        <con:isGroup>false</con:isGroup>
        <con:sourceId>3f732479-6f66-45f1-a25a-7170d6589951</con:sourceId>
        <con:propertyName>res_userRoleId</con:propertyName>
        <con:assertion type="Simple Contains" name="userId" id="80c4a28c-6668-43ff-be2f-f1628e514fa2">
          <con:configuration>
            <token>\d+</token>
            <ignoreCase>false</ignoreCase>
            <useRegEx>true</useRegEx>
          </con:configuration>
        </con:assertion>
      </con:entry>
      <con:entry>
        <con:id>1ca33a77-2bc6-48b5-be1d-64d854974c9b</con:id>
        <con:isGroup>false</con:isGroup>
        <con:sourceId>3f732479-6f66-45f1-a25a-7170d6589951</con:sourceId>
        <con:propertyName>res_terminalId</con:propertyName>
        <con:assertion type="Simple Contains" name="terminalId" id="843aac33-d807-4e06-9b06-22edd37e9b1b">
          <con:configuration>
            <token>\d+</token>
            <ignoreCase>false</ignoreCase>
            <useRegEx>true</useRegEx>
          </con:configuration>
        </con:assertion>
      </con:entry>
      <con:entry>
        <con:id>4d0639cd-a181-47ef-96a4-22bd55d655f3</con:id>
        <con:isGroup>false</con:isGroup>
        <con:sourceId>3f732479-6f66-45f1-a25a-7170d6589951</con:sourceId>
        <con:propertyName>res_inventoryRoleId</con:propertyName>
        <con:assertion type="Simple Contains" name="inventoryId" id="e3f37aff-259b-40fe-bb0d-1e2d66893ddd">
          <con:configuration>
            <token>\d+</token>
            <ignoreCase>false</ignoreCase>
            <useRegEx>true</useRegEx>
          </con:configuration>
        </con:assertion>
      </con:entry>
    </con:config>
  </con:testStep>
  <con:testStep type="transfer" name="P.T. for Create user role bi" id="f21855f2-a670-40ba-a49b-c39be36d8e62">
    <con:settings/>
    <con:config xsi:type="con:PropertyTransfersStep" xmlns:xsi="http://www.w3.org/2001/XMLSchema-instance">
      <con:transfers setNullOnMissingSource="true" transferTextContent="true" failOnError="true" ignoreEmpty="false" transferToAll="false" entitize="false" transferChildNodes="false">
        <con:name>createdByUserRoleId</con:name>
        <con:sourceType>res_userRoleId</con:sourceType>
        <con:sourceStep>Create sales organization, user, inventory and terminal</con:sourceStep>
        <con:sourcePath/>
        <con:targetType>req_userRoleId</con:targetType>
        <con:targetStep>Create user role bi</con:targetStep>
        <con:targetPath/>
        <con:upgraded>true</con:upgraded>
      </con:transfers>
      <con:transfers setNullOnMissingSource="true" transferTextContent="true" failOnError="true" ignoreEmpty="false" transferToAll="false" entitize="false" transferChildNodes="false">
        <con:name>createdBySalesOrgRoleId</con:name>
        <con:sourceType>res_salesOrgId</con:sourceType>
        <con:sourceStep>Create sales organization, user, inventory and terminal</con:sourceStep>
        <con:targetType>req_salesOrganizationRoleId</con:targetType>
        <con:targetStep>Create user role bi</con:targetStep>
        <con:upgraded>true</con:upgraded>
      </con:transfers>
      <con:transfers setNullOnMissingSource="true" transferTextContent="true" failOnError="true" ignoreEmpty="false" transferToAll="false" entitize="false" transferChildNodes="false">
        <con:name>biSpec</con:name>
        <con:sourceType>biSpec</con:sourceType>
        <con:sourceStep>Given properties for the test steps</con:sourceStep>
        <con:targetType>req_biSpecCode</con:targetType>
        <con:targetStep>Create user role bi</con:targetStep>
        <con:upgraded>true</con:upgraded>
      </con:transfers>
    </con:config>
  </con:testStep>
  <con:testStep type="calltestcase" name="Create user role bi" id="3ca20e8d-564b-4c56-9b08-de8dca6ff2bc">
    <con:settings/>
    <con:config xsi:type="con:RunTestCaseStep" xmlns:xsi="http://www.w3.org/2001/XMLSchema-instance">
      <con:targetTestCase>e6b7276c-53a3-4825-8734-f8045e409281</con:targetTestCase>
      <con:properties>
        <con:property>
          <con:name>req_userRoleId</con:name>
          <con:value>20</con:value>
        </con:property>
        <con:property>
          <con:name>req_salesOrganizationRoleId</con:name>
          <con:value>18</con:value>
        </con:property>
        <con:property>
          <con:name>req_biSpecCode</con:name>
          <con:value>USERCREATEBISPEC</con:value>
        </con:property>
        <con:property>
          <con:name>res_id</con:name>
          <con:value>281</con:value>
        </con:property>
        <con:property>
          <con:name>res_code</con:name>
          <con:value>USR-281</con:value>
        </con:property>
        <con:property>
          <con:name>res_status</con:name>
          <con:value>201</con:value>
        </con:property>
      </con:properties>
      <con:returnProperties>
        <con:entry>res_id</con:entry>
        <con:entry>res_code</con:entry>
        <con:entry>res_status</con:entry>
      </con:returnProperties>
      <con:runMode>PARALLELL</con:runMode>
    </con:config>
  </con:testStep>
  <con:testStep type="assertionteststep" name="Assertion for Create user role bi" id="09ce80d6-7199-4b68-b96e-457849aba2d5">
    <con:settings/>
    <con:config xsi:type="con:AssertionTestStep" xmlns:xsi="http://www.w3.org/2001/XMLSchema-instance">
      <con:entry>
        <con:id>df07caa2-1940-4557-8ec8-617f78b0f055</con:id>
        <con:isGroup>false</con:isGroup>
        <con:sourceId>3ca20e8d-564b-4c56-9b08-de8dca6ff2bc</con:sourceId>
        <con:propertyName>res_status</con:propertyName>
        <con:assertion type="Simple Equals" name="Equals" id="77a16d3a-d5e4-422b-ad50-b57d3601bdc0">
          <con:configuration>
            <patternText>201</patternText>
            <caseSensitive>true</caseSensitive>
          </con:configuration>
        </con:assertion>
      </con:entry>
      <con:entry>
        <con:id>7e6a121b-3f08-491f-a3c8-cdb2005f1577</con:id>
        <con:isGroup>false</con:isGroup>
        <con:sourceId>3ca20e8d-564b-4c56-9b08-de8dca6ff2bc</con:sourceId>
        <con:propertyName>res_id</con:propertyName>
        <con:assertion type="Simple Contains" name="Contains" id="ed2fca41-38c9-4f81-9d9c-69511c2b055e">
          <con:configuration>
            <token>\d+</token>
            <ignoreCase>false</ignoreCase>
            <useRegEx>true</useRegEx>
          </con:configuration>
        </con:assertion>
      </con:entry>
    </con:config>
  </con:testStep>
  <con:testStep type="transfer" name="P.T. Add new item to user create business interaction -wrongEmail" id="cc144cd0-1349-43db-b200-2348282d5377">
    <con:settings/>
    <con:config xsi:type="con:PropertyTransfersStep" xmlns:xsi="http://www.w3.org/2001/XMLSchema-instance">
      <con:transfers setNullOnMissingSource="true" transferTextContent="true" failOnError="true" ignoreEmpty="false" transferToAll="false" entitize="false" transferChildNodes="false" disabled="false">
        <con:name>biId</con:name>
        <con:sourceType>res_id</con:sourceType>
        <con:sourceStep>Create user role bi</con:sourceStep>
        <con:sourcePath/>
        <con:targetType>req_biId</con:targetType>
        <con:targetStep>Add new item to user create business interaction - wrongEmail</con:targetStep>
        <con:targetPath/>
        <con:upgraded>true</con:upgraded>
      </con:transfers>
      <con:transfers setNullOnMissingSource="true" transferTextContent="true" failOnError="true" ignoreEmpty="false" transferToAll="false" entitize="false" transferChildNodes="false">
        <con:name>userRoleID</con:name>
        <con:sourceType>res_userRoleId</con:sourceType>
        <con:sourceStep>Create sales organization, user, inventory and terminal</con:sourceStep>
        <con:targetType>req_userId</con:targetType>
        <con:targetStep>Add new item to user create business interaction - wrongEmail</con:targetStep>
        <con:upgraded>true</con:upgraded>
      </con:transfers>
      <con:transfers setNullOnMissingSource="true" transferTextContent="true" failOnError="true" ignoreEmpty="false" transferToAll="false" entitize="false" transferChildNodes="false">
        <con:name>soRoleId</con:name>
        <con:sourceType>res_salesOrgId</con:sourceType>
        <con:sourceStep>Create sales organization, user, inventory and terminal</con:sourceStep>
        <con:targetType>req_soId</con:targetType>
        <con:targetStep>Add new item to user create business interaction - wrongEmail</con:targetStep>
        <con:upgraded>true</con:upgraded>
      </con:transfers>
      <con:transfers setNullOnMissingSource="true" transferTextContent="true" failOnError="true" ignoreEmpty="false" transferToAll="false" entitize="false" transferChildNodes="false" disabled="false">
        <con:name>userName</con:name>
        <con:sourceType>userName</con:sourceType>
        <con:sourceStep>DataGen for random variables</con:sourceStep>
        <con:targetType>req_userName</con:targetType>
        <con:targetStep>Add new item to user create business interaction - wrongEmail</con:targetStep>
        <con:upgraded>true</con:upgraded>
      </con:transfers>
      <con:transfers setNullOnMissingSource="true" transferTextContent="true" failOnError="true" ignoreEmpty="false" transferToAll="false" entitize="false" transferChildNodes="false">
        <con:name>email</con:name>
        <con:sourceType>email_invalid</con:sourceType>
        <con:sourceStep>Given properties for the test steps</con:sourceStep>
        <con:targetType>req_email</con:targetType>
        <con:targetStep>Add new item to user create business interaction - wrongEmail</con:targetStep>
        <con:upgraded>true</con:upgraded>
      </con:transfers>
      <con:transfers setNullOnMissingSource="true" transferTextContent="true" failOnError="true" ignoreEmpty="false" transferToAll="false" entitize="false" transferChildNodes="false" disabled="false">
        <con:name>firstName</con:name>
        <con:sourceType>indFirstname</con:sourceType>
        <con:sourceStep>Given properties for the test steps</con:sourceStep>
        <con:targetType>req_firstName</con:targetType>
        <con:targetStep>Add new item to user create business interaction - wrongEmail</con:targetStep>
        <con:upgraded>true</con:upgraded>
      </con:transfers>
      <con:transfers setNullOnMissingSource="true" transferTextContent="true" failOnError="true" ignoreEmpty="false" transferToAll="false" entitize="false" transferChildNodes="false">
        <con:name>middleName</con:name>
        <con:sourceType>indName</con:sourceType>
        <con:sourceStep>Given properties for the test steps</con:sourceStep>
        <con:targetType>req_middleName</con:targetType>
        <con:targetStep>Add new item to user create business interaction - wrongEmail</con:targetStep>
        <con:upgraded>true</con:upgraded>
      </con:transfers>
      <con:transfers setNullOnMissingSource="true" transferTextContent="true" failOnError="true" ignoreEmpty="false" transferToAll="false" entitize="false" transferChildNodes="false">
        <con:name>LastName</con:name>
        <con:sourceType>indLastname</con:sourceType>
        <con:sourceStep>Given properties for the test steps</con:sourceStep>
        <con:targetType>req_lastName</con:targetType>
        <con:targetStep>Add new item to user create business interaction - wrongEmail</con:targetStep>
        <con:upgraded>true</con:upgraded>
      </con:transfers>
      <con:transfers setNullOnMissingSource="true" transferTextContent="true" failOnError="true" ignoreEmpty="false" transferToAll="false" entitize="false" transferChildNodes="false">
        <con:name>gender</con:name>
        <con:sourceType>newGender</con:sourceType>
        <con:sourceStep>Given properties for the test steps</con:sourceStep>
        <con:targetType>req_gender</con:targetType>
        <con:targetStep>Add new item to user create business interaction - wrongEmail</con:targetStep>
        <con:upgraded>true</con:upgraded>
      </con:transfers>
    </con:config>
  </con:testStep>
  <con:testStep type="calltestcase" name="Add new item to user create business interaction - wrongEmail" id="bf4f9268-1174-45b4-9b7f-52befdb3d7e1">
    <con:settings/>
    <con:config xsi:type="con:RunTestCaseStep" xmlns:xsi="http://www.w3.org/2001/XMLSchema-instance">
      <con:targetTestCase>0e60efa3-2640-4ebc-88c5-36f6849d3f73</con:targetTestCase>
      <con:properties>
        <con:property>
          <con:name>res_code</con:name>
          <con:value>EMAIL_FORMAT_INVALID</con:value>
        </con:property>
        <con:property>
          <con:name>req_biId</con:name>
          <con:value>261</con:value>
        </con:property>
        <con:property>
          <con:name>req_userName</con:name>
          <con:value>userName31290031</con:value>
        </con:property>
        <con:property>
          <con:name>req_firstName</con:name>
          <con:value>Roberto</con:value>
        </con:property>
        <con:property>
          <con:name>req_middleName</con:name>
          <con:value>Roberto Baggio</con:value>
        </con:property>
        <con:property>
          <con:name>req_lastName</con:name>
          <con:value>Baggio</con:value>
        </con:property>
        <con:property>
          <con:name>req_gender</con:name>
          <con:value>female</con:value>
        </con:property>
        <con:property>
          <con:name>req_email</con:name>
          <con:value>test.com</con:value>
        </con:property>
        <con:property>
          <con:name>req_soId</con:name>
          <con:value>18</con:value>
        </con:property>
        <con:property>
          <con:name>req_userId</con:name>
          <con:value>20</con:value>
        </con:property>
        <con:property>
          <con:name>res_status</con:name>
          <con:value>400</con:value>
        </con:property>
        <con:property>
          <con:name>res_id</con:name>
          <con:value xsi:nil="true"/>
        </con:property>
      </con:properties>
      <con:returnProperties>
        <con:entry>res_status</con:entry>
        <con:entry>res_id</con:entry>
        <con:entry>res_code</con:entry>
      </con:returnProperties>
      <con:runMode>PARALLELL</con:runMode>
    </con:config>
  </con:testStep>
  <con:testStep type="transfer" name="P.T. Add new item to user create business interaction -whiteSpace error" id="3feb646b-6ab4-4985-9a2f-241e617475ee">
    <con:settings/>
    <con:config xsi:type="con:PropertyTransfersStep" xmlns:xsi="http://www.w3.org/2001/XMLSchema-instance">
      <con:transfers setNullOnMissingSource="true" transferTextContent="true" failOnError="true" ignoreEmpty="false" transferToAll="false" entitize="false" transferChildNodes="false" disabled="false">
        <con:name>biId</con:name>
        <con:sourceType>res_id</con:sourceType>
        <con:sourceStep>Create user role bi</con:sourceStep>
        <con:sourcePath/>
        <con:targetType>req_biId</con:targetType>
        <con:targetStep>Add new item to user create business interaction - whiteSpace error</con:targetStep>
        <con:targetPath/>
        <con:upgraded>true</con:upgraded>
      </con:transfers>
      <con:transfers setNullOnMissingSource="true" transferTextContent="true" failOnError="true" ignoreEmpty="false" transferToAll="false" entitize="false" transferChildNodes="false">
        <con:name>userRoleID</con:name>
        <con:sourceType>res_userRoleId</con:sourceType>
        <con:sourceStep>Create sales organization, user, inventory and terminal</con:sourceStep>
        <con:targetType>req_userId</con:targetType>
        <con:targetStep>Add new item to user create business interaction - whiteSpace error</con:targetStep>
        <con:upgraded>true</con:upgraded>
      </con:transfers>
      <con:transfers setNullOnMissingSource="true" transferTextContent="true" failOnError="true" ignoreEmpty="false" transferToAll="false" entitize="false" transferChildNodes="false">
        <con:name>soRoleId</con:name>
        <con:sourceType>res_salesOrgId</con:sourceType>
        <con:sourceStep>Create sales organization, user, inventory and terminal</con:sourceStep>
        <con:targetType>req_soId</con:targetType>
        <con:targetStep>Add new item to user create business interaction - whiteSpace error</con:targetStep>
        <con:upgraded>true</con:upgraded>
      </con:transfers>
      <con:transfers setNullOnMissingSource="true" transferTextContent="true" failOnError="true" ignoreEmpty="false" transferToAll="false" entitize="false" transferChildNodes="false" disabled="false">
        <con:name>userName</con:name>
        <con:sourceType>userName Whitespace</con:sourceType>
        <con:sourceStep>DataGen for random variables</con:sourceStep>
        <con:targetType>req_userName</con:targetType>
        <con:targetStep>Add new item to user create business interaction - whiteSpace error</con:targetStep>
        <con:upgraded>true</con:upgraded>
      </con:transfers>
      <con:transfers setNullOnMissingSource="true" transferTextContent="true" failOnError="true" ignoreEmpty="false" transferToAll="false" entitize="false" transferChildNodes="false">
        <con:name>email</con:name>
        <con:sourceType>email</con:sourceType>
        <con:sourceStep>DataGen for random variables</con:sourceStep>
        <con:targetType>req_email</con:targetType>
        <con:targetStep>Add new item to user create business interaction - whiteSpace error</con:targetStep>
        <con:upgraded>true</con:upgraded>
      </con:transfers>
      <con:transfers setNullOnMissingSource="true" transferTextContent="true" failOnError="true" ignoreEmpty="false" transferToAll="false" entitize="false" transferChildNodes="false" disabled="false">
        <con:name>firstName</con:name>
        <con:sourceType>indFirstname</con:sourceType>
        <con:sourceStep>Given properties for the test steps</con:sourceStep>
        <con:targetType>req_firstName</con:targetType>
        <con:targetStep>Add new item to user create business interaction - whiteSpace error</con:targetStep>
        <con:upgraded>true</con:upgraded>
      </con:transfers>
      <con:transfers setNullOnMissingSource="true" transferTextContent="true" failOnError="true" ignoreEmpty="false" transferToAll="false" entitize="false" transferChildNodes="false">
        <con:name>middleName</con:name>
        <con:sourceType>indName</con:sourceType>
        <con:sourceStep>Given properties for the test steps</con:sourceStep>
        <con:targetType>req_middleName</con:targetType>
        <con:targetStep>Add new item to user create business interaction - whiteSpace error</con:targetStep>
        <con:upgraded>true</con:upgraded>
      </con:transfers>
      <con:transfers setNullOnMissingSource="true" transferTextContent="true" failOnError="true" ignoreEmpty="false" transferToAll="false" entitize="false" transferChildNodes="false">
        <con:name>LastName</con:name>
        <con:sourceType>indLastname</con:sourceType>
        <con:sourceStep>Given properties for the test steps</con:sourceStep>
        <con:targetType>req_lastName</con:targetType>
        <con:targetStep>Add new item to user create business interaction - whiteSpace error</con:targetStep>
        <con:upgraded>true</con:upgraded>
      </con:transfers>
      <con:transfers setNullOnMissingSource="true" transferTextContent="true" failOnError="true" ignoreEmpty="false" transferToAll="false" entitize="false" transferChildNodes="false">
        <con:name>gender</con:name>
        <con:sourceType>newGender</con:sourceType>
        <con:sourceStep>Given properties for the test steps</con:sourceStep>
        <con:targetType>req_gender</con:targetType>
        <con:targetStep>Add new item to user create business interaction - whiteSpace error</con:targetStep>
        <con:upgraded>true</con:upgraded>
      </con:transfers>
    </con:config>
  </con:testStep>
  <con:testStep type="calltestcase" name="Add new item to user create business interaction - whiteSpace error" id="b5da2d8d-3b95-4e2c-a27d-52bde5b737f5">
    <con:settings/>
    <con:config xsi:type="con:RunTestCaseStep" xmlns:xsi="http://www.w3.org/2001/XMLSchema-instance">
      <con:targetTestCase>0e60efa3-2640-4ebc-88c5-36f6849d3f73</con:targetTestCase>
      <con:properties>
        <con:property>
          <con:name>res_code</con:name>
          <con:value>EXTERNAL_ID_SHOULD_NOT_CONTAIN_WHITESPACE</con:value>
        </con:property>
        <con:property>
          <con:name>req_biId</con:name>
          <con:value>261</con:value>
        </con:property>
        <con:property>
          <con:name>req_userName</con:name>
          <con:value>userName32290032 32290032</con:value>
        </con:property>
        <con:property>
          <con:name>req_firstName</con:name>
          <con:value>Roberto</con:value>
        </con:property>
        <con:property>
          <con:name>req_middleName</con:name>
          <con:value>Roberto Baggio</con:value>
        </con:property>
        <con:property>
          <con:name>req_lastName</con:name>
          <con:value>Baggio</con:value>
        </con:property>
        <con:property>
          <con:name>req_gender</con:name>
          <con:value>female</con:value>
        </con:property>
        <con:property>
          <con:name>req_email</con:name>
          <con:value>userName31290031@email.com</con:value>
        </con:property>
        <con:property>
          <con:name>req_soId</con:name>
          <con:value>18</con:value>
        </con:property>
        <con:property>
          <con:name>req_userId</con:name>
          <con:value>20</con:value>
        </con:property>
        <con:property>
          <con:name>res_status</con:name>
          <con:value>400</con:value>
        </con:property>
        <con:property>
          <con:name>res_id</con:name>
          <con:value xsi:nil="true"/>
        </con:property>
      </con:properties>
      <con:returnProperties>
        <con:entry>res_status</con:entry>
        <con:entry>res_id</con:entry>
        <con:entry>res_code</con:entry>
      </con:returnProperties>
      <con:runMode>PARALLELL</con:runMode>
    </con:config>
  </con:testStep>
  <con:testStep type="transfer" name="P.T. Add new item to user create business interaction -emptyName" id="8e82b233-80d4-4e09-9f13-f6ea998aecd6">
    <con:settings/>
    <con:config xsi:type="con:PropertyTransfersStep" xmlns:xsi="http://www.w3.org/2001/XMLSchema-instance">
      <con:transfers setNullOnMissingSource="true" transferTextContent="true" failOnError="true" ignoreEmpty="false" transferToAll="false" entitize="false" transferChildNodes="false" disabled="false">
        <con:name>biId</con:name>
        <con:sourceType>res_id</con:sourceType>
        <con:sourceStep>Create user role bi</con:sourceStep>
        <con:sourcePath/>
        <con:targetType>req_biId</con:targetType>
        <con:targetStep>Add new item to user create business interaction - emptyName</con:targetStep>
        <con:targetPath/>
        <con:upgraded>true</con:upgraded>
      </con:transfers>
      <con:transfers setNullOnMissingSource="true" transferTextContent="true" failOnError="true" ignoreEmpty="false" transferToAll="false" entitize="false" transferChildNodes="false">
        <con:name>userRoleID</con:name>
        <con:sourceType>res_userRoleId</con:sourceType>
        <con:sourceStep>Create sales organization, user, inventory and terminal</con:sourceStep>
        <con:targetType>req_userId</con:targetType>
        <con:targetStep>Add new item to user create business interaction - emptyName</con:targetStep>
        <con:upgraded>true</con:upgraded>
      </con:transfers>
      <con:transfers setNullOnMissingSource="true" transferTextContent="true" failOnError="true" ignoreEmpty="false" transferToAll="false" entitize="false" transferChildNodes="false">
        <con:name>soRoleId</con:name>
        <con:sourceType>res_salesOrgId</con:sourceType>
        <con:sourceStep>Create sales organization, user, inventory and terminal</con:sourceStep>
        <con:targetType>req_soId</con:targetType>
        <con:targetStep>Add new item to user create business interaction - emptyName</con:targetStep>
        <con:upgraded>true</con:upgraded>
      </con:transfers>
      <con:transfers setNullOnMissingSource="true" transferTextContent="true" failOnError="true" ignoreEmpty="false" transferToAll="false" entitize="false" transferChildNodes="false" disabled="false">
        <con:name>userName</con:name>
        <con:sourceType>userName</con:sourceType>
        <con:sourceStep>DataGen for random variables</con:sourceStep>
        <con:targetType>req_userName</con:targetType>
        <con:targetStep>Add new item to user create business interaction - emptyName</con:targetStep>
        <con:upgraded>true</con:upgraded>
      </con:transfers>
      <con:transfers setNullOnMissingSource="true" transferTextContent="true" failOnError="true" ignoreEmpty="false" transferToAll="false" entitize="false" transferChildNodes="false">
        <con:name>email</con:name>
        <con:sourceType>email</con:sourceType>
        <con:sourceStep>DataGen for random variables</con:sourceStep>
        <con:targetType>req_email</con:targetType>
        <con:targetStep>Add new item to user create business interaction - emptyName</con:targetStep>
        <con:upgraded>true</con:upgraded>
      </con:transfers>
      <con:transfers setNullOnMissingSource="true" transferTextContent="true" failOnError="true" ignoreEmpty="false" transferToAll="false" entitize="false" transferChildNodes="false" disabled="true">
        <con:name>firstName</con:name>
        <con:sourceType>indFirstname</con:sourceType>
        <con:sourceStep>Given properties for the test steps</con:sourceStep>
        <con:targetType>req_firstName</con:targetType>
        <con:targetStep>Add new item to user create business interaction - wrongEmail</con:targetStep>
        <con:upgraded>true</con:upgraded>
      </con:transfers>
      <con:transfers setNullOnMissingSource="true" transferTextContent="true" failOnError="true" ignoreEmpty="false" transferToAll="false" entitize="false" transferChildNodes="false" disabled="true">
        <con:name>middleName</con:name>
        <con:sourceType>indName</con:sourceType>
        <con:sourceStep>Given properties for the test steps</con:sourceStep>
        <con:targetType>req_middleName</con:targetType>
        <con:targetStep>Add new item to user create business interaction - wrongEmail</con:targetStep>
        <con:upgraded>true</con:upgraded>
      </con:transfers>
      <con:transfers setNullOnMissingSource="true" transferTextContent="true" failOnError="true" ignoreEmpty="false" transferToAll="false" entitize="false" transferChildNodes="false" disabled="true">
        <con:name>LastName</con:name>
        <con:sourceType>indLastname</con:sourceType>
        <con:sourceStep>Given properties for the test steps</con:sourceStep>
        <con:targetType>req_lastName</con:targetType>
        <con:targetStep>Add new item to user create business interaction - wrongEmail</con:targetStep>
        <con:upgraded>true</con:upgraded>
      </con:transfers>
      <con:transfers setNullOnMissingSource="true" transferTextContent="true" failOnError="true" ignoreEmpty="false" transferToAll="false" entitize="false" transferChildNodes="false">
        <con:name>gender</con:name>
        <con:sourceType>newGender</con:sourceType>
        <con:sourceStep>Given properties for the test steps</con:sourceStep>
        <con:targetType>req_gender</con:targetType>
        <con:targetStep>Add new item to user create business interaction - emptyName</con:targetStep>
        <con:upgraded>true</con:upgraded>
      </con:transfers>
    </con:config>
  </con:testStep>
  <con:testStep type="calltestcase" name="Add new item to user create business interaction - emptyName" id="369b5f8c-4666-465d-b987-2be4ff72899b">
    <con:settings/>
    <con:config xsi:type="con:RunTestCaseStep" xmlns:xsi="http://www.w3.org/2001/XMLSchema-instance">
      <con:targetTestCase>0e60efa3-2640-4ebc-88c5-36f6849d3f73</con:targetTestCase>
      <con:properties>
        <con:property>
          <con:name>res_code</con:name>
          <con:value>FIRST_NAME_OR_LAST_NAME_CAN_NOT_BE_NULL_OR_EMPTY</con:value>
        </con:property>
        <con:property>
          <con:name>req_biId</con:name>
          <con:value>261</con:value>
        </con:property>
        <con:property>
          <con:name>req_userName</con:name>
          <con:value>userName31290031</con:value>
        </con:property>
        <con:property>
          <con:name>req_firstName</con:name>
          <con:value xsi:nil="true"/>
        </con:property>
        <con:property>
          <con:name>req_middleName</con:name>
          <con:value xsi:nil="true"/>
        </con:property>
        <con:property>
          <con:name>req_lastName</con:name>
          <con:value xsi:nil="true"/>
        </con:property>
        <con:property>
          <con:name>req_gender</con:name>
          <con:value>female</con:value>
        </con:property>
        <con:property>
          <con:name>req_email</con:name>
          <con:value>userName31290031@email.com</con:value>
        </con:property>
        <con:property>
          <con:name>req_soId</con:name>
          <con:value>18</con:value>
        </con:property>
        <con:property>
          <con:name>req_userId</con:name>
          <con:value>20</con:value>
        </con:property>
        <con:property>
          <con:name>res_status</con:name>
          <con:value>400</con:value>
        </con:property>
        <con:property>
          <con:name>res_id</con:name>
          <con:value xsi:nil="true"/>
        </con:property>
      </con:properties>
      <con:returnProperties>
        <con:entry>res_status</con:entry>
        <con:entry>res_id</con:entry>
        <con:entry>res_code</con:entry>
      </con:returnProperties>
      <con:runMode>PARALLELL</con:runMode>
    </con:config>
  </con:testStep>
  <con:testStep type="transfer" name="P.T. Add new item to user create business interaction -success" id="e3e82e62-aea0-4b56-80eb-a07dfc2589a6">
    <con:settings/>
    <con:config xsi:type="con:PropertyTransfersStep" xmlns:xsi="http://www.w3.org/2001/XMLSchema-instance">
      <con:transfers setNullOnMissingSource="true" transferTextContent="true" failOnError="true" ignoreEmpty="false" transferToAll="false" entitize="false" transferChildNodes="false" disabled="false">
        <con:name>biId</con:name>
        <con:sourceType>res_id</con:sourceType>
        <con:sourceStep>Create user role bi</con:sourceStep>
        <con:sourcePath/>
        <con:targetType>req_biId</con:targetType>
        <con:targetStep>Add new item to user create business interaction - success</con:targetStep>
        <con:targetPath/>
        <con:upgraded>true</con:upgraded>
      </con:transfers>
      <con:transfers setNullOnMissingSource="true" transferTextContent="true" failOnError="true" ignoreEmpty="false" transferToAll="false" entitize="false" transferChildNodes="false">
        <con:name>userRoleID</con:name>
        <con:sourceType>res_userRoleId</con:sourceType>
        <con:sourceStep>Create sales organization, user, inventory and terminal</con:sourceStep>
        <con:targetType>req_userId</con:targetType>
        <con:targetStep>Add new item to user create business interaction - success</con:targetStep>
        <con:upgraded>true</con:upgraded>
      </con:transfers>
      <con:transfers setNullOnMissingSource="true" transferTextContent="true" failOnError="true" ignoreEmpty="false" transferToAll="false" entitize="false" transferChildNodes="false">
        <con:name>soRoleId</con:name>
        <con:sourceType>res_salesOrgId</con:sourceType>
        <con:sourceStep>Create sales organization, user, inventory and terminal</con:sourceStep>
        <con:targetType>req_soId</con:targetType>
        <con:targetStep>Add new item to user create business interaction - success</con:targetStep>
        <con:upgraded>true</con:upgraded>
      </con:transfers>
      <con:transfers setNullOnMissingSource="true" transferTextContent="true" failOnError="true" ignoreEmpty="false" transferToAll="false" entitize="false" transferChildNodes="false" disabled="false">
        <con:name>userName</con:name>
        <con:sourceType>userName</con:sourceType>
        <con:sourceStep>DataGen for random variables</con:sourceStep>
        <con:targetType>req_userName</con:targetType>
        <con:targetStep>Add new item to user create business interaction - success</con:targetStep>
        <con:upgraded>true</con:upgraded>
      </con:transfers>
      <con:transfers setNullOnMissingSource="true" transferTextContent="true" failOnError="true" ignoreEmpty="false" transferToAll="false" entitize="false" transferChildNodes="false">
        <con:name>email</con:name>
        <con:sourceType>email</con:sourceType>
        <con:sourceStep>DataGen for random variables</con:sourceStep>
        <con:targetType>req_email</con:targetType>
        <con:targetStep>Add new item to user create business interaction - success</con:targetStep>
        <con:upgraded>true</con:upgraded>
      </con:transfers>
      <con:transfers setNullOnMissingSource="true" transferTextContent="true" failOnError="true" ignoreEmpty="false" transferToAll="false" entitize="false" transferChildNodes="false" disabled="false">
        <con:name>firstName</con:name>
        <con:sourceType>indFirstname</con:sourceType>
        <con:sourceStep>Given properties for the test steps</con:sourceStep>
        <con:targetType>req_firstName</con:targetType>
        <con:targetStep>Add new item to user create business interaction - success</con:targetStep>
        <con:upgraded>true</con:upgraded>
      </con:transfers>
      <con:transfers setNullOnMissingSource="true" transferTextContent="true" failOnError="true" ignoreEmpty="false" transferToAll="false" entitize="false" transferChildNodes="false">
        <con:name>middleName</con:name>
        <con:sourceType>indName</con:sourceType>
        <con:sourceStep>Given properties for the test steps</con:sourceStep>
        <con:targetType>req_middleName</con:targetType>
        <con:targetStep>Add new item to user create business interaction - success</con:targetStep>
        <con:upgraded>true</con:upgraded>
      </con:transfers>
      <con:transfers setNullOnMissingSource="true" transferTextContent="true" failOnError="true" ignoreEmpty="false" transferToAll="false" entitize="false" transferChildNodes="false">
        <con:name>LastName</con:name>
        <con:sourceType>indLastname</con:sourceType>
        <con:sourceStep>Given properties for the test steps</con:sourceStep>
        <con:targetType>req_lastName</con:targetType>
        <con:targetStep>Add new item to user create business interaction - success</con:targetStep>
        <con:upgraded>true</con:upgraded>
      </con:transfers>
      <con:transfers setNullOnMissingSource="true" transferTextContent="true" failOnError="true" ignoreEmpty="false" transferToAll="false" entitize="false" transferChildNodes="false">
        <con:name>gender</con:name>
        <con:sourceType>newGender</con:sourceType>
        <con:sourceStep>Given properties for the test steps</con:sourceStep>
        <con:targetType>req_gender</con:targetType>
        <con:targetStep>Add new item to user create business interaction - success</con:targetStep>
        <con:upgraded>true</con:upgraded>
      </con:transfers>
    </con:config>
  </con:testStep>
  <con:testStep type="calltestcase" name="Add new item to user create business interaction - success" id="6513dfe3-80dc-422b-9159-8ab330d3a49c">
    <con:settings/>
    <con:config xsi:type="con:RunTestCaseStep" xmlns:xsi="http://www.w3.org/2001/XMLSchema-instance">
      <con:targetTestCase>0e60efa3-2640-4ebc-88c5-36f6849d3f73</con:targetTestCase>
      <con:properties>
        <con:property>
          <con:name>res_code</con:name>
          <con:value xsi:nil="true"/>
        </con:property>
        <con:property>
          <con:name>req_biId</con:name>
          <con:value>281</con:value>
        </con:property>
        <con:property>
          <con:name>req_userName</con:name>
          <con:value>userName399260399</con:value>
        </con:property>
        <con:property>
          <con:name>req_firstName</con:name>
          <con:value>Roberto</con:value>
        </con:property>
        <con:property>
          <con:name>req_middleName</con:name>
          <con:value>Roberto Baggio</con:value>
        </con:property>
        <con:property>
          <con:name>req_lastName</con:name>
          <con:value>Baggio</con:value>
        </con:property>
        <con:property>
          <con:name>req_gender</con:name>
          <con:value>female</con:value>
        </con:property>
        <con:property>
          <con:name>req_email</con:name>
          <con:value>userName399260399@email.com</con:value>
        </con:property>
        <con:property>
          <con:name>req_soId</con:name>
          <con:value>18</con:value>
        </con:property>
        <con:property>
          <con:name>req_userId</con:name>
          <con:value>20</con:value>
        </con:property>
        <con:property>
          <con:name>res_status</con:name>
          <con:value>201</con:value>
        </con:property>
        <con:property>
          <con:name>res_id</con:name>
          <con:value>250</con:value>
        </con:property>
      </con:properties>
      <con:returnProperties>
        <con:entry>res_status</con:entry>
        <con:entry>res_id</con:entry>
        <con:entry>res_code</con:entry>
      </con:returnProperties>
      <con:runMode>PARALLELL</con:runMode>
    </con:config>
  </con:testStep>
  <con:testStep type="transfer" name="P.T. Add another new item to user create business interaction -success" id="bae911de-0cba-4aa5-a8f2-f75decd6fb8f">
    <con:settings/>
    <con:config xsi:type="con:PropertyTransfersStep" xmlns:xsi="http://www.w3.org/2001/XMLSchema-instance">
      <con:transfers setNullOnMissingSource="true" transferTextContent="true" failOnError="true" ignoreEmpty="false" transferToAll="false" entitize="false" transferChildNodes="false" disabled="false">
        <con:name>biId</con:name>
        <con:sourceType>res_id</con:sourceType>
        <con:sourceStep>Create user role bi</con:sourceStep>
        <con:sourcePath/>
        <con:targetType>req_biId</con:targetType>
        <con:targetStep>Add another new item to user create business interaction - success</con:targetStep>
        <con:targetPath/>
        <con:upgraded>true</con:upgraded>
      </con:transfers>
      <con:transfers setNullOnMissingSource="true" transferTextContent="true" failOnError="true" ignoreEmpty="false" transferToAll="false" entitize="false" transferChildNodes="false">
        <con:name>userRoleID</con:name>
        <con:sourceType>res_userRoleId</con:sourceType>
        <con:sourceStep>Create sales organization, user, inventory and terminal</con:sourceStep>
        <con:targetType>req_userId</con:targetType>
        <con:targetStep>Add another new item to user create business interaction - success</con:targetStep>
        <con:upgraded>true</con:upgraded>
      </con:transfers>
      <con:transfers setNullOnMissingSource="true" transferTextContent="true" failOnError="true" ignoreEmpty="false" transferToAll="false" entitize="false" transferChildNodes="false">
        <con:name>soRoleId</con:name>
        <con:sourceType>res_salesOrgId</con:sourceType>
        <con:sourceStep>Create sales organization, user, inventory and terminal</con:sourceStep>
        <con:targetType>req_soId</con:targetType>
        <con:targetStep>Add another new item to user create business interaction - success</con:targetStep>
        <con:upgraded>true</con:upgraded>
      </con:transfers>
      <con:transfers setNullOnMissingSource="true" transferTextContent="true" failOnError="true" ignoreEmpty="false" transferToAll="false" entitize="false" transferChildNodes="false" disabled="false">
        <con:name>userName</con:name>
        <con:sourceType>userName2</con:sourceType>
        <con:sourceStep>DataGen for random variables</con:sourceStep>
        <con:targetType>req_userName</con:targetType>
        <con:targetStep>Add another new item to user create business interaction - success</con:targetStep>
        <con:upgraded>true</con:upgraded>
      </con:transfers>
      <con:transfers setNullOnMissingSource="true" transferTextContent="true" failOnError="true" ignoreEmpty="false" transferToAll="false" entitize="false" transferChildNodes="false">
        <con:name>email</con:name>
        <con:sourceType>email</con:sourceType>
        <con:sourceStep>DataGen for random variables</con:sourceStep>
        <con:targetType>req_email</con:targetType>
        <con:targetStep>Add another new item to user create business interaction - success</con:targetStep>
        <con:upgraded>true</con:upgraded>
      </con:transfers>
      <con:transfers setNullOnMissingSource="true" transferTextContent="true" failOnError="true" ignoreEmpty="false" transferToAll="false" entitize="false" transferChildNodes="false" disabled="false">
        <con:name>firstName</con:name>
        <con:sourceType>indFirstname</con:sourceType>
        <con:sourceStep>Given properties for the test steps</con:sourceStep>
        <con:targetType>req_firstName</con:targetType>
        <con:targetStep>Add another new item to user create business interaction - success</con:targetStep>
        <con:upgraded>true</con:upgraded>
      </con:transfers>
      <con:transfers setNullOnMissingSource="true" transferTextContent="true" failOnError="true" ignoreEmpty="false" transferToAll="false" entitize="false" transferChildNodes="false">
        <con:name>middleName</con:name>
        <con:sourceType>indName</con:sourceType>
        <con:sourceStep>Given properties for the test steps</con:sourceStep>
        <con:targetType>req_middleName</con:targetType>
        <con:targetStep>Add another new item to user create business interaction - success</con:targetStep>
        <con:upgraded>true</con:upgraded>
      </con:transfers>
      <con:transfers setNullOnMissingSource="true" transferTextContent="true" failOnError="true" ignoreEmpty="false" transferToAll="false" entitize="false" transferChildNodes="false">
        <con:name>LastName</con:name>
        <con:sourceType>indLastname</con:sourceType>
        <con:sourceStep>Given properties for the test steps</con:sourceStep>
        <con:targetType>req_lastName</con:targetType>
        <con:targetStep>Add another new item to user create business interaction - success</con:targetStep>
        <con:upgraded>true</con:upgraded>
      </con:transfers>
      <con:transfers setNullOnMissingSource="true" transferTextContent="true" failOnError="true" ignoreEmpty="false" transferToAll="false" entitize="false" transferChildNodes="false">
        <con:name>gender</con:name>
        <con:sourceType>newGender</con:sourceType>
        <con:sourceStep>Given properties for the test steps</con:sourceStep>
        <con:targetType>req_gender</con:targetType>
        <con:targetStep>Add another new item to user create business interaction - success</con:targetStep>
        <con:upgraded>true</con:upgraded>
      </con:transfers>
    </con:config>
  </con:testStep>
  <con:testStep type="calltestcase" name="Add another new item to user create business interaction - success" id="fc77e7bb-17d2-40a1-8428-33b05064cd81">
    <con:settings/>
    <con:config xsi:type="con:RunTestCaseStep" xmlns:xsi="http://www.w3.org/2001/XMLSchema-instance">
      <con:targetTestCase>0e60efa3-2640-4ebc-88c5-36f6849d3f73</con:targetTestCase>
      <con:properties>
        <con:property>
          <con:name>res_code</con:name>
          <con:value xsi:nil="true"/>
        </con:property>
        <con:property>
          <con:name>req_biId</con:name>
          <con:value>281</con:value>
        </con:property>
        <con:property>
          <con:name>req_userName</con:name>
          <con:value>userNam447260447</con:value>
        </con:property>
        <con:property>
          <con:name>req_firstName</con:name>
          <con:value>Roberto</con:value>
        </con:property>
        <con:property>
          <con:name>req_middleName</con:name>
          <con:value>Roberto Baggio</con:value>
        </con:property>
        <con:property>
          <con:name>req_lastName</con:name>
          <con:value>Baggio</con:value>
        </con:property>
        <con:property>
          <con:name>req_gender</con:name>
          <con:value>female</con:value>
        </con:property>
        <con:property>
          <con:name>req_email</con:name>
          <con:value>userName399260399@email.com</con:value>
        </con:property>
        <con:property>
          <con:name>req_soId</con:name>
          <con:value>18</con:value>
        </con:property>
        <con:property>
          <con:name>req_userId</con:name>
          <con:value>20</con:value>
        </con:property>
        <con:property>
          <con:name>res_status</con:name>
          <con:value>201</con:value>
        </con:property>
        <con:property>
          <con:name>res_id</con:name>
          <con:value>251</con:value>
        </con:property>
      </con:properties>
      <con:returnProperties>
        <con:entry>res_status</con:entry>
        <con:entry>res_id</con:entry>
        <con:entry>res_code</con:entry>
      </con:returnProperties>
      <con:runMode>PARALLELL</con:runMode>
    </con:config>
  </con:testStep>
  <con:testStep type="transfer" name="Property Transfer for submit" id="aca6bdb6-ff06-4f5c-9f6d-7714a5a289cf">
    <con:settings/>
    <con:config xsi:type="con:PropertyTransfersStep" xmlns:xsi="http://www.w3.org/2001/XMLSchema-instance">
      <con:transfers setNullOnMissingSource="true" transferTextContent="true" failOnError="true" ignoreEmpty="false" transferToAll="false" entitize="false" transferChildNodes="false">
        <con:name>biId</con:name>
        <con:sourceType>res_id</con:sourceType>
        <con:sourceStep>Create user role bi</con:sourceStep>
        <con:sourcePath/>
        <con:targetType>req_biId</con:targetType>
        <con:targetStep>Submit User create BI</con:targetStep>
        <con:targetPath/>
        <con:upgraded>true</con:upgraded>
      </con:transfers>
    </con:config>
  </con:testStep>
  <con:testStep type="calltestcase" name="Submit User create BI" id="115a3927-aca6-48c3-9126-4e6ed054b8a1">
    <con:settings/>
    <con:config xsi:type="con:RunTestCaseStep" xmlns:xsi="http://www.w3.org/2001/XMLSchema-instance">
      <con:targetTestCase>333ca3fd-4f94-43fd-b0c2-96fac790f5ed</con:targetTestCase>
      <con:properties>
        <con:property>
          <con:name>req_biId</con:name>
          <con:value>281</con:value>
        </con:property>
        <con:property>
          <con:name>res_id</con:name>
          <con:value>281</con:value>
        </con:property>
        <con:property>
          <con:name>res_code</con:name>
          <con:value>USR-281</con:value>
        </con:property>
        <con:property>
          <con:name>res_errorMessage</con:name>
          <con:value xsi:nil="true"/>
        </con:property>
        <con:property>
          <con:name>res_status</con:name>
          <con:value>200</con:value>
        </con:property>
        <con:property>
          <con:name>res_desc</con:name>
          <con:value>User is created by name-s7efdce87-bfbe-416d-bbd8-d784513659ae</con:value>
        </con:property>
      </con:properties>
      <con:returnProperties>
        <con:entry>res_id</con:entry>
        <con:entry>res_code</con:entry>
        <con:entry>res_errorMessage</con:entry>
        <con:entry>res_status</con:entry>
        <con:entry>res_desc</con:entry>
      </con:returnProperties>
      <con:runMode>PARALLELL</con:runMode>
    </con:config>
  </con:testStep>
  <con:testStep type="assertionteststep" name="Assertion for submit bi" id="97d74a57-0cd9-4a02-a94b-d5e5afe406ad">
    <con:settings/>
    <con:config xsi:type="con:AssertionTestStep" xmlns:xsi="http://www.w3.org/2001/XMLSchema-instance">
      <con:entry>
        <con:id>a1fd6ef0-1628-4611-a672-9ad15f8521f1</con:id>
        <con:isGroup>false</con:isGroup>
        <con:sourceId>115a3927-aca6-48c3-9126-4e6ed054b8a1</con:sourceId>
        <con:propertyName>req_biId</con:propertyName>
        <con:assertion type="Simple Equals" name="Equals" id="2b13ee38-5629-4247-ad32-3e3938a2997b">
          <con:configuration>
            <patternObjectId>115a3927-aca6-48c3-9126-4e6ed054b8a1</patternObjectId>
            <patternProperty>res_id</patternProperty>
            <caseSensitive>true</caseSensitive>
          </con:configuration>
        </con:assertion>
      </con:entry>
      <con:entry>
        <con:id>5a6016ad-2051-4afe-8fcc-8844277aeba8</con:id>
        <con:isGroup>false</con:isGroup>
        <con:sourceId>115a3927-aca6-48c3-9126-4e6ed054b8a1</con:sourceId>
        <con:propertyName>res_status</con:propertyName>
        <con:assertion type="Simple Equals" name="Equals 2" id="9afc4c3d-b958-4f14-8132-93cf902f68ef">
          <con:configuration>
            <patternText>200</patternText>
            <caseSensitive>true</caseSensitive>
          </con:configuration>
        </con:assertion>
      </con:entry>
    </con:config>
  </con:testStep>
  <con:testStep type="transfer" name="P.T. Add new item to user create business interaction -closedBI" id="9d6cc536-1a8b-4a19-ab3d-d74f129d003d">
    <con:settings/>
    <con:config xsi:type="con:PropertyTransfersStep" xmlns:xsi="http://www.w3.org/2001/XMLSchema-instance">
      <con:transfers setNullOnMissingSource="true" transferTextContent="true" failOnError="true" ignoreEmpty="false" transferToAll="false" entitize="false" transferChildNodes="false" disabled="false">
        <con:name>biId</con:name>
        <con:sourceType>res_id</con:sourceType>
        <con:sourceStep>Create user role bi</con:sourceStep>
        <con:sourcePath/>
        <con:targetType>req_biId</con:targetType>
        <con:targetStep>Add new item to user create business interaction -closedBI</con:targetStep>
        <con:targetPath/>
        <con:upgraded>true</con:upgraded>
      </con:transfers>
      <con:transfers setNullOnMissingSource="true" transferTextContent="true" failOnError="true" ignoreEmpty="false" transferToAll="false" entitize="false" transferChildNodes="false">
        <con:name>userRoleID</con:name>
        <con:sourceType>res_userRoleId</con:sourceType>
        <con:sourceStep>Create sales organization, user, inventory and terminal</con:sourceStep>
        <con:targetType>req_userId</con:targetType>
        <con:targetStep>Add new item to user create business interaction -closedBI</con:targetStep>
        <con:upgraded>true</con:upgraded>
      </con:transfers>
      <con:transfers setNullOnMissingSource="true" transferTextContent="true" failOnError="true" ignoreEmpty="false" transferToAll="false" entitize="false" transferChildNodes="false">
        <con:name>soRoleId</con:name>
        <con:sourceType>res_salesOrgId</con:sourceType>
        <con:sourceStep>Create sales organization, user, inventory and terminal</con:sourceStep>
        <con:targetType>req_soId</con:targetType>
        <con:targetStep>Add new item to user create business interaction -closedBI</con:targetStep>
        <con:upgraded>true</con:upgraded>
      </con:transfers>
      <con:transfers setNullOnMissingSource="true" transferTextContent="true" failOnError="true" ignoreEmpty="false" transferToAll="false" entitize="false" transferChildNodes="false" disabled="false">
        <con:name>userName</con:name>
        <con:sourceType>userName</con:sourceType>
        <con:sourceStep>DataGen for random variables</con:sourceStep>
        <con:targetType>req_userName</con:targetType>
        <con:targetStep>Add new item to user create business interaction -closedBI</con:targetStep>
        <con:upgraded>true</con:upgraded>
      </con:transfers>
      <con:transfers setNullOnMissingSource="true" transferTextContent="true" failOnError="true" ignoreEmpty="false" transferToAll="false" entitize="false" transferChildNodes="false">
        <con:name>email</con:name>
        <con:sourceType>email</con:sourceType>
        <con:sourceStep>DataGen for random variables</con:sourceStep>
        <con:targetType>req_email</con:targetType>
        <con:targetStep>Add new item to user create business interaction -closedBI</con:targetStep>
        <con:upgraded>true</con:upgraded>
      </con:transfers>
      <con:transfers setNullOnMissingSource="true" transferTextContent="true" failOnError="true" ignoreEmpty="false" transferToAll="false" entitize="false" transferChildNodes="false" disabled="false">
        <con:name>firstName</con:name>
        <con:sourceType>indFirstname</con:sourceType>
        <con:sourceStep>Given properties for the test steps</con:sourceStep>
        <con:targetType>req_firstName</con:targetType>
        <con:targetStep>Add new item to user create business interaction -closedBI</con:targetStep>
        <con:upgraded>true</con:upgraded>
      </con:transfers>
      <con:transfers setNullOnMissingSource="true" transferTextContent="true" failOnError="true" ignoreEmpty="false" transferToAll="false" entitize="false" transferChildNodes="false">
        <con:name>middleName</con:name>
        <con:sourceType>indName</con:sourceType>
        <con:sourceStep>Given properties for the test steps</con:sourceStep>
        <con:targetType>req_middleName</con:targetType>
        <con:targetStep>Add new item to user create business interaction -closedBI</con:targetStep>
        <con:upgraded>true</con:upgraded>
      </con:transfers>
      <con:transfers setNullOnMissingSource="true" transferTextContent="true" failOnError="true" ignoreEmpty="false" transferToAll="false" entitize="false" transferChildNodes="false">
        <con:name>LastName</con:name>
        <con:sourceType>indLastname</con:sourceType>
        <con:sourceStep>Given properties for the test steps</con:sourceStep>
        <con:targetType>req_lastName</con:targetType>
        <con:targetStep>Add new item to user create business interaction -closedBI</con:targetStep>
        <con:upgraded>true</con:upgraded>
      </con:transfers>
      <con:transfers setNullOnMissingSource="true" transferTextContent="true" failOnError="true" ignoreEmpty="false" transferToAll="false" entitize="false" transferChildNodes="false">
        <con:name>gender</con:name>
        <con:sourceType>newGender</con:sourceType>
        <con:sourceStep>Given properties for the test steps</con:sourceStep>
        <con:targetType>req_gender</con:targetType>
        <con:targetStep>Add new item to user create business interaction -closedBI</con:targetStep>
        <con:upgraded>true</con:upgraded>
      </con:transfers>
    </con:config>
  </con:testStep>
  <con:testStep type="calltestcase" name="Add new item to user create business interaction -closedBI" id="b8785323-ee34-4dd1-bc5c-de5252e4ae44">
    <con:settings/>
    <con:config xsi:type="con:RunTestCaseStep" xmlns:xsi="http://www.w3.org/2001/XMLSchema-instance">
      <con:targetTestCase>0e60efa3-2640-4ebc-88c5-36f6849d3f73</con:targetTestCase>
      <con:properties>
        <con:property>
          <con:name>res_code</con:name>
          <con:value>INVALID_STATE_OPERATION</con:value>
        </con:property>
        <con:property>
          <con:name>req_biId</con:name>
          <con:value>261</con:value>
        </con:property>
        <con:property>
          <con:name>req_userName</con:name>
          <con:value>userName31290031</con:value>
        </con:property>
        <con:property>
          <con:name>req_firstName</con:name>
          <con:value>Roberto</con:value>
        </con:property>
        <con:property>
          <con:name>req_middleName</con:name>
          <con:value>Roberto Baggio</con:value>
        </con:property>
        <con:property>
          <con:name>req_lastName</con:name>
          <con:value>Baggio</con:value>
        </con:property>
        <con:property>
          <con:name>req_gender</con:name>
          <con:value>female</con:value>
        </con:property>
        <con:property>
          <con:name>req_email</con:name>
          <con:value>userName31290031@email.com</con:value>
        </con:property>
        <con:property>
          <con:name>req_soId</con:name>
          <con:value>18</con:value>
        </con:property>
        <con:property>
          <con:name>req_userId</con:name>
          <con:value>20</con:value>
        </con:property>
        <con:property>
          <con:name>res_status</con:name>
          <con:value>400</con:value>
        </con:property>
        <con:property>
          <con:name>res_id</con:name>
          <con:value xsi:nil="true"/>
        </con:property>
      </con:properties>
      <con:returnProperties>
        <con:entry>res_status</con:entry>
        <con:entry>res_id</con:entry>
        <con:entry>res_code</con:entry>
      </con:returnProperties>
      <con:runMode>PARALLELL</con:runMode>
    </con:config>
  </con:testStep>
  <con:testStep type="assertionteststep" name="Assertion for Add new item to user create business interaction" id="eb3907d7-1604-4e2d-aeb8-aca17a737278">
    <con:settings/>
    <con:config xsi:type="con:AssertionTestStep" xmlns:xsi="http://www.w3.org/2001/XMLSchema-instance">
      <con:entry>
        <con:id>af9158b7-588e-4b3b-af47-f39eddeffdd9</con:id>
        <con:isGroup>false</con:isGroup>
        <con:sourceId>bf4f9268-1174-45b4-9b7f-52befdb3d7e1</con:sourceId>
        <con:propertyName>res_status</con:propertyName>
        <con:assertion type="Simple Equals" name="Equals" id="0437a611-bc0c-4a82-b6b3-0753bc203a8b">
          <con:configuration>
            <patternText>400</patternText>
            <caseSensitive>true</caseSensitive>
          </con:configuration>
        </con:assertion>
      </con:entry>
      <con:entry>
        <con:id>b1a7f0c6-bfce-4bad-a4be-1c247a3d6424</con:id>
        <con:isGroup>false</con:isGroup>
        <con:sourceId>bf4f9268-1174-45b4-9b7f-52befdb3d7e1</con:sourceId>
        <con:propertyName>res_code</con:propertyName>
        <con:assertion type="Simple Equals" name="Equals 2" id="ea4d624a-fb0d-44a1-a1f3-ffa3fa13866a">
          <con:configuration>
            <patternText>EMAIL_FORMAT_INVALID</patternText>
            <caseSensitive>true</caseSensitive>
          </con:configuration>
        </con:assertion>
      </con:entry>
      <con:entry>
        <con:id>c5848830-4567-4784-b0ae-23cd8492195f</con:id>
        <con:isGroup>false</con:isGroup>
        <con:sourceId>b5da2d8d-3b95-4e2c-a27d-52bde5b737f5</con:sourceId>
        <con:propertyName>res_status</con:propertyName>
        <con:assertion type="Simple Equals" name="Equals 3" id="ac55c2d3-e149-4519-a65b-01976af844db">
          <con:configuration>
            <patternText>400</patternText>
            <caseSensitive>true</caseSensitive>
          </con:configuration>
        </con:assertion>
      </con:entry>
      <con:entry>
        <con:id>6eecebe4-26a8-4caf-b4d3-e5c1f05cdd92</con:id>
        <con:isGroup>false</con:isGroup>
        <con:sourceId>b5da2d8d-3b95-4e2c-a27d-52bde5b737f5</con:sourceId>
        <con:propertyName>res_code</con:propertyName>
        <con:assertion type="Simple Equals" name="Equals 4" id="e5ef6df4-9a2c-403e-ba5d-8354ad04c07d">
          <con:configuration>
            <patternText>EXTERNAL_ID_SHOULD_NOT_CONTAIN_WHITESPACE</patternText>
            <caseSensitive>true</caseSensitive>
          </con:configuration>
        </con:assertion>
      </con:entry>
      <con:entry>
        <con:id>b5fbb65d-7eb4-4a69-9f65-11ef1d8d0f25</con:id>
        <con:isGroup>false</con:isGroup>
        <con:sourceId>369b5f8c-4666-465d-b987-2be4ff72899b</con:sourceId>
        <con:propertyName>res_status</con:propertyName>
        <con:assertion type="Simple Equals" name="Equals 5" id="217785c8-e847-45fe-a5ea-9bf987fe302c">
          <con:configuration>
            <patternText>400</patternText>
            <caseSensitive>true</caseSensitive>
          </con:configuration>
        </con:assertion>
      </con:entry>
      <con:entry>
        <con:id>3843416b-f183-4dbb-b23b-0eecfce6a4e9</con:id>
        <con:isGroup>false</con:isGroup>
        <con:sourceId>369b5f8c-4666-465d-b987-2be4ff72899b</con:sourceId>
        <con:propertyName>res_code</con:propertyName>
        <con:assertion type="Simple Equals" name="Equals 6" id="690cd4f0-9767-4c99-a991-cfbe115ddcf8">
          <con:configuration>
            <patternText>FIRST_NAME_OR_LAST_NAME_CAN_NOT_BE_NULL_OR_EMPTY</patternText>
            <caseSensitive>true</caseSensitive>
          </con:configuration>
        </con:assertion>
      </con:entry>
      <con:entry>
        <con:id>dc7fcead-fa52-4481-860c-f6f4874d87fc</con:id>
        <con:isGroup>false</con:isGroup>
        <con:sourceId>6513dfe3-80dc-422b-9159-8ab330d3a49c</con:sourceId>
        <con:propertyName>res_status</con:propertyName>
        <con:assertion type="Simple Equals" name="Equals 7" id="824980c7-1d51-4b3b-a1c7-3ec5a73309a1">
          <con:configuration>
            <patternText>201</patternText>
            <caseSensitive>true</caseSensitive>
          </con:configuration>
        </con:assertion>
      </con:entry>
      <con:entry>
        <con:id>6e742e50-32e8-4271-b598-95ff11083641</con:id>
        <con:isGroup>false</con:isGroup>
        <con:sourceId>6513dfe3-80dc-422b-9159-8ab330d3a49c</con:sourceId>
        <con:propertyName>res_code</con:propertyName>
        <con:assertion type="Simple Contains" name="Contains" id="efc7097f-b4c0-4d05-805c-68edaa745561">
          <con:configuration>
            <token>^\s*$</token>
            <ignoreCase>false</ignoreCase>
            <useRegEx>true</useRegEx>
          </con:configuration>
        </con:assertion>
      </con:entry>
      <con:entry>
        <con:id>8f3d40c0-68f6-4852-a2de-f6d886d5cf9b</con:id>
        <con:isGroup>false</con:isGroup>
        <con:sourceId>b8785323-ee34-4dd1-bc5c-de5252e4ae44</con:sourceId>
        <con:propertyName>res_status</con:propertyName>
        <con:assertion type="Simple Equals" name="Equals 8" id="7730ccc1-2430-40e1-996a-4c9e4cf9c16d">
          <con:configuration>
            <patternText>400</patternText>
            <caseSensitive>true</caseSensitive>
          </con:configuration>
        </con:assertion>
      </con:entry>
      <con:entry>
        <con:id>1bf11c4a-2685-41cc-ae38-9858bdf11667</con:id>
        <con:isGroup>false</con:isGroup>
        <con:sourceId>b8785323-ee34-4dd1-bc5c-de5252e4ae44</con:sourceId>
        <con:propertyName>res_code</con:propertyName>
        <con:assertion type="Simple Equals" name="Equals 9" id="ad3aef38-d708-41cc-81af-0c8c20f3890a">
          <con:configuration>
            <patternText>INVALID_STATE_OPERATION</patternText>
            <caseSensitive>true</caseSensitive>
          </con:configuration>
        </con:assertion>
      </con:entry>
      <con:entry>
        <con:id>511cd09f-522d-4719-8d73-04f38dda1efd</con:id>
        <con:isGroup>false</con:isGroup>
        <con:sourceId>fc77e7bb-17d2-40a1-8428-33b05064cd81</con:sourceId>
        <con:propertyName>res_status</con:propertyName>
        <con:assertion type="Simple Contains" name="Contains 2" id="7894f36b-cdc1-4669-a3a3-bafe7f6acd82">
          <con:configuration>
            <token>201</token>
            <ignoreCase>false</ignoreCase>
            <useRegEx>false</useRegEx>
          </con:configuration>
        </con:assertion>
      </con:entry>
      <con:entry>
        <con:id>6276def9-f7c7-459d-98b5-cf23c00d5884</con:id>
        <con:isGroup>false</con:isGroup>
        <con:sourceId>fc77e7bb-17d2-40a1-8428-33b05064cd81</con:sourceId>
        <con:propertyName>res_code</con:propertyName>
        <con:assertion type="Simple Contains" name="Contains 3" id="6d806f3d-5c27-4ae5-89b4-1b57f5c65724">
          <con:configuration>
            <token>^\s*$</token>
            <ignoreCase>false</ignoreCase>
            <useRegEx>true</useRegEx>
          </con:configuration>
        </con:assertion>
      </con:entry>
    </con:config>
  </con:testStep>
  <con:testStep type="transfer" name="P.T. for Create user role bi 2" id="30a205b7-9e41-403d-a27c-8248cdd533e4">
    <con:settings/>
    <con:config xsi:type="con:PropertyTransfersStep" xmlns:xsi="http://www.w3.org/2001/XMLSchema-instance">
      <con:transfers setNullOnMissingSource="true" transferTextContent="true" failOnError="true" ignoreEmpty="false" transferToAll="false" entitize="false" transferChildNodes="false">
        <con:name>createdByUserRoleId</con:name>
        <con:sourceType>res_userRoleId</con:sourceType>
        <con:sourceStep>Create sales organization, user, inventory and terminal</con:sourceStep>
        <con:sourcePath/>
        <con:targetType>req_userRoleId</con:targetType>
        <con:targetStep>Create user role bi 2</con:targetStep>
        <con:targetPath/>
        <con:upgraded>true</con:upgraded>
      </con:transfers>
      <con:transfers setNullOnMissingSource="true" transferTextContent="true" failOnError="true" ignoreEmpty="false" transferToAll="false" entitize="false" transferChildNodes="false">
        <con:name>createdBySalesOrgRoleId</con:name>
        <con:sourceType>res_salesOrgId</con:sourceType>
        <con:sourceStep>Create sales organization, user, inventory and terminal</con:sourceStep>
        <con:targetType>req_salesOrganizationRoleId</con:targetType>
        <con:targetStep>Create user role bi 2</con:targetStep>
        <con:upgraded>true</con:upgraded>
      </con:transfers>
      <con:transfers setNullOnMissingSource="true" transferTextContent="true" failOnError="true" ignoreEmpty="false" transferToAll="false" entitize="false" transferChildNodes="false">
        <con:name>biSpec</con:name>
        <con:sourceType>biSpec</con:sourceType>
        <con:sourceStep>Given properties for the test steps</con:sourceStep>
        <con:targetType>req_biSpecCode</con:targetType>
        <con:targetStep>Create user role bi 2</con:targetStep>
        <con:upgraded>true</con:upgraded>
      </con:transfers>
    </con:config>
  </con:testStep>
  <con:testStep type="calltestcase" name="Create user role bi 2" id="fa31e099-3478-4755-b02d-c0c60b7a0550">
    <con:settings/>
    <con:config xsi:type="con:RunTestCaseStep" xmlns:xsi="http://www.w3.org/2001/XMLSchema-instance">
      <con:targetTestCase>e6b7276c-53a3-4825-8734-f8045e409281</con:targetTestCase>
      <con:properties>
        <con:property>
          <con:name>req_userRoleId</con:name>
          <con:value>20</con:value>
        </con:property>
        <con:property>
          <con:name>req_salesOrganizationRoleId</con:name>
          <con:value>18</con:value>
        </con:property>
        <con:property>
          <con:name>req_biSpecCode</con:name>
          <con:value>USERCREATEBISPEC</con:value>
        </con:property>
        <con:property>
          <con:name>res_id</con:name>
          <con:value>271</con:value>
        </con:property>
        <con:property>
          <con:name>res_code</con:name>
          <con:value>USR-271</con:value>
        </con:property>
        <con:property>
          <con:name>res_status</con:name>
          <con:value>201</con:value>
        </con:property>
      </con:properties>
      <con:returnProperties>
        <con:entry>res_id</con:entry>
        <con:entry>res_code</con:entry>
        <con:entry>res_status</con:entry>
      </con:returnProperties>
      <con:runMode>PARALLELL</con:runMode>
    </con:config>
  </con:testStep>
  <con:testStep type="assertionteststep" name="Assertion for Create user role bi 2" id="9e74b5b4-e1ae-4280-b832-3a4fefde50f5">
    <con:settings/>
    <con:config xsi:type="con:AssertionTestStep" xmlns:xsi="http://www.w3.org/2001/XMLSchema-instance">
      <con:entry>
        <con:id>c04d26e9-12b9-43b6-ac66-01b0fa0f2ebb</con:id>
        <con:isGroup>false</con:isGroup>
        <con:sourceId>fa31e099-3478-4755-b02d-c0c60b7a0550</con:sourceId>
        <con:propertyName>res_status</con:propertyName>
        <con:assertion type="Simple Equals" name="Equals" id="88cfdad0-2ef8-4607-8a05-520686b26bde">
          <con:configuration>
            <patternText>201</patternText>
            <caseSensitive>true</caseSensitive>
          </con:configuration>
        </con:assertion>
      </con:entry>
      <con:entry>
        <con:id>f3e52b61-a8be-4845-b305-dbd27b970bf1</con:id>
        <con:isGroup>false</con:isGroup>
        <con:sourceId>fa31e099-3478-4755-b02d-c0c60b7a0550</con:sourceId>
        <con:propertyName>res_id</con:propertyName>
        <con:assertion type="Simple Contains" name="Contains" id="cf0691a9-002f-4da2-9199-a5e351fc157e">
          <con:configuration>
            <token>\d+</token>
            <ignoreCase>false</ignoreCase>
            <useRegEx>true</useRegEx>
          </con:configuration>
        </con:assertion>
      </con:entry>
    </con:config>
  </con:testStep>
  <con:testStep type="transfer" name="P.T. Add new item to user create business interaction -uniqueUserName" id="9c951ca3-3ad4-4296-a1cc-bc67f1d17d3c">
    <con:settings/>
    <con:config xsi:type="con:PropertyTransfersStep" xmlns:xsi="http://www.w3.org/2001/XMLSchema-instance">
      <con:transfers setNullOnMissingSource="true" transferTextContent="true" failOnError="true" ignoreEmpty="false" transferToAll="false" entitize="false" transferChildNodes="false" disabled="false">
        <con:name>biId</con:name>
        <con:sourceType>res_id</con:sourceType>
        <con:sourceStep>Create user role bi 2</con:sourceStep>
        <con:sourcePath/>
        <con:targetType>req_biId</con:targetType>
        <con:targetStep>Add new item to user create business interaction -uniqueUserName</con:targetStep>
        <con:targetPath/>
        <con:upgraded>true</con:upgraded>
      </con:transfers>
      <con:transfers setNullOnMissingSource="true" transferTextContent="true" failOnError="true" ignoreEmpty="false" transferToAll="false" entitize="false" transferChildNodes="false">
        <con:name>userRoleID</con:name>
        <con:sourceType>res_userRoleId</con:sourceType>
        <con:sourceStep>Create sales organization, user, inventory and terminal</con:sourceStep>
        <con:targetType>req_userId</con:targetType>
        <con:targetStep>Add new item to user create business interaction -uniqueUserName</con:targetStep>
        <con:upgraded>true</con:upgraded>
      </con:transfers>
      <con:transfers setNullOnMissingSource="true" transferTextContent="true" failOnError="true" ignoreEmpty="false" transferToAll="false" entitize="false" transferChildNodes="false">
        <con:name>soRoleId</con:name>
        <con:sourceType>res_salesOrgId</con:sourceType>
        <con:sourceStep>Create sales organization, user, inventory and terminal</con:sourceStep>
        <con:targetType>req_soId</con:targetType>
        <con:targetStep>Add new item to user create business interaction -uniqueUserName</con:targetStep>
        <con:upgraded>true</con:upgraded>
      </con:transfers>
      <con:transfers setNullOnMissingSource="true" transferTextContent="true" failOnError="true" ignoreEmpty="false" transferToAll="false" entitize="false" transferChildNodes="false" disabled="false">
        <con:name>userName</con:name>
        <con:sourceType>userName</con:sourceType>
        <con:sourceStep>DataGen for random variables</con:sourceStep>
        <con:targetType>req_userName</con:targetType>
        <con:targetStep>Add new item to user create business interaction -uniqueUserName</con:targetStep>
        <con:upgraded>true</con:upgraded>
      </con:transfers>
      <con:transfers setNullOnMissingSource="true" transferTextContent="true" failOnError="true" ignoreEmpty="false" transferToAll="false" entitize="false" transferChildNodes="false">
        <con:name>email</con:name>
        <con:sourceType>email</con:sourceType>
        <con:sourceStep>DataGen for random variables</con:sourceStep>
        <con:targetType>req_email</con:targetType>
        <con:targetStep>Add new item to user create business interaction -uniqueUserName</con:targetStep>
        <con:upgraded>true</con:upgraded>
      </con:transfers>
      <con:transfers setNullOnMissingSource="true" transferTextContent="true" failOnError="true" ignoreEmpty="false" transferToAll="false" entitize="false" transferChildNodes="false" disabled="false">
        <con:name>firstName</con:name>
        <con:sourceType>indFirstname</con:sourceType>
        <con:sourceStep>Given properties for the test steps</con:sourceStep>
        <con:targetType>req_firstName</con:targetType>
        <con:targetStep>Add new item to user create business interaction -uniqueUserName</con:targetStep>
        <con:upgraded>true</con:upgraded>
      </con:transfers>
      <con:transfers setNullOnMissingSource="true" transferTextContent="true" failOnError="true" ignoreEmpty="false" transferToAll="false" entitize="false" transferChildNodes="false">
        <con:name>middleName</con:name>
        <con:sourceType>indName</con:sourceType>
        <con:sourceStep>Given properties for the test steps</con:sourceStep>
        <con:targetType>req_middleName</con:targetType>
        <con:targetStep>Add new item to user create business interaction -uniqueUserName</con:targetStep>
        <con:upgraded>true</con:upgraded>
      </con:transfers>
      <con:transfers setNullOnMissingSource="true" transferTextContent="true" failOnError="true" ignoreEmpty="false" transferToAll="false" entitize="false" transferChildNodes="false">
        <con:name>LastName</con:name>
        <con:sourceType>indLastname</con:sourceType>
        <con:sourceStep>Given properties for the test steps</con:sourceStep>
        <con:targetType>req_lastName</con:targetType>
        <con:targetStep>Add new item to user create business interaction -uniqueUserName</con:targetStep>
        <con:upgraded>true</con:upgraded>
      </con:transfers>
      <con:transfers setNullOnMissingSource="true" transferTextContent="true" failOnError="true" ignoreEmpty="false" transferToAll="false" entitize="false" transferChildNodes="false">
        <con:name>gender</con:name>
        <con:sourceType>newGender</con:sourceType>
        <con:sourceStep>Given properties for the test steps</con:sourceStep>
        <con:targetType>req_gender</con:targetType>
        <con:targetStep>Add new item to user create business interaction -uniqueUserName</con:targetStep>
        <con:upgraded>true</con:upgraded>
      </con:transfers>
    </con:config>
  </con:testStep>
  <con:testStep type="calltestcase" name="Add new item to user create business interaction -uniqueUserName" id="2c665463-c602-4cfe-9871-d8983f0e596f">
    <con:settings/>
    <con:config xsi:type="con:RunTestCaseStep" xmlns:xsi="http://www.w3.org/2001/XMLSchema-instance">
      <con:targetTestCase>0e60efa3-2640-4ebc-88c5-36f6849d3f73</con:targetTestCase>
      <con:properties>
        <con:property>
          <con:name>res_code</con:name>
          <con:value>EXTERNAL_ID_MUST_BE_UNIQUE</con:value>
        </con:property>
        <con:property>
          <con:name>req_biId</con:name>
          <con:value>271</con:value>
        </con:property>
        <con:property>
          <con:name>req_userName</con:name>
          <con:value>userName31290031</con:value>
        </con:property>
        <con:property>
          <con:name>req_firstName</con:name>
          <con:value>Roberto</con:value>
        </con:property>
        <con:property>
          <con:name>req_middleName</con:name>
          <con:value>Roberto Baggio</con:value>
        </con:property>
        <con:property>
          <con:name>req_lastName</con:name>
          <con:value>Baggio</con:value>
        </con:property>
        <con:property>
          <con:name>req_gender</con:name>
          <con:value>female</con:value>
        </con:property>
        <con:property>
          <con:name>req_email</con:name>
          <con:value>userName31290031@email.com</con:value>
        </con:property>
        <con:property>
          <con:name>req_soId</con:name>
          <con:value>18</con:value>
        </con:property>
        <con:property>
          <con:name>req_userId</con:name>
          <con:value>20</con:value>
        </con:property>
        <con:property>
          <con:name>res_status</con:name>
          <con:value>400</con:value>
        </con:property>
        <con:property>
          <con:name>res_id</con:name>
          <con:value xsi:nil="true"/>
        </con:property>
      </con:properties>
      <con:returnProperties>
        <con:entry>res_status</con:entry>
        <con:entry>res_id</con:entry>
        <con:entry>res_code</con:entry>
      </con:returnProperties>
      <con:runMode>PARALLELL</con:runMode>
    </con:config>
  </con:testStep>
  <con:testStep type="assertionteststep" name="Assertion for Add new item to user create business interaction -uniqueUserName" id="f143da3c-3961-4f75-b156-50657f0cc2f9">
    <con:settings/>
    <con:config xsi:type="con:AssertionTestStep" xmlns:xsi="http://www.w3.org/2001/XMLSchema-instance">
      <con:entry>
        <con:id>e7d1bc0c-005a-4a04-8431-e560ccac98d9</con:id>
        <con:isGroup>false</con:isGroup>
        <con:sourceId>2c665463-c602-4cfe-9871-d8983f0e596f</con:sourceId>
        <con:propertyName>res_status</con:propertyName>
        <con:assertion type="Simple Equals" name="Equals" id="b0d2361e-2540-4ae3-b94a-ba4894f202ce">
          <con:configuration>
            <patternText>400</patternText>
            <caseSensitive>true</caseSensitive>
          </con:configuration>
        </con:assertion>
      </con:entry>
      <con:entry>
        <con:id>cb1dae68-2a49-4140-bd43-3e120935ad59</con:id>
        <con:isGroup>false</con:isGroup>
        <con:sourceId>2c665463-c602-4cfe-9871-d8983f0e596f</con:sourceId>
        <con:propertyName>res_code</con:propertyName>
        <con:assertion type="Simple Equals" name="Equals 2" id="d56414fc-8b28-4457-af74-2d64b871afbd">
          <con:configuration>
            <patternText>EXTERNAL_ID_MUST_BE_UNIQUE</patternText>
            <caseSensitive>true</caseSensitive>
          </con:configuration>
        </con:assertion>
      </con:entry>
    </con:config>
  </con:testStep>
  <con:testStep type="transfer" name="Set create user bi with none associate user" id="a3d27072-6d55-4495-b222-34294fc146a4" disabled="true">
    <con:settings/>
    <con:config xsi:type="con:PropertyTransfersStep" xmlns:xsi="http://www.w3.org/2001/XMLSchema-instance">
      <con:transfers setNullOnMissingSource="true" transferTextContent="true" failOnError="true" ignoreEmpty="false" transferToAll="false" entitize="false" transferChildNodes="false">
        <con:name>userId</con:name>
        <con:sourceType>DefaultUserRoleId</con:sourceType>
        <con:sourceStep>#Project#</con:sourceStep>
        <con:sourcePath/>
        <con:targetType>req_userRoleId</con:targetType>
        <con:targetStep>Create user bi with none associate user</con:targetStep>
        <con:targetPath/>
        <con:upgraded>true</con:upgraded>
      </con:transfers>
      <con:transfers setNullOnMissingSource="true" transferTextContent="true" failOnError="true" ignoreEmpty="false" transferToAll="false" entitize="false" transferChildNodes="false">
        <con:name>soId</con:name>
        <con:sourceType>soId</con:sourceType>
        <con:sourceStep>Given properties for the test steps</con:sourceStep>
        <con:targetType>req_salesOrganizationRoleId</con:targetType>
        <con:targetStep>Create user bi with none associate user</con:targetStep>
        <con:upgraded>true</con:upgraded>
      </con:transfers>
      <con:transfers setNullOnMissingSource="true" transferTextContent="true" failOnError="true" ignoreEmpty="false" transferToAll="false" entitize="false" transferChildNodes="false">
        <con:name>biSpecCode</con:name>
        <con:sourceType>biSpec</con:sourceType>
        <con:sourceStep>Given properties for the test steps</con:sourceStep>
        <con:targetType>req_biSpecCode</con:targetType>
        <con:targetStep>Create user bi with none associate user</con:targetStep>
        <con:upgraded>true</con:upgraded>
      </con:transfers>
    </con:config>
  </con:testStep>
  <con:testStep type="calltestcase" name="Create user bi with none associate user" id="275f8ee5-2761-4792-a74f-6fe5a61ae13f" disabled="true">
    <con:settings/>
    <con:config xsi:type="con:RunTestCaseStep" xmlns:xsi="http://www.w3.org/2001/XMLSchema-instance">
      <con:targetTestCase>e6b7276c-53a3-4825-8734-f8045e409281</con:targetTestCase>
      <con:properties>
        <con:property>
          <con:name>req_userRoleId</con:name>
          <con:value>2</con:value>
        </con:property>
        <con:property>
          <con:name>req_biSpecCode</con:name>
          <con:value>USERCREATEBISPEC</con:value>
        </con:property>
        <con:property>
          <con:name>res_code</con:name>
          <con:value>SALES_ORG_NOT_ACTIVE_OR_EXISTS</con:value>
        </con:property>
        <con:property>
          <con:name>req_salesOrganizationRoleId</con:name>
          <con:value>17</con:value>
        </con:property>
        <con:property>
          <con:name>res_id</con:name>
          <con:value xsi:nil="true"/>
        </con:property>
        <con:property>
          <con:name>res_status</con:name>
          <con:value>400</con:value>
        </con:property>
      </con:properties>
      <con:returnProperties>
        <con:entry>res_id</con:entry>
        <con:entry>res_code</con:entry>
        <con:entry>res_status</con:entry>
      </con:returnProperties>
      <con:runMode>PARALLELL</con:runMode>
    </con:config>
  </con:testStep>
  <con:testStep type="assertionteststep" name="Assertion create user bi with none associate user" id="39fc35fb-2497-40d2-aba4-8c0de776afbc" disabled="true">
    <con:settings/>
    <con:config xsi:type="con:AssertionTestStep" xmlns:xsi="http://www.w3.org/2001/XMLSchema-instance">
      <con:entry>
        <con:id>39056fd8-5902-4f49-88f1-1d101265f328</con:id>
        <con:isGroup>false</con:isGroup>
        <con:sourceId>275f8ee5-2761-4792-a74f-6fe5a61ae13f</con:sourceId>
        <con:propertyName>res_status</con:propertyName>
        <con:assertion type="Simple Contains" name="Contains" id="84380b31-8973-4c9b-b8ae-6aa8635e5112">
          <con:configuration>
            <token>403</token>
            <ignoreCase>false</ignoreCase>
            <useRegEx>false</useRegEx>
          </con:configuration>
        </con:assertion>
      </con:entry>
      <con:entry>
        <con:id>ccf62d72-f25b-48d8-9e2c-34f4ad720a28</con:id>
        <con:isGroup>false</con:isGroup>
        <con:sourceId>275f8ee5-2761-4792-a74f-6fe5a61ae13f</con:sourceId>
        <con:propertyName>res_code</con:propertyName>
        <con:assertion type="Simple Contains" name="Contains 2" id="637531a7-ef85-405b-9beb-cf63ce1a5ccb">
          <con:configuration>
            <token>USER_MISMATCH_EXCEPTION</token>
            <ignoreCase>false</ignoreCase>
            <useRegEx>false</useRegEx>
          </con:configuration>
        </con:assertion>
      </con:entry>
    </con:config>
  </con:testStep>
  <con:testStep type="transfer" name="Set bi id to add item which is not exist" id="9c97e2b2-f14c-462c-8ac8-9a641ce6a46d">
    <con:settings/>
    <con:config xsi:type="con:PropertyTransfersStep" xmlns:xsi="http://www.w3.org/2001/XMLSchema-instance">
      <con:transfers setNullOnMissingSource="true" transferTextContent="true" failOnError="true" ignoreEmpty="false" transferToAll="false" entitize="false" transferChildNodes="false">
        <con:name>biId</con:name>
        <con:sourceType>notExistId</con:sourceType>
        <con:sourceStep>Given properties for the test steps</con:sourceStep>
        <con:sourcePath/>
        <con:targetType>req_biId</con:targetType>
        <con:targetStep>Add item to bi which is not exist</con:targetStep>
        <con:targetPath/>
        <con:upgraded>true</con:upgraded>
      </con:transfers>
      <con:transfers setNullOnMissingSource="true" transferTextContent="true" failOnError="true" ignoreEmpty="false" transferToAll="false" entitize="false" transferChildNodes="false">
        <con:name>name</con:name>
        <con:sourceType>name</con:sourceType>
        <con:sourceStep>Given properties for the test steps</con:sourceStep>
        <con:targetType>req_userName</con:targetType>
        <con:targetStep>Add item to bi which is not exist</con:targetStep>
        <con:upgraded>true</con:upgraded>
      </con:transfers>
      <con:transfers setNullOnMissingSource="true" transferTextContent="true" failOnError="true" ignoreEmpty="false" transferToAll="false" entitize="false" transferChildNodes="false" disabled="false">
        <con:name>userId</con:name>
        <con:sourceType>res_userRoleId</con:sourceType>
        <con:sourceStep>Create sales organization, user, inventory and terminal</con:sourceStep>
        <con:targetType>req_userId</con:targetType>
        <con:targetStep>Add item to bi which is not exist</con:targetStep>
        <con:upgraded>true</con:upgraded>
      </con:transfers>
      <con:transfers setNullOnMissingSource="true" transferTextContent="true" failOnError="true" ignoreEmpty="false" transferToAll="false" entitize="false" transferChildNodes="false" disabled="true">
        <con:name>userRoleSpecId</con:name>
        <con:sourceType>res_id</con:sourceType>
        <con:sourceStep>Create user role specification</con:sourceStep>
        <con:targetType xsi:nil="true"/>
        <con:targetStep>Add item to bi which is not exist</con:targetStep>
        <con:upgraded>true</con:upgraded>
      </con:transfers>
      <con:transfers setNullOnMissingSource="true" transferTextContent="true" failOnError="true" ignoreEmpty="false" transferToAll="false" entitize="false" transferChildNodes="false">
        <con:name>soRoleId</con:name>
        <con:sourceType>soId</con:sourceType>
        <con:sourceStep>Given properties for the test steps</con:sourceStep>
        <con:targetType>req_soId</con:targetType>
        <con:targetStep>Add item to bi which is not exist</con:targetStep>
        <con:upgraded>true</con:upgraded>
      </con:transfers>
      <con:transfers setNullOnMissingSource="true" transferTextContent="true" failOnError="true" ignoreEmpty="false" transferToAll="false" entitize="false" transferChildNodes="false" disabled="true">
        <con:name>forceToUseSession</con:name>
        <con:sourceType>false</con:sourceType>
        <con:sourceStep>Given properties for the test steps</con:sourceStep>
        <con:targetType xsi:nil="true"/>
        <con:targetStep>Add item to bi which is not exist</con:targetStep>
        <con:upgraded>true</con:upgraded>
      </con:transfers>
      <con:transfers setNullOnMissingSource="true" transferTextContent="true" failOnError="true" ignoreEmpty="false" transferToAll="false" entitize="false" transferChildNodes="false" disabled="true">
        <con:name>indFirstname</con:name>
        <con:sourceType>indFirstname</con:sourceType>
        <con:sourceStep>Given properties for the test steps</con:sourceStep>
        <con:targetType xsi:nil="true"/>
        <con:targetStep>Add item to bi which is not exist</con:targetStep>
        <con:upgraded>true</con:upgraded>
      </con:transfers>
      <con:transfers setNullOnMissingSource="true" transferTextContent="true" failOnError="true" ignoreEmpty="false" transferToAll="false" entitize="false" transferChildNodes="false" disabled="true">
        <con:name>indLastname</con:name>
        <con:sourceType>indLastname</con:sourceType>
        <con:sourceStep>Given properties for the test steps</con:sourceStep>
        <con:targetType xsi:nil="true"/>
        <con:targetStep>Add item to bi which is not exist</con:targetStep>
        <con:upgraded>true</con:upgraded>
      </con:transfers>
      <con:transfers setNullOnMissingSource="true" transferTextContent="true" failOnError="true" ignoreEmpty="false" transferToAll="false" entitize="false" transferChildNodes="false" disabled="false">
        <con:name>indName</con:name>
        <con:sourceType>indName</con:sourceType>
        <con:sourceStep>Given properties for the test steps</con:sourceStep>
        <con:targetType>req_firstName</con:targetType>
        <con:targetStep>Add item to bi which is not exist</con:targetStep>
        <con:upgraded>true</con:upgraded>
      </con:transfers>
    </con:config>
  </con:testStep>
  <con:testStep type="calltestcase" name="Add item to bi which is not exist" id="a775a9f6-57a0-4f5d-8c7c-9787c42addd0">
    <con:settings/>
    <con:config xsi:type="con:RunTestCaseStep" xmlns:xsi="http://www.w3.org/2001/XMLSchema-instance">
      <con:targetTestCase>0e60efa3-2640-4ebc-88c5-36f6849d3f73</con:targetTestCase>
      <con:properties>
        <con:property>
          <con:name>req_biId</con:name>
          <con:value>-1</con:value>
        </con:property>
        <con:property>
          <con:name>res_id</con:name>
          <con:value xsi:nil="true"/>
        </con:property>
        <con:property>
          <con:name>res_code</con:name>
          <con:value>BI_WITH_ID_NOT_FOUND</con:value>
        </con:property>
        <con:property>
          <con:name>req_email</con:name>
          <con:value xsi:nil="true"/>
        </con:property>
        <con:property>
          <con:name>req_userName</con:name>
          <con:value>Roberto Baggio</con:value>
        </con:property>
        <con:property>
          <con:name>req_firstName</con:name>
          <con:value>Roberto Baggio</con:value>
        </con:property>
        <con:property>
          <con:name>req_middleName</con:name>
          <con:value xsi:nil="true"/>
        </con:property>
        <con:property>
          <con:name>req_lastName</con:name>
          <con:value xsi:nil="true"/>
        </con:property>
        <con:property>
          <con:name>req_gender</con:name>
          <con:value xsi:nil="true"/>
        </con:property>
        <con:property>
          <con:name>req_soId</con:name>
          <con:value>17</con:value>
        </con:property>
        <con:property>
          <con:name>req_userId</con:name>
          <con:value>20</con:value>
        </con:property>
        <con:property>
          <con:name>res_status</con:name>
          <con:value>400</con:value>
        </con:property>
      </con:properties>
      <con:returnProperties>
        <con:entry>res_status</con:entry>
        <con:entry>res_id</con:entry>
        <con:entry>res_code</con:entry>
      </con:returnProperties>
      <con:runMode>PARALLELL</con:runMode>
    </con:config>
  </con:testStep>
  <con:testStep type="assertionteststep" name="Assert bi is not added which is not exist" id="ae1527b2-be2e-4bd5-906e-e8cf87f93ca3">
    <con:settings/>
    <con:config xsi:type="con:AssertionTestStep" xmlns:xsi="http://www.w3.org/2001/XMLSchema-instance">
      <con:entry>
        <con:id>fdc76775-f705-4020-a946-fbf6e0d8ea34</con:id>
        <con:isGroup>false</con:isGroup>
        <con:sourceId>a775a9f6-57a0-4f5d-8c7c-9787c42addd0</con:sourceId>
        <con:propertyName>res_status</con:propertyName>
        <con:assertion type="Simple Equals" name="Equals" id="7c9876ad-4746-46e4-b639-b69477239310">
          <con:configuration>
            <patternText>400</patternText>
            <caseSensitive>true</caseSensitive>
          </con:configuration>
        </con:assertion>
      </con:entry>
      <con:entry>
        <con:id>85a8de9d-40ab-4a1d-9f20-72bdb72419f2</con:id>
        <con:isGroup>false</con:isGroup>
        <con:sourceId>a775a9f6-57a0-4f5d-8c7c-9787c42addd0</con:sourceId>
        <con:propertyName>res_code</con:propertyName>
        <con:assertion type="Simple Equals" name="Equals 2" id="3012c558-3fb7-4f48-a259-8a31313389f3">
          <con:configuration>
            <patternText>BI_WITH_ID_NOT_FOUND</patternText>
            <caseSensitive>true</caseSensitive>
          </con:configuration>
        </con:assertion>
      </con:entry>
    </con:config>
  </con:testStep>
  <con:testStep type="transfer" name="P.T. Display created user" id="a9329645-7000-4a34-8834-555fd046e7ac">
    <con:settings/>
    <con:config xsi:type="con:PropertyTransfersStep" xmlns:xsi="http://www.w3.org/2001/XMLSchema-instance">
      <con:transfers setNullOnMissingSource="true" transferTextContent="true" failOnError="true" ignoreEmpty="false" transferToAll="false" entitize="false" transferChildNodes="false">
        <con:name>userId</con:name>
        <con:sourceType>res_userRoleId</con:sourceType>
        <con:sourceStep>Create sales organization, user, inventory and terminal</con:sourceStep>
        <con:sourcePath/>
        <con:targetType>req_userId</con:targetType>
        <con:targetStep>Display created user</con:targetStep>
        <con:targetPath/>
        <con:upgraded>true</con:upgraded>
      </con:transfers>
      <con:transfers setNullOnMissingSource="true" transferTextContent="true" failOnError="true" ignoreEmpty="false" transferToAll="false" entitize="false" transferChildNodes="false">
        <con:name>soId</con:name>
        <con:sourceType>res_salesOrgId</con:sourceType>
        <con:sourceStep>Create sales organization, user, inventory and terminal</con:sourceStep>
        <con:targetType>req_soId</con:targetType>
        <con:targetStep>Display created user</con:targetStep>
        <con:upgraded>true</con:upgraded>
      </con:transfers>
      <con:transfers setNullOnMissingSource="true" transferTextContent="true" failOnError="true" ignoreEmpty="false" transferToAll="false" entitize="false" transferChildNodes="false">
        <con:name>extId</con:name>
        <con:sourceType>userName</con:sourceType>
        <con:sourceStep>DataGen for random variables</con:sourceStep>
        <con:targetType>req_extId</con:targetType>
        <con:targetStep>Display created user</con:targetStep>
        <con:upgraded>true</con:upgraded>
      </con:transfers>
    </con:config>
  </con:testStep>
  <con:testStep type="calltestcase" name="Display created user" id="fa2aa850-6c1d-4f88-a23b-4a92c3d2d55e">
    <con:settings/>
    <con:config xsi:type="con:RunTestCaseStep" xmlns:xsi="http://www.w3.org/2001/XMLSchema-instance">
      <con:targetTestCase>46a31a31-900b-4982-81b9-c236f84c92ac</con:targetTestCase>
      <con:properties>
        <con:property>
          <con:name>res_code</con:name>
          <con:value xsi:nil="true"/>
        </con:property>
        <con:property>
          <con:name>req_userId</con:name>
          <con:value>20</con:value>
        </con:property>
        <con:property>
          <con:name>req_soId</con:name>
          <con:value>18</con:value>
        </con:property>
        <con:property>
          <con:name>res_status</con:name>
          <con:value>200</con:value>
        </con:property>
        <con:property>
          <con:name>res_id</con:name>
          <con:value>24</con:value>
        </con:property>
        <con:property>
          <con:name>req_extId</con:name>
          <con:value>userNam447260447</con:value>
        </con:property>
      </con:properties>
      <con:returnProperties>
        <con:entry>res_status</con:entry>
        <con:entry>res_id</con:entry>
        <con:entry>res_code</con:entry>
      </con:returnProperties>
      <con:runMode>PARALLELL</con:runMode>
    </con:config>
  </con:testStep>
  <con:testStep type="assertionteststep" name="Assertion display created user" id="d0ac90fd-f492-45c3-b862-2d064751ced9">
    <con:settings/>
    <con:config xsi:type="con:AssertionTestStep" xmlns:xsi="http://www.w3.org/2001/XMLSchema-instance">
      <con:entry>
        <con:id>8619efcb-e425-49f2-8f2f-5aea818d6de6</con:id>
        <con:isGroup>false</con:isGroup>
        <con:sourceId>fa2aa850-6c1d-4f88-a23b-4a92c3d2d55e</con:sourceId>
        <con:propertyName>res_status</con:propertyName>
        <con:assertion type="Simple Equals" name="Equals" id="2abeeeec-2cd7-4a42-9f72-417ecaea33de">
          <con:configuration>
            <patternText>200</patternText>
            <caseSensitive>true</caseSensitive>
          </con:configuration>
        </con:assertion>
      </con:entry>
      <con:entry>
        <con:id>f0a639a7-20d6-4d9a-ae84-3a87367e1a38</con:id>
        <con:isGroup>false</con:isGroup>
        <con:sourceId>fa2aa850-6c1d-4f88-a23b-4a92c3d2d55e</con:sourceId>
        <con:propertyName>res_id</con:propertyName>
        <con:assertion type="Simple Contains" name="Contains" id="4e182f9e-da15-4610-8406-9bbde138d9c9">
          <con:configuration>
            <token>\d+</token>
            <ignoreCase>false</ignoreCase>
            <useRegEx>true</useRegEx>
          </con:configuration>
        </con:assertion>
      </con:entry>
    </con:config>
  </con:testStep>
  <con:testStep type="transfer" name="P.T. Display created user 2" id="315c28c1-378a-4fb4-908d-5da5b821bf5f">
    <con:settings/>
    <con:config xsi:type="con:PropertyTransfersStep" xmlns:xsi="http://www.w3.org/2001/XMLSchema-instance">
      <con:transfers setNullOnMissingSource="true" transferTextContent="true" failOnError="true" ignoreEmpty="false" transferToAll="false" entitize="false" transferChildNodes="false">
        <con:name>userId</con:name>
        <con:sourceType>res_userRoleId</con:sourceType>
        <con:sourceStep>Create sales organization, user, inventory and terminal</con:sourceStep>
        <con:sourcePath/>
        <con:targetType>req_userId</con:targetType>
        <con:targetStep>Display created user 2</con:targetStep>
        <con:targetPath/>
        <con:upgraded>true</con:upgraded>
      </con:transfers>
      <con:transfers setNullOnMissingSource="true" transferTextContent="true" failOnError="true" ignoreEmpty="false" transferToAll="false" entitize="false" transferChildNodes="false">
        <con:name>soId</con:name>
        <con:sourceType>res_salesOrgId</con:sourceType>
        <con:sourceStep>Create sales organization, user, inventory and terminal</con:sourceStep>
        <con:targetType>req_soId</con:targetType>
        <con:targetStep>Display created user 2</con:targetStep>
        <con:upgraded>true</con:upgraded>
      </con:transfers>
      <con:transfers setNullOnMissingSource="true" transferTextContent="true" failOnError="true" ignoreEmpty="false" transferToAll="false" entitize="false" transferChildNodes="false">
        <con:name>extId</con:name>
        <con:sourceType>userName2</con:sourceType>
        <con:sourceStep>DataGen for random variables</con:sourceStep>
        <con:targetType>req_extId</con:targetType>
        <con:targetStep>Display created user 2</con:targetStep>
        <con:upgraded>true</con:upgraded>
      </con:transfers>
    </con:config>
  </con:testStep>
  <con:testStep type="calltestcase" name="Display created user 2" id="8c8bb395-0c41-41cf-a44a-19ab4e1ce560">
    <con:settings/>
    <con:config xsi:type="con:RunTestCaseStep" xmlns:xsi="http://www.w3.org/2001/XMLSchema-instance">
      <con:targetTestCase>46a31a31-900b-4982-81b9-c236f84c92ac</con:targetTestCase>
      <con:properties>
        <con:property>
          <con:name>res_code</con:name>
          <con:value xsi:nil="true"/>
        </con:property>
        <con:property>
          <con:name>req_userId</con:name>
          <con:value>20</con:value>
        </con:property>
        <con:property>
          <con:name>req_soId</con:name>
          <con:value>18</con:value>
        </con:property>
        <con:property>
          <con:name>res_status</con:name>
          <con:value>200</con:value>
        </con:property>
        <con:property>
          <con:name>res_id</con:name>
          <con:value>24</con:value>
        </con:property>
        <con:property>
          <con:name>req_extId</con:name>
          <con:value>userNam447260447</con:value>
        </con:property>
      </con:properties>
      <con:returnProperties>
        <con:entry>res_status</con:entry>
        <con:entry>res_id</con:entry>
        <con:entry>res_code</con:entry>
      </con:returnProperties>
      <con:runMode>PARALLELL</con:runMode>
    </con:config>
  </con:testStep>
  <con:testStep type="assertionteststep" name="Assertion display created user 2" id="47018414-8ddd-41ce-806f-cb31616e804f">
    <con:settings/>
    <con:config xsi:type="con:AssertionTestStep" xmlns:xsi="http://www.w3.org/2001/XMLSchema-instance">
      <con:entry>
        <con:id>3cbb7de1-634f-44a2-8956-4556b5cacb01</con:id>
        <con:isGroup>false</con:isGroup>
        <con:sourceId>8c8bb395-0c41-41cf-a44a-19ab4e1ce560</con:sourceId>
        <con:propertyName>res_status</con:propertyName>
        <con:assertion type="Simple Equals" name="Equals" id="5138cb78-96d9-478d-9e25-0de2ecb3e7bf">
          <con:configuration>
            <patternText>200</patternText>
            <caseSensitive>true</caseSensitive>
          </con:configuration>
        </con:assertion>
      </con:entry>
      <con:entry>
        <con:id>35b9887c-12d5-424d-b005-5a17df624a3b</con:id>
        <con:isGroup>false</con:isGroup>
        <con:sourceId>8c8bb395-0c41-41cf-a44a-19ab4e1ce560</con:sourceId>
        <con:propertyName>res_id</con:propertyName>
        <con:assertion type="Simple Contains" name="Contains" id="f7fc73b2-5cc3-49e3-8cab-f38aa8f722f7">
          <con:configuration>
            <token>\d+</token>
            <ignoreCase>false</ignoreCase>
            <useRegEx>true</useRegEx>
          </con:configuration>
        </con:assertion>
      </con:entry>
    </con:config>
  </con:testStep>
  <con:testStep type="transfer" name="Set delete nonexisting add user item" id="4bf78ff9-434f-4193-9121-0356a2aba33b" disabled="true">
    <con:settings/>
    <con:config xsi:type="con:PropertyTransfersStep" xmlns:xsi="http://www.w3.org/2001/XMLSchema-instance">
      <con:transfers setNullOnMissingSource="true" transferTextContent="true" failOnError="true" ignoreEmpty="false" transferToAll="false" entitize="false" transferChildNodes="false">
        <con:name>biId</con:name>
        <con:sourceType>biId</con:sourceType>
        <con:sourceStep>Given properties for the test steps</con:sourceStep>
        <con:sourcePath/>
        <con:targetType>req_biId</con:targetType>
        <con:targetStep>Delete nonexisting add user item</con:targetStep>
        <con:targetPath/>
        <con:upgraded>true</con:upgraded>
      </con:transfers>
      <con:transfers setNullOnMissingSource="true" transferTextContent="true" failOnError="true" ignoreEmpty="false" transferToAll="false" entitize="false" transferChildNodes="false">
        <con:name>itemId</con:name>
        <con:sourceType>notExistId</con:sourceType>
        <con:sourceStep>Given properties for the test steps</con:sourceStep>
        <con:targetType>req_biItemId</con:targetType>
        <con:targetStep>Delete nonexisting add user item</con:targetStep>
        <con:upgraded>true</con:upgraded>
      </con:transfers>
    </con:config>
  </con:testStep>
  <con:testStep type="calltestcase" name="Delete nonexisting add user item" id="5505f33c-9262-4916-b96d-dcff1351b6fd" disabled="true">
    <con:settings/>
    <con:config xsi:type="con:RunTestCaseStep" xmlns:xsi="http://www.w3.org/2001/XMLSchema-instance">
      <con:targetTestCase>51b86b01-3c88-425f-bfd4-ab25d0c6f8e6</con:targetTestCase>
      <con:properties>
        <con:property>
          <con:name>req_biId</con:name>
          <con:value>401</con:value>
        </con:property>
        <con:property>
          <con:name>req_biItemId</con:name>
          <con:value>-1</con:value>
        </con:property>
        <con:property>
          <con:name>res_id</con:name>
          <con:value xsi:nil="true"/>
        </con:property>
        <con:property>
          <con:name>res_code</con:name>
          <con:value>BI_ITEM_WITH_ID_NOT_FOUND</con:value>
        </con:property>
        <con:property>
          <con:name>res_errorMessage</con:name>
          <con:value>BI_ITEM_WITH_ID_NOT_FOUND</con:value>
        </con:property>
        <con:property>
          <con:name>res_httpCode</con:name>
          <con:value>400</con:value>
        </con:property>
      </con:properties>
      <con:returnProperties>
        <con:entry>res_id</con:entry>
        <con:entry>res_code</con:entry>
        <con:entry>res_errorMessage</con:entry>
        <con:entry>res_httpCode</con:entry>
      </con:returnProperties>
      <con:runMode>PARALLELL</con:runMode>
    </con:config>
  </con:testStep>
  <con:testStep type="assertionteststep" name="Assertion delete nonexisting add user item" id="1c72af05-9439-46b8-856d-48c65f873dee" disabled="true">
    <con:settings/>
    <con:config xsi:type="con:AssertionTestStep" xmlns:xsi="http://www.w3.org/2001/XMLSchema-instance">
      <con:entry>
        <con:id>173d458d-1db3-4494-9af4-8f17712b06d6</con:id>
        <con:isGroup>false</con:isGroup>
        <con:sourceId>5505f33c-9262-4916-b96d-dcff1351b6fd</con:sourceId>
        <con:propertyName>res_httpCode</con:propertyName>
        <con:assertion type="Simple Equals" name="Equals" id="0165a475-3ceb-485b-b39f-86ddf6bd2d13">
          <con:configuration>
            <patternObjectId>ed47999d-52cc-4556-b643-5a1394572e39</patternObjectId>
            <patternProperty>httpCode400</patternProperty>
            <caseSensitive>true</caseSensitive>
          </con:configuration>
        </con:assertion>
      </con:entry>
      <con:entry>
        <con:id>0b1458e5-51ab-4410-8fe6-387d10a49874</con:id>
        <con:isGroup>false</con:isGroup>
        <con:sourceId>5505f33c-9262-4916-b96d-dcff1351b6fd</con:sourceId>
        <con:propertyName>res_errorMessage</con:propertyName>
        <con:assertion type="Simple Equals" name="Equals 2" id="5eda9e91-dc86-44e7-9925-c89df008ab32">
          <con:configuration>
            <patternObjectId>ed47999d-52cc-4556-b643-5a1394572e39</patternObjectId>
            <patternProperty>errorMessageItemNotFound</patternProperty>
            <caseSensitive>true</caseSensitive>
          </con:configuration>
        </con:assertion>
      </con:entry>
    </con:config>
  </con:testStep>
  <con:testStep type="transfer" name="Set bi id to delete bi item" id="6b30eb55-a80d-4b30-944c-a133a833d461" disabled="true">
    <con:settings/>
    <con:config xsi:type="con:PropertyTransfersStep" xmlns:xsi="http://www.w3.org/2001/XMLSchema-instance">
      <con:transfers setNullOnMissingSource="true" transferTextContent="true" failOnError="true" ignoreEmpty="false" transferToAll="false" entitize="false" transferChildNodes="false">
        <con:name>biItemId</con:name>
        <con:sourceType xsi:nil="true"/>
        <con:sourceStep xsi:nil="true"/>
        <con:sourcePath/>
        <con:targetType>req_biItemId</con:targetType>
        <con:targetStep>Delete bi item</con:targetStep>
        <con:targetPath/>
        <con:upgraded>true</con:upgraded>
      </con:transfers>
      <con:transfers setNullOnMissingSource="true" transferTextContent="true" failOnError="true" ignoreEmpty="false" transferToAll="false" entitize="false" transferChildNodes="false">
        <con:name>biId</con:name>
        <con:sourceType>biId</con:sourceType>
        <con:sourceStep>Given properties for the test steps</con:sourceStep>
        <con:targetType>req_biId</con:targetType>
        <con:targetStep>Delete bi item</con:targetStep>
        <con:upgraded>true</con:upgraded>
      </con:transfers>
    </con:config>
  </con:testStep>
  <con:testStep type="calltestcase" name="Delete bi item" id="5d3412e7-869d-4dc7-a04f-88854f6c5146" disabled="true">
    <con:settings/>
    <con:config xsi:type="con:RunTestCaseStep" xmlns:xsi="http://www.w3.org/2001/XMLSchema-instance">
      <con:targetTestCase>51b86b01-3c88-425f-bfd4-ab25d0c6f8e6</con:targetTestCase>
      <con:properties>
        <con:property>
          <con:name>req_biId</con:name>
          <con:value>401</con:value>
        </con:property>
        <con:property>
          <con:name>res_id</con:name>
          <con:value>223</con:value>
        </con:property>
        <con:property>
          <con:name>res_code</con:name>
          <con:value xsi:nil="true"/>
        </con:property>
        <con:property>
          <con:name>res_errorMessage</con:name>
          <con:value xsi:nil="true"/>
        </con:property>
        <con:property>
          <con:name>req_biItemId</con:name>
          <con:value>223</con:value>
        </con:property>
        <con:property>
          <con:name>res_httpCode</con:name>
          <con:value>200</con:value>
        </con:property>
      </con:properties>
      <con:returnProperties>
        <con:entry>res_id</con:entry>
        <con:entry>res_code</con:entry>
        <con:entry>res_errorMessage</con:entry>
        <con:entry>res_httpCode</con:entry>
      </con:returnProperties>
      <con:runMode>PARALLELL</con:runMode>
    </con:config>
  </con:testStep>
  <con:testStep type="assertionteststep" name="Assert bi item is deleted successfully" id="61cec430-9e82-4fed-8536-02b279b7e033" disabled="true">
    <con:settings/>
    <con:config xsi:type="con:AssertionTestStep" xmlns:xsi="http://www.w3.org/2001/XMLSchema-instance">
      <con:entry>
        <con:id>f7921b1e-bbaa-4a35-8f84-e92804f3f77e</con:id>
        <con:isGroup>false</con:isGroup>
        <con:sourceId>5d3412e7-869d-4dc7-a04f-88854f6c5146</con:sourceId>
        <con:propertyName>res_id</con:propertyName>
        <con:assertion type="Simple Contains" name="Contains" id="f204f5b0-77e6-4755-bdc7-e6c67c5bdb03">
          <con:configuration>
            <token>\d+</token>
            <ignoreCase>false</ignoreCase>
            <useRegEx>true</useRegEx>
          </con:configuration>
        </con:assertion>
      </con:entry>
      <con:entry>
        <con:id>82099a83-17ad-4c05-821e-5b806c8f25b7</con:id>
        <con:isGroup>false</con:isGroup>
        <con:sourceId>5d3412e7-869d-4dc7-a04f-88854f6c5146</con:sourceId>
        <con:propertyName>res_httpCode</con:propertyName>
        <con:assertion type="Simple Equals" name="Equals" id="d0c992f0-6f94-4d1b-9e1c-66b1fceccaaa">
          <con:configuration>
            <patternObjectId>ed47999d-52cc-4556-b643-5a1394572e39</patternObjectId>
            <patternProperty>httpCode200</patternProperty>
            <caseSensitive>true</caseSensitive>
          </con:configuration>
        </con:assertion>
      </con:entry>
    </con:config>
  </con:testStep>
  <con:testStep type="transfer" name="Set add user item success" id="fd08638c-dfcd-4d57-b378-ee886335d7b6" disabled="true">
    <con:settings/>
    <con:config xsi:type="con:PropertyTransfersStep" xmlns:xsi="http://www.w3.org/2001/XMLSchema-instance">
      <con:transfers setNullOnMissingSource="true" transferTextContent="true" failOnError="true" ignoreEmpty="false" transferToAll="false" entitize="false" transferChildNodes="false">
        <con:name>name</con:name>
        <con:sourceType>name</con:sourceType>
        <con:sourceStep>Given properties for the test steps</con:sourceStep>
        <con:sourcePath/>
        <con:targetType>req_name</con:targetType>
        <con:targetStep>Add user item success</con:targetStep>
        <con:targetPath/>
        <con:upgraded>true</con:upgraded>
      </con:transfers>
      <con:transfers setNullOnMissingSource="true" transferTextContent="true" failOnError="true" ignoreEmpty="false" transferToAll="false" entitize="false" transferChildNodes="false">
        <con:name>externalId</con:name>
        <con:sourceType>userExternalId</con:sourceType>
        <con:sourceStep>Given properties for the test steps</con:sourceStep>
        <con:targetType>req_externalId</con:targetType>
        <con:targetStep>Add user item success</con:targetStep>
        <con:upgraded>true</con:upgraded>
      </con:transfers>
      <con:transfers setNullOnMissingSource="true" transferTextContent="true" failOnError="true" ignoreEmpty="false" transferToAll="false" entitize="false" transferChildNodes="false">
        <con:name>userRoleSpecId</con:name>
        <con:sourceType>userRoleSpecId</con:sourceType>
        <con:sourceStep>Given properties for the test steps</con:sourceStep>
        <con:targetType>req_userRoleSpecId</con:targetType>
        <con:targetStep>Add user item success</con:targetStep>
        <con:upgraded>true</con:upgraded>
      </con:transfers>
      <con:transfers setNullOnMissingSource="true" transferTextContent="true" failOnError="true" ignoreEmpty="false" transferToAll="false" entitize="false" transferChildNodes="false">
        <con:name>soId</con:name>
        <con:sourceType>soId</con:sourceType>
        <con:sourceStep>Given properties for the test steps</con:sourceStep>
        <con:targetType>req_soRoleId</con:targetType>
        <con:targetStep>Add user item success</con:targetStep>
        <con:upgraded>true</con:upgraded>
      </con:transfers>
      <con:transfers setNullOnMissingSource="true" transferTextContent="true" failOnError="true" ignoreEmpty="false" transferToAll="false" entitize="false" transferChildNodes="false">
        <con:name>indFirstName</con:name>
        <con:sourceType>indFirstname</con:sourceType>
        <con:sourceStep>Given properties for the test steps</con:sourceStep>
        <con:targetType>req_indFirstName</con:targetType>
        <con:targetStep>Add user item success</con:targetStep>
        <con:upgraded>true</con:upgraded>
      </con:transfers>
      <con:transfers setNullOnMissingSource="true" transferTextContent="true" failOnError="true" ignoreEmpty="false" transferToAll="false" entitize="false" transferChildNodes="false">
        <con:name>indLastName</con:name>
        <con:sourceType>indLastname</con:sourceType>
        <con:sourceStep>Given properties for the test steps</con:sourceStep>
        <con:targetType>req_indLastName</con:targetType>
        <con:targetStep>Add user item success</con:targetStep>
        <con:upgraded>true</con:upgraded>
      </con:transfers>
      <con:transfers setNullOnMissingSource="true" transferTextContent="true" failOnError="true" ignoreEmpty="false" transferToAll="false" entitize="false" transferChildNodes="false">
        <con:name>indName</con:name>
        <con:sourceType>indName</con:sourceType>
        <con:sourceStep>Given properties for the test steps</con:sourceStep>
        <con:targetType>req_indName</con:targetType>
        <con:targetStep>Add user item success</con:targetStep>
        <con:upgraded>true</con:upgraded>
      </con:transfers>
      <con:transfers setNullOnMissingSource="true" transferTextContent="true" failOnError="true" ignoreEmpty="false" transferToAll="false" entitize="false" transferChildNodes="false">
        <con:name>forceToUseSession</con:name>
        <con:sourceType>false</con:sourceType>
        <con:sourceStep>Given properties for the test steps</con:sourceStep>
        <con:targetType>req_forceToUseSession</con:targetType>
        <con:targetStep>Add user item success</con:targetStep>
        <con:upgraded>true</con:upgraded>
      </con:transfers>
      <con:transfers setNullOnMissingSource="true" transferTextContent="true" failOnError="true" ignoreEmpty="false" transferToAll="false" entitize="false" transferChildNodes="false">
        <con:name>biId</con:name>
        <con:sourceType>biId</con:sourceType>
        <con:sourceStep>Given properties for the test steps</con:sourceStep>
        <con:targetType>req_biId</con:targetType>
        <con:targetStep>Add user item success</con:targetStep>
        <con:upgraded>true</con:upgraded>
      </con:transfers>
    </con:config>
  </con:testStep>
  <con:testStep type="calltestcase" name="Add user item success" id="db57bd52-fb9c-463c-b644-94da0cb87abe" disabled="true">
    <con:settings/>
    <con:config xsi:type="con:RunTestCaseStep" xmlns:xsi="http://www.w3.org/2001/XMLSchema-instance">
      <con:targetTestCase>82436617-bc41-4ae8-a2b5-d31a80ed4e9b</con:targetTestCase>
      <con:properties>
        <con:property>
          <con:name>req_biId</con:name>
          <con:value>401</con:value>
        </con:property>
        <con:property>
          <con:name>req_name</con:name>
          <con:value>Roberto Baggio</con:value>
        </con:property>
        <con:property>
          <con:name>req_externalId</con:name>
          <con:value>robert.baggio${=java.util.UUID.randomUUID()}</con:value>
        </con:property>
        <con:property>
          <con:name>req_userRoleSpecId</con:name>
          <con:value>32</con:value>
        </con:property>
        <con:property>
          <con:name>req_soRoleId</con:name>
          <con:value>17</con:value>
        </con:property>
        <con:property>
          <con:name>res_externalId</con:name>
          <con:value>robert.baggio9a984686-9d0e-4dc9-acbe-c96da99ca9c9</con:value>
        </con:property>
        <con:property>
          <con:name>req_indFirstName</con:name>
          <con:value>Roberto</con:value>
        </con:property>
        <con:property>
          <con:name>req_indLastName</con:name>
          <con:value>Baggio</con:value>
        </con:property>
        <con:property>
          <con:name>req_indName</con:name>
          <con:value>Roberto Baggio</con:value>
        </con:property>
        <con:property>
          <con:name>res_id</con:name>
          <con:value>225</con:value>
        </con:property>
        <con:property>
          <con:name>res_code</con:name>
          <con:value xsi:nil="true"/>
        </con:property>
        <con:property>
          <con:name>res_errorMessage</con:name>
          <con:value xsi:nil="true"/>
        </con:property>
        <con:property>
          <con:name>req_forceToUseSession</con:name>
          <con:value>false</con:value>
        </con:property>
        <con:property>
          <con:name>res_httpCode</con:name>
          <con:value>201</con:value>
        </con:property>
        <con:property>
          <con:name>req_email</con:name>
        </con:property>
      </con:properties>
      <con:returnProperties>
        <con:entry>res_externalId</con:entry>
        <con:entry>res_id</con:entry>
        <con:entry>res_code</con:entry>
        <con:entry>res_errorMessage</con:entry>
        <con:entry>res_httpCode</con:entry>
      </con:returnProperties>
      <con:runMode>PARALLELL</con:runMode>
    </con:config>
  </con:testStep>
  <con:testStep type="assertionteststep" name="Assertion add user item success" id="71a411ad-1272-4dd0-bb25-b57b1e674702" disabled="true">
    <con:settings/>
    <con:config xsi:type="con:AssertionTestStep" xmlns:xsi="http://www.w3.org/2001/XMLSchema-instance">
      <con:entry>
        <con:id>7232a1eb-4fde-4f98-b2e1-71150c130512</con:id>
        <con:isGroup>false</con:isGroup>
        <con:sourceId>db57bd52-fb9c-463c-b644-94da0cb87abe</con:sourceId>
        <con:propertyName>res_httpCode</con:propertyName>
        <con:assertion type="Simple Equals" name="Equals" id="bacb825d-e00c-459a-8c14-27c4922ea4a6">
          <con:configuration>
            <patternObjectId>ed47999d-52cc-4556-b643-5a1394572e39</patternObjectId>
            <patternProperty>httpCode201</patternProperty>
            <caseSensitive>true</caseSensitive>
          </con:configuration>
        </con:assertion>
      </con:entry>
      <con:entry>
        <con:id>24d90a66-1c43-4d68-87dc-7cbbb0ee3065</con:id>
        <con:isGroup>false</con:isGroup>
        <con:sourceId>db57bd52-fb9c-463c-b644-94da0cb87abe</con:sourceId>
        <con:propertyName>res_id</con:propertyName>
        <con:assertion type="Simple Contains" name="Contains" id="5ce3c3de-274a-46f4-894a-178b4a4ad1d4">
          <con:configuration>
            <token>\d+</token>
            <ignoreCase>false</ignoreCase>
            <useRegEx>true</useRegEx>
          </con:configuration>
        </con:assertion>
      </con:entry>
    </con:config>
  </con:testStep>
  <con:testStep type="transfer" name="Set delete bi item with body" id="43b32a85-fb21-428e-9eaa-8863482596f9" disabled="true">
    <con:settings/>
    <con:config xsi:type="con:PropertyTransfersStep" xmlns:xsi="http://www.w3.org/2001/XMLSchema-instance">
      <con:transfers setNullOnMissingSource="true" transferTextContent="true" failOnError="true" ignoreEmpty="false" transferToAll="false" entitize="false" transferChildNodes="false">
        <con:name>biId</con:name>
        <con:sourceType>biId</con:sourceType>
        <con:sourceStep>Given properties for the test steps</con:sourceStep>
        <con:sourcePath/>
        <con:targetType>req_biId</con:targetType>
        <con:targetStep>Delete bi item with body</con:targetStep>
        <con:targetPath/>
        <con:upgraded>true</con:upgraded>
      </con:transfers>
      <con:transfers setNullOnMissingSource="true" transferTextContent="true" failOnError="true" ignoreEmpty="false" transferToAll="false" entitize="false" transferChildNodes="false">
        <con:name>itemId</con:name>
        <con:sourceType>res_id</con:sourceType>
        <con:sourceStep>Add user item success</con:sourceStep>
        <con:targetType>req_biItemId</con:targetType>
        <con:targetStep>Delete bi item with body</con:targetStep>
        <con:upgraded>true</con:upgraded>
      </con:transfers>
    </con:config>
  </con:testStep>
  <con:testStep type="calltestcase" name="Delete bi item with body" id="e1e778fb-5feb-4a6b-93fe-976b93f9624e" disabled="true">
    <con:settings/>
    <con:config xsi:type="con:RunTestCaseStep" xmlns:xsi="http://www.w3.org/2001/XMLSchema-instance">
      <con:targetTestCase>4bec7ef7-33cf-4701-995f-36fccc3e6206</con:targetTestCase>
      <con:properties>
        <con:property>
          <con:name>req_biId</con:name>
          <con:value>401</con:value>
        </con:property>
        <con:property>
          <con:name>req_biItemId</con:name>
          <con:value>225</con:value>
        </con:property>
        <con:property>
          <con:name>res_id</con:name>
          <con:value>225</con:value>
        </con:property>
        <con:property>
          <con:name>res_code</con:name>
          <con:value xsi:nil="true"/>
        </con:property>
        <con:property>
          <con:name>res_errorMessage</con:name>
          <con:value xsi:nil="true"/>
        </con:property>
        <con:property>
          <con:name>res_httpCode</con:name>
          <con:value>200</con:value>
        </con:property>
      </con:properties>
      <con:returnProperties>
        <con:entry>res_id</con:entry>
        <con:entry>res_code</con:entry>
        <con:entry>res_errorMessage</con:entry>
        <con:entry>res_httpCode</con:entry>
      </con:returnProperties>
      <con:runMode>PARALLELL</con:runMode>
    </con:config>
  </con:testStep>
  <con:testStep type="assertionteststep" name="Assertion delete bi item with body" id="e95ca675-0ba3-440d-be45-25774b222d1a" disabled="true">
    <con:settings/>
    <con:config xsi:type="con:AssertionTestStep" xmlns:xsi="http://www.w3.org/2001/XMLSchema-instance">
      <con:entry>
        <con:id>5266cd7c-6633-4462-98f8-be89ebb756f4</con:id>
        <con:isGroup>false</con:isGroup>
        <con:sourceId>e1e778fb-5feb-4a6b-93fe-976b93f9624e</con:sourceId>
        <con:propertyName>res_httpCode</con:propertyName>
        <con:assertion type="Simple Equals" name="Equals" id="b62f58ce-95fc-42a4-94ea-0e72ef71c6e0">
          <con:configuration>
            <patternObjectId>ed47999d-52cc-4556-b643-5a1394572e39</patternObjectId>
            <patternProperty>httpCode200</patternProperty>
            <caseSensitive>true</caseSensitive>
          </con:configuration>
        </con:assertion>
      </con:entry>
      <con:entry>
        <con:id>8dbe8b9f-aea8-41d8-8c63-b9b815fbaa3f</con:id>
        <con:isGroup>false</con:isGroup>
        <con:sourceId>e1e778fb-5feb-4a6b-93fe-976b93f9624e</con:sourceId>
        <con:propertyName>res_id</con:propertyName>
        <con:assertion type="Simple Equals" name="Equals 2" id="1de03f6a-840b-48d0-9372-d241e502c753">
          <con:configuration>
            <patternObjectId>bdaffcb5-de2a-4ada-853e-6bb566f07b61</patternObjectId>
            <patternProperty>req_biItemId</patternProperty>
            <caseSensitive>true</caseSensitive>
          </con:configuration>
        </con:assertion>
      </con:entry>
    </con:config>
  </con:testStep>
  <con:testStep type="transfer" name="Set bi to submit without item" id="bd7bca97-9263-47d0-a7b1-e46a9f87e7e3" disabled="true">
    <con:settings/>
    <con:config xsi:type="con:PropertyTransfersStep" xmlns:xsi="http://www.w3.org/2001/XMLSchema-instance">
      <con:transfers setNullOnMissingSource="true" transferTextContent="true" failOnError="true" ignoreEmpty="false" transferToAll="false" entitize="false" transferChildNodes="false">
        <con:name>biId</con:name>
        <con:sourceType>biId</con:sourceType>
        <con:sourceStep>Given properties for the test steps</con:sourceStep>
        <con:sourcePath/>
        <con:targetType>req_biId</con:targetType>
        <con:targetStep>Submit bi without item</con:targetStep>
        <con:targetPath/>
        <con:upgraded>true</con:upgraded>
      </con:transfers>
    </con:config>
  </con:testStep>
  <con:testStep type="calltestcase" name="Submit bi without item" id="315f82f3-7cb0-4285-950e-62f9392b180e" disabled="true">
    <con:settings/>
    <con:config xsi:type="con:RunTestCaseStep" xmlns:xsi="http://www.w3.org/2001/XMLSchema-instance">
      <con:targetTestCase>eec8880b-6bd0-46a9-8545-851a3d5ea4ac</con:targetTestCase>
      <con:properties>
        <con:property>
          <con:name>req_biId</con:name>
          <con:value>401</con:value>
        </con:property>
        <con:property>
          <con:name>res_biId</con:name>
          <con:value xsi:nil="true"/>
        </con:property>
        <con:property>
          <con:name>res_code</con:name>
          <con:value>BI_WITHOUT_ITEMS_CANNOT_BE_SUBMITTED</con:value>
        </con:property>
        <con:property>
          <con:name>res_errorMessage</con:name>
          <con:value>BI_WITHOUT_ITEMS_CANNOT_BE_SUBMITTED</con:value>
        </con:property>
        <con:property>
          <con:name>res_httpCode</con:name>
          <con:value>400</con:value>
        </con:property>
      </con:properties>
      <con:returnProperties>
        <con:entry>res_biId</con:entry>
        <con:entry>res_code</con:entry>
        <con:entry>res_errorMessage</con:entry>
        <con:entry>res_httpCode</con:entry>
      </con:returnProperties>
      <con:runMode>PARALLELL</con:runMode>
    </con:config>
  </con:testStep>
  <con:testStep type="assertionteststep" name="Assert bi is not submitted without item" id="5a12d3fd-1bf1-4d7f-a9f7-0a18f7a3fc0d" disabled="true">
    <con:settings/>
    <con:config xsi:type="con:AssertionTestStep" xmlns:xsi="http://www.w3.org/2001/XMLSchema-instance">
      <con:entry>
        <con:id>7ef1a412-8a4e-45ca-bc5c-8b9c759b3a5f</con:id>
        <con:isGroup>false</con:isGroup>
        <con:sourceId>315f82f3-7cb0-4285-950e-62f9392b180e</con:sourceId>
        <con:propertyName>res_errorMessage</con:propertyName>
        <con:assertion type="Simple Contains" name="Contains" id="28008393-181e-45a6-9ec7-2b865ff869d6">
          <con:configuration>
            <token>\w+</token>
            <ignoreCase>false</ignoreCase>
            <useRegEx>true</useRegEx>
          </con:configuration>
        </con:assertion>
      </con:entry>
      <con:entry>
        <con:id>b682d1c2-83b5-4deb-8903-78ed66907c64</con:id>
        <con:isGroup>false</con:isGroup>
        <con:sourceId>315f82f3-7cb0-4285-950e-62f9392b180e</con:sourceId>
        <con:propertyName>res_httpCode</con:propertyName>
        <con:assertion type="Simple Equals" name="Equals" id="30b65c14-1c41-4a38-860b-e65313b22c1c">
          <con:configuration>
            <patternObjectId>ed47999d-52cc-4556-b643-5a1394572e39</patternObjectId>
            <patternProperty>httpCode400</patternProperty>
            <caseSensitive>true</caseSensitive>
          </con:configuration>
        </con:assertion>
      </con:entry>
    </con:config>
  </con:testStep>
  <con:testStep type="transfer" name="Set add create user item with external id including space" id="dcb71463-3d44-47cc-b9eb-7b553e6c2835" disabled="true">
    <con:settings/>
    <con:config xsi:type="con:PropertyTransfersStep" xmlns:xsi="http://www.w3.org/2001/XMLSchema-instance">
      <con:transfers setNullOnMissingSource="true" transferTextContent="true" failOnError="true" ignoreEmpty="false" transferToAll="false" entitize="false" transferChildNodes="false">
        <con:name>biId</con:name>
        <con:sourceType>biId</con:sourceType>
        <con:sourceStep>Given properties for the test steps</con:sourceStep>
        <con:sourcePath/>
        <con:targetType>req_biId</con:targetType>
        <con:targetStep>Add create user item with external id including space</con:targetStep>
        <con:targetPath/>
        <con:upgraded>true</con:upgraded>
      </con:transfers>
      <con:transfers setNullOnMissingSource="true" transferTextContent="true" failOnError="true" ignoreEmpty="false" transferToAll="false" entitize="false" transferChildNodes="false">
        <con:name>name</con:name>
        <con:sourceType>name</con:sourceType>
        <con:sourceStep>Given properties for the test steps</con:sourceStep>
        <con:targetType>req_name</con:targetType>
        <con:targetStep>Add create user item with external id including space</con:targetStep>
        <con:upgraded>true</con:upgraded>
      </con:transfers>
      <con:transfers setNullOnMissingSource="true" transferTextContent="true" failOnError="true" ignoreEmpty="false" transferToAll="false" entitize="false" transferChildNodes="false">
        <con:name>externalId</con:name>
        <con:sourceType>userExternalIdIncludeSpace</con:sourceType>
        <con:sourceStep>Given properties for the test steps</con:sourceStep>
        <con:targetType>req_externalId</con:targetType>
        <con:targetStep>Add create user item with external id including space</con:targetStep>
        <con:upgraded>true</con:upgraded>
      </con:transfers>
      <con:transfers setNullOnMissingSource="true" transferTextContent="true" failOnError="true" ignoreEmpty="false" transferToAll="false" entitize="false" transferChildNodes="false">
        <con:name>userRoleSpecId</con:name>
        <con:sourceType>userRoleSpecId</con:sourceType>
        <con:sourceStep>Given properties for the test steps</con:sourceStep>
        <con:targetType>req_userRoleSpecId</con:targetType>
        <con:targetStep>Add create user item with external id including space</con:targetStep>
        <con:upgraded>true</con:upgraded>
      </con:transfers>
      <con:transfers setNullOnMissingSource="true" transferTextContent="true" failOnError="true" ignoreEmpty="false" transferToAll="false" entitize="false" transferChildNodes="false">
        <con:name>soId</con:name>
        <con:sourceType>soId</con:sourceType>
        <con:sourceStep>Given properties for the test steps</con:sourceStep>
        <con:targetType>req_soRoleId</con:targetType>
        <con:targetStep>Add create user item with external id including space</con:targetStep>
        <con:upgraded>true</con:upgraded>
      </con:transfers>
      <con:transfers setNullOnMissingSource="true" transferTextContent="true" failOnError="true" ignoreEmpty="false" transferToAll="false" entitize="false" transferChildNodes="false">
        <con:name>indFirstName</con:name>
        <con:sourceType>indFirstname</con:sourceType>
        <con:sourceStep>Given properties for the test steps</con:sourceStep>
        <con:targetType>req_indFirstName</con:targetType>
        <con:targetStep>Add create user item with external id including space</con:targetStep>
        <con:upgraded>true</con:upgraded>
      </con:transfers>
      <con:transfers setNullOnMissingSource="true" transferTextContent="true" failOnError="true" ignoreEmpty="false" transferToAll="false" entitize="false" transferChildNodes="false">
        <con:name>indLastName</con:name>
        <con:sourceType>indLastname</con:sourceType>
        <con:sourceStep>Given properties for the test steps</con:sourceStep>
        <con:targetType>req_indLastName</con:targetType>
        <con:targetStep>Add create user item with external id including space</con:targetStep>
        <con:upgraded>true</con:upgraded>
      </con:transfers>
      <con:transfers setNullOnMissingSource="true" transferTextContent="true" failOnError="true" ignoreEmpty="false" transferToAll="false" entitize="false" transferChildNodes="false">
        <con:name>indName</con:name>
        <con:sourceType>indName</con:sourceType>
        <con:sourceStep>Given properties for the test steps</con:sourceStep>
        <con:targetType>req_indName</con:targetType>
        <con:targetStep>Add create user item with external id including space</con:targetStep>
        <con:upgraded>true</con:upgraded>
      </con:transfers>
      <con:transfers setNullOnMissingSource="true" transferTextContent="true" failOnError="true" ignoreEmpty="false" transferToAll="false" entitize="false" transferChildNodes="false">
        <con:name>forceToUseSession</con:name>
        <con:sourceType>false</con:sourceType>
        <con:sourceStep>Given properties for the test steps</con:sourceStep>
        <con:targetType>req_forceToUseSession</con:targetType>
        <con:targetStep>Add create user item with external id including space</con:targetStep>
        <con:upgraded>true</con:upgraded>
      </con:transfers>
    </con:config>
  </con:testStep>
  <con:testStep type="calltestcase" name="Add create user item with external id including space" id="f9993f51-02ec-4f95-b516-bc8633e7a2f3" disabled="true">
    <con:settings/>
    <con:config xsi:type="con:RunTestCaseStep" xmlns:xsi="http://www.w3.org/2001/XMLSchema-instance">
      <con:targetTestCase>82436617-bc41-4ae8-a2b5-d31a80ed4e9b</con:targetTestCase>
      <con:properties>
        <con:property>
          <con:name>req_biId</con:name>
          <con:value>401</con:value>
        </con:property>
        <con:property>
          <con:name>req_name</con:name>
          <con:value>Roberto Baggio</con:value>
        </con:property>
        <con:property>
          <con:name>req_externalId</con:name>
          <con:value>robert.baggio ${=java.util.UUID.randomUUID()}</con:value>
        </con:property>
        <con:property>
          <con:name>req_userRoleSpecId</con:name>
          <con:value>32</con:value>
        </con:property>
        <con:property>
          <con:name>req_soRoleId</con:name>
          <con:value>17</con:value>
        </con:property>
        <con:property>
          <con:name>res_externalId</con:name>
          <con:value>robert.baggio ef9e5257-7d87-4959-a388-cd7988d57e2c</con:value>
        </con:property>
        <con:property>
          <con:name>req_indFirstName</con:name>
          <con:value>Roberto</con:value>
        </con:property>
        <con:property>
          <con:name>req_indLastName</con:name>
          <con:value>Baggio</con:value>
        </con:property>
        <con:property>
          <con:name>req_indName</con:name>
          <con:value>Roberto Baggio</con:value>
        </con:property>
        <con:property>
          <con:name>res_id</con:name>
          <con:value xsi:nil="true"/>
        </con:property>
        <con:property>
          <con:name>res_code</con:name>
          <con:value>EXTERNAL_ID_SHOULD_NOT_CONTAIN_WHITESPACE</con:value>
        </con:property>
        <con:property>
          <con:name>res_errorMessage</con:name>
          <con:value>EXTERNAL_ID_SHOULD_NOT_CONTAIN_WHITESPACE</con:value>
        </con:property>
        <con:property>
          <con:name>req_forceToUseSession</con:name>
          <con:value>false</con:value>
        </con:property>
        <con:property>
          <con:name>res_httpCode</con:name>
          <con:value>400</con:value>
        </con:property>
        <con:property>
          <con:name>req_email</con:name>
        </con:property>
      </con:properties>
      <con:returnProperties>
        <con:entry>res_externalId</con:entry>
        <con:entry>res_id</con:entry>
        <con:entry>res_code</con:entry>
        <con:entry>res_errorMessage</con:entry>
        <con:entry>res_httpCode</con:entry>
      </con:returnProperties>
      <con:runMode>PARALLELL</con:runMode>
    </con:config>
  </con:testStep>
  <con:testStep type="assertionteststep" name="Assertion add create user item with external id including space" id="6da57c92-3e5d-4557-8606-93b7d3ea0870" disabled="true">
    <con:settings/>
    <con:config xsi:type="con:AssertionTestStep" xmlns:xsi="http://www.w3.org/2001/XMLSchema-instance">
      <con:entry>
        <con:id>8911c97e-3258-4970-b733-e68e493efb34</con:id>
        <con:isGroup>false</con:isGroup>
        <con:sourceId>f9993f51-02ec-4f95-b516-bc8633e7a2f3</con:sourceId>
        <con:propertyName>res_errorMessage</con:propertyName>
        <con:assertion type="Simple Equals" name="Equals" id="70921098-4c76-4967-9a90-89cf6b3af4d8">
          <con:configuration>
            <patternObjectId>ed47999d-52cc-4556-b643-5a1394572e39</patternObjectId>
            <patternProperty>errorMessageSpace</patternProperty>
            <caseSensitive>true</caseSensitive>
          </con:configuration>
        </con:assertion>
      </con:entry>
    </con:config>
  </con:testStep>
  <con:testStep type="transfer" name="Set bi id to add item successfully" id="c4476357-dcc4-409c-8cec-7d26565fa06a" disabled="true">
    <con:settings/>
    <con:config xsi:type="con:PropertyTransfersStep" xmlns:xsi="http://www.w3.org/2001/XMLSchema-instance">
      <con:transfers setNullOnMissingSource="true" transferTextContent="true" failOnError="true" ignoreEmpty="false" transferToAll="false" entitize="false" transferChildNodes="false">
        <con:name>biId</con:name>
        <con:sourceType>biId</con:sourceType>
        <con:sourceStep>Given properties for the test steps</con:sourceStep>
        <con:sourcePath/>
        <con:targetType>req_biId</con:targetType>
        <con:targetStep>Add item to bi successfully</con:targetStep>
        <con:targetPath/>
        <con:upgraded>true</con:upgraded>
      </con:transfers>
      <con:transfers setNullOnMissingSource="true" transferTextContent="true" failOnError="true" ignoreEmpty="false" transferToAll="false" entitize="false" transferChildNodes="false">
        <con:name>name</con:name>
        <con:sourceType>name</con:sourceType>
        <con:sourceStep>Given properties for the test steps</con:sourceStep>
        <con:targetType>req_name</con:targetType>
        <con:targetStep>Add item to bi successfully</con:targetStep>
        <con:upgraded>true</con:upgraded>
      </con:transfers>
      <con:transfers setNullOnMissingSource="true" transferTextContent="true" failOnError="true" ignoreEmpty="false" transferToAll="false" entitize="false" transferChildNodes="false">
        <con:name>externalId</con:name>
        <con:sourceType>userExternalId</con:sourceType>
        <con:sourceStep>Given properties for the test steps</con:sourceStep>
        <con:targetType>req_externalId</con:targetType>
        <con:targetStep>Add item to bi successfully</con:targetStep>
        <con:upgraded>true</con:upgraded>
      </con:transfers>
      <con:transfers setNullOnMissingSource="true" transferTextContent="true" failOnError="true" ignoreEmpty="false" transferToAll="false" entitize="false" transferChildNodes="false">
        <con:name>userRoleSpecId</con:name>
        <con:sourceType>res_id</con:sourceType>
        <con:sourceStep>Create user role specification</con:sourceStep>
        <con:targetType>req_userRoleSpecId</con:targetType>
        <con:targetStep>Add item to bi successfully</con:targetStep>
        <con:upgraded>true</con:upgraded>
      </con:transfers>
      <con:transfers setNullOnMissingSource="true" transferTextContent="true" failOnError="true" ignoreEmpty="false" transferToAll="false" entitize="false" transferChildNodes="false">
        <con:name>soRoleId</con:name>
        <con:sourceType>soId</con:sourceType>
        <con:sourceStep>Given properties for the test steps</con:sourceStep>
        <con:targetType>req_soRoleId</con:targetType>
        <con:targetStep>Add item to bi successfully</con:targetStep>
        <con:upgraded>true</con:upgraded>
      </con:transfers>
      <con:transfers setNullOnMissingSource="true" transferTextContent="true" failOnError="true" ignoreEmpty="false" transferToAll="false" entitize="false" transferChildNodes="false">
        <con:name>forceToUseSession</con:name>
        <con:sourceType>false</con:sourceType>
        <con:sourceStep>Given properties for the test steps</con:sourceStep>
        <con:targetType>req_forceToUseSession</con:targetType>
        <con:targetStep>Add item to bi successfully</con:targetStep>
        <con:upgraded>true</con:upgraded>
      </con:transfers>
      <con:transfers setNullOnMissingSource="true" transferTextContent="true" failOnError="true" ignoreEmpty="false" transferToAll="false" entitize="false" transferChildNodes="false">
        <con:name>indFirstname</con:name>
        <con:sourceType>indFirstname</con:sourceType>
        <con:sourceStep>Given properties for the test steps</con:sourceStep>
        <con:targetType>req_indFirstName</con:targetType>
        <con:targetStep>Add item to bi successfully</con:targetStep>
        <con:upgraded>true</con:upgraded>
      </con:transfers>
      <con:transfers setNullOnMissingSource="true" transferTextContent="true" failOnError="true" ignoreEmpty="false" transferToAll="false" entitize="false" transferChildNodes="false">
        <con:name>indLastname</con:name>
        <con:sourceType>indLastname</con:sourceType>
        <con:sourceStep>Given properties for the test steps</con:sourceStep>
        <con:targetType>req_indLastName</con:targetType>
        <con:targetStep>Add item to bi successfully</con:targetStep>
        <con:upgraded>true</con:upgraded>
      </con:transfers>
      <con:transfers setNullOnMissingSource="true" transferTextContent="true" failOnError="true" ignoreEmpty="false" transferToAll="false" entitize="false" transferChildNodes="false">
        <con:name>indName</con:name>
        <con:sourceType>indName</con:sourceType>
        <con:sourceStep>Given properties for the test steps</con:sourceStep>
        <con:targetType>req_indName</con:targetType>
        <con:targetStep>Add item to bi successfully</con:targetStep>
        <con:upgraded>true</con:upgraded>
      </con:transfers>
    </con:config>
  </con:testStep>
  <con:testStep type="calltestcase" name="Add item to bi successfully" id="a6c72eb3-575f-414b-87ae-5d1e2df9bf54" disabled="true">
    <con:settings/>
    <con:config xsi:type="con:RunTestCaseStep" xmlns:xsi="http://www.w3.org/2001/XMLSchema-instance">
      <con:targetTestCase>82436617-bc41-4ae8-a2b5-d31a80ed4e9b</con:targetTestCase>
      <con:properties>
        <con:property>
          <con:name>req_biId</con:name>
          <con:value>401</con:value>
        </con:property>
        <con:property>
          <con:name>req_name</con:name>
          <con:value>Roberto Baggio</con:value>
        </con:property>
        <con:property>
          <con:name>req_externalId</con:name>
          <con:value>robert.baggio${=java.util.UUID.randomUUID()}</con:value>
        </con:property>
        <con:property>
          <con:name>req_userRoleSpecId</con:name>
          <con:value>32</con:value>
        </con:property>
        <con:property>
          <con:name>req_soRoleId</con:name>
          <con:value>17</con:value>
        </con:property>
        <con:property>
          <con:name>req_indFirstName</con:name>
          <con:value>Roberto</con:value>
        </con:property>
        <con:property>
          <con:name>req_indLastName</con:name>
          <con:value>Baggio</con:value>
        </con:property>
        <con:property>
          <con:name>req_indName</con:name>
          <con:value>Roberto Baggio</con:value>
        </con:property>
        <con:property>
          <con:name>res_id</con:name>
          <con:value>226</con:value>
        </con:property>
        <con:property>
          <con:name>res_code</con:name>
          <con:value xsi:nil="true"/>
        </con:property>
        <con:property>
          <con:name>res_errorMessage</con:name>
          <con:value xsi:nil="true"/>
        </con:property>
        <con:property>
          <con:name>req_forceToUseSession</con:name>
          <con:value>false</con:value>
        </con:property>
        <con:property>
          <con:name>res_externalId</con:name>
        </con:property>
        <con:property>
          <con:name>res_httpCode</con:name>
          <con:value>201</con:value>
        </con:property>
        <con:property>
          <con:name>req_email</con:name>
        </con:property>
      </con:properties>
      <con:returnProperties>
        <con:entry>res_id</con:entry>
        <con:entry>res_code</con:entry>
        <con:entry>res_errorMessage</con:entry>
        <con:entry>res_httpCode</con:entry>
      </con:returnProperties>
      <con:runMode>PARALLELL</con:runMode>
    </con:config>
  </con:testStep>
  <con:testStep type="assertionteststep" name="Assert bi item is added successfully 2" id="de599ca6-4dd9-4e7f-b1de-c6bf8ada8af5" disabled="true">
    <con:settings/>
    <con:config xsi:type="con:AssertionTestStep" xmlns:xsi="http://www.w3.org/2001/XMLSchema-instance">
      <con:entry>
        <con:id>ff899229-8986-4245-ab03-278588ba88b3</con:id>
        <con:isGroup>false</con:isGroup>
        <con:sourceId>a6c72eb3-575f-414b-87ae-5d1e2df9bf54</con:sourceId>
        <con:propertyName>res_id</con:propertyName>
        <con:assertion type="Simple Contains" name="Contains" id="10283a76-a97b-48ff-b60f-619a3d154312">
          <con:configuration>
            <token>\d+</token>
            <ignoreCase>false</ignoreCase>
            <useRegEx>true</useRegEx>
          </con:configuration>
        </con:assertion>
      </con:entry>
      <con:entry>
        <con:id>fe3d6e68-b2a9-45d9-91de-248ce4f73be3</con:id>
        <con:isGroup>false</con:isGroup>
        <con:sourceId>a6c72eb3-575f-414b-87ae-5d1e2df9bf54</con:sourceId>
        <con:propertyName>res_httpCode</con:propertyName>
        <con:assertion type="Simple Equals" name="Equals" id="7477f237-1c83-4c51-b027-c7b18854a01c">
          <con:configuration>
            <patternObjectId>ed47999d-52cc-4556-b643-5a1394572e39</patternObjectId>
            <patternProperty>httpCode201</patternProperty>
            <caseSensitive>true</caseSensitive>
          </con:configuration>
        </con:assertion>
      </con:entry>
    </con:config>
  </con:testStep>
  <con:testStep type="transfer" name="Set bi id to add another item" id="f8272fc2-20fe-4a4d-a59a-26a667657a35" disabled="true">
    <con:settings/>
    <con:config xsi:type="con:PropertyTransfersStep" xmlns:xsi="http://www.w3.org/2001/XMLSchema-instance">
      <con:transfers setNullOnMissingSource="true" transferTextContent="true" failOnError="true" ignoreEmpty="false" transferToAll="false" entitize="false" transferChildNodes="false">
        <con:name>biId</con:name>
        <con:sourceType>biId</con:sourceType>
        <con:sourceStep>Given properties for the test steps</con:sourceStep>
        <con:sourcePath/>
        <con:targetType>req_biId</con:targetType>
        <con:targetStep>Add another item</con:targetStep>
        <con:targetPath/>
        <con:upgraded>true</con:upgraded>
      </con:transfers>
      <con:transfers setNullOnMissingSource="true" transferTextContent="true" failOnError="true" ignoreEmpty="false" transferToAll="false" entitize="false" transferChildNodes="false">
        <con:name>name</con:name>
        <con:sourceType>name</con:sourceType>
        <con:sourceStep>Given properties for the test steps</con:sourceStep>
        <con:targetType>req_name</con:targetType>
        <con:targetStep>Add another item</con:targetStep>
        <con:upgraded>true</con:upgraded>
      </con:transfers>
      <con:transfers setNullOnMissingSource="true" transferTextContent="true" failOnError="true" ignoreEmpty="false" transferToAll="false" entitize="false" transferChildNodes="false">
        <con:name>externalId</con:name>
        <con:sourceType>userExternalId</con:sourceType>
        <con:sourceStep>Given properties for the test steps</con:sourceStep>
        <con:targetType>req_externalId</con:targetType>
        <con:targetStep>Add another item</con:targetStep>
        <con:upgraded>true</con:upgraded>
      </con:transfers>
      <con:transfers setNullOnMissingSource="true" transferTextContent="true" failOnError="true" ignoreEmpty="false" transferToAll="false" entitize="false" transferChildNodes="false">
        <con:name>userRoleSpecId</con:name>
        <con:sourceType>res_id</con:sourceType>
        <con:sourceStep>Create user role specification</con:sourceStep>
        <con:targetType>req_userRoleSpecId</con:targetType>
        <con:targetStep>Add another item</con:targetStep>
        <con:upgraded>true</con:upgraded>
      </con:transfers>
      <con:transfers setNullOnMissingSource="true" transferTextContent="true" failOnError="true" ignoreEmpty="false" transferToAll="false" entitize="false" transferChildNodes="false">
        <con:name>soRoleId</con:name>
        <con:sourceType>soId</con:sourceType>
        <con:sourceStep>Given properties for the test steps</con:sourceStep>
        <con:targetType>req_soRoleId</con:targetType>
        <con:targetStep>Add another item</con:targetStep>
        <con:upgraded>true</con:upgraded>
      </con:transfers>
      <con:transfers setNullOnMissingSource="true" transferTextContent="true" failOnError="true" ignoreEmpty="false" transferToAll="false" entitize="false" transferChildNodes="false">
        <con:name>forceToUseSession</con:name>
        <con:sourceType>false</con:sourceType>
        <con:sourceStep>Given properties for the test steps</con:sourceStep>
        <con:targetType>req_forceToUseSession</con:targetType>
        <con:targetStep>Add another item</con:targetStep>
        <con:upgraded>true</con:upgraded>
      </con:transfers>
      <con:transfers setNullOnMissingSource="true" transferTextContent="true" failOnError="true" ignoreEmpty="false" transferToAll="false" entitize="false" transferChildNodes="false">
        <con:name>indFirstname</con:name>
        <con:sourceType>indFirstname</con:sourceType>
        <con:sourceStep>Given properties for the test steps</con:sourceStep>
        <con:targetType>req_indFirstName</con:targetType>
        <con:targetStep>Add another item</con:targetStep>
        <con:upgraded>true</con:upgraded>
      </con:transfers>
      <con:transfers setNullOnMissingSource="true" transferTextContent="true" failOnError="true" ignoreEmpty="false" transferToAll="false" entitize="false" transferChildNodes="false">
        <con:name>indLastname</con:name>
        <con:sourceType>indLastname</con:sourceType>
        <con:sourceStep>Given properties for the test steps</con:sourceStep>
        <con:targetType>req_indLastName</con:targetType>
        <con:targetStep>Add another item</con:targetStep>
        <con:upgraded>true</con:upgraded>
      </con:transfers>
      <con:transfers setNullOnMissingSource="true" transferTextContent="true" failOnError="true" ignoreEmpty="false" transferToAll="false" entitize="false" transferChildNodes="false">
        <con:name>indName</con:name>
        <con:sourceType>indName</con:sourceType>
        <con:sourceStep>Given properties for the test steps</con:sourceStep>
        <con:targetType>req_indName</con:targetType>
        <con:targetStep>Add another item</con:targetStep>
        <con:upgraded>true</con:upgraded>
      </con:transfers>
    </con:config>
  </con:testStep>
  <con:testStep type="calltestcase" name="Add another item" id="b67dba0c-ae3c-4394-aba1-79148dcc96dd" disabled="true">
    <con:settings/>
    <con:config xsi:type="con:RunTestCaseStep" xmlns:xsi="http://www.w3.org/2001/XMLSchema-instance">
      <con:targetTestCase>82436617-bc41-4ae8-a2b5-d31a80ed4e9b</con:targetTestCase>
      <con:properties>
        <con:property>
          <con:name>req_biId</con:name>
          <con:value>401</con:value>
        </con:property>
        <con:property>
          <con:name>req_name</con:name>
          <con:value>Roberto Baggio</con:value>
        </con:property>
        <con:property>
          <con:name>req_externalId</con:name>
          <con:value>robert.baggio${=java.util.UUID.randomUUID()}</con:value>
        </con:property>
        <con:property>
          <con:name>req_userRoleSpecId</con:name>
          <con:value>32</con:value>
        </con:property>
        <con:property>
          <con:name>req_soRoleId</con:name>
          <con:value>17</con:value>
        </con:property>
        <con:property>
          <con:name>req_indFirstName</con:name>
          <con:value>Roberto</con:value>
        </con:property>
        <con:property>
          <con:name>req_indLastName</con:name>
          <con:value>Baggio</con:value>
        </con:property>
        <con:property>
          <con:name>req_indName</con:name>
          <con:value>Roberto Baggio</con:value>
        </con:property>
        <con:property>
          <con:name>res_id</con:name>
          <con:value>227</con:value>
        </con:property>
        <con:property>
          <con:name>res_code</con:name>
          <con:value xsi:nil="true"/>
        </con:property>
        <con:property>
          <con:name>res_errorMessage</con:name>
          <con:value xsi:nil="true"/>
        </con:property>
        <con:property>
          <con:name>req_forceToUseSession</con:name>
          <con:value>false</con:value>
        </con:property>
        <con:property>
          <con:name>res_externalId</con:name>
          <con:value>robert.baggio34d74d13-e0c8-4504-adad-2d090066eacf</con:value>
        </con:property>
        <con:property>
          <con:name>res_httpCode</con:name>
          <con:value>201</con:value>
        </con:property>
        <con:property>
          <con:name>req_email</con:name>
        </con:property>
      </con:properties>
      <con:returnProperties>
        <con:entry>res_externalId</con:entry>
        <con:entry>res_id</con:entry>
        <con:entry>res_code</con:entry>
        <con:entry>res_errorMessage</con:entry>
        <con:entry>res_httpCode</con:entry>
      </con:returnProperties>
      <con:runMode>PARALLELL</con:runMode>
    </con:config>
  </con:testStep>
  <con:testStep type="assertionteststep" name="Assert another bi item is added" id="57bb60e2-23dd-432a-b409-7a798bfcca01" disabled="true">
    <con:settings/>
    <con:config xsi:type="con:AssertionTestStep" xmlns:xsi="http://www.w3.org/2001/XMLSchema-instance">
      <con:entry>
        <con:id>70ebe245-8760-4a35-9f16-d12a94381256</con:id>
        <con:isGroup>false</con:isGroup>
        <con:sourceId>b67dba0c-ae3c-4394-aba1-79148dcc96dd</con:sourceId>
        <con:propertyName>res_id</con:propertyName>
        <con:assertion type="Simple Contains" name="Contains" id="44d65440-9b8e-4bce-a1d8-5e66c9f34de0">
          <con:configuration>
            <token>\d+</token>
            <ignoreCase>false</ignoreCase>
            <useRegEx>true</useRegEx>
          </con:configuration>
        </con:assertion>
      </con:entry>
      <con:entry>
        <con:id>e74e8698-fb8a-4078-9a48-00322be86e37</con:id>
        <con:isGroup>false</con:isGroup>
        <con:sourceId>b67dba0c-ae3c-4394-aba1-79148dcc96dd</con:sourceId>
        <con:propertyName>res_httpCode</con:propertyName>
        <con:assertion type="Simple Equals" name="Equals" id="92e3958b-b089-40fc-a105-1e1d6e2aa288">
          <con:configuration>
            <patternObjectId>ed47999d-52cc-4556-b643-5a1394572e39</patternObjectId>
            <patternProperty>httpCode201</patternProperty>
            <caseSensitive>true</caseSensitive>
          </con:configuration>
        </con:assertion>
      </con:entry>
    </con:config>
  </con:testStep>
  <con:testStep type="transfer" name="Set display nonexisting add user item" id="7eb2dc69-c9f0-4032-a6ff-afb7b9e5ac76" disabled="true">
    <con:settings/>
    <con:config xsi:type="con:PropertyTransfersStep" xmlns:xsi="http://www.w3.org/2001/XMLSchema-instance">
      <con:transfers setNullOnMissingSource="true" transferTextContent="true" failOnError="true" ignoreEmpty="false" transferToAll="false" entitize="false" transferChildNodes="false">
        <con:name>biId</con:name>
        <con:sourceType>biId</con:sourceType>
        <con:sourceStep>Given properties for the test steps</con:sourceStep>
        <con:sourcePath/>
        <con:targetType>req_biId</con:targetType>
        <con:targetStep>Display nonexisting add user item</con:targetStep>
        <con:targetPath/>
        <con:upgraded>true</con:upgraded>
      </con:transfers>
      <con:transfers setNullOnMissingSource="true" transferTextContent="true" failOnError="true" ignoreEmpty="false" transferToAll="false" entitize="false" transferChildNodes="false">
        <con:name>itemId</con:name>
        <con:sourceType>notExistId</con:sourceType>
        <con:sourceStep>Given properties for the test steps</con:sourceStep>
        <con:targetType>req_itemId</con:targetType>
        <con:targetStep>Display nonexisting add user item</con:targetStep>
        <con:upgraded>true</con:upgraded>
      </con:transfers>
    </con:config>
  </con:testStep>
  <con:testStep type="calltestcase" name="Display nonexisting add user item" id="c7a8dadd-1530-4379-a0c6-519e6de99710" disabled="true">
    <con:settings/>
    <con:config xsi:type="con:RunTestCaseStep" xmlns:xsi="http://www.w3.org/2001/XMLSchema-instance">
      <con:targetTestCase>aa1676b3-b989-4f39-9536-13a6a5ecd26c</con:targetTestCase>
      <con:properties>
        <con:property>
          <con:name>response</con:name>
          <con:value>{"code":"404","description":"HTTP 404 Not Found","errorDetails":"HTTP 404 Not Found","errorMessage":"404","httpStatusCode":"404","httpStatusCodeDescription":"HTTP 404 Not Found"}</con:value>
        </con:property>
        <con:property>
          <con:name>res_code</con:name>
          <con:value>404</con:value>
        </con:property>
        <con:property>
          <con:name>res_errorMessage</con:name>
          <con:value>404</con:value>
        </con:property>
        <con:property>
          <con:name>req_biId</con:name>
          <con:value>401</con:value>
        </con:property>
        <con:property>
          <con:name>res_httpCode</con:name>
          <con:value>404</con:value>
        </con:property>
        <con:property>
          <con:name>req_itemId</con:name>
          <con:value>-1</con:value>
        </con:property>
        <con:property>
          <con:name>res_itemId</con:name>
          <con:value xsi:nil="true"/>
        </con:property>
      </con:properties>
      <con:returnProperties>
        <con:entry>response</con:entry>
        <con:entry>res_code</con:entry>
        <con:entry>res_errorMessage</con:entry>
        <con:entry>res_httpCode</con:entry>
        <con:entry>res_itemId</con:entry>
      </con:returnProperties>
      <con:runMode>PARALLELL</con:runMode>
    </con:config>
  </con:testStep>
  <con:testStep type="assertionteststep" name="Assertion display nonexisting add user item" id="792d4542-a366-49b7-9cd9-a1902bd70eb5" disabled="true">
    <con:settings/>
    <con:config xsi:type="con:AssertionTestStep" xmlns:xsi="http://www.w3.org/2001/XMLSchema-instance">
      <con:entry>
        <con:id>8bce214c-2f7a-4944-91b5-74931029c79f</con:id>
        <con:isGroup>false</con:isGroup>
        <con:sourceId>c7a8dadd-1530-4379-a0c6-519e6de99710</con:sourceId>
        <con:propertyName>res_httpCode</con:propertyName>
        <con:assertion type="Simple Equals" name="Equals" id="0813ab25-5542-4c1c-95f0-aed1521e17f9">
          <con:configuration>
            <patternObjectId>ed47999d-52cc-4556-b643-5a1394572e39</patternObjectId>
            <patternProperty>httpCode404</patternProperty>
            <caseSensitive>true</caseSensitive>
          </con:configuration>
        </con:assertion>
      </con:entry>
    </con:config>
  </con:testStep>
  <con:testStep type="transfer" name="Set display add user item" id="3d2a555f-0c98-4c0d-b9d0-d82efcd97b1a" disabled="true">
    <con:settings/>
    <con:config xsi:type="con:PropertyTransfersStep" xmlns:xsi="http://www.w3.org/2001/XMLSchema-instance">
      <con:transfers setNullOnMissingSource="true" transferTextContent="true" failOnError="true" ignoreEmpty="false" transferToAll="false" entitize="false" transferChildNodes="false">
        <con:name>itemId</con:name>
        <con:sourceType>res_id</con:sourceType>
        <con:sourceStep>Add another item</con:sourceStep>
        <con:sourcePath/>
        <con:targetType>req_itemId</con:targetType>
        <con:targetStep>Display add user item</con:targetStep>
        <con:targetPath/>
        <con:upgraded>true</con:upgraded>
      </con:transfers>
      <con:transfers setNullOnMissingSource="true" transferTextContent="true" failOnError="true" ignoreEmpty="false" transferToAll="false" entitize="false" transferChildNodes="false">
        <con:name>biId</con:name>
        <con:sourceType>biId</con:sourceType>
        <con:sourceStep>Given properties for the test steps</con:sourceStep>
        <con:targetType>req_biId</con:targetType>
        <con:targetStep>Display add user item</con:targetStep>
        <con:upgraded>true</con:upgraded>
      </con:transfers>
    </con:config>
  </con:testStep>
  <con:testStep type="calltestcase" name="Display add user item" id="9e59f5c3-cfe7-4783-a173-6ddd6f40d525" disabled="true">
    <con:settings/>
    <con:config xsi:type="con:RunTestCaseStep" xmlns:xsi="http://www.w3.org/2001/XMLSchema-instance">
      <con:targetTestCase>aa1676b3-b989-4f39-9536-13a6a5ecd26c</con:targetTestCase>
      <con:properties>
        <con:property>
          <con:name>response</con:name>
          <con:value>{"externalId":"robert.baggio34d74d13-e0c8-4504-adad-2d090066eacf","party":{"firstName":"Roberto","lastName":"Baggio","name":"Roberto Baggio"},"forceToUseSession":false,"userRoleSpecification":{"name":"usr-role-spec-02bdcc8e-f574-4a3c-8296-9be07ec6f758","id":"32"},"id":"227"}</con:value>
        </con:property>
        <con:property>
          <con:name>res_code</con:name>
          <con:value xsi:nil="true"/>
        </con:property>
        <con:property>
          <con:name>res_errorMessage</con:name>
          <con:value xsi:nil="true"/>
        </con:property>
        <con:property>
          <con:name>req_biId</con:name>
          <con:value>401</con:value>
        </con:property>
        <con:property>
          <con:name>res_httpCode</con:name>
          <con:value>200</con:value>
        </con:property>
        <con:property>
          <con:name>req_itemId</con:name>
          <con:value>227</con:value>
        </con:property>
        <con:property>
          <con:name>res_itemId</con:name>
          <con:value>227</con:value>
        </con:property>
      </con:properties>
      <con:returnProperties>
        <con:entry>response</con:entry>
        <con:entry>res_code</con:entry>
        <con:entry>res_errorMessage</con:entry>
        <con:entry>res_httpCode</con:entry>
        <con:entry>res_itemId</con:entry>
      </con:returnProperties>
      <con:runMode>PARALLELL</con:runMode>
    </con:config>
  </con:testStep>
  <con:testStep type="assertionteststep" name="Assertion display add user item" id="f5adf022-57fb-40ee-940e-1230bf01fe33" disabled="true">
    <con:settings/>
    <con:config xsi:type="con:AssertionTestStep" xmlns:xsi="http://www.w3.org/2001/XMLSchema-instance">
      <con:entry>
        <con:id>8fbbbb2c-5def-435a-8425-263d6639ae77</con:id>
        <con:isGroup>false</con:isGroup>
        <con:sourceId>9e59f5c3-cfe7-4783-a173-6ddd6f40d525</con:sourceId>
        <con:propertyName>res_httpCode</con:propertyName>
        <con:assertion type="Simple Equals" name="Equals" id="fed0aefc-ac48-48a2-9837-28a18b441153">
          <con:configuration>
            <patternObjectId>ed47999d-52cc-4556-b643-5a1394572e39</patternObjectId>
            <patternProperty>httpCode200</patternProperty>
            <caseSensitive>true</caseSensitive>
          </con:configuration>
        </con:assertion>
      </con:entry>
      <con:entry>
        <con:id>c57f298f-a71e-47a1-b49b-ab3d256ce5cd</con:id>
        <con:isGroup>false</con:isGroup>
        <con:sourceId>9e59f5c3-cfe7-4783-a173-6ddd6f40d525</con:sourceId>
        <con:propertyName>res_itemId</con:propertyName>
        <con:assertion type="Simple Equals" name="Equals 2" id="e105e846-7f02-493a-820c-c0b1a2496487">
          <con:configuration>
            <patternObjectId>b1229a4e-3fee-4e6f-8e17-0eef4985abd0</patternObjectId>
            <patternProperty>res_id</patternProperty>
            <caseSensitive>true</caseSensitive>
          </con:configuration>
        </con:assertion>
      </con:entry>
    </con:config>
  </con:testStep>
  <con:testStep type="transfer" name="Set retrieve all items of a create user bi" id="7df15604-5f19-463a-822f-fd17b855903b" disabled="true">
    <con:settings/>
    <con:config xsi:type="con:PropertyTransfersStep" xmlns:xsi="http://www.w3.org/2001/XMLSchema-instance">
      <con:transfers setNullOnMissingSource="true" transferTextContent="true" failOnError="true" ignoreEmpty="false" transferToAll="false" entitize="false" transferChildNodes="false">
        <con:name>biId</con:name>
        <con:sourceType>biId</con:sourceType>
        <con:sourceStep>Given properties for the test steps</con:sourceStep>
        <con:sourcePath/>
        <con:targetType>req_biId</con:targetType>
        <con:targetStep>Retrieve all items of a create user bi</con:targetStep>
        <con:targetPath/>
        <con:upgraded>true</con:upgraded>
      </con:transfers>
    </con:config>
  </con:testStep>
  <con:testStep type="calltestcase" name="Retrieve all items of a create user bi" id="5fe56896-026e-4cbb-9e9d-3d07cd409041" disabled="true">
    <con:settings/>
    <con:config xsi:type="con:RunTestCaseStep" xmlns:xsi="http://www.w3.org/2001/XMLSchema-instance">
      <con:targetTestCase>8cd498db-a877-4fcc-86de-3fef501c8803</con:targetTestCase>
      <con:properties>
        <con:property>
          <con:name>response</con:name>
          <con:value>[{"externalId":"robert.baggio84d8f0f7-109a-4c6c-acdc-ee4b9a6ea10b","party":{"firstName":"Roberto","lastName":"Baggio","name":"Roberto Baggio"},"forceToUseSession":false,"userRoleSpecification":{"name":"usr-role-spec-02bdcc8e-f574-4a3c-8296-9be07ec6f758","id":"32"},"id":"226"},{"externalId":"robert.baggio34d74d13-e0c8-4504-adad-2d090066eacf","party":{"firstName":"Roberto","lastName":"Baggio","name":"Roberto Baggio"},"forceToUseSession":false,"userRoleSpecification":{"name":"usr-role-spec-02bdcc8e-f574-4a3c-8296-9be07ec6f758","id":"32"},"id":"227"}]</con:value>
        </con:property>
        <con:property>
          <con:name>res_code</con:name>
          <con:value xsi:nil="true"/>
        </con:property>
        <con:property>
          <con:name>res_errorMessage</con:name>
          <con:value xsi:nil="true"/>
        </con:property>
        <con:property>
          <con:name>req_biId</con:name>
          <con:value>401</con:value>
        </con:property>
        <con:property>
          <con:name>res_httpCode</con:name>
          <con:value>200</con:value>
        </con:property>
      </con:properties>
      <con:returnProperties>
        <con:entry>response</con:entry>
        <con:entry>res_code</con:entry>
        <con:entry>res_errorMessage</con:entry>
        <con:entry>res_httpCode</con:entry>
      </con:returnProperties>
      <con:runMode>PARALLELL</con:runMode>
    </con:config>
  </con:testStep>
  <con:testStep type="assertionteststep" name="Assertion retrieve all items of a create user bi" id="bb695611-7054-40ab-9e7f-3754cbb9e9eb" disabled="true">
    <con:settings/>
    <con:config xsi:type="con:AssertionTestStep" xmlns:xsi="http://www.w3.org/2001/XMLSchema-instance">
      <con:entry>
        <con:id>8f00f5bb-e747-4e33-99c6-ffb2f13d8cd6</con:id>
        <con:isGroup>false</con:isGroup>
        <con:sourceId>5fe56896-026e-4cbb-9e9d-3d07cd409041</con:sourceId>
        <con:propertyName>response</con:propertyName>
        <con:assertion type="Simple Contains" name="Contains" id="d50551d7-e975-4dfc-a985-952d4589cadf">
          <con:configuration>
            <token>\w+</token>
            <ignoreCase>false</ignoreCase>
            <useRegEx>true</useRegEx>
          </con:configuration>
        </con:assertion>
      </con:entry>
      <con:entry>
        <con:id>344cdb60-5080-40ae-a9ee-4a48887a1809</con:id>
        <con:isGroup>false</con:isGroup>
        <con:sourceId>5fe56896-026e-4cbb-9e9d-3d07cd409041</con:sourceId>
        <con:propertyName>res_httpCode</con:propertyName>
        <con:assertion type="Simple Equals" name="Equals" id="9269953c-37ce-474f-8253-42f6c63607c4">
          <con:configuration>
            <patternObjectId>ed47999d-52cc-4556-b643-5a1394572e39</patternObjectId>
            <patternProperty>httpCode200</patternProperty>
            <caseSensitive>true</caseSensitive>
          </con:configuration>
        </con:assertion>
      </con:entry>
    </con:config>
  </con:testStep>
  <con:testStep type="transfer" name="Set bi to submit successfully" id="ed75aa31-91ab-41e9-81bc-71cf567821d2" disabled="true">
    <con:settings/>
    <con:config xsi:type="con:PropertyTransfersStep" xmlns:xsi="http://www.w3.org/2001/XMLSchema-instance">
      <con:transfers setNullOnMissingSource="true" transferTextContent="true" failOnError="true" ignoreEmpty="false" transferToAll="false" entitize="false" transferChildNodes="false">
        <con:name>biId</con:name>
        <con:sourceType>biId</con:sourceType>
        <con:sourceStep>Given properties for the test steps</con:sourceStep>
        <con:sourcePath/>
        <con:targetType>req_biId</con:targetType>
        <con:targetStep>Submit bi without problem</con:targetStep>
        <con:targetPath/>
        <con:upgraded>true</con:upgraded>
      </con:transfers>
    </con:config>
  </con:testStep>
  <con:testStep type="calltestcase" name="Submit bi without problem" id="0ec59acd-647b-466c-b9fd-18c311dca251" disabled="true">
    <con:settings/>
    <con:config xsi:type="con:RunTestCaseStep" xmlns:xsi="http://www.w3.org/2001/XMLSchema-instance">
      <con:targetTestCase>eec8880b-6bd0-46a9-8545-851a3d5ea4ac</con:targetTestCase>
      <con:properties>
        <con:property>
          <con:name>req_biId</con:name>
          <con:value>401</con:value>
        </con:property>
        <con:property>
          <con:name>res_biId</con:name>
          <con:value>401</con:value>
        </con:property>
        <con:property>
          <con:name>res_code</con:name>
          <con:value xsi:nil="true"/>
        </con:property>
        <con:property>
          <con:name>res_errorMessage</con:name>
          <con:value xsi:nil="true"/>
        </con:property>
        <con:property>
          <con:name>res_httpCode</con:name>
          <con:value>200</con:value>
        </con:property>
      </con:properties>
      <con:returnProperties>
        <con:entry>res_biId</con:entry>
        <con:entry>res_code</con:entry>
        <con:entry>res_errorMessage</con:entry>
        <con:entry>res_httpCode</con:entry>
      </con:returnProperties>
      <con:runMode>PARALLELL</con:runMode>
    </con:config>
  </con:testStep>
  <con:testStep type="assertionteststep" name="Assert bi is submitted successfully" id="1d6b84e4-eb49-452c-a5c9-d9d8ea654114" disabled="true">
    <con:settings/>
    <con:config xsi:type="con:AssertionTestStep" xmlns:xsi="http://www.w3.org/2001/XMLSchema-instance">
      <con:entry>
        <con:id>10cec4d0-adf4-4d10-b5f6-c965b845665d</con:id>
        <con:isGroup>false</con:isGroup>
        <con:sourceId>0ec59acd-647b-466c-b9fd-18c311dca251</con:sourceId>
        <con:propertyName>res_errorMessage</con:propertyName>
        <con:assertion type="Simple Contains" name="Contains" id="13cf1b74-51f5-484c-9542-410d73f3a80a">
          <con:configuration>
            <token>^\s*$</token>
            <ignoreCase>false</ignoreCase>
            <useRegEx>true</useRegEx>
          </con:configuration>
        </con:assertion>
      </con:entry>
      <con:entry>
        <con:id>11e8b7a3-e2c5-4d9a-9c0f-d8173ae18956</con:id>
        <con:isGroup>false</con:isGroup>
        <con:sourceId>0ec59acd-647b-466c-b9fd-18c311dca251</con:sourceId>
        <con:propertyName>res_httpCode</con:propertyName>
        <con:assertion type="Simple Equals" name="Equals" id="59db6eec-0653-4dc5-880a-495da16d7a32">
          <con:configuration>
            <patternObjectId>ed47999d-52cc-4556-b643-5a1394572e39</patternObjectId>
            <patternProperty>httpCode200</patternProperty>
            <caseSensitive>true</caseSensitive>
          </con:configuration>
        </con:assertion>
      </con:entry>
    </con:config>
  </con:testStep>
  <con:testStep type="transfer" name="Set bi to submit successfully fpr 2nd id" id="3a818e81-4a5c-4f88-a757-8016a892c0b1" disabled="true">
    <con:settings/>
    <con:config xsi:type="con:PropertyTransfersStep" xmlns:xsi="http://www.w3.org/2001/XMLSchema-instance">
      <con:transfers setNullOnMissingSource="true" transferTextContent="true" failOnError="true" ignoreEmpty="false" transferToAll="false" entitize="false" transferChildNodes="false">
        <con:name>biId</con:name>
        <con:sourceType xsi:nil="true"/>
        <con:sourceStep xsi:nil="true"/>
        <con:sourcePath/>
        <con:targetType>req_biId</con:targetType>
        <con:targetStep>Submit bi without problem for 2nd id</con:targetStep>
        <con:targetPath/>
        <con:upgraded>true</con:upgraded>
      </con:transfers>
    </con:config>
  </con:testStep>
  <con:testStep type="calltestcase" name="Submit bi without problem for 2nd id" id="84fcc13c-0447-4ee2-9935-1dafee443877" disabled="true">
    <con:settings/>
    <con:config xsi:type="con:RunTestCaseStep" xmlns:xsi="http://www.w3.org/2001/XMLSchema-instance">
      <con:targetTestCase>eec8880b-6bd0-46a9-8545-851a3d5ea4ac</con:targetTestCase>
      <con:properties>
        <con:property>
          <con:name>req_biId</con:name>
          <con:value>411</con:value>
        </con:property>
        <con:property>
          <con:name>res_biId</con:name>
          <con:value>411</con:value>
        </con:property>
        <con:property>
          <con:name>res_code</con:name>
          <con:value xsi:nil="true"/>
        </con:property>
        <con:property>
          <con:name>res_errorMessage</con:name>
          <con:value xsi:nil="true"/>
        </con:property>
        <con:property>
          <con:name>res_httpCode</con:name>
          <con:value>200</con:value>
        </con:property>
      </con:properties>
      <con:returnProperties>
        <con:entry>res_biId</con:entry>
        <con:entry>res_code</con:entry>
        <con:entry>res_errorMessage</con:entry>
        <con:entry>res_httpCode</con:entry>
      </con:returnProperties>
      <con:runMode>PARALLELL</con:runMode>
    </con:config>
  </con:testStep>
  <con:testStep type="assertionteststep" name="Assert bi is submitted successfully for 2nd id" id="00bea797-401e-42d8-94ff-d7f2f7221007" disabled="true">
    <con:settings/>
    <con:config xsi:type="con:AssertionTestStep" xmlns:xsi="http://www.w3.org/2001/XMLSchema-instance">
      <con:entry>
        <con:id>0e795e8e-e120-4ab0-a53e-9ac772e5840b</con:id>
        <con:isGroup>false</con:isGroup>
        <con:sourceId>480c81a6-8c6c-4aeb-9525-8e9245e58bff</con:sourceId>
        <con:propertyName>httpCode200</con:propertyName>
        <con:assertion type="Simple Equals" name="Equals" id="c87d4ff7-1540-4d72-9d26-b0f8a93b9c14">
          <con:configuration>
            <patternObjectId>0f47f7ba-5b44-471e-befa-398dc60d3dff</patternObjectId>
            <patternProperty>res_httpCode</patternProperty>
            <caseSensitive>true</caseSensitive>
          </con:configuration>
        </con:assertion>
      </con:entry>
    </con:config>
  </con:testStep>
  <con:testStep type="transfer" name="Set retrieve all users of a sales organization" id="a6a8a2ea-53b4-4942-b7cb-6a016d04ca31" disabled="true">
    <con:settings/>
    <con:config xsi:type="con:PropertyTransfersStep" xmlns:xsi="http://www.w3.org/2001/XMLSchema-instance">
      <con:transfers setNullOnMissingSource="true" transferTextContent="true" failOnError="true" ignoreEmpty="false" transferToAll="false" entitize="false" transferChildNodes="false">
        <con:name>soId</con:name>
        <con:sourceType>soId</con:sourceType>
        <con:sourceStep>Given properties for the test steps</con:sourceStep>
        <con:sourcePath/>
        <con:targetType>req_soId</con:targetType>
        <con:targetStep>Retrieve all users of a sales organization</con:targetStep>
        <con:targetPath/>
        <con:upgraded>true</con:upgraded>
      </con:transfers>
    </con:config>
  </con:testStep>
  <con:testStep type="calltestcase" name="Retrieve all users of a sales organization" id="0e0943d5-faec-48f6-b16a-7cce4d0cc729" disabled="true">
    <con:settings/>
    <con:config xsi:type="con:RunTestCaseStep" xmlns:xsi="http://www.w3.org/2001/XMLSchema-instance">
      <con:targetTestCase>5f30c489-3eaa-4b5d-9da1-ce285f994779</con:targetTestCase>
      <con:properties>
        <con:property>
          <con:name>req_soId</con:name>
          <con:value>17</con:value>
        </con:property>
        <con:property>
          <con:name>res_code</con:name>
          <con:value xsi:nil="true"/>
        </con:property>
        <con:property>
          <con:name>res_httpCode</con:name>
          <con:value>200</con:value>
        </con:property>
        <con:property>
          <con:name>res_errorMessage</con:name>
          <con:value xsi:nil="true"/>
        </con:property>
      </con:properties>
      <con:returnProperties>
        <con:entry>res_code</con:entry>
        <con:entry>res_httpCode</con:entry>
        <con:entry>res_errorMessage</con:entry>
      </con:returnProperties>
      <con:runMode>PARALLELL</con:runMode>
    </con:config>
  </con:testStep>
  <con:testStep type="assertionteststep" name="Assertion retrieve all users of a sales organization" id="8fddbd59-ff02-4029-8869-9b9380081e82" disabled="true">
    <con:settings/>
    <con:config xsi:type="con:AssertionTestStep" xmlns:xsi="http://www.w3.org/2001/XMLSchema-instance">
      <con:entry>
        <con:id>677fdc57-b74b-479e-bc17-fe362156d996</con:id>
        <con:isGroup>false</con:isGroup>
        <con:sourceId>0e0943d5-faec-48f6-b16a-7cce4d0cc729</con:sourceId>
        <con:propertyName>res_httpCode</con:propertyName>
        <con:assertion type="Simple Equals" name="Equals" id="4c3e767a-e208-4d1a-a448-c7bd66549f3a">
          <con:configuration>
            <patternObjectId>ed47999d-52cc-4556-b643-5a1394572e39</patternObjectId>
            <patternProperty>httpCode200</patternProperty>
            <caseSensitive>true</caseSensitive>
          </con:configuration>
        </con:assertion>
      </con:entry>
    </con:config>
  </con:testStep>
  <con:testStep type="transfer" name="Set display user by external id" id="bea01eec-7713-4f10-b987-126e26c4596c" disabled="true">
    <con:settings/>
    <con:config xsi:type="con:PropertyTransfersStep" xmlns:xsi="http://www.w3.org/2001/XMLSchema-instance">
      <con:transfers setNullOnMissingSource="true" transferTextContent="true" failOnError="true" ignoreEmpty="false" transferToAll="false" entitize="false" transferChildNodes="false">
        <con:name>externalId</con:name>
        <con:sourceType>res_externalId</con:sourceType>
        <con:sourceStep>Add another item</con:sourceStep>
        <con:sourcePath/>
        <con:targetType>req_userExternalId</con:targetType>
        <con:targetStep>Display user by external id</con:targetStep>
        <con:targetPath/>
        <con:upgraded>true</con:upgraded>
      </con:transfers>
    </con:config>
  </con:testStep>
  <con:testStep type="calltestcase" name="Display user by external id" id="25447aa3-1d70-4ab9-9d1b-b801d1d7c5d1" disabled="true">
    <con:settings/>
    <con:config xsi:type="con:RunTestCaseStep" xmlns:xsi="http://www.w3.org/2001/XMLSchema-instance">
      <con:targetTestCase>62d8a939-0c64-462e-be4e-5c3115ce1ca0</con:targetTestCase>
      <con:properties>
        <con:property>
          <con:name>req_userExternalId</con:name>
          <con:value>robert.baggio34d74d13-e0c8-4504-adad-2d090066eacf</con:value>
        </con:property>
        <con:property>
          <con:name>res_userRoleId</con:name>
          <con:value>23</con:value>
        </con:property>
        <con:property>
          <con:name>res_httpCode</con:name>
          <con:value>200</con:value>
        </con:property>
        <con:property>
          <con:name>res_forceToUseSession</con:name>
        </con:property>
      </con:properties>
      <con:returnProperties>
        <con:entry>res_userRoleId</con:entry>
        <con:entry>res_httpCode</con:entry>
      </con:returnProperties>
      <con:runMode>PARALLELL</con:runMode>
    </con:config>
  </con:testStep>
  <con:testStep type="assertionteststep" name="Assertion display user by external id" id="c42cab09-307c-4ff2-bfd8-9493131bd2d9" disabled="true">
    <con:settings/>
    <con:config xsi:type="con:AssertionTestStep" xmlns:xsi="http://www.w3.org/2001/XMLSchema-instance">
      <con:entry>
        <con:id>1096cd6f-e396-4cd6-9e78-3e17f94faaee</con:id>
        <con:isGroup>false</con:isGroup>
        <con:sourceId>25447aa3-1d70-4ab9-9d1b-b801d1d7c5d1</con:sourceId>
        <con:propertyName>res_userRoleId</con:propertyName>
        <con:assertion type="Simple Contains" name="Contains" id="aab7f59a-a44a-40aa-9f1e-2cf6b7fac2a8">
          <con:configuration>
            <token>\d+</token>
            <ignoreCase>false</ignoreCase>
            <useRegEx>true</useRegEx>
          </con:configuration>
        </con:assertion>
      </con:entry>
      <con:entry>
        <con:id>5714836b-6c97-4321-a35f-f5dcb62cacf1</con:id>
        <con:isGroup>false</con:isGroup>
        <con:sourceId>25447aa3-1d70-4ab9-9d1b-b801d1d7c5d1</con:sourceId>
        <con:propertyName>res_httpCode</con:propertyName>
        <con:assertion type="Simple Equals" name="Equals" id="a51f28d2-d363-4ffc-bfff-0a9ae5a1cfa6">
          <con:configuration>
            <patternObjectId>ed47999d-52cc-4556-b643-5a1394572e39</patternObjectId>
            <patternProperty>httpCode200</patternProperty>
            <caseSensitive>true</caseSensitive>
          </con:configuration>
        </con:assertion>
      </con:entry>
    </con:config>
  </con:testStep>
  <con:testStep type="transfer" name="Set display user by external id for 2nd id" id="3fbd8e1d-05a9-4277-bf33-f2d33cfed360" disabled="true">
    <con:settings/>
    <con:config xsi:type="con:PropertyTransfersStep" xmlns:xsi="http://www.w3.org/2001/XMLSchema-instance">
      <con:transfers setNullOnMissingSource="true" transferTextContent="true" failOnError="true" ignoreEmpty="false" transferToAll="false" entitize="false" transferChildNodes="false">
        <con:name>externalId</con:name>
        <con:sourceType xsi:nil="true"/>
        <con:sourceStep xsi:nil="true"/>
        <con:sourcePath/>
        <con:targetType>req_userExternalId</con:targetType>
        <con:targetStep>Display user by external id for 2nd id</con:targetStep>
        <con:targetPath/>
        <con:upgraded>true</con:upgraded>
      </con:transfers>
    </con:config>
  </con:testStep>
  <con:testStep type="calltestcase" name="Display user by external id for 2nd id" id="b7ebb5cb-1f6d-4958-945d-5f6cedf1ca1a" disabled="true">
    <con:settings/>
    <con:config xsi:type="con:RunTestCaseStep" xmlns:xsi="http://www.w3.org/2001/XMLSchema-instance">
      <con:targetTestCase>62d8a939-0c64-462e-be4e-5c3115ce1ca0</con:targetTestCase>
      <con:properties>
        <con:property>
          <con:name>req_userExternalId</con:name>
          <con:value>bilbobaggins26731e7a-354d-4f68-b2c6-eea3d92b8018</con:value>
        </con:property>
        <con:property>
          <con:name>res_userRoleId</con:name>
          <con:value>24</con:value>
        </con:property>
        <con:property>
          <con:name>res_httpCode</con:name>
          <con:value>200</con:value>
        </con:property>
        <con:property>
          <con:name>res_forceToUseSession</con:name>
        </con:property>
      </con:properties>
      <con:returnProperties>
        <con:entry>res_userRoleId</con:entry>
        <con:entry>res_httpCode</con:entry>
      </con:returnProperties>
      <con:runMode>PARALLELL</con:runMode>
    </con:config>
  </con:testStep>
  <con:testStep type="assertionteststep" name="Copy of Assertion display user by external id" id="10c90dfa-ca4d-4031-a001-4922e7d7028d" disabled="true">
    <con:settings/>
    <con:config xsi:type="con:AssertionTestStep" xmlns:xsi="http://www.w3.org/2001/XMLSchema-instance">
      <con:entry>
        <con:id>35c2f3de-462d-40e9-b8b7-fb4a550b51f9</con:id>
        <con:isGroup>false</con:isGroup>
        <con:sourceId>25447aa3-1d70-4ab9-9d1b-b801d1d7c5d1</con:sourceId>
        <con:propertyName>res_userRoleId</con:propertyName>
        <con:assertion type="Simple Contains" name="Contains" id="885c0b49-9fa2-48ee-9bfb-8578db263c3a">
          <con:configuration>
            <token>\d+</token>
            <ignoreCase>false</ignoreCase>
            <useRegEx>true</useRegEx>
          </con:configuration>
        </con:assertion>
      </con:entry>
      <con:entry>
        <con:id>c66d7119-f04f-491c-ae85-87c74772f0b3</con:id>
        <con:isGroup>false</con:isGroup>
        <con:sourceId>25447aa3-1d70-4ab9-9d1b-b801d1d7c5d1</con:sourceId>
        <con:propertyName>res_httpCode</con:propertyName>
        <con:assertion type="Simple Equals" name="Equals" id="dcb5d46e-76d4-4d71-8fd7-c9c89da3f544">
          <con:configuration>
            <patternObjectId>ed47999d-52cc-4556-b643-5a1394572e39</patternObjectId>
            <patternProperty>httpCode200</patternProperty>
            <caseSensitive>true</caseSensitive>
          </con:configuration>
        </con:assertion>
      </con:entry>
    </con:config>
  </con:testStep>
  <con:testStep type="transfer" name="Property Transfer user id" id="3f95e8e5-a37e-4c91-a106-6247c10d6226" disabled="true">
    <con:settings/>
    <con:config xsi:type="con:PropertyTransfersStep" xmlns:xsi="http://www.w3.org/2001/XMLSchema-instance">
      <con:transfers setNullOnMissingSource="true" transferTextContent="true" failOnError="true" ignoreEmpty="false" transferToAll="false" entitize="false" transferChildNodes="false">
        <con:name>userId</con:name>
        <con:sourceType>res_userRoleId</con:sourceType>
        <con:sourceStep>Display user by external id</con:sourceStep>
        <con:sourcePath/>
        <con:targetType>relatedUserId</con:targetType>
        <con:targetStep>Given properties for the test steps</con:targetStep>
        <con:targetPath/>
        <con:upgraded>true</con:upgraded>
      </con:transfers>
    </con:config>
  </con:testStep>
  <con:testStep type="transfer" name="Set bi id to add item to closed bi" id="3b412108-61e9-44d4-8248-9c31e7a49cbe" disabled="true">
    <con:settings/>
    <con:config xsi:type="con:PropertyTransfersStep" xmlns:xsi="http://www.w3.org/2001/XMLSchema-instance">
      <con:transfers setNullOnMissingSource="true" transferTextContent="true" failOnError="true" ignoreEmpty="false" transferToAll="false" entitize="false" transferChildNodes="false">
        <con:name>biId</con:name>
        <con:sourceType>biId</con:sourceType>
        <con:sourceStep>Given properties for the test steps</con:sourceStep>
        <con:sourcePath/>
        <con:targetType>req_biId</con:targetType>
        <con:targetStep>Add item to bi which is closed</con:targetStep>
        <con:targetPath/>
        <con:upgraded>true</con:upgraded>
      </con:transfers>
      <con:transfers setNullOnMissingSource="true" transferTextContent="true" failOnError="true" ignoreEmpty="false" transferToAll="false" entitize="false" transferChildNodes="false">
        <con:name>name</con:name>
        <con:sourceType>name</con:sourceType>
        <con:sourceStep>Given properties for the test steps</con:sourceStep>
        <con:targetType>req_name</con:targetType>
        <con:targetStep>Add item to bi which is closed</con:targetStep>
        <con:upgraded>true</con:upgraded>
      </con:transfers>
      <con:transfers setNullOnMissingSource="true" transferTextContent="true" failOnError="true" ignoreEmpty="false" transferToAll="false" entitize="false" transferChildNodes="false">
        <con:name>externalId</con:name>
        <con:sourceType>userExternalId</con:sourceType>
        <con:sourceStep>Given properties for the test steps</con:sourceStep>
        <con:targetType>req_externalId</con:targetType>
        <con:targetStep>Add item to bi which is closed</con:targetStep>
        <con:upgraded>true</con:upgraded>
      </con:transfers>
      <con:transfers setNullOnMissingSource="true" transferTextContent="true" failOnError="true" ignoreEmpty="false" transferToAll="false" entitize="false" transferChildNodes="false">
        <con:name>userRoleSpecId</con:name>
        <con:sourceType>res_id</con:sourceType>
        <con:sourceStep>Create user role specification</con:sourceStep>
        <con:targetType>req_userRoleSpecId</con:targetType>
        <con:targetStep>Add item to bi which is closed</con:targetStep>
        <con:upgraded>true</con:upgraded>
      </con:transfers>
      <con:transfers setNullOnMissingSource="true" transferTextContent="true" failOnError="true" ignoreEmpty="false" transferToAll="false" entitize="false" transferChildNodes="false">
        <con:name>soRoleId</con:name>
        <con:sourceType>soId</con:sourceType>
        <con:sourceStep>Given properties for the test steps</con:sourceStep>
        <con:targetType>req_soRoleId</con:targetType>
        <con:targetStep>Add item to bi which is closed</con:targetStep>
        <con:upgraded>true</con:upgraded>
      </con:transfers>
      <con:transfers setNullOnMissingSource="true" transferTextContent="true" failOnError="true" ignoreEmpty="false" transferToAll="false" entitize="false" transferChildNodes="false">
        <con:name>forceToUseSession</con:name>
        <con:sourceType>false</con:sourceType>
        <con:sourceStep>Given properties for the test steps</con:sourceStep>
        <con:targetType>req_forceToUseSession</con:targetType>
        <con:targetStep>Add item to bi which is closed</con:targetStep>
        <con:upgraded>true</con:upgraded>
      </con:transfers>
      <con:transfers setNullOnMissingSource="true" transferTextContent="true" failOnError="true" ignoreEmpty="false" transferToAll="false" entitize="false" transferChildNodes="false">
        <con:name>indFirstname</con:name>
        <con:sourceType>indFirstname</con:sourceType>
        <con:sourceStep>Given properties for the test steps</con:sourceStep>
        <con:targetType>req_indFirstName</con:targetType>
        <con:targetStep>Add item to bi which is closed</con:targetStep>
        <con:upgraded>true</con:upgraded>
      </con:transfers>
      <con:transfers setNullOnMissingSource="true" transferTextContent="true" failOnError="true" ignoreEmpty="false" transferToAll="false" entitize="false" transferChildNodes="false">
        <con:name>indLastname</con:name>
        <con:sourceType>indLastname</con:sourceType>
        <con:sourceStep>Given properties for the test steps</con:sourceStep>
        <con:targetType>req_indLastName</con:targetType>
        <con:targetStep>Add item to bi which is closed</con:targetStep>
        <con:upgraded>true</con:upgraded>
      </con:transfers>
      <con:transfers setNullOnMissingSource="true" transferTextContent="true" failOnError="true" ignoreEmpty="false" transferToAll="false" entitize="false" transferChildNodes="false">
        <con:name>indName</con:name>
        <con:sourceType>indName</con:sourceType>
        <con:sourceStep>Given properties for the test steps</con:sourceStep>
        <con:targetType>req_indName</con:targetType>
        <con:targetStep>Add item to bi which is closed</con:targetStep>
        <con:upgraded>true</con:upgraded>
      </con:transfers>
    </con:config>
  </con:testStep>
  <con:testStep type="calltestcase" name="Add item to bi which is closed" id="cb87bb96-bc9f-458c-938a-efe53ae53a48" disabled="true">
    <con:settings/>
    <con:config xsi:type="con:RunTestCaseStep" xmlns:xsi="http://www.w3.org/2001/XMLSchema-instance">
      <con:targetTestCase>82436617-bc41-4ae8-a2b5-d31a80ed4e9b</con:targetTestCase>
      <con:properties>
        <con:property>
          <con:name>req_biId</con:name>
          <con:value>401</con:value>
        </con:property>
        <con:property>
          <con:name>req_name</con:name>
          <con:value>Roberto Baggio</con:value>
        </con:property>
        <con:property>
          <con:name>req_externalId</con:name>
          <con:value>robert.baggio${=java.util.UUID.randomUUID()}</con:value>
        </con:property>
        <con:property>
          <con:name>req_userRoleSpecId</con:name>
          <con:value>32</con:value>
        </con:property>
        <con:property>
          <con:name>req_soRoleId</con:name>
          <con:value>17</con:value>
        </con:property>
        <con:property>
          <con:name>req_indFirstName</con:name>
          <con:value>Roberto</con:value>
        </con:property>
        <con:property>
          <con:name>req_indLastName</con:name>
          <con:value>Baggio</con:value>
        </con:property>
        <con:property>
          <con:name>req_indName</con:name>
          <con:value>Roberto Baggio</con:value>
        </con:property>
        <con:property>
          <con:name>res_id</con:name>
          <con:value xsi:nil="true"/>
        </con:property>
        <con:property>
          <con:name>res_code</con:name>
          <con:value>INVALID_STATE_OPERATION</con:value>
        </con:property>
        <con:property>
          <con:name>res_errorMessage</con:name>
          <con:value>INVALID_STATE_OPERATION</con:value>
        </con:property>
        <con:property>
          <con:name>req_forceToUseSession</con:name>
          <con:value>false</con:value>
        </con:property>
        <con:property>
          <con:name>res_externalId</con:name>
        </con:property>
        <con:property>
          <con:name>res_httpCode</con:name>
          <con:value>400</con:value>
        </con:property>
        <con:property>
          <con:name>req_email</con:name>
        </con:property>
      </con:properties>
      <con:returnProperties>
        <con:entry>res_id</con:entry>
        <con:entry>res_code</con:entry>
        <con:entry>res_errorMessage</con:entry>
        <con:entry>res_httpCode</con:entry>
      </con:returnProperties>
      <con:runMode>PARALLELL</con:runMode>
    </con:config>
  </con:testStep>
  <con:testStep type="assertionteststep" name="Assert bi item is not added to closed bi" id="b43bdfaf-d256-497d-aad6-a212a20164b7" disabled="true">
    <con:settings/>
    <con:config xsi:type="con:AssertionTestStep" xmlns:xsi="http://www.w3.org/2001/XMLSchema-instance">
      <con:entry>
        <con:id>f3138f25-aed4-4376-a9f5-7e0a7083862a</con:id>
        <con:isGroup>false</con:isGroup>
        <con:sourceId>cb87bb96-bc9f-458c-938a-efe53ae53a48</con:sourceId>
        <con:propertyName>res_httpCode</con:propertyName>
        <con:assertion type="Simple Equals" name="Equals" id="a80c45d4-e9dc-42bd-ad24-af47781f7b0a">
          <con:configuration>
            <patternObjectId>ed47999d-52cc-4556-b643-5a1394572e39</patternObjectId>
            <patternProperty>httpCode400</patternProperty>
            <caseSensitive>true</caseSensitive>
          </con:configuration>
        </con:assertion>
      </con:entry>
      <con:entry>
        <con:id>5095192a-0666-4a22-86cf-53e02a3c5f95</con:id>
        <con:isGroup>false</con:isGroup>
        <con:sourceId>cb87bb96-bc9f-458c-938a-efe53ae53a48</con:sourceId>
        <con:propertyName>res_errorMessage</con:propertyName>
        <con:assertion type="Simple Equals" name="Equals 2" id="a62c45ee-6db1-4496-8916-5bae74c21b5c">
          <con:configuration>
            <patternObjectId>ed47999d-52cc-4556-b643-5a1394572e39</patternObjectId>
            <patternProperty>errorMessageInvalidState</patternProperty>
            <caseSensitive>true</caseSensitive>
          </con:configuration>
        </con:assertion>
      </con:entry>
    </con:config>
  </con:testStep>
  <con:testStep type="transfer" name="Set bi to submit bi which is already submitted" id="f93f30aa-81b1-4c12-b797-4e326dd7a7f6" disabled="true">
    <con:settings/>
    <con:config xsi:type="con:PropertyTransfersStep" xmlns:xsi="http://www.w3.org/2001/XMLSchema-instance">
      <con:transfers setNullOnMissingSource="true" transferTextContent="true" failOnError="true" ignoreEmpty="false" transferToAll="false" entitize="false" transferChildNodes="false">
        <con:name>biId</con:name>
        <con:sourceType>biId</con:sourceType>
        <con:sourceStep>Given properties for the test steps</con:sourceStep>
        <con:sourcePath/>
        <con:targetType>req_biId</con:targetType>
        <con:targetStep>Submit bi which is already submitted</con:targetStep>
        <con:targetPath/>
        <con:upgraded>true</con:upgraded>
      </con:transfers>
    </con:config>
  </con:testStep>
  <con:testStep type="calltestcase" name="Submit bi which is already submitted" id="62877b3d-447c-4294-8497-d28d8e6285a8" disabled="true">
    <con:settings/>
    <con:config xsi:type="con:RunTestCaseStep" xmlns:xsi="http://www.w3.org/2001/XMLSchema-instance">
      <con:targetTestCase>eec8880b-6bd0-46a9-8545-851a3d5ea4ac</con:targetTestCase>
      <con:properties>
        <con:property>
          <con:name>req_biId</con:name>
          <con:value>401</con:value>
        </con:property>
        <con:property>
          <con:name>res_biId</con:name>
          <con:value xsi:nil="true"/>
        </con:property>
        <con:property>
          <con:name>res_code</con:name>
          <con:value>INVALID_STATE_OPERATION</con:value>
        </con:property>
        <con:property>
          <con:name>res_errorMessage</con:name>
          <con:value>INVALID_STATE_OPERATION</con:value>
        </con:property>
        <con:property>
          <con:name>res_httpCode</con:name>
        </con:property>
      </con:properties>
      <con:returnProperties>
        <con:entry>res_biId</con:entry>
        <con:entry>res_code</con:entry>
        <con:entry>res_errorMessage</con:entry>
      </con:returnProperties>
      <con:runMode>PARALLELL</con:runMode>
    </con:config>
  </con:testStep>
  <con:testStep type="assertionteststep" name="Assert bi is not submitted which is already submitted" id="ca8fe9a6-18f9-448e-a83f-60b7adbad8cf" disabled="true">
    <con:settings/>
    <con:config xsi:type="con:AssertionTestStep" xmlns:xsi="http://www.w3.org/2001/XMLSchema-instance">
      <con:entry>
        <con:id>a67b2d2f-49c0-476a-9906-99d79fa88c1d</con:id>
        <con:isGroup>false</con:isGroup>
        <con:sourceId>62877b3d-447c-4294-8497-d28d8e6285a8</con:sourceId>
        <con:propertyName>res_errorMessage</con:propertyName>
        <con:assertion type="Simple Contains" name="Contains" id="87e375cf-9d41-454f-9a2a-28235c30fd70">
          <con:configuration>
            <token>\w+</token>
            <ignoreCase>false</ignoreCase>
            <useRegEx>true</useRegEx>
          </con:configuration>
        </con:assertion>
      </con:entry>
    </con:config>
  </con:testStep>
  <con:testStep type="calltestcase" name="Retrieve all users" id="51f9281f-8468-4dfa-911b-bd2aa105daf4" disabled="true">
    <con:settings/>
    <con:config xsi:type="con:RunTestCaseStep" xmlns:xsi="http://www.w3.org/2001/XMLSchema-instance">
      <con:targetTestCase>997c5206-b931-429b-8be8-cb511fbce056</con:targetTestCase>
      <con:properties>
        <con:property>
          <con:name>response</con:name>
          <con:value>[{"forceToUseSession":false,"externalId":"SYSUSR-ERMS","party":{"firstName":"ADMIN","lastName":"USER","name":"ADMIN USER","externalId":"0","id":"2"},"name":"ADMIN USER","status":"Active","id":"2"},{"forceToUseSession":false,"externalId":"u94143f00-73fb-423e-9924-07436185d333","party":{"firstName":"John","lastName":"Smith","name":"John Smith","id":"7"},"partyRoleSpecification":{"name":"urs-db89ce94-94f3-4ae0-8765-160fced9a1ba","id":"17"},"name":"John Smith","status":"Active","id":"11"},{"forceToUseSession":false,"externalId":"u2d8cedf2-7bac-4524-85f3-96d57b92ff4c","party":{"firstName":"John","lastName":"Smith","name":"John Smith","email":"caner@caner.com","id":"9"},"partyRoleSpecification":{"name":"urs-7e0dfa30-3bf8-4b5e-8c21-1eb2a9bcea8c","id":"22"},"name":"John Smith","status":"Active","id":"13"},{"forceToUseSession":false,"externalId":"u0bdc37a8-466e-48ee-8bfd-8c461bf4cc74","party":{"firstName":"fname","lastName":"lname","name":"fname lname","email":"caner@caner.com","id":"12"},"partyRoleSpecification":{"name":"urs-ee73a51c-77ed-44a8-b925-f7230629226f","id":"27"},"name":"fname lname","status":"Active","id":"15"},{"forceToUseSession":false,"externalId":"ua5df8414-9b55-4886-97b5-fab8e1ebcbcf","party":{"firstName":"fname","lastName":"lname","name":"fname lname","email":"caner@caner.com","id":"13"},"partyRoleSpecification":{"name":"urs-b1b3db9c-1f26-45d9-b33a-d6b528aafd1f","id":"28"},"name":"fname lname","status":"Active","id":"16"},{"forceToUseSession":false,"externalId":"u111f90e5-f4db-4ad9-b5a9-50da2f442d90","party":{"firstName":"John","lastName":"Smith","name":"John Smith","email":"test@valid.com","id":"15"},"partyRoleSpecification":{"name":"urs-e034a5b3-a9af-474f-b367-0501b68db46a","id":"35"},"name":"John Smith","status":"Active","id":"19"},{"forceToUseSession":false,"externalId":"robert.baggio29fe1d00-494c-4ad5-95a3-11fe9cde9078","party":{"firstName":"John","lastName":"Smith","name":"John Smith","id":"17"},"partyRoleSpecification":{"name":"urs-4d2f73b2-9bc6-42b1-af09-13b61a5f1add","id":"39"},"name":"John Smith","status":"Active","id":"21"},{"forceToUseSession":false,"externalId":"robert.baggio84d8f0f7-109a-4c6c-acdc-ee4b9a6ea10b","party":{"firstName":"Roberto","lastName":"Baggio","name":"Roberto Baggio","id":"23"},"partyRoleSpecification":{"name":"usr-role-spec-02bdcc8e-f574-4a3c-8296-9be07ec6f758","id":"32"},"name":"Roberto Baggio","status":"Active","id":"22"},{"forceToUseSession":false,"externalId":"robert.baggio34d74d13-e0c8-4504-adad-2d090066eacf","party":{"firstName":"Roberto","lastName":"Baggio","name":"Roberto Baggio","id":"24"},"partyRoleSpecification":{"name":"usr-role-spec-02bdcc8e-f574-4a3c-8296-9be07ec6f758","id":"32"},"name":"Roberto Baggio","status":"Active","id":"23"},{"forceToUseSession":false,"externalId":"bilbobaggins26731e7a-354d-4f68-b2c6-eea3d92b8018","party":{"firstName":"Roberto","lastName":"Baggio","name":"Roberto Baggio","id":"21"},"partyRoleSpecification":{"name":"usr-role-spec-f9b036a1-84a4-4b3d-9e42-db375b125cb7","id":"33"},"name":"Roberto Baggio","status":"Active","id":"24"}]</con:value>
        </con:property>
        <con:property>
          <con:name>res_code</con:name>
          <con:value xsi:nil="true"/>
        </con:property>
        <con:property>
          <con:name>res_errorMessage</con:name>
          <con:value xsi:nil="true"/>
        </con:property>
        <con:property>
          <con:name>res_status</con:name>
        </con:property>
      </con:properties>
      <con:returnProperties>
        <con:entry>response</con:entry>
        <con:entry>res_code</con:entry>
        <con:entry>res_errorMessage</con:entry>
      </con:returnProperties>
      <con:runMode>PARALLELL</con:runMode>
    </con:config>
  </con:testStep>
  <con:testStep type="assertionteststep" name="Assert retrieve all users" id="a33fe3a0-8bf4-4a39-9881-c185528fd9c6" disabled="true">
    <con:settings/>
    <con:config xsi:type="con:AssertionTestStep" xmlns:xsi="http://www.w3.org/2001/XMLSchema-instance">
      <con:entry>
        <con:id>f3ab1ab5-4a78-4c3c-a0a8-c9cbea887f16</con:id>
        <con:isGroup>false</con:isGroup>
        <con:sourceId>51f9281f-8468-4dfa-911b-bd2aa105daf4</con:sourceId>
        <con:propertyName>res_errorMessage</con:propertyName>
        <con:assertion type="Simple Contains" name="Contains" id="34ddb384-1381-4244-bbd7-6995b5c1587a">
          <con:configuration>
            <token>^\s*$</token>
            <ignoreCase>false</ignoreCase>
            <useRegEx>true</useRegEx>
          </con:configuration>
        </con:assertion>
      </con:entry>
      <con:entry>
        <con:id>3a6fcb79-989b-4f9c-aab3-1a71bff9a71c</con:id>
        <con:isGroup>false</con:isGroup>
        <con:sourceId>51f9281f-8468-4dfa-911b-bd2aa105daf4</con:sourceId>
        <con:propertyName>response</con:propertyName>
        <con:assertion type="Simple Contains" name="Contains 2" id="5551924d-d4c6-4bd6-a4a5-75581370b509">
          <con:configuration>
            <token>\w+</token>
            <ignoreCase>false</ignoreCase>
            <useRegEx>true</useRegEx>
          </con:configuration>
        </con:assertion>
      </con:entry>
    </con:config>
  </con:testStep>
  <con:testStep type="transfer" name="Set display nonexisting create user bi" id="21ef05dd-61fc-4fd4-8525-936e465a53fc" disabled="true">
    <con:settings/>
    <con:config xsi:type="con:PropertyTransfersStep" xmlns:xsi="http://www.w3.org/2001/XMLSchema-instance">
      <con:transfers setNullOnMissingSource="true" transferTextContent="true" failOnError="true" ignoreEmpty="false" transferToAll="false" entitize="false" transferChildNodes="false">
        <con:name>biId</con:name>
        <con:sourceType>notExistId</con:sourceType>
        <con:sourceStep>Given properties for the test steps</con:sourceStep>
        <con:sourcePath/>
        <con:targetType>req_biId</con:targetType>
        <con:targetStep>Display nonexisting create user bi</con:targetStep>
        <con:targetPath/>
        <con:upgraded>true</con:upgraded>
      </con:transfers>
    </con:config>
  </con:testStep>
  <con:testStep type="calltestcase" name="Display nonexisting create user bi" id="b2e8bdd1-c400-4ec6-9fd6-3e83d74fc624" disabled="true">
    <con:settings/>
    <con:config xsi:type="con:RunTestCaseStep" xmlns:xsi="http://www.w3.org/2001/XMLSchema-instance">
      <con:targetTestCase>46001d9d-b7c8-4ccc-91d4-ee9ad8916215</con:targetTestCase>
      <con:properties>
        <con:property>
          <con:name>req_biId</con:name>
          <con:value>-1</con:value>
        </con:property>
        <con:property>
          <con:name>res_biId</con:name>
          <con:value xsi:nil="true"/>
        </con:property>
        <con:property>
          <con:name>res_code</con:name>
          <con:value>404</con:value>
        </con:property>
        <con:property>
          <con:name>res_errorMessage</con:name>
          <con:value>404</con:value>
        </con:property>
        <con:property>
          <con:name>res_description</con:name>
          <con:value>HTTP 404 Not Found</con:value>
        </con:property>
        <con:property>
          <con:name>res_state</con:name>
        </con:property>
      </con:properties>
      <con:returnProperties>
        <con:entry>res_biId</con:entry>
        <con:entry>res_code</con:entry>
        <con:entry>res_errorMessage</con:entry>
        <con:entry>res_description</con:entry>
      </con:returnProperties>
      <con:runMode>PARALLELL</con:runMode>
    </con:config>
  </con:testStep>
  <con:testStep type="assertionteststep" name="Assertion display nonexisting create user bi" id="fbcfa6e4-fcb6-477b-9309-3be459eabd74" disabled="true">
    <con:settings/>
    <con:config xsi:type="con:AssertionTestStep" xmlns:xsi="http://www.w3.org/2001/XMLSchema-instance">
      <con:entry>
        <con:id>d409ed4b-d448-4a25-ba86-7a978cd884db</con:id>
        <con:isGroup>false</con:isGroup>
        <con:sourceId>b2e8bdd1-c400-4ec6-9fd6-3e83d74fc624</con:sourceId>
        <con:propertyName>res_code</con:propertyName>
        <con:assertion type="Simple Equals" name="Equals" id="ee9805cb-cb8e-4da5-b4e1-5a7c9fffd35d">
          <con:configuration>
            <patternObjectId>ed47999d-52cc-4556-b643-5a1394572e39</patternObjectId>
            <patternProperty>httpCode404</patternProperty>
            <caseSensitive>true</caseSensitive>
          </con:configuration>
        </con:assertion>
      </con:entry>
    </con:config>
  </con:testStep>
  <con:testStep type="transfer" name="Set bi id to retrieve single bi" id="af1cfc49-71dd-4826-9a00-aa15f9aad918" disabled="true">
    <con:settings/>
    <con:config xsi:type="con:PropertyTransfersStep" xmlns:xsi="http://www.w3.org/2001/XMLSchema-instance">
      <con:transfers setNullOnMissingSource="true" transferTextContent="true" failOnError="true" ignoreEmpty="false" transferToAll="false" entitize="false" transferChildNodes="false">
        <con:name>biId</con:name>
        <con:sourceType>biId</con:sourceType>
        <con:sourceStep>Given properties for the test steps</con:sourceStep>
        <con:sourcePath/>
        <con:targetType>req_biId</con:targetType>
        <con:targetStep>Get business interaction by id</con:targetStep>
        <con:targetPath/>
        <con:upgraded>true</con:upgraded>
      </con:transfers>
    </con:config>
  </con:testStep>
  <con:testStep type="calltestcase" name="Get business interaction by id" id="c347e052-48de-4cfc-bec5-73045ed69368" disabled="true">
    <con:settings/>
    <con:config xsi:type="con:RunTestCaseStep" xmlns:xsi="http://www.w3.org/2001/XMLSchema-instance">
      <con:targetTestCase>46001d9d-b7c8-4ccc-91d4-ee9ad8916215</con:targetTestCase>
      <con:properties>
        <con:property>
          <con:name>req_biId</con:name>
          <con:value>401</con:value>
        </con:property>
        <con:property>
          <con:name>res_code</con:name>
          <con:value>USR-401</con:value>
        </con:property>
        <con:property>
          <con:name>res_errorMessage</con:name>
          <con:value xsi:nil="true"/>
        </con:property>
        <con:property>
          <con:name>res_biId</con:name>
          <con:value>401</con:value>
        </con:property>
        <con:property>
          <con:name>res_description</con:name>
          <con:value>User is created at [name-sc43da92e-515e-4c23-87eb-8fcb3e479872]</con:value>
        </con:property>
        <con:property>
          <con:name>res_state</con:name>
        </con:property>
      </con:properties>
      <con:returnProperties>
        <con:entry>res_biId</con:entry>
        <con:entry>res_code</con:entry>
        <con:entry>res_errorMessage</con:entry>
        <con:entry>res_description</con:entry>
      </con:returnProperties>
      <con:runMode>PARALLELL</con:runMode>
    </con:config>
  </con:testStep>
  <con:testStep type="assertionteststep" name="Assert bi is retrieved successfully" id="9c8216f4-62ae-47e5-b93c-0fef8887789b" disabled="true">
    <con:settings/>
    <con:config xsi:type="con:AssertionTestStep" xmlns:xsi="http://www.w3.org/2001/XMLSchema-instance">
      <con:entry>
        <con:id>8e4b91dc-2bc9-4c72-98c8-bc8a84567121</con:id>
        <con:isGroup>false</con:isGroup>
        <con:sourceId>c347e052-48de-4cfc-bec5-73045ed69368</con:sourceId>
        <con:propertyName>req_biId</con:propertyName>
        <con:assertion type="Simple Contains" name="Contains" id="f89c7879-3e4a-4330-a3f5-a1e35bac587f">
          <con:configuration>
            <token>\w+</token>
            <ignoreCase>false</ignoreCase>
            <useRegEx>true</useRegEx>
          </con:configuration>
        </con:assertion>
      </con:entry>
      <con:entry>
        <con:id>2fcce415-4e0a-43c3-a26f-7131e37be4b6</con:id>
        <con:isGroup>false</con:isGroup>
        <con:sourceId>c347e052-48de-4cfc-bec5-73045ed69368</con:sourceId>
        <con:propertyName>res_description</con:propertyName>
        <con:assertion type="Simple Equals" name="Equals" id="cdb22dd9-92ba-4c39-b568-c8b55fdb2d72">
          <con:configuration>
            <patternObjectId>ed47999d-52cc-4556-b643-5a1394572e39</patternObjectId>
            <patternProperty>description</patternProperty>
            <caseSensitive>true</caseSensitive>
          </con:configuration>
        </con:assertion>
      </con:entry>
    </con:config>
  </con:testStep>
  <con:testStep type="calltestcase" name="Get all user create business interactions" id="bff68dbc-a610-40c3-8334-2a6c31ce2cbc" disabled="true">
    <con:settings/>
    <con:config xsi:type="con:RunTestCaseStep" xmlns:xsi="http://www.w3.org/2001/XMLSchema-instance">
      <con:targetTestCase>e4fc3ff2-9076-47c5-a427-578a06f33ad5</con:targetTestCase>
      <con:properties>
        <con:property>
          <con:name>response</con:name>
          <con:value>[{"businessInteractionType":23,"code":"USR-41","description":"User is created at [ROOT ORGANIZATION]","mainState":"Draft","state":"Draft","createdDate":"2017-11-20T08:20:32.215Z","preventUpdateFromOtherSystem":false,"id":"41"},{"businessInteractionType":23,"code":"USR-71","description":"User is created at [ROOT ORGANIZATION]","mainState":"Draft","state":"Draft","createdDate":"2017-11-20T08:20:56.693Z","preventUpdateFromOtherSystem":false,"id":"71"},{"businessInteractionType":23,"code":"USR-101","description":"User is created at [ROOT ORGANIZATION]","mainState":"Draft","state":"Draft","createdDate":"2017-11-20T08:24:52.936Z","preventUpdateFromOtherSystem":false,"id":"101"},{"businessInteractionType":23,"code":"USR-131","description":"User is created at [ROOT ORGANIZATION]","mainState":"Closed","state":"Closed","createdDate":"2017-11-20T08:26:07.761Z","preventUpdateFromOtherSystem":false,"id":"131"},{"businessInteractionType":23,"code":"USR-171","description":"User is created at [ROOT ORGANIZATION]","mainState":"Draft","state":"Draft","createdDate":"2017-11-20T08:26:55.450Z","preventUpdateFromOtherSystem":false,"id":"171"},{"businessInteractionType":23,"code":"USR-191","description":"User is created at [ROOT ORGANIZATION]","mainState":"Closed","state":"Closed","createdDate":"2017-11-20T08:27:51.774Z","preventUpdateFromOtherSystem":false,"id":"191"},{"businessInteractionType":23,"code":"USR-221","description":"User is created at [ROOT ORGANIZATION]","mainState":"Draft","state":"Draft","createdDate":"2017-11-20T08:35:11.224Z","preventUpdateFromOtherSystem":false,"id":"221"},{"businessInteractionType":23,"code":"USR-231","description":"User is created at [ROOT ORGANIZATION]","mainState":"Draft","state":"Draft","createdDate":"2017-11-20T08:35:45.426Z","preventUpdateFromOtherSystem":false,"id":"231"},{"businessInteractionType":23,"code":"USR-241","description":"User is created at [ROOT ORGANIZATION]","mainState":"Closed","state":"Closed","createdDate":"2017-11-20T08:36:29.156Z","preventUpdateFromOtherSystem":false,"id":"241"},{"businessInteractionType":23,"code":"USR-251","description":"User is created at [ROOT ORGANIZATION]","mainState":"Closed","state":"Closed","createdDate":"2017-11-20T08:37:27.806Z","preventUpdateFromOtherSystem":false,"id":"251"}]</con:value>
        </con:property>
        <con:property>
          <con:name>res_code</con:name>
          <con:value xsi:nil="true"/>
        </con:property>
        <con:property>
          <con:name>res_errorMessage</con:name>
          <con:value xsi:nil="true"/>
        </con:property>
        <con:property>
          <con:name>httpCode</con:name>
          <con:value>200</con:value>
        </con:property>
      </con:properties>
      <con:returnProperties>
        <con:entry>response</con:entry>
        <con:entry>res_code</con:entry>
        <con:entry>res_errorMessage</con:entry>
        <con:entry>httpCode</con:entry>
        <con:entry>res_biId</con:entry>
      </con:returnProperties>
      <con:runMode>PARALLELL</con:runMode>
    </con:config>
  </con:testStep>
  <con:testStep type="assertionteststep" name="Assertion get all user create business interactions" id="67eebf4f-e1d7-4638-9a42-e1d5781c9008" disabled="true">
    <con:settings/>
    <con:config xsi:type="con:AssertionTestStep" xmlns:xsi="http://www.w3.org/2001/XMLSchema-instance">
      <con:entry>
        <con:id>0f705f13-775b-44d7-8d58-b3a3fea570f2</con:id>
        <con:isGroup>false</con:isGroup>
        <con:sourceId>bff68dbc-a610-40c3-8334-2a6c31ce2cbc</con:sourceId>
        <con:propertyName>httpCode</con:propertyName>
        <con:assertion type="Simple Equals" name="Equals" id="d2772a56-eed1-4ae5-bda6-543726994cc5">
          <con:configuration>
            <patternObjectId>ed47999d-52cc-4556-b643-5a1394572e39</patternObjectId>
            <patternProperty>httpCode200</patternProperty>
            <caseSensitive>true</caseSensitive>
          </con:configuration>
        </con:assertion>
      </con:entry>
      <con:entry>
        <con:id>7fa408fc-9a2b-466c-b8cc-3ef009b18921</con:id>
        <con:isGroup>false</con:isGroup>
        <con:sourceId>bff68dbc-a610-40c3-8334-2a6c31ce2cbc</con:sourceId>
        <con:propertyName>res_errorMessage</con:propertyName>
        <con:assertion type="Simple Contains" name="Contains" id="d9a7aa14-0b80-4c80-b839-4bedd55f4425">
          <con:configuration>
            <token>^\s*$</token>
            <ignoreCase>false</ignoreCase>
            <useRegEx>true</useRegEx>
          </con:configuration>
        </con:assertion>
      </con:entry>
    </con:config>
  </con:testStep>
  <con:testStep type="transfer" name="Set update user info without external id fail" id="f4f1f2b2-1f6d-4aa9-8181-25a8f486f145" disabled="true">
    <con:settings/>
    <con:config xsi:type="con:PropertyTransfersStep" xmlns:xsi="http://www.w3.org/2001/XMLSchema-instance">
      <con:transfers setNullOnMissingSource="true" transferTextContent="true" failOnError="true" ignoreEmpty="false" transferToAll="false" entitize="false" transferChildNodes="false">
        <con:name>biSpecCode</con:name>
        <con:sourceType>updateUserBISpecCode</con:sourceType>
        <con:sourceStep>Given properties for the test steps</con:sourceStep>
        <con:sourcePath/>
        <con:targetType>req_biSpecCode</con:targetType>
        <con:targetStep>Update user info without external id fail</con:targetStep>
        <con:targetPath/>
        <con:upgraded>true</con:upgraded>
      </con:transfers>
      <con:transfers setNullOnMissingSource="true" transferTextContent="true" failOnError="true" ignoreEmpty="false" transferToAll="false" entitize="false" transferChildNodes="false">
        <con:name>newFirstName</con:name>
        <con:sourceType>newFirstName</con:sourceType>
        <con:sourceStep>Given properties for the test steps</con:sourceStep>
        <con:targetType>req_newFirstName</con:targetType>
        <con:targetStep>Update user info without external id fail</con:targetStep>
        <con:upgraded>true</con:upgraded>
      </con:transfers>
      <con:transfers setNullOnMissingSource="true" transferTextContent="true" failOnError="true" ignoreEmpty="false" transferToAll="false" entitize="false" transferChildNodes="false">
        <con:name>newLastName</con:name>
        <con:sourceType>newLastName</con:sourceType>
        <con:sourceStep>Given properties for the test steps</con:sourceStep>
        <con:targetType>req_newLastName</con:targetType>
        <con:targetStep>Update user info without external id fail</con:targetStep>
        <con:upgraded>true</con:upgraded>
      </con:transfers>
      <con:transfers setNullOnMissingSource="true" transferTextContent="true" failOnError="true" ignoreEmpty="false" transferToAll="false" entitize="false" transferChildNodes="false">
        <con:name>relatedUserId</con:name>
        <con:sourceType>relatedUserId</con:sourceType>
        <con:sourceStep>Given properties for the test steps</con:sourceStep>
        <con:targetType>req_relatedUserRoleId</con:targetType>
        <con:targetStep>Update user info without external id fail</con:targetStep>
        <con:upgraded>true</con:upgraded>
      </con:transfers>
      <con:transfers setNullOnMissingSource="true" transferTextContent="true" failOnError="true" ignoreEmpty="false" transferToAll="false" entitize="false" transferChildNodes="false">
        <con:name>createdForSalesOrg</con:name>
        <con:sourceType>createdForSalesOrganizationRoleId</con:sourceType>
        <con:sourceStep>#TestCase#</con:sourceStep>
        <con:targetType>req_createdForSalesOrg</con:targetType>
        <con:targetStep>Update user info without external id fail</con:targetStep>
        <con:upgraded>true</con:upgraded>
      </con:transfers>
      <con:transfers setNullOnMissingSource="true" transferTextContent="true" failOnError="true" ignoreEmpty="false" transferToAll="false" entitize="false" transferChildNodes="false">
        <con:name>userToken</con:name>
        <con:sourceType>userIntToken</con:sourceType>
        <con:sourceStep>Create sales organization, user, inventory and terminal</con:sourceStep>
        <con:targetType>AuthorizationIntUser</con:targetType>
        <con:targetStep>#Project#</con:targetStep>
        <con:upgraded>true</con:upgraded>
      </con:transfers>
      <con:transfers setNullOnMissingSource="true" transferTextContent="true" failOnError="true" ignoreEmpty="false" transferToAll="false" entitize="false" transferChildNodes="false">
        <con:name>userSo</con:name>
        <con:sourceType>res_salesOrgId</con:sourceType>
        <con:sourceStep>Create sales organization, user, inventory and terminal</con:sourceStep>
        <con:targetType>UserSo</con:targetType>
        <con:targetStep>#Project#</con:targetStep>
        <con:upgraded>true</con:upgraded>
      </con:transfers>
    </con:config>
  </con:testStep>
  <con:testStep type="calltestcase" name="Update user info without external id fail" id="67f0a250-2561-45b0-8a45-df1319525d02" disabled="true">
    <con:settings/>
    <con:config xsi:type="con:RunTestCaseStep" xmlns:xsi="http://www.w3.org/2001/XMLSchema-instance">
      <con:targetTestCase>b2ae52c7-4b3d-4e3b-b329-0d4d904b6d90</con:targetTestCase>
      <con:properties>
        <con:property>
          <con:name>req_biSpecCode</con:name>
          <con:value>BISPECCODE</con:value>
        </con:property>
        <con:property>
          <con:name>req_newFirstName</con:name>
          <con:value>Abuzer</con:value>
        </con:property>
        <con:property>
          <con:name>req_newLastName</con:name>
          <con:value>Kadayif</con:value>
        </con:property>
        <con:property>
          <con:name>req_relatedUserRoleId</con:name>
          <con:value>23</con:value>
        </con:property>
        <con:property>
          <con:name>req_createdForSalesOrg</con:name>
          <con:value>1</con:value>
        </con:property>
        <con:property>
          <con:name>res_biId</con:name>
          <con:value>421</con:value>
        </con:property>
        <con:property>
          <con:name>res_code</con:name>
          <con:value>201</con:value>
        </con:property>
        <con:property>
          <con:name>res_errorMessage</con:name>
          <con:value xsi:nil="true"/>
        </con:property>
        <con:property>
          <con:name>req_createdByUserRoleId</con:name>
        </con:property>
        <con:property>
          <con:name>req_createdBySalesOrganizationId</con:name>
        </con:property>
      </con:properties>
      <con:returnProperties>
        <con:entry>res_biId</con:entry>
        <con:entry>res_code</con:entry>
        <con:entry>res_errorMessage</con:entry>
      </con:returnProperties>
      <con:runMode>PARALLELL</con:runMode>
    </con:config>
  </con:testStep>
  <con:testStep type="assertionteststep" name="Assertion update user info without external id fail" id="3d5a8f12-352f-4e60-b02e-31a43714de08" disabled="true">
    <con:settings/>
    <con:config xsi:type="con:AssertionTestStep" xmlns:xsi="http://www.w3.org/2001/XMLSchema-instance">
      <con:entry>
        <con:id>185f0d79-fa77-4a69-bc22-54b72b63281b</con:id>
        <con:isGroup>false</con:isGroup>
        <con:sourceId>67f0a250-2561-45b0-8a45-df1319525d02</con:sourceId>
        <con:propertyName>res_code</con:propertyName>
        <con:assertion type="Simple Equals" name="Equals" id="e3a350bd-52c2-4b64-a251-76426adadfc3">
          <con:configuration>
            <patternObjectId>ed47999d-52cc-4556-b643-5a1394572e39</patternObjectId>
            <patternProperty>httpCode201</patternProperty>
            <caseSensitive>true</caseSensitive>
          </con:configuration>
        </con:assertion>
      </con:entry>
      <con:entry>
        <con:id>c611eb5a-eda4-467b-b34d-bf672735023f</con:id>
        <con:isGroup>false</con:isGroup>
        <con:sourceId>67f0a250-2561-45b0-8a45-df1319525d02</con:sourceId>
        <con:propertyName>res_biId</con:propertyName>
        <con:assertion type="Simple Contains" name="Contains" id="35153741-015b-4813-a1d2-f055d8a5b9ce">
          <con:configuration>
            <token>\d+</token>
            <ignoreCase>false</ignoreCase>
            <useRegEx>true</useRegEx>
          </con:configuration>
        </con:assertion>
      </con:entry>
    </con:config>
  </con:testStep>
  <con:testStep type="transfer" name="Set submit update user info without external id fail" id="1d5c0b20-3075-4f1a-bc76-fd83e5d56418" disabled="true">
    <con:settings/>
    <con:config xsi:type="con:PropertyTransfersStep" xmlns:xsi="http://www.w3.org/2001/XMLSchema-instance">
      <con:transfers setNullOnMissingSource="true" transferTextContent="true" failOnError="true" ignoreEmpty="false" transferToAll="false" entitize="false" transferChildNodes="false">
        <con:name>biId</con:name>
        <con:sourceType>res_biId</con:sourceType>
        <con:sourceStep>Update user info without external id fail</con:sourceStep>
        <con:sourcePath/>
        <con:targetType>req_biId</con:targetType>
        <con:targetStep>Submit update user info without external id fail</con:targetStep>
        <con:targetPath/>
        <con:upgraded>true</con:upgraded>
      </con:transfers>
    </con:config>
  </con:testStep>
  <con:testStep type="calltestcase" name="Submit update user info without external id fail" id="d1788141-9f98-46f7-9b6b-c8cc75d6c237" disabled="true">
    <con:settings/>
    <con:config xsi:type="con:RunTestCaseStep" xmlns:xsi="http://www.w3.org/2001/XMLSchema-instance">
      <con:targetTestCase>a05b1999-4d06-4cf0-a357-73b0c1a2544f</con:targetTestCase>
      <con:properties>
        <con:property>
          <con:name>req_biId</con:name>
          <con:value>421</con:value>
        </con:property>
        <con:property>
          <con:name>res_code</con:name>
          <con:value>400</con:value>
        </con:property>
        <con:property>
          <con:name>res_errorMessage</con:name>
          <con:value>EXTERNAL_ID_MANDATORY</con:value>
        </con:property>
      </con:properties>
      <con:returnProperties>
        <con:entry>res_code</con:entry>
        <con:entry>res_errorMessage</con:entry>
      </con:returnProperties>
      <con:runMode>PARALLELL</con:runMode>
    </con:config>
  </con:testStep>
  <con:testStep type="assertionteststep" name="Assertion submit update user info without external id fail" id="2cf79c39-b682-4ae6-9b74-8c0c82b3a42f" disabled="true">
    <con:settings/>
    <con:config xsi:type="con:AssertionTestStep" xmlns:xsi="http://www.w3.org/2001/XMLSchema-instance">
      <con:entry>
        <con:id>aa6b2ec7-2cc1-4823-be14-8019d4f99916</con:id>
        <con:isGroup>false</con:isGroup>
        <con:sourceId>d1788141-9f98-46f7-9b6b-c8cc75d6c237</con:sourceId>
        <con:propertyName>res_code</con:propertyName>
        <con:assertion type="Simple Equals" name="Equals" id="f8ee79e7-dc9c-4fe2-adce-4e038b755fee">
          <con:configuration>
            <patternObjectId>ed47999d-52cc-4556-b643-5a1394572e39</patternObjectId>
            <patternProperty>httpCode400</patternProperty>
            <caseSensitive>true</caseSensitive>
          </con:configuration>
        </con:assertion>
      </con:entry>
      <con:entry>
        <con:id>ff18ebad-b930-40b1-8bbc-da259a72a560</con:id>
        <con:isGroup>false</con:isGroup>
        <con:sourceId>d1788141-9f98-46f7-9b6b-c8cc75d6c237</con:sourceId>
        <con:propertyName>res_errorMessage</con:propertyName>
        <con:assertion type="Simple Equals" name="Equals 2" id="d9ce02f4-55ee-4d95-8ced-701fe51c810f">
          <con:configuration>
            <patternObjectId>ed47999d-52cc-4556-b643-5a1394572e39</patternObjectId>
            <patternProperty>errorMessageExternalIdMandatory</patternProperty>
            <caseSensitive>true</caseSensitive>
          </con:configuration>
        </con:assertion>
      </con:entry>
    </con:config>
  </con:testStep>
  <con:testStep type="transfer" name="Set update user info with empty externalId" id="9ea89428-423e-457c-8572-067e40c37236" disabled="true">
    <con:settings/>
    <con:config xsi:type="con:PropertyTransfersStep" xmlns:xsi="http://www.w3.org/2001/XMLSchema-instance">
      <con:transfers setNullOnMissingSource="true" transferTextContent="true" failOnError="true" ignoreEmpty="false" transferToAll="false" entitize="false" transferChildNodes="false">
        <con:name>biSpecCode</con:name>
        <con:sourceType>updateUserBISpecCode</con:sourceType>
        <con:sourceStep>Given properties for the test steps</con:sourceStep>
        <con:sourcePath/>
        <con:targetType>req_biSpecCode</con:targetType>
        <con:targetStep>Update user info with empty externalId</con:targetStep>
        <con:targetPath/>
        <con:upgraded>true</con:upgraded>
      </con:transfers>
      <con:transfers setNullOnMissingSource="true" transferTextContent="true" failOnError="true" ignoreEmpty="false" transferToAll="false" entitize="false" transferChildNodes="false">
        <con:name>createdForSalesOrg</con:name>
        <con:sourceType>createdForSalesOrganizationRoleId</con:sourceType>
        <con:sourceStep>#TestCase#</con:sourceStep>
        <con:targetType>req_createdForSalesOrg</con:targetType>
        <con:targetStep>Update user info with empty externalId</con:targetStep>
        <con:upgraded>true</con:upgraded>
      </con:transfers>
      <con:transfers setNullOnMissingSource="true" transferTextContent="true" failOnError="true" ignoreEmpty="false" transferToAll="false" entitize="false" transferChildNodes="false">
        <con:name>newFirstName</con:name>
        <con:sourceType>newFirstName</con:sourceType>
        <con:sourceStep>Given properties for the test steps</con:sourceStep>
        <con:targetType>req_newFirstName</con:targetType>
        <con:targetStep>Update user info with empty externalId</con:targetStep>
        <con:upgraded>true</con:upgraded>
      </con:transfers>
      <con:transfers setNullOnMissingSource="true" transferTextContent="true" failOnError="true" ignoreEmpty="false" transferToAll="false" entitize="false" transferChildNodes="false">
        <con:name>relatedUserId</con:name>
        <con:sourceType>relatedUserId</con:sourceType>
        <con:sourceStep>Given properties for the test steps</con:sourceStep>
        <con:targetType>req_relatedUserRoleId</con:targetType>
        <con:targetStep>Update user info with empty externalId</con:targetStep>
        <con:upgraded>true</con:upgraded>
      </con:transfers>
    </con:config>
  </con:testStep>
  <con:testStep type="calltestcase" name="Update user info with empty externalId" id="f340db9f-6a78-4b0a-a071-4b8d91353faf" disabled="true">
    <con:settings/>
    <con:config xsi:type="con:RunTestCaseStep" xmlns:xsi="http://www.w3.org/2001/XMLSchema-instance">
      <con:targetTestCase>b062419a-9aac-4b3b-bd4b-fea9c0dffb6d</con:targetTestCase>
      <con:properties>
        <con:property>
          <con:name>req_biSpecCode</con:name>
          <con:value>BISPECCODE</con:value>
        </con:property>
        <con:property>
          <con:name>req_newExternalId</con:name>
          <con:value xsi:nil="true"/>
        </con:property>
        <con:property>
          <con:name>req_newFirstName</con:name>
          <con:value>Abuzer</con:value>
        </con:property>
        <con:property>
          <con:name>req_newLastName</con:name>
          <con:value xsi:nil="true"/>
        </con:property>
        <con:property>
          <con:name>req_relatedUserRoleId</con:name>
          <con:value>23</con:value>
        </con:property>
        <con:property>
          <con:name>req_createdForSalesOrg</con:name>
          <con:value>1</con:value>
        </con:property>
        <con:property>
          <con:name>res_biId</con:name>
          <con:value>431</con:value>
        </con:property>
        <con:property>
          <con:name>res_errorMessage</con:name>
          <con:value xsi:nil="true"/>
        </con:property>
        <con:property>
          <con:name>res_code</con:name>
          <con:value>201</con:value>
        </con:property>
        <con:property>
          <con:name>req_createdByUserRoleId</con:name>
        </con:property>
        <con:property>
          <con:name>req_createdBySalesOrganizationId</con:name>
        </con:property>
      </con:properties>
      <con:returnProperties>
        <con:entry>res_biId</con:entry>
        <con:entry>res_code</con:entry>
        <con:entry>res_errorMessage</con:entry>
      </con:returnProperties>
      <con:runMode>PARALLELL</con:runMode>
    </con:config>
  </con:testStep>
  <con:testStep type="assertionteststep" name="Assertion update user info with empty externalId" id="ba895272-f770-4f4a-9195-6cc3a5346628" disabled="true">
    <con:settings/>
    <con:config xsi:type="con:AssertionTestStep" xmlns:xsi="http://www.w3.org/2001/XMLSchema-instance">
      <con:entry>
        <con:id>815ba138-aac2-4591-806b-28adcdd26d95</con:id>
        <con:isGroup>false</con:isGroup>
        <con:sourceId>f340db9f-6a78-4b0a-a071-4b8d91353faf</con:sourceId>
        <con:propertyName>res_code</con:propertyName>
        <con:assertion type="Simple Equals" name="Equals" id="980584d4-f9d6-4ce9-8d4b-9f031dcc430f">
          <con:configuration>
            <patternObjectId>ed47999d-52cc-4556-b643-5a1394572e39</patternObjectId>
            <patternProperty>httpCode201</patternProperty>
            <caseSensitive>true</caseSensitive>
          </con:configuration>
        </con:assertion>
      </con:entry>
    </con:config>
  </con:testStep>
  <con:testStep type="transfer" name="Set submit update user info with empty externalId" id="ef945f99-471e-45d4-b502-9c148231f20b" disabled="true">
    <con:settings/>
    <con:config xsi:type="con:PropertyTransfersStep" xmlns:xsi="http://www.w3.org/2001/XMLSchema-instance">
      <con:transfers setNullOnMissingSource="true" transferTextContent="true" failOnError="true" ignoreEmpty="false" transferToAll="false" entitize="false" transferChildNodes="false">
        <con:name>biıd</con:name>
        <con:sourceType>res_biId</con:sourceType>
        <con:sourceStep>Update user info with empty externalId</con:sourceStep>
        <con:sourcePath/>
        <con:targetType>req_biId</con:targetType>
        <con:targetStep>Submit update user info with empty externalId</con:targetStep>
        <con:targetPath/>
        <con:upgraded>true</con:upgraded>
      </con:transfers>
    </con:config>
  </con:testStep>
  <con:testStep type="calltestcase" name="Submit update user info with empty externalId" id="ad83dbc4-160a-4e18-b8cd-8b0a87a73251" disabled="true">
    <con:settings/>
    <con:config xsi:type="con:RunTestCaseStep" xmlns:xsi="http://www.w3.org/2001/XMLSchema-instance">
      <con:targetTestCase>a05b1999-4d06-4cf0-a357-73b0c1a2544f</con:targetTestCase>
      <con:properties>
        <con:property>
          <con:name>req_biId</con:name>
          <con:value>431</con:value>
        </con:property>
        <con:property>
          <con:name>res_code</con:name>
          <con:value>400</con:value>
        </con:property>
        <con:property>
          <con:name>res_errorMessage</con:name>
          <con:value>EXTERNAL_ID_MANDATORY</con:value>
        </con:property>
      </con:properties>
      <con:returnProperties>
        <con:entry>res_code</con:entry>
        <con:entry>res_errorMessage</con:entry>
      </con:returnProperties>
      <con:runMode>PARALLELL</con:runMode>
    </con:config>
  </con:testStep>
  <con:testStep type="assertionteststep" name="Assertion submit update user info with empty externalId" id="9814dcb2-9fcf-458a-b464-9bc1b182373d" disabled="true">
    <con:settings/>
    <con:config xsi:type="con:AssertionTestStep" xmlns:xsi="http://www.w3.org/2001/XMLSchema-instance">
      <con:entry>
        <con:id>08d9632e-0f8d-40d7-8db2-cd4bd2c8aede</con:id>
        <con:isGroup>false</con:isGroup>
        <con:sourceId>ad83dbc4-160a-4e18-b8cd-8b0a87a73251</con:sourceId>
        <con:propertyName>res_code</con:propertyName>
        <con:assertion type="Simple Equals" name="Equals" id="fdc4a5be-bd35-4dd2-ae1e-74726b4e0c28">
          <con:configuration>
            <patternObjectId>ed47999d-52cc-4556-b643-5a1394572e39</patternObjectId>
            <patternProperty>httpCode400</patternProperty>
            <caseSensitive>true</caseSensitive>
          </con:configuration>
        </con:assertion>
      </con:entry>
      <con:entry>
        <con:id>26dfbbae-4f72-4219-a03d-2eb66a68e1ef</con:id>
        <con:isGroup>false</con:isGroup>
        <con:sourceId>ad83dbc4-160a-4e18-b8cd-8b0a87a73251</con:sourceId>
        <con:propertyName>res_errorMessage</con:propertyName>
        <con:assertion type="Simple Equals" name="Equals 2" id="d9a64af7-313a-4954-a8e5-9700522bdeda">
          <con:configuration>
            <patternObjectId>ed47999d-52cc-4556-b643-5a1394572e39</patternObjectId>
            <patternProperty>errorMessageExternalIdMandatory</patternProperty>
            <caseSensitive>true</caseSensitive>
          </con:configuration>
        </con:assertion>
      </con:entry>
    </con:config>
  </con:testStep>
  <con:testStep type="transfer" name="Set update user info without first and last name fail" id="35c14bb7-3143-467b-86b5-e95a54ff5737" disabled="true">
    <con:settings/>
    <con:config xsi:type="con:PropertyTransfersStep" xmlns:xsi="http://www.w3.org/2001/XMLSchema-instance">
      <con:transfers setNullOnMissingSource="true" transferTextContent="true" failOnError="true" ignoreEmpty="false" transferToAll="false" entitize="false" transferChildNodes="false">
        <con:name>biSpecCode</con:name>
        <con:sourceType>updateUserBISpecCode</con:sourceType>
        <con:sourceStep>Given properties for the test steps</con:sourceStep>
        <con:sourcePath/>
        <con:targetType>req_biSpecCode</con:targetType>
        <con:targetStep>Update user info without first and last name fail</con:targetStep>
        <con:targetPath/>
        <con:upgraded>true</con:upgraded>
      </con:transfers>
      <con:transfers setNullOnMissingSource="true" transferTextContent="true" failOnError="true" ignoreEmpty="false" transferToAll="false" entitize="false" transferChildNodes="false">
        <con:name>externalId</con:name>
        <con:sourceType>newExternalId</con:sourceType>
        <con:sourceStep>Given properties for the test steps</con:sourceStep>
        <con:targetType>req_newExternalId</con:targetType>
        <con:targetStep>Update user info without first and last name fail</con:targetStep>
        <con:upgraded>true</con:upgraded>
      </con:transfers>
      <con:transfers setNullOnMissingSource="true" transferTextContent="true" failOnError="true" ignoreEmpty="false" transferToAll="false" entitize="false" transferChildNodes="false">
        <con:name>relatedUserId</con:name>
        <con:sourceType>relatedUserId</con:sourceType>
        <con:sourceStep>Given properties for the test steps</con:sourceStep>
        <con:targetType>req_relatedUserRoleId</con:targetType>
        <con:targetStep>Update user info without first and last name fail</con:targetStep>
        <con:upgraded>true</con:upgraded>
      </con:transfers>
      <con:transfers setNullOnMissingSource="true" transferTextContent="true" failOnError="true" ignoreEmpty="false" transferToAll="false" entitize="false" transferChildNodes="false">
        <con:name>createdForSalesOrg</con:name>
        <con:sourceType>createdForSalesOrganizationRoleId</con:sourceType>
        <con:sourceStep>#TestCase#</con:sourceStep>
        <con:targetType>req_createdForSalesOrg</con:targetType>
        <con:targetStep>Update user info without first and last name fail</con:targetStep>
        <con:upgraded>true</con:upgraded>
      </con:transfers>
    </con:config>
  </con:testStep>
  <con:testStep type="calltestcase" name="Update user info without first and last name fail" id="048e75d9-ef66-4def-a668-0d9cddf84e15" disabled="true">
    <con:settings/>
    <con:config xsi:type="con:RunTestCaseStep" xmlns:xsi="http://www.w3.org/2001/XMLSchema-instance">
      <con:targetTestCase>96868ea1-191d-45ae-b205-615ad25105a0</con:targetTestCase>
      <con:properties>
        <con:property>
          <con:name>req_biSpecCode</con:name>
          <con:value>BISPECCODE</con:value>
        </con:property>
        <con:property>
          <con:name>req_newExternalId</con:name>
          <con:value>newExternalId-${=java.util.UUID.randomUUID()}</con:value>
        </con:property>
        <con:property>
          <con:name>req_relatedUserRoleId</con:name>
          <con:value>23</con:value>
        </con:property>
        <con:property>
          <con:name>res_biId</con:name>
          <con:value>441</con:value>
        </con:property>
        <con:property>
          <con:name>req_createdForSalesOrg</con:name>
          <con:value>1</con:value>
        </con:property>
        <con:property>
          <con:name>res_code</con:name>
          <con:value>201</con:value>
        </con:property>
        <con:property>
          <con:name>res_errorMessage</con:name>
          <con:value xsi:nil="true"/>
        </con:property>
        <con:property>
          <con:name>req_newLastName</con:name>
          <con:value>Baggio</con:value>
        </con:property>
        <con:property>
          <con:name>req_createdByUserRoleId</con:name>
        </con:property>
        <con:property>
          <con:name>req_createdBySalesOrganizationId</con:name>
        </con:property>
      </con:properties>
      <con:returnProperties>
        <con:entry>res_biId</con:entry>
        <con:entry>res_code</con:entry>
        <con:entry>res_errorMessage</con:entry>
      </con:returnProperties>
      <con:runMode>PARALLELL</con:runMode>
    </con:config>
  </con:testStep>
  <con:testStep type="assertionteststep" name="Assertion update user info without first and last name fail" id="d25dc959-bd27-49ad-8c95-fca44f66ac49" disabled="true">
    <con:settings/>
    <con:config xsi:type="con:AssertionTestStep" xmlns:xsi="http://www.w3.org/2001/XMLSchema-instance">
      <con:entry>
        <con:id>57fc8ab6-dac8-4417-96fc-4e755f38b957</con:id>
        <con:isGroup>false</con:isGroup>
        <con:sourceId>048e75d9-ef66-4def-a668-0d9cddf84e15</con:sourceId>
        <con:propertyName>res_code</con:propertyName>
        <con:assertion type="Simple Equals" name="Equals" id="69a27881-668c-43c9-8ae1-79fa03fd6e9e">
          <con:configuration>
            <patternObjectId>ed47999d-52cc-4556-b643-5a1394572e39</patternObjectId>
            <patternProperty>httpCode201</patternProperty>
            <caseSensitive>true</caseSensitive>
          </con:configuration>
        </con:assertion>
      </con:entry>
      <con:entry>
        <con:id>944c82f1-ffb2-4409-a34b-262b63e07e94</con:id>
        <con:isGroup>false</con:isGroup>
        <con:sourceId>048e75d9-ef66-4def-a668-0d9cddf84e15</con:sourceId>
        <con:propertyName>res_biId</con:propertyName>
        <con:assertion type="Simple Contains" name="Contains" id="e7d4e810-52e1-4876-b7f9-64548cf6f1bc">
          <con:configuration>
            <token>\d+</token>
            <ignoreCase>false</ignoreCase>
            <useRegEx>true</useRegEx>
          </con:configuration>
        </con:assertion>
      </con:entry>
    </con:config>
  </con:testStep>
  <con:testStep type="transfer" name="Set submit update user info without first and last name fail" id="c95d1500-652a-4368-bfc0-25183d70e43f" disabled="true">
    <con:settings/>
    <con:config xsi:type="con:PropertyTransfersStep" xmlns:xsi="http://www.w3.org/2001/XMLSchema-instance">
      <con:transfers setNullOnMissingSource="true" transferTextContent="true" failOnError="true" ignoreEmpty="false" transferToAll="false" entitize="false" transferChildNodes="false">
        <con:name>biId</con:name>
        <con:sourceType>res_biId</con:sourceType>
        <con:sourceStep>Update user info without first and last name fail</con:sourceStep>
        <con:sourcePath/>
        <con:targetType>req_biId</con:targetType>
        <con:targetStep>Submit update user info without first and last name fail</con:targetStep>
        <con:targetPath/>
        <con:upgraded>true</con:upgraded>
      </con:transfers>
    </con:config>
  </con:testStep>
  <con:testStep type="calltestcase" name="Submit update user info without first and last name fail" id="862605ed-e49f-46d4-86e0-5e4748753650" disabled="true">
    <con:settings/>
    <con:config xsi:type="con:RunTestCaseStep" xmlns:xsi="http://www.w3.org/2001/XMLSchema-instance">
      <con:targetTestCase>a05b1999-4d06-4cf0-a357-73b0c1a2544f</con:targetTestCase>
      <con:properties>
        <con:property>
          <con:name>req_biId</con:name>
          <con:value>441</con:value>
        </con:property>
        <con:property>
          <con:name>res_code</con:name>
          <con:value>400</con:value>
        </con:property>
        <con:property>
          <con:name>res_errorMessage</con:name>
          <con:value>FIRST_NAME_OR_LAST_NAME_CAN_NOT_BE_NULL_OR_EMPTY</con:value>
        </con:property>
      </con:properties>
      <con:returnProperties>
        <con:entry>res_code</con:entry>
        <con:entry>res_errorMessage</con:entry>
      </con:returnProperties>
      <con:runMode>PARALLELL</con:runMode>
    </con:config>
  </con:testStep>
  <con:testStep type="assertionteststep" name="Assertion submit update user info without first and last name fail" id="3b6dbb77-1209-4740-858e-1b96ecb21a01" disabled="true">
    <con:settings/>
    <con:config xsi:type="con:AssertionTestStep" xmlns:xsi="http://www.w3.org/2001/XMLSchema-instance">
      <con:entry>
        <con:id>803b8b8c-dac1-4276-916a-8462b0b109f4</con:id>
        <con:isGroup>false</con:isGroup>
        <con:sourceId>862605ed-e49f-46d4-86e0-5e4748753650</con:sourceId>
        <con:propertyName>res_code</con:propertyName>
        <con:assertion type="Simple Equals" name="Equals" id="2f287454-13ee-481f-9712-d82ee6f44927">
          <con:configuration>
            <patternObjectId>ed47999d-52cc-4556-b643-5a1394572e39</patternObjectId>
            <patternProperty>httpCode400</patternProperty>
            <caseSensitive>true</caseSensitive>
          </con:configuration>
        </con:assertion>
      </con:entry>
      <con:entry>
        <con:id>c9c428eb-6740-46e4-b31b-b90ee6fe2fe4</con:id>
        <con:isGroup>false</con:isGroup>
        <con:sourceId>862605ed-e49f-46d4-86e0-5e4748753650</con:sourceId>
        <con:propertyName>res_errorMessage</con:propertyName>
        <con:assertion type="Simple Equals" name="Equals 2" id="b476d023-9b03-4f54-99c2-2d63d5c19557">
          <con:configuration>
            <patternObjectId>ed47999d-52cc-4556-b643-5a1394572e39</patternObjectId>
            <patternProperty>errorMessageFirstAndLastNameMandatory</patternProperty>
            <caseSensitive>true</caseSensitive>
          </con:configuration>
        </con:assertion>
      </con:entry>
    </con:config>
  </con:testStep>
  <con:testStep type="transfer" name="Set update user info with all parameters" id="8adb20f4-7979-4fc1-beab-d010fd83cebd" disabled="true">
    <con:settings/>
    <con:config xsi:type="con:PropertyTransfersStep" xmlns:xsi="http://www.w3.org/2001/XMLSchema-instance">
      <con:transfers setNullOnMissingSource="true" transferTextContent="true" failOnError="true" ignoreEmpty="false" transferToAll="false" entitize="false" transferChildNodes="false">
        <con:name>biSpecCode</con:name>
        <con:sourceType>updateUserBISpecCode</con:sourceType>
        <con:sourceStep>Given properties for the test steps</con:sourceStep>
        <con:sourcePath/>
        <con:targetType>req_biSpecCode</con:targetType>
        <con:targetStep>Update user info with all parameters</con:targetStep>
        <con:targetPath/>
        <con:upgraded>true</con:upgraded>
      </con:transfers>
      <con:transfers setNullOnMissingSource="true" transferTextContent="true" failOnError="true" ignoreEmpty="false" transferToAll="false" entitize="false" transferChildNodes="false">
        <con:name>newFirstName</con:name>
        <con:sourceType>newFirstName</con:sourceType>
        <con:sourceStep>Given properties for the test steps</con:sourceStep>
        <con:targetType>req_newFirstName</con:targetType>
        <con:targetStep>Update user info with all parameters</con:targetStep>
        <con:upgraded>true</con:upgraded>
      </con:transfers>
      <con:transfers setNullOnMissingSource="true" transferTextContent="true" failOnError="true" ignoreEmpty="false" transferToAll="false" entitize="false" transferChildNodes="false">
        <con:name>newLastName</con:name>
        <con:sourceType>newLastName</con:sourceType>
        <con:sourceStep>Given properties for the test steps</con:sourceStep>
        <con:targetType>req_newLastName</con:targetType>
        <con:targetStep>Update user info with all parameters</con:targetStep>
        <con:upgraded>true</con:upgraded>
      </con:transfers>
      <con:transfers setNullOnMissingSource="true" transferTextContent="true" failOnError="true" ignoreEmpty="false" transferToAll="false" entitize="false" transferChildNodes="false">
        <con:name>newForceToUseSession</con:name>
        <con:sourceType>newForceToUseSession</con:sourceType>
        <con:sourceStep>Given properties for the test steps</con:sourceStep>
        <con:targetType>req_newForceToUseSession</con:targetType>
        <con:targetStep>Update user info with all parameters</con:targetStep>
        <con:upgraded>true</con:upgraded>
      </con:transfers>
      <con:transfers setNullOnMissingSource="true" transferTextContent="true" failOnError="true" ignoreEmpty="false" transferToAll="false" entitize="false" transferChildNodes="false">
        <con:name>newGender</con:name>
        <con:sourceType>newGender</con:sourceType>
        <con:sourceStep>Given properties for the test steps</con:sourceStep>
        <con:targetType>req_newGender</con:targetType>
        <con:targetStep>Update user info with all parameters</con:targetStep>
        <con:upgraded>true</con:upgraded>
      </con:transfers>
      <con:transfers setNullOnMissingSource="true" transferTextContent="true" failOnError="true" ignoreEmpty="false" transferToAll="false" entitize="false" transferChildNodes="false">
        <con:name>newMailAddress</con:name>
        <con:sourceType>newEmailAddress</con:sourceType>
        <con:sourceStep>Given properties for the test steps</con:sourceStep>
        <con:targetType>req_newMailAddress</con:targetType>
        <con:targetStep>Update user info with all parameters</con:targetStep>
        <con:upgraded>true</con:upgraded>
      </con:transfers>
      <con:transfers setNullOnMissingSource="true" transferTextContent="true" failOnError="true" ignoreEmpty="false" transferToAll="false" entitize="false" transferChildNodes="false">
        <con:name>newMiddleName</con:name>
        <con:sourceType>newMiddleName</con:sourceType>
        <con:sourceStep>Given properties for the test steps</con:sourceStep>
        <con:targetType>req_newMiddleName</con:targetType>
        <con:targetStep>Update user info with all parameters</con:targetStep>
        <con:upgraded>true</con:upgraded>
      </con:transfers>
      <con:transfers setNullOnMissingSource="true" transferTextContent="true" failOnError="true" ignoreEmpty="false" transferToAll="false" entitize="false" transferChildNodes="false">
        <con:name>newExternalId</con:name>
        <con:sourceType>newExternalId</con:sourceType>
        <con:sourceStep>Given properties for the test steps</con:sourceStep>
        <con:targetType>req_newExternalId</con:targetType>
        <con:targetStep>Update user info with all parameters</con:targetStep>
        <con:upgraded>true</con:upgraded>
      </con:transfers>
      <con:transfers setNullOnMissingSource="true" transferTextContent="true" failOnError="true" ignoreEmpty="false" transferToAll="false" entitize="false" transferChildNodes="false">
        <con:name>relatedUserId</con:name>
        <con:sourceType>relatedUserId</con:sourceType>
        <con:sourceStep>Given properties for the test steps</con:sourceStep>
        <con:targetType>req_relatedUserRoleId</con:targetType>
        <con:targetStep>Update user info with all parameters</con:targetStep>
        <con:upgraded>true</con:upgraded>
      </con:transfers>
      <con:transfers setNullOnMissingSource="true" transferTextContent="true" failOnError="true" ignoreEmpty="false" transferToAll="false" entitize="false" transferChildNodes="false">
        <con:name>createdForSalesOrg</con:name>
        <con:sourceType>createdForSalesOrganizationRoleId</con:sourceType>
        <con:sourceStep>#TestCase#</con:sourceStep>
        <con:targetType>req_createdForSalesOrg</con:targetType>
        <con:targetStep>Update user info with all parameters</con:targetStep>
        <con:upgraded>true</con:upgraded>
      </con:transfers>
    </con:config>
  </con:testStep>
  <con:testStep type="calltestcase" name="Update user info with all parameters" id="0c73e218-0ad3-4cd7-b1c0-bd26234048d2" disabled="true">
    <con:settings/>
    <con:config xsi:type="con:RunTestCaseStep" xmlns:xsi="http://www.w3.org/2001/XMLSchema-instance">
      <con:targetTestCase>66b44697-b900-4946-abb6-b9d7ad140d5e</con:targetTestCase>
      <con:properties>
        <con:property>
          <con:name>req_biSpecCode</con:name>
          <con:value>BISPECCODE</con:value>
        </con:property>
        <con:property>
          <con:name>req_newFirstName</con:name>
          <con:value>Abuzer</con:value>
        </con:property>
        <con:property>
          <con:name>req_newForceToUseSession</con:name>
          <con:value>true</con:value>
        </con:property>
        <con:property>
          <con:name>req_newGender</con:name>
          <con:value>female</con:value>
        </con:property>
        <con:property>
          <con:name>req_newLastName</con:name>
          <con:value>Kadayif</con:value>
        </con:property>
        <con:property>
          <con:name>req_newMailAddress</con:name>
          <con:value>abuzer.kadayif@mail.com</con:value>
        </con:property>
        <con:property>
          <con:name>req_newMiddleName</con:name>
          <con:value>Keskul</con:value>
        </con:property>
        <con:property>
          <con:name>req_newExternalId</con:name>
          <con:value>newExternalId-${=java.util.UUID.randomUUID()}</con:value>
        </con:property>
        <con:property>
          <con:name>req_relatedUserRoleId</con:name>
          <con:value>23</con:value>
        </con:property>
        <con:property>
          <con:name>req_createdForSalesOrg</con:name>
          <con:value>1</con:value>
        </con:property>
        <con:property>
          <con:name>res_biId</con:name>
          <con:value>451</con:value>
        </con:property>
        <con:property>
          <con:name>res_code</con:name>
          <con:value>201</con:value>
        </con:property>
        <con:property>
          <con:name>res_errorMessage</con:name>
          <con:value xsi:nil="true"/>
        </con:property>
        <con:property>
          <con:name>res_externalId</con:name>
          <con:value>newExternalId-7ba05237-6630-4a81-ba7e-cd67c3807bb6</con:value>
        </con:property>
        <con:property>
          <con:name>req_createdByUserRoleId</con:name>
        </con:property>
        <con:property>
          <con:name>req_createdBySalesOrganizationId</con:name>
        </con:property>
      </con:properties>
      <con:returnProperties>
        <con:entry>res_biId</con:entry>
        <con:entry>res_code</con:entry>
        <con:entry>res_errorMessage</con:entry>
        <con:entry>res_externalId</con:entry>
      </con:returnProperties>
      <con:runMode>PARALLELL</con:runMode>
    </con:config>
  </con:testStep>
  <con:testStep type="assertionteststep" name="Assertion update user info with all parameters" id="75651cf8-da58-40a6-9197-a2a0f2029baf" disabled="true">
    <con:settings/>
    <con:config xsi:type="con:AssertionTestStep" xmlns:xsi="http://www.w3.org/2001/XMLSchema-instance">
      <con:entry>
        <con:id>056eb7f4-4c54-4d87-a5e8-f92da36faa72</con:id>
        <con:isGroup>false</con:isGroup>
        <con:sourceId>0c73e218-0ad3-4cd7-b1c0-bd26234048d2</con:sourceId>
        <con:propertyName>res_code</con:propertyName>
        <con:assertion type="Simple Equals" name="Equals" id="a5c32a3e-3e86-446a-9169-a414dba5c745">
          <con:configuration>
            <patternObjectId>ed47999d-52cc-4556-b643-5a1394572e39</patternObjectId>
            <patternProperty>httpCode201</patternProperty>
            <caseSensitive>true</caseSensitive>
          </con:configuration>
        </con:assertion>
      </con:entry>
    </con:config>
  </con:testStep>
  <con:testStep type="transfer" name="Set submit update user info with all parameters" id="5bc1303a-ea4f-4b15-a24e-1afb618d4380" disabled="true">
    <con:settings/>
    <con:config xsi:type="con:PropertyTransfersStep" xmlns:xsi="http://www.w3.org/2001/XMLSchema-instance">
      <con:transfers setNullOnMissingSource="true" transferTextContent="true" failOnError="true" ignoreEmpty="false" transferToAll="false" entitize="false" transferChildNodes="false">
        <con:name>biId</con:name>
        <con:sourceType>res_biId</con:sourceType>
        <con:sourceStep>Update user info with all parameters</con:sourceStep>
        <con:sourcePath/>
        <con:targetType>req_biId</con:targetType>
        <con:targetStep>Submit update user info with all parameters</con:targetStep>
        <con:targetPath/>
        <con:upgraded>true</con:upgraded>
      </con:transfers>
    </con:config>
  </con:testStep>
  <con:testStep type="calltestcase" name="Submit update user info with all parameters" id="d551ff0f-2f06-457c-82a7-2db6921211d5" disabled="true">
    <con:settings/>
    <con:config xsi:type="con:RunTestCaseStep" xmlns:xsi="http://www.w3.org/2001/XMLSchema-instance">
      <con:targetTestCase>a05b1999-4d06-4cf0-a357-73b0c1a2544f</con:targetTestCase>
      <con:properties>
        <con:property>
          <con:name>req_biId</con:name>
          <con:value>451</con:value>
        </con:property>
        <con:property>
          <con:name>res_code</con:name>
          <con:value>200</con:value>
        </con:property>
        <con:property>
          <con:name>res_errorMessage</con:name>
          <con:value xsi:nil="true"/>
        </con:property>
      </con:properties>
      <con:returnProperties>
        <con:entry>res_code</con:entry>
        <con:entry>res_errorMessage</con:entry>
      </con:returnProperties>
      <con:runMode>PARALLELL</con:runMode>
    </con:config>
  </con:testStep>
  <con:testStep type="assertionteststep" name="Assertion submit update user info with all parameters" id="fc4431eb-36b3-4249-8a07-6f7a8be53b8f" disabled="true">
    <con:settings/>
    <con:config xsi:type="con:AssertionTestStep" xmlns:xsi="http://www.w3.org/2001/XMLSchema-instance">
      <con:entry>
        <con:id>12d2d67e-506b-415b-b698-96cfbfc34b40</con:id>
        <con:isGroup>false</con:isGroup>
        <con:sourceId>d551ff0f-2f06-457c-82a7-2db6921211d5</con:sourceId>
        <con:propertyName>res_code</con:propertyName>
        <con:assertion type="Simple Equals" name="Equals" id="78277f53-3d3c-4df1-9799-3d1d4c70853b">
          <con:configuration>
            <patternObjectId>ed47999d-52cc-4556-b643-5a1394572e39</patternObjectId>
            <patternProperty>httpCode200</patternProperty>
            <caseSensitive>true</caseSensitive>
          </con:configuration>
        </con:assertion>
      </con:entry>
    </con:config>
  </con:testStep>
  <con:testStep type="transfer" name="Set update user info with all parameters for 2nd id" id="c6df4c46-d6b5-45a8-82ea-c5aa57cdf793" disabled="true">
    <con:settings/>
    <con:config xsi:type="con:PropertyTransfersStep" xmlns:xsi="http://www.w3.org/2001/XMLSchema-instance">
      <con:transfers setNullOnMissingSource="true" transferTextContent="true" failOnError="true" ignoreEmpty="false" transferToAll="false" entitize="false" transferChildNodes="false">
        <con:name>biSpecCode</con:name>
        <con:sourceType>updateUserBISpecCode</con:sourceType>
        <con:sourceStep>Given properties for the test steps</con:sourceStep>
        <con:sourcePath/>
        <con:targetType>req_biSpecCode</con:targetType>
        <con:targetStep>Update user info with all parameters for 2nd id</con:targetStep>
        <con:targetPath/>
        <con:upgraded>true</con:upgraded>
      </con:transfers>
      <con:transfers setNullOnMissingSource="true" transferTextContent="true" failOnError="true" ignoreEmpty="false" transferToAll="false" entitize="false" transferChildNodes="false">
        <con:name>newFirstName</con:name>
        <con:sourceType>newFirstName</con:sourceType>
        <con:sourceStep>Given properties for the test steps</con:sourceStep>
        <con:targetType>req_newFirstName</con:targetType>
        <con:targetStep>Update user info with all parameters for 2nd id</con:targetStep>
        <con:upgraded>true</con:upgraded>
      </con:transfers>
      <con:transfers setNullOnMissingSource="true" transferTextContent="true" failOnError="true" ignoreEmpty="false" transferToAll="false" entitize="false" transferChildNodes="false">
        <con:name>newLastName</con:name>
        <con:sourceType>newLastName</con:sourceType>
        <con:sourceStep>Given properties for the test steps</con:sourceStep>
        <con:targetType>req_newLastName</con:targetType>
        <con:targetStep>Update user info with all parameters for 2nd id</con:targetStep>
        <con:upgraded>true</con:upgraded>
      </con:transfers>
      <con:transfers setNullOnMissingSource="true" transferTextContent="true" failOnError="true" ignoreEmpty="false" transferToAll="false" entitize="false" transferChildNodes="false">
        <con:name>newForceToUseSession</con:name>
        <con:sourceType>newForceToUseSession</con:sourceType>
        <con:sourceStep>Given properties for the test steps</con:sourceStep>
        <con:targetType>req_newForceToUseSession</con:targetType>
        <con:targetStep>Update user info with all parameters for 2nd id</con:targetStep>
        <con:upgraded>true</con:upgraded>
      </con:transfers>
      <con:transfers setNullOnMissingSource="true" transferTextContent="true" failOnError="true" ignoreEmpty="false" transferToAll="false" entitize="false" transferChildNodes="false">
        <con:name>newGender</con:name>
        <con:sourceType>newGender</con:sourceType>
        <con:sourceStep>Given properties for the test steps</con:sourceStep>
        <con:targetType>req_newGender</con:targetType>
        <con:targetStep>Update user info with all parameters for 2nd id</con:targetStep>
        <con:upgraded>true</con:upgraded>
      </con:transfers>
      <con:transfers setNullOnMissingSource="true" transferTextContent="true" failOnError="true" ignoreEmpty="false" transferToAll="false" entitize="false" transferChildNodes="false">
        <con:name>newMailAddress</con:name>
        <con:sourceType>newEmailAddress</con:sourceType>
        <con:sourceStep>Given properties for the test steps</con:sourceStep>
        <con:targetType>req_newMailAddress</con:targetType>
        <con:targetStep>Update user info with all parameters for 2nd id</con:targetStep>
        <con:upgraded>true</con:upgraded>
      </con:transfers>
      <con:transfers setNullOnMissingSource="true" transferTextContent="true" failOnError="true" ignoreEmpty="false" transferToAll="false" entitize="false" transferChildNodes="false">
        <con:name>newMiddleName</con:name>
        <con:sourceType>newMiddleName</con:sourceType>
        <con:sourceStep>Given properties for the test steps</con:sourceStep>
        <con:targetType>req_newMiddleName</con:targetType>
        <con:targetStep>Update user info with all parameters for 2nd id</con:targetStep>
        <con:upgraded>true</con:upgraded>
      </con:transfers>
      <con:transfers setNullOnMissingSource="true" transferTextContent="true" failOnError="true" ignoreEmpty="false" transferToAll="false" entitize="false" transferChildNodes="false">
        <con:name>newExternalId</con:name>
        <con:sourceType>userExternalId2nd</con:sourceType>
        <con:sourceStep>Given properties for the test steps</con:sourceStep>
        <con:targetType>req_newExternalId</con:targetType>
        <con:targetStep>Update user info with all parameters for 2nd id</con:targetStep>
        <con:upgraded>true</con:upgraded>
      </con:transfers>
      <con:transfers setNullOnMissingSource="true" transferTextContent="true" failOnError="true" ignoreEmpty="false" transferToAll="false" entitize="false" transferChildNodes="false">
        <con:name>relatedUserId</con:name>
        <con:sourceType>res_userRoleId</con:sourceType>
        <con:sourceStep>Display user by external id for 2nd id</con:sourceStep>
        <con:targetType>req_relatedUserRoleId</con:targetType>
        <con:targetStep>Update user info with all parameters for 2nd id</con:targetStep>
        <con:upgraded>true</con:upgraded>
      </con:transfers>
      <con:transfers setNullOnMissingSource="true" transferTextContent="true" failOnError="true" ignoreEmpty="false" transferToAll="false" entitize="false" transferChildNodes="false">
        <con:name>userIntToken</con:name>
        <con:sourceType xsi:nil="true"/>
        <con:sourceStep xsi:nil="true"/>
        <con:targetType>AuthorizationIntUser</con:targetType>
        <con:targetStep>#Project#</con:targetStep>
        <con:upgraded>true</con:upgraded>
      </con:transfers>
      <con:transfers setNullOnMissingSource="true" transferTextContent="true" failOnError="true" ignoreEmpty="false" transferToAll="false" entitize="false" transferChildNodes="false">
        <con:name>userSo</con:name>
        <con:sourceType xsi:nil="true"/>
        <con:sourceStep xsi:nil="true"/>
        <con:targetType>UserSo</con:targetType>
        <con:targetStep>#Project#</con:targetStep>
        <con:upgraded>true</con:upgraded>
      </con:transfers>
      <con:transfers setNullOnMissingSource="true" transferTextContent="true" failOnError="true" ignoreEmpty="false" transferToAll="false" entitize="false" transferChildNodes="false">
        <con:name>createdForSalesOrg</con:name>
        <con:sourceType>createdForSalesOrganizationRoleId</con:sourceType>
        <con:sourceStep>#TestCase#</con:sourceStep>
        <con:targetType>req_createdForSalesOrg</con:targetType>
        <con:targetStep>Update user info with all parameters for 2nd id</con:targetStep>
        <con:upgraded>true</con:upgraded>
      </con:transfers>
    </con:config>
  </con:testStep>
  <con:testStep type="calltestcase" name="Update user info with all parameters for 2nd id" id="8df066b2-d71e-444a-a5ff-46bbe6d5ac9f" disabled="true">
    <con:settings/>
    <con:config xsi:type="con:RunTestCaseStep" xmlns:xsi="http://www.w3.org/2001/XMLSchema-instance">
      <con:targetTestCase>66b44697-b900-4946-abb6-b9d7ad140d5e</con:targetTestCase>
      <con:properties>
        <con:property>
          <con:name>req_biSpecCode</con:name>
          <con:value>BISPECCODE</con:value>
        </con:property>
        <con:property>
          <con:name>req_newFirstName</con:name>
          <con:value>Abuzer</con:value>
        </con:property>
        <con:property>
          <con:name>req_newForceToUseSession</con:name>
          <con:value>true</con:value>
        </con:property>
        <con:property>
          <con:name>req_newGender</con:name>
          <con:value>female</con:value>
        </con:property>
        <con:property>
          <con:name>req_newLastName</con:name>
          <con:value>Kadayif</con:value>
        </con:property>
        <con:property>
          <con:name>req_newMailAddress</con:name>
          <con:value>abuzer.kadayif@mail.com</con:value>
        </con:property>
        <con:property>
          <con:name>req_newMiddleName</con:name>
          <con:value>Keskul</con:value>
        </con:property>
        <con:property>
          <con:name>req_newExternalId</con:name>
          <con:value>bilbobaggins${=java.util.UUID.randomUUID()}</con:value>
        </con:property>
        <con:property>
          <con:name>req_relatedUserRoleId</con:name>
          <con:value>24</con:value>
        </con:property>
        <con:property>
          <con:name>req_createdForSalesOrg</con:name>
          <con:value>1</con:value>
        </con:property>
        <con:property>
          <con:name>res_biId</con:name>
          <con:value>461</con:value>
        </con:property>
        <con:property>
          <con:name>res_code</con:name>
          <con:value>201</con:value>
        </con:property>
        <con:property>
          <con:name>res_errorMessage</con:name>
          <con:value xsi:nil="true"/>
        </con:property>
        <con:property>
          <con:name>res_externalId</con:name>
          <con:value>bilbobagginsaa4b5c0e-efd5-4e22-8edb-166a0f856e3c</con:value>
        </con:property>
        <con:property>
          <con:name>req_createdByUserRoleId</con:name>
        </con:property>
        <con:property>
          <con:name>req_createdBySalesOrganizationId</con:name>
        </con:property>
      </con:properties>
      <con:returnProperties>
        <con:entry>res_biId</con:entry>
        <con:entry>res_code</con:entry>
        <con:entry>res_errorMessage</con:entry>
        <con:entry>res_externalId</con:entry>
      </con:returnProperties>
      <con:runMode>PARALLELL</con:runMode>
    </con:config>
  </con:testStep>
  <con:testStep type="assertionteststep" name="Assertion update user info with all parameters for 2nd id" id="1be64fec-0e16-4656-bf72-db39443d4e3f" disabled="true">
    <con:settings/>
    <con:config xsi:type="con:AssertionTestStep" xmlns:xsi="http://www.w3.org/2001/XMLSchema-instance">
      <con:entry>
        <con:id>035c6867-4c03-4308-9341-d307a69ea77f</con:id>
        <con:isGroup>false</con:isGroup>
        <con:sourceId>480c81a6-8c6c-4aeb-9525-8e9245e58bff</con:sourceId>
        <con:propertyName>httpCode201</con:propertyName>
        <con:assertion type="Simple Equals" name="Equals" id="7e65310f-93d9-42f2-8d5b-c595858b4f66">
          <con:configuration>
            <patternObjectId>867f40c4-1ea8-47ba-9a30-e2e4f09fcabc</patternObjectId>
            <patternProperty>res_code</patternProperty>
            <caseSensitive>true</caseSensitive>
          </con:configuration>
        </con:assertion>
      </con:entry>
    </con:config>
  </con:testStep>
  <con:testStep type="transfer" name="Set submit update user info with all parameters for 2n id" id="2857144b-0512-46f0-aa8f-3a1189364af9" disabled="true">
    <con:settings/>
    <con:config xsi:type="con:PropertyTransfersStep" xmlns:xsi="http://www.w3.org/2001/XMLSchema-instance">
      <con:transfers setNullOnMissingSource="true" transferTextContent="true" failOnError="true" ignoreEmpty="false" transferToAll="false" entitize="false" transferChildNodes="false">
        <con:name>biId</con:name>
        <con:sourceType>res_biId</con:sourceType>
        <con:sourceStep>Update user info with all parameters for 2nd id</con:sourceStep>
        <con:sourcePath/>
        <con:targetType>req_biId</con:targetType>
        <con:targetStep>Submit update user info with all parameters for 2nd id</con:targetStep>
        <con:targetPath/>
        <con:upgraded>true</con:upgraded>
      </con:transfers>
    </con:config>
  </con:testStep>
  <con:testStep type="calltestcase" name="Submit update user info with all parameters for 2nd id" id="e7a375ee-4921-43a3-bcfd-35654a97318d" disabled="true">
    <con:settings/>
    <con:config xsi:type="con:RunTestCaseStep" xmlns:xsi="http://www.w3.org/2001/XMLSchema-instance">
      <con:targetTestCase>a05b1999-4d06-4cf0-a357-73b0c1a2544f</con:targetTestCase>
      <con:properties>
        <con:property>
          <con:name>req_biId</con:name>
          <con:value>461</con:value>
        </con:property>
        <con:property>
          <con:name>res_code</con:name>
          <con:value>200</con:value>
        </con:property>
        <con:property>
          <con:name>res_errorMessage</con:name>
          <con:value xsi:nil="true"/>
        </con:property>
      </con:properties>
      <con:returnProperties>
        <con:entry>res_code</con:entry>
        <con:entry>res_errorMessage</con:entry>
      </con:returnProperties>
      <con:runMode>PARALLELL</con:runMode>
    </con:config>
  </con:testStep>
  <con:testStep type="assertionteststep" name="Assertion submit update user info with all parameters for 2nd id" id="7a15e6d3-23fb-4038-821d-a51462d15b17" disabled="true">
    <con:settings/>
    <con:config xsi:type="con:AssertionTestStep" xmlns:xsi="http://www.w3.org/2001/XMLSchema-instance">
      <con:entry>
        <con:id>15108444-42c9-4bb9-95a9-0898d24b2c0a</con:id>
        <con:isGroup>false</con:isGroup>
        <con:sourceId>480c81a6-8c6c-4aeb-9525-8e9245e58bff</con:sourceId>
        <con:propertyName>httpCode200</con:propertyName>
        <con:assertion type="Simple Equals" name="Equals" id="153d71ec-ac52-4f87-9ee1-9bcad3097768">
          <con:configuration>
            <patternObjectId>2da189d7-9ad9-4ca5-8108-61dc8a0b5151</patternObjectId>
            <patternProperty>res_code</patternProperty>
            <caseSensitive>true</caseSensitive>
          </con:configuration>
        </con:assertion>
      </con:entry>
    </con:config>
  </con:testStep>
  <con:testStep type="transfer" name="Set display user information by INT" id="6c0f09b9-b344-4424-8604-cbc6a0480671" disabled="true">
    <con:settings/>
    <con:config xsi:type="con:PropertyTransfersStep" xmlns:xsi="http://www.w3.org/2001/XMLSchema-instance">
      <con:transfers setNullOnMissingSource="true" transferTextContent="true" failOnError="true" ignoreEmpty="false" transferToAll="false" entitize="false" transferChildNodes="false">
        <con:name>userRoleId</con:name>
        <con:sourceType>relatedUserId</con:sourceType>
        <con:sourceStep>Given properties for the test steps</con:sourceStep>
        <con:sourcePath/>
        <con:targetType>req_userRoleId</con:targetType>
        <con:targetStep>Display user information by INT</con:targetStep>
        <con:targetPath/>
        <con:upgraded>true</con:upgraded>
      </con:transfers>
    </con:config>
  </con:testStep>
  <con:testStep type="calltestcase" name="Display user information by INT" id="540e3243-5cd2-43f2-ba69-f3ae3742f649" disabled="true">
    <con:settings/>
    <con:config xsi:type="con:RunTestCaseStep" xmlns:xsi="http://www.w3.org/2001/XMLSchema-instance">
      <con:targetTestCase>59f4ff49-0696-46b4-a0fa-ff1eeb875f29</con:targetTestCase>
      <con:properties>
        <con:property>
          <con:name>req_userRoleId</con:name>
          <con:value>23</con:value>
        </con:property>
        <con:property>
          <con:name>res_status</con:name>
          <con:value>200</con:value>
        </con:property>
        <con:property>
          <con:name>res_id</con:name>
          <con:value>23</con:value>
        </con:property>
        <con:property>
          <con:name>res_name</con:name>
          <con:value>Abuzer Keskul Kadayif</con:value>
        </con:property>
      </con:properties>
      <con:returnProperties>
        <con:entry>res_status</con:entry>
        <con:entry>res_id</con:entry>
        <con:entry>res_name</con:entry>
      </con:returnProperties>
      <con:runMode>PARALLELL</con:runMode>
    </con:config>
  </con:testStep>
  <con:testStep type="assertionteststep" name="Assertion display user information by INT" id="850d9c3e-1886-4116-ab4d-7f29478f1c3b" disabled="true">
    <con:settings/>
    <con:config xsi:type="con:AssertionTestStep" xmlns:xsi="http://www.w3.org/2001/XMLSchema-instance">
      <con:entry>
        <con:id>95d34a33-caa7-4a19-94ef-9262e883d3f3</con:id>
        <con:isGroup>false</con:isGroup>
        <con:sourceId>540e3243-5cd2-43f2-ba69-f3ae3742f649</con:sourceId>
        <con:propertyName>res_status</con:propertyName>
        <con:assertion type="Simple Equals" name="Equals" id="10defaef-7e54-42b3-8494-060481a0ee3c">
          <con:configuration>
            <patternObjectId>ed47999d-52cc-4556-b643-5a1394572e39</patternObjectId>
            <patternProperty>httpCode200</patternProperty>
            <caseSensitive>true</caseSensitive>
          </con:configuration>
        </con:assertion>
      </con:entry>
      <con:entry>
        <con:id>133cab44-c17b-4583-98a4-9b5ed3d8a5ad</con:id>
        <con:isGroup>false</con:isGroup>
        <con:sourceId>540e3243-5cd2-43f2-ba69-f3ae3742f649</con:sourceId>
        <con:propertyName>res_name</con:propertyName>
        <con:assertion type="Simple Equals" name="Equals 2" id="d9e82ebd-1aa7-40a8-a5d0-d8e934b129d9">
          <con:configuration>
            <patternObjectId>ed47999d-52cc-4556-b643-5a1394572e39</patternObjectId>
            <patternProperty>newName</patternProperty>
            <caseSensitive>true</caseSensitive>
          </con:configuration>
        </con:assertion>
      </con:entry>
    </con:config>
  </con:testStep>
  <con:testStep type="transfer" name="Set display user information EXT" id="2033c89c-3ad3-4e91-83fb-74e3840869e1" disabled="true">
    <con:settings/>
    <con:config xsi:type="con:PropertyTransfersStep" xmlns:xsi="http://www.w3.org/2001/XMLSchema-instance">
      <con:transfers setNullOnMissingSource="true" transferTextContent="true" failOnError="true" ignoreEmpty="false" transferToAll="false" entitize="false" transferChildNodes="false">
        <con:name>userId</con:name>
        <con:sourceType>relatedUserId</con:sourceType>
        <con:sourceStep>Given properties for the test steps</con:sourceStep>
        <con:sourcePath/>
        <con:targetType>req_userId</con:targetType>
        <con:targetStep>Display user information by EXT</con:targetStep>
        <con:targetPath/>
        <con:upgraded>true</con:upgraded>
      </con:transfers>
    </con:config>
  </con:testStep>
  <con:testStep type="calltestcase" name="Display user information by EXT" id="47e8cda8-1136-401a-bbdd-74f034bc9153" disabled="true">
    <con:settings/>
    <con:config xsi:type="con:RunTestCaseStep" xmlns:xsi="http://www.w3.org/2001/XMLSchema-instance">
      <con:targetTestCase>d8d05d28-853c-4d2d-890e-bd00afa7c45c</con:targetTestCase>
      <con:properties>
        <con:property>
          <con:name>req_userId</con:name>
          <con:value>23</con:value>
        </con:property>
        <con:property>
          <con:name>res_userId</con:name>
          <con:value>23</con:value>
        </con:property>
        <con:property>
          <con:name>res_userStatus</con:name>
          <con:value>Active</con:value>
        </con:property>
        <con:property>
          <con:name>res_externalId</con:name>
          <con:value>newExternalId-7ba05237-6630-4a81-ba7e-cd67c3807bb6</con:value>
        </con:property>
        <con:property>
          <con:name>res_firstName</con:name>
          <con:value>Abuzer</con:value>
        </con:property>
        <con:property>
          <con:name>res_lastName</con:name>
          <con:value>Kadayif</con:value>
        </con:property>
        <con:property>
          <con:name>res_middleName</con:name>
          <con:value>Keskul</con:value>
        </con:property>
        <con:property>
          <con:name>res_gender</con:name>
          <con:value>female</con:value>
        </con:property>
        <con:property>
          <con:name>res_name</con:name>
          <con:value>Abuzer Keskul Kadayif</con:value>
        </con:property>
        <con:property>
          <con:name>res_email</con:name>
          <con:value>abuzer.kadayif@mail.com</con:value>
        </con:property>
        <con:property>
          <con:name>res_forceToUseSession</con:name>
          <con:value>true</con:value>
        </con:property>
        <con:property>
          <con:name>res_status</con:name>
        </con:property>
        <con:property>
          <con:name>res_errorMessage</con:name>
        </con:property>
      </con:properties>
      <con:returnProperties>
        <con:entry>res_userId</con:entry>
        <con:entry>res_userStatus</con:entry>
        <con:entry>res_externalId</con:entry>
        <con:entry>res_firstName</con:entry>
        <con:entry>res_lastName</con:entry>
        <con:entry>res_middleName</con:entry>
        <con:entry>res_gender</con:entry>
        <con:entry>res_name</con:entry>
        <con:entry>res_email</con:entry>
        <con:entry>res_forceToUseSession</con:entry>
      </con:returnProperties>
      <con:runMode>PARALLELL</con:runMode>
    </con:config>
  </con:testStep>
  <con:testStep type="assertionteststep" name="Assertion display user information by EXT" id="c3c8af7c-7c72-4b77-b866-edbb8b7f1e5c" disabled="true">
    <con:settings/>
    <con:config xsi:type="con:AssertionTestStep" xmlns:xsi="http://www.w3.org/2001/XMLSchema-instance">
      <con:entry>
        <con:id>0168bb97-46aa-4bf2-b953-e5adc77cb7fa</con:id>
        <con:isGroup>false</con:isGroup>
        <con:sourceId>47e8cda8-1136-401a-bbdd-74f034bc9153</con:sourceId>
        <con:propertyName>res_externalId</con:propertyName>
        <con:assertion type="Simple Equals" name="Equals" id="6b7b6111-66df-41b0-80ab-2993b78e36ee">
          <con:configuration>
            <patternObjectId>f33b19e9-2a69-43e1-9237-aaa20bdb2e0b</patternObjectId>
            <patternProperty>res_externalId</patternProperty>
            <caseSensitive>true</caseSensitive>
          </con:configuration>
        </con:assertion>
      </con:entry>
      <con:entry>
        <con:id>bdb39800-7e2b-458d-98fc-ebc3b3c7cf62</con:id>
        <con:isGroup>false</con:isGroup>
        <con:sourceId>47e8cda8-1136-401a-bbdd-74f034bc9153</con:sourceId>
        <con:propertyName>res_firstName</con:propertyName>
        <con:assertion type="Simple Equals" name="Equals 2" id="8a58791a-c2f2-4e36-9ab1-1e10064489c8">
          <con:configuration>
            <patternObjectId>ed47999d-52cc-4556-b643-5a1394572e39</patternObjectId>
            <patternProperty>newFirstName</patternProperty>
            <caseSensitive>true</caseSensitive>
          </con:configuration>
        </con:assertion>
      </con:entry>
      <con:entry>
        <con:id>e6121e93-2de3-4f99-a461-f41af54a0c20</con:id>
        <con:isGroup>false</con:isGroup>
        <con:sourceId>47e8cda8-1136-401a-bbdd-74f034bc9153</con:sourceId>
        <con:propertyName>res_lastName</con:propertyName>
        <con:assertion type="Simple Equals" name="Equals 3" id="1f50d7db-9358-4ebc-95ad-3568a9861205">
          <con:configuration>
            <patternObjectId>ed47999d-52cc-4556-b643-5a1394572e39</patternObjectId>
            <patternProperty>newLastName</patternProperty>
            <caseSensitive>true</caseSensitive>
          </con:configuration>
        </con:assertion>
      </con:entry>
      <con:entry>
        <con:id>c578fc04-23bc-4ac6-adcf-be2ad44ec0b7</con:id>
        <con:isGroup>false</con:isGroup>
        <con:sourceId>47e8cda8-1136-401a-bbdd-74f034bc9153</con:sourceId>
        <con:propertyName>res_middleName</con:propertyName>
        <con:assertion type="Simple Equals" name="Equals 4" id="6ab89eaa-9ca0-48e2-bf83-37be90759325">
          <con:configuration>
            <patternObjectId>ed47999d-52cc-4556-b643-5a1394572e39</patternObjectId>
            <patternProperty>newMiddleName</patternProperty>
            <caseSensitive>true</caseSensitive>
          </con:configuration>
        </con:assertion>
      </con:entry>
      <con:entry>
        <con:id>8148b1ec-0700-4d1a-a325-cc58a30614e5</con:id>
        <con:isGroup>false</con:isGroup>
        <con:sourceId>47e8cda8-1136-401a-bbdd-74f034bc9153</con:sourceId>
        <con:propertyName>res_gender</con:propertyName>
        <con:assertion type="Simple Equals" name="Equals 5" id="e130790a-b8ad-454b-a989-6f5c000ac8c6">
          <con:configuration>
            <patternObjectId>ed47999d-52cc-4556-b643-5a1394572e39</patternObjectId>
            <patternProperty>newGender</patternProperty>
            <caseSensitive>true</caseSensitive>
          </con:configuration>
        </con:assertion>
      </con:entry>
      <con:entry>
        <con:id>ae70220f-f8f6-41bb-b71b-2e440ccf882c</con:id>
        <con:isGroup>false</con:isGroup>
        <con:sourceId>47e8cda8-1136-401a-bbdd-74f034bc9153</con:sourceId>
        <con:propertyName>res_email</con:propertyName>
        <con:assertion type="Simple Equals" name="Equals 6" id="0ec91d56-8ae5-44dd-9388-3b89c9fb02b9">
          <con:configuration>
            <patternObjectId>ed47999d-52cc-4556-b643-5a1394572e39</patternObjectId>
            <patternProperty>newEmailAddress</patternProperty>
            <caseSensitive>true</caseSensitive>
          </con:configuration>
        </con:assertion>
      </con:entry>
      <con:entry>
        <con:id>d5dcd71e-fc24-4f3e-a57e-42fe35718c72</con:id>
        <con:isGroup>false</con:isGroup>
        <con:sourceId>47e8cda8-1136-401a-bbdd-74f034bc9153</con:sourceId>
        <con:propertyName>res_forceToUseSession</con:propertyName>
        <con:assertion type="Simple Equals" name="Equals 7" id="3d38223f-ac51-4793-afe3-35e114d91385">
          <con:configuration>
            <patternObjectId>ed47999d-52cc-4556-b643-5a1394572e39</patternObjectId>
            <patternProperty>newForceToUseSession</patternProperty>
            <caseSensitive>true</caseSensitive>
          </con:configuration>
        </con:assertion>
      </con:entry>
      <con:entry>
        <con:id>78e95169-5c08-4169-bceb-6d448210f8f0</con:id>
        <con:isGroup>false</con:isGroup>
        <con:sourceId>47e8cda8-1136-401a-bbdd-74f034bc9153</con:sourceId>
        <con:propertyName>res_name</con:propertyName>
        <con:assertion type="Simple Equals" name="Equals 8" id="34e9f5a7-5d03-444d-980c-fd082dd5a24f">
          <con:configuration>
            <patternObjectId>ed47999d-52cc-4556-b643-5a1394572e39</patternObjectId>
            <patternProperty>newName</patternProperty>
            <caseSensitive>true</caseSensitive>
          </con:configuration>
        </con:assertion>
      </con:entry>
    </con:config>
  </con:testStep>
  <con:testStep type="transfer" name="Set display account user fail" id="ae24215e-54dc-40ff-badf-1808ef42751c" disabled="true">
    <con:settings/>
    <con:config xsi:type="con:PropertyTransfersStep" xmlns:xsi="http://www.w3.org/2001/XMLSchema-instance">
      <con:transfers setNullOnMissingSource="true" transferTextContent="true" failOnError="true" ignoreEmpty="false" transferToAll="false" entitize="false" transferChildNodes="false">
        <con:name>userRoleId</con:name>
        <con:sourceType>notExistId</con:sourceType>
        <con:sourceStep>Given properties for the test steps</con:sourceStep>
        <con:sourcePath/>
        <con:targetType>req_userId</con:targetType>
        <con:targetStep>Display user account fail</con:targetStep>
        <con:targetPath/>
        <con:upgraded>true</con:upgraded>
      </con:transfers>
    </con:config>
  </con:testStep>
  <con:testStep type="calltestcase" name="Display user account fail" id="13053165-19c7-4f14-81d9-fc8fd8fa6e4a" disabled="true">
    <con:settings/>
    <con:config xsi:type="con:RunTestCaseStep" xmlns:xsi="http://www.w3.org/2001/XMLSchema-instance">
      <con:targetTestCase>d8a34ea8-819c-4de5-8178-e3f8362d158a</con:targetTestCase>
      <con:properties>
        <con:property>
          <con:name>req_userId</con:name>
          <con:value>-1</con:value>
        </con:property>
        <con:property>
          <con:name>res_accountId</con:name>
        </con:property>
        <con:property>
          <con:name>res_accountName</con:name>
        </con:property>
        <con:property>
          <con:name>res_notRoundedAmount</con:name>
        </con:property>
        <con:property>
          <con:name>res_roundedAmount</con:name>
        </con:property>
        <con:property>
          <con:name>res_errorMessage</con:name>
          <con:value>USER_NOT_ACTIVE_OR_EXISTS</con:value>
        </con:property>
        <con:property>
          <con:name>res_httpStatus</con:name>
          <con:value>400</con:value>
        </con:property>
      </con:properties>
      <con:returnProperties>
        <con:entry>res_errorMessage</con:entry>
        <con:entry>res_httpStatus</con:entry>
      </con:returnProperties>
      <con:runMode>PARALLELL</con:runMode>
    </con:config>
  </con:testStep>
  <con:testStep type="assertionteststep" name="Assertion user is not found" id="150df456-9f15-4c03-825d-7f65688e1114" disabled="true">
    <con:settings/>
    <con:config xsi:type="con:AssertionTestStep" xmlns:xsi="http://www.w3.org/2001/XMLSchema-instance">
      <con:entry>
        <con:id>1ba7804d-a596-4135-acb9-1945eea18495</con:id>
        <con:isGroup>false</con:isGroup>
        <con:sourceId>13053165-19c7-4f14-81d9-fc8fd8fa6e4a</con:sourceId>
        <con:propertyName>res_errorMessage</con:propertyName>
        <con:assertion type="Simple Equals" name="Equals" id="025d70e0-6ccd-4fcd-931a-f896a850073a">
          <con:configuration>
            <patternObjectId>ed47999d-52cc-4556-b643-5a1394572e39</patternObjectId>
            <patternProperty>userNotActiveOrExists</patternProperty>
            <caseSensitive>true</caseSensitive>
          </con:configuration>
        </con:assertion>
      </con:entry>
      <con:entry>
        <con:id>28d539ed-bfec-4783-88c5-2a932f1a24ec</con:id>
        <con:isGroup>false</con:isGroup>
        <con:sourceId>13053165-19c7-4f14-81d9-fc8fd8fa6e4a</con:sourceId>
        <con:propertyName>res_httpStatus</con:propertyName>
        <con:assertion type="Simple Equals" name="Equals 2" id="6a136c9b-58f8-4d90-a9e5-bf705aa16cb8">
          <con:configuration>
            <patternObjectId>ed47999d-52cc-4556-b643-5a1394572e39</patternObjectId>
            <patternProperty>httpCode400</patternProperty>
            <caseSensitive>true</caseSensitive>
          </con:configuration>
        </con:assertion>
      </con:entry>
    </con:config>
  </con:testStep>
  <con:testStep type="transfer" name="Set display user's account" id="88983c8b-0143-4e3a-995a-f87857c239a6" disabled="true">
    <con:settings/>
    <con:config xsi:type="con:PropertyTransfersStep" xmlns:xsi="http://www.w3.org/2001/XMLSchema-instance">
      <con:transfers setNullOnMissingSource="true" transferTextContent="true" failOnError="true" ignoreEmpty="false" transferToAll="false" entitize="false" transferChildNodes="false">
        <con:name>userId</con:name>
        <con:sourceType>relatedUserId</con:sourceType>
        <con:sourceStep>Given properties for the test steps</con:sourceStep>
        <con:sourcePath/>
        <con:targetType>req_userId</con:targetType>
        <con:targetStep>Display user's account</con:targetStep>
        <con:targetPath/>
        <con:upgraded>true</con:upgraded>
      </con:transfers>
    </con:config>
  </con:testStep>
  <con:testStep type="calltestcase" name="Display user's account" id="e66ac4d5-9c11-40e6-8d60-6795137dc96b" disabled="true">
    <con:settings/>
    <con:config xsi:type="con:RunTestCaseStep" xmlns:xsi="http://www.w3.org/2001/XMLSchema-instance">
      <con:targetTestCase>d8a34ea8-819c-4de5-8178-e3f8362d158a</con:targetTestCase>
      <con:properties>
        <con:property>
          <con:name>req_userId</con:name>
          <con:value>23</con:value>
        </con:property>
        <con:property>
          <con:name>res_accountId</con:name>
          <con:value>8</con:value>
        </con:property>
        <con:property>
          <con:name>res_accountName</con:name>
          <con:value>User Account : Abuzer Keskul Kadayif-name-sc43da92e-515e-4c23-87eb-8fcb3e479872</con:value>
        </con:property>
        <con:property>
          <con:name>res_notRoundedAmount</con:name>
          <con:value>0.0</con:value>
        </con:property>
        <con:property>
          <con:name>res_roundedAmount</con:name>
          <con:value>0.0</con:value>
        </con:property>
        <con:property>
          <con:name>res_errorMessage</con:name>
        </con:property>
        <con:property>
          <con:name>res_httpStatus</con:name>
        </con:property>
      </con:properties>
      <con:returnProperties>
        <con:entry>res_accountId</con:entry>
        <con:entry>res_accountName</con:entry>
        <con:entry>res_notRoundedAmount</con:entry>
        <con:entry>res_roundedAmount</con:entry>
      </con:returnProperties>
      <con:runMode>PARALLELL</con:runMode>
    </con:config>
  </con:testStep>
  <con:testStep type="datagen" name="DataGen for balance" id="f34b0e43-0fa0-4333-941d-b1f898769124" disabled="true">
    <con:settings/>
    <con:config xsi:type="con:DataGeneratorStep" xmlns:xsi="http://www.w3.org/2001/XMLSchema-instance">
      <con:property type="Script">
        <con:configuration>
          <script>def roundedAmount = context.expand( '${Display user\'s account#res_roundedAmount}' );

return roundedAmount[0].toInteger();</script>
        </con:configuration>
        <con:name>roundedAmount</con:name>
        <con:mode>STEP</con:mode>
        <con:shared>false</con:shared>
      </con:property>
      <con:property type="Script">
        <con:configuration>
          <script>def res_notRoundedAmount = context.expand( '${Display user\'s account#res_notRoundedAmount}' );

return res_notRoundedAmount[0].toInteger();</script>
        </con:configuration>
        <con:name>notRoundedAmount</con:name>
        <con:mode>STEP</con:mode>
        <con:shared>false</con:shared>
      </con:property>
    </con:config>
  </con:testStep>
  <con:testStep type="assertionteststep" name="Assertion display user's account" id="c1a295d8-7ce8-4160-8b31-3cf5176b3dc5" disabled="true">
    <con:settings/>
    <con:config xsi:type="con:AssertionTestStep" xmlns:xsi="http://www.w3.org/2001/XMLSchema-instance">
      <con:entry>
        <con:id>b91ac8e0-fd52-411b-9c7f-7df2c9c3d78a</con:id>
        <con:isGroup>false</con:isGroup>
        <con:sourceId>e66ac4d5-9c11-40e6-8d60-6795137dc96b</con:sourceId>
        <con:propertyName>res_accountName</con:propertyName>
        <con:assertion type="Simple Contains" name="Contains" id="345e21cf-4258-4ef4-9943-ca19620b6461">
          <con:configuration>
            <token>Abuzer Keskul Kadayif</token>
            <ignoreCase>false</ignoreCase>
            <useRegEx>false</useRegEx>
          </con:configuration>
        </con:assertion>
      </con:entry>
      <con:entry>
        <con:id>d1c0128a-25ff-4532-972d-71bc1552238e</con:id>
        <con:isGroup>false</con:isGroup>
        <con:sourceId>f34b0e43-0fa0-4333-941d-b1f898769124</con:sourceId>
        <con:propertyName>roundedAmount</con:propertyName>
        <con:assertion type="Simple Equals" name="Equals" id="397a6bf7-b5d4-48e6-9f0d-dd054c0a23c2">
          <con:configuration>
            <patternObjectId>ed47999d-52cc-4556-b643-5a1394572e39</patternObjectId>
            <patternProperty>zero</patternProperty>
            <caseSensitive>true</caseSensitive>
          </con:configuration>
        </con:assertion>
      </con:entry>
      <con:entry>
        <con:id>53d4c6c5-a263-488b-b13d-a1f5f8781420</con:id>
        <con:isGroup>false</con:isGroup>
        <con:sourceId>f34b0e43-0fa0-4333-941d-b1f898769124</con:sourceId>
        <con:propertyName>notRoundedAmount</con:propertyName>
        <con:assertion type="Simple Equals" name="Equals 2" id="e6730574-78b6-4c51-ba12-19fafe55d07f">
          <con:configuration>
            <patternObjectId>ed47999d-52cc-4556-b643-5a1394572e39</patternObjectId>
            <patternProperty>zero</patternProperty>
            <caseSensitive>true</caseSensitive>
          </con:configuration>
        </con:assertion>
      </con:entry>
    </con:config>
  </con:testStep>
  <con:testStep type="transfer" name="Set update user information with different user's external id - fail" id="d7bdf270-28f4-4baf-9e44-5e422a98f9b5" disabled="true">
    <con:settings/>
    <con:config xsi:type="con:PropertyTransfersStep" xmlns:xsi="http://www.w3.org/2001/XMLSchema-instance">
      <con:transfers setNullOnMissingSource="true" transferTextContent="true" failOnError="true" ignoreEmpty="false" transferToAll="false" entitize="false" transferChildNodes="false">
        <con:name>biSpecCode</con:name>
        <con:sourceType>updateUserBISpecCode</con:sourceType>
        <con:sourceStep>Given properties for the test steps</con:sourceStep>
        <con:sourcePath/>
        <con:targetType>req_biSpecCode</con:targetType>
        <con:targetStep>Update user information with different user's  external id - fail</con:targetStep>
        <con:targetPath/>
        <con:upgraded>true</con:upgraded>
      </con:transfers>
      <con:transfers setNullOnMissingSource="true" transferTextContent="true" failOnError="true" ignoreEmpty="false" transferToAll="false" entitize="false" transferChildNodes="false">
        <con:name>externalId</con:name>
        <con:sourceType>res_externalId</con:sourceType>
        <con:sourceStep>Update user info with all parameters for 2nd id</con:sourceStep>
        <con:targetType>req_newExternalId</con:targetType>
        <con:targetStep>Update user information with different user's  external id - fail</con:targetStep>
        <con:upgraded>true</con:upgraded>
      </con:transfers>
      <con:transfers setNullOnMissingSource="true" transferTextContent="true" failOnError="true" ignoreEmpty="false" transferToAll="false" entitize="false" transferChildNodes="false">
        <con:name>newFirstName</con:name>
        <con:sourceType>newFirstName</con:sourceType>
        <con:sourceStep>Given properties for the test steps</con:sourceStep>
        <con:targetType>req_newFirstName</con:targetType>
        <con:targetStep>Update user information with different user's  external id - fail</con:targetStep>
        <con:upgraded>true</con:upgraded>
      </con:transfers>
      <con:transfers setNullOnMissingSource="true" transferTextContent="true" failOnError="true" ignoreEmpty="false" transferToAll="false" entitize="false" transferChildNodes="false">
        <con:name>newLastName</con:name>
        <con:sourceType>newLastName</con:sourceType>
        <con:sourceStep>Given properties for the test steps</con:sourceStep>
        <con:targetType>req_newLastName</con:targetType>
        <con:targetStep>Update user information with different user's  external id - fail</con:targetStep>
        <con:upgraded>true</con:upgraded>
      </con:transfers>
      <con:transfers setNullOnMissingSource="true" transferTextContent="true" failOnError="true" ignoreEmpty="false" transferToAll="false" entitize="false" transferChildNodes="false">
        <con:name>relatedUserId</con:name>
        <con:sourceType>relatedUserId</con:sourceType>
        <con:sourceStep>Given properties for the test steps</con:sourceStep>
        <con:targetType>req_relatedUserRoleId</con:targetType>
        <con:targetStep>Update user information with different user's  external id - fail</con:targetStep>
        <con:upgraded>true</con:upgraded>
      </con:transfers>
      <con:transfers setNullOnMissingSource="true" transferTextContent="true" failOnError="true" ignoreEmpty="false" transferToAll="false" entitize="false" transferChildNodes="false">
        <con:name>userIntToken</con:name>
        <con:sourceType>userIntToken</con:sourceType>
        <con:sourceStep>Create sales organization, user, inventory and terminal</con:sourceStep>
        <con:targetType>AuthorizationIntUser</con:targetType>
        <con:targetStep>#Project#</con:targetStep>
        <con:upgraded>true</con:upgraded>
      </con:transfers>
      <con:transfers setNullOnMissingSource="true" transferTextContent="true" failOnError="true" ignoreEmpty="false" transferToAll="false" entitize="false" transferChildNodes="false">
        <con:name>userSo</con:name>
        <con:sourceType>res_salesOrgId</con:sourceType>
        <con:sourceStep>Create sales organization, user, inventory and terminal</con:sourceStep>
        <con:targetType>UserSo</con:targetType>
        <con:targetStep>#Project#</con:targetStep>
        <con:upgraded>true</con:upgraded>
      </con:transfers>
      <con:transfers setNullOnMissingSource="true" transferTextContent="true" failOnError="true" ignoreEmpty="false" transferToAll="false" entitize="false" transferChildNodes="false">
        <con:name>createdForSalesOrg</con:name>
        <con:sourceType>createdForSalesOrganizationRoleId</con:sourceType>
        <con:sourceStep>#TestCase#</con:sourceStep>
        <con:targetType>req_createdForSalesOrg</con:targetType>
        <con:targetStep>Update user information with different user's  external id - fail</con:targetStep>
        <con:upgraded>true</con:upgraded>
      </con:transfers>
    </con:config>
  </con:testStep>
  <con:testStep type="calltestcase" name="Update user information with different user's  external id - fail" id="2900b2d3-29c4-41f4-9e80-6de292386482" disabled="true">
    <con:settings/>
    <con:config xsi:type="con:RunTestCaseStep" xmlns:xsi="http://www.w3.org/2001/XMLSchema-instance">
      <con:targetTestCase>b062419a-9aac-4b3b-bd4b-fea9c0dffb6d</con:targetTestCase>
      <con:properties>
        <con:property>
          <con:name>req_biSpecCode</con:name>
          <con:value>BISPECCODE</con:value>
        </con:property>
        <con:property>
          <con:name>req_newExternalId</con:name>
          <con:value>bilbobagginsaa4b5c0e-efd5-4e22-8edb-166a0f856e3c</con:value>
        </con:property>
        <con:property>
          <con:name>req_newFirstName</con:name>
          <con:value>Abuzer</con:value>
        </con:property>
        <con:property>
          <con:name>req_newLastName</con:name>
          <con:value>Kadayif</con:value>
        </con:property>
        <con:property>
          <con:name>req_relatedUserRoleId</con:name>
          <con:value>23</con:value>
        </con:property>
        <con:property>
          <con:name>req_createdForSalesOrg</con:name>
          <con:value>1</con:value>
        </con:property>
        <con:property>
          <con:name>res_biId</con:name>
          <con:value>471</con:value>
        </con:property>
        <con:property>
          <con:name>res_code</con:name>
          <con:value>201</con:value>
        </con:property>
        <con:property>
          <con:name>res_errorMessage</con:name>
          <con:value xsi:nil="true"/>
        </con:property>
        <con:property>
          <con:name>req_createdByUserRoleId</con:name>
        </con:property>
        <con:property>
          <con:name>req_createdBySalesOrganizationId</con:name>
        </con:property>
      </con:properties>
      <con:returnProperties>
        <con:entry>res_biId</con:entry>
        <con:entry>res_code</con:entry>
        <con:entry>res_errorMessage</con:entry>
      </con:returnProperties>
      <con:runMode>PARALLELL</con:runMode>
    </con:config>
  </con:testStep>
  <con:testStep type="assertionteststep" name="Assertion update user information with different user's  external id - fail" id="bd2d2d9c-80c7-4fe1-8c58-b54599b68327" disabled="true">
    <con:settings/>
    <con:config xsi:type="con:AssertionTestStep" xmlns:xsi="http://www.w3.org/2001/XMLSchema-instance">
      <con:entry>
        <con:id>3ef06542-eeea-410d-8f11-5d7d2ea7d71f</con:id>
        <con:isGroup>false</con:isGroup>
        <con:sourceId>2900b2d3-29c4-41f4-9e80-6de292386482</con:sourceId>
        <con:propertyName>res_code</con:propertyName>
        <con:assertion type="Simple Equals" name="Equals" id="7d82c505-e159-44f5-b1ef-d3d2b406625c">
          <con:configuration>
            <patternObjectId>ed47999d-52cc-4556-b643-5a1394572e39</patternObjectId>
            <patternProperty>httpCode201</patternProperty>
            <caseSensitive>true</caseSensitive>
          </con:configuration>
        </con:assertion>
      </con:entry>
    </con:config>
  </con:testStep>
  <con:testStep type="transfer" name="Set submit update user info with different user's  external id - fail" id="5c7133e2-fc75-4a00-978a-6fcf872089be" disabled="true">
    <con:settings/>
    <con:config xsi:type="con:PropertyTransfersStep" xmlns:xsi="http://www.w3.org/2001/XMLSchema-instance">
      <con:transfers setNullOnMissingSource="true" transferTextContent="true" failOnError="true" ignoreEmpty="false" transferToAll="false" entitize="false" transferChildNodes="false">
        <con:name>biId</con:name>
        <con:sourceType>res_biId</con:sourceType>
        <con:sourceStep>Update user information with different user's  external id - fail</con:sourceStep>
        <con:sourcePath/>
        <con:targetType>req_biId</con:targetType>
        <con:targetStep>Submit update user info with different user's  external id - fail</con:targetStep>
        <con:targetPath/>
        <con:upgraded>true</con:upgraded>
      </con:transfers>
    </con:config>
  </con:testStep>
  <con:testStep type="calltestcase" name="Submit update user info with different user's  external id - fail" id="7d7caeb9-4afe-4476-a056-7c62bb2a1f3d" disabled="true">
    <con:settings/>
    <con:config xsi:type="con:RunTestCaseStep" xmlns:xsi="http://www.w3.org/2001/XMLSchema-instance">
      <con:targetTestCase>a05b1999-4d06-4cf0-a357-73b0c1a2544f</con:targetTestCase>
      <con:properties>
        <con:property>
          <con:name>req_biId</con:name>
          <con:value>471</con:value>
        </con:property>
        <con:property>
          <con:name>res_code</con:name>
          <con:value>400</con:value>
        </con:property>
        <con:property>
          <con:name>res_errorMessage</con:name>
          <con:value>EXTERNAL_ID_MUST_BE_UNIQUE</con:value>
        </con:property>
      </con:properties>
      <con:returnProperties>
        <con:entry>res_code</con:entry>
        <con:entry>res_errorMessage</con:entry>
      </con:returnProperties>
      <con:runMode>PARALLELL</con:runMode>
    </con:config>
  </con:testStep>
  <con:testStep type="assertionteststep" name="Assertion submit update user info with different user's  external id - fail" id="7d6b74fe-0e7d-4edc-9d0d-448df38de696" disabled="true">
    <con:settings/>
    <con:config xsi:type="con:AssertionTestStep" xmlns:xsi="http://www.w3.org/2001/XMLSchema-instance">
      <con:entry>
        <con:id>9ca47d3f-064c-447c-87fa-b7cd66f9b0b1</con:id>
        <con:isGroup>false</con:isGroup>
        <con:sourceId>7d7caeb9-4afe-4476-a056-7c62bb2a1f3d</con:sourceId>
        <con:propertyName>res_code</con:propertyName>
        <con:assertion type="Simple Equals" name="Equals" id="8a879207-a80b-45c0-9692-ac0caae0580d">
          <con:configuration>
            <patternObjectId>ed47999d-52cc-4556-b643-5a1394572e39</patternObjectId>
            <patternProperty>httpCode400</patternProperty>
            <caseSensitive>true</caseSensitive>
          </con:configuration>
        </con:assertion>
      </con:entry>
      <con:entry>
        <con:id>e899774c-b7b2-4a1f-aab2-a7c6a3d922cb</con:id>
        <con:isGroup>false</con:isGroup>
        <con:sourceId>7d7caeb9-4afe-4476-a056-7c62bb2a1f3d</con:sourceId>
        <con:propertyName>res_errorMessage</con:propertyName>
        <con:assertion type="Simple Equals" name="Equals 2" id="ce0bd9d5-367b-4e9e-8a09-c9525530638a">
          <con:configuration>
            <patternObjectId>ed47999d-52cc-4556-b643-5a1394572e39</patternObjectId>
            <patternProperty>errorMessageExternalIdUnique</patternProperty>
            <caseSensitive>true</caseSensitive>
          </con:configuration>
        </con:assertion>
      </con:entry>
    </con:config>
  </con:testStep>
  <con:testStep type="transfer" name="Copy of Set bi id to delete bi item" id="493babf1-7b3a-4a18-94f0-bdd4646ce229" disabled="true">
    <con:settings/>
    <con:config xsi:type="con:PropertyTransfersStep" xmlns:xsi="http://www.w3.org/2001/XMLSchema-instance">
      <con:transfers setNullOnMissingSource="true" transferTextContent="true" failOnError="true" ignoreEmpty="false" transferToAll="false" entitize="false" transferChildNodes="false">
        <con:name>biItemId</con:name>
        <con:sourceType xsi:nil="true"/>
        <con:sourceStep xsi:nil="true"/>
        <con:sourcePath/>
        <con:targetType>req_biItemId</con:targetType>
        <con:targetStep>Delete bi item</con:targetStep>
        <con:targetPath/>
        <con:upgraded>true</con:upgraded>
      </con:transfers>
      <con:transfers setNullOnMissingSource="true" transferTextContent="true" failOnError="true" ignoreEmpty="false" transferToAll="false" entitize="false" transferChildNodes="false">
        <con:name>biId</con:name>
        <con:sourceType>biId</con:sourceType>
        <con:sourceStep>Given properties for the test steps</con:sourceStep>
        <con:targetType>req_biId</con:targetType>
        <con:targetStep>Delete bi item</con:targetStep>
        <con:upgraded>true</con:upgraded>
      </con:transfers>
    </con:config>
  </con:testStep>
  <con:testStep type="calltestcase" name="Copy of Delete bi item" id="f0848f12-8452-4f14-bd34-fb92b273792a" disabled="true">
    <con:settings/>
    <con:config xsi:type="con:RunTestCaseStep" xmlns:xsi="http://www.w3.org/2001/XMLSchema-instance">
      <con:targetTestCase>51b86b01-3c88-425f-bfd4-ab25d0c6f8e6</con:targetTestCase>
      <con:properties>
        <con:property>
          <con:name>req_biId</con:name>
          <con:value>25</con:value>
        </con:property>
        <con:property>
          <con:name>res_id</con:name>
          <con:value>21</con:value>
        </con:property>
        <con:property>
          <con:name>res_code</con:name>
          <con:value xsi:nil="true"/>
        </con:property>
        <con:property>
          <con:name>res_errorMessage</con:name>
          <con:value xsi:nil="true"/>
        </con:property>
        <con:property>
          <con:name>req_biItemId</con:name>
          <con:value>21</con:value>
        </con:property>
        <con:property>
          <con:name>res_httpCode</con:name>
          <con:value>200</con:value>
        </con:property>
      </con:properties>
      <con:returnProperties>
        <con:entry>res_id</con:entry>
        <con:entry>res_code</con:entry>
        <con:entry>res_errorMessage</con:entry>
        <con:entry>res_httpCode</con:entry>
      </con:returnProperties>
      <con:runMode>PARALLELL</con:runMode>
    </con:config>
  </con:testStep>
  <con:testStep type="assertionteststep" name="Copy of Assert bi item is deleted successfully" id="b3fa825b-0d30-4d49-ba95-67610f00fa6e" disabled="true">
    <con:settings/>
    <con:config xsi:type="con:AssertionTestStep" xmlns:xsi="http://www.w3.org/2001/XMLSchema-instance">
      <con:entry>
        <con:id>7e7133ff-6c35-481d-acc9-439c2ea176ff</con:id>
        <con:isGroup>false</con:isGroup>
        <con:sourceId>5d3412e7-869d-4dc7-a04f-88854f6c5146</con:sourceId>
        <con:propertyName>res_id</con:propertyName>
        <con:assertion type="Simple Contains" name="Contains" id="8255775a-a365-4095-ba91-66a389dcf161">
          <con:configuration>
            <token>\d+</token>
            <ignoreCase>false</ignoreCase>
            <useRegEx>true</useRegEx>
          </con:configuration>
        </con:assertion>
      </con:entry>
      <con:entry>
        <con:id>5bfaeb1b-7822-42c3-ab6b-a766764efedb</con:id>
        <con:isGroup>false</con:isGroup>
        <con:sourceId>5d3412e7-869d-4dc7-a04f-88854f6c5146</con:sourceId>
        <con:propertyName>res_httpCode</con:propertyName>
        <con:assertion type="Simple Equals" name="Equals" id="9a3fca76-76a1-47ca-94c8-5ecbff72878e">
          <con:configuration>
            <patternObjectId>ed47999d-52cc-4556-b643-5a1394572e39</patternObjectId>
            <patternProperty>httpCode200</patternProperty>
            <caseSensitive>true</caseSensitive>
          </con:configuration>
        </con:assertion>
      </con:entry>
    </con:config>
  </con:testStep>
  <con:testStep type="transfer" name="Set update user information with same external id" id="ffa05794-0637-49ae-a8a4-5a0653beff16" disabled="true">
    <con:settings/>
    <con:config xsi:type="con:PropertyTransfersStep" xmlns:xsi="http://www.w3.org/2001/XMLSchema-instance">
      <con:transfers setNullOnMissingSource="true" transferTextContent="true" failOnError="true" ignoreEmpty="false" transferToAll="false" entitize="false" transferChildNodes="false">
        <con:name>biSpecCode</con:name>
        <con:sourceType>updateUserBISpecCode</con:sourceType>
        <con:sourceStep>Given properties for the test steps</con:sourceStep>
        <con:sourcePath/>
        <con:targetType>req_biSpecCode</con:targetType>
        <con:targetStep>Update user information with same external id</con:targetStep>
        <con:targetPath/>
        <con:upgraded>true</con:upgraded>
      </con:transfers>
      <con:transfers setNullOnMissingSource="true" transferTextContent="true" failOnError="true" ignoreEmpty="false" transferToAll="false" entitize="false" transferChildNodes="false">
        <con:name>externalId</con:name>
        <con:sourceType>res_externalId</con:sourceType>
        <con:sourceStep>Update user info with all parameters</con:sourceStep>
        <con:targetType>req_newExternalId</con:targetType>
        <con:targetStep>Update user information with same external id</con:targetStep>
        <con:upgraded>true</con:upgraded>
      </con:transfers>
      <con:transfers setNullOnMissingSource="true" transferTextContent="true" failOnError="true" ignoreEmpty="false" transferToAll="false" entitize="false" transferChildNodes="false">
        <con:name>newFirstName</con:name>
        <con:sourceType>newFirstName</con:sourceType>
        <con:sourceStep>Given properties for the test steps</con:sourceStep>
        <con:targetType>req_newFirstName</con:targetType>
        <con:targetStep>Update user information with same external id</con:targetStep>
        <con:upgraded>true</con:upgraded>
      </con:transfers>
      <con:transfers setNullOnMissingSource="true" transferTextContent="true" failOnError="true" ignoreEmpty="false" transferToAll="false" entitize="false" transferChildNodes="false">
        <con:name>newLastName</con:name>
        <con:sourceType>newLastName</con:sourceType>
        <con:sourceStep>Given properties for the test steps</con:sourceStep>
        <con:targetType>req_newLastName</con:targetType>
        <con:targetStep>Update user information with same external id</con:targetStep>
        <con:upgraded>true</con:upgraded>
      </con:transfers>
      <con:transfers setNullOnMissingSource="true" transferTextContent="true" failOnError="true" ignoreEmpty="false" transferToAll="false" entitize="false" transferChildNodes="false">
        <con:name>relatedUserId</con:name>
        <con:sourceType>relatedUserId</con:sourceType>
        <con:sourceStep>Given properties for the test steps</con:sourceStep>
        <con:targetType>req_relatedUserRoleId</con:targetType>
        <con:targetStep>Update user information with same external id</con:targetStep>
        <con:upgraded>true</con:upgraded>
      </con:transfers>
      <con:transfers setNullOnMissingSource="true" transferTextContent="true" failOnError="true" ignoreEmpty="false" transferToAll="false" entitize="false" transferChildNodes="false">
        <con:name>createdForSalesOrg</con:name>
        <con:sourceType>createdForSalesOrganizationRoleId</con:sourceType>
        <con:sourceStep>#TestCase#</con:sourceStep>
        <con:targetType>req_createdForSalesOrg</con:targetType>
        <con:targetStep>Update user information with same external id</con:targetStep>
        <con:upgraded>true</con:upgraded>
      </con:transfers>
    </con:config>
  </con:testStep>
  <con:testStep type="calltestcase" name="Update user information with same external id" id="ebb56f17-9f5f-4d43-a781-5cb5f056b289" disabled="true">
    <con:settings/>
    <con:config xsi:type="con:RunTestCaseStep" xmlns:xsi="http://www.w3.org/2001/XMLSchema-instance">
      <con:targetTestCase>b062419a-9aac-4b3b-bd4b-fea9c0dffb6d</con:targetTestCase>
      <con:properties>
        <con:property>
          <con:name>req_biSpecCode</con:name>
          <con:value>BISPECCODE</con:value>
        </con:property>
        <con:property>
          <con:name>req_newExternalId</con:name>
          <con:value>newExternalId-7ba05237-6630-4a81-ba7e-cd67c3807bb6</con:value>
        </con:property>
        <con:property>
          <con:name>req_newFirstName</con:name>
          <con:value>Abuzer</con:value>
        </con:property>
        <con:property>
          <con:name>req_newLastName</con:name>
          <con:value>Kadayif</con:value>
        </con:property>
        <con:property>
          <con:name>req_relatedUserRoleId</con:name>
          <con:value>23</con:value>
        </con:property>
        <con:property>
          <con:name>req_createdForSalesOrg</con:name>
          <con:value>1</con:value>
        </con:property>
        <con:property>
          <con:name>res_biId</con:name>
          <con:value>481</con:value>
        </con:property>
        <con:property>
          <con:name>res_code</con:name>
          <con:value>201</con:value>
        </con:property>
        <con:property>
          <con:name>res_errorMessage</con:name>
          <con:value xsi:nil="true"/>
        </con:property>
        <con:property>
          <con:name>req_createdByUserRoleId</con:name>
        </con:property>
        <con:property>
          <con:name>req_createdBySalesOrganizationId</con:name>
        </con:property>
      </con:properties>
      <con:returnProperties>
        <con:entry>res_biId</con:entry>
        <con:entry>res_code</con:entry>
        <con:entry>res_errorMessage</con:entry>
      </con:returnProperties>
      <con:runMode>PARALLELL</con:runMode>
    </con:config>
  </con:testStep>
  <con:testStep type="assertionteststep" name="Assertion update user information with same external id" id="feaa3bb0-9f70-49fe-9ae9-0ce4ac44fc18" disabled="true">
    <con:settings/>
    <con:config xsi:type="con:AssertionTestStep" xmlns:xsi="http://www.w3.org/2001/XMLSchema-instance">
      <con:entry>
        <con:id>b50d22b6-1d94-4516-8acc-31fa8c5ff7b4</con:id>
        <con:isGroup>false</con:isGroup>
        <con:sourceId>480c81a6-8c6c-4aeb-9525-8e9245e58bff</con:sourceId>
        <con:propertyName>httpCode201</con:propertyName>
        <con:assertion type="Simple Equals" name="Equals" id="e4b9db75-c41d-47c3-a684-009d3e63ed49">
          <con:configuration>
            <patternObjectId>d99f17a0-9e63-4dc6-b748-0f9652efd3bb</patternObjectId>
            <patternProperty>res_code</patternProperty>
            <caseSensitive>true</caseSensitive>
          </con:configuration>
        </con:assertion>
      </con:entry>
    </con:config>
  </con:testStep>
  <con:testStep type="transfer" name="Set submit update user info with same external id" id="2eecde5a-181a-4f6e-922d-c4a35bebc025" disabled="true">
    <con:settings/>
    <con:config xsi:type="con:PropertyTransfersStep" xmlns:xsi="http://www.w3.org/2001/XMLSchema-instance">
      <con:transfers setNullOnMissingSource="true" transferTextContent="true" failOnError="true" ignoreEmpty="false" transferToAll="false" entitize="false" transferChildNodes="false">
        <con:name>biId</con:name>
        <con:sourceType>res_biId</con:sourceType>
        <con:sourceStep>Update user information with same external id</con:sourceStep>
        <con:sourcePath/>
        <con:targetType>req_biId</con:targetType>
        <con:targetStep>Submit update user info with same external id</con:targetStep>
        <con:targetPath/>
        <con:upgraded>true</con:upgraded>
      </con:transfers>
    </con:config>
  </con:testStep>
  <con:testStep type="calltestcase" name="Submit update user info with same external id" id="19737915-d8fb-480a-bcd6-c717e0fe6e1d" disabled="true">
    <con:settings/>
    <con:config xsi:type="con:RunTestCaseStep" xmlns:xsi="http://www.w3.org/2001/XMLSchema-instance">
      <con:targetTestCase>a05b1999-4d06-4cf0-a357-73b0c1a2544f</con:targetTestCase>
      <con:properties>
        <con:property>
          <con:name>req_biId</con:name>
          <con:value>481</con:value>
        </con:property>
        <con:property>
          <con:name>res_code</con:name>
          <con:value>200</con:value>
        </con:property>
        <con:property>
          <con:name>res_errorMessage</con:name>
          <con:value xsi:nil="true"/>
        </con:property>
      </con:properties>
      <con:returnProperties>
        <con:entry>res_code</con:entry>
        <con:entry>res_errorMessage</con:entry>
      </con:returnProperties>
      <con:runMode>PARALLELL</con:runMode>
    </con:config>
  </con:testStep>
  <con:testStep type="assertionteststep" name="Assertion submit update user info with same external id" id="e759bb00-5eea-4839-bd3e-633af3283b7a" disabled="true">
    <con:settings/>
    <con:config xsi:type="con:AssertionTestStep" xmlns:xsi="http://www.w3.org/2001/XMLSchema-instance">
      <con:entry>
        <con:id>dc5d90e8-6dcb-432d-88bd-ade5941167c2</con:id>
        <con:isGroup>false</con:isGroup>
        <con:sourceId>480c81a6-8c6c-4aeb-9525-8e9245e58bff</con:sourceId>
        <con:propertyName>httpCode200</con:propertyName>
        <con:assertion type="Simple Equals" name="Equals" id="9d1a8b7c-c819-496b-9dbe-27f84cf2bdfe">
          <con:configuration>
            <patternObjectId>dcdc14e6-1e39-4d91-83bf-2e780afebcd5</patternObjectId>
            <patternProperty>res_code</patternProperty>
            <caseSensitive>true</caseSensitive>
          </con:configuration>
        </con:assertion>
      </con:entry>
    </con:config>
  </con:testStep>
  <con:testStep type="calltestcase" name="List all user roles" id="201d4d6c-a34b-4280-9ec8-195a7efe1f2f" disabled="true">
    <con:settings/>
    <con:config xsi:type="con:RunTestCaseStep" xmlns:xsi="http://www.w3.org/2001/XMLSchema-instance">
      <con:targetTestCase>997c5206-b931-429b-8be8-cb511fbce056</con:targetTestCase>
      <con:properties>
        <con:property>
          <con:name>response</con:name>
          <con:value>[{"forceToUseSession":false,"externalId":"SYSUSR-ERMS","party":{"firstName":"ADMIN","lastName":"USER","name":"ADMIN USER","externalId":"0","id":"2"},"name":"ADMIN USER","status":"Active","id":"2"},{"forceToUseSession":false,"externalId":"u94143f00-73fb-423e-9924-07436185d333","party":{"firstName":"John","lastName":"Smith","name":"John Smith","id":"7"},"partyRoleSpecification":{"name":"urs-db89ce94-94f3-4ae0-8765-160fced9a1ba","id":"17"},"name":"John Smith","status":"Active","id":"11"},{"forceToUseSession":false,"externalId":"u2d8cedf2-7bac-4524-85f3-96d57b92ff4c","party":{"firstName":"John","lastName":"Smith","name":"John Smith","email":"caner@caner.com","id":"9"},"partyRoleSpecification":{"name":"urs-7e0dfa30-3bf8-4b5e-8c21-1eb2a9bcea8c","id":"22"},"name":"John Smith","status":"Active","id":"13"},{"forceToUseSession":false,"externalId":"u0bdc37a8-466e-48ee-8bfd-8c461bf4cc74","party":{"firstName":"fname","lastName":"lname","name":"fname lname","email":"caner@caner.com","id":"12"},"partyRoleSpecification":{"name":"urs-ee73a51c-77ed-44a8-b925-f7230629226f","id":"27"},"name":"fname lname","status":"Active","id":"15"},{"forceToUseSession":false,"externalId":"ua5df8414-9b55-4886-97b5-fab8e1ebcbcf","party":{"firstName":"fname","lastName":"lname","name":"fname lname","email":"caner@caner.com","id":"13"},"partyRoleSpecification":{"name":"urs-b1b3db9c-1f26-45d9-b33a-d6b528aafd1f","id":"28"},"name":"fname lname","status":"Active","id":"16"},{"forceToUseSession":false,"externalId":"u111f90e5-f4db-4ad9-b5a9-50da2f442d90","party":{"firstName":"John","lastName":"Smith","name":"John Smith","email":"test@valid.com","id":"15"},"partyRoleSpecification":{"name":"urs-e034a5b3-a9af-474f-b367-0501b68db46a","id":"35"},"name":"John Smith","status":"Active","id":"19"},{"forceToUseSession":false,"externalId":"robert.baggio29fe1d00-494c-4ad5-95a3-11fe9cde9078","party":{"firstName":"John","lastName":"Smith","name":"John Smith","id":"17"},"partyRoleSpecification":{"name":"urs-4d2f73b2-9bc6-42b1-af09-13b61a5f1add","id":"39"},"name":"John Smith","status":"Active","id":"21"},{"forceToUseSession":false,"externalId":"robert.baggio84d8f0f7-109a-4c6c-acdc-ee4b9a6ea10b","party":{"firstName":"Roberto","lastName":"Baggio","name":"Roberto Baggio","id":"23"},"partyRoleSpecification":{"name":"usr-role-spec-02bdcc8e-f574-4a3c-8296-9be07ec6f758","id":"32"},"name":"Roberto Baggio","status":"Active","id":"22"},{"forceToUseSession":false,"externalId":"newExternalId-7ba05237-6630-4a81-ba7e-cd67c3807bb6","party":{"firstName":"Abuzer","lastName":"Kadayif","name":"Abuzer Kadayif","id":"24"},"partyRoleSpecification":{"name":"usr-role-spec-02bdcc8e-f574-4a3c-8296-9be07ec6f758","id":"32"},"name":"Abuzer Kadayif","status":"Active","id":"23"},{"forceToUseSession":true,"externalId":"bilbobagginsaa4b5c0e-efd5-4e22-8edb-166a0f856e3c","party":{"firstName":"Abuzer","lastName":"Kadayif","middleName":"Keskul","gender":"female","name":"Abuzer Keskul Kadayif","email":"abuzer.kadayif@mail.com","id":"21"},"partyRoleSpecification":{"name":"usr-role-spec-f9b036a1-84a4-4b3d-9e42-db375b125cb7","id":"33"},"name":"Abuzer Keskul Kadayif","status":"Active","id":"24"}]</con:value>
        </con:property>
        <con:property>
          <con:name>res_code</con:name>
          <con:value xsi:nil="true"/>
        </con:property>
        <con:property>
          <con:name>res_errorMessage</con:name>
          <con:value xsi:nil="true"/>
        </con:property>
        <con:property>
          <con:name>res_status</con:name>
          <con:value>200</con:value>
        </con:property>
      </con:properties>
      <con:returnProperties>
        <con:entry>response</con:entry>
        <con:entry>res_status</con:entry>
      </con:returnProperties>
      <con:runMode>PARALLELL</con:runMode>
    </con:config>
  </con:testStep>
  <con:testStep type="assertionteststep" name="Assertion user roles are listed" id="e2075941-76be-4ef6-9954-a53ba8ad23e2" disabled="true">
    <con:settings/>
    <con:config xsi:type="con:AssertionTestStep" xmlns:xsi="http://www.w3.org/2001/XMLSchema-instance">
      <con:entry>
        <con:id>8c5a330e-557a-4326-be4a-4863b401d308</con:id>
        <con:isGroup>false</con:isGroup>
        <con:sourceId>201d4d6c-a34b-4280-9ec8-195a7efe1f2f</con:sourceId>
        <con:propertyName>response</con:propertyName>
        <con:assertion type="Simple Contains" name="Contains" id="b9b1dc67-716b-4200-9f4e-6576b55f7dd5">
          <con:configuration>
            <token>\w+</token>
            <ignoreCase>false</ignoreCase>
            <useRegEx>true</useRegEx>
          </con:configuration>
        </con:assertion>
      </con:entry>
      <con:entry>
        <con:id>c996646e-7ed5-4c4f-9c3c-ba4fbfd8b587</con:id>
        <con:isGroup>false</con:isGroup>
        <con:sourceId>201d4d6c-a34b-4280-9ec8-195a7efe1f2f</con:sourceId>
        <con:propertyName>res_status</con:propertyName>
        <con:assertion type="Simple Equals" name="Equals" id="36d9d182-bbce-4eec-86e7-b443a19fbaba">
          <con:configuration>
            <patternObjectId>ed47999d-52cc-4556-b643-5a1394572e39</patternObjectId>
            <patternProperty>httpCode200</patternProperty>
            <caseSensitive>true</caseSensitive>
          </con:configuration>
        </con:assertion>
      </con:entry>
    </con:config>
  </con:testStep>
  <con:testStep type="transfer" name="Set display single user role FAIL" id="e052ed4b-8cb0-42c1-8bd7-41e54981d9c9" disabled="true">
    <con:settings/>
    <con:config xsi:type="con:PropertyTransfersStep" xmlns:xsi="http://www.w3.org/2001/XMLSchema-instance">
      <con:transfers setNullOnMissingSource="true" transferTextContent="true" failOnError="true" ignoreEmpty="false" transferToAll="false" entitize="false" transferChildNodes="false">
        <con:name>userRoleId</con:name>
        <con:sourceType>notExistId</con:sourceType>
        <con:sourceStep>Given properties for the test steps</con:sourceStep>
        <con:sourcePath/>
        <con:targetType>req_userId</con:targetType>
        <con:targetStep>Display single user role FAIL</con:targetStep>
        <con:targetPath/>
        <con:upgraded>true</con:upgraded>
      </con:transfers>
    </con:config>
  </con:testStep>
  <con:testStep type="calltestcase" name="Display single user role FAIL" id="b345c5cd-8d1c-4b84-881d-d5a9cdfc7157" disabled="true">
    <con:settings/>
    <con:config xsi:type="con:RunTestCaseStep" xmlns:xsi="http://www.w3.org/2001/XMLSchema-instance">
      <con:targetTestCase>d8d05d28-853c-4d2d-890e-bd00afa7c45c</con:targetTestCase>
      <con:properties>
        <con:property>
          <con:name>req_userId</con:name>
          <con:value>-1</con:value>
        </con:property>
        <con:property>
          <con:name>res_userId</con:name>
        </con:property>
        <con:property>
          <con:name>res_userStatus</con:name>
        </con:property>
        <con:property>
          <con:name>res_externalId</con:name>
        </con:property>
        <con:property>
          <con:name>res_firstName</con:name>
        </con:property>
        <con:property>
          <con:name>res_lastName</con:name>
        </con:property>
        <con:property>
          <con:name>res_middleName</con:name>
        </con:property>
        <con:property>
          <con:name>res_gender</con:name>
        </con:property>
        <con:property>
          <con:name>res_name</con:name>
        </con:property>
        <con:property>
          <con:name>res_email</con:name>
        </con:property>
        <con:property>
          <con:name>res_forceToUseSession</con:name>
        </con:property>
        <con:property>
          <con:name>res_status</con:name>
          <con:value>404</con:value>
        </con:property>
        <con:property>
          <con:name>res_errorMessage</con:name>
          <con:value xsi:nil="true"/>
        </con:property>
      </con:properties>
      <con:returnProperties>
        <con:entry>res_status</con:entry>
        <con:entry>res_errorMessage</con:entry>
      </con:returnProperties>
      <con:runMode>PARALLELL</con:runMode>
    </con:config>
  </con:testStep>
  <con:testStep type="assertionteststep" name="Assertion user not found" id="e22ab969-d598-4759-bfe4-ac1ca35574e7" disabled="true">
    <con:settings/>
    <con:config xsi:type="con:AssertionTestStep" xmlns:xsi="http://www.w3.org/2001/XMLSchema-instance">
      <con:entry>
        <con:id>2eb4546c-79c7-4104-bac0-9b0d267b1688</con:id>
        <con:isGroup>false</con:isGroup>
        <con:sourceId>b345c5cd-8d1c-4b84-881d-d5a9cdfc7157</con:sourceId>
        <con:propertyName>res_status</con:propertyName>
        <con:assertion type="Simple Equals" name="Equals" id="429a0ebf-2ad2-4b77-9a48-db8cbe9c460a">
          <con:configuration>
            <patternObjectId>ed47999d-52cc-4556-b643-5a1394572e39</patternObjectId>
            <patternProperty>httpCode404</patternProperty>
            <caseSensitive>true</caseSensitive>
          </con:configuration>
        </con:assertion>
      </con:entry>
    </con:config>
  </con:testStep>
  <con:testStep type="transfer" name="Set display single user role SUCCESS" id="663259aa-4fae-469d-b3dc-a939d463f44a" disabled="true">
    <con:settings/>
    <con:config xsi:type="con:PropertyTransfersStep" xmlns:xsi="http://www.w3.org/2001/XMLSchema-instance">
      <con:transfers setNullOnMissingSource="true" transferTextContent="true" failOnError="true" ignoreEmpty="false" transferToAll="false" entitize="false" transferChildNodes="false">
        <con:name>userRoleId</con:name>
        <con:sourceType>userId</con:sourceType>
        <con:sourceStep>Given properties for the test steps</con:sourceStep>
        <con:sourcePath/>
        <con:targetType>req_userId</con:targetType>
        <con:targetStep>Display single user role SUCCESS</con:targetStep>
        <con:targetPath/>
        <con:upgraded>true</con:upgraded>
      </con:transfers>
    </con:config>
  </con:testStep>
  <con:testStep type="calltestcase" name="Display single user role SUCCESS" id="edd3ace4-1ebe-4cc8-95ff-dcfe3ee28b66" disabled="true">
    <con:settings/>
    <con:config xsi:type="con:RunTestCaseStep" xmlns:xsi="http://www.w3.org/2001/XMLSchema-instance">
      <con:targetTestCase>d8d05d28-853c-4d2d-890e-bd00afa7c45c</con:targetTestCase>
      <con:properties>
        <con:property>
          <con:name>req_userId</con:name>
          <con:value>19</con:value>
        </con:property>
        <con:property>
          <con:name>res_userId</con:name>
          <con:value>19</con:value>
        </con:property>
        <con:property>
          <con:name>res_userStatus</con:name>
          <con:value>Active</con:value>
        </con:property>
        <con:property>
          <con:name>res_externalId</con:name>
          <con:value>u111f90e5-f4db-4ad9-b5a9-50da2f442d90</con:value>
        </con:property>
        <con:property>
          <con:name>res_firstName</con:name>
          <con:value>John</con:value>
        </con:property>
        <con:property>
          <con:name>res_lastName</con:name>
          <con:value>Smith</con:value>
        </con:property>
        <con:property>
          <con:name>res_middleName</con:name>
          <con:value xsi:nil="true"/>
        </con:property>
        <con:property>
          <con:name>res_gender</con:name>
          <con:value xsi:nil="true"/>
        </con:property>
        <con:property>
          <con:name>res_name</con:name>
          <con:value>John Smith</con:value>
        </con:property>
        <con:property>
          <con:name>res_email</con:name>
          <con:value>test@valid.com</con:value>
        </con:property>
        <con:property>
          <con:name>res_forceToUseSession</con:name>
          <con:value>false</con:value>
        </con:property>
        <con:property>
          <con:name>res_status</con:name>
          <con:value>200</con:value>
        </con:property>
        <con:property>
          <con:name>res_errorMessage</con:name>
        </con:property>
      </con:properties>
      <con:returnProperties>
        <con:entry>res_userId</con:entry>
        <con:entry>res_userStatus</con:entry>
        <con:entry>res_externalId</con:entry>
        <con:entry>res_firstName</con:entry>
        <con:entry>res_lastName</con:entry>
        <con:entry>res_middleName</con:entry>
        <con:entry>res_gender</con:entry>
        <con:entry>res_name</con:entry>
        <con:entry>res_email</con:entry>
        <con:entry>res_forceToUseSession</con:entry>
        <con:entry>res_status</con:entry>
      </con:returnProperties>
      <con:runMode>PARALLELL</con:runMode>
    </con:config>
  </con:testStep>
  <con:testStep type="assertionteststep" name="Assertion httpCode and userRoleId" id="a1bfc5da-02d8-4960-9507-fcab1caa2940" disabled="true">
    <con:settings/>
    <con:config xsi:type="con:AssertionTestStep" xmlns:xsi="http://www.w3.org/2001/XMLSchema-instance">
      <con:entry>
        <con:id>5c7a9595-9539-4bbf-b7ba-cbcfaed8d5df</con:id>
        <con:isGroup>false</con:isGroup>
        <con:sourceId>edd3ace4-1ebe-4cc8-95ff-dcfe3ee28b66</con:sourceId>
        <con:propertyName>res_status</con:propertyName>
        <con:assertion type="Simple Equals" name="Equals" id="c54f99d6-922e-481f-9e0c-831320a9d31b">
          <con:configuration>
            <patternObjectId>ed47999d-52cc-4556-b643-5a1394572e39</patternObjectId>
            <patternProperty>httpCode200</patternProperty>
            <caseSensitive>true</caseSensitive>
          </con:configuration>
        </con:assertion>
      </con:entry>
      <con:entry>
        <con:id>c33bfc76-3b23-4edf-9715-1fc5fb748238</con:id>
        <con:isGroup>false</con:isGroup>
        <con:sourceId>edd3ace4-1ebe-4cc8-95ff-dcfe3ee28b66</con:sourceId>
        <con:propertyName>res_userId</con:propertyName>
        <con:assertion type="Simple Contains" name="Contains" id="d6b8e84a-3d0b-4544-987b-3e8b670381f8">
          <con:configuration>
            <token>\d+</token>
            <ignoreCase>false</ignoreCase>
            <useRegEx>true</useRegEx>
          </con:configuration>
        </con:assertion>
      </con:entry>
    </con:config>
  </con:testStep>
  <con:testStep type="transfer" name="Set get active session of user FAIL" id="e6b74999-062c-4363-9f24-abde5737a3ee" disabled="true">
    <con:settings/>
    <con:config xsi:type="con:PropertyTransfersStep" xmlns:xsi="http://www.w3.org/2001/XMLSchema-instance">
      <con:transfers setNullOnMissingSource="true" transferTextContent="true" failOnError="true" ignoreEmpty="false" transferToAll="false" entitize="false" transferChildNodes="false">
        <con:name>userRoleId</con:name>
        <con:sourceType>notExistId</con:sourceType>
        <con:sourceStep>Given properties for the test steps</con:sourceStep>
        <con:sourcePath/>
        <con:targetType>req_userId</con:targetType>
        <con:targetStep>Get active session of user FAIL</con:targetStep>
        <con:targetPath/>
        <con:upgraded>true</con:upgraded>
      </con:transfers>
    </con:config>
  </con:testStep>
  <con:testStep type="calltestcase" name="Get active session of user FAIL" id="a95a232e-b6c8-44cd-b9cd-5893bab3a1f6" disabled="true">
    <con:settings/>
    <con:config xsi:type="con:RunTestCaseStep" xmlns:xsi="http://www.w3.org/2001/XMLSchema-instance">
      <con:targetTestCase>386bb547-46b2-440b-b144-5beef75aa635</con:targetTestCase>
      <con:properties>
        <con:property>
          <con:name>req_userId</con:name>
          <con:value>-1</con:value>
        </con:property>
        <con:property>
          <con:name>res_activeSessionId</con:name>
        </con:property>
        <con:property>
          <con:name>res_headerCode</con:name>
          <con:value>400</con:value>
        </con:property>
        <con:property>
          <con:name>res_initialAccountAmount</con:name>
        </con:property>
        <con:property>
          <con:name>res_transactionalAccountAmount</con:name>
        </con:property>
        <con:property>
          <con:name>res_errorMessage</con:name>
          <con:value>Party Role not found:-1</con:value>
        </con:property>
      </con:properties>
      <con:returnProperties>
        <con:entry>res_headerCode</con:entry>
        <con:entry>res_errorMessage</con:entry>
      </con:returnProperties>
      <con:runMode>PARALLELL</con:runMode>
    </con:config>
  </con:testStep>
  <con:testStep type="assertionteststep" name="Assertion party role not found" id="4a15e534-dbc9-4bbc-bb20-cadb7fc4624e" disabled="true">
    <con:settings/>
    <con:config xsi:type="con:AssertionTestStep" xmlns:xsi="http://www.w3.org/2001/XMLSchema-instance">
      <con:entry>
        <con:id>26524b38-cddc-4bb4-a32c-709d3a13413f</con:id>
        <con:isGroup>false</con:isGroup>
        <con:sourceId>a95a232e-b6c8-44cd-b9cd-5893bab3a1f6</con:sourceId>
        <con:propertyName>res_headerCode</con:propertyName>
        <con:assertion type="Simple Equals" name="Equals" id="bff3bc5a-df5c-49bc-a792-483c8fe815df">
          <con:configuration>
            <patternObjectId>ed47999d-52cc-4556-b643-5a1394572e39</patternObjectId>
            <patternProperty>httpCode400</patternProperty>
            <caseSensitive>true</caseSensitive>
          </con:configuration>
        </con:assertion>
      </con:entry>
      <con:entry>
        <con:id>992fc4be-5936-4866-a2c8-624c2af3cbe5</con:id>
        <con:isGroup>false</con:isGroup>
        <con:sourceId>a95a232e-b6c8-44cd-b9cd-5893bab3a1f6</con:sourceId>
        <con:propertyName>res_errorMessage</con:propertyName>
        <con:assertion type="Simple Equals" name="Equals 2" id="d9907cea-da57-481e-8e8c-a9268a95c066">
          <con:configuration>
            <patternObjectId>ed47999d-52cc-4556-b643-5a1394572e39</patternObjectId>
            <patternProperty>errorMessagePartyRoleNotFound-1</patternProperty>
            <caseSensitive>true</caseSensitive>
          </con:configuration>
        </con:assertion>
      </con:entry>
    </con:config>
  </con:testStep>
  <con:testStep type="transfer" name="Set get active session of user SUCCESS" id="4d9e51fa-52e3-4b20-aec4-f22991bd38e5" disabled="true">
    <con:settings/>
    <con:config xsi:type="con:PropertyTransfersStep" xmlns:xsi="http://www.w3.org/2001/XMLSchema-instance">
      <con:transfers setNullOnMissingSource="true" transferTextContent="true" failOnError="true" ignoreEmpty="false" transferToAll="false" entitize="false" transferChildNodes="false">
        <con:name>userRoleId</con:name>
        <con:sourceType>userId</con:sourceType>
        <con:sourceStep>Given properties for the test steps</con:sourceStep>
        <con:sourcePath/>
        <con:targetType>req_userId</con:targetType>
        <con:targetStep>Get active session of user SUCCESS</con:targetStep>
        <con:targetPath/>
        <con:upgraded>true</con:upgraded>
      </con:transfers>
    </con:config>
  </con:testStep>
  <con:testStep type="calltestcase" name="Get active session of user SUCCESS" id="41a2897b-092c-49ff-85a2-9935c57ec84d" disabled="true">
    <con:settings/>
    <con:config xsi:type="con:RunTestCaseStep" xmlns:xsi="http://www.w3.org/2001/XMLSchema-instance">
      <con:targetTestCase>386bb547-46b2-440b-b144-5beef75aa635</con:targetTestCase>
      <con:properties>
        <con:property>
          <con:name>req_userId</con:name>
          <con:value>19</con:value>
        </con:property>
        <con:property>
          <con:name>res_activeSessionId</con:name>
          <con:value xsi:nil="true"/>
        </con:property>
        <con:property>
          <con:name>res_headerCode</con:name>
          <con:value>404</con:value>
        </con:property>
        <con:property>
          <con:name>res_initialAccountAmount</con:name>
          <con:value xsi:nil="true"/>
        </con:property>
        <con:property>
          <con:name>res_transactionalAccountAmount</con:name>
          <con:value xsi:nil="true"/>
        </con:property>
        <con:property>
          <con:name>res_errorMessage</con:name>
          <con:value>404</con:value>
        </con:property>
      </con:properties>
      <con:returnProperties>
        <con:entry>res_activeSessionId</con:entry>
        <con:entry>res_headerCode</con:entry>
        <con:entry>res_initialAccountAmount</con:entry>
        <con:entry>res_transactionalAccountAmount</con:entry>
        <con:entry>res_errorMessage</con:entry>
      </con:returnProperties>
      <con:runMode>PARALLELL</con:runMode>
    </con:config>
  </con:testStep>
  <con:testStep type="assertionteststep" name="Assertion user's active session not found" id="c60cc648-d03e-43d2-b6a5-25e6b330f89b" disabled="true">
    <con:settings/>
    <con:config xsi:type="con:AssertionTestStep" xmlns:xsi="http://www.w3.org/2001/XMLSchema-instance">
      <con:entry>
        <con:id>069c5828-6843-4213-a625-f03db406f70f</con:id>
        <con:isGroup>false</con:isGroup>
        <con:sourceId>41a2897b-092c-49ff-85a2-9935c57ec84d</con:sourceId>
        <con:propertyName>res_errorMessage</con:propertyName>
        <con:assertion type="Simple Equals" name="Equals" id="8cc6a1c0-66ba-4e30-aea8-a7aca9b7ae4d">
          <con:configuration>
            <patternObjectId>ed47999d-52cc-4556-b643-5a1394572e39</patternObjectId>
            <patternProperty>httpCode404</patternProperty>
            <caseSensitive>true</caseSensitive>
          </con:configuration>
        </con:assertion>
      </con:entry>
    </con:config>
  </con:testStep>
  <con:testStep type="transfer" name="Set start and submit session for user" id="6773b8a1-fef3-465c-bc02-5aca77d7eb20" disabled="true">
    <con:settings/>
    <con:config xsi:type="con:PropertyTransfersStep" xmlns:xsi="http://www.w3.org/2001/XMLSchema-instance">
      <con:transfers setNullOnMissingSource="true" transferTextContent="true" failOnError="true" ignoreEmpty="false" transferToAll="false" entitize="false" transferChildNodes="false">
        <con:name>terminalId</con:name>
        <con:sourceType>res_terminalId</con:sourceType>
        <con:sourceStep>Create sales organization, user, inventory and terminal</con:sourceStep>
        <con:sourcePath/>
        <con:targetType>req_terminalId</con:targetType>
        <con:targetStep>Start and submit session for user</con:targetStep>
        <con:targetPath/>
        <con:upgraded>true</con:upgraded>
      </con:transfers>
      <con:transfers setNullOnMissingSource="true" transferTextContent="true" failOnError="true" ignoreEmpty="false" transferToAll="false" entitize="false" transferChildNodes="false">
        <con:name>userRoleId</con:name>
        <con:sourceType>res_userRoleId</con:sourceType>
        <con:sourceStep>Create sales organization, user, inventory and terminal</con:sourceStep>
        <con:targetType>req_userRoleId</con:targetType>
        <con:targetStep>Start and submit session for user</con:targetStep>
        <con:upgraded>true</con:upgraded>
      </con:transfers>
      <con:transfers setNullOnMissingSource="true" transferTextContent="true" failOnError="true" ignoreEmpty="false" transferToAll="false" entitize="false" transferChildNodes="false">
        <con:name>salesOrgRoleId</con:name>
        <con:sourceType>res_salesOrgId</con:sourceType>
        <con:sourceStep>Create sales organization, user, inventory and terminal</con:sourceStep>
        <con:targetType>req_salesOrgRoleId</con:targetType>
        <con:targetStep>Start and submit session for user</con:targetStep>
        <con:upgraded>true</con:upgraded>
      </con:transfers>
      <con:transfers setNullOnMissingSource="true" transferTextContent="true" failOnError="true" ignoreEmpty="false" transferToAll="false" entitize="false" transferChildNodes="false">
        <con:name>userToken</con:name>
        <con:sourceType>userToken</con:sourceType>
        <con:sourceStep>Create sales organization, user, inventory and terminal</con:sourceStep>
        <con:targetType>AuthorizationUser</con:targetType>
        <con:targetStep>#Project#</con:targetStep>
        <con:upgraded>true</con:upgraded>
      </con:transfers>
      <con:transfers setNullOnMissingSource="true" transferTextContent="true" failOnError="true" ignoreEmpty="false" transferToAll="false" entitize="false" transferChildNodes="false">
        <con:name>userSo</con:name>
        <con:sourceType>res_salesOrgId</con:sourceType>
        <con:sourceStep>Create sales organization, user, inventory and terminal</con:sourceStep>
        <con:targetType>UserSo</con:targetType>
        <con:targetStep>#Project#</con:targetStep>
        <con:upgraded>true</con:upgraded>
      </con:transfers>
    </con:config>
  </con:testStep>
  <con:testStep type="calltestcase" name="Start and submit session for user" id="dc0b762e-a98f-490a-85bf-765adbc73236" disabled="true">
    <con:settings/>
    <con:config xsi:type="con:RunTestCaseStep" xmlns:xsi="http://www.w3.org/2001/XMLSchema-instance">
      <con:targetTestCase>a8bc6612-7b48-44cc-84ed-0b76bc1c8f6d</con:targetTestCase>
      <con:properties>
        <con:property>
          <con:name>req_terminalId</con:name>
          <con:value>2</con:value>
        </con:property>
        <con:property>
          <con:name>req_userRoleId</con:name>
          <con:value>19</con:value>
        </con:property>
        <con:property>
          <con:name>req_salesOrgRoleId</con:name>
          <con:value>17</con:value>
        </con:property>
        <con:property>
          <con:name>res_biId</con:name>
          <con:value>491</con:value>
        </con:property>
      </con:properties>
      <con:returnProperties>
        <con:entry>res_biId</con:entry>
      </con:returnProperties>
      <con:runMode>PARALLELL</con:runMode>
    </con:config>
  </con:testStep>
  <con:testStep type="transfer" name="Set get active session of user SUCCESS 2" id="7c63541e-6d10-4613-9e14-537d57ba1807" disabled="true">
    <con:settings/>
    <con:config xsi:type="con:PropertyTransfersStep" xmlns:xsi="http://www.w3.org/2001/XMLSchema-instance">
      <con:transfers setNullOnMissingSource="true" transferTextContent="true" failOnError="true" ignoreEmpty="false" transferToAll="false" entitize="false" transferChildNodes="false">
        <con:name>userRoleId</con:name>
        <con:sourceType>userId</con:sourceType>
        <con:sourceStep>Given properties for the test steps</con:sourceStep>
        <con:sourcePath/>
        <con:targetType>req_userId</con:targetType>
        <con:targetStep>Get active session of user SUCCESS 2</con:targetStep>
        <con:targetPath/>
        <con:upgraded>true</con:upgraded>
      </con:transfers>
    </con:config>
  </con:testStep>
  <con:testStep type="calltestcase" name="Get active session of user SUCCESS 2" id="7090b247-00d6-47b5-b082-4cd4edea36e2" disabled="true">
    <con:settings/>
    <con:config xsi:type="con:RunTestCaseStep" xmlns:xsi="http://www.w3.org/2001/XMLSchema-instance">
      <con:targetTestCase>386bb547-46b2-440b-b144-5beef75aa635</con:targetTestCase>
      <con:properties>
        <con:property>
          <con:name>req_userId</con:name>
          <con:value>19</con:value>
        </con:property>
        <con:property>
          <con:name>res_activeSessionId</con:name>
          <con:value>501</con:value>
        </con:property>
        <con:property>
          <con:name>res_headerCode</con:name>
          <con:value>200</con:value>
        </con:property>
        <con:property>
          <con:name>res_initialAccountAmount</con:name>
          <con:value>0.0</con:value>
        </con:property>
        <con:property>
          <con:name>res_transactionalAccountAmount</con:name>
          <con:value>0.0</con:value>
        </con:property>
        <con:property>
          <con:name>res_errorMessage</con:name>
        </con:property>
      </con:properties>
      <con:returnProperties>
        <con:entry>res_activeSessionId</con:entry>
        <con:entry>res_headerCode</con:entry>
        <con:entry>res_initialAccountAmount</con:entry>
        <con:entry>res_transactionalAccountAmount</con:entry>
      </con:returnProperties>
      <con:runMode>PARALLELL</con:runMode>
    </con:config>
  </con:testStep>
  <con:testStep type="assertionteststep" name="Assertion httpCode and activeSessionId" id="1d5700b0-795f-485f-8df8-c695b01f8729" disabled="true">
    <con:settings/>
    <con:config xsi:type="con:AssertionTestStep" xmlns:xsi="http://www.w3.org/2001/XMLSchema-instance">
      <con:entry>
        <con:id>94d9d0b4-b92f-4a8d-9492-39956bf35668</con:id>
        <con:isGroup>false</con:isGroup>
        <con:sourceId>7090b247-00d6-47b5-b082-4cd4edea36e2</con:sourceId>
        <con:propertyName>res_headerCode</con:propertyName>
        <con:assertion type="Simple Equals" name="Equals" id="115addbb-fece-4356-8b72-9ca631ed0664">
          <con:configuration>
            <patternObjectId>ed47999d-52cc-4556-b643-5a1394572e39</patternObjectId>
            <patternProperty>httpCode200</patternProperty>
            <caseSensitive>true</caseSensitive>
          </con:configuration>
        </con:assertion>
      </con:entry>
      <con:entry>
        <con:id>24f7063a-e3bb-48a1-8c8c-f540ded9138a</con:id>
        <con:isGroup>false</con:isGroup>
        <con:sourceId>7090b247-00d6-47b5-b082-4cd4edea36e2</con:sourceId>
        <con:propertyName>res_activeSessionId</con:propertyName>
        <con:assertion type="Simple Contains" name="Contains" id="bbd3fc29-0c02-45d2-9fce-71c466b0a7c3">
          <con:configuration>
            <token>\d+</token>
            <ignoreCase>false</ignoreCase>
            <useRegEx>true</useRegEx>
          </con:configuration>
        </con:assertion>
      </con:entry>
    </con:config>
  </con:testStep>
  <con:testStep type="transfer" name="Set get account balance of user FAIL" id="8924b2a7-9265-4616-8e9f-5961d5875034" disabled="true">
    <con:settings/>
    <con:config xsi:type="con:PropertyTransfersStep" xmlns:xsi="http://www.w3.org/2001/XMLSchema-instance">
      <con:transfers setNullOnMissingSource="true" transferTextContent="true" failOnError="true" ignoreEmpty="false" transferToAll="false" entitize="false" transferChildNodes="false">
        <con:name>userRoleId</con:name>
        <con:sourceType>notExistId</con:sourceType>
        <con:sourceStep>Given properties for the test steps</con:sourceStep>
        <con:sourcePath/>
        <con:targetType>req_userId</con:targetType>
        <con:targetStep>Get account balance of user FAIL</con:targetStep>
        <con:targetPath/>
        <con:upgraded>true</con:upgraded>
      </con:transfers>
    </con:config>
  </con:testStep>
  <con:testStep type="calltestcase" name="Get account balance of user FAIL" id="a117f4e1-f3fa-46c6-a5ce-0b75bc968755" disabled="true">
    <con:settings/>
    <con:config xsi:type="con:RunTestCaseStep" xmlns:xsi="http://www.w3.org/2001/XMLSchema-instance">
      <con:targetTestCase>8a3b20cb-7c77-4c79-a6a7-2d4c83fecf8c</con:targetTestCase>
      <con:properties>
        <con:property>
          <con:name>req_userId</con:name>
          <con:value>-1</con:value>
        </con:property>
        <con:property>
          <con:name>res_accountId</con:name>
        </con:property>
        <con:property>
          <con:name>res_accountName</con:name>
        </con:property>
        <con:property>
          <con:name>res_notRoundedAmount</con:name>
        </con:property>
        <con:property>
          <con:name>res_currency</con:name>
        </con:property>
        <con:property>
          <con:name>res_roundedAmount</con:name>
        </con:property>
        <con:property>
          <con:name>res_httpStatus</con:name>
          <con:value>400</con:value>
        </con:property>
        <con:property>
          <con:name>res_errorMessage</con:name>
          <con:value>USER_NOT_ACTIVE_OR_EXISTS</con:value>
        </con:property>
      </con:properties>
      <con:returnProperties>
        <con:entry>res_httpStatus</con:entry>
        <con:entry>res_errorMessage</con:entry>
      </con:returnProperties>
      <con:runMode>PARALLELL</con:runMode>
    </con:config>
  </con:testStep>
  <con:testStep type="assertionteststep" name="Assertion user not active or exists error" id="a13e29be-77b0-4104-a950-9fbc99aaa3a3" disabled="true">
    <con:settings/>
    <con:config xsi:type="con:AssertionTestStep" xmlns:xsi="http://www.w3.org/2001/XMLSchema-instance">
      <con:entry>
        <con:id>ca87fbbe-36c4-4a11-bfbe-bbe35144d78d</con:id>
        <con:isGroup>false</con:isGroup>
        <con:sourceId>a117f4e1-f3fa-46c6-a5ce-0b75bc968755</con:sourceId>
        <con:propertyName>res_httpStatus</con:propertyName>
        <con:assertion type="Simple Equals" name="Equals" id="2cb45b41-2f5f-44ee-9ce0-69049bba2a9c">
          <con:configuration>
            <patternObjectId>ed47999d-52cc-4556-b643-5a1394572e39</patternObjectId>
            <patternProperty>httpCode400</patternProperty>
            <caseSensitive>true</caseSensitive>
          </con:configuration>
        </con:assertion>
      </con:entry>
      <con:entry>
        <con:id>6c284ab4-c0a9-4ff4-883e-346d0f0903d8</con:id>
        <con:isGroup>false</con:isGroup>
        <con:sourceId>a117f4e1-f3fa-46c6-a5ce-0b75bc968755</con:sourceId>
        <con:propertyName>res_errorMessage</con:propertyName>
        <con:assertion type="Simple Equals" name="Equals 2" id="562a902b-aa58-4152-ad33-ff870118d04e">
          <con:configuration>
            <patternObjectId>ed47999d-52cc-4556-b643-5a1394572e39</patternObjectId>
            <patternProperty>userNotActiveOrExists</patternProperty>
            <caseSensitive>true</caseSensitive>
          </con:configuration>
        </con:assertion>
      </con:entry>
    </con:config>
  </con:testStep>
  <con:testStep type="transfer" name="Set get account balance of user SUCCESS" id="ca7352d3-59db-4d9c-9f15-861c650c6ec2" disabled="true">
    <con:settings/>
    <con:config xsi:type="con:PropertyTransfersStep" xmlns:xsi="http://www.w3.org/2001/XMLSchema-instance">
      <con:transfers setNullOnMissingSource="true" transferTextContent="true" failOnError="true" ignoreEmpty="false" transferToAll="false" entitize="false" transferChildNodes="false">
        <con:name>userRoleId</con:name>
        <con:sourceType>userId</con:sourceType>
        <con:sourceStep>Given properties for the test steps</con:sourceStep>
        <con:sourcePath/>
        <con:targetType>req_userId</con:targetType>
        <con:targetStep>Get account balance of user SUCCESS</con:targetStep>
        <con:targetPath/>
        <con:upgraded>true</con:upgraded>
      </con:transfers>
    </con:config>
  </con:testStep>
  <con:testStep type="calltestcase" name="Get account balance of user SUCCESS" id="59dc4a03-4776-4ee3-9710-2ecfdf50a738" disabled="true">
    <con:settings/>
    <con:config xsi:type="con:RunTestCaseStep" xmlns:xsi="http://www.w3.org/2001/XMLSchema-instance">
      <con:targetTestCase>8a3b20cb-7c77-4c79-a6a7-2d4c83fecf8c</con:targetTestCase>
      <con:properties>
        <con:property>
          <con:name>req_userId</con:name>
          <con:value>19</con:value>
        </con:property>
        <con:property>
          <con:name>res_accountId</con:name>
          <con:value>5</con:value>
        </con:property>
        <con:property>
          <con:name>res_accountName</con:name>
          <con:value xsi:nil="true"/>
        </con:property>
        <con:property>
          <con:name>res_notRoundedAmount</con:name>
          <con:value>0.0</con:value>
        </con:property>
        <con:property>
          <con:name>res_currency</con:name>
          <con:value>EUR</con:value>
        </con:property>
        <con:property>
          <con:name>res_roundedAmount</con:name>
          <con:value>0.0</con:value>
        </con:property>
        <con:property>
          <con:name>res_httpStatus</con:name>
          <con:value>200</con:value>
        </con:property>
        <con:property>
          <con:name>res_errorMessage</con:name>
          <con:value xsi:nil="true"/>
        </con:property>
      </con:properties>
      <con:returnProperties>
        <con:entry>res_accountId</con:entry>
        <con:entry>res_accountName</con:entry>
        <con:entry>res_notRoundedAmount</con:entry>
        <con:entry>res_currency</con:entry>
        <con:entry>res_roundedAmount</con:entry>
        <con:entry>res_httpStatus</con:entry>
        <con:entry>res_errorMessage</con:entry>
      </con:returnProperties>
      <con:runMode>PARALLELL</con:runMode>
    </con:config>
  </con:testStep>
  <con:testStep type="assertionteststep" name="Assertion httpCode and accountId" id="a43838bc-0e9e-4c6e-9971-d17a9cf459fe" disabled="true">
    <con:settings/>
    <con:config xsi:type="con:AssertionTestStep" xmlns:xsi="http://www.w3.org/2001/XMLSchema-instance">
      <con:entry>
        <con:id>1f10ff3f-82fd-4379-9c04-d06b87f909a5</con:id>
        <con:isGroup>false</con:isGroup>
        <con:sourceId>59dc4a03-4776-4ee3-9710-2ecfdf50a738</con:sourceId>
        <con:propertyName>res_httpStatus</con:propertyName>
        <con:assertion type="Simple Equals" name="Equals" id="11dec53b-8588-4394-8916-57e332253933">
          <con:configuration>
            <patternObjectId>ed47999d-52cc-4556-b643-5a1394572e39</patternObjectId>
            <patternProperty>httpCode200</patternProperty>
            <caseSensitive>true</caseSensitive>
          </con:configuration>
        </con:assertion>
      </con:entry>
      <con:entry>
        <con:id>20f5b619-1848-4754-a1fa-8ee3823c3536</con:id>
        <con:isGroup>false</con:isGroup>
        <con:sourceId>59dc4a03-4776-4ee3-9710-2ecfdf50a738</con:sourceId>
        <con:propertyName>res_accountId</con:propertyName>
        <con:assertion type="Simple Contains" name="Contains" id="5f0d553b-10bc-4fa6-b01e-7fac466c580d">
          <con:configuration>
            <token>\d+</token>
            <ignoreCase>false</ignoreCase>
            <useRegEx>true</useRegEx>
          </con:configuration>
        </con:assertion>
      </con:entry>
    </con:config>
  </con:testStep>
  <con:properties>
    <con:property>
      <con:name>createdForSalesOrganizationRoleId</con:name>
      <con:value>1</con:value>
    </con:property>
  </con:properties>
  <con:reportParameters/>
  <con:breakPoints>
    <con:testStepId>2e1d8be0-2c7c-431b-98ec-3b23a60669ad</con:testStepId>
    <con:status>NONE</con:status>
    <con:properties/>
  </con:breakPoints>
  <con:breakPoints>
    <con:testStepId>eb2e267d-61cb-433e-9848-60790d7db241</con:testStepId>
    <con:status>NONE</con:status>
    <con:properties/>
  </con:breakPoints>
  <con:breakPoints>
    <con:testStepId>b3446091-cfbe-43f6-b12c-4b276922a044</con:testStepId>
    <con:status>NONE</con:status>
    <con:properties/>
  </con:breakPoints>
  <con:breakPoints>
    <con:testStepId>c6d094de-a1bd-4dcd-a6d7-49baf71635f7</con:testStepId>
    <con:status>NONE</con:status>
    <con:properties/>
  </con:breakPoints>
  <con:breakPoints>
    <con:testStepId>f1c092d0-1242-4b3b-82dd-932432053c9e</con:testStepId>
    <con:status>NONE</con:status>
    <con:properties/>
  </con:breakPoints>
  <con:breakPoints>
    <con:testStepId>984588f9-0e5d-4bbd-ac96-52fe2d28bdbd</con:testStepId>
    <con:status>NONE</con:status>
    <con:properties/>
  </con:breakPoints>
  <con:breakPoints>
    <con:testStepId>49f6fee4-8c18-413d-99f2-7530f363de56</con:testStepId>
    <con:status>NONE</con:status>
    <con:properties/>
  </con:breakPoints>
  <con:breakPoints>
    <con:testStepId>09f81a85-e746-4ada-87ae-b79100d3911a</con:testStepId>
    <con:status>NONE</con:status>
    <con:properties/>
  </con:breakPoints>
  <con:breakPoints>
    <con:testStepId>31156bec-973b-48a4-9ac9-efa699f0da4a</con:testStepId>
    <con:status>NONE</con:status>
    <con:properties/>
  </con:breakPoints>
  <con:breakPoints>
    <con:testStepId>d51b7b64-4fae-4758-b2a1-2231796aded1</con:testStepId>
    <con:status>NONE</con:status>
    <con:properties/>
  </con:breakPoints>
  <con:breakPoints>
    <con:testStepId>1aaed48b-3975-4635-95d1-58bdcb234722</con:testStepId>
    <con:status>NONE</con:status>
    <con:properties/>
  </con:breakPoints>
  <con:breakPoints>
    <con:testStepId>48da5b95-3ade-4e14-86ac-427f5d8eb5f3</con:testStepId>
    <con:status>NONE</con:status>
    <con:properties/>
  </con:breakPoints>
  <con:breakPoints>
    <con:testStepId>e84084a7-1ce4-4b9d-8978-25eb54d94623</con:testStepId>
    <con:status>NONE</con:status>
    <con:properties/>
  </con:breakPoints>
  <con:breakPoints>
    <con:testStepId>c30628e9-e305-4146-8c3f-456b8c6dc5f4</con:testStepId>
    <con:status>NONE</con:status>
    <con:properties/>
  </con:breakPoints>
  <con:breakPoints>
    <con:testStepId>035bfad6-84a1-4fcf-94fe-b4996b6fc59e</con:testStepId>
    <con:status>NONE</con:status>
    <con:properties/>
  </con:breakPoints>
  <con:breakPoints>
    <con:testStepId>b9fec50c-d45a-460c-aabb-135ab6ba20c0</con:testStepId>
    <con:status>NONE</con:status>
    <con:properties/>
  </con:breakPoints>
  <con:breakPoints>
    <con:testStepId>d70094d2-b624-4c71-9bc7-d7a2fcdffbde</con:testStepId>
    <con:status>NONE</con:status>
    <con:properties/>
  </con:breakPoints>
  <con:breakPoints>
    <con:testStepId>f5f2c704-11aa-4bf1-a77a-c8f24d37c33b</con:testStepId>
    <con:status>NONE</con:status>
    <con:properties/>
  </con:breakPoints>
  <con:breakPoints>
    <con:testStepId>922b28e9-7bea-44ac-9414-6b08827b4efc</con:testStepId>
    <con:status>NONE</con:status>
    <con:properties/>
  </con:breakPoints>
  <con:breakPoints>
    <con:testStepId>daab828f-6381-4d52-b993-bbb207ee9c71</con:testStepId>
    <con:status>NONE</con:status>
    <con:properties/>
  </con:breakPoints>
  <con:breakPoints>
    <con:testStepId>2c277ae4-f168-4d7a-a222-935a1dacfd53</con:testStepId>
    <con:status>NONE</con:status>
    <con:properties/>
  </con:breakPoints>
  <con:breakPoints>
    <con:testStepId>c865cbf9-fd12-46e7-90ae-60bddb17eac8</con:testStepId>
    <con:status>NONE</con:status>
    <con:properties/>
  </con:breakPoints>
  <con:breakPoints>
    <con:testStepId>b60689bf-db7f-44bf-82e5-ff8f7757ddfd</con:testStepId>
    <con:status>NONE</con:status>
    <con:properties/>
  </con:breakPoints>
  <con:breakPoints>
    <con:testStepId>25301057-3b50-467e-bbc5-b7a2194f2382</con:testStepId>
    <con:status>NONE</con:status>
    <con:properties/>
  </con:breakPoints>
  <con:breakPoints>
    <con:testStepId>a67d1b21-1f1d-40ec-b934-0e1f4bdb9de9</con:testStepId>
    <con:status>NONE</con:status>
    <con:properties/>
  </con:breakPoints>
  <con:breakPoints>
    <con:testStepId>21df94df-efe8-4a19-be91-ba4c978f6c96</con:testStepId>
    <con:status>NONE</con:status>
    <con:properties/>
  </con:breakPoints>
  <con:breakPoints>
    <con:testStepId>caef8ab8-0a89-457f-86ac-f9372e5bac2f</con:testStepId>
    <con:status>NONE</con:status>
    <con:properties/>
  </con:breakPoints>
  <con:breakPoints>
    <con:testStepId>d27542e2-b01b-44c7-9032-706f31a316e7</con:testStepId>
    <con:status>NONE</con:status>
    <con:properties/>
  </con:breakPoints>
  <con:breakPoints>
    <con:testStepId>7c41a0bf-0222-4b85-9d85-8f62b2ce3deb</con:testStepId>
    <con:status>NONE</con:status>
    <con:properties/>
  </con:breakPoints>
  <con:breakPoints>
    <con:testStepId>4086b09a-2726-435e-a493-19ab7a735b02</con:testStepId>
    <con:status>NONE</con:status>
    <con:properties/>
  </con:breakPoints>
  <con:breakPoints>
    <con:testStepId>1fdbe111-6f01-4b4d-b83e-f04ec856defd</con:testStepId>
    <con:status>NONE</con:status>
    <con:properties/>
  </con:breakPoints>
  <con:breakPoints>
    <con:testStepId>e6bcbc9f-d99d-4a9d-b185-d34d8b61e5e8</con:testStepId>
    <con:status>NONE</con:status>
    <con:properties/>
  </con:breakPoints>
  <con:breakPoints>
    <con:testStepId>6c790ce4-a681-41ad-a155-04ca1851869d</con:testStepId>
    <con:status>NONE</con:status>
    <con:properties/>
  </con:breakPoints>
  <con:breakPoints>
    <con:testStepId>e0086b9d-44e7-4047-b8a0-ea43046f24e4</con:testStepId>
    <con:status>NONE</con:status>
    <con:properties/>
  </con:breakPoints>
  <con:breakPoints>
    <con:testStepId>7ddda1c5-e48e-4fe8-a9b1-f7a283d4ea85</con:testStepId>
    <con:status>NONE</con:status>
    <con:properties/>
  </con:breakPoints>
  <con:breakPoints>
    <con:testStepId>daebb8fc-261d-4a93-a8aa-84d4e98906ce</con:testStepId>
    <con:status>NONE</con:status>
    <con:properties/>
  </con:breakPoints>
  <con:breakPoints>
    <con:testStepId>ff7967bd-456c-4c63-9b0d-e7ecc3f88211</con:testStepId>
    <con:status>NONE</con:status>
    <con:properties/>
  </con:breakPoints>
  <con:breakPoints>
    <con:testStepId>2f6c7fa8-28af-4875-9686-237e7ee9a6b2</con:testStepId>
    <con:status>NONE</con:status>
    <con:properties/>
  </con:breakPoints>
  <con:breakPoints>
    <con:testStepId>32820e70-33b9-43fa-a0cd-175c99175d40</con:testStepId>
    <con:status>NONE</con:status>
    <con:properties/>
  </con:breakPoints>
  <con:breakPoints>
    <con:testStepId>d9855adf-4b7b-4149-a5af-adcafbf502fd</con:testStepId>
    <con:status>NONE</con:status>
    <con:properties/>
  </con:breakPoints>
  <con:breakPoints>
    <con:testStepId>806d3778-fabc-4afd-babb-8d1130c1a89a</con:testStepId>
    <con:status>ENABLED</con:status>
    <con:properties/>
  </con:breakPoints>
  <con:breakPoints>
    <con:testStepId>a9971f18-5e18-46fc-9629-c7c3d51f5acf</con:testStepId>
    <con:status>NONE</con:status>
    <con:properties/>
  </con:breakPoints>
  <con:breakPoints>
    <con:testStepId>a0fbdaa7-96fa-4d82-a47f-02a5c9b7add3</con:testStepId>
    <con:status>NONE</con:status>
    <con:properties/>
  </con:breakPoints>
  <con:breakPoints>
    <con:testStepId>7dc55907-9a65-4356-a5b3-04b7a689ae71</con:testStepId>
    <con:status>NONE</con:status>
    <con:properties/>
  </con:breakPoints>
  <con:breakPoints>
    <con:testStepId>24730fa8-3c92-466b-b8ce-621a713eb12d</con:testStepId>
    <con:status>NONE</con:status>
    <con:properties/>
  </con:breakPoints>
  <con:breakPoints>
    <con:testStepId>6ee3a231-29c4-4c71-9a25-8c814db6d6ba</con:testStepId>
    <con:status>NONE</con:status>
    <con:properties/>
  </con:breakPoints>
  <con:breakPoints>
    <con:testStepId>b7c655d7-d82b-4ee7-99d4-a2d4c7060d61</con:testStepId>
    <con:status>NONE</con:status>
    <con:properties/>
  </con:breakPoints>
  <con:breakPoints>
    <con:testStepId>2f194b50-0dcd-4e44-a0ba-423528974365</con:testStepId>
    <con:status>NONE</con:status>
    <con:properties/>
  </con:breakPoints>
  <con:breakPoints>
    <con:testStepId>8f0f3835-c90c-4abf-8fe0-ef3cbdd705f2</con:testStepId>
    <con:status>NONE</con:status>
    <con:properties/>
  </con:breakPoints>
  <con:breakPoints>
    <con:testStepId>134eb39a-4b40-40e3-a723-e7716905cf8b</con:testStepId>
    <con:status>NONE</con:status>
    <con:properties/>
  </con:breakPoints>
  <con:breakPoints>
    <con:testStepId>98f05095-d4a2-47ce-b619-4d38efe513b4</con:testStepId>
    <con:status>NONE</con:status>
    <con:properties/>
  </con:breakPoints>
  <con:breakPoints>
    <con:testStepId>1800c3f6-01ab-41f2-add2-98b51fcfd3f1</con:testStepId>
    <con:status>NONE</con:status>
    <con:properties/>
  </con:breakPoints>
  <con:breakPoints>
    <con:testStepId>648fc1a8-dc9a-49f4-88bd-ab7a4ab165f3</con:testStepId>
    <con:status>NONE</con:status>
    <con:properties/>
  </con:breakPoints>
  <con:breakPoints>
    <con:testStepId>68008107-a47d-4cdb-bc37-0a6688231257</con:testStepId>
    <con:status>NONE</con:status>
    <con:properties/>
  </con:breakPoints>
  <con:breakPoints>
    <con:testStepId>fbc238d1-fbce-46e5-9eed-8178222681c9</con:testStepId>
    <con:status>NONE</con:status>
    <con:properties/>
  </con:breakPoints>
  <con:breakPoints>
    <con:testStepId>2e906420-75d8-42d0-b85d-ee6f091db65f</con:testStepId>
    <con:status>NONE</con:status>
    <con:properties/>
  </con:breakPoints>
  <con:breakPoints>
    <con:testStepId>6201acc5-3aa9-4963-a1a2-a01732906510</con:testStepId>
    <con:status>NONE</con:status>
    <con:properties/>
  </con:breakPoints>
  <con:breakPoints>
    <con:testStepId>31d8d9c3-ea4e-4385-bf9f-3b7c079ddcc0</con:testStepId>
    <con:status>NONE</con:status>
    <con:properties/>
  </con:breakPoints>
  <con:breakPoints>
    <con:testStepId>15e1fc2c-119f-460d-861c-4c52b371cd07</con:testStepId>
    <con:status>NONE</con:status>
    <con:properties/>
  </con:breakPoints>
  <con:breakPoints>
    <con:testStepId>8cb1ba66-7ad1-4535-af17-2e8125db2a7d</con:testStepId>
    <con:status>NONE</con:status>
    <con:properties/>
  </con:breakPoints>
  <con:breakPoints>
    <con:testStepId>84877add-78d0-4b5e-bd9b-a2be14b332e4</con:testStepId>
    <con:status>NONE</con:status>
    <con:properties/>
  </con:breakPoints>
  <con:breakPoints>
    <con:testStepId>a154c326-2b55-492c-bd90-df80132bcf85</con:testStepId>
    <con:status>NONE</con:status>
    <con:properties/>
  </con:breakPoints>
  <con:breakPoints>
    <con:testStepId>8e988e02-3798-403c-a371-d4d532909b16</con:testStepId>
    <con:status>NONE</con:status>
    <con:properties/>
  </con:breakPoints>
  <con:breakPoints>
    <con:testStepId>8a843e14-ef1c-47dd-9cac-b25cc72067c2</con:testStepId>
    <con:status>NONE</con:status>
    <con:properties/>
  </con:breakPoints>
  <con:breakPoints>
    <con:testStepId>35444059-c9f2-494b-9b43-bda2bcbcb7cb</con:testStepId>
    <con:status>NONE</con:status>
    <con:properties/>
  </con:breakPoints>
  <con:breakPoints>
    <con:testStepId>1627204d-fa41-478f-9fa7-4ecb39c342b9</con:testStepId>
    <con:status>NONE</con:status>
    <con:properties/>
  </con:breakPoints>
  <con:breakPoints>
    <con:testStepId>dca058f7-203f-4345-96c7-425f3714424e</con:testStepId>
    <con:status>NONE</con:status>
    <con:properties/>
  </con:breakPoints>
  <con:breakPoints>
    <con:testStepId>9d6c0398-d51b-4b12-b2c5-8a54e622816e</con:testStepId>
    <con:status>NONE</con:status>
    <con:properties/>
  </con:breakPoints>
  <con:breakPoints>
    <con:testStepId>27b2a7a3-b5d3-45c2-80cc-fdce9227a9ab</con:testStepId>
    <con:status>NONE</con:status>
    <con:properties/>
  </con:breakPoints>
  <con:breakPoints>
    <con:testStepId>20520e84-3896-429d-99e0-6288ef427848</con:testStepId>
    <con:status>NONE</con:status>
    <con:properties/>
  </con:breakPoints>
  <con:breakPoints>
    <con:testStepId>9b8aa578-f015-42bd-868f-108a3f0c84d3</con:testStepId>
    <con:status>NONE</con:status>
    <con:properties/>
  </con:breakPoints>
  <con:breakPoints>
    <con:testStepId>ac3f3381-fb30-4fb3-b3dd-67db4a2ff937</con:testStepId>
    <con:status>NONE</con:status>
    <con:properties/>
  </con:breakPoints>
  <con:breakPoints>
    <con:testStepId>4e7a9d03-0660-48c1-85a4-9dd6350f6ce0</con:testStepId>
    <con:status>NONE</con:status>
    <con:properties/>
  </con:breakPoints>
  <con:breakPoints>
    <con:testStepId>1837bd61-8d96-4f47-9e59-a71c6124d209</con:testStepId>
    <con:status>NONE</con:status>
    <con:properties/>
  </con:breakPoints>
  <con:breakPoints>
    <con:testStepId>b3b88395-e02b-4a07-a638-626cdbc39298</con:testStepId>
    <con:status>NONE</con:status>
    <con:properties/>
  </con:breakPoints>
  <con:breakPoints>
    <con:testStepId>557e85bd-dc38-49ee-b66b-0795850bdc1b</con:testStepId>
    <con:status>NONE</con:status>
    <con:properties/>
  </con:breakPoints>
  <con:breakPoints>
    <con:testStepId>0ea65350-bc39-4722-b482-2764c3b1cb8a</con:testStepId>
    <con:status>NONE</con:status>
    <con:properties/>
  </con:breakPoints>
  <con:breakPoints>
    <con:testStepId>a88ae622-2101-42e4-a716-56d14a423295</con:testStepId>
    <con:status>NONE</con:status>
    <con:properties/>
  </con:breakPoints>
  <con:breakPoints>
    <con:testStepId>4dd4ec4a-32aa-4c88-9733-93c0cb653973</con:testStepId>
    <con:status>NONE</con:status>
    <con:properties/>
  </con:breakPoints>
  <con:breakPoints>
    <con:testStepId>a8214aad-fe60-4d86-bc50-703a03287943</con:testStepId>
    <con:status>NONE</con:status>
    <con:properties/>
  </con:breakPoints>
  <con:breakPoints>
    <con:testStepId>1a67a70d-473c-4859-99a4-dc061ff32aa5</con:testStepId>
    <con:status>NONE</con:status>
    <con:properties/>
  </con:breakPoints>
  <con:breakPoints>
    <con:testStepId>81792fe8-f770-44b7-9453-2f678b131dad</con:testStepId>
    <con:status>NONE</con:status>
    <con:properties/>
  </con:breakPoints>
  <con:breakPoints>
    <con:testStepId>6b71d734-5efb-422e-b6b9-538918086d88</con:testStepId>
    <con:status>NONE</con:status>
    <con:properties/>
  </con:breakPoints>
  <con:breakPoints>
    <con:testStepId>3b10d38f-9cd4-4550-ac1f-1f16987cbd1d</con:testStepId>
    <con:status>NONE</con:status>
    <con:properties/>
  </con:breakPoints>
  <con:breakPoints>
    <con:testStepId>a7b45fad-8759-478b-98bc-d455c649652c</con:testStepId>
    <con:status>NONE</con:status>
    <con:properties/>
  </con:breakPoints>
  <con:breakPoints>
    <con:testStepId>ecd1a34d-b671-4e1d-a9ed-58db59bdd602</con:testStepId>
    <con:status>NONE</con:status>
    <con:properties/>
  </con:breakPoints>
  <con:breakPoints>
    <con:testStepId>effbfe6e-7a23-4a2c-9414-218e99c5826e</con:testStepId>
    <con:status>NONE</con:status>
    <con:properties/>
  </con:breakPoints>
  <con:breakPoints>
    <con:testStepId>7b5de00d-c11d-4d15-be2b-db59f8420428</con:testStepId>
    <con:status>NONE</con:status>
    <con:properties/>
  </con:breakPoints>
  <con:breakPoints>
    <con:testStepId>715106c6-4fc5-4825-a270-166364f6db40</con:testStepId>
    <con:status>NONE</con:status>
    <con:properties/>
  </con:breakPoints>
  <con:breakPoints>
    <con:testStepId>c98526a1-603a-4f77-9a82-6bae00ee16b9</con:testStepId>
    <con:status>NONE</con:status>
    <con:properties/>
  </con:breakPoints>
  <con:breakPoints>
    <con:testStepId>928c9291-dc84-4690-91af-bb8d52e02def</con:testStepId>
    <con:status>NONE</con:status>
    <con:properties/>
  </con:breakPoints>
  <con:breakPoints>
    <con:testStepId>8cbc2707-1b93-4bb2-9b45-1e554c673984</con:testStepId>
    <con:status>NONE</con:status>
    <con:properties/>
  </con:breakPoints>
  <con:breakPoints>
    <con:testStepId>7d3432b6-c575-480e-af0c-2c87f80faed0</con:testStepId>
    <con:status>NONE</con:status>
    <con:properties/>
  </con:breakPoints>
  <con:breakPoints>
    <con:testStepId>bcf7b8ab-afbe-4da8-9efb-2d2ee38404e7</con:testStepId>
    <con:status>NONE</con:status>
    <con:properties/>
  </con:breakPoints>
  <con:breakPoints>
    <con:testStepId>70004d9e-284f-48b5-92a1-30eca6e56e34</con:testStepId>
    <con:status>NONE</con:status>
    <con:properties/>
  </con:breakPoints>
  <con:breakPoints>
    <con:testStepId>844cef76-4435-4d3d-a7cd-f4de5d7939bf</con:testStepId>
    <con:status>NONE</con:status>
    <con:properties/>
  </con:breakPoints>
  <con:breakPoints>
    <con:testStepId>094e7634-9a00-448d-b7d4-120efa2b4010</con:testStepId>
    <con:status>NONE</con:status>
    <con:properties/>
  </con:breakPoints>
  <con:breakPoints>
    <con:testStepId>9323c6a9-80b2-4f24-9cf7-460bc0fe65e2</con:testStepId>
    <con:status>NONE</con:status>
    <con:properties/>
  </con:breakPoints>
  <con:breakPoints>
    <con:testStepId>b3eac0cb-2689-4c62-9209-7165e554e66c</con:testStepId>
    <con:status>NONE</con:status>
    <con:properties/>
  </con:breakPoints>
  <con:breakPoints>
    <con:testStepId>c68f1ffe-f0dd-4018-b901-1fd5d60126ec</con:testStepId>
    <con:status>NONE</con:status>
    <con:properties/>
  </con:breakPoints>
  <con:breakPoints>
    <con:testStepId>30a10c70-a7a6-4246-a6aa-ec3336827923</con:testStepId>
    <con:status>NONE</con:status>
    <con:properties/>
  </con:breakPoints>
  <con:breakPoints>
    <con:testStepId>8a069a46-fdaf-4b5f-b317-d24557f80bdb</con:testStepId>
    <con:status>NONE</con:status>
    <con:properties/>
  </con:breakPoints>
  <con:breakPoints>
    <con:testStepId>10849816-8449-45b9-b5af-6af05c621e99</con:testStepId>
    <con:status>NONE</con:status>
    <con:properties/>
  </con:breakPoints>
  <con:breakPoints>
    <con:testStepId>307a3e59-fcc2-47c1-9de2-d5357003ae3e</con:testStepId>
    <con:status>NONE</con:status>
    <con:properties/>
  </con:breakPoints>
  <con:breakPoints>
    <con:testStepId>c1f3c834-82c7-47c4-8189-6881a90abaa8</con:testStepId>
    <con:status>NONE</con:status>
    <con:properties/>
  </con:breakPoints>
  <con:breakPoints>
    <con:testStepId>ed47999d-52cc-4556-b643-5a1394572e39</con:testStepId>
    <con:status>NONE</con:status>
    <con:properties/>
  </con:breakPoints>
  <con:breakPoints>
    <con:testStepId>de5eff31-3e92-4f8d-a622-7b5eb79f1ab2</con:testStepId>
    <con:status>NONE</con:status>
    <con:properties/>
  </con:breakPoints>
  <con:breakPoints>
    <con:testStepId>1cc985fe-aff1-463c-8523-a75803479eb1</con:testStepId>
    <con:status>NONE</con:status>
    <con:properties/>
  </con:breakPoints>
  <con:breakPoints>
    <con:testStepId>6685bd8a-56fb-4d77-a6c3-c3aa9516b654</con:testStepId>
    <con:status>NONE</con:status>
    <con:properties/>
  </con:breakPoints>
  <con:breakPoints>
    <con:testStepId>2ed3c874-8e48-4f67-8660-8584a6ae6a89</con:testStepId>
    <con:status>NONE</con:status>
    <con:properties/>
  </con:breakPoints>
  <con:breakPoints>
    <con:testStepId>f3abfe33-4798-4daa-a0a3-728179a8080e</con:testStepId>
    <con:status>NONE</con:status>
    <con:properties/>
  </con:breakPoints>
  <con:breakPoints>
    <con:testStepId>d69faa1d-f013-4bb3-8d0a-9b8d0c86d769</con:testStepId>
    <con:status>NONE</con:status>
    <con:properties/>
  </con:breakPoints>
  <con:breakPoints>
    <con:testStepId>f05916e2-ef3a-49c7-84b9-8b6b5428a5e4</con:testStepId>
    <con:status>NONE</con:status>
    <con:properties/>
  </con:breakPoints>
  <con:breakPoints>
    <con:testStepId>a54d44dc-a3af-4227-95a6-3ced09a117ea</con:testStepId>
    <con:status>NONE</con:status>
    <con:properties/>
  </con:breakPoints>
  <con:breakPoints>
    <con:testStepId>c9ef198a-8b50-4d2f-9eb6-9c918daaa0e0</con:testStepId>
    <con:status>NONE</con:status>
    <con:properties/>
  </con:breakPoints>
  <con:breakPoints>
    <con:testStepId>1ab90174-f0d4-4c84-9f61-0e6c4950bb1f</con:testStepId>
    <con:status>NONE</con:status>
    <con:properties/>
  </con:breakPoints>
  <con:breakPoints>
    <con:testStepId>c0881c40-31e2-4a65-91b3-af5144d7b103</con:testStepId>
    <con:status>NONE</con:status>
    <con:properties/>
  </con:breakPoints>
  <con:breakPoints>
    <con:testStepId>ff0b57e2-f5d4-4c45-9839-0408253ec583</con:testStepId>
    <con:status>NONE</con:status>
    <con:properties/>
  </con:breakPoints>
  <con:breakPoints>
    <con:testStepId>3f7aee8c-24c2-4e75-9d3b-d0398af9b70f</con:testStepId>
    <con:status>NONE</con:status>
    <con:properties/>
  </con:breakPoints>
  <con:breakPoints>
    <con:testStepId>8befe1d1-a376-46c9-be93-b9973a142998</con:testStepId>
    <con:status>NONE</con:status>
    <con:properties/>
  </con:breakPoints>
  <con:breakPoints>
    <con:testStepId>6a9658db-4cd0-47a1-9268-a5c6dcca4423</con:testStepId>
    <con:status>NONE</con:status>
    <con:properties/>
  </con:breakPoints>
  <con:breakPoints>
    <con:testStepId>a7c168d0-a523-4295-8211-c966b35f25b1</con:testStepId>
    <con:status>NONE</con:status>
    <con:properties/>
  </con:breakPoints>
  <con:breakPoints>
    <con:testStepId>0e4a77bf-e5ea-439d-b641-f40841ff11d9</con:testStepId>
    <con:status>NONE</con:status>
    <con:properties/>
  </con:breakPoints>
  <con:breakPoints>
    <con:testStepId>6483fc12-69e2-4612-88bf-23f75fab7e48</con:testStepId>
    <con:status>NONE</con:status>
    <con:properties/>
  </con:breakPoints>
  <con:breakPoints>
    <con:testStepId>66d09f37-65f6-4489-adde-dfad33ab680c</con:testStepId>
    <con:status>NONE</con:status>
    <con:properties/>
  </con:breakPoints>
  <con:breakPoints>
    <con:testStepId>8427a9b7-554c-4bc8-8f65-cec8fee15502</con:testStepId>
    <con:status>NONE</con:status>
    <con:properties/>
  </con:breakPoints>
  <con:breakPoints>
    <con:testStepId>629e6161-6410-476a-b49c-3261e7b94c2b</con:testStepId>
    <con:status>NONE</con:status>
    <con:properties/>
  </con:breakPoints>
  <con:breakPoints>
    <con:testStepId>7255a03c-61e7-4fe5-a175-7049483a67d5</con:testStepId>
    <con:status>NONE</con:status>
    <con:properties/>
  </con:breakPoints>
  <con:breakPoints>
    <con:testStepId>bd495299-45cb-46b8-9ee6-6c1902ce6950</con:testStepId>
    <con:status>NONE</con:status>
    <con:properties/>
  </con:breakPoints>
  <con:breakPoints>
    <con:testStepId>ca1dcd75-fcb2-401d-9181-6ec243addb9a</con:testStepId>
    <con:status>NONE</con:status>
    <con:properties/>
  </con:breakPoints>
  <con:breakPoints>
    <con:testStepId>6379020d-f755-47cf-9d5b-f00e63003128</con:testStepId>
    <con:status>NONE</con:status>
    <con:properties/>
  </con:breakPoints>
  <con:breakPoints>
    <con:testStepId>2be814e7-5298-4a66-8f07-71afe3313d2a</con:testStepId>
    <con:status>NONE</con:status>
    <con:properties/>
  </con:breakPoints>
  <con:breakPoints>
    <con:testStepId>1efb3a64-7109-4f08-9dc9-d01cf180c953</con:testStepId>
    <con:status>NONE</con:status>
    <con:properties/>
  </con:breakPoints>
  <con:breakPoints>
    <con:testStepId>799df27c-4160-42cc-8cc9-2fb45739c3f9</con:testStepId>
    <con:status>NONE</con:status>
    <con:properties/>
  </con:breakPoints>
  <con:breakPoints>
    <con:testStepId>1b143a97-27a4-403c-ab16-4fa347971a98</con:testStepId>
    <con:status>NONE</con:status>
    <con:properties/>
  </con:breakPoints>
  <con:breakPoints>
    <con:testStepId>e96171ab-6415-4f4d-a83e-cb7a6be95cf3</con:testStepId>
    <con:status>NONE</con:status>
    <con:properties/>
  </con:breakPoints>
  <con:breakPoints>
    <con:testStepId>dfed45b5-4b44-45ac-b957-987b930b7e04</con:testStepId>
    <con:status>NONE</con:status>
    <con:properties/>
  </con:breakPoints>
  <con:breakPoints>
    <con:testStepId>b1229a4e-3fee-4e6f-8e17-0eef4985abd0</con:testStepId>
    <con:status>NONE</con:status>
    <con:properties/>
  </con:breakPoints>
  <con:breakPoints>
    <con:testStepId>26e532df-2007-416d-9780-c2d93ed94f87</con:testStepId>
    <con:status>NONE</con:status>
    <con:properties/>
  </con:breakPoints>
  <con:breakPoints>
    <con:testStepId>ca45a3fd-7b09-40eb-939b-80e150d05344</con:testStepId>
    <con:status>NONE</con:status>
    <con:properties/>
  </con:breakPoints>
  <con:breakPoints>
    <con:testStepId>36c060a2-0b50-4401-bb87-979de6f15171</con:testStepId>
    <con:status>NONE</con:status>
    <con:properties/>
  </con:breakPoints>
  <con:breakPoints>
    <con:testStepId>17c5af88-285a-4f55-8b86-5ebac226b75a</con:testStepId>
    <con:status>NONE</con:status>
    <con:properties/>
  </con:breakPoints>
  <con:breakPoints>
    <con:testStepId>89cb3f8e-3c77-4663-9fdf-fc529f4b503f</con:testStepId>
    <con:status>NONE</con:status>
    <con:properties/>
  </con:breakPoints>
  <con:breakPoints>
    <con:testStepId>0e05eb7d-e532-4973-bb1a-9750fa4f75d7</con:testStepId>
    <con:status>NONE</con:status>
    <con:properties/>
  </con:breakPoints>
  <con:breakPoints>
    <con:testStepId>8118410b-d87b-40f6-a7d7-5b6d10b58b6e</con:testStepId>
    <con:status>NONE</con:status>
    <con:properties/>
  </con:breakPoints>
  <con:breakPoints>
    <con:testStepId>44bd44c2-9550-42a9-873c-cf0c1e0b7f88</con:testStepId>
    <con:status>NONE</con:status>
    <con:properties/>
  </con:breakPoints>
  <con:breakPoints>
    <con:testStepId>7001ed2f-5ce9-4ab3-b45e-886c6d919e1e</con:testStepId>
    <con:status>NONE</con:status>
    <con:properties/>
  </con:breakPoints>
  <con:breakPoints>
    <con:testStepId>391787ea-d2f3-46a7-818e-c3d7fac13d36</con:testStepId>
    <con:status>NONE</con:status>
    <con:properties/>
  </con:breakPoints>
  <con:breakPoints>
    <con:testStepId>3f7f2748-3f46-462b-98ec-4a6450757705</con:testStepId>
    <con:status>NONE</con:status>
    <con:properties/>
  </con:breakPoints>
  <con:breakPoints>
    <con:testStepId>eea96fb3-d8be-4e9b-9ece-88b9245d8d7d</con:testStepId>
    <con:status>NONE</con:status>
    <con:properties/>
  </con:breakPoints>
  <con:breakPoints>
    <con:testStepId>8e0eed67-86ca-4841-83ae-4f2869323aea</con:testStepId>
    <con:status>NONE</con:status>
    <con:properties/>
  </con:breakPoints>
  <con:breakPoints>
    <con:testStepId>3d6e0035-a8bb-4353-91da-edb0802b0f97</con:testStepId>
    <con:status>NONE</con:status>
    <con:properties/>
  </con:breakPoints>
  <con:breakPoints>
    <con:testStepId>c17ce10f-3342-4e3e-a286-ab21336f2dda</con:testStepId>
    <con:status>NONE</con:status>
    <con:properties/>
  </con:breakPoints>
  <con:breakPoints>
    <con:testStepId>9f69eb82-1353-4e5e-be37-8251731aef09</con:testStepId>
    <con:status>NONE</con:status>
    <con:properties/>
  </con:breakPoints>
  <con:breakPoints>
    <con:testStepId>a57119d0-8d6c-4942-93b5-fbfcbfdfae13</con:testStepId>
    <con:status>NONE</con:status>
    <con:properties/>
  </con:breakPoints>
  <con:breakPoints>
    <con:testStepId>ba33a379-63be-4660-bb52-6926da791efe</con:testStepId>
    <con:status>NONE</con:status>
    <con:properties/>
  </con:breakPoints>
  <con:breakPoints>
    <con:testStepId>a9d68f7f-cf02-4aab-95fa-84d843a36d7d</con:testStepId>
    <con:status>NONE</con:status>
    <con:properties/>
  </con:breakPoints>
  <con:breakPoints>
    <con:testStepId>49601a97-5c28-449e-a793-aa90b21fd057</con:testStepId>
    <con:status>NONE</con:status>
    <con:properties/>
  </con:breakPoints>
  <con:breakPoints>
    <con:testStepId>4eb3f7ad-5bd0-4176-9635-904cf6418d4b</con:testStepId>
    <con:status>NONE</con:status>
    <con:properties/>
  </con:breakPoints>
  <con:breakPoints>
    <con:testStepId>82a12f3f-69c6-42d9-a7a2-07e7ea5c457a</con:testStepId>
    <con:status>NONE</con:status>
    <con:properties/>
  </con:breakPoints>
  <con:breakPoints>
    <con:testStepId>52b36da3-fddb-4c0f-a0c9-61d74ac688d6</con:testStepId>
    <con:status>NONE</con:status>
    <con:properties/>
  </con:breakPoints>
  <con:breakPoints>
    <con:testStepId>9023a4f0-3296-4b07-a2f3-cb6000a91dfc</con:testStepId>
    <con:status>NONE</con:status>
    <con:properties/>
  </con:breakPoints>
  <con:breakPoints>
    <con:testStepId>dc8b2e3c-0402-4c9d-a84e-5827b5c9bc42</con:testStepId>
    <con:status>NONE</con:status>
    <con:properties/>
  </con:breakPoints>
  <con:breakPoints>
    <con:testStepId>20758c3b-d1d1-4bf7-9359-d0c3732a855d</con:testStepId>
    <con:status>NONE</con:status>
    <con:properties/>
  </con:breakPoints>
  <con:breakPoints>
    <con:testStepId>e36242fe-63c9-479e-946a-7bb95f2dcfd8</con:testStepId>
    <con:status>NONE</con:status>
    <con:properties/>
  </con:breakPoints>
  <con:breakPoints>
    <con:testStepId>67109840-579f-4eaa-84f0-4c154bf9036f</con:testStepId>
    <con:status>NONE</con:status>
    <con:properties/>
  </con:breakPoints>
  <con:breakPoints>
    <con:testStepId>8702b3c1-304c-40cc-8ce9-46443ad2af09</con:testStepId>
    <con:status>NONE</con:status>
    <con:properties/>
  </con:breakPoints>
  <con:breakPoints>
    <con:testStepId>26d57be0-811f-410e-9aae-ee5d230c640f</con:testStepId>
    <con:status>NONE</con:status>
    <con:properties/>
  </con:breakPoints>
  <con:breakPoints>
    <con:testStepId>7961908b-1b4d-4d43-bdc7-f9187b8db2a0</con:testStepId>
    <con:status>NONE</con:status>
    <con:properties/>
  </con:breakPoints>
  <con:breakPoints>
    <con:testStepId>82fc71ab-44a4-4b53-a506-e38f4698cf7c</con:testStepId>
    <con:status>NONE</con:status>
    <con:properties/>
  </con:breakPoints>
  <con:breakPoints>
    <con:testStepId>303b9545-0c74-4416-a728-04c244e0e8bd</con:testStepId>
    <con:status>NONE</con:status>
    <con:properties/>
  </con:breakPoints>
  <con:breakPoints>
    <con:testStepId>8dafb691-2e0e-487c-bc48-094f0ae27aed</con:testStepId>
    <con:status>NONE</con:status>
    <con:properties/>
  </con:breakPoints>
  <con:breakPoints>
    <con:testStepId>a25c1ab3-c0fa-437d-bb4b-ed739a2ced2f</con:testStepId>
    <con:status>NONE</con:status>
    <con:properties/>
  </con:breakPoints>
  <con:breakPoints>
    <con:testStepId>4d974a1d-de32-4c28-b032-629dab391731</con:testStepId>
    <con:status>NONE</con:status>
    <con:properties/>
  </con:breakPoints>
  <con:breakPoints>
    <con:testStepId>6bdba33f-f18c-456b-b1f1-c1fe5ffa3882</con:testStepId>
    <con:status>NONE</con:status>
    <con:properties/>
  </con:breakPoints>
  <con:breakPoints>
    <con:testStepId>92cd2e2c-9d1e-4e48-b8e8-2047566a437a</con:testStepId>
    <con:status>NONE</con:status>
    <con:properties/>
  </con:breakPoints>
  <con:breakPoints>
    <con:testStepId>c4ae36de-587e-4602-b1dd-91b6a2ff5ec2</con:testStepId>
    <con:status>NONE</con:status>
    <con:properties/>
  </con:breakPoints>
  <con:breakPoints>
    <con:testStepId>ff1c0f78-f563-456a-8bec-113351c7ead9</con:testStepId>
    <con:status>NONE</con:status>
    <con:properties/>
  </con:breakPoints>
  <con:breakPoints>
    <con:testStepId>ef5e7fb1-f9d7-4ce5-bdf2-5367309f14e4</con:testStepId>
    <con:status>NONE</con:status>
    <con:properties/>
  </con:breakPoints>
  <con:breakPoints>
    <con:testStepId>50301429-7210-4641-8a9b-17c222e6bdb5</con:testStepId>
    <con:status>NONE</con:status>
    <con:properties/>
  </con:breakPoints>
  <con:breakPoints>
    <con:testStepId>c586dda9-3a60-4f2d-80d0-82b1d578a300</con:testStepId>
    <con:status>NONE</con:status>
    <con:properties/>
  </con:breakPoints>
  <con:breakPoints>
    <con:testStepId>e900eb4f-4b26-4717-b1bf-a2573b3c715a</con:testStepId>
    <con:status>NONE</con:status>
    <con:properties/>
  </con:breakPoints>
  <con:breakPoints>
    <con:testStepId>34f2625e-ceec-44ff-88fc-91bd40ccb503</con:testStepId>
    <con:status>NONE</con:status>
    <con:properties/>
  </con:breakPoints>
  <con:breakPoints>
    <con:testStepId>74aa789f-f985-495e-8e63-dde63554a49e</con:testStepId>
    <con:status>NONE</con:status>
    <con:properties/>
  </con:breakPoints>
  <con:breakPoints>
    <con:testStepId>c750c1b2-a11e-47ef-adc3-b0741bd0af4c</con:testStepId>
    <con:status>NONE</con:status>
    <con:properties/>
  </con:breakPoints>
  <con:breakPoints>
    <con:testStepId>7837c4e5-cb95-4489-b576-ca7007f35053</con:testStepId>
    <con:status>NONE</con:status>
    <con:properties/>
  </con:breakPoints>
  <con:breakPoints>
    <con:testStepId>44f45545-43de-4562-b47b-6b5cd403120a</con:testStepId>
    <con:status>NONE</con:status>
    <con:properties/>
  </con:breakPoints>
  <con:breakPoints>
    <con:testStepId>14f8d076-ad73-4832-82e6-f5d1ca24517f</con:testStepId>
    <con:status>NONE</con:status>
    <con:properties/>
  </con:breakPoints>
  <con:breakPoints>
    <con:testStepId>8e2ce9e4-56dd-4814-aa2c-0d8031ac4625</con:testStepId>
    <con:status>NONE</con:status>
    <con:properties/>
  </con:breakPoints>
  <con:breakPoints>
    <con:testStepId>78c7a0b9-d094-4e77-8877-fe086ba12243</con:testStepId>
    <con:status>NONE</con:status>
    <con:properties/>
  </con:breakPoints>
  <con:breakPoints>
    <con:testStepId>bd93674e-b31a-4cda-afbf-5b59ec05335a</con:testStepId>
    <con:status>NONE</con:status>
    <con:properties/>
  </con:breakPoints>
  <con:breakPoints>
    <con:testStepId>45cf6fad-9e8e-440b-b285-33993ef0bc78</con:testStepId>
    <con:status>NONE</con:status>
    <con:properties/>
  </con:breakPoints>
  <con:breakPoints>
    <con:testStepId>9afc1176-6f84-4fa8-b234-43c09fcd3888</con:testStepId>
    <con:status>NONE</con:status>
    <con:properties/>
  </con:breakPoints>
  <con:breakPoints>
    <con:testStepId>9ae4a029-7776-46e1-9fe6-b58630994e14</con:testStepId>
    <con:status>NONE</con:status>
    <con:properties/>
  </con:breakPoints>
  <con:breakPoints>
    <con:testStepId>7dbdd365-63a0-447e-ab3d-37527daac6fa</con:testStepId>
    <con:status>NONE</con:status>
    <con:properties/>
  </con:breakPoints>
  <con:breakPoints>
    <con:testStepId>ab8d7e16-e7f3-4166-9a55-fdd46590100e</con:testStepId>
    <con:status>NONE</con:status>
    <con:properties/>
  </con:breakPoints>
  <con:breakPoints>
    <con:testStepId>379031c9-70e3-464c-84de-212d0e98842a</con:testStepId>
    <con:status>NONE</con:status>
    <con:properties/>
  </con:breakPoints>
  <con:breakPoints>
    <con:testStepId>de284b58-053a-4f18-8378-8d8b4d873245</con:testStepId>
    <con:status>NONE</con:status>
    <con:properties/>
  </con:breakPoints>
  <con:breakPoints>
    <con:testStepId>ff94cd3b-a242-46f8-a348-2ec62eef886e</con:testStepId>
    <con:status>NONE</con:status>
    <con:properties/>
  </con:breakPoints>
  <con:breakPoints>
    <con:testStepId>b1d7bbcc-3e4f-4488-88e0-73f371f4214d</con:testStepId>
    <con:status>NONE</con:status>
    <con:properties/>
  </con:breakPoints>
  <con:breakPoints>
    <con:testStepId>706177df-4f4b-4c3f-8ccf-167c1c17f7cb</con:testStepId>
    <con:status>NONE</con:status>
    <con:properties/>
  </con:breakPoints>
  <con:breakPoints>
    <con:testStepId>867f40c4-1ea8-47ba-9a30-e2e4f09fcabc</con:testStepId>
    <con:status>NONE</con:status>
    <con:properties/>
  </con:breakPoints>
  <con:breakPoints>
    <con:testStepId>b25d6350-1472-4f3d-b660-d86784c0acba</con:testStepId>
    <con:status>NONE</con:status>
    <con:properties/>
  </con:breakPoints>
  <con:breakPoints>
    <con:testStepId>6f530878-05ea-4856-8902-739ea423e0d3</con:testStepId>
    <con:status>NONE</con:status>
    <con:properties/>
  </con:breakPoints>
  <con:breakPoints>
    <con:testStepId>eaf74dec-d709-45c0-b12e-734a241d3bde</con:testStepId>
    <con:status>NONE</con:status>
    <con:properties/>
  </con:breakPoints>
  <con:breakPoints>
    <con:testStepId>9bfdab50-5003-4ab6-bf78-5f551d62f5c6</con:testStepId>
    <con:status>NONE</con:status>
    <con:properties/>
  </con:breakPoints>
  <con:breakPoints>
    <con:testStepId>953b0c93-f53f-4292-8530-00c5cdb1ad9d</con:testStepId>
    <con:status>NONE</con:status>
    <con:properties/>
  </con:breakPoints>
  <con:breakPoints>
    <con:testStepId>2d557052-f571-499e-be24-916ac41e7f9e</con:testStepId>
    <con:status>NONE</con:status>
    <con:properties/>
  </con:breakPoints>
  <con:breakPoints>
    <con:testStepId>6513dfe3-80dc-422b-9159-8ab330d3a49c</con:testStepId>
    <con:status>NONE</con:status>
    <con:properties/>
  </con:breakPoints>
  <con:breakPoints>
    <con:testStepId>9c951ca3-3ad4-4296-a1cc-bc67f1d17d3c</con:testStepId>
    <con:status>NONE</con:status>
    <con:properties/>
  </con:breakPoints>
  <con:breakPoints>
    <con:testStepId>2c665463-c602-4cfe-9871-d8983f0e596f</con:testStepId>
    <con:status>NONE</con:status>
    <con:properties/>
  </con:breakPoints>
</con:testCase>