<?xml version="1.0" encoding="UTF-8"?>
<con:testCase id="5dee66c1-cb5d-4dbd-b5ef-8b627dc5aafd" discardOkResults="true" failOnError="true" failTestCaseOnErrors="true" keepSession="false" name="Test Case 1" searchProperties="true" timeout="0" xmlns:con="http://eviware.com/soapui/config">
  <con:settings>
    <con:setting id="8815f3f9-ae29-4487-a605-f7b6c8fe76e8fileName">Create-and-submit-sales-organization-with-user%2C-inventory-and-terminal</con:setting>
    <con:setting id="e22f0d88-7580-4cc2-be7b-4545e0d6248afileName">Test-Case-1</con:setting>
    <con:setting id="926d7ff0-b894-453f-9939-7e876393f00efileName">Test-Case-1</con:setting>
    <con:setting id="604a89d0-5ec9-4ee4-9638-8202a9fa4e21fileName">Test-Case-1</con:setting>
    <con:setting id="5dee66c1-cb5d-4dbd-b5ef-8b627dc5aafdfileName">Test-Case-1</con:setting>
  </con:settings>
  <con:savedRecentRuns>1</con:savedRecentRuns>
  <con:testStep type="properties" name="Given properties for the test steps" id="ed47999d-52cc-4556-b643-5a1394572e39">
    <con:settings/>
    <con:config xsi:type="con:PropertiesStep" saveFirst="true" xmlns:xsi="http://www.w3.org/2001/XMLSchema-instance">
      <con:properties>
        <con:property>
          <con:name>amount</con:name>
          <con:value>100</con:value>
        </con:property>
        <con:property>
          <con:name>biId</con:name>
          <con:value>891</con:value>
        </con:property>
        <con:property>
          <con:name>biSpec</con:name>
          <con:value>USERCREATEBISPEC</con:value>
        </con:property>
        <con:property>
          <con:name>currency</con:name>
          <con:value>USD</con:value>
        </con:property>
        <con:property>
          <con:name>currencyEUR</con:name>
          <con:value>EUR</con:value>
        </con:property>
        <con:property>
          <con:name>currencyTL</con:name>
          <con:value>TL</con:value>
        </con:property>
        <con:property>
          <con:name>description</con:name>
          <con:value>User is created by name-sc330b719-98c2-489e-8914-4ca46beadb1f</con:value>
        </con:property>
        <con:property>
          <con:name>emptyString</con:name>
          <con:value>EMPTY</con:value>
        </con:property>
        <con:property>
          <con:name>errorMessageBINotFound</con:name>
          <con:value>BI_WITH_ID_NOT_FOUND</con:value>
        </con:property>
        <con:property>
          <con:name>errorMessageBIWithoutItemsCannotBeSubmitted</con:name>
          <con:value>BI_WITHOUT_ITEMS_CANNOT_BE_SUBMITTED</con:value>
        </con:property>
        <con:property>
          <con:name>errorMessageExternalIdMandatory</con:name>
          <con:value>EXTERNAL_ID_MANDATORY</con:value>
        </con:property>
        <con:property>
          <con:name>errorMessageExternalIdUnique</con:name>
          <con:value>EXTERNAL_ID_MUST_BE_UNIQUE</con:value>
        </con:property>
        <con:property>
          <con:name>errorMessageFirstAndLastNameMandatory</con:name>
          <con:value>FIRST_NAME_OR_LAST_NAME_CAN_NOT_BE_NULL_OR_EMPTY</con:value>
        </con:property>
        <con:property>
          <con:name>errorMessageInvalidState</con:name>
          <con:value>INVALID_STATE_OPERATION</con:value>
        </con:property>
        <con:property>
          <con:name>errorMessageItemNotFound</con:name>
          <con:value>BI_ITEM_WITH_ID_NOT_FOUND</con:value>
        </con:property>
        <con:property>
          <con:name>errorMessagePartyRoleDoesNotHaveSpec</con:name>
          <con:value>PARTY_ROLE_DOES_NOT_HAVE_SPECIFICATION</con:value>
        </con:property>
        <con:property>
          <con:name>errorMessageSalesOrganizationWithIdDoesNotExist</con:name>
          <con:value>SALES_ORGANIZATION_WITH_ID_DOES_NOT_EXIST</con:value>
        </con:property>
        <con:property>
          <con:name>errorMessageSpace</con:name>
          <con:value>EXTERNAL_ID_SHOULD_NOT_CONTAIN_WHITESPACE</con:value>
        </con:property>
        <con:property>
          <con:name>errorMessageUserNotInSalesOrganization</con:name>
          <con:value>USER_WITH_ID_IS_NOT_IN_SALES_ORGANIZATION_WITH_ID</con:value>
        </con:property>
        <con:property>
          <con:name>errorMessageWithoutBISpecCode</con:name>
          <con:value>BUSINESS_INTERACTION_SPEC_WITH_CODE_DOES_NOT_EXIST</con:value>
        </con:property>
        <con:property>
          <con:name>userNotActiveOrExists</con:name>
          <con:value>USER_NOT_ACTIVE_OR_EXISTS</con:value>
        </con:property>
        <con:property>
          <con:name>errorMessagePartyRoleNotFound-1</con:name>
          <con:value>Party Role not found:-1</con:value>
        </con:property>
        <con:property>
          <con:name>false</con:name>
          <con:value>false</con:value>
        </con:property>
        <con:property>
          <con:name>forceUseCommonBin</con:name>
          <con:value>false</con:value>
        </con:property>
        <con:property>
          <con:name>httpCode200</con:name>
          <con:value>200</con:value>
        </con:property>
        <con:property>
          <con:name>httpCode201</con:name>
          <con:value>201</con:value>
        </con:property>
        <con:property>
          <con:name>httpCode400</con:name>
          <con:value>400</con:value>
        </con:property>
        <con:property>
          <con:name>httpCode404</con:name>
          <con:value>404</con:value>
        </con:property>
        <con:property>
          <con:name>httpCode406</con:name>
          <con:value>406</con:value>
        </con:property>
        <con:property>
          <con:name>indFirstname</con:name>
          <con:value>Roberto</con:value>
        </con:property>
        <con:property>
          <con:name>indLastname</con:name>
          <con:value>Baggio</con:value>
        </con:property>
        <con:property>
          <con:name>indName</con:name>
          <con:value>Roberto Baggio</con:value>
        </con:property>
        <con:property>
          <con:name>name</con:name>
          <con:value>Roberto Baggio</con:value>
        </con:property>
        <con:property>
          <con:name>newEmailAddress</con:name>
          <con:value>abuzer.kadayif@mail.com</con:value>
        </con:property>
        <con:property>
          <con:name>newExternalId</con:name>
          <con:value>newExternalId-${=java.util.UUID.randomUUID()}</con:value>
        </con:property>
        <con:property>
          <con:name>newFirstName</con:name>
          <con:value>Abuzer</con:value>
        </con:property>
        <con:property>
          <con:name>newForceToUseSession</con:name>
          <con:value>true</con:value>
        </con:property>
        <con:property>
          <con:name>newGender</con:name>
          <con:value>female</con:value>
        </con:property>
        <con:property>
          <con:name>newLastName</con:name>
          <con:value>Kadayif</con:value>
        </con:property>
        <con:property>
          <con:name>newMiddleName</con:name>
          <con:value>Keskul</con:value>
        </con:property>
        <con:property>
          <con:name>newName</con:name>
          <con:value>Abuzer Keskul Kadayif</con:value>
        </con:property>
        <con:property>
          <con:name>notEnoughAmount</con:name>
          <con:value>10000000</con:value>
        </con:property>
        <con:property>
          <con:name>notEnoughRoundedAmount</con:name>
          <con:value>10000000</con:value>
        </con:property>
        <con:property>
          <con:name>notExistId</con:name>
          <con:value>-1</con:value>
        </con:property>
        <con:property>
          <con:name>productCharacteristicValueType</con:name>
          <con:value>STRING</con:value>
        </con:property>
        <con:property>
          <con:name>quantity</con:name>
          <con:value>10</con:value>
        </con:property>
        <con:property>
          <con:name>relatedUserId</con:name>
          <con:value>64</con:value>
        </con:property>
        <con:property>
          <con:name>roundedAmount</con:name>
          <con:value>101</con:value>
        </con:property>
        <con:property>
          <con:name>soId</con:name>
          <con:value>58</con:value>
        </con:property>
        <con:property>
          <con:name>true</con:name>
          <con:value>true</con:value>
        </con:property>
        <con:property>
          <con:name>updateUserBISpecCode</con:name>
          <con:value>BISPECCODE</con:value>
        </con:property>
        <con:property>
          <con:name>userExternalId</con:name>
          <con:value>robert.baggio${=java.util.UUID.randomUUID()}</con:value>
        </con:property>
        <con:property>
          <con:name>userExternalIdIncludeSpace</con:name>
          <con:value>robert.baggio ${=java.util.UUID.randomUUID()}</con:value>
        </con:property>
        <con:property>
          <con:name>userId</con:name>
          <con:value>60</con:value>
        </con:property>
        <con:property>
          <con:name>userRoleSpecId</con:name>
          <con:value>56</con:value>
        </con:property>
        <con:property>
          <con:name>userRoleSpecName</con:name>
          <con:value>usr-role-spec-${=java.util.UUID.randomUUID()}</con:value>
        </con:property>
        <con:property>
          <con:name>zero</con:name>
          <con:value>0</con:value>
        </con:property>
        <con:property>
          <con:name>nulllToken</con:name>
          <con:value/>
        </con:property>
        <con:property>
          <con:name>userExternalId2nd</con:name>
          <con:value>bilbobaggins${=java.util.UUID.randomUUID()}</con:value>
        </con:property>
        <con:property>
          <con:name>email_invalid</con:name>
          <con:value>test.com</con:value>
        </con:property>
        <con:property>
          <con:name>email_valid</con:name>
          <con:value>test@valid.com</con:value>
        </con:property>
        <con:property>
          <con:name>STATUSCHANGEBISPEC</con:name>
          <con:value>STATUSCHANGEBISPEC</con:value>
        </con:property>
        <con:property>
          <con:name>Passive</con:name>
          <con:value>Passive</con:value>
        </con:property>
        <con:property>
          <con:name>USERCREATEBISPEC</con:name>
          <con:value>USERCREATEBISPEC</con:value>
        </con:property>
      </con:properties>
    </con:config>
  </con:testStep>
  <con:testStep type="transfer" name="Set default sales organization as creator" id="b339099b-c878-415c-82ef-6fe3470fb6a0">
    <con:settings/>
    <con:config xsi:type="con:PropertyTransfersStep" xmlns:xsi="http://www.w3.org/2001/XMLSchema-instance">
      <con:transfers setNullOnMissingSource="true" transferTextContent="true" failOnError="true" ignoreEmpty="false" transferToAll="false" entitize="false" transferChildNodes="false">
        <con:name>createdForSalesOrg</con:name>
        <con:sourceType>DefaultSalesOrganizationRoleId</con:sourceType>
        <con:sourceStep>#Project#</con:sourceStep>
        <con:sourcePath/>
        <con:targetType>createdForSalesOrganizationRoleId</con:targetType>
        <con:targetStep>#TestCase#</con:targetStep>
        <con:targetPath/>
        <con:upgraded>true</con:upgraded>
      </con:transfers>
    </con:config>
  </con:testStep>
  <con:testStep type="transfer" name="Set user role specification properties" id="de5eff31-3e92-4f8d-a622-7b5eb79f1ab2">
    <con:settings/>
    <con:config xsi:type="con:PropertyTransfersStep" xmlns:xsi="http://www.w3.org/2001/XMLSchema-instance">
      <con:transfers setNullOnMissingSource="true" transferTextContent="true" failOnError="true" ignoreEmpty="false" transferToAll="false" entitize="false" transferChildNodes="false">
        <con:name>userRoleSpecName</con:name>
        <con:sourceType>userRoleSpecName</con:sourceType>
        <con:sourceStep>Given properties for the test steps</con:sourceStep>
        <con:sourcePath/>
        <con:targetType>req_name</con:targetType>
        <con:targetStep>Create user role specification</con:targetStep>
        <con:targetPath/>
        <con:upgraded>true</con:upgraded>
      </con:transfers>
      <con:transfers setNullOnMissingSource="true" transferTextContent="true" failOnError="true" ignoreEmpty="false" transferToAll="false" entitize="false" transferChildNodes="false">
        <con:name>forceUseCommonBin</con:name>
        <con:sourceType>forceUseCommonBin</con:sourceType>
        <con:sourceStep>Given properties for the test steps</con:sourceStep>
        <con:targetType>req_forceUseCommonPlaceOrBin</con:targetType>
        <con:targetStep>Create user role specification</con:targetStep>
        <con:upgraded>true</con:upgraded>
      </con:transfers>
    </con:config>
  </con:testStep>
  <con:testStep type="calltestcase" name="Create user role specification" id="307a3e59-fcc2-47c1-9de2-d5357003ae3e">
    <con:settings/>
    <con:config xsi:type="con:RunTestCaseStep" xmlns:xsi="http://www.w3.org/2001/XMLSchema-instance">
      <con:targetTestCase>df836e4b-de07-4c5d-9220-96c38da72e28</con:targetTestCase>
      <con:properties>
        <con:property>
          <con:name>req_name</con:name>
          <con:value>usr-role-spec-${=java.util.UUID.randomUUID()}</con:value>
        </con:property>
        <con:property>
          <con:name>req_forceUseCommonPlaceOrBin</con:name>
          <con:value>false</con:value>
        </con:property>
        <con:property>
          <con:name>res_id</con:name>
          <con:value>56</con:value>
        </con:property>
        <con:property>
          <con:name>res_httpCode</con:name>
        </con:property>
      </con:properties>
      <con:returnProperties>
        <con:entry>res_id</con:entry>
      </con:returnProperties>
      <con:runMode>PARALLELL</con:runMode>
    </con:config>
  </con:testStep>
  <con:testStep type="assertionteststep" name="Assertion create user role specification" id="92cd2e2c-9d1e-4e48-b8e8-2047566a437a">
    <con:settings/>
    <con:config xsi:type="con:AssertionTestStep" xmlns:xsi="http://www.w3.org/2001/XMLSchema-instance">
      <con:entry>
        <con:id>c47e9aa1-8849-4e99-992e-2bbf75c04ce4</con:id>
        <con:isGroup>false</con:isGroup>
        <con:sourceId>307a3e59-fcc2-47c1-9de2-d5357003ae3e</con:sourceId>
        <con:propertyName>res_id</con:propertyName>
        <con:assertion type="Simple Contains" name="Contains" id="e02cb80d-0c87-47f1-aa0b-ffb644cdb26b">
          <con:configuration>
            <token>\d+</token>
            <ignoreCase>false</ignoreCase>
            <useRegEx>true</useRegEx>
          </con:configuration>
        </con:assertion>
      </con:entry>
    </con:config>
  </con:testStep>
  <con:testStep type="transfer" name="Set user role specification properties for 2nd id" id="0fc4d7ef-6c2e-4b4c-82a2-0ff6a26eb2b9">
    <con:settings/>
    <con:config xsi:type="con:PropertyTransfersStep" xmlns:xsi="http://www.w3.org/2001/XMLSchema-instance">
      <con:transfers setNullOnMissingSource="true" transferTextContent="true" failOnError="true" ignoreEmpty="false" transferToAll="false" entitize="false" transferChildNodes="false">
        <con:name>userRoleSpecName</con:name>
        <con:sourceType>userRoleSpecName</con:sourceType>
        <con:sourceStep>Given properties for the test steps</con:sourceStep>
        <con:sourcePath/>
        <con:targetType>req_name</con:targetType>
        <con:targetStep>Create user role specification for 2nd id</con:targetStep>
        <con:targetPath/>
        <con:upgraded>true</con:upgraded>
      </con:transfers>
      <con:transfers setNullOnMissingSource="true" transferTextContent="true" failOnError="true" ignoreEmpty="false" transferToAll="false" entitize="false" transferChildNodes="false">
        <con:name>forceUseCommonBin</con:name>
        <con:sourceType>forceUseCommonBin</con:sourceType>
        <con:sourceStep>Given properties for the test steps</con:sourceStep>
        <con:targetType>req_forceUseCommonPlaceOrBin</con:targetType>
        <con:targetStep>Create user role specification for 2nd id</con:targetStep>
        <con:upgraded>true</con:upgraded>
      </con:transfers>
    </con:config>
  </con:testStep>
  <con:testStep type="calltestcase" name="Create user role specification for 2nd id" id="83577e2c-0bf4-4552-baf3-deb6e3936a58">
    <con:settings/>
    <con:config xsi:type="con:RunTestCaseStep" xmlns:xsi="http://www.w3.org/2001/XMLSchema-instance">
      <con:targetTestCase>df836e4b-de07-4c5d-9220-96c38da72e28</con:targetTestCase>
      <con:properties>
        <con:property>
          <con:name>req_name</con:name>
          <con:value>usr-role-spec-${=java.util.UUID.randomUUID()}</con:value>
        </con:property>
        <con:property>
          <con:name>req_forceUseCommonPlaceOrBin</con:name>
          <con:value>false</con:value>
        </con:property>
        <con:property>
          <con:name>res_id</con:name>
          <con:value>57</con:value>
        </con:property>
        <con:property>
          <con:name>res_httpCode</con:name>
          <con:value xsi:nil="true"/>
        </con:property>
      </con:properties>
      <con:returnProperties>
        <con:entry>res_id</con:entry>
      </con:returnProperties>
      <con:runMode>PARALLELL</con:runMode>
    </con:config>
  </con:testStep>
  <con:testStep type="assertionteststep" name="Assertion create user role specification for 2nd id" id="7be3ff77-dc11-4d74-b4e8-d8e8bae7698c">
    <con:settings/>
    <con:config xsi:type="con:AssertionTestStep" xmlns:xsi="http://www.w3.org/2001/XMLSchema-instance">
      <con:entry>
        <con:id>a787ab20-0b16-49d0-b419-ee5a19c3559e</con:id>
        <con:isGroup>false</con:isGroup>
        <con:sourceId>83577e2c-0bf4-4552-baf3-deb6e3936a58</con:sourceId>
        <con:propertyName>res_id</con:propertyName>
        <con:assertion type="Simple Contains" name="Contains" id="fd57ef42-7d37-4c7f-9c64-7df521b8134c">
          <con:configuration>
            <token>\d+</token>
            <ignoreCase>false</ignoreCase>
            <useRegEx>true</useRegEx>
          </con:configuration>
        </con:assertion>
      </con:entry>
    </con:config>
  </con:testStep>
  <con:testStep type="transfer" name="Property Transfer user role spec id" id="c4ae36de-587e-4602-b1dd-91b6a2ff5ec2">
    <con:settings/>
    <con:config xsi:type="con:PropertyTransfersStep" xmlns:xsi="http://www.w3.org/2001/XMLSchema-instance">
      <con:transfers setNullOnMissingSource="true" transferTextContent="true" failOnError="true" ignoreEmpty="false" transferToAll="false" entitize="false" transferChildNodes="false">
        <con:name>userRoleSpecId</con:name>
        <con:sourceType>res_id</con:sourceType>
        <con:sourceStep>Create user role specification</con:sourceStep>
        <con:sourcePath/>
        <con:targetType>userRoleSpecId</con:targetType>
        <con:targetStep>Given properties for the test steps</con:targetStep>
        <con:targetPath/>
        <con:upgraded>true</con:upgraded>
      </con:transfers>
    </con:config>
  </con:testStep>
  <con:testStep type="transfer" name="Set initial data request parameters" id="c1f3c834-82c7-47c4-8189-6881a90abaa8">
    <con:settings/>
    <con:config xsi:type="con:PropertyTransfersStep" xmlns:xsi="http://www.w3.org/2001/XMLSchema-instance">
      <con:transfers setNullOnMissingSource="true" transferTextContent="true" failOnError="true" ignoreEmpty="false" transferToAll="false" entitize="false" transferChildNodes="false">
        <con:name>createdByUserRoleId</con:name>
        <con:sourceType>DefaultUserRoleId</con:sourceType>
        <con:sourceStep>#Project#</con:sourceStep>
        <con:sourcePath/>
        <con:targetType>req_createdByUserRoleId</con:targetType>
        <con:targetStep>Create sales organization, user, inventory and terminal</con:targetStep>
        <con:targetPath/>
        <con:upgraded>true</con:upgraded>
      </con:transfers>
      <con:transfers setNullOnMissingSource="true" transferTextContent="true" failOnError="true" ignoreEmpty="false" transferToAll="false" entitize="false" transferChildNodes="false">
        <con:name>createdBySalesOrgRoleId</con:name>
        <con:sourceType>DefaultSalesOrganizationRoleId</con:sourceType>
        <con:sourceStep>#Project#</con:sourceStep>
        <con:targetType>req_createdBySalesOrgRoleId</con:targetType>
        <con:targetStep>Create sales organization, user, inventory and terminal</con:targetStep>
        <con:upgraded>true</con:upgraded>
      </con:transfers>
      <con:transfers setNullOnMissingSource="true" transferTextContent="true" failOnError="true" ignoreEmpty="false" transferToAll="false" entitize="false" transferChildNodes="false">
        <con:name>email</con:name>
        <con:sourceType>email_valid</con:sourceType>
        <con:sourceStep>Given properties for the test steps</con:sourceStep>
        <con:targetType>req_email</con:targetType>
        <con:targetStep>Create sales organization, user, inventory and terminal</con:targetStep>
        <con:upgraded>true</con:upgraded>
      </con:transfers>
    </con:config>
  </con:testStep>
  <con:testStep type="calltestcase" name="Create sales organization, user, inventory and terminal" id="1cc985fe-aff1-463c-8523-a75803479eb1">
    <con:settings/>
    <con:config xsi:type="con:RunTestCaseStep" xmlns:xsi="http://www.w3.org/2001/XMLSchema-instance">
      <con:targetTestCase>b92a7c8d-a0ed-4725-99e9-4866fd949629</con:targetTestCase>
      <con:properties>
        <con:property>
          <con:name>req_createdBySalesOrgRoleId</con:name>
          <con:value>1</con:value>
        </con:property>
        <con:property>
          <con:name>req_createdByUserRoleId</con:name>
          <con:value>2</con:value>
        </con:property>
        <con:property>
          <con:name>req_inventoryExtId</con:name>
          <con:value>i${=java.util.UUID.randomUUID()}</con:value>
        </con:property>
        <con:property>
          <con:name>req_salesOrgRoleExtId</con:name>
          <con:value>s${=java.util.UUID.randomUUID()}</con:value>
        </con:property>
        <con:property>
          <con:name>req_terminalExtId</con:name>
          <con:value>t${=java.util.UUID.randomUUID()}</con:value>
        </con:property>
        <con:property>
          <con:name>req_userRoleExtId</con:name>
          <con:value>u${=java.util.UUID.randomUUID()}</con:value>
        </con:property>
        <con:property>
          <con:name>res_inventoryRoleBiId</con:name>
          <con:value>811</con:value>
        </con:property>
        <con:property>
          <con:name>res_inventoryRoleId</con:name>
          <con:value>61</con:value>
        </con:property>
        <con:property>
          <con:name>res_placeId</con:name>
          <con:value>24</con:value>
        </con:property>
        <con:property>
          <con:name>res_salesOrganisationExternalId</con:name>
          <con:value>sc330b719-98c2-489e-8914-4ca46beadb1f</con:value>
        </con:property>
        <con:property>
          <con:name>res_salesOrgBiId</con:name>
          <con:value>781</con:value>
        </con:property>
        <con:property>
          <con:name>res_salesOrgId</con:name>
          <con:value>58</con:value>
        </con:property>
        <con:property>
          <con:name>res_soExtId</con:name>
          <con:value>sc330b719-98c2-489e-8914-4ca46beadb1f</con:value>
        </con:property>
        <con:property>
          <con:name>res_terminalBiId</con:name>
          <con:value>821</con:value>
        </con:property>
        <con:property>
          <con:name>res_terminalId</con:name>
          <con:value>10</con:value>
        </con:property>
        <con:property>
          <con:name>res_userRoleBiId</con:name>
          <con:value>801</con:value>
        </con:property>
        <con:property>
          <con:name>res_userRoleId</con:name>
          <con:value>60</con:value>
        </con:property>
        <con:property>
          <con:name>userToken</con:name>
          <con:value>Bearer eyJraWQiOiIxIiwiYWxnIjoiUlMyNTYifQ.eyJpc3MiOiJVTVMtUHJlZmlsdGVyLUNoZWNrQXV0aG9yaXplIiwic3ViIjoiVEVTVCIsImF1ZCI6IlJNIiwiaWF0IjoxNDg3MTYwOTc5LCJleHAiOjE1NTI3MjIxNzIsImF1dGhfdGltZSI6IjEzMTEyODA4NzAiLCJub25jZSI6Im4tMFM2X1d6QTJNaiIsIm5hbWUiOiJVTVMgVGVzdCBVc2VyIiwieF9kYnNzIjp7ImF1dGh6UHJvZmlsZU5hbWUiOiJDU1JfQXV0aHpQcm9maWxlIiwidmVyc2lvbiI6InYxIiwicGFydHlfaWQiOiIxMjMiLCJleHRlcm5hbF91c2VybmFtZSI6InUwYmUxYjY4My1jMzNiLTQxMjgtYmFlMC1lMDkwZTJkNTllOTIifX0.hYmmhAN_TOq3cAQ36ebeYSahFUy9SjTNj3S5_CgZVj9cbrBIfw7W6ZGQXge3BmgLSsQ7bo_pcn5HitJ_w7UuzjSqv8qhJlnttBwp99jslkbTrF2Hjcbv7ht-qWwTSXOBDV-5FpmKrbDw2c0ObjeJFQk0awGQA7F40Fftdw6o0Ho</con:value>
        </con:property>
        <con:property>
          <con:name>userIntToken</con:name>
          <con:value>Bearer eyJraWQiOiIxIiwiYWxnIjoiUlMyNTYifQ.eyJpc3MiOiJVTVMtUHJlZmlsdGVyLUNoZWNrQXV0aG9yaXplIiwic3ViIjoiVEVTVCIsImF1ZCI6IlJNIiwiaWF0IjoxNDg3MTYwOTc5LCJleHAiOjE1NTI3MjIxNzIsImF1dGhfdGltZSI6IjEzMTEyODA4NzAiLCJub25jZSI6Im4tMFM2X1d6QTJNaiIsIm5hbWUiOiJVTVMgVGVzdCBVc2VyIiwieF9kYnNzIjp7ImF1dGh6UHJvZmlsZU5hbWUiOiJFUk1TX0FETUlOX0F1dGh6UHJvZmlsZSIsInZlcnNpb24iOiJ2MSIsInBhcnR5X2lkIjoiMTIzIiwiZXh0ZXJuYWxfdXNlcm5hbWUiOiJ1MGJlMWI2ODMtYzMzYi00MTI4LWJhZTAtZTA5MGUyZDU5ZTkyIn19.h16Rf_VcJMP4hgX2yWRfs2fWcxx3N2KLHyvaWJKr9PLUlsFzYuOgoofj7IyyT40xkYStERnLCRhrTOQjtjjpDramivyy5XrOlbXVEQc99_RPe6oRbcZ_lSk6SMCl2frPmPkvu7wBbwthExJsDr_ZNMY0k1Zra-jG0nPMJlZ3gpU</con:value>
        </con:property>
        <con:property>
          <con:name>req_email</con:name>
          <con:value>test@valid.com</con:value>
        </con:property>
      </con:properties>
      <con:returnProperties>
        <con:entry>res_inventoryRoleBiId</con:entry>
        <con:entry>res_inventoryRoleId</con:entry>
        <con:entry>res_placeId</con:entry>
        <con:entry>res_salesOrganisationExternalId</con:entry>
        <con:entry>res_salesOrgBiId</con:entry>
        <con:entry>res_salesOrgId</con:entry>
        <con:entry>res_soExtId</con:entry>
        <con:entry>res_terminalBiId</con:entry>
        <con:entry>res_terminalId</con:entry>
        <con:entry>res_userRoleBiId</con:entry>
        <con:entry>res_userRoleId</con:entry>
        <con:entry>userToken</con:entry>
        <con:entry>userIntToken</con:entry>
      </con:returnProperties>
      <con:runMode>PARALLELL</con:runMode>
    </con:config>
  </con:testStep>
  <con:testStep type="assertionteststep" name="Assert if user id, so id, inventory id and terminal id not null" id="6685bd8a-56fb-4d77-a6c3-c3aa9516b654">
    <con:settings/>
    <con:config xsi:type="con:AssertionTestStep" xmlns:xsi="http://www.w3.org/2001/XMLSchema-instance">
      <con:entry>
        <con:id>b479fac6-1bec-4b86-8ea4-12ccb7dd1f53</con:id>
        <con:isGroup>false</con:isGroup>
        <con:sourceId>1cc985fe-aff1-463c-8523-a75803479eb1</con:sourceId>
        <con:propertyName>res_salesOrgId</con:propertyName>
        <con:assertion type="Simple Contains" name="salesOrgId" id="3435eeff-4d5b-4cea-b14f-5b2b46716785">
          <con:configuration>
            <token>\d+</token>
            <ignoreCase>false</ignoreCase>
            <useRegEx>true</useRegEx>
          </con:configuration>
        </con:assertion>
      </con:entry>
      <con:entry>
        <con:id>f0c71bc7-2c96-42ad-9420-9595af530603</con:id>
        <con:isGroup>false</con:isGroup>
        <con:sourceId>1cc985fe-aff1-463c-8523-a75803479eb1</con:sourceId>
        <con:propertyName>res_userRoleId</con:propertyName>
        <con:assertion type="Simple Contains" name="userId" id="fe2a1c1f-6e77-49ad-aa17-4b51fbfa05bf">
          <con:configuration>
            <token>\d+</token>
            <ignoreCase>false</ignoreCase>
            <useRegEx>true</useRegEx>
          </con:configuration>
        </con:assertion>
      </con:entry>
      <con:entry>
        <con:id>3d9bd7d0-e168-4048-bf70-45a5a3c72da6</con:id>
        <con:isGroup>false</con:isGroup>
        <con:sourceId>1cc985fe-aff1-463c-8523-a75803479eb1</con:sourceId>
        <con:propertyName>res_terminalId</con:propertyName>
        <con:assertion type="Simple Contains" name="terminalId" id="18fd3584-8e4d-4198-b69e-ffd7356947f4">
          <con:configuration>
            <token>\d+</token>
            <ignoreCase>false</ignoreCase>
            <useRegEx>true</useRegEx>
          </con:configuration>
        </con:assertion>
      </con:entry>
      <con:entry>
        <con:id>351faa66-174d-420d-8117-37449dfb8d1f</con:id>
        <con:isGroup>false</con:isGroup>
        <con:sourceId>1cc985fe-aff1-463c-8523-a75803479eb1</con:sourceId>
        <con:propertyName>res_inventoryRoleId</con:propertyName>
        <con:assertion type="Simple Contains" name="inventoryId" id="6f0653f9-9b3e-4866-9283-2c665a47b3bf">
          <con:configuration>
            <token>\d+</token>
            <ignoreCase>false</ignoreCase>
            <useRegEx>true</useRegEx>
          </con:configuration>
        </con:assertion>
      </con:entry>
    </con:config>
  </con:testStep>
  <con:testStep type="transfer" name="Set initial data request parameters for invalid email" id="2e6bb5dc-8dcd-4f37-ac4e-7b036cae8536">
    <con:settings/>
    <con:config xsi:type="con:PropertyTransfersStep" xmlns:xsi="http://www.w3.org/2001/XMLSchema-instance">
      <con:transfers setNullOnMissingSource="true" transferTextContent="true" failOnError="true" ignoreEmpty="false" transferToAll="false" entitize="false" transferChildNodes="false">
        <con:name>createdByUserRoleId</con:name>
        <con:sourceType>DefaultUserRoleId</con:sourceType>
        <con:sourceStep>#Project#</con:sourceStep>
        <con:sourcePath/>
        <con:targetType>req_createdByUserRoleId</con:targetType>
        <con:targetStep>Create user with invalid email - fail</con:targetStep>
        <con:targetPath/>
        <con:upgraded>true</con:upgraded>
      </con:transfers>
      <con:transfers setNullOnMissingSource="true" transferTextContent="true" failOnError="true" ignoreEmpty="false" transferToAll="false" entitize="false" transferChildNodes="false">
        <con:name>createdBySalesOrgRoleId</con:name>
        <con:sourceType>DefaultSalesOrganizationRoleId</con:sourceType>
        <con:sourceStep>#Project#</con:sourceStep>
        <con:targetType>req_createdBySalesOrgRoleId</con:targetType>
        <con:targetStep>Create user with invalid email - fail</con:targetStep>
        <con:upgraded>true</con:upgraded>
      </con:transfers>
      <con:transfers setNullOnMissingSource="true" transferTextContent="true" failOnError="true" ignoreEmpty="false" transferToAll="false" entitize="false" transferChildNodes="false">
        <con:name>biId</con:name>
        <con:sourceType>res_salesOrgBiId</con:sourceType>
        <con:sourceStep>Create sales organization, user, inventory and terminal</con:sourceStep>
        <con:targetType>req_biId</con:targetType>
        <con:targetStep>Create user with invalid email - fail</con:targetStep>
        <con:upgraded>true</con:upgraded>
      </con:transfers>
      <con:transfers setNullOnMissingSource="true" transferTextContent="true" failOnError="true" ignoreEmpty="false" transferToAll="false" entitize="false" transferChildNodes="false">
        <con:name>soRoleId</con:name>
        <con:sourceType>DefaultSalesOrganizationRoleId</con:sourceType>
        <con:sourceStep>#Project#</con:sourceStep>
        <con:targetType>req_soRoleId</con:targetType>
        <con:targetStep>Create user with invalid email - fail</con:targetStep>
        <con:upgraded>true</con:upgraded>
      </con:transfers>
      <con:transfers setNullOnMissingSource="true" transferTextContent="true" failOnError="true" ignoreEmpty="false" transferToAll="false" entitize="false" transferChildNodes="false">
        <con:name>biSpec</con:name>
        <con:sourceType>biSpec</con:sourceType>
        <con:sourceStep>Given properties for the test steps</con:sourceStep>
        <con:targetType>req_biSpecCode</con:targetType>
        <con:targetStep>Create user with invalid email - fail</con:targetStep>
        <con:upgraded>true</con:upgraded>
      </con:transfers>
      <con:transfers setNullOnMissingSource="true" transferTextContent="true" failOnError="true" ignoreEmpty="false" transferToAll="false" entitize="false" transferChildNodes="false">
        <con:name>userExtId</con:name>
        <con:sourceType>userExternalId</con:sourceType>
        <con:sourceStep>Given properties for the test steps</con:sourceStep>
        <con:targetType>req_userExternalID</con:targetType>
        <con:targetStep>Create user with invalid email - fail</con:targetStep>
        <con:upgraded>true</con:upgraded>
      </con:transfers>
      <con:transfers setNullOnMissingSource="true" transferTextContent="true" failOnError="true" ignoreEmpty="false" transferToAll="false" entitize="false" transferChildNodes="false">
        <con:name>forceToUseSession</con:name>
        <con:sourceType>false</con:sourceType>
        <con:sourceStep>Given properties for the test steps</con:sourceStep>
        <con:targetType>req_forceToUseSession</con:targetType>
        <con:targetStep>Create user with invalid email - fail</con:targetStep>
        <con:upgraded>true</con:upgraded>
      </con:transfers>
      <con:transfers setNullOnMissingSource="true" transferTextContent="true" failOnError="true" ignoreEmpty="false" transferToAll="false" entitize="false" transferChildNodes="false">
        <con:name>name</con:name>
        <con:sourceType>name</con:sourceType>
        <con:sourceStep>Given properties for the test steps</con:sourceStep>
        <con:targetType>req_name</con:targetType>
        <con:targetStep>Create user with invalid email - fail</con:targetStep>
        <con:upgraded>true</con:upgraded>
      </con:transfers>
      <con:transfers setNullOnMissingSource="true" transferTextContent="true" failOnError="true" ignoreEmpty="false" transferToAll="false" entitize="false" transferChildNodes="false">
        <con:name>indName</con:name>
        <con:sourceType>indName</con:sourceType>
        <con:sourceStep>Given properties for the test steps</con:sourceStep>
        <con:targetType>req_indName</con:targetType>
        <con:targetStep>Create user with invalid email - fail</con:targetStep>
        <con:upgraded>true</con:upgraded>
      </con:transfers>
      <con:transfers setNullOnMissingSource="true" transferTextContent="true" failOnError="true" ignoreEmpty="false" transferToAll="false" entitize="false" transferChildNodes="false">
        <con:name>firstName</con:name>
        <con:sourceType>indFirstname</con:sourceType>
        <con:sourceStep>Given properties for the test steps</con:sourceStep>
        <con:targetType>req_indFirstName</con:targetType>
        <con:targetStep>Create user with invalid email - fail</con:targetStep>
        <con:upgraded>true</con:upgraded>
      </con:transfers>
      <con:transfers setNullOnMissingSource="true" transferTextContent="true" failOnError="true" ignoreEmpty="false" transferToAll="false" entitize="false" transferChildNodes="false">
        <con:name>lastName</con:name>
        <con:sourceType>indLastname</con:sourceType>
        <con:sourceStep>Given properties for the test steps</con:sourceStep>
        <con:targetType>req_indLastName</con:targetType>
        <con:targetStep>Create user with invalid email - fail</con:targetStep>
        <con:upgraded>true</con:upgraded>
      </con:transfers>
      <con:transfers setNullOnMissingSource="true" transferTextContent="true" failOnError="true" ignoreEmpty="false" transferToAll="false" entitize="false" transferChildNodes="false">
        <con:name>invalid_email</con:name>
        <con:sourceType>email_invalid</con:sourceType>
        <con:sourceStep>Given properties for the test steps</con:sourceStep>
        <con:targetType>req_email</con:targetType>
        <con:targetStep>Create user with invalid email - fail</con:targetStep>
        <con:upgraded>true</con:upgraded>
      </con:transfers>
      <con:transfers setNullOnMissingSource="true" transferTextContent="true" failOnError="true" ignoreEmpty="false" transferToAll="false" entitize="false" transferChildNodes="false">
        <con:name>nullifyToken</con:name>
        <con:sourceType>nulllToken</con:sourceType>
        <con:sourceStep>Given properties for the test steps</con:sourceStep>
        <con:targetType>AuthorizationUser</con:targetType>
        <con:targetStep>#Project#</con:targetStep>
        <con:upgraded>true</con:upgraded>
      </con:transfers>
      <con:transfers setNullOnMissingSource="true" transferTextContent="true" failOnError="true" ignoreEmpty="false" transferToAll="false" entitize="false" transferChildNodes="false">
        <con:name>nullify token</con:name>
        <con:sourceType>nulllToken</con:sourceType>
        <con:sourceStep>Given properties for the test steps</con:sourceStep>
        <con:targetType>AuthorizationIntUser</con:targetType>
        <con:targetStep>#Project#</con:targetStep>
        <con:upgraded>true</con:upgraded>
      </con:transfers>
    </con:config>
  </con:testStep>
  <con:testStep type="calltestcase" name="Create user with invalid email - fail" id="02f095a6-6276-4859-98a6-ad51c93bd263">
    <con:settings/>
    <con:config xsi:type="con:RunTestCaseStep" xmlns:xsi="http://www.w3.org/2001/XMLSchema-instance">
      <con:targetTestCase>f95d12d9-6cd5-4f61-b30f-72301b48157f</con:targetTestCase>
      <con:properties>
        <con:property>
          <con:name>req_createdByUserRoleId</con:name>
          <con:value>2</con:value>
        </con:property>
        <con:property>
          <con:name>req_createdBySalesOrgRoleId</con:name>
          <con:value>1</con:value>
        </con:property>
        <con:property>
          <con:name>userToken</con:name>
          <con:value xsi:nil="true"/>
        </con:property>
        <con:property>
          <con:name>req_email</con:name>
          <con:value>test.com</con:value>
        </con:property>
        <con:property>
          <con:name>req_soRoleId</con:name>
          <con:value>1</con:value>
        </con:property>
        <con:property>
          <con:name>req_biSpecCode</con:name>
          <con:value>USERCREATEBISPEC</con:value>
        </con:property>
        <con:property>
          <con:name>req_userExternalID</con:name>
          <con:value>robert.baggio${=java.util.UUID.randomUUID()}</con:value>
        </con:property>
        <con:property>
          <con:name>req_forceToUseSession</con:name>
          <con:value>false</con:value>
        </con:property>
        <con:property>
          <con:name>req_biId</con:name>
          <con:value>781</con:value>
        </con:property>
        <con:property>
          <con:name>req_name</con:name>
          <con:value>Roberto Baggio</con:value>
        </con:property>
        <con:property>
          <con:name>req_indFirstName</con:name>
          <con:value>Roberto</con:value>
        </con:property>
        <con:property>
          <con:name>req_indLastName</con:name>
          <con:value>Baggio</con:value>
        </con:property>
        <con:property>
          <con:name>req_indName</con:name>
          <con:value>Roberto Baggio</con:value>
        </con:property>
        <con:property>
          <con:name>res_biId</con:name>
          <con:value xsi:nil="true"/>
        </con:property>
        <con:property>
          <con:name>res_userId</con:name>
          <con:value xsi:nil="true"/>
        </con:property>
        <con:property>
          <con:name>intUserToken</con:name>
          <con:value xsi:nil="true"/>
        </con:property>
        <con:property>
          <con:name>res_error</con:name>
          <con:value>EMAIL_FORMAT_INVALID</con:value>
        </con:property>
        <con:property>
          <con:name>res_forceToUseSession</con:name>
        </con:property>
      </con:properties>
      <con:returnProperties>
        <con:entry>res_biId</con:entry>
        <con:entry>res_userId</con:entry>
        <con:entry>res_error</con:entry>
      </con:returnProperties>
      <con:runMode>PARALLELL</con:runMode>
    </con:config>
  </con:testStep>
  <con:testStep type="assertionteststep" name="Assertion for user creation with invalid email" id="bbe0623f-90e7-43ed-9883-d797a46736cc">
    <con:settings/>
    <con:config xsi:type="con:AssertionTestStep" xmlns:xsi="http://www.w3.org/2001/XMLSchema-instance"/>
  </con:testStep>
  <con:testStep type="transfer" name="Set initial data request parameters for 2nd id" id="7dbdd365-63a0-447e-ab3d-37527daac6fa">
    <con:settings/>
    <con:config xsi:type="con:PropertyTransfersStep" xmlns:xsi="http://www.w3.org/2001/XMLSchema-instance">
      <con:transfers setNullOnMissingSource="true" transferTextContent="true" failOnError="true" ignoreEmpty="false" transferToAll="false" entitize="false" transferChildNodes="false">
        <con:name>createdByUserRoleId</con:name>
        <con:sourceType>DefaultUserRoleId</con:sourceType>
        <con:sourceStep>#Project#</con:sourceStep>
        <con:sourcePath/>
        <con:targetType>req_createdByUserRoleId</con:targetType>
        <con:targetStep>Create sales organization, user, inventory and terminal for 2nd id</con:targetStep>
        <con:targetPath/>
        <con:upgraded>true</con:upgraded>
      </con:transfers>
      <con:transfers setNullOnMissingSource="true" transferTextContent="true" failOnError="true" ignoreEmpty="false" transferToAll="false" entitize="false" transferChildNodes="false">
        <con:name>createdBySalesOrgRoleId</con:name>
        <con:sourceType>DefaultSalesOrganizationRoleId</con:sourceType>
        <con:sourceStep>#Project#</con:sourceStep>
        <con:targetType>req_createdBySalesOrgRoleId</con:targetType>
        <con:targetStep>Create sales organization, user, inventory and terminal for 2nd id</con:targetStep>
        <con:upgraded>true</con:upgraded>
      </con:transfers>
      <con:transfers setNullOnMissingSource="true" transferTextContent="true" failOnError="true" ignoreEmpty="false" transferToAll="false" entitize="false" transferChildNodes="false">
        <con:name>nullToken</con:name>
        <con:sourceType>nulllToken</con:sourceType>
        <con:sourceStep>Given properties for the test steps</con:sourceStep>
        <con:targetType>AuthorizationUser</con:targetType>
        <con:targetStep>#Project#</con:targetStep>
        <con:upgraded>true</con:upgraded>
      </con:transfers>
      <con:transfers setNullOnMissingSource="true" transferTextContent="true" failOnError="true" ignoreEmpty="false" transferToAll="false" entitize="false" transferChildNodes="false">
        <con:name>nullIntToken</con:name>
        <con:sourceType>nulllToken</con:sourceType>
        <con:sourceStep>Given properties for the test steps</con:sourceStep>
        <con:targetType>AuthorizationIntUser</con:targetType>
        <con:targetStep>#Project#</con:targetStep>
        <con:upgraded>true</con:upgraded>
      </con:transfers>
      <con:transfers setNullOnMissingSource="true" transferTextContent="true" failOnError="true" ignoreEmpty="false" transferToAll="false" entitize="false" transferChildNodes="false">
        <con:name>nullSo</con:name>
        <con:sourceType>nulllToken</con:sourceType>
        <con:sourceStep>Given properties for the test steps</con:sourceStep>
        <con:targetType>UserSo</con:targetType>
        <con:targetStep>#Project#</con:targetStep>
        <con:upgraded>true</con:upgraded>
      </con:transfers>
      <con:transfers setNullOnMissingSource="true" transferTextContent="true" failOnError="true" ignoreEmpty="false" transferToAll="false" entitize="false" transferChildNodes="false">
        <con:name>userRoleExtId</con:name>
        <con:sourceType>userExternalId</con:sourceType>
        <con:sourceStep>Given properties for the test steps</con:sourceStep>
        <con:targetType>req_userRoleExtId</con:targetType>
        <con:targetStep>Create sales organization, user, inventory and terminal for 2nd id</con:targetStep>
        <con:upgraded>true</con:upgraded>
      </con:transfers>
    </con:config>
  </con:testStep>
  <con:testStep type="calltestcase" name="Create sales organization, user, inventory and terminal for 2nd id" id="ab8d7e16-e7f3-4166-9a55-fdd46590100e">
    <con:settings/>
    <con:config xsi:type="con:RunTestCaseStep" xmlns:xsi="http://www.w3.org/2001/XMLSchema-instance">
      <con:targetTestCase>b92a7c8d-a0ed-4725-99e9-4866fd949629</con:targetTestCase>
      <con:properties>
        <con:property>
          <con:name>req_createdBySalesOrgRoleId</con:name>
          <con:value>1</con:value>
        </con:property>
        <con:property>
          <con:name>req_createdByUserRoleId</con:name>
          <con:value>2</con:value>
        </con:property>
        <con:property>
          <con:name>req_inventoryExtId</con:name>
          <con:value xsi:nil="true"/>
        </con:property>
        <con:property>
          <con:name>req_salesOrgRoleExtId</con:name>
          <con:value xsi:nil="true"/>
        </con:property>
        <con:property>
          <con:name>req_terminalExtId</con:name>
          <con:value xsi:nil="true"/>
        </con:property>
        <con:property>
          <con:name>req_userRoleExtId</con:name>
          <con:value>robert.baggio${=java.util.UUID.randomUUID()}</con:value>
        </con:property>
        <con:property>
          <con:name>res_inventoryRoleBiId</con:name>
          <con:value xsi:nil="true"/>
        </con:property>
        <con:property>
          <con:name>res_inventoryRoleId</con:name>
          <con:value>2</con:value>
        </con:property>
        <con:property>
          <con:name>res_placeId</con:name>
          <con:value>2</con:value>
        </con:property>
        <con:property>
          <con:name>res_salesOrganisationExternalId</con:name>
          <con:value xsi:nil="true"/>
        </con:property>
        <con:property>
          <con:name>res_salesOrgBiId</con:name>
          <con:value xsi:nil="true"/>
        </con:property>
        <con:property>
          <con:name>res_salesOrgId</con:name>
          <con:value>1</con:value>
        </con:property>
        <con:property>
          <con:name>res_soExtId</con:name>
          <con:value xsi:nil="true"/>
        </con:property>
        <con:property>
          <con:name>res_terminalBiId</con:name>
          <con:value xsi:nil="true"/>
        </con:property>
        <con:property>
          <con:name>res_terminalId</con:name>
          <con:value>1</con:value>
        </con:property>
        <con:property>
          <con:name>res_userRoleBiId</con:name>
          <con:value xsi:nil="true"/>
        </con:property>
        <con:property>
          <con:name>res_userRoleId</con:name>
          <con:value>62</con:value>
        </con:property>
        <con:property>
          <con:name>userToken</con:name>
          <con:value>Bearer eyJraWQiOiIxIiwiYWxnIjoiUlMyNTYifQ.eyJpc3MiOiJVTVMtUHJlZmlsdGVyLUNoZWNrQXV0aG9yaXplIiwic3ViIjoiVEVTVCIsImF1ZCI6IlJNIiwiaWF0IjoxNDg3MTYwOTc5LCJleHAiOjE1NTI3MjIxNzQsImF1dGhfdGltZSI6IjEzMTEyODA4NzAiLCJub25jZSI6Im4tMFM2X1d6QTJNaiIsIm5hbWUiOiJVTVMgVGVzdCBVc2VyIiwieF9kYnNzIjp7ImF1dGh6UHJvZmlsZU5hbWUiOiJDU1JfQXV0aHpQcm9maWxlIiwidmVyc2lvbiI6InYxIiwicGFydHlfaWQiOiIxMjMiLCJleHRlcm5hbF91c2VybmFtZSI6InJvYmVydC5iYWdnaW9lMzQ0ZThjYi1iZDVhLTQ1MjMtYTk0MC03MDI0ZmNjZWY4OTEifX0.nnnLzoG2HssWr9qZcjEjmA2NX672_JOUSTBjc7lROsiwCeQJlWTnPFPIkjLnATdhdXGzAO4I4Gib-B4CYdwjjvKSEobzFUf2U1iHknq1aSfaqzkiHkumtIyEpKpgdwfnLBlD__LXiNoIvJLiFzo9rtuBLDlFmYZQRAoN4s5KTJ8</con:value>
        </con:property>
        <con:property>
          <con:name>userIntToken</con:name>
          <con:value>Bearer eyJraWQiOiIxIiwiYWxnIjoiUlMyNTYifQ.eyJpc3MiOiJVTVMtUHJlZmlsdGVyLUNoZWNrQXV0aG9yaXplIiwic3ViIjoiVEVTVCIsImF1ZCI6IlJNIiwiaWF0IjoxNDg3MTYwOTc5LCJleHAiOjE1NTI3MjIxNzQsImF1dGhfdGltZSI6IjEzMTEyODA4NzAiLCJub25jZSI6Im4tMFM2X1d6QTJNaiIsIm5hbWUiOiJVTVMgVGVzdCBVc2VyIiwieF9kYnNzIjp7ImF1dGh6UHJvZmlsZU5hbWUiOiJFUk1TX0FETUlOX0F1dGh6UHJvZmlsZSIsInZlcnNpb24iOiJ2MSIsInBhcnR5X2lkIjoiMTIzIiwiZXh0ZXJuYWxfdXNlcm5hbWUiOiJyb2JlcnQuYmFnZ2lvZTM0NGU4Y2ItYmQ1YS00NTIzLWE5NDAtNzAyNGZjY2VmODkxIn19.ar2lu4cxs0ZsGaCU2VJKbs6uKy1uWHjZ1lm90oCgZJxoCcvmt5ctOmWYwteRbXsLkmV-ZIVM-CRJJWNbVWcxED6cOABKfdv50uCpMhwjMDwVFNzsNXEg8ASLl_3qfknxv2Ju7-ApTQbrETeATvZxyV_5o5fZmGWNw5MKdOSZ4DY</con:value>
        </con:property>
        <con:property>
          <con:name>req_email</con:name>
        </con:property>
      </con:properties>
      <con:returnProperties>
        <con:entry>res_inventoryRoleId</con:entry>
        <con:entry>res_placeId</con:entry>
        <con:entry>res_salesOrganisationExternalId</con:entry>
        <con:entry>res_salesOrgId</con:entry>
        <con:entry>res_terminalId</con:entry>
        <con:entry>res_userRoleId</con:entry>
        <con:entry>userToken</con:entry>
        <con:entry>userIntToken</con:entry>
      </con:returnProperties>
      <con:runMode>PARALLELL</con:runMode>
    </con:config>
  </con:testStep>
  <con:testStep type="assertionteststep" name="Assert if user id, so id, inventory id and terminal id not null for 2nd id" id="379031c9-70e3-464c-84de-212d0e98842a">
    <con:settings/>
    <con:config xsi:type="con:AssertionTestStep" xmlns:xsi="http://www.w3.org/2001/XMLSchema-instance">
      <con:entry>
        <con:id>72817e57-18f4-47ed-8889-c4b38ba533b9</con:id>
        <con:isGroup>false</con:isGroup>
        <con:sourceId>ab8d7e16-e7f3-4166-9a55-fdd46590100e</con:sourceId>
        <con:propertyName>res_userRoleId</con:propertyName>
        <con:assertion type="Simple Contains" name="Contains" id="c1188e99-6c64-4e3c-8b09-dac6a0844b7a">
          <con:configuration>
            <token>\d+</token>
            <ignoreCase>false</ignoreCase>
            <useRegEx>true</useRegEx>
          </con:configuration>
        </con:assertion>
      </con:entry>
      <con:entry>
        <con:id>5f839c1d-391c-48a1-a134-daeb9abdfe49</con:id>
        <con:isGroup>false</con:isGroup>
        <con:sourceId>ab8d7e16-e7f3-4166-9a55-fdd46590100e</con:sourceId>
        <con:propertyName>res_terminalId</con:propertyName>
        <con:assertion type="Simple Contains" name="Contains 2" id="42093656-1dbc-4d69-bc6a-167e45138b75">
          <con:configuration>
            <token>\d+</token>
            <ignoreCase>false</ignoreCase>
            <useRegEx>true</useRegEx>
          </con:configuration>
        </con:assertion>
      </con:entry>
      <con:entry>
        <con:id>ff222a43-0c15-4106-8560-1d12123dafee</con:id>
        <con:isGroup>false</con:isGroup>
        <con:sourceId>ab8d7e16-e7f3-4166-9a55-fdd46590100e</con:sourceId>
        <con:propertyName>res_salesOrgId</con:propertyName>
        <con:assertion type="Simple Contains" name="Contains 3" id="c09a9056-dafb-43e1-ab6c-b64ed8f26e73">
          <con:configuration>
            <token>\d+</token>
            <ignoreCase>false</ignoreCase>
            <useRegEx>true</useRegEx>
          </con:configuration>
        </con:assertion>
      </con:entry>
      <con:entry>
        <con:id>8bf79254-a901-4529-ab0f-eff429ef4220</con:id>
        <con:isGroup>false</con:isGroup>
        <con:sourceId>ab8d7e16-e7f3-4166-9a55-fdd46590100e</con:sourceId>
        <con:propertyName>res_inventoryRoleId</con:propertyName>
        <con:assertion type="Simple Contains" name="contains 4" id="c92924e6-5901-47fa-ab9e-0faa624b020d">
          <con:configuration>
            <token>\d+</token>
            <ignoreCase>false</ignoreCase>
            <useRegEx>true</useRegEx>
          </con:configuration>
        </con:assertion>
      </con:entry>
    </con:config>
  </con:testStep>
  <con:testStep type="datagen" name="DataGen for description" id="675c74d0-9147-402b-a142-b3099ead74c8">
    <con:settings/>
    <con:config xsi:type="con:DataGeneratorStep" xmlns:xsi="http://www.w3.org/2001/XMLSchema-instance">
      <con:property type="Script">
        <con:configuration>
          <script>def salesOrganisationExternalId = context.expand( '${Create sales organization, user, inventory and terminal#res_salesOrganisationExternalId}' )

testRunner.testCase.testSteps['Given properties for the test steps'].setPropertyValue("description", "User is created by name-" + salesOrganisationExternalId.toString());</script>
        </con:configuration>
        <con:name>description</con:name>
        <con:mode>STEP</con:mode>
        <con:shared>false</con:shared>
      </con:property>
    </con:config>
  </con:testStep>
  <con:testStep type="transfer" name="Set userRoleId,salesOrgRoleId and placeId to test case" id="2ed3c874-8e48-4f67-8660-8584a6ae6a89">
    <con:settings/>
    <con:config xsi:type="con:PropertyTransfersStep" xmlns:xsi="http://www.w3.org/2001/XMLSchema-instance">
      <con:transfers setNullOnMissingSource="true" transferTextContent="true" failOnError="true" ignoreEmpty="false" transferToAll="false" entitize="false" transferChildNodes="false">
        <con:name>userRoleId</con:name>
        <con:sourceType>res_userRoleId</con:sourceType>
        <con:sourceStep>Create sales organization, user, inventory and terminal</con:sourceStep>
        <con:sourcePath/>
        <con:targetType>userId</con:targetType>
        <con:targetStep>Given properties for the test steps</con:targetStep>
        <con:targetPath/>
        <con:upgraded>true</con:upgraded>
      </con:transfers>
      <con:transfers setNullOnMissingSource="true" transferTextContent="true" failOnError="true" ignoreEmpty="false" transferToAll="false" entitize="false" transferChildNodes="false">
        <con:name>salesOrgRoleId</con:name>
        <con:sourceType>res_salesOrgId</con:sourceType>
        <con:sourceStep>Create sales organization, user, inventory and terminal</con:sourceStep>
        <con:targetType>soId</con:targetType>
        <con:targetStep>Given properties for the test steps</con:targetStep>
        <con:upgraded>true</con:upgraded>
      </con:transfers>
    </con:config>
  </con:testStep>
  <con:testStep type="transfer" name="Set empty bi spec" id="f3abfe33-4798-4daa-a0a3-728179a8080e">
    <con:settings/>
    <con:config xsi:type="con:PropertyTransfersStep" xmlns:xsi="http://www.w3.org/2001/XMLSchema-instance">
      <con:transfers setNullOnMissingSource="true" transferTextContent="true" failOnError="true" ignoreEmpty="false" transferToAll="false" entitize="false" transferChildNodes="false">
        <con:name>biSpec</con:name>
        <con:sourceType>emptyString</con:sourceType>
        <con:sourceStep>Given properties for the test steps</con:sourceStep>
        <con:sourcePath/>
        <con:targetType>req_biSpecCode</con:targetType>
        <con:targetStep>Create user create business interaction without bispec</con:targetStep>
        <con:targetPath/>
        <con:upgraded>true</con:upgraded>
      </con:transfers>
      <con:transfers setNullOnMissingSource="true" transferTextContent="true" failOnError="true" ignoreEmpty="false" transferToAll="false" entitize="false" transferChildNodes="false">
        <con:name>userRoleID</con:name>
        <con:sourceType>userId</con:sourceType>
        <con:sourceStep>Given properties for the test steps</con:sourceStep>
        <con:targetType>req_userRoleId</con:targetType>
        <con:targetStep>Create user create business interaction without bispec</con:targetStep>
        <con:upgraded>true</con:upgraded>
      </con:transfers>
      <con:transfers setNullOnMissingSource="true" transferTextContent="true" failOnError="true" ignoreEmpty="false" transferToAll="false" entitize="false" transferChildNodes="false">
        <con:name>soRoleId</con:name>
        <con:sourceType>soId</con:sourceType>
        <con:sourceStep>Given properties for the test steps</con:sourceStep>
        <con:targetType>req_soRoleId</con:targetType>
        <con:targetStep>Create user create business interaction without bispec</con:targetStep>
        <con:upgraded>true</con:upgraded>
      </con:transfers>
      <con:transfers setNullOnMissingSource="true" transferTextContent="true" failOnError="true" ignoreEmpty="false" transferToAll="false" entitize="false" transferChildNodes="false">
        <con:name>token</con:name>
        <con:sourceType>userToken</con:sourceType>
        <con:sourceStep>Create sales organization, user, inventory and terminal</con:sourceStep>
        <con:targetType>AuthorizationUser</con:targetType>
        <con:targetStep>#Project#</con:targetStep>
        <con:upgraded>true</con:upgraded>
      </con:transfers>
      <con:transfers setNullOnMissingSource="true" transferTextContent="true" failOnError="true" ignoreEmpty="false" transferToAll="false" entitize="false" transferChildNodes="false">
        <con:name>userSo</con:name>
        <con:sourceType>res_salesOrgId</con:sourceType>
        <con:sourceStep>Create sales organization, user, inventory and terminal</con:sourceStep>
        <con:targetType>UserSo</con:targetType>
        <con:targetStep>#Project#</con:targetStep>
        <con:upgraded>true</con:upgraded>
      </con:transfers>
    </con:config>
  </con:testStep>
  <con:testStep type="calltestcase" name="Create user create business interaction without bispec" id="d69faa1d-f013-4bb3-8d0a-9b8d0c86d769">
    <con:settings/>
    <con:config xsi:type="con:RunTestCaseStep" xmlns:xsi="http://www.w3.org/2001/XMLSchema-instance">
      <con:targetTestCase>080f0d17-75de-4298-b319-a299dc83bbba</con:targetTestCase>
      <con:properties>
        <con:property>
          <con:name>req_userRoleId</con:name>
          <con:value>60</con:value>
        </con:property>
        <con:property>
          <con:name>res_biId</con:name>
          <con:value xsi:nil="true"/>
        </con:property>
        <con:property>
          <con:name>req_soRoleId</con:name>
          <con:value>58</con:value>
        </con:property>
        <con:property>
          <con:name>req_biSpecCode</con:name>
          <con:value>EMPTY</con:value>
        </con:property>
        <con:property>
          <con:name>res_code</con:name>
          <con:value>BUSINESS_INTERACTION_SPEC_WITH_CODE_DOES_NOT_EXIST</con:value>
        </con:property>
        <con:property>
          <con:name>res_errorMessage</con:name>
          <con:value>BUSINESS_INTERACTION_SPEC_WITH_CODE_DOES_NOT_EXIST</con:value>
        </con:property>
        <con:property>
          <con:name>res_httpCode</con:name>
          <con:value>400</con:value>
        </con:property>
      </con:properties>
      <con:returnProperties>
        <con:entry>res_biId</con:entry>
        <con:entry>res_code</con:entry>
        <con:entry>res_errorMessage</con:entry>
        <con:entry>res_httpCode</con:entry>
      </con:returnProperties>
      <con:runMode>PARALLELL</con:runMode>
    </con:config>
  </con:testStep>
  <con:testStep type="assertionteststep" name="Assert bi is not created without bi spec" id="f05916e2-ef3a-49c7-84b9-8b6b5428a5e4">
    <con:settings/>
    <con:config xsi:type="con:AssertionTestStep" xmlns:xsi="http://www.w3.org/2001/XMLSchema-instance">
      <con:entry>
        <con:id>1437c8fb-841a-4c4a-aa7b-75093560973d</con:id>
        <con:isGroup>false</con:isGroup>
        <con:sourceId>d69faa1d-f013-4bb3-8d0a-9b8d0c86d769</con:sourceId>
        <con:propertyName>res_errorMessage</con:propertyName>
        <con:assertion type="Simple Equals" name="Equals" id="937acb10-1ac3-4807-882b-69a64c9d3f48">
          <con:configuration>
            <patternObjectId>ed47999d-52cc-4556-b643-5a1394572e39</patternObjectId>
            <patternProperty>errorMessageWithoutBISpecCode</patternProperty>
            <caseSensitive>true</caseSensitive>
          </con:configuration>
        </con:assertion>
      </con:entry>
      <con:entry>
        <con:id>eb97fc86-1ced-4143-8a1b-9e8fba0f265e</con:id>
        <con:isGroup>false</con:isGroup>
        <con:sourceId>d69faa1d-f013-4bb3-8d0a-9b8d0c86d769</con:sourceId>
        <con:propertyName>res_httpCode</con:propertyName>
        <con:assertion type="Simple Equals" name="Equals 2" id="e378451b-ac90-489e-9222-f77dedb37676">
          <con:configuration>
            <patternObjectId>ed47999d-52cc-4556-b643-5a1394572e39</patternObjectId>
            <patternProperty>httpCode400</patternProperty>
            <caseSensitive>true</caseSensitive>
          </con:configuration>
        </con:assertion>
      </con:entry>
    </con:config>
  </con:testStep>
  <con:testStep type="transfer" name="Set create user bi with none associate user" id="fdf03661-f1d7-4f15-9154-5ee804de2835">
    <con:settings/>
    <con:config xsi:type="con:PropertyTransfersStep" xmlns:xsi="http://www.w3.org/2001/XMLSchema-instance">
      <con:transfers setNullOnMissingSource="true" transferTextContent="true" failOnError="true" ignoreEmpty="false" transferToAll="false" entitize="false" transferChildNodes="false">
        <con:name>userId</con:name>
        <con:sourceType>DefaultUserRoleId</con:sourceType>
        <con:sourceStep>#Project#</con:sourceStep>
        <con:sourcePath/>
        <con:targetType>req_userRoleId</con:targetType>
        <con:targetStep>Create user bi with none associate user</con:targetStep>
        <con:targetPath/>
        <con:upgraded>true</con:upgraded>
      </con:transfers>
      <con:transfers setNullOnMissingSource="true" transferTextContent="true" failOnError="true" ignoreEmpty="false" transferToAll="false" entitize="false" transferChildNodes="false">
        <con:name>soId</con:name>
        <con:sourceType>soId</con:sourceType>
        <con:sourceStep>Given properties for the test steps</con:sourceStep>
        <con:targetType>req_soRoleId</con:targetType>
        <con:targetStep>Create user bi with none associate user</con:targetStep>
        <con:upgraded>true</con:upgraded>
      </con:transfers>
      <con:transfers setNullOnMissingSource="true" transferTextContent="true" failOnError="true" ignoreEmpty="false" transferToAll="false" entitize="false" transferChildNodes="false">
        <con:name>biSpecCode</con:name>
        <con:sourceType>biSpec</con:sourceType>
        <con:sourceStep>Given properties for the test steps</con:sourceStep>
        <con:targetType>req_biSpecCode</con:targetType>
        <con:targetStep>Create user bi with none associate user</con:targetStep>
        <con:upgraded>true</con:upgraded>
      </con:transfers>
    </con:config>
  </con:testStep>
  <con:testStep type="calltestcase" name="Create user bi with none associate user" id="a33effb8-c702-46b7-8a27-1bde9180d44e">
    <con:settings/>
    <con:config xsi:type="con:RunTestCaseStep" xmlns:xsi="http://www.w3.org/2001/XMLSchema-instance">
      <con:targetTestCase>080f0d17-75de-4298-b319-a299dc83bbba</con:targetTestCase>
      <con:properties>
        <con:property>
          <con:name>req_userRoleId</con:name>
          <con:value>2</con:value>
        </con:property>
        <con:property>
          <con:name>req_soRoleId</con:name>
          <con:value>58</con:value>
        </con:property>
        <con:property>
          <con:name>req_biSpecCode</con:name>
          <con:value>USERCREATEBISPEC</con:value>
        </con:property>
        <con:property>
          <con:name>res_biId</con:name>
          <con:value xsi:nil="true"/>
        </con:property>
        <con:property>
          <con:name>res_code</con:name>
          <con:value>USER_MISMATCH_EXCEPTION</con:value>
        </con:property>
        <con:property>
          <con:name>res_errorMessage</con:name>
          <con:value>Invalid user role id in the request</con:value>
        </con:property>
        <con:property>
          <con:name>res_httpCode</con:name>
          <con:value>403</con:value>
        </con:property>
      </con:properties>
      <con:returnProperties>
        <con:entry>res_biId</con:entry>
        <con:entry>res_code</con:entry>
        <con:entry>res_errorMessage</con:entry>
        <con:entry>res_httpCode</con:entry>
      </con:returnProperties>
      <con:runMode>PARALLELL</con:runMode>
    </con:config>
  </con:testStep>
  <con:testStep type="assertionteststep" name="Assertion create user bi with none associate user" id="29f6280d-c6b2-4c60-8b27-cc894e936c5c" disabled="true">
    <con:settings/>
    <con:config xsi:type="con:AssertionTestStep" xmlns:xsi="http://www.w3.org/2001/XMLSchema-instance">
      <con:entry>
        <con:id>13d553f3-6202-4d12-88be-ddb935c23a5d</con:id>
        <con:isGroup>false</con:isGroup>
        <con:sourceId>a33effb8-c702-46b7-8a27-1bde9180d44e</con:sourceId>
        <con:propertyName>res_errorMessage</con:propertyName>
        <con:assertion type="Simple Equals" name="Equals" id="472e8bae-a28c-4b2b-8823-cc83e0515451">
          <con:configuration>
            <patternObjectId>ed47999d-52cc-4556-b643-5a1394572e39</patternObjectId>
            <patternProperty>errorMessageUserNotInSalesOrganization</patternProperty>
            <caseSensitive>true</caseSensitive>
          </con:configuration>
        </con:assertion>
      </con:entry>
    </con:config>
  </con:testStep>
  <con:testStep type="transfer" name="Set bi id which is not exist" id="a54d44dc-a3af-4227-95a6-3ced09a117ea">
    <con:settings/>
    <con:config xsi:type="con:PropertyTransfersStep" xmlns:xsi="http://www.w3.org/2001/XMLSchema-instance">
      <con:transfers setNullOnMissingSource="true" transferTextContent="true" failOnError="true" ignoreEmpty="false" transferToAll="false" entitize="false" transferChildNodes="false">
        <con:name>biId</con:name>
        <con:sourceType>notExistId</con:sourceType>
        <con:sourceStep>Given properties for the test steps</con:sourceStep>
        <con:sourcePath/>
        <con:targetType>req_biId</con:targetType>
        <con:targetStep>Submit bi which is not exist</con:targetStep>
        <con:targetPath/>
        <con:upgraded>true</con:upgraded>
      </con:transfers>
    </con:config>
  </con:testStep>
  <con:testStep type="calltestcase" name="Submit bi which is not exist" id="c9ef198a-8b50-4d2f-9eb6-9c918daaa0e0">
    <con:settings/>
    <con:config xsi:type="con:RunTestCaseStep" xmlns:xsi="http://www.w3.org/2001/XMLSchema-instance">
      <con:targetTestCase>eec8880b-6bd0-46a9-8545-851a3d5ea4ac</con:targetTestCase>
      <con:properties>
        <con:property>
          <con:name>req_biId</con:name>
          <con:value>-1</con:value>
        </con:property>
        <con:property>
          <con:name>res_biId</con:name>
          <con:value xsi:nil="true"/>
        </con:property>
        <con:property>
          <con:name>res_code</con:name>
          <con:value>BI_WITH_ID_NOT_FOUND</con:value>
        </con:property>
        <con:property>
          <con:name>res_errorMessage</con:name>
          <con:value>BI_WITH_ID_NOT_FOUND</con:value>
        </con:property>
        <con:property>
          <con:name>res_httpCode</con:name>
          <con:value>400</con:value>
        </con:property>
      </con:properties>
      <con:returnProperties>
        <con:entry>res_biId</con:entry>
        <con:entry>res_code</con:entry>
        <con:entry>res_errorMessage</con:entry>
        <con:entry>res_httpCode</con:entry>
      </con:returnProperties>
      <con:runMode>PARALLELL</con:runMode>
    </con:config>
  </con:testStep>
  <con:testStep type="assertionteststep" name="Assert bi is not submitted which is not exist" id="1ab90174-f0d4-4c84-9f61-0e6c4950bb1f">
    <con:settings/>
    <con:config xsi:type="con:AssertionTestStep" xmlns:xsi="http://www.w3.org/2001/XMLSchema-instance">
      <con:entry>
        <con:id>419c5cc0-95c7-4254-a5c4-2f87e91a19aa</con:id>
        <con:isGroup>false</con:isGroup>
        <con:sourceId>c9ef198a-8b50-4d2f-9eb6-9c918daaa0e0</con:sourceId>
        <con:propertyName>res_errorMessage</con:propertyName>
        <con:assertion type="Simple Equals" name="Equals" id="7b1ce7cf-80a7-44e5-a467-3f9581bbc26e">
          <con:configuration>
            <patternObjectId>ed47999d-52cc-4556-b643-5a1394572e39</patternObjectId>
            <patternProperty>errorMessageBINotFound</patternProperty>
            <caseSensitive>true</caseSensitive>
          </con:configuration>
        </con:assertion>
      </con:entry>
      <con:entry>
        <con:id>1e072bcb-41e0-443d-b203-49ce14ae5bd6</con:id>
        <con:isGroup>false</con:isGroup>
        <con:sourceId>c9ef198a-8b50-4d2f-9eb6-9c918daaa0e0</con:sourceId>
        <con:propertyName>res_httpCode</con:propertyName>
        <con:assertion type="Simple Equals" name="Equals 2" id="85f8903c-18af-44e9-86a5-7bbf6e1425c2">
          <con:configuration>
            <patternObjectId>ed47999d-52cc-4556-b643-5a1394572e39</patternObjectId>
            <patternProperty>httpCode400</patternProperty>
            <caseSensitive>true</caseSensitive>
          </con:configuration>
        </con:assertion>
      </con:entry>
    </con:config>
  </con:testStep>
  <con:testStep type="transfer" name="Set bi id to add item which is not exist" id="c0881c40-31e2-4a65-91b3-af5144d7b103">
    <con:settings/>
    <con:config xsi:type="con:PropertyTransfersStep" xmlns:xsi="http://www.w3.org/2001/XMLSchema-instance">
      <con:transfers setNullOnMissingSource="true" transferTextContent="true" failOnError="true" ignoreEmpty="false" transferToAll="false" entitize="false" transferChildNodes="false">
        <con:name>biId</con:name>
        <con:sourceType>notExistId</con:sourceType>
        <con:sourceStep>Given properties for the test steps</con:sourceStep>
        <con:sourcePath/>
        <con:targetType>req_biId</con:targetType>
        <con:targetStep>Add item to bi which is not exist</con:targetStep>
        <con:targetPath/>
        <con:upgraded>true</con:upgraded>
      </con:transfers>
      <con:transfers setNullOnMissingSource="true" transferTextContent="true" failOnError="true" ignoreEmpty="false" transferToAll="false" entitize="false" transferChildNodes="false">
        <con:name>name</con:name>
        <con:sourceType>name</con:sourceType>
        <con:sourceStep>Given properties for the test steps</con:sourceStep>
        <con:targetType>req_name</con:targetType>
        <con:targetStep>Add item to bi which is not exist</con:targetStep>
        <con:upgraded>true</con:upgraded>
      </con:transfers>
      <con:transfers setNullOnMissingSource="true" transferTextContent="true" failOnError="true" ignoreEmpty="false" transferToAll="false" entitize="false" transferChildNodes="false">
        <con:name>externalId</con:name>
        <con:sourceType>userExternalId</con:sourceType>
        <con:sourceStep>Given properties for the test steps</con:sourceStep>
        <con:targetType>req_externalId</con:targetType>
        <con:targetStep>Add item to bi which is not exist</con:targetStep>
        <con:upgraded>true</con:upgraded>
      </con:transfers>
      <con:transfers setNullOnMissingSource="true" transferTextContent="true" failOnError="true" ignoreEmpty="false" transferToAll="false" entitize="false" transferChildNodes="false">
        <con:name>userRoleSpecId</con:name>
        <con:sourceType>res_id</con:sourceType>
        <con:sourceStep>Create user role specification</con:sourceStep>
        <con:targetType>req_userRoleSpecId</con:targetType>
        <con:targetStep>Add item to bi which is not exist</con:targetStep>
        <con:upgraded>true</con:upgraded>
      </con:transfers>
      <con:transfers setNullOnMissingSource="true" transferTextContent="true" failOnError="true" ignoreEmpty="false" transferToAll="false" entitize="false" transferChildNodes="false">
        <con:name>soRoleId</con:name>
        <con:sourceType>soId</con:sourceType>
        <con:sourceStep>Given properties for the test steps</con:sourceStep>
        <con:targetType>req_soRoleId</con:targetType>
        <con:targetStep>Add item to bi which is not exist</con:targetStep>
        <con:upgraded>true</con:upgraded>
      </con:transfers>
      <con:transfers setNullOnMissingSource="true" transferTextContent="true" failOnError="true" ignoreEmpty="false" transferToAll="false" entitize="false" transferChildNodes="false">
        <con:name>forceToUseSession</con:name>
        <con:sourceType>false</con:sourceType>
        <con:sourceStep>Given properties for the test steps</con:sourceStep>
        <con:targetType>req_forceToUseSession</con:targetType>
        <con:targetStep>Add item to bi which is not exist</con:targetStep>
        <con:upgraded>true</con:upgraded>
      </con:transfers>
      <con:transfers setNullOnMissingSource="true" transferTextContent="true" failOnError="true" ignoreEmpty="false" transferToAll="false" entitize="false" transferChildNodes="false">
        <con:name>indFirstname</con:name>
        <con:sourceType>indFirstname</con:sourceType>
        <con:sourceStep>Given properties for the test steps</con:sourceStep>
        <con:targetType>req_indFirstName</con:targetType>
        <con:targetStep>Add item to bi which is not exist</con:targetStep>
        <con:upgraded>true</con:upgraded>
      </con:transfers>
      <con:transfers setNullOnMissingSource="true" transferTextContent="true" failOnError="true" ignoreEmpty="false" transferToAll="false" entitize="false" transferChildNodes="false">
        <con:name>indLastname</con:name>
        <con:sourceType>indLastname</con:sourceType>
        <con:sourceStep>Given properties for the test steps</con:sourceStep>
        <con:targetType>req_indLastName</con:targetType>
        <con:targetStep>Add item to bi which is not exist</con:targetStep>
        <con:upgraded>true</con:upgraded>
      </con:transfers>
      <con:transfers setNullOnMissingSource="true" transferTextContent="true" failOnError="true" ignoreEmpty="false" transferToAll="false" entitize="false" transferChildNodes="false">
        <con:name>indName</con:name>
        <con:sourceType>indName</con:sourceType>
        <con:sourceStep>Given properties for the test steps</con:sourceStep>
        <con:targetType>req_indName</con:targetType>
        <con:targetStep>Add item to bi which is not exist</con:targetStep>
        <con:upgraded>true</con:upgraded>
      </con:transfers>
    </con:config>
  </con:testStep>
  <con:testStep type="calltestcase" name="Add item to bi which is not exist" id="ff0b57e2-f5d4-4c45-9839-0408253ec583">
    <con:settings/>
    <con:config xsi:type="con:RunTestCaseStep" xmlns:xsi="http://www.w3.org/2001/XMLSchema-instance">
      <con:targetTestCase>82436617-bc41-4ae8-a2b5-d31a80ed4e9b</con:targetTestCase>
      <con:properties>
        <con:property>
          <con:name>req_biId</con:name>
          <con:value>-1</con:value>
        </con:property>
        <con:property>
          <con:name>req_name</con:name>
          <con:value>Roberto Baggio</con:value>
        </con:property>
        <con:property>
          <con:name>req_externalId</con:name>
          <con:value>robert.baggio${=java.util.UUID.randomUUID()}</con:value>
        </con:property>
        <con:property>
          <con:name>req_userRoleSpecId</con:name>
          <con:value>56</con:value>
        </con:property>
        <con:property>
          <con:name>req_soRoleId</con:name>
          <con:value>58</con:value>
        </con:property>
        <con:property>
          <con:name>req_indFirstName</con:name>
          <con:value>Roberto</con:value>
        </con:property>
        <con:property>
          <con:name>req_indLastName</con:name>
          <con:value>Baggio</con:value>
        </con:property>
        <con:property>
          <con:name>req_indName</con:name>
          <con:value>Roberto Baggio</con:value>
        </con:property>
        <con:property>
          <con:name>res_id</con:name>
          <con:value xsi:nil="true"/>
        </con:property>
        <con:property>
          <con:name>res_code</con:name>
          <con:value>404</con:value>
        </con:property>
        <con:property>
          <con:name>res_errorMessage</con:name>
          <con:value>404</con:value>
        </con:property>
        <con:property>
          <con:name>req_forceToUseSession</con:name>
          <con:value>false</con:value>
        </con:property>
        <con:property>
          <con:name>res_externalId</con:name>
        </con:property>
        <con:property>
          <con:name>res_httpCode</con:name>
          <con:value>404</con:value>
        </con:property>
        <con:property>
          <con:name>req_email</con:name>
        </con:property>
      </con:properties>
      <con:returnProperties>
        <con:entry>res_id</con:entry>
        <con:entry>res_code</con:entry>
        <con:entry>res_errorMessage</con:entry>
        <con:entry>res_httpCode</con:entry>
      </con:returnProperties>
      <con:runMode>PARALLELL</con:runMode>
    </con:config>
  </con:testStep>
  <con:testStep type="assertionteststep" name="Assert bi is not added which is not exist" id="3f7aee8c-24c2-4e75-9d3b-d0398af9b70f">
    <con:settings/>
    <con:config xsi:type="con:AssertionTestStep" xmlns:xsi="http://www.w3.org/2001/XMLSchema-instance">
      <con:entry>
        <con:id>0a3c29ce-e402-47a4-890e-3092831a0f15</con:id>
        <con:isGroup>false</con:isGroup>
        <con:sourceId>ff0b57e2-f5d4-4c45-9839-0408253ec583</con:sourceId>
        <con:propertyName>res_errorMessage</con:propertyName>
        <con:assertion type="Simple Contains" name="Contains" id="02420cca-3d63-4ab4-91e3-fa23011122bf">
          <con:configuration>
            <token>\w+</token>
            <ignoreCase>false</ignoreCase>
            <useRegEx>true</useRegEx>
          </con:configuration>
        </con:assertion>
      </con:entry>
      <con:entry>
        <con:id>5c8f2d72-e0b4-4359-b217-2a3e83034429</con:id>
        <con:isGroup>false</con:isGroup>
        <con:sourceId>ff0b57e2-f5d4-4c45-9839-0408253ec583</con:sourceId>
        <con:propertyName>res_httpCode</con:propertyName>
        <con:assertion type="Simple Equals" name="Equals" id="a8cb3bbd-8c33-4e4b-903d-83db8f03e9f6">
          <con:configuration>
            <patternObjectId>ed47999d-52cc-4556-b643-5a1394572e39</patternObjectId>
            <patternProperty>httpCode404</patternProperty>
            <caseSensitive>true</caseSensitive>
          </con:configuration>
        </con:assertion>
      </con:entry>
    </con:config>
  </con:testStep>
  <con:testStep type="datasource" name="Data source for incorrect add item" id="8befe1d1-a376-46c9-be93-b9973a142998">
    <con:settings/>
    <con:config xsi:type="con:DataSourceStep" xmlns:xsi="http://www.w3.org/2001/XMLSchema-instance">
      <con:dataSource type="Grid">
        <con:configuration>
          <check><![CDATA[<xml-fragment><con:entry xmlns:con="http://eviware.com/soapui/config">true</con:entry><con:entry xmlns:con="http://eviware.com/soapui/config">true</con:entry><con:entry xmlns:con="http://eviware.com/soapui/config">true</con:entry><con:entry xmlns:con="http://eviware.com/soapui/config">true</con:entry></xml-fragment>]]></check>
          <row><![CDATA[<xml-fragment><con:entry xmlns:con="http://eviware.com/soapui/config">${Given properties for the test steps#name}</con:entry><con:entry xmlns:con="http://eviware.com/soapui/config"/><con:entry xmlns:con="http://eviware.com/soapui/config">${Given properties for the test steps#false}</con:entry><con:entry xmlns:con="http://eviware.com/soapui/config">${Given properties for the test steps#indFirstName}</con:entry><con:entry xmlns:con="http://eviware.com/soapui/config">${Given properties for the test steps#indLastName}</con:entry><con:entry xmlns:con="http://eviware.com/soapui/config">${Given properties for the test steps#indName}</con:entry><con:entry xmlns:con="http://eviware.com/soapui/config">${Given properties for the test steps#userRoleSpecId}</con:entry><con:entry xmlns:con="http://eviware.com/soapui/config">${Given properties for the test steps#soId}</con:entry><con:entry xmlns:con="http://eviware.com/soapui/config">${Given properties for the test steps#httpCode400}</con:entry><con:entry xmlns:con="http://eviware.com/soapui/config">${Given properties for the test steps#errorMessageExternalIdMandatory}</con:entry><con:entry xmlns:con="http://eviware.com/soapui/config">${Given properties for the test steps#errorMessageBIWithoutItemsCannotBeSubmitted}</con:entry></xml-fragment>]]></row>
          <row><![CDATA[<xml-fragment><con:entry xmlns:con="http://eviware.com/soapui/config">${Given properties for the test steps#name}</con:entry><con:entry xmlns:con="http://eviware.com/soapui/config">${Given properties for the test steps#userExternalId}</con:entry><con:entry xmlns:con="http://eviware.com/soapui/config">${Given properties for the test steps#false}</con:entry><con:entry xmlns:con="http://eviware.com/soapui/config">${Given properties for the test steps#indFirstName}</con:entry><con:entry xmlns:con="http://eviware.com/soapui/config">${Given properties for the test steps#indLastName}</con:entry><con:entry xmlns:con="http://eviware.com/soapui/config">${Given properties for the test steps#indName}</con:entry><con:entry xmlns:con="http://eviware.com/soapui/config">${Given properties for the test steps#notExistId}</con:entry><con:entry xmlns:con="http://eviware.com/soapui/config">${Given properties for the test steps#soId}</con:entry><con:entry xmlns:con="http://eviware.com/soapui/config">${Given properties for the test steps#httpCode201}</con:entry><con:entry xmlns:con="http://eviware.com/soapui/config">EMPTY</con:entry><con:entry xmlns:con="http://eviware.com/soapui/config">${Given properties for the test steps#errorMessagePartyRoleDoesNotHaveSpec}</con:entry></xml-fragment>]]></row>
          <row><![CDATA[<xml-fragment><con:entry xmlns:con="http://eviware.com/soapui/config">${Given properties for the test steps#name}</con:entry><con:entry xmlns:con="http://eviware.com/soapui/config">${Given properties for the test steps#userExternalId}</con:entry><con:entry xmlns:con="http://eviware.com/soapui/config">${Given properties for the test steps#false}</con:entry><con:entry xmlns:con="http://eviware.com/soapui/config">${Given properties for the test steps#indFirstName}</con:entry><con:entry xmlns:con="http://eviware.com/soapui/config">${Given properties for the test steps#indLastName}</con:entry><con:entry xmlns:con="http://eviware.com/soapui/config">${Given properties for the test steps#indName}</con:entry><con:entry xmlns:con="http://eviware.com/soapui/config">${Given properties for the test steps#userRoleSpecId}</con:entry><con:entry xmlns:con="http://eviware.com/soapui/config">${Given properties for the test steps#notExistId}</con:entry><con:entry xmlns:con="http://eviware.com/soapui/config">${Given properties for the test steps#httpCode400}</con:entry><con:entry xmlns:con="http://eviware.com/soapui/config">${Given properties for the test steps#errorMessageSalesOrganizationWithIdDoesNotExist}</con:entry><con:entry xmlns:con="http://eviware.com/soapui/config">${Given properties for the test steps#errorMessagePartyRoleDoesNotHaveSpec}</con:entry></xml-fragment>]]></row>
          <row><![CDATA[<xml-fragment><con:entry xmlns:con="http://eviware.com/soapui/config">${Given properties for the test steps#name}</con:entry><con:entry xmlns:con="http://eviware.com/soapui/config">${Given properties for the test steps#userExternalIdIncludeSpace}</con:entry><con:entry xmlns:con="http://eviware.com/soapui/config">${Given properties for the test steps#false}</con:entry><con:entry xmlns:con="http://eviware.com/soapui/config">${Given properties for the test steps#indFirstName}</con:entry><con:entry xmlns:con="http://eviware.com/soapui/config">${Given properties for the test steps#indLastName}</con:entry><con:entry xmlns:con="http://eviware.com/soapui/config">${Given properties for the test steps#indName}</con:entry><con:entry xmlns:con="http://eviware.com/soapui/config">${Given properties for the test steps#userRoleSpecId}</con:entry><con:entry xmlns:con="http://eviware.com/soapui/config">${Given properties for the test steps#notExistId}</con:entry><con:entry xmlns:con="http://eviware.com/soapui/config">${Given properties for the test steps#httpCode400}</con:entry><con:entry xmlns:con="http://eviware.com/soapui/config">${Given properties for the test steps#errorMessageSpace}</con:entry><con:entry xmlns:con="http://eviware.com/soapui/config">${Given properties for the test steps#errorMessagePartyRoleDoesNotHaveSpec}</con:entry><con:entry xmlns:con="http://eviware.com/soapui/config"/></xml-fragment>]]></row>
        </con:configuration>
      </con:dataSource>
      <con:property>name</con:property>
      <con:property>externalId</con:property>
      <con:property>forceToUseSession</con:property>
      <con:property>indFirstname</con:property>
      <con:property>indLastname</con:property>
      <con:property>indName</con:property>
      <con:property>userRoleSpecId</con:property>
      <con:property>salesOrganizationRoleId</con:property>
      <con:property>addItemResponseCode</con:property>
      <con:property>errorMessage</con:property>
      <con:property>submitErrorMessage</con:property>
      <con:startRow/>
      <con:endRow/>
      <con:recordsPerIteration>1</con:recordsPerIteration>
      <con:completeLastOperation>true</con:completeLastOperation>
      <con:failOnEmpty>true</con:failOnEmpty>
      <con:trimValues>false</con:trimValues>
      <con:entitizeValues>false</con:entitizeValues>
      <con:restartOnRun>true</con:restartOnRun>
      <con:expandProperties>false</con:expandProperties>
    </con:config>
  </con:testStep>
  <con:testStep type="transfer" name="Set create user bi" id="50301429-7210-4641-8a9b-17c222e6bdb5">
    <con:settings/>
    <con:config xsi:type="con:PropertyTransfersStep" xmlns:xsi="http://www.w3.org/2001/XMLSchema-instance">
      <con:transfers setNullOnMissingSource="true" transferTextContent="true" failOnError="true" ignoreEmpty="false" transferToAll="false" entitize="false" transferChildNodes="false">
        <con:name>userId</con:name>
        <con:sourceType>userId</con:sourceType>
        <con:sourceStep>Given properties for the test steps</con:sourceStep>
        <con:sourcePath/>
        <con:targetType>req_userRoleId</con:targetType>
        <con:targetStep>Create user create bi</con:targetStep>
        <con:targetPath/>
        <con:upgraded>true</con:upgraded>
      </con:transfers>
      <con:transfers setNullOnMissingSource="true" transferTextContent="true" failOnError="true" ignoreEmpty="false" transferToAll="false" entitize="false" transferChildNodes="false">
        <con:name>soId</con:name>
        <con:sourceType>soId</con:sourceType>
        <con:sourceStep>Given properties for the test steps</con:sourceStep>
        <con:targetType>req_soRoleId</con:targetType>
        <con:targetStep>Create user create bi</con:targetStep>
        <con:upgraded>true</con:upgraded>
      </con:transfers>
      <con:transfers setNullOnMissingSource="true" transferTextContent="true" failOnError="true" ignoreEmpty="false" transferToAll="false" entitize="false" transferChildNodes="false">
        <con:name>biSpecCode</con:name>
        <con:sourceType>biSpec</con:sourceType>
        <con:sourceStep>Given properties for the test steps</con:sourceStep>
        <con:targetType>req_biSpecCode</con:targetType>
        <con:targetStep>Create user create bi</con:targetStep>
        <con:upgraded>true</con:upgraded>
      </con:transfers>
    </con:config>
  </con:testStep>
  <con:testStep type="calltestcase" name="Create user create bi" id="c586dda9-3a60-4f2d-80d0-82b1d578a300">
    <con:settings/>
    <con:config xsi:type="con:RunTestCaseStep" xmlns:xsi="http://www.w3.org/2001/XMLSchema-instance">
      <con:targetTestCase>080f0d17-75de-4298-b319-a299dc83bbba</con:targetTestCase>
      <con:properties>
        <con:property>
          <con:name>req_userRoleId</con:name>
          <con:value>60</con:value>
        </con:property>
        <con:property>
          <con:name>req_soRoleId</con:name>
          <con:value>58</con:value>
        </con:property>
        <con:property>
          <con:name>req_biSpecCode</con:name>
          <con:value>USERCREATEBISPEC</con:value>
        </con:property>
        <con:property>
          <con:name>res_biId</con:name>
          <con:value>881</con:value>
        </con:property>
        <con:property>
          <con:name>res_code</con:name>
          <con:value xsi:nil="true"/>
        </con:property>
        <con:property>
          <con:name>res_errorMessage</con:name>
          <con:value xsi:nil="true"/>
        </con:property>
        <con:property>
          <con:name>res_httpCode</con:name>
          <con:value>201</con:value>
        </con:property>
      </con:properties>
      <con:returnProperties>
        <con:entry>res_biId</con:entry>
        <con:entry>res_code</con:entry>
        <con:entry>res_errorMessage</con:entry>
        <con:entry>res_httpCode</con:entry>
      </con:returnProperties>
      <con:runMode>PARALLELL</con:runMode>
    </con:config>
  </con:testStep>
  <con:testStep type="assertionteststep" name="Assertion create user create bi" id="e900eb4f-4b26-4717-b1bf-a2573b3c715a">
    <con:settings/>
    <con:config xsi:type="con:AssertionTestStep" xmlns:xsi="http://www.w3.org/2001/XMLSchema-instance">
      <con:entry>
        <con:id>8c332f94-a51c-4e0a-8789-a66219a69e11</con:id>
        <con:isGroup>false</con:isGroup>
        <con:sourceId>c586dda9-3a60-4f2d-80d0-82b1d578a300</con:sourceId>
        <con:propertyName>res_biId</con:propertyName>
        <con:assertion type="Simple Contains" name="Contains" id="133040a8-551f-4e06-a96b-5197ad6eabba">
          <con:configuration>
            <token>\d+</token>
            <ignoreCase>false</ignoreCase>
            <useRegEx>true</useRegEx>
          </con:configuration>
        </con:assertion>
      </con:entry>
      <con:entry>
        <con:id>fea0971a-8bfe-4779-a49f-d2d6d3a5a716</con:id>
        <con:isGroup>false</con:isGroup>
        <con:sourceId>c586dda9-3a60-4f2d-80d0-82b1d578a300</con:sourceId>
        <con:propertyName>res_httpCode</con:propertyName>
        <con:assertion type="Simple Equals" name="Equals" id="1ab657b5-4a37-4bdf-a8b1-76e5ef9265a6">
          <con:configuration>
            <patternObjectId>ed47999d-52cc-4556-b643-5a1394572e39</patternObjectId>
            <patternProperty>httpCode201</patternProperty>
            <caseSensitive>true</caseSensitive>
          </con:configuration>
        </con:assertion>
      </con:entry>
    </con:config>
  </con:testStep>
  <con:testStep type="transfer" name="Property Transfer biId 2" id="34f2625e-ceec-44ff-88fc-91bd40ccb503">
    <con:settings/>
    <con:config xsi:type="con:PropertyTransfersStep" xmlns:xsi="http://www.w3.org/2001/XMLSchema-instance">
      <con:transfers setNullOnMissingSource="true" transferTextContent="true" failOnError="true" ignoreEmpty="false" transferToAll="false" entitize="false" transferChildNodes="false">
        <con:name>biId</con:name>
        <con:sourceType>res_biId</con:sourceType>
        <con:sourceStep>Create user create bi</con:sourceStep>
        <con:sourcePath/>
        <con:targetType>biId</con:targetType>
        <con:targetStep>Given properties for the test steps</con:targetStep>
        <con:targetPath/>
        <con:upgraded>true</con:upgraded>
      </con:transfers>
    </con:config>
  </con:testStep>
  <con:testStep type="transfer" name="Set bi item to add with incorrect values" id="6a9658db-4cd0-47a1-9268-a5c6dcca4423">
    <con:settings/>
    <con:config xsi:type="con:PropertyTransfersStep" xmlns:xsi="http://www.w3.org/2001/XMLSchema-instance">
      <con:transfers setNullOnMissingSource="true" transferTextContent="true" failOnError="false" ignoreEmpty="false" transferToAll="false" entitize="false" transferChildNodes="false">
        <con:name>biId</con:name>
        <con:sourceType>biId</con:sourceType>
        <con:sourceStep>Given properties for the test steps</con:sourceStep>
        <con:sourcePath/>
        <con:targetType>req_biId</con:targetType>
        <con:targetStep>Add bi item with incorrect values</con:targetStep>
        <con:targetPath/>
        <con:upgraded>true</con:upgraded>
      </con:transfers>
      <con:transfers setNullOnMissingSource="true" transferTextContent="true" failOnError="false" ignoreEmpty="false" transferToAll="false" entitize="false" transferChildNodes="false">
        <con:name>name</con:name>
        <con:sourceType>name</con:sourceType>
        <con:sourceStep>Data source for incorrect add item</con:sourceStep>
        <con:targetType>req_name</con:targetType>
        <con:targetStep>Add bi item with incorrect values</con:targetStep>
        <con:upgraded>true</con:upgraded>
      </con:transfers>
      <con:transfers setNullOnMissingSource="true" transferTextContent="true" failOnError="false" ignoreEmpty="false" transferToAll="false" entitize="false" transferChildNodes="false">
        <con:name>externalId</con:name>
        <con:sourceType>externalId</con:sourceType>
        <con:sourceStep>Data source for incorrect add item</con:sourceStep>
        <con:targetType>req_externalId</con:targetType>
        <con:targetStep>Add bi item with incorrect values</con:targetStep>
        <con:upgraded>true</con:upgraded>
      </con:transfers>
      <con:transfers setNullOnMissingSource="true" transferTextContent="true" failOnError="false" ignoreEmpty="false" transferToAll="false" entitize="false" transferChildNodes="false">
        <con:name>userRoleSpecId</con:name>
        <con:sourceType>userRoleSpecId</con:sourceType>
        <con:sourceStep>Data source for incorrect add item</con:sourceStep>
        <con:targetType>req_userRoleSpecId</con:targetType>
        <con:targetStep>Add bi item with incorrect values</con:targetStep>
        <con:upgraded>true</con:upgraded>
      </con:transfers>
      <con:transfers setNullOnMissingSource="true" transferTextContent="true" failOnError="false" ignoreEmpty="false" transferToAll="false" entitize="false" transferChildNodes="false">
        <con:name>soRoleId</con:name>
        <con:sourceType>salesOrganizationRoleId</con:sourceType>
        <con:sourceStep>Data source for incorrect add item</con:sourceStep>
        <con:targetType>req_soRoleId</con:targetType>
        <con:targetStep>Add bi item with incorrect values</con:targetStep>
        <con:upgraded>true</con:upgraded>
      </con:transfers>
      <con:transfers setNullOnMissingSource="true" transferTextContent="true" failOnError="false" ignoreEmpty="false" transferToAll="false" entitize="false" transferChildNodes="false">
        <con:name>forceToUseSession</con:name>
        <con:sourceType>forceToUseSession</con:sourceType>
        <con:sourceStep>Data source for incorrect add item</con:sourceStep>
        <con:targetType>req_forceToUseSession</con:targetType>
        <con:targetStep>Add bi item with incorrect values</con:targetStep>
        <con:upgraded>true</con:upgraded>
      </con:transfers>
      <con:transfers setNullOnMissingSource="true" transferTextContent="true" failOnError="false" ignoreEmpty="false" transferToAll="false" entitize="false" transferChildNodes="false">
        <con:name>indFirstname</con:name>
        <con:sourceType>indFirstname</con:sourceType>
        <con:sourceStep>Data source for incorrect add item</con:sourceStep>
        <con:targetType>req_indFirstName</con:targetType>
        <con:targetStep>Add bi item with incorrect values</con:targetStep>
        <con:upgraded>true</con:upgraded>
      </con:transfers>
      <con:transfers setNullOnMissingSource="true" transferTextContent="true" failOnError="false" ignoreEmpty="false" transferToAll="false" entitize="false" transferChildNodes="false">
        <con:name>indLastname</con:name>
        <con:sourceType>indLastname</con:sourceType>
        <con:sourceStep>Data source for incorrect add item</con:sourceStep>
        <con:targetType>req_indLastName</con:targetType>
        <con:targetStep>Add bi item with incorrect values</con:targetStep>
        <con:upgraded>true</con:upgraded>
      </con:transfers>
      <con:transfers setNullOnMissingSource="true" transferTextContent="true" failOnError="false" ignoreEmpty="false" transferToAll="false" entitize="false" transferChildNodes="false">
        <con:name>indName</con:name>
        <con:sourceType>indName</con:sourceType>
        <con:sourceStep>Data source for incorrect add item</con:sourceStep>
        <con:targetType>req_indName</con:targetType>
        <con:targetStep>Add bi item with incorrect values</con:targetStep>
        <con:upgraded>true</con:upgraded>
      </con:transfers>
    </con:config>
  </con:testStep>
  <con:testStep type="calltestcase" name="Add bi item with incorrect values" id="a7c168d0-a523-4295-8211-c966b35f25b1">
    <con:settings/>
    <con:config xsi:type="con:RunTestCaseStep" xmlns:xsi="http://www.w3.org/2001/XMLSchema-instance">
      <con:targetTestCase>82436617-bc41-4ae8-a2b5-d31a80ed4e9b</con:targetTestCase>
      <con:properties>
        <con:property>
          <con:name>req_biId</con:name>
          <con:value>881</con:value>
        </con:property>
        <con:property>
          <con:name>req_name</con:name>
          <con:value>${Given properties for the test steps#name}</con:value>
        </con:property>
        <con:property>
          <con:name>req_externalId</con:name>
          <con:value>${Given properties for the test steps#userExternalIdIncludeSpace}</con:value>
        </con:property>
        <con:property>
          <con:name>req_userRoleSpecId</con:name>
          <con:value>${Given properties for the test steps#userRoleSpecId}</con:value>
        </con:property>
        <con:property>
          <con:name>req_soRoleId</con:name>
          <con:value>${Given properties for the test steps#notExistId}</con:value>
        </con:property>
        <con:property>
          <con:name>req_indFirstName</con:name>
          <con:value>${Given properties for the test steps#indFirstName}</con:value>
        </con:property>
        <con:property>
          <con:name>req_indLastName</con:name>
          <con:value>${Given properties for the test steps#indLastName}</con:value>
        </con:property>
        <con:property>
          <con:name>req_indName</con:name>
          <con:value>${Given properties for the test steps#indName}</con:value>
        </con:property>
        <con:property>
          <con:name>res_id</con:name>
          <con:value xsi:nil="true"/>
        </con:property>
        <con:property>
          <con:name>res_code</con:name>
          <con:value>EXTERNAL_ID_SHOULD_NOT_CONTAIN_WHITESPACE</con:value>
        </con:property>
        <con:property>
          <con:name>res_errorMessage</con:name>
          <con:value>EXTERNAL_ID_SHOULD_NOT_CONTAIN_WHITESPACE</con:value>
        </con:property>
        <con:property>
          <con:name>req_forceToUseSession</con:name>
          <con:value>${Given properties for the test steps#false}</con:value>
        </con:property>
        <con:property>
          <con:name>res_externalId</con:name>
          <con:value xsi:nil="true"/>
        </con:property>
        <con:property>
          <con:name>res_httpCode</con:name>
          <con:value>400</con:value>
        </con:property>
        <con:property>
          <con:name>req_email</con:name>
        </con:property>
      </con:properties>
      <con:returnProperties>
        <con:entry>res_id</con:entry>
        <con:entry>res_code</con:entry>
        <con:entry>res_errorMessage</con:entry>
        <con:entry>res_httpCode</con:entry>
      </con:returnProperties>
      <con:runMode>PARALLELL</con:runMode>
    </con:config>
  </con:testStep>
  <con:testStep type="datagen" name="DataGen for response codes" id="74aa789f-f985-495e-8e63-dde63554a49e">
    <con:settings/>
    <con:config xsi:type="con:DataGeneratorStep" xmlns:xsi="http://www.w3.org/2001/XMLSchema-instance">
      <con:property type="Script">
        <con:configuration>
          <script>def addItemResposneCode = context.expand( '${Data source for incorrect add item#addItemResponseCode}' )
return addItemResposneCode;</script>
        </con:configuration>
        <con:name>addItemResponseCode</con:name>
        <con:mode>STEP</con:mode>
        <con:shared>false</con:shared>
      </con:property>
      <con:property type="Script">
        <con:configuration>
          <script>def res_errorMessage = context.expand( '${Add bi item with incorrect values#res_errorMessage}' )
def errorMessage = context.expand( '${Data source for incorrect add item#errorMessage}' )

if (res_errorMessage == ""){
	testRunner.testCase.testSteps['Add bi item with incorrect values'].setPropertyValue("res_errorMessage", errorMessage);
}

return errorMessage;</script>
        </con:configuration>
        <con:name>addItemErrorMessage</con:name>
        <con:mode>STEP</con:mode>
        <con:shared>false</con:shared>
      </con:property>
      <con:property type="Script">
        <con:configuration>
          <script>def submitErrorMessage = context.expand( '${Data source for incorrect add item#submitErrorMessage}' )
return submitErrorMessage;</script>
        </con:configuration>
        <con:name>submitErrorMessage</con:name>
        <con:mode>STEP</con:mode>
        <con:shared>false</con:shared>
      </con:property>
    </con:config>
  </con:testStep>
  <con:testStep type="assertionteststep" name="Assert user bi item is not added" id="0e4a77bf-e5ea-439d-b641-f40841ff11d9">
    <con:settings/>
    <con:config xsi:type="con:AssertionTestStep" xmlns:xsi="http://www.w3.org/2001/XMLSchema-instance">
      <con:entry>
        <con:id>76d9d68f-a67f-42b0-a6b6-92756c9efe7d</con:id>
        <con:isGroup>false</con:isGroup>
        <con:sourceId>a7c168d0-a523-4295-8211-c966b35f25b1</con:sourceId>
        <con:propertyName>res_httpCode</con:propertyName>
        <con:assertion type="Simple Equals" name="Equals" id="a066b2b6-bf73-4e8c-8e9f-97de3e6aa503">
          <con:configuration>
            <patternObjectId>74aa789f-f985-495e-8e63-dde63554a49e</patternObjectId>
            <patternProperty>addItemResponseCode</patternProperty>
            <caseSensitive>true</caseSensitive>
          </con:configuration>
        </con:assertion>
      </con:entry>
      <con:entry>
        <con:id>b1b55854-4bb6-4286-8fdc-bb151dfbe8c2</con:id>
        <con:isGroup>false</con:isGroup>
        <con:sourceId>a7c168d0-a523-4295-8211-c966b35f25b1</con:sourceId>
        <con:propertyName>res_errorMessage</con:propertyName>
        <con:assertion type="Simple Equals" name="Equals 2" id="5dc26585-189d-4ca4-a921-cf97a7ab1525">
          <con:configuration>
            <patternObjectId>74aa789f-f985-495e-8e63-dde63554a49e</patternObjectId>
            <patternProperty>addItemErrorMessage</patternProperty>
            <caseSensitive>true</caseSensitive>
          </con:configuration>
        </con:assertion>
      </con:entry>
    </con:config>
  </con:testStep>
  <con:testStep type="transfer" name="Set submit craete user bi" id="ff1c0f78-f563-456a-8bec-113351c7ead9">
    <con:settings/>
    <con:config xsi:type="con:PropertyTransfersStep" xmlns:xsi="http://www.w3.org/2001/XMLSchema-instance">
      <con:transfers setNullOnMissingSource="true" transferTextContent="true" failOnError="true" ignoreEmpty="false" transferToAll="false" entitize="false" transferChildNodes="false">
        <con:name>biId</con:name>
        <con:sourceType>biId</con:sourceType>
        <con:sourceStep>Given properties for the test steps</con:sourceStep>
        <con:sourcePath/>
        <con:targetType>req_biId</con:targetType>
        <con:targetStep>Submit create user bi</con:targetStep>
        <con:targetPath/>
        <con:upgraded>true</con:upgraded>
      </con:transfers>
    </con:config>
  </con:testStep>
  <con:testStep type="calltestcase" name="Submit create user bi" id="ef5e7fb1-f9d7-4ce5-bdf2-5367309f14e4">
    <con:settings/>
    <con:config xsi:type="con:RunTestCaseStep" xmlns:xsi="http://www.w3.org/2001/XMLSchema-instance">
      <con:targetTestCase>eec8880b-6bd0-46a9-8545-851a3d5ea4ac</con:targetTestCase>
      <con:properties>
        <con:property>
          <con:name>req_biId</con:name>
          <con:value>881</con:value>
        </con:property>
        <con:property>
          <con:name>res_biId</con:name>
          <con:value xsi:nil="true"/>
        </con:property>
        <con:property>
          <con:name>res_code</con:name>
          <con:value>PARTY_ROLE_DOES_NOT_HAVE_SPECIFICATION</con:value>
        </con:property>
        <con:property>
          <con:name>res_errorMessage</con:name>
          <con:value>PARTY_ROLE_DOES_NOT_HAVE_SPECIFICATION</con:value>
        </con:property>
        <con:property>
          <con:name>res_httpCode</con:name>
          <con:value>400</con:value>
        </con:property>
      </con:properties>
      <con:returnProperties>
        <con:entry>res_biId</con:entry>
        <con:entry>res_code</con:entry>
        <con:entry>res_errorMessage</con:entry>
        <con:entry>res_httpCode</con:entry>
      </con:returnProperties>
      <con:runMode>PARALLELL</con:runMode>
    </con:config>
  </con:testStep>
  <con:testStep type="assertionteststep" name="Assertion submit create user bi" id="c750c1b2-a11e-47ef-adc3-b0741bd0af4c">
    <con:settings/>
    <con:config xsi:type="con:AssertionTestStep" xmlns:xsi="http://www.w3.org/2001/XMLSchema-instance">
      <con:entry>
        <con:id>702a7a04-7f04-44b9-bb87-efd743871bad</con:id>
        <con:isGroup>false</con:isGroup>
        <con:sourceId>ef5e7fb1-f9d7-4ce5-bdf2-5367309f14e4</con:sourceId>
        <con:propertyName>res_httpCode</con:propertyName>
        <con:assertion type="Simple Equals" name="Equals" id="e249b342-bfca-4775-adaa-bc7c50e1f254">
          <con:configuration>
            <patternObjectId>ed47999d-52cc-4556-b643-5a1394572e39</patternObjectId>
            <patternProperty>httpCode400</patternProperty>
            <caseSensitive>true</caseSensitive>
          </con:configuration>
        </con:assertion>
      </con:entry>
      <con:entry>
        <con:id>af90cfa5-dc62-4f24-9f3c-aa60d3e88a93</con:id>
        <con:isGroup>false</con:isGroup>
        <con:sourceId>ef5e7fb1-f9d7-4ce5-bdf2-5367309f14e4</con:sourceId>
        <con:propertyName>res_errorMessage</con:propertyName>
        <con:assertion type="Simple Equals" name="Equals 2" id="d35a9c4e-afe3-42e9-a158-b2ad41d02000">
          <con:configuration>
            <patternObjectId>74aa789f-f985-495e-8e63-dde63554a49e</patternObjectId>
            <patternProperty>submitErrorMessage</patternProperty>
            <caseSensitive>true</caseSensitive>
          </con:configuration>
        </con:assertion>
      </con:entry>
    </con:config>
  </con:testStep>
  <con:testStep type="datasourceloop" name="Data source loop to add item with incorrect values" id="6483fc12-69e2-4612-88bf-23f75fab7e48">
    <con:settings/>
    <con:config>
      <dataSourceStep>Data source for incorrect add item</dataSourceStep>
      <targetStep>Set bi item to add with incorrect values</targetStep>
    </con:config>
  </con:testStep>
  <con:testStep type="transfer" name="Set create user bi 2" id="7837c4e5-cb95-4489-b576-ca7007f35053">
    <con:settings/>
    <con:config xsi:type="con:PropertyTransfersStep" xmlns:xsi="http://www.w3.org/2001/XMLSchema-instance">
      <con:transfers setNullOnMissingSource="true" transferTextContent="true" failOnError="true" ignoreEmpty="false" transferToAll="false" entitize="false" transferChildNodes="false">
        <con:name>userId</con:name>
        <con:sourceType>userId</con:sourceType>
        <con:sourceStep>Given properties for the test steps</con:sourceStep>
        <con:sourcePath/>
        <con:targetType>req_userRoleId</con:targetType>
        <con:targetStep>Create user bi</con:targetStep>
        <con:targetPath/>
        <con:upgraded>true</con:upgraded>
      </con:transfers>
      <con:transfers setNullOnMissingSource="true" transferTextContent="true" failOnError="true" ignoreEmpty="false" transferToAll="false" entitize="false" transferChildNodes="false">
        <con:name>soId</con:name>
        <con:sourceType>soId</con:sourceType>
        <con:sourceStep>Given properties for the test steps</con:sourceStep>
        <con:targetType>req_soRoleId</con:targetType>
        <con:targetStep>Create user bi</con:targetStep>
        <con:upgraded>true</con:upgraded>
      </con:transfers>
      <con:transfers setNullOnMissingSource="true" transferTextContent="true" failOnError="true" ignoreEmpty="false" transferToAll="false" entitize="false" transferChildNodes="false">
        <con:name>biSpecCode</con:name>
        <con:sourceType>biSpec</con:sourceType>
        <con:sourceStep>Given properties for the test steps</con:sourceStep>
        <con:targetType>req_biSpecCode</con:targetType>
        <con:targetStep>Create user bi</con:targetStep>
        <con:upgraded>true</con:upgraded>
      </con:transfers>
    </con:config>
  </con:testStep>
  <con:testStep type="calltestcase" name="Create user bi" id="44f45545-43de-4562-b47b-6b5cd403120a">
    <con:settings/>
    <con:config xsi:type="con:RunTestCaseStep" xmlns:xsi="http://www.w3.org/2001/XMLSchema-instance">
      <con:targetTestCase>080f0d17-75de-4298-b319-a299dc83bbba</con:targetTestCase>
      <con:properties>
        <con:property>
          <con:name>req_userRoleId</con:name>
          <con:value>60</con:value>
        </con:property>
        <con:property>
          <con:name>req_soRoleId</con:name>
          <con:value>58</con:value>
        </con:property>
        <con:property>
          <con:name>req_biSpecCode</con:name>
          <con:value>USERCREATEBISPEC</con:value>
        </con:property>
        <con:property>
          <con:name>res_biId</con:name>
          <con:value>891</con:value>
        </con:property>
        <con:property>
          <con:name>res_code</con:name>
          <con:value xsi:nil="true"/>
        </con:property>
        <con:property>
          <con:name>res_errorMessage</con:name>
          <con:value xsi:nil="true"/>
        </con:property>
        <con:property>
          <con:name>res_httpCode</con:name>
          <con:value>201</con:value>
        </con:property>
      </con:properties>
      <con:returnProperties>
        <con:entry>res_biId</con:entry>
        <con:entry>res_code</con:entry>
        <con:entry>res_errorMessage</con:entry>
        <con:entry>res_httpCode</con:entry>
      </con:returnProperties>
      <con:runMode>PARALLELL</con:runMode>
    </con:config>
  </con:testStep>
  <con:testStep type="assertionteststep" name="Assertion create user bi" id="14f8d076-ad73-4832-82e6-f5d1ca24517f">
    <con:settings/>
    <con:config xsi:type="con:AssertionTestStep" xmlns:xsi="http://www.w3.org/2001/XMLSchema-instance">
      <con:entry>
        <con:id>5760738a-7451-4cc7-a5f5-9b35157ed976</con:id>
        <con:isGroup>false</con:isGroup>
        <con:sourceId>44f45545-43de-4562-b47b-6b5cd403120a</con:sourceId>
        <con:propertyName>res_httpCode</con:propertyName>
        <con:assertion type="Simple Equals" name="Equals" id="466c41ab-b547-47b3-9eac-dc1424f9f3f7">
          <con:configuration>
            <patternObjectId>ed47999d-52cc-4556-b643-5a1394572e39</patternObjectId>
            <patternProperty>httpCode201</patternProperty>
            <caseSensitive>true</caseSensitive>
          </con:configuration>
        </con:assertion>
      </con:entry>
      <con:entry>
        <con:id>28a66b5a-258f-4b03-99dc-cbd0400267f3</con:id>
        <con:isGroup>false</con:isGroup>
        <con:sourceId>44f45545-43de-4562-b47b-6b5cd403120a</con:sourceId>
        <con:propertyName>res_biId</con:propertyName>
        <con:assertion type="Simple Contains" name="Contains" id="48dee33a-4a01-45cb-acba-1d03238130be">
          <con:configuration>
            <token>\d+</token>
            <ignoreCase>false</ignoreCase>
            <useRegEx>true</useRegEx>
          </con:configuration>
        </con:assertion>
      </con:entry>
    </con:config>
  </con:testStep>
  <con:testStep type="transfer" name="Set create user bi 2 for 2nd id" id="de284b58-053a-4f18-8378-8d8b4d873245">
    <con:settings/>
    <con:config xsi:type="con:PropertyTransfersStep" xmlns:xsi="http://www.w3.org/2001/XMLSchema-instance">
      <con:transfers setNullOnMissingSource="true" transferTextContent="true" failOnError="true" ignoreEmpty="false" transferToAll="false" entitize="false" transferChildNodes="false">
        <con:name>userId</con:name>
        <con:sourceType>res_userRoleId</con:sourceType>
        <con:sourceStep>Create sales organization, user, inventory and terminal for 2nd id</con:sourceStep>
        <con:sourcePath/>
        <con:targetType>req_userRoleId</con:targetType>
        <con:targetStep>Create user bi for 2nd id</con:targetStep>
        <con:targetPath/>
        <con:upgraded>true</con:upgraded>
      </con:transfers>
      <con:transfers setNullOnMissingSource="true" transferTextContent="true" failOnError="true" ignoreEmpty="false" transferToAll="false" entitize="false" transferChildNodes="false">
        <con:name>soId</con:name>
        <con:sourceType>res_salesOrgId</con:sourceType>
        <con:sourceStep>Create sales organization, user, inventory and terminal for 2nd id</con:sourceStep>
        <con:targetType>req_soRoleId</con:targetType>
        <con:targetStep>Create user bi for 2nd id</con:targetStep>
        <con:upgraded>true</con:upgraded>
      </con:transfers>
      <con:transfers setNullOnMissingSource="true" transferTextContent="true" failOnError="true" ignoreEmpty="false" transferToAll="false" entitize="false" transferChildNodes="false">
        <con:name>biSpecCode</con:name>
        <con:sourceType>biSpec</con:sourceType>
        <con:sourceStep>Given properties for the test steps</con:sourceStep>
        <con:targetType>req_biSpecCode</con:targetType>
        <con:targetStep>Create user bi for 2nd id</con:targetStep>
        <con:upgraded>true</con:upgraded>
      </con:transfers>
      <con:transfers setNullOnMissingSource="true" transferTextContent="true" failOnError="true" ignoreEmpty="false" transferToAll="false" entitize="false" transferChildNodes="false">
        <con:name>userToken</con:name>
        <con:sourceType>userToken</con:sourceType>
        <con:sourceStep>Create sales organization, user, inventory and terminal for 2nd id</con:sourceStep>
        <con:targetType>AuthorizationUser</con:targetType>
        <con:targetStep>#Project#</con:targetStep>
        <con:upgraded>true</con:upgraded>
      </con:transfers>
      <con:transfers setNullOnMissingSource="true" transferTextContent="true" failOnError="true" ignoreEmpty="false" transferToAll="false" entitize="false" transferChildNodes="false">
        <con:name>userSo</con:name>
        <con:sourceType>res_salesOrgId</con:sourceType>
        <con:sourceStep>Create sales organization, user, inventory and terminal for 2nd id</con:sourceStep>
        <con:targetType>UserSo</con:targetType>
        <con:targetStep>#Project#</con:targetStep>
        <con:upgraded>true</con:upgraded>
      </con:transfers>
    </con:config>
  </con:testStep>
  <con:testStep type="calltestcase" name="Create user bi for 2nd id" id="ff94cd3b-a242-46f8-a348-2ec62eef886e">
    <con:settings/>
    <con:config xsi:type="con:RunTestCaseStep" xmlns:xsi="http://www.w3.org/2001/XMLSchema-instance">
      <con:targetTestCase>080f0d17-75de-4298-b319-a299dc83bbba</con:targetTestCase>
      <con:properties>
        <con:property>
          <con:name>req_userRoleId</con:name>
          <con:value>62</con:value>
        </con:property>
        <con:property>
          <con:name>req_soRoleId</con:name>
          <con:value>1</con:value>
        </con:property>
        <con:property>
          <con:name>req_biSpecCode</con:name>
          <con:value>USERCREATEBISPEC</con:value>
        </con:property>
        <con:property>
          <con:name>res_biId</con:name>
          <con:value>901</con:value>
        </con:property>
        <con:property>
          <con:name>res_code</con:name>
          <con:value xsi:nil="true"/>
        </con:property>
        <con:property>
          <con:name>res_errorMessage</con:name>
          <con:value xsi:nil="true"/>
        </con:property>
        <con:property>
          <con:name>res_httpCode</con:name>
          <con:value>201</con:value>
        </con:property>
      </con:properties>
      <con:returnProperties>
        <con:entry>res_biId</con:entry>
        <con:entry>res_code</con:entry>
        <con:entry>res_errorMessage</con:entry>
        <con:entry>res_httpCode</con:entry>
      </con:returnProperties>
      <con:runMode>PARALLELL</con:runMode>
    </con:config>
  </con:testStep>
  <con:testStep type="assertionteststep" name="Assertion create user bi for 2nd id" id="b1d7bbcc-3e4f-4488-88e0-73f371f4214d">
    <con:settings/>
    <con:config xsi:type="con:AssertionTestStep" xmlns:xsi="http://www.w3.org/2001/XMLSchema-instance">
      <con:entry>
        <con:id>a81e9324-6fd7-4963-93ad-da7600e33750</con:id>
        <con:isGroup>false</con:isGroup>
        <con:sourceId>ed47999d-52cc-4556-b643-5a1394572e39</con:sourceId>
        <con:propertyName>httpCode201</con:propertyName>
        <con:assertion type="Simple Equals" name="Equals" id="de928c95-b3bf-46dd-b7ad-eaf0bba2b2b3">
          <con:configuration>
            <patternObjectId>ff94cd3b-a242-46f8-a348-2ec62eef886e</patternObjectId>
            <patternProperty>res_httpCode</patternProperty>
            <caseSensitive>true</caseSensitive>
          </con:configuration>
        </con:assertion>
      </con:entry>
    </con:config>
  </con:testStep>
  <con:testStep type="transfer" name="Property Transfer biId 3" id="7f9d20c6-ad59-4d60-ae48-3aa6efa63585">
    <con:settings/>
    <con:config xsi:type="con:PropertyTransfersStep" xmlns:xsi="http://www.w3.org/2001/XMLSchema-instance">
      <con:transfers setNullOnMissingSource="true" transferTextContent="true" failOnError="true" ignoreEmpty="false" transferToAll="false" entitize="false" transferChildNodes="false">
        <con:name>biId</con:name>
        <con:sourceType>res_biId</con:sourceType>
        <con:sourceStep>Create user bi</con:sourceStep>
        <con:sourcePath/>
        <con:targetType>biId</con:targetType>
        <con:targetStep>Given properties for the test steps</con:targetStep>
        <con:targetPath/>
        <con:upgraded>true</con:upgraded>
      </con:transfers>
    </con:config>
  </con:testStep>
  <con:testStep type="transfer" name="Set add user item without user role spec" id="c3a00d04-61c4-4e0d-aff6-47139d761e83">
    <con:settings/>
    <con:config xsi:type="con:PropertyTransfersStep" xmlns:xsi="http://www.w3.org/2001/XMLSchema-instance">
      <con:transfers setNullOnMissingSource="true" transferTextContent="true" failOnError="true" ignoreEmpty="false" transferToAll="false" entitize="false" transferChildNodes="false">
        <con:name>biId</con:name>
        <con:sourceType>biId</con:sourceType>
        <con:sourceStep>Given properties for the test steps</con:sourceStep>
        <con:sourcePath/>
        <con:targetType>req_biId</con:targetType>
        <con:targetStep>Add user item without user role spec</con:targetStep>
        <con:targetPath/>
        <con:upgraded>true</con:upgraded>
      </con:transfers>
      <con:transfers setNullOnMissingSource="true" transferTextContent="true" failOnError="true" ignoreEmpty="false" transferToAll="false" entitize="false" transferChildNodes="false">
        <con:name>name</con:name>
        <con:sourceType>name</con:sourceType>
        <con:sourceStep>Given properties for the test steps</con:sourceStep>
        <con:targetType>req_name</con:targetType>
        <con:targetStep>Add user item without user role spec</con:targetStep>
        <con:upgraded>true</con:upgraded>
      </con:transfers>
      <con:transfers setNullOnMissingSource="true" transferTextContent="true" failOnError="true" ignoreEmpty="false" transferToAll="false" entitize="false" transferChildNodes="false">
        <con:name>externalId</con:name>
        <con:sourceType>userExternalId</con:sourceType>
        <con:sourceStep>Given properties for the test steps</con:sourceStep>
        <con:targetType>req_externalId</con:targetType>
        <con:targetStep>Add user item without user role spec</con:targetStep>
        <con:upgraded>true</con:upgraded>
      </con:transfers>
      <con:transfers setNullOnMissingSource="true" transferTextContent="true" failOnError="true" ignoreEmpty="false" transferToAll="false" entitize="false" transferChildNodes="false">
        <con:name>soId</con:name>
        <con:sourceType>soId</con:sourceType>
        <con:sourceStep>Given properties for the test steps</con:sourceStep>
        <con:targetType>req_soRoleId</con:targetType>
        <con:targetStep>Add user item without user role spec</con:targetStep>
        <con:upgraded>true</con:upgraded>
      </con:transfers>
      <con:transfers setNullOnMissingSource="true" transferTextContent="true" failOnError="true" ignoreEmpty="false" transferToAll="false" entitize="false" transferChildNodes="false">
        <con:name>indFirstName</con:name>
        <con:sourceType>indFirstname</con:sourceType>
        <con:sourceStep>Given properties for the test steps</con:sourceStep>
        <con:targetType>req_indFirstName</con:targetType>
        <con:targetStep>Add user item without user role spec</con:targetStep>
        <con:upgraded>true</con:upgraded>
      </con:transfers>
      <con:transfers setNullOnMissingSource="true" transferTextContent="true" failOnError="true" ignoreEmpty="false" transferToAll="false" entitize="false" transferChildNodes="false">
        <con:name>indLastName</con:name>
        <con:sourceType>indLastname</con:sourceType>
        <con:sourceStep>Given properties for the test steps</con:sourceStep>
        <con:targetType>req_indLastName</con:targetType>
        <con:targetStep>Add user item without user role spec</con:targetStep>
        <con:upgraded>true</con:upgraded>
      </con:transfers>
      <con:transfers setNullOnMissingSource="true" transferTextContent="true" failOnError="true" ignoreEmpty="false" transferToAll="false" entitize="false" transferChildNodes="false">
        <con:name>indName</con:name>
        <con:sourceType>indName</con:sourceType>
        <con:sourceStep>Given properties for the test steps</con:sourceStep>
        <con:targetType>req_indName</con:targetType>
        <con:targetStep>Add user item without user role spec</con:targetStep>
        <con:upgraded>true</con:upgraded>
      </con:transfers>
      <con:transfers setNullOnMissingSource="true" transferTextContent="true" failOnError="true" ignoreEmpty="false" transferToAll="false" entitize="false" transferChildNodes="false">
        <con:name>forceToUseSession</con:name>
        <con:sourceType>false</con:sourceType>
        <con:sourceStep>Given properties for the test steps</con:sourceStep>
        <con:targetType>req_forceToUseSession</con:targetType>
        <con:targetStep>Add user item without user role spec</con:targetStep>
        <con:upgraded>true</con:upgraded>
      </con:transfers>
    </con:config>
  </con:testStep>
  <con:testStep type="calltestcase" name="Add user item without user role spec" id="cedfae66-d5a2-432b-9006-b272b55a74a6">
    <con:settings/>
    <con:config xsi:type="con:RunTestCaseStep" xmlns:xsi="http://www.w3.org/2001/XMLSchema-instance">
      <con:targetTestCase>ecbec92f-12eb-47f4-9a15-afdbf2a39df6</con:targetTestCase>
      <con:properties>
        <con:property>
          <con:name>req_biId</con:name>
          <con:value>891</con:value>
        </con:property>
        <con:property>
          <con:name>req_name</con:name>
          <con:value>Roberto Baggio</con:value>
        </con:property>
        <con:property>
          <con:name>req_externalId</con:name>
          <con:value>robert.baggio${=java.util.UUID.randomUUID()}</con:value>
        </con:property>
        <con:property>
          <con:name>req_soRoleId</con:name>
          <con:value>58</con:value>
        </con:property>
        <con:property>
          <con:name>res_externalId</con:name>
        </con:property>
        <con:property>
          <con:name>req_indFirstName</con:name>
          <con:value>Roberto</con:value>
        </con:property>
        <con:property>
          <con:name>req_indLastName</con:name>
          <con:value>Baggio</con:value>
        </con:property>
        <con:property>
          <con:name>req_indName</con:name>
          <con:value>Roberto Baggio</con:value>
        </con:property>
        <con:property>
          <con:name>res_id</con:name>
          <con:value xsi:nil="true"/>
        </con:property>
        <con:property>
          <con:name>res_code</con:name>
          <con:value>406</con:value>
        </con:property>
        <con:property>
          <con:name>res_errorMessage</con:name>
          <con:value>406</con:value>
        </con:property>
        <con:property>
          <con:name>req_forceToUseSession</con:name>
          <con:value>false</con:value>
        </con:property>
        <con:property>
          <con:name>res_httpCode</con:name>
          <con:value>406</con:value>
        </con:property>
      </con:properties>
      <con:returnProperties>
        <con:entry>res_id</con:entry>
        <con:entry>res_code</con:entry>
        <con:entry>res_errorMessage</con:entry>
        <con:entry>res_httpCode</con:entry>
      </con:returnProperties>
      <con:runMode>PARALLELL</con:runMode>
    </con:config>
  </con:testStep>
  <con:testStep type="assertionteststep" name="Assertion add user item without user role spec" id="0f0a50eb-89ed-40a1-8d98-5e1421422056">
    <con:settings/>
    <con:config xsi:type="con:AssertionTestStep" xmlns:xsi="http://www.w3.org/2001/XMLSchema-instance">
      <con:entry>
        <con:id>aadd2e07-4454-4dfb-97d9-cc25ecb3c199</con:id>
        <con:isGroup>false</con:isGroup>
        <con:sourceId>cedfae66-d5a2-432b-9006-b272b55a74a6</con:sourceId>
        <con:propertyName>res_httpCode</con:propertyName>
        <con:assertion type="Simple Equals" name="Equals" id="aca230df-936c-41bd-b8f1-0c0239334499">
          <con:configuration>
            <patternObjectId>ed47999d-52cc-4556-b643-5a1394572e39</patternObjectId>
            <patternProperty>httpCode406</patternProperty>
            <caseSensitive>true</caseSensitive>
          </con:configuration>
        </con:assertion>
      </con:entry>
    </con:config>
  </con:testStep>
  <con:testStep type="transfer" name="Set add user item without sales organization id" id="3a17c989-8c74-4d64-8d70-72ce7c0931a2">
    <con:settings/>
    <con:config xsi:type="con:PropertyTransfersStep" xmlns:xsi="http://www.w3.org/2001/XMLSchema-instance">
      <con:transfers setNullOnMissingSource="true" transferTextContent="true" failOnError="true" ignoreEmpty="false" transferToAll="false" entitize="false" transferChildNodes="false">
        <con:name>biId</con:name>
        <con:sourceType>biId</con:sourceType>
        <con:sourceStep>Given properties for the test steps</con:sourceStep>
        <con:sourcePath/>
        <con:targetType>req_biId</con:targetType>
        <con:targetStep>Add user item without sales organization id</con:targetStep>
        <con:targetPath/>
        <con:upgraded>true</con:upgraded>
      </con:transfers>
      <con:transfers setNullOnMissingSource="true" transferTextContent="true" failOnError="true" ignoreEmpty="false" transferToAll="false" entitize="false" transferChildNodes="false">
        <con:name>name</con:name>
        <con:sourceType>name</con:sourceType>
        <con:sourceStep>Given properties for the test steps</con:sourceStep>
        <con:targetType>req_name</con:targetType>
        <con:targetStep>Add user item without sales organization id</con:targetStep>
        <con:upgraded>true</con:upgraded>
      </con:transfers>
      <con:transfers setNullOnMissingSource="true" transferTextContent="true" failOnError="true" ignoreEmpty="false" transferToAll="false" entitize="false" transferChildNodes="false">
        <con:name>externalId</con:name>
        <con:sourceType>userExternalId</con:sourceType>
        <con:sourceStep>Given properties for the test steps</con:sourceStep>
        <con:targetType>req_externalId</con:targetType>
        <con:targetStep>Add user item without sales organization id</con:targetStep>
        <con:upgraded>true</con:upgraded>
      </con:transfers>
      <con:transfers setNullOnMissingSource="true" transferTextContent="true" failOnError="true" ignoreEmpty="false" transferToAll="false" entitize="false" transferChildNodes="false">
        <con:name>userRoleSpecId</con:name>
        <con:sourceType>userRoleSpecId</con:sourceType>
        <con:sourceStep>Given properties for the test steps</con:sourceStep>
        <con:targetType>req_userRoleSpecId</con:targetType>
        <con:targetStep>Add user item without sales organization id</con:targetStep>
        <con:upgraded>true</con:upgraded>
      </con:transfers>
      <con:transfers setNullOnMissingSource="true" transferTextContent="true" failOnError="true" ignoreEmpty="false" transferToAll="false" entitize="false" transferChildNodes="false">
        <con:name>indFirstName</con:name>
        <con:sourceType>indFirstname</con:sourceType>
        <con:sourceStep>Given properties for the test steps</con:sourceStep>
        <con:targetType>req_indFirstName</con:targetType>
        <con:targetStep>Add user item without sales organization id</con:targetStep>
        <con:upgraded>true</con:upgraded>
      </con:transfers>
      <con:transfers setNullOnMissingSource="true" transferTextContent="true" failOnError="true" ignoreEmpty="false" transferToAll="false" entitize="false" transferChildNodes="false">
        <con:name>indLastName</con:name>
        <con:sourceType>indLastname</con:sourceType>
        <con:sourceStep>Given properties for the test steps</con:sourceStep>
        <con:targetType>req_indLastName</con:targetType>
        <con:targetStep>Add user item without sales organization id</con:targetStep>
        <con:upgraded>true</con:upgraded>
      </con:transfers>
      <con:transfers setNullOnMissingSource="true" transferTextContent="true" failOnError="true" ignoreEmpty="false" transferToAll="false" entitize="false" transferChildNodes="false">
        <con:name>indName</con:name>
        <con:sourceType>indName</con:sourceType>
        <con:sourceStep>Given properties for the test steps</con:sourceStep>
        <con:targetType>req_indName</con:targetType>
        <con:targetStep>Add user item without sales organization id</con:targetStep>
        <con:upgraded>true</con:upgraded>
      </con:transfers>
      <con:transfers setNullOnMissingSource="true" transferTextContent="true" failOnError="true" ignoreEmpty="false" transferToAll="false" entitize="false" transferChildNodes="false">
        <con:name>forceToUseSession</con:name>
        <con:sourceType>false</con:sourceType>
        <con:sourceStep>Given properties for the test steps</con:sourceStep>
        <con:targetType>req_forceToUseSession</con:targetType>
        <con:targetStep>Add user item without sales organization id</con:targetStep>
        <con:upgraded>true</con:upgraded>
      </con:transfers>
    </con:config>
  </con:testStep>
  <con:testStep type="calltestcase" name="Add user item without sales organization id" id="0d2ca082-a4e4-4906-aa31-ab5cce48e236">
    <con:settings/>
    <con:config xsi:type="con:RunTestCaseStep" xmlns:xsi="http://www.w3.org/2001/XMLSchema-instance">
      <con:targetTestCase>e1ce7ee1-4f1b-4f2e-9f2e-abd372e52686</con:targetTestCase>
      <con:properties>
        <con:property>
          <con:name>req_biId</con:name>
          <con:value>891</con:value>
        </con:property>
        <con:property>
          <con:name>req_name</con:name>
          <con:value>Roberto Baggio</con:value>
        </con:property>
        <con:property>
          <con:name>req_externalId</con:name>
          <con:value>robert.baggio${=java.util.UUID.randomUUID()}</con:value>
        </con:property>
        <con:property>
          <con:name>req_userRoleSpecId</con:name>
          <con:value>56</con:value>
        </con:property>
        <con:property>
          <con:name>res_externalId</con:name>
        </con:property>
        <con:property>
          <con:name>req_indFirstName</con:name>
          <con:value>Roberto</con:value>
        </con:property>
        <con:property>
          <con:name>req_indLastName</con:name>
          <con:value>Baggio</con:value>
        </con:property>
        <con:property>
          <con:name>req_indName</con:name>
          <con:value>Roberto Baggio</con:value>
        </con:property>
        <con:property>
          <con:name>res_id</con:name>
          <con:value xsi:nil="true"/>
        </con:property>
        <con:property>
          <con:name>res_code</con:name>
          <con:value>406</con:value>
        </con:property>
        <con:property>
          <con:name>res_errorMessage</con:name>
          <con:value>406</con:value>
        </con:property>
        <con:property>
          <con:name>req_forceToUseSession</con:name>
          <con:value>false</con:value>
        </con:property>
        <con:property>
          <con:name>res_httpCode</con:name>
          <con:value>406</con:value>
        </con:property>
      </con:properties>
      <con:returnProperties>
        <con:entry>res_id</con:entry>
        <con:entry>res_code</con:entry>
        <con:entry>res_errorMessage</con:entry>
        <con:entry>res_httpCode</con:entry>
      </con:returnProperties>
      <con:runMode>PARALLELL</con:runMode>
    </con:config>
  </con:testStep>
  <con:testStep type="assertionteststep" name="Assertion add user item without sales organization id" id="1f19385d-4feb-47c8-8ecf-51666ecd47b4">
    <con:settings/>
    <con:config xsi:type="con:AssertionTestStep" xmlns:xsi="http://www.w3.org/2001/XMLSchema-instance">
      <con:entry>
        <con:id>cb2e3340-48f7-4dd0-8ac3-2dfa6488e5c3</con:id>
        <con:isGroup>false</con:isGroup>
        <con:sourceId>0d2ca082-a4e4-4906-aa31-ab5cce48e236</con:sourceId>
        <con:propertyName>res_httpCode</con:propertyName>
        <con:assertion type="Simple Equals" name="Equals" id="e0c07c2c-0261-4c8e-a6f3-58fced545a94">
          <con:configuration>
            <patternObjectId>ed47999d-52cc-4556-b643-5a1394572e39</patternObjectId>
            <patternProperty>httpCode406</patternProperty>
            <caseSensitive>true</caseSensitive>
          </con:configuration>
        </con:assertion>
      </con:entry>
    </con:config>
  </con:testStep>
  <con:testStep type="transfer" name="Set bi id to add item" id="66d09f37-65f6-4489-adde-dfad33ab680c">
    <con:settings/>
    <con:config xsi:type="con:PropertyTransfersStep" xmlns:xsi="http://www.w3.org/2001/XMLSchema-instance">
      <con:transfers setNullOnMissingSource="true" transferTextContent="true" failOnError="true" ignoreEmpty="false" transferToAll="false" entitize="false" transferChildNodes="false">
        <con:name>biId</con:name>
        <con:sourceType>biId</con:sourceType>
        <con:sourceStep>Given properties for the test steps</con:sourceStep>
        <con:sourcePath/>
        <con:targetType>req_biId</con:targetType>
        <con:targetStep>Add item to bi</con:targetStep>
        <con:targetPath/>
        <con:upgraded>true</con:upgraded>
      </con:transfers>
      <con:transfers setNullOnMissingSource="true" transferTextContent="true" failOnError="true" ignoreEmpty="false" transferToAll="false" entitize="false" transferChildNodes="false">
        <con:name>name</con:name>
        <con:sourceType>name</con:sourceType>
        <con:sourceStep>Given properties for the test steps</con:sourceStep>
        <con:targetType>req_name</con:targetType>
        <con:targetStep>Add item to bi</con:targetStep>
        <con:upgraded>true</con:upgraded>
      </con:transfers>
      <con:transfers setNullOnMissingSource="true" transferTextContent="true" failOnError="true" ignoreEmpty="false" transferToAll="false" entitize="false" transferChildNodes="false">
        <con:name>externalId</con:name>
        <con:sourceType>userExternalId</con:sourceType>
        <con:sourceStep>Given properties for the test steps</con:sourceStep>
        <con:targetType>req_externalId</con:targetType>
        <con:targetStep>Add item to bi</con:targetStep>
        <con:upgraded>true</con:upgraded>
      </con:transfers>
      <con:transfers setNullOnMissingSource="true" transferTextContent="true" failOnError="true" ignoreEmpty="false" transferToAll="false" entitize="false" transferChildNodes="false">
        <con:name>userRoleSpecId</con:name>
        <con:sourceType>res_id</con:sourceType>
        <con:sourceStep>Create user role specification</con:sourceStep>
        <con:targetType>req_userRoleSpecId</con:targetType>
        <con:targetStep>Add item to bi</con:targetStep>
        <con:upgraded>true</con:upgraded>
      </con:transfers>
      <con:transfers setNullOnMissingSource="true" transferTextContent="true" failOnError="true" ignoreEmpty="false" transferToAll="false" entitize="false" transferChildNodes="false">
        <con:name>soRoleId</con:name>
        <con:sourceType>soId</con:sourceType>
        <con:sourceStep>Given properties for the test steps</con:sourceStep>
        <con:targetType>req_soRoleId</con:targetType>
        <con:targetStep>Add item to bi</con:targetStep>
        <con:upgraded>true</con:upgraded>
      </con:transfers>
      <con:transfers setNullOnMissingSource="true" transferTextContent="true" failOnError="true" ignoreEmpty="false" transferToAll="false" entitize="false" transferChildNodes="false">
        <con:name>forceToUseSession</con:name>
        <con:sourceType>false</con:sourceType>
        <con:sourceStep>Given properties for the test steps</con:sourceStep>
        <con:targetType>req_forceToUseSession</con:targetType>
        <con:targetStep>Add item to bi</con:targetStep>
        <con:upgraded>true</con:upgraded>
      </con:transfers>
      <con:transfers setNullOnMissingSource="true" transferTextContent="true" failOnError="true" ignoreEmpty="false" transferToAll="false" entitize="false" transferChildNodes="false">
        <con:name>indFirstname</con:name>
        <con:sourceType>indFirstname</con:sourceType>
        <con:sourceStep>Given properties for the test steps</con:sourceStep>
        <con:targetType>req_indFirstName</con:targetType>
        <con:targetStep>Add item to bi</con:targetStep>
        <con:upgraded>true</con:upgraded>
      </con:transfers>
      <con:transfers setNullOnMissingSource="true" transferTextContent="true" failOnError="true" ignoreEmpty="false" transferToAll="false" entitize="false" transferChildNodes="false">
        <con:name>indLastname</con:name>
        <con:sourceType>indLastname</con:sourceType>
        <con:sourceStep>Given properties for the test steps</con:sourceStep>
        <con:targetType>req_indLastName</con:targetType>
        <con:targetStep>Add item to bi</con:targetStep>
        <con:upgraded>true</con:upgraded>
      </con:transfers>
      <con:transfers setNullOnMissingSource="true" transferTextContent="true" failOnError="true" ignoreEmpty="false" transferToAll="false" entitize="false" transferChildNodes="false">
        <con:name>indName</con:name>
        <con:sourceType>indName</con:sourceType>
        <con:sourceStep>Given properties for the test steps</con:sourceStep>
        <con:targetType>req_indName</con:targetType>
        <con:targetStep>Add item to bi</con:targetStep>
        <con:upgraded>true</con:upgraded>
      </con:transfers>
    </con:config>
  </con:testStep>
  <con:testStep type="calltestcase" name="Add item to bi" id="8427a9b7-554c-4bc8-8f65-cec8fee15502">
    <con:settings/>
    <con:config xsi:type="con:RunTestCaseStep" xmlns:xsi="http://www.w3.org/2001/XMLSchema-instance">
      <con:targetTestCase>82436617-bc41-4ae8-a2b5-d31a80ed4e9b</con:targetTestCase>
      <con:properties>
        <con:property>
          <con:name>req_biId</con:name>
          <con:value>891</con:value>
        </con:property>
        <con:property>
          <con:name>req_name</con:name>
          <con:value>Roberto Baggio</con:value>
        </con:property>
        <con:property>
          <con:name>req_externalId</con:name>
          <con:value>robert.baggio${=java.util.UUID.randomUUID()}</con:value>
        </con:property>
        <con:property>
          <con:name>req_userRoleSpecId</con:name>
          <con:value>56</con:value>
        </con:property>
        <con:property>
          <con:name>req_soRoleId</con:name>
          <con:value>58</con:value>
        </con:property>
        <con:property>
          <con:name>req_indFirstName</con:name>
          <con:value>Roberto</con:value>
        </con:property>
        <con:property>
          <con:name>req_indLastName</con:name>
          <con:value>Baggio</con:value>
        </con:property>
        <con:property>
          <con:name>req_indName</con:name>
          <con:value>Roberto Baggio</con:value>
        </con:property>
        <con:property>
          <con:name>res_id</con:name>
          <con:value>302</con:value>
        </con:property>
        <con:property>
          <con:name>res_code</con:name>
          <con:value xsi:nil="true"/>
        </con:property>
        <con:property>
          <con:name>res_errorMessage</con:name>
          <con:value xsi:nil="true"/>
        </con:property>
        <con:property>
          <con:name>req_forceToUseSession</con:name>
          <con:value>false</con:value>
        </con:property>
        <con:property>
          <con:name>res_externalId</con:name>
          <con:value>robert.baggio9e6e58ea-08d8-4f4d-a00a-d627ebc25f7e</con:value>
        </con:property>
        <con:property>
          <con:name>res_httpCode</con:name>
          <con:value>201</con:value>
        </con:property>
        <con:property>
          <con:name>req_email</con:name>
        </con:property>
      </con:properties>
      <con:returnProperties>
        <con:entry>res_externalId</con:entry>
        <con:entry>res_id</con:entry>
        <con:entry>res_code</con:entry>
        <con:entry>res_errorMessage</con:entry>
        <con:entry>res_httpCode</con:entry>
      </con:returnProperties>
      <con:runMode>PARALLELL</con:runMode>
    </con:config>
  </con:testStep>
  <con:testStep type="assertionteststep" name="Assert bi item is added successfully" id="629e6161-6410-476a-b49c-3261e7b94c2b">
    <con:settings/>
    <con:config xsi:type="con:AssertionTestStep" xmlns:xsi="http://www.w3.org/2001/XMLSchema-instance">
      <con:entry>
        <con:id>1c2a9bb4-5597-4e86-aacc-30bb692620e0</con:id>
        <con:isGroup>false</con:isGroup>
        <con:sourceId>8427a9b7-554c-4bc8-8f65-cec8fee15502</con:sourceId>
        <con:propertyName>res_httpCode</con:propertyName>
        <con:assertion type="Simple Equals" name="Equals" id="62bbcb5d-fa93-4981-bbdd-4f333876961f">
          <con:configuration>
            <patternObjectId>ed47999d-52cc-4556-b643-5a1394572e39</patternObjectId>
            <patternProperty>httpCode201</patternProperty>
            <caseSensitive>true</caseSensitive>
          </con:configuration>
        </con:assertion>
      </con:entry>
      <con:entry>
        <con:id>f85170a5-0597-490d-9f28-d078fdbd6485</con:id>
        <con:isGroup>false</con:isGroup>
        <con:sourceId>8427a9b7-554c-4bc8-8f65-cec8fee15502</con:sourceId>
        <con:propertyName>res_id</con:propertyName>
        <con:assertion type="Simple Contains" name="Contains" id="c909f903-b651-4d08-ac4b-aac99a3ec217">
          <con:configuration>
            <token>\d+</token>
            <ignoreCase>false</ignoreCase>
            <useRegEx>true</useRegEx>
          </con:configuration>
        </con:assertion>
      </con:entry>
    </con:config>
  </con:testStep>
  <con:testStep type="transfer" name="Set bi id to add item for 2nd id" id="8a559d89-0af5-4597-bd60-f3a9058bcfa1">
    <con:settings/>
    <con:config xsi:type="con:PropertyTransfersStep" xmlns:xsi="http://www.w3.org/2001/XMLSchema-instance">
      <con:transfers setNullOnMissingSource="true" transferTextContent="true" failOnError="true" ignoreEmpty="false" transferToAll="false" entitize="false" transferChildNodes="false">
        <con:name>biId</con:name>
        <con:sourceType>res_biId</con:sourceType>
        <con:sourceStep>Create user bi for 2nd id</con:sourceStep>
        <con:sourcePath/>
        <con:targetType>req_biId</con:targetType>
        <con:targetStep>Add item to bi for 2nd id</con:targetStep>
        <con:targetPath/>
        <con:upgraded>true</con:upgraded>
      </con:transfers>
      <con:transfers setNullOnMissingSource="true" transferTextContent="true" failOnError="true" ignoreEmpty="false" transferToAll="false" entitize="false" transferChildNodes="false">
        <con:name>name</con:name>
        <con:sourceType>name</con:sourceType>
        <con:sourceStep>Given properties for the test steps</con:sourceStep>
        <con:targetType>req_name</con:targetType>
        <con:targetStep>Add item to bi for 2nd id</con:targetStep>
        <con:upgraded>true</con:upgraded>
      </con:transfers>
      <con:transfers setNullOnMissingSource="true" transferTextContent="true" failOnError="true" ignoreEmpty="false" transferToAll="false" entitize="false" transferChildNodes="false">
        <con:name>externalId</con:name>
        <con:sourceType>userExternalId2nd</con:sourceType>
        <con:sourceStep>Given properties for the test steps</con:sourceStep>
        <con:targetType>req_externalId</con:targetType>
        <con:targetStep>Add item to bi for 2nd id</con:targetStep>
        <con:upgraded>true</con:upgraded>
      </con:transfers>
      <con:transfers setNullOnMissingSource="true" transferTextContent="true" failOnError="true" ignoreEmpty="false" transferToAll="false" entitize="false" transferChildNodes="false">
        <con:name>userRoleSpecId</con:name>
        <con:sourceType>res_id</con:sourceType>
        <con:sourceStep>Create user role specification for 2nd id</con:sourceStep>
        <con:targetType>req_userRoleSpecId</con:targetType>
        <con:targetStep>Add item to bi for 2nd id</con:targetStep>
        <con:upgraded>true</con:upgraded>
      </con:transfers>
      <con:transfers setNullOnMissingSource="true" transferTextContent="true" failOnError="true" ignoreEmpty="false" transferToAll="false" entitize="false" transferChildNodes="false">
        <con:name>soRoleId</con:name>
        <con:sourceType>soId</con:sourceType>
        <con:sourceStep>Given properties for the test steps</con:sourceStep>
        <con:targetType>req_soRoleId</con:targetType>
        <con:targetStep>Add item to bi for 2nd id</con:targetStep>
        <con:upgraded>true</con:upgraded>
      </con:transfers>
      <con:transfers setNullOnMissingSource="true" transferTextContent="true" failOnError="true" ignoreEmpty="false" transferToAll="false" entitize="false" transferChildNodes="false">
        <con:name>forceToUseSession</con:name>
        <con:sourceType>false</con:sourceType>
        <con:sourceStep>Given properties for the test steps</con:sourceStep>
        <con:targetType>req_forceToUseSession</con:targetType>
        <con:targetStep>Add item to bi for 2nd id</con:targetStep>
        <con:upgraded>true</con:upgraded>
      </con:transfers>
      <con:transfers setNullOnMissingSource="true" transferTextContent="true" failOnError="true" ignoreEmpty="false" transferToAll="false" entitize="false" transferChildNodes="false">
        <con:name>indFirstname</con:name>
        <con:sourceType>indFirstname</con:sourceType>
        <con:sourceStep>Given properties for the test steps</con:sourceStep>
        <con:targetType>req_indFirstName</con:targetType>
        <con:targetStep>Add item to bi for 2nd id</con:targetStep>
        <con:upgraded>true</con:upgraded>
      </con:transfers>
      <con:transfers setNullOnMissingSource="true" transferTextContent="true" failOnError="true" ignoreEmpty="false" transferToAll="false" entitize="false" transferChildNodes="false">
        <con:name>indLastname</con:name>
        <con:sourceType>indLastname</con:sourceType>
        <con:sourceStep>Given properties for the test steps</con:sourceStep>
        <con:targetType>req_indLastName</con:targetType>
        <con:targetStep>Add item to bi for 2nd id</con:targetStep>
        <con:upgraded>true</con:upgraded>
      </con:transfers>
      <con:transfers setNullOnMissingSource="true" transferTextContent="true" failOnError="true" ignoreEmpty="false" transferToAll="false" entitize="false" transferChildNodes="false">
        <con:name>indName</con:name>
        <con:sourceType>indName</con:sourceType>
        <con:sourceStep>Given properties for the test steps</con:sourceStep>
        <con:targetType>req_indName</con:targetType>
        <con:targetStep>Add item to bi for 2nd id</con:targetStep>
        <con:upgraded>true</con:upgraded>
      </con:transfers>
    </con:config>
  </con:testStep>
  <con:testStep type="calltestcase" name="Add item to bi for 2nd id" id="63c7f7ba-b784-4b74-99cb-6b4bd94f339d">
    <con:settings/>
    <con:config xsi:type="con:RunTestCaseStep" xmlns:xsi="http://www.w3.org/2001/XMLSchema-instance">
      <con:targetTestCase>82436617-bc41-4ae8-a2b5-d31a80ed4e9b</con:targetTestCase>
      <con:properties>
        <con:property>
          <con:name>req_biId</con:name>
          <con:value>901</con:value>
        </con:property>
        <con:property>
          <con:name>req_name</con:name>
          <con:value>Roberto Baggio</con:value>
        </con:property>
        <con:property>
          <con:name>req_externalId</con:name>
          <con:value>bilbobaggins${=java.util.UUID.randomUUID()}</con:value>
        </con:property>
        <con:property>
          <con:name>req_userRoleSpecId</con:name>
          <con:value>57</con:value>
        </con:property>
        <con:property>
          <con:name>req_soRoleId</con:name>
          <con:value>58</con:value>
        </con:property>
        <con:property>
          <con:name>req_indFirstName</con:name>
          <con:value>Roberto</con:value>
        </con:property>
        <con:property>
          <con:name>req_indLastName</con:name>
          <con:value>Baggio</con:value>
        </con:property>
        <con:property>
          <con:name>req_indName</con:name>
          <con:value>Roberto Baggio</con:value>
        </con:property>
        <con:property>
          <con:name>res_id</con:name>
          <con:value>303</con:value>
        </con:property>
        <con:property>
          <con:name>res_code</con:name>
          <con:value xsi:nil="true"/>
        </con:property>
        <con:property>
          <con:name>res_errorMessage</con:name>
          <con:value xsi:nil="true"/>
        </con:property>
        <con:property>
          <con:name>req_forceToUseSession</con:name>
          <con:value>false</con:value>
        </con:property>
        <con:property>
          <con:name>res_externalId</con:name>
          <con:value>bilbobaggins6b412b26-a00b-4bd1-bebd-b70589479178</con:value>
        </con:property>
        <con:property>
          <con:name>res_httpCode</con:name>
          <con:value>201</con:value>
        </con:property>
        <con:property>
          <con:name>req_email</con:name>
        </con:property>
      </con:properties>
      <con:returnProperties>
        <con:entry>res_externalId</con:entry>
        <con:entry>res_id</con:entry>
        <con:entry>res_code</con:entry>
        <con:entry>res_errorMessage</con:entry>
        <con:entry>res_httpCode</con:entry>
      </con:returnProperties>
      <con:runMode>PARALLELL</con:runMode>
    </con:config>
  </con:testStep>
  <con:testStep type="assertionteststep" name="Assert bi item is added successfully for 2nd id" id="69834182-26fe-4159-9315-0c084ac0b8fb">
    <con:settings/>
    <con:config xsi:type="con:AssertionTestStep" xmlns:xsi="http://www.w3.org/2001/XMLSchema-instance">
      <con:entry>
        <con:id>9c097031-5820-4981-a15d-92e245b5ee20</con:id>
        <con:isGroup>false</con:isGroup>
        <con:sourceId>63c7f7ba-b784-4b74-99cb-6b4bd94f339d</con:sourceId>
        <con:propertyName>res_id</con:propertyName>
        <con:assertion type="Simple Contains" name="Contains" id="2c361b71-31a3-4709-8aa7-7d572d2c272f">
          <con:configuration>
            <token>\d+</token>
            <ignoreCase>false</ignoreCase>
            <useRegEx>true</useRegEx>
          </con:configuration>
        </con:assertion>
      </con:entry>
      <con:entry>
        <con:id>acc5a51b-f4ab-4101-9a72-19912198c3b8</con:id>
        <con:isGroup>false</con:isGroup>
        <con:sourceId>ed47999d-52cc-4556-b643-5a1394572e39</con:sourceId>
        <con:propertyName>httpCode201</con:propertyName>
        <con:assertion type="Simple Equals" name="Equals" id="714619fd-76b9-430f-94da-7ec64068334a">
          <con:configuration>
            <patternObjectId>63c7f7ba-b784-4b74-99cb-6b4bd94f339d</patternObjectId>
            <patternProperty>res_httpCode</patternProperty>
            <caseSensitive>true</caseSensitive>
          </con:configuration>
        </con:assertion>
      </con:entry>
    </con:config>
  </con:testStep>
  <con:testStep type="transfer" name="Set add user item with duplicate external id" id="56b05067-1b1f-409f-bd1f-8e6746c39f31">
    <con:settings/>
    <con:config xsi:type="con:PropertyTransfersStep" xmlns:xsi="http://www.w3.org/2001/XMLSchema-instance">
      <con:transfers setNullOnMissingSource="true" transferTextContent="true" failOnError="true" ignoreEmpty="false" transferToAll="false" entitize="false" transferChildNodes="false">
        <con:name>biId</con:name>
        <con:sourceType>biId</con:sourceType>
        <con:sourceStep>Given properties for the test steps</con:sourceStep>
        <con:sourcePath/>
        <con:targetType>req_biId</con:targetType>
        <con:targetStep>Add user item with duplicate external id</con:targetStep>
        <con:targetPath/>
        <con:upgraded>true</con:upgraded>
      </con:transfers>
      <con:transfers setNullOnMissingSource="true" transferTextContent="true" failOnError="true" ignoreEmpty="false" transferToAll="false" entitize="false" transferChildNodes="false">
        <con:name>name</con:name>
        <con:sourceType>name</con:sourceType>
        <con:sourceStep>Given properties for the test steps</con:sourceStep>
        <con:targetType>req_name</con:targetType>
        <con:targetStep>Add user item with duplicate external id</con:targetStep>
        <con:upgraded>true</con:upgraded>
      </con:transfers>
      <con:transfers setNullOnMissingSource="true" transferTextContent="true" failOnError="true" ignoreEmpty="false" transferToAll="false" entitize="false" transferChildNodes="false">
        <con:name>externalId</con:name>
        <con:sourceType>res_externalId</con:sourceType>
        <con:sourceStep>Add item to bi</con:sourceStep>
        <con:targetType>req_externalId</con:targetType>
        <con:targetStep>Add user item with duplicate external id</con:targetStep>
        <con:upgraded>true</con:upgraded>
      </con:transfers>
      <con:transfers setNullOnMissingSource="true" transferTextContent="true" failOnError="true" ignoreEmpty="false" transferToAll="false" entitize="false" transferChildNodes="false">
        <con:name>soId</con:name>
        <con:sourceType>soId</con:sourceType>
        <con:sourceStep>Given properties for the test steps</con:sourceStep>
        <con:targetType>req_soRoleId</con:targetType>
        <con:targetStep>Add user item with duplicate external id</con:targetStep>
        <con:upgraded>true</con:upgraded>
      </con:transfers>
      <con:transfers setNullOnMissingSource="true" transferTextContent="true" failOnError="true" ignoreEmpty="false" transferToAll="false" entitize="false" transferChildNodes="false">
        <con:name>indFirstName</con:name>
        <con:sourceType>indFirstname</con:sourceType>
        <con:sourceStep>Given properties for the test steps</con:sourceStep>
        <con:targetType>req_indFirstName</con:targetType>
        <con:targetStep>Add user item with duplicate external id</con:targetStep>
        <con:upgraded>true</con:upgraded>
      </con:transfers>
      <con:transfers setNullOnMissingSource="true" transferTextContent="true" failOnError="true" ignoreEmpty="false" transferToAll="false" entitize="false" transferChildNodes="false">
        <con:name>indLastName</con:name>
        <con:sourceType>indLastname</con:sourceType>
        <con:sourceStep>Given properties for the test steps</con:sourceStep>
        <con:targetType>req_indLastName</con:targetType>
        <con:targetStep>Add user item with duplicate external id</con:targetStep>
        <con:upgraded>true</con:upgraded>
      </con:transfers>
      <con:transfers setNullOnMissingSource="true" transferTextContent="true" failOnError="true" ignoreEmpty="false" transferToAll="false" entitize="false" transferChildNodes="false">
        <con:name>indName</con:name>
        <con:sourceType>indName</con:sourceType>
        <con:sourceStep>Given properties for the test steps</con:sourceStep>
        <con:targetType>req_indName</con:targetType>
        <con:targetStep>Add user item with duplicate external id</con:targetStep>
        <con:upgraded>true</con:upgraded>
      </con:transfers>
      <con:transfers setNullOnMissingSource="true" transferTextContent="true" failOnError="true" ignoreEmpty="false" transferToAll="false" entitize="false" transferChildNodes="false">
        <con:name>forceToUseSession</con:name>
        <con:sourceType>false</con:sourceType>
        <con:sourceStep>Given properties for the test steps</con:sourceStep>
        <con:targetType>req_forceToUseSession</con:targetType>
        <con:targetStep>Add user item with duplicate external id</con:targetStep>
        <con:upgraded>true</con:upgraded>
      </con:transfers>
    </con:config>
  </con:testStep>
  <con:testStep type="calltestcase" name="Add user item with duplicate external id" id="8e2ce9e4-56dd-4814-aa2c-0d8031ac4625">
    <con:settings/>
    <con:config xsi:type="con:RunTestCaseStep" xmlns:xsi="http://www.w3.org/2001/XMLSchema-instance">
      <con:targetTestCase>ecbec92f-12eb-47f4-9a15-afdbf2a39df6</con:targetTestCase>
      <con:properties>
        <con:property>
          <con:name>req_biId</con:name>
          <con:value>891</con:value>
        </con:property>
        <con:property>
          <con:name>req_name</con:name>
          <con:value>Roberto Baggio</con:value>
        </con:property>
        <con:property>
          <con:name>req_externalId</con:name>
          <con:value>robert.baggio9e6e58ea-08d8-4f4d-a00a-d627ebc25f7e</con:value>
        </con:property>
        <con:property>
          <con:name>req_soRoleId</con:name>
          <con:value>58</con:value>
        </con:property>
        <con:property>
          <con:name>res_externalId</con:name>
        </con:property>
        <con:property>
          <con:name>req_indFirstName</con:name>
          <con:value>Roberto</con:value>
        </con:property>
        <con:property>
          <con:name>req_indLastName</con:name>
          <con:value>Baggio</con:value>
        </con:property>
        <con:property>
          <con:name>req_indName</con:name>
          <con:value>Roberto Baggio</con:value>
        </con:property>
        <con:property>
          <con:name>res_id</con:name>
          <con:value xsi:nil="true"/>
        </con:property>
        <con:property>
          <con:name>res_code</con:name>
          <con:value>406</con:value>
        </con:property>
        <con:property>
          <con:name>res_errorMessage</con:name>
          <con:value>406</con:value>
        </con:property>
        <con:property>
          <con:name>req_forceToUseSession</con:name>
          <con:value>false</con:value>
        </con:property>
        <con:property>
          <con:name>res_httpCode</con:name>
          <con:value>406</con:value>
        </con:property>
      </con:properties>
      <con:returnProperties>
        <con:entry>res_id</con:entry>
        <con:entry>res_code</con:entry>
        <con:entry>res_errorMessage</con:entry>
        <con:entry>res_httpCode</con:entry>
      </con:returnProperties>
      <con:runMode>PARALLELL</con:runMode>
    </con:config>
  </con:testStep>
  <con:testStep type="assertionteststep" name="Assertion add user item with duplicate external id" id="f55085c8-2965-407f-b55a-f63282cb82dd">
    <con:settings/>
    <con:config xsi:type="con:AssertionTestStep" xmlns:xsi="http://www.w3.org/2001/XMLSchema-instance">
      <con:entry>
        <con:id>8f59762f-b622-4b48-8096-da529146e529</con:id>
        <con:isGroup>false</con:isGroup>
        <con:sourceId>8e2ce9e4-56dd-4814-aa2c-0d8031ac4625</con:sourceId>
        <con:propertyName>res_httpCode</con:propertyName>
        <con:assertion type="Simple Equals" name="Equals" id="57d88276-bca8-40c5-8432-82c261c1e295">
          <con:configuration>
            <patternObjectId>ed47999d-52cc-4556-b643-5a1394572e39</patternObjectId>
            <patternProperty>httpCode406</patternProperty>
            <caseSensitive>true</caseSensitive>
          </con:configuration>
        </con:assertion>
      </con:entry>
    </con:config>
  </con:testStep>
  <con:testStep type="transfer" name="Set delete nonexisting add user item bi" id="ed6f4aee-b744-44ad-8259-c8948e68d47c">
    <con:settings/>
    <con:config xsi:type="con:PropertyTransfersStep" xmlns:xsi="http://www.w3.org/2001/XMLSchema-instance">
      <con:transfers setNullOnMissingSource="true" transferTextContent="true" failOnError="true" ignoreEmpty="false" transferToAll="false" entitize="false" transferChildNodes="false">
        <con:name>biId</con:name>
        <con:sourceType>notExistId</con:sourceType>
        <con:sourceStep>Given properties for the test steps</con:sourceStep>
        <con:sourcePath/>
        <con:targetType>req_biId</con:targetType>
        <con:targetStep>Delete nonexisting add user item bi</con:targetStep>
        <con:targetPath/>
        <con:upgraded>true</con:upgraded>
      </con:transfers>
      <con:transfers setNullOnMissingSource="true" transferTextContent="true" failOnError="true" ignoreEmpty="false" transferToAll="false" entitize="false" transferChildNodes="false">
        <con:name>itemId</con:name>
        <con:sourceType>res_id</con:sourceType>
        <con:sourceStep>Add item to bi</con:sourceStep>
        <con:targetType>req_itemId</con:targetType>
        <con:targetStep>Delete nonexisting add user item bi</con:targetStep>
        <con:upgraded>true</con:upgraded>
      </con:transfers>
    </con:config>
  </con:testStep>
  <con:testStep type="calltestcase" name="Delete nonexisting add user item bi" id="3e85cb34-673c-4f33-a1f9-4e2a2baa63cc">
    <con:settings/>
    <con:config xsi:type="con:RunTestCaseStep" xmlns:xsi="http://www.w3.org/2001/XMLSchema-instance">
      <con:targetTestCase>aa1676b3-b989-4f39-9536-13a6a5ecd26c</con:targetTestCase>
      <con:properties>
        <con:property>
          <con:name>response</con:name>
          <con:value>{"code":"404","description":"HTTP 404 Not Found","errorDetails":"HTTP 404 Not Found","errorMessage":"404","httpStatusCode":"404","httpStatusCodeDescription":"HTTP 404 Not Found"}</con:value>
        </con:property>
        <con:property>
          <con:name>res_code</con:name>
          <con:value>404</con:value>
        </con:property>
        <con:property>
          <con:name>res_errorMessage</con:name>
          <con:value>404</con:value>
        </con:property>
        <con:property>
          <con:name>req_biId</con:name>
          <con:value>-1</con:value>
        </con:property>
        <con:property>
          <con:name>res_httpCode</con:name>
          <con:value>404</con:value>
        </con:property>
        <con:property>
          <con:name>req_itemId</con:name>
          <con:value>302</con:value>
        </con:property>
        <con:property>
          <con:name>res_itemId</con:name>
          <con:value xsi:nil="true"/>
        </con:property>
      </con:properties>
      <con:returnProperties>
        <con:entry>response</con:entry>
        <con:entry>res_code</con:entry>
        <con:entry>res_errorMessage</con:entry>
        <con:entry>res_httpCode</con:entry>
        <con:entry>res_itemId</con:entry>
      </con:returnProperties>
      <con:runMode>PARALLELL</con:runMode>
    </con:config>
  </con:testStep>
  <con:testStep type="assertionteststep" name="Assertion delete nonexisting add user item bi" id="fff58051-a233-4373-b385-2a8d8f5dcec5">
    <con:settings/>
    <con:config xsi:type="con:AssertionTestStep" xmlns:xsi="http://www.w3.org/2001/XMLSchema-instance">
      <con:entry>
        <con:id>12a800e2-36b8-4599-8719-19848971125b</con:id>
        <con:isGroup>false</con:isGroup>
        <con:sourceId>3e85cb34-673c-4f33-a1f9-4e2a2baa63cc</con:sourceId>
        <con:propertyName>res_httpCode</con:propertyName>
        <con:assertion type="Simple Equals" name="Equals" id="e3dda18a-e87e-4235-be8d-3f7d7e1f93ea">
          <con:configuration>
            <patternObjectId>ed47999d-52cc-4556-b643-5a1394572e39</patternObjectId>
            <patternProperty>httpCode404</patternProperty>
            <caseSensitive>true</caseSensitive>
          </con:configuration>
        </con:assertion>
      </con:entry>
    </con:config>
  </con:testStep>
  <con:testStep type="transfer" name="Set delete nonexisting add user item" id="03c41c7e-0a04-4f72-93e0-cab29a716a63">
    <con:settings/>
    <con:config xsi:type="con:PropertyTransfersStep" xmlns:xsi="http://www.w3.org/2001/XMLSchema-instance">
      <con:transfers setNullOnMissingSource="true" transferTextContent="true" failOnError="true" ignoreEmpty="false" transferToAll="false" entitize="false" transferChildNodes="false">
        <con:name>biId</con:name>
        <con:sourceType>biId</con:sourceType>
        <con:sourceStep>Given properties for the test steps</con:sourceStep>
        <con:sourcePath/>
        <con:targetType>req_biId</con:targetType>
        <con:targetStep>Delete nonexisting add user item</con:targetStep>
        <con:targetPath/>
        <con:upgraded>true</con:upgraded>
      </con:transfers>
      <con:transfers setNullOnMissingSource="true" transferTextContent="true" failOnError="true" ignoreEmpty="false" transferToAll="false" entitize="false" transferChildNodes="false">
        <con:name>itemId</con:name>
        <con:sourceType>notExistId</con:sourceType>
        <con:sourceStep>Given properties for the test steps</con:sourceStep>
        <con:targetType>req_biItemId</con:targetType>
        <con:targetStep>Delete nonexisting add user item</con:targetStep>
        <con:upgraded>true</con:upgraded>
      </con:transfers>
    </con:config>
  </con:testStep>
  <con:testStep type="calltestcase" name="Delete nonexisting add user item" id="ef6b3691-42c2-472c-8118-f1b7a853d973">
    <con:settings/>
    <con:config xsi:type="con:RunTestCaseStep" xmlns:xsi="http://www.w3.org/2001/XMLSchema-instance">
      <con:targetTestCase>51b86b01-3c88-425f-bfd4-ab25d0c6f8e6</con:targetTestCase>
      <con:properties>
        <con:property>
          <con:name>req_biId</con:name>
          <con:value>891</con:value>
        </con:property>
        <con:property>
          <con:name>req_biItemId</con:name>
          <con:value>-1</con:value>
        </con:property>
        <con:property>
          <con:name>res_id</con:name>
          <con:value xsi:nil="true"/>
        </con:property>
        <con:property>
          <con:name>res_code</con:name>
          <con:value>BI_ITEM_WITH_ID_NOT_FOUND</con:value>
        </con:property>
        <con:property>
          <con:name>res_errorMessage</con:name>
          <con:value>BI_ITEM_WITH_ID_NOT_FOUND</con:value>
        </con:property>
        <con:property>
          <con:name>res_httpCode</con:name>
          <con:value>400</con:value>
        </con:property>
      </con:properties>
      <con:returnProperties>
        <con:entry>res_id</con:entry>
        <con:entry>res_code</con:entry>
        <con:entry>res_errorMessage</con:entry>
        <con:entry>res_httpCode</con:entry>
      </con:returnProperties>
      <con:runMode>PARALLELL</con:runMode>
    </con:config>
  </con:testStep>
  <con:testStep type="assertionteststep" name="Assertion delete nonexisting add user item" id="884d8c53-9ddc-4e5b-9177-495a2cb53895">
    <con:settings/>
    <con:config xsi:type="con:AssertionTestStep" xmlns:xsi="http://www.w3.org/2001/XMLSchema-instance">
      <con:entry>
        <con:id>e299a137-574a-4241-bcc7-b158db6db0c9</con:id>
        <con:isGroup>false</con:isGroup>
        <con:sourceId>ef6b3691-42c2-472c-8118-f1b7a853d973</con:sourceId>
        <con:propertyName>res_httpCode</con:propertyName>
        <con:assertion type="Simple Equals" name="Equals" id="326fb0b5-a2ff-4e99-a9a0-4ceaf4bcf07e">
          <con:configuration>
            <patternObjectId>ed47999d-52cc-4556-b643-5a1394572e39</patternObjectId>
            <patternProperty>httpCode400</patternProperty>
            <caseSensitive>true</caseSensitive>
          </con:configuration>
        </con:assertion>
      </con:entry>
      <con:entry>
        <con:id>8605b9a9-ae13-4722-8e2f-4987d7827884</con:id>
        <con:isGroup>false</con:isGroup>
        <con:sourceId>ef6b3691-42c2-472c-8118-f1b7a853d973</con:sourceId>
        <con:propertyName>res_errorMessage</con:propertyName>
        <con:assertion type="Simple Equals" name="Equals 2" id="a84b9d38-3098-4c3d-ae0a-0b48d45b7c9c">
          <con:configuration>
            <patternObjectId>ed47999d-52cc-4556-b643-5a1394572e39</patternObjectId>
            <patternProperty>errorMessageItemNotFound</patternProperty>
            <caseSensitive>true</caseSensitive>
          </con:configuration>
        </con:assertion>
      </con:entry>
    </con:config>
  </con:testStep>
  <con:testStep type="transfer" name="Set bi id to delete bi item" id="7255a03c-61e7-4fe5-a175-7049483a67d5">
    <con:settings/>
    <con:config xsi:type="con:PropertyTransfersStep" xmlns:xsi="http://www.w3.org/2001/XMLSchema-instance">
      <con:transfers setNullOnMissingSource="true" transferTextContent="true" failOnError="true" ignoreEmpty="false" transferToAll="false" entitize="false" transferChildNodes="false">
        <con:name>biItemId</con:name>
        <con:sourceType>res_id</con:sourceType>
        <con:sourceStep>Add item to bi</con:sourceStep>
        <con:sourcePath/>
        <con:targetType>req_biItemId</con:targetType>
        <con:targetStep>Delete bi item</con:targetStep>
        <con:targetPath/>
        <con:upgraded>true</con:upgraded>
      </con:transfers>
      <con:transfers setNullOnMissingSource="true" transferTextContent="true" failOnError="true" ignoreEmpty="false" transferToAll="false" entitize="false" transferChildNodes="false">
        <con:name>biId</con:name>
        <con:sourceType>biId</con:sourceType>
        <con:sourceStep>Given properties for the test steps</con:sourceStep>
        <con:targetType>req_biId</con:targetType>
        <con:targetStep>Delete bi item</con:targetStep>
        <con:upgraded>true</con:upgraded>
      </con:transfers>
    </con:config>
  </con:testStep>
  <con:testStep type="calltestcase" name="Delete bi item" id="bd495299-45cb-46b8-9ee6-6c1902ce6950">
    <con:settings/>
    <con:config xsi:type="con:RunTestCaseStep" xmlns:xsi="http://www.w3.org/2001/XMLSchema-instance">
      <con:targetTestCase>51b86b01-3c88-425f-bfd4-ab25d0c6f8e6</con:targetTestCase>
      <con:properties>
        <con:property>
          <con:name>req_biId</con:name>
          <con:value>891</con:value>
        </con:property>
        <con:property>
          <con:name>res_id</con:name>
          <con:value>302</con:value>
        </con:property>
        <con:property>
          <con:name>res_code</con:name>
          <con:value xsi:nil="true"/>
        </con:property>
        <con:property>
          <con:name>res_errorMessage</con:name>
          <con:value xsi:nil="true"/>
        </con:property>
        <con:property>
          <con:name>req_biItemId</con:name>
          <con:value>302</con:value>
        </con:property>
        <con:property>
          <con:name>res_httpCode</con:name>
          <con:value>200</con:value>
        </con:property>
      </con:properties>
      <con:returnProperties>
        <con:entry>res_id</con:entry>
        <con:entry>res_code</con:entry>
        <con:entry>res_errorMessage</con:entry>
        <con:entry>res_httpCode</con:entry>
      </con:returnProperties>
      <con:runMode>PARALLELL</con:runMode>
    </con:config>
  </con:testStep>
  <con:testStep type="assertionteststep" name="Assert bi item is deleted successfully" id="ca1dcd75-fcb2-401d-9181-6ec243addb9a">
    <con:settings/>
    <con:config xsi:type="con:AssertionTestStep" xmlns:xsi="http://www.w3.org/2001/XMLSchema-instance">
      <con:entry>
        <con:id>1d7946fa-9c63-45e8-a16a-1cc7fe463b2c</con:id>
        <con:isGroup>false</con:isGroup>
        <con:sourceId>bd495299-45cb-46b8-9ee6-6c1902ce6950</con:sourceId>
        <con:propertyName>res_id</con:propertyName>
        <con:assertion type="Simple Contains" name="Contains" id="6de2ad32-1484-44c9-b138-38f37a69d538">
          <con:configuration>
            <token>\d+</token>
            <ignoreCase>false</ignoreCase>
            <useRegEx>true</useRegEx>
          </con:configuration>
        </con:assertion>
      </con:entry>
      <con:entry>
        <con:id>42ecc5f5-bb56-47ab-b46f-9a8d5c5c78ed</con:id>
        <con:isGroup>false</con:isGroup>
        <con:sourceId>bd495299-45cb-46b8-9ee6-6c1902ce6950</con:sourceId>
        <con:propertyName>res_httpCode</con:propertyName>
        <con:assertion type="Simple Equals" name="Equals" id="a0cea699-5af6-41fe-836c-ab05919e1a99">
          <con:configuration>
            <patternObjectId>ed47999d-52cc-4556-b643-5a1394572e39</patternObjectId>
            <patternProperty>httpCode200</patternProperty>
            <caseSensitive>true</caseSensitive>
          </con:configuration>
        </con:assertion>
      </con:entry>
    </con:config>
  </con:testStep>
  <con:testStep type="transfer" name="Set add user item success" id="38dc20d0-c117-4c15-ae1e-20abf1b1f9c6">
    <con:settings/>
    <con:config xsi:type="con:PropertyTransfersStep" xmlns:xsi="http://www.w3.org/2001/XMLSchema-instance">
      <con:transfers setNullOnMissingSource="true" transferTextContent="true" failOnError="true" ignoreEmpty="false" transferToAll="false" entitize="false" transferChildNodes="false">
        <con:name>name</con:name>
        <con:sourceType>name</con:sourceType>
        <con:sourceStep>Given properties for the test steps</con:sourceStep>
        <con:sourcePath/>
        <con:targetType>req_name</con:targetType>
        <con:targetStep>Add user item success</con:targetStep>
        <con:targetPath/>
        <con:upgraded>true</con:upgraded>
      </con:transfers>
      <con:transfers setNullOnMissingSource="true" transferTextContent="true" failOnError="true" ignoreEmpty="false" transferToAll="false" entitize="false" transferChildNodes="false">
        <con:name>externalId</con:name>
        <con:sourceType>userExternalId</con:sourceType>
        <con:sourceStep>Given properties for the test steps</con:sourceStep>
        <con:targetType>req_externalId</con:targetType>
        <con:targetStep>Add user item success</con:targetStep>
        <con:upgraded>true</con:upgraded>
      </con:transfers>
      <con:transfers setNullOnMissingSource="true" transferTextContent="true" failOnError="true" ignoreEmpty="false" transferToAll="false" entitize="false" transferChildNodes="false">
        <con:name>userRoleSpecId</con:name>
        <con:sourceType>userRoleSpecId</con:sourceType>
        <con:sourceStep>Given properties for the test steps</con:sourceStep>
        <con:targetType>req_userRoleSpecId</con:targetType>
        <con:targetStep>Add user item success</con:targetStep>
        <con:upgraded>true</con:upgraded>
      </con:transfers>
      <con:transfers setNullOnMissingSource="true" transferTextContent="true" failOnError="true" ignoreEmpty="false" transferToAll="false" entitize="false" transferChildNodes="false">
        <con:name>soId</con:name>
        <con:sourceType>soId</con:sourceType>
        <con:sourceStep>Given properties for the test steps</con:sourceStep>
        <con:targetType>req_soRoleId</con:targetType>
        <con:targetStep>Add user item success</con:targetStep>
        <con:upgraded>true</con:upgraded>
      </con:transfers>
      <con:transfers setNullOnMissingSource="true" transferTextContent="true" failOnError="true" ignoreEmpty="false" transferToAll="false" entitize="false" transferChildNodes="false">
        <con:name>indFirstName</con:name>
        <con:sourceType>indFirstname</con:sourceType>
        <con:sourceStep>Given properties for the test steps</con:sourceStep>
        <con:targetType>req_indFirstName</con:targetType>
        <con:targetStep>Add user item success</con:targetStep>
        <con:upgraded>true</con:upgraded>
      </con:transfers>
      <con:transfers setNullOnMissingSource="true" transferTextContent="true" failOnError="true" ignoreEmpty="false" transferToAll="false" entitize="false" transferChildNodes="false">
        <con:name>indLastName</con:name>
        <con:sourceType>indLastname</con:sourceType>
        <con:sourceStep>Given properties for the test steps</con:sourceStep>
        <con:targetType>req_indLastName</con:targetType>
        <con:targetStep>Add user item success</con:targetStep>
        <con:upgraded>true</con:upgraded>
      </con:transfers>
      <con:transfers setNullOnMissingSource="true" transferTextContent="true" failOnError="true" ignoreEmpty="false" transferToAll="false" entitize="false" transferChildNodes="false">
        <con:name>indName</con:name>
        <con:sourceType>indName</con:sourceType>
        <con:sourceStep>Given properties for the test steps</con:sourceStep>
        <con:targetType>req_indName</con:targetType>
        <con:targetStep>Add user item success</con:targetStep>
        <con:upgraded>true</con:upgraded>
      </con:transfers>
      <con:transfers setNullOnMissingSource="true" transferTextContent="true" failOnError="true" ignoreEmpty="false" transferToAll="false" entitize="false" transferChildNodes="false">
        <con:name>forceToUseSession</con:name>
        <con:sourceType>false</con:sourceType>
        <con:sourceStep>Given properties for the test steps</con:sourceStep>
        <con:targetType>req_forceToUseSession</con:targetType>
        <con:targetStep>Add user item success</con:targetStep>
        <con:upgraded>true</con:upgraded>
      </con:transfers>
      <con:transfers setNullOnMissingSource="true" transferTextContent="true" failOnError="true" ignoreEmpty="false" transferToAll="false" entitize="false" transferChildNodes="false">
        <con:name>biId</con:name>
        <con:sourceType>biId</con:sourceType>
        <con:sourceStep>Given properties for the test steps</con:sourceStep>
        <con:targetType>req_biId</con:targetType>
        <con:targetStep>Add user item success</con:targetStep>
        <con:upgraded>true</con:upgraded>
      </con:transfers>
    </con:config>
  </con:testStep>
  <con:testStep type="calltestcase" name="Add user item success" id="9d7e731e-1d20-4e13-86c9-24f1d80bdfce">
    <con:settings/>
    <con:config xsi:type="con:RunTestCaseStep" xmlns:xsi="http://www.w3.org/2001/XMLSchema-instance">
      <con:targetTestCase>82436617-bc41-4ae8-a2b5-d31a80ed4e9b</con:targetTestCase>
      <con:properties>
        <con:property>
          <con:name>req_biId</con:name>
          <con:value>891</con:value>
        </con:property>
        <con:property>
          <con:name>req_name</con:name>
          <con:value>Roberto Baggio</con:value>
        </con:property>
        <con:property>
          <con:name>req_externalId</con:name>
          <con:value>robert.baggio${=java.util.UUID.randomUUID()}</con:value>
        </con:property>
        <con:property>
          <con:name>req_userRoleSpecId</con:name>
          <con:value>56</con:value>
        </con:property>
        <con:property>
          <con:name>req_soRoleId</con:name>
          <con:value>58</con:value>
        </con:property>
        <con:property>
          <con:name>res_externalId</con:name>
          <con:value>robert.baggiob2e79b7a-fbb3-44b6-b399-3dec12c75792</con:value>
        </con:property>
        <con:property>
          <con:name>req_indFirstName</con:name>
          <con:value>Roberto</con:value>
        </con:property>
        <con:property>
          <con:name>req_indLastName</con:name>
          <con:value>Baggio</con:value>
        </con:property>
        <con:property>
          <con:name>req_indName</con:name>
          <con:value>Roberto Baggio</con:value>
        </con:property>
        <con:property>
          <con:name>res_id</con:name>
          <con:value>304</con:value>
        </con:property>
        <con:property>
          <con:name>res_code</con:name>
          <con:value xsi:nil="true"/>
        </con:property>
        <con:property>
          <con:name>res_errorMessage</con:name>
          <con:value xsi:nil="true"/>
        </con:property>
        <con:property>
          <con:name>req_forceToUseSession</con:name>
          <con:value>false</con:value>
        </con:property>
        <con:property>
          <con:name>res_httpCode</con:name>
          <con:value>201</con:value>
        </con:property>
        <con:property>
          <con:name>req_email</con:name>
        </con:property>
      </con:properties>
      <con:returnProperties>
        <con:entry>res_externalId</con:entry>
        <con:entry>res_id</con:entry>
        <con:entry>res_code</con:entry>
        <con:entry>res_errorMessage</con:entry>
        <con:entry>res_httpCode</con:entry>
      </con:returnProperties>
      <con:runMode>PARALLELL</con:runMode>
    </con:config>
  </con:testStep>
  <con:testStep type="assertionteststep" name="Assertion add user item success" id="ad524935-7139-4935-9912-9fe27f91b654">
    <con:settings/>
    <con:config xsi:type="con:AssertionTestStep" xmlns:xsi="http://www.w3.org/2001/XMLSchema-instance">
      <con:entry>
        <con:id>45b94220-f15b-49c2-b07f-5883a2561ecb</con:id>
        <con:isGroup>false</con:isGroup>
        <con:sourceId>9d7e731e-1d20-4e13-86c9-24f1d80bdfce</con:sourceId>
        <con:propertyName>res_httpCode</con:propertyName>
        <con:assertion type="Simple Equals" name="Equals" id="7cc76044-f015-4d95-b2b8-c96255b64cc8">
          <con:configuration>
            <patternObjectId>ed47999d-52cc-4556-b643-5a1394572e39</patternObjectId>
            <patternProperty>httpCode201</patternProperty>
            <caseSensitive>true</caseSensitive>
          </con:configuration>
        </con:assertion>
      </con:entry>
      <con:entry>
        <con:id>8b2e1788-41d9-4276-98c3-f81f1924da03</con:id>
        <con:isGroup>false</con:isGroup>
        <con:sourceId>9d7e731e-1d20-4e13-86c9-24f1d80bdfce</con:sourceId>
        <con:propertyName>res_id</con:propertyName>
        <con:assertion type="Simple Contains" name="Contains" id="6805f6cf-c0e4-4875-a1cc-f17261e65c9c">
          <con:configuration>
            <token>\d+</token>
            <ignoreCase>false</ignoreCase>
            <useRegEx>true</useRegEx>
          </con:configuration>
        </con:assertion>
      </con:entry>
    </con:config>
  </con:testStep>
  <con:testStep type="transfer" name="Set delete bi item with body" id="76fce7d6-25ce-4d8e-932d-17cfebd09094">
    <con:settings/>
    <con:config xsi:type="con:PropertyTransfersStep" xmlns:xsi="http://www.w3.org/2001/XMLSchema-instance">
      <con:transfers setNullOnMissingSource="true" transferTextContent="true" failOnError="true" ignoreEmpty="false" transferToAll="false" entitize="false" transferChildNodes="false">
        <con:name>biId</con:name>
        <con:sourceType>biId</con:sourceType>
        <con:sourceStep>Given properties for the test steps</con:sourceStep>
        <con:sourcePath/>
        <con:targetType>req_biId</con:targetType>
        <con:targetStep>Delete bi item with body</con:targetStep>
        <con:targetPath/>
        <con:upgraded>true</con:upgraded>
      </con:transfers>
      <con:transfers setNullOnMissingSource="true" transferTextContent="true" failOnError="true" ignoreEmpty="false" transferToAll="false" entitize="false" transferChildNodes="false">
        <con:name>itemId</con:name>
        <con:sourceType>res_id</con:sourceType>
        <con:sourceStep>Add user item success</con:sourceStep>
        <con:targetType>req_biItemId</con:targetType>
        <con:targetStep>Delete bi item with body</con:targetStep>
        <con:upgraded>true</con:upgraded>
      </con:transfers>
    </con:config>
  </con:testStep>
  <con:testStep type="calltestcase" name="Delete bi item with body" id="bdaffcb5-de2a-4ada-853e-6bb566f07b61">
    <con:settings/>
    <con:config xsi:type="con:RunTestCaseStep" xmlns:xsi="http://www.w3.org/2001/XMLSchema-instance">
      <con:targetTestCase>4bec7ef7-33cf-4701-995f-36fccc3e6206</con:targetTestCase>
      <con:properties>
        <con:property>
          <con:name>req_biId</con:name>
          <con:value>891</con:value>
        </con:property>
        <con:property>
          <con:name>req_biItemId</con:name>
          <con:value>304</con:value>
        </con:property>
        <con:property>
          <con:name>res_id</con:name>
          <con:value>304</con:value>
        </con:property>
        <con:property>
          <con:name>res_code</con:name>
          <con:value xsi:nil="true"/>
        </con:property>
        <con:property>
          <con:name>res_errorMessage</con:name>
          <con:value xsi:nil="true"/>
        </con:property>
        <con:property>
          <con:name>res_httpCode</con:name>
          <con:value>200</con:value>
        </con:property>
      </con:properties>
      <con:returnProperties>
        <con:entry>res_id</con:entry>
        <con:entry>res_code</con:entry>
        <con:entry>res_errorMessage</con:entry>
        <con:entry>res_httpCode</con:entry>
      </con:returnProperties>
      <con:runMode>PARALLELL</con:runMode>
    </con:config>
  </con:testStep>
  <con:testStep type="assertionteststep" name="Assertion delete bi item with body" id="d2fdb4ff-e376-4a20-8b10-eefb376efb75">
    <con:settings/>
    <con:config xsi:type="con:AssertionTestStep" xmlns:xsi="http://www.w3.org/2001/XMLSchema-instance">
      <con:entry>
        <con:id>de429eac-81b4-4bbe-a7bb-e593c5f9c311</con:id>
        <con:isGroup>false</con:isGroup>
        <con:sourceId>bdaffcb5-de2a-4ada-853e-6bb566f07b61</con:sourceId>
        <con:propertyName>res_httpCode</con:propertyName>
        <con:assertion type="Simple Equals" name="Equals" id="d3eadfb6-1451-4dc6-93e9-479f8907a985">
          <con:configuration>
            <patternObjectId>ed47999d-52cc-4556-b643-5a1394572e39</patternObjectId>
            <patternProperty>httpCode200</patternProperty>
            <caseSensitive>true</caseSensitive>
          </con:configuration>
        </con:assertion>
      </con:entry>
      <con:entry>
        <con:id>a80ee3db-dd75-4ffb-b2db-beabfa3c0005</con:id>
        <con:isGroup>false</con:isGroup>
        <con:sourceId>bdaffcb5-de2a-4ada-853e-6bb566f07b61</con:sourceId>
        <con:propertyName>res_id</con:propertyName>
        <con:assertion type="Simple Equals" name="Equals 2" id="6c806d20-158d-4665-8ffc-147883b8be16">
          <con:configuration>
            <patternObjectId>bdaffcb5-de2a-4ada-853e-6bb566f07b61</patternObjectId>
            <patternProperty>req_biItemId</patternProperty>
            <caseSensitive>true</caseSensitive>
          </con:configuration>
        </con:assertion>
      </con:entry>
    </con:config>
  </con:testStep>
  <con:testStep type="transfer" name="Set bi to submit without item" id="6379020d-f755-47cf-9d5b-f00e63003128">
    <con:settings/>
    <con:config xsi:type="con:PropertyTransfersStep" xmlns:xsi="http://www.w3.org/2001/XMLSchema-instance">
      <con:transfers setNullOnMissingSource="true" transferTextContent="true" failOnError="true" ignoreEmpty="false" transferToAll="false" entitize="false" transferChildNodes="false">
        <con:name>biId</con:name>
        <con:sourceType>biId</con:sourceType>
        <con:sourceStep>Given properties for the test steps</con:sourceStep>
        <con:sourcePath/>
        <con:targetType>req_biId</con:targetType>
        <con:targetStep>Submit bi without item</con:targetStep>
        <con:targetPath/>
        <con:upgraded>true</con:upgraded>
      </con:transfers>
    </con:config>
  </con:testStep>
  <con:testStep type="calltestcase" name="Submit bi without item" id="2be814e7-5298-4a66-8f07-71afe3313d2a">
    <con:settings/>
    <con:config xsi:type="con:RunTestCaseStep" xmlns:xsi="http://www.w3.org/2001/XMLSchema-instance">
      <con:targetTestCase>eec8880b-6bd0-46a9-8545-851a3d5ea4ac</con:targetTestCase>
      <con:properties>
        <con:property>
          <con:name>req_biId</con:name>
          <con:value>891</con:value>
        </con:property>
        <con:property>
          <con:name>res_biId</con:name>
          <con:value xsi:nil="true"/>
        </con:property>
        <con:property>
          <con:name>res_code</con:name>
          <con:value>BI_WITHOUT_ITEMS_CANNOT_BE_SUBMITTED</con:value>
        </con:property>
        <con:property>
          <con:name>res_errorMessage</con:name>
          <con:value>BI_WITHOUT_ITEMS_CANNOT_BE_SUBMITTED</con:value>
        </con:property>
        <con:property>
          <con:name>res_httpCode</con:name>
          <con:value>400</con:value>
        </con:property>
      </con:properties>
      <con:returnProperties>
        <con:entry>res_biId</con:entry>
        <con:entry>res_code</con:entry>
        <con:entry>res_errorMessage</con:entry>
        <con:entry>res_httpCode</con:entry>
      </con:returnProperties>
      <con:runMode>PARALLELL</con:runMode>
    </con:config>
  </con:testStep>
  <con:testStep type="assertionteststep" name="Assert bi is not submitted without item" id="1efb3a64-7109-4f08-9dc9-d01cf180c953">
    <con:settings/>
    <con:config xsi:type="con:AssertionTestStep" xmlns:xsi="http://www.w3.org/2001/XMLSchema-instance">
      <con:entry>
        <con:id>2018984b-4de9-406f-bf40-fcaea75dfdb6</con:id>
        <con:isGroup>false</con:isGroup>
        <con:sourceId>2be814e7-5298-4a66-8f07-71afe3313d2a</con:sourceId>
        <con:propertyName>res_errorMessage</con:propertyName>
        <con:assertion type="Simple Contains" name="Contains" id="e883dde4-de79-41e3-8a5c-b66fbcfd75af">
          <con:configuration>
            <token>\w+</token>
            <ignoreCase>false</ignoreCase>
            <useRegEx>true</useRegEx>
          </con:configuration>
        </con:assertion>
      </con:entry>
      <con:entry>
        <con:id>bf6061d4-e9dc-4409-bb74-132b37b7054b</con:id>
        <con:isGroup>false</con:isGroup>
        <con:sourceId>2be814e7-5298-4a66-8f07-71afe3313d2a</con:sourceId>
        <con:propertyName>res_httpCode</con:propertyName>
        <con:assertion type="Simple Equals" name="Equals" id="4e198573-531e-4185-bdad-9124907aae86">
          <con:configuration>
            <patternObjectId>ed47999d-52cc-4556-b643-5a1394572e39</patternObjectId>
            <patternProperty>httpCode400</patternProperty>
            <caseSensitive>true</caseSensitive>
          </con:configuration>
        </con:assertion>
      </con:entry>
    </con:config>
  </con:testStep>
  <con:testStep type="transfer" name="Set add create user item with external id including space" id="9f70bb54-86e9-4192-a8c7-d2c3992555e3">
    <con:settings/>
    <con:config xsi:type="con:PropertyTransfersStep" xmlns:xsi="http://www.w3.org/2001/XMLSchema-instance">
      <con:transfers setNullOnMissingSource="true" transferTextContent="true" failOnError="true" ignoreEmpty="false" transferToAll="false" entitize="false" transferChildNodes="false">
        <con:name>biId</con:name>
        <con:sourceType>biId</con:sourceType>
        <con:sourceStep>Given properties for the test steps</con:sourceStep>
        <con:sourcePath/>
        <con:targetType>req_biId</con:targetType>
        <con:targetStep>Add create user item with external id including space</con:targetStep>
        <con:targetPath/>
        <con:upgraded>true</con:upgraded>
      </con:transfers>
      <con:transfers setNullOnMissingSource="true" transferTextContent="true" failOnError="true" ignoreEmpty="false" transferToAll="false" entitize="false" transferChildNodes="false">
        <con:name>name</con:name>
        <con:sourceType>name</con:sourceType>
        <con:sourceStep>Given properties for the test steps</con:sourceStep>
        <con:targetType>req_name</con:targetType>
        <con:targetStep>Add create user item with external id including space</con:targetStep>
        <con:upgraded>true</con:upgraded>
      </con:transfers>
      <con:transfers setNullOnMissingSource="true" transferTextContent="true" failOnError="true" ignoreEmpty="false" transferToAll="false" entitize="false" transferChildNodes="false">
        <con:name>externalId</con:name>
        <con:sourceType>userExternalIdIncludeSpace</con:sourceType>
        <con:sourceStep>Given properties for the test steps</con:sourceStep>
        <con:targetType>req_externalId</con:targetType>
        <con:targetStep>Add create user item with external id including space</con:targetStep>
        <con:upgraded>true</con:upgraded>
      </con:transfers>
      <con:transfers setNullOnMissingSource="true" transferTextContent="true" failOnError="true" ignoreEmpty="false" transferToAll="false" entitize="false" transferChildNodes="false">
        <con:name>userRoleSpecId</con:name>
        <con:sourceType>userRoleSpecId</con:sourceType>
        <con:sourceStep>Given properties for the test steps</con:sourceStep>
        <con:targetType>req_userRoleSpecId</con:targetType>
        <con:targetStep>Add create user item with external id including space</con:targetStep>
        <con:upgraded>true</con:upgraded>
      </con:transfers>
      <con:transfers setNullOnMissingSource="true" transferTextContent="true" failOnError="true" ignoreEmpty="false" transferToAll="false" entitize="false" transferChildNodes="false">
        <con:name>soId</con:name>
        <con:sourceType>soId</con:sourceType>
        <con:sourceStep>Given properties for the test steps</con:sourceStep>
        <con:targetType>req_soRoleId</con:targetType>
        <con:targetStep>Add create user item with external id including space</con:targetStep>
        <con:upgraded>true</con:upgraded>
      </con:transfers>
      <con:transfers setNullOnMissingSource="true" transferTextContent="true" failOnError="true" ignoreEmpty="false" transferToAll="false" entitize="false" transferChildNodes="false">
        <con:name>indFirstName</con:name>
        <con:sourceType>indFirstname</con:sourceType>
        <con:sourceStep>Given properties for the test steps</con:sourceStep>
        <con:targetType>req_indFirstName</con:targetType>
        <con:targetStep>Add create user item with external id including space</con:targetStep>
        <con:upgraded>true</con:upgraded>
      </con:transfers>
      <con:transfers setNullOnMissingSource="true" transferTextContent="true" failOnError="true" ignoreEmpty="false" transferToAll="false" entitize="false" transferChildNodes="false">
        <con:name>indLastName</con:name>
        <con:sourceType>indLastname</con:sourceType>
        <con:sourceStep>Given properties for the test steps</con:sourceStep>
        <con:targetType>req_indLastName</con:targetType>
        <con:targetStep>Add create user item with external id including space</con:targetStep>
        <con:upgraded>true</con:upgraded>
      </con:transfers>
      <con:transfers setNullOnMissingSource="true" transferTextContent="true" failOnError="true" ignoreEmpty="false" transferToAll="false" entitize="false" transferChildNodes="false">
        <con:name>indName</con:name>
        <con:sourceType>indName</con:sourceType>
        <con:sourceStep>Given properties for the test steps</con:sourceStep>
        <con:targetType>req_indName</con:targetType>
        <con:targetStep>Add create user item with external id including space</con:targetStep>
        <con:upgraded>true</con:upgraded>
      </con:transfers>
      <con:transfers setNullOnMissingSource="true" transferTextContent="true" failOnError="true" ignoreEmpty="false" transferToAll="false" entitize="false" transferChildNodes="false">
        <con:name>forceToUseSession</con:name>
        <con:sourceType>false</con:sourceType>
        <con:sourceStep>Given properties for the test steps</con:sourceStep>
        <con:targetType>req_forceToUseSession</con:targetType>
        <con:targetStep>Add create user item with external id including space</con:targetStep>
        <con:upgraded>true</con:upgraded>
      </con:transfers>
    </con:config>
  </con:testStep>
  <con:testStep type="calltestcase" name="Add create user item with external id including space" id="1efdd8f9-30ca-4253-94ae-7415c895d82d">
    <con:settings/>
    <con:config xsi:type="con:RunTestCaseStep" xmlns:xsi="http://www.w3.org/2001/XMLSchema-instance">
      <con:targetTestCase>82436617-bc41-4ae8-a2b5-d31a80ed4e9b</con:targetTestCase>
      <con:properties>
        <con:property>
          <con:name>req_biId</con:name>
          <con:value>891</con:value>
        </con:property>
        <con:property>
          <con:name>req_name</con:name>
          <con:value>Roberto Baggio</con:value>
        </con:property>
        <con:property>
          <con:name>req_externalId</con:name>
          <con:value>robert.baggio ${=java.util.UUID.randomUUID()}</con:value>
        </con:property>
        <con:property>
          <con:name>req_userRoleSpecId</con:name>
          <con:value>56</con:value>
        </con:property>
        <con:property>
          <con:name>req_soRoleId</con:name>
          <con:value>58</con:value>
        </con:property>
        <con:property>
          <con:name>res_externalId</con:name>
          <con:value>robert.baggio 23a35b0f-94f9-47e6-bdb5-41184419d01e</con:value>
        </con:property>
        <con:property>
          <con:name>req_indFirstName</con:name>
          <con:value>Roberto</con:value>
        </con:property>
        <con:property>
          <con:name>req_indLastName</con:name>
          <con:value>Baggio</con:value>
        </con:property>
        <con:property>
          <con:name>req_indName</con:name>
          <con:value>Roberto Baggio</con:value>
        </con:property>
        <con:property>
          <con:name>res_id</con:name>
          <con:value xsi:nil="true"/>
        </con:property>
        <con:property>
          <con:name>res_code</con:name>
          <con:value>EXTERNAL_ID_SHOULD_NOT_CONTAIN_WHITESPACE</con:value>
        </con:property>
        <con:property>
          <con:name>res_errorMessage</con:name>
          <con:value>EXTERNAL_ID_SHOULD_NOT_CONTAIN_WHITESPACE</con:value>
        </con:property>
        <con:property>
          <con:name>req_forceToUseSession</con:name>
          <con:value>false</con:value>
        </con:property>
        <con:property>
          <con:name>res_httpCode</con:name>
          <con:value>400</con:value>
        </con:property>
        <con:property>
          <con:name>req_email</con:name>
        </con:property>
      </con:properties>
      <con:returnProperties>
        <con:entry>res_externalId</con:entry>
        <con:entry>res_id</con:entry>
        <con:entry>res_code</con:entry>
        <con:entry>res_errorMessage</con:entry>
        <con:entry>res_httpCode</con:entry>
      </con:returnProperties>
      <con:runMode>PARALLELL</con:runMode>
    </con:config>
  </con:testStep>
  <con:testStep type="assertionteststep" name="Assertion add create user item with external id including space" id="1e79524d-e974-40af-bf8c-de1bdf922113">
    <con:settings/>
    <con:config xsi:type="con:AssertionTestStep" xmlns:xsi="http://www.w3.org/2001/XMLSchema-instance">
      <con:entry>
        <con:id>4125e022-5cef-4c95-913d-6e855e97b1a1</con:id>
        <con:isGroup>false</con:isGroup>
        <con:sourceId>1efdd8f9-30ca-4253-94ae-7415c895d82d</con:sourceId>
        <con:propertyName>res_errorMessage</con:propertyName>
        <con:assertion type="Simple Equals" name="Equals" id="57e16800-e965-4a8c-b8d0-3d8a3937931a">
          <con:configuration>
            <patternObjectId>ed47999d-52cc-4556-b643-5a1394572e39</patternObjectId>
            <patternProperty>errorMessageSpace</patternProperty>
            <caseSensitive>true</caseSensitive>
          </con:configuration>
        </con:assertion>
      </con:entry>
    </con:config>
  </con:testStep>
  <con:testStep type="transfer" name="Set bi id to add item successfully" id="799df27c-4160-42cc-8cc9-2fb45739c3f9">
    <con:settings/>
    <con:config xsi:type="con:PropertyTransfersStep" xmlns:xsi="http://www.w3.org/2001/XMLSchema-instance">
      <con:transfers setNullOnMissingSource="true" transferTextContent="true" failOnError="true" ignoreEmpty="false" transferToAll="false" entitize="false" transferChildNodes="false">
        <con:name>biId</con:name>
        <con:sourceType>biId</con:sourceType>
        <con:sourceStep>Given properties for the test steps</con:sourceStep>
        <con:sourcePath/>
        <con:targetType>req_biId</con:targetType>
        <con:targetStep>Add item to bi successfully</con:targetStep>
        <con:targetPath/>
        <con:upgraded>true</con:upgraded>
      </con:transfers>
      <con:transfers setNullOnMissingSource="true" transferTextContent="true" failOnError="true" ignoreEmpty="false" transferToAll="false" entitize="false" transferChildNodes="false">
        <con:name>name</con:name>
        <con:sourceType>name</con:sourceType>
        <con:sourceStep>Given properties for the test steps</con:sourceStep>
        <con:targetType>req_name</con:targetType>
        <con:targetStep>Add item to bi successfully</con:targetStep>
        <con:upgraded>true</con:upgraded>
      </con:transfers>
      <con:transfers setNullOnMissingSource="true" transferTextContent="true" failOnError="true" ignoreEmpty="false" transferToAll="false" entitize="false" transferChildNodes="false">
        <con:name>externalId</con:name>
        <con:sourceType>userExternalId</con:sourceType>
        <con:sourceStep>Given properties for the test steps</con:sourceStep>
        <con:targetType>req_externalId</con:targetType>
        <con:targetStep>Add item to bi successfully</con:targetStep>
        <con:upgraded>true</con:upgraded>
      </con:transfers>
      <con:transfers setNullOnMissingSource="true" transferTextContent="true" failOnError="true" ignoreEmpty="false" transferToAll="false" entitize="false" transferChildNodes="false">
        <con:name>userRoleSpecId</con:name>
        <con:sourceType>res_id</con:sourceType>
        <con:sourceStep>Create user role specification</con:sourceStep>
        <con:targetType>req_userRoleSpecId</con:targetType>
        <con:targetStep>Add item to bi successfully</con:targetStep>
        <con:upgraded>true</con:upgraded>
      </con:transfers>
      <con:transfers setNullOnMissingSource="true" transferTextContent="true" failOnError="true" ignoreEmpty="false" transferToAll="false" entitize="false" transferChildNodes="false">
        <con:name>soRoleId</con:name>
        <con:sourceType>soId</con:sourceType>
        <con:sourceStep>Given properties for the test steps</con:sourceStep>
        <con:targetType>req_soRoleId</con:targetType>
        <con:targetStep>Add item to bi successfully</con:targetStep>
        <con:upgraded>true</con:upgraded>
      </con:transfers>
      <con:transfers setNullOnMissingSource="true" transferTextContent="true" failOnError="true" ignoreEmpty="false" transferToAll="false" entitize="false" transferChildNodes="false">
        <con:name>forceToUseSession</con:name>
        <con:sourceType>false</con:sourceType>
        <con:sourceStep>Given properties for the test steps</con:sourceStep>
        <con:targetType>req_forceToUseSession</con:targetType>
        <con:targetStep>Add item to bi successfully</con:targetStep>
        <con:upgraded>true</con:upgraded>
      </con:transfers>
      <con:transfers setNullOnMissingSource="true" transferTextContent="true" failOnError="true" ignoreEmpty="false" transferToAll="false" entitize="false" transferChildNodes="false">
        <con:name>indFirstname</con:name>
        <con:sourceType>indFirstname</con:sourceType>
        <con:sourceStep>Given properties for the test steps</con:sourceStep>
        <con:targetType>req_indFirstName</con:targetType>
        <con:targetStep>Add item to bi successfully</con:targetStep>
        <con:upgraded>true</con:upgraded>
      </con:transfers>
      <con:transfers setNullOnMissingSource="true" transferTextContent="true" failOnError="true" ignoreEmpty="false" transferToAll="false" entitize="false" transferChildNodes="false">
        <con:name>indLastname</con:name>
        <con:sourceType>indLastname</con:sourceType>
        <con:sourceStep>Given properties for the test steps</con:sourceStep>
        <con:targetType>req_indLastName</con:targetType>
        <con:targetStep>Add item to bi successfully</con:targetStep>
        <con:upgraded>true</con:upgraded>
      </con:transfers>
      <con:transfers setNullOnMissingSource="true" transferTextContent="true" failOnError="true" ignoreEmpty="false" transferToAll="false" entitize="false" transferChildNodes="false">
        <con:name>indName</con:name>
        <con:sourceType>indName</con:sourceType>
        <con:sourceStep>Given properties for the test steps</con:sourceStep>
        <con:targetType>req_indName</con:targetType>
        <con:targetStep>Add item to bi successfully</con:targetStep>
        <con:upgraded>true</con:upgraded>
      </con:transfers>
    </con:config>
  </con:testStep>
  <con:testStep type="calltestcase" name="Add item to bi successfully" id="1b143a97-27a4-403c-ab16-4fa347971a98">
    <con:settings/>
    <con:config xsi:type="con:RunTestCaseStep" xmlns:xsi="http://www.w3.org/2001/XMLSchema-instance">
      <con:targetTestCase>82436617-bc41-4ae8-a2b5-d31a80ed4e9b</con:targetTestCase>
      <con:properties>
        <con:property>
          <con:name>req_biId</con:name>
          <con:value>891</con:value>
        </con:property>
        <con:property>
          <con:name>req_name</con:name>
          <con:value>Roberto Baggio</con:value>
        </con:property>
        <con:property>
          <con:name>req_externalId</con:name>
          <con:value>robert.baggio${=java.util.UUID.randomUUID()}</con:value>
        </con:property>
        <con:property>
          <con:name>req_userRoleSpecId</con:name>
          <con:value>56</con:value>
        </con:property>
        <con:property>
          <con:name>req_soRoleId</con:name>
          <con:value>58</con:value>
        </con:property>
        <con:property>
          <con:name>req_indFirstName</con:name>
          <con:value>Roberto</con:value>
        </con:property>
        <con:property>
          <con:name>req_indLastName</con:name>
          <con:value>Baggio</con:value>
        </con:property>
        <con:property>
          <con:name>req_indName</con:name>
          <con:value>Roberto Baggio</con:value>
        </con:property>
        <con:property>
          <con:name>res_id</con:name>
          <con:value>305</con:value>
        </con:property>
        <con:property>
          <con:name>res_code</con:name>
          <con:value xsi:nil="true"/>
        </con:property>
        <con:property>
          <con:name>res_errorMessage</con:name>
          <con:value xsi:nil="true"/>
        </con:property>
        <con:property>
          <con:name>req_forceToUseSession</con:name>
          <con:value>false</con:value>
        </con:property>
        <con:property>
          <con:name>res_externalId</con:name>
          <con:value>robert.baggio57288bab-d387-448f-bb21-7e7d9577d947</con:value>
        </con:property>
        <con:property>
          <con:name>res_httpCode</con:name>
          <con:value>201</con:value>
        </con:property>
        <con:property>
          <con:name>req_email</con:name>
        </con:property>
      </con:properties>
      <con:returnProperties>
        <con:entry>res_externalId</con:entry>
        <con:entry>res_id</con:entry>
        <con:entry>res_code</con:entry>
        <con:entry>res_errorMessage</con:entry>
        <con:entry>res_httpCode</con:entry>
      </con:returnProperties>
      <con:runMode>PARALLELL</con:runMode>
    </con:config>
  </con:testStep>
  <con:testStep type="assertionteststep" name="Assert bi item is added successfully 2" id="e96171ab-6415-4f4d-a83e-cb7a6be95cf3">
    <con:settings/>
    <con:config xsi:type="con:AssertionTestStep" xmlns:xsi="http://www.w3.org/2001/XMLSchema-instance">
      <con:entry>
        <con:id>cc9ef465-793a-4ea9-83a7-94fc208b9087</con:id>
        <con:isGroup>false</con:isGroup>
        <con:sourceId>1b143a97-27a4-403c-ab16-4fa347971a98</con:sourceId>
        <con:propertyName>res_id</con:propertyName>
        <con:assertion type="Simple Contains" name="Contains" id="61235df8-d9b6-45ea-8a63-8d7ba39d7022">
          <con:configuration>
            <token>\d+</token>
            <ignoreCase>false</ignoreCase>
            <useRegEx>true</useRegEx>
          </con:configuration>
        </con:assertion>
      </con:entry>
      <con:entry>
        <con:id>ad406108-5051-46b8-b64a-3a3427ccd9db</con:id>
        <con:isGroup>false</con:isGroup>
        <con:sourceId>1b143a97-27a4-403c-ab16-4fa347971a98</con:sourceId>
        <con:propertyName>res_httpCode</con:propertyName>
        <con:assertion type="Simple Equals" name="Equals" id="23df8563-c0af-432d-aeef-e99792c99fa5">
          <con:configuration>
            <patternObjectId>ed47999d-52cc-4556-b643-5a1394572e39</patternObjectId>
            <patternProperty>httpCode201</patternProperty>
            <caseSensitive>true</caseSensitive>
          </con:configuration>
        </con:assertion>
      </con:entry>
    </con:config>
  </con:testStep>
  <con:testStep type="transfer" name="Set bi id to add another item" id="dfed45b5-4b44-45ac-b957-987b930b7e04">
    <con:settings/>
    <con:config xsi:type="con:PropertyTransfersStep" xmlns:xsi="http://www.w3.org/2001/XMLSchema-instance">
      <con:transfers setNullOnMissingSource="true" transferTextContent="true" failOnError="true" ignoreEmpty="false" transferToAll="false" entitize="false" transferChildNodes="false">
        <con:name>biId</con:name>
        <con:sourceType>biId</con:sourceType>
        <con:sourceStep>Given properties for the test steps</con:sourceStep>
        <con:sourcePath/>
        <con:targetType>req_biId</con:targetType>
        <con:targetStep>Add another item</con:targetStep>
        <con:targetPath/>
        <con:upgraded>true</con:upgraded>
      </con:transfers>
      <con:transfers setNullOnMissingSource="true" transferTextContent="true" failOnError="true" ignoreEmpty="false" transferToAll="false" entitize="false" transferChildNodes="false">
        <con:name>name</con:name>
        <con:sourceType>name</con:sourceType>
        <con:sourceStep>Given properties for the test steps</con:sourceStep>
        <con:targetType>req_name</con:targetType>
        <con:targetStep>Add another item</con:targetStep>
        <con:upgraded>true</con:upgraded>
      </con:transfers>
      <con:transfers setNullOnMissingSource="true" transferTextContent="true" failOnError="true" ignoreEmpty="false" transferToAll="false" entitize="false" transferChildNodes="false">
        <con:name>externalId</con:name>
        <con:sourceType>userExternalId</con:sourceType>
        <con:sourceStep>Given properties for the test steps</con:sourceStep>
        <con:targetType>req_externalId</con:targetType>
        <con:targetStep>Add another item</con:targetStep>
        <con:upgraded>true</con:upgraded>
      </con:transfers>
      <con:transfers setNullOnMissingSource="true" transferTextContent="true" failOnError="true" ignoreEmpty="false" transferToAll="false" entitize="false" transferChildNodes="false">
        <con:name>userRoleSpecId</con:name>
        <con:sourceType>res_id</con:sourceType>
        <con:sourceStep>Create user role specification</con:sourceStep>
        <con:targetType>req_userRoleSpecId</con:targetType>
        <con:targetStep>Add another item</con:targetStep>
        <con:upgraded>true</con:upgraded>
      </con:transfers>
      <con:transfers setNullOnMissingSource="true" transferTextContent="true" failOnError="true" ignoreEmpty="false" transferToAll="false" entitize="false" transferChildNodes="false">
        <con:name>soRoleId</con:name>
        <con:sourceType>soId</con:sourceType>
        <con:sourceStep>Given properties for the test steps</con:sourceStep>
        <con:targetType>req_soRoleId</con:targetType>
        <con:targetStep>Add another item</con:targetStep>
        <con:upgraded>true</con:upgraded>
      </con:transfers>
      <con:transfers setNullOnMissingSource="true" transferTextContent="true" failOnError="true" ignoreEmpty="false" transferToAll="false" entitize="false" transferChildNodes="false">
        <con:name>forceToUseSession</con:name>
        <con:sourceType>false</con:sourceType>
        <con:sourceStep>Given properties for the test steps</con:sourceStep>
        <con:targetType>req_forceToUseSession</con:targetType>
        <con:targetStep>Add another item</con:targetStep>
        <con:upgraded>true</con:upgraded>
      </con:transfers>
      <con:transfers setNullOnMissingSource="true" transferTextContent="true" failOnError="true" ignoreEmpty="false" transferToAll="false" entitize="false" transferChildNodes="false">
        <con:name>indFirstname</con:name>
        <con:sourceType>indFirstname</con:sourceType>
        <con:sourceStep>Given properties for the test steps</con:sourceStep>
        <con:targetType>req_indFirstName</con:targetType>
        <con:targetStep>Add another item</con:targetStep>
        <con:upgraded>true</con:upgraded>
      </con:transfers>
      <con:transfers setNullOnMissingSource="true" transferTextContent="true" failOnError="true" ignoreEmpty="false" transferToAll="false" entitize="false" transferChildNodes="false">
        <con:name>indLastname</con:name>
        <con:sourceType>indLastname</con:sourceType>
        <con:sourceStep>Given properties for the test steps</con:sourceStep>
        <con:targetType>req_indLastName</con:targetType>
        <con:targetStep>Add another item</con:targetStep>
        <con:upgraded>true</con:upgraded>
      </con:transfers>
      <con:transfers setNullOnMissingSource="true" transferTextContent="true" failOnError="true" ignoreEmpty="false" transferToAll="false" entitize="false" transferChildNodes="false">
        <con:name>indName</con:name>
        <con:sourceType>indName</con:sourceType>
        <con:sourceStep>Given properties for the test steps</con:sourceStep>
        <con:targetType>req_indName</con:targetType>
        <con:targetStep>Add another item</con:targetStep>
        <con:upgraded>true</con:upgraded>
      </con:transfers>
    </con:config>
  </con:testStep>
  <con:testStep type="calltestcase" name="Add another item" id="b1229a4e-3fee-4e6f-8e17-0eef4985abd0">
    <con:settings/>
    <con:config xsi:type="con:RunTestCaseStep" xmlns:xsi="http://www.w3.org/2001/XMLSchema-instance">
      <con:targetTestCase>82436617-bc41-4ae8-a2b5-d31a80ed4e9b</con:targetTestCase>
      <con:properties>
        <con:property>
          <con:name>req_biId</con:name>
          <con:value>891</con:value>
        </con:property>
        <con:property>
          <con:name>req_name</con:name>
          <con:value>Roberto Baggio</con:value>
        </con:property>
        <con:property>
          <con:name>req_externalId</con:name>
          <con:value>robert.baggio${=java.util.UUID.randomUUID()}</con:value>
        </con:property>
        <con:property>
          <con:name>req_userRoleSpecId</con:name>
          <con:value>56</con:value>
        </con:property>
        <con:property>
          <con:name>req_soRoleId</con:name>
          <con:value>58</con:value>
        </con:property>
        <con:property>
          <con:name>req_indFirstName</con:name>
          <con:value>Roberto</con:value>
        </con:property>
        <con:property>
          <con:name>req_indLastName</con:name>
          <con:value>Baggio</con:value>
        </con:property>
        <con:property>
          <con:name>req_indName</con:name>
          <con:value>Roberto Baggio</con:value>
        </con:property>
        <con:property>
          <con:name>res_id</con:name>
          <con:value>306</con:value>
        </con:property>
        <con:property>
          <con:name>res_code</con:name>
          <con:value xsi:nil="true"/>
        </con:property>
        <con:property>
          <con:name>res_errorMessage</con:name>
          <con:value xsi:nil="true"/>
        </con:property>
        <con:property>
          <con:name>req_forceToUseSession</con:name>
          <con:value>false</con:value>
        </con:property>
        <con:property>
          <con:name>res_externalId</con:name>
          <con:value>robert.baggio9c67ee0f-883a-4714-b0f2-b7983c3d7892</con:value>
        </con:property>
        <con:property>
          <con:name>res_httpCode</con:name>
          <con:value>201</con:value>
        </con:property>
        <con:property>
          <con:name>req_email</con:name>
        </con:property>
      </con:properties>
      <con:returnProperties>
        <con:entry>res_externalId</con:entry>
        <con:entry>res_id</con:entry>
        <con:entry>res_code</con:entry>
        <con:entry>res_errorMessage</con:entry>
        <con:entry>res_httpCode</con:entry>
      </con:returnProperties>
      <con:runMode>PARALLELL</con:runMode>
    </con:config>
  </con:testStep>
  <con:testStep type="assertionteststep" name="Assert another bi item is added" id="26e532df-2007-416d-9780-c2d93ed94f87">
    <con:settings/>
    <con:config xsi:type="con:AssertionTestStep" xmlns:xsi="http://www.w3.org/2001/XMLSchema-instance">
      <con:entry>
        <con:id>29d1c884-4204-49e2-b057-c62a2a0ba4e0</con:id>
        <con:isGroup>false</con:isGroup>
        <con:sourceId>b1229a4e-3fee-4e6f-8e17-0eef4985abd0</con:sourceId>
        <con:propertyName>res_id</con:propertyName>
        <con:assertion type="Simple Contains" name="Contains" id="d3ea40c5-5d23-430a-9cc3-9ba2f04af7cd">
          <con:configuration>
            <token>\d+</token>
            <ignoreCase>false</ignoreCase>
            <useRegEx>true</useRegEx>
          </con:configuration>
        </con:assertion>
      </con:entry>
      <con:entry>
        <con:id>4ba270df-eb3f-435a-bb71-a911a187435d</con:id>
        <con:isGroup>false</con:isGroup>
        <con:sourceId>b1229a4e-3fee-4e6f-8e17-0eef4985abd0</con:sourceId>
        <con:propertyName>res_httpCode</con:propertyName>
        <con:assertion type="Simple Equals" name="Equals" id="bda3fa57-2ace-447f-b864-cd7758c2b1d4">
          <con:configuration>
            <patternObjectId>ed47999d-52cc-4556-b643-5a1394572e39</patternObjectId>
            <patternProperty>httpCode201</patternProperty>
            <caseSensitive>true</caseSensitive>
          </con:configuration>
        </con:assertion>
      </con:entry>
    </con:config>
  </con:testStep>
  <con:testStep type="transfer" name="Set display nonexisting add user item" id="b6016974-027e-4aee-9205-4085f9f42121">
    <con:settings/>
    <con:config xsi:type="con:PropertyTransfersStep" xmlns:xsi="http://www.w3.org/2001/XMLSchema-instance">
      <con:transfers setNullOnMissingSource="true" transferTextContent="true" failOnError="true" ignoreEmpty="false" transferToAll="false" entitize="false" transferChildNodes="false">
        <con:name>biId</con:name>
        <con:sourceType>biId</con:sourceType>
        <con:sourceStep>Given properties for the test steps</con:sourceStep>
        <con:sourcePath/>
        <con:targetType>req_biId</con:targetType>
        <con:targetStep>Display nonexisting add user item</con:targetStep>
        <con:targetPath/>
        <con:upgraded>true</con:upgraded>
      </con:transfers>
      <con:transfers setNullOnMissingSource="true" transferTextContent="true" failOnError="true" ignoreEmpty="false" transferToAll="false" entitize="false" transferChildNodes="false">
        <con:name>itemId</con:name>
        <con:sourceType>notExistId</con:sourceType>
        <con:sourceStep>Given properties for the test steps</con:sourceStep>
        <con:targetType>req_itemId</con:targetType>
        <con:targetStep>Display nonexisting add user item</con:targetStep>
        <con:upgraded>true</con:upgraded>
      </con:transfers>
    </con:config>
  </con:testStep>
  <con:testStep type="calltestcase" name="Display nonexisting add user item" id="6a1d8f95-1c13-4b5e-b74b-ecd4199349b3">
    <con:settings/>
    <con:config xsi:type="con:RunTestCaseStep" xmlns:xsi="http://www.w3.org/2001/XMLSchema-instance">
      <con:targetTestCase>aa1676b3-b989-4f39-9536-13a6a5ecd26c</con:targetTestCase>
      <con:properties>
        <con:property>
          <con:name>response</con:name>
          <con:value>{"code":"404","description":"HTTP 404 Not Found","errorDetails":"HTTP 404 Not Found","errorMessage":"404","httpStatusCode":"404","httpStatusCodeDescription":"HTTP 404 Not Found"}</con:value>
        </con:property>
        <con:property>
          <con:name>res_code</con:name>
          <con:value>404</con:value>
        </con:property>
        <con:property>
          <con:name>res_errorMessage</con:name>
          <con:value>404</con:value>
        </con:property>
        <con:property>
          <con:name>req_biId</con:name>
          <con:value>891</con:value>
        </con:property>
        <con:property>
          <con:name>res_httpCode</con:name>
          <con:value>404</con:value>
        </con:property>
        <con:property>
          <con:name>req_itemId</con:name>
          <con:value>-1</con:value>
        </con:property>
        <con:property>
          <con:name>res_itemId</con:name>
          <con:value xsi:nil="true"/>
        </con:property>
      </con:properties>
      <con:returnProperties>
        <con:entry>response</con:entry>
        <con:entry>res_code</con:entry>
        <con:entry>res_errorMessage</con:entry>
        <con:entry>res_httpCode</con:entry>
        <con:entry>res_itemId</con:entry>
      </con:returnProperties>
      <con:runMode>PARALLELL</con:runMode>
    </con:config>
  </con:testStep>
  <con:testStep type="assertionteststep" name="Assertion display nonexisting add user item" id="6d7b0253-03ff-45da-8c23-35262742cda5">
    <con:settings/>
    <con:config xsi:type="con:AssertionTestStep" xmlns:xsi="http://www.w3.org/2001/XMLSchema-instance">
      <con:entry>
        <con:id>bd188d15-d430-4e81-804f-48c105cf0030</con:id>
        <con:isGroup>false</con:isGroup>
        <con:sourceId>6a1d8f95-1c13-4b5e-b74b-ecd4199349b3</con:sourceId>
        <con:propertyName>res_httpCode</con:propertyName>
        <con:assertion type="Simple Equals" name="Equals" id="9b516a9b-609d-4b0c-bd48-6a1e3bc56d80">
          <con:configuration>
            <patternObjectId>ed47999d-52cc-4556-b643-5a1394572e39</patternObjectId>
            <patternProperty>httpCode404</patternProperty>
            <caseSensitive>true</caseSensitive>
          </con:configuration>
        </con:assertion>
      </con:entry>
    </con:config>
  </con:testStep>
  <con:testStep type="transfer" name="Set display add user item" id="3b34f6b0-5a0f-4ae4-97dc-2e680d8e0a70">
    <con:settings/>
    <con:config xsi:type="con:PropertyTransfersStep" xmlns:xsi="http://www.w3.org/2001/XMLSchema-instance">
      <con:transfers setNullOnMissingSource="true" transferTextContent="true" failOnError="true" ignoreEmpty="false" transferToAll="false" entitize="false" transferChildNodes="false">
        <con:name>itemId</con:name>
        <con:sourceType>res_id</con:sourceType>
        <con:sourceStep>Add another item</con:sourceStep>
        <con:sourcePath/>
        <con:targetType>req_itemId</con:targetType>
        <con:targetStep>Display add user item</con:targetStep>
        <con:targetPath/>
        <con:upgraded>true</con:upgraded>
      </con:transfers>
      <con:transfers setNullOnMissingSource="true" transferTextContent="true" failOnError="true" ignoreEmpty="false" transferToAll="false" entitize="false" transferChildNodes="false">
        <con:name>biId</con:name>
        <con:sourceType>biId</con:sourceType>
        <con:sourceStep>Given properties for the test steps</con:sourceStep>
        <con:targetType>req_biId</con:targetType>
        <con:targetStep>Display add user item</con:targetStep>
        <con:upgraded>true</con:upgraded>
      </con:transfers>
    </con:config>
  </con:testStep>
  <con:testStep type="calltestcase" name="Display add user item" id="38c73192-a0b9-463c-8620-fc53e60b261a">
    <con:settings/>
    <con:config xsi:type="con:RunTestCaseStep" xmlns:xsi="http://www.w3.org/2001/XMLSchema-instance">
      <con:targetTestCase>aa1676b3-b989-4f39-9536-13a6a5ecd26c</con:targetTestCase>
      <con:properties>
        <con:property>
          <con:name>response</con:name>
          <con:value>{"externalId":"robert.baggio9c67ee0f-883a-4714-b0f2-b7983c3d7892","party":{"firstName":"Roberto","lastName":"Baggio","name":"Roberto Baggio"},"forceToUseSession":false,"userRoleSpecification":{"name":"usr-role-spec-6e95dd6f-3344-4e8d-8482-82009f536124","id":"56"},"id":"306"}</con:value>
        </con:property>
        <con:property>
          <con:name>res_code</con:name>
          <con:value xsi:nil="true"/>
        </con:property>
        <con:property>
          <con:name>res_errorMessage</con:name>
          <con:value xsi:nil="true"/>
        </con:property>
        <con:property>
          <con:name>req_biId</con:name>
          <con:value>891</con:value>
        </con:property>
        <con:property>
          <con:name>res_httpCode</con:name>
          <con:value>200</con:value>
        </con:property>
        <con:property>
          <con:name>req_itemId</con:name>
          <con:value>306</con:value>
        </con:property>
        <con:property>
          <con:name>res_itemId</con:name>
          <con:value>306</con:value>
        </con:property>
      </con:properties>
      <con:returnProperties>
        <con:entry>response</con:entry>
        <con:entry>res_code</con:entry>
        <con:entry>res_errorMessage</con:entry>
        <con:entry>res_httpCode</con:entry>
        <con:entry>res_itemId</con:entry>
      </con:returnProperties>
      <con:runMode>PARALLELL</con:runMode>
    </con:config>
  </con:testStep>
  <con:testStep type="assertionteststep" name="Assertion display add user item" id="6c44fff9-f10f-4193-b271-e0f1357ce46c">
    <con:settings/>
    <con:config xsi:type="con:AssertionTestStep" xmlns:xsi="http://www.w3.org/2001/XMLSchema-instance">
      <con:entry>
        <con:id>3b6282e7-e233-4bac-923c-a138f75dd12e</con:id>
        <con:isGroup>false</con:isGroup>
        <con:sourceId>38c73192-a0b9-463c-8620-fc53e60b261a</con:sourceId>
        <con:propertyName>res_httpCode</con:propertyName>
        <con:assertion type="Simple Equals" name="Equals" id="60499306-0743-4918-95f6-a0b561a2d5a2">
          <con:configuration>
            <patternObjectId>ed47999d-52cc-4556-b643-5a1394572e39</patternObjectId>
            <patternProperty>httpCode200</patternProperty>
            <caseSensitive>true</caseSensitive>
          </con:configuration>
        </con:assertion>
      </con:entry>
      <con:entry>
        <con:id>a9b4452e-e505-4cbe-b3ac-a07c163ac65b</con:id>
        <con:isGroup>false</con:isGroup>
        <con:sourceId>38c73192-a0b9-463c-8620-fc53e60b261a</con:sourceId>
        <con:propertyName>res_itemId</con:propertyName>
        <con:assertion type="Simple Equals" name="Equals 2" id="c7c6a713-8738-42df-aa72-6aa2d301be6d">
          <con:configuration>
            <patternObjectId>b1229a4e-3fee-4e6f-8e17-0eef4985abd0</patternObjectId>
            <patternProperty>res_id</patternProperty>
            <caseSensitive>true</caseSensitive>
          </con:configuration>
        </con:assertion>
      </con:entry>
    </con:config>
  </con:testStep>
  <con:testStep type="transfer" name="Set retrieve all items of a create user bi" id="78c7a0b9-d094-4e77-8877-fe086ba12243">
    <con:settings/>
    <con:config xsi:type="con:PropertyTransfersStep" xmlns:xsi="http://www.w3.org/2001/XMLSchema-instance">
      <con:transfers setNullOnMissingSource="true" transferTextContent="true" failOnError="true" ignoreEmpty="false" transferToAll="false" entitize="false" transferChildNodes="false">
        <con:name>biId</con:name>
        <con:sourceType>biId</con:sourceType>
        <con:sourceStep>Given properties for the test steps</con:sourceStep>
        <con:sourcePath/>
        <con:targetType>req_biId</con:targetType>
        <con:targetStep>Retrieve all items of a create user bi</con:targetStep>
        <con:targetPath/>
        <con:upgraded>true</con:upgraded>
      </con:transfers>
    </con:config>
  </con:testStep>
  <con:testStep type="calltestcase" name="Retrieve all items of a create user bi" id="bd93674e-b31a-4cda-afbf-5b59ec05335a">
    <con:settings/>
    <con:config xsi:type="con:RunTestCaseStep" xmlns:xsi="http://www.w3.org/2001/XMLSchema-instance">
      <con:targetTestCase>8cd498db-a877-4fcc-86de-3fef501c8803</con:targetTestCase>
      <con:properties>
        <con:property>
          <con:name>response</con:name>
          <con:value>[{"externalId":"robert.baggio57288bab-d387-448f-bb21-7e7d9577d947","party":{"firstName":"Roberto","lastName":"Baggio","name":"Roberto Baggio"},"forceToUseSession":false,"userRoleSpecification":{"name":"usr-role-spec-6e95dd6f-3344-4e8d-8482-82009f536124","id":"56"},"id":"305"},{"externalId":"robert.baggio9c67ee0f-883a-4714-b0f2-b7983c3d7892","party":{"firstName":"Roberto","lastName":"Baggio","name":"Roberto Baggio"},"forceToUseSession":false,"userRoleSpecification":{"name":"usr-role-spec-6e95dd6f-3344-4e8d-8482-82009f536124","id":"56"},"id":"306"}]</con:value>
        </con:property>
        <con:property>
          <con:name>res_code</con:name>
          <con:value xsi:nil="true"/>
        </con:property>
        <con:property>
          <con:name>res_errorMessage</con:name>
          <con:value xsi:nil="true"/>
        </con:property>
        <con:property>
          <con:name>req_biId</con:name>
          <con:value>891</con:value>
        </con:property>
        <con:property>
          <con:name>res_httpCode</con:name>
          <con:value>200</con:value>
        </con:property>
      </con:properties>
      <con:returnProperties>
        <con:entry>response</con:entry>
        <con:entry>res_code</con:entry>
        <con:entry>res_errorMessage</con:entry>
        <con:entry>res_httpCode</con:entry>
      </con:returnProperties>
      <con:runMode>PARALLELL</con:runMode>
    </con:config>
  </con:testStep>
  <con:testStep type="assertionteststep" name="Assertion retrieve all items of a create user bi" id="f9a9f134-2c72-4b9d-b28e-b237230ac936">
    <con:settings/>
    <con:config xsi:type="con:AssertionTestStep" xmlns:xsi="http://www.w3.org/2001/XMLSchema-instance">
      <con:entry>
        <con:id>2a302ceb-b0f9-4352-8688-020dfc9c232d</con:id>
        <con:isGroup>false</con:isGroup>
        <con:sourceId>bd93674e-b31a-4cda-afbf-5b59ec05335a</con:sourceId>
        <con:propertyName>response</con:propertyName>
        <con:assertion type="Simple Contains" name="Contains" id="eb4bb053-4699-4100-9c86-1a94f9d0d1e4">
          <con:configuration>
            <token>\w+</token>
            <ignoreCase>false</ignoreCase>
            <useRegEx>true</useRegEx>
          </con:configuration>
        </con:assertion>
      </con:entry>
      <con:entry>
        <con:id>e8d95fc7-745a-4766-adc9-c7b90707cf20</con:id>
        <con:isGroup>false</con:isGroup>
        <con:sourceId>bd93674e-b31a-4cda-afbf-5b59ec05335a</con:sourceId>
        <con:propertyName>res_httpCode</con:propertyName>
        <con:assertion type="Simple Equals" name="Equals" id="c0ca3148-0f35-454b-be59-8195037bb2d5">
          <con:configuration>
            <patternObjectId>ed47999d-52cc-4556-b643-5a1394572e39</patternObjectId>
            <patternProperty>httpCode200</patternProperty>
            <caseSensitive>true</caseSensitive>
          </con:configuration>
        </con:assertion>
      </con:entry>
    </con:config>
  </con:testStep>
  <con:testStep type="transfer" name="Set bi to submit successfully" id="ca45a3fd-7b09-40eb-939b-80e150d05344">
    <con:settings/>
    <con:config xsi:type="con:PropertyTransfersStep" xmlns:xsi="http://www.w3.org/2001/XMLSchema-instance">
      <con:transfers setNullOnMissingSource="true" transferTextContent="true" failOnError="true" ignoreEmpty="false" transferToAll="false" entitize="false" transferChildNodes="false">
        <con:name>biId</con:name>
        <con:sourceType>biId</con:sourceType>
        <con:sourceStep>Given properties for the test steps</con:sourceStep>
        <con:sourcePath/>
        <con:targetType>req_biId</con:targetType>
        <con:targetStep>Submit bi without problem</con:targetStep>
        <con:targetPath/>
        <con:upgraded>true</con:upgraded>
      </con:transfers>
    </con:config>
  </con:testStep>
  <con:testStep type="calltestcase" name="Submit bi without problem" id="36c060a2-0b50-4401-bb87-979de6f15171">
    <con:settings/>
    <con:config xsi:type="con:RunTestCaseStep" xmlns:xsi="http://www.w3.org/2001/XMLSchema-instance">
      <con:targetTestCase>eec8880b-6bd0-46a9-8545-851a3d5ea4ac</con:targetTestCase>
      <con:properties>
        <con:property>
          <con:name>req_biId</con:name>
          <con:value>891</con:value>
        </con:property>
        <con:property>
          <con:name>res_biId</con:name>
          <con:value>891</con:value>
        </con:property>
        <con:property>
          <con:name>res_code</con:name>
          <con:value xsi:nil="true"/>
        </con:property>
        <con:property>
          <con:name>res_errorMessage</con:name>
          <con:value xsi:nil="true"/>
        </con:property>
        <con:property>
          <con:name>res_httpCode</con:name>
          <con:value>200</con:value>
        </con:property>
      </con:properties>
      <con:returnProperties>
        <con:entry>res_biId</con:entry>
        <con:entry>res_code</con:entry>
        <con:entry>res_errorMessage</con:entry>
        <con:entry>res_httpCode</con:entry>
      </con:returnProperties>
      <con:runMode>PARALLELL</con:runMode>
    </con:config>
  </con:testStep>
  <con:testStep type="assertionteststep" name="Assert bi is submitted successfully" id="17c5af88-285a-4f55-8b86-5ebac226b75a">
    <con:settings/>
    <con:config xsi:type="con:AssertionTestStep" xmlns:xsi="http://www.w3.org/2001/XMLSchema-instance">
      <con:entry>
        <con:id>d65abd5d-8f51-4351-8d24-2fcd11cbd4b5</con:id>
        <con:isGroup>false</con:isGroup>
        <con:sourceId>36c060a2-0b50-4401-bb87-979de6f15171</con:sourceId>
        <con:propertyName>res_errorMessage</con:propertyName>
        <con:assertion type="Simple Contains" name="Contains" id="99a15eda-67fa-4d63-b546-ea95fcdc3dd2">
          <con:configuration>
            <token>^\s*$</token>
            <ignoreCase>false</ignoreCase>
            <useRegEx>true</useRegEx>
          </con:configuration>
        </con:assertion>
      </con:entry>
      <con:entry>
        <con:id>f3cad2f5-49c4-48e8-8e28-b97abf5735bf</con:id>
        <con:isGroup>false</con:isGroup>
        <con:sourceId>36c060a2-0b50-4401-bb87-979de6f15171</con:sourceId>
        <con:propertyName>res_httpCode</con:propertyName>
        <con:assertion type="Simple Equals" name="Equals" id="a37048e7-9f6b-4bae-b6c2-64ecc40deea4">
          <con:configuration>
            <patternObjectId>ed47999d-52cc-4556-b643-5a1394572e39</patternObjectId>
            <patternProperty>httpCode200</patternProperty>
            <caseSensitive>true</caseSensitive>
          </con:configuration>
        </con:assertion>
      </con:entry>
    </con:config>
  </con:testStep>
  <con:testStep type="datagen" name="DataGen for checking description" id="9793442e-2432-4dc1-a5f9-cc257a268ff7">
    <con:settings/>
    <con:config xsi:type="con:DataGeneratorStep" xmlns:xsi="http://www.w3.org/2001/XMLSchema-instance">
      <con:property type="Script">
        <con:configuration>
          <script>def code = context.expand( '${Submit bi without problem#res_biId}' ).toString();
return 'USR-'+code;</script>
        </con:configuration>
        <con:name>code</con:name>
        <con:mode>STEP</con:mode>
        <con:shared>false</con:shared>
      </con:property>
      <con:property type="Script">
        <con:configuration>
          <script>def desc = context.expand( '${Create sales organization, user, inventory and terminal#res_soExtId}' ).toString();
return 'User is created by name-'+desc;</script>
        </con:configuration>
        <con:name>description</con:name>
        <con:mode>STEP</con:mode>
        <con:shared>false</con:shared>
      </con:property>
    </con:config>
  </con:testStep>
  <con:testStep type="transfer" name="Property Transfer for get user create BI for desc control" id="dbe864ac-abb9-4cd6-8289-2a3d08638106">
    <con:settings/>
    <con:config xsi:type="con:PropertyTransfersStep" xmlns:xsi="http://www.w3.org/2001/XMLSchema-instance">
      <con:transfers setNullOnMissingSource="true" transferTextContent="true" failOnError="true" ignoreEmpty="false" transferToAll="false" entitize="false" transferChildNodes="false">
        <con:name>biId</con:name>
        <con:sourceType>res_biId</con:sourceType>
        <con:sourceStep>Submit bi without problem</con:sourceStep>
        <con:sourcePath/>
        <con:targetType>req_biId</con:targetType>
        <con:targetStep>Get user create BI for desc control</con:targetStep>
        <con:targetPath/>
        <con:upgraded>true</con:upgraded>
      </con:transfers>
    </con:config>
  </con:testStep>
  <con:testStep type="calltestcase" name="Get user create BI for desc control" id="02193d73-11aa-43c0-995f-d9b5f9c55c01">
    <con:settings/>
    <con:config xsi:type="con:RunTestCaseStep" xmlns:xsi="http://www.w3.org/2001/XMLSchema-instance">
      <con:targetTestCase>46001d9d-b7c8-4ccc-91d4-ee9ad8916215</con:targetTestCase>
      <con:properties>
        <con:property>
          <con:name>req_biId</con:name>
          <con:value>891</con:value>
        </con:property>
        <con:property>
          <con:name>res_biId</con:name>
          <con:value>891</con:value>
        </con:property>
        <con:property>
          <con:name>res_code</con:name>
          <con:value>USR-891</con:value>
        </con:property>
        <con:property>
          <con:name>res_errorMessage</con:name>
          <con:value xsi:nil="true"/>
        </con:property>
        <con:property>
          <con:name>res_description</con:name>
          <con:value>User is created by name-sc330b719-98c2-489e-8914-4ca46beadb1f</con:value>
        </con:property>
        <con:property>
          <con:name>res_state</con:name>
          <con:value>Closed</con:value>
        </con:property>
      </con:properties>
      <con:returnProperties>
        <con:entry>res_biId</con:entry>
        <con:entry>res_code</con:entry>
        <con:entry>res_errorMessage</con:entry>
        <con:entry>res_description</con:entry>
        <con:entry>res_state</con:entry>
      </con:returnProperties>
      <con:runMode>PARALLELL</con:runMode>
    </con:config>
  </con:testStep>
  <con:testStep type="assertionteststep" name="Assertion for getting user create BI for desc control" id="58b52165-41b3-49b8-84c2-ddb7da0be64e">
    <con:settings/>
    <con:config xsi:type="con:AssertionTestStep" xmlns:xsi="http://www.w3.org/2001/XMLSchema-instance">
      <con:entry>
        <con:id>83795c9c-73af-4598-a1a3-7cd699a7c1a8</con:id>
        <con:isGroup>false</con:isGroup>
        <con:sourceId>9793442e-2432-4dc1-a5f9-cc257a268ff7</con:sourceId>
        <con:propertyName>code</con:propertyName>
        <con:assertion type="Simple Equals" name="Equals" id="d816171d-2f99-449e-bce0-70d8d4478de0">
          <con:configuration>
            <patternObjectId>02193d73-11aa-43c0-995f-d9b5f9c55c01</patternObjectId>
            <patternProperty>res_code</patternProperty>
            <caseSensitive>true</caseSensitive>
          </con:configuration>
        </con:assertion>
      </con:entry>
      <con:entry>
        <con:id>fc5a9638-d521-481e-afa5-e017aa560b53</con:id>
        <con:isGroup>false</con:isGroup>
        <con:sourceId>9793442e-2432-4dc1-a5f9-cc257a268ff7</con:sourceId>
        <con:propertyName>description</con:propertyName>
        <con:assertion type="Simple Equals" name="Equals 2" id="7f382632-fb7d-41b2-8e19-2fb83ff92454">
          <con:configuration>
            <patternObjectId>02193d73-11aa-43c0-995f-d9b5f9c55c01</patternObjectId>
            <patternProperty>res_description</patternProperty>
            <caseSensitive>true</caseSensitive>
          </con:configuration>
        </con:assertion>
      </con:entry>
    </con:config>
  </con:testStep>
  <con:testStep type="transfer" name="Set bi to submit successfully fpr 2nd id" id="1376d093-719c-4a94-8ccc-7e27ca28765a">
    <con:settings/>
    <con:config xsi:type="con:PropertyTransfersStep" xmlns:xsi="http://www.w3.org/2001/XMLSchema-instance">
      <con:transfers setNullOnMissingSource="true" transferTextContent="true" failOnError="true" ignoreEmpty="false" transferToAll="false" entitize="false" transferChildNodes="false">
        <con:name>biId</con:name>
        <con:sourceType>res_biId</con:sourceType>
        <con:sourceStep>Create user bi for 2nd id</con:sourceStep>
        <con:sourcePath/>
        <con:targetType>req_biId</con:targetType>
        <con:targetStep>Submit bi without problem for 2nd id</con:targetStep>
        <con:targetPath/>
        <con:upgraded>true</con:upgraded>
      </con:transfers>
    </con:config>
  </con:testStep>
  <con:testStep type="calltestcase" name="Submit bi without problem for 2nd id" id="0f47f7ba-5b44-471e-befa-398dc60d3dff">
    <con:settings/>
    <con:config xsi:type="con:RunTestCaseStep" xmlns:xsi="http://www.w3.org/2001/XMLSchema-instance">
      <con:targetTestCase>eec8880b-6bd0-46a9-8545-851a3d5ea4ac</con:targetTestCase>
      <con:properties>
        <con:property>
          <con:name>req_biId</con:name>
          <con:value>901</con:value>
        </con:property>
        <con:property>
          <con:name>res_biId</con:name>
          <con:value>901</con:value>
        </con:property>
        <con:property>
          <con:name>res_code</con:name>
          <con:value xsi:nil="true"/>
        </con:property>
        <con:property>
          <con:name>res_errorMessage</con:name>
          <con:value xsi:nil="true"/>
        </con:property>
        <con:property>
          <con:name>res_httpCode</con:name>
          <con:value>200</con:value>
        </con:property>
      </con:properties>
      <con:returnProperties>
        <con:entry>res_biId</con:entry>
        <con:entry>res_code</con:entry>
        <con:entry>res_errorMessage</con:entry>
        <con:entry>res_httpCode</con:entry>
      </con:returnProperties>
      <con:runMode>PARALLELL</con:runMode>
    </con:config>
  </con:testStep>
  <con:testStep type="assertionteststep" name="Assert bi is submitted successfully for 2nd id" id="ca20bc97-3e91-41b1-8452-6e714608b1f3">
    <con:settings/>
    <con:config xsi:type="con:AssertionTestStep" xmlns:xsi="http://www.w3.org/2001/XMLSchema-instance">
      <con:entry>
        <con:id>6dd8c09b-c2d0-45c4-afbc-f7918d7f84b8</con:id>
        <con:isGroup>false</con:isGroup>
        <con:sourceId>ed47999d-52cc-4556-b643-5a1394572e39</con:sourceId>
        <con:propertyName>httpCode200</con:propertyName>
        <con:assertion type="Simple Equals" name="Equals" id="5dc057d5-d0ae-401f-b12e-7cd3ef1102c1">
          <con:configuration>
            <patternObjectId>0f47f7ba-5b44-471e-befa-398dc60d3dff</patternObjectId>
            <patternProperty>res_httpCode</patternProperty>
            <caseSensitive>true</caseSensitive>
          </con:configuration>
        </con:assertion>
      </con:entry>
    </con:config>
  </con:testStep>
  <con:testStep type="transfer" name="Set retrieve all users of a sales organization" id="f995613d-4ad5-499a-ac2d-3f3cc6c2274e">
    <con:settings/>
    <con:config xsi:type="con:PropertyTransfersStep" xmlns:xsi="http://www.w3.org/2001/XMLSchema-instance">
      <con:transfers setNullOnMissingSource="true" transferTextContent="true" failOnError="true" ignoreEmpty="false" transferToAll="false" entitize="false" transferChildNodes="false">
        <con:name>soId</con:name>
        <con:sourceType>soId</con:sourceType>
        <con:sourceStep>Given properties for the test steps</con:sourceStep>
        <con:sourcePath/>
        <con:targetType>req_soId</con:targetType>
        <con:targetStep>Retrieve all users of a sales organization</con:targetStep>
        <con:targetPath/>
        <con:upgraded>true</con:upgraded>
      </con:transfers>
    </con:config>
  </con:testStep>
  <con:testStep type="calltestcase" name="Retrieve all users of a sales organization" id="d232afbe-a8df-46f2-bb3e-9df3df9430f2">
    <con:settings/>
    <con:config xsi:type="con:RunTestCaseStep" xmlns:xsi="http://www.w3.org/2001/XMLSchema-instance">
      <con:targetTestCase>5f30c489-3eaa-4b5d-9da1-ce285f994779</con:targetTestCase>
      <con:properties>
        <con:property>
          <con:name>req_soId</con:name>
          <con:value>58</con:value>
        </con:property>
        <con:property>
          <con:name>res_code</con:name>
          <con:value xsi:nil="true"/>
        </con:property>
        <con:property>
          <con:name>res_httpCode</con:name>
          <con:value>200</con:value>
        </con:property>
        <con:property>
          <con:name>res_errorMessage</con:name>
          <con:value xsi:nil="true"/>
        </con:property>
      </con:properties>
      <con:returnProperties>
        <con:entry>res_code</con:entry>
        <con:entry>res_httpCode</con:entry>
        <con:entry>res_errorMessage</con:entry>
      </con:returnProperties>
      <con:runMode>PARALLELL</con:runMode>
    </con:config>
  </con:testStep>
  <con:testStep type="assertionteststep" name="Assertion retrieve all users of a sales organization" id="83428bb9-d3df-4072-a703-f97ce81d75ae">
    <con:settings/>
    <con:config xsi:type="con:AssertionTestStep" xmlns:xsi="http://www.w3.org/2001/XMLSchema-instance">
      <con:entry>
        <con:id>73ee61b1-b739-49b2-89a0-e331b59c36ce</con:id>
        <con:isGroup>false</con:isGroup>
        <con:sourceId>d232afbe-a8df-46f2-bb3e-9df3df9430f2</con:sourceId>
        <con:propertyName>res_httpCode</con:propertyName>
        <con:assertion type="Simple Equals" name="Equals" id="bc4af1ba-01de-494b-8cbe-c6fe6fce3239">
          <con:configuration>
            <patternObjectId>ed47999d-52cc-4556-b643-5a1394572e39</patternObjectId>
            <patternProperty>httpCode200</patternProperty>
            <caseSensitive>true</caseSensitive>
          </con:configuration>
        </con:assertion>
      </con:entry>
    </con:config>
  </con:testStep>
  <con:testStep type="transfer" name="Set display user by external id" id="953b0c93-f53f-4292-8530-00c5cdb1ad9d">
    <con:settings/>
    <con:config xsi:type="con:PropertyTransfersStep" xmlns:xsi="http://www.w3.org/2001/XMLSchema-instance">
      <con:transfers setNullOnMissingSource="true" transferTextContent="true" failOnError="true" ignoreEmpty="false" transferToAll="false" entitize="false" transferChildNodes="false">
        <con:name>externalId</con:name>
        <con:sourceType>res_externalId</con:sourceType>
        <con:sourceStep>Add another item</con:sourceStep>
        <con:sourcePath/>
        <con:targetType>req_userExternalId</con:targetType>
        <con:targetStep>Display user by external id</con:targetStep>
        <con:targetPath/>
        <con:upgraded>true</con:upgraded>
      </con:transfers>
    </con:config>
  </con:testStep>
  <con:testStep type="calltestcase" name="Display user by external id" id="0e05eb7d-e532-4973-bb1a-9750fa4f75d7">
    <con:settings/>
    <con:config xsi:type="con:RunTestCaseStep" xmlns:xsi="http://www.w3.org/2001/XMLSchema-instance">
      <con:targetTestCase>62d8a939-0c64-462e-be4e-5c3115ce1ca0</con:targetTestCase>
      <con:properties>
        <con:property>
          <con:name>req_userExternalId</con:name>
          <con:value>robert.baggio9c67ee0f-883a-4714-b0f2-b7983c3d7892</con:value>
        </con:property>
        <con:property>
          <con:name>res_userRoleId</con:name>
          <con:value>64</con:value>
        </con:property>
        <con:property>
          <con:name>res_httpCode</con:name>
          <con:value>200</con:value>
        </con:property>
        <con:property>
          <con:name>res_forceToUseSession</con:name>
        </con:property>
      </con:properties>
      <con:returnProperties>
        <con:entry>res_userRoleId</con:entry>
        <con:entry>res_httpCode</con:entry>
      </con:returnProperties>
      <con:runMode>PARALLELL</con:runMode>
    </con:config>
  </con:testStep>
  <con:testStep type="assertionteststep" name="Assertion display user by external id" id="8118410b-d87b-40f6-a7d7-5b6d10b58b6e">
    <con:settings/>
    <con:config xsi:type="con:AssertionTestStep" xmlns:xsi="http://www.w3.org/2001/XMLSchema-instance">
      <con:entry>
        <con:id>3be28ad4-11cb-48da-bdcb-3749f335b003</con:id>
        <con:isGroup>false</con:isGroup>
        <con:sourceId>0e05eb7d-e532-4973-bb1a-9750fa4f75d7</con:sourceId>
        <con:propertyName>res_userRoleId</con:propertyName>
        <con:assertion type="Simple Contains" name="Contains" id="819f618f-caf8-4c55-937f-138b56f5f30b">
          <con:configuration>
            <token>\d+</token>
            <ignoreCase>false</ignoreCase>
            <useRegEx>true</useRegEx>
          </con:configuration>
        </con:assertion>
      </con:entry>
      <con:entry>
        <con:id>d960afd0-10b0-42c3-a1db-86a07f370377</con:id>
        <con:isGroup>false</con:isGroup>
        <con:sourceId>0e05eb7d-e532-4973-bb1a-9750fa4f75d7</con:sourceId>
        <con:propertyName>res_httpCode</con:propertyName>
        <con:assertion type="Simple Equals" name="Equals" id="abba2d4b-2ceb-46fb-bc82-62035b45e5ff">
          <con:configuration>
            <patternObjectId>ed47999d-52cc-4556-b643-5a1394572e39</patternObjectId>
            <patternProperty>httpCode200</patternProperty>
            <caseSensitive>true</caseSensitive>
          </con:configuration>
        </con:assertion>
      </con:entry>
    </con:config>
  </con:testStep>
  <con:testStep type="transfer" name="Set display user by external id for 2nd id" id="89cb3f8e-3c77-4663-9fdf-fc529f4b503f">
    <con:settings/>
    <con:config xsi:type="con:PropertyTransfersStep" xmlns:xsi="http://www.w3.org/2001/XMLSchema-instance">
      <con:transfers setNullOnMissingSource="true" transferTextContent="true" failOnError="true" ignoreEmpty="false" transferToAll="false" entitize="false" transferChildNodes="false">
        <con:name>externalId</con:name>
        <con:sourceType>res_externalId</con:sourceType>
        <con:sourceStep>Add item to bi for 2nd id</con:sourceStep>
        <con:sourcePath/>
        <con:targetType>req_userExternalId</con:targetType>
        <con:targetStep>Display user by external id for 2nd id</con:targetStep>
        <con:targetPath/>
        <con:upgraded>true</con:upgraded>
      </con:transfers>
    </con:config>
  </con:testStep>
  <con:testStep type="calltestcase" name="Display user by external id for 2nd id" id="8c2a6b6a-dc02-4830-a0be-80b90f4b1d7e">
    <con:settings/>
    <con:config xsi:type="con:RunTestCaseStep" xmlns:xsi="http://www.w3.org/2001/XMLSchema-instance">
      <con:targetTestCase>62d8a939-0c64-462e-be4e-5c3115ce1ca0</con:targetTestCase>
      <con:properties>
        <con:property>
          <con:name>req_userExternalId</con:name>
          <con:value>bilbobaggins6b412b26-a00b-4bd1-bebd-b70589479178</con:value>
        </con:property>
        <con:property>
          <con:name>res_userRoleId</con:name>
          <con:value>65</con:value>
        </con:property>
        <con:property>
          <con:name>res_httpCode</con:name>
          <con:value>200</con:value>
        </con:property>
        <con:property>
          <con:name>res_forceToUseSession</con:name>
        </con:property>
      </con:properties>
      <con:returnProperties>
        <con:entry>res_userRoleId</con:entry>
        <con:entry>res_httpCode</con:entry>
      </con:returnProperties>
      <con:runMode>PARALLELL</con:runMode>
    </con:config>
  </con:testStep>
  <con:testStep type="assertionteststep" name="Copy of Assertion display user by external id" id="eb68b8e5-a54f-4a4c-b6f9-0681eabbeb2b" disabled="true">
    <con:settings/>
    <con:config xsi:type="con:AssertionTestStep" xmlns:xsi="http://www.w3.org/2001/XMLSchema-instance">
      <con:entry>
        <con:id>9be0427b-4339-45cb-a91d-284fbdbb93af</con:id>
        <con:isGroup>false</con:isGroup>
        <con:sourceId>0e05eb7d-e532-4973-bb1a-9750fa4f75d7</con:sourceId>
        <con:propertyName>res_userRoleId</con:propertyName>
        <con:assertion type="Simple Contains" name="Contains" id="11887b24-8222-4fa0-81a0-11588527a6c9">
          <con:configuration>
            <token>\d+</token>
            <ignoreCase>false</ignoreCase>
            <useRegEx>true</useRegEx>
          </con:configuration>
        </con:assertion>
      </con:entry>
      <con:entry>
        <con:id>c3dd97e0-f051-4fd2-9690-03f6d35b33de</con:id>
        <con:isGroup>false</con:isGroup>
        <con:sourceId>0e05eb7d-e532-4973-bb1a-9750fa4f75d7</con:sourceId>
        <con:propertyName>res_httpCode</con:propertyName>
        <con:assertion type="Simple Equals" name="Equals" id="ec9efdbd-45f0-4ee8-8f20-d1a98adce11a">
          <con:configuration>
            <patternObjectId>ed47999d-52cc-4556-b643-5a1394572e39</patternObjectId>
            <patternProperty>httpCode200</patternProperty>
            <caseSensitive>true</caseSensitive>
          </con:configuration>
        </con:assertion>
      </con:entry>
    </con:config>
  </con:testStep>
  <con:testStep type="transfer" name="Property Transfer user id" id="44bd44c2-9550-42a9-873c-cf0c1e0b7f88">
    <con:settings/>
    <con:config xsi:type="con:PropertyTransfersStep" xmlns:xsi="http://www.w3.org/2001/XMLSchema-instance">
      <con:transfers setNullOnMissingSource="true" transferTextContent="true" failOnError="true" ignoreEmpty="false" transferToAll="false" entitize="false" transferChildNodes="false">
        <con:name>userId</con:name>
        <con:sourceType>res_userRoleId</con:sourceType>
        <con:sourceStep>Display user by external id</con:sourceStep>
        <con:sourcePath/>
        <con:targetType>relatedUserId</con:targetType>
        <con:targetStep>Given properties for the test steps</con:targetStep>
        <con:targetPath/>
        <con:upgraded>true</con:upgraded>
      </con:transfers>
    </con:config>
  </con:testStep>
  <con:testStep type="transfer" name="Set bi id to add item to closed bi" id="7001ed2f-5ce9-4ab3-b45e-886c6d919e1e">
    <con:settings/>
    <con:config xsi:type="con:PropertyTransfersStep" xmlns:xsi="http://www.w3.org/2001/XMLSchema-instance">
      <con:transfers setNullOnMissingSource="true" transferTextContent="true" failOnError="true" ignoreEmpty="false" transferToAll="false" entitize="false" transferChildNodes="false">
        <con:name>biId</con:name>
        <con:sourceType>biId</con:sourceType>
        <con:sourceStep>Given properties for the test steps</con:sourceStep>
        <con:sourcePath/>
        <con:targetType>req_biId</con:targetType>
        <con:targetStep>Add item to bi which is closed</con:targetStep>
        <con:targetPath/>
        <con:upgraded>true</con:upgraded>
      </con:transfers>
      <con:transfers setNullOnMissingSource="true" transferTextContent="true" failOnError="true" ignoreEmpty="false" transferToAll="false" entitize="false" transferChildNodes="false">
        <con:name>name</con:name>
        <con:sourceType>name</con:sourceType>
        <con:sourceStep>Given properties for the test steps</con:sourceStep>
        <con:targetType>req_name</con:targetType>
        <con:targetStep>Add item to bi which is closed</con:targetStep>
        <con:upgraded>true</con:upgraded>
      </con:transfers>
      <con:transfers setNullOnMissingSource="true" transferTextContent="true" failOnError="true" ignoreEmpty="false" transferToAll="false" entitize="false" transferChildNodes="false">
        <con:name>externalId</con:name>
        <con:sourceType>userExternalId</con:sourceType>
        <con:sourceStep>Given properties for the test steps</con:sourceStep>
        <con:targetType>req_externalId</con:targetType>
        <con:targetStep>Add item to bi which is closed</con:targetStep>
        <con:upgraded>true</con:upgraded>
      </con:transfers>
      <con:transfers setNullOnMissingSource="true" transferTextContent="true" failOnError="true" ignoreEmpty="false" transferToAll="false" entitize="false" transferChildNodes="false">
        <con:name>userRoleSpecId</con:name>
        <con:sourceType>res_id</con:sourceType>
        <con:sourceStep>Create user role specification</con:sourceStep>
        <con:targetType>req_userRoleSpecId</con:targetType>
        <con:targetStep>Add item to bi which is closed</con:targetStep>
        <con:upgraded>true</con:upgraded>
      </con:transfers>
      <con:transfers setNullOnMissingSource="true" transferTextContent="true" failOnError="true" ignoreEmpty="false" transferToAll="false" entitize="false" transferChildNodes="false">
        <con:name>soRoleId</con:name>
        <con:sourceType>soId</con:sourceType>
        <con:sourceStep>Given properties for the test steps</con:sourceStep>
        <con:targetType>req_soRoleId</con:targetType>
        <con:targetStep>Add item to bi which is closed</con:targetStep>
        <con:upgraded>true</con:upgraded>
      </con:transfers>
      <con:transfers setNullOnMissingSource="true" transferTextContent="true" failOnError="true" ignoreEmpty="false" transferToAll="false" entitize="false" transferChildNodes="false">
        <con:name>forceToUseSession</con:name>
        <con:sourceType>false</con:sourceType>
        <con:sourceStep>Given properties for the test steps</con:sourceStep>
        <con:targetType>req_forceToUseSession</con:targetType>
        <con:targetStep>Add item to bi which is closed</con:targetStep>
        <con:upgraded>true</con:upgraded>
      </con:transfers>
      <con:transfers setNullOnMissingSource="true" transferTextContent="true" failOnError="true" ignoreEmpty="false" transferToAll="false" entitize="false" transferChildNodes="false">
        <con:name>indFirstname</con:name>
        <con:sourceType>indFirstname</con:sourceType>
        <con:sourceStep>Given properties for the test steps</con:sourceStep>
        <con:targetType>req_indFirstName</con:targetType>
        <con:targetStep>Add item to bi which is closed</con:targetStep>
        <con:upgraded>true</con:upgraded>
      </con:transfers>
      <con:transfers setNullOnMissingSource="true" transferTextContent="true" failOnError="true" ignoreEmpty="false" transferToAll="false" entitize="false" transferChildNodes="false">
        <con:name>indLastname</con:name>
        <con:sourceType>indLastname</con:sourceType>
        <con:sourceStep>Given properties for the test steps</con:sourceStep>
        <con:targetType>req_indLastName</con:targetType>
        <con:targetStep>Add item to bi which is closed</con:targetStep>
        <con:upgraded>true</con:upgraded>
      </con:transfers>
      <con:transfers setNullOnMissingSource="true" transferTextContent="true" failOnError="true" ignoreEmpty="false" transferToAll="false" entitize="false" transferChildNodes="false">
        <con:name>indName</con:name>
        <con:sourceType>indName</con:sourceType>
        <con:sourceStep>Given properties for the test steps</con:sourceStep>
        <con:targetType>req_indName</con:targetType>
        <con:targetStep>Add item to bi which is closed</con:targetStep>
        <con:upgraded>true</con:upgraded>
      </con:transfers>
    </con:config>
  </con:testStep>
  <con:testStep type="calltestcase" name="Add item to bi which is closed" id="391787ea-d2f3-46a7-818e-c3d7fac13d36">
    <con:settings/>
    <con:config xsi:type="con:RunTestCaseStep" xmlns:xsi="http://www.w3.org/2001/XMLSchema-instance">
      <con:targetTestCase>82436617-bc41-4ae8-a2b5-d31a80ed4e9b</con:targetTestCase>
      <con:properties>
        <con:property>
          <con:name>req_biId</con:name>
          <con:value>891</con:value>
        </con:property>
        <con:property>
          <con:name>req_name</con:name>
          <con:value>Roberto Baggio</con:value>
        </con:property>
        <con:property>
          <con:name>req_externalId</con:name>
          <con:value>robert.baggio${=java.util.UUID.randomUUID()}</con:value>
        </con:property>
        <con:property>
          <con:name>req_userRoleSpecId</con:name>
          <con:value>56</con:value>
        </con:property>
        <con:property>
          <con:name>req_soRoleId</con:name>
          <con:value>58</con:value>
        </con:property>
        <con:property>
          <con:name>req_indFirstName</con:name>
          <con:value>Roberto</con:value>
        </con:property>
        <con:property>
          <con:name>req_indLastName</con:name>
          <con:value>Baggio</con:value>
        </con:property>
        <con:property>
          <con:name>req_indName</con:name>
          <con:value>Roberto Baggio</con:value>
        </con:property>
        <con:property>
          <con:name>res_id</con:name>
          <con:value xsi:nil="true"/>
        </con:property>
        <con:property>
          <con:name>res_code</con:name>
          <con:value>INVALID_STATE_OPERATION</con:value>
        </con:property>
        <con:property>
          <con:name>res_errorMessage</con:name>
          <con:value>INVALID_STATE_OPERATION</con:value>
        </con:property>
        <con:property>
          <con:name>req_forceToUseSession</con:name>
          <con:value>false</con:value>
        </con:property>
        <con:property>
          <con:name>res_externalId</con:name>
        </con:property>
        <con:property>
          <con:name>res_httpCode</con:name>
          <con:value>400</con:value>
        </con:property>
        <con:property>
          <con:name>req_email</con:name>
        </con:property>
      </con:properties>
      <con:returnProperties>
        <con:entry>res_id</con:entry>
        <con:entry>res_code</con:entry>
        <con:entry>res_errorMessage</con:entry>
        <con:entry>res_httpCode</con:entry>
      </con:returnProperties>
      <con:runMode>PARALLELL</con:runMode>
    </con:config>
  </con:testStep>
  <con:testStep type="assertionteststep" name="Assert bi item is not added to closed bi" id="3f7f2748-3f46-462b-98ec-4a6450757705">
    <con:settings/>
    <con:config xsi:type="con:AssertionTestStep" xmlns:xsi="http://www.w3.org/2001/XMLSchema-instance">
      <con:entry>
        <con:id>2e51ef2b-453f-4364-b0e9-4f8ce637739c</con:id>
        <con:isGroup>false</con:isGroup>
        <con:sourceId>391787ea-d2f3-46a7-818e-c3d7fac13d36</con:sourceId>
        <con:propertyName>res_httpCode</con:propertyName>
        <con:assertion type="Simple Equals" name="Equals" id="e8b5eaa3-0a5a-448a-a2dc-10faf6eab99b">
          <con:configuration>
            <patternObjectId>ed47999d-52cc-4556-b643-5a1394572e39</patternObjectId>
            <patternProperty>httpCode400</patternProperty>
            <caseSensitive>true</caseSensitive>
          </con:configuration>
        </con:assertion>
      </con:entry>
      <con:entry>
        <con:id>96a954f0-8823-4df2-b13a-cc664de5bc67</con:id>
        <con:isGroup>false</con:isGroup>
        <con:sourceId>391787ea-d2f3-46a7-818e-c3d7fac13d36</con:sourceId>
        <con:propertyName>res_errorMessage</con:propertyName>
        <con:assertion type="Simple Equals" name="Equals 2" id="40baa550-5f97-4aba-b8fc-417f1001b005">
          <con:configuration>
            <patternObjectId>ed47999d-52cc-4556-b643-5a1394572e39</patternObjectId>
            <patternProperty>errorMessageInvalidState</patternProperty>
            <caseSensitive>true</caseSensitive>
          </con:configuration>
        </con:assertion>
      </con:entry>
    </con:config>
  </con:testStep>
  <con:testStep type="transfer" name="Set bi to submit bi which is already submitted" id="eea96fb3-d8be-4e9b-9ece-88b9245d8d7d">
    <con:settings/>
    <con:config xsi:type="con:PropertyTransfersStep" xmlns:xsi="http://www.w3.org/2001/XMLSchema-instance">
      <con:transfers setNullOnMissingSource="true" transferTextContent="true" failOnError="true" ignoreEmpty="false" transferToAll="false" entitize="false" transferChildNodes="false">
        <con:name>biId</con:name>
        <con:sourceType>biId</con:sourceType>
        <con:sourceStep>Given properties for the test steps</con:sourceStep>
        <con:sourcePath/>
        <con:targetType>req_biId</con:targetType>
        <con:targetStep>Submit bi which is already submitted</con:targetStep>
        <con:targetPath/>
        <con:upgraded>true</con:upgraded>
      </con:transfers>
    </con:config>
  </con:testStep>
  <con:testStep type="calltestcase" name="Submit bi which is already submitted" id="8e0eed67-86ca-4841-83ae-4f2869323aea">
    <con:settings/>
    <con:config xsi:type="con:RunTestCaseStep" xmlns:xsi="http://www.w3.org/2001/XMLSchema-instance">
      <con:targetTestCase>eec8880b-6bd0-46a9-8545-851a3d5ea4ac</con:targetTestCase>
      <con:properties>
        <con:property>
          <con:name>req_biId</con:name>
          <con:value>891</con:value>
        </con:property>
        <con:property>
          <con:name>res_biId</con:name>
          <con:value xsi:nil="true"/>
        </con:property>
        <con:property>
          <con:name>res_code</con:name>
          <con:value>INVALID_STATE_OPERATION</con:value>
        </con:property>
        <con:property>
          <con:name>res_errorMessage</con:name>
          <con:value>INVALID_STATE_OPERATION</con:value>
        </con:property>
        <con:property>
          <con:name>res_httpCode</con:name>
        </con:property>
      </con:properties>
      <con:returnProperties>
        <con:entry>res_biId</con:entry>
        <con:entry>res_code</con:entry>
        <con:entry>res_errorMessage</con:entry>
      </con:returnProperties>
      <con:runMode>PARALLELL</con:runMode>
    </con:config>
  </con:testStep>
  <con:testStep type="assertionteststep" name="Assert bi is not submitted which is already submitted" id="3d6e0035-a8bb-4353-91da-edb0802b0f97">
    <con:settings/>
    <con:config xsi:type="con:AssertionTestStep" xmlns:xsi="http://www.w3.org/2001/XMLSchema-instance">
      <con:entry>
        <con:id>06b130b1-8370-4e71-88aa-eddf037fec68</con:id>
        <con:isGroup>false</con:isGroup>
        <con:sourceId>8e0eed67-86ca-4841-83ae-4f2869323aea</con:sourceId>
        <con:propertyName>res_errorMessage</con:propertyName>
        <con:assertion type="Simple Contains" name="Contains" id="70549a3f-fefc-483b-a567-115ab8f7f9a0">
          <con:configuration>
            <token>\w+</token>
            <ignoreCase>false</ignoreCase>
            <useRegEx>true</useRegEx>
          </con:configuration>
        </con:assertion>
      </con:entry>
    </con:config>
  </con:testStep>
  <con:testStep type="calltestcase" name="Retrieve all users" id="c17ce10f-3342-4e3e-a286-ab21336f2dda">
    <con:settings/>
    <con:config xsi:type="con:RunTestCaseStep" xmlns:xsi="http://www.w3.org/2001/XMLSchema-instance">
      <con:targetTestCase>997c5206-b931-429b-8be8-cb511fbce056</con:targetTestCase>
      <con:properties>
        <con:property>
          <con:name>response</con:name>
          <con:value>[{"forceToUseSession":false,"externalId":"SYSUSR-ERMS","party":{"firstName":"ADMIN","lastName":"USER","name":"ADMIN USER","externalId":"0","id":"2"},"name":"ADMIN USER","status":"Active","id":"2"},{"forceToUseSession":false,"externalId":"u9d3e8a1a-5ee9-46d6-887e-f2504b5e5d66","party":{"firstName":"John","lastName":"Smith","name":"John Smith","email":"test@valid.com","id":"4"},"partyRoleSpecification":{"name":"urs-408e337f-7b0a-4ec8-b68c-e4d8adee2340","id":"12"},"name":"John Smith","status":"Active","id":"5"},{"forceToUseSession":true,"externalId":"userName113540113","party":{"firstName":"Roberto","lastName":"Baggio","middleName":"Roberto Baggio","gender":"female","name":"Roberto Roberto Baggio Baggio","email":"userName113540113@email.com","id":"6"},"partyRoleSpecification":{"name":"User Spec","id":"9"},"status":"Active","id":"7"},{"forceToUseSession":false,"externalId":"ud56a69ae-c9c1-497d-902e-e6ed916abb20","party":{"firstName":"John","lastName":"Smith","name":"John Smith","email":"test@valid.com","id":"8"},"partyRoleSpecification":{"name":"urs-e3ce101b-3ead-4168-8150-f392c0822131","id":"16"},"name":"John Smith","status":"Active","id":"10"},{"forceToUseSession":true,"externalId":"userName410300410","party":{"firstName":"Roberto","lastName":"Baggio","middleName":"Roberto Baggio","gender":"female","name":"Roberto Roberto Baggio Baggio","email":"userName410300410@email.com","id":"10"},"partyRoleSpecification":{"name":"User Spec","id":"9"},"status":"Active","id":"12"},{"forceToUseSession":false,"externalId":"u4fb93733-f214-407a-a279-448b5920ecc5","party":{"firstName":"John","lastName":"Smith","name":"John Smith","email":"test@valid.com","id":"12"},"partyRoleSpecification":{"name":"urs-1d04952a-aed8-4250-9dde-bb9e1e4c8c84","id":"20"},"name":"John Smith","status":"Active","id":"15"},{"forceToUseSession":true,"externalId":"userName98390098","party":{"firstName":"Roberto","lastName":"Baggio","middleName":"Roberto Baggio","gender":"female","name":"Roberto Roberto Baggio Baggio","email":"userName99390099@email.com","id":"14"},"partyRoleSpecification":{"name":"User Spec","id":"9"},"status":"Active","id":"17"},{"forceToUseSession":false,"externalId":"u74892535-08a4-40d2-90c5-433672806668","party":{"firstName":"John","lastName":"Smith","name":"John Smith","email":"test@valid.com","id":"16"},"partyRoleSpecification":{"name":"urs-e3661ee9-75b3-4e78-a331-92b4480b6d71","id":"24"},"name":"John Smith","status":"Active","id":"20"},{"forceToUseSession":true,"externalId":"userName31290031","party":{"firstName":"Roberto","lastName":"Baggio","middleName":"Roberto Baggio","gender":"female","name":"Roberto Roberto Baggio Baggio","email":"userName31290031@email.com","id":"18"},"partyRoleSpecification":{"name":"User Spec","id":"9"},"status":"Active","id":"22"},{"forceToUseSession":true,"externalId":"userName399260399","party":{"firstName":"Roberto","lastName":"Baggio","middleName":"Roberto Baggio","gender":"female","name":"Roberto Roberto Baggio Baggio","email":"userName399260399@email.com","id":"19"},"partyRoleSpecification":{"name":"User Spec","id":"9"},"status":"Active","id":"23"}]</con:value>
        </con:property>
        <con:property>
          <con:name>res_code</con:name>
          <con:value xsi:nil="true"/>
        </con:property>
        <con:property>
          <con:name>res_errorMessage</con:name>
          <con:value xsi:nil="true"/>
        </con:property>
        <con:property>
          <con:name>res_status</con:name>
        </con:property>
      </con:properties>
      <con:returnProperties>
        <con:entry>response</con:entry>
        <con:entry>res_code</con:entry>
        <con:entry>res_errorMessage</con:entry>
      </con:returnProperties>
      <con:runMode>PARALLELL</con:runMode>
    </con:config>
  </con:testStep>
  <con:testStep type="assertionteststep" name="Assert retrieve all users" id="9f69eb82-1353-4e5e-be37-8251731aef09">
    <con:settings/>
    <con:config xsi:type="con:AssertionTestStep" xmlns:xsi="http://www.w3.org/2001/XMLSchema-instance">
      <con:entry>
        <con:id>7a18659d-5b65-4c3c-a5bc-89b3b5fb856a</con:id>
        <con:isGroup>false</con:isGroup>
        <con:sourceId>c17ce10f-3342-4e3e-a286-ab21336f2dda</con:sourceId>
        <con:propertyName>res_errorMessage</con:propertyName>
        <con:assertion type="Simple Contains" name="Contains" id="2d17c3bd-9d76-45b8-bcea-93ff401e1776">
          <con:configuration>
            <token>^\s*$</token>
            <ignoreCase>false</ignoreCase>
            <useRegEx>true</useRegEx>
          </con:configuration>
        </con:assertion>
      </con:entry>
      <con:entry>
        <con:id>a2bc6468-3c8c-4156-997f-663986f8f479</con:id>
        <con:isGroup>false</con:isGroup>
        <con:sourceId>c17ce10f-3342-4e3e-a286-ab21336f2dda</con:sourceId>
        <con:propertyName>response</con:propertyName>
        <con:assertion type="Simple Contains" name="Contains 2" id="e7fc1c5f-d0e9-43c8-8370-2a2ed9f663e7">
          <con:configuration>
            <token>\w+</token>
            <ignoreCase>false</ignoreCase>
            <useRegEx>true</useRegEx>
          </con:configuration>
        </con:assertion>
      </con:entry>
    </con:config>
  </con:testStep>
  <con:testStep type="transfer" name="Set display nonexisting create user bi" id="3572dd2f-022e-4c4d-9fdb-f99e9a0efb55">
    <con:settings/>
    <con:config xsi:type="con:PropertyTransfersStep" xmlns:xsi="http://www.w3.org/2001/XMLSchema-instance">
      <con:transfers setNullOnMissingSource="true" transferTextContent="true" failOnError="true" ignoreEmpty="false" transferToAll="false" entitize="false" transferChildNodes="false">
        <con:name>biId</con:name>
        <con:sourceType>notExistId</con:sourceType>
        <con:sourceStep>Given properties for the test steps</con:sourceStep>
        <con:sourcePath/>
        <con:targetType>req_biId</con:targetType>
        <con:targetStep>Display nonexisting create user bi</con:targetStep>
        <con:targetPath/>
        <con:upgraded>true</con:upgraded>
      </con:transfers>
    </con:config>
  </con:testStep>
  <con:testStep type="calltestcase" name="Display nonexisting create user bi" id="4e854455-52d5-4ba5-b8b7-415b632df2d6">
    <con:settings/>
    <con:config xsi:type="con:RunTestCaseStep" xmlns:xsi="http://www.w3.org/2001/XMLSchema-instance">
      <con:targetTestCase>46001d9d-b7c8-4ccc-91d4-ee9ad8916215</con:targetTestCase>
      <con:properties>
        <con:property>
          <con:name>req_biId</con:name>
          <con:value>-1</con:value>
        </con:property>
        <con:property>
          <con:name>res_biId</con:name>
          <con:value xsi:nil="true"/>
        </con:property>
        <con:property>
          <con:name>res_code</con:name>
          <con:value>404</con:value>
        </con:property>
        <con:property>
          <con:name>res_errorMessage</con:name>
          <con:value>404</con:value>
        </con:property>
        <con:property>
          <con:name>res_description</con:name>
          <con:value>HTTP 404 Not Found</con:value>
        </con:property>
        <con:property>
          <con:name>res_state</con:name>
        </con:property>
      </con:properties>
      <con:returnProperties>
        <con:entry>res_biId</con:entry>
        <con:entry>res_code</con:entry>
        <con:entry>res_errorMessage</con:entry>
        <con:entry>res_description</con:entry>
      </con:returnProperties>
      <con:runMode>PARALLELL</con:runMode>
    </con:config>
  </con:testStep>
  <con:testStep type="assertionteststep" name="Assertion display nonexisting create user bi" id="b4dbdfb4-0d75-4403-b120-e448c75010a6">
    <con:settings/>
    <con:config xsi:type="con:AssertionTestStep" xmlns:xsi="http://www.w3.org/2001/XMLSchema-instance">
      <con:entry>
        <con:id>0dfab458-dd59-4afc-9142-55481f8b3abf</con:id>
        <con:isGroup>false</con:isGroup>
        <con:sourceId>4e854455-52d5-4ba5-b8b7-415b632df2d6</con:sourceId>
        <con:propertyName>res_code</con:propertyName>
        <con:assertion type="Simple Equals" name="Equals" id="b650ba26-15c8-4a1f-b367-f6cd491eabbc">
          <con:configuration>
            <patternObjectId>ed47999d-52cc-4556-b643-5a1394572e39</patternObjectId>
            <patternProperty>httpCode404</patternProperty>
            <caseSensitive>true</caseSensitive>
          </con:configuration>
        </con:assertion>
      </con:entry>
    </con:config>
  </con:testStep>
  <con:testStep type="transfer" name="Set bi id to retrieve single bi" id="a57119d0-8d6c-4942-93b5-fbfcbfdfae13">
    <con:settings/>
    <con:config xsi:type="con:PropertyTransfersStep" xmlns:xsi="http://www.w3.org/2001/XMLSchema-instance">
      <con:transfers setNullOnMissingSource="true" transferTextContent="true" failOnError="true" ignoreEmpty="false" transferToAll="false" entitize="false" transferChildNodes="false">
        <con:name>biId</con:name>
        <con:sourceType>biId</con:sourceType>
        <con:sourceStep>Given properties for the test steps</con:sourceStep>
        <con:sourcePath/>
        <con:targetType>req_biId</con:targetType>
        <con:targetStep>Get business interaction by id</con:targetStep>
        <con:targetPath/>
        <con:upgraded>true</con:upgraded>
      </con:transfers>
    </con:config>
  </con:testStep>
  <con:testStep type="calltestcase" name="Get business interaction by id" id="ba33a379-63be-4660-bb52-6926da791efe">
    <con:settings/>
    <con:config xsi:type="con:RunTestCaseStep" xmlns:xsi="http://www.w3.org/2001/XMLSchema-instance">
      <con:targetTestCase>46001d9d-b7c8-4ccc-91d4-ee9ad8916215</con:targetTestCase>
      <con:properties>
        <con:property>
          <con:name>req_biId</con:name>
          <con:value>891</con:value>
        </con:property>
        <con:property>
          <con:name>res_code</con:name>
          <con:value>USR-891</con:value>
        </con:property>
        <con:property>
          <con:name>res_errorMessage</con:name>
          <con:value xsi:nil="true"/>
        </con:property>
        <con:property>
          <con:name>res_biId</con:name>
          <con:value>891</con:value>
        </con:property>
        <con:property>
          <con:name>res_description</con:name>
          <con:value>User is created by name-sc330b719-98c2-489e-8914-4ca46beadb1f</con:value>
        </con:property>
        <con:property>
          <con:name>res_state</con:name>
        </con:property>
      </con:properties>
      <con:returnProperties>
        <con:entry>res_biId</con:entry>
        <con:entry>res_code</con:entry>
        <con:entry>res_errorMessage</con:entry>
        <con:entry>res_description</con:entry>
      </con:returnProperties>
      <con:runMode>PARALLELL</con:runMode>
    </con:config>
  </con:testStep>
  <con:testStep type="assertionteststep" name="Assert bi is retrieved successfully" id="a9d68f7f-cf02-4aab-95fa-84d843a36d7d">
    <con:settings/>
    <con:config xsi:type="con:AssertionTestStep" xmlns:xsi="http://www.w3.org/2001/XMLSchema-instance">
      <con:entry>
        <con:id>d70045be-2ccd-446d-a107-42c38ea31c47</con:id>
        <con:isGroup>false</con:isGroup>
        <con:sourceId>ba33a379-63be-4660-bb52-6926da791efe</con:sourceId>
        <con:propertyName>req_biId</con:propertyName>
        <con:assertion type="Simple Contains" name="Contains" id="553ef7db-c61d-4e4b-9ce0-ae35b442672b">
          <con:configuration>
            <token>\w+</token>
            <ignoreCase>false</ignoreCase>
            <useRegEx>true</useRegEx>
          </con:configuration>
        </con:assertion>
      </con:entry>
      <con:entry>
        <con:id>1e60a755-eaa1-4382-9dc6-2c128de090fa</con:id>
        <con:isGroup>false</con:isGroup>
        <con:sourceId>ba33a379-63be-4660-bb52-6926da791efe</con:sourceId>
        <con:propertyName>res_description</con:propertyName>
        <con:assertion type="Simple Equals" name="Equals" id="f52ab241-2bcf-4a6a-b2cd-2787cfaeeb97">
          <con:configuration>
            <patternObjectId>ed47999d-52cc-4556-b643-5a1394572e39</patternObjectId>
            <patternProperty>description</patternProperty>
            <caseSensitive>true</caseSensitive>
          </con:configuration>
        </con:assertion>
      </con:entry>
    </con:config>
  </con:testStep>
  <con:testStep type="calltestcase" name="Get all user create business interactions" id="1dee6c13-7702-47e8-add6-1c140c30c757">
    <con:settings/>
    <con:config xsi:type="con:RunTestCaseStep" xmlns:xsi="http://www.w3.org/2001/XMLSchema-instance">
      <con:targetTestCase>e4fc3ff2-9076-47c5-a427-578a06f33ad5</con:targetTestCase>
      <con:properties>
        <con:property>
          <con:name>response</con:name>
          <con:value>[{"businessInteractionType":23,"code":"USR-41","description":"User is created by ROOT ORGANIZATION","mainState":"Closed","state":"Closed","createdDate":"2018-03-16T06:12:56.880Z","preventUpdateFromOtherSystem":false,"id":"41"},{"businessInteractionType":23,"code":"USR-71","description":"User is created by name-s7b0f5123-e24e-4698-9f98-0d71bcad39a3","mainState":"Closed","state":"Closed","createdDate":"2018-03-16T06:12:58.020Z","preventUpdateFromOtherSystem":false,"id":"71"},{"businessInteractionType":23,"code":"USR-101","description":"User is created by ROOT ORGANIZATION","mainState":"Closed","state":"Closed","createdDate":"2018-03-16T06:14:30.807Z","preventUpdateFromOtherSystem":false,"id":"101"},{"businessInteractionType":23,"code":"USR-131","description":"User is created by name-s012a0709-60d7-489b-8486-bccf066f8af6","mainState":"Closed","state":"Closed","createdDate":"2018-03-16T06:14:31.526Z","preventUpdateFromOtherSystem":false,"id":"131"},{"businessInteractionType":23,"code":"USR-141","description":"User is created by name-s012a0709-60d7-489b-8486-bccf066f8af6","mainState":"Draft","state":"Draft","createdDate":"2018-03-16T06:14:31.910Z","preventUpdateFromOtherSystem":false,"id":"141"},{"businessInteractionType":23,"code":"USR-171","description":"User is created by ROOT ORGANIZATION","mainState":"Closed","state":"Closed","createdDate":"2018-03-16T06:15:39.619Z","preventUpdateFromOtherSystem":false,"id":"171"},{"businessInteractionType":23,"code":"USR-201","description":"User is created by name-sf480a005-5d03-4f71-99e8-515c2ac3f9a3","mainState":"Closed","state":"Closed","createdDate":"2018-03-16T06:15:40.354Z","preventUpdateFromOtherSystem":false,"id":"201"},{"businessInteractionType":23,"code":"USR-231","description":"User is created by ROOT ORGANIZATION","mainState":"Closed","state":"Closed","createdDate":"2018-03-16T06:16:29.406Z","preventUpdateFromOtherSystem":false,"id":"231"},{"businessInteractionType":23,"code":"USR-261","description":"User is created by name-s7efdce87-bfbe-416d-bbd8-d784513659ae","mainState":"Closed","state":"Closed","createdDate":"2018-03-16T06:16:30.147Z","preventUpdateFromOtherSystem":false,"id":"261"},{"businessInteractionType":23,"code":"USR-271","description":"User is created by name-s7efdce87-bfbe-416d-bbd8-d784513659ae","mainState":"Draft","state":"Draft","createdDate":"2018-03-16T06:16:30.536Z","preventUpdateFromOtherSystem":false,"id":"271"}]</con:value>
        </con:property>
        <con:property>
          <con:name>res_code</con:name>
          <con:value xsi:nil="true"/>
        </con:property>
        <con:property>
          <con:name>res_errorMessage</con:name>
          <con:value xsi:nil="true"/>
        </con:property>
        <con:property>
          <con:name>httpCode</con:name>
          <con:value>200</con:value>
        </con:property>
      </con:properties>
      <con:returnProperties>
        <con:entry>response</con:entry>
        <con:entry>res_code</con:entry>
        <con:entry>res_errorMessage</con:entry>
        <con:entry>httpCode</con:entry>
        <con:entry>res_biId</con:entry>
      </con:returnProperties>
      <con:runMode>PARALLELL</con:runMode>
    </con:config>
  </con:testStep>
  <con:testStep type="assertionteststep" name="Assertion get all user create business interactions" id="33db9815-1171-492a-b1c0-32ab3afa7e97">
    <con:settings/>
    <con:config xsi:type="con:AssertionTestStep" xmlns:xsi="http://www.w3.org/2001/XMLSchema-instance">
      <con:entry>
        <con:id>23adc204-de83-4622-9044-e5dc5d9dbc87</con:id>
        <con:isGroup>false</con:isGroup>
        <con:sourceId>1dee6c13-7702-47e8-add6-1c140c30c757</con:sourceId>
        <con:propertyName>httpCode</con:propertyName>
        <con:assertion type="Simple Equals" name="Equals" id="841ec3a0-b885-4dd4-b896-431c93480f31">
          <con:configuration>
            <patternObjectId>ed47999d-52cc-4556-b643-5a1394572e39</patternObjectId>
            <patternProperty>httpCode200</patternProperty>
            <caseSensitive>true</caseSensitive>
          </con:configuration>
        </con:assertion>
      </con:entry>
      <con:entry>
        <con:id>1f448f2f-358c-43a2-8543-53b193845f59</con:id>
        <con:isGroup>false</con:isGroup>
        <con:sourceId>1dee6c13-7702-47e8-add6-1c140c30c757</con:sourceId>
        <con:propertyName>res_errorMessage</con:propertyName>
        <con:assertion type="Simple Contains" name="Contains" id="f39781b1-8d28-44b9-8072-2d3d6c42b5a9">
          <con:configuration>
            <token>^\s*$</token>
            <ignoreCase>false</ignoreCase>
            <useRegEx>true</useRegEx>
          </con:configuration>
        </con:assertion>
      </con:entry>
    </con:config>
  </con:testStep>
  <con:testStep type="transfer" name="Set update user info without external id fail" id="49601a97-5c28-449e-a793-aa90b21fd057">
    <con:settings/>
    <con:config xsi:type="con:PropertyTransfersStep" xmlns:xsi="http://www.w3.org/2001/XMLSchema-instance">
      <con:transfers setNullOnMissingSource="true" transferTextContent="true" failOnError="true" ignoreEmpty="false" transferToAll="false" entitize="false" transferChildNodes="false">
        <con:name>biSpecCode</con:name>
        <con:sourceType>updateUserBISpecCode</con:sourceType>
        <con:sourceStep>Given properties for the test steps</con:sourceStep>
        <con:sourcePath/>
        <con:targetType>req_biSpecCode</con:targetType>
        <con:targetStep>Update user info without external id fail</con:targetStep>
        <con:targetPath/>
        <con:upgraded>true</con:upgraded>
      </con:transfers>
      <con:transfers setNullOnMissingSource="true" transferTextContent="true" failOnError="true" ignoreEmpty="false" transferToAll="false" entitize="false" transferChildNodes="false">
        <con:name>newFirstName</con:name>
        <con:sourceType>newFirstName</con:sourceType>
        <con:sourceStep>Given properties for the test steps</con:sourceStep>
        <con:targetType>req_newFirstName</con:targetType>
        <con:targetStep>Update user info without external id fail</con:targetStep>
        <con:upgraded>true</con:upgraded>
      </con:transfers>
      <con:transfers setNullOnMissingSource="true" transferTextContent="true" failOnError="true" ignoreEmpty="false" transferToAll="false" entitize="false" transferChildNodes="false">
        <con:name>newLastName</con:name>
        <con:sourceType>newLastName</con:sourceType>
        <con:sourceStep>Given properties for the test steps</con:sourceStep>
        <con:targetType>req_newLastName</con:targetType>
        <con:targetStep>Update user info without external id fail</con:targetStep>
        <con:upgraded>true</con:upgraded>
      </con:transfers>
      <con:transfers setNullOnMissingSource="true" transferTextContent="true" failOnError="true" ignoreEmpty="false" transferToAll="false" entitize="false" transferChildNodes="false">
        <con:name>relatedUserId</con:name>
        <con:sourceType>relatedUserId</con:sourceType>
        <con:sourceStep>Given properties for the test steps</con:sourceStep>
        <con:targetType>req_relatedUserRoleId</con:targetType>
        <con:targetStep>Update user info without external id fail</con:targetStep>
        <con:upgraded>true</con:upgraded>
      </con:transfers>
      <con:transfers setNullOnMissingSource="true" transferTextContent="true" failOnError="true" ignoreEmpty="false" transferToAll="false" entitize="false" transferChildNodes="false">
        <con:name>createdForSalesOrg</con:name>
        <con:sourceType>createdForSalesOrganizationRoleId</con:sourceType>
        <con:sourceStep>#TestCase#</con:sourceStep>
        <con:targetType>req_createdForSalesOrg</con:targetType>
        <con:targetStep>Update user info without external id fail</con:targetStep>
        <con:upgraded>true</con:upgraded>
      </con:transfers>
      <con:transfers setNullOnMissingSource="true" transferTextContent="true" failOnError="true" ignoreEmpty="false" transferToAll="false" entitize="false" transferChildNodes="false">
        <con:name>userToken</con:name>
        <con:sourceType>userIntToken</con:sourceType>
        <con:sourceStep>Create sales organization, user, inventory and terminal</con:sourceStep>
        <con:targetType>AuthorizationIntUser</con:targetType>
        <con:targetStep>#Project#</con:targetStep>
        <con:upgraded>true</con:upgraded>
      </con:transfers>
      <con:transfers setNullOnMissingSource="true" transferTextContent="true" failOnError="true" ignoreEmpty="false" transferToAll="false" entitize="false" transferChildNodes="false">
        <con:name>userSo</con:name>
        <con:sourceType>res_salesOrgId</con:sourceType>
        <con:sourceStep>Create sales organization, user, inventory and terminal</con:sourceStep>
        <con:targetType>UserSo</con:targetType>
        <con:targetStep>#Project#</con:targetStep>
        <con:upgraded>true</con:upgraded>
      </con:transfers>
      <con:transfers setNullOnMissingSource="true" transferTextContent="true" failOnError="true" ignoreEmpty="false" transferToAll="false" entitize="false" transferChildNodes="false">
        <con:name>createdByUserRoleId</con:name>
        <con:sourceType>res_userRoleId</con:sourceType>
        <con:sourceStep>Create sales organization, user, inventory and terminal</con:sourceStep>
        <con:targetType>req_createdByUserRoleId</con:targetType>
        <con:targetStep>Update user info without external id fail</con:targetStep>
        <con:upgraded>true</con:upgraded>
      </con:transfers>
      <con:transfers setNullOnMissingSource="true" transferTextContent="true" failOnError="true" ignoreEmpty="false" transferToAll="false" entitize="false" transferChildNodes="false">
        <con:name>createdBySalesOrganizationId</con:name>
        <con:sourceType>res_salesOrgId</con:sourceType>
        <con:sourceStep>Create sales organization, user, inventory and terminal</con:sourceStep>
        <con:targetType>req_createdBySalesOrganizationId</con:targetType>
        <con:targetStep>Update user info without external id fail</con:targetStep>
        <con:upgraded>true</con:upgraded>
      </con:transfers>
    </con:config>
  </con:testStep>
  <con:testStep type="calltestcase" name="Update user info without external id fail" id="4eb3f7ad-5bd0-4176-9635-904cf6418d4b">
    <con:settings/>
    <con:config xsi:type="con:RunTestCaseStep" xmlns:xsi="http://www.w3.org/2001/XMLSchema-instance">
      <con:targetTestCase>b2ae52c7-4b3d-4e3b-b329-0d4d904b6d90</con:targetTestCase>
      <con:properties>
        <con:property>
          <con:name>req_biSpecCode</con:name>
          <con:value>BISPECCODE</con:value>
        </con:property>
        <con:property>
          <con:name>req_newFirstName</con:name>
          <con:value>Abuzer</con:value>
        </con:property>
        <con:property>
          <con:name>req_newLastName</con:name>
          <con:value>Kadayif</con:value>
        </con:property>
        <con:property>
          <con:name>req_relatedUserRoleId</con:name>
          <con:value>64</con:value>
        </con:property>
        <con:property>
          <con:name>req_createdForSalesOrg</con:name>
          <con:value>1</con:value>
        </con:property>
        <con:property>
          <con:name>res_biId</con:name>
          <con:value>911</con:value>
        </con:property>
        <con:property>
          <con:name>res_code</con:name>
          <con:value>201</con:value>
        </con:property>
        <con:property>
          <con:name>res_errorMessage</con:name>
          <con:value xsi:nil="true"/>
        </con:property>
        <con:property>
          <con:name>req_createdByUserRoleId</con:name>
          <con:value>60</con:value>
        </con:property>
        <con:property>
          <con:name>req_createdBySalesOrganizationId</con:name>
          <con:value>58</con:value>
        </con:property>
      </con:properties>
      <con:returnProperties>
        <con:entry>res_biId</con:entry>
        <con:entry>res_code</con:entry>
        <con:entry>res_errorMessage</con:entry>
      </con:returnProperties>
      <con:runMode>PARALLELL</con:runMode>
    </con:config>
  </con:testStep>
  <con:testStep type="assertionteststep" name="Assertion update user info without external id fail" id="82a12f3f-69c6-42d9-a7a2-07e7ea5c457a">
    <con:settings/>
    <con:config xsi:type="con:AssertionTestStep" xmlns:xsi="http://www.w3.org/2001/XMLSchema-instance">
      <con:entry>
        <con:id>f8098218-99e2-4f33-8076-2765de4fcc44</con:id>
        <con:isGroup>false</con:isGroup>
        <con:sourceId>4eb3f7ad-5bd0-4176-9635-904cf6418d4b</con:sourceId>
        <con:propertyName>res_code</con:propertyName>
        <con:assertion type="Simple Equals" name="Equals" id="eea3c4a3-e6d2-4440-b484-57fc4917290e">
          <con:configuration>
            <patternObjectId>ed47999d-52cc-4556-b643-5a1394572e39</patternObjectId>
            <patternProperty>httpCode201</patternProperty>
            <caseSensitive>true</caseSensitive>
          </con:configuration>
        </con:assertion>
      </con:entry>
      <con:entry>
        <con:id>499422da-26e5-4962-ac4b-06a8bc47d00b</con:id>
        <con:isGroup>false</con:isGroup>
        <con:sourceId>4eb3f7ad-5bd0-4176-9635-904cf6418d4b</con:sourceId>
        <con:propertyName>res_biId</con:propertyName>
        <con:assertion type="Simple Contains" name="Contains" id="c739b233-8fa7-4762-aeab-c85b69b91eeb">
          <con:configuration>
            <token>\d+</token>
            <ignoreCase>false</ignoreCase>
            <useRegEx>true</useRegEx>
          </con:configuration>
        </con:assertion>
      </con:entry>
    </con:config>
  </con:testStep>
  <con:testStep type="transfer" name="Set submit update user info without external id fail" id="52b36da3-fddb-4c0f-a0c9-61d74ac688d6">
    <con:settings/>
    <con:config xsi:type="con:PropertyTransfersStep" xmlns:xsi="http://www.w3.org/2001/XMLSchema-instance">
      <con:transfers setNullOnMissingSource="true" transferTextContent="true" failOnError="true" ignoreEmpty="false" transferToAll="false" entitize="false" transferChildNodes="false">
        <con:name>biId</con:name>
        <con:sourceType>res_biId</con:sourceType>
        <con:sourceStep>Update user info without external id fail</con:sourceStep>
        <con:sourcePath/>
        <con:targetType>req_biId</con:targetType>
        <con:targetStep>Submit update user info without external id fail</con:targetStep>
        <con:targetPath/>
        <con:upgraded>true</con:upgraded>
      </con:transfers>
    </con:config>
  </con:testStep>
  <con:testStep type="calltestcase" name="Submit update user info without external id fail" id="9023a4f0-3296-4b07-a2f3-cb6000a91dfc">
    <con:settings/>
    <con:config xsi:type="con:RunTestCaseStep" xmlns:xsi="http://www.w3.org/2001/XMLSchema-instance">
      <con:targetTestCase>a05b1999-4d06-4cf0-a357-73b0c1a2544f</con:targetTestCase>
      <con:properties>
        <con:property>
          <con:name>req_biId</con:name>
          <con:value>911</con:value>
        </con:property>
        <con:property>
          <con:name>res_code</con:name>
          <con:value>400</con:value>
        </con:property>
        <con:property>
          <con:name>res_errorMessage</con:name>
          <con:value>EXTERNAL_ID_MANDATORY</con:value>
        </con:property>
      </con:properties>
      <con:returnProperties>
        <con:entry>res_code</con:entry>
        <con:entry>res_errorMessage</con:entry>
      </con:returnProperties>
      <con:runMode>PARALLELL</con:runMode>
    </con:config>
  </con:testStep>
  <con:testStep type="assertionteststep" name="Assertion submit update user info without external id fail" id="dc8b2e3c-0402-4c9d-a84e-5827b5c9bc42">
    <con:settings/>
    <con:config xsi:type="con:AssertionTestStep" xmlns:xsi="http://www.w3.org/2001/XMLSchema-instance">
      <con:entry>
        <con:id>c5bbd785-39f2-48e8-a23d-a45182df6ca9</con:id>
        <con:isGroup>false</con:isGroup>
        <con:sourceId>9023a4f0-3296-4b07-a2f3-cb6000a91dfc</con:sourceId>
        <con:propertyName>res_code</con:propertyName>
        <con:assertion type="Simple Equals" name="Equals" id="e0b2a673-20d0-4516-b197-f90593649658">
          <con:configuration>
            <patternObjectId>ed47999d-52cc-4556-b643-5a1394572e39</patternObjectId>
            <patternProperty>httpCode400</patternProperty>
            <caseSensitive>true</caseSensitive>
          </con:configuration>
        </con:assertion>
      </con:entry>
      <con:entry>
        <con:id>1dd0d207-46d8-411f-b49c-b36140236275</con:id>
        <con:isGroup>false</con:isGroup>
        <con:sourceId>9023a4f0-3296-4b07-a2f3-cb6000a91dfc</con:sourceId>
        <con:propertyName>res_errorMessage</con:propertyName>
        <con:assertion type="Simple Equals" name="Equals 2" id="f1032c22-cf00-4fe4-97c0-1396e17c77c6">
          <con:configuration>
            <patternObjectId>ed47999d-52cc-4556-b643-5a1394572e39</patternObjectId>
            <patternProperty>errorMessageExternalIdMandatory</patternProperty>
            <caseSensitive>true</caseSensitive>
          </con:configuration>
        </con:assertion>
      </con:entry>
    </con:config>
  </con:testStep>
  <con:testStep type="transfer" name="Set update user info with empty externalId" id="20758c3b-d1d1-4bf7-9359-d0c3732a855d">
    <con:settings/>
    <con:config xsi:type="con:PropertyTransfersStep" xmlns:xsi="http://www.w3.org/2001/XMLSchema-instance">
      <con:transfers setNullOnMissingSource="true" transferTextContent="true" failOnError="true" ignoreEmpty="false" transferToAll="false" entitize="false" transferChildNodes="false">
        <con:name>biSpecCode</con:name>
        <con:sourceType>updateUserBISpecCode</con:sourceType>
        <con:sourceStep>Given properties for the test steps</con:sourceStep>
        <con:sourcePath/>
        <con:targetType>req_biSpecCode</con:targetType>
        <con:targetStep>Update user info with empty externalId</con:targetStep>
        <con:targetPath/>
        <con:upgraded>true</con:upgraded>
      </con:transfers>
      <con:transfers setNullOnMissingSource="true" transferTextContent="true" failOnError="true" ignoreEmpty="false" transferToAll="false" entitize="false" transferChildNodes="false">
        <con:name>createdForSalesOrg</con:name>
        <con:sourceType>createdForSalesOrganizationRoleId</con:sourceType>
        <con:sourceStep>#TestCase#</con:sourceStep>
        <con:targetType>req_createdForSalesOrg</con:targetType>
        <con:targetStep>Update user info with empty externalId</con:targetStep>
        <con:upgraded>true</con:upgraded>
      </con:transfers>
      <con:transfers setNullOnMissingSource="true" transferTextContent="true" failOnError="true" ignoreEmpty="false" transferToAll="false" entitize="false" transferChildNodes="false">
        <con:name>newFirstName</con:name>
        <con:sourceType>newFirstName</con:sourceType>
        <con:sourceStep>Given properties for the test steps</con:sourceStep>
        <con:targetType>req_newFirstName</con:targetType>
        <con:targetStep>Update user info with empty externalId</con:targetStep>
        <con:upgraded>true</con:upgraded>
      </con:transfers>
      <con:transfers setNullOnMissingSource="true" transferTextContent="true" failOnError="true" ignoreEmpty="false" transferToAll="false" entitize="false" transferChildNodes="false">
        <con:name>relatedUserId</con:name>
        <con:sourceType>relatedUserId</con:sourceType>
        <con:sourceStep>Given properties for the test steps</con:sourceStep>
        <con:targetType>req_relatedUserRoleId</con:targetType>
        <con:targetStep>Update user info with empty externalId</con:targetStep>
        <con:upgraded>true</con:upgraded>
      </con:transfers>
      <con:transfers setNullOnMissingSource="true" transferTextContent="true" failOnError="true" ignoreEmpty="false" transferToAll="false" entitize="false" transferChildNodes="false">
        <con:name>createdByUserRoleId</con:name>
        <con:sourceType>res_userRoleId</con:sourceType>
        <con:sourceStep>Create sales organization, user, inventory and terminal</con:sourceStep>
        <con:targetType>req_createdByUserRoleId</con:targetType>
        <con:targetStep>Update user info with empty externalId</con:targetStep>
        <con:upgraded>true</con:upgraded>
      </con:transfers>
      <con:transfers setNullOnMissingSource="true" transferTextContent="true" failOnError="true" ignoreEmpty="false" transferToAll="false" entitize="false" transferChildNodes="false">
        <con:name>createdBySalesOrganizationId</con:name>
        <con:sourceType>res_salesOrgId</con:sourceType>
        <con:sourceStep>Create sales organization, user, inventory and terminal</con:sourceStep>
        <con:targetType>req_createdBySalesOrganizationId</con:targetType>
        <con:targetStep>Update user info with empty externalId</con:targetStep>
        <con:upgraded>true</con:upgraded>
      </con:transfers>
    </con:config>
  </con:testStep>
  <con:testStep type="calltestcase" name="Update user info with empty externalId" id="e36242fe-63c9-479e-946a-7bb95f2dcfd8">
    <con:settings/>
    <con:config xsi:type="con:RunTestCaseStep" xmlns:xsi="http://www.w3.org/2001/XMLSchema-instance">
      <con:targetTestCase>b062419a-9aac-4b3b-bd4b-fea9c0dffb6d</con:targetTestCase>
      <con:properties>
        <con:property>
          <con:name>req_biSpecCode</con:name>
          <con:value>BISPECCODE</con:value>
        </con:property>
        <con:property>
          <con:name>req_newExternalId</con:name>
          <con:value xsi:nil="true"/>
        </con:property>
        <con:property>
          <con:name>req_newFirstName</con:name>
          <con:value>Abuzer</con:value>
        </con:property>
        <con:property>
          <con:name>req_newLastName</con:name>
          <con:value xsi:nil="true"/>
        </con:property>
        <con:property>
          <con:name>req_relatedUserRoleId</con:name>
          <con:value>64</con:value>
        </con:property>
        <con:property>
          <con:name>req_createdForSalesOrg</con:name>
          <con:value>1</con:value>
        </con:property>
        <con:property>
          <con:name>res_biId</con:name>
          <con:value>921</con:value>
        </con:property>
        <con:property>
          <con:name>res_errorMessage</con:name>
          <con:value xsi:nil="true"/>
        </con:property>
        <con:property>
          <con:name>res_code</con:name>
          <con:value>201</con:value>
        </con:property>
        <con:property>
          <con:name>req_createdByUserRoleId</con:name>
          <con:value>60</con:value>
        </con:property>
        <con:property>
          <con:name>req_createdBySalesOrganizationId</con:name>
          <con:value>58</con:value>
        </con:property>
      </con:properties>
      <con:returnProperties>
        <con:entry>res_biId</con:entry>
        <con:entry>res_code</con:entry>
        <con:entry>res_errorMessage</con:entry>
      </con:returnProperties>
      <con:runMode>PARALLELL</con:runMode>
    </con:config>
  </con:testStep>
  <con:testStep type="assertionteststep" name="Assertion update user info with empty externalId" id="67109840-579f-4eaa-84f0-4c154bf9036f">
    <con:settings/>
    <con:config xsi:type="con:AssertionTestStep" xmlns:xsi="http://www.w3.org/2001/XMLSchema-instance">
      <con:entry>
        <con:id>d213e574-c415-488b-a836-6bdaefb479c7</con:id>
        <con:isGroup>false</con:isGroup>
        <con:sourceId>e36242fe-63c9-479e-946a-7bb95f2dcfd8</con:sourceId>
        <con:propertyName>res_code</con:propertyName>
        <con:assertion type="Simple Equals" name="Equals" id="af388eff-45c1-4ce8-aba6-870405cf9f6b">
          <con:configuration>
            <patternObjectId>ed47999d-52cc-4556-b643-5a1394572e39</patternObjectId>
            <patternProperty>httpCode201</patternProperty>
            <caseSensitive>true</caseSensitive>
          </con:configuration>
        </con:assertion>
      </con:entry>
    </con:config>
  </con:testStep>
  <con:testStep type="transfer" name="Set submit update user info with empty externalId" id="8702b3c1-304c-40cc-8ce9-46443ad2af09">
    <con:settings/>
    <con:config xsi:type="con:PropertyTransfersStep" xmlns:xsi="http://www.w3.org/2001/XMLSchema-instance">
      <con:transfers setNullOnMissingSource="true" transferTextContent="true" failOnError="true" ignoreEmpty="false" transferToAll="false" entitize="false" transferChildNodes="false">
        <con:name>biıd</con:name>
        <con:sourceType>res_biId</con:sourceType>
        <con:sourceStep>Update user info with empty externalId</con:sourceStep>
        <con:sourcePath/>
        <con:targetType>req_biId</con:targetType>
        <con:targetStep>Submit update user info with empty externalId</con:targetStep>
        <con:targetPath/>
        <con:upgraded>true</con:upgraded>
      </con:transfers>
    </con:config>
  </con:testStep>
  <con:testStep type="calltestcase" name="Submit update user info with empty externalId" id="26d57be0-811f-410e-9aae-ee5d230c640f">
    <con:settings/>
    <con:config xsi:type="con:RunTestCaseStep" xmlns:xsi="http://www.w3.org/2001/XMLSchema-instance">
      <con:targetTestCase>a05b1999-4d06-4cf0-a357-73b0c1a2544f</con:targetTestCase>
      <con:properties>
        <con:property>
          <con:name>req_biId</con:name>
          <con:value>921</con:value>
        </con:property>
        <con:property>
          <con:name>res_code</con:name>
          <con:value>400</con:value>
        </con:property>
        <con:property>
          <con:name>res_errorMessage</con:name>
          <con:value>EXTERNAL_ID_MANDATORY</con:value>
        </con:property>
      </con:properties>
      <con:returnProperties>
        <con:entry>res_code</con:entry>
        <con:entry>res_errorMessage</con:entry>
      </con:returnProperties>
      <con:runMode>PARALLELL</con:runMode>
    </con:config>
  </con:testStep>
  <con:testStep type="assertionteststep" name="Assertion submit update user info with empty externalId" id="7961908b-1b4d-4d43-bdc7-f9187b8db2a0">
    <con:settings/>
    <con:config xsi:type="con:AssertionTestStep" xmlns:xsi="http://www.w3.org/2001/XMLSchema-instance">
      <con:entry>
        <con:id>b2d45d8a-9005-40d9-9f8b-76331080517f</con:id>
        <con:isGroup>false</con:isGroup>
        <con:sourceId>26d57be0-811f-410e-9aae-ee5d230c640f</con:sourceId>
        <con:propertyName>res_code</con:propertyName>
        <con:assertion type="Simple Equals" name="Equals" id="270618f9-52d9-4f9a-9430-b5fb81827421">
          <con:configuration>
            <patternObjectId>ed47999d-52cc-4556-b643-5a1394572e39</patternObjectId>
            <patternProperty>httpCode400</patternProperty>
            <caseSensitive>true</caseSensitive>
          </con:configuration>
        </con:assertion>
      </con:entry>
      <con:entry>
        <con:id>8ba0e77c-b9be-4c72-812f-d0aaa54d168e</con:id>
        <con:isGroup>false</con:isGroup>
        <con:sourceId>26d57be0-811f-410e-9aae-ee5d230c640f</con:sourceId>
        <con:propertyName>res_errorMessage</con:propertyName>
        <con:assertion type="Simple Equals" name="Equals 2" id="eb98a403-3c8f-4113-8124-5b06a92cd315">
          <con:configuration>
            <patternObjectId>ed47999d-52cc-4556-b643-5a1394572e39</patternObjectId>
            <patternProperty>errorMessageExternalIdMandatory</patternProperty>
            <caseSensitive>true</caseSensitive>
          </con:configuration>
        </con:assertion>
      </con:entry>
    </con:config>
  </con:testStep>
  <con:testStep type="transfer" name="Set update user info without first and last name fail" id="82fc71ab-44a4-4b53-a506-e38f4698cf7c">
    <con:settings/>
    <con:config xsi:type="con:PropertyTransfersStep" xmlns:xsi="http://www.w3.org/2001/XMLSchema-instance">
      <con:transfers setNullOnMissingSource="true" transferTextContent="true" failOnError="true" ignoreEmpty="false" transferToAll="false" entitize="false" transferChildNodes="false">
        <con:name>biSpecCode</con:name>
        <con:sourceType>updateUserBISpecCode</con:sourceType>
        <con:sourceStep>Given properties for the test steps</con:sourceStep>
        <con:sourcePath/>
        <con:targetType>req_biSpecCode</con:targetType>
        <con:targetStep>Update user info without first and last name fail</con:targetStep>
        <con:targetPath/>
        <con:upgraded>true</con:upgraded>
      </con:transfers>
      <con:transfers setNullOnMissingSource="true" transferTextContent="true" failOnError="true" ignoreEmpty="false" transferToAll="false" entitize="false" transferChildNodes="false">
        <con:name>externalId</con:name>
        <con:sourceType>newExternalId</con:sourceType>
        <con:sourceStep>Given properties for the test steps</con:sourceStep>
        <con:targetType>req_newExternalId</con:targetType>
        <con:targetStep>Update user info without first and last name fail</con:targetStep>
        <con:upgraded>true</con:upgraded>
      </con:transfers>
      <con:transfers setNullOnMissingSource="true" transferTextContent="true" failOnError="true" ignoreEmpty="false" transferToAll="false" entitize="false" transferChildNodes="false">
        <con:name>relatedUserId</con:name>
        <con:sourceType>relatedUserId</con:sourceType>
        <con:sourceStep>Given properties for the test steps</con:sourceStep>
        <con:targetType>req_relatedUserRoleId</con:targetType>
        <con:targetStep>Update user info without first and last name fail</con:targetStep>
        <con:upgraded>true</con:upgraded>
      </con:transfers>
      <con:transfers setNullOnMissingSource="true" transferTextContent="true" failOnError="true" ignoreEmpty="false" transferToAll="false" entitize="false" transferChildNodes="false">
        <con:name>createdForSalesOrg</con:name>
        <con:sourceType>createdForSalesOrganizationRoleId</con:sourceType>
        <con:sourceStep>#TestCase#</con:sourceStep>
        <con:targetType>req_createdForSalesOrg</con:targetType>
        <con:targetStep>Update user info without first and last name fail</con:targetStep>
        <con:upgraded>true</con:upgraded>
      </con:transfers>
      <con:transfers setNullOnMissingSource="true" transferTextContent="true" failOnError="true" ignoreEmpty="false" transferToAll="false" entitize="false" transferChildNodes="false">
        <con:name>createdBySalesOrganizationId</con:name>
        <con:sourceType>res_salesOrgId</con:sourceType>
        <con:sourceStep>Create sales organization, user, inventory and terminal</con:sourceStep>
        <con:targetType>req_createdBySalesOrganizationId</con:targetType>
        <con:targetStep>Update user info without first and last name fail</con:targetStep>
        <con:upgraded>true</con:upgraded>
      </con:transfers>
      <con:transfers setNullOnMissingSource="true" transferTextContent="true" failOnError="true" ignoreEmpty="false" transferToAll="false" entitize="false" transferChildNodes="false">
        <con:name>createdByUserRoleId</con:name>
        <con:sourceType>res_userRoleId</con:sourceType>
        <con:sourceStep>Create sales organization, user, inventory and terminal</con:sourceStep>
        <con:targetType>req_createdByUserRoleId</con:targetType>
        <con:targetStep>Update user info without first and last name fail</con:targetStep>
        <con:upgraded>true</con:upgraded>
      </con:transfers>
    </con:config>
  </con:testStep>
  <con:testStep type="calltestcase" name="Update user info without first and last name fail" id="303b9545-0c74-4416-a728-04c244e0e8bd">
    <con:settings/>
    <con:config xsi:type="con:RunTestCaseStep" xmlns:xsi="http://www.w3.org/2001/XMLSchema-instance">
      <con:targetTestCase>96868ea1-191d-45ae-b205-615ad25105a0</con:targetTestCase>
      <con:properties>
        <con:property>
          <con:name>req_biSpecCode</con:name>
          <con:value>BISPECCODE</con:value>
        </con:property>
        <con:property>
          <con:name>req_newExternalId</con:name>
          <con:value>newExternalId-${=java.util.UUID.randomUUID()}</con:value>
        </con:property>
        <con:property>
          <con:name>req_relatedUserRoleId</con:name>
          <con:value>64</con:value>
        </con:property>
        <con:property>
          <con:name>res_biId</con:name>
          <con:value>931</con:value>
        </con:property>
        <con:property>
          <con:name>req_createdForSalesOrg</con:name>
          <con:value>1</con:value>
        </con:property>
        <con:property>
          <con:name>res_code</con:name>
          <con:value>201</con:value>
        </con:property>
        <con:property>
          <con:name>res_errorMessage</con:name>
          <con:value xsi:nil="true"/>
        </con:property>
        <con:property>
          <con:name>req_newLastName</con:name>
          <con:value>Baggio</con:value>
        </con:property>
        <con:property>
          <con:name>req_createdByUserRoleId</con:name>
          <con:value>60</con:value>
        </con:property>
        <con:property>
          <con:name>req_createdBySalesOrganizationId</con:name>
          <con:value>58</con:value>
        </con:property>
      </con:properties>
      <con:returnProperties>
        <con:entry>res_biId</con:entry>
        <con:entry>res_code</con:entry>
        <con:entry>res_errorMessage</con:entry>
      </con:returnProperties>
      <con:runMode>PARALLELL</con:runMode>
    </con:config>
  </con:testStep>
  <con:testStep type="assertionteststep" name="Assertion update user info without first and last name fail" id="8dafb691-2e0e-487c-bc48-094f0ae27aed">
    <con:settings/>
    <con:config xsi:type="con:AssertionTestStep" xmlns:xsi="http://www.w3.org/2001/XMLSchema-instance">
      <con:entry>
        <con:id>4da5e489-b796-4045-8b10-b9db59af72f8</con:id>
        <con:isGroup>false</con:isGroup>
        <con:sourceId>303b9545-0c74-4416-a728-04c244e0e8bd</con:sourceId>
        <con:propertyName>res_code</con:propertyName>
        <con:assertion type="Simple Equals" name="Equals" id="4be6fdcc-b9e8-425d-8f59-bbc871b32176">
          <con:configuration>
            <patternObjectId>ed47999d-52cc-4556-b643-5a1394572e39</patternObjectId>
            <patternProperty>httpCode201</patternProperty>
            <caseSensitive>true</caseSensitive>
          </con:configuration>
        </con:assertion>
      </con:entry>
      <con:entry>
        <con:id>2ab9d936-e520-4154-8dc6-e7d14a75bb6a</con:id>
        <con:isGroup>false</con:isGroup>
        <con:sourceId>303b9545-0c74-4416-a728-04c244e0e8bd</con:sourceId>
        <con:propertyName>res_biId</con:propertyName>
        <con:assertion type="Simple Contains" name="Contains" id="b2454cb4-4399-4c30-b088-2858aba6feed">
          <con:configuration>
            <token>\d+</token>
            <ignoreCase>false</ignoreCase>
            <useRegEx>true</useRegEx>
          </con:configuration>
        </con:assertion>
      </con:entry>
    </con:config>
  </con:testStep>
  <con:testStep type="transfer" name="Set submit update user info without first and last name fail" id="a25c1ab3-c0fa-437d-bb4b-ed739a2ced2f">
    <con:settings/>
    <con:config xsi:type="con:PropertyTransfersStep" xmlns:xsi="http://www.w3.org/2001/XMLSchema-instance">
      <con:transfers setNullOnMissingSource="true" transferTextContent="true" failOnError="true" ignoreEmpty="false" transferToAll="false" entitize="false" transferChildNodes="false">
        <con:name>biId</con:name>
        <con:sourceType>res_biId</con:sourceType>
        <con:sourceStep>Update user info without first and last name fail</con:sourceStep>
        <con:sourcePath/>
        <con:targetType>req_biId</con:targetType>
        <con:targetStep>Submit update user info without first and last name fail</con:targetStep>
        <con:targetPath/>
        <con:upgraded>true</con:upgraded>
      </con:transfers>
    </con:config>
  </con:testStep>
  <con:testStep type="calltestcase" name="Submit update user info without first and last name fail" id="4d974a1d-de32-4c28-b032-629dab391731">
    <con:settings/>
    <con:config xsi:type="con:RunTestCaseStep" xmlns:xsi="http://www.w3.org/2001/XMLSchema-instance">
      <con:targetTestCase>a05b1999-4d06-4cf0-a357-73b0c1a2544f</con:targetTestCase>
      <con:properties>
        <con:property>
          <con:name>req_biId</con:name>
          <con:value>931</con:value>
        </con:property>
        <con:property>
          <con:name>res_code</con:name>
          <con:value>400</con:value>
        </con:property>
        <con:property>
          <con:name>res_errorMessage</con:name>
          <con:value>FIRST_NAME_OR_LAST_NAME_CAN_NOT_BE_NULL_OR_EMPTY</con:value>
        </con:property>
      </con:properties>
      <con:returnProperties>
        <con:entry>res_code</con:entry>
        <con:entry>res_errorMessage</con:entry>
      </con:returnProperties>
      <con:runMode>PARALLELL</con:runMode>
    </con:config>
  </con:testStep>
  <con:testStep type="assertionteststep" name="Assertion submit update user info without first and last name fail" id="6bdba33f-f18c-456b-b1f1-c1fe5ffa3882">
    <con:settings/>
    <con:config xsi:type="con:AssertionTestStep" xmlns:xsi="http://www.w3.org/2001/XMLSchema-instance">
      <con:entry>
        <con:id>fb47cdde-fb51-4dc5-8b77-2d216fbc8b0b</con:id>
        <con:isGroup>false</con:isGroup>
        <con:sourceId>4d974a1d-de32-4c28-b032-629dab391731</con:sourceId>
        <con:propertyName>res_code</con:propertyName>
        <con:assertion type="Simple Equals" name="Equals" id="236cf20e-ddd7-4dfd-85ae-b7380ae6c642">
          <con:configuration>
            <patternObjectId>ed47999d-52cc-4556-b643-5a1394572e39</patternObjectId>
            <patternProperty>httpCode400</patternProperty>
            <caseSensitive>true</caseSensitive>
          </con:configuration>
        </con:assertion>
      </con:entry>
      <con:entry>
        <con:id>fed46e94-aa3e-4f0c-8ab5-5cd1b0da8b73</con:id>
        <con:isGroup>false</con:isGroup>
        <con:sourceId>4d974a1d-de32-4c28-b032-629dab391731</con:sourceId>
        <con:propertyName>res_errorMessage</con:propertyName>
        <con:assertion type="Simple Equals" name="Equals 2" id="384952cb-c265-4cfb-915b-402d5f5a7d00">
          <con:configuration>
            <patternObjectId>ed47999d-52cc-4556-b643-5a1394572e39</patternObjectId>
            <patternProperty>errorMessageFirstAndLastNameMandatory</patternProperty>
            <caseSensitive>true</caseSensitive>
          </con:configuration>
        </con:assertion>
      </con:entry>
    </con:config>
  </con:testStep>
  <con:testStep type="transfer" name="Set update user info with all parameters" id="d8c53ffa-17e2-44c7-910c-871687b2e5cd">
    <con:settings/>
    <con:config xsi:type="con:PropertyTransfersStep" xmlns:xsi="http://www.w3.org/2001/XMLSchema-instance">
      <con:transfers setNullOnMissingSource="true" transferTextContent="true" failOnError="true" ignoreEmpty="false" transferToAll="false" entitize="false" transferChildNodes="false">
        <con:name>biSpecCode</con:name>
        <con:sourceType>updateUserBISpecCode</con:sourceType>
        <con:sourceStep>Given properties for the test steps</con:sourceStep>
        <con:sourcePath/>
        <con:targetType>req_biSpecCode</con:targetType>
        <con:targetStep>Update user info with all parameters</con:targetStep>
        <con:targetPath/>
        <con:upgraded>true</con:upgraded>
      </con:transfers>
      <con:transfers setNullOnMissingSource="true" transferTextContent="true" failOnError="true" ignoreEmpty="false" transferToAll="false" entitize="false" transferChildNodes="false">
        <con:name>newFirstName</con:name>
        <con:sourceType>newFirstName</con:sourceType>
        <con:sourceStep>Given properties for the test steps</con:sourceStep>
        <con:targetType>req_newFirstName</con:targetType>
        <con:targetStep>Update user info with all parameters</con:targetStep>
        <con:upgraded>true</con:upgraded>
      </con:transfers>
      <con:transfers setNullOnMissingSource="true" transferTextContent="true" failOnError="true" ignoreEmpty="false" transferToAll="false" entitize="false" transferChildNodes="false">
        <con:name>newLastName</con:name>
        <con:sourceType>newLastName</con:sourceType>
        <con:sourceStep>Given properties for the test steps</con:sourceStep>
        <con:targetType>req_newLastName</con:targetType>
        <con:targetStep>Update user info with all parameters</con:targetStep>
        <con:upgraded>true</con:upgraded>
      </con:transfers>
      <con:transfers setNullOnMissingSource="true" transferTextContent="true" failOnError="true" ignoreEmpty="false" transferToAll="false" entitize="false" transferChildNodes="false">
        <con:name>newForceToUseSession</con:name>
        <con:sourceType>newForceToUseSession</con:sourceType>
        <con:sourceStep>Given properties for the test steps</con:sourceStep>
        <con:targetType>req_newForceToUseSession</con:targetType>
        <con:targetStep>Update user info with all parameters</con:targetStep>
        <con:upgraded>true</con:upgraded>
      </con:transfers>
      <con:transfers setNullOnMissingSource="true" transferTextContent="true" failOnError="true" ignoreEmpty="false" transferToAll="false" entitize="false" transferChildNodes="false">
        <con:name>newGender</con:name>
        <con:sourceType>newGender</con:sourceType>
        <con:sourceStep>Given properties for the test steps</con:sourceStep>
        <con:targetType>req_newGender</con:targetType>
        <con:targetStep>Update user info with all parameters</con:targetStep>
        <con:upgraded>true</con:upgraded>
      </con:transfers>
      <con:transfers setNullOnMissingSource="true" transferTextContent="true" failOnError="true" ignoreEmpty="false" transferToAll="false" entitize="false" transferChildNodes="false">
        <con:name>newMailAddress</con:name>
        <con:sourceType>newEmailAddress</con:sourceType>
        <con:sourceStep>Given properties for the test steps</con:sourceStep>
        <con:targetType>req_newMailAddress</con:targetType>
        <con:targetStep>Update user info with all parameters</con:targetStep>
        <con:upgraded>true</con:upgraded>
      </con:transfers>
      <con:transfers setNullOnMissingSource="true" transferTextContent="true" failOnError="true" ignoreEmpty="false" transferToAll="false" entitize="false" transferChildNodes="false">
        <con:name>newMiddleName</con:name>
        <con:sourceType>newMiddleName</con:sourceType>
        <con:sourceStep>Given properties for the test steps</con:sourceStep>
        <con:targetType>req_newMiddleName</con:targetType>
        <con:targetStep>Update user info with all parameters</con:targetStep>
        <con:upgraded>true</con:upgraded>
      </con:transfers>
      <con:transfers setNullOnMissingSource="true" transferTextContent="true" failOnError="true" ignoreEmpty="false" transferToAll="false" entitize="false" transferChildNodes="false">
        <con:name>newExternalId</con:name>
        <con:sourceType>newExternalId</con:sourceType>
        <con:sourceStep>Given properties for the test steps</con:sourceStep>
        <con:targetType>req_newExternalId</con:targetType>
        <con:targetStep>Update user info with all parameters</con:targetStep>
        <con:upgraded>true</con:upgraded>
      </con:transfers>
      <con:transfers setNullOnMissingSource="true" transferTextContent="true" failOnError="true" ignoreEmpty="false" transferToAll="false" entitize="false" transferChildNodes="false">
        <con:name>relatedUserId</con:name>
        <con:sourceType>relatedUserId</con:sourceType>
        <con:sourceStep>Given properties for the test steps</con:sourceStep>
        <con:targetType>req_relatedUserRoleId</con:targetType>
        <con:targetStep>Update user info with all parameters</con:targetStep>
        <con:upgraded>true</con:upgraded>
      </con:transfers>
      <con:transfers setNullOnMissingSource="true" transferTextContent="true" failOnError="true" ignoreEmpty="false" transferToAll="false" entitize="false" transferChildNodes="false">
        <con:name>createdForSalesOrg</con:name>
        <con:sourceType>createdForSalesOrganizationRoleId</con:sourceType>
        <con:sourceStep>#TestCase#</con:sourceStep>
        <con:targetType>req_createdForSalesOrg</con:targetType>
        <con:targetStep>Update user info with all parameters</con:targetStep>
        <con:upgraded>true</con:upgraded>
      </con:transfers>
      <con:transfers setNullOnMissingSource="true" transferTextContent="true" failOnError="true" ignoreEmpty="false" transferToAll="false" entitize="false" transferChildNodes="false">
        <con:name>createdByUserRoleId</con:name>
        <con:sourceType>res_userRoleId</con:sourceType>
        <con:sourceStep>Create sales organization, user, inventory and terminal</con:sourceStep>
        <con:targetType>req_createdByUserRoleId</con:targetType>
        <con:targetStep>Update user info with all parameters</con:targetStep>
        <con:upgraded>true</con:upgraded>
      </con:transfers>
      <con:transfers setNullOnMissingSource="true" transferTextContent="true" failOnError="true" ignoreEmpty="false" transferToAll="false" entitize="false" transferChildNodes="false">
        <con:name>createdBySalesOrganizationId</con:name>
        <con:sourceType>res_salesOrgId</con:sourceType>
        <con:sourceStep>Create sales organization, user, inventory and terminal</con:sourceStep>
        <con:targetType>req_createdBySalesOrganizationId</con:targetType>
        <con:targetStep>Update user info with all parameters</con:targetStep>
        <con:upgraded>true</con:upgraded>
      </con:transfers>
    </con:config>
  </con:testStep>
  <con:testStep type="calltestcase" name="Update user info with all parameters" id="f33b19e9-2a69-43e1-9237-aaa20bdb2e0b">
    <con:settings/>
    <con:config xsi:type="con:RunTestCaseStep" xmlns:xsi="http://www.w3.org/2001/XMLSchema-instance">
      <con:targetTestCase>66b44697-b900-4946-abb6-b9d7ad140d5e</con:targetTestCase>
      <con:properties>
        <con:property>
          <con:name>req_biSpecCode</con:name>
          <con:value>BISPECCODE</con:value>
        </con:property>
        <con:property>
          <con:name>req_newFirstName</con:name>
          <con:value>Abuzer</con:value>
        </con:property>
        <con:property>
          <con:name>req_newForceToUseSession</con:name>
          <con:value>true</con:value>
        </con:property>
        <con:property>
          <con:name>req_newGender</con:name>
          <con:value>female</con:value>
        </con:property>
        <con:property>
          <con:name>req_newLastName</con:name>
          <con:value>Kadayif</con:value>
        </con:property>
        <con:property>
          <con:name>req_newMailAddress</con:name>
          <con:value>abuzer.kadayif@mail.com</con:value>
        </con:property>
        <con:property>
          <con:name>req_newMiddleName</con:name>
          <con:value>Keskul</con:value>
        </con:property>
        <con:property>
          <con:name>req_newExternalId</con:name>
          <con:value>newExternalId-${=java.util.UUID.randomUUID()}</con:value>
        </con:property>
        <con:property>
          <con:name>req_relatedUserRoleId</con:name>
          <con:value>64</con:value>
        </con:property>
        <con:property>
          <con:name>req_createdForSalesOrg</con:name>
          <con:value>1</con:value>
        </con:property>
        <con:property>
          <con:name>res_biId</con:name>
          <con:value>941</con:value>
        </con:property>
        <con:property>
          <con:name>res_code</con:name>
          <con:value>201</con:value>
        </con:property>
        <con:property>
          <con:name>res_errorMessage</con:name>
          <con:value xsi:nil="true"/>
        </con:property>
        <con:property>
          <con:name>res_externalId</con:name>
          <con:value>newExternalId-65d767c5-5c43-4edb-a364-b02c8d85cbfc</con:value>
        </con:property>
        <con:property>
          <con:name>req_createdByUserRoleId</con:name>
          <con:value>60</con:value>
        </con:property>
        <con:property>
          <con:name>req_createdBySalesOrganizationId</con:name>
          <con:value>58</con:value>
        </con:property>
      </con:properties>
      <con:returnProperties>
        <con:entry>res_biId</con:entry>
        <con:entry>res_code</con:entry>
        <con:entry>res_errorMessage</con:entry>
        <con:entry>res_externalId</con:entry>
      </con:returnProperties>
      <con:runMode>PARALLELL</con:runMode>
    </con:config>
  </con:testStep>
  <con:testStep type="assertionteststep" name="Assertion update user info with all parameters" id="f29e4e47-ea46-40de-a6ef-412b6b86603b">
    <con:settings/>
    <con:config xsi:type="con:AssertionTestStep" xmlns:xsi="http://www.w3.org/2001/XMLSchema-instance">
      <con:entry>
        <con:id>ffae9167-5c21-476d-b32f-c8433d884953</con:id>
        <con:isGroup>false</con:isGroup>
        <con:sourceId>f33b19e9-2a69-43e1-9237-aaa20bdb2e0b</con:sourceId>
        <con:propertyName>res_code</con:propertyName>
        <con:assertion type="Simple Equals" name="Equals" id="53d44571-23a4-4156-8592-7b47fb6882af">
          <con:configuration>
            <patternObjectId>ed47999d-52cc-4556-b643-5a1394572e39</patternObjectId>
            <patternProperty>httpCode201</patternProperty>
            <caseSensitive>true</caseSensitive>
          </con:configuration>
        </con:assertion>
      </con:entry>
    </con:config>
  </con:testStep>
  <con:testStep type="transfer" name="Set submit update user info with all parameters" id="fff90909-b532-4625-9261-336ddac2e0b2">
    <con:settings/>
    <con:config xsi:type="con:PropertyTransfersStep" xmlns:xsi="http://www.w3.org/2001/XMLSchema-instance">
      <con:transfers setNullOnMissingSource="true" transferTextContent="true" failOnError="true" ignoreEmpty="false" transferToAll="false" entitize="false" transferChildNodes="false">
        <con:name>biId</con:name>
        <con:sourceType>res_biId</con:sourceType>
        <con:sourceStep>Update user info with all parameters</con:sourceStep>
        <con:sourcePath/>
        <con:targetType>req_biId</con:targetType>
        <con:targetStep>Submit update user info with all parameters</con:targetStep>
        <con:targetPath/>
        <con:upgraded>true</con:upgraded>
      </con:transfers>
    </con:config>
  </con:testStep>
  <con:testStep type="calltestcase" name="Submit update user info with all parameters" id="fb982d61-818b-40a3-b3aa-6a9dcae1ebb6">
    <con:settings/>
    <con:config xsi:type="con:RunTestCaseStep" xmlns:xsi="http://www.w3.org/2001/XMLSchema-instance">
      <con:targetTestCase>a05b1999-4d06-4cf0-a357-73b0c1a2544f</con:targetTestCase>
      <con:properties>
        <con:property>
          <con:name>req_biId</con:name>
          <con:value>941</con:value>
        </con:property>
        <con:property>
          <con:name>res_code</con:name>
          <con:value>200</con:value>
        </con:property>
        <con:property>
          <con:name>res_errorMessage</con:name>
          <con:value xsi:nil="true"/>
        </con:property>
      </con:properties>
      <con:returnProperties>
        <con:entry>res_code</con:entry>
        <con:entry>res_errorMessage</con:entry>
      </con:returnProperties>
      <con:runMode>PARALLELL</con:runMode>
    </con:config>
  </con:testStep>
  <con:testStep type="assertionteststep" name="Assertion submit update user info with all parameters" id="0f1169c0-1186-4c12-aab4-d9f2c97f3668">
    <con:settings/>
    <con:config xsi:type="con:AssertionTestStep" xmlns:xsi="http://www.w3.org/2001/XMLSchema-instance">
      <con:entry>
        <con:id>a7627a01-4972-496c-b2eb-ec415771a9e7</con:id>
        <con:isGroup>false</con:isGroup>
        <con:sourceId>fb982d61-818b-40a3-b3aa-6a9dcae1ebb6</con:sourceId>
        <con:propertyName>res_code</con:propertyName>
        <con:assertion type="Simple Equals" name="Equals" id="530dc397-00a1-446a-b073-f3ff36bc0302">
          <con:configuration>
            <patternObjectId>ed47999d-52cc-4556-b643-5a1394572e39</patternObjectId>
            <patternProperty>httpCode200</patternProperty>
            <caseSensitive>true</caseSensitive>
          </con:configuration>
        </con:assertion>
      </con:entry>
    </con:config>
  </con:testStep>
  <con:testStep type="transfer" name="Set update user info with all parameters for 2nd id" id="b25d6350-1472-4f3d-b660-d86784c0acba">
    <con:settings/>
    <con:config xsi:type="con:PropertyTransfersStep" xmlns:xsi="http://www.w3.org/2001/XMLSchema-instance">
      <con:transfers setNullOnMissingSource="true" transferTextContent="true" failOnError="true" ignoreEmpty="false" transferToAll="false" entitize="false" transferChildNodes="false">
        <con:name>biSpecCode</con:name>
        <con:sourceType>updateUserBISpecCode</con:sourceType>
        <con:sourceStep>Given properties for the test steps</con:sourceStep>
        <con:sourcePath/>
        <con:targetType>req_biSpecCode</con:targetType>
        <con:targetStep>Update user info with all parameters for 2nd id</con:targetStep>
        <con:targetPath/>
        <con:upgraded>true</con:upgraded>
      </con:transfers>
      <con:transfers setNullOnMissingSource="true" transferTextContent="true" failOnError="true" ignoreEmpty="false" transferToAll="false" entitize="false" transferChildNodes="false">
        <con:name>newFirstName</con:name>
        <con:sourceType>newFirstName</con:sourceType>
        <con:sourceStep>Given properties for the test steps</con:sourceStep>
        <con:targetType>req_newFirstName</con:targetType>
        <con:targetStep>Update user info with all parameters for 2nd id</con:targetStep>
        <con:upgraded>true</con:upgraded>
      </con:transfers>
      <con:transfers setNullOnMissingSource="true" transferTextContent="true" failOnError="true" ignoreEmpty="false" transferToAll="false" entitize="false" transferChildNodes="false">
        <con:name>newLastName</con:name>
        <con:sourceType>newLastName</con:sourceType>
        <con:sourceStep>Given properties for the test steps</con:sourceStep>
        <con:targetType>req_newLastName</con:targetType>
        <con:targetStep>Update user info with all parameters for 2nd id</con:targetStep>
        <con:upgraded>true</con:upgraded>
      </con:transfers>
      <con:transfers setNullOnMissingSource="true" transferTextContent="true" failOnError="true" ignoreEmpty="false" transferToAll="false" entitize="false" transferChildNodes="false">
        <con:name>newForceToUseSession</con:name>
        <con:sourceType>newForceToUseSession</con:sourceType>
        <con:sourceStep>Given properties for the test steps</con:sourceStep>
        <con:targetType>req_newForceToUseSession</con:targetType>
        <con:targetStep>Update user info with all parameters for 2nd id</con:targetStep>
        <con:upgraded>true</con:upgraded>
      </con:transfers>
      <con:transfers setNullOnMissingSource="true" transferTextContent="true" failOnError="true" ignoreEmpty="false" transferToAll="false" entitize="false" transferChildNodes="false">
        <con:name>newGender</con:name>
        <con:sourceType>newGender</con:sourceType>
        <con:sourceStep>Given properties for the test steps</con:sourceStep>
        <con:targetType>req_newGender</con:targetType>
        <con:targetStep>Update user info with all parameters for 2nd id</con:targetStep>
        <con:upgraded>true</con:upgraded>
      </con:transfers>
      <con:transfers setNullOnMissingSource="true" transferTextContent="true" failOnError="true" ignoreEmpty="false" transferToAll="false" entitize="false" transferChildNodes="false">
        <con:name>newMailAddress</con:name>
        <con:sourceType>newEmailAddress</con:sourceType>
        <con:sourceStep>Given properties for the test steps</con:sourceStep>
        <con:targetType>req_newMailAddress</con:targetType>
        <con:targetStep>Update user info with all parameters for 2nd id</con:targetStep>
        <con:upgraded>true</con:upgraded>
      </con:transfers>
      <con:transfers setNullOnMissingSource="true" transferTextContent="true" failOnError="true" ignoreEmpty="false" transferToAll="false" entitize="false" transferChildNodes="false">
        <con:name>newMiddleName</con:name>
        <con:sourceType>newMiddleName</con:sourceType>
        <con:sourceStep>Given properties for the test steps</con:sourceStep>
        <con:targetType>req_newMiddleName</con:targetType>
        <con:targetStep>Update user info with all parameters for 2nd id</con:targetStep>
        <con:upgraded>true</con:upgraded>
      </con:transfers>
      <con:transfers setNullOnMissingSource="true" transferTextContent="true" failOnError="true" ignoreEmpty="false" transferToAll="false" entitize="false" transferChildNodes="false">
        <con:name>newExternalId</con:name>
        <con:sourceType>userExternalId2nd</con:sourceType>
        <con:sourceStep>Given properties for the test steps</con:sourceStep>
        <con:targetType>req_newExternalId</con:targetType>
        <con:targetStep>Update user info with all parameters for 2nd id</con:targetStep>
        <con:upgraded>true</con:upgraded>
      </con:transfers>
      <con:transfers setNullOnMissingSource="true" transferTextContent="true" failOnError="true" ignoreEmpty="false" transferToAll="false" entitize="false" transferChildNodes="false">
        <con:name>relatedUserId</con:name>
        <con:sourceType>res_userRoleId</con:sourceType>
        <con:sourceStep>Display user by external id for 2nd id</con:sourceStep>
        <con:targetType>req_relatedUserRoleId</con:targetType>
        <con:targetStep>Update user info with all parameters for 2nd id</con:targetStep>
        <con:upgraded>true</con:upgraded>
      </con:transfers>
      <con:transfers setNullOnMissingSource="true" transferTextContent="true" failOnError="true" ignoreEmpty="false" transferToAll="false" entitize="false" transferChildNodes="false">
        <con:name>userIntToken</con:name>
        <con:sourceType>userIntToken</con:sourceType>
        <con:sourceStep>Create sales organization, user, inventory and terminal for 2nd id</con:sourceStep>
        <con:targetType>AuthorizationIntUser</con:targetType>
        <con:targetStep>#Project#</con:targetStep>
        <con:upgraded>true</con:upgraded>
      </con:transfers>
      <con:transfers setNullOnMissingSource="true" transferTextContent="true" failOnError="true" ignoreEmpty="false" transferToAll="false" entitize="false" transferChildNodes="false">
        <con:name>userSo</con:name>
        <con:sourceType>res_salesOrgId</con:sourceType>
        <con:sourceStep>Create sales organization, user, inventory and terminal for 2nd id</con:sourceStep>
        <con:targetType>UserSo</con:targetType>
        <con:targetStep>#Project#</con:targetStep>
        <con:upgraded>true</con:upgraded>
      </con:transfers>
      <con:transfers setNullOnMissingSource="true" transferTextContent="true" failOnError="true" ignoreEmpty="false" transferToAll="false" entitize="false" transferChildNodes="false">
        <con:name>createdForSalesOrg</con:name>
        <con:sourceType>createdForSalesOrganizationRoleId</con:sourceType>
        <con:sourceStep>#TestCase#</con:sourceStep>
        <con:targetType>req_createdForSalesOrg</con:targetType>
        <con:targetStep>Update user info with all parameters for 2nd id</con:targetStep>
        <con:upgraded>true</con:upgraded>
      </con:transfers>
      <con:transfers setNullOnMissingSource="true" transferTextContent="true" failOnError="true" ignoreEmpty="false" transferToAll="false" entitize="false" transferChildNodes="false">
        <con:name>createdBySalesOrganizationId</con:name>
        <con:sourceType>res_salesOrgId</con:sourceType>
        <con:sourceStep>Create sales organization, user, inventory and terminal</con:sourceStep>
        <con:targetType>req_createdBySalesOrganizationId</con:targetType>
        <con:targetStep>Update user info with all parameters for 2nd id</con:targetStep>
        <con:upgraded>true</con:upgraded>
      </con:transfers>
      <con:transfers setNullOnMissingSource="true" transferTextContent="true" failOnError="true" ignoreEmpty="false" transferToAll="false" entitize="false" transferChildNodes="false">
        <con:name>createdByUserRoleId</con:name>
        <con:sourceType>res_userRoleId</con:sourceType>
        <con:sourceStep>Create sales organization, user, inventory and terminal</con:sourceStep>
        <con:targetType>req_createdByUserRoleId</con:targetType>
        <con:targetStep>Update user info with all parameters for 2nd id</con:targetStep>
        <con:upgraded>true</con:upgraded>
      </con:transfers>
    </con:config>
  </con:testStep>
  <con:testStep type="calltestcase" name="Update user info with all parameters for 2nd id" id="867f40c4-1ea8-47ba-9a30-e2e4f09fcabc">
    <con:settings/>
    <con:config xsi:type="con:RunTestCaseStep" xmlns:xsi="http://www.w3.org/2001/XMLSchema-instance">
      <con:targetTestCase>66b44697-b900-4946-abb6-b9d7ad140d5e</con:targetTestCase>
      <con:properties>
        <con:property>
          <con:name>req_biSpecCode</con:name>
          <con:value>BISPECCODE</con:value>
        </con:property>
        <con:property>
          <con:name>req_newFirstName</con:name>
          <con:value>Abuzer</con:value>
        </con:property>
        <con:property>
          <con:name>req_newForceToUseSession</con:name>
          <con:value>true</con:value>
        </con:property>
        <con:property>
          <con:name>req_newGender</con:name>
          <con:value>female</con:value>
        </con:property>
        <con:property>
          <con:name>req_newLastName</con:name>
          <con:value>Kadayif</con:value>
        </con:property>
        <con:property>
          <con:name>req_newMailAddress</con:name>
          <con:value>abuzer.kadayif@mail.com</con:value>
        </con:property>
        <con:property>
          <con:name>req_newMiddleName</con:name>
          <con:value>Keskul</con:value>
        </con:property>
        <con:property>
          <con:name>req_newExternalId</con:name>
          <con:value>bilbobaggins${=java.util.UUID.randomUUID()}</con:value>
        </con:property>
        <con:property>
          <con:name>req_relatedUserRoleId</con:name>
          <con:value>65</con:value>
        </con:property>
        <con:property>
          <con:name>req_createdForSalesOrg</con:name>
          <con:value>1</con:value>
        </con:property>
        <con:property>
          <con:name>res_biId</con:name>
          <con:value>951</con:value>
        </con:property>
        <con:property>
          <con:name>res_code</con:name>
          <con:value>201</con:value>
        </con:property>
        <con:property>
          <con:name>res_errorMessage</con:name>
          <con:value xsi:nil="true"/>
        </con:property>
        <con:property>
          <con:name>res_externalId</con:name>
          <con:value>bilbobaggins298801b1-5247-4522-a0ce-dc26a69a13cd</con:value>
        </con:property>
        <con:property>
          <con:name>req_createdByUserRoleId</con:name>
          <con:value>60</con:value>
        </con:property>
        <con:property>
          <con:name>req_createdBySalesOrganizationId</con:name>
          <con:value>58</con:value>
        </con:property>
      </con:properties>
      <con:returnProperties>
        <con:entry>res_biId</con:entry>
        <con:entry>res_code</con:entry>
        <con:entry>res_errorMessage</con:entry>
        <con:entry>res_externalId</con:entry>
      </con:returnProperties>
      <con:runMode>PARALLELL</con:runMode>
    </con:config>
  </con:testStep>
  <con:testStep type="assertionteststep" name="Assertion update user info with all parameters for 2nd id" id="706177df-4f4b-4c3f-8ccf-167c1c17f7cb">
    <con:settings/>
    <con:config xsi:type="con:AssertionTestStep" xmlns:xsi="http://www.w3.org/2001/XMLSchema-instance">
      <con:entry>
        <con:id>eb83a0a7-9bcd-499b-b826-44e4dc9c6043</con:id>
        <con:isGroup>false</con:isGroup>
        <con:sourceId>ed47999d-52cc-4556-b643-5a1394572e39</con:sourceId>
        <con:propertyName>httpCode201</con:propertyName>
        <con:assertion type="Simple Equals" name="Equals" id="81f26bca-fc0a-44bd-9d8e-ed511805c2aa">
          <con:configuration>
            <patternObjectId>867f40c4-1ea8-47ba-9a30-e2e4f09fcabc</patternObjectId>
            <patternProperty>res_code</patternProperty>
            <caseSensitive>true</caseSensitive>
          </con:configuration>
        </con:assertion>
      </con:entry>
    </con:config>
  </con:testStep>
  <con:testStep type="transfer" name="Set submit update user info with all parameters for 2n id" id="7655aa28-3e61-45f7-87f7-55b23125eab2">
    <con:settings/>
    <con:config xsi:type="con:PropertyTransfersStep" xmlns:xsi="http://www.w3.org/2001/XMLSchema-instance">
      <con:transfers setNullOnMissingSource="true" transferTextContent="true" failOnError="true" ignoreEmpty="false" transferToAll="false" entitize="false" transferChildNodes="false">
        <con:name>biId</con:name>
        <con:sourceType>res_biId</con:sourceType>
        <con:sourceStep>Update user info with all parameters for 2nd id</con:sourceStep>
        <con:sourcePath/>
        <con:targetType>req_biId</con:targetType>
        <con:targetStep>Submit update user info with all parameters for 2nd id</con:targetStep>
        <con:targetPath/>
        <con:upgraded>true</con:upgraded>
      </con:transfers>
    </con:config>
  </con:testStep>
  <con:testStep type="calltestcase" name="Submit update user info with all parameters for 2nd id" id="2da189d7-9ad9-4ca5-8108-61dc8a0b5151">
    <con:settings/>
    <con:config xsi:type="con:RunTestCaseStep" xmlns:xsi="http://www.w3.org/2001/XMLSchema-instance">
      <con:targetTestCase>a05b1999-4d06-4cf0-a357-73b0c1a2544f</con:targetTestCase>
      <con:properties>
        <con:property>
          <con:name>req_biId</con:name>
          <con:value>951</con:value>
        </con:property>
        <con:property>
          <con:name>res_code</con:name>
          <con:value>200</con:value>
        </con:property>
        <con:property>
          <con:name>res_errorMessage</con:name>
          <con:value xsi:nil="true"/>
        </con:property>
      </con:properties>
      <con:returnProperties>
        <con:entry>res_code</con:entry>
        <con:entry>res_errorMessage</con:entry>
      </con:returnProperties>
      <con:runMode>PARALLELL</con:runMode>
    </con:config>
  </con:testStep>
  <con:testStep type="assertionteststep" name="Assertion submit update user info with all parameters for 2nd id" id="b5e5690c-c406-4f34-bf08-c9109c14b367">
    <con:settings/>
    <con:config xsi:type="con:AssertionTestStep" xmlns:xsi="http://www.w3.org/2001/XMLSchema-instance">
      <con:entry>
        <con:id>abdc5c0c-4818-4485-89a6-2b024719d572</con:id>
        <con:isGroup>false</con:isGroup>
        <con:sourceId>ed47999d-52cc-4556-b643-5a1394572e39</con:sourceId>
        <con:propertyName>httpCode200</con:propertyName>
        <con:assertion type="Simple Equals" name="Equals" id="ab17741a-228c-450c-b33a-46fb69169005">
          <con:configuration>
            <patternObjectId>2da189d7-9ad9-4ca5-8108-61dc8a0b5151</patternObjectId>
            <patternProperty>res_code</patternProperty>
            <caseSensitive>true</caseSensitive>
          </con:configuration>
        </con:assertion>
      </con:entry>
    </con:config>
  </con:testStep>
  <con:testStep type="transfer" name="Set display user information by INT" id="3ec0d5dc-b59e-4fce-9b95-14ceb6fbe891">
    <con:settings/>
    <con:config xsi:type="con:PropertyTransfersStep" xmlns:xsi="http://www.w3.org/2001/XMLSchema-instance">
      <con:transfers setNullOnMissingSource="true" transferTextContent="true" failOnError="true" ignoreEmpty="false" transferToAll="false" entitize="false" transferChildNodes="false">
        <con:name>userRoleId</con:name>
        <con:sourceType>relatedUserId</con:sourceType>
        <con:sourceStep>Given properties for the test steps</con:sourceStep>
        <con:sourcePath/>
        <con:targetType>req_userRoleId</con:targetType>
        <con:targetStep>Display user information by INT</con:targetStep>
        <con:targetPath/>
        <con:upgraded>true</con:upgraded>
      </con:transfers>
    </con:config>
  </con:testStep>
  <con:testStep type="calltestcase" name="Display user information by INT" id="a27f7882-a83d-48c2-b091-54e714257585">
    <con:settings/>
    <con:config xsi:type="con:RunTestCaseStep" xmlns:xsi="http://www.w3.org/2001/XMLSchema-instance">
      <con:targetTestCase>59f4ff49-0696-46b4-a0fa-ff1eeb875f29</con:targetTestCase>
      <con:properties>
        <con:property>
          <con:name>req_userRoleId</con:name>
          <con:value>64</con:value>
        </con:property>
        <con:property>
          <con:name>res_status</con:name>
          <con:value>200</con:value>
        </con:property>
        <con:property>
          <con:name>res_id</con:name>
          <con:value>64</con:value>
        </con:property>
        <con:property>
          <con:name>res_name</con:name>
          <con:value>Abuzer Keskul Kadayif</con:value>
        </con:property>
      </con:properties>
      <con:returnProperties>
        <con:entry>res_status</con:entry>
        <con:entry>res_id</con:entry>
        <con:entry>res_name</con:entry>
      </con:returnProperties>
      <con:runMode>PARALLELL</con:runMode>
    </con:config>
  </con:testStep>
  <con:testStep type="assertionteststep" name="Assertion display user information by INT" id="73b9a47b-1812-480d-8837-4794df8832d2">
    <con:settings/>
    <con:config xsi:type="con:AssertionTestStep" xmlns:xsi="http://www.w3.org/2001/XMLSchema-instance">
      <con:entry>
        <con:id>d8a21cb2-1697-4cf3-9ee8-846559138473</con:id>
        <con:isGroup>false</con:isGroup>
        <con:sourceId>a27f7882-a83d-48c2-b091-54e714257585</con:sourceId>
        <con:propertyName>res_status</con:propertyName>
        <con:assertion type="Simple Equals" name="Equals" id="463fa284-c9c0-4092-a2f4-1bd8333cc978">
          <con:configuration>
            <patternObjectId>ed47999d-52cc-4556-b643-5a1394572e39</patternObjectId>
            <patternProperty>httpCode200</patternProperty>
            <caseSensitive>true</caseSensitive>
          </con:configuration>
        </con:assertion>
      </con:entry>
      <con:entry>
        <con:id>9b02fd9f-d007-48c6-a26d-522019942929</con:id>
        <con:isGroup>false</con:isGroup>
        <con:sourceId>a27f7882-a83d-48c2-b091-54e714257585</con:sourceId>
        <con:propertyName>res_name</con:propertyName>
        <con:assertion type="Simple Equals" name="Equals 2" id="e8694d27-ac3e-422b-9a0c-b7ec7dde3a8a">
          <con:configuration>
            <patternObjectId>ed47999d-52cc-4556-b643-5a1394572e39</patternObjectId>
            <patternProperty>newName</patternProperty>
            <caseSensitive>true</caseSensitive>
          </con:configuration>
        </con:assertion>
      </con:entry>
    </con:config>
  </con:testStep>
  <con:testStep type="transfer" name="Set display user information EXT" id="5725f1ff-af43-4dce-9933-72783b6514c3">
    <con:settings/>
    <con:config xsi:type="con:PropertyTransfersStep" xmlns:xsi="http://www.w3.org/2001/XMLSchema-instance">
      <con:transfers setNullOnMissingSource="true" transferTextContent="true" failOnError="true" ignoreEmpty="false" transferToAll="false" entitize="false" transferChildNodes="false">
        <con:name>userId</con:name>
        <con:sourceType>relatedUserId</con:sourceType>
        <con:sourceStep>Given properties for the test steps</con:sourceStep>
        <con:sourcePath/>
        <con:targetType>req_userId</con:targetType>
        <con:targetStep>Display user information by EXT</con:targetStep>
        <con:targetPath/>
        <con:upgraded>true</con:upgraded>
      </con:transfers>
    </con:config>
  </con:testStep>
  <con:testStep type="calltestcase" name="Display user information by EXT" id="f720d7e9-2cab-4d8a-ae41-3eae65f006bc">
    <con:settings/>
    <con:config xsi:type="con:RunTestCaseStep" xmlns:xsi="http://www.w3.org/2001/XMLSchema-instance">
      <con:targetTestCase>d8d05d28-853c-4d2d-890e-bd00afa7c45c</con:targetTestCase>
      <con:properties>
        <con:property>
          <con:name>req_userId</con:name>
          <con:value>64</con:value>
        </con:property>
        <con:property>
          <con:name>res_userId</con:name>
          <con:value>64</con:value>
        </con:property>
        <con:property>
          <con:name>res_userStatus</con:name>
          <con:value>Active</con:value>
        </con:property>
        <con:property>
          <con:name>res_externalId</con:name>
          <con:value>newExternalId-65d767c5-5c43-4edb-a364-b02c8d85cbfc</con:value>
        </con:property>
        <con:property>
          <con:name>res_firstName</con:name>
          <con:value>Abuzer</con:value>
        </con:property>
        <con:property>
          <con:name>res_lastName</con:name>
          <con:value>Kadayif</con:value>
        </con:property>
        <con:property>
          <con:name>res_middleName</con:name>
          <con:value>Keskul</con:value>
        </con:property>
        <con:property>
          <con:name>res_gender</con:name>
          <con:value>female</con:value>
        </con:property>
        <con:property>
          <con:name>res_name</con:name>
          <con:value>Abuzer Keskul Kadayif</con:value>
        </con:property>
        <con:property>
          <con:name>res_email</con:name>
          <con:value>abuzer.kadayif@mail.com</con:value>
        </con:property>
        <con:property>
          <con:name>res_forceToUseSession</con:name>
          <con:value>true</con:value>
        </con:property>
        <con:property>
          <con:name>res_status</con:name>
        </con:property>
        <con:property>
          <con:name>res_errorMessage</con:name>
        </con:property>
      </con:properties>
      <con:returnProperties>
        <con:entry>res_userId</con:entry>
        <con:entry>res_userStatus</con:entry>
        <con:entry>res_externalId</con:entry>
        <con:entry>res_firstName</con:entry>
        <con:entry>res_lastName</con:entry>
        <con:entry>res_middleName</con:entry>
        <con:entry>res_gender</con:entry>
        <con:entry>res_name</con:entry>
        <con:entry>res_email</con:entry>
        <con:entry>res_forceToUseSession</con:entry>
      </con:returnProperties>
      <con:runMode>PARALLELL</con:runMode>
    </con:config>
  </con:testStep>
  <con:testStep type="assertionteststep" name="Assertion display user information by EXT" id="fefa596e-3e0e-4ef4-b57e-a51298367867">
    <con:settings/>
    <con:config xsi:type="con:AssertionTestStep" xmlns:xsi="http://www.w3.org/2001/XMLSchema-instance">
      <con:entry>
        <con:id>7b3bcf24-bf85-4de8-ae12-4bafc19b28ef</con:id>
        <con:isGroup>false</con:isGroup>
        <con:sourceId>f720d7e9-2cab-4d8a-ae41-3eae65f006bc</con:sourceId>
        <con:propertyName>res_externalId</con:propertyName>
        <con:assertion type="Simple Equals" name="Equals" id="018a080d-e554-419c-9d92-f1979da2df34">
          <con:configuration>
            <patternObjectId>f33b19e9-2a69-43e1-9237-aaa20bdb2e0b</patternObjectId>
            <patternProperty>res_externalId</patternProperty>
            <caseSensitive>true</caseSensitive>
          </con:configuration>
        </con:assertion>
      </con:entry>
      <con:entry>
        <con:id>1e06ca67-f079-4293-b39d-72bcecbf89d6</con:id>
        <con:isGroup>false</con:isGroup>
        <con:sourceId>f720d7e9-2cab-4d8a-ae41-3eae65f006bc</con:sourceId>
        <con:propertyName>res_firstName</con:propertyName>
        <con:assertion type="Simple Equals" name="Equals 2" id="26be1f61-99f7-47cf-844a-2117a3c26912">
          <con:configuration>
            <patternObjectId>ed47999d-52cc-4556-b643-5a1394572e39</patternObjectId>
            <patternProperty>newFirstName</patternProperty>
            <caseSensitive>true</caseSensitive>
          </con:configuration>
        </con:assertion>
      </con:entry>
      <con:entry>
        <con:id>45a0047f-0ac7-4aa5-a3af-698149fe2c03</con:id>
        <con:isGroup>false</con:isGroup>
        <con:sourceId>f720d7e9-2cab-4d8a-ae41-3eae65f006bc</con:sourceId>
        <con:propertyName>res_lastName</con:propertyName>
        <con:assertion type="Simple Equals" name="Equals 3" id="0072f7b6-8c5b-435c-9036-500bfc299d0f">
          <con:configuration>
            <patternObjectId>ed47999d-52cc-4556-b643-5a1394572e39</patternObjectId>
            <patternProperty>newLastName</patternProperty>
            <caseSensitive>true</caseSensitive>
          </con:configuration>
        </con:assertion>
      </con:entry>
      <con:entry>
        <con:id>225dd468-9531-4fe8-8814-a84bf8be1261</con:id>
        <con:isGroup>false</con:isGroup>
        <con:sourceId>f720d7e9-2cab-4d8a-ae41-3eae65f006bc</con:sourceId>
        <con:propertyName>res_middleName</con:propertyName>
        <con:assertion type="Simple Equals" name="Equals 4" id="4da880c7-b011-4a7c-94fb-55deb9b3a7ed">
          <con:configuration>
            <patternObjectId>ed47999d-52cc-4556-b643-5a1394572e39</patternObjectId>
            <patternProperty>newMiddleName</patternProperty>
            <caseSensitive>true</caseSensitive>
          </con:configuration>
        </con:assertion>
      </con:entry>
      <con:entry>
        <con:id>0c957740-d5f5-48d1-8e37-905b1f5edebf</con:id>
        <con:isGroup>false</con:isGroup>
        <con:sourceId>f720d7e9-2cab-4d8a-ae41-3eae65f006bc</con:sourceId>
        <con:propertyName>res_gender</con:propertyName>
        <con:assertion type="Simple Equals" name="Equals 5" id="f745f4a3-6cc8-4af2-8c71-91f5886e78d5">
          <con:configuration>
            <patternObjectId>ed47999d-52cc-4556-b643-5a1394572e39</patternObjectId>
            <patternProperty>newGender</patternProperty>
            <caseSensitive>true</caseSensitive>
          </con:configuration>
        </con:assertion>
      </con:entry>
      <con:entry>
        <con:id>f90ea3e3-742f-4077-a1f7-6edc0c778a80</con:id>
        <con:isGroup>false</con:isGroup>
        <con:sourceId>f720d7e9-2cab-4d8a-ae41-3eae65f006bc</con:sourceId>
        <con:propertyName>res_email</con:propertyName>
        <con:assertion type="Simple Equals" name="Equals 6" id="cbfab35d-7d7a-4671-971d-b3129102a6bc">
          <con:configuration>
            <patternObjectId>ed47999d-52cc-4556-b643-5a1394572e39</patternObjectId>
            <patternProperty>newEmailAddress</patternProperty>
            <caseSensitive>true</caseSensitive>
          </con:configuration>
        </con:assertion>
      </con:entry>
      <con:entry>
        <con:id>ba0bec98-7c8e-45e9-baec-eb0753d74a53</con:id>
        <con:isGroup>false</con:isGroup>
        <con:sourceId>f720d7e9-2cab-4d8a-ae41-3eae65f006bc</con:sourceId>
        <con:propertyName>res_forceToUseSession</con:propertyName>
        <con:assertion type="Simple Equals" name="Equals 7" id="b803168e-6e6b-403c-b3f5-1e1ec3134333">
          <con:configuration>
            <patternObjectId>ed47999d-52cc-4556-b643-5a1394572e39</patternObjectId>
            <patternProperty>newForceToUseSession</patternProperty>
            <caseSensitive>true</caseSensitive>
          </con:configuration>
        </con:assertion>
      </con:entry>
      <con:entry>
        <con:id>d64d0b96-ac46-48d7-8b43-b197abc8767d</con:id>
        <con:isGroup>false</con:isGroup>
        <con:sourceId>f720d7e9-2cab-4d8a-ae41-3eae65f006bc</con:sourceId>
        <con:propertyName>res_name</con:propertyName>
        <con:assertion type="Simple Equals" name="Equals 8" id="d2566640-ede7-4031-b2cc-c4a8cd2baa3b">
          <con:configuration>
            <patternObjectId>ed47999d-52cc-4556-b643-5a1394572e39</patternObjectId>
            <patternProperty>newName</patternProperty>
            <caseSensitive>true</caseSensitive>
          </con:configuration>
        </con:assertion>
      </con:entry>
    </con:config>
  </con:testStep>
  <con:testStep type="transfer" name="Set display account user fail" id="5325fc4a-3ccb-4453-9e4c-571c017d0eec">
    <con:settings/>
    <con:config xsi:type="con:PropertyTransfersStep" xmlns:xsi="http://www.w3.org/2001/XMLSchema-instance">
      <con:transfers setNullOnMissingSource="true" transferTextContent="true" failOnError="true" ignoreEmpty="false" transferToAll="false" entitize="false" transferChildNodes="false">
        <con:name>userRoleId</con:name>
        <con:sourceType>notExistId</con:sourceType>
        <con:sourceStep>Given properties for the test steps</con:sourceStep>
        <con:sourcePath/>
        <con:targetType>req_userId</con:targetType>
        <con:targetStep>Display user account fail</con:targetStep>
        <con:targetPath/>
        <con:upgraded>true</con:upgraded>
      </con:transfers>
    </con:config>
  </con:testStep>
  <con:testStep type="calltestcase" name="Display user account fail" id="b5e6e516-946c-448b-9bd8-ac2161b16307">
    <con:settings/>
    <con:config xsi:type="con:RunTestCaseStep" xmlns:xsi="http://www.w3.org/2001/XMLSchema-instance">
      <con:targetTestCase>d8a34ea8-819c-4de5-8178-e3f8362d158a</con:targetTestCase>
      <con:properties>
        <con:property>
          <con:name>req_userId</con:name>
          <con:value>-1</con:value>
        </con:property>
        <con:property>
          <con:name>res_accountId</con:name>
        </con:property>
        <con:property>
          <con:name>res_accountName</con:name>
        </con:property>
        <con:property>
          <con:name>res_notRoundedAmount</con:name>
        </con:property>
        <con:property>
          <con:name>res_roundedAmount</con:name>
        </con:property>
        <con:property>
          <con:name>res_errorMessage</con:name>
          <con:value>USER_NOT_ACTIVE_OR_EXISTS</con:value>
        </con:property>
        <con:property>
          <con:name>res_httpStatus</con:name>
          <con:value>400</con:value>
        </con:property>
      </con:properties>
      <con:returnProperties>
        <con:entry>res_errorMessage</con:entry>
        <con:entry>res_httpStatus</con:entry>
      </con:returnProperties>
      <con:runMode>PARALLELL</con:runMode>
    </con:config>
  </con:testStep>
  <con:testStep type="assertionteststep" name="Assertion user is not found" id="45cf6fad-9e8e-440b-b285-33993ef0bc78">
    <con:settings/>
    <con:config xsi:type="con:AssertionTestStep" xmlns:xsi="http://www.w3.org/2001/XMLSchema-instance">
      <con:entry>
        <con:id>fc72374d-2ad1-42ed-85e8-0a75d8c720c7</con:id>
        <con:isGroup>false</con:isGroup>
        <con:sourceId>b5e6e516-946c-448b-9bd8-ac2161b16307</con:sourceId>
        <con:propertyName>res_errorMessage</con:propertyName>
        <con:assertion type="Simple Equals" name="Equals" id="3df85692-a855-4da7-a3e8-ebdc780c5549">
          <con:configuration>
            <patternObjectId>ed47999d-52cc-4556-b643-5a1394572e39</patternObjectId>
            <patternProperty>userNotActiveOrExists</patternProperty>
            <caseSensitive>true</caseSensitive>
          </con:configuration>
        </con:assertion>
      </con:entry>
      <con:entry>
        <con:id>0a2816b5-1c81-4f9f-8e04-3bc0d8fb40a7</con:id>
        <con:isGroup>false</con:isGroup>
        <con:sourceId>b5e6e516-946c-448b-9bd8-ac2161b16307</con:sourceId>
        <con:propertyName>res_httpStatus</con:propertyName>
        <con:assertion type="Simple Equals" name="Equals 2" id="38968adf-2539-43d2-bb4e-dba6f8a1acb4">
          <con:configuration>
            <patternObjectId>ed47999d-52cc-4556-b643-5a1394572e39</patternObjectId>
            <patternProperty>httpCode400</patternProperty>
            <caseSensitive>true</caseSensitive>
          </con:configuration>
        </con:assertion>
      </con:entry>
    </con:config>
  </con:testStep>
  <con:testStep type="transfer" name="Set display user's account" id="490b760c-b1ca-4419-85a0-2b9b87f962a9">
    <con:settings/>
    <con:config xsi:type="con:PropertyTransfersStep" xmlns:xsi="http://www.w3.org/2001/XMLSchema-instance">
      <con:transfers setNullOnMissingSource="true" transferTextContent="true" failOnError="true" ignoreEmpty="false" transferToAll="false" entitize="false" transferChildNodes="false">
        <con:name>userId</con:name>
        <con:sourceType>relatedUserId</con:sourceType>
        <con:sourceStep>Given properties for the test steps</con:sourceStep>
        <con:sourcePath/>
        <con:targetType>req_userId</con:targetType>
        <con:targetStep>Display user's account</con:targetStep>
        <con:targetPath/>
        <con:upgraded>true</con:upgraded>
      </con:transfers>
    </con:config>
  </con:testStep>
  <con:testStep type="calltestcase" name="Display user's account" id="1bd1ce93-ad41-4947-b96c-98aaf1b3da3e">
    <con:settings/>
    <con:config xsi:type="con:RunTestCaseStep" xmlns:xsi="http://www.w3.org/2001/XMLSchema-instance">
      <con:targetTestCase>d8a34ea8-819c-4de5-8178-e3f8362d158a</con:targetTestCase>
      <con:properties>
        <con:property>
          <con:name>req_userId</con:name>
          <con:value>64</con:value>
        </con:property>
        <con:property>
          <con:name>res_accountId</con:name>
          <con:value>29</con:value>
        </con:property>
        <con:property>
          <con:name>res_accountName</con:name>
          <con:value>User Account : Abuzer Keskul Kadayif-name-sc330b719-98c2-489e-8914-4ca46beadb1f</con:value>
        </con:property>
        <con:property>
          <con:name>res_notRoundedAmount</con:name>
          <con:value>0.0</con:value>
        </con:property>
        <con:property>
          <con:name>res_roundedAmount</con:name>
          <con:value>0.0</con:value>
        </con:property>
        <con:property>
          <con:name>res_errorMessage</con:name>
        </con:property>
        <con:property>
          <con:name>res_httpStatus</con:name>
        </con:property>
      </con:properties>
      <con:returnProperties>
        <con:entry>res_accountId</con:entry>
        <con:entry>res_accountName</con:entry>
        <con:entry>res_notRoundedAmount</con:entry>
        <con:entry>res_roundedAmount</con:entry>
      </con:returnProperties>
      <con:runMode>PARALLELL</con:runMode>
    </con:config>
  </con:testStep>
  <con:testStep type="datagen" name="DataGen for balance" id="824700a7-c35a-45ca-9b4e-a92dae579a14">
    <con:settings/>
    <con:config xsi:type="con:DataGeneratorStep" xmlns:xsi="http://www.w3.org/2001/XMLSchema-instance">
      <con:property type="Script">
        <con:configuration>
          <script>def roundedAmount = context.expand( '${Display user\'s account#res_roundedAmount}' );

return roundedAmount[0].toInteger();</script>
        </con:configuration>
        <con:name>roundedAmount</con:name>
        <con:mode>STEP</con:mode>
        <con:shared>false</con:shared>
      </con:property>
      <con:property type="Script">
        <con:configuration>
          <script>def res_notRoundedAmount = context.expand( '${Display user\'s account#res_notRoundedAmount}' );

return res_notRoundedAmount[0].toInteger();</script>
        </con:configuration>
        <con:name>notRoundedAmount</con:name>
        <con:mode>STEP</con:mode>
        <con:shared>false</con:shared>
      </con:property>
    </con:config>
  </con:testStep>
  <con:testStep type="assertionteststep" name="Assertion display user's account" id="934bc4a0-3957-4ea3-8cfd-11aebf2a60e8">
    <con:settings/>
    <con:config xsi:type="con:AssertionTestStep" xmlns:xsi="http://www.w3.org/2001/XMLSchema-instance">
      <con:entry>
        <con:id>0218f7d0-579f-4bd5-b080-200b627c6ad8</con:id>
        <con:isGroup>false</con:isGroup>
        <con:sourceId>1bd1ce93-ad41-4947-b96c-98aaf1b3da3e</con:sourceId>
        <con:propertyName>res_accountName</con:propertyName>
        <con:assertion type="Simple Contains" name="Contains" id="4b2f8f29-6de2-40c5-9f64-7b7724e8eefa">
          <con:configuration>
            <token>Abuzer Keskul Kadayif</token>
            <ignoreCase>false</ignoreCase>
            <useRegEx>false</useRegEx>
          </con:configuration>
        </con:assertion>
      </con:entry>
      <con:entry>
        <con:id>f0b1b6f2-1aab-414b-852a-64d10bae8c81</con:id>
        <con:isGroup>false</con:isGroup>
        <con:sourceId>824700a7-c35a-45ca-9b4e-a92dae579a14</con:sourceId>
        <con:propertyName>roundedAmount</con:propertyName>
        <con:assertion type="Simple Equals" name="Equals" id="a224bcc4-e1ec-499a-a143-b99186ec9174">
          <con:configuration>
            <patternObjectId>ed47999d-52cc-4556-b643-5a1394572e39</patternObjectId>
            <patternProperty>zero</patternProperty>
            <caseSensitive>true</caseSensitive>
          </con:configuration>
        </con:assertion>
      </con:entry>
      <con:entry>
        <con:id>4374c023-2865-46c1-aae0-07eaef93e0a5</con:id>
        <con:isGroup>false</con:isGroup>
        <con:sourceId>824700a7-c35a-45ca-9b4e-a92dae579a14</con:sourceId>
        <con:propertyName>notRoundedAmount</con:propertyName>
        <con:assertion type="Simple Equals" name="Equals 2" id="a8246760-5617-4bee-a317-175320bf0ce3">
          <con:configuration>
            <patternObjectId>ed47999d-52cc-4556-b643-5a1394572e39</patternObjectId>
            <patternProperty>zero</patternProperty>
            <caseSensitive>true</caseSensitive>
          </con:configuration>
        </con:assertion>
      </con:entry>
    </con:config>
  </con:testStep>
  <con:testStep type="transfer" name="Set update user information with different user's external id - fail" id="453afd9d-d6f0-4fec-8b56-eac3ff16d442">
    <con:settings/>
    <con:config xsi:type="con:PropertyTransfersStep" xmlns:xsi="http://www.w3.org/2001/XMLSchema-instance">
      <con:transfers setNullOnMissingSource="true" transferTextContent="true" failOnError="true" ignoreEmpty="false" transferToAll="false" entitize="false" transferChildNodes="false">
        <con:name>biSpecCode</con:name>
        <con:sourceType>updateUserBISpecCode</con:sourceType>
        <con:sourceStep>Given properties for the test steps</con:sourceStep>
        <con:sourcePath/>
        <con:targetType>req_biSpecCode</con:targetType>
        <con:targetStep>Update user information with different user's  external id - fail</con:targetStep>
        <con:targetPath/>
        <con:upgraded>true</con:upgraded>
      </con:transfers>
      <con:transfers setNullOnMissingSource="true" transferTextContent="true" failOnError="true" ignoreEmpty="false" transferToAll="false" entitize="false" transferChildNodes="false">
        <con:name>externalId</con:name>
        <con:sourceType>res_externalId</con:sourceType>
        <con:sourceStep>Update user info with all parameters for 2nd id</con:sourceStep>
        <con:targetType>req_newExternalId</con:targetType>
        <con:targetStep>Update user information with different user's  external id - fail</con:targetStep>
        <con:upgraded>true</con:upgraded>
      </con:transfers>
      <con:transfers setNullOnMissingSource="true" transferTextContent="true" failOnError="true" ignoreEmpty="false" transferToAll="false" entitize="false" transferChildNodes="false">
        <con:name>newFirstName</con:name>
        <con:sourceType>newFirstName</con:sourceType>
        <con:sourceStep>Given properties for the test steps</con:sourceStep>
        <con:targetType>req_newFirstName</con:targetType>
        <con:targetStep>Update user information with different user's  external id - fail</con:targetStep>
        <con:upgraded>true</con:upgraded>
      </con:transfers>
      <con:transfers setNullOnMissingSource="true" transferTextContent="true" failOnError="true" ignoreEmpty="false" transferToAll="false" entitize="false" transferChildNodes="false">
        <con:name>newLastName</con:name>
        <con:sourceType>newLastName</con:sourceType>
        <con:sourceStep>Given properties for the test steps</con:sourceStep>
        <con:targetType>req_newLastName</con:targetType>
        <con:targetStep>Update user information with different user's  external id - fail</con:targetStep>
        <con:upgraded>true</con:upgraded>
      </con:transfers>
      <con:transfers setNullOnMissingSource="true" transferTextContent="true" failOnError="true" ignoreEmpty="false" transferToAll="false" entitize="false" transferChildNodes="false">
        <con:name>relatedUserId</con:name>
        <con:sourceType>relatedUserId</con:sourceType>
        <con:sourceStep>Given properties for the test steps</con:sourceStep>
        <con:targetType>req_relatedUserRoleId</con:targetType>
        <con:targetStep>Update user information with different user's  external id - fail</con:targetStep>
        <con:upgraded>true</con:upgraded>
      </con:transfers>
      <con:transfers setNullOnMissingSource="true" transferTextContent="true" failOnError="true" ignoreEmpty="false" transferToAll="false" entitize="false" transferChildNodes="false">
        <con:name>userIntToken</con:name>
        <con:sourceType>userIntToken</con:sourceType>
        <con:sourceStep>Create sales organization, user, inventory and terminal</con:sourceStep>
        <con:targetType>AuthorizationIntUser</con:targetType>
        <con:targetStep>#Project#</con:targetStep>
        <con:upgraded>true</con:upgraded>
      </con:transfers>
      <con:transfers setNullOnMissingSource="true" transferTextContent="true" failOnError="true" ignoreEmpty="false" transferToAll="false" entitize="false" transferChildNodes="false">
        <con:name>userSo</con:name>
        <con:sourceType>res_salesOrgId</con:sourceType>
        <con:sourceStep>Create sales organization, user, inventory and terminal</con:sourceStep>
        <con:targetType>UserSo</con:targetType>
        <con:targetStep>#Project#</con:targetStep>
        <con:upgraded>true</con:upgraded>
      </con:transfers>
      <con:transfers setNullOnMissingSource="true" transferTextContent="true" failOnError="true" ignoreEmpty="false" transferToAll="false" entitize="false" transferChildNodes="false">
        <con:name>createdForSalesOrg</con:name>
        <con:sourceType>createdForSalesOrganizationRoleId</con:sourceType>
        <con:sourceStep>#TestCase#</con:sourceStep>
        <con:targetType>req_createdForSalesOrg</con:targetType>
        <con:targetStep>Update user information with different user's  external id - fail</con:targetStep>
        <con:upgraded>true</con:upgraded>
      </con:transfers>
      <con:transfers setNullOnMissingSource="true" transferTextContent="true" failOnError="true" ignoreEmpty="false" transferToAll="false" entitize="false" transferChildNodes="false">
        <con:name>createdByUserRoleId</con:name>
        <con:sourceType>res_userRoleId</con:sourceType>
        <con:sourceStep>Create sales organization, user, inventory and terminal</con:sourceStep>
        <con:targetType>req_createdByUserRoleId</con:targetType>
        <con:targetStep>Update user information with different user's  external id - fail</con:targetStep>
        <con:upgraded>true</con:upgraded>
      </con:transfers>
      <con:transfers setNullOnMissingSource="true" transferTextContent="true" failOnError="true" ignoreEmpty="false" transferToAll="false" entitize="false" transferChildNodes="false">
        <con:name>createdBySalesOrganizationId</con:name>
        <con:sourceType>res_salesOrgId</con:sourceType>
        <con:sourceStep>Create sales organization, user, inventory and terminal</con:sourceStep>
        <con:targetType>req_createdBySalesOrganizationId</con:targetType>
        <con:targetStep>Update user information with different user's  external id - fail</con:targetStep>
        <con:upgraded>true</con:upgraded>
      </con:transfers>
    </con:config>
  </con:testStep>
  <con:testStep type="calltestcase" name="Update user information with different user's  external id - fail" id="662914c4-5806-4bc9-85ae-28402c5b2dab">
    <con:settings/>
    <con:config xsi:type="con:RunTestCaseStep" xmlns:xsi="http://www.w3.org/2001/XMLSchema-instance">
      <con:targetTestCase>b062419a-9aac-4b3b-bd4b-fea9c0dffb6d</con:targetTestCase>
      <con:properties>
        <con:property>
          <con:name>req_biSpecCode</con:name>
          <con:value>BISPECCODE</con:value>
        </con:property>
        <con:property>
          <con:name>req_newExternalId</con:name>
          <con:value>bilbobaggins298801b1-5247-4522-a0ce-dc26a69a13cd</con:value>
        </con:property>
        <con:property>
          <con:name>req_newFirstName</con:name>
          <con:value>Abuzer</con:value>
        </con:property>
        <con:property>
          <con:name>req_newLastName</con:name>
          <con:value>Kadayif</con:value>
        </con:property>
        <con:property>
          <con:name>req_relatedUserRoleId</con:name>
          <con:value>64</con:value>
        </con:property>
        <con:property>
          <con:name>req_createdForSalesOrg</con:name>
          <con:value>1</con:value>
        </con:property>
        <con:property>
          <con:name>res_biId</con:name>
          <con:value>961</con:value>
        </con:property>
        <con:property>
          <con:name>res_code</con:name>
          <con:value>201</con:value>
        </con:property>
        <con:property>
          <con:name>res_errorMessage</con:name>
          <con:value xsi:nil="true"/>
        </con:property>
        <con:property>
          <con:name>req_createdByUserRoleId</con:name>
          <con:value>60</con:value>
        </con:property>
        <con:property>
          <con:name>req_createdBySalesOrganizationId</con:name>
          <con:value>58</con:value>
        </con:property>
      </con:properties>
      <con:returnProperties>
        <con:entry>res_biId</con:entry>
        <con:entry>res_code</con:entry>
        <con:entry>res_errorMessage</con:entry>
      </con:returnProperties>
      <con:runMode>PARALLELL</con:runMode>
    </con:config>
  </con:testStep>
  <con:testStep type="assertionteststep" name="Assertion update user information with different user's  external id - fail" id="23ac092e-dd01-49c9-ac55-355065519dd7">
    <con:settings/>
    <con:config xsi:type="con:AssertionTestStep" xmlns:xsi="http://www.w3.org/2001/XMLSchema-instance">
      <con:entry>
        <con:id>b1e022f9-beea-438d-9a0b-52a27e660114</con:id>
        <con:isGroup>false</con:isGroup>
        <con:sourceId>662914c4-5806-4bc9-85ae-28402c5b2dab</con:sourceId>
        <con:propertyName>res_code</con:propertyName>
        <con:assertion type="Simple Equals" name="Equals" id="e5c08946-6cce-4435-8d24-7aa341bd27ce">
          <con:configuration>
            <patternObjectId>ed47999d-52cc-4556-b643-5a1394572e39</patternObjectId>
            <patternProperty>httpCode201</patternProperty>
            <caseSensitive>true</caseSensitive>
          </con:configuration>
        </con:assertion>
      </con:entry>
    </con:config>
  </con:testStep>
  <con:testStep type="transfer" name="Set submit update user info with different user's  external id - fail" id="c60ef0a0-763f-432c-bd3d-e093038e925f">
    <con:settings/>
    <con:config xsi:type="con:PropertyTransfersStep" xmlns:xsi="http://www.w3.org/2001/XMLSchema-instance">
      <con:transfers setNullOnMissingSource="true" transferTextContent="true" failOnError="true" ignoreEmpty="false" transferToAll="false" entitize="false" transferChildNodes="false">
        <con:name>biId</con:name>
        <con:sourceType>res_biId</con:sourceType>
        <con:sourceStep>Update user information with different user's  external id - fail</con:sourceStep>
        <con:sourcePath/>
        <con:targetType>req_biId</con:targetType>
        <con:targetStep>Submit update user info with different user's  external id - fail</con:targetStep>
        <con:targetPath/>
        <con:upgraded>true</con:upgraded>
      </con:transfers>
    </con:config>
  </con:testStep>
  <con:testStep type="calltestcase" name="Submit update user info with different user's  external id - fail" id="df93c0bf-4ba5-4a72-9e71-4f72462577b1">
    <con:settings/>
    <con:config xsi:type="con:RunTestCaseStep" xmlns:xsi="http://www.w3.org/2001/XMLSchema-instance">
      <con:targetTestCase>a05b1999-4d06-4cf0-a357-73b0c1a2544f</con:targetTestCase>
      <con:properties>
        <con:property>
          <con:name>req_biId</con:name>
          <con:value>961</con:value>
        </con:property>
        <con:property>
          <con:name>res_code</con:name>
          <con:value>400</con:value>
        </con:property>
        <con:property>
          <con:name>res_errorMessage</con:name>
          <con:value>EXTERNAL_ID_MUST_BE_UNIQUE</con:value>
        </con:property>
      </con:properties>
      <con:returnProperties>
        <con:entry>res_code</con:entry>
        <con:entry>res_errorMessage</con:entry>
      </con:returnProperties>
      <con:runMode>PARALLELL</con:runMode>
    </con:config>
  </con:testStep>
  <con:testStep type="assertionteststep" name="Assertion submit update user info with different user's  external id - fail" id="566ae5cf-fc2a-4a14-894f-554249c3dad2">
    <con:settings/>
    <con:config xsi:type="con:AssertionTestStep" xmlns:xsi="http://www.w3.org/2001/XMLSchema-instance">
      <con:entry>
        <con:id>1832de8f-f56a-4c6b-9f4d-91d79b5ba999</con:id>
        <con:isGroup>false</con:isGroup>
        <con:sourceId>df93c0bf-4ba5-4a72-9e71-4f72462577b1</con:sourceId>
        <con:propertyName>res_code</con:propertyName>
        <con:assertion type="Simple Equals" name="Equals" id="07e13cdb-61e8-45e5-8f5b-3d5e4b1ecae8">
          <con:configuration>
            <patternObjectId>ed47999d-52cc-4556-b643-5a1394572e39</patternObjectId>
            <patternProperty>httpCode400</patternProperty>
            <caseSensitive>true</caseSensitive>
          </con:configuration>
        </con:assertion>
      </con:entry>
      <con:entry>
        <con:id>b315658f-ce48-44d0-a0ea-3c7d17461d16</con:id>
        <con:isGroup>false</con:isGroup>
        <con:sourceId>df93c0bf-4ba5-4a72-9e71-4f72462577b1</con:sourceId>
        <con:propertyName>res_errorMessage</con:propertyName>
        <con:assertion type="Simple Equals" name="Equals 2" id="bc558a45-7450-4085-a4e1-f274534e5f93">
          <con:configuration>
            <patternObjectId>ed47999d-52cc-4556-b643-5a1394572e39</patternObjectId>
            <patternProperty>errorMessageExternalIdUnique</patternProperty>
            <caseSensitive>true</caseSensitive>
          </con:configuration>
        </con:assertion>
      </con:entry>
    </con:config>
  </con:testStep>
  <con:testStep type="transfer" name="Copy of Set bi id to delete bi item" id="6f530878-05ea-4856-8902-739ea423e0d3" disabled="true">
    <con:settings/>
    <con:config xsi:type="con:PropertyTransfersStep" xmlns:xsi="http://www.w3.org/2001/XMLSchema-instance">
      <con:transfers setNullOnMissingSource="true" transferTextContent="true" failOnError="true" ignoreEmpty="false" transferToAll="false" entitize="false" transferChildNodes="false">
        <con:name>biItemId</con:name>
        <con:sourceType>res_id</con:sourceType>
        <con:sourceStep>Add item to bi</con:sourceStep>
        <con:sourcePath/>
        <con:targetType>req_biItemId</con:targetType>
        <con:targetStep>Delete bi item</con:targetStep>
        <con:targetPath/>
        <con:upgraded>true</con:upgraded>
      </con:transfers>
      <con:transfers setNullOnMissingSource="true" transferTextContent="true" failOnError="true" ignoreEmpty="false" transferToAll="false" entitize="false" transferChildNodes="false">
        <con:name>biId</con:name>
        <con:sourceType>biId</con:sourceType>
        <con:sourceStep>Given properties for the test steps</con:sourceStep>
        <con:targetType>req_biId</con:targetType>
        <con:targetStep>Delete bi item</con:targetStep>
        <con:upgraded>true</con:upgraded>
      </con:transfers>
    </con:config>
  </con:testStep>
  <con:testStep type="calltestcase" name="Copy of Delete bi item" id="eaf74dec-d709-45c0-b12e-734a241d3bde" disabled="true">
    <con:settings/>
    <con:config xsi:type="con:RunTestCaseStep" xmlns:xsi="http://www.w3.org/2001/XMLSchema-instance">
      <con:targetTestCase>51b86b01-3c88-425f-bfd4-ab25d0c6f8e6</con:targetTestCase>
      <con:properties>
        <con:property>
          <con:name>req_biId</con:name>
          <con:value>25</con:value>
        </con:property>
        <con:property>
          <con:name>res_id</con:name>
          <con:value>21</con:value>
        </con:property>
        <con:property>
          <con:name>res_code</con:name>
          <con:value xsi:nil="true"/>
        </con:property>
        <con:property>
          <con:name>res_errorMessage</con:name>
          <con:value xsi:nil="true"/>
        </con:property>
        <con:property>
          <con:name>req_biItemId</con:name>
          <con:value>21</con:value>
        </con:property>
        <con:property>
          <con:name>res_httpCode</con:name>
          <con:value>200</con:value>
        </con:property>
      </con:properties>
      <con:returnProperties>
        <con:entry>res_id</con:entry>
        <con:entry>res_code</con:entry>
        <con:entry>res_errorMessage</con:entry>
        <con:entry>res_httpCode</con:entry>
      </con:returnProperties>
      <con:runMode>PARALLELL</con:runMode>
    </con:config>
  </con:testStep>
  <con:testStep type="assertionteststep" name="Copy of Assert bi item is deleted successfully" id="9bfdab50-5003-4ab6-bf78-5f551d62f5c6" disabled="true">
    <con:settings/>
    <con:config xsi:type="con:AssertionTestStep" xmlns:xsi="http://www.w3.org/2001/XMLSchema-instance">
      <con:entry>
        <con:id>06d03ab1-7b49-404a-820e-8de853ab0fb1</con:id>
        <con:isGroup>false</con:isGroup>
        <con:sourceId>bd495299-45cb-46b8-9ee6-6c1902ce6950</con:sourceId>
        <con:propertyName>res_id</con:propertyName>
        <con:assertion type="Simple Contains" name="Contains" id="70507e33-4c55-4387-be3f-1ca16633ab4d">
          <con:configuration>
            <token>\d+</token>
            <ignoreCase>false</ignoreCase>
            <useRegEx>true</useRegEx>
          </con:configuration>
        </con:assertion>
      </con:entry>
      <con:entry>
        <con:id>0f1b0630-31df-4fc4-b60d-950fe20e470a</con:id>
        <con:isGroup>false</con:isGroup>
        <con:sourceId>bd495299-45cb-46b8-9ee6-6c1902ce6950</con:sourceId>
        <con:propertyName>res_httpCode</con:propertyName>
        <con:assertion type="Simple Equals" name="Equals" id="5887c646-de0a-4013-91bb-d3b2bb2c1f86">
          <con:configuration>
            <patternObjectId>ed47999d-52cc-4556-b643-5a1394572e39</patternObjectId>
            <patternProperty>httpCode200</patternProperty>
            <caseSensitive>true</caseSensitive>
          </con:configuration>
        </con:assertion>
      </con:entry>
    </con:config>
  </con:testStep>
  <con:testStep type="transfer" name="Set update user information with same external id" id="eb70190c-6296-4af0-9854-fb7111870a47">
    <con:settings/>
    <con:config xsi:type="con:PropertyTransfersStep" xmlns:xsi="http://www.w3.org/2001/XMLSchema-instance">
      <con:transfers setNullOnMissingSource="true" transferTextContent="true" failOnError="true" ignoreEmpty="false" transferToAll="false" entitize="false" transferChildNodes="false">
        <con:name>biSpecCode</con:name>
        <con:sourceType>updateUserBISpecCode</con:sourceType>
        <con:sourceStep>Given properties for the test steps</con:sourceStep>
        <con:sourcePath/>
        <con:targetType>req_biSpecCode</con:targetType>
        <con:targetStep>Update user information with same external id</con:targetStep>
        <con:targetPath/>
        <con:upgraded>true</con:upgraded>
      </con:transfers>
      <con:transfers setNullOnMissingSource="true" transferTextContent="true" failOnError="true" ignoreEmpty="false" transferToAll="false" entitize="false" transferChildNodes="false">
        <con:name>externalId</con:name>
        <con:sourceType>res_externalId</con:sourceType>
        <con:sourceStep>Update user info with all parameters</con:sourceStep>
        <con:targetType>req_newExternalId</con:targetType>
        <con:targetStep>Update user information with same external id</con:targetStep>
        <con:upgraded>true</con:upgraded>
      </con:transfers>
      <con:transfers setNullOnMissingSource="true" transferTextContent="true" failOnError="true" ignoreEmpty="false" transferToAll="false" entitize="false" transferChildNodes="false">
        <con:name>newFirstName</con:name>
        <con:sourceType>newFirstName</con:sourceType>
        <con:sourceStep>Given properties for the test steps</con:sourceStep>
        <con:targetType>req_newFirstName</con:targetType>
        <con:targetStep>Update user information with same external id</con:targetStep>
        <con:upgraded>true</con:upgraded>
      </con:transfers>
      <con:transfers setNullOnMissingSource="true" transferTextContent="true" failOnError="true" ignoreEmpty="false" transferToAll="false" entitize="false" transferChildNodes="false">
        <con:name>newLastName</con:name>
        <con:sourceType>newLastName</con:sourceType>
        <con:sourceStep>Given properties for the test steps</con:sourceStep>
        <con:targetType>req_newLastName</con:targetType>
        <con:targetStep>Update user information with same external id</con:targetStep>
        <con:upgraded>true</con:upgraded>
      </con:transfers>
      <con:transfers setNullOnMissingSource="true" transferTextContent="true" failOnError="true" ignoreEmpty="false" transferToAll="false" entitize="false" transferChildNodes="false">
        <con:name>relatedUserId</con:name>
        <con:sourceType>relatedUserId</con:sourceType>
        <con:sourceStep>Given properties for the test steps</con:sourceStep>
        <con:targetType>req_relatedUserRoleId</con:targetType>
        <con:targetStep>Update user information with same external id</con:targetStep>
        <con:upgraded>true</con:upgraded>
      </con:transfers>
      <con:transfers setNullOnMissingSource="true" transferTextContent="true" failOnError="true" ignoreEmpty="false" transferToAll="false" entitize="false" transferChildNodes="false">
        <con:name>createdForSalesOrg</con:name>
        <con:sourceType>createdForSalesOrganizationRoleId</con:sourceType>
        <con:sourceStep>#TestCase#</con:sourceStep>
        <con:targetType>req_createdForSalesOrg</con:targetType>
        <con:targetStep>Update user information with same external id</con:targetStep>
        <con:upgraded>true</con:upgraded>
      </con:transfers>
      <con:transfers setNullOnMissingSource="true" transferTextContent="true" failOnError="true" ignoreEmpty="false" transferToAll="false" entitize="false" transferChildNodes="false">
        <con:name>createdBySalesOrganizationId</con:name>
        <con:sourceType>res_salesOrgId</con:sourceType>
        <con:sourceStep>Create sales organization, user, inventory and terminal</con:sourceStep>
        <con:targetType>req_createdBySalesOrganizationId</con:targetType>
        <con:targetStep>Update user information with same external id</con:targetStep>
        <con:upgraded>true</con:upgraded>
      </con:transfers>
      <con:transfers setNullOnMissingSource="true" transferTextContent="true" failOnError="true" ignoreEmpty="false" transferToAll="false" entitize="false" transferChildNodes="false">
        <con:name>createdByUserRoleId</con:name>
        <con:sourceType>res_userRoleId</con:sourceType>
        <con:sourceStep>Create sales organization, user, inventory and terminal</con:sourceStep>
        <con:targetType>req_createdByUserRoleId</con:targetType>
        <con:targetStep>Update user information with same external id</con:targetStep>
        <con:upgraded>true</con:upgraded>
      </con:transfers>
    </con:config>
  </con:testStep>
  <con:testStep type="calltestcase" name="Update user information with same external id" id="d99f17a0-9e63-4dc6-b748-0f9652efd3bb">
    <con:settings/>
    <con:config xsi:type="con:RunTestCaseStep" xmlns:xsi="http://www.w3.org/2001/XMLSchema-instance">
      <con:targetTestCase>b062419a-9aac-4b3b-bd4b-fea9c0dffb6d</con:targetTestCase>
      <con:properties>
        <con:property>
          <con:name>req_biSpecCode</con:name>
          <con:value>BISPECCODE</con:value>
        </con:property>
        <con:property>
          <con:name>req_newExternalId</con:name>
          <con:value>newExternalId-65d767c5-5c43-4edb-a364-b02c8d85cbfc</con:value>
        </con:property>
        <con:property>
          <con:name>req_newFirstName</con:name>
          <con:value>Abuzer</con:value>
        </con:property>
        <con:property>
          <con:name>req_newLastName</con:name>
          <con:value>Kadayif</con:value>
        </con:property>
        <con:property>
          <con:name>req_relatedUserRoleId</con:name>
          <con:value>64</con:value>
        </con:property>
        <con:property>
          <con:name>req_createdForSalesOrg</con:name>
          <con:value>1</con:value>
        </con:property>
        <con:property>
          <con:name>res_biId</con:name>
          <con:value>971</con:value>
        </con:property>
        <con:property>
          <con:name>res_code</con:name>
          <con:value>201</con:value>
        </con:property>
        <con:property>
          <con:name>res_errorMessage</con:name>
          <con:value xsi:nil="true"/>
        </con:property>
        <con:property>
          <con:name>req_createdByUserRoleId</con:name>
          <con:value>60</con:value>
        </con:property>
        <con:property>
          <con:name>req_createdBySalesOrganizationId</con:name>
          <con:value>58</con:value>
        </con:property>
      </con:properties>
      <con:returnProperties>
        <con:entry>res_biId</con:entry>
        <con:entry>res_code</con:entry>
        <con:entry>res_errorMessage</con:entry>
      </con:returnProperties>
      <con:runMode>PARALLELL</con:runMode>
    </con:config>
  </con:testStep>
  <con:testStep type="assertionteststep" name="Assertion update user information with same external id" id="da44fcfa-0d6f-4f6a-a6c0-0e26ac0570fa">
    <con:settings/>
    <con:config xsi:type="con:AssertionTestStep" xmlns:xsi="http://www.w3.org/2001/XMLSchema-instance">
      <con:entry>
        <con:id>83906f9e-9180-4e0e-abac-b78f6e77ce80</con:id>
        <con:isGroup>false</con:isGroup>
        <con:sourceId>ed47999d-52cc-4556-b643-5a1394572e39</con:sourceId>
        <con:propertyName>httpCode201</con:propertyName>
        <con:assertion type="Simple Equals" name="Equals" id="746f0180-1841-41d5-b7c1-bda4215f8089">
          <con:configuration>
            <patternObjectId>d99f17a0-9e63-4dc6-b748-0f9652efd3bb</patternObjectId>
            <patternProperty>res_code</patternProperty>
            <caseSensitive>true</caseSensitive>
          </con:configuration>
        </con:assertion>
      </con:entry>
    </con:config>
  </con:testStep>
  <con:testStep type="transfer" name="Set submit update user info with same external id" id="74726d98-149e-47c1-b05a-058d4ca9c5e8">
    <con:settings/>
    <con:config xsi:type="con:PropertyTransfersStep" xmlns:xsi="http://www.w3.org/2001/XMLSchema-instance">
      <con:transfers setNullOnMissingSource="true" transferTextContent="true" failOnError="true" ignoreEmpty="false" transferToAll="false" entitize="false" transferChildNodes="false">
        <con:name>biId</con:name>
        <con:sourceType>res_biId</con:sourceType>
        <con:sourceStep>Update user information with same external id</con:sourceStep>
        <con:sourcePath/>
        <con:targetType>req_biId</con:targetType>
        <con:targetStep>Submit update user info with same external id</con:targetStep>
        <con:targetPath/>
        <con:upgraded>true</con:upgraded>
      </con:transfers>
    </con:config>
  </con:testStep>
  <con:testStep type="calltestcase" name="Submit update user info with same external id" id="dcdc14e6-1e39-4d91-83bf-2e780afebcd5">
    <con:settings/>
    <con:config xsi:type="con:RunTestCaseStep" xmlns:xsi="http://www.w3.org/2001/XMLSchema-instance">
      <con:targetTestCase>a05b1999-4d06-4cf0-a357-73b0c1a2544f</con:targetTestCase>
      <con:properties>
        <con:property>
          <con:name>req_biId</con:name>
          <con:value>971</con:value>
        </con:property>
        <con:property>
          <con:name>res_code</con:name>
          <con:value>200</con:value>
        </con:property>
        <con:property>
          <con:name>res_errorMessage</con:name>
          <con:value xsi:nil="true"/>
        </con:property>
      </con:properties>
      <con:returnProperties>
        <con:entry>res_code</con:entry>
        <con:entry>res_errorMessage</con:entry>
      </con:returnProperties>
      <con:runMode>PARALLELL</con:runMode>
    </con:config>
  </con:testStep>
  <con:testStep type="assertionteststep" name="Assertion submit update user info with same external id" id="eddad3a6-7a6d-4b5a-b4dd-f747faa9fa8b">
    <con:settings/>
    <con:config xsi:type="con:AssertionTestStep" xmlns:xsi="http://www.w3.org/2001/XMLSchema-instance">
      <con:entry>
        <con:id>547109e4-2008-4df0-a426-6c4e3495afa2</con:id>
        <con:isGroup>false</con:isGroup>
        <con:sourceId>ed47999d-52cc-4556-b643-5a1394572e39</con:sourceId>
        <con:propertyName>httpCode200</con:propertyName>
        <con:assertion type="Simple Equals" name="Equals" id="fe6785f3-1522-49ad-9d2a-a69c61d2f0d0">
          <con:configuration>
            <patternObjectId>dcdc14e6-1e39-4d91-83bf-2e780afebcd5</patternObjectId>
            <patternProperty>res_code</patternProperty>
            <caseSensitive>true</caseSensitive>
          </con:configuration>
        </con:assertion>
      </con:entry>
    </con:config>
  </con:testStep>
  <con:testStep type="calltestcase" name="List all user roles" id="7d439da7-567c-4baf-b543-cb69c2a539ff">
    <con:settings/>
    <con:config xsi:type="con:RunTestCaseStep" xmlns:xsi="http://www.w3.org/2001/XMLSchema-instance">
      <con:targetTestCase>997c5206-b931-429b-8be8-cb511fbce056</con:targetTestCase>
      <con:properties>
        <con:property>
          <con:name>response</con:name>
          <con:value>[{"forceToUseSession":false,"externalId":"SYSUSR-ERMS","party":{"firstName":"ADMIN","lastName":"USER","name":"ADMIN USER","externalId":"0","id":"2"},"name":"ADMIN USER","status":"Active","id":"2"},{"forceToUseSession":false,"externalId":"u9d3e8a1a-5ee9-46d6-887e-f2504b5e5d66","party":{"firstName":"John","lastName":"Smith","name":"John Smith","email":"test@valid.com","id":"4"},"partyRoleSpecification":{"name":"urs-408e337f-7b0a-4ec8-b68c-e4d8adee2340","id":"12"},"name":"John Smith","status":"Active","id":"5"},{"forceToUseSession":true,"externalId":"userName113540113","party":{"firstName":"Roberto","lastName":"Baggio","middleName":"Roberto Baggio","gender":"female","name":"Roberto Roberto Baggio Baggio","email":"userName113540113@email.com","id":"6"},"partyRoleSpecification":{"name":"User Spec","id":"9"},"status":"Active","id":"7"},{"forceToUseSession":false,"externalId":"ud56a69ae-c9c1-497d-902e-e6ed916abb20","party":{"firstName":"John","lastName":"Smith","name":"John Smith","email":"test@valid.com","id":"8"},"partyRoleSpecification":{"name":"urs-e3ce101b-3ead-4168-8150-f392c0822131","id":"16"},"name":"John Smith","status":"Active","id":"10"},{"forceToUseSession":true,"externalId":"userName410300410","party":{"firstName":"Roberto","lastName":"Baggio","middleName":"Roberto Baggio","gender":"female","name":"Roberto Roberto Baggio Baggio","email":"userName410300410@email.com","id":"10"},"partyRoleSpecification":{"name":"User Spec","id":"9"},"status":"Active","id":"12"},{"forceToUseSession":false,"externalId":"u4fb93733-f214-407a-a279-448b5920ecc5","party":{"firstName":"John","lastName":"Smith","name":"John Smith","email":"test@valid.com","id":"12"},"partyRoleSpecification":{"name":"urs-1d04952a-aed8-4250-9dde-bb9e1e4c8c84","id":"20"},"name":"John Smith","status":"Active","id":"15"},{"forceToUseSession":true,"externalId":"userName98390098","party":{"firstName":"Roberto","lastName":"Baggio","middleName":"Roberto Baggio","gender":"female","name":"Roberto Roberto Baggio Baggio","email":"userName99390099@email.com","id":"14"},"partyRoleSpecification":{"name":"User Spec","id":"9"},"status":"Active","id":"17"},{"forceToUseSession":false,"externalId":"u74892535-08a4-40d2-90c5-433672806668","party":{"firstName":"John","lastName":"Smith","name":"John Smith","email":"test@valid.com","id":"16"},"partyRoleSpecification":{"name":"urs-e3661ee9-75b3-4e78-a331-92b4480b6d71","id":"24"},"name":"John Smith","status":"Active","id":"20"},{"forceToUseSession":true,"externalId":"userName31290031","party":{"firstName":"Roberto","lastName":"Baggio","middleName":"Roberto Baggio","gender":"female","name":"Roberto Roberto Baggio Baggio","email":"userName31290031@email.com","id":"18"},"partyRoleSpecification":{"name":"User Spec","id":"9"},"status":"Active","id":"22"},{"forceToUseSession":true,"externalId":"userName399260399","party":{"firstName":"Roberto","lastName":"Baggio","middleName":"Roberto Baggio","gender":"female","name":"Roberto Roberto Baggio Baggio","email":"userName399260399@email.com","id":"19"},"partyRoleSpecification":{"name":"User Spec","id":"9"},"status":"Active","id":"23"}]</con:value>
        </con:property>
        <con:property>
          <con:name>res_code</con:name>
          <con:value xsi:nil="true"/>
        </con:property>
        <con:property>
          <con:name>res_errorMessage</con:name>
          <con:value xsi:nil="true"/>
        </con:property>
        <con:property>
          <con:name>res_status</con:name>
          <con:value>200</con:value>
        </con:property>
      </con:properties>
      <con:returnProperties>
        <con:entry>response</con:entry>
        <con:entry>res_status</con:entry>
      </con:returnProperties>
      <con:runMode>PARALLELL</con:runMode>
    </con:config>
  </con:testStep>
  <con:testStep type="assertionteststep" name="Assertion user roles are listed" id="e5c3fdc9-0166-4a83-91cd-6c0270bdf9aa">
    <con:settings/>
    <con:config xsi:type="con:AssertionTestStep" xmlns:xsi="http://www.w3.org/2001/XMLSchema-instance">
      <con:entry>
        <con:id>834760ff-b11d-461e-80df-fad51da80387</con:id>
        <con:isGroup>false</con:isGroup>
        <con:sourceId>7d439da7-567c-4baf-b543-cb69c2a539ff</con:sourceId>
        <con:propertyName>response</con:propertyName>
        <con:assertion type="Simple Contains" name="Contains" id="4e96a743-67ce-4adb-acf2-f46c07d625bf">
          <con:configuration>
            <token>\w+</token>
            <ignoreCase>false</ignoreCase>
            <useRegEx>true</useRegEx>
          </con:configuration>
        </con:assertion>
      </con:entry>
      <con:entry>
        <con:id>067cc0f1-0e8e-4ad9-8dfc-c33df75705f8</con:id>
        <con:isGroup>false</con:isGroup>
        <con:sourceId>7d439da7-567c-4baf-b543-cb69c2a539ff</con:sourceId>
        <con:propertyName>res_status</con:propertyName>
        <con:assertion type="Simple Equals" name="Equals" id="8c7a87a9-313e-4931-befa-97ca63fe7ed7">
          <con:configuration>
            <patternObjectId>ed47999d-52cc-4556-b643-5a1394572e39</patternObjectId>
            <patternProperty>httpCode200</patternProperty>
            <caseSensitive>true</caseSensitive>
          </con:configuration>
        </con:assertion>
      </con:entry>
    </con:config>
  </con:testStep>
  <con:testStep type="transfer" name="Set display single user role FAIL" id="335a353a-f54f-4083-b01e-c1a2dab45685">
    <con:settings/>
    <con:config xsi:type="con:PropertyTransfersStep" xmlns:xsi="http://www.w3.org/2001/XMLSchema-instance">
      <con:transfers setNullOnMissingSource="true" transferTextContent="true" failOnError="true" ignoreEmpty="false" transferToAll="false" entitize="false" transferChildNodes="false">
        <con:name>userRoleId</con:name>
        <con:sourceType>notExistId</con:sourceType>
        <con:sourceStep>Given properties for the test steps</con:sourceStep>
        <con:sourcePath/>
        <con:targetType>req_userId</con:targetType>
        <con:targetStep>Display single user role FAIL</con:targetStep>
        <con:targetPath/>
        <con:upgraded>true</con:upgraded>
      </con:transfers>
    </con:config>
  </con:testStep>
  <con:testStep type="calltestcase" name="Display single user role FAIL" id="bbbdf88c-1bc7-4549-b4a6-0399df76e78a">
    <con:settings/>
    <con:config xsi:type="con:RunTestCaseStep" xmlns:xsi="http://www.w3.org/2001/XMLSchema-instance">
      <con:targetTestCase>d8d05d28-853c-4d2d-890e-bd00afa7c45c</con:targetTestCase>
      <con:properties>
        <con:property>
          <con:name>req_userId</con:name>
          <con:value>-1</con:value>
        </con:property>
        <con:property>
          <con:name>res_userId</con:name>
        </con:property>
        <con:property>
          <con:name>res_userStatus</con:name>
        </con:property>
        <con:property>
          <con:name>res_externalId</con:name>
        </con:property>
        <con:property>
          <con:name>res_firstName</con:name>
        </con:property>
        <con:property>
          <con:name>res_lastName</con:name>
        </con:property>
        <con:property>
          <con:name>res_middleName</con:name>
        </con:property>
        <con:property>
          <con:name>res_gender</con:name>
        </con:property>
        <con:property>
          <con:name>res_name</con:name>
        </con:property>
        <con:property>
          <con:name>res_email</con:name>
        </con:property>
        <con:property>
          <con:name>res_forceToUseSession</con:name>
        </con:property>
        <con:property>
          <con:name>res_status</con:name>
          <con:value>404</con:value>
        </con:property>
        <con:property>
          <con:name>res_errorMessage</con:name>
          <con:value xsi:nil="true"/>
        </con:property>
      </con:properties>
      <con:returnProperties>
        <con:entry>res_status</con:entry>
        <con:entry>res_errorMessage</con:entry>
      </con:returnProperties>
      <con:runMode>PARALLELL</con:runMode>
    </con:config>
  </con:testStep>
  <con:testStep type="assertionteststep" name="Assertion user not found" id="93f8d0aa-e7f3-4424-be9d-4904fea8933a">
    <con:settings/>
    <con:config xsi:type="con:AssertionTestStep" xmlns:xsi="http://www.w3.org/2001/XMLSchema-instance">
      <con:entry>
        <con:id>821c7509-638c-4459-8ba7-dade58dbe429</con:id>
        <con:isGroup>false</con:isGroup>
        <con:sourceId>bbbdf88c-1bc7-4549-b4a6-0399df76e78a</con:sourceId>
        <con:propertyName>res_status</con:propertyName>
        <con:assertion type="Simple Equals" name="Equals" id="b5bcf025-7309-49c9-9b1f-e6e160304391">
          <con:configuration>
            <patternObjectId>ed47999d-52cc-4556-b643-5a1394572e39</patternObjectId>
            <patternProperty>httpCode404</patternProperty>
            <caseSensitive>true</caseSensitive>
          </con:configuration>
        </con:assertion>
      </con:entry>
    </con:config>
  </con:testStep>
  <con:testStep type="transfer" name="Set display single user role SUCCESS" id="292b4043-c7d1-46a0-8d1c-ff5419dd19e4">
    <con:settings/>
    <con:config xsi:type="con:PropertyTransfersStep" xmlns:xsi="http://www.w3.org/2001/XMLSchema-instance">
      <con:transfers setNullOnMissingSource="true" transferTextContent="true" failOnError="true" ignoreEmpty="false" transferToAll="false" entitize="false" transferChildNodes="false">
        <con:name>userRoleId</con:name>
        <con:sourceType>userId</con:sourceType>
        <con:sourceStep>Given properties for the test steps</con:sourceStep>
        <con:sourcePath/>
        <con:targetType>req_userId</con:targetType>
        <con:targetStep>Display single user role SUCCESS</con:targetStep>
        <con:targetPath/>
        <con:upgraded>true</con:upgraded>
      </con:transfers>
    </con:config>
  </con:testStep>
  <con:testStep type="calltestcase" name="Display single user role SUCCESS" id="6170c2a6-2c49-498f-95b0-8ae12d22c19a">
    <con:settings/>
    <con:config xsi:type="con:RunTestCaseStep" xmlns:xsi="http://www.w3.org/2001/XMLSchema-instance">
      <con:targetTestCase>d8d05d28-853c-4d2d-890e-bd00afa7c45c</con:targetTestCase>
      <con:properties>
        <con:property>
          <con:name>req_userId</con:name>
          <con:value>60</con:value>
        </con:property>
        <con:property>
          <con:name>res_userId</con:name>
          <con:value>60</con:value>
        </con:property>
        <con:property>
          <con:name>res_userStatus</con:name>
          <con:value>Active</con:value>
        </con:property>
        <con:property>
          <con:name>res_externalId</con:name>
          <con:value>u0be1b683-c33b-4128-bae0-e090e2d59e92</con:value>
        </con:property>
        <con:property>
          <con:name>res_firstName</con:name>
          <con:value>John</con:value>
        </con:property>
        <con:property>
          <con:name>res_lastName</con:name>
          <con:value>Smith</con:value>
        </con:property>
        <con:property>
          <con:name>res_middleName</con:name>
          <con:value xsi:nil="true"/>
        </con:property>
        <con:property>
          <con:name>res_gender</con:name>
          <con:value xsi:nil="true"/>
        </con:property>
        <con:property>
          <con:name>res_name</con:name>
          <con:value>John Smith</con:value>
        </con:property>
        <con:property>
          <con:name>res_email</con:name>
          <con:value>test@valid.com</con:value>
        </con:property>
        <con:property>
          <con:name>res_forceToUseSession</con:name>
          <con:value>false</con:value>
        </con:property>
        <con:property>
          <con:name>res_status</con:name>
          <con:value>200</con:value>
        </con:property>
        <con:property>
          <con:name>res_errorMessage</con:name>
        </con:property>
      </con:properties>
      <con:returnProperties>
        <con:entry>res_userId</con:entry>
        <con:entry>res_userStatus</con:entry>
        <con:entry>res_externalId</con:entry>
        <con:entry>res_firstName</con:entry>
        <con:entry>res_lastName</con:entry>
        <con:entry>res_middleName</con:entry>
        <con:entry>res_gender</con:entry>
        <con:entry>res_name</con:entry>
        <con:entry>res_email</con:entry>
        <con:entry>res_forceToUseSession</con:entry>
        <con:entry>res_status</con:entry>
      </con:returnProperties>
      <con:runMode>PARALLELL</con:runMode>
    </con:config>
  </con:testStep>
  <con:testStep type="assertionteststep" name="Assertion httpCode and userRoleId" id="7ff08260-a671-4bd3-8ec9-9aefb6e91317">
    <con:settings/>
    <con:config xsi:type="con:AssertionTestStep" xmlns:xsi="http://www.w3.org/2001/XMLSchema-instance">
      <con:entry>
        <con:id>7781e996-5829-4cb8-bff9-3f98df2fcb4a</con:id>
        <con:isGroup>false</con:isGroup>
        <con:sourceId>6170c2a6-2c49-498f-95b0-8ae12d22c19a</con:sourceId>
        <con:propertyName>res_status</con:propertyName>
        <con:assertion type="Simple Equals" name="Equals" id="6cb3d067-d1c1-49c1-ac76-35965a1cc826">
          <con:configuration>
            <patternObjectId>ed47999d-52cc-4556-b643-5a1394572e39</patternObjectId>
            <patternProperty>httpCode200</patternProperty>
            <caseSensitive>true</caseSensitive>
          </con:configuration>
        </con:assertion>
      </con:entry>
      <con:entry>
        <con:id>2cc3b8f0-22d3-43b5-a8b1-c5285fd921bc</con:id>
        <con:isGroup>false</con:isGroup>
        <con:sourceId>6170c2a6-2c49-498f-95b0-8ae12d22c19a</con:sourceId>
        <con:propertyName>res_userId</con:propertyName>
        <con:assertion type="Simple Contains" name="Contains" id="14ef3238-9273-4266-95de-b9c788296adb">
          <con:configuration>
            <token>\d+</token>
            <ignoreCase>false</ignoreCase>
            <useRegEx>true</useRegEx>
          </con:configuration>
        </con:assertion>
      </con:entry>
    </con:config>
  </con:testStep>
  <con:testStep type="transfer" name="Set get active session of user FAIL" id="abf558d7-f9b4-4181-a311-fb105552f194">
    <con:settings/>
    <con:config xsi:type="con:PropertyTransfersStep" xmlns:xsi="http://www.w3.org/2001/XMLSchema-instance">
      <con:transfers setNullOnMissingSource="true" transferTextContent="true" failOnError="true" ignoreEmpty="false" transferToAll="false" entitize="false" transferChildNodes="false">
        <con:name>userRoleId</con:name>
        <con:sourceType>notExistId</con:sourceType>
        <con:sourceStep>Given properties for the test steps</con:sourceStep>
        <con:sourcePath/>
        <con:targetType>req_userId</con:targetType>
        <con:targetStep>Get active session of user FAIL</con:targetStep>
        <con:targetPath/>
        <con:upgraded>true</con:upgraded>
      </con:transfers>
    </con:config>
  </con:testStep>
  <con:testStep type="calltestcase" name="Get active session of user FAIL" id="49f344f0-3fea-4cf1-9f62-2dd841f084a4">
    <con:settings/>
    <con:config xsi:type="con:RunTestCaseStep" xmlns:xsi="http://www.w3.org/2001/XMLSchema-instance">
      <con:targetTestCase>386bb547-46b2-440b-b144-5beef75aa635</con:targetTestCase>
      <con:properties>
        <con:property>
          <con:name>req_userId</con:name>
          <con:value>-1</con:value>
        </con:property>
        <con:property>
          <con:name>res_activeSessionId</con:name>
        </con:property>
        <con:property>
          <con:name>res_headerCode</con:name>
          <con:value>400</con:value>
        </con:property>
        <con:property>
          <con:name>res_initialAccountAmount</con:name>
        </con:property>
        <con:property>
          <con:name>res_transactionalAccountAmount</con:name>
        </con:property>
        <con:property>
          <con:name>res_errorMessage</con:name>
          <con:value>Party Role not found:-1</con:value>
        </con:property>
      </con:properties>
      <con:returnProperties>
        <con:entry>res_headerCode</con:entry>
        <con:entry>res_errorMessage</con:entry>
      </con:returnProperties>
      <con:runMode>PARALLELL</con:runMode>
    </con:config>
  </con:testStep>
  <con:testStep type="assertionteststep" name="Assertion party role not found" id="00d075ea-9dee-459d-bfa8-746c8a61227e">
    <con:settings/>
    <con:config xsi:type="con:AssertionTestStep" xmlns:xsi="http://www.w3.org/2001/XMLSchema-instance">
      <con:entry>
        <con:id>1d55c400-8a11-4cae-9da8-6e853dbf73e2</con:id>
        <con:isGroup>false</con:isGroup>
        <con:sourceId>49f344f0-3fea-4cf1-9f62-2dd841f084a4</con:sourceId>
        <con:propertyName>res_headerCode</con:propertyName>
        <con:assertion type="Simple Equals" name="Equals" id="025a50c0-6fb2-490c-9102-181fcdac50fc">
          <con:configuration>
            <patternObjectId>ed47999d-52cc-4556-b643-5a1394572e39</patternObjectId>
            <patternProperty>httpCode400</patternProperty>
            <caseSensitive>true</caseSensitive>
          </con:configuration>
        </con:assertion>
      </con:entry>
      <con:entry>
        <con:id>c4f54e9a-8c07-40f4-a50f-01f3f2dae827</con:id>
        <con:isGroup>false</con:isGroup>
        <con:sourceId>49f344f0-3fea-4cf1-9f62-2dd841f084a4</con:sourceId>
        <con:propertyName>res_errorMessage</con:propertyName>
        <con:assertion type="Simple Equals" name="Equals 2" id="bc8ccaef-0598-48c2-8b7b-40717b58ab55">
          <con:configuration>
            <patternObjectId>ed47999d-52cc-4556-b643-5a1394572e39</patternObjectId>
            <patternProperty>errorMessagePartyRoleNotFound-1</patternProperty>
            <caseSensitive>true</caseSensitive>
          </con:configuration>
        </con:assertion>
      </con:entry>
    </con:config>
  </con:testStep>
  <con:testStep type="transfer" name="Set get active session of user SUCCESS" id="b5a710e2-6274-46ae-a8ea-2530c50856ab">
    <con:settings/>
    <con:config xsi:type="con:PropertyTransfersStep" xmlns:xsi="http://www.w3.org/2001/XMLSchema-instance">
      <con:transfers setNullOnMissingSource="true" transferTextContent="true" failOnError="true" ignoreEmpty="false" transferToAll="false" entitize="false" transferChildNodes="false">
        <con:name>userRoleId</con:name>
        <con:sourceType>userId</con:sourceType>
        <con:sourceStep>Given properties for the test steps</con:sourceStep>
        <con:sourcePath/>
        <con:targetType>req_userId</con:targetType>
        <con:targetStep>Get active session of user SUCCESS</con:targetStep>
        <con:targetPath/>
        <con:upgraded>true</con:upgraded>
      </con:transfers>
    </con:config>
  </con:testStep>
  <con:testStep type="calltestcase" name="Get active session of user SUCCESS" id="af034cbc-f81e-4a92-a0ff-7f7f039fb8d7">
    <con:settings/>
    <con:config xsi:type="con:RunTestCaseStep" xmlns:xsi="http://www.w3.org/2001/XMLSchema-instance">
      <con:targetTestCase>386bb547-46b2-440b-b144-5beef75aa635</con:targetTestCase>
      <con:properties>
        <con:property>
          <con:name>req_userId</con:name>
          <con:value>60</con:value>
        </con:property>
        <con:property>
          <con:name>res_activeSessionId</con:name>
          <con:value xsi:nil="true"/>
        </con:property>
        <con:property>
          <con:name>res_headerCode</con:name>
          <con:value>404</con:value>
        </con:property>
        <con:property>
          <con:name>res_initialAccountAmount</con:name>
          <con:value xsi:nil="true"/>
        </con:property>
        <con:property>
          <con:name>res_transactionalAccountAmount</con:name>
          <con:value xsi:nil="true"/>
        </con:property>
        <con:property>
          <con:name>res_errorMessage</con:name>
          <con:value>404</con:value>
        </con:property>
      </con:properties>
      <con:returnProperties>
        <con:entry>res_activeSessionId</con:entry>
        <con:entry>res_headerCode</con:entry>
        <con:entry>res_initialAccountAmount</con:entry>
        <con:entry>res_transactionalAccountAmount</con:entry>
        <con:entry>res_errorMessage</con:entry>
      </con:returnProperties>
      <con:runMode>PARALLELL</con:runMode>
    </con:config>
  </con:testStep>
  <con:testStep type="assertionteststep" name="Assertion user's active session not found" id="5f62dad0-e819-4171-b184-e0e673cfaad7">
    <con:settings/>
    <con:config xsi:type="con:AssertionTestStep" xmlns:xsi="http://www.w3.org/2001/XMLSchema-instance">
      <con:entry>
        <con:id>329247e0-1922-47f5-b344-6d46356a31c3</con:id>
        <con:isGroup>false</con:isGroup>
        <con:sourceId>af034cbc-f81e-4a92-a0ff-7f7f039fb8d7</con:sourceId>
        <con:propertyName>res_errorMessage</con:propertyName>
        <con:assertion type="Simple Equals" name="Equals" id="7d65bcb2-9967-463c-a43f-97ebb8f61873">
          <con:configuration>
            <patternObjectId>ed47999d-52cc-4556-b643-5a1394572e39</patternObjectId>
            <patternProperty>httpCode404</patternProperty>
            <caseSensitive>true</caseSensitive>
          </con:configuration>
        </con:assertion>
      </con:entry>
    </con:config>
  </con:testStep>
  <con:testStep type="transfer" name="Set start and submit session for user" id="9ae4a029-7776-46e1-9fe6-b58630994e14">
    <con:settings/>
    <con:config xsi:type="con:PropertyTransfersStep" xmlns:xsi="http://www.w3.org/2001/XMLSchema-instance">
      <con:transfers setNullOnMissingSource="true" transferTextContent="true" failOnError="true" ignoreEmpty="false" transferToAll="false" entitize="false" transferChildNodes="false">
        <con:name>terminalId</con:name>
        <con:sourceType>res_terminalId</con:sourceType>
        <con:sourceStep>Create sales organization, user, inventory and terminal</con:sourceStep>
        <con:sourcePath/>
        <con:targetType>req_terminalId</con:targetType>
        <con:targetStep>Start and submit session for user</con:targetStep>
        <con:targetPath/>
        <con:upgraded>true</con:upgraded>
      </con:transfers>
      <con:transfers setNullOnMissingSource="true" transferTextContent="true" failOnError="true" ignoreEmpty="false" transferToAll="false" entitize="false" transferChildNodes="false">
        <con:name>userRoleId</con:name>
        <con:sourceType>res_userRoleId</con:sourceType>
        <con:sourceStep>Create sales organization, user, inventory and terminal</con:sourceStep>
        <con:targetType>req_userRoleId</con:targetType>
        <con:targetStep>Start and submit session for user</con:targetStep>
        <con:upgraded>true</con:upgraded>
      </con:transfers>
      <con:transfers setNullOnMissingSource="true" transferTextContent="true" failOnError="true" ignoreEmpty="false" transferToAll="false" entitize="false" transferChildNodes="false">
        <con:name>salesOrgRoleId</con:name>
        <con:sourceType>res_salesOrgId</con:sourceType>
        <con:sourceStep>Create sales organization, user, inventory and terminal</con:sourceStep>
        <con:targetType>req_salesOrgRoleId</con:targetType>
        <con:targetStep>Start and submit session for user</con:targetStep>
        <con:upgraded>true</con:upgraded>
      </con:transfers>
      <con:transfers setNullOnMissingSource="true" transferTextContent="true" failOnError="true" ignoreEmpty="false" transferToAll="false" entitize="false" transferChildNodes="false">
        <con:name>userToken</con:name>
        <con:sourceType>userToken</con:sourceType>
        <con:sourceStep>Create sales organization, user, inventory and terminal</con:sourceStep>
        <con:targetType>AuthorizationUser</con:targetType>
        <con:targetStep>#Project#</con:targetStep>
        <con:upgraded>true</con:upgraded>
      </con:transfers>
      <con:transfers setNullOnMissingSource="true" transferTextContent="true" failOnError="true" ignoreEmpty="false" transferToAll="false" entitize="false" transferChildNodes="false">
        <con:name>userSo</con:name>
        <con:sourceType>res_salesOrgId</con:sourceType>
        <con:sourceStep>Create sales organization, user, inventory and terminal</con:sourceStep>
        <con:targetType>UserSo</con:targetType>
        <con:targetStep>#Project#</con:targetStep>
        <con:upgraded>true</con:upgraded>
      </con:transfers>
    </con:config>
  </con:testStep>
  <con:testStep type="calltestcase" name="Start and submit session for user" id="9afc1176-6f84-4fa8-b234-43c09fcd3888">
    <con:settings/>
    <con:config xsi:type="con:RunTestCaseStep" xmlns:xsi="http://www.w3.org/2001/XMLSchema-instance">
      <con:targetTestCase>a8bc6612-7b48-44cc-84ed-0b76bc1c8f6d</con:targetTestCase>
      <con:properties>
        <con:property>
          <con:name>req_terminalId</con:name>
          <con:value>10</con:value>
        </con:property>
        <con:property>
          <con:name>req_userRoleId</con:name>
          <con:value>60</con:value>
        </con:property>
        <con:property>
          <con:name>req_salesOrgRoleId</con:name>
          <con:value>58</con:value>
        </con:property>
        <con:property>
          <con:name>res_biId</con:name>
          <con:value>981</con:value>
        </con:property>
      </con:properties>
      <con:returnProperties>
        <con:entry>res_biId</con:entry>
      </con:returnProperties>
      <con:runMode>PARALLELL</con:runMode>
    </con:config>
  </con:testStep>
  <con:testStep type="transfer" name="Set get active session of user SUCCESS 2" id="cd4751fd-b02d-4ece-9015-19e0e2dd48e7">
    <con:settings/>
    <con:config xsi:type="con:PropertyTransfersStep" xmlns:xsi="http://www.w3.org/2001/XMLSchema-instance">
      <con:transfers setNullOnMissingSource="true" transferTextContent="true" failOnError="true" ignoreEmpty="false" transferToAll="false" entitize="false" transferChildNodes="false">
        <con:name>userRoleId</con:name>
        <con:sourceType>userId</con:sourceType>
        <con:sourceStep>Given properties for the test steps</con:sourceStep>
        <con:sourcePath/>
        <con:targetType>req_userId</con:targetType>
        <con:targetStep>Get active session of user SUCCESS 2</con:targetStep>
        <con:targetPath/>
        <con:upgraded>true</con:upgraded>
      </con:transfers>
    </con:config>
  </con:testStep>
  <con:testStep type="calltestcase" name="Get active session of user SUCCESS 2" id="27bd33f2-7a8e-420b-a6e8-4d5f38beb1ca">
    <con:settings/>
    <con:config xsi:type="con:RunTestCaseStep" xmlns:xsi="http://www.w3.org/2001/XMLSchema-instance">
      <con:targetTestCase>386bb547-46b2-440b-b144-5beef75aa635</con:targetTestCase>
      <con:properties>
        <con:property>
          <con:name>req_userId</con:name>
          <con:value>60</con:value>
        </con:property>
        <con:property>
          <con:name>res_activeSessionId</con:name>
          <con:value>991</con:value>
        </con:property>
        <con:property>
          <con:name>res_headerCode</con:name>
          <con:value>200</con:value>
        </con:property>
        <con:property>
          <con:name>res_initialAccountAmount</con:name>
          <con:value>0.0</con:value>
        </con:property>
        <con:property>
          <con:name>res_transactionalAccountAmount</con:name>
          <con:value>0.0</con:value>
        </con:property>
        <con:property>
          <con:name>res_errorMessage</con:name>
        </con:property>
      </con:properties>
      <con:returnProperties>
        <con:entry>res_activeSessionId</con:entry>
        <con:entry>res_headerCode</con:entry>
        <con:entry>res_initialAccountAmount</con:entry>
        <con:entry>res_transactionalAccountAmount</con:entry>
      </con:returnProperties>
      <con:runMode>PARALLELL</con:runMode>
    </con:config>
  </con:testStep>
  <con:testStep type="assertionteststep" name="Assertion httpCode and activeSessionId" id="f0e3fa97-2eb9-4681-9f78-a65aaab2c38c">
    <con:settings/>
    <con:config xsi:type="con:AssertionTestStep" xmlns:xsi="http://www.w3.org/2001/XMLSchema-instance">
      <con:entry>
        <con:id>a21b7ef1-43d1-45a7-95b1-beb319972f08</con:id>
        <con:isGroup>false</con:isGroup>
        <con:sourceId>27bd33f2-7a8e-420b-a6e8-4d5f38beb1ca</con:sourceId>
        <con:propertyName>res_headerCode</con:propertyName>
        <con:assertion type="Simple Equals" name="Equals" id="a82e1c40-13d2-4719-9ee1-66bf0b25b8ed">
          <con:configuration>
            <patternObjectId>ed47999d-52cc-4556-b643-5a1394572e39</patternObjectId>
            <patternProperty>httpCode200</patternProperty>
            <caseSensitive>true</caseSensitive>
          </con:configuration>
        </con:assertion>
      </con:entry>
      <con:entry>
        <con:id>56b33c54-fddc-4723-9188-946e4ca6b7a7</con:id>
        <con:isGroup>false</con:isGroup>
        <con:sourceId>27bd33f2-7a8e-420b-a6e8-4d5f38beb1ca</con:sourceId>
        <con:propertyName>res_activeSessionId</con:propertyName>
        <con:assertion type="Simple Contains" name="Contains" id="58c2fe2b-0458-4a87-a68c-aa097686d500">
          <con:configuration>
            <token>\d+</token>
            <ignoreCase>false</ignoreCase>
            <useRegEx>true</useRegEx>
          </con:configuration>
        </con:assertion>
      </con:entry>
    </con:config>
  </con:testStep>
  <con:testStep type="transfer" name="Set get account balance of user FAIL" id="be8fce15-c82c-482e-a691-9ce2b0a75d83">
    <con:settings/>
    <con:config xsi:type="con:PropertyTransfersStep" xmlns:xsi="http://www.w3.org/2001/XMLSchema-instance">
      <con:transfers setNullOnMissingSource="true" transferTextContent="true" failOnError="true" ignoreEmpty="false" transferToAll="false" entitize="false" transferChildNodes="false">
        <con:name>userRoleId</con:name>
        <con:sourceType>notExistId</con:sourceType>
        <con:sourceStep>Given properties for the test steps</con:sourceStep>
        <con:sourcePath/>
        <con:targetType>req_userId</con:targetType>
        <con:targetStep>Get account balance of user FAIL</con:targetStep>
        <con:targetPath/>
        <con:upgraded>true</con:upgraded>
      </con:transfers>
    </con:config>
  </con:testStep>
  <con:testStep type="calltestcase" name="Get account balance of user FAIL" id="1572baa5-e169-4c49-80a9-3f4fbde023c4">
    <con:settings/>
    <con:config xsi:type="con:RunTestCaseStep" xmlns:xsi="http://www.w3.org/2001/XMLSchema-instance">
      <con:targetTestCase>8a3b20cb-7c77-4c79-a6a7-2d4c83fecf8c</con:targetTestCase>
      <con:properties>
        <con:property>
          <con:name>req_userId</con:name>
          <con:value>-1</con:value>
        </con:property>
        <con:property>
          <con:name>res_accountId</con:name>
        </con:property>
        <con:property>
          <con:name>res_accountName</con:name>
        </con:property>
        <con:property>
          <con:name>res_notRoundedAmount</con:name>
        </con:property>
        <con:property>
          <con:name>res_currency</con:name>
        </con:property>
        <con:property>
          <con:name>res_roundedAmount</con:name>
        </con:property>
        <con:property>
          <con:name>res_httpStatus</con:name>
          <con:value>400</con:value>
        </con:property>
        <con:property>
          <con:name>res_errorMessage</con:name>
          <con:value>USER_NOT_ACTIVE_OR_EXISTS</con:value>
        </con:property>
      </con:properties>
      <con:returnProperties>
        <con:entry>res_httpStatus</con:entry>
        <con:entry>res_errorMessage</con:entry>
      </con:returnProperties>
      <con:runMode>PARALLELL</con:runMode>
    </con:config>
  </con:testStep>
  <con:testStep type="assertionteststep" name="Assertion user not active or exists error" id="93d9cbbd-d6c1-4a12-b44f-34b7a2cd8bdd">
    <con:settings/>
    <con:config xsi:type="con:AssertionTestStep" xmlns:xsi="http://www.w3.org/2001/XMLSchema-instance">
      <con:entry>
        <con:id>6e61770d-b36a-4421-ab51-0561a4d20fbc</con:id>
        <con:isGroup>false</con:isGroup>
        <con:sourceId>1572baa5-e169-4c49-80a9-3f4fbde023c4</con:sourceId>
        <con:propertyName>res_httpStatus</con:propertyName>
        <con:assertion type="Simple Equals" name="Equals" id="1780c28f-87dd-47ff-a96e-ca6ef6c3b1fc">
          <con:configuration>
            <patternObjectId>ed47999d-52cc-4556-b643-5a1394572e39</patternObjectId>
            <patternProperty>httpCode400</patternProperty>
            <caseSensitive>true</caseSensitive>
          </con:configuration>
        </con:assertion>
      </con:entry>
      <con:entry>
        <con:id>39827215-97c2-4f8e-a41c-d3c554fd34d0</con:id>
        <con:isGroup>false</con:isGroup>
        <con:sourceId>1572baa5-e169-4c49-80a9-3f4fbde023c4</con:sourceId>
        <con:propertyName>res_errorMessage</con:propertyName>
        <con:assertion type="Simple Equals" name="Equals 2" id="183c7dba-47cc-4dcd-b0d7-548d0383684a">
          <con:configuration>
            <patternObjectId>ed47999d-52cc-4556-b643-5a1394572e39</patternObjectId>
            <patternProperty>userNotActiveOrExists</patternProperty>
            <caseSensitive>true</caseSensitive>
          </con:configuration>
        </con:assertion>
      </con:entry>
    </con:config>
  </con:testStep>
  <con:testStep type="transfer" name="Set get account balance of user SUCCESS" id="725bfb33-0cec-43c7-bde0-01db5f8ff6c0">
    <con:settings/>
    <con:config xsi:type="con:PropertyTransfersStep" xmlns:xsi="http://www.w3.org/2001/XMLSchema-instance">
      <con:transfers setNullOnMissingSource="true" transferTextContent="true" failOnError="true" ignoreEmpty="false" transferToAll="false" entitize="false" transferChildNodes="false">
        <con:name>userRoleId</con:name>
        <con:sourceType>userId</con:sourceType>
        <con:sourceStep>Given properties for the test steps</con:sourceStep>
        <con:sourcePath/>
        <con:targetType>req_userId</con:targetType>
        <con:targetStep>Get account balance of user SUCCESS</con:targetStep>
        <con:targetPath/>
        <con:upgraded>true</con:upgraded>
      </con:transfers>
    </con:config>
  </con:testStep>
  <con:testStep type="calltestcase" name="Get account balance of user SUCCESS" id="212124ed-f37e-48b8-a6a8-820471e97482">
    <con:settings/>
    <con:config xsi:type="con:RunTestCaseStep" xmlns:xsi="http://www.w3.org/2001/XMLSchema-instance">
      <con:targetTestCase>8a3b20cb-7c77-4c79-a6a7-2d4c83fecf8c</con:targetTestCase>
      <con:properties>
        <con:property>
          <con:name>req_userId</con:name>
          <con:value>60</con:value>
        </con:property>
        <con:property>
          <con:name>res_accountId</con:name>
          <con:value>26</con:value>
        </con:property>
        <con:property>
          <con:name>res_accountName</con:name>
          <con:value xsi:nil="true"/>
        </con:property>
        <con:property>
          <con:name>res_notRoundedAmount</con:name>
          <con:value>0.0</con:value>
        </con:property>
        <con:property>
          <con:name>res_currency</con:name>
          <con:value>EUR</con:value>
        </con:property>
        <con:property>
          <con:name>res_roundedAmount</con:name>
          <con:value>0.0</con:value>
        </con:property>
        <con:property>
          <con:name>res_httpStatus</con:name>
          <con:value>200</con:value>
        </con:property>
        <con:property>
          <con:name>res_errorMessage</con:name>
          <con:value xsi:nil="true"/>
        </con:property>
      </con:properties>
      <con:returnProperties>
        <con:entry>res_accountId</con:entry>
        <con:entry>res_accountName</con:entry>
        <con:entry>res_notRoundedAmount</con:entry>
        <con:entry>res_currency</con:entry>
        <con:entry>res_roundedAmount</con:entry>
        <con:entry>res_httpStatus</con:entry>
        <con:entry>res_errorMessage</con:entry>
      </con:returnProperties>
      <con:runMode>PARALLELL</con:runMode>
    </con:config>
  </con:testStep>
  <con:testStep type="assertionteststep" name="Assertion httpCode and accountId" id="548fa244-0425-45c7-9feb-77b2ea24d920">
    <con:settings/>
    <con:config xsi:type="con:AssertionTestStep" xmlns:xsi="http://www.w3.org/2001/XMLSchema-instance">
      <con:entry>
        <con:id>8f596c55-60bd-4f60-bd14-77db24559014</con:id>
        <con:isGroup>false</con:isGroup>
        <con:sourceId>212124ed-f37e-48b8-a6a8-820471e97482</con:sourceId>
        <con:propertyName>res_httpStatus</con:propertyName>
        <con:assertion type="Simple Equals" name="Equals" id="a948ff12-6d3b-4c29-9eb7-7e556fd78061">
          <con:configuration>
            <patternObjectId>ed47999d-52cc-4556-b643-5a1394572e39</patternObjectId>
            <patternProperty>httpCode200</patternProperty>
            <caseSensitive>true</caseSensitive>
          </con:configuration>
        </con:assertion>
      </con:entry>
      <con:entry>
        <con:id>230af32a-829b-49a8-a7da-160af6f4ccd5</con:id>
        <con:isGroup>false</con:isGroup>
        <con:sourceId>212124ed-f37e-48b8-a6a8-820471e97482</con:sourceId>
        <con:propertyName>res_accountId</con:propertyName>
        <con:assertion type="Simple Contains" name="Contains" id="7dde62fa-1edd-4e57-a8c4-5a675f59ff17">
          <con:configuration>
            <token>\d+</token>
            <ignoreCase>false</ignoreCase>
            <useRegEx>true</useRegEx>
          </con:configuration>
        </con:assertion>
      </con:entry>
    </con:config>
  </con:testStep>
  <con:testStep type="manualTestStep" name="Passive user login try" id="b1474a67-137a-4365-8651-baff414b7acf" disabled="true">
    <con:settings/>
    <con:config xsi:type="con:ManualTestStep" xmlns:xsi="http://www.w3.org/2001/XMLSchema-instance"/>
  </con:testStep>
  <con:testStep type="calltestcase" name="Login with token - success" id="3c7f64e0-d48b-4b74-b64e-1b6898bb30bd">
    <con:settings/>
    <con:config xsi:type="con:RunTestCaseStep" xmlns:xsi="http://www.w3.org/2001/XMLSchema-instance">
      <con:targetTestCase>d3247ed2-4ce5-43d2-b4d5-55b3c5ae7871</con:targetTestCase>
      <con:properties>
        <con:property>
          <con:name>res_status</con:name>
          <con:value>200</con:value>
        </con:property>
        <con:property>
          <con:name>res_code</con:name>
          <con:value xsi:nil="true"/>
        </con:property>
        <con:property>
          <con:name>res_description</con:name>
          <con:value xsi:nil="true"/>
        </con:property>
        <con:property>
          <con:name>res_isAuthenticated</con:name>
          <con:value>true</con:value>
        </con:property>
        <con:property>
          <con:name>res_permission</con:name>
          <con:value>["AdvancePayment_Filter","BillPayment_Filter","BusinessInteraction_Filter","Command_Filter","Confirmation_Confirm","Confirmation_Filter","ContractTakeover_Filter","Currency_Filter","Deposit_Filter","InventoryCreate_Filter","Language_Filter","Log_Filter","MonetaryTransaction_Filter","MoneyTransfer_Cancel","MoneyTransfer_Create","MoneyTransfer_Filter","MoneyTransfer_Submit","Offering_Create","Offering_Filter","Payment_Filter","ProductChange_Create","ProductChange_Filter","ProductHistoryLog_Filter","ProductRepair_Create","ProductRepair_Filter","ProductRequest_ApproveReject","ProductRequest_Cancel","ProductRequest_Create","ProductRequest_Filter","ProductRequest_Fulfill","IncomingProductRequest_Cancel","IncomingProductRequest_Create","IncomingProductRequest_Filter","IncomingProductRequest_Fulfill","ProductRequest_Submit","ProductReservation_Cancel","ProductReservation_Create","ProductReservation_Filter","ProductReservation_Submit","ProductSales_Create","ProductSales_Filter","ProductStatusChange_Cancel","ProductStatusChange_Create","ProductStatusChange_Filter","ProductStatusChange_Submit","ProductTransfer_ApproveReject","ProductTransfer_Cancel","ProductTransfer_Create","ProductTransfer_Filter","ProductTransfer_Shipment","ProductTransfer_Submit","Receipt_Filter","Reconciliation_Cancel","Reconciliation_Create","Reconciliation_Filter","Reconciliation_Submit","Refill_Filter","Refund_Filter","RemoteGenericPayment_Filter","SalesOrganizationCreate_Filter","SalesOrganizationForParentOrganization_Filter","SalesOrganizationForStockLevelAggregated_Filter","SalesOrganizationForStockLevel_Filter","SalesOrganizationForStockLimitAssociation_Filter","SalesOrganization_ActivateDeactivate","SalesOrganization_ChangeParent","SalesOrganization_Create","SalesOrganization_Filter","SalesOrganization_Modify","SecurityRole_Create","SecurityRole_Filter","SecurityRole_Modify","Session_Filter","Session_ForceToClose","StockIn_Cancel","StockIn_Create","StockIn_Filter","StockIn_Submit","StockLimitDefinitionSOAssociation_Create","StockLimitDefinitionSOAssociation_Delete","StockLimitDefinitionSOAssociation_Filter","StockLimitDefinition_Create","StockLimitDefinition_Delete","StockLimitDefinition_Filter","StockOut_Cancel","StockOut_Create","StockOut_Filter","StockOut_Submit","TerminalCreate_Filter","UnderLimitProductList_Filter","User_ActivateDeactivate","User_AddRemoveSecurityRoles","User_ChangeOrganization","User_Create","User_EditCredentials","User_Filter","User_Modify","User_Unlock","Product_Specification_RelationShip","ProductStatusChange_Filter","ProductStatusChange_Create","Specification_Create","Specification_Modify","Specification_Filter","ProductStatusChange_Submit","ProductStatusChange_Cancel","ProfilePermission_Cancel","ProfilePermission_Create","ProfilePermission_Filter","ProfilePermission_Submit","ChangeEntityCharacteristics_Cancel","ChangeEntityCharacteristics_Create","ChangeEntityCharacteristics_Filter","ChangeEntityCharacteristics_Submit","Region_Cancel","Region_Create","Region_Submit","Region_Filter","RegionSOUpdate_Cancel","RegionSOUpdate_Create","RegionSOUpdate_Submit","RegionSOUpdate_Filter","Channel_Cancel","Channel_Create","Channel_Submit","Channel_Filter","ChannelSOUpdate_Cancel","ChannelSOUpdate_Create","ChannelSOUpdate_Submit","ChannelSOUpdate_Filter","CompositePlace_Filter","CompositePlace_Create","ContactMedium_Cancel","ContactMedium_Create","ContactMedium_Submit","ContactMedium_Filter","StockReconciliation_Filter","StockReconciliation_Create","StockReconciliation_Submit","StockReconciliation_Cancel","ProductMovementHistory_Filter"]</con:value>
        </con:property>
        <con:property>
          <con:name>res_profileId</con:name>
          <con:value>ERMS_ADMIN</con:value>
        </con:property>
        <con:property>
          <con:name>res_userName</con:name>
          <con:value>u0be1b683-c33b-4128-bae0-e090e2d59e92</con:value>
        </con:property>
      </con:properties>
      <con:returnProperties>
        <con:entry>res_status</con:entry>
        <con:entry>res_code</con:entry>
        <con:entry>res_description</con:entry>
        <con:entry>res_isAuthenticated</con:entry>
        <con:entry>res_permission</con:entry>
        <con:entry>res_profileId</con:entry>
        <con:entry>res_userName</con:entry>
      </con:returnProperties>
      <con:runMode>PARALLELL</con:runMode>
    </con:config>
  </con:testStep>
  <con:testStep type="assertionteststep" name="Assertion for login with token - success" id="76940675-b5a5-4c75-bc84-4f0399b576ca">
    <con:settings/>
    <con:config xsi:type="con:AssertionTestStep" xmlns:xsi="http://www.w3.org/2001/XMLSchema-instance">
      <con:entry>
        <con:id>65349826-cc59-485d-bac1-ca5edcfca1a9</con:id>
        <con:isGroup>false</con:isGroup>
        <con:sourceId>3c7f64e0-d48b-4b74-b64e-1b6898bb30bd</con:sourceId>
        <con:propertyName>res_status</con:propertyName>
        <con:assertion type="Simple Equals" name="Equals" id="126076c9-5be3-486b-97d3-a9f9de0a8914">
          <con:configuration>
            <patternText>200</patternText>
            <caseSensitive>true</caseSensitive>
          </con:configuration>
        </con:assertion>
      </con:entry>
      <con:entry>
        <con:id>bc253133-666b-44a9-9ffd-3a402195975c</con:id>
        <con:isGroup>false</con:isGroup>
        <con:sourceId>3c7f64e0-d48b-4b74-b64e-1b6898bb30bd</con:sourceId>
        <con:propertyName>res_isAuthenticated</con:propertyName>
        <con:assertion type="Simple Equals" name="Equals 2" id="ca6fae95-2337-41a1-b2ea-b4e9c477fff9">
          <con:configuration>
            <patternText>true</patternText>
            <caseSensitive>true</caseSensitive>
          </con:configuration>
        </con:assertion>
      </con:entry>
      <con:entry>
        <con:id>96eb77a2-1604-464f-aa5e-0d8ffe454ab0</con:id>
        <con:isGroup>false</con:isGroup>
        <con:sourceId>3c7f64e0-d48b-4b74-b64e-1b6898bb30bd</con:sourceId>
        <con:propertyName>res_permission</con:propertyName>
        <con:assertion type="Simple Contains" name="Contains" id="7117c134-28fe-4ba4-8dfe-ea36218ed7be">
          <con:configuration>
            <token>^(?!\s*$).+</token>
            <ignoreCase>false</ignoreCase>
            <useRegEx>true</useRegEx>
          </con:configuration>
        </con:assertion>
      </con:entry>
    </con:config>
  </con:testStep>
  <con:testStep type="transfer" name="Property Transfer for creating another user - user deactivation" id="a09e1bba-c678-46a6-92e0-9b3f7c749fd3">
    <con:settings/>
    <con:config xsi:type="con:PropertyTransfersStep" xmlns:xsi="http://www.w3.org/2001/XMLSchema-instance">
      <con:transfers setNullOnMissingSource="true" transferTextContent="true" failOnError="true" ignoreEmpty="false" transferToAll="false" entitize="false" transferChildNodes="false">
        <con:name>userId</con:name>
        <con:sourceType>res_userRoleId</con:sourceType>
        <con:sourceStep>Create sales organization, user, inventory and terminal</con:sourceStep>
        <con:sourcePath/>
        <con:targetType>req_createdByUserRoleId</con:targetType>
        <con:targetStep>Create another user  - user deactivation</con:targetStep>
        <con:targetPath/>
        <con:upgraded>true</con:upgraded>
      </con:transfers>
      <con:transfers setNullOnMissingSource="true" transferTextContent="true" failOnError="true" ignoreEmpty="false" transferToAll="false" entitize="false" transferChildNodes="false">
        <con:name>soId</con:name>
        <con:sourceType>res_salesOrgId</con:sourceType>
        <con:sourceStep>Create sales organization, user, inventory and terminal</con:sourceStep>
        <con:targetType>req_createdBySalesOrgRoleId</con:targetType>
        <con:targetStep>Create another user  - user deactivation</con:targetStep>
        <con:upgraded>true</con:upgraded>
      </con:transfers>
      <con:transfers setNullOnMissingSource="true" transferTextContent="true" failOnError="true" ignoreEmpty="false" transferToAll="false" entitize="false" transferChildNodes="false">
        <con:name>soId</con:name>
        <con:sourceType>res_salesOrgId</con:sourceType>
        <con:sourceStep>Create sales organization, user, inventory and terminal</con:sourceStep>
        <con:targetType>req_soRoleId</con:targetType>
        <con:targetStep>Create another user  - user deactivation</con:targetStep>
        <con:upgraded>true</con:upgraded>
      </con:transfers>
      <con:transfers setNullOnMissingSource="true" transferTextContent="true" failOnError="true" ignoreEmpty="false" transferToAll="false" entitize="false" transferChildNodes="false">
        <con:name>biSpecCode</con:name>
        <con:sourceType>USERCREATEBISPEC</con:sourceType>
        <con:sourceStep>Given properties for the test steps</con:sourceStep>
        <con:targetType>req_biSpecCode</con:targetType>
        <con:targetStep>Create another user  - user deactivation</con:targetStep>
        <con:upgraded>true</con:upgraded>
      </con:transfers>
      <con:transfers setNullOnMissingSource="true" transferTextContent="true" failOnError="true" ignoreEmpty="false" transferToAll="false" entitize="false" transferChildNodes="false">
        <con:name>userExtId</con:name>
        <con:sourceType>userExternalId</con:sourceType>
        <con:sourceStep>Given properties for the test steps</con:sourceStep>
        <con:targetType>req_userExternalID</con:targetType>
        <con:targetStep>Create another user  - user deactivation</con:targetStep>
        <con:upgraded>true</con:upgraded>
      </con:transfers>
      <con:transfers setNullOnMissingSource="true" transferTextContent="true" failOnError="true" ignoreEmpty="false" transferToAll="false" entitize="false" transferChildNodes="false">
        <con:name>false</con:name>
        <con:sourceType>false</con:sourceType>
        <con:sourceStep>Given properties for the test steps</con:sourceStep>
        <con:targetType>req_forceToUseSession</con:targetType>
        <con:targetStep>Create another user  - user deactivation</con:targetStep>
        <con:upgraded>true</con:upgraded>
      </con:transfers>
      <con:transfers setNullOnMissingSource="true" transferTextContent="true" failOnError="true" ignoreEmpty="false" transferToAll="false" entitize="false" transferChildNodes="false">
        <con:name>name</con:name>
        <con:sourceType>name</con:sourceType>
        <con:sourceStep>Given properties for the test steps</con:sourceStep>
        <con:targetType>req_name</con:targetType>
        <con:targetStep>Create another user  - user deactivation</con:targetStep>
        <con:upgraded>true</con:upgraded>
      </con:transfers>
      <con:transfers setNullOnMissingSource="true" transferTextContent="true" failOnError="true" ignoreEmpty="false" transferToAll="false" entitize="false" transferChildNodes="false">
        <con:name>indName</con:name>
        <con:sourceType>indName</con:sourceType>
        <con:sourceStep>Given properties for the test steps</con:sourceStep>
        <con:targetType>req_indName</con:targetType>
        <con:targetStep>Create another user  - user deactivation</con:targetStep>
        <con:upgraded>true</con:upgraded>
      </con:transfers>
      <con:transfers setNullOnMissingSource="true" transferTextContent="true" failOnError="true" ignoreEmpty="false" transferToAll="false" entitize="false" transferChildNodes="false">
        <con:name>indFirstName</con:name>
        <con:sourceType>indFirstname</con:sourceType>
        <con:sourceStep>Given properties for the test steps</con:sourceStep>
        <con:targetType>req_indFirstName</con:targetType>
        <con:targetStep>Create another user  - user deactivation</con:targetStep>
        <con:upgraded>true</con:upgraded>
      </con:transfers>
      <con:transfers setNullOnMissingSource="true" transferTextContent="true" failOnError="true" ignoreEmpty="false" transferToAll="false" entitize="false" transferChildNodes="false">
        <con:name>indLastName</con:name>
        <con:sourceType>indLastname</con:sourceType>
        <con:sourceStep>Given properties for the test steps</con:sourceStep>
        <con:targetType>req_indLastName</con:targetType>
        <con:targetStep>Create another user  - user deactivation</con:targetStep>
        <con:upgraded>true</con:upgraded>
      </con:transfers>
      <con:transfers setNullOnMissingSource="true" transferTextContent="true" failOnError="true" ignoreEmpty="false" transferToAll="false" entitize="false" transferChildNodes="false">
        <con:name>indName</con:name>
        <con:sourceType>indName</con:sourceType>
        <con:sourceStep>Given properties for the test steps</con:sourceStep>
        <con:targetType>req_indName</con:targetType>
        <con:targetStep>Create another user  - user deactivation</con:targetStep>
        <con:upgraded>true</con:upgraded>
      </con:transfers>
      <con:transfers setNullOnMissingSource="true" transferTextContent="true" failOnError="true" ignoreEmpty="false" transferToAll="false" entitize="false" transferChildNodes="false">
        <con:name>email</con:name>
        <con:sourceType>email_valid</con:sourceType>
        <con:sourceStep>Given properties for the test steps</con:sourceStep>
        <con:targetType>req_email</con:targetType>
        <con:targetStep>Create another user  - user deactivation</con:targetStep>
        <con:upgraded>true</con:upgraded>
      </con:transfers>
    </con:config>
  </con:testStep>
  <con:testStep type="calltestcase" name="Create another user  - user deactivation" id="caf9d779-7259-469f-95be-06c67e514257">
    <con:settings/>
    <con:config xsi:type="con:RunTestCaseStep" xmlns:xsi="http://www.w3.org/2001/XMLSchema-instance">
      <con:targetTestCase>f95d12d9-6cd5-4f61-b30f-72301b48157f</con:targetTestCase>
      <con:properties>
        <con:property>
          <con:name>req_createdByUserRoleId</con:name>
          <con:value>60</con:value>
        </con:property>
        <con:property>
          <con:name>req_createdBySalesOrgRoleId</con:name>
          <con:value>58</con:value>
        </con:property>
        <con:property>
          <con:name>req_soRoleId</con:name>
          <con:value>58</con:value>
        </con:property>
        <con:property>
          <con:name>req_biSpecCode</con:name>
          <con:value>USERCREATEBISPEC</con:value>
        </con:property>
        <con:property>
          <con:name>req_userExternalID</con:name>
          <con:value>robert.baggio${=java.util.UUID.randomUUID()}</con:value>
        </con:property>
        <con:property>
          <con:name>req_forceToUseSession</con:name>
          <con:value>false</con:value>
        </con:property>
        <con:property>
          <con:name>req_biId</con:name>
          <con:value xsi:nil="true"/>
        </con:property>
        <con:property>
          <con:name>req_name</con:name>
          <con:value>Roberto Baggio</con:value>
        </con:property>
        <con:property>
          <con:name>req_indFirstName</con:name>
          <con:value>Roberto</con:value>
        </con:property>
        <con:property>
          <con:name>req_indLastName</con:name>
          <con:value>Baggio</con:value>
        </con:property>
        <con:property>
          <con:name>req_indName</con:name>
          <con:value>Roberto Baggio</con:value>
        </con:property>
        <con:property>
          <con:name>req_email</con:name>
          <con:value>test@valid.com</con:value>
        </con:property>
        <con:property>
          <con:name>userToken</con:name>
          <con:value>Bearer eyJraWQiOiIxIiwiYWxnIjoiUlMyNTYifQ.eyJpc3MiOiJVTVMtUHJlZmlsdGVyLUNoZWNrQXV0aG9yaXplIiwic3ViIjoiVEVTVCIsImF1ZCI6IlJNIiwiaWF0IjoxNDg3MTYwOTc5LCJleHAiOjE1NTI3MjIxNzgsImF1dGhfdGltZSI6IjEzMTEyODA4NzAiLCJub25jZSI6Im4tMFM2X1d6QTJNaiIsIm5hbWUiOiJVTVMgVGVzdCBVc2VyIiwieF9kYnNzIjp7ImF1dGh6UHJvZmlsZU5hbWUiOiJDU1JfQXV0aHpQcm9maWxlIiwidmVyc2lvbiI6InYxIiwicGFydHlfaWQiOiIxMjMiLCJleHRlcm5hbF91c2VybmFtZSI6InJvYmVydC5iYWdnaW80MWJhMmQ3Zi1kMTBmLTRlYzEtYmM5MC02OTIwZWU4MjIyYmMifX0.2dk2-r4sTJbhQKp4hnBw8WUlAhpDdqM0xqoZ7CyITZPi7pGiKuPhmEjpu6nYvU4ERorXVeAWkqNCbgFwS15701YPzFikdLWqNTebmnLqm1GqyE7dCA0tpCdL2EqhRm1CHliba4DVGUAjNk9dv8ZrbePuWu5LQjyWnYqcosyBq50</con:value>
        </con:property>
        <con:property>
          <con:name>intUserToken</con:name>
          <con:value>Bearer eyJraWQiOiIxIiwiYWxnIjoiUlMyNTYifQ.eyJpc3MiOiJVTVMtUHJlZmlsdGVyLUNoZWNrQXV0aG9yaXplIiwic3ViIjoiVEVTVCIsImF1ZCI6IlJNIiwiaWF0IjoxNDg3MTYwOTc5LCJleHAiOjE1NTI3MjIxNzgsImF1dGhfdGltZSI6IjEzMTEyODA4NzAiLCJub25jZSI6Im4tMFM2X1d6QTJNaiIsIm5hbWUiOiJVTVMgVGVzdCBVc2VyIiwieF9kYnNzIjp7ImF1dGh6UHJvZmlsZU5hbWUiOiJFUk1TX0FETUlOX0F1dGh6UHJvZmlsZSIsInZlcnNpb24iOiJ2MSIsInBhcnR5X2lkIjoiMTIzIiwiZXh0ZXJuYWxfdXNlcm5hbWUiOiJyb2JlcnQuYmFnZ2lvNDFiYTJkN2YtZDEwZi00ZWMxLWJjOTAtNjkyMGVlODIyMmJjIn19.CZgMDBhxhobanO7HuQtHfpoBq-spAR0xStCF_SnMTjghxpi9zYVR8m7vkzq85-LBayhKlnuyd0G_mvCUpKa-5j-k2C6xyRLfpv5ZbLElnRsK65oL5zT5t7dkuvMjb5m5X_yUZih9-BVGakj4dfVrpAa_C9sf6OiTwqpOKjiSM48</con:value>
        </con:property>
        <con:property>
          <con:name>res_error</con:name>
          <con:value xsi:nil="true"/>
        </con:property>
        <con:property>
          <con:name>res_userId</con:name>
          <con:value>66</con:value>
        </con:property>
        <con:property>
          <con:name>res_biId</con:name>
          <con:value>1001</con:value>
        </con:property>
        <con:property>
          <con:name>res_forceToUseSession</con:name>
          <con:value>false</con:value>
        </con:property>
      </con:properties>
      <con:returnProperties>
        <con:entry>userToken</con:entry>
        <con:entry>intUserToken</con:entry>
        <con:entry>res_error</con:entry>
        <con:entry>res_userId</con:entry>
        <con:entry>res_biId</con:entry>
        <con:entry>res_forceToUseSession</con:entry>
      </con:returnProperties>
      <con:runMode>PARALLELL</con:runMode>
    </con:config>
  </con:testStep>
  <con:testStep type="transfer" name="Property Transfer For Status Change BI New - user deactivation" id="094d3b92-3e6b-4660-9e00-d83c12ab6ba0">
    <con:settings/>
    <con:config xsi:type="con:PropertyTransfersStep" xmlns:xsi="http://www.w3.org/2001/XMLSchema-instance">
      <con:transfers setNullOnMissingSource="true" transferTextContent="true" failOnError="true" ignoreEmpty="false" transferToAll="false" entitize="false" transferChildNodes="false">
        <con:name>salesOrgRoleId</con:name>
        <con:sourceType>res_salesOrgId</con:sourceType>
        <con:sourceStep>Create sales organization, user, inventory and terminal</con:sourceStep>
        <con:sourcePath/>
        <con:targetType>req_salesOrgRoleId</con:targetType>
        <con:targetStep>Create status change business interaction New - user deactivation</con:targetStep>
        <con:targetPath/>
        <con:upgraded>true</con:upgraded>
      </con:transfers>
      <con:transfers setNullOnMissingSource="true" transferTextContent="true" failOnError="true" ignoreEmpty="false" transferToAll="false" entitize="false" transferChildNodes="false">
        <con:name>userRoleId</con:name>
        <con:sourceType>res_userRoleId</con:sourceType>
        <con:sourceStep>Create sales organization, user, inventory and terminal</con:sourceStep>
        <con:targetType>req_userRoleId</con:targetType>
        <con:targetStep>Create status change business interaction New - user deactivation</con:targetStep>
        <con:upgraded>true</con:upgraded>
      </con:transfers>
      <con:transfers setNullOnMissingSource="true" transferTextContent="true" failOnError="true" ignoreEmpty="false" transferToAll="false" entitize="false" transferChildNodes="false">
        <con:name>biSpec</con:name>
        <con:sourceType>STATUSCHANGEBISPEC</con:sourceType>
        <con:sourceStep>Given properties for the test steps</con:sourceStep>
        <con:targetType>req_biSpecCode</con:targetType>
        <con:targetStep>Create status change business interaction New - user deactivation</con:targetStep>
        <con:upgraded>true</con:upgraded>
      </con:transfers>
      <con:transfers setNullOnMissingSource="true" transferTextContent="true" failOnError="true" ignoreEmpty="false" transferToAll="false" entitize="false" transferChildNodes="false">
        <con:name>extToken</con:name>
        <con:sourceType>userToken</con:sourceType>
        <con:sourceStep>Create sales organization, user, inventory and terminal</con:sourceStep>
        <con:targetType>AuthorizationUser</con:targetType>
        <con:targetStep>#Project#</con:targetStep>
        <con:upgraded>true</con:upgraded>
      </con:transfers>
    </con:config>
  </con:testStep>
  <con:testStep type="calltestcase" name="Create status change business interaction New - user deactivation" id="4883240c-de67-40ff-a01a-37494814eeb7">
    <con:settings/>
    <con:config xsi:type="con:RunTestCaseStep" xmlns:xsi="http://www.w3.org/2001/XMLSchema-instance">
      <con:targetTestCase>ebe38a74-a539-48d8-b0f9-7d45aa239d9c</con:targetTestCase>
      <con:properties>
        <con:property>
          <con:name>req_userRoleId</con:name>
          <con:value>60</con:value>
        </con:property>
        <con:property>
          <con:name>req_salesOrgRoleId</con:name>
          <con:value>58</con:value>
        </con:property>
        <con:property>
          <con:name>req_biSpecCode</con:name>
          <con:value>STATUSCHANGEBISPEC</con:value>
        </con:property>
        <con:property>
          <con:name>res_biId</con:name>
          <con:value>1011</con:value>
        </con:property>
        <con:property>
          <con:name>res_headerCode</con:name>
          <con:value>201</con:value>
        </con:property>
        <con:property>
          <con:name>res_errorMessage</con:name>
          <con:value xsi:nil="true"/>
        </con:property>
      </con:properties>
      <con:returnProperties>
        <con:entry>res_biId</con:entry>
        <con:entry>res_headerCode</con:entry>
        <con:entry>res_errorMessage</con:entry>
      </con:returnProperties>
      <con:runMode>PARALLELL</con:runMode>
    </con:config>
  </con:testStep>
  <con:testStep type="assertionteststep" name="Status Change Business Interaction is created successfully New - user deactivation" id="a1ad5889-2893-431b-b929-7cf58ec6ac2e">
    <con:settings/>
    <con:config xsi:type="con:AssertionTestStep" xmlns:xsi="http://www.w3.org/2001/XMLSchema-instance">
      <con:entry>
        <con:id>3777a6ac-c793-48c7-8775-f3670e3f577a</con:id>
        <con:isGroup>false</con:isGroup>
        <con:sourceId>4883240c-de67-40ff-a01a-37494814eeb7</con:sourceId>
        <con:propertyName>res_biId</con:propertyName>
        <con:assertion type="Simple Contains" name="Contains" id="3439a227-2599-451e-9856-f52b9d032d28">
          <con:configuration>
            <token>\d+</token>
            <ignoreCase>false</ignoreCase>
            <useRegEx>true</useRegEx>
          </con:configuration>
        </con:assertion>
      </con:entry>
    </con:config>
  </con:testStep>
  <con:testStep type="transfer" name="Property Transfer For Adding User Item - user deactivation" id="ee204caa-e74b-4046-9b6e-40a7c5fed8bf">
    <con:settings/>
    <con:config xsi:type="con:PropertyTransfersStep" xmlns:xsi="http://www.w3.org/2001/XMLSchema-instance">
      <con:transfers setNullOnMissingSource="true" transferTextContent="true" failOnError="true" ignoreEmpty="false" transferToAll="false" entitize="false" transferChildNodes="false">
        <con:name>biId</con:name>
        <con:sourceType>res_biId</con:sourceType>
        <con:sourceStep>Create status change business interaction New - user deactivation</con:sourceStep>
        <con:sourcePath/>
        <con:targetType>req_biId</con:targetType>
        <con:targetStep>Add User Item - user deactivation</con:targetStep>
        <con:targetPath/>
        <con:upgraded>true</con:upgraded>
      </con:transfers>
      <con:transfers setNullOnMissingSource="true" transferTextContent="true" failOnError="true" ignoreEmpty="false" transferToAll="false" entitize="false" transferChildNodes="false">
        <con:name>userId</con:name>
        <con:sourceType>res_userId</con:sourceType>
        <con:sourceStep>Create another user  - user deactivation</con:sourceStep>
        <con:targetType>req_userId</con:targetType>
        <con:targetStep>Add User Item - user deactivation</con:targetStep>
        <con:upgraded>true</con:upgraded>
      </con:transfers>
      <con:transfers setNullOnMissingSource="true" transferTextContent="true" failOnError="true" ignoreEmpty="false" transferToAll="false" entitize="false" transferChildNodes="false">
        <con:name>newStatus</con:name>
        <con:sourceType>Passive</con:sourceType>
        <con:sourceStep>Given properties for the test steps</con:sourceStep>
        <con:targetType>req_newStatus</con:targetType>
        <con:targetStep>Add User Item - user deactivation</con:targetStep>
        <con:upgraded>true</con:upgraded>
      </con:transfers>
    </con:config>
  </con:testStep>
  <con:testStep type="calltestcase" name="Add User Item - user deactivation" id="55f94a0c-50be-4d0d-a8bd-9c677ceea636">
    <con:settings/>
    <con:config xsi:type="con:RunTestCaseStep" xmlns:xsi="http://www.w3.org/2001/XMLSchema-instance">
      <con:targetTestCase>b3f97395-0a36-414e-8d7f-3238ccdcafce</con:targetTestCase>
      <con:properties>
        <con:property>
          <con:name>req_biId</con:name>
          <con:value>1011</con:value>
        </con:property>
        <con:property>
          <con:name>req_userId</con:name>
          <con:value>66</con:value>
        </con:property>
        <con:property>
          <con:name>req_newStatus</con:name>
          <con:value>Passive</con:value>
        </con:property>
        <con:property>
          <con:name>res_itemId</con:name>
          <con:value>308</con:value>
        </con:property>
        <con:property>
          <con:name>res_headerCode</con:name>
          <con:value>201</con:value>
        </con:property>
        <con:property>
          <con:name>res_errorMessage</con:name>
          <con:value xsi:nil="true"/>
        </con:property>
        <con:property>
          <con:name>req_userIdExt</con:name>
          <con:value/>
        </con:property>
      </con:properties>
      <con:returnProperties>
        <con:entry>res_itemId</con:entry>
        <con:entry>res_headerCode</con:entry>
        <con:entry>res_errorMessage</con:entry>
      </con:returnProperties>
      <con:runMode>PARALLELL</con:runMode>
    </con:config>
  </con:testStep>
  <con:testStep type="assertionteststep" name="User item is added succesfully - user deactivation" id="d910d298-f23a-44be-aed9-b43500d777ba">
    <con:settings/>
    <con:config xsi:type="con:AssertionTestStep" xmlns:xsi="http://www.w3.org/2001/XMLSchema-instance">
      <con:entry>
        <con:id>47383b63-c78b-47e3-b046-64be330e6ea3</con:id>
        <con:isGroup>false</con:isGroup>
        <con:sourceId>55f94a0c-50be-4d0d-a8bd-9c677ceea636</con:sourceId>
        <con:propertyName>res_itemId</con:propertyName>
        <con:assertion type="Simple Contains" name="Contains" id="8eb278f4-1d72-4a0e-9043-c1279c64b835">
          <con:configuration>
            <token>\d+</token>
            <ignoreCase>false</ignoreCase>
            <useRegEx>true</useRegEx>
          </con:configuration>
        </con:assertion>
      </con:entry>
    </con:config>
  </con:testStep>
  <con:testStep type="transfer" name="Property Transfer for submitting - user deactivation" id="6d35e557-fe00-4f1d-94c9-7e8e749defea">
    <con:settings/>
    <con:config xsi:type="con:PropertyTransfersStep" xmlns:xsi="http://www.w3.org/2001/XMLSchema-instance">
      <con:transfers setNullOnMissingSource="true" transferTextContent="true" failOnError="true" ignoreEmpty="false" transferToAll="false" entitize="false" transferChildNodes="false">
        <con:name>biId</con:name>
        <con:sourceType>res_biId</con:sourceType>
        <con:sourceStep>Create status change business interaction New - user deactivation</con:sourceStep>
        <con:sourcePath/>
        <con:targetType>req_biId</con:targetType>
        <con:targetStep>Submit status Change BI - user deactivation</con:targetStep>
        <con:targetPath/>
        <con:upgraded>true</con:upgraded>
      </con:transfers>
    </con:config>
  </con:testStep>
  <con:testStep type="calltestcase" name="Submit status Change BI - user deactivation" id="1c7cf8b2-146a-49e2-8672-bbc7272b67ef">
    <con:settings/>
    <con:config xsi:type="con:RunTestCaseStep" xmlns:xsi="http://www.w3.org/2001/XMLSchema-instance">
      <con:targetTestCase>a69bef10-271b-4e39-87a4-f15a12f69895</con:targetTestCase>
      <con:properties>
        <con:property>
          <con:name>req_biId</con:name>
          <con:value>1011</con:value>
        </con:property>
        <con:property>
          <con:name>res_biId</con:name>
          <con:value>1011</con:value>
        </con:property>
        <con:property>
          <con:name>res_headerCode</con:name>
          <con:value>200</con:value>
        </con:property>
        <con:property>
          <con:name>res_errorMessage</con:name>
          <con:value xsi:nil="true"/>
        </con:property>
      </con:properties>
      <con:returnProperties>
        <con:entry>res_biId</con:entry>
        <con:entry>res_headerCode</con:entry>
        <con:entry>res_errorMessage</con:entry>
      </con:returnProperties>
      <con:runMode>PARALLELL</con:runMode>
    </con:config>
  </con:testStep>
  <con:testStep type="assertionteststep" name="submit status change bi - user deactivation" id="1a09ff21-d6f2-4cd8-8651-259d146d579c">
    <con:settings/>
    <con:config xsi:type="con:AssertionTestStep" xmlns:xsi="http://www.w3.org/2001/XMLSchema-instance">
      <con:entry>
        <con:id>42d05684-8229-409c-9e72-a924886df034</con:id>
        <con:isGroup>false</con:isGroup>
        <con:sourceId>1c7cf8b2-146a-49e2-8672-bbc7272b67ef</con:sourceId>
        <con:propertyName>res_biId</con:propertyName>
        <con:assertion type="Simple Contains" name="Contains" id="a77ed518-6214-491c-8c58-d983c8746e52">
          <con:configuration>
            <token>\d+</token>
            <ignoreCase>false</ignoreCase>
            <useRegEx>true</useRegEx>
          </con:configuration>
        </con:assertion>
      </con:entry>
    </con:config>
  </con:testStep>
  <con:testStep type="calltestcase" name="Login with token - fail" id="ab9d4696-07c8-4bdf-828a-b703b4c88e22">
    <con:settings/>
    <con:config xsi:type="con:RunTestCaseStep" xmlns:xsi="http://www.w3.org/2001/XMLSchema-instance">
      <con:targetTestCase>d3247ed2-4ce5-43d2-b4d5-55b3c5ae7871</con:targetTestCase>
      <con:properties>
        <con:property>
          <con:name>res_status</con:name>
          <con:value>403</con:value>
        </con:property>
        <con:property>
          <con:name>res_code</con:name>
          <con:value>USER_NOT_ACTIVE</con:value>
        </con:property>
        <con:property>
          <con:name>res_description</con:name>
          <con:value>User: robert.baggio41ba2d7f-d10f-4ec1-bc90-6920ee8222bc is marked as Passive (not Active) on ERMS System.</con:value>
        </con:property>
        <con:property>
          <con:name>res_isAuthenticated</con:name>
        </con:property>
        <con:property>
          <con:name>res_permission</con:name>
        </con:property>
        <con:property>
          <con:name>res_profileId</con:name>
        </con:property>
        <con:property>
          <con:name>res_userName</con:name>
        </con:property>
      </con:properties>
      <con:returnProperties>
        <con:entry>res_status</con:entry>
        <con:entry>res_code</con:entry>
        <con:entry>res_description</con:entry>
      </con:returnProperties>
      <con:runMode>PARALLELL</con:runMode>
    </con:config>
  </con:testStep>
  <con:testStep type="assertionteststep" name="Assertion for login with token - fail" id="b8d45f09-2c8a-484e-aad9-adce6d10605c">
    <con:settings/>
    <con:config xsi:type="con:AssertionTestStep" xmlns:xsi="http://www.w3.org/2001/XMLSchema-instance"/>
  </con:testStep>
  <con:testStep type="transfer" name="Property Transfer - nullify tokens" id="cce09074-e07d-4674-9c6b-b31f6a0c4bc7">
    <con:settings/>
    <con:config xsi:type="con:PropertyTransfersStep" xmlns:xsi="http://www.w3.org/2001/XMLSchema-instance">
      <con:transfers setNullOnMissingSource="true" transferTextContent="true" failOnError="true" ignoreEmpty="false" transferToAll="false" entitize="false" transferChildNodes="false" disabled="true">
        <con:name>userExtToken</con:name>
        <con:sourcePath/>
        <con:targetPath/>
        <con:upgraded>true</con:upgraded>
      </con:transfers>
      <con:transfers setNullOnMissingSource="true" transferTextContent="true" failOnError="true" ignoreEmpty="false" transferToAll="false" entitize="false" transferChildNodes="false">
        <con:name>userIntToken</con:name>
        <con:sourceType>nulllToken</con:sourceType>
        <con:sourceStep>Given properties for the test steps</con:sourceStep>
        <con:targetType>AuthorizationIntUser</con:targetType>
        <con:targetStep>#Project#</con:targetStep>
        <con:upgraded>true</con:upgraded>
      </con:transfers>
    </con:config>
  </con:testStep>
  <con:properties>
    <con:property>
      <con:name>createdForSalesOrganizationRoleId</con:name>
      <con:value>1</con:value>
    </con:property>
  </con:properties>
  <con:reportParameters/>
  <con:breakPoints>
    <con:testStepId>2e1d8be0-2c7c-431b-98ec-3b23a60669ad</con:testStepId>
    <con:status>NONE</con:status>
    <con:properties/>
  </con:breakPoints>
  <con:breakPoints>
    <con:testStepId>eb2e267d-61cb-433e-9848-60790d7db241</con:testStepId>
    <con:status>NONE</con:status>
    <con:properties/>
  </con:breakPoints>
  <con:breakPoints>
    <con:testStepId>b3446091-cfbe-43f6-b12c-4b276922a044</con:testStepId>
    <con:status>NONE</con:status>
    <con:properties/>
  </con:breakPoints>
  <con:breakPoints>
    <con:testStepId>c6d094de-a1bd-4dcd-a6d7-49baf71635f7</con:testStepId>
    <con:status>NONE</con:status>
    <con:properties/>
  </con:breakPoints>
  <con:breakPoints>
    <con:testStepId>f1c092d0-1242-4b3b-82dd-932432053c9e</con:testStepId>
    <con:status>NONE</con:status>
    <con:properties/>
  </con:breakPoints>
  <con:breakPoints>
    <con:testStepId>984588f9-0e5d-4bbd-ac96-52fe2d28bdbd</con:testStepId>
    <con:status>NONE</con:status>
    <con:properties/>
  </con:breakPoints>
  <con:breakPoints>
    <con:testStepId>49f6fee4-8c18-413d-99f2-7530f363de56</con:testStepId>
    <con:status>NONE</con:status>
    <con:properties/>
  </con:breakPoints>
  <con:breakPoints>
    <con:testStepId>09f81a85-e746-4ada-87ae-b79100d3911a</con:testStepId>
    <con:status>NONE</con:status>
    <con:properties/>
  </con:breakPoints>
  <con:breakPoints>
    <con:testStepId>31156bec-973b-48a4-9ac9-efa699f0da4a</con:testStepId>
    <con:status>NONE</con:status>
    <con:properties/>
  </con:breakPoints>
  <con:breakPoints>
    <con:testStepId>d51b7b64-4fae-4758-b2a1-2231796aded1</con:testStepId>
    <con:status>NONE</con:status>
    <con:properties/>
  </con:breakPoints>
  <con:breakPoints>
    <con:testStepId>1aaed48b-3975-4635-95d1-58bdcb234722</con:testStepId>
    <con:status>NONE</con:status>
    <con:properties/>
  </con:breakPoints>
  <con:breakPoints>
    <con:testStepId>48da5b95-3ade-4e14-86ac-427f5d8eb5f3</con:testStepId>
    <con:status>NONE</con:status>
    <con:properties/>
  </con:breakPoints>
  <con:breakPoints>
    <con:testStepId>e84084a7-1ce4-4b9d-8978-25eb54d94623</con:testStepId>
    <con:status>NONE</con:status>
    <con:properties/>
  </con:breakPoints>
  <con:breakPoints>
    <con:testStepId>c30628e9-e305-4146-8c3f-456b8c6dc5f4</con:testStepId>
    <con:status>NONE</con:status>
    <con:properties/>
  </con:breakPoints>
  <con:breakPoints>
    <con:testStepId>035bfad6-84a1-4fcf-94fe-b4996b6fc59e</con:testStepId>
    <con:status>NONE</con:status>
    <con:properties/>
  </con:breakPoints>
  <con:breakPoints>
    <con:testStepId>b9fec50c-d45a-460c-aabb-135ab6ba20c0</con:testStepId>
    <con:status>NONE</con:status>
    <con:properties/>
  </con:breakPoints>
  <con:breakPoints>
    <con:testStepId>d70094d2-b624-4c71-9bc7-d7a2fcdffbde</con:testStepId>
    <con:status>NONE</con:status>
    <con:properties/>
  </con:breakPoints>
  <con:breakPoints>
    <con:testStepId>f5f2c704-11aa-4bf1-a77a-c8f24d37c33b</con:testStepId>
    <con:status>NONE</con:status>
    <con:properties/>
  </con:breakPoints>
  <con:breakPoints>
    <con:testStepId>922b28e9-7bea-44ac-9414-6b08827b4efc</con:testStepId>
    <con:status>NONE</con:status>
    <con:properties/>
  </con:breakPoints>
  <con:breakPoints>
    <con:testStepId>daab828f-6381-4d52-b993-bbb207ee9c71</con:testStepId>
    <con:status>NONE</con:status>
    <con:properties/>
  </con:breakPoints>
  <con:breakPoints>
    <con:testStepId>2c277ae4-f168-4d7a-a222-935a1dacfd53</con:testStepId>
    <con:status>NONE</con:status>
    <con:properties/>
  </con:breakPoints>
  <con:breakPoints>
    <con:testStepId>c865cbf9-fd12-46e7-90ae-60bddb17eac8</con:testStepId>
    <con:status>NONE</con:status>
    <con:properties/>
  </con:breakPoints>
  <con:breakPoints>
    <con:testStepId>b60689bf-db7f-44bf-82e5-ff8f7757ddfd</con:testStepId>
    <con:status>NONE</con:status>
    <con:properties/>
  </con:breakPoints>
  <con:breakPoints>
    <con:testStepId>25301057-3b50-467e-bbc5-b7a2194f2382</con:testStepId>
    <con:status>NONE</con:status>
    <con:properties/>
  </con:breakPoints>
  <con:breakPoints>
    <con:testStepId>a67d1b21-1f1d-40ec-b934-0e1f4bdb9de9</con:testStepId>
    <con:status>NONE</con:status>
    <con:properties/>
  </con:breakPoints>
  <con:breakPoints>
    <con:testStepId>21df94df-efe8-4a19-be91-ba4c978f6c96</con:testStepId>
    <con:status>NONE</con:status>
    <con:properties/>
  </con:breakPoints>
  <con:breakPoints>
    <con:testStepId>caef8ab8-0a89-457f-86ac-f9372e5bac2f</con:testStepId>
    <con:status>NONE</con:status>
    <con:properties/>
  </con:breakPoints>
  <con:breakPoints>
    <con:testStepId>d27542e2-b01b-44c7-9032-706f31a316e7</con:testStepId>
    <con:status>NONE</con:status>
    <con:properties/>
  </con:breakPoints>
  <con:breakPoints>
    <con:testStepId>7c41a0bf-0222-4b85-9d85-8f62b2ce3deb</con:testStepId>
    <con:status>NONE</con:status>
    <con:properties/>
  </con:breakPoints>
  <con:breakPoints>
    <con:testStepId>4086b09a-2726-435e-a493-19ab7a735b02</con:testStepId>
    <con:status>NONE</con:status>
    <con:properties/>
  </con:breakPoints>
  <con:breakPoints>
    <con:testStepId>1fdbe111-6f01-4b4d-b83e-f04ec856defd</con:testStepId>
    <con:status>NONE</con:status>
    <con:properties/>
  </con:breakPoints>
  <con:breakPoints>
    <con:testStepId>e6bcbc9f-d99d-4a9d-b185-d34d8b61e5e8</con:testStepId>
    <con:status>NONE</con:status>
    <con:properties/>
  </con:breakPoints>
  <con:breakPoints>
    <con:testStepId>6c790ce4-a681-41ad-a155-04ca1851869d</con:testStepId>
    <con:status>NONE</con:status>
    <con:properties/>
  </con:breakPoints>
  <con:breakPoints>
    <con:testStepId>e0086b9d-44e7-4047-b8a0-ea43046f24e4</con:testStepId>
    <con:status>NONE</con:status>
    <con:properties/>
  </con:breakPoints>
  <con:breakPoints>
    <con:testStepId>7ddda1c5-e48e-4fe8-a9b1-f7a283d4ea85</con:testStepId>
    <con:status>NONE</con:status>
    <con:properties/>
  </con:breakPoints>
  <con:breakPoints>
    <con:testStepId>daebb8fc-261d-4a93-a8aa-84d4e98906ce</con:testStepId>
    <con:status>NONE</con:status>
    <con:properties/>
  </con:breakPoints>
  <con:breakPoints>
    <con:testStepId>ff7967bd-456c-4c63-9b0d-e7ecc3f88211</con:testStepId>
    <con:status>NONE</con:status>
    <con:properties/>
  </con:breakPoints>
  <con:breakPoints>
    <con:testStepId>2f6c7fa8-28af-4875-9686-237e7ee9a6b2</con:testStepId>
    <con:status>NONE</con:status>
    <con:properties/>
  </con:breakPoints>
  <con:breakPoints>
    <con:testStepId>32820e70-33b9-43fa-a0cd-175c99175d40</con:testStepId>
    <con:status>NONE</con:status>
    <con:properties/>
  </con:breakPoints>
  <con:breakPoints>
    <con:testStepId>d9855adf-4b7b-4149-a5af-adcafbf502fd</con:testStepId>
    <con:status>NONE</con:status>
    <con:properties/>
  </con:breakPoints>
  <con:breakPoints>
    <con:testStepId>806d3778-fabc-4afd-babb-8d1130c1a89a</con:testStepId>
    <con:status>ENABLED</con:status>
    <con:properties/>
  </con:breakPoints>
  <con:breakPoints>
    <con:testStepId>a9971f18-5e18-46fc-9629-c7c3d51f5acf</con:testStepId>
    <con:status>NONE</con:status>
    <con:properties/>
  </con:breakPoints>
  <con:breakPoints>
    <con:testStepId>a0fbdaa7-96fa-4d82-a47f-02a5c9b7add3</con:testStepId>
    <con:status>NONE</con:status>
    <con:properties/>
  </con:breakPoints>
  <con:breakPoints>
    <con:testStepId>7dc55907-9a65-4356-a5b3-04b7a689ae71</con:testStepId>
    <con:status>NONE</con:status>
    <con:properties/>
  </con:breakPoints>
  <con:breakPoints>
    <con:testStepId>24730fa8-3c92-466b-b8ce-621a713eb12d</con:testStepId>
    <con:status>NONE</con:status>
    <con:properties/>
  </con:breakPoints>
  <con:breakPoints>
    <con:testStepId>6ee3a231-29c4-4c71-9a25-8c814db6d6ba</con:testStepId>
    <con:status>NONE</con:status>
    <con:properties/>
  </con:breakPoints>
  <con:breakPoints>
    <con:testStepId>b7c655d7-d82b-4ee7-99d4-a2d4c7060d61</con:testStepId>
    <con:status>NONE</con:status>
    <con:properties/>
  </con:breakPoints>
  <con:breakPoints>
    <con:testStepId>2f194b50-0dcd-4e44-a0ba-423528974365</con:testStepId>
    <con:status>NONE</con:status>
    <con:properties/>
  </con:breakPoints>
  <con:breakPoints>
    <con:testStepId>8f0f3835-c90c-4abf-8fe0-ef3cbdd705f2</con:testStepId>
    <con:status>NONE</con:status>
    <con:properties/>
  </con:breakPoints>
  <con:breakPoints>
    <con:testStepId>134eb39a-4b40-40e3-a723-e7716905cf8b</con:testStepId>
    <con:status>NONE</con:status>
    <con:properties/>
  </con:breakPoints>
  <con:breakPoints>
    <con:testStepId>98f05095-d4a2-47ce-b619-4d38efe513b4</con:testStepId>
    <con:status>NONE</con:status>
    <con:properties/>
  </con:breakPoints>
  <con:breakPoints>
    <con:testStepId>1800c3f6-01ab-41f2-add2-98b51fcfd3f1</con:testStepId>
    <con:status>NONE</con:status>
    <con:properties/>
  </con:breakPoints>
  <con:breakPoints>
    <con:testStepId>648fc1a8-dc9a-49f4-88bd-ab7a4ab165f3</con:testStepId>
    <con:status>NONE</con:status>
    <con:properties/>
  </con:breakPoints>
  <con:breakPoints>
    <con:testStepId>68008107-a47d-4cdb-bc37-0a6688231257</con:testStepId>
    <con:status>NONE</con:status>
    <con:properties/>
  </con:breakPoints>
  <con:breakPoints>
    <con:testStepId>fbc238d1-fbce-46e5-9eed-8178222681c9</con:testStepId>
    <con:status>NONE</con:status>
    <con:properties/>
  </con:breakPoints>
  <con:breakPoints>
    <con:testStepId>2e906420-75d8-42d0-b85d-ee6f091db65f</con:testStepId>
    <con:status>NONE</con:status>
    <con:properties/>
  </con:breakPoints>
  <con:breakPoints>
    <con:testStepId>6201acc5-3aa9-4963-a1a2-a01732906510</con:testStepId>
    <con:status>NONE</con:status>
    <con:properties/>
  </con:breakPoints>
  <con:breakPoints>
    <con:testStepId>31d8d9c3-ea4e-4385-bf9f-3b7c079ddcc0</con:testStepId>
    <con:status>NONE</con:status>
    <con:properties/>
  </con:breakPoints>
  <con:breakPoints>
    <con:testStepId>15e1fc2c-119f-460d-861c-4c52b371cd07</con:testStepId>
    <con:status>NONE</con:status>
    <con:properties/>
  </con:breakPoints>
  <con:breakPoints>
    <con:testStepId>8cb1ba66-7ad1-4535-af17-2e8125db2a7d</con:testStepId>
    <con:status>NONE</con:status>
    <con:properties/>
  </con:breakPoints>
  <con:breakPoints>
    <con:testStepId>84877add-78d0-4b5e-bd9b-a2be14b332e4</con:testStepId>
    <con:status>NONE</con:status>
    <con:properties/>
  </con:breakPoints>
  <con:breakPoints>
    <con:testStepId>a154c326-2b55-492c-bd90-df80132bcf85</con:testStepId>
    <con:status>NONE</con:status>
    <con:properties/>
  </con:breakPoints>
  <con:breakPoints>
    <con:testStepId>8e988e02-3798-403c-a371-d4d532909b16</con:testStepId>
    <con:status>NONE</con:status>
    <con:properties/>
  </con:breakPoints>
  <con:breakPoints>
    <con:testStepId>8a843e14-ef1c-47dd-9cac-b25cc72067c2</con:testStepId>
    <con:status>NONE</con:status>
    <con:properties/>
  </con:breakPoints>
  <con:breakPoints>
    <con:testStepId>35444059-c9f2-494b-9b43-bda2bcbcb7cb</con:testStepId>
    <con:status>NONE</con:status>
    <con:properties/>
  </con:breakPoints>
  <con:breakPoints>
    <con:testStepId>1627204d-fa41-478f-9fa7-4ecb39c342b9</con:testStepId>
    <con:status>NONE</con:status>
    <con:properties/>
  </con:breakPoints>
  <con:breakPoints>
    <con:testStepId>dca058f7-203f-4345-96c7-425f3714424e</con:testStepId>
    <con:status>NONE</con:status>
    <con:properties/>
  </con:breakPoints>
  <con:breakPoints>
    <con:testStepId>9d6c0398-d51b-4b12-b2c5-8a54e622816e</con:testStepId>
    <con:status>NONE</con:status>
    <con:properties/>
  </con:breakPoints>
  <con:breakPoints>
    <con:testStepId>27b2a7a3-b5d3-45c2-80cc-fdce9227a9ab</con:testStepId>
    <con:status>NONE</con:status>
    <con:properties/>
  </con:breakPoints>
  <con:breakPoints>
    <con:testStepId>20520e84-3896-429d-99e0-6288ef427848</con:testStepId>
    <con:status>NONE</con:status>
    <con:properties/>
  </con:breakPoints>
  <con:breakPoints>
    <con:testStepId>9b8aa578-f015-42bd-868f-108a3f0c84d3</con:testStepId>
    <con:status>NONE</con:status>
    <con:properties/>
  </con:breakPoints>
  <con:breakPoints>
    <con:testStepId>ac3f3381-fb30-4fb3-b3dd-67db4a2ff937</con:testStepId>
    <con:status>NONE</con:status>
    <con:properties/>
  </con:breakPoints>
  <con:breakPoints>
    <con:testStepId>4e7a9d03-0660-48c1-85a4-9dd6350f6ce0</con:testStepId>
    <con:status>NONE</con:status>
    <con:properties/>
  </con:breakPoints>
  <con:breakPoints>
    <con:testStepId>1837bd61-8d96-4f47-9e59-a71c6124d209</con:testStepId>
    <con:status>NONE</con:status>
    <con:properties/>
  </con:breakPoints>
  <con:breakPoints>
    <con:testStepId>b3b88395-e02b-4a07-a638-626cdbc39298</con:testStepId>
    <con:status>NONE</con:status>
    <con:properties/>
  </con:breakPoints>
  <con:breakPoints>
    <con:testStepId>557e85bd-dc38-49ee-b66b-0795850bdc1b</con:testStepId>
    <con:status>NONE</con:status>
    <con:properties/>
  </con:breakPoints>
  <con:breakPoints>
    <con:testStepId>0ea65350-bc39-4722-b482-2764c3b1cb8a</con:testStepId>
    <con:status>NONE</con:status>
    <con:properties/>
  </con:breakPoints>
  <con:breakPoints>
    <con:testStepId>a88ae622-2101-42e4-a716-56d14a423295</con:testStepId>
    <con:status>NONE</con:status>
    <con:properties/>
  </con:breakPoints>
  <con:breakPoints>
    <con:testStepId>4dd4ec4a-32aa-4c88-9733-93c0cb653973</con:testStepId>
    <con:status>NONE</con:status>
    <con:properties/>
  </con:breakPoints>
  <con:breakPoints>
    <con:testStepId>a8214aad-fe60-4d86-bc50-703a03287943</con:testStepId>
    <con:status>NONE</con:status>
    <con:properties/>
  </con:breakPoints>
  <con:breakPoints>
    <con:testStepId>1a67a70d-473c-4859-99a4-dc061ff32aa5</con:testStepId>
    <con:status>NONE</con:status>
    <con:properties/>
  </con:breakPoints>
  <con:breakPoints>
    <con:testStepId>81792fe8-f770-44b7-9453-2f678b131dad</con:testStepId>
    <con:status>NONE</con:status>
    <con:properties/>
  </con:breakPoints>
  <con:breakPoints>
    <con:testStepId>6b71d734-5efb-422e-b6b9-538918086d88</con:testStepId>
    <con:status>NONE</con:status>
    <con:properties/>
  </con:breakPoints>
  <con:breakPoints>
    <con:testStepId>3b10d38f-9cd4-4550-ac1f-1f16987cbd1d</con:testStepId>
    <con:status>NONE</con:status>
    <con:properties/>
  </con:breakPoints>
  <con:breakPoints>
    <con:testStepId>a7b45fad-8759-478b-98bc-d455c649652c</con:testStepId>
    <con:status>NONE</con:status>
    <con:properties/>
  </con:breakPoints>
  <con:breakPoints>
    <con:testStepId>ecd1a34d-b671-4e1d-a9ed-58db59bdd602</con:testStepId>
    <con:status>NONE</con:status>
    <con:properties/>
  </con:breakPoints>
  <con:breakPoints>
    <con:testStepId>effbfe6e-7a23-4a2c-9414-218e99c5826e</con:testStepId>
    <con:status>NONE</con:status>
    <con:properties/>
  </con:breakPoints>
  <con:breakPoints>
    <con:testStepId>7b5de00d-c11d-4d15-be2b-db59f8420428</con:testStepId>
    <con:status>NONE</con:status>
    <con:properties/>
  </con:breakPoints>
  <con:breakPoints>
    <con:testStepId>715106c6-4fc5-4825-a270-166364f6db40</con:testStepId>
    <con:status>NONE</con:status>
    <con:properties/>
  </con:breakPoints>
  <con:breakPoints>
    <con:testStepId>c98526a1-603a-4f77-9a82-6bae00ee16b9</con:testStepId>
    <con:status>NONE</con:status>
    <con:properties/>
  </con:breakPoints>
  <con:breakPoints>
    <con:testStepId>928c9291-dc84-4690-91af-bb8d52e02def</con:testStepId>
    <con:status>NONE</con:status>
    <con:properties/>
  </con:breakPoints>
  <con:breakPoints>
    <con:testStepId>8cbc2707-1b93-4bb2-9b45-1e554c673984</con:testStepId>
    <con:status>NONE</con:status>
    <con:properties/>
  </con:breakPoints>
  <con:breakPoints>
    <con:testStepId>7d3432b6-c575-480e-af0c-2c87f80faed0</con:testStepId>
    <con:status>NONE</con:status>
    <con:properties/>
  </con:breakPoints>
  <con:breakPoints>
    <con:testStepId>bcf7b8ab-afbe-4da8-9efb-2d2ee38404e7</con:testStepId>
    <con:status>NONE</con:status>
    <con:properties/>
  </con:breakPoints>
  <con:breakPoints>
    <con:testStepId>70004d9e-284f-48b5-92a1-30eca6e56e34</con:testStepId>
    <con:status>NONE</con:status>
    <con:properties/>
  </con:breakPoints>
  <con:breakPoints>
    <con:testStepId>844cef76-4435-4d3d-a7cd-f4de5d7939bf</con:testStepId>
    <con:status>NONE</con:status>
    <con:properties/>
  </con:breakPoints>
  <con:breakPoints>
    <con:testStepId>094e7634-9a00-448d-b7d4-120efa2b4010</con:testStepId>
    <con:status>NONE</con:status>
    <con:properties/>
  </con:breakPoints>
  <con:breakPoints>
    <con:testStepId>9323c6a9-80b2-4f24-9cf7-460bc0fe65e2</con:testStepId>
    <con:status>NONE</con:status>
    <con:properties/>
  </con:breakPoints>
  <con:breakPoints>
    <con:testStepId>b3eac0cb-2689-4c62-9209-7165e554e66c</con:testStepId>
    <con:status>NONE</con:status>
    <con:properties/>
  </con:breakPoints>
  <con:breakPoints>
    <con:testStepId>c68f1ffe-f0dd-4018-b901-1fd5d60126ec</con:testStepId>
    <con:status>NONE</con:status>
    <con:properties/>
  </con:breakPoints>
  <con:breakPoints>
    <con:testStepId>30a10c70-a7a6-4246-a6aa-ec3336827923</con:testStepId>
    <con:status>NONE</con:status>
    <con:properties/>
  </con:breakPoints>
  <con:breakPoints>
    <con:testStepId>8a069a46-fdaf-4b5f-b317-d24557f80bdb</con:testStepId>
    <con:status>NONE</con:status>
    <con:properties/>
  </con:breakPoints>
  <con:breakPoints>
    <con:testStepId>10849816-8449-45b9-b5af-6af05c621e99</con:testStepId>
    <con:status>NONE</con:status>
    <con:properties/>
  </con:breakPoints>
  <con:breakPoints>
    <con:testStepId>307a3e59-fcc2-47c1-9de2-d5357003ae3e</con:testStepId>
    <con:status>NONE</con:status>
    <con:properties/>
  </con:breakPoints>
  <con:breakPoints>
    <con:testStepId>c1f3c834-82c7-47c4-8189-6881a90abaa8</con:testStepId>
    <con:status>NONE</con:status>
    <con:properties/>
  </con:breakPoints>
  <con:breakPoints>
    <con:testStepId>ed47999d-52cc-4556-b643-5a1394572e39</con:testStepId>
    <con:status>NONE</con:status>
    <con:properties/>
  </con:breakPoints>
  <con:breakPoints>
    <con:testStepId>de5eff31-3e92-4f8d-a622-7b5eb79f1ab2</con:testStepId>
    <con:status>NONE</con:status>
    <con:properties/>
  </con:breakPoints>
  <con:breakPoints>
    <con:testStepId>1cc985fe-aff1-463c-8523-a75803479eb1</con:testStepId>
    <con:status>NONE</con:status>
    <con:properties/>
  </con:breakPoints>
  <con:breakPoints>
    <con:testStepId>6685bd8a-56fb-4d77-a6c3-c3aa9516b654</con:testStepId>
    <con:status>NONE</con:status>
    <con:properties/>
  </con:breakPoints>
  <con:breakPoints>
    <con:testStepId>2ed3c874-8e48-4f67-8660-8584a6ae6a89</con:testStepId>
    <con:status>NONE</con:status>
    <con:properties/>
  </con:breakPoints>
  <con:breakPoints>
    <con:testStepId>f3abfe33-4798-4daa-a0a3-728179a8080e</con:testStepId>
    <con:status>NONE</con:status>
    <con:properties/>
  </con:breakPoints>
  <con:breakPoints>
    <con:testStepId>d69faa1d-f013-4bb3-8d0a-9b8d0c86d769</con:testStepId>
    <con:status>NONE</con:status>
    <con:properties/>
  </con:breakPoints>
  <con:breakPoints>
    <con:testStepId>f05916e2-ef3a-49c7-84b9-8b6b5428a5e4</con:testStepId>
    <con:status>NONE</con:status>
    <con:properties/>
  </con:breakPoints>
  <con:breakPoints>
    <con:testStepId>a54d44dc-a3af-4227-95a6-3ced09a117ea</con:testStepId>
    <con:status>NONE</con:status>
    <con:properties/>
  </con:breakPoints>
  <con:breakPoints>
    <con:testStepId>c9ef198a-8b50-4d2f-9eb6-9c918daaa0e0</con:testStepId>
    <con:status>NONE</con:status>
    <con:properties/>
  </con:breakPoints>
  <con:breakPoints>
    <con:testStepId>1ab90174-f0d4-4c84-9f61-0e6c4950bb1f</con:testStepId>
    <con:status>NONE</con:status>
    <con:properties/>
  </con:breakPoints>
  <con:breakPoints>
    <con:testStepId>c0881c40-31e2-4a65-91b3-af5144d7b103</con:testStepId>
    <con:status>NONE</con:status>
    <con:properties/>
  </con:breakPoints>
  <con:breakPoints>
    <con:testStepId>ff0b57e2-f5d4-4c45-9839-0408253ec583</con:testStepId>
    <con:status>NONE</con:status>
    <con:properties/>
  </con:breakPoints>
  <con:breakPoints>
    <con:testStepId>3f7aee8c-24c2-4e75-9d3b-d0398af9b70f</con:testStepId>
    <con:status>NONE</con:status>
    <con:properties/>
  </con:breakPoints>
  <con:breakPoints>
    <con:testStepId>8befe1d1-a376-46c9-be93-b9973a142998</con:testStepId>
    <con:status>NONE</con:status>
    <con:properties/>
  </con:breakPoints>
  <con:breakPoints>
    <con:testStepId>6a9658db-4cd0-47a1-9268-a5c6dcca4423</con:testStepId>
    <con:status>NONE</con:status>
    <con:properties/>
  </con:breakPoints>
  <con:breakPoints>
    <con:testStepId>a7c168d0-a523-4295-8211-c966b35f25b1</con:testStepId>
    <con:status>NONE</con:status>
    <con:properties/>
  </con:breakPoints>
  <con:breakPoints>
    <con:testStepId>0e4a77bf-e5ea-439d-b641-f40841ff11d9</con:testStepId>
    <con:status>NONE</con:status>
    <con:properties/>
  </con:breakPoints>
  <con:breakPoints>
    <con:testStepId>6483fc12-69e2-4612-88bf-23f75fab7e48</con:testStepId>
    <con:status>NONE</con:status>
    <con:properties/>
  </con:breakPoints>
  <con:breakPoints>
    <con:testStepId>66d09f37-65f6-4489-adde-dfad33ab680c</con:testStepId>
    <con:status>NONE</con:status>
    <con:properties/>
  </con:breakPoints>
  <con:breakPoints>
    <con:testStepId>8427a9b7-554c-4bc8-8f65-cec8fee15502</con:testStepId>
    <con:status>NONE</con:status>
    <con:properties/>
  </con:breakPoints>
  <con:breakPoints>
    <con:testStepId>629e6161-6410-476a-b49c-3261e7b94c2b</con:testStepId>
    <con:status>NONE</con:status>
    <con:properties/>
  </con:breakPoints>
  <con:breakPoints>
    <con:testStepId>7255a03c-61e7-4fe5-a175-7049483a67d5</con:testStepId>
    <con:status>NONE</con:status>
    <con:properties/>
  </con:breakPoints>
  <con:breakPoints>
    <con:testStepId>bd495299-45cb-46b8-9ee6-6c1902ce6950</con:testStepId>
    <con:status>NONE</con:status>
    <con:properties/>
  </con:breakPoints>
  <con:breakPoints>
    <con:testStepId>ca1dcd75-fcb2-401d-9181-6ec243addb9a</con:testStepId>
    <con:status>NONE</con:status>
    <con:properties/>
  </con:breakPoints>
  <con:breakPoints>
    <con:testStepId>6379020d-f755-47cf-9d5b-f00e63003128</con:testStepId>
    <con:status>NONE</con:status>
    <con:properties/>
  </con:breakPoints>
  <con:breakPoints>
    <con:testStepId>2be814e7-5298-4a66-8f07-71afe3313d2a</con:testStepId>
    <con:status>NONE</con:status>
    <con:properties/>
  </con:breakPoints>
  <con:breakPoints>
    <con:testStepId>1efb3a64-7109-4f08-9dc9-d01cf180c953</con:testStepId>
    <con:status>NONE</con:status>
    <con:properties/>
  </con:breakPoints>
  <con:breakPoints>
    <con:testStepId>799df27c-4160-42cc-8cc9-2fb45739c3f9</con:testStepId>
    <con:status>NONE</con:status>
    <con:properties/>
  </con:breakPoints>
  <con:breakPoints>
    <con:testStepId>1b143a97-27a4-403c-ab16-4fa347971a98</con:testStepId>
    <con:status>NONE</con:status>
    <con:properties/>
  </con:breakPoints>
  <con:breakPoints>
    <con:testStepId>e96171ab-6415-4f4d-a83e-cb7a6be95cf3</con:testStepId>
    <con:status>NONE</con:status>
    <con:properties/>
  </con:breakPoints>
  <con:breakPoints>
    <con:testStepId>dfed45b5-4b44-45ac-b957-987b930b7e04</con:testStepId>
    <con:status>NONE</con:status>
    <con:properties/>
  </con:breakPoints>
  <con:breakPoints>
    <con:testStepId>b1229a4e-3fee-4e6f-8e17-0eef4985abd0</con:testStepId>
    <con:status>NONE</con:status>
    <con:properties/>
  </con:breakPoints>
  <con:breakPoints>
    <con:testStepId>26e532df-2007-416d-9780-c2d93ed94f87</con:testStepId>
    <con:status>NONE</con:status>
    <con:properties/>
  </con:breakPoints>
  <con:breakPoints>
    <con:testStepId>ca45a3fd-7b09-40eb-939b-80e150d05344</con:testStepId>
    <con:status>NONE</con:status>
    <con:properties/>
  </con:breakPoints>
  <con:breakPoints>
    <con:testStepId>36c060a2-0b50-4401-bb87-979de6f15171</con:testStepId>
    <con:status>NONE</con:status>
    <con:properties/>
  </con:breakPoints>
  <con:breakPoints>
    <con:testStepId>17c5af88-285a-4f55-8b86-5ebac226b75a</con:testStepId>
    <con:status>NONE</con:status>
    <con:properties/>
  </con:breakPoints>
  <con:breakPoints>
    <con:testStepId>89cb3f8e-3c77-4663-9fdf-fc529f4b503f</con:testStepId>
    <con:status>NONE</con:status>
    <con:properties/>
  </con:breakPoints>
  <con:breakPoints>
    <con:testStepId>0e05eb7d-e532-4973-bb1a-9750fa4f75d7</con:testStepId>
    <con:status>NONE</con:status>
    <con:properties/>
  </con:breakPoints>
  <con:breakPoints>
    <con:testStepId>8118410b-d87b-40f6-a7d7-5b6d10b58b6e</con:testStepId>
    <con:status>NONE</con:status>
    <con:properties/>
  </con:breakPoints>
  <con:breakPoints>
    <con:testStepId>44bd44c2-9550-42a9-873c-cf0c1e0b7f88</con:testStepId>
    <con:status>NONE</con:status>
    <con:properties/>
  </con:breakPoints>
  <con:breakPoints>
    <con:testStepId>7001ed2f-5ce9-4ab3-b45e-886c6d919e1e</con:testStepId>
    <con:status>NONE</con:status>
    <con:properties/>
  </con:breakPoints>
  <con:breakPoints>
    <con:testStepId>391787ea-d2f3-46a7-818e-c3d7fac13d36</con:testStepId>
    <con:status>NONE</con:status>
    <con:properties/>
  </con:breakPoints>
  <con:breakPoints>
    <con:testStepId>3f7f2748-3f46-462b-98ec-4a6450757705</con:testStepId>
    <con:status>NONE</con:status>
    <con:properties/>
  </con:breakPoints>
  <con:breakPoints>
    <con:testStepId>eea96fb3-d8be-4e9b-9ece-88b9245d8d7d</con:testStepId>
    <con:status>NONE</con:status>
    <con:properties/>
  </con:breakPoints>
  <con:breakPoints>
    <con:testStepId>8e0eed67-86ca-4841-83ae-4f2869323aea</con:testStepId>
    <con:status>NONE</con:status>
    <con:properties/>
  </con:breakPoints>
  <con:breakPoints>
    <con:testStepId>3d6e0035-a8bb-4353-91da-edb0802b0f97</con:testStepId>
    <con:status>NONE</con:status>
    <con:properties/>
  </con:breakPoints>
  <con:breakPoints>
    <con:testStepId>c17ce10f-3342-4e3e-a286-ab21336f2dda</con:testStepId>
    <con:status>NONE</con:status>
    <con:properties/>
  </con:breakPoints>
  <con:breakPoints>
    <con:testStepId>9f69eb82-1353-4e5e-be37-8251731aef09</con:testStepId>
    <con:status>NONE</con:status>
    <con:properties/>
  </con:breakPoints>
  <con:breakPoints>
    <con:testStepId>a57119d0-8d6c-4942-93b5-fbfcbfdfae13</con:testStepId>
    <con:status>NONE</con:status>
    <con:properties/>
  </con:breakPoints>
  <con:breakPoints>
    <con:testStepId>ba33a379-63be-4660-bb52-6926da791efe</con:testStepId>
    <con:status>NONE</con:status>
    <con:properties/>
  </con:breakPoints>
  <con:breakPoints>
    <con:testStepId>a9d68f7f-cf02-4aab-95fa-84d843a36d7d</con:testStepId>
    <con:status>NONE</con:status>
    <con:properties/>
  </con:breakPoints>
  <con:breakPoints>
    <con:testStepId>49601a97-5c28-449e-a793-aa90b21fd057</con:testStepId>
    <con:status>NONE</con:status>
    <con:properties/>
  </con:breakPoints>
  <con:breakPoints>
    <con:testStepId>4eb3f7ad-5bd0-4176-9635-904cf6418d4b</con:testStepId>
    <con:status>NONE</con:status>
    <con:properties/>
  </con:breakPoints>
  <con:breakPoints>
    <con:testStepId>82a12f3f-69c6-42d9-a7a2-07e7ea5c457a</con:testStepId>
    <con:status>NONE</con:status>
    <con:properties/>
  </con:breakPoints>
  <con:breakPoints>
    <con:testStepId>52b36da3-fddb-4c0f-a0c9-61d74ac688d6</con:testStepId>
    <con:status>NONE</con:status>
    <con:properties/>
  </con:breakPoints>
  <con:breakPoints>
    <con:testStepId>9023a4f0-3296-4b07-a2f3-cb6000a91dfc</con:testStepId>
    <con:status>NONE</con:status>
    <con:properties/>
  </con:breakPoints>
  <con:breakPoints>
    <con:testStepId>dc8b2e3c-0402-4c9d-a84e-5827b5c9bc42</con:testStepId>
    <con:status>NONE</con:status>
    <con:properties/>
  </con:breakPoints>
  <con:breakPoints>
    <con:testStepId>20758c3b-d1d1-4bf7-9359-d0c3732a855d</con:testStepId>
    <con:status>NONE</con:status>
    <con:properties/>
  </con:breakPoints>
  <con:breakPoints>
    <con:testStepId>e36242fe-63c9-479e-946a-7bb95f2dcfd8</con:testStepId>
    <con:status>NONE</con:status>
    <con:properties/>
  </con:breakPoints>
  <con:breakPoints>
    <con:testStepId>67109840-579f-4eaa-84f0-4c154bf9036f</con:testStepId>
    <con:status>NONE</con:status>
    <con:properties/>
  </con:breakPoints>
  <con:breakPoints>
    <con:testStepId>8702b3c1-304c-40cc-8ce9-46443ad2af09</con:testStepId>
    <con:status>NONE</con:status>
    <con:properties/>
  </con:breakPoints>
  <con:breakPoints>
    <con:testStepId>26d57be0-811f-410e-9aae-ee5d230c640f</con:testStepId>
    <con:status>NONE</con:status>
    <con:properties/>
  </con:breakPoints>
  <con:breakPoints>
    <con:testStepId>7961908b-1b4d-4d43-bdc7-f9187b8db2a0</con:testStepId>
    <con:status>NONE</con:status>
    <con:properties/>
  </con:breakPoints>
  <con:breakPoints>
    <con:testStepId>82fc71ab-44a4-4b53-a506-e38f4698cf7c</con:testStepId>
    <con:status>NONE</con:status>
    <con:properties/>
  </con:breakPoints>
  <con:breakPoints>
    <con:testStepId>303b9545-0c74-4416-a728-04c244e0e8bd</con:testStepId>
    <con:status>NONE</con:status>
    <con:properties/>
  </con:breakPoints>
  <con:breakPoints>
    <con:testStepId>8dafb691-2e0e-487c-bc48-094f0ae27aed</con:testStepId>
    <con:status>NONE</con:status>
    <con:properties/>
  </con:breakPoints>
  <con:breakPoints>
    <con:testStepId>a25c1ab3-c0fa-437d-bb4b-ed739a2ced2f</con:testStepId>
    <con:status>NONE</con:status>
    <con:properties/>
  </con:breakPoints>
  <con:breakPoints>
    <con:testStepId>4d974a1d-de32-4c28-b032-629dab391731</con:testStepId>
    <con:status>NONE</con:status>
    <con:properties/>
  </con:breakPoints>
  <con:breakPoints>
    <con:testStepId>6bdba33f-f18c-456b-b1f1-c1fe5ffa3882</con:testStepId>
    <con:status>NONE</con:status>
    <con:properties/>
  </con:breakPoints>
  <con:breakPoints>
    <con:testStepId>92cd2e2c-9d1e-4e48-b8e8-2047566a437a</con:testStepId>
    <con:status>NONE</con:status>
    <con:properties/>
  </con:breakPoints>
  <con:breakPoints>
    <con:testStepId>c4ae36de-587e-4602-b1dd-91b6a2ff5ec2</con:testStepId>
    <con:status>NONE</con:status>
    <con:properties/>
  </con:breakPoints>
  <con:breakPoints>
    <con:testStepId>ff1c0f78-f563-456a-8bec-113351c7ead9</con:testStepId>
    <con:status>NONE</con:status>
    <con:properties/>
  </con:breakPoints>
  <con:breakPoints>
    <con:testStepId>ef5e7fb1-f9d7-4ce5-bdf2-5367309f14e4</con:testStepId>
    <con:status>NONE</con:status>
    <con:properties/>
  </con:breakPoints>
  <con:breakPoints>
    <con:testStepId>50301429-7210-4641-8a9b-17c222e6bdb5</con:testStepId>
    <con:status>NONE</con:status>
    <con:properties/>
  </con:breakPoints>
  <con:breakPoints>
    <con:testStepId>c586dda9-3a60-4f2d-80d0-82b1d578a300</con:testStepId>
    <con:status>NONE</con:status>
    <con:properties/>
  </con:breakPoints>
  <con:breakPoints>
    <con:testStepId>e900eb4f-4b26-4717-b1bf-a2573b3c715a</con:testStepId>
    <con:status>NONE</con:status>
    <con:properties/>
  </con:breakPoints>
  <con:breakPoints>
    <con:testStepId>34f2625e-ceec-44ff-88fc-91bd40ccb503</con:testStepId>
    <con:status>NONE</con:status>
    <con:properties/>
  </con:breakPoints>
  <con:breakPoints>
    <con:testStepId>74aa789f-f985-495e-8e63-dde63554a49e</con:testStepId>
    <con:status>NONE</con:status>
    <con:properties/>
  </con:breakPoints>
  <con:breakPoints>
    <con:testStepId>c750c1b2-a11e-47ef-adc3-b0741bd0af4c</con:testStepId>
    <con:status>NONE</con:status>
    <con:properties/>
  </con:breakPoints>
  <con:breakPoints>
    <con:testStepId>7837c4e5-cb95-4489-b576-ca7007f35053</con:testStepId>
    <con:status>NONE</con:status>
    <con:properties/>
  </con:breakPoints>
  <con:breakPoints>
    <con:testStepId>44f45545-43de-4562-b47b-6b5cd403120a</con:testStepId>
    <con:status>NONE</con:status>
    <con:properties/>
  </con:breakPoints>
  <con:breakPoints>
    <con:testStepId>14f8d076-ad73-4832-82e6-f5d1ca24517f</con:testStepId>
    <con:status>NONE</con:status>
    <con:properties/>
  </con:breakPoints>
  <con:breakPoints>
    <con:testStepId>8e2ce9e4-56dd-4814-aa2c-0d8031ac4625</con:testStepId>
    <con:status>NONE</con:status>
    <con:properties/>
  </con:breakPoints>
  <con:breakPoints>
    <con:testStepId>78c7a0b9-d094-4e77-8877-fe086ba12243</con:testStepId>
    <con:status>NONE</con:status>
    <con:properties/>
  </con:breakPoints>
  <con:breakPoints>
    <con:testStepId>bd93674e-b31a-4cda-afbf-5b59ec05335a</con:testStepId>
    <con:status>NONE</con:status>
    <con:properties/>
  </con:breakPoints>
  <con:breakPoints>
    <con:testStepId>45cf6fad-9e8e-440b-b285-33993ef0bc78</con:testStepId>
    <con:status>NONE</con:status>
    <con:properties/>
  </con:breakPoints>
  <con:breakPoints>
    <con:testStepId>9afc1176-6f84-4fa8-b234-43c09fcd3888</con:testStepId>
    <con:status>NONE</con:status>
    <con:properties/>
  </con:breakPoints>
  <con:breakPoints>
    <con:testStepId>9ae4a029-7776-46e1-9fe6-b58630994e14</con:testStepId>
    <con:status>NONE</con:status>
    <con:properties/>
  </con:breakPoints>
  <con:breakPoints>
    <con:testStepId>7dbdd365-63a0-447e-ab3d-37527daac6fa</con:testStepId>
    <con:status>NONE</con:status>
    <con:properties/>
  </con:breakPoints>
  <con:breakPoints>
    <con:testStepId>ab8d7e16-e7f3-4166-9a55-fdd46590100e</con:testStepId>
    <con:status>NONE</con:status>
    <con:properties/>
  </con:breakPoints>
  <con:breakPoints>
    <con:testStepId>379031c9-70e3-464c-84de-212d0e98842a</con:testStepId>
    <con:status>NONE</con:status>
    <con:properties/>
  </con:breakPoints>
  <con:breakPoints>
    <con:testStepId>de284b58-053a-4f18-8378-8d8b4d873245</con:testStepId>
    <con:status>NONE</con:status>
    <con:properties/>
  </con:breakPoints>
  <con:breakPoints>
    <con:testStepId>ff94cd3b-a242-46f8-a348-2ec62eef886e</con:testStepId>
    <con:status>NONE</con:status>
    <con:properties/>
  </con:breakPoints>
  <con:breakPoints>
    <con:testStepId>b1d7bbcc-3e4f-4488-88e0-73f371f4214d</con:testStepId>
    <con:status>NONE</con:status>
    <con:properties/>
  </con:breakPoints>
  <con:breakPoints>
    <con:testStepId>706177df-4f4b-4c3f-8ccf-167c1c17f7cb</con:testStepId>
    <con:status>NONE</con:status>
    <con:properties/>
  </con:breakPoints>
  <con:breakPoints>
    <con:testStepId>867f40c4-1ea8-47ba-9a30-e2e4f09fcabc</con:testStepId>
    <con:status>NONE</con:status>
    <con:properties/>
  </con:breakPoints>
  <con:breakPoints>
    <con:testStepId>b25d6350-1472-4f3d-b660-d86784c0acba</con:testStepId>
    <con:status>NONE</con:status>
    <con:properties/>
  </con:breakPoints>
  <con:breakPoints>
    <con:testStepId>6f530878-05ea-4856-8902-739ea423e0d3</con:testStepId>
    <con:status>NONE</con:status>
    <con:properties/>
  </con:breakPoints>
  <con:breakPoints>
    <con:testStepId>eaf74dec-d709-45c0-b12e-734a241d3bde</con:testStepId>
    <con:status>NONE</con:status>
    <con:properties/>
  </con:breakPoints>
  <con:breakPoints>
    <con:testStepId>9bfdab50-5003-4ab6-bf78-5f551d62f5c6</con:testStepId>
    <con:status>NONE</con:status>
    <con:properties/>
  </con:breakPoints>
  <con:breakPoints>
    <con:testStepId>953b0c93-f53f-4292-8530-00c5cdb1ad9d</con:testStepId>
    <con:status>NONE</con:status>
    <con:properties/>
  </con:breakPoints>
  <con:breakPoints>
    <con:testStepId>9793442e-2432-4dc1-a5f9-cc257a268ff7</con:testStepId>
    <con:status>NONE</con:status>
    <con:properties/>
  </con:breakPoints>
  <con:breakPoints>
    <con:testStepId>b1474a67-137a-4365-8651-baff414b7acf</con:testStepId>
    <con:status>NONE</con:status>
    <con:properties/>
  </con:breakPoints>
  <con:breakPoints>
    <con:testStepId>1a09ff21-d6f2-4cd8-8651-259d146d579c</con:testStepId>
    <con:status>NONE</con:status>
    <con:properties/>
  </con:breakPoints>
  <con:breakPoints>
    <con:testStepId>ab9d4696-07c8-4bdf-828a-b703b4c88e22</con:testStepId>
    <con:status>NONE</con:status>
    <con:properties/>
  </con:breakPoints>
</con:testCase>