<?xml version="1.0" encoding="UTF-8"?>
<con:testCase id="bb122b5d-61cb-4319-9c94-cfad3a2083c3" discardOkResults="true" failOnError="true" failTestCaseOnErrors="true" keepSession="false" name="Test Case 2" searchProperties="true" timeout="0" xmlns:con="http://eviware.com/soapui/config">
  <con:settings>
    <con:setting id="8815f3f9-ae29-4487-a605-f7b6c8fe76e8fileName">Create-and-submit-sales-organization-with-user%2C-inventory-and-terminal</con:setting>
    <con:setting id="e22f0d88-7580-4cc2-be7b-4545e0d6248afileName">Test-Case-1</con:setting>
    <con:setting id="926d7ff0-b894-453f-9939-7e876393f00efileName">Test-Case-1</con:setting>
    <con:setting id="604a89d0-5ec9-4ee4-9638-8202a9fa4e21fileName">Test-Case-1</con:setting>
    <con:setting id="5dee66c1-cb5d-4dbd-b5ef-8b627dc5aafdfileName">Test-Case-1</con:setting>
    <con:setting id="bb122b5d-61cb-4319-9c94-cfad3a2083c3fileName">Test-Case-2</con:setting>
  </con:settings>
  <con:savedRecentRuns>1</con:savedRecentRuns>
  <con:testStep type="properties" name="Given properties for the test steps" id="4be8e934-6360-48b5-b1d4-d4e073ddcaab">
    <con:settings/>
    <con:config xsi:type="con:PropertiesStep" saveFirst="true" xmlns:xsi="http://www.w3.org/2001/XMLSchema-instance">
      <con:properties>
        <con:property>
          <con:name>amount</con:name>
          <con:value>100</con:value>
        </con:property>
        <con:property>
          <con:name>biSpec</con:name>
          <con:value>USERCREATEBISPEC</con:value>
        </con:property>
        <con:property>
          <con:name>currency</con:name>
          <con:value>USD</con:value>
        </con:property>
        <con:property>
          <con:name>currencyEUR</con:name>
          <con:value>EUR</con:value>
        </con:property>
        <con:property>
          <con:name>currencyTL</con:name>
          <con:value>TL</con:value>
        </con:property>
        <con:property>
          <con:name>emptyValue</con:name>
          <con:value/>
        </con:property>
        <con:property>
          <con:name>erroMessageInvalidState</con:name>
          <con:value>INVALID_STATE_OPERATION</con:value>
        </con:property>
        <con:property>
          <con:name>errorMessageBINotFound</con:name>
          <con:value>BI_WITH_ID_NOT_FOUND</con:value>
        </con:property>
        <con:property>
          <con:name>externalId</con:name>
          <con:value>robert.baggio${=java.util.UUID.randomUUID()}</con:value>
        </con:property>
        <con:property>
          <con:name>false</con:name>
          <con:value>false</con:value>
        </con:property>
        <con:property>
          <con:name>forCommonUseBinPlace</con:name>
          <con:value>false</con:value>
        </con:property>
        <con:property>
          <con:name>httpCode200</con:name>
          <con:value>200</con:value>
        </con:property>
        <con:property>
          <con:name>httpCode201</con:name>
          <con:value>201</con:value>
        </con:property>
        <con:property>
          <con:name>httpCode400</con:name>
          <con:value>400</con:value>
        </con:property>
        <con:property>
          <con:name>indFirstname</con:name>
          <con:value>Roberto</con:value>
        </con:property>
        <con:property>
          <con:name>indLastname</con:name>
          <con:value>Baggio</con:value>
        </con:property>
        <con:property>
          <con:name>indName</con:name>
          <con:value>Roberto Baggio</con:value>
        </con:property>
        <con:property>
          <con:name>name</con:name>
          <con:value>Roberto Baggio</con:value>
        </con:property>
        <con:property>
          <con:name>notEnoughAmount</con:name>
          <con:value>10000000</con:value>
        </con:property>
        <con:property>
          <con:name>notEnoughRoundedAmount</con:name>
          <con:value>10000000</con:value>
        </con:property>
        <con:property>
          <con:name>notExistId</con:name>
          <con:value>-1</con:value>
        </con:property>
        <con:property>
          <con:name>productCharacteristicValueType</con:name>
          <con:value>STRING</con:value>
        </con:property>
        <con:property>
          <con:name>quantity</con:name>
          <con:value>10</con:value>
        </con:property>
        <con:property>
          <con:name>roundedAmount</con:name>
          <con:value>101</con:value>
        </con:property>
        <con:property>
          <con:name>soId</con:name>
          <con:value>23</con:value>
        </con:property>
        <con:property>
          <con:name>true</con:name>
          <con:value>true</con:value>
        </con:property>
        <con:property>
          <con:name>userId</con:name>
          <con:value>25</con:value>
        </con:property>
        <con:property>
          <con:name>userRoleSpecName</con:name>
          <con:value>usr-role-spec-${=java.util.UUID.randomUUID()}</con:value>
        </con:property>
        <con:property>
          <con:name/>
        </con:property>
      </con:properties>
    </con:config>
  </con:testStep>
  <con:testStep type="transfer" name="Set user role specification properties" id="2f55c6b7-ae2d-42ee-8fc4-e02c8fc46eb1">
    <con:settings/>
    <con:config xsi:type="con:PropertyTransfersStep" xmlns:xsi="http://www.w3.org/2001/XMLSchema-instance">
      <con:transfers setNullOnMissingSource="true" transferTextContent="true" failOnError="true" ignoreEmpty="false" transferToAll="false" entitize="false" transferChildNodes="false">
        <con:name>specName</con:name>
        <con:sourceType>userRoleSpecName</con:sourceType>
        <con:sourceStep>Given properties for the test steps</con:sourceStep>
        <con:sourcePath/>
        <con:targetType>req_name</con:targetType>
        <con:targetStep>Create user role spec</con:targetStep>
        <con:targetPath/>
        <con:upgraded>true</con:upgraded>
      </con:transfers>
      <con:transfers setNullOnMissingSource="true" transferTextContent="true" failOnError="true" ignoreEmpty="false" transferToAll="false" entitize="false" transferChildNodes="false">
        <con:name>forceCommonUseBinPlace</con:name>
        <con:sourceType>forCommonUseBinPlace</con:sourceType>
        <con:sourceStep>Given properties for the test steps</con:sourceStep>
        <con:targetType>req_forceUseCommonPlaceOrBin</con:targetType>
        <con:targetStep>Create user role spec</con:targetStep>
        <con:upgraded>true</con:upgraded>
      </con:transfers>
    </con:config>
  </con:testStep>
  <con:testStep type="calltestcase" name="Create user role spec" id="461837aa-3d6c-45f2-b615-40c6f1657401">
    <con:settings/>
    <con:config xsi:type="con:RunTestCaseStep" xmlns:xsi="http://www.w3.org/2001/XMLSchema-instance">
      <con:targetTestCase>df836e4b-de07-4c5d-9220-96c38da72e28</con:targetTestCase>
      <con:properties>
        <con:property>
          <con:name>req_name</con:name>
          <con:value>usr-role-spec-${=java.util.UUID.randomUUID()}</con:value>
        </con:property>
        <con:property>
          <con:name>req_forceUseCommonPlaceOrBin</con:name>
          <con:value>false</con:value>
        </con:property>
        <con:property>
          <con:name>res_id</con:name>
          <con:value>24</con:value>
        </con:property>
        <con:property>
          <con:name>res_httpCode</con:name>
          <con:value>201</con:value>
        </con:property>
      </con:properties>
      <con:returnProperties>
        <con:entry>res_id</con:entry>
        <con:entry>res_httpCode</con:entry>
      </con:returnProperties>
      <con:runMode>PARALLELL</con:runMode>
    </con:config>
  </con:testStep>
  <con:testStep type="assertionteststep" name="Assertion create user role spec" id="dba45610-8334-4244-8708-0764f04d9934">
    <con:settings/>
    <con:config xsi:type="con:AssertionTestStep" xmlns:xsi="http://www.w3.org/2001/XMLSchema-instance">
      <con:entry>
        <con:id>dcc9a625-3bd3-49c6-87e3-069cb2bf38a1</con:id>
        <con:isGroup>false</con:isGroup>
        <con:sourceId>461837aa-3d6c-45f2-b615-40c6f1657401</con:sourceId>
        <con:propertyName>res_id</con:propertyName>
        <con:assertion type="Simple Contains" name="Contains" id="5c143282-d742-46fc-8e48-6e4a8e2493d2">
          <con:configuration>
            <token>\d+</token>
            <ignoreCase>false</ignoreCase>
            <useRegEx>true</useRegEx>
          </con:configuration>
        </con:assertion>
      </con:entry>
      <con:entry>
        <con:id>78fa51fd-31c5-422c-90af-0b7b2ca7cb79</con:id>
        <con:isGroup>false</con:isGroup>
        <con:sourceId>461837aa-3d6c-45f2-b615-40c6f1657401</con:sourceId>
        <con:propertyName>res_httpCode</con:propertyName>
        <con:assertion type="Simple Equals" name="Equals" id="72c94a49-104c-4c03-b3ac-a9d616d42503">
          <con:configuration>
            <patternObjectId>4be8e934-6360-48b5-b1d4-d4e073ddcaab</patternObjectId>
            <patternProperty>httpCode201</patternProperty>
            <caseSensitive>true</caseSensitive>
          </con:configuration>
        </con:assertion>
      </con:entry>
    </con:config>
  </con:testStep>
  <con:testStep type="transfer" name="Set initial data request parameters" id="b14d5640-c9fc-483c-8e23-d4fd3443903c">
    <con:settings/>
    <con:config xsi:type="con:PropertyTransfersStep" xmlns:xsi="http://www.w3.org/2001/XMLSchema-instance">
      <con:transfers setNullOnMissingSource="true" transferTextContent="true" failOnError="true" ignoreEmpty="false" transferToAll="false" entitize="false" transferChildNodes="false">
        <con:name>createdByUserRoleId</con:name>
        <con:sourceType>DefaultUserRoleId</con:sourceType>
        <con:sourceStep>#Project#</con:sourceStep>
        <con:sourcePath/>
        <con:targetType>req_createdByUserRoleId</con:targetType>
        <con:targetStep>Create sales organization, user, inventory and terminal</con:targetStep>
        <con:targetPath/>
        <con:upgraded>true</con:upgraded>
      </con:transfers>
      <con:transfers setNullOnMissingSource="true" transferTextContent="true" failOnError="true" ignoreEmpty="false" transferToAll="false" entitize="false" transferChildNodes="false">
        <con:name>createdBySalesOrgRoleId</con:name>
        <con:sourceType>DefaultSalesOrganizationRoleId</con:sourceType>
        <con:sourceStep>#Project#</con:sourceStep>
        <con:targetType>req_createdBySalesOrgRoleId</con:targetType>
        <con:targetStep>Create sales organization, user, inventory and terminal</con:targetStep>
        <con:upgraded>true</con:upgraded>
      </con:transfers>
    </con:config>
  </con:testStep>
  <con:testStep type="calltestcase" name="Create sales organization, user, inventory and terminal" id="ccec4228-e402-4a9c-952c-b452d72b642b">
    <con:settings/>
    <con:config xsi:type="con:RunTestCaseStep" xmlns:xsi="http://www.w3.org/2001/XMLSchema-instance">
      <con:targetTestCase>b92a7c8d-a0ed-4725-99e9-4866fd949629</con:targetTestCase>
      <con:properties>
        <con:property>
          <con:name>req_createdByUserRoleId</con:name>
          <con:value>2</con:value>
        </con:property>
        <con:property>
          <con:name>req_createdBySalesOrgRoleId</con:name>
          <con:value>1</con:value>
        </con:property>
        <con:property>
          <con:name>req_userRoleExtId</con:name>
          <con:value>u${=java.util.UUID.randomUUID()}</con:value>
        </con:property>
        <con:property>
          <con:name>req_salesOrgRoleExtId</con:name>
          <con:value>s${=java.util.UUID.randomUUID()}</con:value>
        </con:property>
        <con:property>
          <con:name>req_terminalExtId</con:name>
          <con:value>t${=java.util.UUID.randomUUID()}</con:value>
        </con:property>
        <con:property>
          <con:name>req_inventoryExtId</con:name>
          <con:value>i${=java.util.UUID.randomUUID()}</con:value>
        </con:property>
        <con:property>
          <con:name>res_salesOrgBiId</con:name>
        </con:property>
        <con:property>
          <con:name>res_userRoleBiId</con:name>
        </con:property>
        <con:property>
          <con:name>res_terminalBiId</con:name>
        </con:property>
        <con:property>
          <con:name>res_inventoryRoleBiId</con:name>
        </con:property>
        <con:property>
          <con:name>res_salesOrgId</con:name>
          <con:value>23</con:value>
        </con:property>
        <con:property>
          <con:name>res_userRoleId</con:name>
          <con:value>25</con:value>
        </con:property>
        <con:property>
          <con:name>res_terminalId</con:name>
          <con:value>5</con:value>
        </con:property>
        <con:property>
          <con:name>res_inventoryRoleId</con:name>
          <con:value>26</con:value>
        </con:property>
        <con:property>
          <con:name>res_placeId</con:name>
          <con:value>12</con:value>
        </con:property>
        <con:property>
          <con:name>res_soExtId</con:name>
        </con:property>
        <con:property>
          <con:name>res_salesOrganisationExternalId</con:name>
        </con:property>
        <con:property>
          <con:name>userToken</con:name>
        </con:property>
        <con:property>
          <con:name>userIntToken</con:name>
        </con:property>
      </con:properties>
      <con:returnProperties>
        <con:entry>res_salesOrgId</con:entry>
        <con:entry>res_userRoleId</con:entry>
        <con:entry>res_terminalId</con:entry>
        <con:entry>res_inventoryRoleId</con:entry>
        <con:entry>res_placeId</con:entry>
      </con:returnProperties>
      <con:runMode>PARALLELL</con:runMode>
    </con:config>
  </con:testStep>
  <con:testStep type="assertionteststep" name="Assert if user id, so id, inventory id and terminal id not null" id="67dcac7a-c88f-4d89-a00c-345decbb84b3">
    <con:settings/>
    <con:config xsi:type="con:AssertionTestStep" xmlns:xsi="http://www.w3.org/2001/XMLSchema-instance">
      <con:entry>
        <con:id>06e8518d-4d0d-45f0-8fbf-0ce9dde4d13d</con:id>
        <con:isGroup>false</con:isGroup>
        <con:sourceId>ccec4228-e402-4a9c-952c-b452d72b642b</con:sourceId>
        <con:propertyName>res_salesOrgId</con:propertyName>
        <con:assertion type="Simple Contains" name="salesOrgId" id="270f5ab1-4508-41c1-8090-33ae5aac58ba">
          <con:configuration>
            <token>\d+</token>
            <ignoreCase>false</ignoreCase>
            <useRegEx>true</useRegEx>
          </con:configuration>
        </con:assertion>
      </con:entry>
      <con:entry>
        <con:id>33e1f52e-dbbe-45e3-bed6-809b90ac8133</con:id>
        <con:isGroup>false</con:isGroup>
        <con:sourceId>ccec4228-e402-4a9c-952c-b452d72b642b</con:sourceId>
        <con:propertyName>res_userRoleId</con:propertyName>
        <con:assertion type="Simple Contains" name="userId" id="2a5e0e29-6981-46b7-82c1-d625a3971819">
          <con:configuration>
            <token>\d+</token>
            <ignoreCase>false</ignoreCase>
            <useRegEx>true</useRegEx>
          </con:configuration>
        </con:assertion>
      </con:entry>
      <con:entry>
        <con:id>c7b1fc05-ef64-4fb5-8f49-e82e6e40d9fb</con:id>
        <con:isGroup>false</con:isGroup>
        <con:sourceId>ccec4228-e402-4a9c-952c-b452d72b642b</con:sourceId>
        <con:propertyName>res_terminalId</con:propertyName>
        <con:assertion type="Simple Contains" name="terminalId" id="ea57681a-f1ca-4ad0-92bd-3cced00024e5">
          <con:configuration>
            <token>\d+</token>
            <ignoreCase>false</ignoreCase>
            <useRegEx>true</useRegEx>
          </con:configuration>
        </con:assertion>
      </con:entry>
      <con:entry>
        <con:id>4a3de95d-f017-4769-831e-6af6d2c6e125</con:id>
        <con:isGroup>false</con:isGroup>
        <con:sourceId>ccec4228-e402-4a9c-952c-b452d72b642b</con:sourceId>
        <con:propertyName>res_inventoryRoleId</con:propertyName>
        <con:assertion type="Simple Contains" name="inventoryId" id="36160c89-97a1-4ca6-973e-e36375cf29f0">
          <con:configuration>
            <token>\d+</token>
            <ignoreCase>false</ignoreCase>
            <useRegEx>true</useRegEx>
          </con:configuration>
        </con:assertion>
      </con:entry>
    </con:config>
  </con:testStep>
  <con:testStep type="transfer" name="Set userRoleId,salesOrgRoleId and placeId to test case" id="9ec51e2e-80ad-4f7a-937e-f296347a8c7e">
    <con:settings/>
    <con:config xsi:type="con:PropertyTransfersStep" xmlns:xsi="http://www.w3.org/2001/XMLSchema-instance">
      <con:transfers setNullOnMissingSource="true" transferTextContent="true" failOnError="true" ignoreEmpty="false" transferToAll="false" entitize="false" transferChildNodes="false">
        <con:name>userRoleId</con:name>
        <con:sourceType>res_userRoleId</con:sourceType>
        <con:sourceStep>Create sales organization, user, inventory and terminal</con:sourceStep>
        <con:sourcePath/>
        <con:targetType>userId</con:targetType>
        <con:targetStep>Given properties for the test steps</con:targetStep>
        <con:targetPath/>
        <con:upgraded>true</con:upgraded>
      </con:transfers>
      <con:transfers setNullOnMissingSource="true" transferTextContent="true" failOnError="true" ignoreEmpty="false" transferToAll="false" entitize="false" transferChildNodes="false">
        <con:name>salesOrgRoleId</con:name>
        <con:sourceType>res_salesOrgId</con:sourceType>
        <con:sourceStep>Create sales organization, user, inventory and terminal</con:sourceStep>
        <con:targetType>soId</con:targetType>
        <con:targetStep>Given properties for the test steps</con:targetStep>
        <con:upgraded>true</con:upgraded>
      </con:transfers>
    </con:config>
  </con:testStep>
  <con:testStep type="transfer" name="Set bi id which is not exist" id="1d437e4d-49c2-4673-bd73-8bdcf283d7c2">
    <con:settings/>
    <con:config xsi:type="con:PropertyTransfersStep" xmlns:xsi="http://www.w3.org/2001/XMLSchema-instance">
      <con:transfers setNullOnMissingSource="true" transferTextContent="true" failOnError="true" ignoreEmpty="false" transferToAll="false" entitize="false" transferChildNodes="false">
        <con:name>biId</con:name>
        <con:sourceType>notExistId</con:sourceType>
        <con:sourceStep>Given properties for the test steps</con:sourceStep>
        <con:sourcePath/>
        <con:targetType>req_biId</con:targetType>
        <con:targetStep>Cancel bi which is not exist</con:targetStep>
        <con:targetPath/>
        <con:upgraded>true</con:upgraded>
      </con:transfers>
    </con:config>
  </con:testStep>
  <con:testStep type="calltestcase" name="Cancel bi which is not exist" id="6d755b96-f43a-41b0-b0d3-fce043b59774">
    <con:settings/>
    <con:config xsi:type="con:RunTestCaseStep" xmlns:xsi="http://www.w3.org/2001/XMLSchema-instance">
      <con:targetTestCase>6c944aaf-59b8-49b5-bc25-b843a34cdd0f</con:targetTestCase>
      <con:properties>
        <con:property>
          <con:name>req_biId</con:name>
          <con:value>-1</con:value>
        </con:property>
        <con:property>
          <con:name>res_biId</con:name>
          <con:value xsi:nil="true"/>
        </con:property>
        <con:property>
          <con:name>res_code</con:name>
          <con:value>BI_WITH_ID_NOT_FOUND</con:value>
        </con:property>
        <con:property>
          <con:name>res_errorMessage</con:name>
          <con:value>BI_WITH_ID_NOT_FOUND</con:value>
        </con:property>
        <con:property>
          <con:name>res_httpCode</con:name>
          <con:value>400</con:value>
        </con:property>
      </con:properties>
      <con:returnProperties>
        <con:entry>res_biId</con:entry>
        <con:entry>res_code</con:entry>
        <con:entry>res_errorMessage</con:entry>
        <con:entry>res_httpCode</con:entry>
      </con:returnProperties>
      <con:runMode>PARALLELL</con:runMode>
    </con:config>
  </con:testStep>
  <con:testStep type="assertionteststep" name="Assert bi is not canceled which is already not exist" id="0a8c1244-5c46-4818-9c80-1eb5b30529ab">
    <con:settings/>
    <con:config xsi:type="con:AssertionTestStep" xmlns:xsi="http://www.w3.org/2001/XMLSchema-instance">
      <con:entry>
        <con:id>602c9d15-6891-40cf-b05c-432a2b5f219a</con:id>
        <con:isGroup>false</con:isGroup>
        <con:sourceId>6d755b96-f43a-41b0-b0d3-fce043b59774</con:sourceId>
        <con:propertyName>res_errorMessage</con:propertyName>
        <con:assertion type="Simple Contains" name="Contains" id="02f8b6fa-54a2-488e-8ac2-25be7444b629">
          <con:configuration>
            <token>\w+</token>
            <ignoreCase>false</ignoreCase>
            <useRegEx>true</useRegEx>
          </con:configuration>
        </con:assertion>
      </con:entry>
      <con:entry>
        <con:id>cb134b4d-de86-424c-a494-2567dfba1197</con:id>
        <con:isGroup>false</con:isGroup>
        <con:sourceId>6d755b96-f43a-41b0-b0d3-fce043b59774</con:sourceId>
        <con:propertyName>res_httpCode</con:propertyName>
        <con:assertion type="Simple Equals" name="Equals" id="6d1e4541-1b76-447e-ab57-d598b77a915b">
          <con:configuration>
            <patternObjectId>4be8e934-6360-48b5-b1d4-d4e073ddcaab</patternObjectId>
            <patternProperty>httpCode400</patternProperty>
            <caseSensitive>true</caseSensitive>
          </con:configuration>
        </con:assertion>
      </con:entry>
      <con:entry>
        <con:id>46e26ff6-edc9-4371-bddb-2299f3ebebe8</con:id>
        <con:isGroup>false</con:isGroup>
        <con:sourceId>6d755b96-f43a-41b0-b0d3-fce043b59774</con:sourceId>
        <con:propertyName>res_errorMessage</con:propertyName>
        <con:assertion type="Simple Equals" name="Equals 2" id="af6259b8-fb66-4842-8b8d-c9dca2ea47bb">
          <con:configuration>
            <patternObjectId>4be8e934-6360-48b5-b1d4-d4e073ddcaab</patternObjectId>
            <patternProperty>errorMessageBINotFound</patternProperty>
            <caseSensitive>true</caseSensitive>
          </con:configuration>
        </con:assertion>
      </con:entry>
    </con:config>
  </con:testStep>
  <con:testStep type="transfer" name="Set bispec to create business interaction" id="7e1deab4-27b4-4314-bc68-35e3648da784">
    <con:settings/>
    <con:config xsi:type="con:PropertyTransfersStep" xmlns:xsi="http://www.w3.org/2001/XMLSchema-instance">
      <con:transfers setNullOnMissingSource="true" transferTextContent="true" failOnError="true" ignoreEmpty="false" transferToAll="false" entitize="false" transferChildNodes="false">
        <con:name>biSpec</con:name>
        <con:sourceType>biSpec</con:sourceType>
        <con:sourceStep>Given properties for the test steps</con:sourceStep>
        <con:sourcePath/>
        <con:targetType>req_biSpecCode</con:targetType>
        <con:targetStep>Create user create business interaction</con:targetStep>
        <con:targetPath/>
        <con:upgraded>true</con:upgraded>
      </con:transfers>
      <con:transfers setNullOnMissingSource="true" transferTextContent="true" failOnError="true" ignoreEmpty="false" transferToAll="false" entitize="false" transferChildNodes="false">
        <con:name>userRoleID</con:name>
        <con:sourceType>userId</con:sourceType>
        <con:sourceStep>Given properties for the test steps</con:sourceStep>
        <con:targetType>req_userRoleId</con:targetType>
        <con:targetStep>Create user create business interaction</con:targetStep>
        <con:upgraded>true</con:upgraded>
      </con:transfers>
      <con:transfers setNullOnMissingSource="true" transferTextContent="true" failOnError="true" ignoreEmpty="false" transferToAll="false" entitize="false" transferChildNodes="false">
        <con:name>soRoleId</con:name>
        <con:sourceType>soId</con:sourceType>
        <con:sourceStep>Given properties for the test steps</con:sourceStep>
        <con:targetType>req_soRoleId</con:targetType>
        <con:targetStep>Create user create business interaction</con:targetStep>
        <con:upgraded>true</con:upgraded>
      </con:transfers>
    </con:config>
  </con:testStep>
  <con:testStep type="calltestcase" name="Create user create business interaction" id="68e936d9-6cd1-4891-b568-bad0ec515263">
    <con:settings/>
    <con:config xsi:type="con:RunTestCaseStep" xmlns:xsi="http://www.w3.org/2001/XMLSchema-instance">
      <con:targetTestCase>080f0d17-75de-4298-b319-a299dc83bbba</con:targetTestCase>
      <con:properties>
        <con:property>
          <con:name>req_userRoleId</con:name>
          <con:value>25</con:value>
        </con:property>
        <con:property>
          <con:name>res_biId</con:name>
          <con:value>441</con:value>
        </con:property>
        <con:property>
          <con:name>req_soRoleId</con:name>
          <con:value>23</con:value>
        </con:property>
        <con:property>
          <con:name>req_biSpecCode</con:name>
          <con:value>USERCREATEBISPEC</con:value>
        </con:property>
        <con:property>
          <con:name>res_code</con:name>
          <con:value xsi:nil="true"/>
        </con:property>
        <con:property>
          <con:name>res_errorMessage</con:name>
          <con:value xsi:nil="true"/>
        </con:property>
        <con:property>
          <con:name>res_httpCode</con:name>
          <con:value>201</con:value>
        </con:property>
      </con:properties>
      <con:returnProperties>
        <con:entry>res_biId</con:entry>
        <con:entry>res_code</con:entry>
        <con:entry>res_errorMessage</con:entry>
        <con:entry>res_httpCode</con:entry>
      </con:returnProperties>
      <con:runMode>PARALLELL</con:runMode>
    </con:config>
  </con:testStep>
  <con:testStep type="assertionteststep" name="Assert bi is created" id="52df7cb3-d14b-4907-aa39-bf377496b146">
    <con:settings/>
    <con:config xsi:type="con:AssertionTestStep" xmlns:xsi="http://www.w3.org/2001/XMLSchema-instance">
      <con:entry>
        <con:id>87c951fc-1577-4999-a8d5-340555ef4fc5</con:id>
        <con:isGroup>false</con:isGroup>
        <con:sourceId>68e936d9-6cd1-4891-b568-bad0ec515263</con:sourceId>
        <con:propertyName>res_biId</con:propertyName>
        <con:assertion type="Simple Contains" name="Contains" id="5fcdcb61-e5d6-4968-975c-4f4136e78762">
          <con:configuration>
            <token>\d+</token>
            <ignoreCase>false</ignoreCase>
            <useRegEx>true</useRegEx>
          </con:configuration>
        </con:assertion>
      </con:entry>
      <con:entry>
        <con:id>7e646dbb-513f-440c-a65e-f30c4a077caa</con:id>
        <con:isGroup>false</con:isGroup>
        <con:sourceId>68e936d9-6cd1-4891-b568-bad0ec515263</con:sourceId>
        <con:propertyName>res_httpCode</con:propertyName>
        <con:assertion type="Simple Equals" name="Equals" id="9e7ee682-8b3f-4a42-883f-0bbe1de23af4">
          <con:configuration>
            <patternObjectId>4be8e934-6360-48b5-b1d4-d4e073ddcaab</patternObjectId>
            <patternProperty>httpCode201</patternProperty>
            <caseSensitive>true</caseSensitive>
          </con:configuration>
        </con:assertion>
      </con:entry>
    </con:config>
  </con:testStep>
  <con:testStep type="transfer" name="Set bi id to add item" id="fcf109ea-5d6e-46ec-a92c-a3425bfaf5ec">
    <con:settings/>
    <con:config xsi:type="con:PropertyTransfersStep" xmlns:xsi="http://www.w3.org/2001/XMLSchema-instance">
      <con:transfers setNullOnMissingSource="true" transferTextContent="true" failOnError="true" ignoreEmpty="false" transferToAll="false" entitize="false" transferChildNodes="false">
        <con:name>biId</con:name>
        <con:sourceType>res_biId</con:sourceType>
        <con:sourceStep>Create user create business interaction</con:sourceStep>
        <con:sourcePath/>
        <con:targetType>req_biId</con:targetType>
        <con:targetStep>Add item to bi</con:targetStep>
        <con:targetPath/>
        <con:upgraded>true</con:upgraded>
      </con:transfers>
      <con:transfers setNullOnMissingSource="true" transferTextContent="true" failOnError="true" ignoreEmpty="false" transferToAll="false" entitize="false" transferChildNodes="false">
        <con:name>name</con:name>
        <con:sourceType>name</con:sourceType>
        <con:sourceStep>Given properties for the test steps</con:sourceStep>
        <con:targetType>req_name</con:targetType>
        <con:targetStep>Add item to bi</con:targetStep>
        <con:upgraded>true</con:upgraded>
      </con:transfers>
      <con:transfers setNullOnMissingSource="true" transferTextContent="true" failOnError="true" ignoreEmpty="false" transferToAll="false" entitize="false" transferChildNodes="false">
        <con:name>externalId</con:name>
        <con:sourceType>externalId</con:sourceType>
        <con:sourceStep>Given properties for the test steps</con:sourceStep>
        <con:targetType>req_externalId</con:targetType>
        <con:targetStep>Add item to bi</con:targetStep>
        <con:upgraded>true</con:upgraded>
      </con:transfers>
      <con:transfers setNullOnMissingSource="true" transferTextContent="true" failOnError="true" ignoreEmpty="false" transferToAll="false" entitize="false" transferChildNodes="false">
        <con:name>userRoleSpecId</con:name>
        <con:sourceType>res_id</con:sourceType>
        <con:sourceStep>Create user role spec</con:sourceStep>
        <con:targetType>req_userRoleSpecId</con:targetType>
        <con:targetStep>Add item to bi</con:targetStep>
        <con:upgraded>true</con:upgraded>
      </con:transfers>
      <con:transfers setNullOnMissingSource="true" transferTextContent="true" failOnError="true" ignoreEmpty="false" transferToAll="false" entitize="false" transferChildNodes="false">
        <con:name>soRoleId</con:name>
        <con:sourceType>soId</con:sourceType>
        <con:sourceStep>Given properties for the test steps</con:sourceStep>
        <con:targetType>req_soRoleId</con:targetType>
        <con:targetStep>Add item to bi</con:targetStep>
        <con:upgraded>true</con:upgraded>
      </con:transfers>
      <con:transfers setNullOnMissingSource="true" transferTextContent="true" failOnError="true" ignoreEmpty="false" transferToAll="false" entitize="false" transferChildNodes="false">
        <con:name>forceToUseSession</con:name>
        <con:sourceType>false</con:sourceType>
        <con:sourceStep>Given properties for the test steps</con:sourceStep>
        <con:targetType>req_forceToUseSession</con:targetType>
        <con:targetStep>Add item to bi</con:targetStep>
        <con:upgraded>true</con:upgraded>
      </con:transfers>
      <con:transfers setNullOnMissingSource="true" transferTextContent="true" failOnError="true" ignoreEmpty="false" transferToAll="false" entitize="false" transferChildNodes="false">
        <con:name>indFirstname</con:name>
        <con:sourceType>indFirstname</con:sourceType>
        <con:sourceStep>Given properties for the test steps</con:sourceStep>
        <con:targetType>req_indFirstName</con:targetType>
        <con:targetStep>Add item to bi</con:targetStep>
        <con:upgraded>true</con:upgraded>
      </con:transfers>
      <con:transfers setNullOnMissingSource="true" transferTextContent="true" failOnError="true" ignoreEmpty="false" transferToAll="false" entitize="false" transferChildNodes="false">
        <con:name>indName</con:name>
        <con:sourceType>indName</con:sourceType>
        <con:sourceStep>Given properties for the test steps</con:sourceStep>
        <con:targetType>req_indName</con:targetType>
        <con:targetStep>Add item to bi</con:targetStep>
        <con:upgraded>true</con:upgraded>
      </con:transfers>
      <con:transfers setNullOnMissingSource="true" transferTextContent="true" failOnError="true" ignoreEmpty="false" transferToAll="false" entitize="false" transferChildNodes="false">
        <con:name>indLastname</con:name>
        <con:sourceType>indLastname</con:sourceType>
        <con:sourceStep>Given properties for the test steps</con:sourceStep>
        <con:targetType>req_indLastName</con:targetType>
        <con:targetStep>Add item to bi</con:targetStep>
        <con:upgraded>true</con:upgraded>
      </con:transfers>
    </con:config>
  </con:testStep>
  <con:testStep type="calltestcase" name="Add item to bi" id="3edbfac9-f18b-485e-b631-8653fa9f2a55">
    <con:settings/>
    <con:config xsi:type="con:RunTestCaseStep" xmlns:xsi="http://www.w3.org/2001/XMLSchema-instance">
      <con:targetTestCase>82436617-bc41-4ae8-a2b5-d31a80ed4e9b</con:targetTestCase>
      <con:properties>
        <con:property>
          <con:name>req_biId</con:name>
          <con:value>441</con:value>
        </con:property>
        <con:property>
          <con:name>req_name</con:name>
          <con:value>Roberto Baggio</con:value>
        </con:property>
        <con:property>
          <con:name>req_externalId</con:name>
          <con:value>robert.baggio${=java.util.UUID.randomUUID()}</con:value>
        </con:property>
        <con:property>
          <con:name>req_userRoleSpecId</con:name>
          <con:value>24</con:value>
        </con:property>
        <con:property>
          <con:name>req_soRoleId</con:name>
          <con:value>23</con:value>
        </con:property>
        <con:property>
          <con:name>req_indFirstName</con:name>
          <con:value>Roberto</con:value>
        </con:property>
        <con:property>
          <con:name>req_indLastName</con:name>
          <con:value>Baggio</con:value>
        </con:property>
        <con:property>
          <con:name>req_indName</con:name>
          <con:value>Roberto Baggio</con:value>
        </con:property>
        <con:property>
          <con:name>res_id</con:name>
          <con:value>231</con:value>
        </con:property>
        <con:property>
          <con:name>res_code</con:name>
          <con:value xsi:nil="true"/>
        </con:property>
        <con:property>
          <con:name>res_errorMessage</con:name>
          <con:value xsi:nil="true"/>
        </con:property>
        <con:property>
          <con:name>req_forceToUseSession</con:name>
          <con:value>false</con:value>
        </con:property>
        <con:property>
          <con:name>res_externalId</con:name>
        </con:property>
        <con:property>
          <con:name>res_httpCode</con:name>
          <con:value>201</con:value>
        </con:property>
      </con:properties>
      <con:returnProperties>
        <con:entry>res_id</con:entry>
        <con:entry>res_code</con:entry>
        <con:entry>res_errorMessage</con:entry>
        <con:entry>res_httpCode</con:entry>
      </con:returnProperties>
      <con:runMode>PARALLELL</con:runMode>
    </con:config>
  </con:testStep>
  <con:testStep type="assertionteststep" name="Assert bi item is added successfully" id="4ba10500-c040-4ed1-9375-0554ab324f25">
    <con:settings/>
    <con:config xsi:type="con:AssertionTestStep" xmlns:xsi="http://www.w3.org/2001/XMLSchema-instance">
      <con:entry>
        <con:id>4fcbb5e2-b6bb-4b41-be88-3f674835b633</con:id>
        <con:isGroup>false</con:isGroup>
        <con:sourceId>3edbfac9-f18b-485e-b631-8653fa9f2a55</con:sourceId>
        <con:propertyName>res_id</con:propertyName>
        <con:assertion type="Simple Contains" name="Contains" id="d1662faa-31c8-4df3-befd-2ed7a5f3388e">
          <con:configuration>
            <token>\d+</token>
            <ignoreCase>false</ignoreCase>
            <useRegEx>true</useRegEx>
          </con:configuration>
        </con:assertion>
      </con:entry>
      <con:entry>
        <con:id>946b36e7-29a0-440a-afec-3015a778c72d</con:id>
        <con:isGroup>false</con:isGroup>
        <con:sourceId>3edbfac9-f18b-485e-b631-8653fa9f2a55</con:sourceId>
        <con:propertyName>res_httpCode</con:propertyName>
        <con:assertion type="Simple Equals" name="Equals" id="b0b6ffe6-f7f3-412a-abfa-b8788be2e41a">
          <con:configuration>
            <patternObjectId>4be8e934-6360-48b5-b1d4-d4e073ddcaab</patternObjectId>
            <patternProperty>httpCode201</patternProperty>
            <caseSensitive>true</caseSensitive>
          </con:configuration>
        </con:assertion>
      </con:entry>
    </con:config>
  </con:testStep>
  <con:testStep type="transfer" name="Set bi to submit successfully" id="7307d7aa-27dd-4c8b-8d93-6ea7d53fd20a">
    <con:settings/>
    <con:config xsi:type="con:PropertyTransfersStep" xmlns:xsi="http://www.w3.org/2001/XMLSchema-instance">
      <con:transfers setNullOnMissingSource="true" transferTextContent="true" failOnError="true" ignoreEmpty="false" transferToAll="false" entitize="false" transferChildNodes="false">
        <con:name>biId</con:name>
        <con:sourceType>res_biId</con:sourceType>
        <con:sourceStep>Create user create business interaction</con:sourceStep>
        <con:sourcePath/>
        <con:targetType>req_biId</con:targetType>
        <con:targetStep>Submit bi with body</con:targetStep>
        <con:targetPath/>
        <con:upgraded>true</con:upgraded>
      </con:transfers>
    </con:config>
  </con:testStep>
  <con:testStep type="calltestcase" name="Submit bi with body" id="3f4d441c-b6d5-4b89-9435-6eaf397fea61">
    <con:settings/>
    <con:config xsi:type="con:RunTestCaseStep" xmlns:xsi="http://www.w3.org/2001/XMLSchema-instance">
      <con:targetTestCase>0c96e595-7846-4e26-a5e4-c69c035a68c7</con:targetTestCase>
      <con:properties>
        <con:property>
          <con:name>req_biId</con:name>
          <con:value>441</con:value>
        </con:property>
        <con:property>
          <con:name>res_biId</con:name>
          <con:value>441</con:value>
        </con:property>
        <con:property>
          <con:name>res_code</con:name>
          <con:value xsi:nil="true"/>
        </con:property>
        <con:property>
          <con:name>res_errorMessage</con:name>
          <con:value xsi:nil="true"/>
        </con:property>
        <con:property>
          <con:name>res_httpCode</con:name>
          <con:value>200</con:value>
        </con:property>
      </con:properties>
      <con:returnProperties>
        <con:entry>res_biId</con:entry>
        <con:entry>res_code</con:entry>
        <con:entry>res_errorMessage</con:entry>
        <con:entry>res_httpCode</con:entry>
      </con:returnProperties>
      <con:runMode>PARALLELL</con:runMode>
    </con:config>
  </con:testStep>
  <con:testStep type="assertionteststep" name="Assert bi is submitted successfully" id="9dc2781d-5813-49bf-8657-b44ef29f11d2">
    <con:settings/>
    <con:config xsi:type="con:AssertionTestStep" xmlns:xsi="http://www.w3.org/2001/XMLSchema-instance">
      <con:entry>
        <con:id>6c2f2716-ea3e-4115-80d9-9bb19ec9e20a</con:id>
        <con:isGroup>false</con:isGroup>
        <con:sourceId>3f4d441c-b6d5-4b89-9435-6eaf397fea61</con:sourceId>
        <con:propertyName>res_errorMessage</con:propertyName>
        <con:assertion type="Simple Contains" name="Contains" id="a264e4e1-f0c8-41de-861a-fd3951705bf4">
          <con:configuration>
            <token>^\s*$</token>
            <ignoreCase>false</ignoreCase>
            <useRegEx>true</useRegEx>
          </con:configuration>
        </con:assertion>
      </con:entry>
      <con:entry>
        <con:id>19454941-fe7e-4806-91bc-876550f89da4</con:id>
        <con:isGroup>false</con:isGroup>
        <con:sourceId>3f4d441c-b6d5-4b89-9435-6eaf397fea61</con:sourceId>
        <con:propertyName>res_httpCode</con:propertyName>
        <con:assertion type="Simple Equals" name="Equals" id="b5c5661e-bdd3-4ff5-bdc4-9b5ee31927ad">
          <con:configuration>
            <patternObjectId>4be8e934-6360-48b5-b1d4-d4e073ddcaab</patternObjectId>
            <patternProperty>httpCode200</patternProperty>
            <caseSensitive>true</caseSensitive>
          </con:configuration>
        </con:assertion>
      </con:entry>
    </con:config>
  </con:testStep>
  <con:testStep type="transfer" name="Set bi id which is already closed" id="ccad3457-f329-4645-a067-6712ba274f87">
    <con:settings/>
    <con:config xsi:type="con:PropertyTransfersStep" xmlns:xsi="http://www.w3.org/2001/XMLSchema-instance">
      <con:transfers setNullOnMissingSource="true" transferTextContent="true" failOnError="true" ignoreEmpty="false" transferToAll="false" entitize="false" transferChildNodes="false">
        <con:name>biId</con:name>
        <con:sourceType>res_biId</con:sourceType>
        <con:sourceStep>Submit bi with body</con:sourceStep>
        <con:sourcePath/>
        <con:targetType>req_biId</con:targetType>
        <con:targetStep>Cancel bi which is already closed</con:targetStep>
        <con:targetPath/>
        <con:upgraded>true</con:upgraded>
      </con:transfers>
    </con:config>
  </con:testStep>
  <con:testStep type="calltestcase" name="Cancel bi which is already closed" id="81122949-a6c7-491d-9879-d6fa1d071f4c">
    <con:settings/>
    <con:config xsi:type="con:RunTestCaseStep" xmlns:xsi="http://www.w3.org/2001/XMLSchema-instance">
      <con:targetTestCase>6c944aaf-59b8-49b5-bc25-b843a34cdd0f</con:targetTestCase>
      <con:properties>
        <con:property>
          <con:name>req_biId</con:name>
          <con:value>441</con:value>
        </con:property>
        <con:property>
          <con:name>res_biId</con:name>
          <con:value xsi:nil="true"/>
        </con:property>
        <con:property>
          <con:name>res_code</con:name>
          <con:value>INVALID_STATE_OPERATION</con:value>
        </con:property>
        <con:property>
          <con:name>res_errorMessage</con:name>
          <con:value>INVALID_STATE_OPERATION</con:value>
        </con:property>
        <con:property>
          <con:name>res_httpCode</con:name>
          <con:value>400</con:value>
        </con:property>
      </con:properties>
      <con:returnProperties>
        <con:entry>res_biId</con:entry>
        <con:entry>res_code</con:entry>
        <con:entry>res_errorMessage</con:entry>
        <con:entry>res_httpCode</con:entry>
      </con:returnProperties>
      <con:runMode>PARALLELL</con:runMode>
    </con:config>
  </con:testStep>
  <con:testStep type="assertionteststep" name="Assert bi is not canceled which is already closed" id="de495509-a5d7-4dac-ba39-b6b3939907e4">
    <con:settings/>
    <con:config xsi:type="con:AssertionTestStep" xmlns:xsi="http://www.w3.org/2001/XMLSchema-instance">
      <con:entry>
        <con:id>a6b9ffc3-6801-4b53-ab6e-ecfd4b83f500</con:id>
        <con:isGroup>false</con:isGroup>
        <con:sourceId>81122949-a6c7-491d-9879-d6fa1d071f4c</con:sourceId>
        <con:propertyName>res_errorMessage</con:propertyName>
        <con:assertion type="Simple Equals" name="Equals" id="6b6c0f04-77af-46c7-b876-41ac547e2a86">
          <con:configuration>
            <patternObjectId>4be8e934-6360-48b5-b1d4-d4e073ddcaab</patternObjectId>
            <patternProperty>erroMessageInvalidState</patternProperty>
            <caseSensitive>true</caseSensitive>
          </con:configuration>
        </con:assertion>
      </con:entry>
      <con:entry>
        <con:id>26a796b7-8ce0-4488-92fb-847e673d7b50</con:id>
        <con:isGroup>false</con:isGroup>
        <con:sourceId>81122949-a6c7-491d-9879-d6fa1d071f4c</con:sourceId>
        <con:propertyName>res_httpCode</con:propertyName>
        <con:assertion type="Simple Equals" name="Equals 2" id="1ac699b9-da41-424f-ba04-414c1ee58f32">
          <con:configuration>
            <patternObjectId>4be8e934-6360-48b5-b1d4-d4e073ddcaab</patternObjectId>
            <patternProperty>httpCode400</patternProperty>
            <caseSensitive>true</caseSensitive>
          </con:configuration>
        </con:assertion>
      </con:entry>
    </con:config>
  </con:testStep>
  <con:testStep type="transfer" name="Set properties  to create draft business interaction" id="226badad-26e4-4481-b47e-f670f3c3d52c">
    <con:settings/>
    <con:config xsi:type="con:PropertyTransfersStep" xmlns:xsi="http://www.w3.org/2001/XMLSchema-instance">
      <con:transfers setNullOnMissingSource="true" transferTextContent="true" failOnError="true" ignoreEmpty="false" transferToAll="false" entitize="false" transferChildNodes="false">
        <con:name>biSpec</con:name>
        <con:sourceType>biSpec</con:sourceType>
        <con:sourceStep>Given properties for the test steps</con:sourceStep>
        <con:sourcePath/>
        <con:targetType>req_biSpecCode</con:targetType>
        <con:targetStep>Create draft user create business interaction</con:targetStep>
        <con:targetPath/>
        <con:upgraded>true</con:upgraded>
      </con:transfers>
      <con:transfers setNullOnMissingSource="true" transferTextContent="true" failOnError="true" ignoreEmpty="false" transferToAll="false" entitize="false" transferChildNodes="false">
        <con:name>userRoleID</con:name>
        <con:sourceType>userId</con:sourceType>
        <con:sourceStep>Given properties for the test steps</con:sourceStep>
        <con:targetType>req_userRoleId</con:targetType>
        <con:targetStep>Create draft user create business interaction</con:targetStep>
        <con:upgraded>true</con:upgraded>
      </con:transfers>
      <con:transfers setNullOnMissingSource="true" transferTextContent="true" failOnError="true" ignoreEmpty="false" transferToAll="false" entitize="false" transferChildNodes="false">
        <con:name>soRoleId</con:name>
        <con:sourceType>soId</con:sourceType>
        <con:sourceStep>Given properties for the test steps</con:sourceStep>
        <con:targetType>req_soRoleId</con:targetType>
        <con:targetStep>Create draft user create business interaction</con:targetStep>
        <con:upgraded>true</con:upgraded>
      </con:transfers>
    </con:config>
  </con:testStep>
  <con:testStep type="calltestcase" name="Create draft user create business interaction" id="7a7c2e60-8b45-46b7-9289-a18b09464957">
    <con:settings/>
    <con:config xsi:type="con:RunTestCaseStep" xmlns:xsi="http://www.w3.org/2001/XMLSchema-instance">
      <con:targetTestCase>080f0d17-75de-4298-b319-a299dc83bbba</con:targetTestCase>
      <con:properties>
        <con:property>
          <con:name>req_userRoleId</con:name>
          <con:value>25</con:value>
        </con:property>
        <con:property>
          <con:name>res_biId</con:name>
          <con:value>451</con:value>
        </con:property>
        <con:property>
          <con:name>req_soRoleId</con:name>
          <con:value>23</con:value>
        </con:property>
        <con:property>
          <con:name>req_biSpecCode</con:name>
          <con:value>USERCREATEBISPEC</con:value>
        </con:property>
        <con:property>
          <con:name>res_code</con:name>
          <con:value xsi:nil="true"/>
        </con:property>
        <con:property>
          <con:name>res_errorMessage</con:name>
          <con:value xsi:nil="true"/>
        </con:property>
        <con:property>
          <con:name>res_httpCode</con:name>
          <con:value>201</con:value>
        </con:property>
      </con:properties>
      <con:returnProperties>
        <con:entry>res_biId</con:entry>
        <con:entry>res_code</con:entry>
        <con:entry>res_errorMessage</con:entry>
        <con:entry>res_httpCode</con:entry>
      </con:returnProperties>
      <con:runMode>PARALLELL</con:runMode>
    </con:config>
  </con:testStep>
  <con:testStep type="assertionteststep" name="Assert bi is created successfully" id="6e1d2a32-9da3-44d6-850f-b07425f499a9">
    <con:settings/>
    <con:config xsi:type="con:AssertionTestStep" xmlns:xsi="http://www.w3.org/2001/XMLSchema-instance">
      <con:entry>
        <con:id>7b8e6c50-2375-472c-8ced-c2e167d08722</con:id>
        <con:isGroup>false</con:isGroup>
        <con:sourceId>7a7c2e60-8b45-46b7-9289-a18b09464957</con:sourceId>
        <con:propertyName>res_biId</con:propertyName>
        <con:assertion type="Simple Contains" name="Contains" id="7671bdf8-c8b2-4033-ade8-49493ae26b0c">
          <con:configuration>
            <token>\d+</token>
            <ignoreCase>false</ignoreCase>
            <useRegEx>true</useRegEx>
          </con:configuration>
        </con:assertion>
      </con:entry>
      <con:entry>
        <con:id>dcb7f165-0a81-4f19-8af8-fa3c9c9a9ad1</con:id>
        <con:isGroup>false</con:isGroup>
        <con:sourceId>7a7c2e60-8b45-46b7-9289-a18b09464957</con:sourceId>
        <con:propertyName>res_httpCode</con:propertyName>
        <con:assertion type="Simple Equals" name="Equals" id="a6ce19f1-2240-41b3-b50a-027adf10a1bf">
          <con:configuration>
            <patternObjectId>4be8e934-6360-48b5-b1d4-d4e073ddcaab</patternObjectId>
            <patternProperty>httpCode201</patternProperty>
            <caseSensitive>true</caseSensitive>
          </con:configuration>
        </con:assertion>
      </con:entry>
    </con:config>
  </con:testStep>
  <con:testStep type="transfer" name="Set bi id which is draft" id="6a10d7dd-b655-4a91-93ad-768c94f9c12a">
    <con:settings/>
    <con:config xsi:type="con:PropertyTransfersStep" xmlns:xsi="http://www.w3.org/2001/XMLSchema-instance">
      <con:transfers setNullOnMissingSource="true" transferTextContent="true" failOnError="true" ignoreEmpty="false" transferToAll="false" entitize="false" transferChildNodes="false">
        <con:name>biId</con:name>
        <con:sourceType>res_biId</con:sourceType>
        <con:sourceStep>Create draft user create business interaction</con:sourceStep>
        <con:sourcePath/>
        <con:targetType>req_biId</con:targetType>
        <con:targetStep>Cancel bi which is draft</con:targetStep>
        <con:targetPath/>
        <con:upgraded>true</con:upgraded>
      </con:transfers>
    </con:config>
  </con:testStep>
  <con:testStep type="calltestcase" name="Cancel bi which is draft" id="72bd0ea5-167b-49b4-941e-ecd4f240c061">
    <con:settings/>
    <con:config xsi:type="con:RunTestCaseStep" xmlns:xsi="http://www.w3.org/2001/XMLSchema-instance">
      <con:targetTestCase>6c944aaf-59b8-49b5-bc25-b843a34cdd0f</con:targetTestCase>
      <con:properties>
        <con:property>
          <con:name>req_biId</con:name>
          <con:value>451</con:value>
        </con:property>
        <con:property>
          <con:name>res_biId</con:name>
          <con:value>451</con:value>
        </con:property>
        <con:property>
          <con:name>res_code</con:name>
          <con:value xsi:nil="true"/>
        </con:property>
        <con:property>
          <con:name>res_errorMessage</con:name>
          <con:value xsi:nil="true"/>
        </con:property>
        <con:property>
          <con:name>res_httpCode</con:name>
          <con:value>200</con:value>
        </con:property>
      </con:properties>
      <con:returnProperties>
        <con:entry>res_biId</con:entry>
        <con:entry>res_code</con:entry>
        <con:entry>res_errorMessage</con:entry>
        <con:entry>res_httpCode</con:entry>
      </con:returnProperties>
      <con:runMode>PARALLELL</con:runMode>
    </con:config>
  </con:testStep>
  <con:testStep type="assertionteststep" name="Assert bi is canceled" id="ab276b31-935d-4cdc-ba95-4a80c412bcb0">
    <con:settings/>
    <con:config xsi:type="con:AssertionTestStep" xmlns:xsi="http://www.w3.org/2001/XMLSchema-instance">
      <con:entry>
        <con:id>7dbab9ff-98c0-430e-bea2-8f41bf695d96</con:id>
        <con:isGroup>false</con:isGroup>
        <con:sourceId>72bd0ea5-167b-49b4-941e-ecd4f240c061</con:sourceId>
        <con:propertyName>res_biId</con:propertyName>
        <con:assertion type="Simple Contains" name="Contains" id="772ce33e-ebbe-4cfd-85d6-c5c10ac1f56e">
          <con:configuration>
            <token>\d+</token>
            <ignoreCase>false</ignoreCase>
            <useRegEx>true</useRegEx>
          </con:configuration>
        </con:assertion>
      </con:entry>
      <con:entry>
        <con:id>7170a48f-1f58-47b1-820b-832be6a9360a</con:id>
        <con:isGroup>false</con:isGroup>
        <con:sourceId>72bd0ea5-167b-49b4-941e-ecd4f240c061</con:sourceId>
        <con:propertyName>res_httpCode</con:propertyName>
        <con:assertion type="Simple Equals" name="Equals" id="c065e013-064b-436d-8851-2b680d1d7535">
          <con:configuration>
            <patternObjectId>4be8e934-6360-48b5-b1d4-d4e073ddcaab</patternObjectId>
            <patternProperty>httpCode200</patternProperty>
            <caseSensitive>true</caseSensitive>
          </con:configuration>
        </con:assertion>
      </con:entry>
    </con:config>
  </con:testStep>
  <con:testStep type="transfer" name="Set create user business interaction" id="57b2ef16-b9ef-4a3f-844f-27d57ecf87cb">
    <con:settings/>
    <con:config xsi:type="con:PropertyTransfersStep" xmlns:xsi="http://www.w3.org/2001/XMLSchema-instance">
      <con:transfers setNullOnMissingSource="true" transferTextContent="true" failOnError="true" ignoreEmpty="false" transferToAll="false" entitize="false" transferChildNodes="false">
        <con:name>userId</con:name>
        <con:sourceType>userId</con:sourceType>
        <con:sourceStep>Given properties for the test steps</con:sourceStep>
        <con:sourcePath/>
        <con:targetType>req_userRoleId</con:targetType>
        <con:targetStep>Create user business interaction</con:targetStep>
        <con:targetPath/>
        <con:upgraded>true</con:upgraded>
      </con:transfers>
      <con:transfers setNullOnMissingSource="true" transferTextContent="true" failOnError="true" ignoreEmpty="false" transferToAll="false" entitize="false" transferChildNodes="false">
        <con:name>soId</con:name>
        <con:sourceType>soId</con:sourceType>
        <con:sourceStep>Given properties for the test steps</con:sourceStep>
        <con:targetType>req_soRoleId</con:targetType>
        <con:targetStep>Create user business interaction</con:targetStep>
        <con:upgraded>true</con:upgraded>
      </con:transfers>
      <con:transfers setNullOnMissingSource="true" transferTextContent="true" failOnError="true" ignoreEmpty="false" transferToAll="false" entitize="false" transferChildNodes="false">
        <con:name>biSpecCode</con:name>
        <con:sourceType>biSpec</con:sourceType>
        <con:sourceStep>Given properties for the test steps</con:sourceStep>
        <con:targetType>req_biSpecCode</con:targetType>
        <con:targetStep>Create user business interaction</con:targetStep>
        <con:upgraded>true</con:upgraded>
      </con:transfers>
    </con:config>
  </con:testStep>
  <con:testStep type="calltestcase" name="Create user business interaction" id="9c144d10-1b31-4766-b389-067aa102b2b2">
    <con:settings/>
    <con:config xsi:type="con:RunTestCaseStep" xmlns:xsi="http://www.w3.org/2001/XMLSchema-instance">
      <con:targetTestCase>080f0d17-75de-4298-b319-a299dc83bbba</con:targetTestCase>
      <con:properties>
        <con:property>
          <con:name>req_userRoleId</con:name>
          <con:value>25</con:value>
        </con:property>
        <con:property>
          <con:name>req_soRoleId</con:name>
          <con:value>23</con:value>
        </con:property>
        <con:property>
          <con:name>req_biSpecCode</con:name>
          <con:value>USERCREATEBISPEC</con:value>
        </con:property>
        <con:property>
          <con:name>res_biId</con:name>
          <con:value>461</con:value>
        </con:property>
        <con:property>
          <con:name>res_code</con:name>
          <con:value xsi:nil="true"/>
        </con:property>
        <con:property>
          <con:name>res_errorMessage</con:name>
          <con:value xsi:nil="true"/>
        </con:property>
        <con:property>
          <con:name>res_httpCode</con:name>
          <con:value>201</con:value>
        </con:property>
      </con:properties>
      <con:returnProperties>
        <con:entry>res_biId</con:entry>
        <con:entry>res_code</con:entry>
        <con:entry>res_errorMessage</con:entry>
        <con:entry>res_httpCode</con:entry>
      </con:returnProperties>
      <con:runMode>PARALLELL</con:runMode>
    </con:config>
  </con:testStep>
  <con:testStep type="assertionteststep" name="Assertion create user business interaction" id="3b5975a5-72af-4ce5-94a2-3501df825563">
    <con:settings/>
    <con:config xsi:type="con:AssertionTestStep" xmlns:xsi="http://www.w3.org/2001/XMLSchema-instance">
      <con:entry>
        <con:id>9512c31b-d142-4066-a55a-06dda988d53e</con:id>
        <con:isGroup>false</con:isGroup>
        <con:sourceId>9c144d10-1b31-4766-b389-067aa102b2b2</con:sourceId>
        <con:propertyName>res_httpCode</con:propertyName>
        <con:assertion type="Simple Equals" name="Equals" id="7189097f-864b-4274-8ac9-c38cf9403e7d">
          <con:configuration>
            <patternObjectId>4be8e934-6360-48b5-b1d4-d4e073ddcaab</patternObjectId>
            <patternProperty>httpCode201</patternProperty>
            <caseSensitive>true</caseSensitive>
          </con:configuration>
        </con:assertion>
      </con:entry>
      <con:entry>
        <con:id>69bca2d3-4d9c-4240-b226-65b97cc60405</con:id>
        <con:isGroup>false</con:isGroup>
        <con:sourceId>9c144d10-1b31-4766-b389-067aa102b2b2</con:sourceId>
        <con:propertyName>res_biId</con:propertyName>
        <con:assertion type="Simple Contains" name="Contains" id="4abbe382-4154-493f-a1f6-517c77cde63c">
          <con:configuration>
            <token>\d+</token>
            <ignoreCase>false</ignoreCase>
            <useRegEx>true</useRegEx>
          </con:configuration>
        </con:assertion>
      </con:entry>
    </con:config>
  </con:testStep>
  <con:testStep type="transfer" name="Set cancel bi with body" id="522b7813-23f8-411c-bfc8-bee7eb361c7a">
    <con:settings/>
    <con:config xsi:type="con:PropertyTransfersStep" xmlns:xsi="http://www.w3.org/2001/XMLSchema-instance">
      <con:transfers setNullOnMissingSource="true" transferTextContent="true" failOnError="true" ignoreEmpty="false" transferToAll="false" entitize="false" transferChildNodes="false">
        <con:name>biId</con:name>
        <con:sourceType>res_biId</con:sourceType>
        <con:sourceStep>Create user business interaction</con:sourceStep>
        <con:sourcePath/>
        <con:targetType>req_biId</con:targetType>
        <con:targetStep>Cancel bi with body</con:targetStep>
        <con:targetPath/>
        <con:upgraded>true</con:upgraded>
      </con:transfers>
    </con:config>
  </con:testStep>
  <con:testStep type="calltestcase" name="Cancel bi with body" id="5e381aee-bfa9-4597-8cfa-f4036018e1bd">
    <con:settings/>
    <con:config xsi:type="con:RunTestCaseStep" xmlns:xsi="http://www.w3.org/2001/XMLSchema-instance">
      <con:targetTestCase>760c0c31-1186-42ad-b9e5-e0873037e24b</con:targetTestCase>
      <con:properties>
        <con:property>
          <con:name>req_biId</con:name>
          <con:value>461</con:value>
        </con:property>
        <con:property>
          <con:name>res_biId</con:name>
          <con:value>461</con:value>
        </con:property>
        <con:property>
          <con:name>res_code</con:name>
          <con:value xsi:nil="true"/>
        </con:property>
        <con:property>
          <con:name>res_errorMessage</con:name>
          <con:value xsi:nil="true"/>
        </con:property>
        <con:property>
          <con:name>res_httpCode</con:name>
          <con:value>200</con:value>
        </con:property>
      </con:properties>
      <con:returnProperties>
        <con:entry>res_biId</con:entry>
        <con:entry>res_code</con:entry>
        <con:entry>res_errorMessage</con:entry>
        <con:entry>res_httpCode</con:entry>
      </con:returnProperties>
      <con:runMode>PARALLELL</con:runMode>
    </con:config>
  </con:testStep>
  <con:testStep type="assertionteststep" name="Assertion cancel bi with body" id="e4d8aa9b-eea4-4725-b21b-7411b9b1a714">
    <con:settings/>
    <con:config xsi:type="con:AssertionTestStep" xmlns:xsi="http://www.w3.org/2001/XMLSchema-instance">
      <con:entry>
        <con:id>f4a7f215-3dc5-474f-8ace-657d9b6316be</con:id>
        <con:isGroup>false</con:isGroup>
        <con:sourceId>5e381aee-bfa9-4597-8cfa-f4036018e1bd</con:sourceId>
        <con:propertyName>res_httpCode</con:propertyName>
        <con:assertion type="Simple Equals" name="Equals" id="6e91ea2f-df7a-4259-a91d-79699518120f">
          <con:configuration>
            <patternObjectId>4be8e934-6360-48b5-b1d4-d4e073ddcaab</patternObjectId>
            <patternProperty>httpCode200</patternProperty>
            <caseSensitive>true</caseSensitive>
          </con:configuration>
        </con:assertion>
      </con:entry>
      <con:entry>
        <con:id>6fd0c827-b492-4b47-86a8-6319684532d4</con:id>
        <con:isGroup>false</con:isGroup>
        <con:sourceId>5e381aee-bfa9-4597-8cfa-f4036018e1bd</con:sourceId>
        <con:propertyName>res_biId</con:propertyName>
        <con:assertion type="Simple Equals" name="Equals 2" id="fdcc74e1-bbb1-4b0c-9b15-13b5463645f8">
          <con:configuration>
            <patternObjectId>5e381aee-bfa9-4597-8cfa-f4036018e1bd</patternObjectId>
            <patternProperty>req_biId</patternProperty>
            <caseSensitive>true</caseSensitive>
          </con:configuration>
        </con:assertion>
      </con:entry>
    </con:config>
  </con:testStep>
  <con:testStep type="transfer" name="Set bi id to add item 2" id="354b5cfd-9cb7-4550-a79b-721e25935e89">
    <con:settings/>
    <con:config xsi:type="con:PropertyTransfersStep" xmlns:xsi="http://www.w3.org/2001/XMLSchema-instance">
      <con:transfers setNullOnMissingSource="true" transferTextContent="true" failOnError="true" ignoreEmpty="false" transferToAll="false" entitize="false" transferChildNodes="false">
        <con:name>biId</con:name>
        <con:sourceType>res_biId</con:sourceType>
        <con:sourceStep>Create draft user create business interaction</con:sourceStep>
        <con:sourcePath/>
        <con:targetType>req_biId</con:targetType>
        <con:targetStep>Add item to bi which is canceled</con:targetStep>
        <con:targetPath/>
        <con:upgraded>true</con:upgraded>
      </con:transfers>
      <con:transfers setNullOnMissingSource="true" transferTextContent="true" failOnError="true" ignoreEmpty="false" transferToAll="false" entitize="false" transferChildNodes="false">
        <con:name>name</con:name>
        <con:sourceType>name</con:sourceType>
        <con:sourceStep>Given properties for the test steps</con:sourceStep>
        <con:targetType>req_name</con:targetType>
        <con:targetStep>Add item to bi which is canceled</con:targetStep>
        <con:upgraded>true</con:upgraded>
      </con:transfers>
      <con:transfers setNullOnMissingSource="true" transferTextContent="true" failOnError="true" ignoreEmpty="false" transferToAll="false" entitize="false" transferChildNodes="false">
        <con:name>externalId</con:name>
        <con:sourceType>externalId</con:sourceType>
        <con:sourceStep>Given properties for the test steps</con:sourceStep>
        <con:targetType>req_externalId</con:targetType>
        <con:targetStep>Add item to bi which is canceled</con:targetStep>
        <con:upgraded>true</con:upgraded>
      </con:transfers>
      <con:transfers setNullOnMissingSource="true" transferTextContent="true" failOnError="true" ignoreEmpty="false" transferToAll="false" entitize="false" transferChildNodes="false">
        <con:name>userRoleSpecId</con:name>
        <con:sourceType>res_id</con:sourceType>
        <con:sourceStep>Create user role spec</con:sourceStep>
        <con:targetType>req_userRoleSpecId</con:targetType>
        <con:targetStep>Add item to bi which is canceled</con:targetStep>
        <con:upgraded>true</con:upgraded>
      </con:transfers>
      <con:transfers setNullOnMissingSource="true" transferTextContent="true" failOnError="true" ignoreEmpty="false" transferToAll="false" entitize="false" transferChildNodes="false">
        <con:name>soRoleId</con:name>
        <con:sourceType>soId</con:sourceType>
        <con:sourceStep>Given properties for the test steps</con:sourceStep>
        <con:targetType>req_soRoleId</con:targetType>
        <con:targetStep>Add item to bi which is canceled</con:targetStep>
        <con:upgraded>true</con:upgraded>
      </con:transfers>
      <con:transfers setNullOnMissingSource="true" transferTextContent="true" failOnError="true" ignoreEmpty="false" transferToAll="false" entitize="false" transferChildNodes="false">
        <con:name>forceToUseSession</con:name>
        <con:sourceType>false</con:sourceType>
        <con:sourceStep>Given properties for the test steps</con:sourceStep>
        <con:targetType>req_forceToUseSession</con:targetType>
        <con:targetStep>Add item to bi which is canceled</con:targetStep>
        <con:upgraded>true</con:upgraded>
      </con:transfers>
      <con:transfers setNullOnMissingSource="true" transferTextContent="true" failOnError="true" ignoreEmpty="false" transferToAll="false" entitize="false" transferChildNodes="false">
        <con:name>indFirstname</con:name>
        <con:sourceType>indFirstname</con:sourceType>
        <con:sourceStep>Given properties for the test steps</con:sourceStep>
        <con:targetType>req_indFirstName</con:targetType>
        <con:targetStep>Add item to bi which is canceled</con:targetStep>
        <con:upgraded>true</con:upgraded>
      </con:transfers>
      <con:transfers setNullOnMissingSource="true" transferTextContent="true" failOnError="true" ignoreEmpty="false" transferToAll="false" entitize="false" transferChildNodes="false">
        <con:name>indLastname</con:name>
        <con:sourceType>indLastname</con:sourceType>
        <con:sourceStep>Given properties for the test steps</con:sourceStep>
        <con:targetType>req_indLastName</con:targetType>
        <con:targetStep>Add item to bi which is canceled</con:targetStep>
        <con:upgraded>true</con:upgraded>
      </con:transfers>
      <con:transfers setNullOnMissingSource="true" transferTextContent="true" failOnError="true" ignoreEmpty="false" transferToAll="false" entitize="false" transferChildNodes="false">
        <con:name>indName</con:name>
        <con:sourceType>indName</con:sourceType>
        <con:sourceStep>Given properties for the test steps</con:sourceStep>
        <con:targetType>req_indName</con:targetType>
        <con:targetStep>Add item to bi which is canceled</con:targetStep>
        <con:upgraded>true</con:upgraded>
      </con:transfers>
    </con:config>
  </con:testStep>
  <con:testStep type="calltestcase" name="Add item to bi which is canceled" id="1b9a5960-3b0e-4954-a40f-b749c644b624">
    <con:settings/>
    <con:config xsi:type="con:RunTestCaseStep" xmlns:xsi="http://www.w3.org/2001/XMLSchema-instance">
      <con:targetTestCase>82436617-bc41-4ae8-a2b5-d31a80ed4e9b</con:targetTestCase>
      <con:properties>
        <con:property>
          <con:name>req_biId</con:name>
          <con:value>451</con:value>
        </con:property>
        <con:property>
          <con:name>req_name</con:name>
          <con:value>Roberto Baggio</con:value>
        </con:property>
        <con:property>
          <con:name>req_externalId</con:name>
          <con:value>robert.baggio${=java.util.UUID.randomUUID()}</con:value>
        </con:property>
        <con:property>
          <con:name>req_userRoleSpecId</con:name>
          <con:value>24</con:value>
        </con:property>
        <con:property>
          <con:name>req_soRoleId</con:name>
          <con:value>23</con:value>
        </con:property>
        <con:property>
          <con:name>res_externalId</con:name>
          <con:value xsi:nil="true"/>
        </con:property>
        <con:property>
          <con:name>req_indFirstName</con:name>
          <con:value>Roberto</con:value>
        </con:property>
        <con:property>
          <con:name>req_indLastName</con:name>
          <con:value>Baggio</con:value>
        </con:property>
        <con:property>
          <con:name>req_indName</con:name>
          <con:value>Roberto Baggio</con:value>
        </con:property>
        <con:property>
          <con:name>res_id</con:name>
          <con:value xsi:nil="true"/>
        </con:property>
        <con:property>
          <con:name>res_code</con:name>
          <con:value>INVALID_STATE_OPERATION</con:value>
        </con:property>
        <con:property>
          <con:name>res_errorMessage</con:name>
          <con:value>INVALID_STATE_OPERATION</con:value>
        </con:property>
        <con:property>
          <con:name>req_forceToUseSession</con:name>
          <con:value>false</con:value>
        </con:property>
        <con:property>
          <con:name>res_httpCode</con:name>
          <con:value>400</con:value>
        </con:property>
      </con:properties>
      <con:returnProperties>
        <con:entry>res_id</con:entry>
        <con:entry>res_code</con:entry>
        <con:entry>res_errorMessage</con:entry>
        <con:entry>res_httpCode</con:entry>
      </con:returnProperties>
      <con:runMode>PARALLELL</con:runMode>
    </con:config>
  </con:testStep>
  <con:testStep type="assertionteststep" name="Assert bi item is not canceled which is already closed" id="3ddb30e6-2032-41ce-8bbf-6171689b3e31">
    <con:settings/>
    <con:config xsi:type="con:AssertionTestStep" xmlns:xsi="http://www.w3.org/2001/XMLSchema-instance">
      <con:entry>
        <con:id>36bd78c1-d57e-4b5a-9aae-d89d4c4a27f2</con:id>
        <con:isGroup>false</con:isGroup>
        <con:sourceId>1b9a5960-3b0e-4954-a40f-b749c644b624</con:sourceId>
        <con:propertyName>res_errorMessage</con:propertyName>
        <con:assertion type="Simple Equals" name="Equals" id="f5a22be8-00b8-44b8-8a89-c876b831e8b8">
          <con:configuration>
            <patternObjectId>4be8e934-6360-48b5-b1d4-d4e073ddcaab</patternObjectId>
            <patternProperty>erroMessageInvalidState</patternProperty>
            <caseSensitive>true</caseSensitive>
          </con:configuration>
        </con:assertion>
      </con:entry>
      <con:entry>
        <con:id>b99de7f6-1539-442c-988f-e1b429c91319</con:id>
        <con:isGroup>false</con:isGroup>
        <con:sourceId>1b9a5960-3b0e-4954-a40f-b749c644b624</con:sourceId>
        <con:propertyName>res_httpCode</con:propertyName>
        <con:assertion type="Simple Equals" name="Equals 2" id="4f9464c7-6eb5-45e0-925e-53287b20c5a7">
          <con:configuration>
            <patternObjectId>4be8e934-6360-48b5-b1d4-d4e073ddcaab</patternObjectId>
            <patternProperty>httpCode400</patternProperty>
            <caseSensitive>true</caseSensitive>
          </con:configuration>
        </con:assertion>
      </con:entry>
    </con:config>
  </con:testStep>
  <con:testStep type="transfer" name="Set Create user business interaction for cancelled status" id="6c343e53-cb4f-44f2-bff6-0c418b1f9abf">
    <con:settings/>
    <con:config xsi:type="con:PropertyTransfersStep" xmlns:xsi="http://www.w3.org/2001/XMLSchema-instance">
      <con:transfers setNullOnMissingSource="true" transferTextContent="true" failOnError="true" ignoreEmpty="false" transferToAll="false" entitize="false" transferChildNodes="false">
        <con:name>userId</con:name>
        <con:sourceType>userId</con:sourceType>
        <con:sourceStep>Given properties for the test steps</con:sourceStep>
        <con:sourcePath/>
        <con:targetType>req_userRoleId</con:targetType>
        <con:targetStep>Create user business interaction for cancelled status</con:targetStep>
        <con:targetPath/>
        <con:upgraded>true</con:upgraded>
      </con:transfers>
      <con:transfers setNullOnMissingSource="true" transferTextContent="true" failOnError="true" ignoreEmpty="false" transferToAll="false" entitize="false" transferChildNodes="false">
        <con:name>soId</con:name>
        <con:sourceType>soId</con:sourceType>
        <con:sourceStep>Given properties for the test steps</con:sourceStep>
        <con:targetType>req_soRoleId</con:targetType>
        <con:targetStep>Create user business interaction for cancelled status</con:targetStep>
        <con:upgraded>true</con:upgraded>
      </con:transfers>
      <con:transfers setNullOnMissingSource="true" transferTextContent="true" failOnError="true" ignoreEmpty="false" transferToAll="false" entitize="false" transferChildNodes="false">
        <con:name>biSpecCode</con:name>
        <con:sourceType>biSpec</con:sourceType>
        <con:sourceStep>Given properties for the test steps</con:sourceStep>
        <con:targetType>req_biSpecCode</con:targetType>
        <con:targetStep>Create user business interaction for cancelled status</con:targetStep>
        <con:upgraded>true</con:upgraded>
      </con:transfers>
    </con:config>
  </con:testStep>
  <con:testStep type="calltestcase" name="Create user business interaction for cancelled status" id="fcda0ff3-c96a-477a-94c9-e0e4a69b48f3">
    <con:settings/>
    <con:config xsi:type="con:RunTestCaseStep" xmlns:xsi="http://www.w3.org/2001/XMLSchema-instance">
      <con:targetTestCase>080f0d17-75de-4298-b319-a299dc83bbba</con:targetTestCase>
      <con:properties>
        <con:property>
          <con:name>req_userRoleId</con:name>
          <con:value>25</con:value>
        </con:property>
        <con:property>
          <con:name>req_soRoleId</con:name>
          <con:value>23</con:value>
        </con:property>
        <con:property>
          <con:name>req_biSpecCode</con:name>
          <con:value>USERCREATEBISPEC</con:value>
        </con:property>
        <con:property>
          <con:name>res_biId</con:name>
          <con:value>471</con:value>
        </con:property>
        <con:property>
          <con:name>res_code</con:name>
          <con:value xsi:nil="true"/>
        </con:property>
        <con:property>
          <con:name>res_errorMessage</con:name>
          <con:value xsi:nil="true"/>
        </con:property>
        <con:property>
          <con:name>res_httpCode</con:name>
          <con:value>201</con:value>
        </con:property>
      </con:properties>
      <con:returnProperties>
        <con:entry>res_biId</con:entry>
        <con:entry>res_code</con:entry>
        <con:entry>res_errorMessage</con:entry>
        <con:entry>res_httpCode</con:entry>
      </con:returnProperties>
      <con:runMode>PARALLELL</con:runMode>
    </con:config>
  </con:testStep>
  <con:testStep type="assertionteststep" name="Assert bi is created for cancelled status" id="70ae4d45-ae81-43b0-8246-f2110824f443">
    <con:settings/>
    <con:config xsi:type="con:AssertionTestStep" xmlns:xsi="http://www.w3.org/2001/XMLSchema-instance">
      <con:entry>
        <con:id>aec1738a-36b2-4e71-90cc-d5014af13079</con:id>
        <con:isGroup>false</con:isGroup>
        <con:sourceId>fcda0ff3-c96a-477a-94c9-e0e4a69b48f3</con:sourceId>
        <con:propertyName>res_biId</con:propertyName>
        <con:assertion type="Simple Contains" name="Contains" id="03091358-70f0-49d2-bd27-afd08e8c4154">
          <con:configuration>
            <token>\d+</token>
            <ignoreCase>false</ignoreCase>
            <useRegEx>true</useRegEx>
          </con:configuration>
        </con:assertion>
      </con:entry>
      <con:entry>
        <con:id>5182201b-337c-4910-8719-cb822306a464</con:id>
        <con:isGroup>false</con:isGroup>
        <con:sourceId>fcda0ff3-c96a-477a-94c9-e0e4a69b48f3</con:sourceId>
        <con:propertyName>res_httpCode</con:propertyName>
        <con:assertion type="Simple Equals" name="Equals" id="cb4b08a0-a2b7-4d16-bbb9-995d998c1b4a">
          <con:configuration>
            <patternObjectId>4be8e934-6360-48b5-b1d4-d4e073ddcaab</patternObjectId>
            <patternProperty>httpCode201</patternProperty>
            <caseSensitive>true</caseSensitive>
          </con:configuration>
        </con:assertion>
      </con:entry>
    </con:config>
  </con:testStep>
  <con:testStep type="transfer" name="Set bi id to add item for cancelled status" id="5bf63fc9-c2c0-46d5-9c1c-3d2cafe1decb">
    <con:settings/>
    <con:config xsi:type="con:PropertyTransfersStep" xmlns:xsi="http://www.w3.org/2001/XMLSchema-instance">
      <con:transfers setNullOnMissingSource="true" transferTextContent="true" failOnError="true" ignoreEmpty="false" transferToAll="false" entitize="false" transferChildNodes="false">
        <con:name>biId</con:name>
        <con:sourceType>res_biId</con:sourceType>
        <con:sourceStep>Create user business interaction for cancelled status</con:sourceStep>
        <con:sourcePath/>
        <con:targetType>req_biId</con:targetType>
        <con:targetStep>Add item to bi for cancelled status</con:targetStep>
        <con:targetPath/>
        <con:upgraded>true</con:upgraded>
      </con:transfers>
      <con:transfers setNullOnMissingSource="true" transferTextContent="true" failOnError="true" ignoreEmpty="false" transferToAll="false" entitize="false" transferChildNodes="false">
        <con:name>name</con:name>
        <con:sourceType>name</con:sourceType>
        <con:sourceStep>Given properties for the test steps</con:sourceStep>
        <con:targetType>req_name</con:targetType>
        <con:targetStep>Add item to bi for cancelled status</con:targetStep>
        <con:upgraded>true</con:upgraded>
      </con:transfers>
      <con:transfers setNullOnMissingSource="true" transferTextContent="true" failOnError="true" ignoreEmpty="false" transferToAll="false" entitize="false" transferChildNodes="false">
        <con:name>externalId</con:name>
        <con:sourceType>externalId</con:sourceType>
        <con:sourceStep>Given properties for the test steps</con:sourceStep>
        <con:targetType>req_externalId</con:targetType>
        <con:targetStep>Add item to bi for cancelled status</con:targetStep>
        <con:upgraded>true</con:upgraded>
      </con:transfers>
      <con:transfers setNullOnMissingSource="true" transferTextContent="true" failOnError="true" ignoreEmpty="false" transferToAll="false" entitize="false" transferChildNodes="false">
        <con:name>userRoleSpecId</con:name>
        <con:sourceType>res_id</con:sourceType>
        <con:sourceStep>Create user role spec</con:sourceStep>
        <con:targetType>req_userRoleSpecId</con:targetType>
        <con:targetStep>Add item to bi for cancelled status</con:targetStep>
        <con:upgraded>true</con:upgraded>
      </con:transfers>
      <con:transfers setNullOnMissingSource="true" transferTextContent="true" failOnError="true" ignoreEmpty="false" transferToAll="false" entitize="false" transferChildNodes="false">
        <con:name>soRoleId</con:name>
        <con:sourceType>soId</con:sourceType>
        <con:sourceStep>Given properties for the test steps</con:sourceStep>
        <con:targetType>req_soRoleId</con:targetType>
        <con:targetStep>Add item to bi for cancelled status</con:targetStep>
        <con:upgraded>true</con:upgraded>
      </con:transfers>
      <con:transfers setNullOnMissingSource="true" transferTextContent="true" failOnError="true" ignoreEmpty="false" transferToAll="false" entitize="false" transferChildNodes="false">
        <con:name>forceToUseSession</con:name>
        <con:sourceType>false</con:sourceType>
        <con:sourceStep>Given properties for the test steps</con:sourceStep>
        <con:targetType>req_forceToUseSession</con:targetType>
        <con:targetStep>Add item to bi for cancelled status</con:targetStep>
        <con:upgraded>true</con:upgraded>
      </con:transfers>
      <con:transfers setNullOnMissingSource="true" transferTextContent="true" failOnError="true" ignoreEmpty="false" transferToAll="false" entitize="false" transferChildNodes="false">
        <con:name>indFirstname</con:name>
        <con:sourceType>indFirstname</con:sourceType>
        <con:sourceStep>Given properties for the test steps</con:sourceStep>
        <con:targetType>req_indFirstName</con:targetType>
        <con:targetStep>Add item to bi for cancelled status</con:targetStep>
        <con:upgraded>true</con:upgraded>
      </con:transfers>
      <con:transfers setNullOnMissingSource="true" transferTextContent="true" failOnError="true" ignoreEmpty="false" transferToAll="false" entitize="false" transferChildNodes="false">
        <con:name>indName</con:name>
        <con:sourceType>indName</con:sourceType>
        <con:sourceStep>Given properties for the test steps</con:sourceStep>
        <con:targetType>req_indName</con:targetType>
        <con:targetStep>Add item to bi for cancelled status</con:targetStep>
        <con:upgraded>true</con:upgraded>
      </con:transfers>
      <con:transfers setNullOnMissingSource="true" transferTextContent="true" failOnError="true" ignoreEmpty="false" transferToAll="false" entitize="false" transferChildNodes="false">
        <con:name>indLastname</con:name>
        <con:sourceType>indLastname</con:sourceType>
        <con:sourceStep>Given properties for the test steps</con:sourceStep>
        <con:targetType>req_indLastName</con:targetType>
        <con:targetStep>Add item to bi for cancelled status</con:targetStep>
        <con:upgraded>true</con:upgraded>
      </con:transfers>
    </con:config>
  </con:testStep>
  <con:testStep type="calltestcase" name="Add item to bi for cancelled status" id="cfbfb4a1-7fa0-499e-8f33-50f1dd4db158">
    <con:settings/>
    <con:config xsi:type="con:RunTestCaseStep" xmlns:xsi="http://www.w3.org/2001/XMLSchema-instance">
      <con:targetTestCase>82436617-bc41-4ae8-a2b5-d31a80ed4e9b</con:targetTestCase>
      <con:properties>
        <con:property>
          <con:name>req_biId</con:name>
          <con:value>471</con:value>
        </con:property>
        <con:property>
          <con:name>req_name</con:name>
          <con:value>Roberto Baggio</con:value>
        </con:property>
        <con:property>
          <con:name>req_externalId</con:name>
          <con:value>robert.baggio${=java.util.UUID.randomUUID()}</con:value>
        </con:property>
        <con:property>
          <con:name>req_userRoleSpecId</con:name>
          <con:value>24</con:value>
        </con:property>
        <con:property>
          <con:name>req_soRoleId</con:name>
          <con:value>23</con:value>
        </con:property>
        <con:property>
          <con:name>req_indFirstName</con:name>
          <con:value>Roberto</con:value>
        </con:property>
        <con:property>
          <con:name>req_indLastName</con:name>
          <con:value>Baggio</con:value>
        </con:property>
        <con:property>
          <con:name>req_indName</con:name>
          <con:value>Roberto Baggio</con:value>
        </con:property>
        <con:property>
          <con:name>res_id</con:name>
          <con:value>232</con:value>
        </con:property>
        <con:property>
          <con:name>res_code</con:name>
          <con:value xsi:nil="true"/>
        </con:property>
        <con:property>
          <con:name>res_errorMessage</con:name>
          <con:value xsi:nil="true"/>
        </con:property>
        <con:property>
          <con:name>req_forceToUseSession</con:name>
          <con:value>false</con:value>
        </con:property>
        <con:property>
          <con:name>res_externalId</con:name>
        </con:property>
        <con:property>
          <con:name>res_httpCode</con:name>
          <con:value>201</con:value>
        </con:property>
      </con:properties>
      <con:returnProperties>
        <con:entry>res_id</con:entry>
        <con:entry>res_code</con:entry>
        <con:entry>res_errorMessage</con:entry>
        <con:entry>res_httpCode</con:entry>
      </con:returnProperties>
      <con:runMode>PARALLELL</con:runMode>
    </con:config>
  </con:testStep>
  <con:testStep type="assertionteststep" name="Assert bi item is added successfully for cancelled status" id="a321a91b-9e66-46af-bd5b-6444eb9fb6ce">
    <con:settings/>
    <con:config xsi:type="con:AssertionTestStep" xmlns:xsi="http://www.w3.org/2001/XMLSchema-instance">
      <con:entry>
        <con:id>91e80517-8450-4a5c-bc52-de6a6a0e0c9e</con:id>
        <con:isGroup>false</con:isGroup>
        <con:sourceId>cfbfb4a1-7fa0-499e-8f33-50f1dd4db158</con:sourceId>
        <con:propertyName>res_id</con:propertyName>
        <con:assertion type="Simple Contains" name="Contains" id="e46b3150-7554-4123-b593-3555d4828785">
          <con:configuration>
            <token>\d+</token>
            <ignoreCase>false</ignoreCase>
            <useRegEx>true</useRegEx>
          </con:configuration>
        </con:assertion>
      </con:entry>
      <con:entry>
        <con:id>988b875c-837c-47a1-aa23-973834542e30</con:id>
        <con:isGroup>false</con:isGroup>
        <con:sourceId>cfbfb4a1-7fa0-499e-8f33-50f1dd4db158</con:sourceId>
        <con:propertyName>res_httpCode</con:propertyName>
        <con:assertion type="Simple Equals" name="Equals 2" id="f67b0e73-ef42-4ea4-8c43-32386e178549">
          <con:configuration>
            <patternObjectId>4be8e934-6360-48b5-b1d4-d4e073ddcaab</patternObjectId>
            <patternProperty>httpCode201</patternProperty>
            <caseSensitive>true</caseSensitive>
          </con:configuration>
        </con:assertion>
      </con:entry>
    </con:config>
  </con:testStep>
  <con:testStep type="transfer" name="Set bi id to cancel for cancelled status" id="3c7cfac7-2b2f-4ed5-bf07-57a460ed952c">
    <con:settings/>
    <con:config xsi:type="con:PropertyTransfersStep" xmlns:xsi="http://www.w3.org/2001/XMLSchema-instance">
      <con:transfers setNullOnMissingSource="true" transferTextContent="true" failOnError="true" ignoreEmpty="false" transferToAll="false" entitize="false" transferChildNodes="false">
        <con:name>biId</con:name>
        <con:sourceType>res_biId</con:sourceType>
        <con:sourceStep>Create user business interaction for cancelled status</con:sourceStep>
        <con:sourcePath/>
        <con:targetType>req_biId</con:targetType>
        <con:targetStep>Cancel create user bi for cancelled status</con:targetStep>
        <con:targetPath/>
        <con:upgraded>true</con:upgraded>
      </con:transfers>
    </con:config>
  </con:testStep>
  <con:testStep type="calltestcase" name="Cancel create user bi for cancelled status" id="e6318141-ef9c-4816-8590-627c5ee9d972">
    <con:settings/>
    <con:config xsi:type="con:RunTestCaseStep" xmlns:xsi="http://www.w3.org/2001/XMLSchema-instance">
      <con:targetTestCase>6c944aaf-59b8-49b5-bc25-b843a34cdd0f</con:targetTestCase>
      <con:properties>
        <con:property>
          <con:name>req_biId</con:name>
          <con:value>471</con:value>
        </con:property>
        <con:property>
          <con:name>res_biId</con:name>
          <con:value>471</con:value>
        </con:property>
        <con:property>
          <con:name>res_code</con:name>
          <con:value xsi:nil="true"/>
        </con:property>
        <con:property>
          <con:name>res_errorMessage</con:name>
          <con:value xsi:nil="true"/>
        </con:property>
        <con:property>
          <con:name>res_httpCode</con:name>
          <con:value>200</con:value>
        </con:property>
      </con:properties>
      <con:returnProperties>
        <con:entry>res_biId</con:entry>
        <con:entry>res_code</con:entry>
        <con:entry>res_errorMessage</con:entry>
        <con:entry>res_httpCode</con:entry>
      </con:returnProperties>
      <con:runMode>PARALLELL</con:runMode>
    </con:config>
  </con:testStep>
  <con:testStep type="assertionteststep" name="Assert cancel create user bi for cancelled status" id="dd635494-e2dd-4d3e-9e2e-44f971b98def">
    <con:settings/>
    <con:config xsi:type="con:AssertionTestStep" xmlns:xsi="http://www.w3.org/2001/XMLSchema-instance">
      <con:entry>
        <con:id>1b6062bd-440b-4a76-95c2-7c5a5ea561dd</con:id>
        <con:isGroup>false</con:isGroup>
        <con:sourceId>e6318141-ef9c-4816-8590-627c5ee9d972</con:sourceId>
        <con:propertyName>res_biId</con:propertyName>
        <con:assertion type="Simple Contains" name="Contains" id="a27fe356-bf12-4812-a891-aab6f6b941f2">
          <con:configuration>
            <token>\d+</token>
            <ignoreCase>false</ignoreCase>
            <useRegEx>true</useRegEx>
          </con:configuration>
        </con:assertion>
      </con:entry>
      <con:entry>
        <con:id>47770869-0af9-4446-a5f6-299719066bf0</con:id>
        <con:isGroup>false</con:isGroup>
        <con:sourceId>e6318141-ef9c-4816-8590-627c5ee9d972</con:sourceId>
        <con:propertyName>res_httpCode</con:propertyName>
        <con:assertion type="Simple Equals" name="Equals" id="282870b6-c787-4966-9a2b-fed9679ed4b6">
          <con:configuration>
            <patternObjectId>4be8e934-6360-48b5-b1d4-d4e073ddcaab</patternObjectId>
            <patternProperty>httpCode200</patternProperty>
            <caseSensitive>true</caseSensitive>
          </con:configuration>
        </con:assertion>
      </con:entry>
    </con:config>
  </con:testStep>
  <con:testStep type="transfer" name="Set bi id to retrieve single bi for cancelled status" id="e5bd0c23-2f82-442c-9914-02b4baa0cf0f">
    <con:settings/>
    <con:config xsi:type="con:PropertyTransfersStep" xmlns:xsi="http://www.w3.org/2001/XMLSchema-instance">
      <con:transfers setNullOnMissingSource="true" transferTextContent="true" failOnError="true" ignoreEmpty="false" transferToAll="false" entitize="false" transferChildNodes="false">
        <con:name>biId</con:name>
        <con:sourceType>res_biId</con:sourceType>
        <con:sourceStep>Create user business interaction for cancelled status</con:sourceStep>
        <con:sourcePath/>
        <con:targetType>req_biId</con:targetType>
        <con:targetStep>Get items of create user bi for cancelled status</con:targetStep>
        <con:targetPath/>
        <con:upgraded>true</con:upgraded>
      </con:transfers>
      <con:transfers setNullOnMissingSource="true" transferTextContent="true" failOnError="true" ignoreEmpty="false" transferToAll="false" entitize="false" transferChildNodes="false">
        <con:name>biId</con:name>
        <con:sourceType>res_biId</con:sourceType>
        <con:sourceStep>Create user business interaction</con:sourceStep>
        <con:targetType>req_biId</con:targetType>
        <con:targetStep>Get business interaction by id for cancelled status</con:targetStep>
        <con:upgraded>true</con:upgraded>
      </con:transfers>
    </con:config>
  </con:testStep>
  <con:testStep type="calltestcase" name="Get items of create user bi for cancelled status" id="d5830b39-3a97-4d22-8e0e-7d2d6bd08f7f">
    <con:settings/>
    <con:config xsi:type="con:RunTestCaseStep" xmlns:xsi="http://www.w3.org/2001/XMLSchema-instance">
      <con:targetTestCase>8cd498db-a877-4fcc-86de-3fef501c8803</con:targetTestCase>
      <con:properties>
        <con:property>
          <con:name>response</con:name>
          <con:value>[{"externalId":"robert.baggiof0acf1fb-2f0c-49bd-9c42-55692b044aae","forceToUseSession":false,"userRoleSpecification":{"name":"usr-role-spec-a692897e-6a59-4611-839a-741d3934cd93","id":"24"},"id":"232"}]</con:value>
        </con:property>
        <con:property>
          <con:name>res_code</con:name>
          <con:value xsi:nil="true"/>
        </con:property>
        <con:property>
          <con:name>res_errorMessage</con:name>
          <con:value xsi:nil="true"/>
        </con:property>
        <con:property>
          <con:name>req_biId</con:name>
          <con:value>471</con:value>
        </con:property>
        <con:property>
          <con:name>res_httpCode</con:name>
          <con:value>200</con:value>
        </con:property>
      </con:properties>
      <con:returnProperties>
        <con:entry>response</con:entry>
        <con:entry>res_code</con:entry>
        <con:entry>res_errorMessage</con:entry>
        <con:entry>res_httpCode</con:entry>
      </con:returnProperties>
      <con:runMode>PARALLELL</con:runMode>
    </con:config>
  </con:testStep>
  <con:testStep type="calltestcase" name="Get business interaction by id for cancelled status" id="35de7ec8-1d93-4d53-88cf-fc3b8c4e37f0">
    <con:settings/>
    <con:config xsi:type="con:RunTestCaseStep" xmlns:xsi="http://www.w3.org/2001/XMLSchema-instance">
      <con:targetTestCase>46001d9d-b7c8-4ccc-91d4-ee9ad8916215</con:targetTestCase>
      <con:properties>
        <con:property>
          <con:name>req_biId</con:name>
          <con:value>461</con:value>
        </con:property>
        <con:property>
          <con:name>res_code</con:name>
          <con:value>USR-461</con:value>
        </con:property>
        <con:property>
          <con:name>res_errorMessage</con:name>
          <con:value xsi:nil="true"/>
        </con:property>
        <con:property>
          <con:name>res_biId</con:name>
          <con:value>461</con:value>
        </con:property>
        <con:property>
          <con:name>res_description</con:name>
          <con:value>User is created at [name-sbad7a0b2-c025-4a6c-979b-0f6e02a10039]</con:value>
        </con:property>
        <con:property>
          <con:name>res_state</con:name>
          <con:value>Cancelled</con:value>
        </con:property>
      </con:properties>
      <con:returnProperties>
        <con:entry>res_biId</con:entry>
        <con:entry>res_code</con:entry>
        <con:entry>res_errorMessage</con:entry>
        <con:entry>res_description</con:entry>
        <con:entry>res_state</con:entry>
      </con:returnProperties>
      <con:runMode>PARALLELL</con:runMode>
    </con:config>
  </con:testStep>
  <con:testStep type="assertionteststep" name="Assert bi is retrieved successfully for cancelled status" id="d65a8c73-81dc-4bfb-b57b-2419f14f7cc4">
    <con:settings/>
    <con:config xsi:type="con:AssertionTestStep" xmlns:xsi="http://www.w3.org/2001/XMLSchema-instance">
      <con:entry>
        <con:id>4daa0ce2-9481-46bd-b8d6-98dec878199b</con:id>
        <con:isGroup>false</con:isGroup>
        <con:sourceId>35de7ec8-1d93-4d53-88cf-fc3b8c4e37f0</con:sourceId>
        <con:propertyName>res_biId</con:propertyName>
        <con:assertion type="Simple Contains" name="Contains" id="9397e626-883a-4167-a8b6-285b2aa060e6">
          <con:configuration>
            <token>\d+</token>
            <ignoreCase>false</ignoreCase>
            <useRegEx>true</useRegEx>
          </con:configuration>
        </con:assertion>
      </con:entry>
      <con:entry>
        <con:id>7652de61-2291-4f7d-8ccf-b4393dc4ef8b</con:id>
        <con:isGroup>false</con:isGroup>
        <con:sourceId>35de7ec8-1d93-4d53-88cf-fc3b8c4e37f0</con:sourceId>
        <con:propertyName>req_biId</con:propertyName>
        <con:assertion type="Simple Equals" name="Equals" id="679e033b-b99c-4b55-8432-bbf9e25b2617">
          <con:configuration>
            <patternObjectId>35de7ec8-1d93-4d53-88cf-fc3b8c4e37f0</patternObjectId>
            <patternProperty>res_biId</patternProperty>
            <caseSensitive>true</caseSensitive>
          </con:configuration>
        </con:assertion>
      </con:entry>
      <con:entry>
        <con:id>4f1c595e-a4fa-4334-b6b3-d30e7ece6722</con:id>
        <con:isGroup>false</con:isGroup>
        <con:sourceId>35de7ec8-1d93-4d53-88cf-fc3b8c4e37f0</con:sourceId>
        <con:propertyName>res_state</con:propertyName>
        <con:assertion type="Simple Equals" name="Equals 2" id="768311d1-b64f-4e15-b183-dbee9d2086f7">
          <con:configuration>
            <patternText>Cancelled</patternText>
            <caseSensitive>true</caseSensitive>
          </con:configuration>
        </con:assertion>
      </con:entry>
      <con:entry>
        <con:id>f0dc3105-d521-4b55-a5ba-632a333d1b18</con:id>
        <con:isGroup>false</con:isGroup>
        <con:sourceId>d5830b39-3a97-4d22-8e0e-7d2d6bd08f7f</con:sourceId>
        <con:propertyName>res_httpCode</con:propertyName>
        <con:assertion type="Simple Equals" name="Equals 3" id="5425700f-dc8d-4d9c-bd6f-31d57f939b99">
          <con:configuration>
            <patternObjectId>4be8e934-6360-48b5-b1d4-d4e073ddcaab</patternObjectId>
            <patternProperty>httpCode200</patternProperty>
            <caseSensitive>true</caseSensitive>
          </con:configuration>
        </con:assertion>
      </con:entry>
      <con:entry>
        <con:id>a590962b-ed9e-42ff-bfba-1bc4bdbbf94f</con:id>
        <con:isGroup>false</con:isGroup>
        <con:sourceId>d5830b39-3a97-4d22-8e0e-7d2d6bd08f7f</con:sourceId>
        <con:propertyName>response</con:propertyName>
        <con:assertion type="Simple Contains" name="Contains 2" id="6c5e8c12-8591-4f99-a035-035b941ad784">
          <con:configuration>
            <token>^(?!\s*$).+</token>
            <ignoreCase>false</ignoreCase>
            <useRegEx>true</useRegEx>
          </con:configuration>
        </con:assertion>
      </con:entry>
    </con:config>
  </con:testStep>
  <con:properties/>
  <con:reportParameters/>
  <con:breakPoints>
    <con:testStepId>2e1d8be0-2c7c-431b-98ec-3b23a60669ad</con:testStepId>
    <con:status>NONE</con:status>
    <con:properties/>
  </con:breakPoints>
  <con:breakPoints>
    <con:testStepId>eb2e267d-61cb-433e-9848-60790d7db241</con:testStepId>
    <con:status>NONE</con:status>
    <con:properties/>
  </con:breakPoints>
  <con:breakPoints>
    <con:testStepId>b3446091-cfbe-43f6-b12c-4b276922a044</con:testStepId>
    <con:status>NONE</con:status>
    <con:properties/>
  </con:breakPoints>
  <con:breakPoints>
    <con:testStepId>c6d094de-a1bd-4dcd-a6d7-49baf71635f7</con:testStepId>
    <con:status>NONE</con:status>
    <con:properties/>
  </con:breakPoints>
  <con:breakPoints>
    <con:testStepId>f1c092d0-1242-4b3b-82dd-932432053c9e</con:testStepId>
    <con:status>NONE</con:status>
    <con:properties/>
  </con:breakPoints>
  <con:breakPoints>
    <con:testStepId>984588f9-0e5d-4bbd-ac96-52fe2d28bdbd</con:testStepId>
    <con:status>NONE</con:status>
    <con:properties/>
  </con:breakPoints>
  <con:breakPoints>
    <con:testStepId>49f6fee4-8c18-413d-99f2-7530f363de56</con:testStepId>
    <con:status>NONE</con:status>
    <con:properties/>
  </con:breakPoints>
  <con:breakPoints>
    <con:testStepId>09f81a85-e746-4ada-87ae-b79100d3911a</con:testStepId>
    <con:status>NONE</con:status>
    <con:properties/>
  </con:breakPoints>
  <con:breakPoints>
    <con:testStepId>31156bec-973b-48a4-9ac9-efa699f0da4a</con:testStepId>
    <con:status>NONE</con:status>
    <con:properties/>
  </con:breakPoints>
  <con:breakPoints>
    <con:testStepId>d51b7b64-4fae-4758-b2a1-2231796aded1</con:testStepId>
    <con:status>NONE</con:status>
    <con:properties/>
  </con:breakPoints>
  <con:breakPoints>
    <con:testStepId>1aaed48b-3975-4635-95d1-58bdcb234722</con:testStepId>
    <con:status>NONE</con:status>
    <con:properties/>
  </con:breakPoints>
  <con:breakPoints>
    <con:testStepId>48da5b95-3ade-4e14-86ac-427f5d8eb5f3</con:testStepId>
    <con:status>NONE</con:status>
    <con:properties/>
  </con:breakPoints>
  <con:breakPoints>
    <con:testStepId>e84084a7-1ce4-4b9d-8978-25eb54d94623</con:testStepId>
    <con:status>NONE</con:status>
    <con:properties/>
  </con:breakPoints>
  <con:breakPoints>
    <con:testStepId>c30628e9-e305-4146-8c3f-456b8c6dc5f4</con:testStepId>
    <con:status>NONE</con:status>
    <con:properties/>
  </con:breakPoints>
  <con:breakPoints>
    <con:testStepId>035bfad6-84a1-4fcf-94fe-b4996b6fc59e</con:testStepId>
    <con:status>NONE</con:status>
    <con:properties/>
  </con:breakPoints>
  <con:breakPoints>
    <con:testStepId>b9fec50c-d45a-460c-aabb-135ab6ba20c0</con:testStepId>
    <con:status>NONE</con:status>
    <con:properties/>
  </con:breakPoints>
  <con:breakPoints>
    <con:testStepId>d70094d2-b624-4c71-9bc7-d7a2fcdffbde</con:testStepId>
    <con:status>NONE</con:status>
    <con:properties/>
  </con:breakPoints>
  <con:breakPoints>
    <con:testStepId>f5f2c704-11aa-4bf1-a77a-c8f24d37c33b</con:testStepId>
    <con:status>NONE</con:status>
    <con:properties/>
  </con:breakPoints>
  <con:breakPoints>
    <con:testStepId>922b28e9-7bea-44ac-9414-6b08827b4efc</con:testStepId>
    <con:status>NONE</con:status>
    <con:properties/>
  </con:breakPoints>
  <con:breakPoints>
    <con:testStepId>daab828f-6381-4d52-b993-bbb207ee9c71</con:testStepId>
    <con:status>NONE</con:status>
    <con:properties/>
  </con:breakPoints>
  <con:breakPoints>
    <con:testStepId>2c277ae4-f168-4d7a-a222-935a1dacfd53</con:testStepId>
    <con:status>NONE</con:status>
    <con:properties/>
  </con:breakPoints>
  <con:breakPoints>
    <con:testStepId>c865cbf9-fd12-46e7-90ae-60bddb17eac8</con:testStepId>
    <con:status>NONE</con:status>
    <con:properties/>
  </con:breakPoints>
  <con:breakPoints>
    <con:testStepId>b60689bf-db7f-44bf-82e5-ff8f7757ddfd</con:testStepId>
    <con:status>NONE</con:status>
    <con:properties/>
  </con:breakPoints>
  <con:breakPoints>
    <con:testStepId>25301057-3b50-467e-bbc5-b7a2194f2382</con:testStepId>
    <con:status>NONE</con:status>
    <con:properties/>
  </con:breakPoints>
  <con:breakPoints>
    <con:testStepId>a67d1b21-1f1d-40ec-b934-0e1f4bdb9de9</con:testStepId>
    <con:status>NONE</con:status>
    <con:properties/>
  </con:breakPoints>
  <con:breakPoints>
    <con:testStepId>21df94df-efe8-4a19-be91-ba4c978f6c96</con:testStepId>
    <con:status>NONE</con:status>
    <con:properties/>
  </con:breakPoints>
  <con:breakPoints>
    <con:testStepId>caef8ab8-0a89-457f-86ac-f9372e5bac2f</con:testStepId>
    <con:status>NONE</con:status>
    <con:properties/>
  </con:breakPoints>
  <con:breakPoints>
    <con:testStepId>d27542e2-b01b-44c7-9032-706f31a316e7</con:testStepId>
    <con:status>NONE</con:status>
    <con:properties/>
  </con:breakPoints>
  <con:breakPoints>
    <con:testStepId>7c41a0bf-0222-4b85-9d85-8f62b2ce3deb</con:testStepId>
    <con:status>NONE</con:status>
    <con:properties/>
  </con:breakPoints>
  <con:breakPoints>
    <con:testStepId>4086b09a-2726-435e-a493-19ab7a735b02</con:testStepId>
    <con:status>NONE</con:status>
    <con:properties/>
  </con:breakPoints>
  <con:breakPoints>
    <con:testStepId>1fdbe111-6f01-4b4d-b83e-f04ec856defd</con:testStepId>
    <con:status>NONE</con:status>
    <con:properties/>
  </con:breakPoints>
  <con:breakPoints>
    <con:testStepId>e6bcbc9f-d99d-4a9d-b185-d34d8b61e5e8</con:testStepId>
    <con:status>NONE</con:status>
    <con:properties/>
  </con:breakPoints>
  <con:breakPoints>
    <con:testStepId>6c790ce4-a681-41ad-a155-04ca1851869d</con:testStepId>
    <con:status>NONE</con:status>
    <con:properties/>
  </con:breakPoints>
  <con:breakPoints>
    <con:testStepId>e0086b9d-44e7-4047-b8a0-ea43046f24e4</con:testStepId>
    <con:status>NONE</con:status>
    <con:properties/>
  </con:breakPoints>
  <con:breakPoints>
    <con:testStepId>7ddda1c5-e48e-4fe8-a9b1-f7a283d4ea85</con:testStepId>
    <con:status>NONE</con:status>
    <con:properties/>
  </con:breakPoints>
  <con:breakPoints>
    <con:testStepId>daebb8fc-261d-4a93-a8aa-84d4e98906ce</con:testStepId>
    <con:status>NONE</con:status>
    <con:properties/>
  </con:breakPoints>
  <con:breakPoints>
    <con:testStepId>ff7967bd-456c-4c63-9b0d-e7ecc3f88211</con:testStepId>
    <con:status>NONE</con:status>
    <con:properties/>
  </con:breakPoints>
  <con:breakPoints>
    <con:testStepId>2f6c7fa8-28af-4875-9686-237e7ee9a6b2</con:testStepId>
    <con:status>NONE</con:status>
    <con:properties/>
  </con:breakPoints>
  <con:breakPoints>
    <con:testStepId>32820e70-33b9-43fa-a0cd-175c99175d40</con:testStepId>
    <con:status>NONE</con:status>
    <con:properties/>
  </con:breakPoints>
  <con:breakPoints>
    <con:testStepId>d9855adf-4b7b-4149-a5af-adcafbf502fd</con:testStepId>
    <con:status>NONE</con:status>
    <con:properties/>
  </con:breakPoints>
  <con:breakPoints>
    <con:testStepId>806d3778-fabc-4afd-babb-8d1130c1a89a</con:testStepId>
    <con:status>ENABLED</con:status>
    <con:properties/>
  </con:breakPoints>
  <con:breakPoints>
    <con:testStepId>a9971f18-5e18-46fc-9629-c7c3d51f5acf</con:testStepId>
    <con:status>NONE</con:status>
    <con:properties/>
  </con:breakPoints>
  <con:breakPoints>
    <con:testStepId>a0fbdaa7-96fa-4d82-a47f-02a5c9b7add3</con:testStepId>
    <con:status>NONE</con:status>
    <con:properties/>
  </con:breakPoints>
  <con:breakPoints>
    <con:testStepId>7dc55907-9a65-4356-a5b3-04b7a689ae71</con:testStepId>
    <con:status>NONE</con:status>
    <con:properties/>
  </con:breakPoints>
  <con:breakPoints>
    <con:testStepId>24730fa8-3c92-466b-b8ce-621a713eb12d</con:testStepId>
    <con:status>NONE</con:status>
    <con:properties/>
  </con:breakPoints>
  <con:breakPoints>
    <con:testStepId>6ee3a231-29c4-4c71-9a25-8c814db6d6ba</con:testStepId>
    <con:status>NONE</con:status>
    <con:properties/>
  </con:breakPoints>
  <con:breakPoints>
    <con:testStepId>b7c655d7-d82b-4ee7-99d4-a2d4c7060d61</con:testStepId>
    <con:status>NONE</con:status>
    <con:properties/>
  </con:breakPoints>
  <con:breakPoints>
    <con:testStepId>2f194b50-0dcd-4e44-a0ba-423528974365</con:testStepId>
    <con:status>NONE</con:status>
    <con:properties/>
  </con:breakPoints>
  <con:breakPoints>
    <con:testStepId>8f0f3835-c90c-4abf-8fe0-ef3cbdd705f2</con:testStepId>
    <con:status>NONE</con:status>
    <con:properties/>
  </con:breakPoints>
  <con:breakPoints>
    <con:testStepId>134eb39a-4b40-40e3-a723-e7716905cf8b</con:testStepId>
    <con:status>NONE</con:status>
    <con:properties/>
  </con:breakPoints>
  <con:breakPoints>
    <con:testStepId>98f05095-d4a2-47ce-b619-4d38efe513b4</con:testStepId>
    <con:status>NONE</con:status>
    <con:properties/>
  </con:breakPoints>
  <con:breakPoints>
    <con:testStepId>1800c3f6-01ab-41f2-add2-98b51fcfd3f1</con:testStepId>
    <con:status>NONE</con:status>
    <con:properties/>
  </con:breakPoints>
  <con:breakPoints>
    <con:testStepId>648fc1a8-dc9a-49f4-88bd-ab7a4ab165f3</con:testStepId>
    <con:status>NONE</con:status>
    <con:properties/>
  </con:breakPoints>
  <con:breakPoints>
    <con:testStepId>68008107-a47d-4cdb-bc37-0a6688231257</con:testStepId>
    <con:status>NONE</con:status>
    <con:properties/>
  </con:breakPoints>
  <con:breakPoints>
    <con:testStepId>fbc238d1-fbce-46e5-9eed-8178222681c9</con:testStepId>
    <con:status>NONE</con:status>
    <con:properties/>
  </con:breakPoints>
  <con:breakPoints>
    <con:testStepId>2e906420-75d8-42d0-b85d-ee6f091db65f</con:testStepId>
    <con:status>NONE</con:status>
    <con:properties/>
  </con:breakPoints>
  <con:breakPoints>
    <con:testStepId>6201acc5-3aa9-4963-a1a2-a01732906510</con:testStepId>
    <con:status>NONE</con:status>
    <con:properties/>
  </con:breakPoints>
  <con:breakPoints>
    <con:testStepId>31d8d9c3-ea4e-4385-bf9f-3b7c079ddcc0</con:testStepId>
    <con:status>NONE</con:status>
    <con:properties/>
  </con:breakPoints>
  <con:breakPoints>
    <con:testStepId>15e1fc2c-119f-460d-861c-4c52b371cd07</con:testStepId>
    <con:status>NONE</con:status>
    <con:properties/>
  </con:breakPoints>
  <con:breakPoints>
    <con:testStepId>8cb1ba66-7ad1-4535-af17-2e8125db2a7d</con:testStepId>
    <con:status>NONE</con:status>
    <con:properties/>
  </con:breakPoints>
  <con:breakPoints>
    <con:testStepId>84877add-78d0-4b5e-bd9b-a2be14b332e4</con:testStepId>
    <con:status>NONE</con:status>
    <con:properties/>
  </con:breakPoints>
  <con:breakPoints>
    <con:testStepId>a154c326-2b55-492c-bd90-df80132bcf85</con:testStepId>
    <con:status>NONE</con:status>
    <con:properties/>
  </con:breakPoints>
  <con:breakPoints>
    <con:testStepId>8e988e02-3798-403c-a371-d4d532909b16</con:testStepId>
    <con:status>NONE</con:status>
    <con:properties/>
  </con:breakPoints>
  <con:breakPoints>
    <con:testStepId>8a843e14-ef1c-47dd-9cac-b25cc72067c2</con:testStepId>
    <con:status>NONE</con:status>
    <con:properties/>
  </con:breakPoints>
  <con:breakPoints>
    <con:testStepId>35444059-c9f2-494b-9b43-bda2bcbcb7cb</con:testStepId>
    <con:status>NONE</con:status>
    <con:properties/>
  </con:breakPoints>
  <con:breakPoints>
    <con:testStepId>1627204d-fa41-478f-9fa7-4ecb39c342b9</con:testStepId>
    <con:status>NONE</con:status>
    <con:properties/>
  </con:breakPoints>
  <con:breakPoints>
    <con:testStepId>dca058f7-203f-4345-96c7-425f3714424e</con:testStepId>
    <con:status>NONE</con:status>
    <con:properties/>
  </con:breakPoints>
  <con:breakPoints>
    <con:testStepId>9d6c0398-d51b-4b12-b2c5-8a54e622816e</con:testStepId>
    <con:status>NONE</con:status>
    <con:properties/>
  </con:breakPoints>
  <con:breakPoints>
    <con:testStepId>27b2a7a3-b5d3-45c2-80cc-fdce9227a9ab</con:testStepId>
    <con:status>NONE</con:status>
    <con:properties/>
  </con:breakPoints>
  <con:breakPoints>
    <con:testStepId>20520e84-3896-429d-99e0-6288ef427848</con:testStepId>
    <con:status>NONE</con:status>
    <con:properties/>
  </con:breakPoints>
  <con:breakPoints>
    <con:testStepId>9b8aa578-f015-42bd-868f-108a3f0c84d3</con:testStepId>
    <con:status>NONE</con:status>
    <con:properties/>
  </con:breakPoints>
  <con:breakPoints>
    <con:testStepId>ac3f3381-fb30-4fb3-b3dd-67db4a2ff937</con:testStepId>
    <con:status>NONE</con:status>
    <con:properties/>
  </con:breakPoints>
  <con:breakPoints>
    <con:testStepId>4e7a9d03-0660-48c1-85a4-9dd6350f6ce0</con:testStepId>
    <con:status>NONE</con:status>
    <con:properties/>
  </con:breakPoints>
  <con:breakPoints>
    <con:testStepId>1837bd61-8d96-4f47-9e59-a71c6124d209</con:testStepId>
    <con:status>NONE</con:status>
    <con:properties/>
  </con:breakPoints>
  <con:breakPoints>
    <con:testStepId>b3b88395-e02b-4a07-a638-626cdbc39298</con:testStepId>
    <con:status>NONE</con:status>
    <con:properties/>
  </con:breakPoints>
  <con:breakPoints>
    <con:testStepId>557e85bd-dc38-49ee-b66b-0795850bdc1b</con:testStepId>
    <con:status>NONE</con:status>
    <con:properties/>
  </con:breakPoints>
  <con:breakPoints>
    <con:testStepId>0ea65350-bc39-4722-b482-2764c3b1cb8a</con:testStepId>
    <con:status>NONE</con:status>
    <con:properties/>
  </con:breakPoints>
  <con:breakPoints>
    <con:testStepId>a88ae622-2101-42e4-a716-56d14a423295</con:testStepId>
    <con:status>NONE</con:status>
    <con:properties/>
  </con:breakPoints>
  <con:breakPoints>
    <con:testStepId>4dd4ec4a-32aa-4c88-9733-93c0cb653973</con:testStepId>
    <con:status>NONE</con:status>
    <con:properties/>
  </con:breakPoints>
  <con:breakPoints>
    <con:testStepId>a8214aad-fe60-4d86-bc50-703a03287943</con:testStepId>
    <con:status>NONE</con:status>
    <con:properties/>
  </con:breakPoints>
  <con:breakPoints>
    <con:testStepId>1a67a70d-473c-4859-99a4-dc061ff32aa5</con:testStepId>
    <con:status>NONE</con:status>
    <con:properties/>
  </con:breakPoints>
  <con:breakPoints>
    <con:testStepId>81792fe8-f770-44b7-9453-2f678b131dad</con:testStepId>
    <con:status>NONE</con:status>
    <con:properties/>
  </con:breakPoints>
  <con:breakPoints>
    <con:testStepId>6b71d734-5efb-422e-b6b9-538918086d88</con:testStepId>
    <con:status>NONE</con:status>
    <con:properties/>
  </con:breakPoints>
  <con:breakPoints>
    <con:testStepId>3b10d38f-9cd4-4550-ac1f-1f16987cbd1d</con:testStepId>
    <con:status>NONE</con:status>
    <con:properties/>
  </con:breakPoints>
  <con:breakPoints>
    <con:testStepId>a7b45fad-8759-478b-98bc-d455c649652c</con:testStepId>
    <con:status>NONE</con:status>
    <con:properties/>
  </con:breakPoints>
  <con:breakPoints>
    <con:testStepId>ecd1a34d-b671-4e1d-a9ed-58db59bdd602</con:testStepId>
    <con:status>NONE</con:status>
    <con:properties/>
  </con:breakPoints>
  <con:breakPoints>
    <con:testStepId>effbfe6e-7a23-4a2c-9414-218e99c5826e</con:testStepId>
    <con:status>NONE</con:status>
    <con:properties/>
  </con:breakPoints>
  <con:breakPoints>
    <con:testStepId>7b5de00d-c11d-4d15-be2b-db59f8420428</con:testStepId>
    <con:status>NONE</con:status>
    <con:properties/>
  </con:breakPoints>
  <con:breakPoints>
    <con:testStepId>715106c6-4fc5-4825-a270-166364f6db40</con:testStepId>
    <con:status>NONE</con:status>
    <con:properties/>
  </con:breakPoints>
  <con:breakPoints>
    <con:testStepId>c98526a1-603a-4f77-9a82-6bae00ee16b9</con:testStepId>
    <con:status>NONE</con:status>
    <con:properties/>
  </con:breakPoints>
  <con:breakPoints>
    <con:testStepId>928c9291-dc84-4690-91af-bb8d52e02def</con:testStepId>
    <con:status>NONE</con:status>
    <con:properties/>
  </con:breakPoints>
  <con:breakPoints>
    <con:testStepId>8cbc2707-1b93-4bb2-9b45-1e554c673984</con:testStepId>
    <con:status>NONE</con:status>
    <con:properties/>
  </con:breakPoints>
  <con:breakPoints>
    <con:testStepId>7d3432b6-c575-480e-af0c-2c87f80faed0</con:testStepId>
    <con:status>NONE</con:status>
    <con:properties/>
  </con:breakPoints>
  <con:breakPoints>
    <con:testStepId>bcf7b8ab-afbe-4da8-9efb-2d2ee38404e7</con:testStepId>
    <con:status>NONE</con:status>
    <con:properties/>
  </con:breakPoints>
  <con:breakPoints>
    <con:testStepId>70004d9e-284f-48b5-92a1-30eca6e56e34</con:testStepId>
    <con:status>NONE</con:status>
    <con:properties/>
  </con:breakPoints>
  <con:breakPoints>
    <con:testStepId>844cef76-4435-4d3d-a7cd-f4de5d7939bf</con:testStepId>
    <con:status>NONE</con:status>
    <con:properties/>
  </con:breakPoints>
  <con:breakPoints>
    <con:testStepId>094e7634-9a00-448d-b7d4-120efa2b4010</con:testStepId>
    <con:status>NONE</con:status>
    <con:properties/>
  </con:breakPoints>
  <con:breakPoints>
    <con:testStepId>9323c6a9-80b2-4f24-9cf7-460bc0fe65e2</con:testStepId>
    <con:status>NONE</con:status>
    <con:properties/>
  </con:breakPoints>
  <con:breakPoints>
    <con:testStepId>b3eac0cb-2689-4c62-9209-7165e554e66c</con:testStepId>
    <con:status>NONE</con:status>
    <con:properties/>
  </con:breakPoints>
  <con:breakPoints>
    <con:testStepId>c68f1ffe-f0dd-4018-b901-1fd5d60126ec</con:testStepId>
    <con:status>NONE</con:status>
    <con:properties/>
  </con:breakPoints>
  <con:breakPoints>
    <con:testStepId>30a10c70-a7a6-4246-a6aa-ec3336827923</con:testStepId>
    <con:status>NONE</con:status>
    <con:properties/>
  </con:breakPoints>
  <con:breakPoints>
    <con:testStepId>8a069a46-fdaf-4b5f-b317-d24557f80bdb</con:testStepId>
    <con:status>NONE</con:status>
    <con:properties/>
  </con:breakPoints>
  <con:breakPoints>
    <con:testStepId>10849816-8449-45b9-b5af-6af05c621e99</con:testStepId>
    <con:status>NONE</con:status>
    <con:properties/>
  </con:breakPoints>
  <con:breakPoints>
    <con:testStepId>6a10d7dd-b655-4a91-93ad-768c94f9c12a</con:testStepId>
    <con:status>NONE</con:status>
    <con:properties/>
  </con:breakPoints>
  <con:breakPoints>
    <con:testStepId>226badad-26e4-4481-b47e-f670f3c3d52c</con:testStepId>
    <con:status>NONE</con:status>
    <con:properties/>
  </con:breakPoints>
  <con:breakPoints>
    <con:testStepId>7a7c2e60-8b45-46b7-9289-a18b09464957</con:testStepId>
    <con:status>NONE</con:status>
    <con:properties/>
  </con:breakPoints>
  <con:breakPoints>
    <con:testStepId>6e1d2a32-9da3-44d6-850f-b07425f499a9</con:testStepId>
    <con:status>NONE</con:status>
    <con:properties/>
  </con:breakPoints>
  <con:breakPoints>
    <con:testStepId>2f55c6b7-ae2d-42ee-8fc4-e02c8fc46eb1</con:testStepId>
    <con:status>NONE</con:status>
    <con:properties/>
  </con:breakPoints>
</con:testCase>