<?xml version="1.0" encoding="UTF-8"?>
<con:testCase id="e7499a09-c257-495e-90c2-42aa98214443" discardOkResults="true" failOnError="true" failTestCaseOnErrors="true" keepSession="false" name="Test Case 2" searchProperties="true" timeout="0" xmlns:con="http://eviware.com/soapui/config">
  <con:settings>
    <con:setting id="abce3761-9a70-4ded-a475-2dd8679eeeeafileName">Test-Case-1</con:setting>
    <con:setting id="e7499a09-c257-495e-90c2-42aa98214443fileName">Test-Case-2</con:setting>
  </con:settings>
  <con:savedRecentRuns>1</con:savedRecentRuns>
  <con:testStep type="properties" name="Properties" id="8c54d126-dc70-4c01-8103-c8ffaf124698">
    <con:settings/>
    <con:config xsi:type="con:PropertiesStep" saveFirst="true" xmlns:xsi="http://www.w3.org/2001/XMLSchema-instance">
      <con:properties>
        <con:property>
          <con:name>startSessionBiSpecCode</con:name>
          <con:value>START_SESSION</con:value>
        </con:property>
        <con:property>
          <con:name>endSessionBiSpecCode</con:name>
          <con:value>SESSIONENDBISPEC</con:value>
        </con:property>
      </con:properties>
    </con:config>
  </con:testStep>
  <con:testStep type="transfer" name="Property Transfer" id="dcb1fd04-5006-4abf-b20d-e175edccbfe6">
    <con:settings/>
    <con:config xsi:type="con:PropertyTransfersStep" xmlns:xsi="http://www.w3.org/2001/XMLSchema-instance">
      <con:transfers setNullOnMissingSource="true" transferTextContent="true" failOnError="true" ignoreEmpty="false" transferToAll="false" entitize="false" transferChildNodes="false">
        <con:name>biId</con:name>
        <con:sourceType>req_biIdDoesNotExist</con:sourceType>
        <con:sourceStep>#TestCase#</con:sourceStep>
        <con:sourcePath/>
        <con:targetType>req_biId</con:targetType>
        <con:targetStep>Cannot cancel end session bi which does not exist</con:targetStep>
        <con:targetPath/>
        <con:upgraded>true</con:upgraded>
      </con:transfers>
    </con:config>
  </con:testStep>
  <con:testStep type="calltestcase" name="Cannot cancel end session bi which does not exist" id="e731ef6f-af26-4696-8338-334b91461618">
    <con:settings/>
    <con:config xsi:type="con:RunTestCaseStep" xmlns:xsi="http://www.w3.org/2001/XMLSchema-instance">
      <con:targetTestCase>f71ed512-d429-4621-8722-1aa656db9870</con:targetTestCase>
      <con:properties>
        <con:property>
          <con:name>req_biId</con:name>
          <con:value>0</con:value>
        </con:property>
        <con:property>
          <con:name>res_code</con:name>
          <con:value>400</con:value>
        </con:property>
      </con:properties>
      <con:returnProperties>
        <con:entry>res_code</con:entry>
      </con:returnProperties>
      <con:runMode>PARALLELL</con:runMode>
    </con:config>
  </con:testStep>
  <con:testStep type="assertionteststep" name="Assertion res_code" id="e798e3c8-1a3b-4e97-ae34-d97caa81ca04">
    <con:settings/>
    <con:config xsi:type="con:AssertionTestStep" xmlns:xsi="http://www.w3.org/2001/XMLSchema-instance">
      <con:entry>
        <con:id>2ccb1307-dc59-4391-9779-5d1969d0b341</con:id>
        <con:isGroup>false</con:isGroup>
        <con:sourceId>e731ef6f-af26-4696-8338-334b91461618</con:sourceId>
        <con:propertyName>res_code</con:propertyName>
        <con:assertion type="Simple Equals" name="Equals" id="43e9193a-2bfb-46ce-9424-0622f138780d">
          <con:configuration>
            <patternText>400</patternText>
            <caseSensitive>true</caseSensitive>
          </con:configuration>
        </con:assertion>
      </con:entry>
    </con:config>
  </con:testStep>
  <con:testStep type="transfer" name="Property Transfer 1" id="4ecc4043-0944-41b1-902b-a4485020147b">
    <con:settings/>
    <con:config xsi:type="con:PropertyTransfersStep" xmlns:xsi="http://www.w3.org/2001/XMLSchema-instance">
      <con:transfers setNullOnMissingSource="true" transferTextContent="true" failOnError="true" ignoreEmpty="false" transferToAll="false" entitize="false" transferChildNodes="false">
        <con:name>salesOrgRoleId</con:name>
        <con:sourceType>DefaultSalesOrganizationRoleId</con:sourceType>
        <con:sourceStep>#Project#</con:sourceStep>
        <con:targetType>req_createdBySalesOrgRoleId</con:targetType>
        <con:targetStep>Create and submit sales org with user, inventory and terminal</con:targetStep>
        <con:upgraded>true</con:upgraded>
      </con:transfers>
      <con:transfers setNullOnMissingSource="true" transferTextContent="true" failOnError="true" ignoreEmpty="false" transferToAll="false" entitize="false" transferChildNodes="false" disabled="false">
        <con:name>userRoleId</con:name>
        <con:sourceType>DefaultUserRoleId</con:sourceType>
        <con:sourceStep>#Project#</con:sourceStep>
        <con:sourcePath/>
        <con:targetType>req_createdByUserRoleId</con:targetType>
        <con:targetStep>Create and submit sales org with user, inventory and terminal</con:targetStep>
        <con:targetPath/>
        <con:upgraded>true</con:upgraded>
      </con:transfers>
    </con:config>
  </con:testStep>
  <con:testStep type="calltestcase" name="Create and submit sales org with user, inventory and terminal" id="3a19eaca-a85c-427e-9374-9e907435531b">
    <con:settings/>
    <con:config xsi:type="con:RunTestCaseStep" xmlns:xsi="http://www.w3.org/2001/XMLSchema-instance">
      <con:targetTestCase>b92a7c8d-a0ed-4725-99e9-4866fd949629</con:targetTestCase>
      <con:properties>
        <con:property>
          <con:name>req_createdByUserRoleId</con:name>
          <con:value>2</con:value>
        </con:property>
        <con:property>
          <con:name>req_createdBySalesOrgRoleId</con:name>
          <con:value>1</con:value>
        </con:property>
        <con:property>
          <con:name>req_userRoleExtId</con:name>
          <con:value>user-${=java.util.UUID.randomUUID()}</con:value>
        </con:property>
        <con:property>
          <con:name>req_salesOrgRoleExtId</con:name>
          <con:value>so-${=java.util.UUID.randomUUID()}</con:value>
        </con:property>
        <con:property>
          <con:name>req_terminalExtId</con:name>
          <con:value>terminal-${=java.util.UUID.randomUUID()}</con:value>
        </con:property>
        <con:property>
          <con:name>req_inventoryExtId</con:name>
          <con:value>inv-${=java.util.UUID.randomUUID()}</con:value>
        </con:property>
        <con:property>
          <con:name>res_salesOrgBiId</con:name>
          <con:value>306</con:value>
        </con:property>
        <con:property>
          <con:name>res_userRoleBiId</con:name>
          <con:value>307</con:value>
        </con:property>
        <con:property>
          <con:name>res_terminalBiId</con:name>
          <con:value>309</con:value>
        </con:property>
        <con:property>
          <con:name>res_inventoryRoleBiId</con:name>
          <con:value>308</con:value>
        </con:property>
        <con:property>
          <con:name>res_salesOrgId</con:name>
          <con:value>215</con:value>
        </con:property>
        <con:property>
          <con:name>res_userRoleId</con:name>
          <con:value>217</con:value>
        </con:property>
        <con:property>
          <con:name>res_terminalId</con:name>
          <con:value>54</con:value>
        </con:property>
        <con:property>
          <con:name>res_inventoryRoleId</con:name>
          <con:value>218</con:value>
        </con:property>
        <con:property>
          <con:name>res_placeId</con:name>
        </con:property>
        <con:property>
          <con:name>res_soExtId</con:name>
        </con:property>
      </con:properties>
      <con:returnProperties>
        <con:entry>res_salesOrgBiId</con:entry>
        <con:entry>res_userRoleBiId</con:entry>
        <con:entry>res_terminalBiId</con:entry>
        <con:entry>res_inventoryRoleBiId</con:entry>
        <con:entry>res_salesOrgId</con:entry>
        <con:entry>res_userRoleId</con:entry>
        <con:entry>res_terminalId</con:entry>
        <con:entry>res_inventoryRoleId</con:entry>
      </con:returnProperties>
      <con:runMode>PARALLELL</con:runMode>
    </con:config>
  </con:testStep>
  <con:testStep type="assertionteststep" name="Assertion sales organization is created successfully" id="7c0f04fd-3f02-47db-8dee-948475f81840">
    <con:settings/>
    <con:config xsi:type="con:AssertionTestStep" xmlns:xsi="http://www.w3.org/2001/XMLSchema-instance">
      <con:entry>
        <con:id>9d19820b-d7cd-448c-95ea-9f1e8bee56f9</con:id>
        <con:isGroup>false</con:isGroup>
        <con:sourceId>3a19eaca-a85c-427e-9374-9e907435531b</con:sourceId>
        <con:propertyName>res_salesOrgId</con:propertyName>
        <con:assertion type="Simple Contains" name="Contains sales org role id" id="a1ed82b5-2e18-4ae2-8188-6868486276c3">
          <con:configuration>
            <token>\d+</token>
            <ignoreCase>false</ignoreCase>
            <useRegEx>true</useRegEx>
          </con:configuration>
        </con:assertion>
      </con:entry>
      <con:entry>
        <con:id>fae87abd-88db-4d5e-b920-fc05458428ea</con:id>
        <con:isGroup>false</con:isGroup>
        <con:sourceId>3a19eaca-a85c-427e-9374-9e907435531b</con:sourceId>
        <con:propertyName>res_userRoleId</con:propertyName>
        <con:assertion type="Simple Contains" name="Contains user role id" id="812e36c5-ce8f-4d9f-b2a0-2a1d0f65a90a">
          <con:configuration>
            <token>\d+</token>
            <ignoreCase>false</ignoreCase>
            <useRegEx>true</useRegEx>
          </con:configuration>
        </con:assertion>
      </con:entry>
      <con:entry>
        <con:id>2c1077fd-c3a9-47af-a39e-7d86fd180dcf</con:id>
        <con:isGroup>false</con:isGroup>
        <con:sourceId>3a19eaca-a85c-427e-9374-9e907435531b</con:sourceId>
        <con:propertyName>res_terminalId</con:propertyName>
        <con:assertion type="Simple Contains" name="Contains terminal id" id="d8ac6256-4ba4-4308-b660-185ee2d3a6b3">
          <con:configuration>
            <token>\d+</token>
            <ignoreCase>false</ignoreCase>
            <useRegEx>true</useRegEx>
          </con:configuration>
        </con:assertion>
      </con:entry>
    </con:config>
  </con:testStep>
  <con:testStep type="transfer" name="Property Transfer 2" id="3291f8d0-a8b3-4948-9633-5a91ea6d2958">
    <con:settings/>
    <con:config xsi:type="con:PropertyTransfersStep" xmlns:xsi="http://www.w3.org/2001/XMLSchema-instance">
      <con:transfers setNullOnMissingSource="true" transferTextContent="true" failOnError="true" ignoreEmpty="false" transferToAll="false" entitize="false" transferChildNodes="false">
        <con:name>terminalId</con:name>
        <con:sourceType>res_terminalId</con:sourceType>
        <con:sourceStep>Create and submit sales org with user, inventory and terminal</con:sourceStep>
        <con:sourcePath/>
        <con:targetType>req_terminalId</con:targetType>
        <con:targetStep>Create start session business interaction</con:targetStep>
        <con:targetPath/>
        <con:upgraded>true</con:upgraded>
      </con:transfers>
      <con:transfers setNullOnMissingSource="true" transferTextContent="true" failOnError="true" ignoreEmpty="false" transferToAll="false" entitize="false" transferChildNodes="false">
        <con:name>userRoleId</con:name>
        <con:sourceType>res_userRoleId</con:sourceType>
        <con:sourceStep>Create and submit sales org with user, inventory and terminal</con:sourceStep>
        <con:targetType>req_userRoleId</con:targetType>
        <con:targetStep>Create start session business interaction</con:targetStep>
        <con:upgraded>true</con:upgraded>
      </con:transfers>
      <con:transfers setNullOnMissingSource="true" transferTextContent="true" failOnError="true" ignoreEmpty="false" transferToAll="false" entitize="false" transferChildNodes="false">
        <con:name>salesOrgRoleId</con:name>
        <con:sourceType>res_salesOrgId</con:sourceType>
        <con:sourceStep>Create and submit sales org with user, inventory and terminal</con:sourceStep>
        <con:targetType>req_salesOrgRoleId</con:targetType>
        <con:targetStep>Create start session business interaction</con:targetStep>
        <con:upgraded>true</con:upgraded>
      </con:transfers>
      <con:transfers setNullOnMissingSource="true" transferTextContent="true" failOnError="true" ignoreEmpty="false" transferToAll="false" entitize="false" transferChildNodes="false">
        <con:name>biSpecCode</con:name>
        <con:sourceType>startSessionBiSpecCode</con:sourceType>
        <con:sourceStep>Properties</con:sourceStep>
        <con:targetType>req_biSpecCode</con:targetType>
        <con:targetStep>Create start session business interaction</con:targetStep>
        <con:upgraded>true</con:upgraded>
      </con:transfers>
    </con:config>
  </con:testStep>
  <con:testStep type="calltestcase" name="Create start session business interaction" id="84cc6fd2-046a-4fde-802e-46ecc0ef2ff0">
    <con:settings/>
    <con:config xsi:type="con:RunTestCaseStep" xmlns:xsi="http://www.w3.org/2001/XMLSchema-instance">
      <con:targetTestCase>6bf21664-8582-4338-a160-fc4cf4636619</con:targetTestCase>
      <con:properties>
        <con:property>
          <con:name>req_terminalId</con:name>
          <con:value>54</con:value>
        </con:property>
        <con:property>
          <con:name>req_userRoleId</con:name>
          <con:value>217</con:value>
        </con:property>
        <con:property>
          <con:name>req_salesOrgRoleId</con:name>
          <con:value>215</con:value>
        </con:property>
        <con:property>
          <con:name>res_biId</con:name>
          <con:value>310</con:value>
        </con:property>
        <con:property>
          <con:name>res_errorMessage</con:name>
        </con:property>
        <con:property>
          <con:name>res_headerCode</con:name>
        </con:property>
        <con:property>
          <con:name>req_biSpecCode</con:name>
          <con:value>START_SESSION</con:value>
        </con:property>
      </con:properties>
      <con:returnProperties>
        <con:entry>res_biId</con:entry>
      </con:returnProperties>
      <con:runMode>PARALLELL</con:runMode>
    </con:config>
  </con:testStep>
  <con:testStep type="assertionteststep" name="Assertion start session business interaction is created successfully" id="1c35518e-4241-45c0-8c9d-41c57c191566">
    <con:settings/>
    <con:config xsi:type="con:AssertionTestStep" xmlns:xsi="http://www.w3.org/2001/XMLSchema-instance">
      <con:entry>
        <con:id>ab0e66f6-886e-4baf-b341-926bf44ac1b9</con:id>
        <con:isGroup>false</con:isGroup>
        <con:sourceId>84cc6fd2-046a-4fde-802e-46ecc0ef2ff0</con:sourceId>
        <con:propertyName>res_biId</con:propertyName>
        <con:assertion type="Simple Contains" name="Contains business interaction id" id="fdae23ee-265a-4019-b5c5-e18e2fabb8d7">
          <con:configuration>
            <token>\d+</token>
            <ignoreCase>false</ignoreCase>
            <useRegEx>true</useRegEx>
          </con:configuration>
        </con:assertion>
      </con:entry>
    </con:config>
  </con:testStep>
  <con:testStep type="transfer" name="Property Transfer 3" id="66a7ad94-e1e7-4ee4-a3aa-75a87d7da8c4">
    <con:settings/>
    <con:config xsi:type="con:PropertyTransfersStep" xmlns:xsi="http://www.w3.org/2001/XMLSchema-instance">
      <con:transfers setNullOnMissingSource="true" transferTextContent="true" failOnError="true" ignoreEmpty="false" transferToAll="false" entitize="false" transferChildNodes="false">
        <con:name>biId</con:name>
        <con:sourceType>res_biId</con:sourceType>
        <con:sourceStep>Create start session business interaction</con:sourceStep>
        <con:sourcePath/>
        <con:targetType>req_biId</con:targetType>
        <con:targetStep>Submit start session business interaction</con:targetStep>
        <con:targetPath/>
        <con:upgraded>true</con:upgraded>
      </con:transfers>
    </con:config>
  </con:testStep>
  <con:testStep type="calltestcase" name="Submit start session business interaction" id="0d4e0d26-8fad-435f-a562-e0a9860badfe">
    <con:settings/>
    <con:config xsi:type="con:RunTestCaseStep" xmlns:xsi="http://www.w3.org/2001/XMLSchema-instance">
      <con:targetTestCase>e21b7fc8-5000-419b-89b7-2a64ecbc1e4a</con:targetTestCase>
      <con:properties>
        <con:property>
          <con:name>req_biId</con:name>
          <con:value>310</con:value>
        </con:property>
        <con:property>
          <con:name>res_biId</con:name>
          <con:value>310</con:value>
        </con:property>
        <con:property>
          <con:name>res_headerCode</con:name>
        </con:property>
        <con:property>
          <con:name>res_errorMessage</con:name>
        </con:property>
      </con:properties>
      <con:returnProperties>
        <con:entry>res_biId</con:entry>
      </con:returnProperties>
      <con:runMode>PARALLELL</con:runMode>
    </con:config>
  </con:testStep>
  <con:testStep type="assertionteststep" name="Assertion start session business interaction is submitted successfully" id="a8f6c48a-53ae-493c-8f0a-ebafef8b412f">
    <con:settings/>
    <con:config xsi:type="con:AssertionTestStep" xmlns:xsi="http://www.w3.org/2001/XMLSchema-instance">
      <con:entry>
        <con:id>d8f0e9ac-1f4d-4ce2-81b3-d45f19e3eeac</con:id>
        <con:isGroup>false</con:isGroup>
        <con:sourceId>0d4e0d26-8fad-435f-a562-e0a9860badfe</con:sourceId>
        <con:propertyName>res_biId</con:propertyName>
        <con:assertion type="Simple Contains" name="Contains business interaction id" id="dbf62102-3b12-42fb-9dd0-2373cade6bf7">
          <con:configuration>
            <token>\d+</token>
            <ignoreCase>false</ignoreCase>
            <useRegEx>true</useRegEx>
          </con:configuration>
        </con:assertion>
      </con:entry>
    </con:config>
  </con:testStep>
  <con:testStep type="transfer" name="Property Transfer 4" id="44ac1d87-d64a-4dc5-b921-fc5bbc4b0d9a">
    <con:settings/>
    <con:config xsi:type="con:PropertyTransfersStep" xmlns:xsi="http://www.w3.org/2001/XMLSchema-instance">
      <con:transfers setNullOnMissingSource="true" transferTextContent="true" failOnError="true" ignoreEmpty="false" transferToAll="false" entitize="false" transferChildNodes="false">
        <con:name>userRoleId</con:name>
        <con:sourceType>res_userRoleId</con:sourceType>
        <con:sourceStep>Create and submit sales org with user, inventory and terminal</con:sourceStep>
        <con:sourcePath/>
        <con:targetType>req_userRoleId</con:targetType>
        <con:targetStep>Create end session business interaction</con:targetStep>
        <con:targetPath/>
        <con:upgraded>true</con:upgraded>
      </con:transfers>
      <con:transfers setNullOnMissingSource="true" transferTextContent="true" failOnError="true" ignoreEmpty="false" transferToAll="false" entitize="false" transferChildNodes="false">
        <con:name>salesOrgRoleId</con:name>
        <con:sourceType>res_salesOrgId</con:sourceType>
        <con:sourceStep>Create and submit sales org with user, inventory and terminal</con:sourceStep>
        <con:targetType>req_salesOrgRoleId</con:targetType>
        <con:targetStep>Create end session business interaction</con:targetStep>
        <con:upgraded>true</con:upgraded>
      </con:transfers>
      <con:transfers setNullOnMissingSource="true" transferTextContent="true" failOnError="true" ignoreEmpty="false" transferToAll="false" entitize="false" transferChildNodes="false">
        <con:name>biSpecCode</con:name>
        <con:sourceType>endSessionBiSpecCode</con:sourceType>
        <con:sourceStep>Properties</con:sourceStep>
        <con:targetType>req_biSpecCode</con:targetType>
        <con:targetStep>Create end session business interaction</con:targetStep>
        <con:upgraded>true</con:upgraded>
      </con:transfers>
    </con:config>
  </con:testStep>
  <con:testStep type="calltestcase" name="Create end session business interaction" id="02bac549-be1c-4e15-8729-96c8eb926f77">
    <con:settings/>
    <con:config xsi:type="con:RunTestCaseStep" xmlns:xsi="http://www.w3.org/2001/XMLSchema-instance">
      <con:targetTestCase>dc1a7c3e-7636-43aa-9004-8c225ff30f59</con:targetTestCase>
      <con:properties>
        <con:property>
          <con:name>req_biSpecCode</con:name>
          <con:value>SESSIONENDBISPEC</con:value>
        </con:property>
        <con:property>
          <con:name>req_userRoleId</con:name>
          <con:value>217</con:value>
        </con:property>
        <con:property>
          <con:name>req_salesOrgRoleId</con:name>
          <con:value>215</con:value>
        </con:property>
        <con:property>
          <con:name>res_biId</con:name>
          <con:value>312</con:value>
        </con:property>
      </con:properties>
      <con:returnProperties>
        <con:entry>res_biId</con:entry>
      </con:returnProperties>
      <con:runMode>PARALLELL</con:runMode>
    </con:config>
  </con:testStep>
  <con:testStep type="assertionteststep" name="Asssert end session business interaction is created successfully" id="0cd70e6c-af5e-4751-b04b-401448b4458f">
    <con:settings/>
    <con:config xsi:type="con:AssertionTestStep" xmlns:xsi="http://www.w3.org/2001/XMLSchema-instance">
      <con:entry>
        <con:id>7e99c6d6-a0c5-4b06-b08a-b401fe3605a4</con:id>
        <con:isGroup>false</con:isGroup>
        <con:sourceId>02bac549-be1c-4e15-8729-96c8eb926f77</con:sourceId>
        <con:propertyName>res_biId</con:propertyName>
        <con:assertion type="Simple Contains" name="Contains" id="56c70938-e152-47d7-84b0-3d70895e2cf9">
          <con:configuration>
            <token>\d+</token>
            <ignoreCase>false</ignoreCase>
            <useRegEx>true</useRegEx>
          </con:configuration>
        </con:assertion>
      </con:entry>
    </con:config>
  </con:testStep>
  <con:testStep type="transfer" name="Property Transfer 5" id="90499c44-4243-4442-af9a-4a7b5311e4dd">
    <con:settings/>
    <con:config xsi:type="con:PropertyTransfersStep" xmlns:xsi="http://www.w3.org/2001/XMLSchema-instance">
      <con:transfers setNullOnMissingSource="true" transferTextContent="true" failOnError="true" ignoreEmpty="false" transferToAll="false" entitize="false" transferChildNodes="false">
        <con:name>biId</con:name>
        <con:sourceType>res_biId</con:sourceType>
        <con:sourceStep>Create end session business interaction</con:sourceStep>
        <con:sourcePath/>
        <con:targetType>req_biId</con:targetType>
        <con:targetStep>Submit end session business interaction</con:targetStep>
        <con:targetPath/>
        <con:upgraded>true</con:upgraded>
      </con:transfers>
    </con:config>
  </con:testStep>
  <con:testStep type="calltestcase" name="Submit end session business interaction" id="5210eeb1-51ab-4580-bb4c-39856961811f">
    <con:settings/>
    <con:config xsi:type="con:RunTestCaseStep" xmlns:xsi="http://www.w3.org/2001/XMLSchema-instance">
      <con:targetTestCase>76a8e774-33db-4719-a8e0-3fae436007b3</con:targetTestCase>
      <con:properties>
        <con:property>
          <con:name>req_biId</con:name>
          <con:value>312</con:value>
        </con:property>
        <con:property>
          <con:name>res_biId</con:name>
          <con:value>312</con:value>
        </con:property>
        <con:property>
          <con:name>res_code</con:name>
        </con:property>
      </con:properties>
      <con:returnProperties>
        <con:entry>res_biId</con:entry>
      </con:returnProperties>
      <con:runMode>PARALLELL</con:runMode>
    </con:config>
  </con:testStep>
  <con:testStep type="assertionteststep" name="Asssert end session business interaction is submitted successfully" id="e1594558-7ddf-4079-8c2c-5f506c348536">
    <con:settings/>
    <con:config xsi:type="con:AssertionTestStep" xmlns:xsi="http://www.w3.org/2001/XMLSchema-instance">
      <con:entry>
        <con:id>fbca9a6c-fa82-4328-a6ca-5cc2f22a6d32</con:id>
        <con:isGroup>false</con:isGroup>
        <con:sourceId>5210eeb1-51ab-4580-bb4c-39856961811f</con:sourceId>
        <con:propertyName>res_biId</con:propertyName>
        <con:assertion type="Simple Contains" name="Contains" id="a923e2a3-d6ae-4727-a519-b331f3983f09">
          <con:configuration>
            <token>\d+</token>
            <ignoreCase>false</ignoreCase>
            <useRegEx>true</useRegEx>
          </con:configuration>
        </con:assertion>
      </con:entry>
    </con:config>
  </con:testStep>
  <con:testStep type="transfer" name="Property Transfer 6" id="96978f44-f9f6-4f37-acd5-11097e1e193c">
    <con:settings/>
    <con:config xsi:type="con:PropertyTransfersStep" xmlns:xsi="http://www.w3.org/2001/XMLSchema-instance">
      <con:transfers setNullOnMissingSource="true" transferTextContent="true" failOnError="true" ignoreEmpty="false" transferToAll="false" entitize="false" transferChildNodes="false">
        <con:name>biId</con:name>
        <con:sourceType>res_biId</con:sourceType>
        <con:sourceStep>Submit end session business interaction</con:sourceStep>
        <con:sourcePath/>
        <con:targetType>req_biId</con:targetType>
        <con:targetStep>Cannot cancel closed end session business interaction</con:targetStep>
        <con:targetPath/>
        <con:upgraded>true</con:upgraded>
      </con:transfers>
    </con:config>
  </con:testStep>
  <con:testStep type="calltestcase" name="Cannot cancel closed end session business interaction" id="97f47baa-b227-41d6-ac82-bd748bcfab0c">
    <con:settings/>
    <con:config xsi:type="con:RunTestCaseStep" xmlns:xsi="http://www.w3.org/2001/XMLSchema-instance">
      <con:targetTestCase>f71ed512-d429-4621-8722-1aa656db9870</con:targetTestCase>
      <con:properties>
        <con:property>
          <con:name>req_biId</con:name>
          <con:value>312</con:value>
        </con:property>
        <con:property>
          <con:name>res_code</con:name>
          <con:value>400</con:value>
        </con:property>
      </con:properties>
      <con:returnProperties>
        <con:entry>res_code</con:entry>
      </con:returnProperties>
      <con:runMode>PARALLELL</con:runMode>
    </con:config>
  </con:testStep>
  <con:testStep type="assertionteststep" name="Assertion res_code 2" id="50bc0444-2de7-4164-ab66-e53f957a2e87">
    <con:settings/>
    <con:config xsi:type="con:AssertionTestStep" xmlns:xsi="http://www.w3.org/2001/XMLSchema-instance">
      <con:entry>
        <con:id>63e934ea-784c-43c1-bd48-0513ab8cccb7</con:id>
        <con:isGroup>false</con:isGroup>
        <con:sourceId>97f47baa-b227-41d6-ac82-bd748bcfab0c</con:sourceId>
        <con:propertyName>res_code</con:propertyName>
        <con:assertion type="Simple Equals" name="Equals" id="84b43ccc-d3cc-4a26-b379-52eb0b2a253b">
          <con:configuration>
            <patternText>400</patternText>
            <caseSensitive>true</caseSensitive>
          </con:configuration>
        </con:assertion>
      </con:entry>
    </con:config>
  </con:testStep>
  <con:testStep type="transfer" name="Property Transfer 7" id="8c761d74-ec26-4de2-82a5-1c3a753ef966">
    <con:settings/>
    <con:config xsi:type="con:PropertyTransfersStep" xmlns:xsi="http://www.w3.org/2001/XMLSchema-instance">
      <con:transfers setNullOnMissingSource="true" transferTextContent="true" failOnError="true" ignoreEmpty="false" transferToAll="false" entitize="false" transferChildNodes="false">
        <con:name>userRoleId</con:name>
        <con:sourceType>DefaultUserRoleId</con:sourceType>
        <con:sourceStep>#Project#</con:sourceStep>
        <con:sourcePath/>
        <con:targetType>req_createdByUserRoleId</con:targetType>
        <con:targetStep>Create and submit sales org with user, inventory and terminal 2</con:targetStep>
        <con:targetPath/>
        <con:upgraded>true</con:upgraded>
      </con:transfers>
      <con:transfers setNullOnMissingSource="true" transferTextContent="true" failOnError="true" ignoreEmpty="false" transferToAll="false" entitize="false" transferChildNodes="false">
        <con:name>soRoleId</con:name>
        <con:sourceType>DefaultSalesOrganizationRoleId</con:sourceType>
        <con:sourceStep>#Project#</con:sourceStep>
        <con:targetType>req_createdBySalesOrgRoleId</con:targetType>
        <con:targetStep>Create and submit sales org with user, inventory and terminal 2</con:targetStep>
        <con:upgraded>true</con:upgraded>
      </con:transfers>
    </con:config>
  </con:testStep>
  <con:testStep type="calltestcase" name="Create and submit sales org with user, inventory and terminal 2" id="b82084b4-c6c9-470a-980a-81a91ca27f97">
    <con:settings/>
    <con:config xsi:type="con:RunTestCaseStep" xmlns:xsi="http://www.w3.org/2001/XMLSchema-instance">
      <con:targetTestCase>b92a7c8d-a0ed-4725-99e9-4866fd949629</con:targetTestCase>
      <con:properties>
        <con:property>
          <con:name>req_createdByUserRoleId</con:name>
          <con:value>2</con:value>
        </con:property>
        <con:property>
          <con:name>req_createdBySalesOrgRoleId</con:name>
          <con:value>1</con:value>
        </con:property>
        <con:property>
          <con:name>req_userRoleExtId</con:name>
          <con:value>user-${=java.util.UUID.randomUUID()}</con:value>
        </con:property>
        <con:property>
          <con:name>req_salesOrgRoleExtId</con:name>
          <con:value>so-${=java.util.UUID.randomUUID()}</con:value>
        </con:property>
        <con:property>
          <con:name>req_terminalExtId</con:name>
          <con:value>terminal-${=java.util.UUID.randomUUID()}</con:value>
        </con:property>
        <con:property>
          <con:name>req_inventoryExtId</con:name>
          <con:value>inv-${=java.util.UUID.randomUUID()}</con:value>
        </con:property>
        <con:property>
          <con:name>res_salesOrgBiId</con:name>
          <con:value>313</con:value>
        </con:property>
        <con:property>
          <con:name>res_userRoleBiId</con:name>
          <con:value>314</con:value>
        </con:property>
        <con:property>
          <con:name>res_terminalBiId</con:name>
          <con:value>316</con:value>
        </con:property>
        <con:property>
          <con:name>res_inventoryRoleBiId</con:name>
          <con:value>315</con:value>
        </con:property>
        <con:property>
          <con:name>res_salesOrgId</con:name>
          <con:value>219</con:value>
        </con:property>
        <con:property>
          <con:name>res_userRoleId</con:name>
          <con:value>221</con:value>
        </con:property>
        <con:property>
          <con:name>res_terminalId</con:name>
          <con:value>55</con:value>
        </con:property>
        <con:property>
          <con:name>res_inventoryRoleId</con:name>
          <con:value>222</con:value>
        </con:property>
        <con:property>
          <con:name>res_placeId</con:name>
        </con:property>
        <con:property>
          <con:name>res_soExtId</con:name>
        </con:property>
      </con:properties>
      <con:returnProperties>
        <con:entry>res_salesOrgBiId</con:entry>
        <con:entry>res_userRoleBiId</con:entry>
        <con:entry>res_terminalBiId</con:entry>
        <con:entry>res_inventoryRoleBiId</con:entry>
        <con:entry>res_salesOrgId</con:entry>
        <con:entry>res_userRoleId</con:entry>
        <con:entry>res_terminalId</con:entry>
        <con:entry>res_inventoryRoleId</con:entry>
      </con:returnProperties>
      <con:runMode>PARALLELL</con:runMode>
    </con:config>
  </con:testStep>
  <con:testStep type="transfer" name="Property Transfer 8" id="f29ca490-5345-4a87-9ef9-1d0f70fca818">
    <con:settings/>
    <con:config xsi:type="con:PropertyTransfersStep" xmlns:xsi="http://www.w3.org/2001/XMLSchema-instance">
      <con:transfers setNullOnMissingSource="true" transferTextContent="true" failOnError="true" ignoreEmpty="false" transferToAll="false" entitize="false" transferChildNodes="false">
        <con:name>userId</con:name>
        <con:sourceType>res_userRoleId</con:sourceType>
        <con:sourceStep>Create and submit sales org with user, inventory and terminal 2</con:sourceStep>
        <con:sourcePath/>
        <con:targetType>req_userRoleId</con:targetType>
        <con:targetStep>Create end session business interaction 2</con:targetStep>
        <con:targetPath/>
        <con:upgraded>true</con:upgraded>
      </con:transfers>
      <con:transfers setNullOnMissingSource="true" transferTextContent="true" failOnError="true" ignoreEmpty="false" transferToAll="false" entitize="false" transferChildNodes="false">
        <con:name>soId</con:name>
        <con:sourceType>res_salesOrgId</con:sourceType>
        <con:sourceStep>Create and submit sales org with user, inventory and terminal 2</con:sourceStep>
        <con:targetType>req_salesOrgRoleId</con:targetType>
        <con:targetStep>Create end session business interaction 2</con:targetStep>
        <con:upgraded>true</con:upgraded>
      </con:transfers>
      <con:transfers setNullOnMissingSource="true" transferTextContent="true" failOnError="true" ignoreEmpty="false" transferToAll="false" entitize="false" transferChildNodes="false">
        <con:name>biSpecCode</con:name>
        <con:sourceType>endSessionBiSpecCode</con:sourceType>
        <con:sourceStep>Properties</con:sourceStep>
        <con:targetType>req_biSpecCode</con:targetType>
        <con:targetStep>Create end session business interaction 2</con:targetStep>
        <con:upgraded>true</con:upgraded>
      </con:transfers>
    </con:config>
  </con:testStep>
  <con:testStep type="calltestcase" name="Create end session business interaction 2" id="e6568c2c-d0fc-41b8-ac6a-72002dea9e3c">
    <con:settings/>
    <con:config xsi:type="con:RunTestCaseStep" xmlns:xsi="http://www.w3.org/2001/XMLSchema-instance">
      <con:targetTestCase>dc1a7c3e-7636-43aa-9004-8c225ff30f59</con:targetTestCase>
      <con:properties>
        <con:property>
          <con:name>req_biSpecCode</con:name>
          <con:value>SESSIONENDBISPEC</con:value>
        </con:property>
        <con:property>
          <con:name>req_userRoleId</con:name>
          <con:value>221</con:value>
        </con:property>
        <con:property>
          <con:name>req_salesOrgRoleId</con:name>
          <con:value>219</con:value>
        </con:property>
        <con:property>
          <con:name>res_biId</con:name>
          <con:value>317</con:value>
        </con:property>
      </con:properties>
      <con:returnProperties>
        <con:entry>res_biId</con:entry>
      </con:returnProperties>
      <con:runMode>PARALLELL</con:runMode>
    </con:config>
  </con:testStep>
  <con:testStep type="assertionteststep" name="Assertion res_biId" id="14a20f47-f3a6-4e2d-ab69-b4286faced47">
    <con:settings/>
    <con:config xsi:type="con:AssertionTestStep" xmlns:xsi="http://www.w3.org/2001/XMLSchema-instance">
      <con:entry>
        <con:id>a8495bbc-e306-43b6-9e82-bbf94b67782d</con:id>
        <con:isGroup>false</con:isGroup>
        <con:sourceId>e6568c2c-d0fc-41b8-ac6a-72002dea9e3c</con:sourceId>
        <con:propertyName>res_biId</con:propertyName>
        <con:assertion type="Simple Contains" name="Contains" id="03857517-1cfd-4869-add0-cea1bd292f17">
          <con:configuration>
            <token>\d+</token>
            <ignoreCase>false</ignoreCase>
            <useRegEx>true</useRegEx>
          </con:configuration>
        </con:assertion>
      </con:entry>
    </con:config>
  </con:testStep>
  <con:testStep type="transfer" name="Property Transfer 9" id="860552d3-f161-4b19-8df0-8ecb294ec13c">
    <con:settings/>
    <con:config xsi:type="con:PropertyTransfersStep" xmlns:xsi="http://www.w3.org/2001/XMLSchema-instance">
      <con:transfers setNullOnMissingSource="true" transferTextContent="true" failOnError="true" ignoreEmpty="false" transferToAll="false" entitize="false" transferChildNodes="false">
        <con:name>biId</con:name>
        <con:sourceType>res_biId</con:sourceType>
        <con:sourceStep>Create end session business interaction 2</con:sourceStep>
        <con:sourcePath/>
        <con:targetType>req_biId</con:targetType>
        <con:targetStep>Cancel draft end session business interaction</con:targetStep>
        <con:targetPath/>
        <con:upgraded>true</con:upgraded>
      </con:transfers>
    </con:config>
  </con:testStep>
  <con:testStep type="calltestcase" name="Cancel draft end session business interaction" id="2b42e5c3-7c33-481a-bef7-da9803215ce0">
    <con:settings/>
    <con:config xsi:type="con:RunTestCaseStep" xmlns:xsi="http://www.w3.org/2001/XMLSchema-instance">
      <con:targetTestCase>f71ed512-d429-4621-8722-1aa656db9870</con:targetTestCase>
      <con:properties>
        <con:property>
          <con:name>req_biId</con:name>
          <con:value>317</con:value>
        </con:property>
        <con:property>
          <con:name>res_code</con:name>
          <con:value>200</con:value>
        </con:property>
      </con:properties>
      <con:returnProperties>
        <con:entry>res_code</con:entry>
      </con:returnProperties>
      <con:runMode>PARALLELL</con:runMode>
    </con:config>
  </con:testStep>
  <con:testStep type="assertionteststep" name="Assertion res_code 3" id="1f2f599b-c83e-45ec-bf46-84c897ce8ff9">
    <con:settings/>
    <con:config xsi:type="con:AssertionTestStep" xmlns:xsi="http://www.w3.org/2001/XMLSchema-instance">
      <con:entry>
        <con:id>a634fb4f-49e9-44bb-aa16-03561005ac7e</con:id>
        <con:isGroup>false</con:isGroup>
        <con:sourceId>2b42e5c3-7c33-481a-bef7-da9803215ce0</con:sourceId>
        <con:propertyName>res_code</con:propertyName>
        <con:assertion type="Simple Equals" name="Equals" id="eccdd8c5-250e-4019-91c5-680bd0e182f4">
          <con:configuration>
            <patternText>200</patternText>
            <caseSensitive>true</caseSensitive>
          </con:configuration>
        </con:assertion>
      </con:entry>
    </con:config>
  </con:testStep>
  <con:testStep type="transfer" name="Property Transfer 10" id="f9654cfa-186d-46be-8284-73c03dd3d21d">
    <con:settings/>
    <con:config xsi:type="con:PropertyTransfersStep" xmlns:xsi="http://www.w3.org/2001/XMLSchema-instance">
      <con:transfers setNullOnMissingSource="true" transferTextContent="true" failOnError="true" ignoreEmpty="false" transferToAll="false" entitize="false" transferChildNodes="false">
        <con:name>biId</con:name>
        <con:sourceType>res_biId</con:sourceType>
        <con:sourceStep>Create end session business interaction 2</con:sourceStep>
        <con:sourcePath/>
        <con:targetType>req_biId</con:targetType>
        <con:targetStep>Try to submit cancelled end session business interaction</con:targetStep>
        <con:targetPath/>
        <con:upgraded>true</con:upgraded>
      </con:transfers>
    </con:config>
  </con:testStep>
  <con:testStep type="calltestcase" name="Try to submit cancelled end session business interaction" id="56864d20-1e3c-4866-bf57-e6010df0e7b7">
    <con:settings/>
    <con:config xsi:type="con:RunTestCaseStep" xmlns:xsi="http://www.w3.org/2001/XMLSchema-instance">
      <con:targetTestCase>76a8e774-33db-4719-a8e0-3fae436007b3</con:targetTestCase>
      <con:properties>
        <con:property>
          <con:name>req_biId</con:name>
          <con:value>317</con:value>
        </con:property>
        <con:property>
          <con:name>res_biId</con:name>
          <con:value xsi:nil="true"/>
        </con:property>
        <con:property>
          <con:name>res_code</con:name>
          <con:value>400</con:value>
        </con:property>
      </con:properties>
      <con:returnProperties>
        <con:entry>res_biId</con:entry>
        <con:entry>res_code</con:entry>
      </con:returnProperties>
      <con:runMode>PARALLELL</con:runMode>
    </con:config>
  </con:testStep>
  <con:testStep type="assertionteststep" name="Assertion res_code 4" id="c4e57ad8-df4f-4d90-99d3-cae84a7544e0">
    <con:settings/>
    <con:config xsi:type="con:AssertionTestStep" xmlns:xsi="http://www.w3.org/2001/XMLSchema-instance">
      <con:entry>
        <con:id>a69313fb-583e-4d17-a979-0c97cc53cf52</con:id>
        <con:isGroup>false</con:isGroup>
        <con:sourceId>56864d20-1e3c-4866-bf57-e6010df0e7b7</con:sourceId>
        <con:propertyName>res_code</con:propertyName>
        <con:assertion type="Simple Equals" name="Equals" id="36b2cbd2-3aee-4bef-b98a-53d7663db488">
          <con:configuration>
            <patternText>400</patternText>
            <caseSensitive>true</caseSensitive>
          </con:configuration>
        </con:assertion>
      </con:entry>
    </con:config>
  </con:testStep>
  <con:properties>
    <con:property>
      <con:name>req_biIdDoesNotExist</con:name>
      <con:value>0</con:value>
    </con:property>
  </con:properties>
  <con:reportParameters/>
  <con:breakPoints>
    <con:testStepId>b77fde63-7a64-474c-a785-c6364b83f4de</con:testStepId>
    <con:status>NONE</con:status>
    <con:properties/>
  </con:breakPoints>
  <con:breakPoints>
    <con:testStepId>fd36aff7-9ba2-4972-b3c1-69201be81879</con:testStepId>
    <con:status>NONE</con:status>
    <con:properties/>
  </con:breakPoints>
  <con:breakPoints>
    <con:testStepId>ee36aec0-ab93-4615-99c7-6fd1f2bc769d</con:testStepId>
    <con:status>NONE</con:status>
    <con:properties/>
  </con:breakPoints>
  <con:breakPoints>
    <con:testStepId>2ca8d290-cdc2-4099-bf2a-32b64e74e65d</con:testStepId>
    <con:status>NONE</con:status>
    <con:properties/>
  </con:breakPoints>
  <con:breakPoints>
    <con:testStepId>0e18dcad-087e-4441-bd4b-bd44d7cd7c7d</con:testStepId>
    <con:status>NONE</con:status>
    <con:properties/>
  </con:breakPoints>
  <con:breakPoints>
    <con:testStepId>52c2a206-e3c9-4fa4-a7bf-bd2922d77257</con:testStepId>
    <con:status>NONE</con:status>
    <con:properties/>
  </con:breakPoints>
  <con:breakPoints>
    <con:testStepId>0c0eab9a-23f6-43e3-be4b-101f48e71b0f</con:testStepId>
    <con:status>NONE</con:status>
    <con:properties/>
  </con:breakPoints>
  <con:breakPoints>
    <con:testStepId>68a705bd-9709-4bf9-8366-b1740600346c</con:testStepId>
    <con:status>NONE</con:status>
    <con:properties/>
  </con:breakPoints>
  <con:breakPoints>
    <con:testStepId>40a62d49-118e-42e1-b861-46e00a33b413</con:testStepId>
    <con:status>NONE</con:status>
    <con:properties/>
  </con:breakPoints>
  <con:breakPoints>
    <con:testStepId>eff71e3e-f3fe-4aff-bb92-aa52bd983c46</con:testStepId>
    <con:status>NONE</con:status>
    <con:properties/>
  </con:breakPoints>
  <con:breakPoints>
    <con:testStepId>20a3b0cf-2102-4eac-90c7-7d90c207e8c5</con:testStepId>
    <con:status>NONE</con:status>
    <con:properties/>
  </con:breakPoints>
  <con:breakPoints>
    <con:testStepId>bdea581c-6596-46c8-a08e-894843cffae5</con:testStepId>
    <con:status>NONE</con:status>
    <con:properties/>
  </con:breakPoints>
  <con:breakPoints>
    <con:testStepId>2b926f9d-f21b-48b2-afe8-369c05318333</con:testStepId>
    <con:status>NONE</con:status>
    <con:properties/>
  </con:breakPoints>
  <con:breakPoints>
    <con:testStepId>3af3a45b-f97a-401c-9360-c4e8f7b1aca1</con:testStepId>
    <con:status>NONE</con:status>
    <con:properties/>
  </con:breakPoints>
  <con:breakPoints>
    <con:testStepId>499dc988-0e19-4c9a-8b40-7288fc47a4f5</con:testStepId>
    <con:status>NONE</con:status>
    <con:properties/>
  </con:breakPoints>
  <con:breakPoints>
    <con:testStepId>dcb1fd04-5006-4abf-b20d-e175edccbfe6</con:testStepId>
    <con:status>NONE</con:status>
    <con:properties/>
  </con:breakPoints>
  <con:breakPoints>
    <con:testStepId>e731ef6f-af26-4696-8338-334b91461618</con:testStepId>
    <con:status>NONE</con:status>
    <con:properties/>
  </con:breakPoints>
  <con:breakPoints>
    <con:testStepId>e798e3c8-1a3b-4e97-ae34-d97caa81ca04</con:testStepId>
    <con:status>NONE</con:status>
    <con:properties/>
  </con:breakPoints>
  <con:breakPoints>
    <con:testStepId>4ecc4043-0944-41b1-902b-a4485020147b</con:testStepId>
    <con:status>NONE</con:status>
    <con:properties/>
  </con:breakPoints>
  <con:breakPoints>
    <con:testStepId>3a19eaca-a85c-427e-9374-9e907435531b</con:testStepId>
    <con:status>NONE</con:status>
    <con:properties/>
  </con:breakPoints>
  <con:breakPoints>
    <con:testStepId>7c0f04fd-3f02-47db-8dee-948475f81840</con:testStepId>
    <con:status>NONE</con:status>
    <con:properties/>
  </con:breakPoints>
  <con:breakPoints>
    <con:testStepId>3291f8d0-a8b3-4948-9633-5a91ea6d2958</con:testStepId>
    <con:status>NONE</con:status>
    <con:properties/>
  </con:breakPoints>
  <con:breakPoints>
    <con:testStepId>84cc6fd2-046a-4fde-802e-46ecc0ef2ff0</con:testStepId>
    <con:status>NONE</con:status>
    <con:properties/>
  </con:breakPoints>
  <con:breakPoints>
    <con:testStepId>1c35518e-4241-45c0-8c9d-41c57c191566</con:testStepId>
    <con:status>NONE</con:status>
    <con:properties/>
  </con:breakPoints>
  <con:breakPoints>
    <con:testStepId>66a7ad94-e1e7-4ee4-a3aa-75a87d7da8c4</con:testStepId>
    <con:status>NONE</con:status>
    <con:properties/>
  </con:breakPoints>
  <con:breakPoints>
    <con:testStepId>0d4e0d26-8fad-435f-a562-e0a9860badfe</con:testStepId>
    <con:status>NONE</con:status>
    <con:properties/>
  </con:breakPoints>
  <con:breakPoints>
    <con:testStepId>a8f6c48a-53ae-493c-8f0a-ebafef8b412f</con:testStepId>
    <con:status>NONE</con:status>
    <con:properties/>
  </con:breakPoints>
  <con:breakPoints>
    <con:testStepId>44ac1d87-d64a-4dc5-b921-fc5bbc4b0d9a</con:testStepId>
    <con:status>NONE</con:status>
    <con:properties/>
  </con:breakPoints>
  <con:breakPoints>
    <con:testStepId>02bac549-be1c-4e15-8729-96c8eb926f77</con:testStepId>
    <con:status>NONE</con:status>
    <con:properties/>
  </con:breakPoints>
  <con:breakPoints>
    <con:testStepId>0cd70e6c-af5e-4751-b04b-401448b4458f</con:testStepId>
    <con:status>NONE</con:status>
    <con:properties/>
  </con:breakPoints>
  <con:breakPoints>
    <con:testStepId>90499c44-4243-4442-af9a-4a7b5311e4dd</con:testStepId>
    <con:status>NONE</con:status>
    <con:properties/>
  </con:breakPoints>
  <con:breakPoints>
    <con:testStepId>5210eeb1-51ab-4580-bb4c-39856961811f</con:testStepId>
    <con:status>NONE</con:status>
    <con:properties/>
  </con:breakPoints>
  <con:breakPoints>
    <con:testStepId>e1594558-7ddf-4079-8c2c-5f506c348536</con:testStepId>
    <con:status>NONE</con:status>
    <con:properties/>
  </con:breakPoints>
  <con:breakPoints>
    <con:testStepId>96978f44-f9f6-4f37-acd5-11097e1e193c</con:testStepId>
    <con:status>NONE</con:status>
    <con:properties/>
  </con:breakPoints>
  <con:breakPoints>
    <con:testStepId>97f47baa-b227-41d6-ac82-bd748bcfab0c</con:testStepId>
    <con:status>NONE</con:status>
    <con:properties/>
  </con:breakPoints>
  <con:breakPoints>
    <con:testStepId>50bc0444-2de7-4164-ab66-e53f957a2e87</con:testStepId>
    <con:status>NONE</con:status>
    <con:properties/>
  </con:breakPoints>
  <con:breakPoints>
    <con:testStepId>8c761d74-ec26-4de2-82a5-1c3a753ef966</con:testStepId>
    <con:status>NONE</con:status>
    <con:properties/>
  </con:breakPoints>
  <con:breakPoints>
    <con:testStepId>b82084b4-c6c9-470a-980a-81a91ca27f97</con:testStepId>
    <con:status>NONE</con:status>
    <con:properties/>
  </con:breakPoints>
  <con:breakPoints>
    <con:testStepId>f29ca490-5345-4a87-9ef9-1d0f70fca818</con:testStepId>
    <con:status>NONE</con:status>
    <con:properties/>
  </con:breakPoints>
  <con:breakPoints>
    <con:testStepId>e6568c2c-d0fc-41b8-ac6a-72002dea9e3c</con:testStepId>
    <con:status>NONE</con:status>
    <con:properties/>
  </con:breakPoints>
  <con:breakPoints>
    <con:testStepId>14a20f47-f3a6-4e2d-ab69-b4286faced47</con:testStepId>
    <con:status>NONE</con:status>
    <con:properties/>
  </con:breakPoints>
  <con:breakPoints>
    <con:testStepId>860552d3-f161-4b19-8df0-8ecb294ec13c</con:testStepId>
    <con:status>NONE</con:status>
    <con:properties/>
  </con:breakPoints>
  <con:breakPoints>
    <con:testStepId>2b42e5c3-7c33-481a-bef7-da9803215ce0</con:testStepId>
    <con:status>NONE</con:status>
    <con:properties/>
  </con:breakPoints>
  <con:breakPoints>
    <con:testStepId>1f2f599b-c83e-45ec-bf46-84c897ce8ff9</con:testStepId>
    <con:status>NONE</con:status>
    <con:properties/>
  </con:breakPoints>
  <con:breakPoints>
    <con:testStepId>f9654cfa-186d-46be-8284-73c03dd3d21d</con:testStepId>
    <con:status>NONE</con:status>
    <con:properties/>
  </con:breakPoints>
  <con:breakPoints>
    <con:testStepId>56864d20-1e3c-4866-bf57-e6010df0e7b7</con:testStepId>
    <con:status>NONE</con:status>
    <con:properties/>
  </con:breakPoints>
  <con:breakPoints>
    <con:testStepId>c4e57ad8-df4f-4d90-99d3-cae84a7544e0</con:testStepId>
    <con:status>NONE</con:status>
    <con:properties/>
  </con:breakPoints>
</con:testCase>