<?xml version="1.0" encoding="UTF-8"?>
<con:testCase id="1510b307-eb3e-4251-9f00-0d74fdf66c78" discardOkResults="true" failOnError="true" failTestCaseOnErrors="true" keepSession="false" name="Test Case 1" searchProperties="true" timeout="0" xmlns:con="http://eviware.com/soapui/config">
  <con:settings>
    <con:setting id="1510b307-eb3e-4251-9f00-0d74fdf66c78fileName">Test-Case-1</con:setting>
  </con:settings>
  <con:testStep type="properties" name="Given properties for the test steps" id="38869d62-5b2e-444e-ba3b-c84156bbb360">
    <con:settings/>
    <con:config xsi:type="con:PropertiesStep" saveFirst="true" xmlns:xsi="http://www.w3.org/2001/XMLSchema-instance">
      <con:properties>
        <con:property>
          <con:name>biId</con:name>
          <con:value>182</con:value>
        </con:property>
        <con:property>
          <con:name>biSpecCode</con:name>
          <con:value>BISPECCODE</con:value>
        </con:property>
        <con:property>
          <con:name>compositePlaceName</con:name>
          <con:value>compositePlace-Name</con:value>
        </con:property>
        <con:property>
          <con:name>errorMessageBiIdNotFound</con:name>
          <con:value>BI_WITH_ID_NOT_FOUND</con:value>
        </con:property>
        <con:property>
          <con:name>errorMessageBiSpecCodeMustBeProvided</con:name>
          <con:value>BUSINESS_INTERACTION_CODE_MUST_BE_PROVIDED</con:value>
        </con:property>
        <con:property>
          <con:name>errorMessageCompositeCannotBeIncoming</con:name>
          <con:value>COMPOSITE_PLACE_ITEM_CANNOT_BE_INCOMING_TYPE</con:value>
        </con:property>
        <con:property>
          <con:name>errorMessageCompositePlaceAlreadyExist</con:name>
          <con:value>COMPOSITE_PLACE_INVENTORY_ALREADY_EXISTS</con:value>
        </con:property>
        <con:property>
          <con:name>errorMessageCompositePlaceNameNotSet</con:name>
          <con:value>COMPOSITE_PLACE_NAME_IS_NOT_SET</con:value>
        </con:property>
        <con:property>
          <con:name>errorMessagePlaceNotFound</con:name>
          <con:value>PLACE_NOT_FOUND</con:value>
        </con:property>
        <con:property>
          <con:name>errorMessageUserNotInThatSalesOrganization</con:name>
          <con:value>USER_WITH_ID_IS_NOT_IN_SALES_ORGANIZATION_WITH_ID</con:value>
        </con:property>
        <con:property>
          <con:name>httpCode201</con:name>
          <con:value>201</con:value>
        </con:property>
        <con:property>
          <con:name>httpCode400</con:name>
          <con:value>400</con:value>
        </con:property>
        <con:property>
          <con:name>incomingPlaceId</con:name>
          <con:value>83</con:value>
        </con:property>
        <con:property>
          <con:name>inventoryId</con:name>
          <con:value>162</con:value>
        </con:property>
        <con:property>
          <con:name>inventoryTypeSales</con:name>
          <con:value>1</con:value>
        </con:property>
        <con:property>
          <con:name>nonExistingId</con:name>
          <con:value>-1</con:value>
        </con:property>
        <con:property>
          <con:name>placeId</con:name>
          <con:value>84</con:value>
        </con:property>
        <con:property>
          <con:name>placeId2</con:name>
          <con:value>85</con:value>
        </con:property>
        <con:property>
          <con:name>propertyValue1</con:name>
          <con:value>1</con:value>
        </con:property>
        <con:property>
          <con:name>soExtId</con:name>
          <con:value>sales-73c22522-ca46-4209-bcd6-ce6c09240ae8</con:value>
        </con:property>
        <con:property>
          <con:name>soId</con:name>
          <con:value>159</con:value>
        </con:property>
        <con:property>
          <con:name>userId</con:name>
          <con:value>161</con:value>
        </con:property>
      </con:properties>
    </con:config>
  </con:testStep>
  <con:testStep type="calltestcase" name="Create so, user and inventory" id="42e9c69c-f6e6-4abe-ab4d-161483b69530">
    <con:settings/>
    <con:config xsi:type="con:RunTestCaseStep" xmlns:xsi="http://www.w3.org/2001/XMLSchema-instance">
      <con:targetTestCase>b74217bc-b1f9-4207-9e50-6b2f68674c57</con:targetTestCase>
      <con:properties>
        <con:property>
          <con:name>res_soId</con:name>
          <con:value>159</con:value>
        </con:property>
        <con:property>
          <con:name>res_userId</con:name>
          <con:value>161</con:value>
        </con:property>
        <con:property>
          <con:name>res_terminalId</con:name>
        </con:property>
        <con:property>
          <con:name>res_inventoryId</con:name>
          <con:value>162</con:value>
        </con:property>
        <con:property>
          <con:name>res_placeId</con:name>
          <con:value>84</con:value>
        </con:property>
        <con:property>
          <con:name>res_soExtId</con:name>
          <con:value>sales-73c22522-ca46-4209-bcd6-ce6c09240ae8</con:value>
        </con:property>
        <con:property>
          <con:name>res_incomingPlaceId</con:name>
          <con:value>83</con:value>
        </con:property>
      </con:properties>
      <con:returnProperties>
        <con:entry>res_soId</con:entry>
        <con:entry>res_userId</con:entry>
        <con:entry>res_inventoryId</con:entry>
        <con:entry>res_placeId</con:entry>
        <con:entry>res_soExtId</con:entry>
        <con:entry>res_incomingPlaceId</con:entry>
      </con:returnProperties>
      <con:runMode>PARALLELL</con:runMode>
    </con:config>
  </con:testStep>
  <con:testStep type="assertionteststep" name="Assertion create so and user" id="e9a87930-00f7-4399-bf7a-6434b81cc29d">
    <con:settings/>
    <con:config xsi:type="con:AssertionTestStep" xmlns:xsi="http://www.w3.org/2001/XMLSchema-instance">
      <con:entry>
        <con:id>e0fea8b0-784b-4b78-9643-76526c7f9450</con:id>
        <con:isGroup>false</con:isGroup>
        <con:sourceId>42e9c69c-f6e6-4abe-ab4d-161483b69530</con:sourceId>
        <con:propertyName>res_userId</con:propertyName>
        <con:assertion type="Simple Contains" name="Contains" id="cd1a7375-6d4d-4f90-a935-466d89566860">
          <con:configuration>
            <token>\d+</token>
            <ignoreCase>false</ignoreCase>
            <useRegEx>true</useRegEx>
          </con:configuration>
        </con:assertion>
      </con:entry>
      <con:entry>
        <con:id>009c5e79-3b3c-41c8-a703-07e7162b9dca</con:id>
        <con:isGroup>false</con:isGroup>
        <con:sourceId>42e9c69c-f6e6-4abe-ab4d-161483b69530</con:sourceId>
        <con:propertyName>res_soId</con:propertyName>
        <con:assertion type="Simple Contains" name="Contains 2" id="9e3fd77d-08c3-411d-b1ee-ff8aa0bc1df3">
          <con:configuration>
            <token>\d+</token>
            <ignoreCase>false</ignoreCase>
            <useRegEx>true</useRegEx>
          </con:configuration>
        </con:assertion>
      </con:entry>
    </con:config>
  </con:testStep>
  <con:testStep type="transfer" name="Property Transfer so, user and inventory" id="f92d772c-8aa7-430d-85ce-d211d6bf4eac">
    <con:settings/>
    <con:config xsi:type="con:PropertyTransfersStep" xmlns:xsi="http://www.w3.org/2001/XMLSchema-instance">
      <con:transfers setNullOnMissingSource="true" transferTextContent="true" failOnError="true" ignoreEmpty="false" transferToAll="false" entitize="false" transferChildNodes="false">
        <con:name>userId</con:name>
        <con:sourceType>res_userId</con:sourceType>
        <con:sourceStep>Create so, user and inventory</con:sourceStep>
        <con:sourcePath/>
        <con:targetType>userId</con:targetType>
        <con:targetStep>Given properties for the test steps</con:targetStep>
        <con:targetPath/>
        <con:upgraded>true</con:upgraded>
      </con:transfers>
      <con:transfers setNullOnMissingSource="true" transferTextContent="true" failOnError="true" ignoreEmpty="false" transferToAll="false" entitize="false" transferChildNodes="false">
        <con:name>soId</con:name>
        <con:sourceType>res_soId</con:sourceType>
        <con:sourceStep>Create so, user and inventory</con:sourceStep>
        <con:targetType>soId</con:targetType>
        <con:targetStep>Given properties for the test steps</con:targetStep>
        <con:upgraded>true</con:upgraded>
      </con:transfers>
      <con:transfers setNullOnMissingSource="true" transferTextContent="true" failOnError="true" ignoreEmpty="false" transferToAll="false" entitize="false" transferChildNodes="false">
        <con:name>inventory</con:name>
        <con:sourceType>res_inventoryId</con:sourceType>
        <con:sourceStep>Create so, user and inventory</con:sourceStep>
        <con:targetType>inventoryId</con:targetType>
        <con:targetStep>Given properties for the test steps</con:targetStep>
        <con:upgraded>true</con:upgraded>
      </con:transfers>
      <con:transfers setNullOnMissingSource="true" transferTextContent="true" failOnError="true" ignoreEmpty="false" transferToAll="false" entitize="false" transferChildNodes="false">
        <con:name>incomingPlaceId</con:name>
        <con:sourceType>res_incomingPlaceId</con:sourceType>
        <con:sourceStep>Create so, user and inventory</con:sourceStep>
        <con:targetType>incomingPlaceId</con:targetType>
        <con:targetStep>Given properties for the test steps</con:targetStep>
        <con:upgraded>true</con:upgraded>
      </con:transfers>
      <con:transfers setNullOnMissingSource="true" transferTextContent="true" failOnError="true" ignoreEmpty="false" transferToAll="false" entitize="false" transferChildNodes="false">
        <con:name>placeId</con:name>
        <con:sourceType>res_placeId</con:sourceType>
        <con:sourceStep>Create so, user and inventory</con:sourceStep>
        <con:targetType>placeId</con:targetType>
        <con:targetStep>Given properties for the test steps</con:targetStep>
        <con:upgraded>true</con:upgraded>
      </con:transfers>
      <con:transfers setNullOnMissingSource="true" transferTextContent="true" failOnError="true" ignoreEmpty="false" transferToAll="false" entitize="false" transferChildNodes="false">
        <con:name>soExtId</con:name>
        <con:sourceType>res_soExtId</con:sourceType>
        <con:sourceStep>Create so, user and inventory</con:sourceStep>
        <con:targetType>soExtId</con:targetType>
        <con:targetStep>Given properties for the test steps</con:targetStep>
        <con:upgraded>true</con:upgraded>
      </con:transfers>
    </con:config>
  </con:testStep>
  <con:testStep type="transfer" name="Set create inventory" id="c78e9600-d7f9-4ce7-be99-1fbb6e7067e3">
    <con:settings/>
    <con:config xsi:type="con:PropertyTransfersStep" xmlns:xsi="http://www.w3.org/2001/XMLSchema-instance">
      <con:transfers setNullOnMissingSource="true" transferTextContent="true" failOnError="true" ignoreEmpty="false" transferToAll="false" entitize="false" transferChildNodes="false">
        <con:name>userId</con:name>
        <con:sourceType>userId</con:sourceType>
        <con:sourceStep>Given properties for the test steps</con:sourceStep>
        <con:sourcePath/>
        <con:targetType>req_userId</con:targetType>
        <con:targetStep>Create inventory</con:targetStep>
        <con:targetPath/>
        <con:upgraded>true</con:upgraded>
      </con:transfers>
      <con:transfers setNullOnMissingSource="true" transferTextContent="true" failOnError="true" ignoreEmpty="false" transferToAll="false" entitize="false" transferChildNodes="false">
        <con:name>soId</con:name>
        <con:sourceType>soId</con:sourceType>
        <con:sourceStep>Given properties for the test steps</con:sourceStep>
        <con:targetType>req_soId</con:targetType>
        <con:targetStep>Create inventory</con:targetStep>
        <con:upgraded>true</con:upgraded>
      </con:transfers>
      <con:transfers setNullOnMissingSource="true" transferTextContent="true" failOnError="true" ignoreEmpty="false" transferToAll="false" entitize="false" transferChildNodes="false">
        <con:name>soExtId</con:name>
        <con:sourceType>soExtId</con:sourceType>
        <con:sourceStep>Given properties for the test steps</con:sourceStep>
        <con:targetType>req_soExtId</con:targetType>
        <con:targetStep>Create inventory</con:targetStep>
        <con:upgraded>true</con:upgraded>
      </con:transfers>
      <con:transfers setNullOnMissingSource="true" transferTextContent="true" failOnError="true" ignoreEmpty="false" transferToAll="false" entitize="false" transferChildNodes="false">
        <con:name>inventoryType</con:name>
        <con:sourceType>inventoryTypeSales</con:sourceType>
        <con:sourceStep>Given properties for the test steps</con:sourceStep>
        <con:targetType>req_inventoryType</con:targetType>
        <con:targetStep>Create inventory</con:targetStep>
        <con:upgraded>true</con:upgraded>
      </con:transfers>
    </con:config>
  </con:testStep>
  <con:testStep type="calltestcase" name="Create inventory" id="510bc8e1-a067-4e21-81f9-e33e3589d613">
    <con:settings/>
    <con:config xsi:type="con:RunTestCaseStep" xmlns:xsi="http://www.w3.org/2001/XMLSchema-instance">
      <con:targetTestCase>874eeb1a-3f0c-4601-95a7-6522c7479b61</con:targetTestCase>
      <con:properties>
        <con:property>
          <con:name>req_userId</con:name>
          <con:value>161</con:value>
        </con:property>
        <con:property>
          <con:name>req_soId</con:name>
          <con:value>159</con:value>
        </con:property>
        <con:property>
          <con:name>req_soExtId</con:name>
          <con:value>sales-73c22522-ca46-4209-bcd6-ce6c09240ae8</con:value>
        </con:property>
        <con:property>
          <con:name>req_inventoryType</con:name>
          <con:value>1</con:value>
        </con:property>
        <con:property>
          <con:name>res_biId</con:name>
        </con:property>
        <con:property>
          <con:name>res_inventorySpecId</con:name>
        </con:property>
        <con:property>
          <con:name>res_inventoryId</con:name>
          <con:value>163</con:value>
        </con:property>
        <con:property>
          <con:name>res_placeId</con:name>
          <con:value>85</con:value>
        </con:property>
      </con:properties>
      <con:returnProperties>
        <con:entry>res_inventoryId</con:entry>
        <con:entry>res_placeId</con:entry>
      </con:returnProperties>
      <con:runMode>PARALLELL</con:runMode>
    </con:config>
  </con:testStep>
  <con:testStep type="assertionteststep" name="Assertion create inventory" id="f0e38930-9038-4fd8-bc9a-2e87d14081ee">
    <con:settings/>
    <con:config xsi:type="con:AssertionTestStep" xmlns:xsi="http://www.w3.org/2001/XMLSchema-instance">
      <con:entry>
        <con:id>28399d3c-9729-4ae6-800b-80b80fd242b6</con:id>
        <con:isGroup>false</con:isGroup>
        <con:sourceId>510bc8e1-a067-4e21-81f9-e33e3589d613</con:sourceId>
        <con:propertyName>res_inventoryId</con:propertyName>
        <con:assertion type="Simple Contains" name="Contains" id="9ebe4532-8740-4a78-8c10-a90a220d783c">
          <con:configuration>
            <token>\d+</token>
            <ignoreCase>false</ignoreCase>
            <useRegEx>true</useRegEx>
          </con:configuration>
        </con:assertion>
      </con:entry>
      <con:entry>
        <con:id>5780475c-bd83-4df6-b912-128d77fb2b71</con:id>
        <con:isGroup>false</con:isGroup>
        <con:sourceId>510bc8e1-a067-4e21-81f9-e33e3589d613</con:sourceId>
        <con:propertyName>res_placeId</con:propertyName>
        <con:assertion type="Simple Contains" name="Contains 2" id="fa61b3c4-275c-4a37-868e-775f82591422">
          <con:configuration>
            <token>\d+</token>
            <ignoreCase>false</ignoreCase>
            <useRegEx>true</useRegEx>
          </con:configuration>
        </con:assertion>
      </con:entry>
    </con:config>
  </con:testStep>
  <con:testStep type="transfer" name="Property Transfer placeId" id="6d528ffb-0b51-4f72-af7f-4facc8dc3dd9">
    <con:settings/>
    <con:config xsi:type="con:PropertyTransfersStep" xmlns:xsi="http://www.w3.org/2001/XMLSchema-instance">
      <con:transfers setNullOnMissingSource="true" transferTextContent="true" failOnError="true" ignoreEmpty="false" transferToAll="false" entitize="false" transferChildNodes="false">
        <con:name>placeId</con:name>
        <con:sourceType>res_placeId</con:sourceType>
        <con:sourceStep>Create inventory</con:sourceStep>
        <con:sourcePath/>
        <con:targetType>placeId2</con:targetType>
        <con:targetStep>Given properties for the test steps</con:targetStep>
        <con:targetPath/>
        <con:upgraded>true</con:upgraded>
      </con:transfers>
    </con:config>
  </con:testStep>
  <con:testStep type="transfer" name="Set create composite place bi without biSpecCode" id="49e1b3ea-9409-4f2a-8374-316be43d4663">
    <con:settings/>
    <con:config xsi:type="con:PropertyTransfersStep" xmlns:xsi="http://www.w3.org/2001/XMLSchema-instance">
      <con:transfers setNullOnMissingSource="true" transferTextContent="true" failOnError="true" ignoreEmpty="false" transferToAll="false" entitize="false" transferChildNodes="false">
        <con:name>userId</con:name>
        <con:sourceType>userId</con:sourceType>
        <con:sourceStep>Given properties for the test steps</con:sourceStep>
        <con:sourcePath/>
        <con:targetType>req_userId</con:targetType>
        <con:targetStep>Create composite place bi without biSpecCode</con:targetStep>
        <con:targetPath/>
        <con:upgraded>true</con:upgraded>
      </con:transfers>
      <con:transfers setNullOnMissingSource="true" transferTextContent="true" failOnError="true" ignoreEmpty="false" transferToAll="false" entitize="false" transferChildNodes="false">
        <con:name>soId</con:name>
        <con:sourceType>soId</con:sourceType>
        <con:sourceStep>Given properties for the test steps</con:sourceStep>
        <con:targetType>req_soId</con:targetType>
        <con:targetStep>Create composite place bi without biSpecCode</con:targetStep>
        <con:upgraded>true</con:upgraded>
      </con:transfers>
    </con:config>
  </con:testStep>
  <con:testStep type="calltestcase" name="Create composite place bi without biSpecCode" id="74d279f1-99fc-4f03-8dea-166415f702d5">
    <con:settings/>
    <con:config xsi:type="con:RunTestCaseStep" xmlns:xsi="http://www.w3.org/2001/XMLSchema-instance">
      <con:targetTestCase>c1e68ddc-c287-40bd-8e57-64afad98f0ab</con:targetTestCase>
      <con:properties>
        <con:property>
          <con:name>req_userId</con:name>
          <con:value>161</con:value>
        </con:property>
        <con:property>
          <con:name>req_soId</con:name>
          <con:value>159</con:value>
        </con:property>
        <con:property>
          <con:name>req_biSpecCode</con:name>
          <con:value xsi:nil="true"/>
        </con:property>
        <con:property>
          <con:name>res_httpCode</con:name>
          <con:value>400</con:value>
        </con:property>
        <con:property>
          <con:name>res_errorMessage</con:name>
          <con:value>BUSINESS_INTERACTION_CODE_MUST_BE_PROVIDED</con:value>
        </con:property>
        <con:property>
          <con:name>res_biId</con:name>
          <con:value xsi:nil="true"/>
        </con:property>
      </con:properties>
      <con:returnProperties>
        <con:entry>res_httpCode</con:entry>
        <con:entry>res_errorMessage</con:entry>
        <con:entry>res_biId</con:entry>
      </con:returnProperties>
      <con:runMode>PARALLELL</con:runMode>
    </con:config>
  </con:testStep>
  <con:testStep type="assertionteststep" name="Assertion create composite place bi without biSpecCode" id="c125bb9e-1b18-4dbf-aa85-a06a17d9472e">
    <con:settings/>
    <con:config xsi:type="con:AssertionTestStep" xmlns:xsi="http://www.w3.org/2001/XMLSchema-instance">
      <con:entry>
        <con:id>3cd658b3-b0f8-4b89-8d0f-5597f9c4d677</con:id>
        <con:isGroup>false</con:isGroup>
        <con:sourceId>74d279f1-99fc-4f03-8dea-166415f702d5</con:sourceId>
        <con:propertyName>res_httpCode</con:propertyName>
        <con:assertion type="Simple Equals" name="Equals" id="7d9008ba-1afe-46ac-8559-366ef20cb3d5">
          <con:configuration>
            <patternObjectId>38869d62-5b2e-444e-ba3b-c84156bbb360</patternObjectId>
            <patternProperty>httpCode400</patternProperty>
            <caseSensitive>true</caseSensitive>
          </con:configuration>
        </con:assertion>
      </con:entry>
      <con:entry>
        <con:id>758c62af-b28d-4266-b3c5-ff2f9fd16c20</con:id>
        <con:isGroup>false</con:isGroup>
        <con:sourceId>74d279f1-99fc-4f03-8dea-166415f702d5</con:sourceId>
        <con:propertyName>res_errorMessage</con:propertyName>
        <con:assertion type="Simple Equals" name="Equals 2" id="41584b05-f967-457b-969b-be19e44f6233">
          <con:configuration>
            <patternObjectId>38869d62-5b2e-444e-ba3b-c84156bbb360</patternObjectId>
            <patternProperty>errorMessageBiSpecCodeMustBeProvided</patternProperty>
            <caseSensitive>true</caseSensitive>
          </con:configuration>
        </con:assertion>
      </con:entry>
    </con:config>
  </con:testStep>
  <con:testStep type="transfer" name="Set create composite place with none associate user" id="a919cc4f-a859-4b31-8904-a00eced3fcc6">
    <con:settings/>
    <con:config xsi:type="con:PropertyTransfersStep" xmlns:xsi="http://www.w3.org/2001/XMLSchema-instance">
      <con:transfers setNullOnMissingSource="true" transferTextContent="true" failOnError="true" ignoreEmpty="false" transferToAll="false" entitize="false" transferChildNodes="false">
        <con:name>userId</con:name>
        <con:sourceType>DefaultUserRoleId</con:sourceType>
        <con:sourceStep>#Project#</con:sourceStep>
        <con:sourcePath/>
        <con:targetType>req_userId</con:targetType>
        <con:targetStep>Create composite place with none associate user</con:targetStep>
        <con:targetPath/>
        <con:upgraded>true</con:upgraded>
      </con:transfers>
      <con:transfers setNullOnMissingSource="true" transferTextContent="true" failOnError="true" ignoreEmpty="false" transferToAll="false" entitize="false" transferChildNodes="false">
        <con:name>soId</con:name>
        <con:sourceType>soId</con:sourceType>
        <con:sourceStep>Given properties for the test steps</con:sourceStep>
        <con:targetType>req_soId</con:targetType>
        <con:targetStep>Create composite place with none associate user</con:targetStep>
        <con:upgraded>true</con:upgraded>
      </con:transfers>
      <con:transfers setNullOnMissingSource="true" transferTextContent="true" failOnError="true" ignoreEmpty="false" transferToAll="false" entitize="false" transferChildNodes="false">
        <con:name>biSpecCode</con:name>
        <con:sourceType>biSpecCode</con:sourceType>
        <con:sourceStep>Given properties for the test steps</con:sourceStep>
        <con:targetType>req_biSpecCode</con:targetType>
        <con:targetStep>Create composite place with none associate user</con:targetStep>
        <con:upgraded>true</con:upgraded>
      </con:transfers>
    </con:config>
  </con:testStep>
  <con:testStep type="calltestcase" name="Create composite place with none associate user" id="fce5b242-3d7f-4bd6-a24d-f65df3f0528d">
    <con:settings/>
    <con:config xsi:type="con:RunTestCaseStep" xmlns:xsi="http://www.w3.org/2001/XMLSchema-instance">
      <con:targetTestCase>2c6e3178-d430-4960-adfb-ed048a0e5d4e</con:targetTestCase>
      <con:properties>
        <con:property>
          <con:name>req_userId</con:name>
          <con:value>2</con:value>
        </con:property>
        <con:property>
          <con:name>req_soId</con:name>
          <con:value>159</con:value>
        </con:property>
        <con:property>
          <con:name>req_biSpecCode</con:name>
          <con:value>BISPECCODE</con:value>
        </con:property>
        <con:property>
          <con:name>res_httpCode</con:name>
          <con:value>400</con:value>
        </con:property>
        <con:property>
          <con:name>res_errorMessage</con:name>
          <con:value>USER_WITH_ID_IS_NOT_IN_SALES_ORGANIZATION_WITH_ID</con:value>
        </con:property>
        <con:property>
          <con:name>res_biId</con:name>
          <con:value xsi:nil="true"/>
        </con:property>
      </con:properties>
      <con:returnProperties>
        <con:entry>res_httpCode</con:entry>
        <con:entry>res_errorMessage</con:entry>
        <con:entry>res_biId</con:entry>
      </con:returnProperties>
      <con:runMode>PARALLELL</con:runMode>
    </con:config>
  </con:testStep>
  <con:testStep type="assertionteststep" name="Assertion create composite place with none associate user" id="9a8ed860-a295-4147-a616-78fca978d444">
    <con:settings/>
    <con:config xsi:type="con:AssertionTestStep" xmlns:xsi="http://www.w3.org/2001/XMLSchema-instance">
      <con:entry>
        <con:id>e11ac87e-d5e0-4b33-93c8-fa543949000f</con:id>
        <con:isGroup>false</con:isGroup>
        <con:sourceId>fce5b242-3d7f-4bd6-a24d-f65df3f0528d</con:sourceId>
        <con:propertyName>res_httpCode</con:propertyName>
        <con:assertion type="Simple Equals" name="Equals" id="1723db17-4f7b-4e6e-92b7-f0621d96dbc7">
          <con:configuration>
            <patternObjectId>38869d62-5b2e-444e-ba3b-c84156bbb360</patternObjectId>
            <patternProperty>httpCode400</patternProperty>
            <caseSensitive>true</caseSensitive>
          </con:configuration>
        </con:assertion>
      </con:entry>
      <con:entry>
        <con:id>ba2fa980-c601-4381-b0ab-8c3c5530c537</con:id>
        <con:isGroup>false</con:isGroup>
        <con:sourceId>fce5b242-3d7f-4bd6-a24d-f65df3f0528d</con:sourceId>
        <con:propertyName>res_errorMessage</con:propertyName>
        <con:assertion type="Simple Equals" name="Equals 2" id="24dc0e89-4043-403c-8843-3782ad311ee8">
          <con:configuration>
            <patternObjectId>38869d62-5b2e-444e-ba3b-c84156bbb360</patternObjectId>
            <patternProperty>errorMessageUserNotInThatSalesOrganization</patternProperty>
            <caseSensitive>true</caseSensitive>
          </con:configuration>
        </con:assertion>
      </con:entry>
    </con:config>
  </con:testStep>
  <con:testStep type="transfer" name="Set submit create composite place with none existing biId" id="1971d8eb-e30f-4871-aa82-aac33ef16c23">
    <con:settings/>
    <con:config xsi:type="con:PropertyTransfersStep" xmlns:xsi="http://www.w3.org/2001/XMLSchema-instance">
      <con:transfers setNullOnMissingSource="true" transferTextContent="true" failOnError="true" ignoreEmpty="false" transferToAll="false" entitize="false" transferChildNodes="false">
        <con:name>biId</con:name>
        <con:sourceType>nonExistingId</con:sourceType>
        <con:sourceStep>Given properties for the test steps</con:sourceStep>
        <con:sourcePath/>
        <con:targetType>req_biId</con:targetType>
        <con:targetStep>Submit create composite place with none existing biId</con:targetStep>
        <con:targetPath/>
        <con:upgraded>true</con:upgraded>
      </con:transfers>
    </con:config>
  </con:testStep>
  <con:testStep type="calltestcase" name="Submit create composite place with none existing biId" id="0dcfaed5-19a0-48b2-88a0-924583ce45cf">
    <con:settings/>
    <con:config xsi:type="con:RunTestCaseStep" xmlns:xsi="http://www.w3.org/2001/XMLSchema-instance">
      <con:targetTestCase>124541bb-2963-469c-be1b-3c34822c02d1</con:targetTestCase>
      <con:properties>
        <con:property>
          <con:name>req_biId</con:name>
          <con:value>-1</con:value>
        </con:property>
        <con:property>
          <con:name>res_httpCode</con:name>
          <con:value>400</con:value>
        </con:property>
        <con:property>
          <con:name>res_errorMessage</con:name>
          <con:value>BI_WITH_ID_NOT_FOUND</con:value>
        </con:property>
        <con:property>
          <con:name>res_biId</con:name>
          <con:value xsi:nil="true"/>
        </con:property>
      </con:properties>
      <con:returnProperties>
        <con:entry>res_httpCode</con:entry>
        <con:entry>res_errorMessage</con:entry>
        <con:entry>res_biId</con:entry>
      </con:returnProperties>
      <con:runMode>PARALLELL</con:runMode>
    </con:config>
  </con:testStep>
  <con:testStep type="assertionteststep" name="Assertion submit create composite place with none existing biId" id="c505bda9-6295-475c-9c95-a31eb3b18bdc">
    <con:settings/>
    <con:config xsi:type="con:AssertionTestStep" xmlns:xsi="http://www.w3.org/2001/XMLSchema-instance">
      <con:entry>
        <con:id>9b51c83b-aee9-4f29-8cf8-7164c266f82d</con:id>
        <con:isGroup>false</con:isGroup>
        <con:sourceId>0dcfaed5-19a0-48b2-88a0-924583ce45cf</con:sourceId>
        <con:propertyName>res_errorMessage</con:propertyName>
        <con:assertion type="Simple Equals" name="Equals" id="6e428dba-261d-4d0a-94fd-198c6dceecf0">
          <con:configuration>
            <patternObjectId>38869d62-5b2e-444e-ba3b-c84156bbb360</patternObjectId>
            <patternProperty>errorMessageBiIdNotFound</patternProperty>
            <caseSensitive>true</caseSensitive>
          </con:configuration>
        </con:assertion>
      </con:entry>
      <con:entry>
        <con:id>da827693-9c7d-4325-a1e6-20156f499a74</con:id>
        <con:isGroup>false</con:isGroup>
        <con:sourceId>0dcfaed5-19a0-48b2-88a0-924583ce45cf</con:sourceId>
        <con:propertyName>res_httpCode</con:propertyName>
        <con:assertion type="Simple Equals" name="Equals 2" id="01071deb-d393-4cad-bc8e-c841e99b2a3c">
          <con:configuration>
            <patternObjectId>38869d62-5b2e-444e-ba3b-c84156bbb360</patternObjectId>
            <patternProperty>httpCode400</patternProperty>
            <caseSensitive>true</caseSensitive>
          </con:configuration>
        </con:assertion>
      </con:entry>
    </con:config>
  </con:testStep>
  <con:testStep type="transfer" name="Set add create composite place item with none existing biId" id="69aed3ee-d4ed-4c13-9383-9dfa6b63dbf3">
    <con:settings/>
    <con:config xsi:type="con:PropertyTransfersStep" xmlns:xsi="http://www.w3.org/2001/XMLSchema-instance">
      <con:transfers setNullOnMissingSource="true" transferTextContent="true" failOnError="true" ignoreEmpty="false" transferToAll="false" entitize="false" transferChildNodes="false">
        <con:name>biId</con:name>
        <con:sourceType>nonExistingId</con:sourceType>
        <con:sourceStep>Given properties for the test steps</con:sourceStep>
        <con:sourcePath/>
        <con:targetType>req_biId</con:targetType>
        <con:targetStep>Add create composite place item with none existing biId</con:targetStep>
        <con:targetPath/>
        <con:upgraded>true</con:upgraded>
      </con:transfers>
      <con:transfers setNullOnMissingSource="true" transferTextContent="true" failOnError="true" ignoreEmpty="false" transferToAll="false" entitize="false" transferChildNodes="false">
        <con:name>inventoryId</con:name>
        <con:sourceType>inventoryId</con:sourceType>
        <con:sourceStep>Given properties for the test steps</con:sourceStep>
        <con:targetType>req_placeId</con:targetType>
        <con:targetStep>Add create composite place item with none existing biId</con:targetStep>
        <con:upgraded>true</con:upgraded>
      </con:transfers>
      <con:transfers setNullOnMissingSource="true" transferTextContent="true" failOnError="true" ignoreEmpty="false" transferToAll="false" entitize="false" transferChildNodes="false">
        <con:name>propertyValue</con:name>
        <con:sourceType>propertyValue1</con:sourceType>
        <con:sourceStep>Given properties for the test steps</con:sourceStep>
        <con:targetType>req_propertyValue</con:targetType>
        <con:targetStep>Add create composite place item with none existing biId</con:targetStep>
        <con:upgraded>true</con:upgraded>
      </con:transfers>
    </con:config>
  </con:testStep>
  <con:testStep type="calltestcase" name="Add create composite place item with none existing biId" id="ddd4d202-f4ed-4d52-a183-35d4d788171f">
    <con:settings/>
    <con:config xsi:type="con:RunTestCaseStep" xmlns:xsi="http://www.w3.org/2001/XMLSchema-instance">
      <con:targetTestCase>59d6cdd0-9c5b-4cec-94fc-823f9bc3c385</con:targetTestCase>
      <con:properties>
        <con:property>
          <con:name>req_placeId</con:name>
          <con:value>162</con:value>
        </con:property>
        <con:property>
          <con:name>req_propertyValue</con:name>
          <con:value>1</con:value>
        </con:property>
        <con:property>
          <con:name>res_httpCode</con:name>
          <con:value>400</con:value>
        </con:property>
        <con:property>
          <con:name>res_errorMessage</con:name>
          <con:value>BI_WITH_ID_NOT_FOUND</con:value>
        </con:property>
        <con:property>
          <con:name>res_itemId</con:name>
          <con:value xsi:nil="true"/>
        </con:property>
        <con:property>
          <con:name>req_biId</con:name>
          <con:value>-1</con:value>
        </con:property>
      </con:properties>
      <con:returnProperties>
        <con:entry>res_httpCode</con:entry>
        <con:entry>res_errorMessage</con:entry>
        <con:entry>res_itemId</con:entry>
      </con:returnProperties>
      <con:runMode>PARALLELL</con:runMode>
    </con:config>
  </con:testStep>
  <con:testStep type="assertionteststep" name="Assertion add create composite place item with none existing biId" id="1b188c80-68ca-4120-bd94-03d6570f502f">
    <con:settings/>
    <con:config xsi:type="con:AssertionTestStep" xmlns:xsi="http://www.w3.org/2001/XMLSchema-instance">
      <con:entry>
        <con:id>1143fe67-ecfe-417f-bb36-054ba67e2f86</con:id>
        <con:isGroup>false</con:isGroup>
        <con:sourceId>ddd4d202-f4ed-4d52-a183-35d4d788171f</con:sourceId>
        <con:propertyName>res_httpCode</con:propertyName>
        <con:assertion type="Simple Equals" name="Equals" id="397e61aa-172d-4917-998d-d1abf2502661">
          <con:configuration>
            <patternObjectId>38869d62-5b2e-444e-ba3b-c84156bbb360</patternObjectId>
            <patternProperty>httpCode400</patternProperty>
            <caseSensitive>true</caseSensitive>
          </con:configuration>
        </con:assertion>
      </con:entry>
      <con:entry>
        <con:id>a30e4a78-29de-48c9-b9ba-47a63b5746b1</con:id>
        <con:isGroup>false</con:isGroup>
        <con:sourceId>ddd4d202-f4ed-4d52-a183-35d4d788171f</con:sourceId>
        <con:propertyName>res_errorMessage</con:propertyName>
        <con:assertion type="Simple Equals" name="Equals 2" id="311f1e22-ec71-4358-9755-e571da03e781">
          <con:configuration>
            <patternObjectId>38869d62-5b2e-444e-ba3b-c84156bbb360</patternObjectId>
            <patternProperty>errorMessageBiIdNotFound</patternProperty>
            <caseSensitive>true</caseSensitive>
          </con:configuration>
        </con:assertion>
      </con:entry>
    </con:config>
  </con:testStep>
  <con:testStep type="transfer" name="Set create composite place item bi" id="3569924d-3348-4679-8d9a-409d57cda7ea">
    <con:settings/>
    <con:config xsi:type="con:PropertyTransfersStep" xmlns:xsi="http://www.w3.org/2001/XMLSchema-instance">
      <con:transfers setNullOnMissingSource="true" transferTextContent="true" failOnError="true" ignoreEmpty="false" transferToAll="false" entitize="false" transferChildNodes="false">
        <con:name>userId</con:name>
        <con:sourceType>userId</con:sourceType>
        <con:sourceStep>Given properties for the test steps</con:sourceStep>
        <con:sourcePath/>
        <con:targetType>req_userId</con:targetType>
        <con:targetStep>Create composite place item bi</con:targetStep>
        <con:targetPath/>
        <con:upgraded>true</con:upgraded>
      </con:transfers>
      <con:transfers setNullOnMissingSource="true" transferTextContent="true" failOnError="true" ignoreEmpty="false" transferToAll="false" entitize="false" transferChildNodes="false">
        <con:name>soId</con:name>
        <con:sourceType>soId</con:sourceType>
        <con:sourceStep>Given properties for the test steps</con:sourceStep>
        <con:targetType>req_soId</con:targetType>
        <con:targetStep>Create composite place item bi</con:targetStep>
        <con:upgraded>true</con:upgraded>
      </con:transfers>
      <con:transfers setNullOnMissingSource="true" transferTextContent="true" failOnError="true" ignoreEmpty="false" transferToAll="false" entitize="false" transferChildNodes="false">
        <con:name>biSpecCode</con:name>
        <con:sourceType>biSpecCode</con:sourceType>
        <con:sourceStep>Given properties for the test steps</con:sourceStep>
        <con:targetType>req_biSpecCode</con:targetType>
        <con:targetStep>Create composite place item bi</con:targetStep>
        <con:upgraded>true</con:upgraded>
      </con:transfers>
    </con:config>
  </con:testStep>
  <con:testStep type="calltestcase" name="Create composite place item bi" id="e3f47556-8e52-4c2c-a237-726fdfe14415">
    <con:settings/>
    <con:config xsi:type="con:RunTestCaseStep" xmlns:xsi="http://www.w3.org/2001/XMLSchema-instance">
      <con:targetTestCase>2c6e3178-d430-4960-adfb-ed048a0e5d4e</con:targetTestCase>
      <con:properties>
        <con:property>
          <con:name>req_userId</con:name>
          <con:value>161</con:value>
        </con:property>
        <con:property>
          <con:name>req_soId</con:name>
          <con:value>159</con:value>
        </con:property>
        <con:property>
          <con:name>req_biSpecCode</con:name>
          <con:value>BISPECCODE</con:value>
        </con:property>
        <con:property>
          <con:name>res_httpCode</con:name>
          <con:value>201</con:value>
        </con:property>
        <con:property>
          <con:name>res_errorMessage</con:name>
          <con:value xsi:nil="true"/>
        </con:property>
        <con:property>
          <con:name>res_biId</con:name>
          <con:value>182</con:value>
        </con:property>
      </con:properties>
      <con:returnProperties>
        <con:entry>res_httpCode</con:entry>
        <con:entry>res_errorMessage</con:entry>
        <con:entry>res_biId</con:entry>
      </con:returnProperties>
      <con:runMode>PARALLELL</con:runMode>
    </con:config>
  </con:testStep>
  <con:testStep type="assertionteststep" name="Assertion create composite place item bi" id="895103e3-9963-46ef-8693-fed1b8380870">
    <con:settings/>
    <con:config xsi:type="con:AssertionTestStep" xmlns:xsi="http://www.w3.org/2001/XMLSchema-instance">
      <con:entry>
        <con:id>eaaa0d47-cb2d-4950-951a-7dec22a0e49c</con:id>
        <con:isGroup>false</con:isGroup>
        <con:sourceId>e3f47556-8e52-4c2c-a237-726fdfe14415</con:sourceId>
        <con:propertyName>res_biId</con:propertyName>
        <con:assertion type="Simple Contains" name="Contains" id="b797ff57-1812-4870-9fab-c445fe6c1d57">
          <con:configuration>
            <token>\d+</token>
            <ignoreCase>false</ignoreCase>
            <useRegEx>true</useRegEx>
          </con:configuration>
        </con:assertion>
      </con:entry>
      <con:entry>
        <con:id>76330ca4-bc2e-4705-88fd-18d4585b19c6</con:id>
        <con:isGroup>false</con:isGroup>
        <con:sourceId>e3f47556-8e52-4c2c-a237-726fdfe14415</con:sourceId>
        <con:propertyName>res_httpCode</con:propertyName>
        <con:assertion type="Simple Equals" name="Equals" id="2ceb8076-75a2-4374-99a9-7760c4f662fe">
          <con:configuration>
            <patternObjectId>38869d62-5b2e-444e-ba3b-c84156bbb360</patternObjectId>
            <patternProperty>httpCode201</patternProperty>
            <caseSensitive>true</caseSensitive>
          </con:configuration>
        </con:assertion>
      </con:entry>
    </con:config>
  </con:testStep>
  <con:testStep type="transfer" name="Property Transfer biId" id="d6893fd2-59db-4500-9f5e-5f70bfd1fcd7">
    <con:settings/>
    <con:config xsi:type="con:PropertyTransfersStep" xmlns:xsi="http://www.w3.org/2001/XMLSchema-instance">
      <con:transfers setNullOnMissingSource="true" transferTextContent="true" failOnError="true" ignoreEmpty="false" transferToAll="false" entitize="false" transferChildNodes="false">
        <con:name>biId</con:name>
        <con:sourceType>res_biId</con:sourceType>
        <con:sourceStep>Create composite place item bi</con:sourceStep>
        <con:sourcePath/>
        <con:targetType>biId</con:targetType>
        <con:targetStep>Given properties for the test steps</con:targetStep>
        <con:targetPath/>
        <con:upgraded>true</con:upgraded>
      </con:transfers>
    </con:config>
  </con:testStep>
  <con:testStep type="transfer" name="Set submit create composite place bi without item" id="61dcec76-4fc2-4f95-95af-4654767296ca">
    <con:settings/>
    <con:config xsi:type="con:PropertyTransfersStep" xmlns:xsi="http://www.w3.org/2001/XMLSchema-instance">
      <con:transfers setNullOnMissingSource="true" transferTextContent="true" failOnError="true" ignoreEmpty="false" transferToAll="false" entitize="false" transferChildNodes="false">
        <con:name>biId</con:name>
        <con:sourceType>biId</con:sourceType>
        <con:sourceStep>Given properties for the test steps</con:sourceStep>
        <con:sourcePath/>
        <con:targetType>req_biId</con:targetType>
        <con:targetStep>Submit create composite place bi without item</con:targetStep>
        <con:targetPath/>
        <con:upgraded>true</con:upgraded>
      </con:transfers>
    </con:config>
  </con:testStep>
  <con:testStep type="calltestcase" name="Submit create composite place bi without item" id="963a77a3-edd1-4fb3-a91c-240816ebc83f">
    <con:settings/>
    <con:config xsi:type="con:RunTestCaseStep" xmlns:xsi="http://www.w3.org/2001/XMLSchema-instance">
      <con:targetTestCase>124541bb-2963-469c-be1b-3c34822c02d1</con:targetTestCase>
      <con:properties>
        <con:property>
          <con:name>req_biId</con:name>
          <con:value>182</con:value>
        </con:property>
        <con:property>
          <con:name>res_httpCode</con:name>
          <con:value>400</con:value>
        </con:property>
        <con:property>
          <con:name>res_errorMessage</con:name>
          <con:value>COMPOSITE_PLACE_NAME_IS_NOT_SET</con:value>
        </con:property>
        <con:property>
          <con:name>res_biId</con:name>
          <con:value xsi:nil="true"/>
        </con:property>
      </con:properties>
      <con:returnProperties>
        <con:entry>res_httpCode</con:entry>
        <con:entry>res_errorMessage</con:entry>
        <con:entry>res_biId</con:entry>
      </con:returnProperties>
      <con:runMode>PARALLELL</con:runMode>
    </con:config>
  </con:testStep>
  <con:testStep type="assertionteststep" name="Assertion submit create composite place bi without item" id="fe4a3673-b639-4c35-9f59-96f2ef4432de">
    <con:settings/>
    <con:config xsi:type="con:AssertionTestStep" xmlns:xsi="http://www.w3.org/2001/XMLSchema-instance">
      <con:entry>
        <con:id>adedd3ce-efe8-4d83-a20d-a0531eb15113</con:id>
        <con:isGroup>false</con:isGroup>
        <con:sourceId>963a77a3-edd1-4fb3-a91c-240816ebc83f</con:sourceId>
        <con:propertyName>res_httpCode</con:propertyName>
        <con:assertion type="Simple Equals" name="Equals" id="667d32c2-637a-45a9-b449-842508d97c2b">
          <con:configuration>
            <patternObjectId>38869d62-5b2e-444e-ba3b-c84156bbb360</patternObjectId>
            <patternProperty>httpCode400</patternProperty>
            <caseSensitive>true</caseSensitive>
          </con:configuration>
        </con:assertion>
      </con:entry>
      <con:entry>
        <con:id>66708c3e-2214-4194-966e-6e97dfdc7245</con:id>
        <con:isGroup>false</con:isGroup>
        <con:sourceId>963a77a3-edd1-4fb3-a91c-240816ebc83f</con:sourceId>
        <con:propertyName>res_errorMessage</con:propertyName>
        <con:assertion type="Simple Equals" name="Equals 2" id="dfcaf4a3-5de8-445c-a2e6-7fa5c1506b80">
          <con:configuration>
            <patternObjectId>38869d62-5b2e-444e-ba3b-c84156bbb360</patternObjectId>
            <patternProperty>errorMessageCompositePlaceNameNotSet</patternProperty>
            <caseSensitive>true</caseSensitive>
          </con:configuration>
        </con:assertion>
      </con:entry>
    </con:config>
  </con:testStep>
  <con:testStep type="transfer" name="Set add create composite place item with inventory place" id="c2388330-1868-4b8b-b741-fcb81580270c">
    <con:settings/>
    <con:config xsi:type="con:PropertyTransfersStep" xmlns:xsi="http://www.w3.org/2001/XMLSchema-instance">
      <con:transfers setNullOnMissingSource="true" transferTextContent="true" failOnError="true" ignoreEmpty="false" transferToAll="false" entitize="false" transferChildNodes="false">
        <con:name>biId</con:name>
        <con:sourceType>biId</con:sourceType>
        <con:sourceStep>Given properties for the test steps</con:sourceStep>
        <con:sourcePath/>
        <con:targetType>req_biId</con:targetType>
        <con:targetStep>Add create composite place item with inventory place</con:targetStep>
        <con:targetPath/>
        <con:upgraded>true</con:upgraded>
      </con:transfers>
      <con:transfers setNullOnMissingSource="true" transferTextContent="true" failOnError="true" ignoreEmpty="false" transferToAll="false" entitize="false" transferChildNodes="false">
        <con:name>placeId</con:name>
        <con:sourceType>incomingPlaceId</con:sourceType>
        <con:sourceStep>Given properties for the test steps</con:sourceStep>
        <con:targetType>req_placeId</con:targetType>
        <con:targetStep>Add create composite place item with inventory place</con:targetStep>
        <con:upgraded>true</con:upgraded>
      </con:transfers>
      <con:transfers setNullOnMissingSource="true" transferTextContent="true" failOnError="true" ignoreEmpty="false" transferToAll="false" entitize="false" transferChildNodes="false">
        <con:name>propertyValue</con:name>
        <con:sourceType>propertyValue1</con:sourceType>
        <con:sourceStep>Given properties for the test steps</con:sourceStep>
        <con:targetType>req_propertyValue</con:targetType>
        <con:targetStep>Add create composite place item with inventory place</con:targetStep>
        <con:upgraded>true</con:upgraded>
      </con:transfers>
    </con:config>
  </con:testStep>
  <con:testStep type="calltestcase" name="Add create composite place item with inventory place" id="31bec9e4-8e63-4c56-a7c9-eed05920392e">
    <con:settings/>
    <con:config xsi:type="con:RunTestCaseStep" xmlns:xsi="http://www.w3.org/2001/XMLSchema-instance">
      <con:targetTestCase>59d6cdd0-9c5b-4cec-94fc-823f9bc3c385</con:targetTestCase>
      <con:properties>
        <con:property>
          <con:name>req_placeId</con:name>
          <con:value>83</con:value>
        </con:property>
        <con:property>
          <con:name>req_propertyValue</con:name>
          <con:value>1</con:value>
        </con:property>
        <con:property>
          <con:name>res_httpCode</con:name>
          <con:value>400</con:value>
        </con:property>
        <con:property>
          <con:name>res_errorMessage</con:name>
          <con:value>COMPOSITE_PLACE_ITEM_CANNOT_BE_INCOMING_TYPE</con:value>
        </con:property>
        <con:property>
          <con:name>res_itemId</con:name>
          <con:value xsi:nil="true"/>
        </con:property>
        <con:property>
          <con:name>req_biId</con:name>
          <con:value>182</con:value>
        </con:property>
      </con:properties>
      <con:returnProperties>
        <con:entry>res_httpCode</con:entry>
        <con:entry>res_errorMessage</con:entry>
        <con:entry>res_itemId</con:entry>
      </con:returnProperties>
      <con:runMode>PARALLELL</con:runMode>
    </con:config>
  </con:testStep>
  <con:testStep type="assertionteststep" name="Assertion add create composite place item with inventory place" id="ed139735-94ce-4ff1-949b-dba9472d1c9c">
    <con:settings/>
    <con:config xsi:type="con:AssertionTestStep" xmlns:xsi="http://www.w3.org/2001/XMLSchema-instance">
      <con:entry>
        <con:id>6e16d706-1b19-4a9c-b68e-641fb7413af3</con:id>
        <con:isGroup>false</con:isGroup>
        <con:sourceId>31bec9e4-8e63-4c56-a7c9-eed05920392e</con:sourceId>
        <con:propertyName>res_errorMessage</con:propertyName>
        <con:assertion type="Simple Equals" name="Equals" id="fef11dd0-f5f4-44e5-98ba-2a2f82b2fac9">
          <con:configuration>
            <patternObjectId>38869d62-5b2e-444e-ba3b-c84156bbb360</patternObjectId>
            <patternProperty>errorMessageCompositeCannotBeIncoming</patternProperty>
            <caseSensitive>true</caseSensitive>
          </con:configuration>
        </con:assertion>
      </con:entry>
      <con:entry>
        <con:id>0bbc314c-8609-47e2-8cac-463b98734b48</con:id>
        <con:isGroup>false</con:isGroup>
        <con:sourceId>31bec9e4-8e63-4c56-a7c9-eed05920392e</con:sourceId>
        <con:propertyName>res_httpCode</con:propertyName>
        <con:assertion type="Simple Equals" name="Equals 2" id="3a3ad155-f55b-4d1d-8c7b-823f2eeaffe2">
          <con:configuration>
            <patternObjectId>38869d62-5b2e-444e-ba3b-c84156bbb360</patternObjectId>
            <patternProperty>httpCode400</patternProperty>
            <caseSensitive>true</caseSensitive>
          </con:configuration>
        </con:assertion>
      </con:entry>
    </con:config>
  </con:testStep>
  <con:testStep type="transfer" name="Set add create composite place item with none existing place" id="6ae1d931-6715-4b5f-9c04-e44ed22169ab">
    <con:settings/>
    <con:config xsi:type="con:PropertyTransfersStep" xmlns:xsi="http://www.w3.org/2001/XMLSchema-instance">
      <con:transfers setNullOnMissingSource="true" transferTextContent="true" failOnError="true" ignoreEmpty="false" transferToAll="false" entitize="false" transferChildNodes="false">
        <con:name>biId</con:name>
        <con:sourceType>biId</con:sourceType>
        <con:sourceStep>Given properties for the test steps</con:sourceStep>
        <con:sourcePath/>
        <con:targetType>req_biId</con:targetType>
        <con:targetStep>Add create composite place item with none existing place</con:targetStep>
        <con:targetPath/>
        <con:upgraded>true</con:upgraded>
      </con:transfers>
      <con:transfers setNullOnMissingSource="true" transferTextContent="true" failOnError="true" ignoreEmpty="false" transferToAll="false" entitize="false" transferChildNodes="false">
        <con:name>placeId</con:name>
        <con:sourceType>nonExistingId</con:sourceType>
        <con:sourceStep>Given properties for the test steps</con:sourceStep>
        <con:targetType>req_placeId</con:targetType>
        <con:targetStep>Add create composite place item with none existing place</con:targetStep>
        <con:upgraded>true</con:upgraded>
      </con:transfers>
      <con:transfers setNullOnMissingSource="true" transferTextContent="true" failOnError="true" ignoreEmpty="false" transferToAll="false" entitize="false" transferChildNodes="false">
        <con:name>property</con:name>
        <con:sourceType>propertyValue1</con:sourceType>
        <con:sourceStep>Given properties for the test steps</con:sourceStep>
        <con:targetType>req_propertyValue</con:targetType>
        <con:targetStep>Add create composite place item with none existing place</con:targetStep>
        <con:upgraded>true</con:upgraded>
      </con:transfers>
    </con:config>
  </con:testStep>
  <con:testStep type="calltestcase" name="Add create composite place item with none existing place" id="4cad6cd9-75f9-425b-b234-d15dc0a2ddd9">
    <con:settings/>
    <con:config xsi:type="con:RunTestCaseStep" xmlns:xsi="http://www.w3.org/2001/XMLSchema-instance">
      <con:targetTestCase>59d6cdd0-9c5b-4cec-94fc-823f9bc3c385</con:targetTestCase>
      <con:properties>
        <con:property>
          <con:name>req_placeId</con:name>
          <con:value>-1</con:value>
        </con:property>
        <con:property>
          <con:name>req_propertyValue</con:name>
          <con:value>1</con:value>
        </con:property>
        <con:property>
          <con:name>res_httpCode</con:name>
          <con:value>400</con:value>
        </con:property>
        <con:property>
          <con:name>res_errorMessage</con:name>
          <con:value>PLACE_NOT_FOUND</con:value>
        </con:property>
        <con:property>
          <con:name>res_itemId</con:name>
          <con:value xsi:nil="true"/>
        </con:property>
        <con:property>
          <con:name>req_biId</con:name>
          <con:value>182</con:value>
        </con:property>
      </con:properties>
      <con:returnProperties>
        <con:entry>res_httpCode</con:entry>
        <con:entry>res_errorMessage</con:entry>
        <con:entry>res_itemId</con:entry>
      </con:returnProperties>
      <con:runMode>PARALLELL</con:runMode>
    </con:config>
  </con:testStep>
  <con:testStep type="assertionteststep" name="Assertion add create composite place item with none existing place" id="4fd7c685-6e69-444f-8136-c38e7d229c08">
    <con:settings/>
    <con:config xsi:type="con:AssertionTestStep" xmlns:xsi="http://www.w3.org/2001/XMLSchema-instance">
      <con:entry>
        <con:id>f92e4481-8870-41e1-8ebc-5cd30c4ca5e5</con:id>
        <con:isGroup>false</con:isGroup>
        <con:sourceId>4cad6cd9-75f9-425b-b234-d15dc0a2ddd9</con:sourceId>
        <con:propertyName>res_errorMessage</con:propertyName>
        <con:assertion type="Simple Equals" name="Equals" id="6f252818-1896-4e3b-ba54-82929210f31a">
          <con:configuration>
            <patternObjectId>38869d62-5b2e-444e-ba3b-c84156bbb360</patternObjectId>
            <patternProperty>errorMessagePlaceNotFound</patternProperty>
            <caseSensitive>true</caseSensitive>
          </con:configuration>
        </con:assertion>
      </con:entry>
      <con:entry>
        <con:id>ca407336-047c-4252-a8a7-2ba2b70ca6b2</con:id>
        <con:isGroup>false</con:isGroup>
        <con:sourceId>4cad6cd9-75f9-425b-b234-d15dc0a2ddd9</con:sourceId>
        <con:propertyName>res_httpCode</con:propertyName>
        <con:assertion type="Simple Equals" name="Equals 2" id="9ff16377-86fb-460e-b0cd-6fb328e249cc">
          <con:configuration>
            <patternObjectId>38869d62-5b2e-444e-ba3b-c84156bbb360</patternObjectId>
            <patternProperty>httpCode400</patternProperty>
            <caseSensitive>true</caseSensitive>
          </con:configuration>
        </con:assertion>
      </con:entry>
    </con:config>
  </con:testStep>
  <con:testStep type="transfer" name="Set add create composite place item" id="29c03e44-1121-461f-a885-29c873e9d99a">
    <con:settings/>
    <con:config xsi:type="con:PropertyTransfersStep" xmlns:xsi="http://www.w3.org/2001/XMLSchema-instance">
      <con:transfers setNullOnMissingSource="true" transferTextContent="true" failOnError="true" ignoreEmpty="false" transferToAll="false" entitize="false" transferChildNodes="false">
        <con:name>biId</con:name>
        <con:sourceType>biId</con:sourceType>
        <con:sourceStep>Given properties for the test steps</con:sourceStep>
        <con:sourcePath/>
        <con:targetType>req_biId</con:targetType>
        <con:targetStep>Add create composite place item</con:targetStep>
        <con:targetPath/>
        <con:upgraded>true</con:upgraded>
      </con:transfers>
      <con:transfers setNullOnMissingSource="true" transferTextContent="true" failOnError="true" ignoreEmpty="false" transferToAll="false" entitize="false" transferChildNodes="false">
        <con:name>placeId</con:name>
        <con:sourceType>placeId</con:sourceType>
        <con:sourceStep>Given properties for the test steps</con:sourceStep>
        <con:targetType>req_placeId</con:targetType>
        <con:targetStep>Add create composite place item</con:targetStep>
        <con:upgraded>true</con:upgraded>
      </con:transfers>
      <con:transfers setNullOnMissingSource="true" transferTextContent="true" failOnError="true" ignoreEmpty="false" transferToAll="false" entitize="false" transferChildNodes="false">
        <con:name>property</con:name>
        <con:sourceType>propertyValue1</con:sourceType>
        <con:sourceStep>Given properties for the test steps</con:sourceStep>
        <con:targetType>req_propertyValue</con:targetType>
        <con:targetStep>Add create composite place item</con:targetStep>
        <con:upgraded>true</con:upgraded>
      </con:transfers>
    </con:config>
  </con:testStep>
  <con:testStep type="calltestcase" name="Add create composite place item" id="d9a9f694-79fa-4aa7-ab5c-ae177f3580dd">
    <con:settings/>
    <con:config xsi:type="con:RunTestCaseStep" xmlns:xsi="http://www.w3.org/2001/XMLSchema-instance">
      <con:targetTestCase>59d6cdd0-9c5b-4cec-94fc-823f9bc3c385</con:targetTestCase>
      <con:properties>
        <con:property>
          <con:name>req_placeId</con:name>
          <con:value>84</con:value>
        </con:property>
        <con:property>
          <con:name>req_propertyValue</con:name>
          <con:value>1</con:value>
        </con:property>
        <con:property>
          <con:name>res_httpCode</con:name>
          <con:value>201</con:value>
        </con:property>
        <con:property>
          <con:name>res_errorMessage</con:name>
          <con:value xsi:nil="true"/>
        </con:property>
        <con:property>
          <con:name>res_itemId</con:name>
          <con:value>131</con:value>
        </con:property>
        <con:property>
          <con:name>req_biId</con:name>
          <con:value>182</con:value>
        </con:property>
      </con:properties>
      <con:returnProperties>
        <con:entry>res_httpCode</con:entry>
        <con:entry>res_errorMessage</con:entry>
        <con:entry>res_itemId</con:entry>
      </con:returnProperties>
      <con:runMode>PARALLELL</con:runMode>
    </con:config>
  </con:testStep>
  <con:testStep type="assertionteststep" name="Assertion add create composite place item" id="4db6fb37-d9b1-4bce-aabb-39eb5d5705a4">
    <con:settings/>
    <con:config xsi:type="con:AssertionTestStep" xmlns:xsi="http://www.w3.org/2001/XMLSchema-instance">
      <con:entry>
        <con:id>b9dfcb43-7401-4184-a79b-a7211b422f4d</con:id>
        <con:isGroup>false</con:isGroup>
        <con:sourceId>d9a9f694-79fa-4aa7-ab5c-ae177f3580dd</con:sourceId>
        <con:propertyName>res_itemId</con:propertyName>
        <con:assertion type="Simple Contains" name="Contains" id="485b73c3-c1ff-4ffb-bb56-7920264c7379">
          <con:configuration>
            <token>\d+</token>
            <ignoreCase>false</ignoreCase>
            <useRegEx>true</useRegEx>
          </con:configuration>
        </con:assertion>
      </con:entry>
      <con:entry>
        <con:id>f149a30d-9496-4e3e-a824-9033fdd9d856</con:id>
        <con:isGroup>false</con:isGroup>
        <con:sourceId>d9a9f694-79fa-4aa7-ab5c-ae177f3580dd</con:sourceId>
        <con:propertyName>res_httpCode</con:propertyName>
        <con:assertion type="Simple Equals" name="Equals" id="dcf45b15-4b93-465e-84f1-0f6240f088c6">
          <con:configuration>
            <patternObjectId>38869d62-5b2e-444e-ba3b-c84156bbb360</patternObjectId>
            <patternProperty>httpCode201</patternProperty>
            <caseSensitive>true</caseSensitive>
          </con:configuration>
        </con:assertion>
      </con:entry>
    </con:config>
  </con:testStep>
  <con:testStep type="transfer" name="Set add create composite place item with same place" id="3e7fc6ef-88f6-4ef3-adef-3e3f6ce8ae98">
    <con:settings/>
    <con:config xsi:type="con:PropertyTransfersStep" xmlns:xsi="http://www.w3.org/2001/XMLSchema-instance">
      <con:transfers setNullOnMissingSource="true" transferTextContent="true" failOnError="true" ignoreEmpty="false" transferToAll="false" entitize="false" transferChildNodes="false">
        <con:name>biId</con:name>
        <con:sourceType>biId</con:sourceType>
        <con:sourceStep>Given properties for the test steps</con:sourceStep>
        <con:sourcePath/>
        <con:targetType>req_biId</con:targetType>
        <con:targetStep>Add create composite place item with same place</con:targetStep>
        <con:targetPath/>
        <con:upgraded>true</con:upgraded>
      </con:transfers>
      <con:transfers setNullOnMissingSource="true" transferTextContent="true" failOnError="true" ignoreEmpty="false" transferToAll="false" entitize="false" transferChildNodes="false">
        <con:name>placeId</con:name>
        <con:sourceType>placeId</con:sourceType>
        <con:sourceStep>Given properties for the test steps</con:sourceStep>
        <con:targetType>req_placeId</con:targetType>
        <con:targetStep>Add create composite place item with same place</con:targetStep>
        <con:upgraded>true</con:upgraded>
      </con:transfers>
      <con:transfers setNullOnMissingSource="true" transferTextContent="true" failOnError="true" ignoreEmpty="false" transferToAll="false" entitize="false" transferChildNodes="false">
        <con:name>property</con:name>
        <con:sourceType>propertyValue1</con:sourceType>
        <con:sourceStep>Given properties for the test steps</con:sourceStep>
        <con:targetType>req_propertyValue</con:targetType>
        <con:targetStep>Add create composite place item with same place</con:targetStep>
        <con:upgraded>true</con:upgraded>
      </con:transfers>
    </con:config>
  </con:testStep>
  <con:testStep type="calltestcase" name="Add create composite place item with same place" id="a48cb3e8-1d91-46ae-b99a-a9e07d3092cb">
    <con:settings/>
    <con:config xsi:type="con:RunTestCaseStep" xmlns:xsi="http://www.w3.org/2001/XMLSchema-instance">
      <con:targetTestCase>59d6cdd0-9c5b-4cec-94fc-823f9bc3c385</con:targetTestCase>
      <con:properties>
        <con:property>
          <con:name>req_placeId</con:name>
          <con:value>84</con:value>
        </con:property>
        <con:property>
          <con:name>req_propertyValue</con:name>
          <con:value>1</con:value>
        </con:property>
        <con:property>
          <con:name>res_httpCode</con:name>
          <con:value>400</con:value>
        </con:property>
        <con:property>
          <con:name>res_errorMessage</con:name>
          <con:value>COMPOSITE_PLACE_INVENTORY_ALREADY_EXISTS</con:value>
        </con:property>
        <con:property>
          <con:name>res_itemId</con:name>
          <con:value xsi:nil="true"/>
        </con:property>
        <con:property>
          <con:name>req_biId</con:name>
          <con:value>182</con:value>
        </con:property>
      </con:properties>
      <con:returnProperties>
        <con:entry>res_httpCode</con:entry>
        <con:entry>res_errorMessage</con:entry>
        <con:entry>res_itemId</con:entry>
      </con:returnProperties>
      <con:runMode>PARALLELL</con:runMode>
    </con:config>
  </con:testStep>
  <con:testStep type="assertionteststep" name="Assertion add create composite place item with same place" id="4265f9a0-36d2-473b-b0e9-c10331f9c4ae">
    <con:settings/>
    <con:config xsi:type="con:AssertionTestStep" xmlns:xsi="http://www.w3.org/2001/XMLSchema-instance">
      <con:entry>
        <con:id>be6c7052-4958-4c8e-b31d-08d3bd139afa</con:id>
        <con:isGroup>false</con:isGroup>
        <con:sourceId>a48cb3e8-1d91-46ae-b99a-a9e07d3092cb</con:sourceId>
        <con:propertyName>res_errorMessage</con:propertyName>
        <con:assertion type="Simple Equals" name="Equals" id="69f5162b-1b40-44a8-92d9-e0d7bdfc6a28">
          <con:configuration>
            <patternObjectId>38869d62-5b2e-444e-ba3b-c84156bbb360</patternObjectId>
            <patternProperty>errorMessageCompositePlaceAlreadyExist</patternProperty>
            <caseSensitive>true</caseSensitive>
          </con:configuration>
        </con:assertion>
      </con:entry>
      <con:entry>
        <con:id>0ad5cfbf-057b-437c-a528-de0c40c0c18e</con:id>
        <con:isGroup>false</con:isGroup>
        <con:sourceId>a48cb3e8-1d91-46ae-b99a-a9e07d3092cb</con:sourceId>
        <con:propertyName>res_httpCode</con:propertyName>
        <con:assertion type="Simple Equals" name="Equals 2" id="09db909f-6569-4f35-b5d7-b1a27045c78d">
          <con:configuration>
            <patternObjectId>38869d62-5b2e-444e-ba3b-c84156bbb360</patternObjectId>
            <patternProperty>httpCode400</patternProperty>
            <caseSensitive>true</caseSensitive>
          </con:configuration>
        </con:assertion>
      </con:entry>
    </con:config>
  </con:testStep>
  <con:testStep type="transfer" name="Set add create composite place with same property" id="5972711d-8ea5-4ceb-8104-5bc01e046dc7">
    <con:settings/>
    <con:config xsi:type="con:PropertyTransfersStep" xmlns:xsi="http://www.w3.org/2001/XMLSchema-instance">
      <con:transfers setNullOnMissingSource="true" transferTextContent="true" failOnError="true" ignoreEmpty="false" transferToAll="false" entitize="false" transferChildNodes="false">
        <con:name>placeId</con:name>
        <con:sourceType>placeId2</con:sourceType>
        <con:sourceStep>Given properties for the test steps</con:sourceStep>
        <con:sourcePath/>
        <con:targetType>req_placeId</con:targetType>
        <con:targetStep>Add create composite place with same property</con:targetStep>
        <con:targetPath/>
        <con:upgraded>true</con:upgraded>
      </con:transfers>
      <con:transfers setNullOnMissingSource="true" transferTextContent="true" failOnError="true" ignoreEmpty="false" transferToAll="false" entitize="false" transferChildNodes="false">
        <con:name>property</con:name>
        <con:sourceType>propertyValue1</con:sourceType>
        <con:sourceStep>Given properties for the test steps</con:sourceStep>
        <con:targetType>req_propertyValue</con:targetType>
        <con:targetStep>Add create composite place with same property</con:targetStep>
        <con:upgraded>true</con:upgraded>
      </con:transfers>
      <con:transfers setNullOnMissingSource="true" transferTextContent="true" failOnError="true" ignoreEmpty="false" transferToAll="false" entitize="false" transferChildNodes="false">
        <con:name>biId</con:name>
        <con:sourceType>biId</con:sourceType>
        <con:sourceStep>Given properties for the test steps</con:sourceStep>
        <con:targetType>req_biId</con:targetType>
        <con:targetStep>Add create composite place with same property</con:targetStep>
        <con:upgraded>true</con:upgraded>
      </con:transfers>
    </con:config>
  </con:testStep>
  <con:testStep type="calltestcase" name="Add create composite place with same property" id="1cb5f167-420f-42c1-a6ca-58199260495b">
    <con:settings/>
    <con:config xsi:type="con:RunTestCaseStep" xmlns:xsi="http://www.w3.org/2001/XMLSchema-instance">
      <con:targetTestCase>59d6cdd0-9c5b-4cec-94fc-823f9bc3c385</con:targetTestCase>
      <con:properties>
        <con:property>
          <con:name>req_placeId</con:name>
          <con:value>85</con:value>
        </con:property>
        <con:property>
          <con:name>req_propertyValue</con:name>
          <con:value>1</con:value>
        </con:property>
        <con:property>
          <con:name>res_httpCode</con:name>
          <con:value>201</con:value>
        </con:property>
        <con:property>
          <con:name>res_errorMessage</con:name>
          <con:value xsi:nil="true"/>
        </con:property>
        <con:property>
          <con:name>res_itemId</con:name>
          <con:value>132</con:value>
        </con:property>
        <con:property>
          <con:name>req_biId</con:name>
          <con:value>182</con:value>
        </con:property>
      </con:properties>
      <con:returnProperties>
        <con:entry>res_httpCode</con:entry>
        <con:entry>res_errorMessage</con:entry>
        <con:entry>res_itemId</con:entry>
      </con:returnProperties>
      <con:runMode>PARALLELL</con:runMode>
    </con:config>
  </con:testStep>
  <con:testStep type="transfer" name="Set composite place name params" id="15b637ab-5b8b-45f5-90d0-ecc18b6eba01">
    <con:settings/>
    <con:config xsi:type="con:PropertyTransfersStep" xmlns:xsi="http://www.w3.org/2001/XMLSchema-instance">
      <con:transfers setNullOnMissingSource="true" transferTextContent="true" failOnError="true" ignoreEmpty="false" transferToAll="false" entitize="false" transferChildNodes="false">
        <con:name>biId</con:name>
        <con:sourceType>biId</con:sourceType>
        <con:sourceStep>Given properties for the test steps</con:sourceStep>
        <con:sourcePath/>
        <con:targetType>req_biId</con:targetType>
        <con:targetStep>Set composite place name</con:targetStep>
        <con:targetPath/>
        <con:upgraded>true</con:upgraded>
      </con:transfers>
      <con:transfers setNullOnMissingSource="true" transferTextContent="true" failOnError="true" ignoreEmpty="false" transferToAll="false" entitize="false" transferChildNodes="false">
        <con:name>name</con:name>
        <con:sourceType>compositePlaceName</con:sourceType>
        <con:sourceStep>Given properties for the test steps</con:sourceStep>
        <con:targetType>req_placeName</con:targetType>
        <con:targetStep>Set composite place name</con:targetStep>
        <con:upgraded>true</con:upgraded>
      </con:transfers>
    </con:config>
  </con:testStep>
  <con:testStep type="calltestcase" name="Set composite place name" id="2d2bea06-0a0c-42eb-8d6d-2131e1c06345">
    <con:settings/>
    <con:config xsi:type="con:RunTestCaseStep" xmlns:xsi="http://www.w3.org/2001/XMLSchema-instance">
      <con:targetTestCase>3d0d4ecd-fb62-4eeb-9b26-3d035ce4565d</con:targetTestCase>
      <con:properties>
        <con:property>
          <con:name>res_httpCode</con:name>
          <con:value>200</con:value>
        </con:property>
        <con:property>
          <con:name>res_errorMessage</con:name>
          <con:value xsi:nil="true"/>
        </con:property>
        <con:property>
          <con:name>req_biId</con:name>
          <con:value>182</con:value>
        </con:property>
        <con:property>
          <con:name>req_placeName</con:name>
          <con:value>compositePlace-Name</con:value>
        </con:property>
        <con:property>
          <con:name>res_biId</con:name>
          <con:value xsi:nil="true"/>
        </con:property>
      </con:properties>
      <con:returnProperties>
        <con:entry>res_httpCode</con:entry>
        <con:entry>res_errorMessage</con:entry>
        <con:entry>res_biId</con:entry>
      </con:returnProperties>
      <con:runMode>PARALLELL</con:runMode>
    </con:config>
  </con:testStep>
  <con:testStep type="transfer" name="Set submit composite place with same property" id="c5e61ea7-af09-43cc-b9ac-0443419512ce">
    <con:settings/>
    <con:config xsi:type="con:PropertyTransfersStep" xmlns:xsi="http://www.w3.org/2001/XMLSchema-instance">
      <con:transfers setNullOnMissingSource="true" transferTextContent="true" failOnError="true" ignoreEmpty="false" transferToAll="false" entitize="false" transferChildNodes="false">
        <con:name>biId</con:name>
        <con:sourceType>biId</con:sourceType>
        <con:sourceStep>Given properties for the test steps</con:sourceStep>
        <con:sourcePath/>
        <con:targetType>req_biId</con:targetType>
        <con:targetStep>Sumbit composite place with same property</con:targetStep>
        <con:targetPath/>
        <con:upgraded>true</con:upgraded>
      </con:transfers>
    </con:config>
  </con:testStep>
  <con:testStep type="calltestcase" name="Sumbit composite place with same property" id="9479bee3-57fb-4537-94d8-f1d2ac4e28af">
    <con:settings/>
    <con:config xsi:type="con:RunTestCaseStep" xmlns:xsi="http://www.w3.org/2001/XMLSchema-instance">
      <con:targetTestCase>124541bb-2963-469c-be1b-3c34822c02d1</con:targetTestCase>
      <con:properties>
        <con:property>
          <con:name>req_biId</con:name>
          <con:value>182</con:value>
        </con:property>
        <con:property>
          <con:name>res_httpCode</con:name>
          <con:value>200</con:value>
        </con:property>
        <con:property>
          <con:name>res_errorMessage</con:name>
          <con:value xsi:nil="true"/>
        </con:property>
        <con:property>
          <con:name>res_biId</con:name>
          <con:value>182</con:value>
        </con:property>
      </con:properties>
      <con:returnProperties>
        <con:entry>res_httpCode</con:entry>
        <con:entry>res_errorMessage</con:entry>
        <con:entry>res_biId</con:entry>
      </con:returnProperties>
      <con:runMode>PARALLELL</con:runMode>
    </con:config>
  </con:testStep>
  <con:properties/>
  <con:reportParameters/>
  <con:breakPoints>
    <con:testStepId>42e9c69c-f6e6-4abe-ab4d-161483b69530</con:testStepId>
    <con:status>NONE</con:status>
    <con:properties/>
  </con:breakPoints>
  <con:breakPoints>
    <con:testStepId>38869d62-5b2e-444e-ba3b-c84156bbb360</con:testStepId>
    <con:status>NONE</con:status>
    <con:properties/>
  </con:breakPoints>
</con:testCase>