<?xml version="1.0" encoding="UTF-8"?>
<con:testCase id="a406184e-ab10-4d20-9f53-a48c786471e0" discardOkResults="true" failOnError="true" failTestCaseOnErrors="true" keepSession="false" name="Test case that tests creating sales organisation" searchProperties="true" timeout="0" xmlns:con="http://eviware.com/soapui/config">
  <con:settings>
    <con:setting id="a406184e-ab10-4d20-9f53-a48c786471e0fileName">Test-case-that-tests-creating-sales-organisation</con:setting>
  </con:settings>
  <con:savedRecentRuns>1</con:savedRecentRuns>
  <con:testStep type="restrequest" name="Create sales organisation role spec" id="6fa16843-5a34-41a5-a475-1df599ee4523">
    <con:settings/>
    <con:config service="ERMS API" resourcePath="/salesOrganizationRoleSpec/" methodName="SalesOrganizationRoleSpec" xsi:type="con:RestRequestStep" xmlns:xsi="http://www.w3.org/2001/XMLSchema-instance">
      <con:restRequest name="Create sales organisation role spec" id="1301d29f-b72e-4f4e-81cb-f91f50b267cc" mediaType="application/json" timeout="" postQueryString="false">
        <con:settings>
          <con:setting id="com.eviware.soapui.impl.wsdl.WsdlRequest@request-headers">&lt;xml-fragment xmlns:con="http://eviware.com/soapui/config">
  &lt;con:entry key="Authorization" value="Bearer eyJraWQiOiIxIiwiYWxnIjoiUlMyNTYifQ.eyJpc3MiOiJVTVMtUHJlZmlsdGVyLUNoZWNrQXV0aG9yaXplIiwic3ViIjoiVEVTVCIsImF1ZCI6IlJNIiwiaWF0IjoxNDg3MTYwOTc5LCJleHAiOjE1NTA1NjEzODIsImF1dGhfdGltZSI6IjEzMTEyODA4NzAiLCJub25jZSI6Im4tMFM2X1d6QTJNaiIsIm5hbWUiOiJVTVMgVGVzdCBVc2VyIiwieF9kYnNzIjp7ImF1dGh6UHJvZmlsZU5hbWUiOiJFUk1TX0FETUlOX0F1dGh6UHJvZmlsZSIsInZlcnNpb24iOiJ2MSIsInBhcnR5X2lkIjoiMTIzIiwiZXh0ZXJuYWxfdXNlcm5hbWUiOiJTWVNVU1ItRVJNUyJ9fQ.n7btlAc954hhN-jxYnHdiYg_0PZbGLDc1DlXrZ9WhqDruBNetsUPJH2ACNPtvJBSwEmnC1TyulWBQmd9DpPGH6MlOJEaq4bKC5XkjqD0EKys9sJeu478i6Bq2Tuohm31PqfFxZxP-WrsAUr4SgHtkqbrokr7n7EhTWhq9-mtEQg"/>
  &lt;con:entry key="ERICSSON.Sales-Organization-Role-Id" value="650"/>
&lt;/xml-fragment></con:setting>
        </con:settings>
        <con:endpoint>${#Project#Endpoint}</con:endpoint>
        <con:request>{
  "name":"dummySORoleSpec",
  "placeUsageType":0
}</con:request>
        <con:originalUri>http://localhost/erms/v1/salesOrganizationRoleSpec/</con:originalUri>
        <con:assertion type="JsonPath Existence Match" id="88521dcb-cc99-45f5-b98b-c9c9c97ec688" name="Check for existence of [id]">
          <con:configuration>
            <path>$['id']</path>
            <content>true</content>
            <allowWildcards>false</allowWildcards>
            <ignoreNamspaceDifferences>false</ignoreNamspaceDifferences>
            <ignoreComments>false</ignoreComments>
          </con:configuration>
        </con:assertion>
        <con:credentials>
          <con:selectedAuthProfile>Inherit From Parent</con:selectedAuthProfile>
          <con:authType>No Authorization</con:authType>
        </con:credentials>
        <con:jmsConfig JMSDeliveryMode="PERSISTENT"/>
        <con:parameters/>
        <con:environmentSpec>
          <con:entry environmentId="c1a30220-c69a-4daa-bed2-0d1afc5cf254">
            <con:authProfile>Inherit From Parent</con:authProfile>
          </con:entry>
        </con:environmentSpec>
      </con:restRequest>
    </con:config>
  </con:testStep>
  <con:properties/>
  <con:reportParameters/>
</con:testCase>